==========================================
SLURM_JOB_ID = 20660746
SLURM_JOB_NODELIST = e16-23
TMPDIR = /tmp/SLURM_20660746
==========================================
hello
Starting parallel pool (parpool) ...
Connected to the parallel pool (number of workers: 15).

pool = 

 ProcessPool with properties: 

            Connected: true
           NumWorkers: 15
                 Busy: false
              Cluster: Local
        AttachedFiles: {}
    AutoAddClientPath: true
            FileStore: [1x1 parallel.FileStore]
           ValueStore: [1x1 parallel.ValueStore]
          IdleTimeout: 30 minutes (30 minutes remaining)
          SpmdEnabled: true


p =

   200


Delta =

     4


s =

    10


n =

   500


table_name =

    'sparse_kmeans_isee_dirty'


rho =

    0.2000


M =

    0.7341

delta confirmed: 4.000000
ans =

    3.4740


init_method =

    'spec'


rep =

     1

replication: (1)th 


1 th thresholding


12 entries survived 
solving SDP...  breakyes=1.0,  maxresidual < 1.00e-06took 25.198648s, relaxed dual: -4.378779, original: 1500.001801 

2 th thresholding


10 entries survived 
solving SDP...  breakyes=1.0,  maxresidual < 1.00e-06took 25.908344s, relaxed dual: -3.897938, original: 1473.062107 

3 th thresholding


10 entries survived 
solving SDP...  breakyes=1.4,  maxresidual < 1.00e-06took 39.735704s, relaxed dual: -3.898836, original: 1476.170415 

 final iteration = 3 
n_row =

  int32

   3


ans =

  4x12 table

    rep    iter    sep    dim    rho    sparsity     acc     obj_prim    obj_dual    obj_original    discov_true    discov_false
    ___    ____    ___    ___    ___    ________    _____    ________    ________    ____________    ___________    ____________

     1      0       4     200    0.2       10       0.932          0           0             0            0              0      
     1      1       4     200    0.2       10       0.964    -4.3788     -4.3788          1500           10              2      
     1      2       4     200    0.2       10       0.966    -3.8979     -3.8979        1473.1           10              0      
     1      3       4     200    0.2       10       0.966    -3.8988     -3.8988        1476.2           10              0      


rep =

     2

replication: (2)th 


1 th thresholding


10 entries survived 
solving SDP...  breakyes=1.0,  maxresidual < 1.00e-06took 25.785692s, relaxed dual: -4.750295, original: 1495.933458 

2 th thresholding


11 entries survived 
solving SDP...  breakyes=1.0,  maxresidual < 1.00e-06took 37.096064s, relaxed dual: -4.317202, original: 1509.380410 

3 th thresholding


11 entries survived 
solving SDP...  breakyes=1.0,  maxresidual < 1.00e-06took 29.835874s, relaxed dual: -4.607242, original: 1508.475190 

4 th thresholding


11 entries survived 
solving SDP...  breakyes=3.2,  dualfeasorg deteriorated too much: primfeasorg=1.02e-06,dualfeasorg=4.47e-05took 48.943150s, relaxed dual: -4.640956, original: 1508.475190 

 final iteration = 4 
n_row =

  int32

   4


ans =

  5x12 table

    rep    iter    sep    dim    rho    sparsity     acc     obj_prim    obj_dual    obj_original    discov_true    discov_false
    ___    ____    ___    ___    ___    ________    _____    ________    ________    ____________    ___________    ____________

     2      0       4     200    0.2       10       0.944          0           0             0            0              0      
     2      1       4     200    0.2       10        0.97    -4.7503     -4.7503        1495.9           10              0      
     2      2       4     200    0.2       10       0.974    -4.3172     -4.3172        1509.4           10              1      
     2      3       4     200    0.2       10       0.976    -4.6072     -4.6072        1508.5           10              1      
     2      4       4     200    0.2       10       0.976     -4.641      -4.641        1508.5           10              1      


rep =

     3

replication: (3)th 


1 th thresholding


13 entries survived 
solving SDP...  breakyes=1.4,  maxresidual < 1.00e-06took 48.622168s, relaxed dual: -4.326929, original: 1556.406535 

2 th thresholding


14 entries survived 
solving SDP...  breakyes=1.4,  maxresidual < 1.00e-06took 38.052169s, relaxed dual: -4.092908, original: 1567.050003 

3 th thresholding


12 entries survived 
solving SDP...  breakyes=1.4,  maxresidual < 1.00e-06took 46.050443s, relaxed dual: -4.275173, original: 1557.158361 

4 th thresholding


12 entries survived 
solving SDP...  breakyes=1.4,  maxresidual < 1.00e-06took 42.516505s, relaxed dual: -4.192827, original: 1556.208475 

5 th thresholding


14 entries survived 
solving SDP...  breakyes=1.4,  maxresidual < 1.00e-06took 39.627058s, relaxed dual: -4.247061, original: 1569.399435 

6 th thresholding


12 entries survived 
solving SDP...  breakyes=1.4,  maxresidual < 1.00e-06took 43.823886s, relaxed dual: -4.192827, original: 1556.208475 

7 th thresholding


14 entries survived 
solving SDP...  breakyes=1.4,  maxresidual < 1.00e-06took 40.351409s, relaxed dual: -4.247061, original: 1569.399435 

8 th thresholding


12 entries survived 
solving SDP...  breakyes=1.4,  maxresidual < 1.00e-06took 42.844019s, relaxed dual: -4.192827, original: 1556.208475 

9 th thresholding


14 entries survived 
solving SDP...  breakyes=1.4,  maxresidual < 1.00e-06took 39.981659s, relaxed dual: -4.247061, original: 1569.399435 

10 th thresholding


12 entries survived 
solving SDP...  breakyes=1.4,  maxresidual < 1.00e-06took 41.208055s, relaxed dual: -4.192827, original: 1556.208475 

11 th thresholding


14 entries survived 
solving SDP...  breakyes=1.4,  maxresidual < 1.00e-06took 38.242663s, relaxed dual: -4.247061, original: 1569.399435 

12 th thresholding


12 entries survived 
solving SDP...  breakyes=1.4,  maxresidual < 1.00e-06took 40.780231s, relaxed dual: -4.192827, original: 1556.208475 

13 th thresholding


14 entries survived 
solving SDP...  breakyes=1.4,  maxresidual < 1.00e-06took 38.240208s, relaxed dual: -4.247061, original: 1569.399435 

14 th thresholding


12 entries survived 
solving SDP...  breakyes=1.4,  maxresidual < 1.00e-06took 42.167872s, relaxed dual: -4.192827, original: 1556.208475 

15 th thresholding


14 entries survived 
solving SDP...  breakyes=1.4,  maxresidual < 1.00e-06took 38.440255s, relaxed dual: -4.247061, original: 1569.399435 

16 th thresholding


12 entries survived 
solving SDP...  breakyes=1.4,  maxresidual < 1.00e-06took 41.308758s, relaxed dual: -4.192827, original: 1556.208475 

17 th thresholding


14 entries survived 
solving SDP...  breakyes=1.4,  maxresidual < 1.00e-06took 38.252625s, relaxed dual: -4.247061, original: 1569.399435 

18 th thresholding


12 entries survived 
solving SDP...  breakyes=1.4,  maxresidual < 1.00e-06took 40.725113s, relaxed dual: -4.192827, original: 1556.208475 

19 th thresholding


14 entries survived 
solving SDP...  breakyes=1.4,  maxresidual < 1.00e-06took 38.036368s, relaxed dual: -4.247061, original: 1569.399435 

20 th thresholding


12 entries survived 
solving SDP...  breakyes=1.4,  maxresidual < 1.00e-06took 40.867124s, relaxed dual: -4.192827, original: 1556.208475 

21 th thresholding


14 entries survived 
solving SDP...  breakyes=1.4,  maxresidual < 1.00e-06took 37.765067s, relaxed dual: -4.247061, original: 1569.399435 

22 th thresholding


12 entries survived 
solving SDP...  breakyes=1.4,  maxresidual < 1.00e-06took 40.180518s, relaxed dual: -4.192827, original: 1556.208475 

23 th thresholding


14 entries survived 
solving SDP...  breakyes=1.4,  maxresidual < 1.00e-06took 37.308944s, relaxed dual: -4.247061, original: 1569.399435 

24 th thresholding


12 entries survived 
solving SDP...  breakyes=1.4,  maxresidual < 1.00e-06took 41.614791s, relaxed dual: -4.192827, original: 1556.208475 

25 th thresholding


14 entries survived 
solving SDP...  breakyes=1.4,  maxresidual < 1.00e-06took 38.797690s, relaxed dual: -4.247061, original: 1569.399435 

26 th thresholding


12 entries survived 
solving SDP...  breakyes=1.4,  maxresidual < 1.00e-06took 41.333459s, relaxed dual: -4.192827, original: 1556.208475 

27 th thresholding


14 entries survived 
solving SDP...  breakyes=1.4,  maxresidual < 1.00e-06took 37.941360s, relaxed dual: -4.247061, original: 1569.399435 

28 th thresholding


12 entries survived 
solving SDP...  breakyes=1.4,  maxresidual < 1.00e-06took 40.051392s, relaxed dual: -4.192827, original: 1556.208475 

29 th thresholding


14 entries survived 
solving SDP...  breakyes=1.4,  maxresidual < 1.00e-06took 36.738497s, relaxed dual: -4.247061, original: 1569.399435 

30 th thresholding


12 entries survived 
solving SDP...  breakyes=1.4,  maxresidual < 1.00e-06took 38.695416s, relaxed dual: -4.192827, original: 1556.208475 

31 th thresholding


14 entries survived 
solving SDP...  breakyes=1.4,  maxresidual < 1.00e-06took 36.205400s, relaxed dual: -4.247061, original: 1569.399435 

32 th thresholding


12 entries survived 
solving SDP...  breakyes=1.4,  maxresidual < 1.00e-06took 38.313490s, relaxed dual: -4.192827, original: 1556.208475 

33 th thresholding


14 entries survived 
solving SDP...  breakyes=1.4,  maxresidual < 1.00e-06took 37.143850s, relaxed dual: -4.247061, original: 1569.399435 

34 th thresholding


12 entries survived 
solving SDP...  breakyes=1.4,  maxresidual < 1.00e-06took 40.046869s, relaxed dual: -4.192827, original: 1556.208475 

35 th thresholding


14 entries survived 
solving SDP...  breakyes=1.4,  maxresidual < 1.00e-06took 36.808422s, relaxed dual: -4.247061, original: 1569.399435 

36 th thresholding


12 entries survived 
solving SDP...  breakyes=1.4,  maxresidual < 1.00e-06took 38.298287s, relaxed dual: -4.192827, original: 1556.208475 

37 th thresholding


14 entries survived 
solving SDP...  breakyes=1.4,  maxresidual < 1.00e-06took 35.928626s, relaxed dual: -4.247061, original: 1569.399435 

38 th thresholding


12 entries survived 
solving SDP...  breakyes=1.4,  maxresidual < 1.00e-06took 38.405433s, relaxed dual: -4.192827, original: 1556.208475 

39 th thresholding


14 entries survived 
solving SDP...  breakyes=1.4,  maxresidual < 1.00e-06took 36.055401s, relaxed dual: -4.247061, original: 1569.399435 

40 th thresholding


12 entries survived 
solving SDP...  breakyes=1.4,  maxresidual < 1.00e-06took 38.352719s, relaxed dual: -4.192827, original: 1556.208475 

41 th thresholding


14 entries survived 
solving SDP...  breakyes=1.4,  maxresidual < 1.00e-06took 36.029515s, relaxed dual: -4.247061, original: 1569.399435 

42 th thresholding


12 entries survived 
solving SDP...  breakyes=1.4,  maxresidual < 1.00e-06took 38.535080s, relaxed dual: -4.192827, original: 1556.208475 

43 th thresholding


14 entries survived 
solving SDP...  breakyes=1.4,  maxresidual < 1.00e-06took 35.776746s, relaxed dual: -4.247061, original: 1569.399435 

44 th thresholding


12 entries survived 
solving SDP...  breakyes=1.4,  maxresidual < 1.00e-06took 38.387928s, relaxed dual: -4.192827, original: 1556.208475 

45 th thresholding


14 entries survived 
solving SDP...  breakyes=1.4,  maxresidual < 1.00e-06took 35.973441s, relaxed dual: -4.247061, original: 1569.399435 

46 th thresholding


12 entries survived 
solving SDP...  breakyes=1.4,  maxresidual < 1.00e-06took 38.968675s, relaxed dual: -4.192827, original: 1556.208475 

47 th thresholding


14 entries survived 
solving SDP...  breakyes=1.4,  maxresidual < 1.00e-06took 35.856629s, relaxed dual: -4.247061, original: 1569.399435 

48 th thresholding


12 entries survived 
solving SDP...  breakyes=1.4,  maxresidual < 1.00e-06took 38.736403s, relaxed dual: -4.192827, original: 1556.208475 

49 th thresholding


14 entries survived 
solving SDP...  breakyes=1.4,  maxresidual < 1.00e-06took 35.616744s, relaxed dual: -4.247061, original: 1569.399435 

50 th thresholding


12 entries survived 
solving SDP...  breakyes=1.4,  maxresidual < 1.00e-06took 38.146090s, relaxed dual: -4.192827, original: 1556.208475 

51 th thresholding


14 entries survived 
solving SDP...  breakyes=1.4,  maxresidual < 1.00e-06took 35.881217s, relaxed dual: -4.247061, original: 1569.399435 

52 th thresholding


12 entries survived 
solving SDP...  breakyes=1.4,  maxresidual < 1.00e-06took 38.459694s, relaxed dual: -4.192827, original: 1556.208475 

53 th thresholding


14 entries survived 
solving SDP...  breakyes=1.4,  maxresidual < 1.00e-06took 35.858830s, relaxed dual: -4.247061, original: 1569.399435 

54 th thresholding


12 entries survived 
solving SDP...  breakyes=1.4,  maxresidual < 1.00e-06took 38.077855s, relaxed dual: -4.192827, original: 1556.208475 

55 th thresholding


14 entries survived 
solving SDP...  breakyes=1.4,  maxresidual < 1.00e-06took 35.867394s, relaxed dual: -4.247061, original: 1569.399435 

56 th thresholding


12 entries survived 
solving SDP...  breakyes=1.4,  maxresidual < 1.00e-06took 38.100985s, relaxed dual: -4.192827, original: 1556.208475 

57 th thresholding


14 entries survived 
solving SDP...  breakyes=1.4,  maxresidual < 1.00e-06took 36.407547s, relaxed dual: -4.247061, original: 1569.399435 

58 th thresholding


12 entries survived 
solving SDP...  breakyes=1.4,  maxresidual < 1.00e-06took 38.185979s, relaxed dual: -4.192827, original: 1556.208475 

59 th thresholding


14 entries survived 
solving SDP...  breakyes=1.4,  maxresidual < 1.00e-06took 35.905706s, relaxed dual: -4.247061, original: 1569.399435 

60 th thresholding


12 entries survived 
solving SDP...  breakyes=1.4,  maxresidual < 1.00e-06took 39.665871s, relaxed dual: -4.192827, original: 1556.208475 

61 th thresholding


14 entries survived 
solving SDP...  breakyes=1.4,  maxresidual < 1.00e-06took 35.924400s, relaxed dual: -4.247061, original: 1569.399435 

62 th thresholding


12 entries survived 
solving SDP...  breakyes=1.4,  maxresidual < 1.00e-06took 38.573368s, relaxed dual: -4.192827, original: 1556.208475 

63 th thresholding


14 entries survived 
solving SDP...  breakyes=1.4,  maxresidual < 1.00e-06took 36.007498s, relaxed dual: -4.247061, original: 1569.399435 

64 th thresholding


12 entries survived 
solving SDP...  breakyes=1.4,  maxresidual < 1.00e-06took 38.349506s, relaxed dual: -4.192827, original: 1556.208475 

65 th thresholding


14 entries survived 
solving SDP...  breakyes=1.4,  maxresidual < 1.00e-06took 35.629482s, relaxed dual: -4.247061, original: 1569.399435 

66 th thresholding


12 entries survived 
solving SDP...  breakyes=1.4,  maxresidual < 1.00e-06took 38.025775s, relaxed dual: -4.192827, original: 1556.208475 

67 th thresholding


14 entries survived 
solving SDP...  breakyes=1.4,  maxresidual < 1.00e-06took 35.862639s, relaxed dual: -4.247061, original: 1569.399435 

68 th thresholding


12 entries survived 
solving SDP...  breakyes=1.4,  maxresidual < 1.00e-06took 37.922770s, relaxed dual: -4.192827, original: 1556.208475 

69 th thresholding


14 entries survived 
solving SDP...  breakyes=1.4,  maxresidual < 1.00e-06took 35.732200s, relaxed dual: -4.247061, original: 1569.399435 

70 th thresholding


12 entries survived 
solving SDP...  breakyes=1.4,  maxresidual < 1.00e-06took 38.119064s, relaxed dual: -4.192827, original: 1556.208475 

71 th thresholding


14 entries survived 
solving SDP...  breakyes=1.4,  maxresidual < 1.00e-06took 35.704749s, relaxed dual: -4.247061, original: 1569.399435 

72 th thresholding


12 entries survived 
solving SDP...  breakyes=1.4,  maxresidual < 1.00e-06took 38.562872s, relaxed dual: -4.192827, original: 1556.208475 

73 th thresholding


14 entries survived 
solving SDP...  breakyes=1.4,  maxresidual < 1.00e-06took 35.971345s, relaxed dual: -4.247061, original: 1569.399435 

74 th thresholding


12 entries survived 
solving SDP...  breakyes=1.4,  maxresidual < 1.00e-06took 38.131226s, relaxed dual: -4.192827, original: 1556.208475 

75 th thresholding


14 entries survived 
solving SDP...  breakyes=1.4,  maxresidual < 1.00e-06took 35.885029s, relaxed dual: -4.247061, original: 1569.399435 

76 th thresholding


12 entries survived 
solving SDP...  breakyes=1.4,  maxresidual < 1.00e-06took 38.799455s, relaxed dual: -4.192827, original: 1556.208475 

77 th thresholding


14 entries survived 
solving SDP...  breakyes=1.4,  maxresidual < 1.00e-06took 35.566993s, relaxed dual: -4.247061, original: 1569.399435 

78 th thresholding


12 entries survived 
solving SDP...  breakyes=1.4,  maxresidual < 1.00e-06took 40.145450s, relaxed dual: -4.192827, original: 1556.208475 

79 th thresholding


14 entries survived 
solving SDP...  breakyes=1.4,  maxresidual < 1.00e-06took 36.306400s, relaxed dual: -4.247061, original: 1569.399435 

80 th thresholding


12 entries survived 
solving SDP...  breakyes=1.4,  maxresidual < 1.00e-06took 38.469725s, relaxed dual: -4.192827, original: 1556.208475 

81 th thresholding


14 entries survived 
solving SDP...  breakyes=1.4,  maxresidual < 1.00e-06took 35.809818s, relaxed dual: -4.247061, original: 1569.399435 

82 th thresholding


12 entries survived 
solving SDP...  breakyes=1.4,  maxresidual < 1.00e-06took 39.375003s, relaxed dual: -4.192827, original: 1556.208475 

83 th thresholding


14 entries survived 
solving SDP...  breakyes=1.4,  maxresidual < 1.00e-06took 36.552531s, relaxed dual: -4.247061, original: 1569.399435 

84 th thresholding


12 entries survived 
solving SDP...  breakyes=1.4,  maxresidual < 1.00e-06took 38.548945s, relaxed dual: -4.192827, original: 1556.208475 

85 th thresholding


14 entries survived 
solving SDP...  breakyes=1.4,  maxresidual < 1.00e-06took 35.876255s, relaxed dual: -4.247061, original: 1569.399435 

86 th thresholding


12 entries survived 
solving SDP...  breakyes=1.4,  maxresidual < 1.00e-06took 38.377134s, relaxed dual: -4.192827, original: 1556.208475 

87 th thresholding


14 entries survived 
solving SDP...  breakyes=1.4,  maxresidual < 1.00e-06took 35.667307s, relaxed dual: -4.247061, original: 1569.399435 

88 th thresholding


12 entries survived 
solving SDP...  breakyes=1.4,  maxresidual < 1.00e-06took 38.471477s, relaxed dual: -4.192827, original: 1556.208475 

89 th thresholding


14 entries survived 
solving SDP...  breakyes=1.4,  maxresidual < 1.00e-06took 36.058917s, relaxed dual: -4.247061, original: 1569.399435 

90 th thresholding


12 entries survived 
solving SDP...  breakyes=1.4,  maxresidual < 1.00e-06took 38.470423s, relaxed dual: -4.192827, original: 1556.208475 

91 th thresholding


14 entries survived 
solving SDP...  breakyes=1.4,  maxresidual < 1.00e-06took 35.901463s, relaxed dual: -4.247061, original: 1569.399435 

92 th thresholding


12 entries survived 
solving SDP...  breakyes=1.4,  maxresidual < 1.00e-06took 38.254177s, relaxed dual: -4.192827, original: 1556.208475 

93 th thresholding


14 entries survived 
solving SDP...  breakyes=1.4,  maxresidual < 1.00e-06took 35.918063s, relaxed dual: -4.247061, original: 1569.399435 

94 th thresholding


12 entries survived 
solving SDP...  breakyes=1.4,  maxresidual < 1.00e-06took 38.710053s, relaxed dual: -4.192827, original: 1556.208475 

95 th thresholding


14 entries survived 
solving SDP...  breakyes=1.4,  maxresidual < 1.00e-06took 36.022411s, relaxed dual: -4.247061, original: 1569.399435 

96 th thresholding


12 entries survived 
solving SDP...  breakyes=1.4,  maxresidual < 1.00e-06took 38.337804s, relaxed dual: -4.192827, original: 1556.208475 

97 th thresholding


14 entries survived 
solving SDP...  breakyes=1.4,  maxresidual < 1.00e-06took 35.764388s, relaxed dual: -4.247061, original: 1569.399435 

98 th thresholding


12 entries survived 
solving SDP...  breakyes=1.4,  maxresidual < 1.00e-06took 38.112974s, relaxed dual: -4.192827, original: 1556.208475 

99 th thresholding


14 entries survived 
solving SDP...  breakyes=1.4,  maxresidual < 1.00e-06took 35.859615s, relaxed dual: -4.247061, original: 1569.399435 

100 th thresholding


12 entries survived 
solving SDP...  breakyes=1.4,  maxresidual < 1.00e-06took 38.144109s, relaxed dual: -4.192827, original: 1556.208475 

 final iteration = 100 
n_row =

  int32

   100


ans =

  101x12 table

    rep    iter    sep    dim    rho    sparsity     acc     obj_prim    obj_dual    obj_original    discov_true    discov_false
    ___    ____    ___    ___    ___    ________    _____    ________    ________    ____________    ___________    ____________

     3       0      4     200    0.2       10       0.954          0           0             0            0              0      
     3       1      4     200    0.2       10       0.978    -4.3269     -4.3269        1556.4           10              3      
     3       2      4     200    0.2       10        0.98    -4.0929     -4.0929        1567.1           10              4      
     3       3      4     200    0.2       10        0.98    -4.2752     -4.2752        1557.2           10              2      
     3       4      4     200    0.2       10       0.978    -4.1928     -4.1928        1556.2           10              2      
     3       5      4     200    0.2       10        0.98    -4.2471     -4.2471        1569.4           10              4      
     3       6      4     200    0.2       10       0.978    -4.1928     -4.1928        1556.2           10              2      
     3       7      4     200    0.2       10        0.98    -4.2471     -4.2471        1569.4           10              4      
     3       8      4     200    0.2       10       0.978    -4.1928     -4.1928        1556.2           10              2      
     3       9      4     200    0.2       10        0.98    -4.2471     -4.2471        1569.4           10              4      
     3      10      4     200    0.2       10       0.978    -4.1928     -4.1928        1556.2           10              2      
     3      11      4     200    0.2       10        0.98    -4.2471     -4.2471        1569.4           10              4      
     3      12      4     200    0.2       10       0.978    -4.1928     -4.1928        1556.2           10              2      
     3      13      4     200    0.2       10        0.98    -4.2471     -4.2471        1569.4           10              4      
     3      14      4     200    0.2       10       0.978    -4.1928     -4.1928        1556.2           10              2      
     3      15      4     200    0.2       10        0.98    -4.2471     -4.2471        1569.4           10              4      
     3      16      4     200    0.2       10       0.978    -4.1928     -4.1928        1556.2           10              2      
     3      17      4     200    0.2       10        0.98    -4.2471     -4.2471        1569.4           10              4      
     3      18      4     200    0.2       10       0.978    -4.1928     -4.1928        1556.2           10              2      
     3      19      4     200    0.2       10        0.98    -4.2471     -4.2471        1569.4           10              4      
     3      20      4     200    0.2       10       0.978    -4.1928     -4.1928        1556.2           10              2      
     3      21      4     200    0.2       10        0.98    -4.2471     -4.2471        1569.4           10              4      
     3      22      4     200    0.2       10       0.978    -4.1928     -4.1928        1556.2           10              2      
     3      23      4     200    0.2       10        0.98    -4.2471     -4.2471        1569.4           10              4      
     3      24      4     200    0.2       10       0.978    -4.1928     -4.1928        1556.2           10              2      
     3      25      4     200    0.2       10        0.98    -4.2471     -4.2471        1569.4           10              4      
     3      26      4     200    0.2       10       0.978    -4.1928     -4.1928        1556.2           10              2      
     3      27      4     200    0.2       10        0.98    -4.2471     -4.2471        1569.4           10              4      
     3      28      4     200    0.2       10       0.978    -4.1928     -4.1928        1556.2           10              2      
     3      29      4     200    0.2       10        0.98    -4.2471     -4.2471        1569.4           10              4      
     3      30      4     200    0.2       10       0.978    -4.1928     -4.1928        1556.2           10              2      
     3      31      4     200    0.2       10        0.98    -4.2471     -4.2471        1569.4           10              4      
     3      32      4     200    0.2       10       0.978    -4.1928     -4.1928        1556.2           10              2      
     3      33      4     200    0.2       10        0.98    -4.2471     -4.2471        1569.4           10              4      
     3      34      4     200    0.2       10       0.978    -4.1928     -4.1928        1556.2           10              2      
     3      35      4     200    0.2       10        0.98    -4.2471     -4.2471        1569.4           10              4      
     3      36      4     200    0.2       10       0.978    -4.1928     -4.1928        1556.2           10              2      
     3      37      4     200    0.2       10        0.98    -4.2471     -4.2471        1569.4           10              4      
     3      38      4     200    0.2       10       0.978    -4.1928     -4.1928        1556.2           10              2      
     3      39      4     200    0.2       10        0.98    -4.2471     -4.2471        1569.4           10              4      
     3      40      4     200    0.2       10       0.978    -4.1928     -4.1928        1556.2           10              2      
     3      41      4     200    0.2       10        0.98    -4.2471     -4.2471        1569.4           10              4      
     3      42      4     200    0.2       10       0.978    -4.1928     -4.1928        1556.2           10              2      
     3      43      4     200    0.2       10        0.98    -4.2471     -4.2471        1569.4           10              4      
     3      44      4     200    0.2       10       0.978    -4.1928     -4.1928        1556.2           10              2      
     3      45      4     200    0.2       10        0.98    -4.2471     -4.2471        1569.4           10              4      
     3      46      4     200    0.2       10       0.978    -4.1928     -4.1928        1556.2           10              2      
     3      47      4     200    0.2       10        0.98    -4.2471     -4.2471        1569.4           10              4      
     3      48      4     200    0.2       10       0.978    -4.1928     -4.1928        1556.2           10              2      
     3      49      4     200    0.2       10        0.98    -4.2471     -4.2471        1569.4           10              4      
     3      50      4     200    0.2       10       0.978    -4.1928     -4.1928        1556.2           10              2      
     3      51      4     200    0.2       10        0.98    -4.2471     -4.2471        1569.4           10              4      
     3      52      4     200    0.2       10       0.978    -4.1928     -4.1928        1556.2           10              2      
     3      53      4     200    0.2       10        0.98    -4.2471     -4.2471        1569.4           10              4      
     3      54      4     200    0.2       10       0.978    -4.1928     -4.1928        1556.2           10              2      
     3      55      4     200    0.2       10        0.98    -4.2471     -4.2471        1569.4           10              4      
     3      56      4     200    0.2       10       0.978    -4.1928     -4.1928        1556.2           10              2      
     3      57      4     200    0.2       10        0.98    -4.2471     -4.2471        1569.4           10              4      
     3      58      4     200    0.2       10       0.978    -4.1928     -4.1928        1556.2           10              2      
     3      59      4     200    0.2       10        0.98    -4.2471     -4.2471        1569.4           10              4      
     3      60      4     200    0.2       10       0.978    -4.1928     -4.1928        1556.2           10              2      
     3      61      4     200    0.2       10        0.98    -4.2471     -4.2471        1569.4           10              4      
     3      62      4     200    0.2       10       0.978    -4.1928     -4.1928        1556.2           10              2      
     3      63      4     200    0.2       10        0.98    -4.2471     -4.2471        1569.4           10              4      
     3      64      4     200    0.2       10       0.978    -4.1928     -4.1928        1556.2           10              2      
     3      65      4     200    0.2       10        0.98    -4.2471     -4.2471        1569.4           10              4      
     3      66      4     200    0.2       10       0.978    -4.1928     -4.1928        1556.2           10              2      
     3      67      4     200    0.2       10        0.98    -4.2471     -4.2471        1569.4           10              4      
     3      68      4     200    0.2       10       0.978    -4.1928     -4.1928        1556.2           10              2      
     3      69      4     200    0.2       10        0.98    -4.2471     -4.2471        1569.4           10              4      
     3      70      4     200    0.2       10       0.978    -4.1928     -4.1928        1556.2           10              2      
     3      71      4     200    0.2       10        0.98    -4.2471     -4.2471        1569.4           10              4      
     3      72      4     200    0.2       10       0.978    -4.1928     -4.1928        1556.2           10              2      
     3      73      4     200    0.2       10        0.98    -4.2471     -4.2471        1569.4           10              4      
     3      74      4     200    0.2       10       0.978    -4.1928     -4.1928        1556.2           10              2      
     3      75      4     200    0.2       10        0.98    -4.2471     -4.2471        1569.4           10              4      
     3      76      4     200    0.2       10       0.978    -4.1928     -4.1928        1556.2           10              2      
     3      77      4     200    0.2       10        0.98    -4.2471     -4.2471        1569.4           10              4      
     3      78      4     200    0.2       10       0.978    -4.1928     -4.1928        1556.2           10              2      
     3      79      4     200    0.2       10        0.98    -4.2471     -4.2471        1569.4           10              4      
     3      80      4     200    0.2       10       0.978    -4.1928     -4.1928        1556.2           10              2      
     3      81      4     200    0.2       10        0.98    -4.2471     -4.2471        1569.4           10              4      
     3      82      4     200    0.2       10       0.978    -4.1928     -4.1928        1556.2           10              2      
     3      83      4     200    0.2       10        0.98    -4.2471     -4.2471        1569.4           10              4      
     3      84      4     200    0.2       10       0.978    -4.1928     -4.1928        1556.2           10              2      
     3      85      4     200    0.2       10        0.98    -4.2471     -4.2471        1569.4           10              4      
     3      86      4     200    0.2       10       0.978    -4.1928     -4.1928        1556.2           10              2      
     3      87      4     200    0.2       10        0.98    -4.2471     -4.2471        1569.4           10              4      
     3      88      4     200    0.2       10       0.978    -4.1928     -4.1928        1556.2           10              2      
     3      89      4     200    0.2       10        0.98    -4.2471     -4.2471        1569.4           10              4      
     3      90      4     200    0.2       10       0.978    -4.1928     -4.1928        1556.2           10              2      
     3      91      4     200    0.2       10        0.98    -4.2471     -4.2471        1569.4           10              4      
     3      92      4     200    0.2       10       0.978    -4.1928     -4.1928        1556.2           10              2      
     3      93      4     200    0.2       10        0.98    -4.2471     -4.2471        1569.4           10              4      
     3      94      4     200    0.2       10       0.978    -4.1928     -4.1928        1556.2           10              2      
     3      95      4     200    0.2       10        0.98    -4.2471     -4.2471        1569.4           10              4      
     3      96      4     200    0.2       10       0.978    -4.1928     -4.1928        1556.2           10              2      
     3      97      4     200    0.2       10        0.98    -4.2471     -4.2471        1569.4           10              4      
     3      98      4     200    0.2       10       0.978    -4.1928     -4.1928        1556.2           10              2      
     3      99      4     200    0.2       10        0.98    -4.2471     -4.2471        1569.4           10              4      
     3     100      4     200    0.2       10       0.978    -4.1928     -4.1928        1556.2           10              2      


rep =

     4

replication: (4)th 


1 th thresholding


13 entries survived 
solving SDP...  breakyes=1.0,  maxresidual < 1.00e-06took 31.237212s, relaxed dual: -4.165554, original: 1509.807479 

2 th thresholding


11 entries survived 
solving SDP...  breakyes=1.0,  maxresidual < 1.00e-06took 29.364367s, relaxed dual: -4.020163, original: 1502.418274 

3 th thresholding


11 entries survived 
solving SDP...  breakyes=1.0,  maxresidual < 1.00e-06took 14.557061s, relaxed dual: -3.959779, original: 1505.319925 

4 th thresholding


11 entries survived 
solving SDP...  breakyes=1.0,  maxresidual < 1.00e-06took 22.328580s, relaxed dual: -3.859055, original: 1505.270489 

5 th thresholding


11 entries survived 
solving SDP...  breakyes=1.0,  maxresidual < 1.00e-06took 26.838412s, relaxed dual: -3.895012, original: 1505.270489 

 final iteration = 5 
n_row =

  int32

   5


ans =

  6x12 table

    rep    iter    sep    dim    rho    sparsity     acc     obj_prim    obj_dual    obj_original    discov_true    discov_false
    ___    ____    ___    ___    ___    ________    _____    ________    ________    ____________    ___________    ____________

     4      0       4     200    0.2       10       0.932          0           0             0            0              0      
     4      1       4     200    0.2       10        0.96    -4.1656     -4.1656        1509.8           10              3      
     4      2       4     200    0.2       10       0.962    -4.0202     -4.0202        1502.4           10              1      
     4      3       4     200    0.2       10       0.962    -3.9598     -3.9598        1505.3           10              1      
     4      4       4     200    0.2       10        0.96    -3.8591     -3.8591        1505.3           10              1      
     4      5       4     200    0.2       10        0.96     -3.895      -3.895        1505.3           10              1      

