==========================================
SLURM_JOB_ID = 20660865
SLURM_JOB_NODELIST = b22-05
TMPDIR = /tmp/SLURM_20660865
==========================================
hello
Starting parallel pool (parpool) ...
Connected to the parallel pool (number of workers: 15).

pool = 

 ProcessPool with properties: 

            Connected: true
           NumWorkers: 15
                 Busy: false
              Cluster: Local
        AttachedFiles: {}
    AutoAddClientPath: true
            FileStore: [1x1 parallel.FileStore]
           ValueStore: [1x1 parallel.ValueStore]
          IdleTimeout: 30 minutes (30 minutes remaining)
          SpmdEnabled: true


p =

   400


Delta =

     4


s =

    10


n =

   500


table_name =

    'sparse_kmeans_isee_dirty'


rho =

    0.2000


M =

    0.7341

delta confirmed: 4.000000
ans =

    3.4740


init_method =

    'spec'


rep =

    21

replication: (21)th 


1 th thresholding


13 entries survived 
solving SDP...  breakyes=1.0,  maxresidual < 1.00e-06took 20.889304s, relaxed dual: -4.784084, original: 1483.233519 

2 th thresholding


12 entries survived 
solving SDP...  breakyes=1.3,  maxresidual < 1.00e-06took 28.657773s, relaxed dual: -4.306275, original: 1486.517286 

3 th thresholding


12 entries survived 
solving SDP...  breakyes=1.0,  maxresidual < 1.00e-06took 21.871291s, relaxed dual: -4.118932, original: 1488.950894 

4 th thresholding


12 entries survived 
solving SDP...  breakyes=1.0,  maxresidual < 1.00e-06took 24.616205s, relaxed dual: -4.022630, original: 1490.738293 

5 th thresholding


12 entries survived 
solving SDP...  breakyes=1.0,  maxresidual < 1.00e-06took 36.502651s, relaxed dual: -3.975414, original: 1490.738293 

6 th thresholding


12 entries survived 
solving SDP...  breakyes=1.0,  maxresidual < 1.00e-06took 38.055026s, relaxed dual: -3.975414, original: 1490.738293 

 final iteration = 6 
n_row =

  int32

   6


ans =

  7x12 table

    rep    iter    sep    dim    rho    sparsity     acc     obj_prim    obj_dual    obj_original    discov_true    discov_false
    ___    ____    ___    ___    ___    ________    _____    ________    ________    ____________    ___________    ____________

    21      0       4     400    0.2       10       0.924          0           0             0            0              0      
    21      1       4     400    0.2       10       0.978    -4.7841     -4.7841        1483.2           10              3      
    21      2       4     400    0.2       10        0.98    -4.3063     -4.3063        1486.5           10              2      
    21      3       4     400    0.2       10       0.982    -4.1189     -4.1189          1489           10              2      
    21      4       4     400    0.2       10       0.982    -4.0226     -4.0226        1490.7           10              2      
    21      5       4     400    0.2       10       0.982    -3.9754     -3.9754        1490.7           10              2      
    21      6       4     400    0.2       10       0.982    -3.9754     -3.9754        1490.7           10              2      


rep =

    22

replication: (22)th 


1 th thresholding


13 entries survived 
solving SDP...  breakyes=1.0,  maxresidual < 1.00e-06took 26.472744s, relaxed dual: -5.792752, original: 1547.746422 

2 th thresholding


11 entries survived 
solving SDP...  breakyes=1.0,  maxresidual < 1.00e-06took 30.251496s, relaxed dual: -4.430717, original: 1538.564679 

3 th thresholding


12 entries survived 
solving SDP...  breakyes=1.0,  maxresidual < 1.00e-06took 30.974862s, relaxed dual: -4.751328, original: 1545.710336 

4 th thresholding


11 entries survived 
solving SDP...  breakyes=1.0,  maxresidual < 1.00e-06took 22.306938s, relaxed dual: -4.871080, original: 1537.396464 

5 th thresholding


11 entries survived 
solving SDP...  breakyes=1.0,  maxresidual < 1.00e-06took 26.727174s, relaxed dual: -5.017748, original: 1537.396464 

6 th thresholding


11 entries survived 
solving SDP...  breakyes=1.0,  maxresidual < 1.00e-06took 26.596768s, relaxed dual: -5.017748, original: 1537.396464 

 final iteration = 6 
n_row =

  int32

   6


ans =

  7x12 table

    rep    iter    sep    dim    rho    sparsity     acc     obj_prim    obj_dual    obj_original    discov_true    discov_false
    ___    ____    ___    ___    ___    ________    _____    ________    ________    ____________    ___________    ____________

    22      0       4     400    0.2       10       0.892          0           0             0            0              0      
    22      1       4     400    0.2       10       0.974    -5.7928     -5.7928        1547.7           10              3      
    22      2       4     400    0.2       10       0.968    -4.4307     -4.4307        1538.6           10              1      
    22      3       4     400    0.2       10       0.972    -4.7513     -4.7513        1545.7           10              2      
    22      4       4     400    0.2       10       0.972    -4.8711     -4.8711        1537.4           10              1      
    22      5       4     400    0.2       10       0.972    -5.0178     -5.0177        1537.4           10              1      
    22      6       4     400    0.2       10       0.972    -5.0178     -5.0177        1537.4           10              1      


rep =

    23

replication: (23)th 


1 th thresholding


13 entries survived 
solving SDP...  breakyes=1.3,  maxresidual < 1.00e-06took 31.981916s, relaxed dual: -5.463297, original: 1580.562691 

2 th thresholding


12 entries survived 
solving SDP...  breakyes=1.4,  maxresidual < 1.00e-06took 34.780310s, relaxed dual: -4.768779, original: 1579.895216 

3 th thresholding


11 entries survived 
solving SDP...  breakyes=3.2,  dualfeasorg deteriorated too much: primfeasorg=1.23e-06,dualfeasorg=2.06e-05took 25.728665s, relaxed dual: -4.446912, original: 1573.806280 

4 th thresholding


11 entries survived 
solving SDP...  breakyes=1.0,  maxresidual < 1.00e-06took 23.332656s, relaxed dual: -4.596880, original: 1574.870638 

5 th thresholding


11 entries survived 
solving SDP...  breakyes=1.3,  maxresidual < 1.00e-06took 31.585422s, relaxed dual: -4.815287, original: 1572.475424 

6 th thresholding


11 entries survived 
solving SDP...  breakyes=1.0,  maxresidual < 1.00e-06took 21.892360s, relaxed dual: -5.129000, original: 1570.721385 

7 th thresholding


11 entries survived 
solving SDP...  breakyes=1.4,  maxresidual < 1.00e-06took 70.319513s, relaxed dual: -5.160142, original: 1570.721385 

 final iteration = 7 
n_row =

  int32

   7


ans =

  8x12 table

    rep    iter    sep    dim    rho    sparsity     acc     obj_prim    obj_dual    obj_original    discov_true    discov_false
    ___    ____    ___    ___    ___    ________    _____    ________    ________    ____________    ___________    ____________

    23      0       4     400    0.2       10       0.928          0           0             0            0              0      
    23      1       4     400    0.2       10       0.976    -5.4633     -5.4633        1580.6           10              3      
    23      2       4     400    0.2       10        0.98    -4.7688     -4.7688        1579.9           10              2      
    23      3       4     400    0.2       10        0.98    -4.4469     -4.4469        1573.8           10              1      
    23      4       4     400    0.2       10       0.982    -4.5969     -4.5969        1574.9           10              1      
    23      5       4     400    0.2       10       0.984    -4.8153     -4.8153        1572.5           10              1      
    23      6       4     400    0.2       10       0.982     -5.129      -5.129        1570.7           10              1      
    23      7       4     400    0.2       10       0.982    -5.1601     -5.1601        1570.7           10              1      


rep =

    24

replication: (24)th 


1 th thresholding


13 entries survived 
solving SDP...  breakyes=1.0,  maxresidual < 1.00e-06took 16.158356s, relaxed dual: -4.853071, original: 1510.444095 

2 th thresholding


12 entries survived 
solving SDP...  breakyes=1.0,  maxresidual < 1.00e-06took 32.424515s, relaxed dual: -4.079698, original: 1517.041343 

3 th thresholding


12 entries survived 
solving SDP...  breakyes=1.0,  maxresidual < 1.00e-06took 27.580162s, relaxed dual: -4.494502, original: 1519.896322 

4 th thresholding


12 entries survived 
solving SDP...  breakyes=1.0,  maxresidual < 1.00e-06took 22.390881s, relaxed dual: -3.916823, original: 1518.436001 

5 th thresholding


12 entries survived 
solving SDP...  breakyes=1.4,  maxresidual < 1.00e-06took 34.686070s, relaxed dual: -4.231642, original: 1518.090665 

6 th thresholding


12 entries survived 
solving SDP...  breakyes=1.0,  maxresidual < 1.00e-06took 27.519371s, relaxed dual: -3.875339, original: 1521.612100 

7 th thresholding


12 entries survived 
solving SDP...  breakyes=1.0,  maxresidual < 1.00e-06took 27.224076s, relaxed dual: -4.372045, original: 1520.645313 

8 th thresholding


12 entries survived 
solving SDP...  breakyes=1.4,  maxresidual < 1.00e-06took 44.517961s, relaxed dual: -4.185417, original: 1521.612100 

9 th thresholding


12 entries survived 
solving SDP...  breakyes=1.0,  maxresidual < 1.00e-06took 26.146786s, relaxed dual: -4.372045, original: 1520.645313 

10 th thresholding


12 entries survived 
solving SDP...  breakyes=1.4,  maxresidual < 1.00e-06took 44.154505s, relaxed dual: -4.185417, original: 1521.612100 

11 th thresholding


12 entries survived 
solving SDP...  breakyes=1.0,  maxresidual < 1.00e-06took 27.365407s, relaxed dual: -4.372045, original: 1520.645313 

12 th thresholding


12 entries survived 
solving SDP...  breakyes=1.4,  maxresidual < 1.00e-06took 43.281785s, relaxed dual: -4.185417, original: 1521.612100 

13 th thresholding


12 entries survived 
solving SDP...  breakyes=1.0,  maxresidual < 1.00e-06took 26.505929s, relaxed dual: -4.372045, original: 1520.645313 

14 th thresholding


12 entries survived 
solving SDP...  breakyes=1.4,  maxresidual < 1.00e-06took 46.766529s, relaxed dual: -4.185417, original: 1521.612100 

15 th thresholding


12 entries survived 
solving SDP...  breakyes=1.0,  maxresidual < 1.00e-06took 25.215852s, relaxed dual: -4.372045, original: 1520.645313 

16 th thresholding


12 entries survived 
solving SDP...  breakyes=1.4,  maxresidual < 1.00e-06took 45.844653s, relaxed dual: -4.185417, original: 1521.612100 

17 th thresholding


12 entries survived 
solving SDP...  breakyes=1.0,  maxresidual < 1.00e-06took 24.949120s, relaxed dual: -4.372045, original: 1520.645313 

18 th thresholding


12 entries survived 
solving SDP...  breakyes=1.4,  maxresidual < 1.00e-06took 43.465532s, relaxed dual: -4.185417, original: 1521.612100 

19 th thresholding


12 entries survived 
solving SDP...  breakyes=1.0,  maxresidual < 1.00e-06took 24.219570s, relaxed dual: -4.372045, original: 1520.645313 

20 th thresholding


12 entries survived 
solving SDP...  breakyes=1.4,  maxresidual < 1.00e-06took 43.126588s, relaxed dual: -4.185417, original: 1521.612100 

21 th thresholding


12 entries survived 
solving SDP...  breakyes=1.0,  maxresidual < 1.00e-06took 26.402748s, relaxed dual: -4.372045, original: 1520.645313 

22 th thresholding


12 entries survived 
solving SDP...  breakyes=1.4,  maxresidual < 1.00e-06took 47.793075s, relaxed dual: -4.185417, original: 1521.612100 

23 th thresholding


12 entries survived 
solving SDP...  breakyes=1.0,  maxresidual < 1.00e-06took 26.514850s, relaxed dual: -4.372045, original: 1520.645313 

24 th thresholding


12 entries survived 
solving SDP...  breakyes=1.4,  maxresidual < 1.00e-06took 41.506874s, relaxed dual: -4.185417, original: 1521.612100 

25 th thresholding


12 entries survived 
solving SDP...  breakyes=1.0,  maxresidual < 1.00e-06took 22.875338s, relaxed dual: -4.372045, original: 1520.645313 

26 th thresholding


12 entries survived 
solving SDP...  breakyes=1.4,  maxresidual < 1.00e-06took 41.716381s, relaxed dual: -4.185417, original: 1521.612100 

27 th thresholding


12 entries survived 
solving SDP...  breakyes=1.0,  maxresidual < 1.00e-06took 23.400015s, relaxed dual: -4.372045, original: 1520.645313 

28 th thresholding


12 entries survived 
solving SDP...  breakyes=1.4,  maxresidual < 1.00e-06took 39.893465s, relaxed dual: -4.185417, original: 1521.612100 

29 th thresholding


12 entries survived 
solving SDP...  breakyes=1.0,  maxresidual < 1.00e-06took 23.409037s, relaxed dual: -4.372045, original: 1520.645313 

30 th thresholding


12 entries survived 
solving SDP...  breakyes=1.4,  maxresidual < 1.00e-06took 47.033274s, relaxed dual: -4.185417, original: 1521.612100 

31 th thresholding


12 entries survived 
solving SDP...  breakyes=1.0,  maxresidual < 1.00e-06took 29.583911s, relaxed dual: -4.372045, original: 1520.645313 

32 th thresholding


12 entries survived 
solving SDP...  breakyes=1.4,  maxresidual < 1.00e-06took 45.549211s, relaxed dual: -4.185417, original: 1521.612100 

33 th thresholding


12 entries survived 
solving SDP...  breakyes=1.0,  maxresidual < 1.00e-06took 27.322730s, relaxed dual: -4.372045, original: 1520.645313 

34 th thresholding


12 entries survived 
solving SDP...  breakyes=1.4,  maxresidual < 1.00e-06took 50.909356s, relaxed dual: -4.185417, original: 1521.612100 

35 th thresholding


12 entries survived 
solving SDP...  breakyes=1.0,  maxresidual < 1.00e-06took 28.871677s, relaxed dual: -4.372045, original: 1520.645313 

36 th thresholding


12 entries survived 
solving SDP...  breakyes=1.4,  maxresidual < 1.00e-06took 42.676910s, relaxed dual: -4.185417, original: 1521.612100 

37 th thresholding


12 entries survived 
solving SDP...  breakyes=1.0,  maxresidual < 1.00e-06took 24.462223s, relaxed dual: -4.372045, original: 1520.645313 

38 th thresholding


12 entries survived 
solving SDP...  breakyes=1.4,  maxresidual < 1.00e-06took 39.774729s, relaxed dual: -4.185417, original: 1521.612100 

39 th thresholding


12 entries survived 
solving SDP...  breakyes=1.0,  maxresidual < 1.00e-06took 23.033556s, relaxed dual: -4.372045, original: 1520.645313 

40 th thresholding


12 entries survived 
solving SDP...  breakyes=1.4,  maxresidual < 1.00e-06took 40.655031s, relaxed dual: -4.185417, original: 1521.612100 

41 th thresholding


12 entries survived 
solving SDP...  breakyes=1.0,  maxresidual < 1.00e-06took 23.599775s, relaxed dual: -4.372045, original: 1520.645313 

42 th thresholding


12 entries survived 
solving SDP...  breakyes=1.4,  maxresidual < 1.00e-06took 42.338912s, relaxed dual: -4.185417, original: 1521.612100 

43 th thresholding


12 entries survived 
solving SDP...  breakyes=1.0,  maxresidual < 1.00e-06took 24.882950s, relaxed dual: -4.372045, original: 1520.645313 

44 th thresholding


12 entries survived 
solving SDP...  breakyes=1.4,  maxresidual < 1.00e-06took 44.824723s, relaxed dual: -4.185417, original: 1521.612100 

45 th thresholding


12 entries survived 
solving SDP...  breakyes=1.0,  maxresidual < 1.00e-06took 24.354731s, relaxed dual: -4.372045, original: 1520.645313 

46 th thresholding


12 entries survived 
solving SDP...  breakyes=1.4,  maxresidual < 1.00e-06took 42.725690s, relaxed dual: -4.185417, original: 1521.612100 

47 th thresholding


12 entries survived 
solving SDP...  breakyes=1.0,  maxresidual < 1.00e-06took 23.845194s, relaxed dual: -4.372045, original: 1520.645313 

48 th thresholding


12 entries survived 
solving SDP...  breakyes=1.4,  maxresidual < 1.00e-06took 46.442868s, relaxed dual: -4.185417, original: 1521.612100 

49 th thresholding


12 entries survived 
solving SDP...  breakyes=1.0,  maxresidual < 1.00e-06took 26.408589s, relaxed dual: -4.372045, original: 1520.645313 

50 th thresholding


12 entries survived 
solving SDP...  breakyes=1.4,  maxresidual < 1.00e-06took 46.796045s, relaxed dual: -4.185417, original: 1521.612100 

51 th thresholding


12 entries survived 
solving SDP...  breakyes=1.0,  maxresidual < 1.00e-06took 26.241834s, relaxed dual: -4.372045, original: 1520.645313 

52 th thresholding


12 entries survived 
solving SDP...  breakyes=1.4,  maxresidual < 1.00e-06took 46.138203s, relaxed dual: -4.185417, original: 1521.612100 

53 th thresholding


12 entries survived 
solving SDP...  breakyes=1.0,  maxresidual < 1.00e-06took 26.803729s, relaxed dual: -4.372045, original: 1520.645313 

54 th thresholding


12 entries survived 
solving SDP...  breakyes=1.4,  maxresidual < 1.00e-06took 50.313457s, relaxed dual: -4.185417, original: 1521.612100 

55 th thresholding


12 entries survived 
solving SDP...  breakyes=1.0,  maxresidual < 1.00e-06took 29.470055s, relaxed dual: -4.372045, original: 1520.645313 

56 th thresholding


12 entries survived 
solving SDP...  breakyes=1.4,  maxresidual < 1.00e-06took 52.983552s, relaxed dual: -4.185417, original: 1521.612100 

57 th thresholding


12 entries survived 
solving SDP...  breakyes=1.0,  maxresidual < 1.00e-06took 27.920945s, relaxed dual: -4.372045, original: 1520.645313 

58 th thresholding


12 entries survived 
solving SDP...  breakyes=1.4,  maxresidual < 1.00e-06took 50.292052s, relaxed dual: -4.185417, original: 1521.612100 

59 th thresholding


12 entries survived 
solving SDP...  breakyes=1.0,  maxresidual < 1.00e-06took 29.783552s, relaxed dual: -4.372045, original: 1520.645313 

60 th thresholding


12 entries survived 
solving SDP...  breakyes=1.4,  maxresidual < 1.00e-06took 49.265358s, relaxed dual: -4.185417, original: 1521.612100 

61 th thresholding


12 entries survived 
solving SDP...  breakyes=1.0,  maxresidual < 1.00e-06took 24.297049s, relaxed dual: -4.372045, original: 1520.645313 

62 th thresholding


12 entries survived 
solving SDP...  breakyes=1.4,  maxresidual < 1.00e-06took 40.126317s, relaxed dual: -4.185417, original: 1521.612100 

63 th thresholding


12 entries survived 
solving SDP...  breakyes=1.0,  maxresidual < 1.00e-06took 23.443273s, relaxed dual: -4.372045, original: 1520.645313 

64 th thresholding


12 entries survived 
solving SDP...  breakyes=1.4,  maxresidual < 1.00e-06took 45.273883s, relaxed dual: -4.185417, original: 1521.612100 

65 th thresholding


12 entries survived 
solving SDP...  breakyes=1.0,  maxresidual < 1.00e-06took 28.797078s, relaxed dual: -4.372045, original: 1520.645313 

66 th thresholding


12 entries survived 
solving SDP...  breakyes=1.4,  maxresidual < 1.00e-06took 49.493571s, relaxed dual: -4.185417, original: 1521.612100 

67 th thresholding


12 entries survived 
solving SDP...  breakyes=1.0,  maxresidual < 1.00e-06took 26.784865s, relaxed dual: -4.372045, original: 1520.645313 

68 th thresholding


12 entries survived 
solving SDP...  breakyes=1.4,  maxresidual < 1.00e-06took 48.060759s, relaxed dual: -4.185417, original: 1521.612100 

69 th thresholding


12 entries survived 
solving SDP...  breakyes=1.0,  maxresidual < 1.00e-06took 27.294771s, relaxed dual: -4.372045, original: 1520.645313 

70 th thresholding


12 entries survived 
solving SDP...  breakyes=1.4,  maxresidual < 1.00e-06took 48.499056s, relaxed dual: -4.185417, original: 1521.612100 

71 th thresholding


12 entries survived 
solving SDP...  breakyes=1.0,  maxresidual < 1.00e-06took 27.996796s, relaxed dual: -4.372045, original: 1520.645313 

72 th thresholding


12 entries survived 
solving SDP...  breakyes=1.4,  maxresidual < 1.00e-06took 50.030497s, relaxed dual: -4.185417, original: 1521.612100 

73 th thresholding


12 entries survived 
solving SDP...  breakyes=1.0,  maxresidual < 1.00e-06took 25.237968s, relaxed dual: -4.372045, original: 1520.645313 

74 th thresholding


12 entries survived 
solving SDP...  breakyes=1.4,  maxresidual < 1.00e-06took 47.012361s, relaxed dual: -4.185417, original: 1521.612100 

75 th thresholding


12 entries survived 
solving SDP...  breakyes=1.0,  maxresidual < 1.00e-06took 25.330515s, relaxed dual: -4.372045, original: 1520.645313 

76 th thresholding


12 entries survived 
solving SDP...  breakyes=1.4,  maxresidual < 1.00e-06took 43.964446s, relaxed dual: -4.185417, original: 1521.612100 

77 th thresholding


12 entries survived 
solving SDP...  breakyes=1.0,  maxresidual < 1.00e-06took 23.986736s, relaxed dual: -4.372045, original: 1520.645313 

78 th thresholding


12 entries survived 
solving SDP...  breakyes=1.4,  maxresidual < 1.00e-06took 40.772068s, relaxed dual: -4.185417, original: 1521.612100 

79 th thresholding


12 entries survived 
solving SDP...  breakyes=1.0,  maxresidual < 1.00e-06took 24.237718s, relaxed dual: -4.372045, original: 1520.645313 

80 th thresholding


12 entries survived 
solving SDP...  breakyes=1.4,  maxresidual < 1.00e-06took 46.035742s, relaxed dual: -4.185417, original: 1521.612100 

81 th thresholding


12 entries survived 
solving SDP...  breakyes=1.0,  maxresidual < 1.00e-06took 26.076156s, relaxed dual: -4.372045, original: 1520.645313 

82 th thresholding


12 entries survived 
solving SDP...  breakyes=1.4,  maxresidual < 1.00e-06took 47.214910s, relaxed dual: -4.185417, original: 1521.612100 

83 th thresholding


12 entries survived 
solving SDP...  breakyes=1.0,  maxresidual < 1.00e-06took 27.302497s, relaxed dual: -4.372045, original: 1520.645313 

84 th thresholding


12 entries survived 
solving SDP...  breakyes=1.4,  maxresidual < 1.00e-06took 48.000155s, relaxed dual: -4.185417, original: 1521.612100 

85 th thresholding


12 entries survived 
solving SDP...  breakyes=1.0,  maxresidual < 1.00e-06took 27.168735s, relaxed dual: -4.372045, original: 1520.645313 

86 th thresholding


12 entries survived 
solving SDP...  breakyes=1.4,  maxresidual < 1.00e-06took 45.099279s, relaxed dual: -4.185417, original: 1521.612100 

87 th thresholding


12 entries survived 
solving SDP...  breakyes=1.0,  maxresidual < 1.00e-06took 26.211411s, relaxed dual: -4.372045, original: 1520.645313 

88 th thresholding


12 entries survived 
solving SDP...  breakyes=1.4,  maxresidual < 1.00e-06took 47.215916s, relaxed dual: -4.185417, original: 1521.612100 

89 th thresholding


12 entries survived 
solving SDP...  breakyes=1.0,  maxresidual < 1.00e-06took 25.038427s, relaxed dual: -4.372045, original: 1520.645313 

90 th thresholding


12 entries survived 
solving SDP...  breakyes=1.4,  maxresidual < 1.00e-06took 42.477720s, relaxed dual: -4.185417, original: 1521.612100 

91 th thresholding


12 entries survived 
solving SDP...  breakyes=1.0,  maxresidual < 1.00e-06took 24.800168s, relaxed dual: -4.372045, original: 1520.645313 

92 th thresholding


12 entries survived 
solving SDP...  breakyes=1.4,  maxresidual < 1.00e-06took 43.381112s, relaxed dual: -4.185417, original: 1521.612100 

93 th thresholding


12 entries survived 
solving SDP...  breakyes=1.0,  maxresidual < 1.00e-06took 24.614196s, relaxed dual: -4.372045, original: 1520.645313 

94 th thresholding


12 entries survived 
solving SDP...  breakyes=1.4,  maxresidual < 1.00e-06took 43.189987s, relaxed dual: -4.185417, original: 1521.612100 

95 th thresholding


12 entries survived 
solving SDP...  breakyes=1.0,  maxresidual < 1.00e-06took 24.576842s, relaxed dual: -4.372045, original: 1520.645313 

96 th thresholding


12 entries survived 
solving SDP...  breakyes=1.4,  maxresidual < 1.00e-06took 45.020705s, relaxed dual: -4.185417, original: 1521.612100 

97 th thresholding


12 entries survived 
solving SDP...  breakyes=1.0,  maxresidual < 1.00e-06took 24.933075s, relaxed dual: -4.372045, original: 1520.645313 

98 th thresholding


12 entries survived 
solving SDP...  breakyes=1.4,  maxresidual < 1.00e-06took 42.939294s, relaxed dual: -4.185417, original: 1521.612100 

99 th thresholding


12 entries survived 
solving SDP...  breakyes=1.0,  maxresidual < 1.00e-06took 23.840961s, relaxed dual: -4.372045, original: 1520.645313 

100 th thresholding


12 entries survived 
solving SDP...  breakyes=1.4,  maxresidual < 1.00e-06took 44.216893s, relaxed dual: -4.185417, original: 1521.612100 

 final iteration = 100 
n_row =

  int32

   100


ans =

  101x12 table

    rep    iter    sep    dim    rho    sparsity     acc     obj_prim    obj_dual    obj_original    discov_true    discov_false
    ___    ____    ___    ___    ___    ________    _____    ________    ________    ____________    ___________    ____________

    24       0      4     400    0.2       10         0.9          0           0             0            0              0      
    24       1      4     400    0.2       10       0.956    -4.8531     -4.8531        1510.4           10              3      
    24       2      4     400    0.2       10       0.956    -4.0797     -4.0797          1517           10              2      
    24       3      4     400    0.2       10       0.958    -4.4945     -4.4945        1519.9           10              2      
    24       4      4     400    0.2       10       0.956    -3.9168     -3.9168        1518.4           10              2      
    24       5      4     400    0.2       10       0.962    -4.2316     -4.2316        1518.1           10              2      
    24       6      4     400    0.2       10       0.964    -3.8753     -3.8753        1521.6           10              2      
    24       7      4     400    0.2       10       0.966     -4.372      -4.372        1520.6           10              2      
    24       8      4     400    0.2       10       0.964    -4.1854     -4.1854        1521.6           10              2      
    24       9      4     400    0.2       10       0.966     -4.372      -4.372        1520.6           10              2      
    24      10      4     400    0.2       10       0.964    -4.1854     -4.1854        1521.6           10              2      
    24      11      4     400    0.2       10       0.966     -4.372      -4.372        1520.6           10              2      
    24      12      4     400    0.2       10       0.964    -4.1854     -4.1854        1521.6           10              2      
    24      13      4     400    0.2       10       0.966     -4.372      -4.372        1520.6           10              2      
    24      14      4     400    0.2       10       0.964    -4.1854     -4.1854        1521.6           10              2      
    24      15      4     400    0.2       10       0.966     -4.372      -4.372        1520.6           10              2      
    24      16      4     400    0.2       10       0.964    -4.1854     -4.1854        1521.6           10              2      
    24      17      4     400    0.2       10       0.966     -4.372      -4.372        1520.6           10              2      
    24      18      4     400    0.2       10       0.964    -4.1854     -4.1854        1521.6           10              2      
    24      19      4     400    0.2       10       0.966     -4.372      -4.372        1520.6           10              2      
    24      20      4     400    0.2       10       0.964    -4.1854     -4.1854        1521.6           10              2      
    24      21      4     400    0.2       10       0.966     -4.372      -4.372        1520.6           10              2      
    24      22      4     400    0.2       10       0.964    -4.1854     -4.1854        1521.6           10              2      
    24      23      4     400    0.2       10       0.966     -4.372      -4.372        1520.6           10              2      
    24      24      4     400    0.2       10       0.964    -4.1854     -4.1854        1521.6           10              2      
    24      25      4     400    0.2       10       0.966     -4.372      -4.372        1520.6           10              2      
    24      26      4     400    0.2       10       0.964    -4.1854     -4.1854        1521.6           10              2      
    24      27      4     400    0.2       10       0.966     -4.372      -4.372        1520.6           10              2      
    24      28      4     400    0.2       10       0.964    -4.1854     -4.1854        1521.6           10              2      
    24      29      4     400    0.2       10       0.966     -4.372      -4.372        1520.6           10              2      
    24      30      4     400    0.2       10       0.964    -4.1854     -4.1854        1521.6           10              2      
    24      31      4     400    0.2       10       0.966     -4.372      -4.372        1520.6           10              2      
    24      32      4     400    0.2       10       0.964    -4.1854     -4.1854        1521.6           10              2      
    24      33      4     400    0.2       10       0.966     -4.372      -4.372        1520.6           10              2      
    24      34      4     400    0.2       10       0.964    -4.1854     -4.1854        1521.6           10              2      
    24      35      4     400    0.2       10       0.966     -4.372      -4.372        1520.6           10              2      
    24      36      4     400    0.2       10       0.964    -4.1854     -4.1854        1521.6           10              2      
    24      37      4     400    0.2       10       0.966     -4.372      -4.372        1520.6           10              2      
    24      38      4     400    0.2       10       0.964    -4.1854     -4.1854        1521.6           10              2      
    24      39      4     400    0.2       10       0.966     -4.372      -4.372        1520.6           10              2      
    24      40      4     400    0.2       10       0.964    -4.1854     -4.1854        1521.6           10              2      
    24      41      4     400    0.2       10       0.966     -4.372      -4.372        1520.6           10              2      
    24      42      4     400    0.2       10       0.964    -4.1854     -4.1854        1521.6           10              2      
    24      43      4     400    0.2       10       0.966     -4.372      -4.372        1520.6           10              2      
    24      44      4     400    0.2       10       0.964    -4.1854     -4.1854        1521.6           10              2      
    24      45      4     400    0.2       10       0.966     -4.372      -4.372        1520.6           10              2      
    24      46      4     400    0.2       10       0.964    -4.1854     -4.1854        1521.6           10              2      
    24      47      4     400    0.2       10       0.966     -4.372      -4.372        1520.6           10              2      
    24      48      4     400    0.2       10       0.964    -4.1854     -4.1854        1521.6           10              2      
    24      49      4     400    0.2       10       0.966     -4.372      -4.372        1520.6           10              2      
    24      50      4     400    0.2       10       0.964    -4.1854     -4.1854        1521.6           10              2      
    24      51      4     400    0.2       10       0.966     -4.372      -4.372        1520.6           10              2      
    24      52      4     400    0.2       10       0.964    -4.1854     -4.1854        1521.6           10              2      
    24      53      4     400    0.2       10       0.966     -4.372      -4.372        1520.6           10              2      
    24      54      4     400    0.2       10       0.964    -4.1854     -4.1854        1521.6           10              2      
    24      55      4     400    0.2       10       0.966     -4.372      -4.372        1520.6           10              2      
    24      56      4     400    0.2       10       0.964    -4.1854     -4.1854        1521.6           10              2      
    24      57      4     400    0.2       10       0.966     -4.372      -4.372        1520.6           10              2      
    24      58      4     400    0.2       10       0.964    -4.1854     -4.1854        1521.6           10              2      
    24      59      4     400    0.2       10       0.966     -4.372      -4.372        1520.6           10              2      
    24      60      4     400    0.2       10       0.964    -4.1854     -4.1854        1521.6           10              2      
    24      61      4     400    0.2       10       0.966     -4.372      -4.372        1520.6           10              2      
    24      62      4     400    0.2       10       0.964    -4.1854     -4.1854        1521.6           10              2      
    24      63      4     400    0.2       10       0.966     -4.372      -4.372        1520.6           10              2      
    24      64      4     400    0.2       10       0.964    -4.1854     -4.1854        1521.6           10              2      
    24      65      4     400    0.2       10       0.966     -4.372      -4.372        1520.6           10              2      
    24      66      4     400    0.2       10       0.964    -4.1854     -4.1854        1521.6           10              2      
    24      67      4     400    0.2       10       0.966     -4.372      -4.372        1520.6           10              2      
    24      68      4     400    0.2       10       0.964    -4.1854     -4.1854        1521.6           10              2      
    24      69      4     400    0.2       10       0.966     -4.372      -4.372        1520.6           10              2      
    24      70      4     400    0.2       10       0.964    -4.1854     -4.1854        1521.6           10              2      
    24      71      4     400    0.2       10       0.966     -4.372      -4.372        1520.6           10              2      
    24      72      4     400    0.2       10       0.964    -4.1854     -4.1854        1521.6           10              2      
    24      73      4     400    0.2       10       0.966     -4.372      -4.372        1520.6           10              2      
    24      74      4     400    0.2       10       0.964    -4.1854     -4.1854        1521.6           10              2      
    24      75      4     400    0.2       10       0.966     -4.372      -4.372        1520.6           10              2      
    24      76      4     400    0.2       10       0.964    -4.1854     -4.1854        1521.6           10              2      
    24      77      4     400    0.2       10       0.966     -4.372      -4.372        1520.6           10              2      
    24      78      4     400    0.2       10       0.964    -4.1854     -4.1854        1521.6           10              2      
    24      79      4     400    0.2       10       0.966     -4.372      -4.372        1520.6           10              2      
    24      80      4     400    0.2       10       0.964    -4.1854     -4.1854        1521.6           10              2      
    24      81      4     400    0.2       10       0.966     -4.372      -4.372        1520.6           10              2      
    24      82      4     400    0.2       10       0.964    -4.1854     -4.1854        1521.6           10              2      
    24      83      4     400    0.2       10       0.966     -4.372      -4.372        1520.6           10              2      
    24      84      4     400    0.2       10       0.964    -4.1854     -4.1854        1521.6           10              2      
    24      85      4     400    0.2       10       0.966     -4.372      -4.372        1520.6           10              2      
    24      86      4     400    0.2       10       0.964    -4.1854     -4.1854        1521.6           10              2      
    24      87      4     400    0.2       10       0.966     -4.372      -4.372        1520.6           10              2      
    24      88      4     400    0.2       10       0.964    -4.1854     -4.1854        1521.6           10              2      
    24      89      4     400    0.2       10       0.966     -4.372      -4.372        1520.6           10              2      
    24      90      4     400    0.2       10       0.964    -4.1854     -4.1854        1521.6           10              2      
    24      91      4     400    0.2       10       0.966     -4.372      -4.372        1520.6           10              2      
    24      92      4     400    0.2       10       0.964    -4.1854     -4.1854        1521.6           10              2      
    24      93      4     400    0.2       10       0.966     -4.372      -4.372        1520.6           10              2      
    24      94      4     400    0.2       10       0.964    -4.1854     -4.1854        1521.6           10              2      
    24      95      4     400    0.2       10       0.966     -4.372      -4.372        1520.6           10              2      
    24      96      4     400    0.2       10       0.964    -4.1854     -4.1854        1521.6           10              2      
    24      97      4     400    0.2       10       0.966     -4.372      -4.372        1520.6           10              2      
    24      98      4     400    0.2       10       0.964    -4.1854     -4.1854        1521.6           10              2      
    24      99      4     400    0.2       10       0.966     -4.372      -4.372        1520.6           10              2      
    24     100      4     400    0.2       10       0.964    -4.1854     -4.1854        1521.6           10              2      

