==========================================
SLURM_JOB_ID = 20660765
SLURM_JOB_NODELIST = a01-07
TMPDIR = /tmp/SLURM_20660765
==========================================
hello
Starting parallel pool (parpool) ...
Connected to the parallel pool (number of workers: 15).

pool = 

 ProcessPool with properties: 

            Connected: true
           NumWorkers: 15
                 Busy: false
              Cluster: Local
        AttachedFiles: {}
    AutoAddClientPath: true
            FileStore: [1x1 parallel.FileStore]
           ValueStore: [1x1 parallel.ValueStore]
          IdleTimeout: 30 minutes (30 minutes remaining)
          SpmdEnabled: true


p =

   200


Delta =

     4


s =

    10


n =

   500


table_name =

    'sparse_kmeans_isee_dirty'


rho =

    0.2000


M =

    0.7341

delta confirmed: 4.000000
ans =

    3.4740


init_method =

    'spec'


rep =

    13

replication: (13)th 


1 th thresholding


12 entries survived 
solving SDP...  breakyes=1.0,  maxresidual < 1.00e-06took 40.392585s, relaxed dual: -4.949948, original: 1632.416027 

2 th thresholding


10 entries survived 
solving SDP...  breakyes=1.0,  maxresidual < 1.00e-06took 52.919083s, relaxed dual: -4.548360, original: 1621.336183 

3 th thresholding


10 entries survived 
solving SDP...  breakyes=1.0,  maxresidual < 1.00e-06took 52.280541s, relaxed dual: -4.548360, original: 1621.336183 

 final iteration = 3 
n_row =

  int32

   3


ans =

  4x12 table

    rep    iter    sep    dim    rho    sparsity     acc     obj_prim    obj_dual    obj_original    discov_true    discov_false
    ___    ____    ___    ___    ___    ________    _____    ________    ________    ____________    ___________    ____________

    13      0       4     200    0.2       10        0.95          0           0             0            0              0      
    13      1       4     200    0.2       10       0.976    -4.9499     -4.9499        1632.4           10              2      
    13      2       4     200    0.2       10       0.976    -4.5484     -4.5484        1621.3           10              0      
    13      3       4     200    0.2       10       0.976    -4.5484     -4.5484        1621.3           10              0      


rep =

    14

replication: (14)th 


1 th thresholding


12 entries survived 
solving SDP...  breakyes=1.0,  maxresidual < 1.00e-06took 39.646885s, relaxed dual: -4.102231, original: 1553.907086 

2 th thresholding


12 entries survived 
solving SDP...  breakyes=1.0,  maxresidual < 1.00e-06took 49.526948s, relaxed dual: -3.801629, original: 1553.907086 

3 th thresholding


12 entries survived 
solving SDP...  breakyes=1.0,  maxresidual < 1.00e-06took 44.971480s, relaxed dual: -3.801629, original: 1553.907086 

 final iteration = 3 
n_row =

  int32

   3


ans =

  4x12 table

    rep    iter    sep    dim    rho    sparsity     acc     obj_prim    obj_dual    obj_original    discov_true    discov_false
    ___    ____    ___    ___    ___    ________    _____    ________    ________    ____________    ___________    ____________

    14      0       4     200    0.2       10        0.94          0           0             0            0              0      
    14      1       4     200    0.2       10       0.978    -4.1022     -4.1022        1553.9           10              2      
    14      2       4     200    0.2       10       0.978    -3.8016     -3.8016        1553.9           10              2      
    14      3       4     200    0.2       10       0.978    -3.8016     -3.8016        1553.9           10              2      


rep =

    15

replication: (15)th 


1 th thresholding


14 entries survived 
solving SDP...  breakyes=1.0,  maxresidual < 1.00e-06took 29.070994s, relaxed dual: -4.184722, original: 1631.896949 

2 th thresholding


11 entries survived 
solving SDP...  breakyes=1.3,  maxresidual < 1.00e-06took 50.838281s, relaxed dual: -3.902743, original: 1613.855140 

3 th thresholding


11 entries survived 
solving SDP...  breakyes=1.0,  maxresidual < 1.00e-06took 50.760366s, relaxed dual: -3.944139, original: 1613.855140 

4 th thresholding


11 entries survived 
solving SDP...  breakyes=1.0,  maxresidual < 1.00e-06took 55.329883s, relaxed dual: -3.944139, original: 1613.855140 

 final iteration = 4 
n_row =

  int32

   4


ans =

  5x12 table

    rep    iter    sep    dim    rho    sparsity     acc     obj_prim    obj_dual    obj_original    discov_true    discov_false
    ___    ____    ___    ___    ___    ________    _____    ________    ________    ____________    ___________    ____________

    15      0       4     200    0.2       10       0.954          0           0             0            0              0      
    15      1       4     200    0.2       10       0.982    -4.1847     -4.1847        1631.9           10              4      
    15      2       4     200    0.2       10       0.986    -3.9027     -3.9027        1613.9           10              1      
    15      3       4     200    0.2       10       0.986    -3.9441     -3.9441        1613.9           10              1      
    15      4       4     200    0.2       10       0.986    -3.9441     -3.9441        1613.9           10              1      


rep =

    16

replication: (16)th 


1 th thresholding


13 entries survived 
solving SDP...  breakyes=1.0,  maxresidual < 1.00e-06took 14.570028s, relaxed dual: -4.698164, original: 1500.892585 

2 th thresholding


13 entries survived 
solving SDP...  breakyes=1.0,  maxresidual < 1.00e-06took 25.703567s, relaxed dual: -3.874568, original: 1506.570326 

3 th thresholding


11 entries survived 
solving SDP...  breakyes=1.0,  maxresidual < 1.00e-06took 54.084175s, relaxed dual: -3.957530, original: 1489.353719 

4 th thresholding


12 entries survived 
solving SDP...  breakyes=3.2,  dualfeasorg deteriorated too much: primfeasorg=1.38e-06,dualfeasorg=4.26e-05took 52.946756s, relaxed dual: -4.160329, original: 1497.236782 

5 th thresholding


12 entries survived 
solving SDP...  breakyes=1.0,  maxresidual < 1.00e-06took 57.294914s, relaxed dual: -4.263877, original: 1489.178877 

6 th thresholding


10 entries survived 
solving SDP...  breakyes=1.0,  maxresidual < 1.00e-06took 44.287149s, relaxed dual: -4.654569, original: 1472.977859 

7 th thresholding


12 entries survived 
solving SDP...  breakyes=1.0,  maxresidual < 1.00e-06took 39.224341s, relaxed dual: -4.319809, original: 1496.967478 

8 th thresholding


12 entries survived 
solving SDP...  breakyes=1.0,  maxresidual < 1.00e-06took 37.989174s, relaxed dual: -4.526345, original: 1500.242346 

9 th thresholding


12 entries survived 
solving SDP...  breakyes=1.0,  maxresidual < 1.00e-06took 36.707670s, relaxed dual: -4.526345, original: 1500.242346 

 final iteration = 9 
n_row =

  int32

   9


ans =

  10x12 table

    rep    iter    sep    dim    rho    sparsity     acc     obj_prim    obj_dual    obj_original    discov_true    discov_false
    ___    ____    ___    ___    ___    ________    _____    ________    ________    ____________    ___________    ____________

    16      0       4     200    0.2       10       0.908          0           0             0            0              0      
    16      1       4     200    0.2       10       0.956    -4.6981     -4.6982        1500.9           10              3      
    16      2       4     200    0.2       10       0.956    -3.8746     -3.8746        1506.6           10              3      
    16      3       4     200    0.2       10       0.954    -3.9575     -3.9575        1489.4           10              1      
    16      4       4     200    0.2       10        0.95    -4.1603     -4.1603        1497.2           10              2      
    16      5       4     200    0.2       10       0.946    -4.2639     -4.2639        1489.2           10              2      
    16      6       4     200    0.2       10       0.946    -4.6546     -4.6546          1473           10              0      
    16      7       4     200    0.2       10       0.952    -4.3198     -4.3198          1497           10              2      
    16      8       4     200    0.2       10       0.952    -4.5263     -4.5263        1500.2           10              2      
    16      9       4     200    0.2       10       0.952    -4.5263     -4.5263        1500.2           10              2      

