==========================================
SLURM_JOB_ID = 20661897
SLURM_JOB_NODELIST = a01-13
TMPDIR = /tmp/SLURM_20661897
==========================================
hello
Starting parallel pool (parpool) ...
Connected to the parallel pool (number of workers: 15).

pool = 

 ProcessPool with properties: 

            Connected: true
           NumWorkers: 15
                 Busy: false
              Cluster: Local
        AttachedFiles: {}
    AutoAddClientPath: true
            FileStore: [1x1 parallel.FileStore]
           ValueStore: [1x1 parallel.ValueStore]
          IdleTimeout: 30 minutes (30 minutes remaining)
          SpmdEnabled: true


p =

   400


Delta =

     4


s =

    10


n =

   500


table_name =

    'sparse_kmeans_isee_dirty'


rho =

    0.3500


M =

    0.7942

delta confirmed: 4.000000
ans =

    3.3562


init_method =

    'spec'


rep =

    17

replication: (17)th 


1 th thresholding


25 entries survived 
solving SDP...  breakyes=1.4,  maxresidual < 1.00e-06took 57.809068s, relaxed dual: -4.139157, original: 966.320292 

2 th thresholding


12 entries survived 
solving SDP...  breakyes=1.0,  maxresidual < 1.00e-06took 14.246151s, relaxed dual: -6.326936, original: 1287.060892 

3 th thresholding


12 entries survived 
solving SDP...  breakyes=1.4,  maxresidual < 1.00e-06took 20.818218s, relaxed dual: -7.436339, original: 1403.306954 

4 th thresholding


11 entries survived 
solving SDP...  breakyes=1.0,  maxresidual < 1.00e-06took 13.580119s, relaxed dual: -6.649261, original: 1396.445910 

5 th thresholding


12 entries survived 
solving SDP...  breakyes=1.0,  maxresidual < 1.00e-06took 14.411461s, relaxed dual: -6.349412, original: 1410.446102 

6 th thresholding


11 entries survived 
solving SDP...  breakyes=1.4,  maxresidual < 1.00e-06took 21.687301s, relaxed dual: -6.354136, original: 1390.603467 

7 th thresholding


11 entries survived 
solving SDP...  breakyes=1.4,  maxresidual < 1.00e-06took 20.628203s, relaxed dual: -6.353874, original: 1387.374897 

 final iteration = 7 
n_row =

  int32

   7


ans =

  8x12 table

    rep    iter    sep    dim    rho     sparsity     acc     obj_prim    obj_dual    obj_original    discov_true    discov_false
    ___    ____    ___    ___    ____    ________    _____    ________    ________    ____________    ___________    ____________

    17      0       4     400    0.35       10       0.626          0           0             0            0               0     
    17      1       4     400    0.35       10       0.794    -4.1392     -4.1392        966.32            4              21     
    17      2       4     400    0.35       10       0.924    -6.3269     -6.3269        1287.1            9               3     
    17      3       4     400    0.35       10       0.954    -7.4363     -7.4363        1403.3           10               2     
    17      4       4     400    0.35       10        0.96    -6.6493     -6.6493        1396.4           10               1     
    17      5       4     400    0.35       10       0.956    -6.3494     -6.3494        1410.4           10               2     
    17      6       4     400    0.35       10       0.956    -6.3541     -6.3541        1390.6           10               1     
    17      7       4     400    0.35       10        0.96    -6.3539     -6.3539        1387.4           10               1     


rep =

    18

replication: (18)th 


1 th thresholding


23 entries survived 
solving SDP...  breakyes=1.4,  maxresidual < 1.00e-06took 42.335506s, relaxed dual: -3.080944, original: 603.868785 

2 th thresholding


17 entries survived 
solving SDP...  breakyes=3.2,  dualfeasorg deteriorated too much: primfeasorg=1.18e-06,dualfeasorg=4.68e-05took 23.950435s, relaxed dual: -2.844409, original: 546.643542 

3 th thresholding


11 entries survived 
solving SDP...  breakyes=3.2,  dualfeasorg deteriorated too much: primfeasorg=7.00e-07,dualfeasorg=4.39e-05took 40.153227s, relaxed dual: -2.671357, original: 443.327875 

4 th thresholding


11 entries survived 
solving SDP...  breakyes=1.3,  maxresidual < 1.00e-06took 43.383360s, relaxed dual: -2.587140, original: 446.711171 

5 th thresholding


6 entries survived 
solving SDP...  breakyes=1.4,  maxresidual < 1.00e-06took 58.151819s, relaxed dual: -2.263263, original: 548.126045 

6 th thresholding


11 entries survived 
solving SDP...  breakyes=1.4,  maxresidual < 1.00e-06took 79.520799s, relaxed dual: -2.719260, original: 614.669750 

7 th thresholding


15 entries survived 
solving SDP...  breakyes=3.2,  dualfeasorg deteriorated too much: primfeasorg=1.37e-06,dualfeasorg=4.16e-05took 21.405723s, relaxed dual: -2.739687, original: 510.005413 

8 th thresholding


12 entries survived 
solving SDP...  breakyes=4.1,  primfeasorg stagnate, 0.00e+00took 49.408075s, relaxed dual: -3.001563, original: 580.121108 

9 th thresholding


11 entries survived 
solving SDP...  breakyes=3.2,  dualfeasorg deteriorated too much: primfeasorg=6.89e-07,dualfeasorg=4.44e-05took 51.777762s, relaxed dual: -2.845824, original: 788.821669 

10 th thresholding


13 entries survived 
solving SDP...  breakyes=1.0,  maxresidual < 1.00e-06took 11.213921s, relaxed dual: -7.231494, original: 1337.080294 

11 th thresholding


11 entries survived 
solving SDP...  breakyes=1.0,  maxresidual < 1.00e-06took 20.254686s, relaxed dual: -5.701020, original: 1350.317460 

12 th thresholding


10 entries survived 
solving SDP...  breakyes=1.4,  maxresidual < 1.00e-06took 17.500185s, relaxed dual: -5.323372, original: 1341.222003 

13 th thresholding


10 entries survived 
solving SDP...  breakyes=1.0,  maxresidual < 1.00e-06took 14.115909s, relaxed dual: -5.396022, original: 1341.222003 

14 th thresholding


10 entries survived 
solving SDP...  breakyes=1.0,  maxresidual < 1.00e-06took 12.908860s, relaxed dual: -5.396022, original: 1341.222003 

 final iteration = 14 
n_row =

  int32

   14


ans =

  15x12 table

    rep    iter    sep    dim    rho     sparsity     acc     obj_prim    obj_dual    obj_original    discov_true    discov_false
    ___    ____    ___    ___    ____    ________    _____    ________    ________    ____________    ___________    ____________

    18       0      4     400    0.35       10       0.504          0           0             0            0               0     
    18       1      4     400    0.35       10       0.502     -3.081     -3.0809        603.87            0              23     
    18       2      4     400    0.35       10       0.504    -2.8444     -2.8444        546.64            0              17     
    18       3      4     400    0.35       10       0.506    -2.6714     -2.6714        443.33            0              11     
    18       4      4     400    0.35       10       0.504    -2.5872     -2.5871        446.71            0              11     
    18       5      4     400    0.35       10       0.502    -2.2633     -2.2633        548.13            0               6     
    18       6      4     400    0.35       10       0.524    -2.7193     -2.7193        614.67            0              11     
    18       7      4     400    0.35       10       0.542    -2.7397     -2.7397        510.01            2              13     
    18       8      4     400    0.35       10       0.644    -3.0016     -3.0016        580.12            4               8     
    18       9      4     400    0.35       10       0.852    -2.8458     -2.8458        788.82            6               5     
    18      10      4     400    0.35       10       0.978    -7.2315     -7.2315        1337.1           10               3     
    18      11      4     400    0.35       10       0.986     -5.701      -5.701        1350.3           10               1     
    18      12      4     400    0.35       10       0.986    -5.3234     -5.3234        1341.2           10               0     
    18      13      4     400    0.35       10       0.986     -5.396      -5.396        1341.2           10               0     
    18      14      4     400    0.35       10       0.986     -5.396      -5.396        1341.2           10               0     


rep =

    19

replication: (19)th 


1 th thresholding


22 entries survived 
solving SDP...  breakyes=1.3,  maxresidual < 1.00e-06took 50.185249s, relaxed dual: -5.234288, original: 1365.191284 

2 th thresholding


15 entries survived 
solving SDP...  breakyes=1.0,  maxresidual < 1.00e-06took 15.015706s, relaxed dual: -7.161648, original: 1498.859785 

3 th thresholding


13 entries survived 
solving SDP...  breakyes=1.4,  maxresidual < 1.00e-06took 22.263979s, relaxed dual: -7.249514, original: 1488.980584 

4 th thresholding


14 entries survived 
solving SDP...  breakyes=1.4,  maxresidual < 1.00e-06took 18.915581s, relaxed dual: -6.378302, original: 1505.814398 

5 th thresholding


14 entries survived 
solving SDP...  breakyes=1.0,  maxresidual < 1.00e-06took 19.288384s, relaxed dual: -6.793184, original: 1509.261059 

6 th thresholding


14 entries survived 
solving SDP...  breakyes=1.0,  maxresidual < 1.00e-06took 19.623187s, relaxed dual: -6.933484, original: 1509.261059 

7 th thresholding


14 entries survived 
solving SDP...  breakyes=1.0,  maxresidual < 1.00e-06took 20.837909s, relaxed dual: -6.933484, original: 1509.261059 

 final iteration = 7 
n_row =

  int32

   7


ans =

  8x12 table

    rep    iter    sep    dim    rho     sparsity     acc     obj_prim    obj_dual    obj_original    discov_true    discov_false
    ___    ____    ___    ___    ____    ________    _____    ________    ________    ____________    ___________    ____________

    19      0       4     400    0.35       10       0.722          0           0             0            0               0     
    19      1       4     400    0.35       10        0.88    -5.2343     -5.2343        1365.2            7              15     
    19      2       4     400    0.35       10       0.964    -7.1616     -7.1616        1498.9           10               5     
    19      3       4     400    0.35       10       0.968    -7.2495     -7.2495          1489           10               3     
    19      4       4     400    0.35       10       0.982    -6.3783     -6.3783        1505.8           10               4     
    19      5       4     400    0.35       10       0.984    -6.7932     -6.7932        1509.3           10               4     
    19      6       4     400    0.35       10       0.984    -6.9335     -6.9335        1509.3           10               4     
    19      7       4     400    0.35       10       0.984    -6.9335     -6.9335        1509.3           10               4     


rep =

    20

replication: (20)th 


1 th thresholding


19 entries survived 
solving SDP...  breakyes=1.4,  maxresidual < 1.00e-06took 20.771654s, relaxed dual: -6.291286, original: 1487.814002 

2 th thresholding


11 entries survived 
solving SDP...  breakyes=1.0,  maxresidual < 1.00e-06took 13.631133s, relaxed dual: -7.562800, original: 1516.102572 

3 th thresholding


12 entries survived 
solving SDP...  breakyes=1.0,  maxresidual < 1.00e-06took 14.493298s, relaxed dual: -7.807448, original: 1539.577395 

4 th thresholding


12 entries survived 
solving SDP...  breakyes=1.4,  maxresidual < 1.00e-06took 26.450829s, relaxed dual: -7.481452, original: 1542.882660 

5 th thresholding


11 entries survived 
solving SDP...  breakyes=3.2,  dualfeasorg deteriorated too much: primfeasorg=1.84e-06,dualfeasorg=2.17e-05took 14.765788s, relaxed dual: -7.517631, original: 1535.473728 

 final iteration = 5 
n_row =

  int32

   5


ans =

  6x12 table

    rep    iter    sep    dim    rho     sparsity     acc     obj_prim    obj_dual    obj_original    discov_true    discov_false
    ___    ____    ___    ___    ____    ________    _____    ________    ________    ____________    ___________    ____________

    20      0       4     400    0.35       10       0.756          0           0             0            0               0     
    20      1       4     400    0.35       10       0.896    -6.2913     -6.2913        1487.8            8              11     
    20      2       4     400    0.35       10       0.968    -7.5628     -7.5628        1516.1           10               1     
    20      3       4     400    0.35       10       0.972    -7.8074     -7.8074        1539.6           10               2     
    20      4       4     400    0.35       10       0.976    -7.4815     -7.4815        1542.9           10               2     
    20      5       4     400    0.35       10       0.976    -7.5176     -7.5176        1535.5           10               1     

