==========================================
SLURM_JOB_ID = 20662625
SLURM_JOB_NODELIST = d17-31
TMPDIR = /tmp/SLURM_20662625
==========================================
hello
Starting parallel pool (parpool) ...
Connected to the parallel pool (number of workers: 15).

pool = 

 ProcessPool with properties: 

            Connected: true
           NumWorkers: 15
                 Busy: false
              Cluster: Local
        AttachedFiles: {}
    AutoAddClientPath: true
            FileStore: [1x1 parallel.FileStore]
           ValueStore: [1x1 parallel.ValueStore]
          IdleTimeout: 30 minutes (30 minutes remaining)
          SpmdEnabled: true


p =

   300


Delta =

     4


s =

    10


n =

   500


table_name =

    'sparse_kmeans_isee_dirty'


rho =

    0.4500


M =

    0.8161

delta confirmed: 4.000000
ans =

    4.0684


init_method =

    'spec'


rep =

    17

replication: (17)th 


1 th thresholding


15 entries survived 
solving SDP...  breakyes=1.4,  maxresidual < 1.00e-06took 34.113451s, relaxed dual: -4.712877, original: 601.325093 

2 th thresholding


13 entries survived 
solving SDP...  breakyes=4.1,  primfeasorg stagnate, 0.00e+00took 85.610652s, relaxed dual: -3.963026, original: 510.387627 

3 th thresholding


15 entries survived 
solving SDP...  breakyes=1.3,  maxresidual < 1.00e-06took 56.226861s, relaxed dual: -3.913906, original: 816.460933 

4 th thresholding


11 entries survived 
solving SDP...  breakyes=1.4,  maxresidual < 1.00e-06took 73.506535s, relaxed dual: -3.817448, original: 502.858275 

5 th thresholding


9 entries survived 
solving SDP...  breakyes=1.4,  maxresidual < 1.00e-06took 50.572690s, relaxed dual: -3.148331, original: 655.368970 

6 th thresholding


9 entries survived 
solving SDP...  breakyes=4.1,  primfeasorg stagnate, 0.00e+00took 84.885745s, relaxed dual: -3.604425, original: 1165.580759 

7 th thresholding


10 entries survived 
solving SDP...  breakyes=3.2,  dualfeasorg deteriorated too much: primfeasorg=1.12e-06,dualfeasorg=4.23e-05took 72.545131s, relaxed dual: -3.659249, original: 611.743884 

8 th thresholding


11 entries survived 
solving SDP...  breakyes=1.4,  maxresidual < 1.00e-06took 78.773012s, relaxed dual: -3.749173, original: 606.176430 

9 th thresholding


13 entries survived 
solving SDP...  breakyes=3.2,  dualfeasorg deteriorated too much: primfeasorg=2.56e-06,dualfeasorg=4.31e-05took 153.378907s, relaxed dual: -3.393415, original: 613.960687 

10 th thresholding


12 entries survived 
solving SDP...  breakyes=3.2,  dualfeasorg deteriorated too much: primfeasorg=1.21e-06,dualfeasorg=5.71e-05took 67.906554s, relaxed dual: -3.417432, original: 643.096547 

11 th thresholding


10 entries survived 
solving SDP...  breakyes=4.1,  primfeasorg stagnate, 0.00e+00took 95.387927s, relaxed dual: -4.459523, original: 1010.326386 

12 th thresholding


11 entries survived 
solving SDP...  breakyes=1.0,  maxresidual < 1.00e-06took 25.469302s, relaxed dual: -8.469027, original: 1571.554120 

13 th thresholding


12 entries survived 
solving SDP...  breakyes=1.0,  maxresidual < 1.00e-06took 24.949727s, relaxed dual: -8.889306, original: 1568.182750 

14 th thresholding


12 entries survived 
solving SDP...  breakyes=1.0,  maxresidual < 1.00e-06took 29.437230s, relaxed dual: -8.983570, original: 1562.411397 

15 th thresholding


12 entries survived 
solving SDP...  breakyes=1.0,  maxresidual < 1.00e-06took 43.977584s, relaxed dual: -7.714752, original: 1596.480370 

16 th thresholding


12 entries survived 
solving SDP...  breakyes=1.4,  maxresidual < 1.00e-06took 32.840341s, relaxed dual: -7.331163, original: 1651.792128 

17 th thresholding


13 entries survived 
solving SDP...  breakyes=1.4,  maxresidual < 1.00e-06took 31.696041s, relaxed dual: -7.677813, original: 1671.480986 

18 th thresholding


13 entries survived 
solving SDP...  breakyes=1.0,  maxresidual < 1.00e-06took 40.094333s, relaxed dual: -7.791368, original: 1677.485061 

19 th thresholding


15 entries survived 
solving SDP...  breakyes=1.0,  maxresidual < 1.00e-06took 19.992741s, relaxed dual: -8.321627, original: 1704.268623 

20 th thresholding


17 entries survived 
solving SDP...  breakyes=1.0,  maxresidual < 1.00e-06took 25.087925s, relaxed dual: -8.480412, original: 1712.941023 

21 th thresholding


16 entries survived 
solving SDP...  breakyes=1.4,  maxresidual < 1.00e-06took 29.764637s, relaxed dual: -8.042908, original: 1703.262883 

22 th thresholding


16 entries survived 
solving SDP...  breakyes=1.0,  maxresidual < 1.00e-06took 31.985570s, relaxed dual: -8.828586, original: 1711.051211 

23 th thresholding


16 entries survived 
solving SDP...  breakyes=1.0,  maxresidual < 1.00e-06took 32.372838s, relaxed dual: -8.828586, original: 1711.051211 

 final iteration = 23 
n_row =

  int32

   23


ans =

  24x12 table

    rep    iter    sep    dim    rho     sparsity     acc     obj_prim    obj_dual    obj_original    discov_true    discov_false
    ___    ____    ___    ___    ____    ________    _____    ________    ________    ____________    ___________    ____________

    17       0      4     300    0.45       10       0.532          0           0             0            0               0     
    17       1      4     300    0.45       10       0.516    -4.7129     -4.7129        601.33            0              15     
    17       2      4     300    0.45       10       0.518     -3.963      -3.963        510.39            0              13     
    17       3      4     300    0.45       10       0.524    -3.9139     -3.9139        816.46            1              14     
    17       4      4     300    0.45       10        0.52    -3.8175     -3.8174        502.86            0              11     
    17       5      4     300    0.45       10       0.506    -3.1483     -3.1483        655.37            0               9     
    17       6      4     300    0.45       10       0.504    -3.6045     -3.6044        1165.6            0               9     
    17       7      4     300    0.45       10        0.53    -3.6593     -3.6592        611.74            0              10     
    17       8      4     300    0.45       10       0.564    -3.7492     -3.7492        606.18            1              10     
    17       9      4     300    0.45       10       0.564    -3.3934     -3.3934        613.96            2              11     
    17      10      4     300    0.45       10       0.642    -3.4175     -3.4174         643.1            2              10     
    17      11      4     300    0.45       10        0.79    -4.4596     -4.4595        1010.3            7               3     
    17      12      4     300    0.45       10       0.884     -8.469      -8.469        1571.6            9               2     
    17      13      4     300    0.45       10       0.914    -8.8893     -8.8893        1568.2           10               2     
    17      14      4     300    0.45       10       0.924    -8.9836     -8.9836        1562.4           10               2     
    17      15      4     300    0.45       10       0.928    -7.7147     -7.7148        1596.5           10               2     
    17      16      4     300    0.45       10        0.93    -7.3312     -7.3312        1651.8           10               2     
    17      17      4     300    0.45       10       0.932    -7.6778     -7.6778        1671.5           10               3     
    17      18      4     300    0.45       10       0.938    -7.7914     -7.7914        1677.5           10               3     
    17      19      4     300    0.45       10       0.934    -8.3216     -8.3216        1704.3           10               5     
    17      20      4     300    0.45       10       0.932    -8.4804     -8.4804        1712.9           10               7     
    17      21      4     300    0.45       10        0.93    -8.0429     -8.0429        1703.3           10               6     
    17      22      4     300    0.45       10        0.93    -8.8286     -8.8286        1711.1           10               6     
    17      23      4     300    0.45       10        0.93    -8.8286     -8.8286        1711.1           10               6     


rep =

    18

replication: (18)th 


1 th thresholding


12 entries survived 
solving SDP...  breakyes=3.2,  dualfeasorg deteriorated too much: primfeasorg=6.68e-07,dualfeasorg=4.56e-05took 74.476367s, relaxed dual: -4.689780, original: 1043.176617 

2 th thresholding


13 entries survived 
solving SDP...  breakyes=4.1,  primfeasorg stagnate, 0.00e+00took 71.614430s, relaxed dual: -5.215292, original: 1529.611115 

3 th thresholding


13 entries survived 
solving SDP...  breakyes=1.0,  maxresidual < 1.00e-06took 24.645666s, relaxed dual: -8.409418, original: 1675.995950 

4 th thresholding


13 entries survived 
solving SDP...  breakyes=1.0,  maxresidual < 1.00e-06took 22.723707s, relaxed dual: -8.402934, original: 1689.987492 

 final iteration = 4 
n_row =

  int32

   4


ans =

  5x12 table

    rep    iter    sep    dim    rho     sparsity     acc     obj_prim    obj_dual    obj_original    discov_true    discov_false
    ___    ____    ___    ___    ____    ________    _____    ________    ________    ____________    ___________    ____________

    18      0       4     300    0.45       10       0.602          0           0             0            0              0      
    18      1       4     300    0.45       10       0.746    -4.6898     -4.6898        1043.2            3              9      
    18      2       4     300    0.45       10       0.894    -5.2153     -5.2153        1529.6            8              5      
    18      3       4     300    0.45       10       0.944    -8.4094     -8.4094          1676           10              3      
    18      4       4     300    0.45       10       0.952    -8.4029     -8.4029          1690           10              3      


rep =

    19

replication: (19)th 


1 th thresholding


16 entries survived 
solving SDP...  breakyes=3.2,  dualfeasorg deteriorated too much: primfeasorg=9.98e-07,dualfeasorg=5.34e-05took 70.169757s, relaxed dual: -5.780701, original: 1798.442980 

2 th thresholding


15 entries survived 
solving SDP...  breakyes=1.0,  maxresidual < 1.00e-06took 28.980798s, relaxed dual: -6.805451, original: 2274.055262 

3 th thresholding


12 entries survived 
solving SDP...  breakyes=1.0,  maxresidual < 1.00e-06took 21.537118s, relaxed dual: -6.952387, original: 1870.906335 

4 th thresholding


15 entries survived 
solving SDP...  breakyes=1.4,  maxresidual < 1.00e-06took 37.211757s, relaxed dual: -7.457199, original: 1939.494602 

5 th thresholding


13 entries survived 
solving SDP...  breakyes=1.0,  maxresidual < 1.00e-06took 25.176284s, relaxed dual: -9.131949, original: 1914.688003 

6 th thresholding


14 entries survived 
solving SDP...  breakyes=1.0,  maxresidual < 1.00e-06took 21.996123s, relaxed dual: -8.574983, original: 1938.098720 

7 th thresholding


14 entries survived 
solving SDP...  breakyes=3.2,  dualfeasorg deteriorated too much: primfeasorg=2.10e-06,dualfeasorg=4.78e-05took 52.410769s, relaxed dual: -7.673933, original: 1939.629498 

8 th thresholding


14 entries survived 
solving SDP...  breakyes=1.0,  maxresidual < 1.00e-06took 47.064586s, relaxed dual: -8.684144, original: 1940.379441 

9 th thresholding


14 entries survived 
solving SDP...  breakyes=3.2,  dualfeasorg deteriorated too much: primfeasorg=3.65e-06,dualfeasorg=1.73e-05took 12.527693s, relaxed dual: -8.640551, original: 1946.645714 

 final iteration = 9 
n_row =

  int32

   9


ans =

  10x12 table

    rep    iter    sep    dim    rho     sparsity     acc     obj_prim    obj_dual    obj_original    discov_true    discov_false
    ___    ____    ___    ___    ____    ________    _____    ________    ________    ____________    ___________    ____________

    19      0       4     300    0.45       10       0.636          0           0             0            0               0     
    19      1       4     300    0.45       10       0.802    -5.7807     -5.7807        1798.4            5              11     
    19      2       4     300    0.45       10       0.952    -6.8054     -6.8055        2274.1            9               6     
    19      3       4     300    0.45       10       0.978    -6.9524     -6.9524        1870.9           10               2     
    19      4       4     300    0.45       10       0.978    -7.4572     -7.4572        1939.5           10               5     
    19      5       4     300    0.45       10       0.976     -9.132     -9.1319        1914.7           10               3     
    19      6       4     300    0.45       10        0.98     -8.575      -8.575        1938.1           10               4     
    19      7       4     300    0.45       10       0.976     -7.674     -7.6739        1939.6           10               4     
    19      8       4     300    0.45       10       0.976    -8.6841     -8.6841        1940.4           10               4     
    19      9       4     300    0.45       10       0.974    -8.6405     -8.6406        1946.6           10               4     


rep =

    20

replication: (20)th 


1 th thresholding


15 entries survived 
solving SDP...  breakyes=3.2,  dualfeasorg deteriorated too much: primfeasorg=1.18e-06,dualfeasorg=4.46e-05took 65.738954s, relaxed dual: -6.985951, original: 1447.330385 

2 th thresholding


12 entries survived 
solving SDP...  breakyes=1.4,  maxresidual < 1.00e-06took 46.893614s, relaxed dual: -7.284655, original: 2034.910201 

3 th thresholding


15 entries survived 
solving SDP...  breakyes=1.0,  maxresidual < 1.00e-06took 19.605201s, relaxed dual: -8.623872, original: 2375.019736 

4 th thresholding


13 entries survived 
solving SDP...  breakyes=1.0,  maxresidual < 1.00e-06took 23.927514s, relaxed dual: -9.032720, original: 2064.222353 

5 th thresholding


13 entries survived 
solving SDP...  breakyes=1.0,  maxresidual < 1.00e-06took 26.654264s, relaxed dual: -8.681070, original: 2109.448932 

6 th thresholding


12 entries survived 
solving SDP...  breakyes=1.0,  maxresidual < 1.00e-06took 18.466502s, relaxed dual: -9.874697, original: 2045.809959 

7 th thresholding


12 entries survived 
solving SDP...  breakyes=1.0,  maxresidual < 1.00e-06took 23.433736s, relaxed dual: -9.321439, original: 2057.054625 

8 th thresholding


12 entries survived 
solving SDP...  breakyes=1.0,  maxresidual < 1.00e-06took 19.093797s, relaxed dual: -9.366343, original: 2041.981468 

 final iteration = 8 
n_row =

  int32

   8


ans =

  9x12 table

    rep    iter    sep    dim    rho     sparsity     acc     obj_prim    obj_dual    obj_original    discov_true    discov_false
    ___    ____    ___    ___    ____    ________    _____    ________    ________    ____________    ___________    ____________

    20      0       4     300    0.45       10       0.656          0           0             0            0              0      
    20      1       4     300    0.45       10       0.746     -6.986      -6.986        1447.3            6              9      
    20      2       4     300    0.45       10       0.862    -7.2847     -7.2847        2034.9            8              4      
    20      3       4     300    0.45       10       0.952    -8.6239     -8.6239          2375           10              5      
    20      4       4     300    0.45       10       0.952    -9.0327     -9.0327        2064.2           10              3      
    20      5       4     300    0.45       10       0.944    -8.6811     -8.6811        2109.4           10              3      
    20      6       4     300    0.45       10       0.946    -9.8747     -9.8747        2045.8           10              2      
    20      7       4     300    0.45       10       0.948    -9.3214     -9.3214        2057.1           10              2      
    20      8       4     300    0.45       10       0.954    -9.3663     -9.3663          2042           10              2      

