==========================================
SLURM_JOB_ID = 20433660
SLURM_JOB_NODELIST = a03-12
TMPDIR = /tmp/SLURM_20433660
==========================================
hello
Starting parallel pool (parpool) ...
Connected to the parallel pool (number of workers: 15).

pool = 

 ProcessPool with properties: 

            Connected: true
           NumWorkers: 15
                 Busy: false
              Cluster: Local
        AttachedFiles: {}
    AutoAddClientPath: true
            FileStore: [1x1 parallel.FileStore]
           ValueStore: [1x1 parallel.ValueStore]
          IdleTimeout: 30 minutes (30 minutes remaining)
          SpmdEnabled: true


p =

   300


Delta =

     5


s =

    10


n =

   500


ii =

    25


table_name =

    'sparse_kmeans_glasso'


rho =

    0.2000


M =

    0.9177

delta confirmed: 5.000000
ans =

    4.3425


rep =

    97

replication: (97)th 


thres =

    3.3775

thres=3.377509
1 th thresholding

  breakyes=1.4,  maxresidual < 1.00e-06
10 entries survived 

2 th thresholding

  breakyes=1.4,  maxresidual < 1.00e-06
10 entries survived 

3 th thresholding

  breakyes=1.3,  maxresidual < 1.00e-06
10 entries survived 

4 th thresholding

  breakyes=3.2,  dualfeasorg deteriorated too much: primfeasorg=1.79e-06,dualfeasorg=3.44e-05
10 entries survived 

5 th thresholding

  breakyes=1.4,  maxresidual < 1.00e-06
10 entries survived 

6 th thresholding

  breakyes=1.4,  maxresidual < 1.00e-06
10 entries survived 

7 th thresholding

  breakyes=1.0,  maxresidual < 1.00e-06
10 entries survived 

8 th thresholding

  breakyes=1.0,  maxresidual < 1.00e-06
10 entries survived 

9 th thresholding

  breakyes=1.0,  maxresidual < 1.00e-06
10 entries survived 

10 th thresholding

  breakyes=1.4,  maxresidual < 1.00e-06
10 entries survived 

11 th thresholding

  breakyes=1.0,  maxresidual < 1.00e-06
10 entries survived 

12 th thresholding

  breakyes=1.0,  maxresidual < 1.00e-06
10 entries survived 

13 th thresholding

  breakyes=3.2,  dualfeasorg deteriorated too much: primfeasorg=1.55e-05,dualfeasorg=1.10e-04
10 entries survived 

14 th thresholding

  breakyes=1.4,  maxresidual < 1.00e-06
10 entries survived 

15 th thresholding

  breakyes=1.0,  maxresidual < 1.00e-06
10 entries survived 

16 th thresholding

  breakyes=1.0,  maxresidual < 1.00e-06
10 entries survived 

17 th thresholding

  breakyes=3.2,  dualfeasorg deteriorated too much: primfeasorg=1.82e-06,dualfeasorg=3.84e-05
10 entries survived 

18 th thresholding

  breakyes=1.0,  maxresidual < 1.00e-06
10 entries survived 

19 th thresholding

  breakyes=1.4,  maxresidual < 1.00e-06
10 entries survived 

20 th thresholding

  breakyes=1.4,  maxresidual < 1.00e-06
10 entries survived 

21 th thresholding

  breakyes=1.0,  maxresidual < 1.00e-06
11 entries survived 

22 th thresholding

  breakyes=1.4,  maxresidual < 1.00e-06
10 entries survived 

23 th thresholding

  breakyes=1.0,  maxresidual < 1.00e-06
10 entries survived 

24 th thresholding

  breakyes=1.4,  maxresidual < 1.00e-06
10 entries survived 

25 th thresholding

  breakyes=1.4,  maxresidual < 1.00e-06
10 entries survived 

26 th thresholding

  breakyes=1.0,  maxresidual < 1.00e-06
10 entries survived 

27 th thresholding

  breakyes=1.3,  maxresidual < 1.00e-06
10 entries survived 

28 th thresholding

  breakyes=1.4,  maxresidual < 1.00e-06
10 entries survived 

29 th thresholding

  breakyes=1.0,  maxresidual < 1.00e-06
10 entries survived 

30 th thresholding

  breakyes=1.0,  maxresidual < 1.00e-06
10 entries survived 
acc =0.986000  0.988000  0.984000  0.988000  0.990000  0.988000  0.988000  0.988000  0.990000  0.986000  0.986000  0.990000  0.988000  0.988000  0.990000  0.988000  0.990000  0.988000  0.988000  0.986000  0.988000  0.986000  0.990000  0.988000  0.986000  0.986000  0.990000  0.988000  0.990000  0.988000  0.988000 

data =

  31x19 table

    rep    iter    sep    dim    rho    sparsity     acc     obj_prim    obj_dual    discov_true    discov_false    diff_x_tilde    diff_omega_op    diff_omega_ellone    diff_omega_frob    diff_omega_diag    time_isee    time_SDP          jobdate       
    ___    ____    ___    ___    ___    ________    _____    ________    ________    ___________    ____________    ____________    _____________    _________________    _______________    _______________    _________    ________    ____________________

    97       0      5     300    0.2       10       0.986          0           0          0              0                  0                0                  0                  0                  0               0            0     25-Mar-2024 00:43:05
    97       1      5     300    0.2       10       0.988    -3.9205     -3.9205         10              0             83.631          0.46191            0.83856             3.6998             1.8374          45.703       28.567     25-Mar-2024 00:43:05
    97       2      5     300    0.2       10       0.984    -3.6299     -3.6299         10              0             83.733          0.45294            0.81413             3.7213             1.8774          36.799       29.992     25-Mar-2024 00:43:05
    97       3      5     300    0.2       10       0.988    -3.7464     -3.7464         10              0             83.395           0.4554            0.84709             3.7163             1.8623          36.835       28.526     25-Mar-2024 00:43:05
    97       4      5     300    0.2       10        0.99    -3.7623     -3.7623         10              0             82.423          0.44751            0.86194             3.6637             1.8161            37.1       16.903     25-Mar-2024 00:43:05
    97       5      5     300    0.2       10       0.988    -3.8128     -3.8128         10              0             83.899          0.46374            0.85847             3.7307             1.8494          37.122       39.548     25-Mar-2024 00:43:05
    97       6      5     300    0.2       10       0.988    -3.5519     -3.5519         10              0             83.452          0.44784            0.82947             3.7017             1.8669          36.666       22.644     25-Mar-2024 00:43:05
    97       7      5     300    0.2       10       0.988    -3.6825     -3.6826         10              0             82.697          0.44345            0.86411              3.679             1.8377          36.633       16.341     25-Mar-2024 00:43:05
    97       8      5     300    0.2       10        0.99    -3.6518     -3.6518         10              0             83.239          0.45061            0.82244             3.7097             1.8378          36.927       25.344     25-Mar-2024 00:43:05
    97       9      5     300    0.2       10       0.986    -3.7031     -3.7031         10              0             82.529          0.44913            0.85881             3.6719             1.8478          37.572       15.139     25-Mar-2024 00:43:05
    97      10      5     300    0.2       10       0.986      -3.55       -3.55         10              0             83.236          0.44599            0.82827             3.6881             1.8525          37.027       38.714     25-Mar-2024 00:43:05
    97      11      5     300    0.2       10        0.99    -3.6348     -3.6348         10              0              83.28          0.44425            0.84258             3.7051             1.8681          37.735       24.945     25-Mar-2024 00:43:05
    97      12      5     300    0.2       10       0.988    -3.6351     -3.6351         10              0             83.421          0.46253             0.8293             3.7017             1.8224          37.105       16.297     25-Mar-2024 00:43:05
    97      13      5     300    0.2       10       0.988    -3.7071     -3.7073         10              0             82.822          0.44795            0.86115             3.6844             1.8532          36.828       10.012     25-Mar-2024 00:43:05
    97      14      5     300    0.2       10        0.99    -3.7967     -3.7967         10              0             82.962          0.45086            0.80815             3.6901             1.8451          36.484       58.987     25-Mar-2024 00:43:05
    97      15      5     300    0.2       10       0.988    -3.6328     -3.6328         10              0             83.466          0.44615            0.85807             3.7064             1.8571          37.061       24.821     25-Mar-2024 00:43:05
    97      16      5     300    0.2       10        0.99    -3.5998     -3.5998         10              0             83.457          0.44696            0.80518              3.704             1.8537           37.18       22.775     25-Mar-2024 00:43:05
    97      17      5     300    0.2       10       0.988    -3.7972     -3.7972         10              0             82.695           0.4432            0.81376              3.693             1.8271           37.04       32.112     25-Mar-2024 00:43:05
    97      18      5     300    0.2       10       0.988    -3.5536     -3.5536         10              0             84.494          0.44632            0.84678             3.7552              1.879          38.495       18.214     25-Mar-2024 00:43:05
    97      19      5     300    0.2       10       0.986    -3.7145     -3.7145         10              0             82.872           0.4505            0.89669             3.6768             1.8762          36.774       25.143     25-Mar-2024 00:43:05
    97      20      5     300    0.2       10       0.988    -3.3968     -3.3968         10              0             83.675          0.44686            0.82037             3.7134             1.8611          36.979       38.702     25-Mar-2024 00:43:05
    97      21      5     300    0.2       10       0.986    -3.8224     -3.8224         10              1             82.842          0.45518            0.88363              3.693             1.8603          37.806       17.431     25-Mar-2024 00:43:05
    97      22      5     300    0.2       10        0.99    -3.6876     -3.6876         10              0             82.953          0.43852            0.91936             3.6947             1.8731          37.016       41.609     25-Mar-2024 00:43:05
    97      23      5     300    0.2       10       0.988    -3.5266     -3.5266         10              0             83.248          0.44692            0.92767             3.6976             1.8806          37.166       23.585     25-Mar-2024 00:43:05
    97      24      5     300    0.2       10       0.986    -3.6245     -3.6245         10              0              83.73          0.44396            0.79958             3.7323             1.8611          37.059       38.714     25-Mar-2024 00:43:05
    97      25      5     300    0.2       10       0.986    -3.5058     -3.5058         10              0             83.133          0.44866            0.96362             3.6859             1.8035          36.973         50.3     25-Mar-2024 00:43:05
    97      26      5     300    0.2       10        0.99    -3.6387     -3.6387         10              0             83.677          0.45077            0.89737             3.7196             1.8355          37.052       10.578     25-Mar-2024 00:43:05
    97      27      5     300    0.2       10       0.988    -3.6998     -3.6998         10              0             82.231          0.44027            0.82708             3.6598             1.8077          36.968       38.057     25-Mar-2024 00:43:05
    97      28      5     300    0.2       10        0.99    -3.7654     -3.7654         10              0             82.876          0.44988            0.80492             3.6836             1.8613          36.997       31.376     25-Mar-2024 00:43:05
    97      29      5     300    0.2       10       0.988    -3.5378     -3.5378         10              0             83.168          0.43865            0.79416             3.6986             1.8699          36.995       24.817     25-Mar-2024 00:43:05
    97      30      5     300    0.2       10       0.988    -3.6788     -3.6788         10              0             83.047          0.45139            0.82755             3.6956             1.8673          37.038       44.243     25-Mar-2024 00:43:05

IdleTimeout has been reached.
Parallel pool is shutting down.

conn = 

  sqlite with properties:

      Database: '/home1/jongminm/sparse_kmeans/sparse_kmeans.db'
    IsReadOnly: 0
    AutoCommit: 'on'


rep =

    98

replication: (98)th 


thres =

    3.3775

thres=3.377509
1 th thresholding

  breakyes=1.3,  maxresidual < 1.00e-06
11 entries survived 

2 th thresholding

  breakyes=1.4,  maxresidual < 1.00e-06
10 entries survived 

3 th thresholding

  breakyes=1.0,  maxresidual < 1.00e-06
11 entries survived 

4 th thresholding

  breakyes=1.0,  maxresidual < 1.00e-06
11 entries survived 

5 th thresholding

  breakyes=1.3,  maxresidual < 1.00e-06
11 entries survived 

6 th thresholding

  breakyes=1.0,  maxresidual < 1.00e-06
11 entries survived 

7 th thresholding

  breakyes=1.0,  maxresidual < 1.00e-06
10 entries survived 

8 th thresholding

  breakyes=1.0,  maxresidual < 1.00e-06
10 entries survived 

9 th thresholding

  breakyes=1.0,  maxresidual < 1.00e-06
11 entries survived 

10 th thresholding

  breakyes=1.0,  maxresidual < 1.00e-06
11 entries survived 

11 th thresholding

  breakyes=3.2,  dualfeasorg deteriorated too much: primfeasorg=1.51e-06,dualfeasorg=3.08e-05
10 entries survived 

12 th thresholding

  breakyes=1.0,  maxresidual < 1.00e-06
10 entries survived 

13 th thresholding

  breakyes=1.0,  maxresidual < 1.00e-06
10 entries survived 

14 th thresholding

  breakyes=1.4,  maxresidual < 1.00e-06
10 entries survived 

15 th thresholding

  breakyes=1.0,  maxresidual < 1.00e-06
10 entries survived 

16 th thresholding

  breakyes=1.0,  maxresidual < 1.00e-06
10 entries survived 

17 th thresholding

  breakyes=1.0,  maxresidual < 1.00e-06
10 entries survived 

18 th thresholding

  breakyes=1.0,  maxresidual < 1.00e-06
10 entries survived 

19 th thresholding

  breakyes=1.4,  maxresidual < 1.00e-06
10 entries survived 

20 th thresholding

  breakyes=1.4,  maxresidual < 1.00e-06
11 entries survived 

21 th thresholding

  breakyes=1.0,  maxresidual < 1.00e-06
10 entries survived 

22 th thresholding

  breakyes=1.4,  maxresidual < 1.00e-06
10 entries survived 

23 th thresholding

  breakyes=3.2,  dualfeasorg deteriorated too much: primfeasorg=1.03e-06,dualfeasorg=2.00e-05
10 entries survived 

24 th thresholding

  breakyes=1.0,  maxresidual < 1.00e-06
11 entries survived 

25 th thresholding

  breakyes=1.0,  maxresidual < 1.00e-06
10 entries survived 

26 th thresholding

  breakyes=1.3,  maxresidual < 1.00e-06
11 entries survived 

27 th thresholding

  breakyes=1.0,  maxresidual < 1.00e-06
10 entries survived 

28 th thresholding

  breakyes=1.0,  maxresidual < 1.00e-06
11 entries survived 

29 th thresholding

  breakyes=1.0,  maxresidual < 1.00e-06
11 entries survived 

30 th thresholding

  breakyes=1.4,  maxresidual < 1.00e-06
10 entries survived 
acc =0.982000  0.998000  0.994000  0.996000  0.994000  0.996000  0.998000  0.996000  0.996000  0.996000  0.996000  1.000000  0.998000  1.000000  0.998000  0.998000  0.998000  0.998000  1.000000  0.996000  0.996000  1.000000  0.998000  0.996000  0.998000  0.994000  0.996000  0.996000  0.992000  1.000000  0.998000 

data =

  31x19 table

    rep    iter    sep    dim    rho    sparsity     acc     obj_prim    obj_dual    discov_true    discov_false    diff_x_tilde    diff_omega_op    diff_omega_ellone    diff_omega_frob    diff_omega_diag    time_isee    time_SDP          jobdate       
    ___    ____    ___    ___    ___    ________    _____    ________    ________    ___________    ____________    ____________    _____________    _________________    _______________    _______________    _________    ________    ____________________

    98       0      5     300    0.2       10       0.982          0           0          0              0                  0                0                  0                  0                  0               0            0     25-Mar-2024 01:14:10
    98       1      5     300    0.2       10       0.998    -4.0404     -4.0404         10              1             84.641          0.49088            0.82585             3.7281             1.8987          36.631       57.335     25-Mar-2024 01:14:10
    98       2      5     300    0.2       10       0.994    -3.7823     -3.7823         10              0             85.324          0.46623            0.89518             3.7679             1.8904          36.696       35.339     25-Mar-2024 01:14:10
    98       3      5     300    0.2       10       0.996    -3.6991     -3.6991         10              1             85.293          0.45945            0.85846             3.7661             1.9084          36.737        29.88     25-Mar-2024 01:14:10
    98       4      5     300    0.2       10       0.994    -3.7713     -3.7713         10              1             84.324          0.45464            0.80401             3.7291             1.8723          36.339       13.706     25-Mar-2024 01:14:10
    98       5      5     300    0.2       10       0.996    -3.7432     -3.7432         10              1             85.007          0.44899            0.82565             3.7585             1.8954          36.448       30.721     25-Mar-2024 01:14:10
    98       6      5     300    0.2       10       0.998    -3.6933     -3.6933         10              1             84.959          0.46042            0.86866             3.7484             1.9286          35.964         20.2     25-Mar-2024 01:14:10
    98       7      5     300    0.2       10       0.996    -3.7324     -3.7324         10              0             84.037           0.4438            0.83474             3.7064             1.9041           36.62       28.635     25-Mar-2024 01:14:10
    98       8      5     300    0.2       10       0.996     -3.536      -3.536         10              0             86.389          0.48089            0.83422             3.8071             1.9333          36.882       24.033     25-Mar-2024 01:14:10
    98       9      5     300    0.2       10       0.996    -3.8343     -3.8343         10              1             84.491          0.45477            0.79295              3.747             1.8929          36.425        18.43     25-Mar-2024 01:14:10
    98      10      5     300    0.2       10       0.996    -3.6571     -3.6571         10              1             85.655          0.46066            0.83421             3.7851             1.9349          36.997       33.028     25-Mar-2024 01:14:10
    98      11      5     300    0.2       10           1    -3.7824     -3.7824         10              0             85.115          0.44814            0.78684             3.7657             1.8974          36.238       15.005     25-Mar-2024 01:14:10
    98      12      5     300    0.2       10       0.998    -3.7123     -3.7123         10              0             84.946          0.44982            0.83435             3.7576             1.9136          36.224        23.38     25-Mar-2024 01:14:10
    98      13      5     300    0.2       10           1    -3.7988     -3.7988         10              0             85.799          0.47209            0.81238             3.7914             1.9105          36.303       9.3071     25-Mar-2024 01:14:10
    98      14      5     300    0.2       10       0.998    -3.7635     -3.7635         10              0             84.798          0.44693            0.81035             3.7515             1.9234          36.745       36.087     25-Mar-2024 01:14:10
    98      15      5     300    0.2       10       0.998    -3.6656     -3.6656         10              0             84.937          0.45749             0.7996             3.7584             1.9039          36.319       16.358     25-Mar-2024 01:14:10
    98      16      5     300    0.2       10       0.998    -3.6915     -3.6915         10              0             86.225          0.46913            0.77835               3.81              1.916          36.471       26.574     25-Mar-2024 01:14:10
    98      17      5     300    0.2       10       0.998    -3.7487     -3.7487         10              0             85.161          0.45491            0.91546             3.7703             1.9263          36.391       28.829     25-Mar-2024 01:14:10
    98      18      5     300    0.2       10           1    -3.5977     -3.5977         10              0             86.073          0.45454            0.80094             3.8024             1.9178          36.443        19.48     25-Mar-2024 01:14:10
    98      19      5     300    0.2       10       0.996    -3.6598     -3.6598         10              0              84.87          0.45602            0.89228             3.7407             1.9033          36.714       26.876     25-Mar-2024 01:14:10
    98      20      5     300    0.2       10       0.996    -3.7181     -3.7181         10              1             86.046           0.4557            0.84954             3.7917             1.9184          36.698       24.443     25-Mar-2024 01:14:10
    98      21      5     300    0.2       10           1    -3.7832     -3.7832         10              0               85.1          0.45576            0.85226             3.7638             1.9229          36.522       20.732     25-Mar-2024 01:14:10
    98      22      5     300    0.2       10       0.998    -3.6846     -3.6846         10              0             85.071          0.45969             0.8431             3.7713             1.9177          36.429       28.201     25-Mar-2024 01:14:10
    98      23      5     300    0.2       10       0.996    -3.6968     -3.6968         10              0             85.591           0.4631            0.85482             3.7845             1.9158          36.124       17.154     25-Mar-2024 01:14:10
    98      24      5     300    0.2       10       0.998    -3.6089     -3.6089         10              1             85.791          0.45881            0.82123             3.7879             1.9607          36.557       20.293     25-Mar-2024 01:14:10
    98      25      5     300    0.2       10       0.994    -3.6778     -3.6778         10              0             85.162          0.44129             0.8428             3.7618             1.9286          36.363        16.53     25-Mar-2024 01:14:10
    98      26      5     300    0.2       10       0.996    -3.7985     -3.7985         10              1             84.357          0.44533            0.84899             3.7295             1.8924          36.916       30.005     25-Mar-2024 01:14:10
    98      27      5     300    0.2       10       0.996    -3.6807     -3.6807         10              0             85.245          0.46178             0.8846             3.7593             1.9144          36.516       41.106     25-Mar-2024 01:14:10
    98      28      5     300    0.2       10       0.992    -3.7608     -3.7608         10              1              85.62          0.46513            0.91598             3.7798             1.9509          36.315       13.195     25-Mar-2024 01:14:10
    98      29      5     300    0.2       10           1    -3.6826     -3.6826         10              1              85.27           0.4453            0.84449             3.7733             1.9221          36.669       19.407     25-Mar-2024 01:14:10
    98      30      5     300    0.2       10       0.998     -3.588      -3.588         10              0             85.644          0.46451            0.86505             3.7796             1.9371          36.294       24.177     25-Mar-2024 01:14:10


conn = 

  sqlite with properties:

      Database: '/home1/jongminm/sparse_kmeans/sparse_kmeans.db'
    IsReadOnly: 0
    AutoCommit: 'on'


rep =

    99

replication: (99)th 


thres =

    3.3775

thres=3.377509
1 th thresholding

  breakyes=1.4,  maxresidual < 1.00e-06
10 entries survived 

2 th thresholding

  breakyes=1.0,  maxresidual < 1.00e-06
10 entries survived 

3 th thresholding

  breakyes=1.0,  maxresidual < 1.00e-06
10 entries survived 

4 th thresholding

  breakyes=1.4,  maxresidual < 1.00e-06
10 entries survived 

5 th thresholding

  breakyes=1.0,  maxresidual < 1.00e-06
10 entries survived 

6 th thresholding

  breakyes=1.4,  maxresidual < 1.00e-06
10 entries survived 

7 th thresholding

  breakyes=1.4,  maxresidual < 1.00e-06
10 entries survived 

8 th thresholding

  breakyes=1.0,  maxresidual < 1.00e-06
10 entries survived 

9 th thresholding

  breakyes=3.1,  primfeasorg deteriorated too much: primfeasorg=1.71e-05,dualfeasorg=1.06e-06
11 entries survived 

10 th thresholding

  breakyes=1.0,  maxresidual < 1.00e-06
10 entries survived 

11 th thresholding

  breakyes=1.0,  maxresidual < 1.00e-06
10 entries survived 

12 th thresholding

  breakyes=1.0,  maxresidual < 1.00e-06
10 entries survived 

13 th thresholding

  breakyes=1.0,  maxresidual < 1.00e-06
11 entries survived 

14 th thresholding

  breakyes=1.0,  maxresidual < 1.00e-06
10 entries survived 

15 th thresholding

  breakyes=1.0,  maxresidual < 1.00e-06
10 entries survived 

16 th thresholding

  breakyes=1.3,  maxresidual < 1.00e-06
11 entries survived 

17 th thresholding

  breakyes=1.4,  maxresidual < 1.00e-06
10 entries survived 

18 th thresholding

  breakyes=3.2,  dualfeasorg deteriorated too much: primfeasorg=4.70e-06,dualfeasorg=1.39e-04
10 entries survived 

19 th thresholding

  breakyes=1.0,  maxresidual < 1.00e-06
10 entries survived 

20 th thresholding

  breakyes=3.1,  primfeasorg deteriorated too much: primfeasorg=1.60e-04,dualfeasorg=1.22e-05
11 entries survived 

21 th thresholding

  breakyes=1.4,  maxresidual < 1.00e-06
11 entries survived 

22 th thresholding

  breakyes=1.4,  maxresidual < 1.00e-06
10 entries survived 

23 th thresholding

  breakyes=3.2,  dualfeasorg deteriorated too much: primfeasorg=3.67e-06,dualfeasorg=2.16e-05
10 entries survived 

24 th thresholding

  breakyes=3.2,  dualfeasorg deteriorated too much: primfeasorg=4.15e-06,dualfeasorg=2.43e-05
10 entries survived 

25 th thresholding

  breakyes=1.4,  maxresidual < 1.00e-06
10 entries survived 

26 th thresholding

  breakyes=1.0,  maxresidual < 1.00e-06
10 entries survived 

27 th thresholding

  breakyes=1.4,  maxresidual < 1.00e-06
10 entries survived 

28 th thresholding

  breakyes=1.3,  maxresidual < 1.00e-06
10 entries survived 

29 th thresholding

  breakyes=1.0,  maxresidual < 1.00e-06
10 entries survived 

30 th thresholding

  breakyes=1.4,  maxresidual < 1.00e-06
10 entries survived 
acc =0.978000  0.992000  0.994000  0.992000  0.990000  0.992000  0.992000  0.992000  0.992000  0.990000  0.988000  0.992000  0.992000  0.992000  0.992000  0.990000  0.992000  0.992000  0.992000  0.994000  0.992000  0.992000  0.992000  0.992000  0.992000  0.992000  0.992000  0.992000  0.992000  0.992000  0.992000 

data =

  31x19 table

    rep    iter    sep    dim    rho    sparsity     acc     obj_prim    obj_dual    discov_true    discov_false    diff_x_tilde    diff_omega_op    diff_omega_ellone    diff_omega_frob    diff_omega_diag    time_isee    time_SDP          jobdate       
    ___    ____    ___    ___    ___    ________    _____    ________    ________    ___________    ____________    ____________    _____________    _________________    _______________    _______________    _________    ________    ____________________

    99       0      5     300    0.2       10       0.978          0           0          0              0                  0                0                  0                  0                  0               0            0     25-Mar-2024 01:44:01
    99       1      5     300    0.2       10       0.992    -4.7557     -4.7557         10              0             82.702          0.44065            0.80701             3.6823             1.8946          36.961       21.287     25-Mar-2024 01:44:01
    99       2      5     300    0.2       10       0.994     -4.517     -4.5169         10              0             84.154          0.45099            0.86658             3.7394             1.9198          37.003       15.574     25-Mar-2024 01:44:01
    99       3      5     300    0.2       10       0.992    -4.4814     -4.4814         10              0             83.628          0.44876            0.84646             3.7137             1.9228          37.194       31.439     25-Mar-2024 01:44:01
    99       4      5     300    0.2       10        0.99    -4.7414     -4.7414         10              0             83.073          0.44666            0.83656             3.6976             1.8828          37.052       32.177     25-Mar-2024 01:44:01
    99       5      5     300    0.2       10       0.992    -4.5659     -4.5659         10              0             83.177          0.46745            0.81709             3.6921             1.8715          36.801       22.043     25-Mar-2024 01:44:01
    99       6      5     300    0.2       10       0.992    -4.5687     -4.5687         10              0             83.019          0.45529            0.87425               3.69             1.8976          36.479       31.756     25-Mar-2024 01:44:01
    99       7      5     300    0.2       10       0.992    -4.6749     -4.6749         10              0             83.532          0.45475            0.81012             3.7115             1.9282          37.189       23.217     25-Mar-2024 01:44:01
    99       8      5     300    0.2       10       0.992    -4.4438     -4.4438         10              0             83.325          0.44269            0.80171             3.7027             1.8513          36.971       16.295     25-Mar-2024 01:44:01
    99       9      5     300    0.2       10        0.99     -4.618     -4.6176         10              1             84.643          0.44759            0.86755             3.7642             1.8819          37.116       28.912     25-Mar-2024 01:44:01
    99      10      5     300    0.2       10       0.988    -4.7291     -4.7291         10              0              83.09          0.43662            0.84653             3.6963             1.8806          37.057       15.645     25-Mar-2024 01:44:01
    99      11      5     300    0.2       10       0.992    -4.7495     -4.7495         10              0             83.489          0.45119            0.87856             3.7157             1.9137          36.903       18.765     25-Mar-2024 01:44:01
    99      12      5     300    0.2       10       0.992    -4.6552     -4.6552         10              0              83.42          0.44817            0.83838             3.7076             1.8903          36.953       17.129     25-Mar-2024 01:44:01
    99      13      5     300    0.2       10       0.992    -4.5041     -4.5041         10              1              83.04          0.44956            0.81158             3.6841             1.8484          36.879         9.84     25-Mar-2024 01:44:01
    99      14      5     300    0.2       10       0.992    -4.5085     -4.5085         10              0             83.073          0.43702            0.86951             3.6803             1.8685          36.724       15.516     25-Mar-2024 01:44:01
    99      15      5     300    0.2       10        0.99    -4.7805     -4.7805         10              0             83.964          0.45422            0.92696             3.7395             1.9046          36.916       12.113     25-Mar-2024 01:44:01
    99      16      5     300    0.2       10       0.992    -4.6083     -4.6081         10              1             83.315          0.44578            0.87267             3.7063             1.8486          36.934       25.277     25-Mar-2024 01:44:01
    99      17      5     300    0.2       10       0.992    -4.6117     -4.6117         10              0             82.135          0.45277             0.9299             3.6649             1.8495          36.906       26.366     25-Mar-2024 01:44:01
    99      18      5     300    0.2       10       0.992    -4.5015     -4.5015         10              0             82.608          0.46234            0.88958             3.6635             1.8892          36.938        25.08     25-Mar-2024 01:44:01
    99      19      5     300    0.2       10       0.994    -4.6011     -4.6011         10              0             83.933          0.45132            0.88543             3.7264             1.9005           36.84       16.564     25-Mar-2024 01:44:01
    99      20      5     300    0.2       10       0.992    -4.5548     -4.5545         10              1             82.765          0.46308             0.8421              3.685             1.8677           36.95       26.645     25-Mar-2024 01:44:01
    99      21      5     300    0.2       10       0.992    -4.3863     -4.3863         10              1             83.481           0.4434            0.89355             3.6969             1.8815           36.99       26.704     25-Mar-2024 01:44:01
    99      22      5     300    0.2       10       0.992    -4.7273     -4.7273         10              0             84.255          0.46404            0.88394              3.745             1.9435          37.104       23.496     25-Mar-2024 01:44:01
    99      23      5     300    0.2       10       0.992    -4.5617     -4.5618         10              0             83.477          0.44727            0.88914             3.7083             1.8758          36.964       15.615     25-Mar-2024 01:44:01
    99      24      5     300    0.2       10       0.992    -4.6787     -4.6787         10              0             83.953          0.44569            0.88839             3.7325             1.8821          36.858        28.02     25-Mar-2024 01:44:01
    99      25      5     300    0.2       10       0.992    -4.5605     -4.5604         10              0             83.071           0.4432            0.81711             3.6933             1.8776          36.919       34.311     25-Mar-2024 01:44:01
    99      26      5     300    0.2       10       0.992    -4.5518     -4.5518         10              0             84.349          0.44581            0.87228             3.7423             1.8983          37.025       14.835     25-Mar-2024 01:44:01
    99      27      5     300    0.2       10       0.992    -4.4724     -4.4717         10              0              83.49          0.43679            0.82673              3.709             1.9149          36.948       21.558     25-Mar-2024 01:44:01
    99      28      5     300    0.2       10       0.992    -4.6188     -4.6187         10              0             82.199          0.42786            0.92387             3.6575             1.8289          36.969       22.514     25-Mar-2024 01:44:01
    99      29      5     300    0.2       10       0.992    -4.4244     -4.4244         10              0             83.516          0.45437            0.89033             3.7099             1.9251          37.012       18.817     25-Mar-2024 01:44:01
    99      30      5     300    0.2       10       0.992    -4.5663     -4.5663         10              0             82.893          0.44437            0.82017             3.6884             1.8934          37.177       27.358     25-Mar-2024 01:44:01


conn = 

  sqlite with properties:

      Database: '/home1/jongminm/sparse_kmeans/sparse_kmeans.db'
    IsReadOnly: 0
    AutoCommit: 'on'


rep =

   100

replication: (100)th 


thres =

    3.3775

thres=3.377509
1 th thresholding

  breakyes=3.2,  dualfeasorg deteriorated too much: primfeasorg=3.95e-06,dualfeasorg=4.12e-05
10 entries survived 

2 th thresholding

  breakyes=1.4,  maxresidual < 1.00e-06
10 entries survived 

3 th thresholding

  breakyes=1.4,  maxresidual < 1.00e-06
10 entries survived 

4 th thresholding

  breakyes=1.4,  maxresidual < 1.00e-06
10 entries survived 

5 th thresholding

  breakyes=1.0,  maxresidual < 1.00e-06
10 entries survived 

6 th thresholding

  breakyes=3.2,  dualfeasorg deteriorated too much: primfeasorg=1.37e-06,dualfeasorg=2.76e-05
10 entries survived 

7 th thresholding

  breakyes=1.0,  maxresidual < 1.00e-06
10 entries survived 

8 th thresholding

  breakyes=1.0,  maxresidual < 1.00e-06
10 entries survived 

9 th thresholding

  breakyes=1.0,  maxresidual < 1.00e-06
10 entries survived 

10 th thresholding

  breakyes=3.2,  dualfeasorg deteriorated too much: primfeasorg=1.87e-06,dualfeasorg=2.11e-05
11 entries survived 

11 th thresholding

  breakyes=1.3,  maxresidual < 1.00e-06
10 entries survived 

12 th thresholding

  breakyes=3.2,  dualfeasorg deteriorated too much: primfeasorg=1.26e-06,dualfeasorg=3.01e-05
10 entries survived 

13 th thresholding

  breakyes=1.4,  maxresidual < 1.00e-06
10 entries survived 

14 th thresholding

  breakyes=1.4,  maxresidual < 1.00e-06
10 entries survived 

15 th thresholding

  breakyes=1.4,  maxresidual < 1.00e-06
10 entries survived 

16 th thresholding

  breakyes=1.0,  maxresidual < 1.00e-06
10 entries survived 

17 th thresholding

  breakyes=3.2,  dualfeasorg deteriorated too much: primfeasorg=2.37e-06,dualfeasorg=3.21e-05
10 entries survived 

18 th thresholding

  breakyes=1.4,  maxresidual < 1.00e-06
10 entries survived 

19 th thresholding

  breakyes=1.4,  maxresidual < 1.00e-06
10 entries survived 

20 th thresholding

  breakyes=1.0,  maxresidual < 1.00e-06
10 entries survived 

21 th thresholding

  breakyes=1.4,  maxresidual < 1.00e-06
10 entries survived 

22 th thresholding

  breakyes=1.4,  maxresidual < 1.00e-06
10 entries survived 

23 th thresholding

  breakyes=1.4,  maxresidual < 1.00e-06
10 entries survived 

24 th thresholding

  breakyes=1.0,  maxresidual < 1.00e-06
10 entries survived 

25 th thresholding

  breakyes=1.4,  maxresidual < 1.00e-06
10 entries survived 

26 th thresholding

  breakyes=3.1,  primfeasorg deteriorated too much: primfeasorg=5.58e-05,dualfeasorg=3.10e-05
10 entries survived 

27 th thresholding

  breakyes=1.3,  maxresidual < 1.00e-06
10 entries survived 

28 th thresholding

  breakyes=1.3,  maxresidual < 1.00e-06
10 entries survived 

29 th thresholding

  breakyes=1.4,  maxresidual < 1.00e-06
10 entries survived 

30 th thresholding

  breakyes=1.4,  maxresidual < 1.00e-06
10 entries survived 
acc =0.988000  0.994000  0.994000  0.994000  0.994000  0.994000  0.994000  0.994000  0.994000  0.994000  0.992000  0.994000  0.994000  0.994000  0.994000  0.994000  0.994000  0.994000  0.994000  0.994000  0.994000  0.994000  0.994000  0.994000  0.994000  0.994000  0.994000  0.994000  0.994000  0.994000  0.994000 

data =

  31x19 table

    rep    iter    sep    dim    rho    sparsity     acc     obj_prim    obj_dual    discov_true    discov_false    diff_x_tilde    diff_omega_op    diff_omega_ellone    diff_omega_frob    diff_omega_diag    time_isee    time_SDP          jobdate       
    ___    ____    ___    ___    ___    ________    _____    ________    ________    ___________    ____________    ____________    _____________    _________________    _______________    _______________    _________    ________    ____________________

    100      0      5     300    0.2       10       0.988          0           0          0              0                  0                0                  0                  0                  0               0            0     25-Mar-2024 02:15:25
    100      1      5     300    0.2       10       0.994    -3.5968     -3.5968         10              0             82.895          0.46402            0.80609             3.6795             1.8236          36.662       12.145     25-Mar-2024 02:15:25
    100      2      5     300    0.2       10       0.994    -3.4339     -3.4339         10              0             82.499          0.46318            0.84205             3.6587             1.8154           36.75       43.527     25-Mar-2024 02:15:25
    100      3      5     300    0.2       10       0.994    -3.5187     -3.5187         10              0             81.803          0.43448            0.80497             3.6372             1.7864          36.683       27.416     25-Mar-2024 02:15:25
    100      4      5     300    0.2       10       0.994    -3.3155     -3.3154         10              0             82.463          0.46519            0.82365             3.6595             1.8225          36.911        24.14     25-Mar-2024 02:15:25
    100      5      5     300    0.2       10       0.994    -3.4354     -3.4354         10              0             81.451          0.44903            0.90726             3.6223             1.7908          36.676       19.535     25-Mar-2024 02:15:25
    100      6      5     300    0.2       10       0.994    -3.4512     -3.4512         10              0             82.442          0.45771             1.0095             3.6668             1.8184          36.664       36.614     25-Mar-2024 02:15:25
    100      7      5     300    0.2       10       0.994    -3.3562     -3.3562         10              0             81.993           0.4507             0.7789             3.6479             1.8234          36.649       16.012     25-Mar-2024 02:15:25
    100      8      5     300    0.2       10       0.994    -3.4931     -3.4931         10              0             83.289          0.45475            0.93717             3.6971             1.8362          36.804       16.411     25-Mar-2024 02:15:25
    100      9      5     300    0.2       10       0.994    -3.5641     -3.5641         10              0             81.741          0.44688            0.87554             3.6356             1.7881          36.784       16.523     25-Mar-2024 02:15:25
    100     10      5     300    0.2       10       0.992    -3.5138     -3.5138         10              1             81.305           0.4409            0.87106             3.6135             1.8019          36.818       23.261     25-Mar-2024 02:15:25
    100     11      5     300    0.2       10       0.994    -3.4683     -3.4683         10              0             82.137          0.44943            0.83982             3.6461             1.8392          36.514        26.87     25-Mar-2024 02:15:25
    100     12      5     300    0.2       10       0.994    -3.4605     -3.4605         10              0              82.97           0.4431            0.85664             3.6806             1.8273          36.539       16.602     25-Mar-2024 02:15:25
    100     13      5     300    0.2       10       0.994    -3.4513     -3.4513         10              0             81.942          0.43635            0.79123             3.6369             1.8048          36.804       34.919     25-Mar-2024 02:15:25
    100     14      5     300    0.2       10       0.994    -3.5368     -3.5368         10              0             80.497          0.44847            0.76025             3.5893             1.8082          36.518        28.76     25-Mar-2024 02:15:25
    100     15      5     300    0.2       10       0.994    -3.4189     -3.4189         10              0             82.454          0.46424            0.84586              3.659             1.7875           36.65       24.548     25-Mar-2024 02:15:25
    100     16      5     300    0.2       10       0.994    -3.3633     -3.3633         10              0             81.925          0.45894            0.79359             3.6295             1.8236          36.675       18.023     25-Mar-2024 02:15:25
    100     17      5     300    0.2       10       0.994    -3.3975     -3.3975         10              0             82.263          0.46098            0.83585             3.6526             1.8403          36.478       18.345     25-Mar-2024 02:15:25
    100     18      5     300    0.2       10       0.994    -3.3491     -3.3491         10              0             82.983          0.44934             0.9411             3.6795             1.8411          36.557       31.701     25-Mar-2024 02:15:25
    100     19      5     300    0.2       10       0.994    -3.2912     -3.2912         10              0             83.215          0.45343            0.77042             3.6849             1.8509          36.556       27.465     25-Mar-2024 02:15:25
    100     20      5     300    0.2       10       0.994    -3.5087     -3.5087         10              0              82.26          0.44376            0.80917             3.6659             1.8337          36.906       17.004     25-Mar-2024 02:15:25
    100     21      5     300    0.2       10       0.994    -3.5452     -3.5452         10              0             82.669          0.46509            0.87796              3.669             1.8559          36.952       27.108     25-Mar-2024 02:15:25
    100     22      5     300    0.2       10       0.994    -3.2985     -3.2985         10              0             82.506          0.46538            0.81446             3.6502             1.8082          36.506       29.447     25-Mar-2024 02:15:25
    100     23      5     300    0.2       10       0.994    -3.3395     -3.3395         10              0             83.027          0.46022            0.81147             3.6722             1.7953          36.912       44.678     25-Mar-2024 02:15:25
    100     24      5     300    0.2       10       0.994    -3.4652     -3.4652         10              0             81.932          0.43752            0.81741             3.6433             1.8309          36.633       38.165     25-Mar-2024 02:15:25
    100     25      5     300    0.2       10       0.994    -3.4141     -3.4139         10              0             82.784          0.45789            0.79852             3.6697             1.8333          36.827       27.254     25-Mar-2024 02:15:25
    100     26      5     300    0.2       10       0.994    -3.5086     -3.5082         10              0             81.381          0.44301            0.76778             3.6136             1.8091          36.876       21.224     25-Mar-2024 02:15:25
    100     27      5     300    0.2       10       0.994    -3.5437     -3.5437         10              0             81.928          0.45722            0.80683             3.6508             1.8025          36.495       21.435     25-Mar-2024 02:15:25
    100     28      5     300    0.2       10       0.994     -3.456      -3.456         10              0             82.248          0.44443            0.81806               3.65             1.8627          36.365       21.774     25-Mar-2024 02:15:25
    100     29      5     300    0.2       10       0.994     -3.381      -3.381         10              0             82.343          0.44303            0.82359             3.6593              1.843          36.388       34.669     25-Mar-2024 02:15:25
    100     30      5     300    0.2       10       0.994     -3.552      -3.552         10              0             82.396          0.45174            0.95695             3.6594             1.8222          36.793       22.359     25-Mar-2024 02:15:25


conn = 

  sqlite with properties:

      Database: '/home1/jongminm/sparse_kmeans/sparse_kmeans.db'
    IsReadOnly: 0
    AutoCommit: 'on'

