==========================================
SLURM_JOB_ID = 20433557
SLURM_JOB_NODELIST = b04-08
TMPDIR = /tmp/SLURM_20433557
==========================================
hello
Starting parallel pool (parpool) ...
Connected to the parallel pool (number of workers: 15).

pool = 

 ProcessPool with properties: 

            Connected: true
           NumWorkers: 15
                 Busy: false
              Cluster: Local
        AttachedFiles: {}
    AutoAddClientPath: true
            FileStore: [1x1 parallel.FileStore]
           ValueStore: [1x1 parallel.ValueStore]
          IdleTimeout: 30 minutes (30 minutes remaining)
          SpmdEnabled: true


p =

   400


Delta =

     3


s =

    10


n =

   500


ii =

    15


table_name =

    'sparse_kmeans_glasso'


rho =

    0.0500


M =

    0.4951

delta confirmed: 3.000000
ans =

    2.8754


rep =

    57

replication: (57)th 


thres =

    3.4616

thres=3.461637
1 th thresholding

  breakyes=4.1,  primfeasorg stagnate, 5.72e-05
12 entries survived 

2 th thresholding

  breakyes=3.2,  dualfeasorg deteriorated too much: primfeasorg=1.06e-06,dualfeasorg=3.18e-05
10 entries survived 

3 th thresholding

  breakyes=4.1,  primfeasorg stagnate, 0.00e+00
10 entries survived 

4 th thresholding

  breakyes=4.1,  primfeasorg stagnate, 0.00e+00
10 entries survived 

5 th thresholding

  breakyes=4.1,  primfeasorg stagnate, 0.00e+00
10 entries survived 

6 th thresholding

  breakyes=3.2,  dualfeasorg deteriorated too much: primfeasorg=1.06e-06,dualfeasorg=5.62e-05
10 entries survived 

7 th thresholding

  breakyes=1.4,  maxresidual < 1.00e-06
10 entries survived 

8 th thresholding

  breakyes=4.1,  primfeasorg stagnate, 4.60e-05
10 entries survived 

9 th thresholding

  breakyes=3.2,  dualfeasorg deteriorated too much: primfeasorg=1.48e-06,dualfeasorg=6.26e-05
10 entries survived 

10 th thresholding

  breakyes=3.2,  dualfeasorg deteriorated too much: primfeasorg=1.20e-06,dualfeasorg=4.71e-05
10 entries survived 

11 th thresholding

  breakyes=3.2,  dualfeasorg deteriorated too much: primfeasorg=1.43e-06,dualfeasorg=5.74e-05
10 entries survived 

12 th thresholding

  breakyes=4.1,  primfeasorg stagnate, 7.07e-05
10 entries survived 

13 th thresholding

  breakyes=4.1,  primfeasorg stagnate, 0.00e+00
10 entries survived 

14 th thresholding

  breakyes=4.1,  primfeasorg stagnate, 7.07e-05
10 entries survived 

15 th thresholding

  breakyes=3.2,  dualfeasorg deteriorated too much: primfeasorg=9.24e-07,dualfeasorg=4.22e-05
10 entries survived 

16 th thresholding

  breakyes=4.1,  primfeasorg stagnate, 0.00e+00
10 entries survived 

17 th thresholding

  breakyes=4.1,  primfeasorg stagnate, 0.00e+00
10 entries survived 

18 th thresholding

  breakyes=4.1,  primfeasorg stagnate, 0.00e+00
10 entries survived 

19 th thresholding

  breakyes=4.1,  primfeasorg stagnate, 0.00e+00
10 entries survived 

20 th thresholding

  breakyes=3.2,  dualfeasorg deteriorated too much: primfeasorg=9.02e-07,dualfeasorg=3.51e-05
10 entries survived 

21 th thresholding

  breakyes=4.1,  primfeasorg stagnate, 0.00e+00
10 entries survived 

22 th thresholding

  breakyes=4.1,  primfeasorg stagnate, 0.00e+00
10 entries survived 

23 th thresholding

  breakyes=3.2,  dualfeasorg deteriorated too much: primfeasorg=1.10e-06,dualfeasorg=4.20e-05
10 entries survived 

24 th thresholding

  breakyes=4.1,  primfeasorg stagnate, 0.00e+00
10 entries survived 

25 th thresholding

  breakyes=3.2,  dualfeasorg deteriorated too much: primfeasorg=9.40e-07,dualfeasorg=4.53e-05
10 entries survived 

26 th thresholding

  breakyes=4.1,  primfeasorg stagnate, 0.00e+00
10 entries survived 

27 th thresholding

  breakyes=4.1,  primfeasorg stagnate, 0.00e+00
10 entries survived 

28 th thresholding

  breakyes=3.2,  dualfeasorg deteriorated too much: primfeasorg=1.21e-06,dualfeasorg=5.58e-05
10 entries survived 

29 th thresholding

  breakyes=3.2,  dualfeasorg deteriorated too much: primfeasorg=8.84e-07,dualfeasorg=4.68e-05
10 entries survived 

30 th thresholding

  breakyes=3.2,  dualfeasorg deteriorated too much: primfeasorg=1.48e-06,dualfeasorg=6.29e-05
10 entries survived 
acc =0.838000  0.934000  0.912000  0.926000  0.908000  0.928000  0.926000  0.924000  0.936000  0.916000  0.922000  0.918000  0.912000  0.920000  0.914000  0.920000  0.900000  0.918000  0.910000  0.914000  0.916000  0.920000  0.922000  0.918000  0.916000  0.932000  0.916000  0.926000  0.932000  0.928000  0.916000 

data =

  31x19 table

    rep    iter    sep    dim    rho     sparsity     acc     obj_prim    obj_dual    discov_true    discov_false    diff_x_tilde    diff_omega_op    diff_omega_ellone    diff_omega_frob    diff_omega_diag    time_isee    time_SDP          jobdate       
    ___    ____    ___    ___    ____    ________    _____    ________    ________    ___________    ____________    ____________    _____________    _________________    _______________    _______________    _________    ________    ____________________

    57       0      3     400    0.05       10       0.838          0           0          0              0                  0                0                  0                  0                  0               0            0     24-Mar-2024 20:16:14
    57       1      3     400    0.05       10       0.934    -2.0623     -2.0623         10              2             66.266          0.27294            0.38027             2.9081             2.4875          97.222       82.822     24-Mar-2024 20:16:14
    57       2      3     400    0.05       10       0.912    -1.4857     -1.4857         10              0             72.132          0.31566             0.7989              2.854             1.8131           79.11       73.084     24-Mar-2024 20:16:14
    57       3      3     400    0.05       10       0.926    -1.5287     -1.5286         10              0             72.864          0.32756            0.71871             2.8732             1.8216          78.913       73.282     24-Mar-2024 20:16:14
    57       4      3     400    0.05       10       0.908    -1.4836     -1.4836         10              0             73.081          0.32597            0.71823             2.8902               1.85          78.495       71.522     24-Mar-2024 20:16:14
    57       5      3     400    0.05       10       0.928    -1.5214     -1.5214         10              0             72.412          0.32162            0.73093             2.8571              1.831          78.562       71.161     24-Mar-2024 20:16:14
    57       6      3     400    0.05       10       0.926    -1.3174     -1.3174         10              0              65.76          0.27145            0.38236             2.8837             2.4543          78.237       65.913     24-Mar-2024 20:16:14
    57       7      3     400    0.05       10       0.924    -1.4833     -1.4833         10              0             72.634          0.32004            0.79653             2.8722              1.796          79.102       80.439     24-Mar-2024 20:16:14
    57       8      3     400    0.05       10       0.936    -1.3961      -1.396         10              0             64.961            0.282            0.37285             2.8569             2.4283          78.741       64.605     24-Mar-2024 20:16:14
    57       9      3     400    0.05       10       0.916    -1.3402     -1.3402         10              0             66.086          0.27164            0.39814              2.901             2.4843          78.791       50.397     24-Mar-2024 20:16:14
    57      10      3     400    0.05       10       0.922    -1.5799     -1.5799         10              0             72.854          0.31373            0.72368             2.8817             1.8316          79.473       63.834     24-Mar-2024 20:16:14
    57      11      3     400    0.05       10       0.918    -1.4206     -1.4206         10              0             65.821          0.26604            0.39767             2.8904             2.4666          79.199       58.065     24-Mar-2024 20:16:14
    57      12      3     400    0.05       10       0.912    -1.4383     -1.4383         10              0             65.886          0.27874            0.45305              2.892             2.4628          78.664       80.171     24-Mar-2024 20:16:14
    57      13      3     400    0.05       10        0.92    -1.5831     -1.5831         10              0             71.962           0.3156            0.72666             2.8434             1.7992          79.424       70.563     24-Mar-2024 20:16:14
    57      14      3     400    0.05       10       0.914    -1.4589     -1.4589         10              0             66.001           0.2694            0.39573             2.8878             2.4554          79.409       76.977     24-Mar-2024 20:16:14
    57      15      3     400    0.05       10        0.92    -1.6452     -1.6451         10              0             71.617          0.31087            0.68558             2.8401              1.798          78.666       63.395     24-Mar-2024 20:16:14
    57      16      3     400    0.05       10         0.9    -1.4324     -1.4324         10              0             66.587          0.28022            0.41105             2.9222             2.5054          78.725       73.185     24-Mar-2024 20:16:14
    57      17      3     400    0.05       10       0.918    -1.5733     -1.5733         10              0              66.18          0.28107            0.41089             2.8933             2.4587          78.903       68.107     24-Mar-2024 20:16:14
    57      18      3     400    0.05       10        0.91    -1.4855     -1.4855         10              0             66.271           0.2745            0.36756             2.9049             2.4765          79.316       92.814     24-Mar-2024 20:16:14
    57      19      3     400    0.05       10       0.914     -1.496     -1.4959         10              0              65.42          0.27716            0.36167             2.8746             2.4531          79.252       67.195     24-Mar-2024 20:16:14
    57      20      3     400    0.05       10       0.916    -1.6097     -1.6097         10              0             73.226          0.31893            0.69708             2.8911             1.8248          79.164       68.137     24-Mar-2024 20:16:14
    57      21      3     400    0.05       10        0.92    -1.6426     -1.6426         10              0             72.678          0.31728            0.71353             2.8723             1.8193          79.477        64.39     24-Mar-2024 20:16:14
    57      22      3     400    0.05       10       0.922    -1.6004     -1.6004         10              0             72.306          0.32036            0.75979             2.8628             1.8161          78.892       70.073     24-Mar-2024 20:16:14
    57      23      3     400    0.05       10       0.918    -1.4634     -1.4634         10              0             72.359          0.31689            0.71332             2.8603             1.8317          79.004       65.402     24-Mar-2024 20:16:14
    57      24      3     400    0.05       10       0.916    -1.4256     -1.4256         10              0             65.176          0.27472              0.384               2.86             2.4301            78.4        69.36     24-Mar-2024 20:16:14
    57      25      3     400    0.05       10       0.932    -1.5529     -1.5529         10              0             74.239          0.33816            0.76159             2.9205             1.8507          79.491       73.167     24-Mar-2024 20:16:14
    57      26      3     400    0.05       10       0.916    -1.4479     -1.4479         10              0             72.935          0.31691            0.77864             2.8784             1.8254          79.506       68.589     24-Mar-2024 20:16:14
    57      27      3     400    0.05       10       0.926    -1.4357     -1.4357         10              0             64.712          0.26885            0.40134             2.8408             2.4091           78.98       66.451     24-Mar-2024 20:16:14
    57      28      3     400    0.05       10       0.932    -1.5298     -1.5298         10              0             72.522          0.31986            0.78489             2.8692             1.8206          78.953       55.569     24-Mar-2024 20:16:14
    57      29      3     400    0.05       10       0.928    -1.3985     -1.3984         10              0             66.784          0.29144            0.40893             2.9244              2.502          79.155       70.301     24-Mar-2024 20:16:14
    57      30      3     400    0.05       10       0.916    -1.3154     -1.3153         10              0             65.983          0.27754            0.39287             2.8871              2.463          78.801       43.152     24-Mar-2024 20:16:14

IdleTimeout has been reached.
Parallel pool is shutting down.

conn = 

  sqlite with properties:

      Database: '/home1/jongminm/sparse_kmeans/sparse_kmeans.db'
    IsReadOnly: 0
    AutoCommit: 'on'


rep =

    58

replication: (58)th 


thres =

    3.4616

thres=3.461637
1 th thresholding

  breakyes=3.2,  dualfeasorg deteriorated too much: primfeasorg=1.29e-06,dualfeasorg=3.89e-05
12 entries survived 

2 th thresholding

  breakyes=4.1,  primfeasorg stagnate, 0.00e+00
10 entries survived 

3 th thresholding

  breakyes=3.2,  dualfeasorg deteriorated too much: primfeasorg=9.76e-07,dualfeasorg=5.48e-05
10 entries survived 

4 th thresholding

  breakyes=3.2,  dualfeasorg deteriorated too much: primfeasorg=1.30e-06,dualfeasorg=4.84e-05
11 entries survived 

5 th thresholding

  breakyes=4.1,  primfeasorg stagnate, 0.00e+00
11 entries survived 

6 th thresholding

  breakyes=1.4,  maxresidual < 1.00e-06
11 entries survived 

7 th thresholding

  breakyes=3.2,  dualfeasorg deteriorated too much: primfeasorg=1.29e-06,dualfeasorg=6.16e-05
11 entries survived 

8 th thresholding

  breakyes=4.1,  primfeasorg stagnate, 0.00e+00
11 entries survived 

9 th thresholding

  breakyes=4.1,  primfeasorg stagnate, 0.00e+00
11 entries survived 

10 th thresholding

  breakyes=4.1,  primfeasorg stagnate, 0.00e+00
11 entries survived 

11 th thresholding

  breakyes=1.4,  maxresidual < 1.00e-06
11 entries survived 

12 th thresholding

  breakyes=4.1,  primfeasorg stagnate, 0.00e+00
11 entries survived 

13 th thresholding

  breakyes=3.2,  dualfeasorg deteriorated too much: primfeasorg=9.18e-07,dualfeasorg=4.95e-05
10 entries survived 

14 th thresholding

  breakyes=4.1,  primfeasorg stagnate, 0.00e+00
10 entries survived 

15 th thresholding

  breakyes=4.1,  primfeasorg stagnate, 0.00e+00
10 entries survived 

16 th thresholding

  breakyes=4.1,  primfeasorg stagnate, 0.00e+00
10 entries survived 

17 th thresholding

  breakyes=3.2,  dualfeasorg deteriorated too much: primfeasorg=1.32e-06,dualfeasorg=5.27e-05
10 entries survived 

18 th thresholding

  breakyes=3.2,  dualfeasorg deteriorated too much: primfeasorg=1.01e-06,dualfeasorg=6.36e-05
10 entries survived 

19 th thresholding

  breakyes=4.1,  primfeasorg stagnate, 0.00e+00
10 entries survived 

20 th thresholding

  breakyes=3.2,  dualfeasorg deteriorated too much: primfeasorg=9.46e-07,dualfeasorg=4.40e-05
10 entries survived 

21 th thresholding

  breakyes=3.2,  dualfeasorg deteriorated too much: primfeasorg=1.22e-06,dualfeasorg=5.38e-05
10 entries survived 

22 th thresholding

  breakyes=4.1,  primfeasorg stagnate, 0.00e+00
10 entries survived 

23 th thresholding

  breakyes=1.4,  maxresidual < 1.00e-06
10 entries survived 

24 th thresholding

  breakyes=4.1,  primfeasorg stagnate, 0.00e+00
10 entries survived 

25 th thresholding

  breakyes=4.1,  primfeasorg stagnate, 0.00e+00
10 entries survived 

26 th thresholding

  breakyes=4.1,  primfeasorg stagnate, 0.00e+00
10 entries survived 

27 th thresholding

  breakyes=1.4,  maxresidual < 1.00e-06
10 entries survived 

28 th thresholding

  breakyes=4.1,  primfeasorg stagnate, 0.00e+00
10 entries survived 

29 th thresholding

  breakyes=4.1,  primfeasorg stagnate, 0.00e+00
10 entries survived 

30 th thresholding

  breakyes=3.2,  dualfeasorg deteriorated too much: primfeasorg=1.10e-06,dualfeasorg=6.59e-05
10 entries survived 
acc =0.872000  0.910000  0.910000  0.918000  0.916000  0.912000  0.918000  0.904000  0.920000  0.900000  0.914000  0.896000  0.916000  0.902000  0.906000  0.908000  0.908000  0.900000  0.910000  0.904000  0.904000  0.900000  0.912000  0.904000  0.920000  0.904000  0.912000  0.906000  0.918000  0.898000  0.910000 

data =

  31x19 table

    rep    iter    sep    dim    rho     sparsity     acc     obj_prim    obj_dual    discov_true    discov_false    diff_x_tilde    diff_omega_op    diff_omega_ellone    diff_omega_frob    diff_omega_diag    time_isee    time_SDP          jobdate       
    ___    ____    ___    ___    ____    ________    _____    ________    ________    ___________    ____________    ____________    _____________    _________________    _______________    _______________    _________    ________    ____________________

    58       0      3     400    0.05       10       0.872          0           0          0              0                  0                0                  0                  0                  0               0            0     24-Mar-2024 21:31:33
    58       1      3     400    0.05       10        0.91    -1.9688     -1.9688         10              2              64.87          0.27648            0.38622             2.8512             2.4228          78.453       29.564     24-Mar-2024 21:31:33
    58       2      3     400    0.05       10        0.91    -1.4255     -1.4254         10              0             66.329          0.27722            0.41411             2.9067             2.4814           78.24       85.126     24-Mar-2024 21:31:33
    58       3      3     400    0.05       10       0.918    -1.4091     -1.4091         10              0             65.598          0.27711            0.40413             2.8805             2.4629          78.572       77.501     24-Mar-2024 21:31:33
    58       4      3     400    0.05       10       0.916    -1.4439     -1.4438         10              1             66.209           0.2777            0.40082             2.9165              2.505          78.099       50.213     24-Mar-2024 21:31:33
    58       5      3     400    0.05       10       0.912     -1.512      -1.512         10              1             65.809          0.28332            0.40255              2.889             2.4678          77.927       63.045     24-Mar-2024 21:31:33
    58       6      3     400    0.05       10       0.918    -1.4368     -1.4368         10              1             65.515          0.27126            0.39484             2.8781              2.461          78.506       75.958     24-Mar-2024 21:31:33
    58       7      3     400    0.05       10       0.904    -1.5057     -1.5057         10              1             64.896          0.27128             0.3668             2.8572              2.428          77.764       59.751     24-Mar-2024 21:31:33
    58       8      3     400    0.05       10        0.92    -1.4756     -1.4755         10              1             65.062          0.27841             0.4188             2.8552               2.43          77.986       84.514     24-Mar-2024 21:31:33
    58       9      3     400    0.05       10         0.9    -1.4813     -1.4812         10              1             66.008          0.28698            0.39537             2.8975             2.4753          77.908       64.062     24-Mar-2024 21:31:33
    58      10      3     400    0.05       10       0.914    -1.4926     -1.4926         10              1             66.378          0.27786            0.40097             2.9119             2.4884           78.51       81.576     24-Mar-2024 21:31:33
    58      11      3     400    0.05       10       0.896    -1.5128     -1.5128         10              1             65.997          0.28557            0.40915             2.8947             2.4684           78.22       70.058     24-Mar-2024 21:31:33
    58      12      3     400    0.05       10       0.916     -1.484     -1.4839         10              1             65.323          0.27145            0.40786             2.8708             2.4525          78.237       74.593     24-Mar-2024 21:31:33
    58      13      3     400    0.05       10       0.902    -1.5139     -1.5139         10              0             66.229          0.27395            0.40205             2.9117             2.4908          77.883       70.538     24-Mar-2024 21:31:33
    58      14      3     400    0.05       10       0.906    -1.5104     -1.5103         10              0             65.923          0.27021            0.36888             2.8958             2.4761          78.716       77.798     24-Mar-2024 21:31:33
    58      15      3     400    0.05       10       0.908    -1.5296     -1.5296         10              0             64.806          0.27595            0.39141             2.8517             2.4266           78.96       77.502     24-Mar-2024 21:31:33
    58      16      3     400    0.05       10       0.908    -1.5457     -1.5456         10              0             64.733          0.27211            0.40368             2.8478             2.4153          78.685       86.745     24-Mar-2024 21:31:33
    58      17      3     400    0.05       10         0.9    -1.4561     -1.4561         10              0             65.826          0.27281            0.39107             2.8955             2.4794           78.25       61.062     24-Mar-2024 21:31:33
    58      18      3     400    0.05       10        0.91    -1.5483     -1.5483         10              0             65.077          0.27112            0.39254             2.8631             2.4411           79.08       73.767     24-Mar-2024 21:31:33
    58      19      3     400    0.05       10       0.904    -1.4621     -1.4621         10              0             66.597          0.27928            0.39885             2.9278             2.5181          78.338       81.265     24-Mar-2024 21:31:33
    58      20      3     400    0.05       10       0.904    -1.4924     -1.4924         10              0             65.702          0.28663            0.37487             2.8877             2.4689          78.191       67.333     24-Mar-2024 21:31:33
    58      21      3     400    0.05       10         0.9    -1.4571     -1.4571         10              0             65.828          0.27458            0.39153             2.8928             2.4702          78.675       61.152     24-Mar-2024 21:31:33
    58      22      3     400    0.05       10       0.912    -1.4622     -1.4622         10              0             65.981          0.27628            0.38528             2.9028             2.4897          78.272       76.453     24-Mar-2024 21:31:33
    58      23      3     400    0.05       10       0.904    -1.5059     -1.5059         10              0              65.35          0.27482            0.37848             2.8703             2.4373          77.945       71.204     24-Mar-2024 21:31:33
    58      24      3     400    0.05       10        0.92    -1.4874     -1.4873         10              0             66.197          0.27867             0.3623             2.9106             2.4879          78.274       73.942     24-Mar-2024 21:31:33
    58      25      3     400    0.05       10       0.904    -1.5015     -1.5015         10              0             65.858          0.27777            0.40519             2.8955              2.473          78.264        78.38     24-Mar-2024 21:31:33
    58      26      3     400    0.05       10       0.912    -1.5213     -1.5213         10              0             65.335          0.27203            0.37762             2.8741             2.4511          78.195       75.496     24-Mar-2024 21:31:33
    58      27      3     400    0.05       10       0.906    -1.5208     -1.5208         10              0             65.656          0.27392            0.38303             2.8843             2.4615          78.258       104.91     24-Mar-2024 21:31:33
    58      28      3     400    0.05       10       0.918    -1.5002     -1.5002         10              0              64.95          0.28322            0.38694             2.8608             2.4374          78.232       75.471     24-Mar-2024 21:31:33
    58      29      3     400    0.05       10       0.898     -1.474      -1.474         10              0             65.639          0.26825            0.40352             2.8801             2.4567          78.958       66.681     24-Mar-2024 21:31:33
    58      30      3     400    0.05       10        0.91     -1.531     -1.5309         10              0             66.081          0.29016            0.38694             2.9071             2.4899          78.403       62.953     24-Mar-2024 21:31:33


conn = 

  sqlite with properties:

      Database: '/home1/jongminm/sparse_kmeans/sparse_kmeans.db'
    IsReadOnly: 0
    AutoCommit: 'on'


rep =

    59

replication: (59)th 


thres =

    3.4616

thres=3.461637
1 th thresholding

  breakyes=1.4,  maxresidual < 1.00e-06
12 entries survived 

2 th thresholding

  breakyes=4.1,  primfeasorg stagnate, 0.00e+00
10 entries survived 

3 th thresholding

  breakyes=4.1,  primfeasorg stagnate, 0.00e+00
10 entries survived 

4 th thresholding

  breakyes=3.2,  dualfeasorg deteriorated too much: primfeasorg=9.65e-07,dualfeasorg=4.22e-05
10 entries survived 

5 th thresholding

  breakyes=4.1,  primfeasorg stagnate, 0.00e+00
10 entries survived 

6 th thresholding

  breakyes=3.2,  dualfeasorg deteriorated too much: primfeasorg=1.47e-06,dualfeasorg=4.21e-05
10 entries survived 

7 th thresholding

  breakyes=4.1,  primfeasorg stagnate, 0.00e+00
10 entries survived 

8 th thresholding

  breakyes=3.2,  dualfeasorg deteriorated too much: primfeasorg=6.92e-06,dualfeasorg=9.22e-05
10 entries survived 

9 th thresholding

  breakyes=4.1,  primfeasorg stagnate, 0.00e+00
10 entries survived 

10 th thresholding

  breakyes=3.2,  dualfeasorg deteriorated too much: primfeasorg=1.75e-06,dualfeasorg=2.00e-04
10 entries survived 

11 th thresholding

  breakyes=4.1,  primfeasorg stagnate, 0.00e+00
10 entries survived 

12 th thresholding

  breakyes=3.2,  dualfeasorg deteriorated too much: primfeasorg=1.71e-06,dualfeasorg=6.10e-05
10 entries survived 

13 th thresholding

  breakyes=4.1,  primfeasorg stagnate, 0.00e+00
10 entries survived 

14 th thresholding

  breakyes=3.2,  dualfeasorg deteriorated too much: primfeasorg=8.90e-07,dualfeasorg=3.77e-05
10 entries survived 

15 th thresholding

  breakyes=1.4,  maxresidual < 1.00e-06
10 entries survived 

16 th thresholding

  breakyes=3.2,  dualfeasorg deteriorated too much: primfeasorg=9.35e-07,dualfeasorg=8.24e-05
10 entries survived 

17 th thresholding

  breakyes=4.1,  primfeasorg stagnate, 4.86e-05
10 entries survived 

18 th thresholding

  breakyes=3.2,  dualfeasorg deteriorated too much: primfeasorg=8.91e-07,dualfeasorg=4.93e-05
10 entries survived 

19 th thresholding

  breakyes=3.2,  dualfeasorg deteriorated too much: primfeasorg=1.18e-06,dualfeasorg=4.48e-05
10 entries survived 

20 th thresholding

  breakyes=3.2,  dualfeasorg deteriorated too much: primfeasorg=1.64e-06,dualfeasorg=6.29e-05
10 entries survived 

21 th thresholding

  breakyes=1.4,  maxresidual < 1.00e-06
10 entries survived 

22 th thresholding

  breakyes=3.2,  dualfeasorg deteriorated too much: primfeasorg=1.31e-06,dualfeasorg=4.85e-05
10 entries survived 

23 th thresholding

  breakyes=3.2,  dualfeasorg deteriorated too much: primfeasorg=1.81e-06,dualfeasorg=5.36e-05
10 entries survived 

24 th thresholding

  breakyes=4.1,  primfeasorg stagnate, 0.00e+00
10 entries survived 

25 th thresholding

  breakyes=4.1,  primfeasorg stagnate, 0.00e+00
10 entries survived 

26 th thresholding

  breakyes=1.4,  maxresidual < 1.00e-06
11 entries survived 

27 th thresholding

  breakyes=3.2,  dualfeasorg deteriorated too much: primfeasorg=1.05e-06,dualfeasorg=4.75e-05
10 entries survived 

28 th thresholding

  breakyes=4.1,  primfeasorg stagnate, 9.91e-05
10 entries survived 

29 th thresholding

  breakyes=4.1,  primfeasorg stagnate, 0.00e+00
10 entries survived 

30 th thresholding

  breakyes=3.2,  dualfeasorg deteriorated too much: primfeasorg=1.23e-06,dualfeasorg=5.32e-05
10 entries survived 
acc =0.884000  0.942000  0.946000  0.938000  0.940000  0.944000  0.940000  0.940000  0.948000  0.938000  0.946000  0.942000  0.934000  0.950000  0.908000  0.948000  0.922000  0.942000  0.938000  0.940000  0.934000  0.936000  0.942000  0.938000  0.942000  0.938000  0.942000  0.944000  0.936000  0.930000  0.948000 

data =

  31x19 table

    rep    iter    sep    dim    rho     sparsity     acc     obj_prim    obj_dual    discov_true    discov_false    diff_x_tilde    diff_omega_op    diff_omega_ellone    diff_omega_frob    diff_omega_diag    time_isee    time_SDP          jobdate       
    ___    ____    ___    ___    ____    ________    _____    ________    ________    ___________    ____________    ____________    _____________    _________________    _______________    _______________    _________    ________    ____________________

    59       0      3     400    0.05       10       0.884          0           0          0              0                  0                0                  0                  0                  0               0            0     24-Mar-2024 22:47:53
    59       1      3     400    0.05       10       0.942    -2.0331     -2.0331         10              2             65.251          0.27529            0.39087             2.8662              2.418          79.311       59.516     24-Mar-2024 22:47:53
    59       2      3     400    0.05       10       0.946    -1.3808     -1.3808         10              0             64.344          0.27052            0.41363             2.8318             2.4054           79.84       67.942     24-Mar-2024 22:47:53
    59       3      3     400    0.05       10       0.938    -1.3977     -1.3977         10              0             64.079          0.27881            0.41198             2.8166             2.3672           79.23       73.499     24-Mar-2024 22:47:53
    59       4      3     400    0.05       10        0.94    -1.4595     -1.4595         10              0             64.423          0.28278            0.41367              2.832              2.389          79.691       103.52     24-Mar-2024 22:47:53
    59       5      3     400    0.05       10       0.944    -1.4494     -1.4494         10              0             65.358           0.2815            0.43405             2.8733             2.4401          79.223       94.048     24-Mar-2024 22:47:53
    59       6      3     400    0.05       10        0.94    -1.4038     -1.4037         10              0               64.9          0.27776            0.43334              2.852             2.4057          79.803       113.41     24-Mar-2024 22:47:53
    59       7      3     400    0.05       10        0.94    -1.4932     -1.4931         10              0             63.854          0.28466            0.44778             2.8094             2.3709          79.069       88.829     24-Mar-2024 22:47:53
    59       8      3     400    0.05       10       0.948    -1.4543     -1.4543         10              0             64.921          0.28947            0.42164             2.8557             2.4129          79.414         63.9     24-Mar-2024 22:47:53
    59       9      3     400    0.05       10       0.938    -1.4303     -1.4303         10              0             65.194          0.27733            0.39818               2.86             2.4125          79.749        95.78     24-Mar-2024 22:47:53
    59      10      3     400    0.05       10       0.946    -1.3961     -1.3961         10              0             64.628          0.27643            0.42769             2.8372             2.3883          80.032       56.307     24-Mar-2024 22:47:53
    59      11      3     400    0.05       10       0.942    -1.6364     -1.6364         10              0              71.24          0.32218            0.80242             2.8295             1.7648          79.622       75.247     24-Mar-2024 22:47:53
    59      12      3     400    0.05       10       0.934    -1.4318     -1.4317         10              0             65.071          0.28183            0.41444             2.8555             2.4126          79.405        59.75     24-Mar-2024 22:47:53
    59      13      3     400    0.05       10        0.95    -1.5295     -1.5295         10              0             71.206          0.31895            0.80999             2.8199             1.7366          79.767       73.271     24-Mar-2024 22:47:53
    59      14      3     400    0.05       10       0.908     -1.462      -1.462         10              0             64.382          0.29226            0.44683              2.829              2.383          78.973       71.695     24-Mar-2024 22:47:53
    59      15      3     400    0.05       10       0.948    -1.5868     -1.5868         10              0             65.014          0.28304            0.40855             2.8501             2.4055          79.947       65.666     24-Mar-2024 22:47:53
    59      16      3     400    0.05       10       0.922    -1.4836     -1.4836         10              0             64.573          0.27167            0.46098             2.8354             2.3999          80.095       74.365     24-Mar-2024 22:47:53
    59      17      3     400    0.05       10       0.942      -1.57       -1.57         10              0             64.014          0.28365            0.38086              2.821             2.3882          79.378        89.37     24-Mar-2024 22:47:53
    59      18      3     400    0.05       10       0.938     -1.533      -1.533         10              0              71.76           0.3312             0.7935             2.8412              1.795          79.839       65.783     24-Mar-2024 22:47:53
    59      19      3     400    0.05       10        0.94    -1.4569     -1.4569         10              0              65.15          0.28617            0.44002             2.8638             2.4209           79.69       60.297     24-Mar-2024 22:47:53
    59      20      3     400    0.05       10       0.934    -1.5487     -1.5487         10              0             72.616          0.32179            0.78133              2.872             1.7609          79.457       61.811     24-Mar-2024 22:47:53
    59      21      3     400    0.05       10       0.936    -1.4162     -1.4162         10              0             64.487           0.2745            0.43528             2.8361             2.3987          79.262       70.971     24-Mar-2024 22:47:53
    59      22      3     400    0.05       10       0.942    -1.3886     -1.3886         10              0             64.817          0.29267            0.39392              2.843              2.399              79       57.835     24-Mar-2024 22:47:53
    59      23      3     400    0.05       10       0.938    -1.3941     -1.3941         10              0             65.327          0.27633            0.40108             2.8667              2.434           79.72       55.911     24-Mar-2024 22:47:53
    59      24      3     400    0.05       10       0.942    -1.5668     -1.5668         10              0             71.825          0.32362            0.78244             2.8463             1.7761          79.176       68.713     24-Mar-2024 22:47:53
    59      25      3     400    0.05       10       0.938    -1.4249     -1.4249         10              0             64.334          0.27421            0.40026             2.8271             2.3786          79.899       81.552     24-Mar-2024 22:47:53
    59      26      3     400    0.05       10       0.942    -1.6541     -1.6541         10              1              72.24          0.32084            0.72752             2.8676             1.8057          79.174       70.951     24-Mar-2024 22:47:53
    59      27      3     400    0.05       10       0.944    -1.4472     -1.4472         10              0             64.589          0.27793            0.39896             2.8361             2.3932          78.837       61.364     24-Mar-2024 22:47:53
    59      28      3     400    0.05       10       0.936    -1.4999     -1.4999         10              0              63.96          0.27427            0.40837             2.8172             2.3773          79.729        77.29     24-Mar-2024 22:47:53
    59      29      3     400    0.05       10        0.93    -1.4101     -1.4101         10              0             64.905          0.28941            0.39495              2.851             2.4094          79.967       67.094     24-Mar-2024 22:47:53
    59      30      3     400    0.05       10       0.948    -1.4966     -1.4966         10              0             64.955           0.2713             0.4145             2.8505             2.4157          78.607       51.825     24-Mar-2024 22:47:53


conn = 

  sqlite with properties:

      Database: '/home1/jongminm/sparse_kmeans/sparse_kmeans.db'
    IsReadOnly: 0
    AutoCommit: 'on'


rep =

    60

replication: (60)th 


thres =

    3.4616

thres=3.461637
1 th thresholding

  breakyes=3.2,  dualfeasorg deteriorated too much: primfeasorg=9.94e-07,dualfeasorg=3.79e-05
10 entries survived 

2 th thresholding

  breakyes=3.2,  dualfeasorg deteriorated too much: primfeasorg=1.60e-06,dualfeasorg=6.56e-05
10 entries survived 

3 th thresholding

  breakyes=4.1,  primfeasorg stagnate, 0.00e+00
10 entries survived 

4 th thresholding

  breakyes=3.2,  dualfeasorg deteriorated too much: primfeasorg=2.76e-06,dualfeasorg=1.56e-04
10 entries survived 

5 th thresholding

  breakyes=1.3,  maxresidual < 1.00e-06
10 entries survived 

6 th thresholding

  breakyes=3.2,  dualfeasorg deteriorated too much: primfeasorg=9.37e-07,dualfeasorg=5.32e-05
10 entries survived 

7 th thresholding

  breakyes=3.2,  dualfeasorg deteriorated too much: primfeasorg=1.27e-06,dualfeasorg=5.76e-05
10 entries survived 

8 th thresholding

  breakyes=3.2,  dualfeasorg deteriorated too much: primfeasorg=1.40e-06,dualfeasorg=6.36e-05
10 entries survived 

9 th thresholding

  breakyes=1.4,  maxresidual < 1.00e-06
10 entries survived 

10 th thresholding

  breakyes=3.2,  dualfeasorg deteriorated too much: primfeasorg=9.17e-07,dualfeasorg=4.19e-05
10 entries survived 

11 th thresholding

  breakyes=3.2,  dualfeasorg deteriorated too much: primfeasorg=1.54e-06,dualfeasorg=4.87e-05
10 entries survived 

12 th thresholding

  breakyes=3.2,  dualfeasorg deteriorated too much: primfeasorg=1.15e-06,dualfeasorg=4.46e-05
10 entries survived 

13 th thresholding

  breakyes=4.1,  primfeasorg stagnate, 0.00e+00
10 entries survived 

14 th thresholding

  breakyes=3.2,  dualfeasorg deteriorated too much: primfeasorg=9.12e-07,dualfeasorg=5.24e-05
10 entries survived 

15 th thresholding

  breakyes=1.3,  maxresidual < 1.00e-06
10 entries survived 

16 th thresholding

  breakyes=3.2,  dualfeasorg deteriorated too much: primfeasorg=8.35e-07,dualfeasorg=3.43e-05
10 entries survived 

17 th thresholding

  breakyes=4.1,  primfeasorg stagnate, 0.00e+00
10 entries survived 

18 th thresholding

  breakyes=3.2,  dualfeasorg deteriorated too much: primfeasorg=1.08e-06,dualfeasorg=3.17e-05
10 entries survived 

19 th thresholding

  breakyes=3.2,  dualfeasorg deteriorated too much: primfeasorg=9.05e-07,dualfeasorg=4.36e-05
10 entries survived 

20 th thresholding

  breakyes=4.1,  primfeasorg stagnate, 0.00e+00
10 entries survived 

21 th thresholding

  breakyes=1.4,  maxresidual < 1.00e-06
10 entries survived 

22 th thresholding

  breakyes=4.1,  primfeasorg stagnate, 0.00e+00
10 entries survived 

23 th thresholding

  breakyes=3.2,  dualfeasorg deteriorated too much: primfeasorg=1.47e-06,dualfeasorg=1.26e-04
10 entries survived 

24 th thresholding

  breakyes=3.2,  dualfeasorg deteriorated too much: primfeasorg=1.17e-06,dualfeasorg=5.56e-05
10 entries survived 

25 th thresholding

  breakyes=3.2,  dualfeasorg deteriorated too much: primfeasorg=9.57e-07,dualfeasorg=4.49e-05
10 entries survived 

26 th thresholding

  breakyes=3.2,  dualfeasorg deteriorated too much: primfeasorg=1.13e-06,dualfeasorg=5.39e-05
10 entries survived 

27 th thresholding

  breakyes=4.1,  primfeasorg stagnate, 0.00e+00
10 entries survived 

28 th thresholding

  breakyes=4.1,  primfeasorg stagnate, 0.00e+00
10 entries survived 

29 th thresholding

  breakyes=3.2,  dualfeasorg deteriorated too much: primfeasorg=6.48e-06,dualfeasorg=1.03e-04
10 entries survived 

30 th thresholding

  breakyes=4.1,  primfeasorg stagnate, 0.00e+00
10 entries survived 
acc =0.842000  0.930000  0.916000  0.920000  0.910000  0.926000  0.910000  0.904000  0.896000  0.888000  0.890000  0.880000  0.890000  0.886000  0.894000  0.880000  0.898000  0.886000  0.900000  0.884000  0.902000  0.888000  0.896000  0.886000  0.894000  0.890000  0.892000  0.890000  0.894000  0.880000  0.892000 

data =

  31x19 table

    rep    iter    sep    dim    rho     sparsity     acc     obj_prim    obj_dual    discov_true    discov_false    diff_x_tilde    diff_omega_op    diff_omega_ellone    diff_omega_frob    diff_omega_diag    time_isee    time_SDP          jobdate       
    ___    ____    ___    ___    ____    ________    _____    ________    ________    ___________    ____________    ____________    _____________    _________________    _______________    _______________    _________    ________    ____________________

    60       0      3     400    0.05       10       0.842          0           0          0              0                  0                0                  0                  0                  0               0            0     25-Mar-2024 00:02:36
    60       1      3     400    0.05       10        0.93    -1.9203     -1.9203         10              0             65.649          0.27675            0.39838             2.8815             2.4632          78.269       56.248     25-Mar-2024 00:02:36
    60       2      3     400    0.05       10       0.916    -1.3162     -1.3162         10              0             66.851          0.29271            0.45054             2.9327             2.5129          79.295       42.813     25-Mar-2024 00:02:36
    60       3      3     400    0.05       10        0.92    -1.3509     -1.3509         10              0             66.054          0.26931            0.37905             2.8975             2.4739          79.032       77.779     25-Mar-2024 00:02:36
    60       4      3     400    0.05       10        0.91    -1.4234     -1.4234         10              0             72.403          0.31682            0.87294             2.8748             1.8266          78.637       32.128     25-Mar-2024 00:02:36
    60       5      3     400    0.05       10       0.926    -1.3777     -1.3777         10              0             66.091          0.28353            0.38879             2.8906             2.4619          79.256       85.696     25-Mar-2024 00:02:36
    60       6      3     400    0.05       10        0.91    -1.3362     -1.3362         10              0             65.827          0.28041            0.39168             2.8889             2.4728          78.366       74.248     25-Mar-2024 00:02:36
    60       7      3     400    0.05       10       0.904    -1.3955     -1.3955         10              0             65.393          0.28045            0.39488             2.8698             2.4444          78.615       55.585     25-Mar-2024 00:02:36
    60       8      3     400    0.05       10       0.896    -1.4499     -1.4499         10              0             66.184          0.28624            0.40002             2.9001             2.4774          78.777       56.591     25-Mar-2024 00:02:36
    60       9      3     400    0.05       10       0.888    -1.4817     -1.4817         10              0             65.222          0.30506            0.40856             2.8596             2.4307          79.461       72.614     25-Mar-2024 00:02:36
    60      10      3     400    0.05       10        0.89    -1.5828     -1.5828         10              0             66.395          0.28018            0.41989             2.9105             2.4933          78.742       61.417     25-Mar-2024 00:02:36
    60      11      3     400    0.05       10        0.88    -1.6131     -1.6131         10              0             66.119          0.28304            0.44309             2.9003             2.4794          78.679       49.612     25-Mar-2024 00:02:36
    60      12      3     400    0.05       10        0.89    -1.6296     -1.6296         10              0             65.317          0.26888            0.40907             2.8658             2.4323          78.863        54.53     25-Mar-2024 00:02:36
    60      13      3     400    0.05       10       0.886    -1.5295     -1.5295         10              0              65.44          0.28651            0.42528             2.8696             2.4392          79.148       71.686     25-Mar-2024 00:02:36
    60      14      3     400    0.05       10       0.894    -1.5496     -1.5496         10              0             65.295          0.28587            0.39893             2.8651              2.443          78.627       66.948     25-Mar-2024 00:02:36
    60      15      3     400    0.05       10        0.88    -1.4996     -1.4996         10              0             66.146          0.28501            0.43105             2.8997             2.4768          79.085       80.929     25-Mar-2024 00:02:36
    60      16      3     400    0.05       10       0.898    -1.5728     -1.5728         10              0             66.901          0.28145            0.43743             2.9316             2.5138           78.31        100.9     25-Mar-2024 00:02:36
    60      17      3     400    0.05       10       0.886     -1.479      -1.479         10              0             66.877          0.28336            0.41966             2.9311              2.508            78.9       67.181     25-Mar-2024 00:02:36
    60      18      3     400    0.05       10         0.9    -1.5879     -1.5879         10              0             66.166          0.27738            0.38083             2.8986             2.4769          78.683       57.078     25-Mar-2024 00:02:36
    60      19      3     400    0.05       10       0.884    -1.5255     -1.5255         10              0             66.176          0.29584            0.42992             2.9034             2.4797          78.995       62.597     25-Mar-2024 00:02:36
    60      20      3     400    0.05       10       0.902    -1.5875     -1.5875         10              0             66.522          0.29424            0.43021              2.913             2.4919          78.998       102.84     25-Mar-2024 00:02:36
    60      21      3     400    0.05       10       0.888    -1.4721      -1.472         10              0             66.709          0.28787            0.39939             2.9231             2.5055          80.742       72.877     25-Mar-2024 00:02:36
    60      22      3     400    0.05       10       0.896    -1.5919     -1.5918         10              0             66.436          0.27797            0.37084              2.917             2.4956          81.254       86.353     25-Mar-2024 00:02:36
    60      23      3     400    0.05       10       0.886    -1.5626     -1.5626         10              0             65.383          0.28043             0.3769             2.8668               2.44          78.881       51.727     25-Mar-2024 00:02:36
    60      24      3     400    0.05       10       0.894     -1.566      -1.566         10              0             66.146          0.29147            0.39595             2.9002             2.4785          79.258       66.567     25-Mar-2024 00:02:36
    60      25      3     400    0.05       10        0.89    -1.4778     -1.4778         10              0             65.574          0.27303            0.38899              2.874              2.445          78.223        99.34     25-Mar-2024 00:02:36
    60      26      3     400    0.05       10       0.892    -1.5762     -1.5762         10              0             65.094          0.26943            0.40385             2.8588             2.4307          78.967       63.082     25-Mar-2024 00:02:36
    60      27      3     400    0.05       10        0.89    -1.5657     -1.5657         10              0             65.842          0.28024            0.44986             2.8794             2.4508          79.773        59.43     25-Mar-2024 00:02:36
    60      28      3     400    0.05       10       0.894    -1.5375     -1.5375         10              0             66.125          0.28103            0.41528              2.902             2.4878          78.978       101.45     25-Mar-2024 00:02:36
    60      29      3     400    0.05       10        0.88    -1.5516     -1.5516         10              0              66.54          0.27763            0.42134             2.9152             2.4878          78.618       54.284     25-Mar-2024 00:02:36
    60      30      3     400    0.05       10       0.892    -1.6472     -1.6472         10              0             65.937           0.2902            0.37536             2.8926             2.4764          80.644       109.32     25-Mar-2024 00:02:36


conn = 

  sqlite with properties:

      Database: '/home1/jongminm/sparse_kmeans/sparse_kmeans.db'
    IsReadOnly: 0
    AutoCommit: 'on'

