==========================================
SLURM_JOB_ID = 20433345
SLURM_JOB_NODELIST = b22-20
TMPDIR = /tmp/SLURM_20433345
==========================================
hello
Starting parallel pool (parpool) ...
Connected to the parallel pool (number of workers: 15).

pool = 

 ProcessPool with properties: 

            Connected: true
           NumWorkers: 15
                 Busy: false
              Cluster: Local
        AttachedFiles: {}
    AutoAddClientPath: true
            FileStore: [1x1 parallel.FileStore]
           ValueStore: [1x1 parallel.ValueStore]
          IdleTimeout: 30 minutes (30 minutes remaining)
          SpmdEnabled: true


p =

   100


Delta =

     4


s =

    10


n =

   500


ii =

     4


table_name =

    'sparse_kmeans_glasso'


rho =

    0.0500


M =

    0.6601

delta confirmed: 4.000000
ans =

    3.8338


rep =

    13

replication: (13)th 


thres =

    3.0349

thres=3.034854
1 th thresholding

  breakyes=1.0,  maxresidual < 1.00e-06
10 entries survived 

2 th thresholding

  breakyes=1.0,  maxresidual < 1.00e-06
10 entries survived 

3 th thresholding

  breakyes=1.0,  maxresidual < 1.00e-06
10 entries survived 

4 th thresholding

  breakyes=1.0,  maxresidual < 1.00e-06
10 entries survived 

5 th thresholding

  breakyes=1.0,  maxresidual < 1.00e-06
10 entries survived 

6 th thresholding

  breakyes=1.0,  maxresidual < 1.00e-06
10 entries survived 

7 th thresholding

  breakyes=1.0,  maxresidual < 1.00e-06
10 entries survived 

8 th thresholding

  breakyes=1.0,  maxresidual < 1.00e-06
10 entries survived 

9 th thresholding

  breakyes=1.0,  maxresidual < 1.00e-06
10 entries survived 

10 th thresholding

  breakyes=1.4,  maxresidual < 1.00e-06
10 entries survived 

11 th thresholding

  breakyes=1.0,  maxresidual < 1.00e-06
10 entries survived 

12 th thresholding

  breakyes=1.0,  maxresidual < 1.00e-06
10 entries survived 

13 th thresholding

  breakyes=1.4,  maxresidual < 1.00e-06
10 entries survived 

14 th thresholding

  breakyes=1.0,  maxresidual < 1.00e-06
10 entries survived 

15 th thresholding

  breakyes=1.0,  maxresidual < 1.00e-06
10 entries survived 

16 th thresholding

  breakyes=1.0,  maxresidual < 1.00e-06
10 entries survived 

17 th thresholding

  breakyes=1.0,  maxresidual < 1.00e-06
10 entries survived 

18 th thresholding

  breakyes=1.0,  maxresidual < 1.00e-06
10 entries survived 

19 th thresholding

  breakyes=1.0,  maxresidual < 1.00e-06
10 entries survived 

20 th thresholding

  breakyes=1.0,  maxresidual < 1.00e-06
10 entries survived 

21 th thresholding

  breakyes=1.0,  maxresidual < 1.00e-06
10 entries survived 

22 th thresholding

  breakyes=1.0,  maxresidual < 1.00e-06
10 entries survived 

23 th thresholding

  breakyes=1.0,  maxresidual < 1.00e-06
10 entries survived 

24 th thresholding

  breakyes=1.0,  maxresidual < 1.00e-06
10 entries survived 

25 th thresholding

  breakyes=1.3,  maxresidual < 1.00e-06
10 entries survived 

26 th thresholding

  breakyes=1.0,  maxresidual < 1.00e-06
10 entries survived 

27 th thresholding

  breakyes=1.4,  maxresidual < 1.00e-06
10 entries survived 

28 th thresholding

  breakyes=1.0,  maxresidual < 1.00e-06
10 entries survived 

29 th thresholding

  breakyes=3.2,  dualfeasorg deteriorated too much: primfeasorg=1.21e-06,dualfeasorg=2.96e-05
10 entries survived 

30 th thresholding

  breakyes=1.0,  maxresidual < 1.00e-06
10 entries survived 
acc =0.984000  0.984000  0.984000  0.984000  0.982000  0.984000  0.980000  0.986000  0.980000  0.982000  0.982000  0.984000  0.984000  0.988000  0.984000  0.980000  0.986000  0.982000  0.984000  0.980000  0.982000  0.982000  0.984000  0.982000  0.980000  0.980000  0.984000  0.984000  0.984000  0.976000  0.986000 

data =

  31x19 table

    rep    iter    sep    dim    rho     sparsity     acc     obj_prim    obj_dual    discov_true    discov_false    diff_x_tilde    diff_omega_op    diff_omega_ellone    diff_omega_frob    diff_omega_diag    time_isee    time_SDP          jobdate       
    ___    ____    ___    ___    ____    ________    _____    ________    ________    ___________    ____________    ____________    _____________    _________________    _______________    _______________    _________    ________    ____________________

    13       0      4     100    0.05       10       0.984          0           0          0              0                  0                0                  0                  0                   0              0            0     24-Mar-2024 14:26:51
    13       1      4     100    0.05       10       0.984    -2.6952     -2.6952         10              0             30.595          0.26393            0.42793             1.2803             0.97607         1.4276       18.585     24-Mar-2024 14:26:51
    13       2      4     100    0.05       10       0.984    -2.7447     -2.7447         10              0             30.379          0.26414            0.38739             1.2806             0.98263         1.3248       26.253     24-Mar-2024 14:26:51
    13       3      4     100    0.05       10       0.984    -2.6892     -2.6892         10              0             29.857          0.25807            0.42069             1.2568             0.95048          1.303       20.468     24-Mar-2024 14:26:51
    13       4      4     100    0.05       10       0.982    -2.6677     -2.6677         10              0             29.143          0.23755            0.36709             1.2333             0.95687         1.3603       21.635     24-Mar-2024 14:26:51
    13       5      4     100    0.05       10       0.984    -2.6748     -2.6748         10              0             30.035          0.26222            0.45546             1.2602             0.96384         1.3586       27.385     24-Mar-2024 14:26:51
    13       6      4     100    0.05       10        0.98    -2.7574     -2.7574         10              0             29.207          0.25528            0.40579             1.2275             0.94061         1.3335        27.03     24-Mar-2024 14:26:51
    13       7      4     100    0.05       10       0.986    -2.6381     -2.6381         10              0             30.617           0.2789            0.42057             1.2822              0.9926         1.3539       27.018     24-Mar-2024 14:26:51
    13       8      4     100    0.05       10        0.98     -2.724      -2.724         10              0             29.716          0.24699            0.39917              1.261             0.98606         1.3405       24.942     24-Mar-2024 14:26:51
    13       9      4     100    0.05       10       0.982    -2.6874     -2.6874         10              0             29.683          0.24879            0.40727             1.2458              0.9352         1.3105       23.194     24-Mar-2024 14:26:51
    13      10      4     100    0.05       10       0.982     -2.802      -2.802         10              0             29.824          0.27522            0.44449             1.2497             0.93916         1.3882       27.371     24-Mar-2024 14:26:51
    13      11      4     100    0.05       10       0.984    -2.7264     -2.7264         10              0             30.169          0.26186            0.42477             1.2702             0.98091         1.3435       21.972     24-Mar-2024 14:26:51
    13      12      4     100    0.05       10       0.984    -2.7035     -2.7035         10              0             28.998          0.25293            0.37229             1.2196             0.91503         1.3086        18.62     24-Mar-2024 14:26:51
    13      13      4     100    0.05       10       0.988    -2.6951     -2.6951         10              0               30.4          0.26554            0.46919             1.2738             0.96099         1.3111       30.152     24-Mar-2024 14:26:51
    13      14      4     100    0.05       10       0.984    -2.6611     -2.6611         10              0             29.276           0.2498             0.4599             1.2322             0.94284         1.3819       28.436     24-Mar-2024 14:26:51
    13      15      4     100    0.05       10        0.98    -2.6528     -2.6528         10              0             29.714          0.26596            0.42645             1.2416             0.94646          1.342        20.33     24-Mar-2024 14:26:51
    13      16      4     100    0.05       10       0.986    -2.7502     -2.7502         10              0              29.97          0.26161            0.39995             1.2626             0.97643         1.3368        26.93     24-Mar-2024 14:26:51
    13      17      4     100    0.05       10       0.982     -2.637      -2.637         10              0              30.73          0.25614            0.46122             1.2899              1.0128         1.3231       23.894     24-Mar-2024 14:26:51
    13      18      4     100    0.05       10       0.984    -2.6912     -2.6912         10              0             30.119          0.27641            0.47024             1.2651             0.98489         1.3677       18.246     24-Mar-2024 14:26:51
    13      19      4     100    0.05       10        0.98    -2.6858     -2.6857         10              0             30.052           0.2484            0.42005              1.262              0.9867         1.3477       15.484     24-Mar-2024 14:26:51
    13      20      4     100    0.05       10       0.982    -2.6557     -2.6557         10              0             30.299           0.2701            0.43523             1.2691             0.97904         1.3538       21.022     24-Mar-2024 14:26:51
    13      21      4     100    0.05       10       0.982    -2.6604     -2.6604         10              0              30.59          0.26966            0.43693             1.2792             0.99572         1.3677       18.075     24-Mar-2024 14:26:51
    13      22      4     100    0.05       10       0.984    -2.6468     -2.6468         10              0             29.731          0.26107             0.4563             1.2452             0.93908         1.3494       20.098     24-Mar-2024 14:26:51
    13      23      4     100    0.05       10       0.982    -2.6542     -2.6542         10              0             30.901          0.26852            0.45158             1.2892             0.98288         1.3436       19.419     24-Mar-2024 14:26:51
    13      24      4     100    0.05       10        0.98    -2.7401     -2.7401         10              0              29.32          0.25886            0.39208             1.2309             0.93986         1.3335       21.796     24-Mar-2024 14:26:51
    13      25      4     100    0.05       10        0.98    -2.7605     -2.7605         10              0             28.821          0.25327            0.38416             1.2183             0.93326         1.3577       25.654     24-Mar-2024 14:26:51
    13      26      4     100    0.05       10       0.984    -2.7507     -2.7507         10              0             29.614          0.26621            0.44166             1.2442             0.92763         1.3127       20.792     24-Mar-2024 14:26:51
    13      27      4     100    0.05       10       0.984    -2.7378     -2.7378         10              0             29.669          0.26964            0.41656             1.2557             0.97241         1.3643       25.677     24-Mar-2024 14:26:51
    13      28      4     100    0.05       10       0.984    -2.7092     -2.7092         10              0             30.883          0.29215            0.44441             1.2901             0.97558         1.3441       25.247     24-Mar-2024 14:26:51
    13      29      4     100    0.05       10       0.976    -2.8029     -2.8029         10              0             30.015          0.25043            0.43507             1.2648             0.96428         1.3513       28.878     24-Mar-2024 14:26:51
    13      30      4     100    0.05       10       0.986    -2.8241     -2.8241         10              0             30.194          0.25949            0.43021             1.2673             0.96029         1.3509       20.759     24-Mar-2024 14:26:51


conn = 

  sqlite with properties:

      Database: '/home1/jongminm/sparse_kmeans/sparse_kmeans.db'
    IsReadOnly: 0
    AutoCommit: 'on'


rep =

    14

replication: (14)th 


thres =

    3.0349

thres=3.034854
1 th thresholding

  breakyes=1.0,  maxresidual < 1.00e-06
11 entries survived 

2 th thresholding

  breakyes=1.0,  maxresidual < 1.00e-06
11 entries survived 

3 th thresholding

  breakyes=1.3,  maxresidual < 1.00e-06
11 entries survived 

4 th thresholding

  breakyes=1.4,  maxresidual < 1.00e-06
11 entries survived 

5 th thresholding

  breakyes=3.2,  dualfeasorg deteriorated too much: primfeasorg=1.28e-06,dualfeasorg=4.08e-05
11 entries survived 

6 th thresholding

  breakyes=1.4,  maxresidual < 1.00e-06
11 entries survived 

7 th thresholding

  breakyes=1.0,  maxresidual < 1.00e-06
12 entries survived 

8 th thresholding

  breakyes=1.0,  maxresidual < 1.00e-06
11 entries survived 

9 th thresholding

  breakyes=1.0,  maxresidual < 1.00e-06
11 entries survived 

10 th thresholding

  breakyes=1.4,  maxresidual < 1.00e-06
11 entries survived 

11 th thresholding

  breakyes=1.0,  maxresidual < 1.00e-06
11 entries survived 

12 th thresholding

  breakyes=1.0,  maxresidual < 1.00e-06
11 entries survived 

13 th thresholding

  breakyes=1.0,  maxresidual < 1.00e-06
11 entries survived 

14 th thresholding

  breakyes=1.3,  maxresidual < 1.00e-06
11 entries survived 

15 th thresholding

  breakyes=1.0,  maxresidual < 1.00e-06
11 entries survived 

16 th thresholding

  breakyes=1.0,  maxresidual < 1.00e-06
11 entries survived 

17 th thresholding

  breakyes=1.0,  maxresidual < 1.00e-06
11 entries survived 

18 th thresholding

  breakyes=1.4,  maxresidual < 1.00e-06
11 entries survived 

19 th thresholding

  breakyes=1.3,  maxresidual < 1.00e-06
11 entries survived 

20 th thresholding

  breakyes=1.0,  maxresidual < 1.00e-06
12 entries survived 

21 th thresholding

  breakyes=1.0,  maxresidual < 1.00e-06
11 entries survived 

22 th thresholding

  breakyes=1.4,  maxresidual < 1.00e-06
11 entries survived 

23 th thresholding

  breakyes=1.4,  maxresidual < 1.00e-06
11 entries survived 

24 th thresholding

  breakyes=1.4,  maxresidual < 1.00e-06
11 entries survived 

25 th thresholding

  breakyes=1.4,  maxresidual < 1.00e-06
11 entries survived 

26 th thresholding

  breakyes=1.0,  maxresidual < 1.00e-06
11 entries survived 

27 th thresholding

  breakyes=1.0,  maxresidual < 1.00e-06
11 entries survived 

28 th thresholding

  breakyes=1.0,  maxresidual < 1.00e-06
11 entries survived 

29 th thresholding

  breakyes=1.0,  maxresidual < 1.00e-06
11 entries survived 

30 th thresholding

  breakyes=1.0,  maxresidual < 1.00e-06
11 entries survived 
acc =0.968000  0.978000  0.976000  0.978000  0.974000  0.978000  0.982000  0.978000  0.976000  0.972000  0.980000  0.976000  0.978000  0.974000  0.986000  0.976000  0.978000  0.976000  0.982000  0.980000  0.974000  0.976000  0.974000  0.980000  0.976000  0.978000  0.980000  0.970000  0.976000  0.982000  0.980000 

data =

  31x19 table

    rep    iter    sep    dim    rho     sparsity     acc     obj_prim    obj_dual    discov_true    discov_false    diff_x_tilde    diff_omega_op    diff_omega_ellone    diff_omega_frob    diff_omega_diag    time_isee    time_SDP          jobdate       
    ___    ____    ___    ___    ____    ________    _____    ________    ________    ___________    ____________    ____________    _____________    _________________    _______________    _______________    _________    ________    ____________________

    14       0      4     100    0.05       10       0.968          0           0          0              0                  0                0                  0                  0                   0              0            0     24-Mar-2024 14:40:52
    14       1      4     100    0.05       10       0.978    -2.5788     -2.5788         10              1             30.531          0.27185            0.48183             1.2791             0.98468         1.3271       15.872     24-Mar-2024 14:40:52
    14       2      4     100    0.05       10       0.976    -2.4982     -2.4982         10              1             30.161          0.26592            0.40935             1.2644             0.96935         1.3207       22.032     24-Mar-2024 14:40:52
    14       3      4     100    0.05       10       0.978    -2.6331     -2.6331         10              1             29.487          0.26269            0.46278             1.2418             0.93874         1.3245       27.558     24-Mar-2024 14:40:52
    14       4      4     100    0.05       10       0.974    -2.5508     -2.5508         10              1              29.55          0.26439            0.41004               1.24              0.9502         1.3285       34.344     24-Mar-2024 14:40:52
    14       5      4     100    0.05       10       0.978    -2.4604     -2.4604         10              1             31.569          0.27319            0.47647             1.3166              1.0286         1.3473       22.152     24-Mar-2024 14:40:52
    14       6      4     100    0.05       10       0.982    -2.6125     -2.6125         10              1             29.973          0.26067            0.44538             1.2611              0.9552         1.3214       57.662     24-Mar-2024 14:40:52
    14       7      4     100    0.05       10       0.978    -2.4874     -2.4874         10              2             30.284          0.25357            0.42026             1.2658              0.9647         1.3263       24.631     24-Mar-2024 14:40:52
    14       8      4     100    0.05       10       0.976     -2.563      -2.563         10              1             30.209          0.25799            0.47796              1.267             0.95787         1.3363       18.525     24-Mar-2024 14:40:52
    14       9      4     100    0.05       10       0.972    -2.5774     -2.5774         10              1             30.645          0.26288             0.4856             1.2841             0.97519         1.3617       18.815     24-Mar-2024 14:40:52
    14      10      4     100    0.05       10        0.98    -2.4221     -2.4221         10              1             31.116          0.26478            0.45125             1.3008              1.0103         1.3143       29.174     24-Mar-2024 14:40:52
    14      11      4     100    0.05       10       0.976    -2.4698     -2.4698         10              1             29.836          0.24945            0.41411             1.2457             0.94637         1.3989       29.713     24-Mar-2024 14:40:52
    14      12      4     100    0.05       10       0.978    -2.7136     -2.7136         10              1              29.66          0.25138            0.39377             1.2517               0.923         1.3465       25.618     24-Mar-2024 14:40:52
    14      13      4     100    0.05       10       0.974    -2.5487     -2.5487         10              1             30.229          0.25282            0.38815              1.271             0.96192         1.3119       17.167     24-Mar-2024 14:40:52
    14      14      4     100    0.05       10       0.986    -2.5753     -2.5753         10              1             30.778          0.25656            0.40639             1.2989              1.0056         1.3245        30.07     24-Mar-2024 14:40:52
    14      15      4     100    0.05       10       0.976    -2.4935     -2.4935         10              1              30.33          0.25364            0.39898             1.2757              0.9956         1.3387       12.907     24-Mar-2024 14:40:52
    14      16      4     100    0.05       10       0.978    -2.6268     -2.6268         10              1             30.481          0.25446            0.45532             1.2855             0.99537         1.3209       25.809     24-Mar-2024 14:40:52
    14      17      4     100    0.05       10       0.976    -2.5169     -2.5169         10              1              30.88          0.25824            0.42364             1.2986             0.99832         1.3457       17.728     24-Mar-2024 14:40:52
    14      18      4     100    0.05       10       0.982    -2.5769     -2.5769         10              1             29.266          0.27352            0.42204             1.2365               0.937         1.3481        27.41     24-Mar-2024 14:40:52
    14      19      4     100    0.05       10        0.98    -2.5729     -2.5729         10              1             30.273          0.25205            0.40307             1.2776              0.9824         1.3309       64.203     24-Mar-2024 14:40:52
    14      20      4     100    0.05       10       0.974    -2.5904     -2.5904         10              2             30.279          0.25804            0.41523             1.2717               0.978         1.3725       23.014     24-Mar-2024 14:40:52
    14      21      4     100    0.05       10       0.976    -2.5762     -2.5762         10              1              30.67            0.251            0.39444             1.2837             0.98748         1.3378       12.339     24-Mar-2024 14:40:52
    14      22      4     100    0.05       10       0.974    -2.5696     -2.5696         10              1             30.383          0.26227            0.45324             1.2808             0.98676         1.3067       28.777     24-Mar-2024 14:40:52
    14      23      4     100    0.05       10        0.98    -2.4881     -2.4881         10              1             30.227          0.25923            0.38892             1.2604             0.95508         1.3438       47.573     24-Mar-2024 14:40:52
    14      24      4     100    0.05       10       0.976    -2.5384     -2.5384         10              1             30.544          0.25296            0.42561             1.2761             0.96989         1.3667       28.886     24-Mar-2024 14:40:52
    14      25      4     100    0.05       10       0.978    -2.6299     -2.6299         10              1             29.143          0.25067            0.38723             1.2323              0.9402         1.3393       28.898     24-Mar-2024 14:40:52
    14      26      4     100    0.05       10        0.98    -2.5455     -2.5455         10              1             29.483          0.25934             0.3688             1.2425             0.95678         1.3199       20.391     24-Mar-2024 14:40:52
    14      27      4     100    0.05       10        0.97    -2.5742     -2.5742         10              1             30.087          0.25284            0.40094             1.2653             0.96868         1.3295       24.489     24-Mar-2024 14:40:52
    14      28      4     100    0.05       10       0.976    -2.5717     -2.5717         10              1             30.875          0.28103            0.42494              1.295              1.0002         1.3284       14.394     24-Mar-2024 14:40:52
    14      29      4     100    0.05       10       0.982    -2.6357     -2.6357         10              1             29.912          0.24583            0.41384             1.2672             0.96753         1.3289       12.752     24-Mar-2024 14:40:52
    14      30      4     100    0.05       10        0.98     -2.516      -2.516         10              1             29.707          0.25708             0.3931             1.2478             0.95839         1.3657       26.244     24-Mar-2024 14:40:52


conn = 

  sqlite with properties:

      Database: '/home1/jongminm/sparse_kmeans/sparse_kmeans.db'
    IsReadOnly: 0
    AutoCommit: 'on'


rep =

    15

replication: (15)th 


thres =

    3.0349

thres=3.034854
1 th thresholding

  breakyes=1.4,  maxresidual < 1.00e-06
11 entries survived 

2 th thresholding

  breakyes=1.4,  maxresidual < 1.00e-06
11 entries survived 

3 th thresholding

  breakyes=1.4,  maxresidual < 1.00e-06
11 entries survived 

4 th thresholding

  breakyes=1.3,  maxresidual < 1.00e-06
11 entries survived 

5 th thresholding

  breakyes=1.3,  maxresidual < 1.00e-06
11 entries survived 

6 th thresholding

  breakyes=1.0,  maxresidual < 1.00e-06
11 entries survived 

7 th thresholding

  breakyes=1.3,  maxresidual < 1.00e-06
11 entries survived 

8 th thresholding

  breakyes=1.4,  maxresidual < 1.00e-06
11 entries survived 

9 th thresholding

  breakyes=1.4,  maxresidual < 1.00e-06
11 entries survived 

10 th thresholding

  breakyes=1.4,  maxresidual < 1.00e-06
11 entries survived 

11 th thresholding

  breakyes=3.2,  dualfeasorg deteriorated too much: primfeasorg=1.24e-06,dualfeasorg=2.99e-05
11 entries survived 

12 th thresholding

  breakyes=1.0,  maxresidual < 1.00e-06
11 entries survived 

13 th thresholding

  breakyes=1.0,  maxresidual < 1.00e-06
11 entries survived 

14 th thresholding

  breakyes=1.4,  maxresidual < 1.00e-06
11 entries survived 

15 th thresholding

  breakyes=1.0,  maxresidual < 1.00e-06
11 entries survived 

16 th thresholding

  breakyes=1.4,  maxresidual < 1.00e-06
11 entries survived 

17 th thresholding

  breakyes=1.4,  maxresidual < 1.00e-06
11 entries survived 

18 th thresholding

  breakyes=1.0,  maxresidual < 1.00e-06
11 entries survived 

19 th thresholding



  breakyes=1.4,  maxresidual < 1.00e-06
11 entries survived 

20 th thresholding

  breakyes=1.0,  maxresidual < 1.00e-06
11 entries survived 

21 th thresholding

  breakyes=1.4,  maxresidual < 1.00e-06
11 entries survived 

22 th thresholding

  breakyes=1.0,  maxresidual < 1.00e-06
11 entries survived 

23 th thresholding

  breakyes=1.0,  maxresidual < 1.00e-06
11 entries survived 

24 th thresholding

  breakyes=1.4,  maxresidual < 1.00e-06
11 entries survived 

25 th thresholding

  breakyes=1.4,  maxresidual < 1.00e-06
11 entries survived 

26 th thresholding

  breakyes=1.4,  maxresidual < 1.00e-06
11 entries survived 

27 th thresholding

  breakyes=1.0,  maxresidual < 1.00e-06
11 entries survived 

28 th thresholding

  breakyes=3.2,  dualfeasorg deteriorated too much: primfeasorg=2.09e-06,dualfeasorg=3.23e-05
11 entries survived 

29 th thresholding

  breakyes=1.4,  maxresidual < 1.00e-06
11 entries survived 

30 th thresholding

  breakyes=1.0,  maxresidual < 1.00e-06
11 entries survived 
acc =0.982000  0.984000  0.984000  0.986000  0.984000  0.986000  0.986000  0.982000  0.984000  0.986000  0.986000  0.986000  0.982000  0.988000  0.984000  0.982000  0.986000  0.986000  0.980000  0.984000  0.988000  0.986000  0.986000  0.984000  0.986000  0.986000  0.988000  0.982000  0.986000  0.988000  0.984000 

data =

  31x19 table

    rep    iter    sep    dim    rho     sparsity     acc     obj_prim    obj_dual    discov_true    discov_false    diff_x_tilde    diff_omega_op    diff_omega_ellone    diff_omega_frob    diff_omega_diag    time_isee    time_SDP          jobdate       
    ___    ____    ___    ___    ____    ________    _____    ________    ________    ___________    ____________    ____________    _____________    _________________    _______________    _______________    _________    ________    ____________________

    15       0      4     100    0.05       10       0.982          0           0          0              0                  0                0                  0                  0                   0              0            0     24-Mar-2024 15:00:11
    15       1      4     100    0.05       10       0.984    -2.5971     -2.5971         10              1             29.755          0.25597            0.41237             1.2407             0.93834         1.3401       38.595     24-Mar-2024 15:00:11
    15       2      4     100    0.05       10       0.984    -2.6293     -2.6293         10              1             29.976          0.25988            0.40362             1.2529             0.94175         1.3192        41.92     24-Mar-2024 15:00:11
    15       3      4     100    0.05       10       0.986    -2.6765     -2.6765         10              1             29.599          0.25894            0.43041             1.2367             0.94334         1.3881        26.41     24-Mar-2024 15:00:11
    15       4      4     100    0.05       10       0.984    -2.6578     -2.6578         10              1              29.42          0.25624            0.44651             1.2362             0.93877         1.3359       25.798     24-Mar-2024 15:00:11
    15       5      4     100    0.05       10       0.986    -2.6424     -2.6424         10              1             29.835          0.26524            0.39025             1.2469             0.95727          1.406       31.983     24-Mar-2024 15:00:11
    15       6      4     100    0.05       10       0.986    -2.6223     -2.6223         10              1             28.829          0.24325            0.35176             1.2165             0.93423         1.3504       64.536     24-Mar-2024 15:00:11
    15       7      4     100    0.05       10       0.982    -2.6557     -2.6557         10              1             29.228          0.25886            0.44466             1.2248              0.9121         1.3604       26.244     24-Mar-2024 15:00:11
    15       8      4     100    0.05       10       0.984    -2.7287     -2.7287         10              1             29.138          0.24693            0.39285             1.2245             0.91839         1.3337       46.747     24-Mar-2024 15:00:11
    15       9      4     100    0.05       10       0.986    -2.6652     -2.6652         10              1             29.075           0.2601            0.49088             1.2156             0.91029         1.3763       36.361     24-Mar-2024 15:00:11
    15      10      4     100    0.05       10       0.986      -2.73       -2.73         10              1             29.732          0.26019            0.42523             1.2487             0.95858         1.3979       43.305     24-Mar-2024 15:00:11
    15      11      4     100    0.05       10       0.986     -2.581      -2.581         10              1             30.011          0.26285             0.4026             1.2533             0.95073         1.3498       22.383     24-Mar-2024 15:00:11
    15      12      4     100    0.05       10       0.982    -2.6716     -2.6716         10              1              28.97          0.25441            0.42153             1.2156              0.9237         1.3456       20.685     24-Mar-2024 15:00:11
    15      13      4     100    0.05       10       0.988    -2.7226     -2.7226         10              1             28.984          0.26893            0.42096             1.2209             0.93205         1.3054       22.119     24-Mar-2024 15:00:11
    15      14      4     100    0.05       10       0.984    -2.6531     -2.6531         10              1              29.21           0.2456            0.44697             1.2213             0.90964         1.3456       26.704     24-Mar-2024 15:00:11
    15      15      4     100    0.05       10       0.982    -2.7578     -2.7578         10              1             29.417          0.27085            0.48359             1.2372             0.93317         1.3316       23.719     24-Mar-2024 15:00:11
    15      16      4     100    0.05       10       0.986    -2.7449     -2.7449         10              1             29.435          0.26669            0.45661             1.2372             0.94603         1.3639       61.733     24-Mar-2024 15:00:11
    15      17      4     100    0.05       10       0.986    -2.7638     -2.7638         10              1             29.499          0.26876            0.41029              1.243             0.94065         1.3383       51.674     24-Mar-2024 15:00:11
    15      18      4     100    0.05       10        0.98    -2.6517     -2.6517         10              1              28.79          0.24478            0.38075             1.2062             0.92733         1.3408       16.288     24-Mar-2024 15:00:11
    15      19      4     100    0.05       10       0.984    -2.6327     -2.6328         10              1             29.652          0.25645            0.40788              1.242             0.95524         1.3299       80.879     24-Mar-2024 15:00:11
    15      20      4     100    0.05       10       0.988    -2.5909     -2.5909         10              1             29.216          0.24711            0.35725             1.2197             0.92954         1.3559       28.982     24-Mar-2024 15:00:11
    15      21      4     100    0.05       10       0.986    -2.6829     -2.6829         10              1             29.404          0.24949            0.43686             1.2345             0.93575         1.3231       31.588     24-Mar-2024 15:00:11
    15      22      4     100    0.05       10       0.986    -2.6252     -2.6251         10              1             29.811          0.26262            0.40481             1.2496             0.96179         1.3361       33.696     24-Mar-2024 15:00:11
    15      23      4     100    0.05       10       0.984    -2.5666     -2.5666         10              1             29.766           0.2563            0.48455             1.2402             0.94326         1.3502       26.858     24-Mar-2024 15:00:11
    15      24      4     100    0.05       10       0.986    -2.6603     -2.6603         10              1              28.64           0.2539            0.39283                1.2             0.89351         1.3508       43.882     24-Mar-2024 15:00:11
    15      25      4     100    0.05       10       0.986    -2.5916     -2.5916         10              1             29.622          0.24925            0.38703             1.2394             0.94399         1.3205       26.401     24-Mar-2024 15:00:11
    15      26      4     100    0.05       10       0.988    -2.6488     -2.6488         10              1             29.116          0.24426              0.379             1.2249             0.91834         1.3365       39.361     24-Mar-2024 15:00:11
    15      27      4     100    0.05       10       0.982    -2.6609     -2.6609         10              1              28.87          0.25035            0.39103             1.2055             0.89829          1.323       24.292     24-Mar-2024 15:00:11
    15      28      4     100    0.05       10       0.986    -2.5876     -2.5876         10              1             30.411          0.26226            0.43855             1.2701             0.96619         1.3469       25.652     24-Mar-2024 15:00:11
    15      29      4     100    0.05       10       0.988    -2.6135     -2.6135         10              1             29.538          0.26808            0.48753             1.2337             0.92846         1.3285       51.681     24-Mar-2024 15:00:11
    15      30      4     100    0.05       10       0.984    -2.6624     -2.6624         10              1             29.384          0.24661            0.38763              1.237             0.94616         1.3168       60.262     24-Mar-2024 15:00:11

IdleTimeout has been reached.
Parallel pool is shutting down.

conn = 

  sqlite with properties:

      Database: '/home1/jongminm/sparse_kmeans/sparse_kmeans.db'
    IsReadOnly: 0
    AutoCommit: 'on'


rep =

    16

replication: (16)th 


thres =

    3.0349

thres=3.034854
1 th thresholding

  breakyes=1.0,  maxresidual < 1.00e-06
10 entries survived 

2 th thresholding

  breakyes=1.4,  maxresidual < 1.00e-06
10 entries survived 

3 th thresholding

  breakyes=1.0,  maxresidual < 1.00e-06
10 entries survived 

4 th thresholding

  breakyes=1.4,  maxresidual < 1.00e-06
10 entries survived 

5 th thresholding

  breakyes=1.4,  maxresidual < 1.00e-06
10 entries survived 

6 th thresholding

  breakyes=1.0,  maxresidual < 1.00e-06
10 entries survived 

7 th thresholding

  breakyes=1.4,  maxresidual < 1.00e-06
10 entries survived 

8 th thresholding

  breakyes=1.4,  maxresidual < 1.00e-06
10 entries survived 

9 th thresholding

  breakyes=3.2,  dualfeasorg deteriorated too much: primfeasorg=1.77e-06,dualfeasorg=2.66e-05
10 entries survived 

10 th thresholding

  breakyes=1.4,  maxresidual < 1.00e-06
10 entries survived 

11 th thresholding

  breakyes=1.0,  maxresidual < 1.00e-06
10 entries survived 

12 th thresholding

  breakyes=1.0,  maxresidual < 1.00e-06
10 entries survived 

13 th thresholding

  breakyes=1.0,  maxresidual < 1.00e-06
10 entries survived 

14 th thresholding

  breakyes=3.2,  dualfeasorg deteriorated too much: primfeasorg=9.81e-07,dualfeasorg=3.22e-05
10 entries survived 

15 th thresholding

  breakyes=1.3,  maxresidual < 1.00e-06
10 entries survived 

16 th thresholding

  breakyes=1.4,  maxresidual < 1.00e-06
10 entries survived 

17 th thresholding

  breakyes=1.4,  maxresidual < 1.00e-06
10 entries survived 

18 th thresholding

  breakyes=1.0,  maxresidual < 1.00e-06
10 entries survived 

19 th thresholding

  breakyes=1.4,  maxresidual < 1.00e-06
10 entries survived 

20 th thresholding

  breakyes=1.0,  maxresidual < 1.00e-06
10 entries survived 

21 th thresholding

  breakyes=3.2,  dualfeasorg deteriorated too much: primfeasorg=9.78e-07,dualfeasorg=2.91e-05
10 entries survived 

22 th thresholding

  breakyes=1.0,  maxresidual < 1.00e-06
10 entries survived 

23 th thresholding

  breakyes=1.4,  maxresidual < 1.00e-06
10 entries survived 

24 th thresholding

  breakyes=1.3,  maxresidual < 1.00e-06
10 entries survived 

25 th thresholding

  breakyes=1.0,  maxresidual < 1.00e-06
10 entries survived 

26 th thresholding

  breakyes=1.3,  maxresidual < 1.00e-06
10 entries survived 

27 th thresholding

  breakyes=1.3,  maxresidual < 1.00e-06
10 entries survived 

28 th thresholding

  breakyes=1.0,  maxresidual < 1.00e-06
10 entries survived 

29 th thresholding

  breakyes=1.4,  maxresidual < 1.00e-06
10 entries survived 

30 th thresholding

  breakyes=1.4,  maxresidual < 1.00e-06
10 entries survived 
acc =0.956000  0.960000  0.950000  0.954000  0.946000  0.958000  0.948000  0.956000  0.948000  0.960000  0.948000  0.962000  0.948000  0.964000  0.950000  0.960000  0.950000  0.964000  0.950000  0.954000  0.960000  0.944000  0.962000  0.944000  0.958000  0.942000  0.960000  0.944000  0.960000  0.950000  0.956000 

data =

  31x19 table

    rep    iter    sep    dim    rho     sparsity     acc     obj_prim    obj_dual    discov_true    discov_false    diff_x_tilde    diff_omega_op    diff_omega_ellone    diff_omega_frob    diff_omega_diag    time_isee    time_SDP          jobdate       
    ___    ____    ___    ___    ____    ________    _____    ________    ________    ___________    ____________    ____________    _____________    _________________    _______________    _______________    _________    ________    ____________________

    16       0      4     100    0.05       10       0.956          0           0          0              0                  0                0                  0                  0                   0              0            0     24-Mar-2024 15:14:08
    16       1      4     100    0.05       10        0.96    -2.7053     -2.7053         10              0             30.048          0.25549            0.39405             1.2563             0.96954         1.3696       18.864     24-Mar-2024 15:14:08
    16       2      4     100    0.05       10        0.95    -2.7605     -2.7605         10              0              31.81          0.25961            0.43116               1.33              1.0525         1.3726        31.87     24-Mar-2024 15:14:08
    16       3      4     100    0.05       10       0.954    -2.7432     -2.7431         10              0             31.369          0.26704             0.4773             1.3048              1.0141         1.3784       15.363     24-Mar-2024 15:14:08
    16       4      4     100    0.05       10       0.946    -2.7586     -2.7586         10              0             31.453          0.26564            0.40057             1.3098              1.0351         1.3621        29.03     24-Mar-2024 15:14:08
    16       5      4     100    0.05       10       0.958    -2.7861     -2.7861         10              0             30.495          0.24953            0.38902             1.2798              1.0243         1.3469        27.51     24-Mar-2024 15:14:08
    16       6      4     100    0.05       10       0.948    -2.7476     -2.7476         10              0             31.368          0.26828            0.41228             1.3115              1.0298         1.3794        23.99     24-Mar-2024 15:14:08
    16       7      4     100    0.05       10       0.956    -2.7183     -2.7183         10              0             32.228           0.2768            0.39075             1.3395              1.0737         1.3626       30.865     24-Mar-2024 15:14:08
    16       8      4     100    0.05       10       0.948    -2.7693     -2.7693         10              0             30.797          0.24843            0.39517             1.2871               0.997         1.3665        24.84     24-Mar-2024 15:14:08
    16       9      4     100    0.05       10        0.96    -2.7105     -2.7105         10              0             30.689          0.27053            0.43099             1.2835              1.0239         1.3789       18.333     24-Mar-2024 15:14:08
    16      10      4     100    0.05       10       0.948    -2.7391     -2.7391         10              0             31.366          0.25122            0.38783             1.3102              1.0212         1.3703       28.373     24-Mar-2024 15:14:08
    16      11      4     100    0.05       10       0.962    -2.7061     -2.7061         10              0             30.703          0.25566             0.4422             1.2772             0.98356         1.3635       27.279     24-Mar-2024 15:14:08
    16      12      4     100    0.05       10       0.948    -2.7738     -2.7738         10              0             32.335          0.27496             0.4128             1.3516              1.0738         1.3716       14.329     24-Mar-2024 15:14:08
    16      13      4     100    0.05       10       0.964    -2.7199     -2.7199         10              0             30.211          0.26764            0.39949             1.2537             0.95333         1.3739       25.241     24-Mar-2024 15:14:08
    16      14      4     100    0.05       10        0.95    -2.6272     -2.6272         10              0             31.008          0.25339            0.42112             1.2881              1.0121         1.3801        31.06     24-Mar-2024 15:14:08
    16      15      4     100    0.05       10        0.96    -2.7492     -2.7492         10              0             30.616          0.25181            0.40409             1.2803              1.0005         1.3874       35.038     24-Mar-2024 15:14:08
    16      16      4     100    0.05       10        0.95    -2.6934     -2.6934         10              0             32.246          0.26604            0.44391             1.3427              1.0778         1.3848       27.636     24-Mar-2024 15:14:08
    16      17      4     100    0.05       10       0.964    -2.7228     -2.7228         10              0             31.269          0.27309            0.40961             1.3014              1.0218         1.3584       23.301     24-Mar-2024 15:14:08
    16      18      4     100    0.05       10        0.95    -2.8226     -2.8226         10              0             31.061          0.26948            0.41546             1.2905             0.99735         1.3687       26.175     24-Mar-2024 15:14:08
    16      19      4     100    0.05       10       0.954    -2.6348     -2.6348         10              0              31.33          0.26531            0.40274             1.3006              1.0418         1.3992       33.261     24-Mar-2024 15:14:08
    16      20      4     100    0.05       10        0.96    -2.7347     -2.7347         10              0             30.344          0.26412            0.37075             1.2693             0.98517         1.3727       24.678     24-Mar-2024 15:14:08
    16      21      4     100    0.05       10       0.944     -2.723      -2.723         10              0             30.581          0.25559            0.40744             1.2805              1.0226         1.3689       24.874     24-Mar-2024 15:14:08
    16      22      4     100    0.05       10       0.962    -2.6533     -2.6533         10              0             31.168          0.26413            0.43084             1.2906              1.0177         1.3463       20.858     24-Mar-2024 15:14:08
    16      23      4     100    0.05       10       0.944    -2.6824     -2.6824         10              0              31.07          0.25965            0.41173             1.2907              1.0054         1.3399        45.56     24-Mar-2024 15:14:08
    16      24      4     100    0.05       10       0.958    -2.6976     -2.6976         10              0             31.326          0.26293            0.39428             1.2977              1.0209          1.394       26.683     24-Mar-2024 15:14:08
    16      25      4     100    0.05       10       0.942    -2.7771     -2.7771         10              0             31.118          0.26385            0.45431             1.2967              1.0345          1.366       19.999     24-Mar-2024 15:14:08
    16      26      4     100    0.05       10        0.96    -2.7834     -2.7834         10              0             31.979          0.27011            0.40368             1.3244              1.0318         1.3542       26.721     24-Mar-2024 15:14:08
    16      27      4     100    0.05       10       0.944    -2.8328     -2.8328         10              0             31.668          0.26417            0.41004             1.3219              1.0166         1.3755       28.525     24-Mar-2024 15:14:08
    16      28      4     100    0.05       10        0.96    -2.7103     -2.7103         10              0             30.656          0.26095            0.38984             1.2719              1.0014         1.3515        17.34     24-Mar-2024 15:14:08
    16      29      4     100    0.05       10        0.95     -2.681      -2.681         10              0             32.209           0.2774            0.41582             1.3352              1.0644         1.3387       26.224     24-Mar-2024 15:14:08
    16      30      4     100    0.05       10       0.956    -2.7894     -2.7894         10              0             30.916          0.26101            0.44464             1.2912               1.026         1.3405       32.754     24-Mar-2024 15:14:08


conn = 

  sqlite with properties:

      Database: '/home1/jongminm/sparse_kmeans/sparse_kmeans.db'
    IsReadOnly: 0
    AutoCommit: 'on'

