
	Student License -- for use by students to meet course requirements
	and perform academic research at degree granting institutions only.


p =

        6400


Delta =

     3


path_result =

    '/mnt/nas/users/user213/sparse_kmeans/experiment/13_02_09_2024/AR1/result/rho5_Delta3_p6400.csv'


rho =

    0.5000

[Warning: Function plot has the same name as a MATLAB built-in. We suggest you
rename the function to avoid a potential name conflict.] 
[> In path (line 109)
In addpath>doPathAddition (line 116)
In addpath (line 80)
In rho5_Delta3_p6400 (line 10)] 
MATLAB detected: 32 physical cores.
MATLAB detected: 32 logical cores.
MATLAB was assigned: 32 logical cores by the OS.
MATLAB is using: 32 logical cores.

ans =

    32


M =

    0.2942

delta confirmed: 3.000000
ans =

    4.9242

iteration: (1)th 


init_method =

    'spec'


sdp_method =

    'basic'

  breakyes=3.2,  dualfeasorg deteriorated too much: primfeasorg=1.90e-06,dualfeasorg=2.97e-05  breakyes=3.2,  dualfeasorg deteriorated too much: primfeasorg=9.47e-07,dualfeasorg=9.57e-05  breakyes=3.2,  dualfeasorg deteriorated too much: primfeasorg=7.94e-07,dualfeasorg=5.16e-05  breakyes=3.2,  dualfeasorg deteriorated too much: primfeasorg=3.19e-06,dualfeasorg=4.54e-05  breakyes=2.0,  primfeasorg*dualfeasorg < 1.00e-14  breakyes=3.2,  dualfeasorg deteriorated too much: primfeasorg=1.98e-06,dualfeasorg=1.82e-04  breakyes=1.4,  maxresidual < 1.00e-06  breakyes=3.2,  dualfeasorg deteriorated too much: primfeasorg=6.85e-07,dualfeasorg=5.79e-05  breakyes=3.2,  dualfeasorg deteriorated too much: primfeasorg=7.51e-07,dualfeasorg=3.22e-05  breakyes=3.2,  dualfeasorg deteriorated too much: primfeasorg=6.85e-07,dualfeasorg=5.79e-05
cluster_acc =

    0.5350

mean acc so far: 0.535000
Elapsed time is 226.279754 seconds.
iteration: (2)th 


init_method =

    'spec'


sdp_method =

    'basic'

  breakyes=2.0,  primfeasorg*dualfeasorg < 1.00e-14  breakyes=3.2,  dualfeasorg deteriorated too much: primfeasorg=2.36e-06,dualfeasorg=3.95e-05  breakyes=1.4,  maxresidual < 1.00e-06  breakyes=1.3,  maxresidual < 1.00e-06  breakyes = 1.0,  maxresidual < 1.00e-04  breakyes=1.0,  maxresidual < 1.00e-06  breakyes = 1.0,  maxresidual < 1.00e-04  breakyes=1.0,  maxresidual < 1.00e-06  breakyes = 1.0,  maxresidual < 1.00e-04  breakyes=1.4,  maxresidual < 1.00e-06  breakyes = 1.0,  maxresidual < 1.00e-04  breakyes=1.4,  maxresidual < 1.00e-06  breakyes = 1.0,  maxresidual < 1.00e-04  breakyes=3.2,  dualfeasorg deteriorated too much: primfeasorg=8.69e-07,dualfeasorg=3.13e-05  breakyes = 1.0,  maxresidual < 1.00e-04  breakyes=1.0,  maxresidual < 1.00e-06
cluster_acc =

    0.6150

mean acc so far: 0.575000
Elapsed time is 137.411241 seconds.
iteration: (3)th 


init_method =

    'spec'


sdp_method =

    'basic'


  breakyes=1.4,  maxresidual < 1.00e-06  breakyes = 1.0,  maxresidual < 1.00e-04  breakyes=1.4,  maxresidual < 1.00e-06  breakyes=1.3,  maxresidual < 1.00e-06  breakyes=1.3,  maxresidual < 1.00e-06  breakyes=1.4,  maxresidual < 1.00e-06  breakyes = 1.0,  maxresidual < 1.00e-04  breakyes=3.2,  dualfeasorg deteriorated too much: primfeasorg=7.23e-07,dualfeasorg=2.38e-05  breakyes = 1.0,  maxresidual < 1.00e-04  breakyes=1.3,  maxresidual < 1.00e-06  breakyes = 1.0,  maxresidual < 1.00e-04  breakyes=1.3,  maxresidual < 1.00e-06  breakyes = 1.0,  maxresidual < 1.00e-04  breakyes=1.3,  maxresidual < 1.00e-06  breakyes = 1.0,  maxresidual < 1.00e-04  breakyes=1.3,  maxresidual < 1.00e-06
cluster_acc =

    0.5500

mean acc so far: 0.566667
Elapsed time is 196.168826 seconds.
iteration: (4)th 


init_method =

    'spec'


sdp_method =

    'basic'

  breakyes=1.4,  maxresidual < 1.00e-06  breakyes=1.3,  maxresidual < 1.00e-06  breakyes = 1.0,  maxresidual < 1.00e-04  breakyes=1.3,  maxresidual < 1.00e-06  breakyes = 1.0,  maxresidual < 1.00e-04  breakyes=1.4,  maxresidual < 1.00e-06  breakyes=1.4,  maxresidual < 1.00e-06  breakyes = 1.0,  maxresidual < 1.00e-04  breakyes=1.4,  maxresidual < 1.00e-06  breakyes = 1.0,  maxresidual < 1.00e-04  breakyes=1.0,  maxresidual < 1.00e-06  breakyes = 1.0,  maxresidual < 1.00e-04  breakyes=1.0,  maxresidual < 1.00e-06  breakyes = 1.0,  maxresidual < 1.00e-04  breakyes=1.0,  maxresidual < 1.00e-06  breakyes = 1.0,  maxresidual < 1.00e-04  breakyes=1.0,  maxresidual < 1.00e-06
cluster_acc =

    0.5850

mean acc so far: 0.571250
Elapsed time is 128.229918 seconds.
iteration: (5)th 


init_method =

    'spec'


sdp_method =

    'basic'

  breakyes=3.2,  dualfeasorg deteriorated too much: primfeasorg=1.46e-06,dualfeasorg=4.64e-05  breakyes=3.2,  dualfeasorg deteriorated too much: primfeasorg=9.34e-07,dualfeasorg=3.81e-05  breakyes=3.2,  dualfeasorg deteriorated too much: primfeasorg=9.83e-07,dualfeasorg=2.70e-05  breakyes=1.4,  maxresidual < 1.00e-06
  breakyes=3.2,  dualfeasorg deteriorated too much: primfeasorg=1.36e-06,dualfeasorg=3.05e-05  breakyes=1.0,  maxresidual < 1.00e-06  breakyes=4.1,  primfeasorg stagnate, 9.85e-05  breakyes = 1.0,  maxresidual < 1.00e-04  breakyes=1.4,  maxresidual < 1.00e-06  breakyes=1.3,  maxresidual < 1.00e-06  breakyes=1.3,  maxresidual < 1.00e-06
cluster_acc =

    0.5600

mean acc so far: 0.569000
Elapsed time is 209.856576 seconds.
iteration: (6)th 


init_method =

    'spec'


sdp_method =

    'basic'

  breakyes=1.4,  maxresidual < 1.00e-06  breakyes=3.2,  dualfeasorg deteriorated too much: primfeasorg=7.53e-07,dualfeasorg=4.97e-05  breakyes=3.2,  dualfeasorg deteriorated too much: primfeasorg=8.21e-07,dualfeasorg=3.41e-05  breakyes=3.2,  dualfeasorg deteriorated too much: primfeasorg=1.05e-06,dualfeasorg=5.85e-05  breakyes=3.2,  dualfeasorg deteriorated too much: primfeasorg=1.55e-06,dualfeasorg=4.03e-05  breakyes=1.4,  maxresidual < 1.00e-06  breakyes=4.1,  primfeasorg stagnate, 0.00e+00  breakyes = 1.0,  maxresidual < 1.00e-04  breakyes=3.2,  dualfeasorg deteriorated too much: primfeasorg=1.36e-06,dualfeasorg=3.30e-05  breakyes = 1.0,  maxresidual < 1.00e-04  breakyes=3.2,  dualfeasorg deteriorated too much: primfeasorg=1.36e-06,dualfeasorg=3.30e-05  breakyes = 1.0,  maxresidual < 1.00e-04  breakyes=3.2,  dualfeasorg deteriorated too much: primfeasorg=1.36e-06,dualfeasorg=3.30e-05
cluster_acc =

    0.5350

mean acc so far: 0.563333
Elapsed time is 208.482537 seconds.
iteration: (7)th 


init_method =

    'spec'


sdp_method =

    'basic'

  breakyes=3.2,  dualfeasorg deteriorated too much: primfeasorg=1.08e-06,dualfeasorg=2.40e-05  breakyes=3.2,  dualfeasorg deteriorated too much: primfeasorg=2.60e-06,dualfeasorg=4.58e-05  breakyes = 1.0,  maxresidual < 1.00e-04  breakyes=1.3,  maxresidual < 1.00e-06  breakyes=3.2,  dualfeasorg deteriorated too much: primfeasorg=1.28e-06,dualfeasorg=3.73e-05  breakyes=3.2,  dualfeasorg deteriorated too much: primfeasorg=2.45e-06,dualfeasorg=1.06e-04  breakyes=3.2,  dualfeasorg deteriorated too much: primfeasorg=5.37e-07,dualfeasorg=4.83e-05  breakyes=3.2,  dualfeasorg deteriorated too much: primfeasorg=5.37e-07,dualfeasorg=4.83e-05  breakyes=3.2,  dualfeasorg deteriorated too much: primfeasorg=5.37e-07,dualfeasorg=4.83e-05  breakyes=3.2,  dualfeasorg deteriorated too much: primfeasorg=5.37e-07,dualfeasorg=4.83e-05  breakyes=3.2,  dualfeasorg deteriorated too much: primfeasorg=5.37e-07,dualfeasorg=4.83e-05
cluster_acc =

    0.6200

mean acc so far: 0.571429
Elapsed time is 186.857739 seconds.
iteration: (8)th 


init_method =

    'spec'


sdp_method =

    'basic'

  breakyes=1.0,  maxresidual < 1.00e-06  breakyes=3.2,  dualfeasorg deteriorated too much: primfeasorg=6.48e-07,dualfeasorg=4.54e-05  breakyes=3.2,  dualfeasorg deteriorated too much: primfeasorg=6.19e-07,dualfeasorg=3.30e-05  breakyes=3.2,  dualfeasorg deteriorated too much: primfeasorg=9.63e-07,dualfeasorg=3.96e-05  breakyes = 1.0,  maxresidual < 1.00e-04  breakyes=3.2,  dualfeasorg deteriorated too much: primfeasorg=8.14e-07,dualfeasorg=3.40e-05  breakyes = 1.0,  maxresidual < 1.00e-04  breakyes=1.3,  maxresidual < 1.00e-06  breakyes = 1.0,  maxresidual < 1.00e-04  breakyes=1.0,  maxresidual < 1.00e-06  breakyes = 1.0,  maxresidual < 1.00e-04  breakyes=1.0,  maxresidual < 1.00e-06  breakyes = 1.0,  maxresidual < 1.00e-04  breakyes=1.0,  maxresidual < 1.00e-06  breakyes = 1.0,  maxresidual < 1.00e-04  breakyes=1.0,  maxresidual < 1.00e-06
cluster_acc =

    0.5550

mean acc so far: 0.569375
Elapsed time is 147.783036 seconds.
iteration: (9)th 


init_method =

    'spec'


sdp_method =

    'basic'

  breakyes=1.3,  maxresidual < 1.00e-06  breakyes=3.2,  dualfeasorg deteriorated too much: primfeasorg=6.47e-07,dualfeasorg=3.44e-05  breakyes = 1.0,  maxresidual < 1.00e-04  breakyes=3.2,  dualfeasorg deteriorated too much: primfeasorg=1.64e-06,dualfeasorg=3.84e-05  breakyes = 1.0,  maxresidual < 1.00e-04  breakyes=1.4,  maxresidual < 1.00e-06  breakyes = 1.0,  maxresidual < 1.00e-04  breakyes=1.4,  maxresidual < 1.00e-06  breakyes = 1.0,  maxresidual < 1.00e-04  breakyes=1.4,  maxresidual < 1.00e-06  breakyes = 1.0,  maxresidual < 1.00e-04  breakyes=1.4,  maxresidual < 1.00e-06  breakyes = 1.0,  maxresidual < 1.00e-04  breakyes=1.4,  maxresidual < 1.00e-06  breakyes = 1.0,  maxresidual < 1.00e-04  breakyes=1.4,  maxresidual < 1.00e-06  breakyes = 1.0,  maxresidual < 1.00e-04  breakyes=1.4,  maxresidual < 1.00e-06
cluster_acc =

    0.5700

mean acc so far: 0.569444
Elapsed time is 134.254045 seconds.
iteration: (10)th 


init_method =

    'spec'


sdp_method =

    'basic'

  breakyes=1.4,  maxresidual < 1.00e-06  breakyes=4.1,  primfeasorg stagnate, 0.00e+00
  breakyes=1.4,  maxresidual < 1.00e-06  breakyes=3.2,  dualfeasorg deteriorated too much: primfeasorg=1.46e-06,dualfeasorg=7.37e-05  breakyes = 1.0,  maxresidual < 1.00e-04  breakyes=1.4,  maxresidual < 1.00e-06  breakyes=1.4,  maxresidual < 1.00e-06  breakyes = 1.0,  maxresidual < 1.00e-04  breakyes=1.3,  maxresidual < 1.00e-06  breakyes = 1.0,  maxresidual < 1.00e-04
  breakyes=1.3,  maxresidual < 1.00e-06  breakyes = 1.0,  maxresidual < 1.00e-04  breakyes=1.3,  maxresidual < 1.00e-06  breakyes = 1.0,  maxresidual < 1.00e-04  breakyes=3.2,  dualfeasorg deteriorated too much: primfeasorg=1.08e-06,dualfeasorg=3.30e-05
cluster_acc =

    0.5450

mean acc so far: 0.567000
Elapsed time is 210.945031 seconds.
iteration: (11)th 


init_method =

    'spec'


sdp_method =

    'basic'

  breakyes=1.4,  maxresidual < 1.00e-06  breakyes=3.2,  dualfeasorg deteriorated too much: primfeasorg=1.75e-06,dualfeasorg=3.83e-05  breakyes=3.2,  dualfeasorg deteriorated too much: primfeasorg=4.35e-06,dualfeasorg=3.26e-05  breakyes=3.2,  dualfeasorg deteriorated too much: primfeasorg=9.65e-07,dualfeasorg=3.51e-05  breakyes = 1.0,  maxresidual < 1.00e-04  breakyes=4.1,  primfeasorg stagnate, 0.00e+00  breakyes = 1.0,  maxresidual < 1.00e-04  breakyes=1.4,  maxresidual < 1.00e-06  breakyes=3.2,  dualfeasorg deteriorated too much: primfeasorg=7.69e-07,dualfeasorg=2.00e-05  breakyes=3.2,  dualfeasorg deteriorated too much: primfeasorg=7.72e-07,dualfeasorg=2.22e-05  breakyes=1.4,  maxresidual < 1.00e-06  breakyes=1.4,  maxresidual < 1.00e-06
cluster_acc =

    0.5000

mean acc so far: 0.560909
Elapsed time is 218.788489 seconds.
iteration: (12)th 


init_method =

    'spec'


sdp_method =

    'basic'

  breakyes=1.0,  maxresidual < 1.00e-06  breakyes=3.2,  dualfeasorg deteriorated too much: primfeasorg=7.19e-07,dualfeasorg=5.71e-05  breakyes=3.2,  dualfeasorg deteriorated too much: primfeasorg=8.99e-07,dualfeasorg=3.09e-05  breakyes = 1.0,  maxresidual < 1.00e-04  breakyes=1.3,  maxresidual < 1.00e-06  breakyes=3.2,  dualfeasorg deteriorated too much: primfeasorg=6.20e-07,dualfeasorg=4.05e-05  breakyes=3.2,  dualfeasorg deteriorated too much: primfeasorg=9.21e-07,dualfeasorg=3.99e-05  breakyes=3.2,  dualfeasorg deteriorated too much: primfeasorg=9.21e-07,dualfeasorg=3.99e-05  breakyes=3.2,  dualfeasorg deteriorated too much: primfeasorg=9.21e-07,dualfeasorg=3.99e-05  breakyes=3.2,  dualfeasorg deteriorated too much: primfeasorg=9.21e-07,dualfeasorg=3.99e-05  breakyes=3.2,  dualfeasorg deteriorated too much: primfeasorg=9.21e-07,dualfeasorg=3.99e-05
cluster_acc =

    0.5100

mean acc so far: 0.556667
Elapsed time is 220.694435 seconds.
iteration: (13)th 


init_method =

    'spec'


sdp_method =

    'basic'

  breakyes=1.0,  maxresidual < 1.00e-06  breakyes=3.2,  dualfeasorg deteriorated too much: primfeasorg=1.87e-06,dualfeasorg=1.98e-04  breakyes=1.4,  maxresidual < 1.00e-06  breakyes=1.3,  maxresidual < 1.00e-06  breakyes = 1.0,  maxresidual < 1.00e-04  breakyes=1.4,  maxresidual < 1.00e-06  breakyes = 1.0,  maxresidual < 1.00e-04  breakyes=1.4,  maxresidual < 1.00e-06  breakyes = 1.0,  maxresidual < 1.00e-04  breakyes=1.4,  maxresidual < 1.00e-06  breakyes=1.3,  maxresidual < 1.00e-06  breakyes = 1.0,  maxresidual < 1.00e-04  breakyes=1.4,  maxresidual < 1.00e-06  breakyes=3.2,  dualfeasorg deteriorated too much: primfeasorg=6.05e-07,dualfeasorg=3.11e-05
cluster_acc =

    0.5700

mean acc so far: 0.557692
Elapsed time is 168.052963 seconds.
iteration: (14)th 


init_method =

    'spec'


sdp_method =

    'basic'

  breakyes=1.4,  maxresidual < 1.00e-06  breakyes=1.4,  maxresidual < 1.00e-06  breakyes=2.0,  primfeasorg*dualfeasorg < 1.00e-14  breakyes=2.0,  primfeasorg*dualfeasorg < 1.00e-14  breakyes=3.2,  dualfeasorg deteriorated too much: primfeasorg=6.81e-07,dualfeasorg=4.78e-05  breakyes=3.2,  dualfeasorg deteriorated too much: primfeasorg=7.61e-07,dualfeasorg=4.21e-05  breakyes=3.2,  dualfeasorg deteriorated too much: primfeasorg=7.61e-07,dualfeasorg=4.21e-05  breakyes=3.2,  dualfeasorg deteriorated too much: primfeasorg=7.61e-07,dualfeasorg=4.21e-05  breakyes=3.2,  dualfeasorg deteriorated too much: primfeasorg=7.61e-07,dualfeasorg=4.21e-05  breakyes=3.2,  dualfeasorg deteriorated too much: primfeasorg=7.61e-07,dualfeasorg=4.21e-05
cluster_acc =

    0.5700

mean acc so far: 0.558571
Elapsed time is 237.479687 seconds.
iteration: (15)th 


init_method =

    'spec'


sdp_method =

    'basic'

  breakyes=3.2,  dualfeasorg deteriorated too much: primfeasorg=1.19e-06,dualfeasorg=6.56e-05  breakyes=4.1,  primfeasorg stagnate, 0.00e+00  breakyes=3.2,  dualfeasorg deteriorated too much: primfeasorg=8.37e-07,dualfeasorg=3.67e-05  breakyes=1.4,  maxresidual < 1.00e-06  breakyes = 1.0,  maxresidual < 1.00e-04  breakyes=1.3,  maxresidual < 1.00e-06  breakyes = 1.0,  maxresidual < 1.00e-04  breakyes=3.2,  dualfeasorg deteriorated too much: primfeasorg=9.86e-07,dualfeasorg=2.60e-05  breakyes = 1.0,  maxresidual < 1.00e-04  breakyes=2.0,  primfeasorg*dualfeasorg < 1.00e-14  breakyes=1.4,  maxresidual < 1.00e-06  breakyes = 1.0,  maxresidual < 1.00e-04  breakyes=3.2,  dualfeasorg deteriorated too much: primfeasorg=1.49e-06,dualfeasorg=2.16e-05  breakyes = 1.0,  maxresidual < 1.00e-04  breakyes=1.3,  maxresidual < 1.00e-06
cluster_acc =

    0.5750

mean acc so far: 0.559667
Elapsed time is 216.156276 seconds.
iteration: (16)th 


init_method =

    'spec'


sdp_method =

    'basic'

  breakyes=1.4,  maxresidual < 1.00e-06  breakyes=3.2,  dualfeasorg deteriorated too much: primfeasorg=2.32e-06,dualfeasorg=3.88e-05  breakyes=3.2,  dualfeasorg deteriorated too much: primfeasorg=1.34e-06,dualfeasorg=3.38e-05  breakyes=1.4,  maxresidual < 1.00e-06  breakyes = 1.0,  maxresidual < 1.00e-04  breakyes=1.4,  maxresidual < 1.00e-06  breakyes=3.2,  dualfeasorg deteriorated too much: primfeasorg=9.84e-07,dualfeasorg=2.80e-05  breakyes=3.2,  dualfeasorg deteriorated too much: primfeasorg=1.29e-06,dualfeasorg=3.55e-05  breakyes = 1.0,  maxresidual < 1.00e-04  breakyes=2.0,  primfeasorg*dualfeasorg < 1.00e-14  breakyes=1.4,  maxresidual < 1.00e-06  breakyes = 1.0,  maxresidual < 1.00e-04  breakyes=1.4,  maxresidual < 1.00e-06
cluster_acc =

    0.6050

mean acc so far: 0.562500
Elapsed time is 175.059434 seconds.
iteration: (17)th 


init_method =

    'spec'


sdp_method =

    'basic'

  breakyes=1.4,  maxresidual < 1.00e-06  breakyes=1.4,  maxresidual < 1.00e-06  breakyes=1.4,  maxresidual < 1.00e-06  breakyes=3.2,  dualfeasorg deteriorated too much: primfeasorg=1.14e-06,dualfeasorg=1.97e-05  breakyes=4.1,  primfeasorg stagnate, 7.31e-05  breakyes=3.2,  dualfeasorg deteriorated too much: primfeasorg=6.23e-07,dualfeasorg=6.23e-05  breakyes = 1.0,  maxresidual < 1.00e-04  breakyes=3.2,  dualfeasorg deteriorated too much: primfeasorg=1.04e-06,dualfeasorg=3.28e-05  breakyes=3.2,  dualfeasorg deteriorated too much: primfeasorg=1.67e-06,dualfeasorg=3.36e-05  breakyes=1.4,  maxresidual < 1.00e-06
  breakyes=2.0,  primfeasorg*dualfeasorg < 1.00e-14
cluster_acc =

    0.5300

mean acc so far: 0.560588
Elapsed time is 243.029088 seconds.
iteration: (18)th 


init_method =

    'spec'


sdp_method =

    'basic'

  breakyes=1.4,  maxresidual < 1.00e-06  breakyes=1.4,  maxresidual < 1.00e-06  breakyes=3.2,  dualfeasorg deteriorated too much: primfeasorg=6.51e-07,dualfeasorg=3.79e-05  breakyes=1.4,  maxresidual < 1.00e-06  breakyes = 1.0,  maxresidual < 1.00e-04  breakyes=1.4,  maxresidual < 1.00e-06  breakyes=3.2,  dualfeasorg deteriorated too much: primfeasorg=1.57e-06,dualfeasorg=5.34e-05  breakyes=1.4,  maxresidual < 1.00e-06  breakyes = 1.0,  maxresidual < 1.00e-04  breakyes=1.0,  maxresidual < 1.00e-06  breakyes = 1.0,  maxresidual < 1.00e-04  breakyes=1.4,  maxresidual < 1.00e-06  breakyes = 1.0,  maxresidual < 1.00e-04  breakyes=3.2,  dualfeasorg deteriorated too much: primfeasorg=1.50e-06,dualfeasorg=5.22e-05
cluster_acc =

    0.5300

mean acc so far: 0.558889
Elapsed time is 148.106326 seconds.
iteration: (19)th 


init_method =

    'spec'


sdp_method =

    'basic'

  breakyes=3.2,  dualfeasorg deteriorated too much: primfeasorg=9.95e-07,dualfeasorg=3.53e-05  breakyes=1.4,  maxresidual < 1.00e-06  breakyes=1.3,  maxresidual < 1.00e-06  breakyes = 1.0,  maxresidual < 1.00e-04  breakyes=3.2,  dualfeasorg deteriorated too much: primfeasorg=8.31e-07,dualfeasorg=2.33e-05  breakyes=3.2,  dualfeasorg deteriorated too much: primfeasorg=8.47e-07,dualfeasorg=3.24e-05  breakyes = 1.0,  maxresidual < 1.00e-04  breakyes=4.1,  primfeasorg stagnate, 6.84e-06  breakyes=3.2,  dualfeasorg deteriorated too much: primfeasorg=1.12e-06,dualfeasorg=3.52e-05  breakyes=1.3,  maxresidual < 1.00e-06  breakyes = 1.0,  maxresidual < 1.00e-04  breakyes=3.2,  dualfeasorg deteriorated too much: primfeasorg=2.79e-06,dualfeasorg=8.57e-05  breakyes = 1.0,  maxresidual < 1.00e-04  breakyes=3.2,  dualfeasorg deteriorated too much: primfeasorg=1.94e-06,dualfeasorg=1.14e-04
cluster_acc =

    0.5550

mean acc so far: 0.558684
Elapsed time is 233.671758 seconds.
iteration: (20)th 


init_method =

    'spec'


sdp_method =

    'basic'

  breakyes=1.3,  maxresidual < 1.00e-06  breakyes=3.2,  dualfeasorg deteriorated too much: primfeasorg=1.26e-06,dualfeasorg=2.25e-05  breakyes=1.4,  maxresidual < 1.00e-06  breakyes=4.1,  primfeasorg stagnate, 0.00e+00  breakyes = 1.0,  maxresidual < 1.00e-04  breakyes=1.4,  maxresidual < 1.00e-06  breakyes=3.2,  dualfeasorg deteriorated too much: primfeasorg=1.06e-06,dualfeasorg=3.80e-05  breakyes=1.4,  maxresidual < 1.00e-06  breakyes=1.4,  maxresidual < 1.00e-06  breakyes=1.4,  maxresidual < 1.00e-06  breakyes=1.4,  maxresidual < 1.00e-06
cluster_acc =

    0.5450

mean acc so far: 0.558000
Elapsed time is 212.281089 seconds.
iteration: (21)th 


init_method =

    'spec'


sdp_method =

    'basic'

  breakyes=3.2,  dualfeasorg deteriorated too much: primfeasorg=1.35e-06,dualfeasorg=4.05e-05  breakyes=1.4,  maxresidual < 1.00e-06  breakyes=3.2,  dualfeasorg deteriorated too much: primfeasorg=7.43e-07,dualfeasorg=3.22e-05  breakyes=3.2,  dualfeasorg deteriorated too much: primfeasorg=7.09e-07,dualfeasorg=3.11e-05  breakyes=3.2,  dualfeasorg deteriorated too much: primfeasorg=9.43e-07,dualfeasorg=3.20e-05  breakyes = 1.0,  maxresidual < 1.00e-04  breakyes=3.2,  dualfeasorg deteriorated too much: primfeasorg=8.68e-07,dualfeasorg=3.48e-05  breakyes=1.4,  maxresidual < 1.00e-06  breakyes = 1.0,  maxresidual < 1.00e-04  breakyes=1.3,  maxresidual < 1.00e-06  breakyes = 1.0,  maxresidual < 1.00e-04  breakyes=1.3,  maxresidual < 1.00e-06  breakyes = 1.0,  maxresidual < 1.00e-04  breakyes=1.3,  maxresidual < 1.00e-06
cluster_acc =

    0.6000

mean acc so far: 0.560000
Elapsed time is 197.078586 seconds.
iteration: (22)th 


init_method =

    'spec'


sdp_method =

    'basic'

  breakyes=1.4,  maxresidual < 1.00e-06  breakyes=3.2,  dualfeasorg deteriorated too much: primfeasorg=4.64e-07,dualfeasorg=3.91e-05  breakyes=3.2,  dualfeasorg deteriorated too much: primfeasorg=4.27e-06,dualfeasorg=4.90e-05  breakyes=3.2,  dualfeasorg deteriorated too much: primfeasorg=1.03e-06,dualfeasorg=1.76e-05  breakyes=3.2,  dualfeasorg deteriorated too much: primfeasorg=8.21e-07,dualfeasorg=5.45e-05  breakyes=3.2,  dualfeasorg deteriorated too much: primfeasorg=8.51e-07,dualfeasorg=6.66e-05  breakyes=3.2,  dualfeasorg deteriorated too much: primfeasorg=9.11e-07,dualfeasorg=4.71e-05  breakyes=3.2,  dualfeasorg deteriorated too much: primfeasorg=1.05e-06,dualfeasorg=4.26e-05  breakyes=3.2,  dualfeasorg deteriorated too much: primfeasorg=8.75e-07,dualfeasorg=4.21e-05  breakyes=3.2,  dualfeasorg deteriorated too much: primfeasorg=1.34e-06,dualfeasorg=3.45e-05
cluster_acc =

    0.5050

mean acc so far: 0.557500
Elapsed time is 220.939705 seconds.
iteration: (23)th 


init_method =

    'spec'


sdp_method =

    'basic'

  breakyes=1.4,  maxresidual < 1.00e-06  breakyes=1.4,  maxresidual < 1.00e-06  breakyes=3.2,  dualfeasorg deteriorated too much: primfeasorg=5.77e-07,dualfeasorg=3.64e-05  breakyes=3.2,  dualfeasorg deteriorated too much: primfeasorg=6.56e-07,dualfeasorg=4.45e-05  breakyes=3.2,  dualfeasorg deteriorated too much: primfeasorg=1.64e-06,dualfeasorg=8.32e-05  breakyes = 1.0,  maxresidual < 1.00e-04  breakyes=3.2,  dualfeasorg deteriorated too much: primfeasorg=1.35e-06,dualfeasorg=3.35e-05  breakyes = 1.0,  maxresidual < 1.00e-04  breakyes=3.2,  dualfeasorg deteriorated too much: primfeasorg=1.35e-06,dualfeasorg=3.35e-05  breakyes = 1.0,  maxresidual < 1.00e-04  breakyes=3.2,  dualfeasorg deteriorated too much: primfeasorg=1.35e-06,dualfeasorg=3.35e-05  breakyes = 1.0,  maxresidual < 1.00e-04  breakyes=3.2,  dualfeasorg deteriorated too much: primfeasorg=1.35e-06,dualfeasorg=3.35e-05  breakyes = 1.0,  maxresidual < 1.00e-04  breakyes=3.2,  dualfeasorg deteriorated too much: primfeasorg=1.35e-06,dualfeasorg=3.35e-05
cluster_acc =

    0.5400

mean acc so far: 0.556739
Elapsed time is 140.028761 seconds.
iteration: (24)th 


init_method =

    'spec'


sdp_method =

    'basic'

  breakyes=1.4,  maxresidual < 1.00e-06  breakyes=3.2,  dualfeasorg deteriorated too much: primfeasorg=2.58e-06,dualfeasorg=4.32e-05  breakyes=1.4,  maxresidual < 1.00e-06  breakyes=3.2,  dualfeasorg deteriorated too much: primfeasorg=8.34e-07,dualfeasorg=4.72e-05  breakyes = 1.0,  maxresidual < 1.00e-04  breakyes=1.4,  maxresidual < 1.00e-06  breakyes = 1.0,  maxresidual < 1.00e-04  breakyes=3.2,  dualfeasorg deteriorated too much: primfeasorg=7.38e-07,dualfeasorg=1.65e-05  breakyes = 1.0,  maxresidual < 1.00e-04  breakyes=3.2,  dualfeasorg deteriorated too much: primfeasorg=1.15e-06,dualfeasorg=4.18e-05  breakyes = 1.0,  maxresidual < 1.00e-04
  breakyes=2.0,  primfeasorg*dualfeasorg < 1.00e-14  breakyes = 1.0,  maxresidual < 1.00e-04  breakyes=1.0,  maxresidual < 1.00e-06  breakyes = 1.0,  maxresidual < 1.00e-04  breakyes=1.3,  maxresidual < 1.00e-06
cluster_acc =

    0.5100

mean acc so far: 0.554792
Elapsed time is 184.409254 seconds.
iteration: (25)th 


init_method =

    'spec'


sdp_method =

    'basic'

  breakyes=1.4,  maxresidual < 1.00e-06  breakyes=1.3,  maxresidual < 1.00e-06  breakyes=3.2,  dualfeasorg deteriorated too much: primfeasorg=9.92e-07,dualfeasorg=4.44e-05  breakyes=3.2,  dualfeasorg deteriorated too much: primfeasorg=8.51e-07,dualfeasorg=6.38e-05  breakyes = 1.0,  maxresidual < 1.00e-04  breakyes=1.3,  maxresidual < 1.00e-06  breakyes = 1.0,  maxresidual < 1.00e-04  breakyes=3.2,  dualfeasorg deteriorated too much: primfeasorg=1.19e-06,dualfeasorg=7.89e-05  breakyes = 1.0,  maxresidual < 1.00e-04  breakyes=1.4,  maxresidual < 1.00e-06  breakyes = 1.0,  maxresidual < 1.00e-04  breakyes=1.4,  maxresidual < 1.00e-06  breakyes = 1.0,  maxresidual < 1.00e-04  breakyes=1.4,  maxresidual < 1.00e-06  breakyes = 1.0,  maxresidual < 1.00e-04  breakyes=1.4,  maxresidual < 1.00e-06
cluster_acc =

    0.5100

mean acc so far: 0.553000
Elapsed time is 194.273021 seconds.
iteration: (26)th 


init_method =

    'spec'


sdp_method =

    'basic'

  breakyes=1.4,  maxresidual < 1.00e-06  breakyes=3.2,  dualfeasorg deteriorated too much: primfeasorg=6.59e-07,dualfeasorg=2.73e-05  breakyes=1.3,  maxresidual < 1.00e-06  breakyes=3.2,  dualfeasorg deteriorated too much: primfeasorg=8.03e-07,dualfeasorg=4.14e-05  breakyes=3.2,  dualfeasorg deteriorated too much: primfeasorg=8.57e-07,dualfeasorg=4.76e-05  breakyes=3.2,  dualfeasorg deteriorated too much: primfeasorg=7.88e-07,dualfeasorg=5.20e-05  breakyes = 1.0,  maxresidual < 1.00e-04  breakyes=3.2,  dualfeasorg deteriorated too much: primfeasorg=1.18e-06,dualfeasorg=3.02e-05  breakyes=1.0,  maxresidual < 1.00e-06  breakyes=1.0,  maxresidual < 1.00e-06  breakyes = 1.0,  maxresidual < 1.00e-04  breakyes=3.2,  dualfeasorg deteriorated too much: primfeasorg=1.83e-06,dualfeasorg=4.02e-05
cluster_acc =

    0.5200

mean acc so far: 0.551731
Elapsed time is 152.527187 seconds.
iteration: (27)th 


init_method =

    'spec'


sdp_method =

    'basic'

  breakyes=1.4,  maxresidual < 1.00e-06  breakyes=3.2,  dualfeasorg deteriorated too much: primfeasorg=1.06e-06,dualfeasorg=4.29e-05  breakyes=3.2,  dualfeasorg deteriorated too much: primfeasorg=7.10e-07,dualfeasorg=5.78e-05  breakyes=3.2,  dualfeasorg deteriorated too much: primfeasorg=9.02e-07,dualfeasorg=2.43e-05  breakyes=1.4,  maxresidual < 1.00e-06  breakyes=2.0,  primfeasorg*dualfeasorg < 1.00e-14  breakyes=3.2,  dualfeasorg deteriorated too much: primfeasorg=5.95e-07,dualfeasorg=3.32e-05  breakyes=2.0,  primfeasorg*dualfeasorg < 1.00e-14  breakyes=3.2,  dualfeasorg deteriorated too much: primfeasorg=7.88e-07,dualfeasorg=5.46e-05  breakyes = 1.0,  maxresidual < 1.00e-04  breakyes=3.2,  dualfeasorg deteriorated too much: primfeasorg=9.57e-07,dualfeasorg=9.07e-05
cluster_acc =

    0.5950

mean acc so far: 0.553333
Elapsed time is 218.013066 seconds.
iteration: (28)th 


init_method =

    'spec'


sdp_method =

    'basic'

  breakyes=1.4,  maxresidual < 1.00e-06  breakyes=3.2,  dualfeasorg deteriorated too much: primfeasorg=9.47e-07,dualfeasorg=6.12e-05  breakyes = 1.0,  maxresidual < 1.00e-04  breakyes=3.2,  dualfeasorg deteriorated too much: primfeasorg=1.13e-06,dualfeasorg=3.29e-05  breakyes=1.0,  maxresidual < 1.00e-06  breakyes=1.4,  maxresidual < 1.00e-06  breakyes = 1.0,  maxresidual < 1.00e-04  breakyes=1.3,  maxresidual < 1.00e-06  breakyes = 1.0,  maxresidual < 1.00e-04  breakyes=1.3,  maxresidual < 1.00e-06  breakyes = 1.0,  maxresidual < 1.00e-04  breakyes=1.3,  maxresidual < 1.00e-06  breakyes = 1.0,  maxresidual < 1.00e-04  breakyes=1.3,  maxresidual < 1.00e-06  breakyes = 1.0,  maxresidual < 1.00e-04  breakyes=1.3,  maxresidual < 1.00e-06
cluster_acc =

    0.6800

mean acc so far: 0.557857
Elapsed time is 128.411528 seconds.
iteration: (29)th 


init_method =

    'spec'


sdp_method =

    'basic'

  breakyes=3.2,  dualfeasorg deteriorated too much: primfeasorg=1.26e-06,dualfeasorg=4.89e-05  breakyes=1.4,  maxresidual < 1.00e-06  breakyes=3.2,  dualfeasorg deteriorated too much: primfeasorg=7.21e-07,dualfeasorg=3.68e-05  breakyes=1.3,  maxresidual < 1.00e-06  breakyes=1.3,  maxresidual < 1.00e-06  breakyes=1.3,  maxresidual < 1.00e-06  breakyes=1.3,  maxresidual < 1.00e-06  breakyes=1.3,  maxresidual < 1.00e-06  breakyes=1.3,  maxresidual < 1.00e-06  breakyes=1.3,  maxresidual < 1.00e-06
cluster_acc =

    0.5600

mean acc so far: 0.557931
Elapsed time is 248.670265 seconds.
iteration: (30)th 


init_method =

    'spec'


sdp_method =

    'basic'

  breakyes=3.2,  dualfeasorg deteriorated too much: primfeasorg=9.68e-07,dualfeasorg=3.69e-05  breakyes=1.4,  maxresidual < 1.00e-06  breakyes=3.2,  dualfeasorg deteriorated too much: primfeasorg=7.23e-07,dualfeasorg=3.14e-05  breakyes=1.4,  maxresidual < 1.00e-06  breakyes = 1.0,  maxresidual < 1.00e-04  breakyes=1.3,  maxresidual < 1.00e-06
  breakyes=1.4,  maxresidual < 1.00e-06  breakyes=2.0,  primfeasorg*dualfeasorg < 1.00e-14  breakyes=2.0,  primfeasorg*dualfeasorg < 1.00e-14  breakyes=2.0,  primfeasorg*dualfeasorg < 1.00e-14  breakyes=2.0,  primfeasorg*dualfeasorg < 1.00e-14
cluster_acc =

    0.5600

mean acc so far: 0.558000
Elapsed time is 182.809174 seconds.
iteration: (31)th 


init_method =

    'spec'


sdp_method =

    'basic'

  breakyes=1.4,  maxresidual < 1.00e-06  breakyes=3.2,  dualfeasorg deteriorated too much: primfeasorg=6.95e-07,dualfeasorg=3.19e-05  breakyes=3.2,  dualfeasorg deteriorated too much: primfeasorg=1.02e-06,dualfeasorg=3.65e-05  breakyes=1.4,  maxresidual < 1.00e-06  breakyes=1.3,  maxresidual < 1.00e-06  breakyes = 1.0,  maxresidual < 1.00e-04  breakyes=2.0,  primfeasorg*dualfeasorg < 1.00e-14  breakyes = 1.0,  maxresidual < 1.00e-04  breakyes=1.4,  maxresidual < 1.00e-06  breakyes = 1.0,  maxresidual < 1.00e-04
  breakyes=1.4,  maxresidual < 1.00e-06  breakyes = 1.0,  maxresidual < 1.00e-04  breakyes=1.0,  maxresidual < 1.00e-06  breakyes = 1.0,  maxresidual < 1.00e-04  breakyes=1.4,  maxresidual < 1.00e-06
cluster_acc =

    0.5850

mean acc so far: 0.558871
Elapsed time is 178.667496 seconds.
iteration: (32)th 


init_method =

    'spec'


sdp_method =

    'basic'

  breakyes=3.2,  dualfeasorg deteriorated too much: primfeasorg=9.90e-07,dualfeasorg=2.90e-05  breakyes=1.4,  maxresidual < 1.00e-06  breakyes=1.3,  maxresidual < 1.00e-06  breakyes=1.3,  maxresidual < 1.00e-06  breakyes=1.3,  maxresidual < 1.00e-06  breakyes=1.3,  maxresidual < 1.00e-06  breakyes=1.3,  maxresidual < 1.00e-06  breakyes=1.3,  maxresidual < 1.00e-06  breakyes=1.3,  maxresidual < 1.00e-06  breakyes=1.3,  maxresidual < 1.00e-06
cluster_acc =

    0.5200

mean acc so far: 0.557656
Elapsed time is 194.059899 seconds.
iteration: (33)th 


init_method =

    'spec'


sdp_method =

    'basic'

  breakyes=2.0,  primfeasorg*dualfeasorg < 1.00e-14  breakyes=3.2,  dualfeasorg deteriorated too much: primfeasorg=1.97e-06,dualfeasorg=6.68e-05  breakyes=4.1,  primfeasorg stagnate, 0.00e+00  breakyes=3.2,  dualfeasorg deteriorated too much: primfeasorg=7.82e-07,dualfeasorg=2.62e-05  breakyes = 1.0,  maxresidual < 1.00e-04  breakyes=1.4,  maxresidual < 1.00e-06  breakyes = 1.0,  maxresidual < 1.00e-04  breakyes=3.2,  dualfeasorg deteriorated too much: primfeasorg=8.63e-07,dualfeasorg=3.30e-05  breakyes = 1.0,  maxresidual < 1.00e-04  breakyes=3.2,  dualfeasorg deteriorated too much: primfeasorg=8.63e-07,dualfeasorg=3.30e-05  breakyes = 1.0,  maxresidual < 1.00e-04  breakyes=3.2,  dualfeasorg deteriorated too much: primfeasorg=8.63e-07,dualfeasorg=3.30e-05  breakyes = 1.0,  maxresidual < 1.00e-04  breakyes=3.2,  dualfeasorg deteriorated too much: primfeasorg=8.63e-07,dualfeasorg=3.30e-05  breakyes = 1.0,  maxresidual < 1.00e-04  breakyes=3.2,  dualfeasorg deteriorated too much: primfeasorg=8.63e-07,dualfeasorg=3.30e-05
cluster_acc =

    0.5600

mean acc so far: 0.557727
Elapsed time is 188.838504 seconds.
iteration: (34)th 


init_method =

    'spec'


sdp_method =

    'basic'

  breakyes=1.0,  maxresidual < 1.00e-06  breakyes=1.4,  maxresidual < 1.00e-06  breakyes=3.2,  dualfeasorg deteriorated too much: primfeasorg=9.41e-07,dualfeasorg=3.97e-05  breakyes = 1.0,  maxresidual < 1.00e-04  breakyes=1.0,  maxresidual < 1.00e-06  breakyes = 1.0,  maxresidual < 1.00e-04  breakyes=1.4,  maxresidual < 1.00e-06  breakyes=1.4,  maxresidual < 1.00e-06  breakyes = 1.0,  maxresidual < 1.00e-04  breakyes=3.2,  dualfeasorg deteriorated too much: primfeasorg=1.12e-06,dualfeasorg=3.83e-05  breakyes=1.0,  maxresidual < 1.00e-06  breakyes = 1.0,  maxresidual < 1.00e-04  breakyes=1.4,  maxresidual < 1.00e-06  breakyes = 1.0,  maxresidual < 1.00e-04
  breakyes=1.3,  maxresidual < 1.00e-06
cluster_acc =

    0.5200

mean acc so far: 0.556618
Elapsed time is 208.691087 seconds.
iteration: (35)th 


init_method =

    'spec'


sdp_method =

    'basic'

  breakyes=1.4,  maxresidual < 1.00e-06  breakyes=3.2,  dualfeasorg deteriorated too much: primfeasorg=1.93e-06,dualfeasorg=1.76e-04  breakyes=1.4,  maxresidual < 1.00e-06  breakyes=3.2,  dualfeasorg deteriorated too much: primfeasorg=1.72e-06,dualfeasorg=5.38e-05  breakyes = 1.0,  maxresidual < 1.00e-04  breakyes=1.4,  maxresidual < 1.00e-06  breakyes = 1.0,  maxresidual < 1.00e-04  breakyes=1.4,  maxresidual < 1.00e-06  breakyes = 1.0,  maxresidual < 1.00e-04  breakyes=1.4,  maxresidual < 1.00e-06  breakyes = 1.0,  maxresidual < 1.00e-04  breakyes=1.4,  maxresidual < 1.00e-06  breakyes = 1.0,  maxresidual < 1.00e-04  breakyes=1.4,  maxresidual < 1.00e-06  breakyes = 1.0,  maxresidual < 1.00e-04  breakyes=1.4,  maxresidual < 1.00e-06
cluster_acc =

    0.6250

mean acc so far: 0.558571
Elapsed time is 183.927841 seconds.
iteration: (36)th 


init_method =

    'spec'


sdp_method =

    'basic'

  breakyes=1.3,  maxresidual < 1.00e-06  breakyes=3.2,  dualfeasorg deteriorated too much: primfeasorg=1.25e-06,dualfeasorg=4.49e-05  breakyes=3.2,  dualfeasorg deteriorated too much: primfeasorg=1.01e-06,dualfeasorg=5.13e-05  breakyes=3.2,  dualfeasorg deteriorated too much: primfeasorg=1.01e-06,dualfeasorg=2.31e-05  breakyes = 1.0,  maxresidual < 1.00e-04  breakyes=1.4,  maxresidual < 1.00e-06  breakyes = 1.0,  maxresidual < 1.00e-04  breakyes=1.4,  maxresidual < 1.00e-06  breakyes = 1.0,  maxresidual < 1.00e-04  breakyes=1.4,  maxresidual < 1.00e-06  breakyes = 1.0,  maxresidual < 1.00e-04  breakyes=1.4,  maxresidual < 1.00e-06  breakyes = 1.0,  maxresidual < 1.00e-04  breakyes=1.4,  maxresidual < 1.00e-06  breakyes = 1.0,  maxresidual < 1.00e-04  breakyes=1.4,  maxresidual < 1.00e-06
cluster_acc =

    0.5850

mean acc so far: 0.559306
Elapsed time is 149.317733 seconds.
iteration: (37)th 


init_method =

    'spec'


sdp_method =

    'basic'

  breakyes=3.2,  dualfeasorg deteriorated too much: primfeasorg=1.36e-06,dualfeasorg=5.03e-05  breakyes=2.0,  primfeasorg*dualfeasorg < 1.00e-14  breakyes = 1.0,  maxresidual < 1.00e-04  breakyes=1.4,  maxresidual < 1.00e-06  breakyes=3.2,  dualfeasorg deteriorated too much: primfeasorg=7.26e-07,dualfeasorg=3.08e-05  breakyes=1.4,  maxresidual < 1.00e-06  breakyes=1.4,  maxresidual < 1.00e-06  breakyes=1.3,  maxresidual < 1.00e-06  breakyes=1.0,  maxresidual < 1.00e-06  breakyes=1.3,  maxresidual < 1.00e-06  breakyes=1.3,  maxresidual < 1.00e-06
cluster_acc =

    0.5050

mean acc so far: 0.557838
Elapsed time is 173.919934 seconds.
iteration: (38)th 


init_method =

    'spec'


sdp_method =

    'basic'

  breakyes=1.4,  maxresidual < 1.00e-06  breakyes=3.2,  dualfeasorg deteriorated too much: primfeasorg=8.76e-07,dualfeasorg=4.66e-05  breakyes=1.4,  maxresidual < 1.00e-06  breakyes=4.1,  primfeasorg stagnate, 0.00e+00  breakyes=3.2,  dualfeasorg deteriorated too much: primfeasorg=1.04e-06,dualfeasorg=3.87e-05  breakyes=3.2,  dualfeasorg deteriorated too much: primfeasorg=1.14e-06,dualfeasorg=4.41e-05  breakyes=3.2,  dualfeasorg deteriorated too much: primfeasorg=1.96e-06,dualfeasorg=1.22e-04  breakyes=3.2,  dualfeasorg deteriorated too much: primfeasorg=9.19e-07,dualfeasorg=2.93e-05  breakyes = 1.0,  maxresidual < 1.00e-04  breakyes=3.2,  dualfeasorg deteriorated too much: primfeasorg=1.31e-06,dualfeasorg=5.76e-05  breakyes = 1.0,  maxresidual < 1.00e-04  breakyes=1.4,  maxresidual < 1.00e-06
cluster_acc =

    0.5750

mean acc so far: 0.558289
Elapsed time is 208.547495 seconds.
iteration: (39)th 


init_method =

    'spec'


sdp_method =

    'basic'

  breakyes=3.2,  dualfeasorg deteriorated too much: primfeasorg=9.56e-07,dualfeasorg=3.49e-05  breakyes=3.2,  dualfeasorg deteriorated too much: primfeasorg=1.48e-06,dualfeasorg=6.34e-05  breakyes = 1.0,  maxresidual < 1.00e-04  breakyes=1.0,  maxresidual < 1.00e-06  breakyes=1.4,  maxresidual < 1.00e-06  breakyes=1.4,  maxresidual < 1.00e-06  breakyes = 1.0,  maxresidual < 1.00e-04  breakyes=1.4,  maxresidual < 1.00e-06  breakyes = 1.0,  maxresidual < 1.00e-04  breakyes=3.2,  dualfeasorg deteriorated too much: primfeasorg=1.17e-06,dualfeasorg=4.00e-05  breakyes=1.4,  maxresidual < 1.00e-06  breakyes = 1.0,  maxresidual < 1.00e-04  breakyes=1.4,  maxresidual < 1.00e-06  breakyes = 1.0,  maxresidual < 1.00e-04  breakyes=1.4,  maxresidual < 1.00e-06
cluster_acc =

    0.5150

mean acc so far: 0.557179
Elapsed time is 188.603320 seconds.
iteration: (40)th 


init_method =

    'spec'


sdp_method =

    'basic'

  breakyes=3.2,  dualfeasorg deteriorated too much: primfeasorg=6.19e-07,dualfeasorg=3.19e-05  breakyes = 1.0,  maxresidual < 1.00e-04  breakyes=1.4,  maxresidual < 1.00e-06  breakyes = 1.0,  maxresidual < 1.00e-04  breakyes=3.2,  dualfeasorg deteriorated too much: primfeasorg=2.32e-06,dualfeasorg=1.86e-04  breakyes=4.1,  primfeasorg stagnate, 0.00e+00  breakyes = 1.0,  maxresidual < 1.00e-04  breakyes=3.2,  dualfeasorg deteriorated too much: primfeasorg=6.36e-06,dualfeasorg=9.88e-05  breakyes = 1.0,  maxresidual < 1.00e-04  breakyes=3.2,  dualfeasorg deteriorated too much: primfeasorg=1.38e-06,dualfeasorg=3.50e-05  breakyes = 1.0,  maxresidual < 1.00e-04  breakyes=3.2,  dualfeasorg deteriorated too much: primfeasorg=8.05e-07,dualfeasorg=4.27e-05  breakyes = 1.0,  maxresidual < 1.00e-04  breakyes=1.4,  maxresidual < 1.00e-06  breakyes=3.2,  dualfeasorg deteriorated too much: primfeasorg=1.36e-06,dualfeasorg=4.38e-05  breakyes=1.4,  maxresidual < 1.00e-06
cluster_acc =

    0.5150

mean acc so far: 0.556125
Elapsed time is 200.367207 seconds.
iteration: (41)th 


init_method =

    'spec'


sdp_method =

    'basic'

  breakyes=3.2,  dualfeasorg deteriorated too much: primfeasorg=1.40e-06,dualfeasorg=4.75e-05  breakyes=2.0,  primfeasorg*dualfeasorg < 1.00e-14
  breakyes=2.0,  primfeasorg*dualfeasorg < 1.00e-14  breakyes=3.2,  dualfeasorg deteriorated too much: primfeasorg=9.70e-07,dualfeasorg=4.17e-05  breakyes = 1.0,  maxresidual < 1.00e-04  breakyes=1.4,  maxresidual < 1.00e-06  breakyes=1.4,  maxresidual < 1.00e-06  breakyes = 1.0,  maxresidual < 1.00e-04  breakyes=3.2,  dualfeasorg deteriorated too much: primfeasorg=6.89e-07,dualfeasorg=5.21e-05  breakyes = 1.0,  maxresidual < 1.00e-04  breakyes=3.2,  dualfeasorg deteriorated too much: primfeasorg=6.89e-07,dualfeasorg=5.21e-05  breakyes = 1.0,  maxresidual < 1.00e-04  breakyes=3.2,  dualfeasorg deteriorated too much: primfeasorg=6.89e-07,dualfeasorg=5.21e-05  breakyes = 1.0,  maxresidual < 1.00e-04  breakyes=3.2,  dualfeasorg deteriorated too much: primfeasorg=6.89e-07,dualfeasorg=5.21e-05
cluster_acc =

    0.5150

mean acc so far: 0.555122
Elapsed time is 197.288890 seconds.
iteration: (42)th 


init_method =

    'spec'


sdp_method =

    'basic'

  breakyes=3.2,  dualfeasorg deteriorated too much: primfeasorg=1.00e-06,dualfeasorg=3.85e-05  breakyes=1.4,  maxresidual < 1.00e-06  breakyes=1.4,  maxresidual < 1.00e-06  breakyes=3.2,  dualfeasorg deteriorated too much: primfeasorg=8.38e-07,dualfeasorg=5.55e-05  breakyes=3.2,  dualfeasorg deteriorated too much: primfeasorg=1.07e-06,dualfeasorg=4.14e-05  breakyes=1.4,  maxresidual < 1.00e-06  breakyes=1.4,  maxresidual < 1.00e-06  breakyes=1.4,  maxresidual < 1.00e-06  breakyes=1.4,  maxresidual < 1.00e-06  breakyes=1.4,  maxresidual < 1.00e-06
cluster_acc =

    0.5500

mean acc so far: 0.555000
Elapsed time is 257.903173 seconds.
iteration: (43)th 


init_method =

    'spec'


sdp_method =

    'basic'

  breakyes = 1.0,  maxresidual < 1.00e-04  breakyes=1.3,  maxresidual < 1.00e-06  breakyes=3.2,  dualfeasorg deteriorated too much: primfeasorg=1.16e-06,dualfeasorg=4.86e-05  breakyes=3.2,  dualfeasorg deteriorated too much: primfeasorg=9.49e-07,dualfeasorg=4.89e-05  breakyes=3.2,  dualfeasorg deteriorated too much: primfeasorg=9.87e-07,dualfeasorg=3.93e-05  breakyes=3.2,  dualfeasorg deteriorated too much: primfeasorg=1.09e-06,dualfeasorg=3.79e-05  breakyes=1.3,  maxresidual < 1.00e-06  breakyes = 1.0,  maxresidual < 1.00e-04  breakyes=3.2,  dualfeasorg deteriorated too much: primfeasorg=8.63e-07,dualfeasorg=4.87e-05  breakyes = 1.0,  maxresidual < 1.00e-04  breakyes=1.3,  maxresidual < 1.00e-06  breakyes=1.4,  maxresidual < 1.00e-06  breakyes = 1.0,  maxresidual < 1.00e-04  breakyes=1.0,  maxresidual < 1.00e-06
cluster_acc =

    0.5800

mean acc so far: 0.555581
Elapsed time is 170.843418 seconds.
iteration: (44)th 


init_method =

    'spec'


sdp_method =

    'basic'

  breakyes=1.3,  maxresidual < 1.00e-06  breakyes=3.2,  dualfeasorg deteriorated too much: primfeasorg=9.47e-07,dualfeasorg=3.96e-05  breakyes=4.1,  primfeasorg stagnate, 0.00e+00  breakyes=3.2,  dualfeasorg deteriorated too much: primfeasorg=9.67e-07,dualfeasorg=4.28e-05  breakyes = 1.0,  maxresidual < 1.00e-04  breakyes=4.1,  primfeasorg stagnate, 0.00e+00  breakyes = 1.0,  maxresidual < 1.00e-04  breakyes=1.4,  maxresidual < 1.00e-06  breakyes = 1.0,  maxresidual < 1.00e-04  breakyes=3.2,  dualfeasorg deteriorated too much: primfeasorg=1.32e-06,dualfeasorg=4.40e-05  breakyes = 1.0,  maxresidual < 1.00e-04  breakyes=3.2,  dualfeasorg deteriorated too much: primfeasorg=6.73e-07,dualfeasorg=2.91e-05  breakyes=1.4,  maxresidual < 1.00e-06  breakyes=3.2,  dualfeasorg deteriorated too much: primfeasorg=8.67e-07,dualfeasorg=4.12e-05
cluster_acc =

    0.6550

mean acc so far: 0.557841
Elapsed time is 238.642625 seconds.
iteration: (45)th 


init_method =

    'spec'


sdp_method =

    'basic'

  breakyes=1.3,  maxresidual < 1.00e-06  breakyes=1.4,  maxresidual < 1.00e-06  breakyes=1.3,  maxresidual < 1.00e-06  breakyes = 1.0,  maxresidual < 1.00e-04  breakyes=1.3,  maxresidual < 1.00e-06  breakyes=1.4,  maxresidual < 1.00e-06  breakyes = 1.0,  maxresidual < 1.00e-04  breakyes=1.4,  maxresidual < 1.00e-06  breakyes=1.0,  maxresidual < 1.00e-06  breakyes=1.0,  maxresidual < 1.00e-06  breakyes = 1.0,  maxresidual < 1.00e-04  breakyes=1.0,  maxresidual < 1.00e-06  breakyes = 1.0,  maxresidual < 1.00e-04  breakyes=1.0,  maxresidual < 1.00e-06
cluster_acc =

    0.5500

mean acc so far: 0.557667
Elapsed time is 157.143441 seconds.
iteration: (46)th 


init_method =

    'spec'


sdp_method =

    'basic'

  breakyes=1.4,  maxresidual < 1.00e-06  breakyes=3.2,  dualfeasorg deteriorated too much: primfeasorg=1.13e-06,dualfeasorg=4.69e-05  breakyes = 1.0,  maxresidual < 1.00e-04  breakyes=1.3,  maxresidual < 1.00e-06  breakyes = 1.0,  maxresidual < 1.00e-04  breakyes=1.3,  maxresidual < 1.00e-06  breakyes=1.4,  maxresidual < 1.00e-06  breakyes = 1.0,  maxresidual < 1.00e-04  breakyes=1.4,  maxresidual < 1.00e-06  breakyes = 1.0,  maxresidual < 1.00e-04  breakyes=1.4,  maxresidual < 1.00e-06  breakyes=3.2,  dualfeasorg deteriorated too much: primfeasorg=1.59e-06,dualfeasorg=6.42e-05  breakyes=3.2,  dualfeasorg deteriorated too much: primfeasorg=1.59e-06,dualfeasorg=6.42e-05  breakyes=3.2,  dualfeasorg deteriorated too much: primfeasorg=1.59e-06,dualfeasorg=6.42e-05
cluster_acc =

    0.5300

mean acc so far: 0.557065
Elapsed time is 168.778534 seconds.
iteration: (47)th 


init_method =

    'spec'


sdp_method =

    'basic'

  breakyes=1.4,  maxresidual < 1.00e-06  breakyes=1.4,  maxresidual < 1.00e-06  breakyes = 1.0,  maxresidual < 1.00e-04  breakyes=1.0,  maxresidual < 1.00e-06  breakyes = 1.0,  maxresidual < 1.00e-04  breakyes=3.2,  dualfeasorg deteriorated too much: primfeasorg=1.58e-06,dualfeasorg=2.65e-05  breakyes=1.4,  maxresidual < 1.00e-06  breakyes = 1.0,  maxresidual < 1.00e-04  breakyes=1.3,  maxresidual < 1.00e-06  breakyes = 1.0,  maxresidual < 1.00e-04  breakyes=4.1,  primfeasorg stagnate, 0.00e+00  breakyes=1.0,  maxresidual < 1.00e-06  breakyes = 1.0,  maxresidual < 1.00e-04  breakyes=1.0,  maxresidual < 1.00e-06  breakyes = 1.0,  maxresidual < 1.00e-04  breakyes=1.4,  maxresidual < 1.00e-06
cluster_acc =

    0.5100

mean acc so far: 0.556064
Elapsed time is 194.567497 seconds.
iteration: (48)th 


init_method =

    'spec'


sdp_method =

    'basic'

  breakyes=3.2,  dualfeasorg deteriorated too much: primfeasorg=1.01e-06,dualfeasorg=2.25e-05  breakyes=3.2,  dualfeasorg deteriorated too much: primfeasorg=7.75e-07,dualfeasorg=4.00e-05  breakyes=3.2,  dualfeasorg deteriorated too much: primfeasorg=7.05e-07,dualfeasorg=3.68e-05  breakyes=3.2,  dualfeasorg deteriorated too much: primfeasorg=9.22e-07,dualfeasorg=3.90e-05  breakyes=3.2,  dualfeasorg deteriorated too much: primfeasorg=6.17e-07,dualfeasorg=3.42e-05  breakyes=3.2,  dualfeasorg deteriorated too much: primfeasorg=7.60e-07,dualfeasorg=3.58e-05  breakyes=3.2,  dualfeasorg deteriorated too much: primfeasorg=8.51e-07,dualfeasorg=3.40e-05  breakyes=1.3,  maxresidual < 1.00e-06  breakyes=3.2,  dualfeasorg deteriorated too much: primfeasorg=1.74e-06,dualfeasorg=4.53e-05  breakyes=3.2,  dualfeasorg deteriorated too much: primfeasorg=1.74e-06,dualfeasorg=4.53e-05
cluster_acc =

    0.5150

mean acc so far: 0.555208
Elapsed time is 222.152596 seconds.
iteration: (49)th 


init_method =

    'spec'


sdp_method =

    'basic'

  breakyes=1.4,  maxresidual < 1.00e-06  breakyes=3.2,  dualfeasorg deteriorated too much: primfeasorg=1.24e-06,dualfeasorg=4.70e-05  breakyes=3.2,  dualfeasorg deteriorated too much: primfeasorg=1.11e-06,dualfeasorg=3.83e-05  breakyes=3.2,  dualfeasorg deteriorated too much: primfeasorg=7.86e-07,dualfeasorg=3.56e-05  breakyes=3.2,  dualfeasorg deteriorated too much: primfeasorg=6.22e-07,dualfeasorg=5.64e-05  breakyes=3.2,  dualfeasorg deteriorated too much: primfeasorg=1.18e-06,dualfeasorg=4.26e-05  breakyes=2.0,  primfeasorg*dualfeasorg < 1.00e-14  breakyes=1.3,  maxresidual < 1.00e-06  breakyes = 1.0,  maxresidual < 1.00e-04  breakyes=1.0,  maxresidual < 1.00e-06  breakyes = 1.0,  maxresidual < 1.00e-04  breakyes=1.0,  maxresidual < 1.00e-06
cluster_acc =

    0.5100

mean acc so far: 0.554286
Elapsed time is 199.478915 seconds.
iteration: (50)th 


init_method =

    'spec'


sdp_method =

    'basic'

  breakyes=1.4,  maxresidual < 1.00e-06  breakyes=3.2,  dualfeasorg deteriorated too much: primfeasorg=6.74e-07,dualfeasorg=5.44e-05  breakyes = 1.0,  maxresidual < 1.00e-04  breakyes=4.1,  primfeasorg stagnate, 0.00e+00  breakyes=1.3,  maxresidual < 1.00e-06  breakyes=3.2,  dualfeasorg deteriorated too much: primfeasorg=1.15e-06,dualfeasorg=3.95e-05  breakyes = 1.0,  maxresidual < 1.00e-04  breakyes=1.4,  maxresidual < 1.00e-06  breakyes = 1.0,  maxresidual < 1.00e-04  breakyes=1.4,  maxresidual < 1.00e-06  breakyes = 1.0,  maxresidual < 1.00e-04  breakyes=1.4,  maxresidual < 1.00e-06  breakyes = 1.0,  maxresidual < 1.00e-04  breakyes=1.4,  maxresidual < 1.00e-06  breakyes = 1.0,  maxresidual < 1.00e-04  breakyes=1.4,  maxresidual < 1.00e-06
cluster_acc =

    0.5500

mean acc so far: 0.554200
Elapsed time is 379.573481 seconds.
iteration: (51)th 


init_method =

    'spec'


sdp_method =

    'basic'

  breakyes=1.4,  maxresidual < 1.00e-06  breakyes=3.2,  dualfeasorg deteriorated too much: primfeasorg=2.48e-06,dualfeasorg=4.82e-05  breakyes=3.2,  dualfeasorg deteriorated too much: primfeasorg=2.17e-06,dualfeasorg=5.72e-05  breakyes = 1.0,  maxresidual < 1.00e-04  breakyes=3.2,  dualfeasorg deteriorated too much: primfeasorg=8.14e-07,dualfeasorg=4.52e-05  breakyes = 1.0,  maxresidual < 1.00e-04  breakyes=1.3,  maxresidual < 1.00e-06  breakyes = 1.0,  maxresidual < 1.00e-04  breakyes=1.4,  maxresidual < 1.00e-06  breakyes = 1.0,  maxresidual < 1.00e-04  breakyes=1.4,  maxresidual < 1.00e-06  breakyes = 1.0,  maxresidual < 1.00e-04  breakyes=1.0,  maxresidual < 1.00e-06  breakyes = 1.0,  maxresidual < 1.00e-04  breakyes=1.0,  maxresidual < 1.00e-06  breakyes = 1.0,  maxresidual < 1.00e-04  breakyes=1.0,  maxresidual < 1.00e-06
cluster_acc =

    0.5650

mean acc so far: 0.554412
Elapsed time is 109.491088 seconds.
iteration: (52)th 


init_method =

    'spec'


sdp_method =

    'basic'

  breakyes=1.3,  maxresidual < 1.00e-06  breakyes=1.4,  maxresidual < 1.00e-06  breakyes = 1.0,  maxresidual < 1.00e-04  breakyes=3.2,  dualfeasorg deteriorated too much: primfeasorg=1.81e-06,dualfeasorg=3.97e-05  breakyes=1.4,  maxresidual < 1.00e-06  breakyes = 1.0,  maxresidual < 1.00e-04
  breakyes=1.4,  maxresidual < 1.00e-06  breakyes = 1.0,  maxresidual < 1.00e-04  breakyes=3.2,  dualfeasorg deteriorated too much: primfeasorg=1.43e-06,dualfeasorg=6.65e-05  breakyes = 1.0,  maxresidual < 1.00e-04  breakyes=3.2,  dualfeasorg deteriorated too much: primfeasorg=2.48e-06,dualfeasorg=7.18e-05  breakyes = 1.0,  maxresidual < 1.00e-04  breakyes=1.4,  maxresidual < 1.00e-06  breakyes = 1.0,  maxresidual < 1.00e-04  breakyes=1.4,  maxresidual < 1.00e-06  breakyes = 1.0,  maxresidual < 1.00e-04  breakyes=1.4,  maxresidual < 1.00e-06
cluster_acc =

    0.5050

mean acc so far: 0.553462
Elapsed time is 138.847767 seconds.
iteration: (53)th 


init_method =

    'spec'


sdp_method =

    'basic'

  breakyes=1.4,  maxresidual < 1.00e-06  breakyes=1.3,  maxresidual < 1.00e-06
  breakyes=3.2,  dualfeasorg deteriorated too much: primfeasorg=8.00e-07,dualfeasorg=2.49e-05  breakyes = 1.0,  maxresidual < 1.00e-04  breakyes=1.3,  maxresidual < 1.00e-06  breakyes=1.3,  maxresidual < 1.00e-06  breakyes=1.3,  maxresidual < 1.00e-06  breakyes=1.3,  maxresidual < 1.00e-06  breakyes=1.3,  maxresidual < 1.00e-06  breakyes=1.3,  maxresidual < 1.00e-06  breakyes=1.3,  maxresidual < 1.00e-06
cluster_acc =

    0.5250

mean acc so far: 0.552925
Elapsed time is 191.461089 seconds.
iteration: (54)th 


init_method =

    'spec'


sdp_method =

    'basic'

  breakyes=1.4,  maxresidual < 1.00e-06  breakyes=1.4,  maxresidual < 1.00e-06  breakyes=1.4,  maxresidual < 1.00e-06  breakyes=3.2,  dualfeasorg deteriorated too much: primfeasorg=6.87e-07,dualfeasorg=4.89e-05  breakyes = 1.0,  maxresidual < 1.00e-04  breakyes=2.0,  primfeasorg*dualfeasorg < 1.00e-14  breakyes = 1.0,  maxresidual < 1.00e-04  breakyes=1.3,  maxresidual < 1.00e-06  breakyes=1.4,  maxresidual < 1.00e-06  breakyes=1.4,  maxresidual < 1.00e-06  breakyes=1.4,  maxresidual < 1.00e-06  breakyes=1.4,  maxresidual < 1.00e-06
cluster_acc =

    0.5200

mean acc so far: 0.552315
Elapsed time is 192.426404 seconds.
iteration: (55)th 


init_method =

    'spec'


sdp_method =

    'basic'

  breakyes=1.4,  maxresidual < 1.00e-06  breakyes=1.3,  maxresidual < 1.00e-06  breakyes=1.3,  maxresidual < 1.00e-06  breakyes=1.4,  maxresidual < 1.00e-06  breakyes=1.3,  maxresidual < 1.00e-06  breakyes=3.2,  dualfeasorg deteriorated too much: primfeasorg=1.20e-06,dualfeasorg=3.98e-05  breakyes = 1.0,  maxresidual < 1.00e-04  breakyes=1.4,  maxresidual < 1.00e-06  breakyes = 1.0,  maxresidual < 1.00e-04  breakyes=2.0,  primfeasorg*dualfeasorg < 1.00e-14  breakyes = 1.0,  maxresidual < 1.00e-04  breakyes=1.4,  maxresidual < 1.00e-06  breakyes=1.4,  maxresidual < 1.00e-06
cluster_acc =

    0.5100

mean acc so far: 0.551545
Elapsed time is 192.995120 seconds.
iteration: (56)th 


init_method =

    'spec'


sdp_method =

    'basic'

  breakyes=3.2,  dualfeasorg deteriorated too much: primfeasorg=1.59e-06,dualfeasorg=4.20e-05  breakyes=3.2,  dualfeasorg deteriorated too much: primfeasorg=1.03e-06,dualfeasorg=5.81e-05  breakyes = 1.0,  maxresidual < 1.00e-04  breakyes=1.4,  maxresidual < 1.00e-06  breakyes = 1.0,  maxresidual < 1.00e-04  breakyes=3.2,  dualfeasorg deteriorated too much: primfeasorg=4.49e-06,dualfeasorg=3.43e-05  breakyes = 1.0,  maxresidual < 1.00e-04  breakyes=1.3,  maxresidual < 1.00e-06  breakyes = 1.0,  maxresidual < 1.00e-04  breakyes=1.3,  maxresidual < 1.00e-06  breakyes = 1.0,  maxresidual < 1.00e-04  breakyes=1.3,  maxresidual < 1.00e-06  breakyes = 1.0,  maxresidual < 1.00e-04  breakyes=1.3,  maxresidual < 1.00e-06  breakyes = 1.0,  maxresidual < 1.00e-04  breakyes=1.3,  maxresidual < 1.00e-06  breakyes = 1.0,  maxresidual < 1.00e-04  breakyes=1.3,  maxresidual < 1.00e-06
cluster_acc =

    0.6350

mean acc so far: 0.553036
Elapsed time is 164.933283 seconds.
iteration: (57)th 


init_method =

    'spec'


sdp_method =

    'basic'

  breakyes=1.3,  maxresidual < 1.00e-06  breakyes=3.2,  dualfeasorg deteriorated too much: primfeasorg=1.27e-06,dualfeasorg=5.23e-05  breakyes=4.1,  primfeasorg stagnate, 0.00e+00  breakyes=3.2,  dualfeasorg deteriorated too much: primfeasorg=9.46e-07,dualfeasorg=3.19e-05  breakyes=1.4,  maxresidual < 1.00e-06  breakyes=1.4,  maxresidual < 1.00e-06  breakyes=3.2,  dualfeasorg deteriorated too much: primfeasorg=1.12e-06,dualfeasorg=6.03e-05  breakyes=2.0,  primfeasorg*dualfeasorg < 1.00e-14  breakyes=2.0,  primfeasorg*dualfeasorg < 1.00e-14  breakyes=2.0,  primfeasorg*dualfeasorg < 1.00e-14
cluster_acc =

    0.5350

mean acc so far: 0.552719
Elapsed time is 239.748131 seconds.
iteration: (58)th 


init_method =

    'spec'


sdp_method =

    'basic'

  breakyes = 1.0,  maxresidual < 1.00e-04  breakyes=1.3,  maxresidual < 1.00e-06  breakyes=3.2,  dualfeasorg deteriorated too much: primfeasorg=9.99e-07,dualfeasorg=3.58e-05  breakyes=2.0,  primfeasorg*dualfeasorg < 1.00e-14  breakyes=3.2,  dualfeasorg deteriorated too much: primfeasorg=9.03e-07,dualfeasorg=4.48e-05  breakyes=3.2,  dualfeasorg deteriorated too much: primfeasorg=3.62e-06,dualfeasorg=4.52e-05
  breakyes=1.4,  maxresidual < 1.00e-06  breakyes = 1.0,  maxresidual < 1.00e-04  breakyes=1.4,  maxresidual < 1.00e-06  breakyes = 1.0,  maxresidual < 1.00e-04  breakyes=1.4,  maxresidual < 1.00e-06  breakyes = 1.0,  maxresidual < 1.00e-04  breakyes=1.4,  maxresidual < 1.00e-06  breakyes=1.3,  maxresidual < 1.00e-06
cluster_acc =

    0.6150

mean acc so far: 0.553793
Elapsed time is 255.622802 seconds.
iteration: (59)th 


init_method =

    'spec'


sdp_method =

    'basic'

  breakyes=1.4,  maxresidual < 1.00e-06
  breakyes=2.0,  primfeasorg*dualfeasorg < 1.00e-14  breakyes=1.4,  maxresidual < 1.00e-06  breakyes=3.2,  dualfeasorg deteriorated too much: primfeasorg=1.04e-06,dualfeasorg=3.63e-05  breakyes = 1.0,  maxresidual < 1.00e-04  breakyes=1.4,  maxresidual < 1.00e-06  breakyes=3.2,  dualfeasorg deteriorated too much: primfeasorg=9.28e-07,dualfeasorg=3.59e-05  breakyes=3.2,  dualfeasorg deteriorated too much: primfeasorg=9.08e-07,dualfeasorg=3.98e-05  breakyes=1.4,  maxresidual < 1.00e-06  breakyes=4.1,  primfeasorg stagnate, 0.00e+00  breakyes=3.2,  dualfeasorg deteriorated too much: primfeasorg=7.20e-07,dualfeasorg=3.93e-05
cluster_acc =

    0.5200

mean acc so far: 0.553220
Elapsed time is 215.362067 seconds.
iteration: (60)th 


init_method =

    'spec'


sdp_method =

    'basic'

  breakyes=1.3,  maxresidual < 1.00e-06  breakyes=3.2,  dualfeasorg deteriorated too much: primfeasorg=9.50e-07,dualfeasorg=2.15e-05  breakyes=3.2,  dualfeasorg deteriorated too much: primfeasorg=6.78e-07,dualfeasorg=4.58e-05  breakyes=2.0,  primfeasorg*dualfeasorg < 1.00e-14  breakyes = 1.0,  maxresidual < 1.00e-04  breakyes=1.4,  maxresidual < 1.00e-06  breakyes = 1.0,  maxresidual < 1.00e-04  breakyes=2.0,  primfeasorg*dualfeasorg < 1.00e-14  breakyes = 1.0,  maxresidual < 1.00e-04  breakyes=1.3,  maxresidual < 1.00e-06  breakyes = 1.0,  maxresidual < 1.00e-04  breakyes=1.3,  maxresidual < 1.00e-06  breakyes = 1.0,  maxresidual < 1.00e-04  breakyes=1.3,  maxresidual < 1.00e-06  breakyes = 1.0,  maxresidual < 1.00e-04  breakyes=1.3,  maxresidual < 1.00e-06
cluster_acc =

    0.5650

mean acc so far: 0.553417
Elapsed time is 206.121073 seconds.
iteration: (61)th 


init_method =

    'spec'


sdp_method =

    'basic'

  breakyes=3.2,  dualfeasorg deteriorated too much: primfeasorg=1.37e-06,dualfeasorg=4.06e-05  breakyes=1.3,  maxresidual < 1.00e-06  breakyes=1.3,  maxresidual < 1.00e-06  breakyes = 1.0,  maxresidual < 1.00e-04  breakyes=1.4,  maxresidual < 1.00e-06  breakyes = 1.0,  maxresidual < 1.00e-04  breakyes=1.3,  maxresidual < 1.00e-06  breakyes = 1.0,  maxresidual < 1.00e-04  breakyes=1.4,  maxresidual < 1.00e-06  breakyes = 1.0,  maxresidual < 1.00e-04  breakyes=1.3,  maxresidual < 1.00e-06  breakyes = 1.0,  maxresidual < 1.00e-04  breakyes=1.4,  maxresidual < 1.00e-06  breakyes = 1.0,  maxresidual < 1.00e-04  breakyes=3.2,  dualfeasorg deteriorated too much: primfeasorg=1.16e-06,dualfeasorg=3.19e-05  breakyes = 1.0,  maxresidual < 1.00e-04  breakyes=1.0,  maxresidual < 1.00e-06
cluster_acc =

    0.5750

mean acc so far: 0.553770
Elapsed time is 156.630641 seconds.
iteration: (62)th 


init_method =

    'spec'


sdp_method =

    'basic'

  breakyes=1.4,  maxresidual < 1.00e-06  breakyes=3.2,  dualfeasorg deteriorated too much: primfeasorg=1.52e-06,dualfeasorg=5.70e-05  breakyes = 1.0,  maxresidual < 1.00e-04  breakyes=3.2,  dualfeasorg deteriorated too much: primfeasorg=8.59e-07,dualfeasorg=1.83e-05  breakyes=1.3,  maxresidual < 1.00e-06  breakyes = 1.0,  maxresidual < 1.00e-04  breakyes=1.3,  maxresidual < 1.00e-06  breakyes = 1.0,  maxresidual < 1.00e-04  breakyes=1.4,  maxresidual < 1.00e-06  breakyes = 1.0,  maxresidual < 1.00e-04  breakyes=1.3,  maxresidual < 1.00e-06  breakyes = 1.0,  maxresidual < 1.00e-04  breakyes=1.3,  maxresidual < 1.00e-06  breakyes = 1.0,  maxresidual < 1.00e-04  breakyes=1.3,  maxresidual < 1.00e-06  breakyes = 1.0,  maxresidual < 1.00e-04  breakyes=1.3,  maxresidual < 1.00e-06
cluster_acc =

    0.5700

mean acc so far: 0.554032
Elapsed time is 150.719157 seconds.
iteration: (63)th 


init_method =

    'spec'


sdp_method =

    'basic'

  breakyes=3.2,  dualfeasorg deteriorated too much: primfeasorg=1.29e-06,dualfeasorg=4.41e-05  breakyes=3.2,  dualfeasorg deteriorated too much: primfeasorg=1.13e-06,dualfeasorg=3.66e-05  breakyes=3.2,  dualfeasorg deteriorated too much: primfeasorg=9.79e-07,dualfeasorg=3.86e-05  breakyes=1.3,  maxresidual < 1.00e-06  breakyes=3.2,  dualfeasorg deteriorated too much: primfeasorg=1.11e-06,dualfeasorg=7.48e-05  breakyes=3.2,  dualfeasorg deteriorated too much: primfeasorg=1.40e-06,dualfeasorg=3.37e-05  breakyes=1.4,  maxresidual < 1.00e-06  breakyes=1.4,  maxresidual < 1.00e-06  breakyes=1.4,  maxresidual < 1.00e-06  breakyes=1.4,  maxresidual < 1.00e-06
cluster_acc =

    0.5050

mean acc so far: 0.553254
Elapsed time is 172.064961 seconds.
iteration: (64)th 


init_method =

    'spec'


sdp_method =

    'basic'

  breakyes=3.2,  dualfeasorg deteriorated too much: primfeasorg=1.12e-06,dualfeasorg=3.90e-05  breakyes=3.2,  dualfeasorg deteriorated too much: primfeasorg=2.13e-06,dualfeasorg=1.39e-04  breakyes=1.4,  maxresidual < 1.00e-06  breakyes=4.1,  primfeasorg stagnate, 9.83e-05  breakyes = 1.0,  maxresidual < 1.00e-04  breakyes=1.0,  maxresidual < 1.00e-06  breakyes = 1.0,  maxresidual < 1.00e-04  breakyes=3.2,  dualfeasorg deteriorated too much: primfeasorg=1.42e-06,dualfeasorg=5.20e-05  breakyes = 1.0,  maxresidual < 1.00e-04  breakyes=1.4,  maxresidual < 1.00e-06  breakyes = 1.0,  maxresidual < 1.00e-04  breakyes=1.4,  maxresidual < 1.00e-06  breakyes = 1.0,  maxresidual < 1.00e-04  breakyes=1.4,  maxresidual < 1.00e-06  breakyes = 1.0,  maxresidual < 1.00e-04  breakyes=1.4,  maxresidual < 1.00e-06
cluster_acc =

    0.5000

mean acc so far: 0.552422
Elapsed time is 152.670064 seconds.
iteration: (65)th 


init_method =

    'spec'


sdp_method =

    'basic'

  breakyes=1.4,  maxresidual < 1.00e-06  breakyes=3.2,  dualfeasorg deteriorated too much: primfeasorg=7.69e-07,dualfeasorg=4.29e-05  breakyes=3.2,  dualfeasorg deteriorated too much: primfeasorg=7.79e-07,dualfeasorg=4.44e-05  breakyes=4.1,  primfeasorg stagnate, 0.00e+00  breakyes = 1.0,  maxresidual < 1.00e-04  breakyes=1.3,  maxresidual < 1.00e-06  breakyes=3.2,  dualfeasorg deteriorated too much: primfeasorg=8.21e-07,dualfeasorg=9.32e-05  breakyes = 1.0,  maxresidual < 1.00e-04  breakyes=1.4,  maxresidual < 1.00e-06  breakyes=2.0,  primfeasorg*dualfeasorg < 1.00e-14  breakyes=3.2,  dualfeasorg deteriorated too much: primfeasorg=1.24e-06,dualfeasorg=4.09e-05  breakyes=3.2,  dualfeasorg deteriorated too much: primfeasorg=1.38e-06,dualfeasorg=4.30e-05
cluster_acc =

    0.5900

mean acc so far: 0.553000
Elapsed time is 210.026250 seconds.
iteration: (66)th 


init_method =

    'spec'


sdp_method =

    'basic'

  breakyes=2.0,  primfeasorg*dualfeasorg < 1.00e-14  breakyes=3.2,  dualfeasorg deteriorated too much: primfeasorg=1.73e-06,dualfeasorg=2.09e-05  breakyes=3.2,  dualfeasorg deteriorated too much: primfeasorg=2.26e-06,dualfeasorg=3.25e-05  breakyes=4.2,  dualfeasorg stagnate, 8.33e-05  breakyes = 1.0,  maxresidual < 1.00e-04  breakyes=1.3,  maxresidual < 1.00e-06  breakyes = 1.0,  maxresidual < 1.00e-04  breakyes=1.3,  maxresidual < 1.00e-06  breakyes = 1.0,  maxresidual < 1.00e-04  breakyes=1.3,  maxresidual < 1.00e-06  breakyes = 1.0,  maxresidual < 1.00e-04  breakyes=1.3,  maxresidual < 1.00e-06  breakyes = 1.0,  maxresidual < 1.00e-04  breakyes=1.3,  maxresidual < 1.00e-06  breakyes = 1.0,  maxresidual < 1.00e-04  breakyes=1.3,  maxresidual < 1.00e-06
cluster_acc =

    0.5150

mean acc so far: 0.552424
Elapsed time is 235.311401 seconds.
iteration: (67)th 


init_method =

    'spec'


sdp_method =

    'basic'

  breakyes=3.2,  dualfeasorg deteriorated too much: primfeasorg=1.27e-06,dualfeasorg=4.07e-05  breakyes=1.4,  maxresidual < 1.00e-06  breakyes = 1.0,  maxresidual < 1.00e-04  breakyes=1.4,  maxresidual < 1.00e-06  breakyes = 1.0,  maxresidual < 1.00e-04  breakyes=1.4,  maxresidual < 1.00e-06  breakyes = 1.0,  maxresidual < 1.00e-04  breakyes=1.3,  maxresidual < 1.00e-06  breakyes=1.4,  maxresidual < 1.00e-06  breakyes=1.4,  maxresidual < 1.00e-06  breakyes=1.4,  maxresidual < 1.00e-06  breakyes=1.4,  maxresidual < 1.00e-06  breakyes=1.4,  maxresidual < 1.00e-06
cluster_acc =

    0.5300

mean acc so far: 0.552090
Elapsed time is 194.541060 seconds.
iteration: (68)th 


init_method =

    'spec'


sdp_method =

    'basic'

  breakyes=3.2,  dualfeasorg deteriorated too much: primfeasorg=1.06e-06,dualfeasorg=4.21e-05  breakyes=3.2,  dualfeasorg deteriorated too much: primfeasorg=9.20e-07,dualfeasorg=5.03e-05  breakyes=3.2,  dualfeasorg deteriorated too much: primfeasorg=6.59e-07,dualfeasorg=4.48e-05  breakyes=1.4,  maxresidual < 1.00e-06  breakyes=1.4,  maxresidual < 1.00e-06  breakyes=2.0,  primfeasorg*dualfeasorg < 1.00e-14  breakyes=2.0,  primfeasorg*dualfeasorg < 1.00e-14  breakyes=2.0,  primfeasorg*dualfeasorg < 1.00e-14  breakyes=2.0,  primfeasorg*dualfeasorg < 1.00e-14  breakyes=2.0,  primfeasorg*dualfeasorg < 1.00e-14
cluster_acc =

    0.5650

mean acc so far: 0.552279
Elapsed time is 264.134483 seconds.
iteration: (69)th 


init_method =

    'spec'


sdp_method =

    'basic'

  breakyes=3.2,  dualfeasorg deteriorated too much: primfeasorg=1.10e-06,dualfeasorg=3.13e-05  breakyes=3.2,  dualfeasorg deteriorated too much: primfeasorg=1.78e-06,dualfeasorg=7.68e-05  breakyes=3.2,  dualfeasorg deteriorated too much: primfeasorg=1.07e-06,dualfeasorg=5.54e-05  breakyes=3.2,  dualfeasorg deteriorated too much: primfeasorg=9.19e-07,dualfeasorg=4.71e-05  breakyes=1.3,  maxresidual < 1.00e-06  breakyes=3.2,  dualfeasorg deteriorated too much: primfeasorg=1.34e-06,dualfeasorg=5.67e-05  breakyes=4.1,  primfeasorg stagnate, 8.82e-05  breakyes=3.2,  dualfeasorg deteriorated too much: primfeasorg=9.13e-07,dualfeasorg=4.04e-05  breakyes = 1.0,  maxresidual < 1.00e-04  breakyes=1.4,  maxresidual < 1.00e-06
  breakyes=1.4,  maxresidual < 1.00e-06
cluster_acc =

    0.5200

mean acc so far: 0.551812
Elapsed time is 215.681221 seconds.
iteration: (70)th 


init_method =

    'spec'


sdp_method =

    'basic'

  breakyes=2.0,  primfeasorg*dualfeasorg < 1.00e-14  breakyes=3.2,  dualfeasorg deteriorated too much: primfeasorg=7.60e-07,dualfeasorg=4.68e-05  breakyes = 1.0,  maxresidual < 1.00e-04  breakyes=1.4,  maxresidual < 1.00e-06  breakyes = 1.0,  maxresidual < 1.00e-04  breakyes=1.4,  maxresidual < 1.00e-06  breakyes = 1.0,  maxresidual < 1.00e-04  breakyes=1.3,  maxresidual < 1.00e-06  breakyes = 1.0,  maxresidual < 1.00e-04  breakyes=1.0,  maxresidual < 1.00e-06  breakyes = 1.0,  maxresidual < 1.00e-04  breakyes=1.3,  maxresidual < 1.00e-06  breakyes = 1.0,  maxresidual < 1.00e-04  breakyes=1.4,  maxresidual < 1.00e-06  breakyes = 1.0,  maxresidual < 1.00e-04  breakyes=1.3,  maxresidual < 1.00e-06  breakyes = 1.0,  maxresidual < 1.00e-04  breakyes=1.4,  maxresidual < 1.00e-06
cluster_acc =

    0.7000

mean acc so far: 0.553929
Elapsed time is 145.852145 seconds.
iteration: (71)th 


init_method =

    'spec'


sdp_method =

    'basic'

  breakyes=1.4,  maxresidual < 1.00e-06  breakyes=3.2,  dualfeasorg deteriorated too much: primfeasorg=7.03e-07,dualfeasorg=4.42e-05  breakyes = 1.0,  maxresidual < 1.00e-04  breakyes=4.1,  primfeasorg stagnate, 0.00e+00  breakyes=2.0,  primfeasorg*dualfeasorg < 1.00e-14  breakyes=3.2,  dualfeasorg deteriorated too much: primfeasorg=1.01e-06,dualfeasorg=4.04e-05  breakyes=3.2,  dualfeasorg deteriorated too much: primfeasorg=8.49e-07,dualfeasorg=3.11e-05  breakyes=4.1,  primfeasorg stagnate, 0.00e+00  breakyes=1.4,  maxresidual < 1.00e-06  breakyes=1.4,  maxresidual < 1.00e-06  breakyes = 1.0,  maxresidual < 1.00e-04  breakyes=3.2,  dualfeasorg deteriorated too much: primfeasorg=1.63e-06,dualfeasorg=1.08e-04
cluster_acc =

    0.5850

mean acc so far: 0.554366
Elapsed time is 211.515531 seconds.
iteration: (72)th 


init_method =

    'spec'


sdp_method =

    'basic'

  breakyes=1.4,  maxresidual < 1.00e-06  breakyes=3.2,  dualfeasorg deteriorated too much: primfeasorg=1.13e-06,dualfeasorg=4.86e-05  breakyes=2.0,  primfeasorg*dualfeasorg < 1.00e-14  breakyes = 1.0,  maxresidual < 1.00e-04  breakyes=1.4,  maxresidual < 1.00e-06  breakyes=1.3,  maxresidual < 1.00e-06  breakyes=1.3,  maxresidual < 1.00e-06  breakyes=1.3,  maxresidual < 1.00e-06  breakyes=1.3,  maxresidual < 1.00e-06  breakyes=1.3,  maxresidual < 1.00e-06  breakyes=1.3,  maxresidual < 1.00e-06
cluster_acc =

    0.6000

mean acc so far: 0.555000
Elapsed time is 147.691759 seconds.
iteration: (73)th 


init_method =

    'spec'


sdp_method =

    'basic'

  breakyes=3.2,  dualfeasorg deteriorated too much: primfeasorg=6.25e-07,dualfeasorg=3.33e-05  breakyes=4.1,  primfeasorg stagnate, 0.00e+00  breakyes=3.2,  dualfeasorg deteriorated too much: primfeasorg=7.60e-07,dualfeasorg=5.35e-05  breakyes = 1.0,  maxresidual < 1.00e-04  breakyes=1.3,  maxresidual < 1.00e-06  breakyes = 1.0,  maxresidual < 1.00e-04  breakyes=1.4,  maxresidual < 1.00e-06  breakyes = 1.0,  maxresidual < 1.00e-04  breakyes=1.3,  maxresidual < 1.00e-06  breakyes=1.3,  maxresidual < 1.00e-06  breakyes=1.3,  maxresidual < 1.00e-06  breakyes=1.3,  maxresidual < 1.00e-06  breakyes=1.3,  maxresidual < 1.00e-06
cluster_acc =

    0.6100

mean acc so far: 0.555753
Elapsed time is 205.363530 seconds.
iteration: (74)th 


init_method =

    'spec'


sdp_method =

    'basic'

  breakyes=1.4,  maxresidual < 1.00e-06  breakyes=1.4,  maxresidual < 1.00e-06  breakyes=3.2,  dualfeasorg deteriorated too much: primfeasorg=1.46e-06,dualfeasorg=4.02e-05  breakyes=3.2,  dualfeasorg deteriorated too much: primfeasorg=9.42e-07,dualfeasorg=3.93e-05  breakyes=1.3,  maxresidual < 1.00e-06  breakyes = 1.0,  maxresidual < 1.00e-04  breakyes=1.0,  maxresidual < 1.00e-06  breakyes = 1.0,  maxresidual < 1.00e-04  breakyes=1.3,  maxresidual < 1.00e-06  breakyes = 1.0,  maxresidual < 1.00e-04  breakyes=1.4,  maxresidual < 1.00e-06  breakyes = 1.0,  maxresidual < 1.00e-04  breakyes=1.0,  maxresidual < 1.00e-06  breakyes = 1.0,  maxresidual < 1.00e-04  breakyes=1.0,  maxresidual < 1.00e-06
cluster_acc =

    0.5350

mean acc so far: 0.555473
Elapsed time is 154.572034 seconds.
iteration: (75)th 


init_method =

    'spec'


sdp_method =

    'basic'

  breakyes=3.2,  dualfeasorg deteriorated too much: primfeasorg=1.06e-06,dualfeasorg=4.14e-05  breakyes=3.2,  dualfeasorg deteriorated too much: primfeasorg=7.29e-07,dualfeasorg=4.82e-05  breakyes = 1.0,  maxresidual < 1.00e-04  breakyes=1.3,  maxresidual < 1.00e-06  breakyes=4.1,  primfeasorg stagnate, 9.58e-05  breakyes=4.1,  primfeasorg stagnate, 9.58e-05  breakyes=4.1,  primfeasorg stagnate, 9.58e-05  breakyes = 1.0,  maxresidual < 1.00e-04  breakyes=3.2,  dualfeasorg deteriorated too much: primfeasorg=1.07e-06,dualfeasorg=3.40e-05  breakyes = 1.0,  maxresidual < 1.00e-04  breakyes=2.0,  primfeasorg*dualfeasorg < 1.00e-14  breakyes = 1.0,  maxresidual < 1.00e-04  breakyes=3.2,  dualfeasorg deteriorated too much: primfeasorg=1.37e-06,dualfeasorg=4.59e-05  breakyes=3.2,  dualfeasorg deteriorated too much: primfeasorg=9.88e-07,dualfeasorg=2.66e-05
cluster_acc =

    0.5750

mean acc so far: 0.555733
Elapsed time is 188.907360 seconds.
iteration: (76)th 


init_method =

    'spec'


sdp_method =

    'basic'

  breakyes=1.3,  maxresidual < 1.00e-06  breakyes=3.2,  dualfeasorg deteriorated too much: primfeasorg=2.13e-06,dualfeasorg=1.05e-04  breakyes=3.2,  dualfeasorg deteriorated too much: primfeasorg=1.10e-06,dualfeasorg=4.67e-05  breakyes=1.3,  maxresidual < 1.00e-06  breakyes = 1.0,  maxresidual < 1.00e-04  breakyes=1.3,  maxresidual < 1.00e-06  breakyes = 1.0,  maxresidual < 1.00e-04  breakyes=1.3,  maxresidual < 1.00e-06  breakyes = 1.0,  maxresidual < 1.00e-04  breakyes=3.2,  dualfeasorg deteriorated too much: primfeasorg=1.44e-06,dualfeasorg=3.77e-05  breakyes = 1.0,  maxresidual < 1.00e-04  breakyes=3.2,  dualfeasorg deteriorated too much: primfeasorg=1.44e-06,dualfeasorg=3.77e-05  breakyes = 1.0,  maxresidual < 1.00e-04  breakyes=3.2,  dualfeasorg deteriorated too much: primfeasorg=1.44e-06,dualfeasorg=3.77e-05  breakyes = 1.0,  maxresidual < 1.00e-04  breakyes=3.2,  dualfeasorg deteriorated too much: primfeasorg=1.44e-06,dualfeasorg=3.77e-05
cluster_acc =

    0.5000

mean acc so far: 0.555000
Elapsed time is 152.038242 seconds.
iteration: (77)th 


init_method =

    'spec'


sdp_method =

    'basic'

  breakyes = 1.0,  maxresidual < 1.00e-04  breakyes=3.2,  dualfeasorg deteriorated too much: primfeasorg=1.49e-06,dualfeasorg=3.66e-05  breakyes=3.2,  dualfeasorg deteriorated too much: primfeasorg=2.04e-06,dualfeasorg=5.73e-05  breakyes=4.1,  primfeasorg stagnate, 0.00e+00  breakyes=3.2,  dualfeasorg deteriorated too much: primfeasorg=7.98e-07,dualfeasorg=3.58e-05  breakyes=3.2,  dualfeasorg deteriorated too much: primfeasorg=7.51e-07,dualfeasorg=5.16e-05  breakyes=3.2,  dualfeasorg deteriorated too much: primfeasorg=2.03e-06,dualfeasorg=1.81e-04  breakyes=1.3,  maxresidual < 1.00e-06  breakyes=3.2,  dualfeasorg deteriorated too much: primfeasorg=1.12e-06,dualfeasorg=3.54e-05  breakyes=3.2,  dualfeasorg deteriorated too much: primfeasorg=7.50e-07,dualfeasorg=4.83e-05  breakyes=3.2,  dualfeasorg deteriorated too much: primfeasorg=2.24e-06,dualfeasorg=6.57e-05
cluster_acc =

    0.6000

mean acc so far: 0.555584
Elapsed time is 190.148511 seconds.
iteration: (78)th 


init_method =

    'spec'


sdp_method =

    'basic'

  breakyes=3.2,  dualfeasorg deteriorated too much: primfeasorg=1.17e-06,dualfeasorg=4.01e-05  breakyes=3.2,  dualfeasorg deteriorated too much: primfeasorg=1.18e-06,dualfeasorg=5.47e-05  breakyes=3.2,  dualfeasorg deteriorated too much: primfeasorg=9.86e-07,dualfeasorg=5.34e-05  breakyes = 1.0,  maxresidual < 1.00e-04  breakyes=3.2,  dualfeasorg deteriorated too much: primfeasorg=9.78e-07,dualfeasorg=2.27e-05  breakyes = 1.0,  maxresidual < 1.00e-04  breakyes=3.2,  dualfeasorg deteriorated too much: primfeasorg=9.98e-07,dualfeasorg=7.09e-05  breakyes = 1.0,  maxresidual < 1.00e-04  breakyes=1.4,  maxresidual < 1.00e-06  breakyes = 1.0,  maxresidual < 1.00e-04  breakyes=1.4,  maxresidual < 1.00e-06  breakyes = 1.0,  maxresidual < 1.00e-04  breakyes=1.0,  maxresidual < 1.00e-06  breakyes = 1.0,  maxresidual < 1.00e-04  breakyes=1.3,  maxresidual < 1.00e-06  breakyes=1.4,  maxresidual < 1.00e-06
cluster_acc =

    0.5100

mean acc so far: 0.555000
Elapsed time is 199.134225 seconds.
iteration: (79)th 


init_method =

    'spec'


sdp_method =

    'basic'

  breakyes=3.2,  dualfeasorg deteriorated too much: primfeasorg=1.03e-06,dualfeasorg=3.96e-05  breakyes=1.3,  maxresidual < 1.00e-06  breakyes=1.4,  maxresidual < 1.00e-06  breakyes=1.4,  maxresidual < 1.00e-06  breakyes=1.4,  maxresidual < 1.00e-06  breakyes=1.4,  maxresidual < 1.00e-06  breakyes=1.4,  maxresidual < 1.00e-06  breakyes=1.4,  maxresidual < 1.00e-06  breakyes=1.4,  maxresidual < 1.00e-06  breakyes=1.4,  maxresidual < 1.00e-06
cluster_acc =

    0.5800

mean acc so far: 0.555316
Elapsed time is 249.441575 seconds.
iteration: (80)th 


init_method =

    'spec'


sdp_method =

    'basic'

  breakyes=1.4,  maxresidual < 1.00e-06  breakyes=3.2,  dualfeasorg deteriorated too much: primfeasorg=9.85e-07,dualfeasorg=5.30e-05  breakyes = 1.0,  maxresidual < 1.00e-04  breakyes=1.4,  maxresidual < 1.00e-06  breakyes=3.2,  dualfeasorg deteriorated too much: primfeasorg=9.00e-07,dualfeasorg=4.03e-05  breakyes=1.3,  maxresidual < 1.00e-06

  breakyes=1.4,  maxresidual < 1.00e-06  breakyes=3.2,  dualfeasorg deteriorated too much: primfeasorg=7.67e-07,dualfeasorg=4.76e-05  breakyes=3.2,  dualfeasorg deteriorated too much: primfeasorg=7.67e-07,dualfeasorg=4.76e-05  breakyes=3.2,  dualfeasorg deteriorated too much: primfeasorg=7.67e-07,dualfeasorg=4.76e-05  breakyes=3.2,  dualfeasorg deteriorated too much: primfeasorg=7.67e-07,dualfeasorg=4.76e-05
cluster_acc =

    0.6050

mean acc so far: 0.555937
Elapsed time is 211.087852 seconds.
iteration: (81)th 


init_method =

    'spec'


sdp_method =

    'basic'

  breakyes=1.4,  maxresidual < 1.00e-06  breakyes=1.4,  maxresidual < 1.00e-06  breakyes=3.2,  dualfeasorg deteriorated too much: primfeasorg=5.83e-07,dualfeasorg=3.26e-05  breakyes=1.3,  maxresidual < 1.00e-06  breakyes=4.1,  primfeasorg stagnate, 9.93e-05  breakyes = 1.0,  maxresidual < 1.00e-04  breakyes=4.1,  primfeasorg stagnate, 0.00e+00  breakyes = 1.0,  maxresidual < 1.00e-04  breakyes=3.2,  dualfeasorg deteriorated too much: primfeasorg=6.91e-07,dualfeasorg=3.57e-05  breakyes=3.2,  dualfeasorg deteriorated too much: primfeasorg=3.28e-06,dualfeasorg=8.70e-05  breakyes = 1.0,  maxresidual < 1.00e-04  breakyes=3.2,  dualfeasorg deteriorated too much: primfeasorg=9.66e-07,dualfeasorg=3.73e-05  breakyes=3.2,  dualfeasorg deteriorated too much: primfeasorg=7.69e-07,dualfeasorg=3.30e-05
cluster_acc =

    0.5200

mean acc so far: 0.555494
Elapsed time is 220.103863 seconds.
iteration: (82)th 


init_method =

    'spec'


sdp_method =

    'basic'

  breakyes=1.4,  maxresidual < 1.00e-06  breakyes=2.0,  primfeasorg*dualfeasorg < 1.00e-14  breakyes=3.2,  dualfeasorg deteriorated too much: primfeasorg=9.21e-07,dualfeasorg=6.65e-05  breakyes=3.2,  dualfeasorg deteriorated too much: primfeasorg=6.32e-07,dualfeasorg=3.45e-05  breakyes=3.2,  dualfeasorg deteriorated too much: primfeasorg=6.32e-07,dualfeasorg=3.45e-05  breakyes=3.2,  dualfeasorg deteriorated too much: primfeasorg=6.32e-07,dualfeasorg=3.45e-05  breakyes=3.2,  dualfeasorg deteriorated too much: primfeasorg=6.32e-07,dualfeasorg=3.45e-05  breakyes=3.2,  dualfeasorg deteriorated too much: primfeasorg=6.32e-07,dualfeasorg=3.45e-05  breakyes=3.2,  dualfeasorg deteriorated too much: primfeasorg=6.32e-07,dualfeasorg=3.45e-05  breakyes=3.2,  dualfeasorg deteriorated too much: primfeasorg=6.32e-07,dualfeasorg=3.45e-05
cluster_acc =

    0.5050

mean acc so far: 0.554878
Elapsed time is 228.162058 seconds.
iteration: (83)th 


init_method =

    'spec'


sdp_method =

    'basic'

  breakyes=1.4,  maxresidual < 1.00e-06  breakyes=3.2,  dualfeasorg deteriorated too much: primfeasorg=1.13e-06,dualfeasorg=4.65e-05  breakyes=1.3,  maxresidual < 1.00e-06  breakyes=3.2,  dualfeasorg deteriorated too much: primfeasorg=5.72e-06,dualfeasorg=8.88e-05  breakyes=3.2,  dualfeasorg deteriorated too much: primfeasorg=8.55e-07,dualfeasorg=2.00e-05  breakyes=3.2,  dualfeasorg deteriorated too much: primfeasorg=1.50e-06,dualfeasorg=4.33e-05  breakyes = 1.0,  maxresidual < 1.00e-04  breakyes=3.2,  dualfeasorg deteriorated too much: primfeasorg=1.58e-06,dualfeasorg=6.21e-05  breakyes=3.2,  dualfeasorg deteriorated too much: primfeasorg=7.00e-07,dualfeasorg=3.84e-05  breakyes=1.3,  maxresidual < 1.00e-06  breakyes=3.2,  dualfeasorg deteriorated too much: primfeasorg=6.47e-07,dualfeasorg=3.48e-05
cluster_acc =

    0.5250

mean acc so far: 0.554518
Elapsed time is 237.766826 seconds.
iteration: (84)th 


init_method =

    'spec'


sdp_method =

    'basic'

  breakyes=1.3,  maxresidual < 1.00e-06  breakyes=1.3,  maxresidual < 1.00e-06  breakyes=3.2,  dualfeasorg deteriorated too much: primfeasorg=8.24e-07,dualfeasorg=5.40e-05  breakyes=1.4,  maxresidual < 1.00e-06  breakyes = 1.0,  maxresidual < 1.00e-04  breakyes=1.4,  maxresidual < 1.00e-06  breakyes = 1.0,  maxresidual < 1.00e-04  breakyes=1.0,  maxresidual < 1.00e-06  breakyes = 1.0,  maxresidual < 1.00e-04  breakyes=1.0,  maxresidual < 1.00e-06  breakyes=4.1,  primfeasorg stagnate, 0.00e+00  breakyes = 1.0,  maxresidual < 1.00e-04  breakyes=2.0,  primfeasorg*dualfeasorg < 1.00e-14  breakyes = 1.0,  maxresidual < 1.00e-04  breakyes=3.2,  dualfeasorg deteriorated too much: primfeasorg=1.23e-06,dualfeasorg=4.02e-05
cluster_acc =

    0.5150

mean acc so far: 0.554048
Elapsed time is 159.003577 seconds.
iteration: (85)th 


init_method =

    'spec'


sdp_method =

    'basic'

  breakyes=1.4,  maxresidual < 1.00e-06  breakyes=2.0,  primfeasorg*dualfeasorg < 1.00e-14  breakyes=3.2,  dualfeasorg deteriorated too much: primfeasorg=7.63e-07,dualfeasorg=3.53e-05  breakyes=3.2,  dualfeasorg deteriorated too much: primfeasorg=3.21e-06,dualfeasorg=7.39e-05  breakyes=1.4,  maxresidual < 1.00e-06  breakyes=1.3,  maxresidual < 1.00e-06  breakyes = 1.0,  maxresidual < 1.00e-04  breakyes=1.4,  maxresidual < 1.00e-06  breakyes = 1.0,  maxresidual < 1.00e-04  breakyes=2.0,  primfeasorg*dualfeasorg < 1.00e-14  breakyes = 1.0,  maxresidual < 1.00e-04  breakyes=1.4,  maxresidual < 1.00e-06  breakyes = 1.0,  maxresidual < 1.00e-04  breakyes=1.4,  maxresidual < 1.00e-06
cluster_acc =

    0.5750

mean acc so far: 0.554294
Elapsed time is 228.078365 seconds.
iteration: (86)th 


init_method =

    'spec'


sdp_method =

    'basic'

  breakyes=1.4,  maxresidual < 1.00e-06  breakyes=3.2,  dualfeasorg deteriorated too much: primfeasorg=9.04e-07,dualfeasorg=4.59e-05  breakyes=3.2,  dualfeasorg deteriorated too much: primfeasorg=1.17e-06,dualfeasorg=6.34e-05  breakyes=3.2,  dualfeasorg deteriorated too much: primfeasorg=7.08e-07,dualfeasorg=3.85e-05  breakyes=1.4,  maxresidual < 1.00e-06  breakyes = 1.0,  maxresidual < 1.00e-04  breakyes=1.0,  maxresidual < 1.00e-06  breakyes = 1.0,  maxresidual < 1.00e-04  breakyes=1.4,  maxresidual < 1.00e-06  breakyes = 1.0,  maxresidual < 1.00e-04  breakyes=1.0,  maxresidual < 1.00e-06  breakyes=1.0,  maxresidual < 1.00e-06  breakyes=1.0,  maxresidual < 1.00e-06
cluster_acc =

    0.5700

mean acc so far: 0.554477
Elapsed time is 146.665134 seconds.
iteration: (87)th 


init_method =

    'spec'


sdp_method =

    'basic'

  breakyes=1.4,  maxresidual < 1.00e-06  breakyes=3.2,  dualfeasorg deteriorated too much: primfeasorg=3.63e-06,dualfeasorg=3.95e-05  breakyes=3.2,  dualfeasorg deteriorated too much: primfeasorg=1.98e-06,dualfeasorg=4.73e-05  breakyes=3.2,  dualfeasorg deteriorated too much: primfeasorg=1.21e-06,dualfeasorg=5.27e-05  breakyes = 1.0,  maxresidual < 1.00e-04  breakyes=3.2,  dualfeasorg deteriorated too much: primfeasorg=1.60e-06,dualfeasorg=4.36e-05  breakyes = 1.0,  maxresidual < 1.00e-04  breakyes=1.4,  maxresidual < 1.00e-06  breakyes=1.3,  maxresidual < 1.00e-06  breakyes = 1.0,  maxresidual < 1.00e-04  breakyes=1.4,  maxresidual < 1.00e-06  breakyes = 1.0,  maxresidual < 1.00e-04  breakyes=1.4,  maxresidual < 1.00e-06  breakyes = 1.0,  maxresidual < 1.00e-04  breakyes=1.4,  maxresidual < 1.00e-06
cluster_acc =

    0.5950

mean acc so far: 0.554943
Elapsed time is 151.776064 seconds.
iteration: (88)th 


init_method =

    'spec'


sdp_method =

    'basic'

  breakyes=3.2,  dualfeasorg deteriorated too much: primfeasorg=9.70e-07,dualfeasorg=3.71e-05  breakyes=1.4,  maxresidual < 1.00e-06  breakyes=3.2,  dualfeasorg deteriorated too much: primfeasorg=1.84e-06,dualfeasorg=2.91e-05  breakyes = 1.0,  maxresidual < 1.00e-04  breakyes=3.2,  dualfeasorg deteriorated too much: primfeasorg=1.74e-06,dualfeasorg=2.43e-05  breakyes = 1.0,  maxresidual < 1.00e-04  breakyes=1.4,  maxresidual < 1.00e-06  breakyes = 1.0,  maxresidual < 1.00e-04
  breakyes=1.4,  maxresidual < 1.00e-06  breakyes = 1.0,  maxresidual < 1.00e-04  breakyes=1.4,  maxresidual < 1.00e-06  breakyes = 1.0,  maxresidual < 1.00e-04  breakyes=2.0,  primfeasorg*dualfeasorg < 1.00e-14  breakyes=4.1,  primfeasorg stagnate, 0.00e+00  breakyes=4.1,  primfeasorg stagnate, 0.00e+00
cluster_acc =

    0.5300

mean acc so far: 0.554659
Elapsed time is 302.161857 seconds.
iteration: (89)th 


init_method =

    'spec'


sdp_method =

    'basic'

  breakyes=2.0,  primfeasorg*dualfeasorg < 1.00e-14  breakyes=3.2,  dualfeasorg deteriorated too much: primfeasorg=9.96e-07,dualfeasorg=1.87e-05  breakyes = 1.0,  maxresidual < 1.00e-04  breakyes=3.2,  dualfeasorg deteriorated too much: primfeasorg=9.12e-07,dualfeasorg=2.31e-05  breakyes=1.3,  maxresidual < 1.00e-06  breakyes=1.4,  maxresidual < 1.00e-06  breakyes=1.3,  maxresidual < 1.00e-06  breakyes=1.4,  maxresidual < 1.00e-06  breakyes=1.3,  maxresidual < 1.00e-06  breakyes = 1.0,  maxresidual < 1.00e-04  breakyes=3.2,  dualfeasorg deteriorated too much: primfeasorg=1.01e-06,dualfeasorg=3.04e-05  breakyes = 1.0,  maxresidual < 1.00e-04  breakyes=3.2,  dualfeasorg deteriorated too much: primfeasorg=5.63e-07,dualfeasorg=3.66e-05
cluster_acc =

    0.5250

mean acc so far: 0.554326
Elapsed time is 227.858561 seconds.
iteration: (90)th 


init_method =

    'spec'


sdp_method =

    'basic'

  breakyes=1.4,  maxresidual < 1.00e-06  breakyes=4.1,  primfeasorg stagnate, 0.00e+00
  breakyes=3.2,  dualfeasorg deteriorated too much: primfeasorg=8.03e-07,dualfeasorg=2.08e-05  breakyes = 1.0,  maxresidual < 1.00e-04  breakyes=1.3,  maxresidual < 1.00e-06  breakyes=1.4,  maxresidual < 1.00e-06  breakyes = 1.0,  maxresidual < 1.00e-04  breakyes=3.2,  dualfeasorg deteriorated too much: primfeasorg=2.04e-06,dualfeasorg=2.30e-05  breakyes = 1.0,  maxresidual < 1.00e-04  breakyes=1.3,  maxresidual < 1.00e-06  breakyes=1.0,  maxresidual < 1.00e-06  breakyes=1.0,  maxresidual < 1.00e-06  breakyes=1.4,  maxresidual < 1.00e-06
cluster_acc =

    0.5150

mean acc so far: 0.553889
Elapsed time is 200.123505 seconds.
iteration: (91)th 


init_method =

    'spec'


sdp_method =

    'basic'


  breakyes=3.2,  dualfeasorg deteriorated too much: primfeasorg=9.90e-07,dualfeasorg=3.18e-05  breakyes = 1.0,  maxresidual < 1.00e-04  breakyes=1.4,  maxresidual < 1.00e-06  breakyes=4.1,  primfeasorg stagnate, 0.00e+00  breakyes=3.2,  dualfeasorg deteriorated too much: primfeasorg=5.70e-07,dualfeasorg=3.92e-05  breakyes=1.4,  maxresidual < 1.00e-06  breakyes = 1.0,  maxresidual < 1.00e-04  breakyes=1.3,  maxresidual < 1.00e-06  breakyes = 1.0,  maxresidual < 1.00e-04  breakyes=1.3,  maxresidual < 1.00e-06  breakyes = 1.0,  maxresidual < 1.00e-04  breakyes=1.3,  maxresidual < 1.00e-06  breakyes = 1.0,  maxresidual < 1.00e-04  breakyes=1.3,  maxresidual < 1.00e-06  breakyes = 1.0,  maxresidual < 1.00e-04  breakyes=1.3,  maxresidual < 1.00e-06
cluster_acc =

    0.5100

mean acc so far: 0.553407
Elapsed time is 290.134212 seconds.
iteration: (92)th 


init_method =

    'spec'


sdp_method =

    'basic'

  breakyes=1.4,  maxresidual < 1.00e-06  breakyes=1.4,  maxresidual < 1.00e-06  breakyes=3.2,  dualfeasorg deteriorated too much: primfeasorg=9.79e-07,dualfeasorg=3.52e-05  breakyes=3.2,  dualfeasorg deteriorated too much: primfeasorg=8.49e-07,dualfeasorg=3.67e-05  breakyes = 1.0,  maxresidual < 1.00e-04  breakyes=1.4,  maxresidual < 1.00e-06  breakyes=1.3,  maxresidual < 1.00e-06  breakyes=1.4,  maxresidual < 1.00e-06  breakyes = 1.0,  maxresidual < 1.00e-04  breakyes=1.4,  maxresidual < 1.00e-06  breakyes = 1.0,  maxresidual < 1.00e-04  breakyes=1.4,  maxresidual < 1.00e-06  breakyes = 1.0,  maxresidual < 1.00e-04  breakyes=1.4,  maxresidual < 1.00e-06
cluster_acc =

    0.5400

mean acc so far: 0.553261
Elapsed time is 189.599652 seconds.
iteration: (93)th 


init_method =

    'spec'


sdp_method =

    'basic'

  breakyes=1.4,  maxresidual < 1.00e-06  breakyes=3.2,  dualfeasorg deteriorated too much: primfeasorg=5.48e-07,dualfeasorg=4.57e-05  breakyes = 1.0,  maxresidual < 1.00e-04  breakyes=1.3,  maxresidual < 1.00e-06  breakyes = 1.0,  maxresidual < 1.00e-04  breakyes=3.2,  dualfeasorg deteriorated too much: primfeasorg=1.23e-06,dualfeasorg=4.41e-05  breakyes = 1.0,  maxresidual < 1.00e-04  breakyes=1.4,  maxresidual < 1.00e-06  breakyes = 1.0,  maxresidual < 1.00e-04  breakyes=1.4,  maxresidual < 1.00e-06  breakyes = 1.0,  maxresidual < 1.00e-04  breakyes=1.4,  maxresidual < 1.00e-06  breakyes = 1.0,  maxresidual < 1.00e-04  breakyes=1.4,  maxresidual < 1.00e-06  breakyes = 1.0,  maxresidual < 1.00e-04  breakyes=1.4,  maxresidual < 1.00e-06  breakyes = 1.0,  maxresidual < 1.00e-04  breakyes=1.4,  maxresidual < 1.00e-06
cluster_acc =

    0.5600

mean acc so far: 0.553333
Elapsed time is 125.403632 seconds.
iteration: (94)th 


init_method =

    'spec'


sdp_method =

    'basic'

  breakyes=1.4,  maxresidual < 1.00e-06  breakyes=3.2,  dualfeasorg deteriorated too much: primfeasorg=1.01e-06,dualfeasorg=4.12e-05  breakyes=3.2,  dualfeasorg deteriorated too much: primfeasorg=6.46e-07,dualfeasorg=3.45e-05  breakyes=3.2,  dualfeasorg deteriorated too much: primfeasorg=1.13e-06,dualfeasorg=3.58e-05  breakyes=3.2,  dualfeasorg deteriorated too much: primfeasorg=5.70e-07,dualfeasorg=4.09e-05  breakyes=2.0,  primfeasorg*dualfeasorg < 1.00e-14  breakyes = 1.0,  maxresidual < 1.00e-04  breakyes=1.4,  maxresidual < 1.00e-06  breakyes = 1.0,  maxresidual < 1.00e-04  breakyes=1.4,  maxresidual < 1.00e-06  breakyes = 1.0,  maxresidual < 1.00e-04  breakyes=1.4,  maxresidual < 1.00e-06  breakyes = 1.0,  maxresidual < 1.00e-04  breakyes=1.4,  maxresidual < 1.00e-06
cluster_acc =

    0.5050

mean acc so far: 0.552819
Elapsed time is 250.834036 seconds.
iteration: (95)th 


init_method =

    'spec'


sdp_method =

    'basic'

  breakyes=1.4,  maxresidual < 1.00e-06  breakyes=3.2,  dualfeasorg deteriorated too much: primfeasorg=2.04e-06,dualfeasorg=7.09e-05  breakyes=1.3,  maxresidual < 1.00e-06  breakyes = 1.0,  maxresidual < 1.00e-04  breakyes=3.2,  dualfeasorg deteriorated too much: primfeasorg=1.46e-06,dualfeasorg=6.18e-05  breakyes = 1.0,  maxresidual < 1.00e-04  breakyes=3.2,  dualfeasorg deteriorated too much: primfeasorg=1.06e-06,dualfeasorg=3.89e-05  breakyes=3.2,  dualfeasorg deteriorated too much: primfeasorg=1.54e-06,dualfeasorg=4.38e-05  breakyes=1.3,  maxresidual < 1.00e-06  breakyes = 1.0,  maxresidual < 1.00e-04  breakyes=1.4,  maxresidual < 1.00e-06  breakyes=2.0,  primfeasorg*dualfeasorg < 1.00e-14  breakyes = 1.0,  maxresidual < 1.00e-04  breakyes=3.2,  dualfeasorg deteriorated too much: primfeasorg=1.74e-06,dualfeasorg=4.66e-05
cluster_acc =

    0.5400

mean acc so far: 0.552684
Elapsed time is 135.666070 seconds.
iteration: (96)th 


init_method =

    'spec'


sdp_method =

    'basic'

  breakyes=3.2,  dualfeasorg deteriorated too much: primfeasorg=1.13e-06,dualfeasorg=3.98e-05  breakyes=3.2,  dualfeasorg deteriorated too much: primfeasorg=6.45e-07,dualfeasorg=4.30e-05  breakyes=3.2,  dualfeasorg deteriorated too much: primfeasorg=1.17e-06,dualfeasorg=4.89e-05  breakyes = 1.0,  maxresidual < 1.00e-04  breakyes=3.2,  dualfeasorg deteriorated too much: primfeasorg=1.17e-06,dualfeasorg=4.24e-05  breakyes = 1.0,  maxresidual < 1.00e-04  breakyes=1.0,  maxresidual < 1.00e-06  breakyes = 1.0,  maxresidual < 1.00e-04  breakyes=1.0,  maxresidual < 1.00e-06  breakyes = 1.0,  maxresidual < 1.00e-04  breakyes=1.0,  maxresidual < 1.00e-06  breakyes = 1.0,  maxresidual < 1.00e-04  breakyes=1.0,  maxresidual < 1.00e-06  breakyes = 1.0,  maxresidual < 1.00e-04  breakyes=1.0,  maxresidual < 1.00e-06  breakyes = 1.0,  maxresidual < 1.00e-04  breakyes=1.0,  maxresidual < 1.00e-06
cluster_acc =

    0.5200

mean acc so far: 0.552344
Elapsed time is 159.851047 seconds.
iteration: (97)th 


init_method =

    'spec'


sdp_method =

    'basic'

  breakyes=3.2,  dualfeasorg deteriorated too much: primfeasorg=9.57e-07,dualfeasorg=3.33e-05  breakyes=1.4,  maxresidual < 1.00e-06  breakyes=1.3,  maxresidual < 1.00e-06  breakyes=3.2,  dualfeasorg deteriorated too much: primfeasorg=1.59e-06,dualfeasorg=1.02e-04  breakyes=1.3,  maxresidual < 1.00e-06  breakyes=3.2,  dualfeasorg deteriorated too much: primfeasorg=7.76e-07,dualfeasorg=4.25e-05  breakyes=3.2,  dualfeasorg deteriorated too much: primfeasorg=7.39e-07,dualfeasorg=1.64e-05  breakyes=1.3,  maxresidual < 1.00e-06  breakyes = 1.0,  maxresidual < 1.00e-04  breakyes=1.3,  maxresidual < 1.00e-06  breakyes = 1.0,  maxresidual < 1.00e-04  breakyes=1.3,  maxresidual < 1.00e-06
cluster_acc =

    0.5250

mean acc so far: 0.552062
Elapsed time is 211.755079 seconds.
iteration: (98)th 


init_method =

    'spec'


sdp_method =

    'basic'

  breakyes=3.2,  dualfeasorg deteriorated too much: primfeasorg=9.57e-07,dualfeasorg=3.72e-05  breakyes=3.2,  dualfeasorg deteriorated too much: primfeasorg=2.06e-06,dualfeasorg=3.59e-05  breakyes=3.2,  dualfeasorg deteriorated too much: primfeasorg=8.87e-07,dualfeasorg=4.59e-05  breakyes=1.4,  maxresidual < 1.00e-06  breakyes=3.2,  dualfeasorg deteriorated too much: primfeasorg=1.96e-06,dualfeasorg=2.66e-05  breakyes = 1.0,  maxresidual < 1.00e-04  breakyes=1.0,  maxresidual < 1.00e-06  breakyes=4.1,  primfeasorg stagnate, 5.29e-06  breakyes=3.2,  dualfeasorg deteriorated too much: primfeasorg=2.44e-06,dualfeasorg=5.98e-05  breakyes=3.2,  dualfeasorg deteriorated too much: primfeasorg=1.03e-06,dualfeasorg=3.00e-05  breakyes=1.0,  maxresidual < 1.00e-06
cluster_acc =

    0.5800

mean acc so far: 0.552347
Elapsed time is 197.273387 seconds.
iteration: (99)th 


init_method =

    'spec'


sdp_method =

    'basic'

  breakyes=1.4,  maxresidual < 1.00e-06  breakyes=1.4,  maxresidual < 1.00e-06  breakyes=1.4,  maxresidual < 1.00e-06  breakyes = 1.0,  maxresidual < 1.00e-04  breakyes=1.4,  maxresidual < 1.00e-06  breakyes = 1.0,  maxresidual < 1.00e-04  breakyes=1.4,  maxresidual < 1.00e-06  breakyes = 1.0,  maxresidual < 1.00e-04  breakyes=1.4,  maxresidual < 1.00e-06  breakyes = 1.0,  maxresidual < 1.00e-04  breakyes=3.2,  dualfeasorg deteriorated too much: primfeasorg=1.51e-06,dualfeasorg=1.32e-04  breakyes = 1.0,  maxresidual < 1.00e-04  breakyes=3.2,  dualfeasorg deteriorated too much: primfeasorg=2.79e-06,dualfeasorg=2.61e-05  breakyes = 1.0,  maxresidual < 1.00e-04  breakyes=1.3,  maxresidual < 1.00e-06  breakyes=1.4,  maxresidual < 1.00e-06
cluster_acc =

    0.5650

mean acc so far: 0.552475
Elapsed time is 128.475133 seconds.
iteration: (100)th 


init_method =

    'spec'


sdp_method =

    'basic'

  breakyes=1.4,  maxresidual < 1.00e-06  breakyes=1.4,  maxresidual < 1.00e-06  breakyes=1.4,  maxresidual < 1.00e-06  breakyes=4.2,  dualfeasorg stagnate, 9.58e-05  breakyes=3.2,  dualfeasorg deteriorated too much: primfeasorg=1.11e-06,dualfeasorg=4.50e-05  breakyes=3.2,  dualfeasorg deteriorated too much: primfeasorg=1.11e-06,dualfeasorg=4.50e-05  breakyes=3.2,  dualfeasorg deteriorated too much: primfeasorg=1.11e-06,dualfeasorg=4.50e-05  breakyes=3.2,  dualfeasorg deteriorated too much: primfeasorg=1.11e-06,dualfeasorg=4.50e-05  breakyes=3.2,  dualfeasorg deteriorated too much: primfeasorg=1.11e-06,dualfeasorg=4.50e-05  breakyes=3.2,  dualfeasorg deteriorated too much: primfeasorg=1.11e-06,dualfeasorg=4.50e-05
cluster_acc =

    0.5450

mean acc so far: 0.552400
Elapsed time is 189.631630 seconds.
