==========================================
SLURM_JOB_ID = 20634873
SLURM_JOB_NODELIST = a04-04
TMPDIR = /tmp/SLURM_20634873
==========================================
hello
Starting parallel pool (parpool) ...
Connected to the parallel pool (number of workers: 15).

pool = 

 ProcessPool with properties: 

            Connected: true
           NumWorkers: 15
                 Busy: false
              Cluster: Local
        AttachedFiles: {}
    AutoAddClientPath: true
            FileStore: [1x1 parallel.FileStore]
           ValueStore: [1x1 parallel.ValueStore]
          IdleTimeout: 30 minutes (30 minutes remaining)
          SpmdEnabled: true


p =

   100


Delta =

     3


s =

    10


n =

   500


table_name =

    'sparse_kmeans_isee_clean'


rho =

    0.4500


M =

    0.6121

delta confirmed: 3.000000
ans =

    3.0513


init_method =

    'spec'


rep =

    17

replication: (17)th 


1 th thresholding

  breakyes=1.4,  maxresidual < 1.00e-06
18 entries survived 
relaxed dual: -4.128810, original: 2063.366482 

2 th thresholding

  breakyes=3.2,  dualfeasorg deteriorated too much: primfeasorg=9.27e-07,dualfeasorg=7.99e-05
17 entries survived 
relaxed dual: -3.578174, original: 891.862310 

3 th thresholding

  breakyes=3.2,  dualfeasorg deteriorated too much: primfeasorg=1.22e-06,dualfeasorg=4.72e-05
17 entries survived 
relaxed dual: -3.172834, original: 955.815917 

4 th thresholding

  breakyes=1.3,  maxresidual < 1.00e-06
20 entries survived 
relaxed dual: -3.958287, original: 837.205205 

5 th thresholding

  breakyes=1.4,  maxresidual < 1.00e-06
23 entries survived 
relaxed dual: -3.980501, original: 1070.706328 

6 th thresholding

  breakyes=3.2,  dualfeasorg deteriorated too much: primfeasorg=1.13e-06,dualfeasorg=3.30e-05
17 entries survived 
relaxed dual: -3.270303, original: 1057.652303 

7 th thresholding

  breakyes=3.2,  dualfeasorg deteriorated too much: primfeasorg=7.40e-07,dualfeasorg=3.15e-05
17 entries survived 
relaxed dual: -3.728310, original: 557.352829 

8 th thresholding

  breakyes=1.4,  maxresidual < 1.00e-06
17 entries survived 
relaxed dual: -3.613854, original: 1248.071120 

9 th thresholding

  breakyes=1.3,  maxresidual < 1.00e-06
20 entries survived 
relaxed dual: -3.356290, original: 1280.616113 

10 th thresholding

  breakyes=1.4,  maxresidual < 1.00e-06
18 entries survived 
relaxed dual: -3.592149, original: 674.173914 

11 th thresholding

  breakyes=4.1,  primfeasorg stagnate, 0.00e+00
15 entries survived 
relaxed dual: -3.739237, original: 519.217687 

12 th thresholding

  breakyes=2.0,  primfeasorg*dualfeasorg < 1.00e-14
19 entries survived 
relaxed dual: -3.669754, original: 807.522521 

13 th thresholding

  breakyes=1.4,  maxresidual < 1.00e-06
25 entries survived 
relaxed dual: -3.585679, original: 946.643244 

14 th thresholding

  breakyes=1.3,  maxresidual < 1.00e-06
17 entries survived 
relaxed dual: -3.647907, original: 898.147297 

15 th thresholding

  breakyes=3.2,  dualfeasorg deteriorated too much: primfeasorg=1.16e-06,dualfeasorg=3.90e-05
20 entries survived 
relaxed dual: -3.601197, original: 907.298233 

16 th thresholding

  breakyes=3.2,  dualfeasorg deteriorated too much: primfeasorg=1.30e-06,dualfeasorg=4.78e-05
20 entries survived 
relaxed dual: -3.281709, original: 576.858432 

17 th thresholding

  breakyes=3.2,  dualfeasorg deteriorated too much: primfeasorg=7.17e-07,dualfeasorg=4.35e-05
20 entries survived 
relaxed dual: -4.032071, original: 511.585923 

18 th thresholding

  breakyes=3.2,  dualfeasorg deteriorated too much: primfeasorg=7.94e-07,dualfeasorg=5.10e-05
14 entries survived 
relaxed dual: -3.635452, original: 882.667388 

19 th thresholding

  breakyes=1.3,  maxresidual < 1.00e-06
21 entries survived 
relaxed dual: -3.916227, original: 902.599205 

20 th thresholding

  breakyes=3.2,  dualfeasorg deteriorated too much: primfeasorg=8.99e-07,dualfeasorg=4.57e-05
17 entries survived 
relaxed dual: -3.521130, original: 2039.441995 

21 th thresholding

  breakyes=3.2,  dualfeasorg deteriorated too much: primfeasorg=1.20e-06,dualfeasorg=3.06e-05
18 entries survived 
relaxed dual: -3.771821, original: 1592.361842 

22 th thresholding

  breakyes=1.4,  maxresidual < 1.00e-06
15 entries survived 
relaxed dual: -3.074890, original: 1335.723038 

23 th thresholding

  breakyes=1.4,  maxresidual < 1.00e-06
17 entries survived 
relaxed dual: -3.211888, original: 1500.273129 

24 th thresholding

  breakyes=3.2,  dualfeasorg deteriorated too much: primfeasorg=1.14e-06,dualfeasorg=4.31e-05
14 entries survived 
relaxed dual: -3.336414, original: 779.218349 

25 th thresholding

  breakyes=3.2,  dualfeasorg deteriorated too much: primfeasorg=2.75e-06,dualfeasorg=4.35e-05
19 entries survived 
relaxed dual: -3.279551, original: 1060.431720 

26 th thresholding

  breakyes=3.2,  dualfeasorg deteriorated too much: primfeasorg=1.19e-06,dualfeasorg=3.71e-05
24 entries survived 
relaxed dual: -3.505365, original: 1342.984605 

27 th thresholding

  breakyes=1.3,  maxresidual < 1.00e-06
14 entries survived 
relaxed dual: -3.526368, original: 931.010343 

28 th thresholding

  breakyes=3.2,  dualfeasorg deteriorated too much: primfeasorg=8.99e-07,dualfeasorg=5.26e-05
14 entries survived 
relaxed dual: -3.189111, original: 616.586439 

29 th thresholding

  breakyes=1.4,  maxresidual < 1.00e-06
15 entries survived 
relaxed dual: -3.366099, original: 1052.554104 

30 th thresholding

  breakyes=3.2,  dualfeasorg deteriorated too much: primfeasorg=1.06e-06,dualfeasorg=5.15e-05
14 entries survived 
relaxed dual: -3.346975, original: 661.622011 

31 th thresholding

  breakyes=1.4,  maxresidual < 1.00e-06
15 entries survived 
relaxed dual: -3.461767, original: 717.990025 

32 th thresholding

  breakyes=1.4,  maxresidual < 1.00e-06
20 entries survived 
relaxed dual: -3.540697, original: 810.319488 

33 th thresholding

  breakyes=1.3,  maxresidual < 1.00e-06
20 entries survived 
relaxed dual: -4.130984, original: 653.499020 

34 th thresholding

  breakyes=3.2,  dualfeasorg deteriorated too much: primfeasorg=6.71e-07,dualfeasorg=3.43e-05
21 entries survived 
relaxed dual: -3.554462, original: 553.145411 

35 th thresholding

  breakyes=2.0,  primfeasorg*dualfeasorg < 1.00e-14
14 entries survived 
relaxed dual: -3.320847, original: 986.493542 

36 th thresholding

  breakyes=1.4,  maxresidual < 1.00e-06
19 entries survived 
relaxed dual: -3.443151, original: 773.998001 

37 th thresholding

  breakyes=1.4,  maxresidual < 1.00e-06
20 entries survived 
relaxed dual: -3.278860, original: 1009.572357 

38 th thresholding

  breakyes=3.2,  dualfeasorg deteriorated too much: primfeasorg=2.19e-06,dualfeasorg=3.55e-05
19 entries survived 
relaxed dual: -3.531063, original: 1031.500707 

39 th thresholding

  breakyes=4.1,  primfeasorg stagnate, 0.00e+00
10 entries survived 
relaxed dual: -3.094073, original: 1300.872814 

40 th thresholding

  breakyes=3.2,  dualfeasorg deteriorated too much: primfeasorg=1.83e-06,dualfeasorg=4.21e-05
15 entries survived 
relaxed dual: -3.431458, original: 1218.068047 

41 th thresholding

  breakyes=4.1,  primfeasorg stagnate, 0.00e+00
18 entries survived 
relaxed dual: -4.255193, original: 1314.423914 

42 th thresholding

  breakyes=4.1,  primfeasorg stagnate, 0.00e+00
18 entries survived 
relaxed dual: -4.057249, original: 1340.089607 

43 th thresholding

  breakyes=1.4,  maxresidual < 1.00e-06
17 entries survived 
relaxed dual: -4.029428, original: 1139.639095 

44 th thresholding

  breakyes=3.2,  dualfeasorg deteriorated too much: primfeasorg=1.12e-06,dualfeasorg=6.03e-05
16 entries survived 
relaxed dual: -3.878771, original: 1128.925767 

45 th thresholding

  breakyes=3.2,  dualfeasorg deteriorated too much: primfeasorg=9.43e-07,dualfeasorg=6.41e-05
19 entries survived 
relaxed dual: -3.959833, original: 1208.738301 

46 th thresholding

  breakyes=4.1,  primfeasorg stagnate, 0.00e+00
15 entries survived 
relaxed dual: -3.919369, original: 1434.446611 

47 th thresholding

  breakyes=4.1,  primfeasorg stagnate, 0.00e+00
16 entries survived 
relaxed dual: -4.126309, original: 1205.752032 

48 th thresholding

  breakyes=4.1,  primfeasorg stagnate, 0.00e+00
17 entries survived 
relaxed dual: -4.095112, original: 1272.721416 

49 th thresholding

  breakyes=1.0,  maxresidual < 1.00e-06
13 entries survived 
relaxed dual: -3.927049, original: 1378.688489 

50 th thresholding

  breakyes=3.2,  dualfeasorg deteriorated too much: primfeasorg=9.14e-07,dualfeasorg=3.77e-05
14 entries survived 
relaxed dual: -4.400088, original: 1265.650142 

51 th thresholding

  breakyes=3.2,  dualfeasorg deteriorated too much: primfeasorg=1.02e-06,dualfeasorg=4.84e-05
14 entries survived 
relaxed dual: -4.572152, original: 1253.370022 

52 th thresholding

  breakyes=4.1,  primfeasorg stagnate, 0.00e+00
18 entries survived 
relaxed dual: -4.292065, original: 1194.420221 

53 th thresholding

  breakyes=3.2,  dualfeasorg deteriorated too much: primfeasorg=8.93e-07,dualfeasorg=4.66e-05
17 entries survived 
relaxed dual: -4.129622, original: 1434.343491 

54 th thresholding

  breakyes=4.2,  dualfeasorg stagnate, 9.22e-05
14 entries survived 
relaxed dual: -4.253038, original: 1300.327016 

55 th thresholding

  breakyes=1.4,  maxresidual < 1.00e-06
14 entries survived 
relaxed dual: -4.342669, original: 1250.450945 

56 th thresholding

  breakyes=1.0,  maxresidual < 1.00e-06
15 entries survived 
relaxed dual: -3.957418, original: 1433.408370 

57 th thresholding

  breakyes=1.4,  maxresidual < 1.00e-06
15 entries survived 
relaxed dual: -4.115719, original: 1204.046419 

58 th thresholding

  breakyes=4.1,  primfeasorg stagnate, 0.00e+00
16 entries survived 
relaxed dual: -4.316911, original: 1203.405111 

59 th thresholding

  breakyes=1.4,  maxresidual < 1.00e-06
17 entries survived 
relaxed dual: -4.424954, original: 1400.021609 

60 th thresholding

  breakyes=4.1,  primfeasorg stagnate, 0.00e+00
19 entries survived 
relaxed dual: -4.327106, original: 1169.469154 

61 th thresholding

  breakyes=3.2,  dualfeasorg deteriorated too much: primfeasorg=9.19e-07,dualfeasorg=6.37e-05
19 entries survived 
relaxed dual: -4.369977, original: 1218.391512 

62 th thresholding

  breakyes=3.2,  dualfeasorg deteriorated too much: primfeasorg=1.14e-06,dualfeasorg=4.56e-05
19 entries survived 
relaxed dual: -4.297073, original: 1214.329288 

63 th thresholding

  breakyes=1.4,  maxresidual < 1.00e-06
17 entries survived 
relaxed dual: -3.975416, original: 1439.740145 

64 th thresholding

  breakyes=4.1,  primfeasorg stagnate, 0.00e+00
15 entries survived 
relaxed dual: -3.787414, original: 1211.106279 

65 th thresholding

  breakyes=3.2,  dualfeasorg deteriorated too much: primfeasorg=6.71e-07,dualfeasorg=4.29e-05
16 entries survived 
relaxed dual: -4.290889, original: 1281.505202 

66 th thresholding

  breakyes=3.2,  dualfeasorg deteriorated too much: primfeasorg=1.04e-06,dualfeasorg=4.77e-05
17 entries survived 
relaxed dual: -3.940923, original: 1421.375880 

67 th thresholding

  breakyes=4.1,  primfeasorg stagnate, 0.00e+00
15 entries survived 
relaxed dual: -4.005806, original: 1195.274766 

68 th thresholding

  breakyes=3.2,  dualfeasorg deteriorated too much: primfeasorg=1.33e-06,dualfeasorg=5.96e-05
20 entries survived 
relaxed dual: -3.916516, original: 1245.559164 

69 th thresholding

  breakyes=3.2,  dualfeasorg deteriorated too much: primfeasorg=9.24e-07,dualfeasorg=5.09e-05
21 entries survived 
relaxed dual: -4.657524, original: 1409.014730 

70 th thresholding

  breakyes=4.1,  primfeasorg stagnate, 0.00e+00
17 entries survived 
relaxed dual: -4.048160, original: 1214.543090 

71 th thresholding

  breakyes=4.1,  primfeasorg stagnate, 0.00e+00
16 entries survived 
relaxed dual: -4.352006, original: 1227.084129 

72 th thresholding

  breakyes=4.1,  primfeasorg stagnate, 0.00e+00
17 entries survived 
relaxed dual: -4.133401, original: 1238.924421 

73 th thresholding

  breakyes=3.2,  dualfeasorg deteriorated too much: primfeasorg=1.40e-06,dualfeasorg=5.90e-05
17 entries survived 
relaxed dual: -4.320486, original: 1266.261999 

74 th thresholding

  breakyes=3.2,  dualfeasorg deteriorated too much: primfeasorg=1.42e-06,dualfeasorg=6.11e-05
19 entries survived 
relaxed dual: -4.111252, original: 1229.412528 

75 th thresholding

  breakyes=4.1,  primfeasorg stagnate, 0.00e+00
15 entries survived 
relaxed dual: -3.834061, original: 1379.436308 

76 th thresholding

  breakyes=4.1,  primfeasorg stagnate, 0.00e+00
17 entries survived 
relaxed dual: -4.379466, original: 790.128915 

77 th thresholding

  breakyes=4.1,  primfeasorg stagnate, 0.00e+00
22 entries survived 
relaxed dual: -3.614866, original: 1065.042719 

78 th thresholding

  breakyes=3.2,  dualfeasorg deteriorated too much: primfeasorg=9.22e-07,dualfeasorg=4.69e-05
14 entries survived 
relaxed dual: -3.884560, original: 1178.477736 

79 th thresholding

  breakyes=3.2,  dualfeasorg deteriorated too much: primfeasorg=8.88e-07,dualfeasorg=5.84e-05
19 entries survived 
relaxed dual: -3.915706, original: 1250.888813 

80 th thresholding

  breakyes=1.4,  maxresidual < 1.00e-06
19 entries survived 
relaxed dual: -4.042215, original: 1263.514727 

81 th thresholding


  breakyes=1.3,  maxresidual < 1.00e-06
20 entries survived 
relaxed dual: -3.934193, original: 1278.887061 

82 th thresholding

  breakyes=3.2,  dualfeasorg deteriorated too much: primfeasorg=1.59e-06,dualfeasorg=1.21e-04
18 entries survived 
relaxed dual: -3.983301, original: 1330.741123 

83 th thresholding

  breakyes=4.1,  primfeasorg stagnate, 0.00e+00
16 entries survived 
relaxed dual: -4.019570, original: 1327.103235 

 final iteration = 83 
ans =

  84x12 table

    rep    iter    sep    dim    rho     sparsity     acc     obj_prim    obj_dual    obj_original    discov_true    discov_false
    ___    ____    ___    ___    ____    ________    _____    ________    ________    ____________    ___________    ____________

    17       0      3     100    0.45       10       0.556          0           0             0            0               0     
    17       1      3     100    0.45       10       0.524    -4.1288     -4.1288        2063.4            3              15     
    17       2      3     100    0.45       10        0.52    -3.5782     -3.5782        891.86            1              16     
    17       3      3     100    0.45       10       0.536    -3.1729     -3.1728        955.82            2              15     
    17       4      3     100    0.45       10        0.51    -3.9583     -3.9583        837.21            2              18     
    17       5      3     100    0.45       10       0.506    -3.9805     -3.9805        1070.7            1              22     
    17       6      3     100    0.45       10       0.508    -3.2703     -3.2703        1057.7            1              16     
    17       7      3     100    0.45       10        0.51    -3.7283     -3.7283        557.35            1              16     
    17       8      3     100    0.45       10       0.516    -3.6139     -3.6139        1248.1            0              17     
    17       9      3     100    0.45       10       0.504    -3.3563     -3.3563        1280.6            0              20     
    17      10      3     100    0.45       10       0.534    -3.5922     -3.5921        674.17            0              18     
    17      11      3     100    0.45       10         0.5    -3.7393     -3.7392        519.22            1              14     
    17      12      3     100    0.45       10       0.546    -3.6697     -3.6698        807.52            3              16     
    17      13      3     100    0.45       10       0.516    -3.5857     -3.5857        946.64            5              20     
    17      14      3     100    0.45       10       0.504    -3.6479     -3.6479        898.15            0              17     
    17      15      3     100    0.45       10       0.524    -3.6012     -3.6012         907.3            0              20     
    17      16      3     100    0.45       10       0.576    -3.2817     -3.2817        576.86            1              19     
    17      17      3     100    0.45       10       0.508    -4.0321     -4.0321        511.59            2              18     
    17      18      3     100    0.45       10       0.514    -3.6355     -3.6355        882.67            0              14     
    17      19      3     100    0.45       10        0.51    -3.9162     -3.9162         902.6            1              20     
    17      20      3     100    0.45       10       0.508    -3.5212     -3.5211        2039.4            2              15     
    17      21      3     100    0.45       10       0.508    -3.7718     -3.7718        1592.4            0              18     
    17      22      3     100    0.45       10       0.522    -3.0749     -3.0749        1335.7            0              15     
    17      23      3     100    0.45       10        0.52    -3.2119     -3.2119        1500.3            0              17     
    17      24      3     100    0.45       10       0.528    -3.3364     -3.3364        779.22            0              14     
    17      25      3     100    0.45       10       0.506    -3.2795     -3.2796        1060.4            0              19     
    17      26      3     100    0.45       10       0.524    -3.5054     -3.5054          1343            1              23     
    17      27      3     100    0.45       10       0.506    -3.5264     -3.5264        931.01            0              14     
    17      28      3     100    0.45       10       0.512    -3.1891     -3.1891        616.59            0              14     
    17      29      3     100    0.45       10        0.53    -3.3661     -3.3661        1052.6            0              15     
    17      30      3     100    0.45       10        0.52     -3.347      -3.347        661.62            0              14     
    17      31      3     100    0.45       10       0.582    -3.4618     -3.4618        717.99            1              14     
    17      32      3     100    0.45       10       0.544    -3.5407     -3.5407        810.32            2              18     
    17      33      3     100    0.45       10       0.566     -4.131      -4.131         653.5            3              17     
    17      34      3     100    0.45       10       0.506    -3.5545     -3.5545        553.15            2              19     
    17      35      3     100    0.45       10       0.502    -3.3208     -3.3208        986.49            1              13     
    17      36      3     100    0.45       10       0.554    -3.4432     -3.4432           774            3              16     
    17      37      3     100    0.45       10        0.57    -3.2789     -3.2789        1009.6            3              17     
    17      38      3     100    0.45       10       0.662    -3.5311     -3.5311        1031.5            5              14     
    17      39      3     100    0.45       10       0.738    -3.0941     -3.0941        1300.9            5               5     
    17      40      3     100    0.45       10       0.804    -3.4315     -3.4315        1218.1            8               7     
    17      41      3     100    0.45       10       0.866    -4.2553     -4.2552        1314.4           10               8     
    17      42      3     100    0.45       10       0.882    -4.0573     -4.0572        1340.1           10               8     
    17      43      3     100    0.45       10       0.884    -4.0295     -4.0294        1139.6           10               7     
    17      44      3     100    0.45       10       0.872    -3.8788     -3.8788        1128.9           10               6     
    17      45      3     100    0.45       10        0.86    -3.9599     -3.9598        1208.7           10               9     
    17      46      3     100    0.45       10       0.888    -3.9194     -3.9194        1434.4           10               5     
    17      47      3     100    0.45       10       0.864    -4.1264     -4.1263        1205.8           10               6     
    17      48      3     100    0.45       10       0.856    -4.0952     -4.0951        1272.7           10               7     
    17      49      3     100    0.45       10         0.9    -3.9271      -3.927        1378.7           10               3     
    17      50      3     100    0.45       10       0.878    -4.4001     -4.4001        1265.7           10               4     
    17      51      3     100    0.45       10       0.874    -4.5722     -4.5722        1253.4           10               4     
    17      52      3     100    0.45       10       0.868    -4.2921     -4.2921        1194.4           10               8     
    17      53      3     100    0.45       10       0.888    -4.1296     -4.1296        1434.3           10               7     
    17      54      3     100    0.45       10       0.868    -4.2531      -4.253        1300.3           10               4     
    17      55      3     100    0.45       10       0.874    -4.3427     -4.3427        1250.5           10               4     
    17      56      3     100    0.45       10       0.896    -3.9574     -3.9574        1433.4           10               5     
    17      57      3     100    0.45       10       0.888    -4.1158     -4.1157          1204           10               5     
    17      58      3     100    0.45       10       0.888    -4.3169     -4.3169        1203.4           10               6     
    17      59      3     100    0.45       10        0.89     -4.425      -4.425          1400           10               7     
    17      60      3     100    0.45       10       0.898    -4.3272     -4.3271        1169.5           10               9     
    17      61      3     100    0.45       10         0.9      -4.37       -4.37        1218.4           10               9     
    17      62      3     100    0.45       10       0.878    -4.2971     -4.2971        1214.3           10               9     
    17      63      3     100    0.45       10       0.902    -3.9754     -3.9754        1439.7           10               7     
    17      64      3     100    0.45       10       0.898    -3.7875     -3.7874        1211.1           10               5     
    17      65      3     100    0.45       10       0.882    -4.2909     -4.2909        1281.5           10               6     
    17      66      3     100    0.45       10       0.902     -3.941     -3.9409        1421.4           10               7     
    17      67      3     100    0.45       10       0.882    -4.0059     -4.0058        1195.3           10               5     
    17      68      3     100    0.45       10       0.888    -3.9166     -3.9165        1245.6           10              10     
    17      69      3     100    0.45       10       0.904    -4.6576     -4.6575          1409           10              11     
    17      70      3     100    0.45       10       0.898    -4.0482     -4.0482        1214.5           10               7     
    17      71      3     100    0.45       10       0.886     -4.352      -4.352        1227.1           10               6     
    17      72      3     100    0.45       10       0.888    -4.1335     -4.1334        1238.9           10               7     
    17      73      3     100    0.45       10        0.89    -4.3205     -4.3205        1266.3           10               7     
    17      74      3     100    0.45       10       0.892    -4.1113     -4.1113        1229.4           10               9     
    17      75      3     100    0.45       10       0.908    -3.8341     -3.8341        1379.4           10               5     
    17      76      3     100    0.45       10       0.822    -4.3795     -4.3795        790.13           10               7     
    17      77      3     100    0.45       10       0.872    -3.6149     -3.6149          1065           10              12     
    17      78      3     100    0.45       10       0.902    -3.8846     -3.8846        1178.5           10               4     
    17      79      3     100    0.45       10         0.9    -3.9157     -3.9157        1250.9           10               9     
    17      80      3     100    0.45       10       0.908    -4.0422     -4.0422        1263.5           10               9     
    17      81      3     100    0.45       10       0.904    -3.9342     -3.9342        1278.9           10              10     
    17      82      3     100    0.45       10       0.894    -3.9833     -3.9833        1330.7           10               8     
    17      83      3     100    0.45       10       0.898    -4.0196     -4.0196        1327.1           10               6     


rep =

    18

replication: (18)th 


1 th thresholding

  breakyes=1.3,  maxresidual < 1.00e-06
23 entries survived 
relaxed dual: -4.853514, original: 725.366935 

2 th thresholding

  breakyes=3.2,  dualfeasorg deteriorated too much: primfeasorg=1.09e-06,dualfeasorg=2.70e-05
22 entries survived 
relaxed dual: -3.450155, original: 759.176946 

3 th thresholding

  breakyes=1.4,  maxresidual < 1.00e-06
21 entries survived 
relaxed dual: -3.450862, original: 708.856206 

4 th thresholding

  breakyes=3.2,  dualfeasorg deteriorated too much: primfeasorg=1.20e-06,dualfeasorg=5.51e-05
18 entries survived 
relaxed dual: -3.963750, original: 600.692444 

5 th thresholding

  breakyes=1.4,  maxresidual < 1.00e-06
12 entries survived 
relaxed dual: -3.704373, original: 644.975743 

6 th thresholding

  breakyes=3.2,  dualfeasorg deteriorated too much: primfeasorg=7.52e-07,dualfeasorg=6.37e-05
17 entries survived 
relaxed dual: -3.825969, original: 504.562655 

7 th thresholding

  breakyes=3.2,  dualfeasorg deteriorated too much: primfeasorg=1.01e-06,dualfeasorg=3.21e-05
14 entries survived 
relaxed dual: -3.518919, original: 737.008694 

8 th thresholding

  breakyes=3.2,  dualfeasorg deteriorated too much: primfeasorg=8.05e-07,dualfeasorg=4.97e-05
17 entries survived 
relaxed dual: -3.629434, original: 695.933366 

9 th thresholding

  breakyes=3.2,  dualfeasorg deteriorated too much: primfeasorg=8.44e-07,dualfeasorg=4.55e-05
21 entries survived 
relaxed dual: -4.037153, original: 671.137292 

10 th thresholding

  breakyes=3.2,  dualfeasorg deteriorated too much: primfeasorg=8.08e-07,dualfeasorg=3.70e-05
11 entries survived 
relaxed dual: -2.986080, original: 1233.749041 

11 th thresholding

  breakyes=3.2,  dualfeasorg deteriorated too much: primfeasorg=6.02e-07,dualfeasorg=4.75e-05
15 entries survived 
relaxed dual: -3.531709, original: 693.276767 

12 th thresholding

  breakyes=3.2,  dualfeasorg deteriorated too much: primfeasorg=2.42e-06,dualfeasorg=5.45e-05
16 entries survived 
relaxed dual: -3.562556, original: 698.058980 

 final iteration = 12 
ans =

  13x12 table

    rep    iter    sep    dim    rho     sparsity     acc     obj_prim    obj_dual    obj_original    discov_true    discov_false
    ___    ____    ___    ___    ____    ________    _____    ________    ________    ____________    ___________    ____________

    18       0      3     100    0.45       10       0.576          0           0             0            0               0     
    18       1      3     100    0.45       10       0.508    -4.8535     -4.8535        725.37            4              19     
    18       2      3     100    0.45       10       0.524    -3.4502     -3.4502        759.18            0              22     
    18       3      3     100    0.45       10        0.51    -3.4509     -3.4509        708.86            0              21     
    18       4      3     100    0.45       10       0.502    -3.9638     -3.9637        600.69            0              18     
    18       5      3     100    0.45       10         0.5    -3.7044     -3.7044        644.98            0              12     
    18       6      3     100    0.45       10       0.538     -3.826      -3.826        504.56            0              17     
    18       7      3     100    0.45       10       0.512    -3.5189     -3.5189        737.01            0              14     
    18       8      3     100    0.45       10       0.512    -3.6295     -3.6294        695.93            0              17     
    18       9      3     100    0.45       10       0.524    -4.0372     -4.0372        671.14            0              21     
    18      10      3     100    0.45       10       0.504    -2.9861     -2.9861        1233.7            0              11     
    18      11      3     100    0.45       10        0.52    -3.5317     -3.5317        693.28            0              15     
    18      12      3     100    0.45       10       0.514    -3.5626     -3.5626        698.06            0              16     


rep =

    19

replication: (19)th 


1 th thresholding

  breakyes=3.2,  dualfeasorg deteriorated too much: primfeasorg=1.13e-06,dualfeasorg=4.69e-05
24 entries survived 
relaxed dual: -5.323306, original: 1117.863376 

2 th thresholding

  breakyes=3.2,  dualfeasorg deteriorated too much: primfeasorg=7.79e-07,dualfeasorg=4.66e-05
21 entries survived 
relaxed dual: -3.271045, original: 504.715772 

3 th thresholding

  breakyes=3.2,  dualfeasorg deteriorated too much: primfeasorg=1.02e-06,dualfeasorg=4.37e-05
13 entries survived 
relaxed dual: -3.213632, original: 456.468105 

4 th thresholding

  breakyes=1.4,  maxresidual < 1.00e-06
10 entries survived 
relaxed dual: -2.981377, original: 1139.853182 

5 th thresholding

  breakyes=4.1,  primfeasorg stagnate, 0.00e+00
10 entries survived 
relaxed dual: -3.476589, original: 354.028969 

6 th thresholding

  breakyes=3.2,  dualfeasorg deteriorated too much: primfeasorg=3.22e-06,dualfeasorg=7.86e-05
11 entries survived 
relaxed dual: -3.640214, original: 561.155263 

7 th thresholding

  breakyes=1.4,  maxresidual < 1.00e-06
14 entries survived 
relaxed dual: -3.456417, original: 1296.323276 

8 th thresholding

  breakyes=3.2,  dualfeasorg deteriorated too much: primfeasorg=3.97e-06,dualfeasorg=3.72e-05
10 entries survived 
relaxed dual: -3.584600, original: 865.882401 

9 th thresholding

  breakyes=4.1,  primfeasorg stagnate, 2.03e-05
20 entries survived 
relaxed dual: -4.167087, original: 1488.433301 

10 th thresholding

  breakyes=3.2,  dualfeasorg deteriorated too much: primfeasorg=1.07e-06,dualfeasorg=3.83e-05
17 entries survived 
relaxed dual: -4.233071, original: 1648.923018 

11 th thresholding

  breakyes=1.4,  maxresidual < 1.00e-06
18 entries survived 
relaxed dual: -4.182312, original: 1256.099742 

12 th thresholding

  breakyes=4.1,  primfeasorg stagnate, 0.00e+00
18 entries survived 
relaxed dual: -4.348191, original: 1234.826935 

13 th thresholding

  breakyes=2.0,  primfeasorg*dualfeasorg < 1.00e-14
20 entries survived 
relaxed dual: -4.300791, original: 1146.851883 

14 th thresholding

  breakyes=1.4,  maxresidual < 1.00e-06
24 entries survived 
relaxed dual: -4.290463, original: 1196.607767 

15 th thresholding

  breakyes=3.2,  dualfeasorg deteriorated too much: primfeasorg=1.37e-06,dualfeasorg=6.24e-05
21 entries survived 
relaxed dual: -4.020966, original: 1206.996863 

16 th thresholding

  breakyes=4.1,  primfeasorg stagnate, 0.00e+00
13 entries survived 
relaxed dual: -4.005731, original: 1112.484987 

17 th thresholding

  breakyes=4.1,  primfeasorg stagnate, 0.00e+00
15 entries survived 
relaxed dual: -4.338102, original: 1123.449898 

18 th thresholding

  breakyes=3.2,  dualfeasorg deteriorated too much: primfeasorg=7.53e-07,dualfeasorg=4.05e-05
20 entries survived 
relaxed dual: -4.174901, original: 1423.481499 

19 th thresholding

  breakyes=3.2,  dualfeasorg deteriorated too much: primfeasorg=1.48e-06,dualfeasorg=1.62e-04
18 entries survived 
relaxed dual: -4.469892, original: 1448.992310 

20 th thresholding

  breakyes=4.1,  primfeasorg stagnate, 0.00e+00
18 entries survived 
relaxed dual: -4.418198, original: 1380.988333 

21 th thresholding

  breakyes=3.2,  dualfeasorg deteriorated too much: primfeasorg=8.89e-07,dualfeasorg=5.90e-05
24 entries survived 
relaxed dual: -4.098265, original: 1686.220086 

22 th thresholding

  breakyes=1.4,  maxresidual < 1.00e-06
20 entries survived 
relaxed dual: -4.558325, original: 1117.891781 

23 th thresholding

  breakyes=4.1,  primfeasorg stagnate, 0.00e+00
22 entries survived 
relaxed dual: -4.225701, original: 1438.227431 

24 th thresholding

  breakyes=1.4,  maxresidual < 1.00e-06
19 entries survived 
relaxed dual: -4.437538, original: 1420.098079 

25 th thresholding

  breakyes=3.2,  dualfeasorg deteriorated too much: primfeasorg=1.98e-06,dualfeasorg=2.50e-04
24 entries survived 
relaxed dual: -4.204067, original: 1535.862373 

26 th thresholding

  breakyes=1.4,  maxresidual < 1.00e-06
23 entries survived 
relaxed dual: -4.200064, original: 1417.603357 

27 th thresholding

  breakyes=3.2,  dualfeasorg deteriorated too much: primfeasorg=7.33e-07,dualfeasorg=4.74e-05
20 entries survived 
relaxed dual: -4.323330, original: 1574.352355 

28 th thresholding

  breakyes=3.2,  dualfeasorg deteriorated too much: primfeasorg=1.64e-06,dualfeasorg=6.72e-05
24 entries survived 
relaxed dual: -4.580158, original: 1465.688553 

29 th thresholding

  breakyes=3.2,  dualfeasorg deteriorated too much: primfeasorg=1.88e-06,dualfeasorg=4.55e-05
22 entries survived 
relaxed dual: -4.492679, original: 1499.946984 

30 th thresholding

  breakyes=1.0,  maxresidual < 1.00e-06
22 entries survived 
relaxed dual: -4.115705, original: 1181.867174 

31 th thresholding

  breakyes=3.2,  dualfeasorg deteriorated too much: primfeasorg=1.20e-06,dualfeasorg=7.59e-05
17 entries survived 
relaxed dual: -4.025197, original: 1166.737091 

32 th thresholding

  breakyes=4.1,  primfeasorg stagnate, 0.00e+00
17 entries survived 
relaxed dual: -3.948058, original: 1254.874667 

33 th thresholding

  breakyes=4.1,  primfeasorg stagnate, 0.00e+00
17 entries survived 
relaxed dual: -4.146015, original: 1401.303942 

34 th thresholding

  breakyes=3.2,  dualfeasorg deteriorated too much: primfeasorg=1.07e-06,dualfeasorg=4.66e-05
18 entries survived 
relaxed dual: -4.136544, original: 1382.367489 

35 th thresholding

  breakyes=4.1,  primfeasorg stagnate, 0.00e+00
16 entries survived 
relaxed dual: -4.018808, original: 1181.453021 

36 th thresholding

  breakyes=3.2,  dualfeasorg deteriorated too much: primfeasorg=2.86e-06,dualfeasorg=7.07e-05
14 entries survived 
relaxed dual: -4.060056, original: 1147.019678 

37 th thresholding

  breakyes=3.2,  dualfeasorg deteriorated too much: primfeasorg=2.61e-06,dualfeasorg=3.67e-05
14 entries survived 
relaxed dual: -4.097178, original: 1213.672963 

38 th thresholding

  breakyes=3.2,  dualfeasorg deteriorated too much: primfeasorg=1.22e-06,dualfeasorg=5.07e-05
16 entries survived 
relaxed dual: -4.009378, original: 1234.826108 

39 th thresholding

  breakyes=3.2,  dualfeasorg deteriorated too much: primfeasorg=1.34e-06,dualfeasorg=6.07e-05
14 entries survived 
relaxed dual: -4.215204, original: 1226.923132 

40 th thresholding

  breakyes=1.4,  maxresidual < 1.00e-06
19 entries survived 
relaxed dual: -4.040573, original: 1500.252023 

41 th thresholding

  breakyes=4.1,  primfeasorg stagnate, 0.00e+00
18 entries survived 
relaxed dual: -4.390429, original: 1448.782096 

42 th thresholding

  breakyes=4.1,  primfeasorg stagnate, 9.36e-05
18 entries survived 
relaxed dual: -4.380411, original: 1413.221829 

43 th thresholding

  breakyes=1.4,  maxresidual < 1.00e-06
17 entries survived 
relaxed dual: -4.287695, original: 1574.048285 

44 th thresholding

  breakyes=3.2,  dualfeasorg deteriorated too much: primfeasorg=1.27e-06,dualfeasorg=6.36e-05
18 entries survived 
relaxed dual: -4.223245, original: 1375.819647 

45 th thresholding

  breakyes=3.2,  dualfeasorg deteriorated too much: primfeasorg=1.57e-06,dualfeasorg=6.40e-05
23 entries survived 
relaxed dual: -4.540800, original: 1641.339570 

46 th thresholding

  breakyes=3.2,  dualfeasorg deteriorated too much: primfeasorg=1.40e-06,dualfeasorg=7.58e-05
21 entries survived 
relaxed dual: -4.339255, original: 1769.383191 

47 th thresholding

  breakyes=3.2,  dualfeasorg deteriorated too much: primfeasorg=1.48e-06,dualfeasorg=2.74e-05
20 entries survived 
relaxed dual: -4.222197, original: 1842.759081 

48 th thresholding

  breakyes=4.1,  primfeasorg stagnate, 0.00e+00
24 entries survived 
relaxed dual: -4.295547, original: 1576.212900 

49 th thresholding

  breakyes=1.3,  maxresidual < 1.00e-06
26 entries survived 
relaxed dual: -4.606696, original: 1201.566389 

50 th thresholding

  breakyes=3.2,  dualfeasorg deteriorated too much: primfeasorg=1.00e-06,dualfeasorg=5.44e-05
27 entries survived 
relaxed dual: -4.381035, original: 1569.962463 

51 th thresholding

  breakyes=4.1,  primfeasorg stagnate, 0.00e+00
21 entries survived 
relaxed dual: -4.128671, original: 1458.843130 

52 th thresholding

  breakyes=4.1,  primfeasorg stagnate, 0.00e+00
19 entries survived 
relaxed dual: -4.379954, original: 1383.359782 

53 th thresholding

  breakyes=4.1,  primfeasorg stagnate, 0.00e+00
21 entries survived 
relaxed dual: -4.460690, original: 1505.924212 

54 th thresholding

  breakyes=4.1,  primfeasorg stagnate, 0.00e+00
18 entries survived 
relaxed dual: -4.543726, original: 1543.100276 

55 th thresholding

  breakyes=3.2,  dualfeasorg deteriorated too much: primfeasorg=9.91e-07,dualfeasorg=5.34e-05
19 entries survived 
relaxed dual: -4.336520, original: 1428.664197 

56 th thresholding

  breakyes=3.2,  dualfeasorg deteriorated too much: primfeasorg=1.02e-06,dualfeasorg=5.25e-05
23 entries survived 
relaxed dual: -4.455503, original: 1571.098841 

57 th thresholding

  breakyes=3.2,  dualfeasorg deteriorated too much: primfeasorg=9.66e-07,dualfeasorg=6.14e-05
19 entries survived 
relaxed dual: -4.177170, original: 1262.038953 

58 th thresholding

  breakyes=4.1,  primfeasorg stagnate, 0.00e+00
21 entries survived 
relaxed dual: -4.157037, original: 1280.984514 

59 th thresholding

  breakyes=4.1,  primfeasorg stagnate, 0.00e+00
19 entries survived 
relaxed dual: -4.077800, original: 1308.452606 

60 th thresholding

  breakyes=3.2,  dualfeasorg deteriorated too much: primfeasorg=1.10e-06,dualfeasorg=7.23e-05
18 entries survived 
relaxed dual: -4.189251, original: 1268.472263 

61 th thresholding

  breakyes=3.2,  dualfeasorg deteriorated too much: primfeasorg=1.00e-06,dualfeasorg=5.96e-05
19 entries survived 
relaxed dual: -4.084489, original: 1277.021059 

62 th thresholding

  breakyes=4.1,  primfeasorg stagnate, 0.00e+00
17 entries survived 
relaxed dual: -4.375536, original: 1253.175428 

63 th thresholding

  breakyes=1.3,  maxresidual < 1.00e-06
23 entries survived 
relaxed dual: -3.935339, original: 1283.348530 

64 th thresholding

  breakyes=4.1,  primfeasorg stagnate, 0.00e+00
19 entries survived 
relaxed dual: -4.030508, original: 1269.027791 

65 th thresholding

  breakyes=3.2,  dualfeasorg deteriorated too much: primfeasorg=1.02e-06,dualfeasorg=4.34e-05
18 entries survived 
relaxed dual: -4.311423, original: 1583.338359 

66 th thresholding

  breakyes=3.2,  dualfeasorg deteriorated too much: primfeasorg=7.73e-07,dualfeasorg=4.88e-05
19 entries survived 
relaxed dual: -4.505694, original: 1398.186952 

67 th thresholding

  breakyes=3.2,  dualfeasorg deteriorated too much: primfeasorg=1.21e-06,dualfeasorg=6.63e-05
23 entries survived 
relaxed dual: -4.290402, original: 1802.025735 

68 th thresholding

  breakyes=4.1,  primfeasorg stagnate, 0.00e+00
16 entries survived 
relaxed dual: -3.910552, original: 1283.835026 

69 th thresholding

  breakyes=4.2,  dualfeasorg stagnate, 7.44e-05
19 entries survived 
relaxed dual: -4.328606, original: 1272.255122 

70 th thresholding

  breakyes=4.1,  primfeasorg stagnate, 0.00e+00
19 entries survived 
relaxed dual: -4.262559, original: 1287.380856 

71 th thresholding

  breakyes=3.2,  dualfeasorg deteriorated too much: primfeasorg=9.18e-07,dualfeasorg=4.86e-05
19 entries survived 
relaxed dual: -4.130291, original: 1243.198415 

72 th thresholding

  breakyes=3.2,  dualfeasorg deteriorated too much: primfeasorg=8.71e-07,dualfeasorg=6.37e-05
18 entries survived 
relaxed dual: -4.184364, original: 1264.073077 

73 th thresholding

  breakyes=3.2,  dualfeasorg deteriorated too much: primfeasorg=9.98e-07,dualfeasorg=4.77e-05
17 entries survived 
relaxed dual: -4.079789, original: 1228.130998 

74 th thresholding

  breakyes=3.2,  dualfeasorg deteriorated too much: primfeasorg=1.18e-06,dualfeasorg=4.11e-05
16 entries survived 
relaxed dual: -4.054755, original: 1200.961297 

75 th thresholding

  breakyes=4.1,  primfeasorg stagnate, 0.00e+00
16 entries survived 
relaxed dual: -4.245058, original: 1273.876011 

76 th thresholding

  breakyes=3.2,  dualfeasorg deteriorated too much: primfeasorg=1.13e-06,dualfeasorg=7.60e-05
17 entries survived 
relaxed dual: -4.132735, original: 1201.352465 

77 th thresholding

  breakyes=4.1,  primfeasorg stagnate, 0.00e+00
17 entries survived 
relaxed dual: -4.148971, original: 1239.096845 

78 th thresholding

  breakyes=4.1,  primfeasorg stagnate, 0.00e+00
13 entries survived 
relaxed dual: -3.983327, original: 1182.977770 

79 th thresholding

  breakyes=4.1,  primfeasorg stagnate, 0.00e+00
16 entries survived 
relaxed dual: -4.202359, original: 1238.474852 

80 th thresholding

  breakyes=4.1,  primfeasorg stagnate, 0.00e+00
16 entries survived 
relaxed dual: -4.260713, original: 1176.201245 

81 th thresholding

  breakyes=4.1,  primfeasorg stagnate, 0.00e+00
19 entries survived 
relaxed dual: -4.116205, original: 1459.211594 

82 th thresholding

  breakyes=4.1,  primfeasorg stagnate, 0.00e+00
20 entries survived 
relaxed dual: -4.358679, original: 1425.777101 

83 th thresholding

  breakyes=4.1,  primfeasorg stagnate, 0.00e+00
17 entries survived 
relaxed dual: -4.330483, original: 1424.999963 

 final iteration = 83 
ans =

  84x12 table

    rep    iter    sep    dim    rho     sparsity     acc     obj_prim    obj_dual    obj_original    discov_true    discov_false
    ___    ____    ___    ___    ____    ________    _____    ________    ________    ____________    ___________    ____________

    19       0      3     100    0.45       10       0.552          0           0             0            0               0     
    19       1      3     100    0.45       10        0.68    -5.3234     -5.3233        1117.9            3              21     
    19       2      3     100    0.45       10       0.516    -3.2711      -3.271        504.72            6              15     
    19       3      3     100    0.45       10       0.616    -3.2136     -3.2136        456.47            1              12     
    19       4      3     100    0.45       10       0.638    -2.9814     -2.9814        1139.9            2               8     
    19       5      3     100    0.45       10       0.536    -3.4766     -3.4766        354.03            4               6     
    19       6      3     100    0.45       10        0.66    -3.6403     -3.6402        561.16            2               9     
    19       7      3     100    0.45       10       0.758    -3.4564     -3.4564        1296.3            6               8     
    19       8      3     100    0.45       10        0.79    -3.5846     -3.5846        865.88            5               5     
    19       9      3     100    0.45       10        0.89    -4.1671     -4.1671        1488.4           10              10     
    19      10      3     100    0.45       10       0.914    -4.2331     -4.2331        1648.9           10               7     
    19      11      3     100    0.45       10       0.932    -4.1823     -4.1823        1256.1           10               8     
    19      12      3     100    0.45       10       0.912    -4.3482     -4.3482        1234.8           10               8     
    19      13      3     100    0.45       10       0.916    -4.3008     -4.3008        1146.9           10              10     
    19      14      3     100    0.45       10       0.896    -4.2905     -4.2905        1196.6           10              14     
    19      15      3     100    0.45       10       0.928     -4.021      -4.021          1207           10              11     
    19      16      3     100    0.45       10        0.92    -4.0058     -4.0057        1112.5           10               3     
    19      17      3     100    0.45       10       0.916    -4.3382     -4.3381        1123.4           10               5     
    19      18      3     100    0.45       10        0.89    -4.1749     -4.1749        1423.5           10              10     
    19      19      3     100    0.45       10       0.908      -4.47     -4.4699          1449           10               8     
    19      20      3     100    0.45       10       0.872    -4.4182     -4.4182          1381           10               8     
    19      21      3     100    0.45       10       0.914    -4.0983     -4.0983        1686.2           10              14     
    19      22      3     100    0.45       10       0.882    -4.5584     -4.5583        1117.9           10              10     
    19      23      3     100    0.45       10       0.916    -4.2257     -4.2257        1438.2           10              12     
    19      24      3     100    0.45       10       0.924    -4.4376     -4.4375        1420.1           10               9     
    19      25      3     100    0.45       10       0.908    -4.2041     -4.2041        1535.9           10              14     
    19      26      3     100    0.45       10       0.898    -4.2001     -4.2001        1417.6           10              13     
    19      27      3     100    0.45       10       0.914    -4.3234     -4.3233        1574.4           10              10     
    19      28      3     100    0.45       10       0.902    -4.5802     -4.5802        1465.7           10              14     
    19      29      3     100    0.45       10       0.922    -4.4927     -4.4927        1499.9           10              12     
    19      30      3     100    0.45       10        0.92    -4.1157     -4.1157        1181.9           10              12     
    19      31      3     100    0.45       10       0.914    -4.0252     -4.0252        1166.7           10               7     
    19      32      3     100    0.45       10       0.936    -3.9481     -3.9481        1254.9           10               7     
    19      33      3     100    0.45       10       0.912    -4.1461      -4.146        1401.3           10               7     
    19      34      3     100    0.45       10       0.926    -4.1366     -4.1365        1382.4           10               8     
    19      35      3     100    0.45       10       0.918    -4.0189     -4.0188        1181.5           10               6     
    19      36      3     100    0.45       10       0.922    -4.0601     -4.0601          1147           10               4     
    19      37      3     100    0.45       10       0.932    -4.0972     -4.0972        1213.7           10               4     
    19      38      3     100    0.45       10       0.928    -4.0094     -4.0094        1234.8           10               6     
    19      39      3     100    0.45       10        0.93    -4.2153     -4.2152        1226.9           10               4     
    19      40      3     100    0.45       10       0.916    -4.0406     -4.0406        1500.3           10               9     
    19      41      3     100    0.45       10       0.904    -4.3904     -4.3904        1448.8           10               8     
    19      42      3     100    0.45       10       0.902    -4.3805     -4.3804        1413.2           10               8     
    19      43      3     100    0.45       10       0.912    -4.2877     -4.2877          1574           10               7     
    19      44      3     100    0.45       10       0.876    -4.2233     -4.2232        1375.8           10               8     
    19      45      3     100    0.45       10       0.876    -4.5409     -4.5408        1641.3           10              13     
    19      46      3     100    0.45       10       0.842    -4.3393     -4.3393        1769.4           10              11     
    19      47      3     100    0.45       10       0.908    -4.2223     -4.2222        1842.8           10              10     
    19      48      3     100    0.45       10       0.914    -4.2956     -4.2955        1576.2           10              14     
    19      49      3     100    0.45       10        0.84    -4.6067     -4.6067        1201.6           10              16     
    19      50      3     100    0.45       10       0.902    -4.3811      -4.381          1570           10              17     
    19      51      3     100    0.45       10       0.904    -4.1287     -4.1287        1458.8           10              11     
    19      52      3     100    0.45       10       0.924      -4.38       -4.38        1383.4           10               9     
    19      53      3     100    0.45       10       0.906    -4.4608     -4.4607        1505.9           10              11     
    19      54      3     100    0.45       10        0.91    -4.5438     -4.5437        1543.1           10               8     
    19      55      3     100    0.45       10        0.92    -4.3366     -4.3365        1428.7           10               9     
    19      56      3     100    0.45       10       0.904    -4.4555     -4.4555        1571.1           10              13     
    19      57      3     100    0.45       10       0.914    -4.1772     -4.1772          1262           10               9     
    19      58      3     100    0.45       10       0.932    -4.1571      -4.157          1281           10              11     
    19      59      3     100    0.45       10        0.92    -4.0778     -4.0778        1308.5           10               9     
    19      60      3     100    0.45       10       0.908    -4.1893     -4.1893        1268.5           10               8     
    19      61      3     100    0.45       10        0.91    -4.0845     -4.0845          1277           10               9     
    19      62      3     100    0.45       10       0.908    -4.3755     -4.3755        1253.2           10               7     
    19      63      3     100    0.45       10       0.928    -3.9354     -3.9353        1283.3           10              13     
    19      64      3     100    0.45       10       0.904    -4.0305     -4.0305          1269           10               9     
    19      65      3     100    0.45       10       0.894    -4.3115     -4.3114        1583.3           10               8     
    19      66      3     100    0.45       10        0.88    -4.5057     -4.5057        1398.2           10               9     
    19      67      3     100    0.45       10       0.902    -4.2905     -4.2904          1802           10              13     
    19      68      3     100    0.45       10       0.918    -3.9106     -3.9106        1283.8           10               6     
    19      69      3     100    0.45       10       0.912    -4.3287     -4.3286        1272.3           10               9     
    19      70      3     100    0.45       10        0.92    -4.2626     -4.2626        1287.4           10               9     
    19      71      3     100    0.45       10        0.92    -4.1303     -4.1303        1243.2           10               9     
    19      72      3     100    0.45       10       0.928    -4.1844     -4.1844        1264.1           10               8     
    19      73      3     100    0.45       10       0.928    -4.0798     -4.0798        1228.1           10               7     
    19      74      3     100    0.45       10       0.916    -4.0548     -4.0548          1201           10               6     
    19      75      3     100    0.45       10       0.928    -4.2451     -4.2451        1273.9           10               6     
    19      76      3     100    0.45       10       0.912    -4.1328     -4.1327        1201.4           10               7     
    19      77      3     100    0.45       10        0.94     -4.149      -4.149        1239.1           10               7     
    19      78      3     100    0.45       10       0.916    -3.9834     -3.9833          1183           10               3     
    19      79      3     100    0.45       10       0.942    -4.2024     -4.2024        1238.5           10               6     
    19      80      3     100    0.45       10       0.918    -4.2607     -4.2607        1176.2           10               6     
    19      81      3     100    0.45       10       0.922    -4.1163     -4.1162        1459.2           10               9     
    19      82      3     100    0.45       10       0.916    -4.3587     -4.3587        1425.8           10              10     
    19      83      3     100    0.45       10       0.918    -4.3305     -4.3305          1425           10               7     


rep =

    20

replication: (20)th 


1 th thresholding

  breakyes=3.2,  dualfeasorg deteriorated too much: primfeasorg=1.30e-06,dualfeasorg=6.38e-05
18 entries survived 
relaxed dual: -4.739772, original: 1157.582969 

2 th thresholding

  breakyes=3.2,  dualfeasorg deteriorated too much: primfeasorg=1.34e-06,dualfeasorg=5.29e-05
14 entries survived 
relaxed dual: -3.343379, original: 1198.395002 

3 th thresholding

  breakyes=3.2,  dualfeasorg deteriorated too much: primfeasorg=9.99e-07,dualfeasorg=5.01e-05
15 entries survived 
relaxed dual: -3.969522, original: 1275.558421 

4 th thresholding

  breakyes=3.2,  dualfeasorg deteriorated too much: primfeasorg=8.45e-07,dualfeasorg=3.35e-05
12 entries survived 
relaxed dual: -3.144604, original: 949.474702 

5 th thresholding

  breakyes=4.1,  primfeasorg stagnate, 0.00e+00
16 entries survived 
relaxed dual: -4.432032, original: 797.600834 

6 th thresholding

  breakyes=3.2,  dualfeasorg deteriorated too much: primfeasorg=8.95e-07,dualfeasorg=5.52e-05
16 entries survived 
relaxed dual: -3.052210, original: 1602.425303 

7 th thresholding

  breakyes=4.1,  primfeasorg stagnate, 0.00e+00
13 entries survived 
relaxed dual: -4.469246, original: 1611.412433 

8 th thresholding

  breakyes=4.1,  primfeasorg stagnate, 0.00e+00
17 entries survived 
relaxed dual: -4.819565, original: 1760.053064 

9 th thresholding

  breakyes=4.1,  primfeasorg stagnate, 0.00e+00
17 entries survived 
relaxed dual: -4.738444, original: 1480.621401 

10 th thresholding

  breakyes=1.4,  maxresidual < 1.00e-06
14 entries survived 
relaxed dual: -4.656469, original: 1792.102005 

11 th thresholding

  breakyes=4.1,  primfeasorg stagnate, 0.00e+00
18 entries survived 
relaxed dual: -4.813480, original: 1799.155909 

12 th thresholding

  breakyes=1.4,  maxresidual < 1.00e-06
17 entries survived 
relaxed dual: -5.281265, original: 1512.704216 

13 th thresholding

  breakyes=4.1,  primfeasorg stagnate, 0.00e+00
16 entries survived 
relaxed dual: -4.831833, original: 1894.467974 

14 th thresholding

  breakyes=1.3,  maxresidual < 1.00e-06
15 entries survived 
relaxed dual: -5.042121, original: 1556.703073 

15 th thresholding

  breakyes=1.4,  maxresidual < 1.00e-06
16 entries survived 
relaxed dual: -5.143276, original: 1827.746070 

16 th thresholding

  breakyes=1.0,  maxresidual < 1.00e-06
17 entries survived 
relaxed dual: -5.231676, original: 1537.614619 

17 th thresholding

  breakyes=4.1,  primfeasorg stagnate, 8.60e-05
17 entries survived 
relaxed dual: -4.744696, original: 1802.957627 

18 th thresholding

  breakyes=3.2,  dualfeasorg deteriorated too much: primfeasorg=8.38e-07,dualfeasorg=3.66e-05
16 entries survived 
relaxed dual: -5.152273, original: 1481.953489 

19 th thresholding

  breakyes=3.2,  dualfeasorg deteriorated too much: primfeasorg=9.25e-07,dualfeasorg=3.38e-05
18 entries survived 
relaxed dual: -4.377435, original: 1723.518504 

20 th thresholding

  breakyes=4.1,  primfeasorg stagnate, 0.00e+00
18 entries survived 
relaxed dual: -5.195117, original: 1456.864123 

21 th thresholding

  breakyes=4.1,  primfeasorg stagnate, 0.00e+00
21 entries survived 
relaxed dual: -4.222411, original: 1676.831849 

22 th thresholding

  breakyes=3.2,  dualfeasorg deteriorated too much: primfeasorg=9.11e-07,dualfeasorg=4.38e-05
18 entries survived 
relaxed dual: -5.017643, original: 1382.426422 

23 th thresholding

  breakyes=4.1,  primfeasorg stagnate, 8.78e-05
22 entries survived 
relaxed dual: -4.742454, original: 1731.410991 

24 th thresholding

  breakyes=3.2,  dualfeasorg deteriorated too much: primfeasorg=1.28e-06,dualfeasorg=3.89e-05
16 entries survived 
relaxed dual: -4.741547, original: 1454.666519 

25 th thresholding

  breakyes=3.2,  dualfeasorg deteriorated too much: primfeasorg=3.22e-06,dualfeasorg=7.37e-05
18 entries survived 
relaxed dual: -4.534547, original: 1746.619396 

26 th thresholding

  breakyes=4.1,  primfeasorg stagnate, 0.00e+00
16 entries survived 
relaxed dual: -4.745516, original: 1467.305109 

27 th thresholding

  breakyes=4.1,  primfeasorg stagnate, 0.00e+00
18 entries survived 
relaxed dual: -4.687923, original: 1783.533461 

28 th thresholding

  breakyes=1.0,  maxresidual < 1.00e-06
17 entries survived 
relaxed dual: -5.675711, original: 1515.951804 

29 th thresholding

  breakyes=3.2,  dualfeasorg deteriorated too much: primfeasorg=1.07e-06,dualfeasorg=6.18e-05
22 entries survived 
relaxed dual: -5.204629, original: 1925.795456 

30 th thresholding

  breakyes=3.2,  dualfeasorg deteriorated too much: primfeasorg=7.96e-07,dualfeasorg=5.40e-05
21 entries survived 
relaxed dual: -4.674529, original: 1750.446612 

31 th thresholding

  breakyes=4.1,  primfeasorg stagnate, 0.00e+00
19 entries survived 
relaxed dual: -5.118283, original: 1447.874009 

32 th thresholding

  breakyes=3.2,  dualfeasorg deteriorated too much: primfeasorg=1.25e-06,dualfeasorg=5.12e-05
20 entries survived 
relaxed dual: -4.644809, original: 1949.419664 

33 th thresholding

  breakyes=1.3,  maxresidual < 1.00e-06
17 entries survived 
relaxed dual: -5.001779, original: 1598.278780 

34 th thresholding

  breakyes=3.2,  dualfeasorg deteriorated too much: primfeasorg=1.09e-06,dualfeasorg=3.09e-05
15 entries survived 
relaxed dual: -4.540294, original: 1759.453303 

35 th thresholding

  breakyes=4.1,  primfeasorg stagnate, 0.00e+00
19 entries survived 
relaxed dual: -4.712650, original: 1755.120947 

36 th thresholding

  breakyes=3.2,  dualfeasorg deteriorated too much: primfeasorg=1.01e-06,dualfeasorg=5.04e-05
18 entries survived 
relaxed dual: -5.070745, original: 1630.667339 

37 th thresholding

  breakyes=1.4,  maxresidual < 1.00e-06
16 entries survived 
relaxed dual: -4.328084, original: 1714.593948 

38 th thresholding

  breakyes=1.4,  maxresidual < 1.00e-06
18 entries survived 
relaxed dual: -4.879964, original: 1829.890794 

39 th thresholding

  breakyes=1.3,  maxresidual < 1.00e-06
17 entries survived 
relaxed dual: -5.664757, original: 1491.208200 

40 th thresholding

  breakyes=3.2,  dualfeasorg deteriorated too much: primfeasorg=2.74e-06,dualfeasorg=5.17e-05
19 entries survived 
relaxed dual: -4.909875, original: 1839.415374 

41 th thresholding

  breakyes=3.2,  dualfeasorg deteriorated too much: primfeasorg=1.31e-06,dualfeasorg=3.15e-05
18 entries survived 
relaxed dual: -5.536463, original: 1584.641512 

42 th thresholding

  breakyes=4.1,  primfeasorg stagnate, 0.00e+00
22 entries survived 
relaxed dual: -4.963164, original: 1732.775701 

43 th thresholding

  breakyes=1.4,  maxresidual < 1.00e-06
19 entries survived 
relaxed dual: -5.242735, original: 1560.322220 

44 th thresholding

  breakyes = 1.0,  maxresidual < 1.00e-04  breakyes=1.4,  maxresidual < 1.00e-06
15 entries survived 
relaxed dual: -4.794647, original: 1735.144944 

45 th thresholding

  breakyes=3.2,  dualfeasorg deteriorated too much: primfeasorg=9.02e-07,dualfeasorg=3.33e-05
18 entries survived 
relaxed dual: -5.136554, original: 1615.443156 

46 th thresholding

  breakyes=3.2,  dualfeasorg deteriorated too much: primfeasorg=1.18e-06,dualfeasorg=5.46e-05
19 entries survived 
relaxed dual: -4.815659, original: 1788.426860 

47 th thresholding

  breakyes=3.2,  dualfeasorg deteriorated too much: primfeasorg=2.63e-06,dualfeasorg=3.11e-05
20 entries survived 
relaxed dual: -5.410238, original: 1547.809175 

48 th thresholding

  breakyes=4.1,  primfeasorg stagnate, 0.00e+00
22 entries survived 
relaxed dual: -4.934126, original: 2013.848647 

49 th thresholding

  breakyes=3.2,  dualfeasorg deteriorated too much: primfeasorg=1.05e-06,dualfeasorg=4.20e-05
19 entries survived 
relaxed dual: -5.207153, original: 1541.041755 

50 th thresholding

  breakyes=4.1,  primfeasorg stagnate, 0.00e+00
19 entries survived 
relaxed dual: -4.383303, original: 1700.977578 

51 th thresholding

  breakyes=3.2,  dualfeasorg deteriorated too much: primfeasorg=1.01e-06,dualfeasorg=4.80e-05
15 entries survived 
relaxed dual: -5.083673, original: 1484.293508 

52 th thresholding

  breakyes=3.2,  dualfeasorg deteriorated too much: primfeasorg=9.04e-07,dualfeasorg=3.14e-05
19 entries survived 
relaxed dual: -4.924801, original: 1750.416499 

53 th thresholding

  breakyes=3.2,  dualfeasorg deteriorated too much: primfeasorg=1.99e-06,dualfeasorg=2.58e-05
17 entries survived 
relaxed dual: -5.277229, original: 1469.165475 

54 th thresholding

  breakyes=3.2,  dualfeasorg deteriorated too much: primfeasorg=1.04e-06,dualfeasorg=5.77e-05
17 entries survived 
relaxed dual: -4.110162, original: 1677.033842 

55 th thresholding

  breakyes=3.2,  dualfeasorg deteriorated too much: primfeasorg=1.55e-06,dualfeasorg=4.38e-05
16 entries survived 
relaxed dual: -5.142102, original: 1436.078634 

56 th thresholding

  breakyes=3.2,  dualfeasorg deteriorated too much: primfeasorg=1.13e-06,dualfeasorg=5.58e-05
19 entries survived 
relaxed dual: -4.749702, original: 1724.818460 

57 th thresholding

  breakyes=3.2,  dualfeasorg deteriorated too much: primfeasorg=8.53e-07,dualfeasorg=7.10e-05
17 entries survived 
relaxed dual: -4.988277, original: 1550.250549 

58 th thresholding

  breakyes=4.1,  primfeasorg stagnate, 0.00e+00
20 entries survived 
relaxed dual: -4.375407, original: 1817.174085 

59 th thresholding

  breakyes=3.2,  dualfeasorg deteriorated too much: primfeasorg=8.18e-07,dualfeasorg=6.00e-05
17 entries survived 
relaxed dual: -4.536903, original: 1363.283291 

60 th thresholding

  breakyes=3.2,  dualfeasorg deteriorated too much: primfeasorg=7.89e-07,dualfeasorg=3.62e-05
16 entries survived 
relaxed dual: -4.291377, original: 1624.814513 

61 th thresholding

  breakyes=4.1,  primfeasorg stagnate, 0.00e+00
17 entries survived 
relaxed dual: -4.563635, original: 1726.841947 

62 th thresholding

  breakyes=1.4,  maxresidual < 1.00e-06
15 entries survived 
relaxed dual: -5.065538, original: 1445.008903 

63 th thresholding

  breakyes=3.2,  dualfeasorg deteriorated too much: primfeasorg=1.02e-06,dualfeasorg=6.19e-05
17 entries survived 
relaxed dual: -4.610372, original: 1813.144154 

64 th thresholding

  breakyes=4.1,  primfeasorg stagnate, 0.00e+00
18 entries survived 
relaxed dual: -4.884254, original: 1490.192448 

65 th thresholding

  breakyes=4.1,  primfeasorg stagnate, 6.37e-05
18 entries survived 
relaxed dual: -4.966133, original: 1731.495361 

66 th thresholding

  breakyes=3.2,  dualfeasorg deteriorated too much: primfeasorg=1.54e-06,dualfeasorg=3.54e-05
15 entries survived 
relaxed dual: -5.133547, original: 1581.081540 

67 th thresholding

  breakyes=1.4,  maxresidual < 1.00e-06
17 entries survived 
relaxed dual: -4.342542, original: 1878.885954 

68 th thresholding

  breakyes=3.2,  dualfeasorg deteriorated too much: primfeasorg=1.21e-06,dualfeasorg=3.31e-05
15 entries survived 
relaxed dual: -5.090100, original: 1439.178004 

69 th thresholding

  breakyes=4.1,  primfeasorg stagnate, 0.00e+00
17 entries survived 
relaxed dual: -4.794289, original: 1717.530896 

70 th thresholding

  breakyes=3.2,  dualfeasorg deteriorated too much: primfeasorg=7.57e-07,dualfeasorg=4.09e-05
16 entries survived 
relaxed dual: -5.388602, original: 1472.036169 

71 th thresholding

  breakyes=3.2,  dualfeasorg deteriorated too much: primfeasorg=9.06e-07,dualfeasorg=4.70e-05
19 entries survived 
relaxed dual: -4.557769, original: 1792.995761 

72 th thresholding

  breakyes=1.4,  maxresidual < 1.00e-06
16 entries survived 
relaxed dual: -4.918962, original: 1510.912348 

73 th thresholding

  breakyes=3.2,  dualfeasorg deteriorated too much: primfeasorg=6.09e-07,dualfeasorg=3.19e-05
15 entries survived 
relaxed dual: -4.477412, original: 1747.656360 

74 th thresholding

  breakyes=1.4,  maxresidual < 1.00e-06
17 entries survived 
relaxed dual: -5.438590, original: 1435.830382 

75 th thresholding

  breakyes=4.1,  primfeasorg stagnate, 0.00e+00
19 entries survived 
relaxed dual: -4.921628, original: 1740.534743 

76 th thresholding

  breakyes=3.2,  dualfeasorg deteriorated too much: primfeasorg=7.61e-07,dualfeasorg=3.18e-05
17 entries survived 
relaxed dual: -4.909978, original: 1506.268041 

77 th thresholding

  breakyes=1.4,  maxresidual < 1.00e-06
17 entries survived 
relaxed dual: -4.403894, original: 1812.212001 

78 th thresholding

  breakyes=3.2,  dualfeasorg deteriorated too much: primfeasorg=7.07e-07,dualfeasorg=4.71e-05
18 entries survived 
relaxed dual: -4.877685, original: 1561.328047 

79 th thresholding

  breakyes=3.2,  dualfeasorg deteriorated too much: primfeasorg=2.31e-06,dualfeasorg=4.16e-05
18 entries survived 
relaxed dual: -4.716872, original: 1738.503608 

80 th thresholding

  breakyes=1.4,  maxresidual < 1.00e-06
16 entries survived 
relaxed dual: -4.921979, original: 1488.131049 

81 th thresholding

  breakyes=1.4,  maxresidual < 1.00e-06
19 entries survived 
relaxed dual: -4.598591, original: 1780.544122 

82 th thresholding

  breakyes=4.1,  primfeasorg stagnate, 0.00e+00
17 entries survived 
relaxed dual: -4.780296, original: 1528.718157 

83 th thresholding

  breakyes=3.2,  dualfeasorg deteriorated too much: primfeasorg=9.48e-07,dualfeasorg=3.45e-05
17 entries survived 
relaxed dual: -4.503411, original: 1698.247011 

84 th thresholding

  breakyes=3.2,  dualfeasorg deteriorated too much: primfeasorg=1.08e-06,dualfeasorg=4.48e-05
15 entries survived 
relaxed dual: -5.022681, original: 1468.789712 

85 th thresholding

  breakyes=4.1,  primfeasorg stagnate, 0.00e+00
16 entries survived 
relaxed dual: -4.330545, original: 1733.510323 

86 th thresholding

  breakyes=4.1,  primfeasorg stagnate, 0.00e+00
16 entries survived 
relaxed dual: -4.516186, original: 1732.190717 

87 th thresholding

  breakyes=4.1,  primfeasorg stagnate, 0.00e+00
17 entries survived 
relaxed dual: -4.405834, original: 1745.675805 

88 th thresholding

  breakyes=1.4,  maxresidual < 1.00e-06
18 entries survived 
relaxed dual: -4.577619, original: 1779.114250 

89 th thresholding

  breakyes=3.2,  dualfeasorg deteriorated too much: primfeasorg=1.18e-06,dualfeasorg=2.66e-05
15 entries survived 
relaxed dual: -5.139661, original: 1454.417084 

90 th thresholding

  breakyes=1.3,  maxresidual < 1.00e-06
17 entries survived 
relaxed dual: -4.768971, original: 1706.790543 

91 th thresholding

  breakyes=3.2,  dualfeasorg deteriorated too much: primfeasorg=1.48e-06,dualfeasorg=8.24e-05
18 entries survived 
relaxed dual: -5.335989, original: 1462.889147 

92 th thresholding


  breakyes=3.2,  dualfeasorg deteriorated too much: primfeasorg=2.56e-06,dualfeasorg=2.84e-05
16 entries survived 
relaxed dual: -4.455113, original: 1696.440825 

93 th thresholding

  breakyes=3.2,  dualfeasorg deteriorated too much: primfeasorg=8.67e-07,dualfeasorg=5.03e-05
19 entries survived 
relaxed dual: -4.752612, original: 1704.622796 

94 th thresholding

  breakyes=4.1,  primfeasorg stagnate, 9.37e-05
17 entries survived 
relaxed dual: -4.683509, original: 1754.097286 

95 th thresholding

  breakyes=3.2,  dualfeasorg deteriorated too much: primfeasorg=9.58e-07,dualfeasorg=5.77e-05
20 entries survived 
relaxed dual: -4.733920, original: 1805.082090 

96 th thresholding

  breakyes=4.1,  primfeasorg stagnate, 9.55e-05
17 entries survived 
relaxed dual: -5.040096, original: 1469.946178 

97 th thresholding

  breakyes=3.2,  dualfeasorg deteriorated too much: primfeasorg=9.41e-07,dualfeasorg=5.07e-05
19 entries survived 
relaxed dual: -4.519576, original: 1761.456883 

98 th thresholding

  breakyes=3.2,  dualfeasorg deteriorated too much: primfeasorg=8.67e-07,dualfeasorg=4.97e-05
15 entries survived 
relaxed dual: -5.163381, original: 1432.610649 

99 th thresholding

  breakyes=3.2,  dualfeasorg deteriorated too much: primfeasorg=8.54e-07,dualfeasorg=3.75e-05
17 entries survived 
relaxed dual: -4.260732, original: 1713.238318 

100 th thresholding

  breakyes=3.2,  dualfeasorg deteriorated too much: primfeasorg=1.22e-06,dualfeasorg=6.76e-05
17 entries survived 
relaxed dual: -5.055098, original: 1368.933824 

ik = 

  iterative_kmeans with properties:

         data_object: [1x1 data_gaussian_ISEE_clean]
      number_cluster: 2
      omega_sparsity: 2
         init_method: 'spec'
         x_tilde_est: [100x500x100 double]
      omega_est_time: [100x1 double]
      sdp_solve_time: [100x1 double]
    entries_survived: [100x100 double]
        obj_val_prim: [100x1 double]
        obj_val_dual: [100x1 double]
    obj_val_original: [100x1 double]
         cluster_est: [101x500 double]
           iter_stop: 100


 final iteration = 100 
ans =

  101x12 table

    rep    iter    sep    dim    rho     sparsity     acc     obj_prim    obj_dual    obj_original    discov_true    discov_false
    ___    ____    ___    ___    ____    ________    _____    ________    ________    ____________    ___________    ____________

    20       0      3     100    0.45       10       0.606          0           0             0            0               0     
    20       1      3     100    0.45       10       0.566    -4.7398     -4.7398        1157.6            5              13     
    20       2      3     100    0.45       10       0.542    -3.3434     -3.3434        1198.4            1              13     
    20       3      3     100    0.45       10       0.542    -3.9696     -3.9695        1275.6            1              14     
    20       4      3     100    0.45       10       0.506    -3.1446     -3.1446        949.47            1              11     
    20       5      3     100    0.45       10       0.514    -4.4321      -4.432         797.6            2              14     
    20       6      3     100    0.45       10       0.652    -3.0522     -3.0522        1602.4            3              13     
    20       7      3     100    0.45       10       0.752    -4.4693     -4.4692        1611.4            4               9     
    20       8      3     100    0.45       10       0.874    -4.8196     -4.8196        1760.1            9               8     
    20       9      3     100    0.45       10        0.88    -4.7385     -4.7384        1480.6           10               7     
    20      10      3     100    0.45       10       0.898    -4.6565     -4.6565        1792.1           10               4     
    20      11      3     100    0.45       10       0.896    -4.8135     -4.8135        1799.2           10               8     
    20      12      3     100    0.45       10        0.85    -5.2813     -5.2813        1512.7           10               7     
    20      13      3     100    0.45       10       0.884    -4.8319     -4.8318        1894.5           10               6     
    20      14      3     100    0.45       10       0.864    -5.0421     -5.0421        1556.7           10               5     
    20      15      3     100    0.45       10        0.89    -5.1433     -5.1433        1827.7           10               6     
    20      16      3     100    0.45       10        0.87    -5.2317     -5.2317        1537.6           10               7     
    20      17      3     100    0.45       10         0.9    -4.7447     -4.7447          1803           10               7     
    20      18      3     100    0.45       10       0.866    -5.1523     -5.1523          1482           10               6     
    20      19      3     100    0.45       10       0.906    -4.3775     -4.3774        1723.5           10               8     
    20      20      3     100    0.45       10       0.852    -5.1952     -5.1951        1456.9           10               8     
    20      21      3     100    0.45       10       0.896    -4.2225     -4.2224        1676.8           10              11     
    20      22      3     100    0.45       10       0.848    -5.0177     -5.0176        1382.4           10               8     
    20      23      3     100    0.45       10       0.896    -4.7425     -4.7425        1731.4           10              12     
    20      24      3     100    0.45       10       0.858    -4.7416     -4.7415        1454.7           10               6     
    20      25      3     100    0.45       10       0.906    -4.5346     -4.5345        1746.6           10               8     
    20      26      3     100    0.45       10        0.85    -4.7456     -4.7455        1467.3           10               6     
    20      27      3     100    0.45       10        0.89     -4.688     -4.6879        1783.5           10               8     
    20      28      3     100    0.45       10       0.834    -5.6757     -5.6757          1516           10               7     
    20      29      3     100    0.45       10       0.828    -5.2047     -5.2046        1925.8           10              12     
    20      30      3     100    0.45       10       0.884    -4.6746     -4.6745        1750.4           10              11     
    20      31      3     100    0.45       10       0.828    -5.1184     -5.1183        1447.9           10               9     
    20      32      3     100    0.45       10        0.87    -4.6449     -4.6448        1949.4           10              10     
    20      33      3     100    0.45       10       0.864    -5.0018     -5.0018        1598.3           10               7     
    20      34      3     100    0.45       10         0.9    -4.5403     -4.5403        1759.5           10               5     
    20      35      3     100    0.45       10       0.894    -4.7127     -4.7127        1755.1           10               9     
    20      36      3     100    0.45       10       0.852    -5.0708     -5.0707        1630.7           10               8     
    20      37      3     100    0.45       10       0.888    -4.3281     -4.3281        1714.6           10               6     
    20      38      3     100    0.45       10       0.884      -4.88       -4.88        1829.9           10               8     
    20      39      3     100    0.45       10       0.854    -5.6648     -5.6648        1491.2           10               7     
    20      40      3     100    0.45       10       0.886    -4.9099     -4.9099        1839.4           10               9     
    20      41      3     100    0.45       10        0.85    -5.5365     -5.5365        1584.6           10               8     
    20      42      3     100    0.45       10        0.88    -4.9632     -4.9632        1732.8           10              12     
    20      43      3     100    0.45       10       0.866    -5.2428     -5.2427        1560.3           10               9     
    20      44      3     100    0.45       10       0.898    -4.7947     -4.7946        1735.1           10               5     
    20      45      3     100    0.45       10       0.842    -5.1366     -5.1366        1615.4           10               8     
    20      46      3     100    0.45       10       0.884    -4.8157     -4.8157        1788.4           10               9     
    20      47      3     100    0.45       10       0.834    -5.4103     -5.4102        1547.8           10              10     
    20      48      3     100    0.45       10       0.872    -4.9342     -4.9341        2013.8           10              12     
    20      49      3     100    0.45       10       0.876    -5.2072     -5.2072          1541           10               9     
    20      50      3     100    0.45       10         0.9    -4.3834     -4.3833          1701           10               9     
    20      51      3     100    0.45       10       0.848    -5.0837     -5.0837        1484.3           10               5     
    20      52      3     100    0.45       10       0.886    -4.9248     -4.9248        1750.4           10               9     
    20      53      3     100    0.45       10       0.842    -5.2773     -5.2772        1469.2           10               7     
    20      54      3     100    0.45       10         0.9    -4.1102     -4.1102          1677           10               7     
    20      55      3     100    0.45       10       0.854    -5.1421     -5.1421        1436.1           10               6     
    20      56      3     100    0.45       10       0.912    -4.7497     -4.7497        1724.8           10               9     
    20      57      3     100    0.45       10       0.864    -4.9883     -4.9883        1550.3           10               7     
    20      58      3     100    0.45       10       0.894    -4.3755     -4.3754        1817.2           10              10     
    20      59      3     100    0.45       10       0.894    -4.5369     -4.5369        1363.3           10               7     
    20      60      3     100    0.45       10        0.89    -4.2914     -4.2914        1624.8           10               6     
    20      61      3     100    0.45       10       0.908    -4.5637     -4.5636        1726.8           10               7     
    20      62      3     100    0.45       10       0.868    -5.0655     -5.0655          1445           10               5     
    20      63      3     100    0.45       10        0.89    -4.6104     -4.6104        1813.1           10               7     
    20      64      3     100    0.45       10       0.866    -4.8843     -4.8843        1490.2           10               8     
    20      65      3     100    0.45       10       0.902    -4.9662     -4.9661        1731.5           10               8     
    20      66      3     100    0.45       10       0.848    -5.1336     -5.1335        1581.1           10               5     
    20      67      3     100    0.45       10         0.9    -4.3426     -4.3425        1878.9           10               7     
    20      68      3     100    0.45       10       0.878    -5.0901     -5.0901        1439.2           10               5     
    20      69      3     100    0.45       10         0.9    -4.7943     -4.7943        1717.5           10               7     
    20      70      3     100    0.45       10       0.854    -5.3886     -5.3886          1472           10               6     
    20      71      3     100    0.45       10       0.892    -4.5578     -4.5578          1793           10               9     
    20      72      3     100    0.45       10        0.86     -4.919      -4.919        1510.9           10               6     
    20      73      3     100    0.45       10       0.906    -4.4774     -4.4774        1747.7           10               5     
    20      74      3     100    0.45       10        0.87    -5.4386     -5.4386        1435.8           10               7     
    20      75      3     100    0.45       10         0.9    -4.9217     -4.9216        1740.5           10               9     
    20      76      3     100    0.45       10       0.868      -4.91       -4.91        1506.3           10               7     
    20      77      3     100    0.45       10       0.888    -4.4039     -4.4039        1812.2           10               7     
    20      78      3     100    0.45       10        0.86    -4.8777     -4.8777        1561.3           10               8     
    20      79      3     100    0.45       10       0.908    -4.7169     -4.7169        1738.5           10               8     
    20      80      3     100    0.45       10        0.86     -4.922      -4.922        1488.1           10               6     
    20      81      3     100    0.45       10       0.904    -4.5986     -4.5986        1780.5           10               9     
    20      82      3     100    0.45       10       0.844    -4.7803     -4.7803        1528.7           10               7     
    20      83      3     100    0.45       10       0.904    -4.5034     -4.5034        1698.2           10               7     
    20      84      3     100    0.45       10       0.868    -5.0227     -5.0227        1468.8           10               5     
    20      85      3     100    0.45       10       0.894    -4.3306     -4.3305        1733.5           10               6     
    20      86      3     100    0.45       10       0.896    -4.5162     -4.5162        1732.2           10               6     
    20      87      3     100    0.45       10       0.892    -4.4059     -4.4058        1745.7           10               7     
    20      88      3     100    0.45       10       0.898    -4.5776     -4.5776        1779.1           10               8     
    20      89      3     100    0.45       10        0.88    -5.1397     -5.1397        1454.4           10               5     
    20      90      3     100    0.45       10       0.906     -4.769      -4.769        1706.8           10               7     
    20      91      3     100    0.45       10       0.854     -5.336      -5.336        1462.9           10               8     
    20      92      3     100    0.45       10       0.892    -4.4552     -4.4551        1696.4           10               6     
    20      93      3     100    0.45       10       0.888    -4.7526     -4.7526        1704.6           10               9     
    20      94      3     100    0.45       10        0.89    -4.6836     -4.6835        1754.1           10               7     
    20      95      3     100    0.45       10       0.908     -4.734     -4.7339        1805.1           10              10     
    20      96      3     100    0.45       10       0.844    -5.0401     -5.0401        1469.9           10               7     
    20      97      3     100    0.45       10        0.91    -4.5196     -4.5196        1761.5           10               9     
    20      98      3     100    0.45       10        0.87    -5.1634     -5.1634        1432.6           10               5     
    20      99      3     100    0.45       10       0.906    -4.2608     -4.2607        1713.2           10               7     
    20     100      3     100    0.45       10       0.862    -5.0551     -5.0551        1368.9           10               7     

