==========================================
SLURM_JOB_ID = 20380000
SLURM_JOB_NODELIST = b22-11
TMPDIR = /tmp/SLURM_20380000
==========================================
hello
Starting parallel pool (parpool) ...
Connected to the parallel pool (number of workers: 15).

pool = 

 ProcessPool with properties: 

            Connected: true
           NumWorkers: 15
                 Busy: false
              Cluster: Local
        AttachedFiles: {}
    AutoAddClientPath: true
            FileStore: [1x1 parallel.FileStore]
           ValueStore: [1x1 parallel.ValueStore]
          IdleTimeout: 30 minutes (30 minutes remaining)
          SpmdEnabled: true


p =

   450


Delta =

     3


s =

    10


n =

   500


ii =

     4


table_name =

    'sparse_kmeans_isee_denoise'


conn = 

  sqlite with properties:

      Database: '/home1/jongminm/sparse_kmeans/sparse_kmeans.db'
    IsReadOnly: 0
    AutoCommit: 'on'


rho =

    0.2000


M =

    0.5506

delta confirmed: 3.000000
ans =

    2.6055


rep =

    13

replication: (13)th 

thres=0.275560
1 th thresholding

  breakyes=3.2,  dualfeasorg deteriorated too much: primfeasorg=1.24e-06,dualfeasorg=3.23e-05
66 entries survived 

2 th thresholding

  breakyes=4.1,  primfeasorg stagnate, 0.00e+00
25 entries survived 

3 th thresholding

  breakyes=3.2,  dualfeasorg deteriorated too much: primfeasorg=9.76e-07,dualfeasorg=4.37e-05
16 entries survived 

4 th thresholding

  breakyes=3.2,  dualfeasorg deteriorated too much: primfeasorg=9.78e-07,dualfeasorg=5.09e-05
17 entries survived 

5 th thresholding

  breakyes=3.2,  dualfeasorg deteriorated too much: primfeasorg=1.01e-06,dualfeasorg=4.17e-05
21 entries survived 

6 th thresholding

  breakyes=3.2,  dualfeasorg deteriorated too much: primfeasorg=1.19e-06,dualfeasorg=7.71e-05
21 entries survived 

7 th thresholding

  breakyes=3.2,  dualfeasorg deteriorated too much: primfeasorg=1.28e-06,dualfeasorg=6.94e-05
18 entries survived 

8 th thresholding

  breakyes=4.1,  primfeasorg stagnate, 0.00e+00
16 entries survived 

9 th thresholding

  breakyes=3.2,  dualfeasorg deteriorated too much: primfeasorg=1.01e-06,dualfeasorg=4.22e-05
16 entries survived 

10 th thresholding

  breakyes=4.1,  primfeasorg stagnate, 0.00e+00
16 entries survived 

11 th thresholding

  breakyes=3.2,  dualfeasorg deteriorated too much: primfeasorg=1.19e-06,dualfeasorg=4.23e-05
18 entries survived 

12 th thresholding

  breakyes=1.4,  maxresidual < 1.00e-06
17 entries survived 

13 th thresholding

  breakyes=4.1,  primfeasorg stagnate, 0.00e+00
16 entries survived 

14 th thresholding

  breakyes=4.2,  dualfeasorg stagnate, 2.11e-05
18 entries survived 

15 th thresholding

  breakyes=4.1,  primfeasorg stagnate, 0.00e+00
18 entries survived 

16 th thresholding

  breakyes=3.2,  dualfeasorg deteriorated too much: primfeasorg=2.34e-06,dualfeasorg=3.13e-05
16 entries survived 

17 th thresholding

  breakyes=3.2,  dualfeasorg deteriorated too much: primfeasorg=1.08e-06,dualfeasorg=1.03e-04
18 entries survived 

18 th thresholding

  breakyes=4.1,  primfeasorg stagnate, 0.00e+00
17 entries survived 

19 th thresholding

  breakyes=4.1,  primfeasorg stagnate, 0.00e+00
15 entries survived 

20 th thresholding

  breakyes=3.2,  dualfeasorg deteriorated too much: primfeasorg=1.41e-06,dualfeasorg=6.10e-05
17 entries survived 

21 th thresholding

  breakyes=4.1,  primfeasorg stagnate, 0.00e+00
17 entries survived 

22 th thresholding

  breakyes=1.4,  maxresidual < 1.00e-06
20 entries survived 

23 th thresholding

  breakyes=4.1,  primfeasorg stagnate, 0.00e+00
19 entries survived 

24 th thresholding

  breakyes=3.2,  dualfeasorg deteriorated too much: primfeasorg=1.22e-06,dualfeasorg=3.18e-05
17 entries survived 

25 th thresholding

  breakyes=4.1,  primfeasorg stagnate, 0.00e+00
16 entries survived 

26 th thresholding

  breakyes=3.2,  dualfeasorg deteriorated too much: primfeasorg=7.94e-07,dualfeasorg=3.74e-05
18 entries survived 

27 th thresholding

  breakyes=4.1,  primfeasorg stagnate, 0.00e+00
17 entries survived 

28 th thresholding

  breakyes=1.4,  maxresidual < 1.00e-06
14 entries survived 

29 th thresholding

  breakyes=3.2,  dualfeasorg deteriorated too much: primfeasorg=1.66e-06,dualfeasorg=5.25e-05
15 entries survived 

30 th thresholding

  breakyes=3.2,  dualfeasorg deteriorated too much: primfeasorg=9.04e-07,dualfeasorg=3.21e-05
14 entries survived 

acc_vec =

    0.6100
    0.8360
    0.9120
    0.9240
    0.9160
    0.9140
    0.9200
    0.9280
    0.9080
    0.9220
    0.9180
    0.9240
    0.9200
    0.9160
    0.9300
    0.9120
    0.9360
    0.9260
    0.9300
    0.9260
    0.9180
    0.9260
    0.9180
    0.9220
    0.9300
    0.9220
    0.9260
    0.9400
    0.9260
    0.9360
    0.9360

acc =0.610000  0.836000  0.912000  0.924000  0.916000  0.914000  0.920000  0.928000  0.908000  0.922000  0.918000  0.924000  0.920000  0.916000  0.930000  0.912000  0.936000  0.926000  0.930000  0.926000  0.918000  0.926000  0.918000  0.922000  0.930000  0.922000  0.926000  0.940000  0.926000  0.936000  0.936000 

discov_true_vec =

     8
    10
    10
    10
    10
    10
    10
    10
    10
    10
    10
    10
    10
    10
    10
    10
    10
    10
    10
    10
    10
    10
    10
    10
    10
    10
    10
    10
    10
    10


discov_false_vec =

    58
    15
     6
     7
    11
    11
     8
     6
     6
     6
     8
     7
     6
     8
     8
     6
     8
     7
     5
     7
     7
    10
     9
     7
     6
     8
     7
     4
     5
     4


data =

  31x16 table

    rep    iter    sep    dim    rho    sparsity     acc     obj_prim    obj_dual    discov_true    discov_false    diff_x_tilde    diff_omega_diag    time_isee    time_SDP          jobdate       
    ___    ____    ___    ___    ___    ________    _____    ________    ________    ___________    ____________    ____________    _______________    _________    ________    ____________________

    13       0      3     450    0.2       10        0.61          0           0          0               0                 0                0               0            0     22-Mar-2024 06:19:35
    13       1      3     450    0.2       10       0.836    -4.2474     -4.2474          8              58            119.04            3.698          25.528        43.55     22-Mar-2024 06:19:35
    13       2      3     450    0.2       10       0.912    -3.5961     -3.5961         10              15            116.28           3.6604          20.512       94.969     22-Mar-2024 06:19:35
    13       3      3     450    0.2       10       0.924    -2.9707     -2.9707         10               6            117.38           3.6928          22.261       83.961     22-Mar-2024 06:19:35
    13       4      3     450    0.2       10       0.916     -3.082      -3.082         10               7            117.91            3.765           22.66       80.396     22-Mar-2024 06:19:35
    13       5      3     450    0.2       10       0.914    -3.2279     -3.2279         10              11            116.93           3.6757          22.084       83.436     22-Mar-2024 06:19:35
    13       6      3     450    0.2       10        0.92    -3.2879     -3.2879         10              11             117.3           3.7111          21.041       74.508     22-Mar-2024 06:19:35
    13       7      3     450    0.2       10       0.928    -3.1724     -3.1724         10               8            116.21           3.5709          22.887       79.453     22-Mar-2024 06:19:35
    13       8      3     450    0.2       10       0.908    -3.0013     -3.0012         10               6            117.16           3.6528          22.633       89.344     22-Mar-2024 06:19:35
    13       9      3     450    0.2       10       0.922    -3.3972     -3.3972         10               6            116.87           3.6251          23.268       83.765     22-Mar-2024 06:19:35
    13      10      3     450    0.2       10       0.918    -2.9614     -2.9614         10               6            117.57           3.7466          20.874       92.048     22-Mar-2024 06:19:35
    13      11      3     450    0.2       10       0.924    -3.0493     -3.0492         10               8            117.68           3.6611          21.985       75.822     22-Mar-2024 06:19:35
    13      12      3     450    0.2       10        0.92    -2.9766     -2.9766         10               7            116.52           3.6662           21.42       101.62     22-Mar-2024 06:19:35
    13      13      3     450    0.2       10       0.916    -3.0347     -3.0346         10               6            116.96           3.6303          22.337       117.62     22-Mar-2024 06:19:35
    13      14      3     450    0.2       10        0.93    -2.9783     -2.9783         10               8            117.07           3.7202          20.003       107.27     22-Mar-2024 06:19:35
    13      15      3     450    0.2       10       0.912     -2.814      -2.814         10               8             116.1           3.5198          22.459       101.16     22-Mar-2024 06:19:35
    13      16      3     450    0.2       10       0.936    -3.0091     -3.0091         10               6            115.08           3.5189           22.18       122.36     22-Mar-2024 06:19:35
    13      17      3     450    0.2       10       0.926    -2.9021     -2.9021         10               8             114.1           3.3786          21.854       85.855     22-Mar-2024 06:19:35
    13      18      3     450    0.2       10        0.93    -2.9066     -2.9066         10               7            116.67           3.5868          21.048       85.095     22-Mar-2024 06:19:35
    13      19      3     450    0.2       10       0.926    -3.4478     -3.4477         10               5            116.89            3.695          21.548       87.338     22-Mar-2024 06:19:35
    13      20      3     450    0.2       10       0.918    -3.0179     -3.0179         10               7             114.6           3.5157          21.128       59.496     22-Mar-2024 06:19:35
    13      21      3     450    0.2       10       0.926    -3.1324     -3.1323         10               7             114.9           3.4883          20.641       95.863     22-Mar-2024 06:19:35
    13      22      3     450    0.2       10       0.918    -2.9077     -2.9077         10              10            115.78            3.593          20.291       88.756     22-Mar-2024 06:19:35
    13      23      3     450    0.2       10       0.922    -2.9643     -2.9643         10               9            114.86           3.4554          21.991       89.228     22-Mar-2024 06:19:35
    13      24      3     450    0.2       10        0.93    -3.1178     -3.1178         10               7            114.16           3.4391          20.903       39.853     22-Mar-2024 06:19:35
    13      25      3     450    0.2       10       0.922    -3.0058     -3.0058         10               6            116.19            3.569          19.979        89.37     22-Mar-2024 06:19:35
    13      26      3     450    0.2       10       0.926     -3.391      -3.391         10               8            117.35           3.7199          21.163        100.9     22-Mar-2024 06:19:35
    13      27      3     450    0.2       10        0.94    -2.7733     -2.7732         10               7            114.62           3.4383          20.561       82.404     22-Mar-2024 06:19:35
    13      28      3     450    0.2       10       0.926    -2.8368     -2.8368         10               4            114.91           3.4347          22.131       87.527     22-Mar-2024 06:19:35
    13      29      3     450    0.2       10       0.936    -2.9902     -2.9901         10               5            115.92           3.6353          21.148       72.742     22-Mar-2024 06:19:35
    13      30      3     450    0.2       10       0.936     -2.834      -2.834         10               4            116.29           3.6012          20.162       86.675     22-Mar-2024 06:19:35


rep =

    14

replication: (14)th 

thres=0.275560
1 th thresholding

  breakyes=1.4,  maxresidual < 1.00e-06
52 entries survived 

2 th thresholding

  breakyes=4.1,  primfeasorg stagnate, 0.00e+00
29 entries survived 

3 th thresholding

  breakyes = 1.0,  maxresidual < 1.00e-04  breakyes=4.1,  primfeasorg stagnate, 9.66e-05
23 entries survived 

4 th thresholding

  breakyes=1.4,  maxresidual < 1.00e-06
17 entries survived 

5 th thresholding


  breakyes=3.2,  dualfeasorg deteriorated too much: primfeasorg=2.35e-06,dualfeasorg=2.86e-05
19 entries survived 

6 th thresholding

  breakyes=3.2,  dualfeasorg deteriorated too much: primfeasorg=9.11e-07,dualfeasorg=1.02e-04
18 entries survived 

7 th thresholding

  breakyes=4.1,  primfeasorg stagnate, 0.00e+00
19 entries survived 

8 th thresholding

  breakyes=4.1,  primfeasorg stagnate, 0.00e+00
21 entries survived 

9 th thresholding

  breakyes=4.1,  primfeasorg stagnate, 0.00e+00
20 entries survived 

10 th thresholding

  breakyes=4.1,  primfeasorg stagnate, 0.00e+00
19 entries survived 

11 th thresholding

  breakyes=4.1,  primfeasorg stagnate, 0.00e+00
20 entries survived 

12 th thresholding

  breakyes=4.1,  primfeasorg stagnate, 0.00e+00
20 entries survived 

13 th thresholding

  breakyes=3.2,  dualfeasorg deteriorated too much: primfeasorg=1.37e-06,dualfeasorg=4.84e-05
18 entries survived 

14 th thresholding

  breakyes=4.1,  primfeasorg stagnate, 0.00e+00
18 entries survived 

15 th thresholding

  breakyes=1.4,  maxresidual < 1.00e-06
19 entries survived 

16 th thresholding

  breakyes=3.2,  dualfeasorg deteriorated too much: primfeasorg=2.71e-06,dualfeasorg=4.00e-05
20 entries survived 

17 th thresholding

  breakyes=3.2,  dualfeasorg deteriorated too much: primfeasorg=1.29e-06,dualfeasorg=5.79e-05
22 entries survived 

18 th thresholding

  breakyes=4.1,  primfeasorg stagnate, 5.33e-05
23 entries survived 

19 th thresholding

  breakyes=3.2,  dualfeasorg deteriorated too much: primfeasorg=9.52e-07,dualfeasorg=6.19e-05
21 entries survived 

20 th thresholding

  breakyes=3.2,  dualfeasorg deteriorated too much: primfeasorg=1.09e-06,dualfeasorg=5.16e-05
20 entries survived 

21 th thresholding

  breakyes=1.3,  maxresidual < 1.00e-06
24 entries survived 

22 th thresholding

  breakyes=3.2,  dualfeasorg deteriorated too much: primfeasorg=1.31e-06,dualfeasorg=5.79e-05
21 entries survived 

23 th thresholding

  breakyes=3.2,  dualfeasorg deteriorated too much: primfeasorg=1.37e-06,dualfeasorg=5.08e-05
19 entries survived 

24 th thresholding

  breakyes=3.2,  dualfeasorg deteriorated too much: primfeasorg=3.16e-06,dualfeasorg=3.05e-05
21 entries survived 

25 th thresholding

  breakyes=3.2,  dualfeasorg deteriorated too much: primfeasorg=8.20e-07,dualfeasorg=5.45e-05
20 entries survived 

26 th thresholding

  breakyes=4.1,  primfeasorg stagnate, 0.00e+00
20 entries survived 

27 th thresholding

  breakyes=4.1,  primfeasorg stagnate, 0.00e+00
22 entries survived 

28 th thresholding

  breakyes=3.2,  dualfeasorg deteriorated too much: primfeasorg=1.02e-06,dualfeasorg=5.45e-05
20 entries survived 

29 th thresholding

  breakyes=3.2,  dualfeasorg deteriorated too much: primfeasorg=1.34e-06,dualfeasorg=6.33e-05
19 entries survived 

30 th thresholding

  breakyes=3.2,  dualfeasorg deteriorated too much: primfeasorg=7.84e-07,dualfeasorg=5.43e-05
22 entries survived 

acc_vec =

    0.5500
    0.7000
    0.8100
    0.9080
    0.9100
    0.9240
    0.9140
    0.8940
    0.9120
    0.9160
    0.9080
    0.8920
    0.9260
    0.9100
    0.9160
    0.9060
    0.8960
    0.8980
    0.8920
    0.9020
    0.9100
    0.8900
    0.9140
    0.9120
    0.9040
    0.9180
    0.9080
    0.9020
    0.9200
    0.9140
    0.8900

acc =0.550000  0.700000  0.810000  0.908000  0.910000  0.924000  0.914000  0.894000  0.912000  0.916000  0.908000  0.892000  0.926000  0.910000  0.916000  0.906000  0.896000  0.898000  0.892000  0.902000  0.910000  0.890000  0.914000  0.912000  0.904000  0.918000  0.908000  0.902000  0.920000  0.914000  0.890000 

discov_true_vec =

     3
     6
    10
    10
    10
    10
    10
    10
    10
    10
    10
    10
    10
    10
    10
    10
    10
    10
    10
    10
    10
    10
    10
    10
    10
    10
    10
    10
    10
    10


discov_false_vec =

    49
    23
    13
     7
     9
     8
     9
    11
    10
     9
    10
    10
     8
     8
     9
    10
    12
    13
    11
    10
    14
    11
     9
    11
    10
    10
    12
    10
     9
    12


data =

  31x16 table

    rep    iter    sep    dim    rho    sparsity     acc     obj_prim    obj_dual    discov_true    discov_false    diff_x_tilde    diff_omega_diag    time_isee    time_SDP          jobdate       
    ___    ____    ___    ___    ___    ________    _____    ________    ________    ___________    ____________    ____________    _______________    _________    ________    ____________________

    14       0      3     450    0.2       10        0.55          0           0          0               0                 0                0               0            0     22-Mar-2024 07:16:05
    14       1      3     450    0.2       10         0.7    -3.3717     -3.3717          3              49            121.27           3.8296          20.103       27.879     22-Mar-2024 07:16:05
    14       2      3     450    0.2       10        0.81    -3.4789     -3.4789          6              23            119.94           3.7568          23.588        89.63     22-Mar-2024 07:16:05
    14       3      3     450    0.2       10       0.908    -3.6298     -3.6298         10              13            119.58           3.8112          22.623       110.01     22-Mar-2024 07:16:05
    14       4      3     450    0.2       10        0.91    -3.1229     -3.1229         10               7            121.66           4.0155          21.244       107.27     22-Mar-2024 07:16:05
    14       5      3     450    0.2       10       0.924    -2.7258     -2.7258         10               9             118.7           3.7064          23.445       117.66     22-Mar-2024 07:16:05
    14       6      3     450    0.2       10       0.914    -2.6772     -2.6771         10               8            119.52           3.7889          22.309       95.297     22-Mar-2024 07:16:05
    14       7      3     450    0.2       10       0.894    -2.7324     -2.7323         10               9            119.36           3.8038           20.25       83.082     22-Mar-2024 07:16:05
    14       8      3     450    0.2       10       0.912    -3.0165     -3.0165         10              11            119.03           3.8013          22.867       83.987     22-Mar-2024 07:16:05
    14       9      3     450    0.2       10       0.916    -2.7363     -2.7363         10              10            118.51           3.6759          21.472       92.266     22-Mar-2024 07:16:05
    14      10      3     450    0.2       10       0.908    -2.8477     -2.8476         10               9            118.92           3.7945          21.897       83.032     22-Mar-2024 07:16:05
    14      11      3     450    0.2       10       0.892    -2.8705     -2.8704         10              10             119.4            3.803          21.915       96.339     22-Mar-2024 07:16:05
    14      12      3     450    0.2       10       0.926    -2.8598     -2.8597         10              10            118.37           3.7209          22.142       84.754     22-Mar-2024 07:16:05
    14      13      3     450    0.2       10        0.91    -2.7082     -2.7081         10               8            119.57           3.8089          20.959       69.664     22-Mar-2024 07:16:05
    14      14      3     450    0.2       10       0.916    -2.6124     -2.6124         10               8            119.06           3.7622          24.369       95.014     22-Mar-2024 07:16:05
    14      15      3     450    0.2       10       0.906    -2.8206     -2.8206         10               9            118.56           3.7518          22.848       91.099     22-Mar-2024 07:16:05
    14      16      3     450    0.2       10       0.896    -3.0023     -3.0022         10              10            118.96           3.7908          21.837       90.582     22-Mar-2024 07:16:05
    14      17      3     450    0.2       10       0.898     -3.332      -3.332         10              12            121.63           4.0147          20.274       78.986     22-Mar-2024 07:16:05
    14      18      3     450    0.2       10       0.892    -2.8613     -2.8613         10              13             118.7           3.7514          22.932       111.98     22-Mar-2024 07:16:05
    14      19      3     450    0.2       10       0.902     -2.804      -2.804         10              11            117.68           3.6395          21.685       87.573     22-Mar-2024 07:16:05
    14      20      3     450    0.2       10        0.91    -2.7848     -2.7847         10              10            115.21           3.4164           22.55       85.147     22-Mar-2024 07:16:05
    14      21      3     450    0.2       10        0.89     -3.004      -3.004         10              14            120.96           3.9448          21.355       101.64     22-Mar-2024 07:16:05
    14      22      3     450    0.2       10       0.914    -2.8968     -2.8967         10              11            118.85           3.7703          21.058       74.262     22-Mar-2024 07:16:05
    14      23      3     450    0.2       10       0.912    -2.9948     -2.9947         10               9            117.53           3.6729          21.858       76.153     22-Mar-2024 07:16:05
    14      24      3     450    0.2       10       0.904    -2.8987     -2.8987         10              11            118.12           3.6916          20.432       185.77     22-Mar-2024 07:16:05
    14      25      3     450    0.2       10       0.918    -2.7002     -2.7002         10              10            118.59           3.7112          22.721       100.29     22-Mar-2024 07:16:05
    14      26      3     450    0.2       10       0.908     -2.964      -2.964         10              10            117.29           3.6259          20.494       92.929     22-Mar-2024 07:16:05
    14      27      3     450    0.2       10       0.902    -3.0902     -3.0901         10              12            120.56           3.9642          20.802       88.879     22-Mar-2024 07:16:05
    14      28      3     450    0.2       10        0.92     -2.777     -2.7769         10              10            118.06           3.6649          20.872       79.786     22-Mar-2024 07:16:05
    14      29      3     450    0.2       10       0.914    -2.9335     -2.9334         10               9            119.92           3.7816          22.655       74.552     22-Mar-2024 07:16:05
    14      30      3     450    0.2       10        0.89    -2.9337     -2.9337         10              12            119.98           3.9882          21.363       79.445     22-Mar-2024 07:16:05


rep =

    15

replication: (15)th 

thres=0.275560
1 th thresholding

  breakyes=1.4,  maxresidual < 1.00e-06
49 entries survived 

2 th thresholding

  breakyes=1.0,  maxresidual < 1.00e-06
27 entries survived 

3 th thresholding

  breakyes=3.2,  dualfeasorg deteriorated too much: primfeasorg=1.17e-06,dualfeasorg=3.44e-05
21 entries survived 

4 th thresholding

  breakyes=3.2,  dualfeasorg deteriorated too much: primfeasorg=3.82e-06,dualfeasorg=4.64e-05
12 entries survived 

5 th thresholding

  breakyes=3.2,  dualfeasorg deteriorated too much: primfeasorg=2.04e-06,dualfeasorg=1.31e-04
20 entries survived 

6 th thresholding

  breakyes=4.1,  primfeasorg stagnate, 0.00e+00
16 entries survived 

7 th thresholding

  breakyes=3.2,  dualfeasorg deteriorated too much: primfeasorg=2.51e-06,dualfeasorg=6.58e-05
17 entries survived 

8 th thresholding

  breakyes=4.1,  primfeasorg stagnate, 0.00e+00
17 entries survived 

9 th thresholding

  breakyes = 1.0,  maxresidual < 1.00e-04  breakyes=1.3,  maxresidual < 1.00e-06
16 entries survived 

10 th thresholding

  breakyes=4.1,  primfeasorg stagnate, 0.00e+00
16 entries survived 

11 th thresholding

  breakyes=1.4,  maxresidual < 1.00e-06
18 entries survived 

12 th thresholding

  breakyes=4.1,  primfeasorg stagnate, 0.00e+00
17 entries survived 

13 th thresholding

  breakyes=3.2,  dualfeasorg deteriorated too much: primfeasorg=1.02e-06,dualfeasorg=5.25e-05
18 entries survived 

14 th thresholding

  breakyes=3.2,  dualfeasorg deteriorated too much: primfeasorg=9.16e-07,dualfeasorg=5.25e-05
18 entries survived 

15 th thresholding

  breakyes=1.3,  maxresidual < 1.00e-06
20 entries survived 

16 th thresholding

  breakyes=3.2,  dualfeasorg deteriorated too much: primfeasorg=2.37e-06,dualfeasorg=3.56e-05
17 entries survived 

17 th thresholding

  breakyes=1.4,  maxresidual < 1.00e-06
16 entries survived 

18 th thresholding

  breakyes=1.4,  maxresidual < 1.00e-06
16 entries survived 

19 th thresholding

  breakyes=4.1,  primfeasorg stagnate, 0.00e+00
18 entries survived 

20 th thresholding

  breakyes=3.2,  dualfeasorg deteriorated too much: primfeasorg=1.05e-06,dualfeasorg=5.54e-05
17 entries survived 

21 th thresholding

  breakyes=3.2,  dualfeasorg deteriorated too much: primfeasorg=1.34e-06,dualfeasorg=6.00e-05
18 entries survived 

22 th thresholding

  breakyes=4.1,  primfeasorg stagnate, 0.00e+00
19 entries survived 

23 th thresholding

  breakyes=4.1,  primfeasorg stagnate, 0.00e+00
17 entries survived 

24 th thresholding

  breakyes=3.2,  dualfeasorg deteriorated too much: primfeasorg=1.05e-06,dualfeasorg=3.43e-05
18 entries survived 

25 th thresholding

  breakyes=3.2,  dualfeasorg deteriorated too much: primfeasorg=1.19e-06,dualfeasorg=5.84e-05
18 entries survived 

26 th thresholding

  breakyes=1.3,  maxresidual < 1.00e-06
16 entries survived 

27 th thresholding

  breakyes=3.2,  dualfeasorg deteriorated too much: primfeasorg=9.84e-07,dualfeasorg=5.05e-05
17 entries survived 

28 th thresholding

  breakyes=3.2,  dualfeasorg deteriorated too much: primfeasorg=1.37e-06,dualfeasorg=2.25e-04
18 entries survived 

29 th thresholding

  breakyes=3.2,  dualfeasorg deteriorated too much: primfeasorg=1.10e-06,dualfeasorg=3.13e-05
18 entries survived 

30 th thresholding

  breakyes=3.2,  dualfeasorg deteriorated too much: primfeasorg=3.13e-06,dualfeasorg=5.59e-05
19 entries survived 

acc_vec =

    0.5640
    0.5080
    0.5360
    0.6480
    0.6980
    0.8220
    0.9340
    0.9480
    0.9380
    0.9480
    0.9220
    0.9360
    0.9260
    0.9260
    0.9300
    0.9400
    0.9320
    0.9420
    0.9400
    0.9340
    0.9380
    0.9340
    0.9440
    0.9320
    0.9520
    0.9420
    0.9380
    0.9520
    0.9480
    0.9320
    0.9520

acc =0.564000  0.508000  0.536000  0.648000  0.698000  0.822000  0.934000  0.948000  0.938000  0.948000  0.922000  0.936000  0.926000  0.926000  0.930000  0.940000  0.932000  0.942000  0.940000  0.934000  0.938000  0.934000  0.944000  0.932000  0.952000  0.942000  0.938000  0.952000  0.948000  0.932000  0.952000 

discov_true_vec =

     3
     0
     1
     2
     6
    10
    10
    10
    10
    10
    10
    10
    10
    10
    10
    10
    10
    10
    10
    10
    10
    10
    10
    10
    10
    10
    10
    10
    10
    10


discov_false_vec =

    46
    27
    20
    10
    14
     6
     7
     7
     6
     6
     8
     7
     8
     8
    10
     7
     6
     6
     8
     7
     8
     9
     7
     8
     8
     6
     7
     8
     8
     9


data =

  31x16 table

    rep    iter    sep    dim    rho    sparsity     acc     obj_prim    obj_dual    discov_true    discov_false    diff_x_tilde    diff_omega_diag    time_isee    time_SDP          jobdate       
    ___    ____    ___    ___    ___    ________    _____    ________    ________    ___________    ____________    ____________    _______________    _________    ________    ____________________

    15       0      3     450    0.2       10       0.564          0           0          0               0                 0                0               0            0     22-Mar-2024 08:03:53
    15       1      3     450    0.2       10       0.508    -3.1845     -3.1845          3              46            119.07           3.7347          22.715       34.839     22-Mar-2024 08:03:53
    15       2      3     450    0.2       10       0.536    -2.2747     -2.2747          0              27             118.8           3.7884          23.739       29.885     22-Mar-2024 08:03:53
    15       3      3     450    0.2       10       0.648    -2.1726     -2.1726          1              20             121.1           3.8951          21.483       39.439     22-Mar-2024 08:03:53
    15       4      3     450    0.2       10       0.698    -2.1729     -2.1729          2              10            118.65           3.7399           22.82       74.156     22-Mar-2024 08:03:53
    15       5      3     450    0.2       10       0.822    -2.6544     -2.6544          6              14            118.18           3.6846          20.788       47.859     22-Mar-2024 08:03:53
    15       6      3     450    0.2       10       0.934    -3.4856     -3.4856         10               6            118.95           3.8839           22.12       86.928     22-Mar-2024 08:03:53
    15       7      3     450    0.2       10       0.948    -3.1405     -3.1404         10               7            117.71           3.8135          21.035       132.34     22-Mar-2024 08:03:53
    15       8      3     450    0.2       10       0.938    -2.8539     -2.8539         10               7            116.98            3.773          20.993       82.175     22-Mar-2024 08:03:53
    15       9      3     450    0.2       10       0.948    -2.9687     -2.9687         10               6            116.68           3.7489          21.587        70.35     22-Mar-2024 08:03:53
    15      10      3     450    0.2       10       0.922    -2.8635     -2.8634         10               6             115.9           3.6348          22.593       89.334     22-Mar-2024 08:03:53
    15      11      3     450    0.2       10       0.936    -3.3005     -3.3005         10               8            117.96           3.7824          21.442       59.354     22-Mar-2024 08:03:53
    15      12      3     450    0.2       10       0.926    -2.8726     -2.8725         10               7            117.75           3.8801          23.483       82.057     22-Mar-2024 08:03:53
    15      13      3     450    0.2       10       0.926    -2.7909     -2.7909         10               8            116.64           3.6752          22.534       79.355     22-Mar-2024 08:03:53
    15      14      3     450    0.2       10        0.93    -2.7856     -2.7855         10               8            118.37           3.9388          20.473       97.838     22-Mar-2024 08:03:53
    15      15      3     450    0.2       10        0.94    -3.2442     -3.2442         10              10            117.15            3.743          21.419       82.735     22-Mar-2024 08:03:53
    15      16      3     450    0.2       10       0.932    -2.9775     -2.9775         10               7            117.11           3.7439          20.487       109.65     22-Mar-2024 08:03:53
    15      17      3     450    0.2       10       0.942    -3.1211     -3.1211         10               6            118.19           3.8089          20.869       38.385     22-Mar-2024 08:03:53
    15      18      3     450    0.2       10        0.94    -3.2197     -3.2197         10               6            117.32             3.72           20.42       78.953     22-Mar-2024 08:03:53
    15      19      3     450    0.2       10       0.934    -2.9949     -2.9949         10               8             118.9           3.8714          20.732       84.263     22-Mar-2024 08:03:53
    15      20      3     450    0.2       10       0.938    -2.7422     -2.7421         10               7            117.39           3.7187          20.612       84.551     22-Mar-2024 08:03:53
    15      21      3     450    0.2       10       0.934    -2.8876     -2.8876         10               8            115.92           3.6758          21.387       77.815     22-Mar-2024 08:03:53
    15      22      3     450    0.2       10       0.944    -2.6338     -2.6338         10               9            117.17           3.7513          20.476       81.702     22-Mar-2024 08:03:53
    15      23      3     450    0.2       10       0.932    -2.8648     -2.8648         10               7            116.49           3.7142          21.725       84.937     22-Mar-2024 08:03:53
    15      24      3     450    0.2       10       0.952    -2.9017     -2.9017         10               8            116.94            3.714          21.424       82.594     22-Mar-2024 08:03:53
    15      25      3     450    0.2       10       0.942    -2.7958     -2.7957         10               8            116.85           3.7904          22.067        84.01     22-Mar-2024 08:03:53
    15      26      3     450    0.2       10       0.938    -3.1952     -3.1952         10               6            118.37           3.7932          20.324        30.13     22-Mar-2024 08:03:53
    15      27      3     450    0.2       10       0.952    -3.0946     -3.0946         10               7            116.12           3.6428          20.691       77.327     22-Mar-2024 08:03:53
    15      28      3     450    0.2       10       0.948    -2.8786     -2.8786         10               8            116.42           3.6927           22.62       67.735     22-Mar-2024 08:03:53
    15      29      3     450    0.2       10       0.932    -2.9333     -2.9333         10               8            117.14           3.7232          23.128       124.84     22-Mar-2024 08:03:53
    15      30      3     450    0.2       10       0.952    -3.0278     -3.0277         10               9            117.48            3.806          20.402       25.287     22-Mar-2024 08:03:53


rep =

    16

replication: (16)th 

thres=0.275560
1 th thresholding

  breakyes=4.1,  primfeasorg stagnate, 0.00e+00
46 entries survived 

2 th thresholding

  breakyes=3.2,  dualfeasorg deteriorated too much: primfeasorg=9.97e-07,dualfeasorg=6.30e-05
23 entries survived 

3 th thresholding

  breakyes=3.2,  dualfeasorg deteriorated too much: primfeasorg=1.11e-06,dualfeasorg=5.02e-05
17 entries survived 

4 th thresholding

  breakyes = 1.0,  maxresidual < 1.00e-04  breakyes=1.3,  maxresidual < 1.00e-06
15 entries survived 

5 th thresholding

  breakyes=4.1,  primfeasorg stagnate, 0.00e+00
14 entries survived 

6 th thresholding

  breakyes=3.2,  dualfeasorg deteriorated too much: primfeasorg=9.87e-07,dualfeasorg=5.24e-05
15 entries survived 

7 th thresholding

  breakyes=3.2,  dualfeasorg deteriorated too much: primfeasorg=9.80e-07,dualfeasorg=4.43e-05
16 entries survived 

8 th thresholding

  breakyes=4.1,  primfeasorg stagnate, 0.00e+00
16 entries survived 

9 th thresholding

  breakyes=4.1,  primfeasorg stagnate, 0.00e+00
15 entries survived 

10 th thresholding

  breakyes=3.2,  dualfeasorg deteriorated too much: primfeasorg=2.07e-06,dualfeasorg=5.47e-05
15 entries survived 

11 th thresholding

  breakyes=4.1,  primfeasorg stagnate, 0.00e+00
15 entries survived 

12 th thresholding

  breakyes=3.2,  dualfeasorg deteriorated too much: primfeasorg=1.29e-06,dualfeasorg=6.42e-05
17 entries survived 

13 th thresholding

  breakyes=3.2,  dualfeasorg deteriorated too much: primfeasorg=1.13e-06,dualfeasorg=6.25e-05
15 entries survived 

14 th thresholding

  breakyes=3.2,  dualfeasorg deteriorated too much: primfeasorg=8.07e-07,dualfeasorg=4.05e-05
17 entries survived 

15 th thresholding

  breakyes=3.2,  dualfeasorg deteriorated too much: primfeasorg=8.94e-07,dualfeasorg=4.51e-05
18 entries survived 

16 th thresholding

  breakyes=3.2,  dualfeasorg deteriorated too much: primfeasorg=1.76e-06,dualfeasorg=3.44e-05
15 entries survived 

17 th thresholding

  breakyes=2.0,  primfeasorg*dualfeasorg < 1.00e-14
16 entries survived 

18 th thresholding

  breakyes=3.2,  dualfeasorg deteriorated too much: primfeasorg=7.83e-07,dualfeasorg=4.87e-05
16 entries survived 

19 th thresholding

  breakyes=4.1,  primfeasorg stagnate, 0.00e+00
17 entries survived 

20 th thresholding

  breakyes=3.2,  dualfeasorg deteriorated too much: primfeasorg=8.91e-07,dualfeasorg=4.46e-05
16 entries survived 

21 th thresholding

  breakyes=3.2,  dualfeasorg deteriorated too much: primfeasorg=1.51e-06,dualfeasorg=5.87e-05
17 entries survived 

22 th thresholding

  breakyes=4.1,  primfeasorg stagnate, 0.00e+00
18 entries survived 

23 th thresholding

  breakyes=4.1,  primfeasorg stagnate, 9.81e-05
16 entries survived 

24 th thresholding

  breakyes=4.1,  primfeasorg stagnate, 0.00e+00
16 entries survived 

25 th thresholding

  breakyes=3.2,  dualfeasorg deteriorated too much: primfeasorg=1.12e-06,dualfeasorg=5.73e-05
16 entries survived 

26 th thresholding

  breakyes=3.2,  dualfeasorg deteriorated too much: primfeasorg=1.85e-06,dualfeasorg=7.30e-05
16 entries survived 

27 th thresholding

  breakyes=3.2,  dualfeasorg deteriorated too much: primfeasorg=1.05e-06,dualfeasorg=9.80e-05
17 entries survived 

28 th thresholding

  breakyes=1.4,  maxresidual < 1.00e-06
15 entries survived 

29 th thresholding

  breakyes=3.2,  dualfeasorg deteriorated too much: primfeasorg=9.51e-07,dualfeasorg=4.94e-05
16 entries survived 

30 th thresholding

  breakyes=3.2,  dualfeasorg deteriorated too much: primfeasorg=1.38e-06,dualfeasorg=3.82e-05
18 entries survived 

acc_vec =

    0.6580
    0.7940
    0.8900
    0.8820
    0.9000
    0.8860
    0.8880
    0.8920
    0.8900
    0.8860
    0.8940
    0.8940
    0.8880
    0.8880
    0.8840
    0.8860
    0.8900
    0.8860
    0.8880
    0.8760
    0.8840
    0.8880
    0.8760
    0.8920
    0.8880
    0.8960
    0.8880
    0.8900
    0.8800
    0.8880
    0.8940

acc =0.658000  0.794000  0.890000  0.882000  0.900000  0.886000  0.888000  0.892000  0.890000  0.886000  0.894000  0.894000  0.888000  0.888000  0.884000  0.886000  0.890000  0.886000  0.888000  0.876000  0.884000  0.888000  0.876000  0.892000  0.888000  0.896000  0.888000  0.890000  0.880000  0.888000  0.894000 

discov_true_vec =

     7
    10
    10
    10
    10
    10
    10
    10
    10
    10
    10
    10
    10
    10
    10
    10
    10
    10
    10
    10
    10
    10
    10
    10
    10
    10
    10
    10
    10
    10


discov_false_vec =

    39
    13
     7
     5
     4
     5
     6
     6
     5
     5
     5
     7
     5
     7
     8
     5
     6
     6
     7
     6
     7
     8
     6
     6
     6
     6
     7
     5
     6
     8


data =

  31x16 table

    rep    iter    sep    dim    rho    sparsity     acc     obj_prim    obj_dual    discov_true    discov_false    diff_x_tilde    diff_omega_diag    time_isee    time_SDP          jobdate       
    ___    ____    ___    ___    ___    ________    _____    ________    ________    ___________    ____________    ____________    _______________    _________    ________    ____________________

    16       0      3     450    0.2       10       0.658          0           0          0               0                 0                0               0            0     22-Mar-2024 08:57:19
    16       1      3     450    0.2       10       0.794    -3.8892     -3.8891          7              39             120.5           3.7873          20.468       87.274     22-Mar-2024 08:57:19
    16       2      3     450    0.2       10        0.89    -2.9314     -2.9314         10              13            118.78           3.6846          23.945       66.755     22-Mar-2024 08:57:19
    16       3      3     450    0.2       10       0.882    -2.8454     -2.8453         10               7            121.69           4.0138          20.401       85.213     22-Mar-2024 08:57:19
    16       4      3     450    0.2       10         0.9      -2.56       -2.56         10               5            118.67           3.7146          21.817       48.486     22-Mar-2024 08:57:19
    16       5      3     450    0.2       10       0.886    -2.4245     -2.4245         10               4            119.66           3.6876          20.155       94.754     22-Mar-2024 08:57:19
    16       6      3     450    0.2       10       0.888    -2.7659     -2.7659         10               5            119.36           3.6299          20.677       90.231     22-Mar-2024 08:57:19
    16       7      3     450    0.2       10       0.892    -2.7755     -2.7754         10               6            118.94           3.6644          22.241       83.175     22-Mar-2024 08:57:19
    16       8      3     450    0.2       10        0.89    -2.8008     -2.8008         10               6            119.99           3.7616          22.567       85.098     22-Mar-2024 08:57:19
    16       9      3     450    0.2       10       0.886    -2.6475     -2.6475         10               5            118.83           3.6391          20.323       84.358     22-Mar-2024 08:57:19
    16      10      3     450    0.2       10       0.894    -2.6684     -2.6684         10               5             118.6           3.6337          20.796       263.02     22-Mar-2024 08:57:19
    16      11      3     450    0.2       10       0.894    -2.5154     -2.5154         10               5            118.38           3.6128          20.909       80.315     22-Mar-2024 08:57:19
    16      12      3     450    0.2       10       0.888    -2.5438     -2.5438         10               7            116.82           3.4741          21.388       75.199     22-Mar-2024 08:57:19
    16      13      3     450    0.2       10       0.888    -2.5747     -2.5747         10               5            116.81           3.4324          21.242       77.161     22-Mar-2024 08:57:19
    16      14      3     450    0.2       10       0.884     -2.676      -2.676         10               7            118.52           3.5761          21.782       95.515     22-Mar-2024 08:57:19
    16      15      3     450    0.2       10       0.886    -2.7144     -2.7144         10               8            117.18           3.5677          20.542       97.335     22-Mar-2024 08:57:19
    16      16      3     450    0.2       10        0.89    -2.6869     -2.6869         10               5            117.71           3.5939          22.282       51.475     22-Mar-2024 08:57:19
    16      17      3     450    0.2       10       0.886    -2.6226     -2.6226         10               6            119.44           3.7901           22.18       113.07     22-Mar-2024 08:57:19
    16      18      3     450    0.2       10       0.888    -2.7099     -2.7099         10               6            120.14           3.7805           22.93       88.407     22-Mar-2024 08:57:19
    16      19      3     450    0.2       10       0.876    -2.7331     -2.7331         10               7            117.81           3.6689           22.59       82.609     22-Mar-2024 08:57:19
    16      20      3     450    0.2       10       0.884    -2.6736     -2.6736         10               6            116.76           3.5135          19.763       87.853     22-Mar-2024 08:57:19
    16      21      3     450    0.2       10       0.888    -2.6988     -2.6987         10               7            118.23           3.6603          21.227       49.568     22-Mar-2024 08:57:19
    16      22      3     450    0.2       10       0.876    -2.6173     -2.6172         10               8            119.18            3.722          20.411       82.412     22-Mar-2024 08:57:19
    16      23      3     450    0.2       10       0.892    -2.5785     -2.5785         10               6            119.85           3.7436          21.756       101.09     22-Mar-2024 08:57:19
    16      24      3     450    0.2       10       0.888    -2.6117     -2.6116         10               6            119.08           3.7333          20.496       69.636     22-Mar-2024 08:57:19
    16      25      3     450    0.2       10       0.896    -2.5373     -2.5373         10               6            120.14           3.8551          23.223       65.241     22-Mar-2024 08:57:19
    16      26      3     450    0.2       10       0.888    -2.4848     -2.4847         10               6            120.14           3.7954          20.634       43.582     22-Mar-2024 08:57:19
    16      27      3     450    0.2       10        0.89    -2.6954     -2.6954         10               7            119.85           3.8142          22.785       69.509     22-Mar-2024 08:57:19
    16      28      3     450    0.2       10        0.88    -2.7822     -2.7822         10               5            121.07           3.8296          20.298       92.026     22-Mar-2024 08:57:19
    16      29      3     450    0.2       10       0.888    -2.7701       -2.77         10               6            120.33           3.7312          23.956       93.128     22-Mar-2024 08:57:19
    16      30      3     450    0.2       10       0.894    -2.6541     -2.6541         10               8            119.34           3.7469           20.72       57.605     22-Mar-2024 08:57:19

