==========================================
SLURM_JOB_ID = 20384294
SLURM_JOB_NODELIST = b22-04
TMPDIR = /tmp/SLURM_20384294
==========================================
hello
Starting parallel pool (parpool) ...
Connected to the parallel pool (number of workers: 15).

pool = 

 ProcessPool with properties: 

            Connected: true
           NumWorkers: 15
                 Busy: false
              Cluster: Local
        AttachedFiles: {}
    AutoAddClientPath: true
            FileStore: [1x1 parallel.FileStore]
           ValueStore: [1x1 parallel.ValueStore]
          IdleTimeout: 30 minutes (30 minutes remaining)
          SpmdEnabled: true


p =

   450


Delta =

     5


s =

    10


n =

   500


ii =

    23


table_name =

    'sparse_kmeans_isee_denoise'


conn = 

  sqlite with properties:

      Database: '/home1/jongminm/sparse_kmeans/sparse_kmeans.db'
    IsReadOnly: 0
    AutoCommit: 'on'


rho =

    0.4500


M =

    1.0202

delta confirmed: 5.000000
ans =

    5.0854


rep =

    89

replication: (89)th 

thres=0.275560
1 th thresholding

  breakyes=3.2,  dualfeasorg deteriorated too much: primfeasorg=7.73e-07,dualfeasorg=3.07e-05
49 entries survived 

2 th thresholding

  breakyes=1.0,  maxresidual < 1.00e-06
40 entries survived 

3 th thresholding

  breakyes=1.0,  maxresidual < 1.00e-06
34 entries survived 

4 th thresholding

  breakyes=1.0,  maxresidual < 1.00e-06
32 entries survived 

5 th thresholding

  breakyes=1.3,  maxresidual < 1.00e-06
37 entries survived 

6 th thresholding

  breakyes=1.0,  maxresidual < 1.00e-06
34 entries survived 

7 th thresholding

  breakyes=3.2,  dualfeasorg deteriorated too much: primfeasorg=1.80e-06,dualfeasorg=1.62e-05
36 entries survived 

8 th thresholding

  breakyes=3.2,  dualfeasorg deteriorated too much: primfeasorg=1.80e-06,dualfeasorg=1.62e-05
36 entries survived 

9 th thresholding

  breakyes=3.2,  dualfeasorg deteriorated too much: primfeasorg=1.80e-06,dualfeasorg=1.62e-05
36 entries survived 

10 th thresholding

  breakyes=3.2,  dualfeasorg deteriorated too much: primfeasorg=1.80e-06,dualfeasorg=1.62e-05
36 entries survived 

11 th thresholding

  breakyes=3.2,  dualfeasorg deteriorated too much: primfeasorg=1.80e-06,dualfeasorg=1.62e-05
36 entries survived 

12 th thresholding

  breakyes=3.2,  dualfeasorg deteriorated too much: primfeasorg=1.80e-06,dualfeasorg=1.62e-05
36 entries survived 

13 th thresholding

  breakyes=3.2,  dualfeasorg deteriorated too much: primfeasorg=1.80e-06,dualfeasorg=1.62e-05
36 entries survived 

14 th thresholding

  breakyes=3.2,  dualfeasorg deteriorated too much: primfeasorg=1.80e-06,dualfeasorg=1.62e-05
36 entries survived 

15 th thresholding

  breakyes=3.2,  dualfeasorg deteriorated too much: primfeasorg=1.80e-06,dualfeasorg=1.62e-05
36 entries survived 

16 th thresholding

  breakyes=3.2,  dualfeasorg deteriorated too much: primfeasorg=1.80e-06,dualfeasorg=1.62e-05
36 entries survived 

17 th thresholding

  breakyes=3.2,  dualfeasorg deteriorated too much: primfeasorg=1.80e-06,dualfeasorg=1.62e-05
36 entries survived 

18 th thresholding

  breakyes=3.2,  dualfeasorg deteriorated too much: primfeasorg=1.80e-06,dualfeasorg=1.62e-05
36 entries survived 

19 th thresholding

  breakyes=3.2,  dualfeasorg deteriorated too much: primfeasorg=1.80e-06,dualfeasorg=1.62e-05
36 entries survived 

20 th thresholding

  breakyes=3.2,  dualfeasorg deteriorated too much: primfeasorg=1.80e-06,dualfeasorg=1.62e-05
36 entries survived 

21 th thresholding

  breakyes=3.2,  dualfeasorg deteriorated too much: primfeasorg=1.80e-06,dualfeasorg=1.62e-05
36 entries survived 

22 th thresholding

  breakyes=3.2,  dualfeasorg deteriorated too much: primfeasorg=1.80e-06,dualfeasorg=1.62e-05
36 entries survived 

23 th thresholding

  breakyes=3.2,  dualfeasorg deteriorated too much: primfeasorg=1.80e-06,dualfeasorg=1.62e-05
36 entries survived 

24 th thresholding

  breakyes=3.2,  dualfeasorg deteriorated too much: primfeasorg=1.80e-06,dualfeasorg=1.62e-05
36 entries survived 

25 th thresholding

  breakyes=3.2,  dualfeasorg deteriorated too much: primfeasorg=1.80e-06,dualfeasorg=1.62e-05
36 entries survived 

26 th thresholding

  breakyes=3.2,  dualfeasorg deteriorated too much: primfeasorg=1.80e-06,dualfeasorg=1.62e-05
36 entries survived 

27 th thresholding

  breakyes=3.2,  dualfeasorg deteriorated too much: primfeasorg=1.80e-06,dualfeasorg=1.62e-05
36 entries survived 

28 th thresholding

  breakyes=3.2,  dualfeasorg deteriorated too much: primfeasorg=1.80e-06,dualfeasorg=1.62e-05
36 entries survived 

29 th thresholding

  breakyes=3.2,  dualfeasorg deteriorated too much: primfeasorg=1.80e-06,dualfeasorg=1.62e-05
36 entries survived 

30 th thresholding

  breakyes=3.2,  dualfeasorg deteriorated too much: primfeasorg=1.80e-06,dualfeasorg=1.62e-05
36 entries survived 

acc_vec =

    0.7000
    0.8660
    0.9280
    0.9660
    0.9780
    0.9760
    0.9760
    0.9760
    0.9760
    0.9760
    0.9760
    0.9760
    0.9760
    0.9760
    0.9760
    0.9760
    0.9760
    0.9760
    0.9760
    0.9760
    0.9760
    0.9760
    0.9760
    0.9760
    0.9760
    0.9760
    0.9760
    0.9760
    0.9760
    0.9760
    0.9760

acc =0.700000  0.866000  0.928000  0.966000  0.978000  0.976000  0.976000  0.976000  0.976000  0.976000  0.976000  0.976000  0.976000  0.976000  0.976000  0.976000  0.976000  0.976000  0.976000  0.976000  0.976000  0.976000  0.976000  0.976000  0.976000  0.976000  0.976000  0.976000  0.976000  0.976000  0.976000 

discov_true_vec =

     6
    10
    10
    10
    10
    10
    10
    10
    10
    10
    10
    10
    10
    10
    10
    10
    10
    10
    10
    10
    10
    10
    10
    10
    10
    10
    10
    10
    10
    10


discov_false_vec =

    43
    30
    24
    22
    27
    24
    26
    26
    26
    26
    26
    26
    26
    26
    26
    26
    26
    26
    26
    26
    26
    26
    26
    26
    26
    26
    26
    26
    26
    26


data =

  31x16 table

    rep    iter    sep    dim    rho     sparsity     acc     obj_prim    obj_dual    discov_true    discov_false    diff_x_tilde    diff_omega_diag    time_isee    time_SDP          jobdate       
    ___    ____    ___    ___    ____    ________    _____    ________    ________    ___________    ____________    ____________    _______________    _________    ________    ____________________

    89       0      5     450    0.45       10         0.7          0           0          0               0                 0                0               0            0     22-Mar-2024 09:33:51
    89       1      5     450    0.45       10       0.866    -11.115     -11.115          6              43             206.6           9.0653          18.178       79.532     22-Mar-2024 09:33:51
    89       2      5     450    0.45       10       0.928    -19.139     -19.139         10              30            198.91           8.9267          15.244       18.494     22-Mar-2024 09:33:51
    89       3      5     450    0.45       10       0.966     -17.59      -17.59         10              24            202.86           9.3666          15.036       20.646     22-Mar-2024 09:33:51
    89       4      5     450    0.45       10       0.978    -15.174     -15.174         10              22            198.88           8.8232           14.94       35.382     22-Mar-2024 09:33:51
    89       5      5     450    0.45       10       0.976    -17.504     -17.504         10              27             199.3            8.818          14.915       33.968     22-Mar-2024 09:33:51
    89       6      5     450    0.45       10       0.976    -19.965     -19.965         10              24            198.95           8.8413          15.433       38.171     22-Mar-2024 09:33:51
    89       7      5     450    0.45       10       0.976    -17.472     -17.472         10              26            199.09           8.9004          15.169       22.962     22-Mar-2024 09:33:51
    89       8      5     450    0.45       10       0.976    -17.472     -17.472         10              26            199.09           8.9004          15.578       23.132     22-Mar-2024 09:33:51
    89       9      5     450    0.45       10       0.976    -17.472     -17.472         10              26            199.09           8.9004          15.624       23.296     22-Mar-2024 09:33:51
    89      10      5     450    0.45       10       0.976    -17.472     -17.472         10              26            199.09           8.9004          15.296       24.482     22-Mar-2024 09:33:51
    89      11      5     450    0.45       10       0.976    -17.472     -17.472         10              26            199.09           8.9004          15.441       22.586     22-Mar-2024 09:33:51
    89      12      5     450    0.45       10       0.976    -17.472     -17.472         10              26            199.09           8.9004          15.935       22.977     22-Mar-2024 09:33:51
    89      13      5     450    0.45       10       0.976    -17.472     -17.472         10              26            199.09           8.9004          15.431       23.314     22-Mar-2024 09:33:51
    89      14      5     450    0.45       10       0.976    -17.472     -17.472         10              26            199.09           8.9004          15.447       23.498     22-Mar-2024 09:33:51
    89      15      5     450    0.45       10       0.976    -17.472     -17.472         10              26            199.09           8.9004          15.349       22.323     22-Mar-2024 09:33:51
    89      16      5     450    0.45       10       0.976    -17.472     -17.472         10              26            199.09           8.9004          15.354       22.493     22-Mar-2024 09:33:51
    89      17      5     450    0.45       10       0.976    -17.472     -17.472         10              26            199.09           8.9004          16.449       22.885     22-Mar-2024 09:33:51
    89      18      5     450    0.45       10       0.976    -17.472     -17.472         10              26            199.09           8.9004          15.407       22.639     22-Mar-2024 09:33:51
    89      19      5     450    0.45       10       0.976    -17.472     -17.472         10              26            199.09           8.9004          15.227       22.592     22-Mar-2024 09:33:51
    89      20      5     450    0.45       10       0.976    -17.472     -17.472         10              26            199.09           8.9004          15.548       23.091     22-Mar-2024 09:33:51
    89      21      5     450    0.45       10       0.976    -17.472     -17.472         10              26            199.09           8.9004           15.25       22.681     22-Mar-2024 09:33:51
    89      22      5     450    0.45       10       0.976    -17.472     -17.472         10              26            199.09           8.9004          15.324       23.076     22-Mar-2024 09:33:51
    89      23      5     450    0.45       10       0.976    -17.472     -17.472         10              26            199.09           8.9004          15.895       23.144     22-Mar-2024 09:33:51
    89      24      5     450    0.45       10       0.976    -17.472     -17.472         10              26            199.09           8.9004          15.373       22.152     22-Mar-2024 09:33:51
    89      25      5     450    0.45       10       0.976    -17.472     -17.472         10              26            199.09           8.9004          15.391       22.848     22-Mar-2024 09:33:51
    89      26      5     450    0.45       10       0.976    -17.472     -17.472         10              26            199.09           8.9004          15.552       22.949     22-Mar-2024 09:33:51
    89      27      5     450    0.45       10       0.976    -17.472     -17.472         10              26            199.09           8.9004          15.096       23.066     22-Mar-2024 09:33:51
    89      28      5     450    0.45       10       0.976    -17.472     -17.472         10              26            199.09           8.9004          15.585       22.774     22-Mar-2024 09:33:51
    89      29      5     450    0.45       10       0.976    -17.472     -17.472         10              26            199.09           8.9004          15.424       22.997     22-Mar-2024 09:33:51
    89      30      5     450    0.45       10       0.976    -17.472     -17.472         10              26            199.09           8.9004          15.291       23.098     22-Mar-2024 09:33:51


rep =

    90

replication: (90)th 

thres=0.275560
1 th thresholding

  breakyes=1.3,  maxresidual < 1.00e-06
61 entries survived 

2 th thresholding

  breakyes=1.3,  maxresidual < 1.00e-06
40 entries survived 

3 th thresholding

  breakyes=1.4,  maxresidual < 1.00e-06
43 entries survived 

4 th thresholding

  breakyes=1.4,  maxresidual < 1.00e-06
41 entries survived 

5 th thresholding

  breakyes=1.0,  maxresidual < 1.00e-06
37 entries survived 

6 th thresholding

  breakyes=1.4,  maxresidual < 1.00e-06
34 entries survived 

7 th thresholding

  breakyes=1.4,  maxresidual < 1.00e-06
35 entries survived 

8 th thresholding

  breakyes=3.2,  dualfeasorg deteriorated too much: primfeasorg=1.34e-06,dualfeasorg=3.81e-05
38 entries survived 

9 th thresholding

  breakyes=1.0,  maxresidual < 1.00e-06
41 entries survived 

10 th thresholding

  breakyes=1.4,  maxresidual < 1.00e-06
33 entries survived 

11 th thresholding

  breakyes=3.2,  dualfeasorg deteriorated too much: primfeasorg=4.74e-06,dualfeasorg=3.67e-05
36 entries survived 

12 th thresholding

  breakyes=3.2,  dualfeasorg deteriorated too much: primfeasorg=4.74e-06,dualfeasorg=3.67e-05
36 entries survived 

13 th thresholding

  breakyes=3.2,  dualfeasorg deteriorated too much: primfeasorg=4.74e-06,dualfeasorg=3.67e-05
36 entries survived 

14 th thresholding

  breakyes=3.2,  dualfeasorg deteriorated too much: primfeasorg=4.74e-06,dualfeasorg=3.67e-05
36 entries survived 

15 th thresholding

  breakyes=3.2,  dualfeasorg deteriorated too much: primfeasorg=4.74e-06,dualfeasorg=3.67e-05
36 entries survived 

16 th thresholding

  breakyes=3.2,  dualfeasorg deteriorated too much: primfeasorg=4.74e-06,dualfeasorg=3.67e-05
36 entries survived 

17 th thresholding

  breakyes=3.2,  dualfeasorg deteriorated too much: primfeasorg=4.74e-06,dualfeasorg=3.67e-05
36 entries survived 

18 th thresholding

  breakyes=3.2,  dualfeasorg deteriorated too much: primfeasorg=4.74e-06,dualfeasorg=3.67e-05
36 entries survived 

19 th thresholding

  breakyes=3.2,  dualfeasorg deteriorated too much: primfeasorg=4.74e-06,dualfeasorg=3.67e-05
36 entries survived 

20 th thresholding

  breakyes=3.2,  dualfeasorg deteriorated too much: primfeasorg=4.74e-06,dualfeasorg=3.67e-05
36 entries survived 

21 th thresholding

  breakyes=3.2,  dualfeasorg deteriorated too much: primfeasorg=4.74e-06,dualfeasorg=3.67e-05
36 entries survived 

22 th thresholding

  breakyes=3.2,  dualfeasorg deteriorated too much: primfeasorg=4.74e-06,dualfeasorg=3.67e-05
36 entries survived 

23 th thresholding

  breakyes=3.2,  dualfeasorg deteriorated too much: primfeasorg=4.74e-06,dualfeasorg=3.67e-05
36 entries survived 

24 th thresholding

  breakyes=3.2,  dualfeasorg deteriorated too much: primfeasorg=4.74e-06,dualfeasorg=3.67e-05
36 entries survived 

25 th thresholding

  breakyes=3.2,  dualfeasorg deteriorated too much: primfeasorg=4.74e-06,dualfeasorg=3.67e-05
36 entries survived 

26 th thresholding

  breakyes=3.2,  dualfeasorg deteriorated too much: primfeasorg=4.74e-06,dualfeasorg=3.67e-05
36 entries survived 

27 th thresholding

  breakyes=3.2,  dualfeasorg deteriorated too much: primfeasorg=4.74e-06,dualfeasorg=3.67e-05
36 entries survived 

28 th thresholding

  breakyes=3.2,  dualfeasorg deteriorated too much: primfeasorg=4.74e-06,dualfeasorg=3.67e-05
36 entries survived 

29 th thresholding

  breakyes=3.2,  dualfeasorg deteriorated too much: primfeasorg=4.74e-06,dualfeasorg=3.67e-05
36 entries survived 

30 th thresholding

  breakyes=3.2,  dualfeasorg deteriorated too much: primfeasorg=4.74e-06,dualfeasorg=3.67e-05
36 entries survived 

acc_vec =

    0.7160
    0.8560
    0.9240
    0.9520
    0.9620
    0.9760
    0.9720
    0.9680
    0.9720
    0.9700
    0.9740
    0.9740
    0.9740
    0.9740
    0.9740
    0.9740
    0.9740
    0.9740
    0.9740
    0.9740
    0.9740
    0.9740
    0.9740
    0.9740
    0.9740
    0.9740
    0.9740
    0.9740
    0.9740
    0.9740
    0.9740

acc =0.716000  0.856000  0.924000  0.952000  0.962000  0.976000  0.972000  0.968000  0.972000  0.970000  0.974000  0.974000  0.974000  0.974000  0.974000  0.974000  0.974000  0.974000  0.974000  0.974000  0.974000  0.974000  0.974000  0.974000  0.974000  0.974000  0.974000  0.974000  0.974000  0.974000  0.974000 

discov_true_vec =

     8
    10
    10
    10
    10
    10
    10
    10
    10
    10
    10
    10
    10
    10
    10
    10
    10
    10
    10
    10
    10
    10
    10
    10
    10
    10
    10
    10
    10
    10


discov_false_vec =

    53
    30
    33
    31
    27
    24
    25
    28
    31
    23
    26
    26
    26
    26
    26
    26
    26
    26
    26
    26
    26
    26
    26
    26
    26
    26
    26
    26
    26
    26


data =

  31x16 table

    rep    iter    sep    dim    rho     sparsity     acc     obj_prim    obj_dual    discov_true    discov_false    diff_x_tilde    diff_omega_diag    time_isee    time_SDP          jobdate       
    ___    ____    ___    ___    ____    ________    _____    ________    ________    ___________    ____________    ____________    _______________    _________    ________    ____________________

    90       0      5     450    0.45       10       0.716          0           0          0               0                 0                0               0            0     22-Mar-2024 09:49:05
    90       1      5     450    0.45       10       0.856    -15.177     -15.177          8              53            212.36           9.5681          15.342       67.422     22-Mar-2024 09:49:05
    90       2      5     450    0.45       10       0.924      -18.6       -18.6         10              30            205.07           9.1438          15.432        22.62     22-Mar-2024 09:49:05
    90       3      5     450    0.45       10       0.952    -18.882     -18.882         10              33            206.91           9.3507          15.095       26.252     22-Mar-2024 09:49:05
    90       4      5     450    0.45       10       0.962     -18.27      -18.27         10              31            206.18           9.4048          15.768       25.985     22-Mar-2024 09:49:05
    90       5      5     450    0.45       10       0.976    -17.156     -17.156         10              27            203.13           9.1998          15.512       20.247     22-Mar-2024 09:49:05
    90       6      5     450    0.45       10       0.972    -15.708     -15.708         10              24            202.99           9.0949          15.301        22.78     22-Mar-2024 09:49:05
    90       7      5     450    0.45       10       0.968    -15.355     -15.355         10              25            202.19           9.0491          15.488       23.077     22-Mar-2024 09:49:05
    90       8      5     450    0.45       10       0.972    -16.845     -16.845         10              28            205.36           9.3965          15.347       19.417     22-Mar-2024 09:49:05
    90       9      5     450    0.45       10        0.97    -16.836     -16.836         10              31            204.76           9.3981          15.484       26.851     22-Mar-2024 09:49:05
    90      10      5     450    0.45       10       0.974    -19.079     -19.077         10              23            202.79           8.9938          15.523       23.228     22-Mar-2024 09:49:05
    90      11      5     450    0.45       10       0.974    -18.709     -18.709         10              26            203.92           9.1247          15.484       8.7355     22-Mar-2024 09:49:05
    90      12      5     450    0.45       10       0.974    -18.709     -18.709         10              26            203.92           9.1247           15.49       8.5784     22-Mar-2024 09:49:05
    90      13      5     450    0.45       10       0.974    -18.709     -18.709         10              26            203.92           9.1247          15.355       8.3526     22-Mar-2024 09:49:05
    90      14      5     450    0.45       10       0.974    -18.709     -18.709         10              26            203.92           9.1247          15.716       8.6393     22-Mar-2024 09:49:05
    90      15      5     450    0.45       10       0.974    -18.709     -18.709         10              26            203.92           9.1247          15.539       8.5381     22-Mar-2024 09:49:05
    90      16      5     450    0.45       10       0.974    -18.709     -18.709         10              26            203.92           9.1247          15.688       8.4899     22-Mar-2024 09:49:05
    90      17      5     450    0.45       10       0.974    -18.709     -18.709         10              26            203.92           9.1247          15.447       8.4063     22-Mar-2024 09:49:05
    90      18      5     450    0.45       10       0.974    -18.709     -18.709         10              26            203.92           9.1247          15.583       8.3751     22-Mar-2024 09:49:05
    90      19      5     450    0.45       10       0.974    -18.709     -18.709         10              26            203.92           9.1247           15.46       8.3736     22-Mar-2024 09:49:05
    90      20      5     450    0.45       10       0.974    -18.709     -18.709         10              26            203.92           9.1247          15.782       8.3749     22-Mar-2024 09:49:05
    90      21      5     450    0.45       10       0.974    -18.709     -18.709         10              26            203.92           9.1247          15.748       8.4034     22-Mar-2024 09:49:05
    90      22      5     450    0.45       10       0.974    -18.709     -18.709         10              26            203.92           9.1247          15.333       8.4191     22-Mar-2024 09:49:05
    90      23      5     450    0.45       10       0.974    -18.709     -18.709         10              26            203.92           9.1247          15.324       8.5123     22-Mar-2024 09:49:05
    90      24      5     450    0.45       10       0.974    -18.709     -18.709         10              26            203.92           9.1247          15.449       8.5353     22-Mar-2024 09:49:05
    90      25      5     450    0.45       10       0.974    -18.709     -18.709         10              26            203.92           9.1247          15.319        8.493     22-Mar-2024 09:49:05
    90      26      5     450    0.45       10       0.974    -18.709     -18.709         10              26            203.92           9.1247          15.635       8.7008     22-Mar-2024 09:49:05
    90      27      5     450    0.45       10       0.974    -18.709     -18.709         10              26            203.92           9.1247          15.999       8.2903     22-Mar-2024 09:49:05
    90      28      5     450    0.45       10       0.974    -18.709     -18.709         10              26            203.92           9.1247          15.565       8.7236     22-Mar-2024 09:49:05
    90      29      5     450    0.45       10       0.974    -18.709     -18.709         10              26            203.92           9.1247          15.892       8.4435     22-Mar-2024 09:49:05
    90      30      5     450    0.45       10       0.974    -18.709     -18.709         10              26            203.92           9.1247          15.717       8.4619     22-Mar-2024 09:49:05


rep =

    91

replication: (91)th 

thres=0.275560
1 th thresholding

  breakyes=1.4,  maxresidual < 1.00e-06
54 entries survived 

2 th thresholding

  breakyes=4.1,  primfeasorg stagnate, 0.00e+00
39 entries survived 

3 th thresholding

  breakyes = 1.0,  maxresidual < 1.00e-04  breakyes=3.2,  dualfeasorg deteriorated too much: primfeasorg=1.62e-06,dualfeasorg=4.44e-06
37 entries survived 

4 th thresholding

  breakyes=1.0,  maxresidual < 1.00e-06
47 entries survived 

5 th thresholding

  breakyes=1.4,  maxresidual < 1.00e-06
46 entries survived 

6 th thresholding

  breakyes=1.4,  maxresidual < 1.00e-06
40 entries survived 

7 th thresholding

  breakyes=3.2,  dualfeasorg deteriorated too much: primfeasorg=3.11e-06,dualfeasorg=1.84e-05
36 entries survived 

8 th thresholding

  breakyes=1.4,  maxresidual < 1.00e-06
43 entries survived 

9 th thresholding

  breakyes=1.0,  maxresidual < 1.00e-06
41 entries survived 

10 th thresholding

  breakyes=1.4,  maxresidual < 1.00e-06
40 entries survived 

11 th thresholding

  breakyes=1.4,  maxresidual < 1.00e-06
36 entries survived 

12 th thresholding

  breakyes=1.4,  maxresidual < 1.00e-06
36 entries survived 

13 th thresholding

  breakyes=1.4,  maxresidual < 1.00e-06
36 entries survived 

14 th thresholding

  breakyes=1.4,  maxresidual < 1.00e-06
36 entries survived 

15 th thresholding

  breakyes=1.4,  maxresidual < 1.00e-06
36 entries survived 

16 th thresholding

  breakyes=1.4,  maxresidual < 1.00e-06
36 entries survived 

17 th thresholding

  breakyes=1.4,  maxresidual < 1.00e-06
36 entries survived 

18 th thresholding

  breakyes=1.4,  maxresidual < 1.00e-06
36 entries survived 

19 th thresholding

  breakyes=1.4,  maxresidual < 1.00e-06
36 entries survived 

20 th thresholding

  breakyes=1.4,  maxresidual < 1.00e-06
36 entries survived 

21 th thresholding

  breakyes=1.4,  maxresidual < 1.00e-06
36 entries survived 

22 th thresholding

  breakyes=1.4,  maxresidual < 1.00e-06
36 entries survived 

23 th thresholding

  breakyes=1.4,  maxresidual < 1.00e-06
36 entries survived 

24 th thresholding

  breakyes=1.4,  maxresidual < 1.00e-06
36 entries survived 

25 th thresholding

  breakyes=1.4,  maxresidual < 1.00e-06
36 entries survived 

26 th thresholding

  breakyes=1.4,  maxresidual < 1.00e-06
36 entries survived 

27 th thresholding

  breakyes=1.4,  maxresidual < 1.00e-06
36 entries survived 

28 th thresholding

  breakyes=1.4,  maxresidual < 1.00e-06
36 entries survived 

29 th thresholding

  breakyes=1.4,  maxresidual < 1.00e-06
36 entries survived 

30 th thresholding

  breakyes=1.4,  maxresidual < 1.00e-06
36 entries survived 

acc_vec =

    0.6140
    0.7020
    0.8060
    0.9140
    0.9560
    0.9700
    0.9740
    0.9760
    0.9780
    0.9800
    0.9820
    0.9820
    0.9820
    0.9820
    0.9820
    0.9820
    0.9820
    0.9820
    0.9820
    0.9820
    0.9820
    0.9820
    0.9820
    0.9820
    0.9820
    0.9820
    0.9820
    0.9820
    0.9820
    0.9820
    0.9820

acc =0.614000  0.702000  0.806000  0.914000  0.956000  0.970000  0.974000  0.976000  0.978000  0.980000  0.982000  0.982000  0.982000  0.982000  0.982000  0.982000  0.982000  0.982000  0.982000  0.982000  0.982000  0.982000  0.982000  0.982000  0.982000  0.982000  0.982000  0.982000  0.982000  0.982000  0.982000 

discov_true_vec =

     3
     8
    10
    10
    10
    10
    10
    10
    10
    10
    10
    10
    10
    10
    10
    10
    10
    10
    10
    10
    10
    10
    10
    10
    10
    10
    10
    10
    10
    10


discov_false_vec =

    51
    31
    27
    37
    36
    30
    26
    33
    31
    30
    26
    26
    26
    26
    26
    26
    26
    26
    26
    26
    26
    26
    26
    26
    26
    26
    26
    26
    26
    26


data =

  31x16 table

    rep    iter    sep    dim    rho     sparsity     acc     obj_prim    obj_dual    discov_true    discov_false    diff_x_tilde    diff_omega_diag    time_isee    time_SDP          jobdate       
    ___    ____    ___    ___    ____    ________    _____    ________    ________    ___________    ____________    ____________    _______________    _________    ________    ____________________

    91       0      5     450    0.45       10       0.614          0           0          0               0                 0                0               0            0     22-Mar-2024 10:10:21
    91       1      5     450    0.45       10       0.702    -8.6688     -8.6687          3              51            207.11            9.036          15.728       27.754     22-Mar-2024 10:10:21
    91       2      5     450    0.45       10       0.806      -11.5       -11.5          8              31            204.56           9.0477          15.368        68.94     22-Mar-2024 10:10:21
    91       3      5     450    0.45       10       0.914    -14.432     -14.432         10              27            205.33            9.261          15.373       31.171     22-Mar-2024 10:10:21
    91       4      5     450    0.45       10       0.956    -17.854     -17.854         10              37            197.71             8.76           15.14         21.7     22-Mar-2024 10:10:21
    91       5      5     450    0.45       10        0.97    -18.315     -18.315         10              36               199           9.0336          15.665       22.642     22-Mar-2024 10:10:21
    91       6      5     450    0.45       10       0.974    -18.248     -18.248         10              30            204.84           9.4082          15.421       27.137     22-Mar-2024 10:10:21
    91       7      5     450    0.45       10       0.976    -17.459     -17.459         10              26            200.53           9.0109          15.665       9.4327     22-Mar-2024 10:10:21
    91       8      5     450    0.45       10       0.978    -17.083     -17.083         10              33            203.72            9.458          15.603       34.757     22-Mar-2024 10:10:21
    91       9      5     450    0.45       10        0.98    -18.482     -18.482         10              31            206.91           9.4467          15.604       24.164     22-Mar-2024 10:10:21
    91      10      5     450    0.45       10       0.982    -18.915     -18.914         10              30            205.68           9.2768          15.872        27.91     22-Mar-2024 10:10:21
    91      11      5     450    0.45       10       0.982    -18.143     -18.143         10              26            204.87           9.2498          15.318       25.731     22-Mar-2024 10:10:21
    91      12      5     450    0.45       10       0.982    -18.143     -18.143         10              26            204.87           9.2498          15.454        25.69     22-Mar-2024 10:10:21
    91      13      5     450    0.45       10       0.982    -18.143     -18.143         10              26            204.87           9.2498          15.524       25.053     22-Mar-2024 10:10:21
    91      14      5     450    0.45       10       0.982    -18.143     -18.143         10              26            204.87           9.2498          15.552        25.64     22-Mar-2024 10:10:21
    91      15      5     450    0.45       10       0.982    -18.143     -18.143         10              26            204.87           9.2498          15.651       25.771     22-Mar-2024 10:10:21
    91      16      5     450    0.45       10       0.982    -18.143     -18.143         10              26            204.87           9.2498          15.605        26.57     22-Mar-2024 10:10:21
    91      17      5     450    0.45       10       0.982    -18.143     -18.143         10              26            204.87           9.2498          15.381       25.802     22-Mar-2024 10:10:21
    91      18      5     450    0.45       10       0.982    -18.143     -18.143         10              26            204.87           9.2498          15.583       25.347     22-Mar-2024 10:10:21
    91      19      5     450    0.45       10       0.982    -18.143     -18.143         10              26            204.87           9.2498           15.53       25.849     22-Mar-2024 10:10:21
    91      20      5     450    0.45       10       0.982    -18.143     -18.143         10              26            204.87           9.2498          15.334       25.624     22-Mar-2024 10:10:21
    91      21      5     450    0.45       10       0.982    -18.143     -18.143         10              26            204.87           9.2498          15.676       25.816     22-Mar-2024 10:10:21
    91      22      5     450    0.45       10       0.982    -18.143     -18.143         10              26            204.87           9.2498          15.748       25.736     22-Mar-2024 10:10:21
    91      23      5     450    0.45       10       0.982    -18.143     -18.143         10              26            204.87           9.2498          15.586       25.808     22-Mar-2024 10:10:21
    91      24      5     450    0.45       10       0.982    -18.143     -18.143         10              26            204.87           9.2498          15.709       25.766     22-Mar-2024 10:10:21
    91      25      5     450    0.45       10       0.982    -18.143     -18.143         10              26            204.87           9.2498          15.441       25.651     22-Mar-2024 10:10:21
    91      26      5     450    0.45       10       0.982    -18.143     -18.143         10              26            204.87           9.2498          15.388       25.735     22-Mar-2024 10:10:21
    91      27      5     450    0.45       10       0.982    -18.143     -18.143         10              26            204.87           9.2498          15.559       25.957     22-Mar-2024 10:10:21
    91      28      5     450    0.45       10       0.982    -18.143     -18.143         10              26            204.87           9.2498          15.317       25.944     22-Mar-2024 10:10:21
    91      29      5     450    0.45       10       0.982    -18.143     -18.143         10              26            204.87           9.2498          15.753       25.927     22-Mar-2024 10:10:21
    91      30      5     450    0.45       10       0.982    -18.143     -18.143         10              26            204.87           9.2498          15.499       25.209     22-Mar-2024 10:10:21


rep =

    92

replication: (92)th 

thres=0.275560
1 th thresholding

  breakyes=1.0,  maxresidual < 1.00e-06
61 entries survived 

2 th thresholding

  breakyes=1.4,  maxresidual < 1.00e-06
51 entries survived 

3 th thresholding

  breakyes=3.2,  dualfeasorg deteriorated too much: primfeasorg=1.24e-06,dualfeasorg=4.32e-05
43 entries survived 

4 th thresholding

  breakyes=3.2,  dualfeasorg deteriorated too much: primfeasorg=8.26e-07,dualfeasorg=3.69e-05
29 entries survived 

5 th thresholding

  breakyes=1.3,  maxresidual < 1.00e-06
31 entries survived 

6 th thresholding

  breakyes=1.0,  maxresidual < 1.00e-06
43 entries survived 

7 th thresholding

  breakyes=1.0,  maxresidual < 1.00e-06
34 entries survived 

8 th thresholding

  breakyes=1.0,  maxresidual < 1.00e-06
28 entries survived 

9 th thresholding

  breakyes=1.0,  maxresidual < 1.00e-06
27 entries survived 

10 th thresholding

  breakyes=1.0,  maxresidual < 1.00e-06
32 entries survived 

11 th thresholding

  breakyes=1.4,  maxresidual < 1.00e-06
34 entries survived 

12 th thresholding

  breakyes=1.0,  maxresidual < 1.00e-06
33 entries survived 

13 th thresholding

  breakyes=1.0,  maxresidual < 1.00e-06
33 entries survived 

14 th thresholding

  breakyes=1.0,  maxresidual < 1.00e-06
33 entries survived 

15 th thresholding

  breakyes=1.0,  maxresidual < 1.00e-06
33 entries survived 

16 th thresholding

  breakyes=1.0,  maxresidual < 1.00e-06
33 entries survived 

17 th thresholding

  breakyes=1.0,  maxresidual < 1.00e-06
33 entries survived 

18 th thresholding

  breakyes=1.0,  maxresidual < 1.00e-06
33 entries survived 

19 th thresholding

  breakyes=1.0,  maxresidual < 1.00e-06
33 entries survived 

20 th thresholding

  breakyes=1.0,  maxresidual < 1.00e-06
33 entries survived 

21 th thresholding

  breakyes=1.0,  maxresidual < 1.00e-06
33 entries survived 

22 th thresholding

  breakyes=1.0,  maxresidual < 1.00e-06
33 entries survived 

23 th thresholding

  breakyes=1.0,  maxresidual < 1.00e-06
33 entries survived 

24 th thresholding

  breakyes=1.0,  maxresidual < 1.00e-06
33 entries survived 

25 th thresholding

  breakyes=1.0,  maxresidual < 1.00e-06
33 entries survived 

26 th thresholding

  breakyes=1.0,  maxresidual < 1.00e-06
33 entries survived 

27 th thresholding

  breakyes=1.0,  maxresidual < 1.00e-06
33 entries survived 

28 th thresholding

  breakyes=1.0,  maxresidual < 1.00e-06
33 entries survived 

29 th thresholding

  breakyes=1.0,  maxresidual < 1.00e-06
33 entries survived 

30 th thresholding

  breakyes=1.0,  maxresidual < 1.00e-06
33 entries survived 

acc_vec =

    0.5040
    0.5220
    0.5000
    0.6840
    0.7680
    0.8820
    0.9620
    0.9740
    0.9760
    0.9780
    0.9800
    0.9780
    0.9780
    0.9780
    0.9780
    0.9780
    0.9780
    0.9780
    0.9780
    0.9780
    0.9780
    0.9780
    0.9780
    0.9780
    0.9780
    0.9780
    0.9780
    0.9780
    0.9780
    0.9780
    0.9780

acc =0.504000  0.522000  0.500000  0.684000  0.768000  0.882000  0.962000  0.974000  0.976000  0.978000  0.980000  0.978000  0.978000  0.978000  0.978000  0.978000  0.978000  0.978000  0.978000  0.978000  0.978000  0.978000  0.978000  0.978000  0.978000  0.978000  0.978000  0.978000  0.978000  0.978000  0.978000 

discov_true_vec =

     1
     2
     4
     5
     9
    10
    10
    10
    10
    10
    10
    10
    10
    10
    10
    10
    10
    10
    10
    10
    10
    10
    10
    10
    10
    10
    10
    10
    10
    10


discov_false_vec =

    60
    49
    39
    24
    22
    33
    24
    18
    17
    22
    24
    23
    23
    23
    23
    23
    23
    23
    23
    23
    23
    23
    23
    23
    23
    23
    23
    23
    23
    23


data =

  31x16 table

    rep    iter    sep    dim    rho     sparsity     acc     obj_prim    obj_dual    discov_true    discov_false    diff_x_tilde    diff_omega_diag    time_isee    time_SDP          jobdate       
    ___    ____    ___    ___    ____    ________    _____    ________    ________    ___________    ____________    ____________    _______________    _________    ________    ____________________

    92       0      5     450    0.45       10       0.504          0           0          0               0                 0                0               0            0     22-Mar-2024 10:31:31
    92       1      5     450    0.45       10       0.522    -8.7706     -8.7706          1              60             207.2           9.0616          15.798       22.685     22-Mar-2024 10:31:31
    92       2      5     450    0.45       10         0.5    -7.4844     -7.4844          2              49            207.25           9.2122          15.221       47.044     22-Mar-2024 10:31:31
    92       3      5     450    0.45       10       0.684    -7.5393     -7.5392          4              39             207.1           9.0989          15.284       33.432     22-Mar-2024 10:31:31
    92       4      5     450    0.45       10       0.768    -7.0422     -7.0421          5              24            201.58           8.5819          15.745        58.54     22-Mar-2024 10:31:31
    92       5      5     450    0.45       10       0.882    -10.671     -10.671          9              22            200.17           8.6563           15.23       63.133     22-Mar-2024 10:31:31
    92       6      5     450    0.45       10       0.962    -15.092     -15.092         10              33             202.9           9.1248          15.707       17.396     22-Mar-2024 10:31:31
    92       7      5     450    0.45       10       0.974    -14.664     -14.664         10              24            201.16           9.2536          15.628       19.828     22-Mar-2024 10:31:31
    92       8      5     450    0.45       10       0.976    -15.103     -15.103         10              18            198.96           8.8611          15.646       42.193     22-Mar-2024 10:31:31
    92       9      5     450    0.45       10       0.978    -13.438     -13.438         10              17            197.47           8.7424          15.729       17.593     22-Mar-2024 10:31:31
    92      10      5     450    0.45       10        0.98    -14.338     -14.338         10              22            199.72           9.0068          15.367       14.414     22-Mar-2024 10:31:31
    92      11      5     450    0.45       10       0.978    -14.144     -14.144         10              24            201.41           9.1739          15.503        26.49     22-Mar-2024 10:31:31
    92      12      5     450    0.45       10       0.978    -14.601     -14.601         10              23            202.36           9.1532          15.706       23.336     22-Mar-2024 10:31:31
    92      13      5     450    0.45       10       0.978    -14.601     -14.601         10              23            202.36           9.1532          15.672       23.329     22-Mar-2024 10:31:31
    92      14      5     450    0.45       10       0.978    -14.601     -14.601         10              23            202.36           9.1532          15.795       23.427     22-Mar-2024 10:31:31
    92      15      5     450    0.45       10       0.978    -14.601     -14.601         10              23            202.36           9.1532          15.172       23.256     22-Mar-2024 10:31:31
    92      16      5     450    0.45       10       0.978    -14.601     -14.601         10              23            202.36           9.1532           15.56       23.028     22-Mar-2024 10:31:31
    92      17      5     450    0.45       10       0.978    -14.601     -14.601         10              23            202.36           9.1532          15.445       23.116     22-Mar-2024 10:31:31
    92      18      5     450    0.45       10       0.978    -14.601     -14.601         10              23            202.36           9.1532          15.754       23.038     22-Mar-2024 10:31:31
    92      19      5     450    0.45       10       0.978    -14.601     -14.601         10              23            202.36           9.1532           15.81       23.216     22-Mar-2024 10:31:31
    92      20      5     450    0.45       10       0.978    -14.601     -14.601         10              23            202.36           9.1532          15.551       23.094     22-Mar-2024 10:31:31
    92      21      5     450    0.45       10       0.978    -14.601     -14.601         10              23            202.36           9.1532          15.367       23.291     22-Mar-2024 10:31:31
    92      22      5     450    0.45       10       0.978    -14.601     -14.601         10              23            202.36           9.1532          15.496       23.342     22-Mar-2024 10:31:31
    92      23      5     450    0.45       10       0.978    -14.601     -14.601         10              23            202.36           9.1532          15.596       23.247     22-Mar-2024 10:31:31
    92      24      5     450    0.45       10       0.978    -14.601     -14.601         10              23            202.36           9.1532          15.596       23.001     22-Mar-2024 10:31:31
    92      25      5     450    0.45       10       0.978    -14.601     -14.601         10              23            202.36           9.1532          15.295       22.945     22-Mar-2024 10:31:31
    92      26      5     450    0.45       10       0.978    -14.601     -14.601         10              23            202.36           9.1532          15.611       22.969     22-Mar-2024 10:31:31
    92      27      5     450    0.45       10       0.978    -14.601     -14.601         10              23            202.36           9.1532          15.388       22.866     22-Mar-2024 10:31:31
    92      28      5     450    0.45       10       0.978    -14.601     -14.601         10              23            202.36           9.1532          15.614       23.026     22-Mar-2024 10:31:31
    92      29      5     450    0.45       10       0.978    -14.601     -14.601         10              23            202.36           9.1532          15.674       23.272     22-Mar-2024 10:31:31
    92      30      5     450    0.45       10       0.978    -14.601     -14.601         10              23            202.36           9.1532          15.756       23.164     22-Mar-2024 10:31:31

