==========================================
SLURM_JOB_ID = 20384438
SLURM_JOB_NODELIST = a03-04
TMPDIR = /tmp/SLURM_20384438
==========================================
hello
Starting parallel pool (parpool) ...
Connected to the parallel pool (number of workers: 15).

pool = 

 ProcessPool with properties: 

            Connected: true
           NumWorkers: 15
                 Busy: false
              Cluster: Local
        AttachedFiles: {}
    AutoAddClientPath: true
            FileStore: [1x1 parallel.FileStore]
           ValueStore: [1x1 parallel.ValueStore]
          IdleTimeout: 30 minutes (30 minutes remaining)
          SpmdEnabled: true


p =

   200


Delta =

     4


s =

    10


n =

   500


ii =

    17


table_name =

    'sparse_kmeans_isee_denoise'


conn = 

  sqlite with properties:

      Database: '/home1/jongminm/sparse_kmeans/sparse_kmeans.db'
    IsReadOnly: 0
    AutoCommit: 'on'


rho =

    0.4500


M =

    0.8161

delta confirmed: 4.000000
ans =

    4.0684


rep =

    65

replication: (65)th 

thres=0.256620
1 th thresholding

  breakyes=1.4,  maxresidual < 1.00e-06
22 entries survived 

2 th thresholding

  breakyes=1.4,  maxresidual < 1.00e-06
24 entries survived 

3 th thresholding

  breakyes=1.3,  maxresidual < 1.00e-06
29 entries survived 

4 th thresholding

  breakyes=1.3,  maxresidual < 1.00e-06
23 entries survived 

5 th thresholding

  breakyes=1.4,  maxresidual < 1.00e-06
21 entries survived 

6 th thresholding

  breakyes=3.2,  dualfeasorg deteriorated too much: primfeasorg=2.02e-06,dualfeasorg=6.09e-05
21 entries survived 

7 th thresholding

  breakyes=1.3,  maxresidual < 1.00e-06
17 entries survived 

8 th thresholding

  breakyes=1.4,  maxresidual < 1.00e-06
20 entries survived 

9 th thresholding

  breakyes=1.4,  maxresidual < 1.00e-06
22 entries survived 

10 th thresholding

  breakyes=3.2,  dualfeasorg deteriorated too much: primfeasorg=2.19e-06,dualfeasorg=2.05e-05
24 entries survived 

11 th thresholding

  breakyes=1.4,  maxresidual < 1.00e-06
38 entries survived 

12 th thresholding

  breakyes=4.1,  primfeasorg stagnate, 0.00e+00
33 entries survived 

13 th thresholding

  breakyes=1.0,  maxresidual < 1.00e-06
24 entries survived 

14 th thresholding

  breakyes=1.4,  maxresidual < 1.00e-06
16 entries survived 

15 th thresholding

  breakyes=4.1,  primfeasorg stagnate, 0.00e+00
21 entries survived 

16 th thresholding

  breakyes=1.0,  maxresidual < 1.00e-06
22 entries survived 

17 th thresholding

  breakyes=1.0,  maxresidual < 1.00e-06
18 entries survived 

18 th thresholding

  breakyes=1.0,  maxresidual < 1.00e-06
14 entries survived 

19 th thresholding

  breakyes=1.0,  maxresidual < 1.00e-06
17 entries survived 

20 th thresholding

  breakyes = 1.0,  maxresidual < 1.00e-04  breakyes=1.0,  maxresidual < 1.00e-06
18 entries survived 

21 th thresholding

  breakyes=1.0,  maxresidual < 1.00e-06
19 entries survived 

22 th thresholding

  breakyes=1.0,  maxresidual < 1.00e-06
19 entries survived 

23 th thresholding

  breakyes=1.0,  maxresidual < 1.00e-06
19 entries survived 

24 th thresholding

  breakyes=1.0,  maxresidual < 1.00e-06
19 entries survived 

25 th thresholding

  breakyes=1.0,  maxresidual < 1.00e-06
19 entries survived 

26 th thresholding

  breakyes=1.0,  maxresidual < 1.00e-06
19 entries survived 

27 th thresholding

  breakyes=1.0,  maxresidual < 1.00e-06
19 entries survived 

28 th thresholding

  breakyes=1.0,  maxresidual < 1.00e-06
19 entries survived 

29 th thresholding

  breakyes=1.0,  maxresidual < 1.00e-06
19 entries survived 

30 th thresholding

  breakyes=1.0,  maxresidual < 1.00e-06
19 entries survived 

acc_vec =

    0.5240
    0.5200
    0.5140
    0.5160
    0.5140
    0.5160
    0.5200
    0.5100
    0.5180
    0.5100
    0.6500
    0.7640
    0.9000
    0.9600
    0.9680
    0.9580
    0.9600
    0.9600
    0.9600
    0.9560
    0.9580
    0.9600
    0.9580
    0.9600
    0.9580
    0.9600
    0.9580
    0.9600
    0.9580
    0.9600
    0.9580

acc =0.524000  0.520000  0.514000  0.516000  0.514000  0.516000  0.520000  0.510000  0.518000  0.510000  0.650000  0.764000  0.900000  0.960000  0.968000  0.958000  0.960000  0.960000  0.960000  0.956000  0.958000  0.960000  0.958000  0.960000  0.958000  0.960000  0.958000  0.960000  0.958000  0.960000  0.958000 

discov_true_vec =

     0
     0
     0
     0
     0
     0
     0
     0
     1
     2
     8
    10
    10
    10
    10
    10
    10
    10
    10
    10
    10
    10
    10
    10
    10
    10
    10
    10
    10
    10


discov_false_vec =

    22
    24
    29
    23
    21
    21
    17
    20
    21
    22
    30
    23
    14
     6
    11
    12
     8
     4
     7
     8
     9
     9
     9
     9
     9
     9
     9
     9
     9
     9


data =

  31x16 table

    rep    iter    sep    dim    rho     sparsity     acc     obj_prim    obj_dual    discov_true    discov_false    diff_x_tilde    diff_omega_diag    time_isee    time_SDP          jobdate       
    ___    ____    ___    ___    ____    ________    _____    ________    ________    ___________    ____________    ____________    _______________    _________    ________    ____________________

    65       0      4     200    0.45       10       0.524          0           0          0               0                 0                0               0            0     22-Mar-2024 09:45:38
    65       1      4     200    0.45       10        0.52    -4.7333     -4.7333          0              22            111.46           3.1947          6.0459       58.397     22-Mar-2024 09:45:38
    65       2      4     200    0.45       10       0.514    -4.2125     -4.2125          0              24            114.18           3.4571          3.9062       55.417     22-Mar-2024 09:45:38
    65       3      4     200    0.45       10       0.516    -5.0179     -5.0179          0              29            117.35           3.6457          3.8454       42.544     22-Mar-2024 09:45:38
    65       4      4     200    0.45       10       0.514    -4.2031     -4.2031          0              23             117.4           3.7052          3.6739       27.659     22-Mar-2024 09:45:38
    65       5      4     200    0.45       10       0.516    -4.4172     -4.4172          0              21            113.19           3.4148          3.4791       54.589     22-Mar-2024 09:45:38
    65       6      4     200    0.45       10        0.52    -4.1804     -4.1803          0              21            112.75           3.3399          3.5015       92.541     22-Mar-2024 09:45:38
    65       7      4     200    0.45       10        0.51    -4.1545     -4.1545          0              17            115.12           3.4972          3.5628       59.158     22-Mar-2024 09:45:38
    65       8      4     200    0.45       10       0.518    -4.2627     -4.2627          0              20            118.61           3.5883          3.5075       28.886     22-Mar-2024 09:45:38
    65       9      4     200    0.45       10        0.51    -3.9784     -3.9784          1              21             114.7           3.4799          3.3403       53.283     22-Mar-2024 09:45:38
    65      10      4     200    0.45       10        0.65    -4.3662     -4.3662          2              22            112.77           3.3666          4.6531       52.506     22-Mar-2024 09:45:38
    65      11      4     200    0.45       10       0.764    -5.4315     -5.4315          8              30            111.19           3.2916          3.5178        33.16     22-Mar-2024 09:45:38
    65      12      4     200    0.45       10         0.9    -5.7942     -5.7941         10              23             113.1           3.5958           3.587       72.591     22-Mar-2024 09:45:38
    65      13      4     200    0.45       10        0.96    -7.5152     -7.5152         10              14            106.02           3.3729          3.8017       20.144     22-Mar-2024 09:45:38
    65      14      4     200    0.45       10       0.968    -6.6292     -6.6292         10               6            106.77           3.4453          3.2161       42.644     22-Mar-2024 09:45:38
    65      15      4     200    0.45       10       0.958    -6.5673     -6.5673         10              11            106.25           3.5235          3.2699       99.573     22-Mar-2024 09:45:38
    65      16      4     200    0.45       10        0.96    -7.0403     -7.0403         10              12             107.9           3.6053           3.682       23.422     22-Mar-2024 09:45:38
    65      17      4     200    0.45       10        0.96    -6.7013     -6.7013         10               8            106.43           3.5552           3.128       21.996     22-Mar-2024 09:45:38
    65      18      4     200    0.45       10        0.96     -6.517      -6.517         10               4            106.17            3.529          3.7875       21.911     22-Mar-2024 09:45:38
    65      19      4     200    0.45       10       0.956    -6.6746     -6.6746         10               7            107.38           3.6092          3.3595       21.487     22-Mar-2024 09:45:38
    65      20      4     200    0.45       10       0.958    -7.2052     -7.2052         10               8            106.51           3.4936          3.5353       18.534     22-Mar-2024 09:45:38
    65      21      4     200    0.45       10        0.96    -6.9966     -6.9966         10               9            107.59           3.5457          3.1735       18.341     22-Mar-2024 09:45:38
    65      22      4     200    0.45       10       0.958    -7.1706     -7.1706         10               9            108.29           3.5602          3.5617       17.264     22-Mar-2024 09:45:38
    65      23      4     200    0.45       10        0.96    -6.9966     -6.9966         10               9            107.59           3.5457          3.1976       18.815     22-Mar-2024 09:45:38
    65      24      4     200    0.45       10       0.958    -7.1706     -7.1706         10               9            108.29           3.5602           3.796       15.822     22-Mar-2024 09:45:38
    65      25      4     200    0.45       10        0.96    -6.9966     -6.9966         10               9            107.59           3.5457           3.224       16.844     22-Mar-2024 09:45:38
    65      26      4     200    0.45       10       0.958    -7.1706     -7.1706         10               9            108.29           3.5602          3.4892       14.119     22-Mar-2024 09:45:38
    65      27      4     200    0.45       10        0.96    -6.9966     -6.9966         10               9            107.59           3.5457          3.4844       12.556     22-Mar-2024 09:45:38
    65      28      4     200    0.45       10       0.958    -7.1706     -7.1706         10               9            108.29           3.5602          3.2996       12.367     22-Mar-2024 09:45:38
    65      29      4     200    0.45       10        0.96    -6.9966     -6.9966         10               9            107.59           3.5457          3.3025       12.101     22-Mar-2024 09:45:38
    65      30      4     200    0.45       10       0.958    -7.1706     -7.1706         10               9            108.29           3.5602          3.0999       12.204     22-Mar-2024 09:45:38


rep =

    66

replication: (66)th 

thres=0.256620
1 th thresholding

  breakyes=1.4,  maxresidual < 1.00e-06
23 entries survived 

2 th thresholding

  breakyes=1.4,  maxresidual < 1.00e-06
30 entries survived 

3 th thresholding

  breakyes=1.4,  maxresidual < 1.00e-06
29 entries survived 

4 th thresholding

  breakyes=1.4,  maxresidual < 1.00e-06
22 entries survived 

5 th thresholding

  breakyes=1.4,  maxresidual < 1.00e-06
16 entries survived 

6 th thresholding

  breakyes=3.2,  dualfeasorg deteriorated too much: primfeasorg=1.15e-06,dualfeasorg=3.21e-05
15 entries survived 

7 th thresholding

  breakyes=1.3,  maxresidual < 1.00e-06
18 entries survived 

8 th thresholding

  breakyes=1.0,  maxresidual < 1.00e-06
20 entries survived 

9 th thresholding

  breakyes=1.4,  maxresidual < 1.00e-06
24 entries survived 

10 th thresholding

  breakyes=1.4,  maxresidual < 1.00e-06
21 entries survived 

11 th thresholding

  breakyes=1.0,  maxresidual < 1.00e-06
21 entries survived 

12 th thresholding

  breakyes=1.0,  maxresidual < 1.00e-06
21 entries survived 

13 th thresholding

  breakyes=1.0,  maxresidual < 1.00e-06
20 entries survived 

14 th thresholding

  breakyes=1.4,  maxresidual < 1.00e-06
21 entries survived 

15 th thresholding

  breakyes=1.0,  maxresidual < 1.00e-06
18 entries survived 

16 th thresholding

  breakyes=1.3,  maxresidual < 1.00e-06
18 entries survived 

17 th thresholding

  breakyes=1.3,  maxresidual < 1.00e-06
18 entries survived 

18 th thresholding

  breakyes=1.3,  maxresidual < 1.00e-06
18 entries survived 

19 th thresholding

  breakyes=1.3,  maxresidual < 1.00e-06
18 entries survived 

20 th thresholding

  breakyes=1.3,  maxresidual < 1.00e-06
18 entries survived 

21 th thresholding

  breakyes=1.3,  maxresidual < 1.00e-06
18 entries survived 

22 th thresholding

  breakyes=1.3,  maxresidual < 1.00e-06
18 entries survived 

23 th thresholding

  breakyes=1.3,  maxresidual < 1.00e-06
18 entries survived 

24 th thresholding

  breakyes=1.3,  maxresidual < 1.00e-06
18 entries survived 

25 th thresholding

  breakyes=1.3,  maxresidual < 1.00e-06
18 entries survived 

26 th thresholding

  breakyes=1.3,  maxresidual < 1.00e-06
18 entries survived 

27 th thresholding

  breakyes=1.3,  maxresidual < 1.00e-06
18 entries survived 

28 th thresholding

  breakyes=1.3,  maxresidual < 1.00e-06
18 entries survived 

29 th thresholding

  breakyes=1.3,  maxresidual < 1.00e-06
18 entries survived 

30 th thresholding

  breakyes=1.3,  maxresidual < 1.00e-06
18 entries survived 

acc_vec =

    0.5420
    0.5180
    0.5440
    0.5440
    0.6700
    0.7500
    0.8340
    0.8940
    0.9380
    0.9360
    0.9300
    0.9580
    0.9600
    0.9600
    0.9580
    0.9560
    0.9560
    0.9560
    0.9560
    0.9560
    0.9560
    0.9560
    0.9560
    0.9560
    0.9560
    0.9560
    0.9560
    0.9560
    0.9560
    0.9560
    0.9560

acc =0.542000  0.518000  0.544000  0.544000  0.670000  0.750000  0.834000  0.894000  0.938000  0.936000  0.930000  0.958000  0.960000  0.960000  0.958000  0.956000  0.956000  0.956000  0.956000  0.956000  0.956000  0.956000  0.956000  0.956000  0.956000  0.956000  0.956000  0.956000  0.956000  0.956000  0.956000 

discov_true_vec =

     2
     1
     3
     5
     5
     7
     9
    10
    10
    10
    10
    10
    10
    10
    10
    10
    10
    10
    10
    10
    10
    10
    10
    10
    10
    10
    10
    10
    10
    10


discov_false_vec =

    21
    29
    26
    17
    11
     8
     9
    10
    14
    11
    11
    11
    10
    11
     8
     8
     8
     8
     8
     8
     8
     8
     8
     8
     8
     8
     8
     8
     8
     8


data =

  31x16 table

    rep    iter    sep    dim    rho     sparsity     acc     obj_prim    obj_dual    discov_true    discov_false    diff_x_tilde    diff_omega_diag    time_isee    time_SDP          jobdate       
    ___    ____    ___    ___    ____    ________    _____    ________    ________    ___________    ____________    ____________    _______________    _________    ________    ____________________

    66       0      4     200    0.45       10       0.542          0           0          0               0                 0                0               0            0     22-Mar-2024 09:59:48
    66       1      4     200    0.45       10       0.518    -5.1764     -5.1764          2              21            109.06           3.1211          3.2801        26.67     22-Mar-2024 09:59:48
    66       2      4     200    0.45       10       0.544    -4.2233     -4.2233          1              29            112.62           3.3365          3.2987       18.986     22-Mar-2024 09:59:48
    66       3      4     200    0.45       10       0.544    -4.3151     -4.3151          3              26            111.03           3.3263           3.218       45.995     22-Mar-2024 09:59:48
    66       4      4     200    0.45       10        0.67    -3.9519     -3.9519          5              17            115.41           3.5176          3.2254       38.634     22-Mar-2024 09:59:48
    66       5      4     200    0.45       10        0.75     -3.787      -3.787          5              11             112.4           3.3367          3.8998       36.324     22-Mar-2024 09:59:48
    66       6      4     200    0.45       10       0.834    -6.1562     -6.1561          7               8            112.98           3.4531          3.3773       25.214     22-Mar-2024 09:59:48
    66       7      4     200    0.45       10       0.894    -6.6362     -6.6362          9               9            106.63           3.3392          3.6705       58.644     22-Mar-2024 09:59:48
    66       8      4     200    0.45       10       0.938    -7.4705     -7.4705         10              10            106.52            3.332          3.8479       25.316     22-Mar-2024 09:59:48
    66       9      4     200    0.45       10       0.936    -7.3675     -7.3674         10              14            104.32           3.2932          3.3623       31.308     22-Mar-2024 09:59:48
    66      10      4     200    0.45       10        0.93    -7.4139     -7.4139         10              11             106.1            3.392          3.8366       33.889     22-Mar-2024 09:59:48
    66      11      4     200    0.45       10       0.958    -6.8241     -6.8241         10              11             106.3           3.3971          3.2163       15.672     22-Mar-2024 09:59:48
    66      12      4     200    0.45       10        0.96    -6.5135     -6.5135         10              11            102.42           3.2785          3.0558       20.747     22-Mar-2024 09:59:48
    66      13      4     200    0.45       10        0.96    -6.9914     -6.9915         10              10            104.04           3.2704          3.2225       22.268     22-Mar-2024 09:59:48
    66      14      4     200    0.45       10       0.958    -6.8797     -6.8797         10              11            103.08           3.2771          3.0413       26.748     22-Mar-2024 09:59:48
    66      15      4     200    0.45       10       0.956    -7.0448     -7.0448         10               8            105.19           3.4277          3.1712       16.897     22-Mar-2024 09:59:48
    66      16      4     200    0.45       10       0.956    -7.0811     -7.0811         10               8            106.58           3.4823          3.0765       17.332     22-Mar-2024 09:59:48
    66      17      4     200    0.45       10       0.956    -7.0811     -7.0811         10               8            106.58           3.4823          3.3311       17.553     22-Mar-2024 09:59:48
    66      18      4     200    0.45       10       0.956    -7.0811     -7.0811         10               8            106.58           3.4823          3.0245        18.96     22-Mar-2024 09:59:48
    66      19      4     200    0.45       10       0.956    -7.0811     -7.0811         10               8            106.58           3.4823          3.3955       19.943     22-Mar-2024 09:59:48
    66      20      4     200    0.45       10       0.956    -7.0811     -7.0811         10               8            106.58           3.4823          3.0834       24.289     22-Mar-2024 09:59:48
    66      21      4     200    0.45       10       0.956    -7.0811     -7.0811         10               8            106.58           3.4823          3.1374       22.993     22-Mar-2024 09:59:48
    66      22      4     200    0.45       10       0.956    -7.0811     -7.0811         10               8            106.58           3.4823          3.5275       24.107     22-Mar-2024 09:59:48
    66      23      4     200    0.45       10       0.956    -7.0811     -7.0811         10               8            106.58           3.4823          3.2066       23.159     22-Mar-2024 09:59:48
    66      24      4     200    0.45       10       0.956    -7.0811     -7.0811         10               8            106.58           3.4823          3.0295       22.134     22-Mar-2024 09:59:48
    66      25      4     200    0.45       10       0.956    -7.0811     -7.0811         10               8            106.58           3.4823          3.8362       21.358     22-Mar-2024 09:59:48
    66      26      4     200    0.45       10       0.956    -7.0811     -7.0811         10               8            106.58           3.4823          3.0228       19.122     22-Mar-2024 09:59:48
    66      27      4     200    0.45       10       0.956    -7.0811     -7.0811         10               8            106.58           3.4823          3.1932       17.467     22-Mar-2024 09:59:48
    66      28      4     200    0.45       10       0.956    -7.0811     -7.0811         10               8            106.58           3.4823          3.0895       17.388     22-Mar-2024 09:59:48
    66      29      4     200    0.45       10       0.956    -7.0811     -7.0811         10               8            106.58           3.4823          3.2755        19.46     22-Mar-2024 09:59:48
    66      30      4     200    0.45       10       0.956    -7.0811     -7.0811         10               8            106.58           3.4823          3.0454       22.789     22-Mar-2024 09:59:48


rep =

    67

replication: (67)th 

thres=0.256620
1 th thresholding

  breakyes=4.1,  primfeasorg stagnate, 0.00e+00
27 entries survived 

2 th thresholding

  breakyes=3.2,  dualfeasorg deteriorated too much: primfeasorg=1.98e-06,dualfeasorg=7.33e-05
22 entries survived 

3 th thresholding

  breakyes=1.3,  maxresidual < 1.00e-06
25 entries survived 

4 th thresholding

  breakyes=1.3,  maxresidual < 1.00e-06
23 entries survived 

5 th thresholding

  breakyes=1.4,  maxresidual < 1.00e-06
22 entries survived 

6 th thresholding

  breakyes=1.0,  maxresidual < 1.00e-06
19 entries survived 

7 th thresholding

  breakyes=1.0,  maxresidual < 1.00e-06
21 entries survived 

8 th thresholding

  breakyes=1.0,  maxresidual < 1.00e-06
21 entries survived 

9 th thresholding

  breakyes=1.0,  maxresidual < 1.00e-06
21 entries survived 

10 th thresholding

  breakyes=1.0,  maxresidual < 1.00e-06
21 entries survived 

11 th thresholding

  breakyes=1.0,  maxresidual < 1.00e-06
21 entries survived 

12 th thresholding

  breakyes=1.0,  maxresidual < 1.00e-06
21 entries survived 

13 th thresholding

  breakyes=1.0,  maxresidual < 1.00e-06
21 entries survived 

14 th thresholding

  breakyes=1.0,  maxresidual < 1.00e-06
21 entries survived 

15 th thresholding

  breakyes=1.0,  maxresidual < 1.00e-06
21 entries survived 

16 th thresholding

  breakyes=1.0,  maxresidual < 1.00e-06
21 entries survived 

17 th thresholding

  breakyes=1.0,  maxresidual < 1.00e-06
21 entries survived 

18 th thresholding

  breakyes=1.0,  maxresidual < 1.00e-06
21 entries survived 

19 th thresholding

  breakyes=1.0,  maxresidual < 1.00e-06
21 entries survived 

20 th thresholding

  breakyes=1.0,  maxresidual < 1.00e-06
21 entries survived 

21 th thresholding

  breakyes=1.0,  maxresidual < 1.00e-06
21 entries survived 

22 th thresholding

  breakyes=1.0,  maxresidual < 1.00e-06
21 entries survived 

23 th thresholding

  breakyes=1.0,  maxresidual < 1.00e-06
21 entries survived 

24 th thresholding

  breakyes=1.0,  maxresidual < 1.00e-06
21 entries survived 

25 th thresholding

  breakyes=1.0,  maxresidual < 1.00e-06
21 entries survived 

26 th thresholding

  breakyes=1.0,  maxresidual < 1.00e-06
21 entries survived 

27 th thresholding

  breakyes=1.0,  maxresidual < 1.00e-06
21 entries survived 

28 th thresholding

  breakyes=1.0,  maxresidual < 1.00e-06
21 entries survived 

29 th thresholding

  breakyes=1.0,  maxresidual < 1.00e-06
21 entries survived 

30 th thresholding

  breakyes=1.0,  maxresidual < 1.00e-06
21 entries survived 

acc_vec =

    0.6900
    0.9040
    0.9500
    0.9560
    0.9660
    0.9640
    0.9660
    0.9660
    0.9660
    0.9660
    0.9660
    0.9660
    0.9660
    0.9660
    0.9660
    0.9660
    0.9660
    0.9660
    0.9660
    0.9660
    0.9660
    0.9660
    0.9660
    0.9660
    0.9660
    0.9660
    0.9660
    0.9660
    0.9660
    0.9660
    0.9660

acc =0.690000  0.904000  0.950000  0.956000  0.966000  0.964000  0.966000  0.966000  0.966000  0.966000  0.966000  0.966000  0.966000  0.966000  0.966000  0.966000  0.966000  0.966000  0.966000  0.966000  0.966000  0.966000  0.966000  0.966000  0.966000  0.966000  0.966000  0.966000  0.966000  0.966000  0.966000 

discov_true_vec =

     7
    10
    10
    10
    10
    10
    10
    10
    10
    10
    10
    10
    10
    10
    10
    10
    10
    10
    10
    10
    10
    10
    10
    10
    10
    10
    10
    10
    10
    10


discov_false_vec =

    20
    12
    15
    13
    12
     9
    11
    11
    11
    11
    11
    11
    11
    11
    11
    11
    11
    11
    11
    11
    11
    11
    11
    11
    11
    11
    11
    11
    11
    11


data =

  31x16 table

    rep    iter    sep    dim    rho     sparsity     acc     obj_prim    obj_dual    discov_true    discov_false    diff_x_tilde    diff_omega_diag    time_isee    time_SDP          jobdate       
    ___    ____    ___    ___    ____    ________    _____    ________    ________    ___________    ____________    ____________    _______________    _________    ________    ____________________

    67       0      4     200    0.45       10        0.69          0           0          0               0                 0                0               0            0     22-Mar-2024 10:11:17
    67       1      4     200    0.45       10       0.904    -6.7089     -6.7089          7              20            113.97           3.5061          3.6403       70.427     22-Mar-2024 10:11:17
    67       2      4     200    0.45       10        0.95    -9.6337     -9.6337         10              12            106.56           3.4301          3.4362       25.964     22-Mar-2024 10:11:17
    67       3      4     200    0.45       10       0.956    -8.7781     -8.7781         10              15            107.48           3.5418          3.3907       40.865     22-Mar-2024 10:11:17
    67       4      4     200    0.45       10       0.966    -8.8634     -8.8634         10              13             107.8           3.5182          3.5368       24.144     22-Mar-2024 10:11:17
    67       5      4     200    0.45       10       0.964    -9.0343     -9.0343         10              12            109.38           3.5796          3.1021       23.917     22-Mar-2024 10:11:17
    67       6      4     200    0.45       10       0.966    -8.6288     -8.6288         10               9            107.96           3.4767          3.1222       15.842     22-Mar-2024 10:11:17
    67       7      4     200    0.45       10       0.966     -8.943      -8.943         10              11            109.37           3.6025          3.2774       19.803     22-Mar-2024 10:11:17
    67       8      4     200    0.45       10       0.966     -8.943      -8.943         10              11            109.37           3.6025          3.7917       19.403     22-Mar-2024 10:11:17
    67       9      4     200    0.45       10       0.966     -8.943      -8.943         10              11            109.37           3.6025          3.1504       19.135     22-Mar-2024 10:11:17
    67      10      4     200    0.45       10       0.966     -8.943      -8.943         10              11            109.37           3.6025          3.1548       20.126     22-Mar-2024 10:11:17
    67      11      4     200    0.45       10       0.966     -8.943      -8.943         10              11            109.37           3.6025          3.1353       19.714     22-Mar-2024 10:11:17
    67      12      4     200    0.45       10       0.966     -8.943      -8.943         10              11            109.37           3.6025          3.1061       18.397     22-Mar-2024 10:11:17
    67      13      4     200    0.45       10       0.966     -8.943      -8.943         10              11            109.37           3.6025          4.6022       17.953     22-Mar-2024 10:11:17
    67      14      4     200    0.45       10       0.966     -8.943      -8.943         10              11            109.37           3.6025          3.0156        17.84     22-Mar-2024 10:11:17
    67      15      4     200    0.45       10       0.966     -8.943      -8.943         10              11            109.37           3.6025           3.121       20.184     22-Mar-2024 10:11:17
    67      16      4     200    0.45       10       0.966     -8.943      -8.943         10              11            109.37           3.6025          2.9775       19.862     22-Mar-2024 10:11:17
    67      17      4     200    0.45       10       0.966     -8.943      -8.943         10              11            109.37           3.6025          3.0215       18.782     22-Mar-2024 10:11:17
    67      18      4     200    0.45       10       0.966     -8.943      -8.943         10              11            109.37           3.6025          2.9593       19.908     22-Mar-2024 10:11:17
    67      19      4     200    0.45       10       0.966     -8.943      -8.943         10              11            109.37           3.6025          3.1231       14.344     22-Mar-2024 10:11:17
    67      20      4     200    0.45       10       0.966     -8.943      -8.943         10              11            109.37           3.6025          3.5299       14.406     22-Mar-2024 10:11:17
    67      21      4     200    0.45       10       0.966     -8.943      -8.943         10              11            109.37           3.6025           3.496       15.045     22-Mar-2024 10:11:17
    67      22      4     200    0.45       10       0.966     -8.943      -8.943         10              11            109.37           3.6025          2.9933        13.45     22-Mar-2024 10:11:17
    67      23      4     200    0.45       10       0.966     -8.943      -8.943         10              11            109.37           3.6025          3.4855       13.499     22-Mar-2024 10:11:17
    67      24      4     200    0.45       10       0.966     -8.943      -8.943         10              11            109.37           3.6025          3.5057       11.504     22-Mar-2024 10:11:17
    67      25      4     200    0.45       10       0.966     -8.943      -8.943         10              11            109.37           3.6025          3.5699       12.464     22-Mar-2024 10:11:17
    67      26      4     200    0.45       10       0.966     -8.943      -8.943         10              11            109.37           3.6025          3.0323       11.329     22-Mar-2024 10:11:17
    67      27      4     200    0.45       10       0.966     -8.943      -8.943         10              11            109.37           3.6025          3.2214        11.14     22-Mar-2024 10:11:17
    67      28      4     200    0.45       10       0.966     -8.943      -8.943         10              11            109.37           3.6025           3.407       11.271     22-Mar-2024 10:11:17
    67      29      4     200    0.45       10       0.966     -8.943      -8.943         10              11            109.37           3.6025          3.3824       13.352     22-Mar-2024 10:11:17
    67      30      4     200    0.45       10       0.966     -8.943      -8.943         10              11            109.37           3.6025          3.4471       14.745     22-Mar-2024 10:11:17


rep =

    68

replication: (68)th 

thres=0.256620
1 th thresholding

  breakyes=3.2,  dualfeasorg deteriorated too much: primfeasorg=2.09e-06,dualfeasorg=3.62e-05
31 entries survived 

2 th thresholding

  breakyes=1.4,  maxresidual < 1.00e-06
26 entries survived 

3 th thresholding

  breakyes=1.4,  maxresidual < 1.00e-06
24 entries survived 

4 th thresholding

  breakyes=1.0,  maxresidual < 1.00e-06
26 entries survived 

5 th thresholding

  breakyes=1.4,  maxresidual < 1.00e-06
27 entries survived 

6 th thresholding

  breakyes=1.4,  maxresidual < 1.00e-06
25 entries survived 

7 th thresholding

  breakyes=1.3,  maxresidual < 1.00e-06
27 entries survived 

8 th thresholding

  breakyes=1.4,  maxresidual < 1.00e-06
28 entries survived 

9 th thresholding

  breakyes=1.4,  maxresidual < 1.00e-06
32 entries survived 

10 th thresholding

  breakyes=3.2,  dualfeasorg deteriorated too much: primfeasorg=9.34e-07,dualfeasorg=5.10e-05
29 entries survived 

11 th thresholding

  breakyes=3.2,  dualfeasorg deteriorated too much: primfeasorg=1.39e-06,dualfeasorg=3.92e-05
23 entries survived 

12 th thresholding

  breakyes=1.3,  maxresidual < 1.00e-06
20 entries survived 

13 th thresholding

  breakyes=1.0,  maxresidual < 1.00e-06
21 entries survived 

14 th thresholding

  breakyes=3.2,  dualfeasorg deteriorated too much: primfeasorg=5.92e-07,dualfeasorg=3.45e-05
25 entries survived 

15 th thresholding

  breakyes=1.4,  maxresidual < 1.00e-06
29 entries survived 

16 th thresholding

  breakyes=1.4,  maxresidual < 1.00e-06
28 entries survived 

17 th thresholding

  breakyes=1.4,  maxresidual < 1.00e-06
27 entries survived 

18 th thresholding

  breakyes=1.3,  maxresidual < 1.00e-06
27 entries survived 

19 th thresholding

  breakyes=3.2,  dualfeasorg deteriorated too much: primfeasorg=2.18e-06,dualfeasorg=5.12e-05
26 entries survived 

20 th thresholding

  breakyes=1.4,  maxresidual < 1.00e-06
25 entries survived 

21 th thresholding

  breakyes=1.0,  maxresidual < 1.00e-06
25 entries survived 

22 th thresholding

  breakyes=1.3,  maxresidual < 1.00e-06
21 entries survived 

23 th thresholding

  breakyes=1.4,  maxresidual < 1.00e-06
24 entries survived 

24 th thresholding

  breakyes=1.4,  maxresidual < 1.00e-06
24 entries survived 

25 th thresholding

  breakyes=1.3,  maxresidual < 1.00e-06
24 entries survived 

26 th thresholding

  breakyes=3.2,  dualfeasorg deteriorated too much: primfeasorg=1.44e-06,dualfeasorg=3.35e-05
25 entries survived 

27 th thresholding

  breakyes=1.4,  maxresidual < 1.00e-06
25 entries survived 

28 th thresholding

  breakyes=1.0,  maxresidual < 1.00e-06
25 entries survived 

29 th thresholding

  breakyes=1.4,  maxresidual < 1.00e-06
26 entries survived 

30 th thresholding

  breakyes=3.2,  dualfeasorg deteriorated too much: primfeasorg=1.54e-06,dualfeasorg=7.42e-05
26 entries survived 

acc_vec =

    0.5300
    0.5140
    0.5120
    0.5080
    0.5240
    0.5300
    0.5280
    0.5200
    0.5020
    0.5820
    0.6840
    0.8380
    0.9380
    0.9480
    0.9580
    0.9480
    0.9540
    0.9580
    0.9600
    0.9540
    0.9480
    0.9440
    0.9420
    0.9540
    0.9560
    0.9560
    0.9560
    0.9640
    0.9540
    0.9620
    0.9520

acc =0.530000  0.514000  0.512000  0.508000  0.524000  0.530000  0.528000  0.520000  0.502000  0.582000  0.684000  0.838000  0.938000  0.948000  0.958000  0.948000  0.954000  0.958000  0.960000  0.954000  0.948000  0.944000  0.942000  0.954000  0.956000  0.956000  0.956000  0.964000  0.954000  0.962000  0.952000 

discov_true_vec =

     1
     0
     0
     2
     2
     1
     2
     3
     4
     6
     7
    10
    10
    10
    10
    10
    10
    10
    10
    10
    10
    10
    10
    10
    10
    10
    10
    10
    10
    10


discov_false_vec =

    30
    26
    24
    24
    25
    24
    25
    25
    28
    23
    16
    10
    11
    15
    19
    18
    17
    17
    16
    15
    15
    11
    14
    14
    14
    15
    15
    15
    16
    16


data =

  31x16 table

    rep    iter    sep    dim    rho     sparsity     acc     obj_prim    obj_dual    discov_true    discov_false    diff_x_tilde    diff_omega_diag    time_isee    time_SDP          jobdate       
    ___    ____    ___    ___    ____    ________    _____    ________    ________    ___________    ____________    ____________    _______________    _________    ________    ____________________

    68       0      4     200    0.45       10        0.53          0           0          0               0                 0                0               0            0     22-Mar-2024 10:30:59
    68       1      4     200    0.45       10       0.514    -6.2944     -6.2943          1              30            119.95           3.7084          3.6951       17.811     22-Mar-2024 10:30:59
    68       2      4     200    0.45       10       0.512    -4.3245     -4.3244          0              26            115.79           3.5577          3.0273       47.873     22-Mar-2024 10:30:59
    68       3      4     200    0.45       10       0.508     -4.313      -4.313          0              24            116.17           3.5072           3.522       41.508     22-Mar-2024 10:30:59
    68       4      4     200    0.45       10       0.524    -4.3483     -4.3483          2              24            115.19           3.5538          3.6906       22.113     22-Mar-2024 10:30:59
    68       5      4     200    0.45       10        0.53    -4.9779     -4.9779          2              25            112.34           3.3775          3.0922       32.693     22-Mar-2024 10:30:59
    68       6      4     200    0.45       10       0.528    -4.4734     -4.4734          1              24            113.04           3.3418          3.5415       48.155     22-Mar-2024 10:30:59
    68       7      4     200    0.45       10        0.52    -5.2513     -5.2513          2              25            117.96           3.6787           3.355       43.304     22-Mar-2024 10:30:59
    68       8      4     200    0.45       10       0.502    -4.6704     -4.6704          3              25            114.52           3.5297          3.4896       23.362     22-Mar-2024 10:30:59
    68       9      4     200    0.45       10       0.582    -4.9778     -4.9778          4              28            110.71           3.1974            3.12       20.463     22-Mar-2024 10:30:59
    68      10      4     200    0.45       10       0.684    -5.3939     -5.3939          6              23            116.78           3.6196          3.2307       40.741     22-Mar-2024 10:30:59
    68      11      4     200    0.45       10       0.838    -5.6119     -5.6118          7              16            117.32           3.7398          3.5721         70.7     22-Mar-2024 10:30:59
    68      12      4     200    0.45       10       0.938    -7.5496     -7.5495         10              10            115.46           3.8978           3.456       34.456     22-Mar-2024 10:30:59
    68      13      4     200    0.45       10       0.948    -7.4815     -7.4815         10              11               109           3.6394          3.1792       12.006     22-Mar-2024 10:30:59
    68      14      4     200    0.45       10       0.958    -8.1521     -8.1521         10              15            112.34           3.7261          2.9964       30.343     22-Mar-2024 10:30:59
    68      15      4     200    0.45       10       0.948     -7.897      -7.897         10              19            111.26           3.7022          3.2116       73.441     22-Mar-2024 10:30:59
    68      16      4     200    0.45       10       0.954    -7.7799     -7.7799         10              18            110.82           3.6622          3.5626       24.013     22-Mar-2024 10:30:59
    68      17      4     200    0.45       10       0.958    -8.6687     -8.6687         10              17            112.05           3.6896          3.2505       37.131     22-Mar-2024 10:30:59
    68      18      4     200    0.45       10        0.96    -7.7099     -7.7099         10              17            109.83           3.5621          3.1906        26.73     22-Mar-2024 10:30:59
    68      19      4     200    0.45       10       0.954    -7.6015     -7.6015         10              16            109.64           3.6007          3.2521       50.081     22-Mar-2024 10:30:59
    68      20      4     200    0.45       10       0.948    -7.5868     -7.5868         10              15            108.16           3.4652           3.478       39.442     22-Mar-2024 10:30:59
    68      21      4     200    0.45       10       0.944    -8.9356     -8.9356         10              15            114.64           3.8801          3.6443       25.357     22-Mar-2024 10:30:59
    68      22      4     200    0.45       10       0.942    -8.8327     -8.8327         10              11            111.41           3.7034          3.2735       24.867     22-Mar-2024 10:30:59
    68      23      4     200    0.45       10       0.954    -8.0386     -8.0386         10              14            109.34           3.5094          2.9465       73.376     22-Mar-2024 10:30:59
    68      24      4     200    0.45       10       0.956    -8.7952     -8.7952         10              14            111.83           3.6609          3.6503       40.765     22-Mar-2024 10:30:59
    68      25      4     200    0.45       10       0.956    -7.9339     -7.9339         10              14             111.6           3.7034          3.1413       43.707     22-Mar-2024 10:30:59
    68      26      4     200    0.45       10       0.956    -7.7622     -7.7621         10              15            110.24            3.619          3.1841       18.662     22-Mar-2024 10:30:59
    68      27      4     200    0.45       10       0.964    -8.4444     -8.4443         10              15            113.51           3.7823            3.32       24.343     22-Mar-2024 10:30:59
    68      28      4     200    0.45       10       0.954    -7.9677     -7.9677         10              15            111.25           3.6655           3.348        22.56     22-Mar-2024 10:30:59
    68      29      4     200    0.45       10       0.962    -8.1474     -8.1474         10              16            114.65            3.888           3.121       40.519     22-Mar-2024 10:30:59
    68      30      4     200    0.45       10       0.952    -7.5696     -7.5695         10              16            113.44           3.7525          3.4125       31.567     22-Mar-2024 10:30:59

