==========================================
SLURM_JOB_ID = 20380701
SLURM_JOB_NODELIST = b22-03
TMPDIR = /tmp/SLURM_20380701
==========================================
hello
Starting parallel pool (parpool) ...
Connected to the parallel pool (number of workers: 15).

pool = 

 ProcessPool with properties: 

            Connected: true
           NumWorkers: 15
                 Busy: false
              Cluster: Local
        AttachedFiles: {}
    AutoAddClientPath: true
            FileStore: [1x1 parallel.FileStore]
           ValueStore: [1x1 parallel.ValueStore]
          IdleTimeout: 30 minutes (30 minutes remaining)
          SpmdEnabled: true


p =

   450


Delta =

     5


s =

    10


n =

   500


ii =

     1


table_name =

    'sparse_kmeans_isee_denoise'


conn = 

  sqlite with properties:

      Database: '/home1/jongminm/sparse_kmeans/sparse_kmeans.db'
    IsReadOnly: 0
    AutoCommit: 'on'


rho =

    0.4500


M =

    1.0202

delta confirmed: 5.000000
ans =

    5.0854


rep =

     1

replication: (1)th 

thres=0.275560
1 th thresholding

  breakyes=1.3,  maxresidual < 1.00e-06
64 entries survived 

2 th thresholding

  breakyes=1.4,  maxresidual < 1.00e-06
61 entries survived 

3 th thresholding

  breakyes=1.4,  maxresidual < 1.00e-06
45 entries survived 

4 th thresholding

  breakyes=1.4,  maxresidual < 1.00e-06
50 entries survived 

5 th thresholding

  breakyes=1.4,  maxresidual < 1.00e-06
52 entries survived 

6 th thresholding

  breakyes=1.4,  maxresidual < 1.00e-06
40 entries survived 

7 th thresholding

  breakyes=4.1,  primfeasorg stagnate, 0.00e+00
37 entries survived 

8 th thresholding

  breakyes=1.0,  maxresidual < 1.00e-06
32 entries survived 

9 th thresholding

  breakyes=1.0,  maxresidual < 1.00e-06
31 entries survived 

10 th thresholding

  breakyes=1.4,  maxresidual < 1.00e-06
32 entries survived 

11 th thresholding

  breakyes=1.3,  maxresidual < 1.00e-06
38 entries survived 

12 th thresholding

  breakyes=1.0,  maxresidual < 1.00e-06
41 entries survived 

13 th thresholding

  breakyes=1.0,  maxresidual < 1.00e-06
38 entries survived 

14 th thresholding

  breakyes=1.0,  maxresidual < 1.00e-06
38 entries survived 

15 th thresholding

  breakyes=1.4,  maxresidual < 1.00e-06
34 entries survived 

16 th thresholding

  breakyes=1.0,  maxresidual < 1.00e-06
35 entries survived 

17 th thresholding

  breakyes=1.0,  maxresidual < 1.00e-06
39 entries survived 

18 th thresholding

  breakyes=1.4,  maxresidual < 1.00e-06
37 entries survived 

19 th thresholding

  breakyes=1.0,  maxresidual < 1.00e-06
35 entries survived 

20 th thresholding

  breakyes=1.0,  maxresidual < 1.00e-06
39 entries survived 

21 th thresholding

  breakyes=1.4,  maxresidual < 1.00e-06
37 entries survived 

22 th thresholding

  breakyes=1.0,  maxresidual < 1.00e-06
35 entries survived 

23 th thresholding

  breakyes=1.0,  maxresidual < 1.00e-06
39 entries survived 

24 th thresholding

  breakyes=1.4,  maxresidual < 1.00e-06
37 entries survived 

25 th thresholding

  breakyes=1.0,  maxresidual < 1.00e-06
35 entries survived 

26 th thresholding

  breakyes=1.0,  maxresidual < 1.00e-06
39 entries survived 

27 th thresholding

  breakyes=1.4,  maxresidual < 1.00e-06
37 entries survived 

28 th thresholding

  breakyes=1.0,  maxresidual < 1.00e-06
35 entries survived 

29 th thresholding

  breakyes=1.0,  maxresidual < 1.00e-06
39 entries survived 

30 th thresholding

  breakyes=1.4,  maxresidual < 1.00e-06
37 entries survived 

acc_vec =

    0.5040
    0.5100
    0.5020
    0.5200
    0.5380
    0.6460
    0.8120
    0.9300
    0.9600
    0.9640
    0.9620
    0.9680
    0.9680
    0.9720
    0.9720
    0.9700
    0.9720
    0.9700
    0.9700
    0.9720
    0.9700
    0.9700
    0.9720
    0.9700
    0.9700
    0.9720
    0.9700
    0.9700
    0.9720
    0.9700
    0.9700

acc =0.504000  0.510000  0.502000  0.520000  0.538000  0.646000  0.812000  0.930000  0.960000  0.964000  0.962000  0.968000  0.968000  0.972000  0.972000  0.970000  0.972000  0.970000  0.970000  0.972000  0.970000  0.970000  0.972000  0.970000  0.970000  0.972000  0.970000  0.970000  0.972000  0.970000  0.970000 

discov_true_vec =

     2
     1
     0
     3
     3
     6
    10
    10
    10
    10
    10
    10
    10
    10
    10
    10
    10
    10
    10
    10
    10
    10
    10
    10
    10
    10
    10
    10
    10
    10


discov_false_vec =

    62
    60
    45
    47
    49
    34
    27
    22
    21
    22
    28
    31
    28
    28
    24
    25
    29
    27
    25
    29
    27
    25
    29
    27
    25
    29
    27
    25
    29
    27


data =

  31x16 table

    rep    iter    sep    dim    rho     sparsity     acc     obj_prim    obj_dual    discov_true    discov_false    diff_x_tilde    diff_omega_diag    time_isee    time_SDP          jobdate       
    ___    ____    ___    ___    ____    ________    _____    ________    ________    ___________    ____________    ____________    _______________    _________    ________    ____________________

     1       0      5     450    0.45       10       0.504          0           0          0               0                 0                0               0            0     22-Mar-2024 09:14:43
     1       1      5     450    0.45       10        0.51    -8.6546     -8.6546          2              62            209.25           9.1542          17.869         28.4     22-Mar-2024 09:14:43
     1       2      5     450    0.45       10       0.502    -7.8626     -7.8626          1              60            208.74           9.1349          14.807       25.766     22-Mar-2024 09:14:43
     1       3      5     450    0.45       10        0.52    -7.4256     -7.4256          0              45             211.4           9.4528          14.898       32.035     22-Mar-2024 09:14:43
     1       4      5     450    0.45       10       0.538    -7.2867     -7.2866          3              47            208.68            9.378          14.594       65.216     22-Mar-2024 09:14:43
     1       5      5     450    0.45       10       0.646    -8.7346     -8.7346          3              49            206.35           9.1031          15.235       33.262     22-Mar-2024 09:14:43
     1       6      5     450    0.45       10       0.812    -7.3409     -7.3408          6              34            208.94            9.416          14.967       29.383     22-Mar-2024 09:14:43
     1       7      5     450    0.45       10        0.93    -12.411     -12.411         10              27            201.91           8.8923          14.759       62.058     22-Mar-2024 09:14:43
     1       8      5     450    0.45       10        0.96    -15.504     -15.504         10              22            197.36           8.8419          15.195       19.236     22-Mar-2024 09:14:43
     1       9      5     450    0.45       10       0.964    -14.378     -14.378         10              21            200.69           9.1955          14.909       23.392     22-Mar-2024 09:14:43
     1      10      5     450    0.45       10       0.962    -12.506     -12.506         10              22            199.51           9.0911          15.063       30.085     22-Mar-2024 09:14:43
     1      11      5     450    0.45       10       0.968    -12.895     -12.895         10              28            203.23           9.2767           14.85       24.298     22-Mar-2024 09:14:43
     1      12      5     450    0.45       10       0.968    -13.649     -13.649         10              31            200.37            9.099          15.173       17.673     22-Mar-2024 09:14:43
     1      13      5     450    0.45       10       0.972    -12.895     -12.895         10              28             200.8           9.2399          15.088       23.185     22-Mar-2024 09:14:43
     1      14      5     450    0.45       10       0.972    -12.963     -12.963         10              28            200.63           9.0994          14.936       22.253     22-Mar-2024 09:14:43
     1      15      5     450    0.45       10        0.97    -12.926     -12.926         10              24            200.03           9.0627          14.705       24.121     22-Mar-2024 09:14:43
     1      16      5     450    0.45       10       0.972    -13.709     -13.709         10              25            198.93           8.9803          14.993       17.452     22-Mar-2024 09:14:43
     1      17      5     450    0.45       10        0.97    -14.289     -14.289         10              29             204.6           9.4346          15.898       16.967     22-Mar-2024 09:14:43
     1      18      5     450    0.45       10        0.97    -14.279     -14.279         10              27            201.02           9.0824          15.018       22.031     22-Mar-2024 09:14:43
     1      19      5     450    0.45       10       0.972    -13.709     -13.709         10              25            198.93           8.9803          15.488       17.859     22-Mar-2024 09:14:43
     1      20      5     450    0.45       10        0.97    -14.289     -14.289         10              29             204.6           9.4346          14.894       16.549     22-Mar-2024 09:14:43
     1      21      5     450    0.45       10        0.97    -14.279     -14.279         10              27            201.02           9.0824          15.057       21.538     22-Mar-2024 09:14:43
     1      22      5     450    0.45       10       0.972    -13.709     -13.709         10              25            198.93           8.9803          15.053       17.137     22-Mar-2024 09:14:43
     1      23      5     450    0.45       10        0.97    -14.289     -14.289         10              29             204.6           9.4346           15.07       16.701     22-Mar-2024 09:14:43
     1      24      5     450    0.45       10        0.97    -14.279     -14.279         10              27            201.02           9.0824          15.041       21.628     22-Mar-2024 09:14:43
     1      25      5     450    0.45       10       0.972    -13.709     -13.709         10              25            198.93           8.9803          15.066       17.024     22-Mar-2024 09:14:43
     1      26      5     450    0.45       10        0.97    -14.289     -14.289         10              29             204.6           9.4346          14.894        16.57     22-Mar-2024 09:14:43
     1      27      5     450    0.45       10        0.97    -14.279     -14.279         10              27            201.02           9.0824          15.055        21.66     22-Mar-2024 09:14:43
     1      28      5     450    0.45       10       0.972    -13.709     -13.709         10              25            198.93           8.9803          15.084       17.329     22-Mar-2024 09:14:43
     1      29      5     450    0.45       10        0.97    -14.289     -14.289         10              29             204.6           9.4346          15.159       17.417     22-Mar-2024 09:14:43
     1      30      5     450    0.45       10        0.97    -14.279     -14.279         10              27            201.02           9.0824          15.162        21.58     22-Mar-2024 09:14:43


rep =

     2

replication: (2)th 

thres=0.275560
1 th thresholding

  breakyes=3.2,  dualfeasorg deteriorated too much: primfeasorg=1.05e-06,dualfeasorg=2.78e-05
58 entries survived 

2 th thresholding

  breakyes=1.4,  maxresidual < 1.00e-06
44 entries survived 

3 th thresholding

  breakyes=1.4,  maxresidual < 1.00e-06
38 entries survived 

4 th thresholding

  breakyes=1.0,  maxresidual < 1.00e-06
29 entries survived 

5 th thresholding

  breakyes=1.4,  maxresidual < 1.00e-06
28 entries survived 

6 th thresholding

  breakyes=3.2,  dualfeasorg deteriorated too much: primfeasorg=1.57e-06,dualfeasorg=3.50e-05
34 entries survived 

7 th thresholding

  breakyes=1.0,  maxresidual < 1.00e-06
37 entries survived 

8 th thresholding

  breakyes=1.4,  maxresidual < 1.00e-06
35 entries survived 

9 th thresholding

  breakyes=1.4,  maxresidual < 1.00e-06
35 entries survived 

10 th thresholding

  breakyes=1.4,  maxresidual < 1.00e-06
35 entries survived 

11 th thresholding

  breakyes=1.4,  maxresidual < 1.00e-06
35 entries survived 

12 th thresholding

  breakyes=1.4,  maxresidual < 1.00e-06
35 entries survived 

13 th thresholding

  breakyes=1.4,  maxresidual < 1.00e-06
35 entries survived 

14 th thresholding

  breakyes=1.4,  maxresidual < 1.00e-06
35 entries survived 

15 th thresholding

  breakyes=1.4,  maxresidual < 1.00e-06
35 entries survived 

16 th thresholding

  breakyes=1.4,  maxresidual < 1.00e-06
35 entries survived 

17 th thresholding

  breakyes=1.4,  maxresidual < 1.00e-06
35 entries survived 

18 th thresholding

  breakyes=1.4,  maxresidual < 1.00e-06
35 entries survived 

19 th thresholding

  breakyes=1.4,  maxresidual < 1.00e-06
35 entries survived 

20 th thresholding

  breakyes=1.4,  maxresidual < 1.00e-06
35 entries survived 

21 th thresholding

  breakyes=1.4,  maxresidual < 1.00e-06
35 entries survived 

22 th thresholding

  breakyes=1.4,  maxresidual < 1.00e-06
35 entries survived 

23 th thresholding

  breakyes=1.4,  maxresidual < 1.00e-06
35 entries survived 

24 th thresholding

  breakyes=1.4,  maxresidual < 1.00e-06
35 entries survived 

25 th thresholding

  breakyes=1.4,  maxresidual < 1.00e-06
35 entries survived 

26 th thresholding

  breakyes=1.4,  maxresidual < 1.00e-06
35 entries survived 

27 th thresholding

  breakyes=1.4,  maxresidual < 1.00e-06
35 entries survived 

28 th thresholding

  breakyes=1.4,  maxresidual < 1.00e-06
35 entries survived 

29 th thresholding

  breakyes=1.4,  maxresidual < 1.00e-06
35 entries survived 

30 th thresholding

  breakyes=1.4,  maxresidual < 1.00e-06
35 entries survived 

acc_vec =

    0.6200
    0.7140
    0.8440
    0.9500
    0.9860
    0.9900
    0.9880
    0.9900
    0.9900
    0.9900
    0.9900
    0.9900
    0.9900
    0.9900
    0.9900
    0.9900
    0.9900
    0.9900
    0.9900
    0.9900
    0.9900
    0.9900
    0.9900
    0.9900
    0.9900
    0.9900
    0.9900
    0.9900
    0.9900
    0.9900
    0.9900

acc =0.620000  0.714000  0.844000  0.950000  0.986000  0.990000  0.988000  0.990000  0.990000  0.990000  0.990000  0.990000  0.990000  0.990000  0.990000  0.990000  0.990000  0.990000  0.990000  0.990000  0.990000  0.990000  0.990000  0.990000  0.990000  0.990000  0.990000  0.990000  0.990000  0.990000  0.990000 

discov_true_vec =

     5
     6
    10
    10
    10
    10
    10
    10
    10
    10
    10
    10
    10
    10
    10
    10
    10
    10
    10
    10
    10
    10
    10
    10
    10
    10
    10
    10
    10
    10


discov_false_vec =

    53
    38
    28
    19
    18
    24
    27
    25
    25
    25
    25
    25
    25
    25
    25
    25
    25
    25
    25
    25
    25
    25
    25
    25
    25
    25
    25
    25
    25
    25


data =

  31x16 table

    rep    iter    sep    dim    rho     sparsity     acc     obj_prim    obj_dual    discov_true    discov_false    diff_x_tilde    diff_omega_diag    time_isee    time_SDP          jobdate       
    ___    ____    ___    ___    ____    ________    _____    ________    ________    ___________    ____________    ____________    _______________    _________    ________    ____________________

     2       0      5     450    0.45       10        0.62          0           0          0               0                 0                0               0            0     22-Mar-2024 09:34:37
     2       1      5     450    0.45       10       0.714     -9.297      -9.297          5              53            207.57           9.1385           15.04       27.388     22-Mar-2024 09:34:37
     2       2      5     450    0.45       10       0.844    -11.186     -11.186          6              38            206.36           9.0351          14.932       58.536     22-Mar-2024 09:34:37
     2       3      5     450    0.45       10        0.95    -17.544     -17.544         10              28            204.76           9.2679          14.666       26.729     22-Mar-2024 09:34:37
     2       4      5     450    0.45       10       0.986    -19.002     -19.002         10              19            199.99           8.8768          14.834       17.173     22-Mar-2024 09:34:37
     2       5      5     450    0.45       10        0.99    -16.488     -16.488         10              18            204.31           9.1352            14.9       22.785     22-Mar-2024 09:34:37
     2       6      5     450    0.45       10       0.988    -17.494     -17.494         10              24            207.38           9.2999          15.201       21.096     22-Mar-2024 09:34:37
     2       7      5     450    0.45       10        0.99    -18.039     -18.039         10              27            207.07           9.3203          15.128       22.535     22-Mar-2024 09:34:37
     2       8      5     450    0.45       10        0.99    -17.977     -17.977         10              25            208.56           9.5881          14.989       23.694     22-Mar-2024 09:34:37
     2       9      5     450    0.45       10        0.99    -17.977     -17.977         10              25            208.56           9.5881          15.341       23.598     22-Mar-2024 09:34:37
     2      10      5     450    0.45       10        0.99    -17.977     -17.977         10              25            208.56           9.5881          14.825        23.31     22-Mar-2024 09:34:37
     2      11      5     450    0.45       10        0.99    -17.977     -17.977         10              25            208.56           9.5881          15.052       23.776     22-Mar-2024 09:34:37
     2      12      5     450    0.45       10        0.99    -17.977     -17.977         10              25            208.56           9.5881          14.969       24.422     22-Mar-2024 09:34:37
     2      13      5     450    0.45       10        0.99    -17.977     -17.977         10              25            208.56           9.5881          14.758       23.954     22-Mar-2024 09:34:37
     2      14      5     450    0.45       10        0.99    -17.977     -17.977         10              25            208.56           9.5881          15.068       22.991     22-Mar-2024 09:34:37
     2      15      5     450    0.45       10        0.99    -17.977     -17.977         10              25            208.56           9.5881          14.949       24.155     22-Mar-2024 09:34:37
     2      16      5     450    0.45       10        0.99    -17.977     -17.977         10              25            208.56           9.5881           14.89       23.765     22-Mar-2024 09:34:37
     2      17      5     450    0.45       10        0.99    -17.977     -17.977         10              25            208.56           9.5881          15.112       23.484     22-Mar-2024 09:34:37
     2      18      5     450    0.45       10        0.99    -17.977     -17.977         10              25            208.56           9.5881          15.368       23.325     22-Mar-2024 09:34:37
     2      19      5     450    0.45       10        0.99    -17.977     -17.977         10              25            208.56           9.5881          14.923       23.867     22-Mar-2024 09:34:37
     2      20      5     450    0.45       10        0.99    -17.977     -17.977         10              25            208.56           9.5881          15.184       23.925     22-Mar-2024 09:34:37
     2      21      5     450    0.45       10        0.99    -17.977     -17.977         10              25            208.56           9.5881          15.004       23.914     22-Mar-2024 09:34:37
     2      22      5     450    0.45       10        0.99    -17.977     -17.977         10              25            208.56           9.5881            15.2       23.117     22-Mar-2024 09:34:37
     2      23      5     450    0.45       10        0.99    -17.977     -17.977         10              25            208.56           9.5881           15.04       23.999     22-Mar-2024 09:34:37
     2      24      5     450    0.45       10        0.99    -17.977     -17.977         10              25            208.56           9.5881          14.907       24.024     22-Mar-2024 09:34:37
     2      25      5     450    0.45       10        0.99    -17.977     -17.977         10              25            208.56           9.5881            15.2        23.84     22-Mar-2024 09:34:37
     2      26      5     450    0.45       10        0.99    -17.977     -17.977         10              25            208.56           9.5881          15.091       23.844     22-Mar-2024 09:34:37
     2      27      5     450    0.45       10        0.99    -17.977     -17.977         10              25            208.56           9.5881          14.919       23.652     22-Mar-2024 09:34:37
     2      28      5     450    0.45       10        0.99    -17.977     -17.977         10              25            208.56           9.5881          15.424       23.828     22-Mar-2024 09:34:37
     2      29      5     450    0.45       10        0.99    -17.977     -17.977         10              25            208.56           9.5881           14.89       24.019     22-Mar-2024 09:34:37
     2      30      5     450    0.45       10        0.99    -17.977     -17.977         10              25            208.56           9.5881          14.913        23.84     22-Mar-2024 09:34:37


rep =

     3

replication: (3)th 

thres=0.275560
1 th thresholding

  breakyes=3.2,  dualfeasorg deteriorated too much: primfeasorg=1.16e-06,dualfeasorg=3.23e-05
50 entries survived 

2 th thresholding

  breakyes=3.2,  dualfeasorg deteriorated too much: primfeasorg=1.17e-06,dualfeasorg=5.69e-05
50 entries survived 

3 th thresholding

  breakyes=1.3,  maxresidual < 1.00e-06
39 entries survived 

4 th thresholding

  breakyes=1.4,  maxresidual < 1.00e-06
43 entries survived 

5 th thresholding

  breakyes=1.4,  maxresidual < 1.00e-06
44 entries survived 

6 th thresholding

  breakyes=3.2,  dualfeasorg deteriorated too much: primfeasorg=1.00e-06,dualfeasorg=2.84e-05
40 entries survived 

7 th thresholding

  breakyes=1.0,  maxresidual < 1.00e-06
43 entries survived 

8 th thresholding

  breakyes=3.2,  dualfeasorg deteriorated too much: primfeasorg=1.00e-06,dualfeasorg=2.84e-05
40 entries survived 

9 th thresholding

  breakyes=1.0,  maxresidual < 1.00e-06
43 entries survived 

10 th thresholding

  breakyes=3.2,  dualfeasorg deteriorated too much: primfeasorg=1.00e-06,dualfeasorg=2.84e-05
40 entries survived 

11 th thresholding

  breakyes=1.0,  maxresidual < 1.00e-06
43 entries survived 

12 th thresholding

  breakyes=3.2,  dualfeasorg deteriorated too much: primfeasorg=1.00e-06,dualfeasorg=2.84e-05
40 entries survived 

13 th thresholding

  breakyes=1.0,  maxresidual < 1.00e-06
43 entries survived 

14 th thresholding

  breakyes=3.2,  dualfeasorg deteriorated too much: primfeasorg=1.00e-06,dualfeasorg=2.84e-05
40 entries survived 

15 th thresholding

  breakyes=1.0,  maxresidual < 1.00e-06
43 entries survived 

16 th thresholding

  breakyes=3.2,  dualfeasorg deteriorated too much: primfeasorg=1.00e-06,dualfeasorg=2.84e-05
40 entries survived 

17 th thresholding

  breakyes=1.0,  maxresidual < 1.00e-06
43 entries survived 

18 th thresholding

  breakyes=3.2,  dualfeasorg deteriorated too much: primfeasorg=1.00e-06,dualfeasorg=2.84e-05
40 entries survived 

19 th thresholding

  breakyes=1.0,  maxresidual < 1.00e-06
43 entries survived 

20 th thresholding

  breakyes=3.2,  dualfeasorg deteriorated too much: primfeasorg=1.00e-06,dualfeasorg=2.84e-05
40 entries survived 

21 th thresholding

  breakyes=1.0,  maxresidual < 1.00e-06
43 entries survived 

22 th thresholding

  breakyes=3.2,  dualfeasorg deteriorated too much: primfeasorg=1.00e-06,dualfeasorg=2.84e-05
40 entries survived 

23 th thresholding

  breakyes=1.0,  maxresidual < 1.00e-06
43 entries survived 

24 th thresholding

  breakyes=3.2,  dualfeasorg deteriorated too much: primfeasorg=1.00e-06,dualfeasorg=2.84e-05
40 entries survived 

25 th thresholding

  breakyes=1.0,  maxresidual < 1.00e-06
43 entries survived 

26 th thresholding

  breakyes=3.2,  dualfeasorg deteriorated too much: primfeasorg=1.00e-06,dualfeasorg=2.84e-05
40 entries survived 

27 th thresholding

  breakyes=1.0,  maxresidual < 1.00e-06
43 entries survived 

28 th thresholding

  breakyes=3.2,  dualfeasorg deteriorated too much: primfeasorg=1.00e-06,dualfeasorg=2.84e-05
40 entries survived 

29 th thresholding

  breakyes=1.0,  maxresidual < 1.00e-06
43 entries survived 

30 th thresholding

  breakyes=3.2,  dualfeasorg deteriorated too much: primfeasorg=1.00e-06,dualfeasorg=2.84e-05
40 entries survived 

acc_vec =

    0.6120
    0.7460
    0.8620
    0.9340
    0.9780
    0.9820
    0.9840
    0.9820
    0.9840
    0.9820
    0.9840
    0.9820
    0.9840
    0.9820
    0.9840
    0.9820
    0.9840
    0.9820
    0.9840
    0.9820
    0.9840
    0.9820
    0.9840
    0.9820
    0.9840
    0.9820
    0.9840
    0.9820
    0.9840
    0.9820
    0.9840

acc =0.612000  0.746000  0.862000  0.934000  0.978000  0.982000  0.984000  0.982000  0.984000  0.982000  0.984000  0.982000  0.984000  0.982000  0.984000  0.982000  0.984000  0.982000  0.984000  0.982000  0.984000  0.982000  0.984000  0.982000  0.984000  0.982000  0.984000  0.982000  0.984000  0.982000  0.984000 

discov_true_vec =

     6
     9
     9
    10
    10
    10
    10
    10
    10
    10
    10
    10
    10
    10
    10
    10
    10
    10
    10
    10
    10
    10
    10
    10
    10
    10
    10
    10
    10
    10


discov_false_vec =

    44
    41
    30
    33
    34
    30
    33
    30
    33
    30
    33
    30
    33
    30
    33
    30
    33
    30
    33
    30
    33
    30
    33
    30
    33
    30
    33
    30
    33
    30


data =

  31x16 table

    rep    iter    sep    dim    rho     sparsity     acc     obj_prim    obj_dual    discov_true    discov_false    diff_x_tilde    diff_omega_diag    time_isee    time_SDP          jobdate       
    ___    ____    ___    ___    ____    ________    _____    ________    ________    ___________    ____________    ____________    _______________    _________    ________    ____________________

     3       0      5     450    0.45       10       0.612          0           0          0               0                 0                0               0            0     22-Mar-2024 09:54:45
     3       1      5     450    0.45       10       0.746     -9.086     -9.0859          6              44            208.78           9.2564            15.2       30.753     22-Mar-2024 09:54:45
     3       2      5     450    0.45       10       0.862    -10.305     -10.305          9              41            209.16           9.3771          14.911       57.117     22-Mar-2024 09:54:45
     3       3      5     450    0.45       10       0.934    -11.822     -11.821          9              30            199.98           8.9086            15.2       54.653     22-Mar-2024 09:54:45
     3       4      5     450    0.45       10       0.978     -17.73      -17.73         10              33            203.66             9.31          15.482       26.016     22-Mar-2024 09:54:45
     3       5      5     450    0.45       10       0.982    -16.114     -16.114         10              34            204.62           9.1451          15.109       27.618     22-Mar-2024 09:54:45
     3       6      5     450    0.45       10       0.984    -15.402     -15.402         10              30            204.08            9.151          15.148       22.795     22-Mar-2024 09:54:45
     3       7      5     450    0.45       10       0.982    -14.623     -14.623         10              33            203.64            9.036          15.227       21.462     22-Mar-2024 09:54:45
     3       8      5     450    0.45       10       0.984    -15.402     -15.402         10              30            204.08            9.151          15.687        22.93     22-Mar-2024 09:54:45
     3       9      5     450    0.45       10       0.982    -14.623     -14.623         10              33            203.64            9.036          15.204       21.659     22-Mar-2024 09:54:45
     3      10      5     450    0.45       10       0.984    -15.402     -15.402         10              30            204.08            9.151          15.015       23.032     22-Mar-2024 09:54:45
     3      11      5     450    0.45       10       0.982    -14.623     -14.623         10              33            203.64            9.036          15.237       21.374     22-Mar-2024 09:54:45
     3      12      5     450    0.45       10       0.984    -15.402     -15.402         10              30            204.08            9.151          15.744       23.555     22-Mar-2024 09:54:45
     3      13      5     450    0.45       10       0.982    -14.623     -14.623         10              33            203.64            9.036          15.309       21.578     22-Mar-2024 09:54:45
     3      14      5     450    0.45       10       0.984    -15.402     -15.402         10              30            204.08            9.151          15.392       23.035     22-Mar-2024 09:54:45
     3      15      5     450    0.45       10       0.982    -14.623     -14.623         10              33            203.64            9.036           15.27       21.515     22-Mar-2024 09:54:45
     3      16      5     450    0.45       10       0.984    -15.402     -15.402         10              30            204.08            9.151          14.962        23.29     22-Mar-2024 09:54:45
     3      17      5     450    0.45       10       0.982    -14.623     -14.623         10              33            203.64            9.036          14.917       21.284     22-Mar-2024 09:54:45
     3      18      5     450    0.45       10       0.984    -15.402     -15.402         10              30            204.08            9.151          15.185       22.659     22-Mar-2024 09:54:45
     3      19      5     450    0.45       10       0.982    -14.623     -14.623         10              33            203.64            9.036          15.211       21.017     22-Mar-2024 09:54:45
     3      20      5     450    0.45       10       0.984    -15.402     -15.402         10              30            204.08            9.151          15.115       22.892     22-Mar-2024 09:54:45
     3      21      5     450    0.45       10       0.982    -14.623     -14.623         10              33            203.64            9.036          15.506       21.303     22-Mar-2024 09:54:45
     3      22      5     450    0.45       10       0.984    -15.402     -15.402         10              30            204.08            9.151          15.805       22.344     22-Mar-2024 09:54:45
     3      23      5     450    0.45       10       0.982    -14.623     -14.623         10              33            203.64            9.036          14.877       21.013     22-Mar-2024 09:54:45
     3      24      5     450    0.45       10       0.984    -15.402     -15.402         10              30            204.08            9.151          15.121       23.211     22-Mar-2024 09:54:45
     3      25      5     450    0.45       10       0.982    -14.623     -14.623         10              33            203.64            9.036          15.149       21.553     22-Mar-2024 09:54:45
     3      26      5     450    0.45       10       0.984    -15.402     -15.402         10              30            204.08            9.151          15.549       22.361     22-Mar-2024 09:54:45
     3      27      5     450    0.45       10       0.982    -14.623     -14.623         10              33            203.64            9.036          15.114        21.61     22-Mar-2024 09:54:45
     3      28      5     450    0.45       10       0.984    -15.402     -15.402         10              30            204.08            9.151          15.214       23.043     22-Mar-2024 09:54:45
     3      29      5     450    0.45       10       0.982    -14.623     -14.623         10              33            203.64            9.036          15.165       21.421     22-Mar-2024 09:54:45
     3      30      5     450    0.45       10       0.984    -15.402     -15.402         10              30            204.08            9.151          15.315       22.871     22-Mar-2024 09:54:45


rep =

     4

replication: (4)th 

thres=0.275560
1 th thresholding

  breakyes=3.2,  dualfeasorg deteriorated too much: primfeasorg=8.72e-07,dualfeasorg=5.25e-05
44 entries survived 

2 th thresholding

  breakyes=1.3,  maxresidual < 1.00e-06
32 entries survived 

3 th thresholding

  breakyes=1.0,  maxresidual < 1.00e-06
43 entries survived 

4 th thresholding

  breakyes=1.0,  maxresidual < 1.00e-06
33 entries survived 

5 th thresholding

  breakyes=1.3,  maxresidual < 1.00e-06
27 entries survived 

6 th thresholding

  breakyes=1.4,  maxresidual < 1.00e-06
30 entries survived 

7 th thresholding

  breakyes=1.0,  maxresidual < 1.00e-06
34 entries survived 

8 th thresholding

  breakyes=1.0,  maxresidual < 1.00e-06
35 entries survived 

9 th thresholding

  breakyes=1.3,  maxresidual < 1.00e-06
35 entries survived 

10 th thresholding

  breakyes=1.0,  maxresidual < 1.00e-06
32 entries survived 

11 th thresholding

  breakyes=1.0,  maxresidual < 1.00e-06
32 entries survived 

12 th thresholding

  breakyes=1.0,  maxresidual < 1.00e-06
32 entries survived 

13 th thresholding

  breakyes=1.0,  maxresidual < 1.00e-06
32 entries survived 

14 th thresholding

  breakyes=1.0,  maxresidual < 1.00e-06
32 entries survived 

15 th thresholding

  breakyes=1.0,  maxresidual < 1.00e-06
32 entries survived 

16 th thresholding

  breakyes=1.0,  maxresidual < 1.00e-06
32 entries survived 

17 th thresholding

  breakyes=1.0,  maxresidual < 1.00e-06
32 entries survived 

18 th thresholding

  breakyes=1.0,  maxresidual < 1.00e-06
32 entries survived 

19 th thresholding

  breakyes=1.0,  maxresidual < 1.00e-06
32 entries survived 

20 th thresholding

  breakyes=1.0,  maxresidual < 1.00e-06
32 entries survived 

21 th thresholding

  breakyes=1.0,  maxresidual < 1.00e-06
32 entries survived 

22 th thresholding

  breakyes=1.0,  maxresidual < 1.00e-06
32 entries survived 

23 th thresholding

  breakyes=1.0,  maxresidual < 1.00e-06
32 entries survived 

24 th thresholding

  breakyes=1.0,  maxresidual < 1.00e-06
32 entries survived 

25 th thresholding

  breakyes=1.0,  maxresidual < 1.00e-06
32 entries survived 

26 th thresholding

  breakyes=1.0,  maxresidual < 1.00e-06
32 entries survived 

27 th thresholding

  breakyes=1.0,  maxresidual < 1.00e-06
32 entries survived 

28 th thresholding

  breakyes=1.0,  maxresidual < 1.00e-06
32 entries survived 

29 th thresholding

  breakyes=1.0,  maxresidual < 1.00e-06
32 entries survived 

30 th thresholding

  breakyes=1.0,  maxresidual < 1.00e-06
32 entries survived 

acc_vec =

    0.6600
    0.7780
    0.8660
    0.9420
    0.9540
    0.9620
    0.9680
    0.9700
    0.9640
    0.9660
    0.9660
    0.9660
    0.9660
    0.9660
    0.9660
    0.9660
    0.9660
    0.9660
    0.9660
    0.9660
    0.9660
    0.9660
    0.9660
    0.9660
    0.9660
    0.9660
    0.9660
    0.9660
    0.9660
    0.9660
    0.9660

acc =0.660000  0.778000  0.866000  0.942000  0.954000  0.962000  0.968000  0.970000  0.964000  0.966000  0.966000  0.966000  0.966000  0.966000  0.966000  0.966000  0.966000  0.966000  0.966000  0.966000  0.966000  0.966000  0.966000  0.966000  0.966000  0.966000  0.966000  0.966000  0.966000  0.966000  0.966000 

discov_true_vec =

     6
     8
    10
    10
    10
    10
    10
    10
    10
    10
    10
    10
    10
    10
    10
    10
    10
    10
    10
    10
    10
    10
    10
    10
    10
    10
    10
    10
    10
    10


discov_false_vec =

    38
    24
    33
    23
    17
    20
    24
    25
    25
    22
    22
    22
    22
    22
    22
    22
    22
    22
    22
    22
    22
    22
    22
    22
    22
    22
    22
    22
    22
    22


data =

  31x16 table

    rep    iter    sep    dim    rho     sparsity     acc     obj_prim    obj_dual    discov_true    discov_false    diff_x_tilde    diff_omega_diag    time_isee    time_SDP          jobdate       
    ___    ____    ___    ___    ____    ________    _____    ________    ________    ___________    ____________    ____________    _______________    _________    ________    ____________________

     4       0      5     450    0.45       10        0.66          0           0          0               0                 0                0               0            0     22-Mar-2024 10:15:18
     4       1      5     450    0.45       10       0.778    -9.2316     -9.2316          6              38            205.15            8.763          15.138       62.255     22-Mar-2024 10:15:18
     4       2      5     450    0.45       10       0.866    -11.524     -11.524          8              24            202.32           8.8878          15.228       52.382     22-Mar-2024 10:15:18
     4       3      5     450    0.45       10       0.942    -17.911     -17.911         10              33            204.46           9.2919          15.249       10.467     22-Mar-2024 10:15:18
     4       4      5     450    0.45       10       0.954    -17.152     -17.152         10              23            201.16           9.0434          15.041        24.81     22-Mar-2024 10:15:18
     4       5      5     450    0.45       10       0.962    -16.743     -16.743         10              17             198.9           8.8068          15.115       21.783     22-Mar-2024 10:15:18
     4       6      5     450    0.45       10       0.968    -16.467     -16.467         10              20            202.65           9.0799          15.232       25.359     22-Mar-2024 10:15:18
     4       7      5     450    0.45       10        0.97    -17.189     -17.189         10              24            202.13           9.1603          15.305       18.988     22-Mar-2024 10:15:18
     4       8      5     450    0.45       10       0.964    -19.111     -19.111         10              25            202.16            9.034          15.038       14.907     22-Mar-2024 10:15:18
     4       9      5     450    0.45       10       0.966    -17.888     -17.888         10              25            201.79           8.9222          14.949       23.695     22-Mar-2024 10:15:18
     4      10      5     450    0.45       10       0.966     -18.04      -18.04         10              22            201.06           8.8249          15.235       24.731     22-Mar-2024 10:15:18
     4      11      5     450    0.45       10       0.966     -18.04      -18.04         10              22            201.06           8.8249          15.394       25.271     22-Mar-2024 10:15:18
     4      12      5     450    0.45       10       0.966     -18.04      -18.04         10              22            201.06           8.8249          15.203       24.785     22-Mar-2024 10:15:18
     4      13      5     450    0.45       10       0.966     -18.04      -18.04         10              22            201.06           8.8249          15.186       24.546     22-Mar-2024 10:15:18
     4      14      5     450    0.45       10       0.966     -18.04      -18.04         10              22            201.06           8.8249          15.266       24.201     22-Mar-2024 10:15:18
     4      15      5     450    0.45       10       0.966     -18.04      -18.04         10              22            201.06           8.8249            15.2       24.268     22-Mar-2024 10:15:18
     4      16      5     450    0.45       10       0.966     -18.04      -18.04         10              22            201.06           8.8249          15.362       25.163     22-Mar-2024 10:15:18
     4      17      5     450    0.45       10       0.966     -18.04      -18.04         10              22            201.06           8.8249          15.464       25.371     22-Mar-2024 10:15:18
     4      18      5     450    0.45       10       0.966     -18.04      -18.04         10              22            201.06           8.8249          14.753       25.406     22-Mar-2024 10:15:18
     4      19      5     450    0.45       10       0.966     -18.04      -18.04         10              22            201.06           8.8249          15.243       25.471     22-Mar-2024 10:15:18
     4      20      5     450    0.45       10       0.966     -18.04      -18.04         10              22            201.06           8.8249          15.145       25.137     22-Mar-2024 10:15:18
     4      21      5     450    0.45       10       0.966     -18.04      -18.04         10              22            201.06           8.8249          15.047       24.983     22-Mar-2024 10:15:18
     4      22      5     450    0.45       10       0.966     -18.04      -18.04         10              22            201.06           8.8249          15.103        25.02     22-Mar-2024 10:15:18
     4      23      5     450    0.45       10       0.966     -18.04      -18.04         10              22            201.06           8.8249          15.173       24.447     22-Mar-2024 10:15:18
     4      24      5     450    0.45       10       0.966     -18.04      -18.04         10              22            201.06           8.8249          15.143       24.304     22-Mar-2024 10:15:18
     4      25      5     450    0.45       10       0.966     -18.04      -18.04         10              22            201.06           8.8249          15.147       24.706     22-Mar-2024 10:15:18
     4      26      5     450    0.45       10       0.966     -18.04      -18.04         10              22            201.06           8.8249          15.175       24.645     22-Mar-2024 10:15:18
     4      27      5     450    0.45       10       0.966     -18.04      -18.04         10              22            201.06           8.8249          15.981       24.909     22-Mar-2024 10:15:18
     4      28      5     450    0.45       10       0.966     -18.04      -18.04         10              22            201.06           8.8249          15.109       24.903     22-Mar-2024 10:15:18
     4      29      5     450    0.45       10       0.966     -18.04      -18.04         10              22            201.06           8.8249          15.165       24.961     22-Mar-2024 10:15:18
     4      30      5     450    0.45       10       0.966     -18.04      -18.04         10              22            201.06           8.8249           15.32         24.8     22-Mar-2024 10:15:18

