==========================================
SLURM_JOB_ID = 20378276
SLURM_JOB_NODELIST = b22-05
TMPDIR = /tmp/SLURM_20378276
==========================================
hello
Starting parallel pool (parpool) ...
Connected to the parallel pool (number of workers: 15).

pool = 

 ProcessPool with properties: 

            Connected: true
           NumWorkers: 15
                 Busy: false
              Cluster: Local
        AttachedFiles: {}
    AutoAddClientPath: true
            FileStore: [1x1 parallel.FileStore]
           ValueStore: [1x1 parallel.ValueStore]
          IdleTimeout: 30 minutes (30 minutes remaining)
          SpmdEnabled: true


p =

    50


Delta =

     6


s =

    10


n =

   500


ii =

     4


table_name =

    'sparse_kmeans_isee_denoise'


conn = 

  sqlite with properties:

      Database: '/home1/jongminm/sparse_kmeans/sparse_kmeans.db'
    IsReadOnly: 0
    AutoCommit: 'on'


rho =

    0.0500


M =

    0.9901

delta confirmed: 6.000000
ans =

    5.7507


rep =

    13

replication: (13)th 

thres=0.220507
1 th thresholding

  breakyes = 1.0,  maxresidual < 1.00e-04  breakyes=1.0,  maxresidual < 1.00e-06
10 entries survived 

2 th thresholding

  breakyes = 1.0,  maxresidual < 1.00e-04  breakyes=1.0,  maxresidual < 1.00e-06
10 entries survived 

3 th thresholding

  breakyes = 1.0,  maxresidual < 1.00e-04  breakyes=1.0,  maxresidual < 1.00e-06
10 entries survived 

4 th thresholding

  breakyes = 1.0,  maxresidual < 1.00e-04  breakyes=1.0,  maxresidual < 1.00e-06
10 entries survived 

5 th thresholding

  breakyes = 1.0,  maxresidual < 1.00e-04  breakyes=1.0,  maxresidual < 1.00e-06
10 entries survived 

6 th thresholding

  breakyes = 1.0,  maxresidual < 1.00e-04  breakyes=1.0,  maxresidual < 1.00e-06
10 entries survived 

7 th thresholding

  breakyes = 1.0,  maxresidual < 1.00e-04  breakyes=1.0,  maxresidual < 1.00e-06
10 entries survived 

8 th thresholding

  breakyes = 1.0,  maxresidual < 1.00e-04  breakyes=1.0,  maxresidual < 1.00e-06
10 entries survived 

9 th thresholding

  breakyes = 1.0,  maxresidual < 1.00e-04  breakyes=1.0,  maxresidual < 1.00e-06
10 entries survived 

10 th thresholding

  breakyes = 1.0,  maxresidual < 1.00e-04  breakyes=1.0,  maxresidual < 1.00e-06
10 entries survived 

11 th thresholding

  breakyes = 1.0,  maxresidual < 1.00e-04  breakyes=1.0,  maxresidual < 1.00e-06
10 entries survived 

12 th thresholding

  breakyes = 1.0,  maxresidual < 1.00e-04  breakyes=1.0,  maxresidual < 1.00e-06
10 entries survived 

13 th thresholding

  breakyes = 1.0,  maxresidual < 1.00e-04  breakyes=1.0,  maxresidual < 1.00e-06
10 entries survived 

14 th thresholding

  breakyes = 1.0,  maxresidual < 1.00e-04  breakyes=1.0,  maxresidual < 1.00e-06
10 entries survived 

15 th thresholding

  breakyes = 1.0,  maxresidual < 1.00e-04  breakyes=1.0,  maxresidual < 1.00e-06
10 entries survived 

16 th thresholding

  breakyes = 1.0,  maxresidual < 1.00e-04  breakyes=1.0,  maxresidual < 1.00e-06
10 entries survived 

17 th thresholding

  breakyes = 1.0,  maxresidual < 1.00e-04  breakyes=1.0,  maxresidual < 1.00e-06
10 entries survived 

18 th thresholding

  breakyes = 1.0,  maxresidual < 1.00e-04  breakyes=1.0,  maxresidual < 1.00e-06
10 entries survived 

19 th thresholding

  breakyes = 1.0,  maxresidual < 1.00e-04  breakyes=1.0,  maxresidual < 1.00e-06
10 entries survived 

20 th thresholding

  breakyes = 1.0,  maxresidual < 1.00e-04  breakyes=1.0,  maxresidual < 1.00e-06
10 entries survived 

21 th thresholding

  breakyes = 1.0,  maxresidual < 1.00e-04  breakyes=1.0,  maxresidual < 1.00e-06
10 entries survived 

22 th thresholding

  breakyes = 1.0,  maxresidual < 1.00e-04  breakyes=1.0,  maxresidual < 1.00e-06
10 entries survived 

23 th thresholding

  breakyes = 1.0,  maxresidual < 1.00e-04  breakyes=1.0,  maxresidual < 1.00e-06
10 entries survived 

24 th thresholding

  breakyes = 1.0,  maxresidual < 1.00e-04  breakyes=1.0,  maxresidual < 1.00e-06
10 entries survived 

25 th thresholding

  breakyes = 1.0,  maxresidual < 1.00e-04  breakyes=1.0,  maxresidual < 1.00e-06
10 entries survived 

26 th thresholding

  breakyes = 1.0,  maxresidual < 1.00e-04  breakyes=1.0,  maxresidual < 1.00e-06
10 entries survived 

27 th thresholding

  breakyes = 1.0,  maxresidual < 1.00e-04  breakyes=1.0,  maxresidual < 1.00e-06
10 entries survived 

28 th thresholding

  breakyes = 1.0,  maxresidual < 1.00e-04  breakyes=1.0,  maxresidual < 1.00e-06
10 entries survived 

29 th thresholding

  breakyes = 1.0,  maxresidual < 1.00e-04  breakyes=1.0,  maxresidual < 1.00e-06
10 entries survived 

30 th thresholding

  breakyes = 1.0,  maxresidual < 1.00e-04  breakyes=1.0,  maxresidual < 1.00e-06
10 entries survived 

acc_vec =

    0.9980
    0.9980
    0.9980
    0.9980
    0.9980
    0.9980
    0.9980
    0.9980
    0.9980
    0.9980
    0.9980
    0.9980
    0.9980
    0.9980
    0.9980
    0.9980
    0.9980
    0.9980
    0.9980
    0.9980
    0.9980
    0.9980
    0.9980
    0.9980
    0.9980
    0.9980
    0.9980
    0.9980
    0.9980
    0.9980
    0.9980

acc =0.998000  0.998000  0.998000  0.998000  0.998000  0.998000  0.998000  0.998000  0.998000  0.998000  0.998000  0.998000  0.998000  0.998000  0.998000  0.998000  0.998000  0.998000  0.998000  0.998000  0.998000  0.998000  0.998000  0.998000  0.998000  0.998000  0.998000  0.998000  0.998000  0.998000  0.998000 

discov_true_vec =

    10
    10
    10
    10
    10
    10
    10
    10
    10
    10
    10
    10
    10
    10
    10
    10
    10
    10
    10
    10
    10
    10
    10
    10
    10
    10
    10
    10
    10
    10


discov_false_vec =

     0
     0
     0
     0
     0
     0
     0
     0
     0
     0
     0
     0
     0
     0
     0
     0
     0
     0
     0
     0
     0
     0
     0
     0
     0
     0
     0
     0
     0
     0


data =

  31x16 table

    rep    iter    sep    dim    rho     sparsity     acc     obj_prim    obj_dual    discov_true    discov_false    diff_x_tilde    diff_omega_diag    time_isee    time_SDP          jobdate       
    ___    ____    ___    ___    ____    ________    _____    ________    ________    ___________    ____________    ____________    _______________    _________    ________    ____________________

    13       0      6     50     0.05       10       0.998          0           0          0              0                  0                0                0           0     21-Mar-2024 10:47:03
    13       1      6     50     0.05       10       0.998    -9.1353     -9.1353         10              0             25.589           0.6071            1.944      2.4405     21-Mar-2024 10:47:03
    13       2      6     50     0.05       10       0.998    -9.1353     -9.1353         10              0             25.589           0.6071           1.0679      2.0153     21-Mar-2024 10:47:03
    13       3      6     50     0.05       10       0.998    -9.1353     -9.1353         10              0             25.589           0.6071          0.75608       1.967     21-Mar-2024 10:47:03
    13       4      6     50     0.05       10       0.998    -9.1353     -9.1353         10              0             25.589           0.6071          0.47469      1.7281     21-Mar-2024 10:47:03
    13       5      6     50     0.05       10       0.998    -9.1353     -9.1353         10              0             25.589           0.6071          0.49944      1.7122     21-Mar-2024 10:47:03
    13       6      6     50     0.05       10       0.998    -9.1353     -9.1353         10              0             25.589           0.6071          0.37508        1.51     21-Mar-2024 10:47:03
    13       7      6     50     0.05       10       0.998    -9.1353     -9.1353         10              0             25.589           0.6071          0.41559       1.503     21-Mar-2024 10:47:03
    13       8      6     50     0.05       10       0.998    -9.1353     -9.1353         10              0             25.589           0.6071          0.47212      1.4343     21-Mar-2024 10:47:03
    13       9      6     50     0.05       10       0.998    -9.1353     -9.1353         10              0             25.589           0.6071          0.60738      1.4382     21-Mar-2024 10:47:03
    13      10      6     50     0.05       10       0.998    -9.1353     -9.1353         10              0             25.589           0.6071          0.46848      1.4703     21-Mar-2024 10:47:03
    13      11      6     50     0.05       10       0.998    -9.1353     -9.1353         10              0             25.589           0.6071           0.3867      1.4721     21-Mar-2024 10:47:03
    13      12      6     50     0.05       10       0.998    -9.1353     -9.1353         10              0             25.589           0.6071          0.37013      1.5576     21-Mar-2024 10:47:03
    13      13      6     50     0.05       10       0.998    -9.1353     -9.1353         10              0             25.589           0.6071           0.5127      1.5399     21-Mar-2024 10:47:03
    13      14      6     50     0.05       10       0.998    -9.1353     -9.1353         10              0             25.589           0.6071          0.38896      1.4541     21-Mar-2024 10:47:03
    13      15      6     50     0.05       10       0.998    -9.1353     -9.1353         10              0             25.589           0.6071          0.85319      1.4727     21-Mar-2024 10:47:03
    13      16      6     50     0.05       10       0.998    -9.1353     -9.1353         10              0             25.589           0.6071          0.38226      1.4627     21-Mar-2024 10:47:03
    13      17      6     50     0.05       10       0.998    -9.1353     -9.1353         10              0             25.589           0.6071          0.33155      1.5252     21-Mar-2024 10:47:03
    13      18      6     50     0.05       10       0.998    -9.1353     -9.1353         10              0             25.589           0.6071          0.37134      1.6123     21-Mar-2024 10:47:03
    13      19      6     50     0.05       10       0.998    -9.1353     -9.1353         10              0             25.589           0.6071          0.49903      1.5956     21-Mar-2024 10:47:03
    13      20      6     50     0.05       10       0.998    -9.1353     -9.1353         10              0             25.589           0.6071          0.36203      1.4204     21-Mar-2024 10:47:03
    13      21      6     50     0.05       10       0.998    -9.1353     -9.1353         10              0             25.589           0.6071          0.38127      1.5757     21-Mar-2024 10:47:03
    13      22      6     50     0.05       10       0.998    -9.1353     -9.1353         10              0             25.589           0.6071          0.30897      1.4403     21-Mar-2024 10:47:03
    13      23      6     50     0.05       10       0.998    -9.1353     -9.1353         10              0             25.589           0.6071          0.32695      1.4287     21-Mar-2024 10:47:03
    13      24      6     50     0.05       10       0.998    -9.1353     -9.1353         10              0             25.589           0.6071          0.30237      1.6093     21-Mar-2024 10:47:03
    13      25      6     50     0.05       10       0.998    -9.1353     -9.1353         10              0             25.589           0.6071          0.30684      1.5549     21-Mar-2024 10:47:03
    13      26      6     50     0.05       10       0.998    -9.1353     -9.1353         10              0             25.589           0.6071          0.35594      1.5682     21-Mar-2024 10:47:03
    13      27      6     50     0.05       10       0.998    -9.1353     -9.1353         10              0             25.589           0.6071          0.32843      1.7295     21-Mar-2024 10:47:03
    13      28      6     50     0.05       10       0.998    -9.1353     -9.1353         10              0             25.589           0.6071          0.32861      1.4893     21-Mar-2024 10:47:03
    13      29      6     50     0.05       10       0.998    -9.1353     -9.1353         10              0             25.589           0.6071           0.5619      1.6302     21-Mar-2024 10:47:03
    13      30      6     50     0.05       10       0.998    -9.1353     -9.1353         10              0             25.589           0.6071          0.36233      1.4669     21-Mar-2024 10:47:03


rep =

    14

replication: (14)th 

thres=0.220507
1 th thresholding

  breakyes = 1.0,  maxresidual < 1.00e-04  breakyes=3.2,  dualfeasorg deteriorated too much: primfeasorg=2.80e-04,dualfeasorg=2.37e-03
12 entries survived 

2 th thresholding

  breakyes = 1.0,  maxresidual < 1.00e-04  breakyes=3.2,  dualfeasorg deteriorated too much: primfeasorg=2.80e-04,dualfeasorg=2.37e-03
12 entries survived 

3 th thresholding

  breakyes = 1.0,  maxresidual < 1.00e-04  breakyes=3.2,  dualfeasorg deteriorated too much: primfeasorg=2.80e-04,dualfeasorg=2.37e-03
12 entries survived 

4 th thresholding

  breakyes = 1.0,  maxresidual < 1.00e-04  breakyes=3.2,  dualfeasorg deteriorated too much: primfeasorg=2.80e-04,dualfeasorg=2.37e-03
12 entries survived 

5 th thresholding

  breakyes = 1.0,  maxresidual < 1.00e-04  breakyes=3.2,  dualfeasorg deteriorated too much: primfeasorg=2.80e-04,dualfeasorg=2.37e-03
12 entries survived 

6 th thresholding

  breakyes = 1.0,  maxresidual < 1.00e-04  breakyes=3.2,  dualfeasorg deteriorated too much: primfeasorg=2.80e-04,dualfeasorg=2.37e-03
12 entries survived 

7 th thresholding

  breakyes = 1.0,  maxresidual < 1.00e-04  breakyes=3.2,  dualfeasorg deteriorated too much: primfeasorg=2.80e-04,dualfeasorg=2.37e-03
12 entries survived 

8 th thresholding

  breakyes = 1.0,  maxresidual < 1.00e-04  breakyes=3.2,  dualfeasorg deteriorated too much: primfeasorg=2.80e-04,dualfeasorg=2.37e-03
12 entries survived 

9 th thresholding

  breakyes = 1.0,  maxresidual < 1.00e-04  breakyes=3.2,  dualfeasorg deteriorated too much: primfeasorg=2.80e-04,dualfeasorg=2.37e-03
12 entries survived 

10 th thresholding

  breakyes = 1.0,  maxresidual < 1.00e-04  breakyes=3.2,  dualfeasorg deteriorated too much: primfeasorg=2.80e-04,dualfeasorg=2.37e-03
12 entries survived 

11 th thresholding

  breakyes = 1.0,  maxresidual < 1.00e-04  breakyes=3.2,  dualfeasorg deteriorated too much: primfeasorg=2.80e-04,dualfeasorg=2.37e-03
12 entries survived 

12 th thresholding

  breakyes = 1.0,  maxresidual < 1.00e-04  breakyes=3.2,  dualfeasorg deteriorated too much: primfeasorg=2.80e-04,dualfeasorg=2.37e-03
12 entries survived 

13 th thresholding

  breakyes = 1.0,  maxresidual < 1.00e-04  breakyes=3.2,  dualfeasorg deteriorated too much: primfeasorg=2.80e-04,dualfeasorg=2.37e-03
12 entries survived 

14 th thresholding

  breakyes = 1.0,  maxresidual < 1.00e-04  breakyes=3.2,  dualfeasorg deteriorated too much: primfeasorg=2.80e-04,dualfeasorg=2.37e-03
12 entries survived 

15 th thresholding

  breakyes = 1.0,  maxresidual < 1.00e-04  breakyes=3.2,  dualfeasorg deteriorated too much: primfeasorg=2.80e-04,dualfeasorg=2.37e-03
12 entries survived 

16 th thresholding

  breakyes = 1.0,  maxresidual < 1.00e-04  breakyes=3.2,  dualfeasorg deteriorated too much: primfeasorg=2.80e-04,dualfeasorg=2.37e-03
12 entries survived 

17 th thresholding

  breakyes = 1.0,  maxresidual < 1.00e-04  breakyes=3.2,  dualfeasorg deteriorated too much: primfeasorg=2.80e-04,dualfeasorg=2.37e-03
12 entries survived 

18 th thresholding

  breakyes = 1.0,  maxresidual < 1.00e-04  breakyes=3.2,  dualfeasorg deteriorated too much: primfeasorg=2.80e-04,dualfeasorg=2.37e-03
12 entries survived 

19 th thresholding

  breakyes = 1.0,  maxresidual < 1.00e-04  breakyes=3.2,  dualfeasorg deteriorated too much: primfeasorg=2.80e-04,dualfeasorg=2.37e-03
12 entries survived 

20 th thresholding

  breakyes = 1.0,  maxresidual < 1.00e-04  breakyes=3.2,  dualfeasorg deteriorated too much: primfeasorg=2.80e-04,dualfeasorg=2.37e-03
12 entries survived 

21 th thresholding

  breakyes = 1.0,  maxresidual < 1.00e-04  breakyes=3.2,  dualfeasorg deteriorated too much: primfeasorg=2.80e-04,dualfeasorg=2.37e-03
12 entries survived 

22 th thresholding

  breakyes = 1.0,  maxresidual < 1.00e-04  breakyes=3.2,  dualfeasorg deteriorated too much: primfeasorg=2.80e-04,dualfeasorg=2.37e-03
12 entries survived 

23 th thresholding

  breakyes = 1.0,  maxresidual < 1.00e-04  breakyes=3.2,  dualfeasorg deteriorated too much: primfeasorg=2.80e-04,dualfeasorg=2.37e-03
12 entries survived 

24 th thresholding

  breakyes = 1.0,  maxresidual < 1.00e-04  breakyes=3.2,  dualfeasorg deteriorated too much: primfeasorg=2.80e-04,dualfeasorg=2.37e-03
12 entries survived 

25 th thresholding

  breakyes = 1.0,  maxresidual < 1.00e-04  breakyes=3.2,  dualfeasorg deteriorated too much: primfeasorg=2.80e-04,dualfeasorg=2.37e-03
12 entries survived 

26 th thresholding

  breakyes = 1.0,  maxresidual < 1.00e-04  breakyes=3.2,  dualfeasorg deteriorated too much: primfeasorg=2.80e-04,dualfeasorg=2.37e-03
12 entries survived 

27 th thresholding

  breakyes = 1.0,  maxresidual < 1.00e-04  breakyes=3.2,  dualfeasorg deteriorated too much: primfeasorg=2.80e-04,dualfeasorg=2.37e-03
12 entries survived 

28 th thresholding

  breakyes = 1.0,  maxresidual < 1.00e-04  breakyes=3.2,  dualfeasorg deteriorated too much: primfeasorg=2.80e-04,dualfeasorg=2.37e-03
12 entries survived 

29 th thresholding

  breakyes = 1.0,  maxresidual < 1.00e-04  breakyes=3.2,  dualfeasorg deteriorated too much: primfeasorg=2.80e-04,dualfeasorg=2.37e-03
12 entries survived 

30 th thresholding

  breakyes = 1.0,  maxresidual < 1.00e-04  breakyes=3.2,  dualfeasorg deteriorated too much: primfeasorg=2.80e-04,dualfeasorg=2.37e-03
12 entries survived 

acc_vec =

    0.9980
    0.9980
    0.9980
    0.9980
    0.9980
    0.9980
    0.9980
    0.9980
    0.9980
    0.9980
    0.9980
    0.9980
    0.9980
    0.9980
    0.9980
    0.9980
    0.9980
    0.9980
    0.9980
    0.9980
    0.9980
    0.9980
    0.9980
    0.9980
    0.9980
    0.9980
    0.9980
    0.9980
    0.9980
    0.9980
    0.9980

acc =0.998000  0.998000  0.998000  0.998000  0.998000  0.998000  0.998000  0.998000  0.998000  0.998000  0.998000  0.998000  0.998000  0.998000  0.998000  0.998000  0.998000  0.998000  0.998000  0.998000  0.998000  0.998000  0.998000  0.998000  0.998000  0.998000  0.998000  0.998000  0.998000  0.998000  0.998000 

discov_true_vec =

    10
    10
    10
    10
    10
    10
    10
    10
    10
    10
    10
    10
    10
    10
    10
    10
    10
    10
    10
    10
    10
    10
    10
    10
    10
    10
    10
    10
    10
    10


discov_false_vec =

     2
     2
     2
     2
     2
     2
     2
     2
     2
     2
     2
     2
     2
     2
     2
     2
     2
     2
     2
     2
     2
     2
     2
     2
     2
     2
     2
     2
     2
     2


data =

  31x16 table

    rep    iter    sep    dim    rho     sparsity     acc     obj_prim    obj_dual    discov_true    discov_false    diff_x_tilde    diff_omega_diag    time_isee    time_SDP          jobdate       
    ___    ____    ___    ___    ____    ________    _____    ________    ________    ___________    ____________    ____________    _______________    _________    ________    ____________________

    14       0      6     50     0.05       10       0.998          0           0          0              0                  0                 0               0           0     21-Mar-2024 10:58:34
    14       1      6     50     0.05       10       0.998    -8.3779     -8.3788         10              2             20.915           0.57251         0.71846      23.159     21-Mar-2024 10:58:34
    14       2      6     50     0.05       10       0.998    -8.3779     -8.3788         10              2             20.915           0.57251          0.5822      24.101     21-Mar-2024 10:58:34
    14       3      6     50     0.05       10       0.998    -8.3779     -8.3788         10              2             20.915           0.57251         0.70841      21.894     21-Mar-2024 10:58:34
    14       4      6     50     0.05       10       0.998    -8.3779     -8.3788         10              2             20.915           0.57251         0.34738      26.013     21-Mar-2024 10:58:34
    14       5      6     50     0.05       10       0.998    -8.3779     -8.3788         10              2             20.915           0.57251         0.92398      26.444     21-Mar-2024 10:58:34
    14       6      6     50     0.05       10       0.998    -8.3779     -8.3788         10              2             20.915           0.57251         0.65327      28.324     21-Mar-2024 10:58:34
    14       7      6     50     0.05       10       0.998    -8.3779     -8.3788         10              2             20.915           0.57251         0.52017      21.273     21-Mar-2024 10:58:34
    14       8      6     50     0.05       10       0.998    -8.3779     -8.3788         10              2             20.915           0.57251         0.38492      24.133     21-Mar-2024 10:58:34
    14       9      6     50     0.05       10       0.998    -8.3779     -8.3788         10              2             20.915           0.57251         0.66773      22.625     21-Mar-2024 10:58:34
    14      10      6     50     0.05       10       0.998    -8.3779     -8.3788         10              2             20.915           0.57251         0.34505      21.778     21-Mar-2024 10:58:34
    14      11      6     50     0.05       10       0.998    -8.3779     -8.3788         10              2             20.915           0.57251         0.81412      21.329     21-Mar-2024 10:58:34
    14      12      6     50     0.05       10       0.998    -8.3779     -8.3788         10              2             20.915           0.57251         0.69004       20.47     21-Mar-2024 10:58:34
    14      13      6     50     0.05       10       0.998    -8.3779     -8.3788         10              2             20.915           0.57251          0.6393      21.288     21-Mar-2024 10:58:34
    14      14      6     50     0.05       10       0.998    -8.3779     -8.3788         10              2             20.915           0.57251         0.30733      22.704     21-Mar-2024 10:58:34
    14      15      6     50     0.05       10       0.998    -8.3779     -8.3788         10              2             20.915           0.57251         0.87775      22.214     21-Mar-2024 10:58:34
    14      16      6     50     0.05       10       0.998    -8.3779     -8.3788         10              2             20.915           0.57251         0.53398      20.977     21-Mar-2024 10:58:34
    14      17      6     50     0.05       10       0.998    -8.3779     -8.3788         10              2             20.915           0.57251          0.5511      22.336     21-Mar-2024 10:58:34
    14      18      6     50     0.05       10       0.998    -8.3779     -8.3788         10              2             20.915           0.57251         0.35061      21.442     21-Mar-2024 10:58:34
    14      19      6     50     0.05       10       0.998    -8.3779     -8.3788         10              2             20.915           0.57251         0.59386      22.569     21-Mar-2024 10:58:34
    14      20      6     50     0.05       10       0.998    -8.3779     -8.3788         10              2             20.915           0.57251         0.30638      21.697     21-Mar-2024 10:58:34
    14      21      6     50     0.05       10       0.998    -8.3779     -8.3788         10              2             20.915           0.57251          0.8757      21.146     21-Mar-2024 10:58:34
    14      22      6     50     0.05       10       0.998    -8.3779     -8.3788         10              2             20.915           0.57251          0.3051      23.651     21-Mar-2024 10:58:34
    14      23      6     50     0.05       10       0.998    -8.3779     -8.3788         10              2             20.915           0.57251         0.50607      22.141     21-Mar-2024 10:58:34
    14      24      6     50     0.05       10       0.998    -8.3779     -8.3788         10              2             20.915           0.57251         0.35946      20.914     21-Mar-2024 10:58:34
    14      25      6     50     0.05       10       0.998    -8.3779     -8.3788         10              2             20.915           0.57251         0.53014      22.008     21-Mar-2024 10:58:34
    14      26      6     50     0.05       10       0.998    -8.3779     -8.3788         10              2             20.915           0.57251         0.33429      21.012     21-Mar-2024 10:58:34
    14      27      6     50     0.05       10       0.998    -8.3779     -8.3788         10              2             20.915           0.57251         0.71684      22.556     21-Mar-2024 10:58:34
    14      28      6     50     0.05       10       0.998    -8.3779     -8.3788         10              2             20.915           0.57251         0.33834      21.231     21-Mar-2024 10:58:34
    14      29      6     50     0.05       10       0.998    -8.3779     -8.3788         10              2             20.915           0.57251         0.54885      21.351     21-Mar-2024 10:58:34
    14      30      6     50     0.05       10       0.998    -8.3779     -8.3788         10              2             20.915           0.57251          0.3801      21.721     21-Mar-2024 10:58:34


rep =

    15

replication: (15)th 

thres=0.220507
1 th thresholding

  breakyes = 1.0,  maxresidual < 1.00e-04  breakyes=3.2,  dualfeasorg deteriorated too much: primfeasorg=1.70e-04,dualfeasorg=1.10e-03
12 entries survived 

2 th thresholding

  breakyes = 1.0,  maxresidual < 1.00e-04  breakyes=3.2,  dualfeasorg deteriorated too much: primfeasorg=1.70e-04,dualfeasorg=1.10e-03
12 entries survived 

3 th thresholding

  breakyes = 1.0,  maxresidual < 1.00e-04  breakyes=3.2,  dualfeasorg deteriorated too much: primfeasorg=1.70e-04,dualfeasorg=1.10e-03
12 entries survived 

4 th thresholding

  breakyes = 1.0,  maxresidual < 1.00e-04  breakyes=3.2,  dualfeasorg deteriorated too much: primfeasorg=1.70e-04,dualfeasorg=1.10e-03
12 entries survived 

5 th thresholding

  breakyes = 1.0,  maxresidual < 1.00e-04  breakyes=3.2,  dualfeasorg deteriorated too much: primfeasorg=1.70e-04,dualfeasorg=1.10e-03
12 entries survived 

6 th thresholding

  breakyes = 1.0,  maxresidual < 1.00e-04  breakyes=3.2,  dualfeasorg deteriorated too much: primfeasorg=1.70e-04,dualfeasorg=1.10e-03
12 entries survived 

7 th thresholding

  breakyes = 1.0,  maxresidual < 1.00e-04  breakyes=3.2,  dualfeasorg deteriorated too much: primfeasorg=1.70e-04,dualfeasorg=1.10e-03
12 entries survived 

8 th thresholding

  breakyes = 1.0,  maxresidual < 1.00e-04  breakyes=3.2,  dualfeasorg deteriorated too much: primfeasorg=1.70e-04,dualfeasorg=1.10e-03
12 entries survived 

9 th thresholding

  breakyes = 1.0,  maxresidual < 1.00e-04  breakyes=3.2,  dualfeasorg deteriorated too much: primfeasorg=1.70e-04,dualfeasorg=1.10e-03
12 entries survived 

10 th thresholding

  breakyes = 1.0,  maxresidual < 1.00e-04  breakyes=3.2,  dualfeasorg deteriorated too much: primfeasorg=1.70e-04,dualfeasorg=1.10e-03
12 entries survived 

11 th thresholding

  breakyes = 1.0,  maxresidual < 1.00e-04  breakyes=3.2,  dualfeasorg deteriorated too much: primfeasorg=1.70e-04,dualfeasorg=1.10e-03
12 entries survived 

12 th thresholding

  breakyes = 1.0,  maxresidual < 1.00e-04  breakyes=3.2,  dualfeasorg deteriorated too much: primfeasorg=1.70e-04,dualfeasorg=1.10e-03
12 entries survived 

13 th thresholding

  breakyes = 1.0,  maxresidual < 1.00e-04  breakyes=3.2,  dualfeasorg deteriorated too much: primfeasorg=1.70e-04,dualfeasorg=1.10e-03
12 entries survived 

14 th thresholding

  breakyes = 1.0,  maxresidual < 1.00e-04  breakyes=3.2,  dualfeasorg deteriorated too much: primfeasorg=1.70e-04,dualfeasorg=1.10e-03
12 entries survived 

15 th thresholding

  breakyes = 1.0,  maxresidual < 1.00e-04  breakyes=3.2,  dualfeasorg deteriorated too much: primfeasorg=1.70e-04,dualfeasorg=1.10e-03
12 entries survived 

16 th thresholding

  breakyes = 1.0,  maxresidual < 1.00e-04  breakyes=3.2,  dualfeasorg deteriorated too much: primfeasorg=1.70e-04,dualfeasorg=1.10e-03
12 entries survived 

17 th thresholding

  breakyes = 1.0,  maxresidual < 1.00e-04  breakyes=3.2,  dualfeasorg deteriorated too much: primfeasorg=1.70e-04,dualfeasorg=1.10e-03
12 entries survived 

18 th thresholding

  breakyes = 1.0,  maxresidual < 1.00e-04  breakyes=3.2,  dualfeasorg deteriorated too much: primfeasorg=1.70e-04,dualfeasorg=1.10e-03
12 entries survived 

19 th thresholding

  breakyes = 1.0,  maxresidual < 1.00e-04  breakyes=3.2,  dualfeasorg deteriorated too much: primfeasorg=1.70e-04,dualfeasorg=1.10e-03
12 entries survived 

20 th thresholding

  breakyes = 1.0,  maxresidual < 1.00e-04  breakyes=3.2,  dualfeasorg deteriorated too much: primfeasorg=1.70e-04,dualfeasorg=1.10e-03
12 entries survived 

21 th thresholding

  breakyes = 1.0,  maxresidual < 1.00e-04  breakyes=3.2,  dualfeasorg deteriorated too much: primfeasorg=1.70e-04,dualfeasorg=1.10e-03
12 entries survived 

22 th thresholding

  breakyes = 1.0,  maxresidual < 1.00e-04  breakyes=3.2,  dualfeasorg deteriorated too much: primfeasorg=1.70e-04,dualfeasorg=1.10e-03
12 entries survived 

23 th thresholding

  breakyes = 1.0,  maxresidual < 1.00e-04  breakyes=3.2,  dualfeasorg deteriorated too much: primfeasorg=1.70e-04,dualfeasorg=1.10e-03
12 entries survived 

24 th thresholding

  breakyes = 1.0,  maxresidual < 1.00e-04  breakyes=3.2,  dualfeasorg deteriorated too much: primfeasorg=1.70e-04,dualfeasorg=1.10e-03
12 entries survived 

25 th thresholding

  breakyes = 1.0,  maxresidual < 1.00e-04  breakyes=3.2,  dualfeasorg deteriorated too much: primfeasorg=1.70e-04,dualfeasorg=1.10e-03
12 entries survived 

26 th thresholding

  breakyes = 1.0,  maxresidual < 1.00e-04  breakyes=3.2,  dualfeasorg deteriorated too much: primfeasorg=1.70e-04,dualfeasorg=1.10e-03
12 entries survived 

27 th thresholding

  breakyes = 1.0,  maxresidual < 1.00e-04  breakyes=3.2,  dualfeasorg deteriorated too much: primfeasorg=1.70e-04,dualfeasorg=1.10e-03
12 entries survived 

28 th thresholding

  breakyes = 1.0,  maxresidual < 1.00e-04  breakyes=3.2,  dualfeasorg deteriorated too much: primfeasorg=1.70e-04,dualfeasorg=1.10e-03
12 entries survived 

29 th thresholding

  breakyes = 1.0,  maxresidual < 1.00e-04  breakyes=3.2,  dualfeasorg deteriorated too much: primfeasorg=1.70e-04,dualfeasorg=1.10e-03
12 entries survived 

30 th thresholding

  breakyes = 1.0,  maxresidual < 1.00e-04  breakyes=3.2,  dualfeasorg deteriorated too much: primfeasorg=1.70e-04,dualfeasorg=1.10e-03
12 entries survived 

acc_vec =

     1
     1
     1
     1
     1
     1
     1
     1
     1
     1
     1
     1
     1
     1
     1
     1
     1
     1
     1
     1
     1
     1
     1
     1
     1
     1
     1
     1
     1
     1
     1

acc =1.000000  1.000000  1.000000  1.000000  1.000000  1.000000  1.000000  1.000000  1.000000  1.000000  1.000000  1.000000  1.000000  1.000000  1.000000  1.000000  1.000000  1.000000  1.000000  1.000000  1.000000  1.000000  1.000000  1.000000  1.000000  1.000000  1.000000  1.000000  1.000000  1.000000  1.000000 

discov_true_vec =

    10
    10
    10
    10
    10
    10
    10
    10
    10
    10
    10
    10
    10
    10
    10
    10
    10
    10
    10
    10
    10
    10
    10
    10
    10
    10
    10
    10
    10
    10


discov_false_vec =

     2
     2
     2
     2
     2
     2
     2
     2
     2
     2
     2
     2
     2
     2
     2
     2
     2
     2
     2
     2
     2
     2
     2
     2
     2
     2
     2
     2
     2
     2


data =

  31x16 table

    rep    iter    sep    dim    rho     sparsity    acc    obj_prim    obj_dual    discov_true    discov_false    diff_x_tilde    diff_omega_diag    time_isee    time_SDP          jobdate       
    ___    ____    ___    ___    ____    ________    ___    ________    ________    ___________    ____________    ____________    _______________    _________    ________    ____________________

    15       0      6     50     0.05       10        1           0           0          0              0                  0                 0               0           0     21-Mar-2024 11:02:25
    15       1      6     50     0.05       10        1     -8.3801     -8.3808         10              2             22.822           0.64688         0.69234      8.2048     21-Mar-2024 11:02:25
    15       2      6     50     0.05       10        1     -8.3801     -8.3808         10              2             22.822           0.64688          0.4599      7.1472     21-Mar-2024 11:02:25
    15       3      6     50     0.05       10        1     -8.3801     -8.3808         10              2             22.822           0.64688         0.38967      6.9351     21-Mar-2024 11:02:25
    15       4      6     50     0.05       10        1     -8.3801     -8.3808         10              2             22.822           0.64688          0.3269      7.2147     21-Mar-2024 11:02:25
    15       5      6     50     0.05       10        1     -8.3801     -8.3808         10              2             22.822           0.64688          0.7554      7.1849     21-Mar-2024 11:02:25
    15       6      6     50     0.05       10        1     -8.3801     -8.3808         10              2             22.822           0.64688         0.36834      7.1909     21-Mar-2024 11:02:25
    15       7      6     50     0.05       10        1     -8.3801     -8.3808         10              2             22.822           0.64688         0.31066      7.7681     21-Mar-2024 11:02:25
    15       8      6     50     0.05       10        1     -8.3801     -8.3808         10              2             22.822           0.64688         0.36188      7.0096     21-Mar-2024 11:02:25
    15       9      6     50     0.05       10        1     -8.3801     -8.3808         10              2             22.822           0.64688         0.54788      7.5495     21-Mar-2024 11:02:25
    15      10      6     50     0.05       10        1     -8.3801     -8.3808         10              2             22.822           0.64688         0.30987      6.9183     21-Mar-2024 11:02:25
    15      11      6     50     0.05       10        1     -8.3801     -8.3808         10              2             22.822           0.64688         0.31153      6.9589     21-Mar-2024 11:02:25
    15      12      6     50     0.05       10        1     -8.3801     -8.3808         10              2             22.822           0.64688         0.33521      7.2952     21-Mar-2024 11:02:25
    15      13      6     50     0.05       10        1     -8.3801     -8.3808         10              2             22.822           0.64688         0.54128      7.0035     21-Mar-2024 11:02:25
    15      14      6     50     0.05       10        1     -8.3801     -8.3808         10              2             22.822           0.64688         0.38931      6.9644     21-Mar-2024 11:02:25
    15      15      6     50     0.05       10        1     -8.3801     -8.3808         10              2             22.822           0.64688         0.36182      7.8527     21-Mar-2024 11:02:25
    15      16      6     50     0.05       10        1     -8.3801     -8.3808         10              2             22.822           0.64688         0.33175      7.1623     21-Mar-2024 11:02:25
    15      17      6     50     0.05       10        1     -8.3801     -8.3808         10              2             22.822           0.64688         0.56183      7.1497     21-Mar-2024 11:02:25
    15      18      6     50     0.05       10        1     -8.3801     -8.3808         10              2             22.822           0.64688         0.30743      7.0732     21-Mar-2024 11:02:25
    15      19      6     50     0.05       10        1     -8.3801     -8.3808         10              2             22.822           0.64688          0.3112      7.1267     21-Mar-2024 11:02:25
    15      20      6     50     0.05       10        1     -8.3801     -8.3808         10              2             22.822           0.64688         0.31048      7.0147     21-Mar-2024 11:02:25
    15      21      6     50     0.05       10        1     -8.3801     -8.3808         10              2             22.822           0.64688         0.58051      7.0363     21-Mar-2024 11:02:25
    15      22      6     50     0.05       10        1     -8.3801     -8.3808         10              2             22.822           0.64688         0.37569      7.2698     21-Mar-2024 11:02:25
    15      23      6     50     0.05       10        1     -8.3801     -8.3808         10              2             22.822           0.64688         0.31562       6.956     21-Mar-2024 11:02:25
    15      24      6     50     0.05       10        1     -8.3801     -8.3808         10              2             22.822           0.64688         0.35776      6.9484     21-Mar-2024 11:02:25
    15      25      6     50     0.05       10        1     -8.3801     -8.3808         10              2             22.822           0.64688         0.45145      7.2034     21-Mar-2024 11:02:25
    15      26      6     50     0.05       10        1     -8.3801     -8.3808         10              2             22.822           0.64688         0.51884      7.0786     21-Mar-2024 11:02:25
    15      27      6     50     0.05       10        1     -8.3801     -8.3808         10              2             22.822           0.64688         0.33897      8.0383     21-Mar-2024 11:02:25
    15      28      6     50     0.05       10        1     -8.3801     -8.3808         10              2             22.822           0.64688         0.31548      7.7289     21-Mar-2024 11:02:25
    15      29      6     50     0.05       10        1     -8.3801     -8.3808         10              2             22.822           0.64688         0.74137      7.6602     21-Mar-2024 11:02:25
    15      30      6     50     0.05       10        1     -8.3801     -8.3808         10              2             22.822           0.64688         0.50815      7.0156     21-Mar-2024 11:02:25


rep =

    16

replication: (16)th 

thres=0.220507
1 th thresholding

  breakyes=1.4,  maxresidual < 1.00e-06
11 entries survived 

2 th thresholding

  breakyes=1.4,  maxresidual < 1.00e-06
11 entries survived 

3 th thresholding

  breakyes=1.4,  maxresidual < 1.00e-06
11 entries survived 

4 th thresholding

  breakyes=1.4,  maxresidual < 1.00e-06
11 entries survived 

5 th thresholding

  breakyes=1.4,  maxresidual < 1.00e-06
11 entries survived 

6 th thresholding

  breakyes=1.4,  maxresidual < 1.00e-06
11 entries survived 

7 th thresholding

  breakyes=1.4,  maxresidual < 1.00e-06
11 entries survived 

8 th thresholding

  breakyes=1.4,  maxresidual < 1.00e-06
11 entries survived 

9 th thresholding

  breakyes=1.4,  maxresidual < 1.00e-06
11 entries survived 

10 th thresholding

  breakyes=1.4,  maxresidual < 1.00e-06
11 entries survived 

11 th thresholding

  breakyes=1.4,  maxresidual < 1.00e-06
11 entries survived 

12 th thresholding

  breakyes=1.4,  maxresidual < 1.00e-06
11 entries survived 

13 th thresholding

  breakyes=1.4,  maxresidual < 1.00e-06
11 entries survived 

14 th thresholding

  breakyes=1.4,  maxresidual < 1.00e-06
11 entries survived 

15 th thresholding

  breakyes=1.4,  maxresidual < 1.00e-06
11 entries survived 

16 th thresholding

  breakyes=1.4,  maxresidual < 1.00e-06
11 entries survived 

17 th thresholding

  breakyes=1.4,  maxresidual < 1.00e-06
11 entries survived 

18 th thresholding

  breakyes=1.4,  maxresidual < 1.00e-06
11 entries survived 

19 th thresholding

  breakyes=1.4,  maxresidual < 1.00e-06
11 entries survived 

20 th thresholding

  breakyes=1.4,  maxresidual < 1.00e-06
11 entries survived 

21 th thresholding

  breakyes=1.4,  maxresidual < 1.00e-06
11 entries survived 

22 th thresholding

  breakyes=1.4,  maxresidual < 1.00e-06
11 entries survived 

23 th thresholding

  breakyes=1.4,  maxresidual < 1.00e-06
11 entries survived 

24 th thresholding

  breakyes=1.4,  maxresidual < 1.00e-06
11 entries survived 

25 th thresholding

  breakyes=1.4,  maxresidual < 1.00e-06
11 entries survived 

26 th thresholding

  breakyes=1.4,  maxresidual < 1.00e-06
11 entries survived 

27 th thresholding

  breakyes=1.4,  maxresidual < 1.00e-06
11 entries survived 

28 th thresholding

  breakyes=1.4,  maxresidual < 1.00e-06
11 entries survived 

29 th thresholding

  breakyes=1.4,  maxresidual < 1.00e-06
11 entries survived 

30 th thresholding

  breakyes=1.4,  maxresidual < 1.00e-06
11 entries survived 

acc_vec =

     1
     1
     1
     1
     1
     1
     1
     1
     1
     1
     1
     1
     1
     1
     1
     1
     1
     1
     1
     1
     1
     1
     1
     1
     1
     1
     1
     1
     1
     1
     1

acc =1.000000  1.000000  1.000000  1.000000  1.000000  1.000000  1.000000  1.000000  1.000000  1.000000  1.000000  1.000000  1.000000  1.000000  1.000000  1.000000  1.000000  1.000000  1.000000  1.000000  1.000000  1.000000  1.000000  1.000000  1.000000  1.000000  1.000000  1.000000  1.000000  1.000000  1.000000 

discov_true_vec =

    10
    10
    10
    10
    10
    10
    10
    10
    10
    10
    10
    10
    10
    10
    10
    10
    10
    10
    10
    10
    10
    10
    10
    10
    10
    10
    10
    10
    10
    10


discov_false_vec =

     1
     1
     1
     1
     1
     1
     1
     1
     1
     1
     1
     1
     1
     1
     1
     1
     1
     1
     1
     1
     1
     1
     1
     1
     1
     1
     1
     1
     1
     1


data =

  31x16 table

    rep    iter    sep    dim    rho     sparsity    acc    obj_prim    obj_dual    discov_true    discov_false    diff_x_tilde    diff_omega_diag    time_isee    time_SDP          jobdate       
    ___    ____    ___    ___    ____    ________    ___    ________    ________    ___________    ____________    ____________    _______________    _________    ________    ____________________

    16       0      6     50     0.05       10        1           0           0          0              0                  0                 0               0           0     21-Mar-2024 11:13:59
    16       1      6     50     0.05       10        1     -8.8809     -8.8809         10              1             23.299           0.53657         0.59343       22.43     21-Mar-2024 11:13:59
    16       2      6     50     0.05       10        1     -8.8809     -8.8809         10              1             23.299           0.53657         0.57292      22.375     21-Mar-2024 11:13:59
    16       3      6     50     0.05       10        1     -8.8809     -8.8809         10              1             23.299           0.53657         0.47094      22.187     21-Mar-2024 11:13:59
    16       4      6     50     0.05       10        1     -8.8809     -8.8809         10              1             23.299           0.53657          0.8668      21.952     21-Mar-2024 11:13:59
    16       5      6     50     0.05       10        1     -8.8809     -8.8809         10              1             23.299           0.53657          0.5894      22.085     21-Mar-2024 11:13:59
    16       6      6     50     0.05       10        1     -8.8809     -8.8809         10              1             23.299           0.53657         0.57361      22.286     21-Mar-2024 11:13:59
    16       7      6     50     0.05       10        1     -8.8809     -8.8809         10              1             23.299           0.53657         0.53705      23.631     21-Mar-2024 11:13:59
    16       8      6     50     0.05       10        1     -8.8809     -8.8809         10              1             23.299           0.53657         0.57286      22.982     21-Mar-2024 11:13:59
    16       9      6     50     0.05       10        1     -8.8809     -8.8809         10              1             23.299           0.53657         0.45502      22.107     21-Mar-2024 11:13:59
    16      10      6     50     0.05       10        1     -8.8809     -8.8809         10              1             23.299           0.53657         0.61483      22.413     21-Mar-2024 11:13:59
    16      11      6     50     0.05       10        1     -8.8809     -8.8809         10              1             23.299           0.53657         0.45226      21.938     21-Mar-2024 11:13:59
    16      12      6     50     0.05       10        1     -8.8809     -8.8809         10              1             23.299           0.53657         0.81177      21.966     21-Mar-2024 11:13:59
    16      13      6     50     0.05       10        1     -8.8809     -8.8809         10              1             23.299           0.53657         0.57442      22.672     21-Mar-2024 11:13:59
    16      14      6     50     0.05       10        1     -8.8809     -8.8809         10              1             23.299           0.53657         0.75275      22.082     21-Mar-2024 11:13:59
    16      15      6     50     0.05       10        1     -8.8809     -8.8809         10              1             23.299           0.53657         0.47782      22.661     21-Mar-2024 11:13:59
    16      16      6     50     0.05       10        1     -8.8809     -8.8809         10              1             23.299           0.53657         0.67118      22.167     21-Mar-2024 11:13:59
    16      17      6     50     0.05       10        1     -8.8809     -8.8809         10              1             23.299           0.53657           0.456      23.194     21-Mar-2024 11:13:59
    16      18      6     50     0.05       10        1     -8.8809     -8.8809         10              1             23.299           0.53657         0.74242      22.168     21-Mar-2024 11:13:59
    16      19      6     50     0.05       10        1     -8.8809     -8.8809         10              1             23.299           0.53657         0.52038      22.871     21-Mar-2024 11:13:59
    16      20      6     50     0.05       10        1     -8.8809     -8.8809         10              1             23.299           0.53657         0.86599       23.27     21-Mar-2024 11:13:59
    16      21      6     50     0.05       10        1     -8.8809     -8.8809         10              1             23.299           0.53657         0.69511      22.119     21-Mar-2024 11:13:59
    16      22      6     50     0.05       10        1     -8.8809     -8.8809         10              1             23.299           0.53657         0.54967      22.323     21-Mar-2024 11:13:59
    16      23      6     50     0.05       10        1     -8.8809     -8.8809         10              1             23.299           0.53657         0.75192      22.959     21-Mar-2024 11:13:59
    16      24      6     50     0.05       10        1     -8.8809     -8.8809         10              1             23.299           0.53657          0.5175      22.575     21-Mar-2024 11:13:59
    16      25      6     50     0.05       10        1     -8.8809     -8.8809         10              1             23.299           0.53657         0.64455      23.353     21-Mar-2024 11:13:59
    16      26      6     50     0.05       10        1     -8.8809     -8.8809         10              1             23.299           0.53657         0.30821      22.881     21-Mar-2024 11:13:59
    16      27      6     50     0.05       10        1     -8.8809     -8.8809         10              1             23.299           0.53657         0.54616      22.599     21-Mar-2024 11:13:59
    16      28      6     50     0.05       10        1     -8.8809     -8.8809         10              1             23.299           0.53657         0.36278      22.719     21-Mar-2024 11:13:59
    16      29      6     50     0.05       10        1     -8.8809     -8.8809         10              1             23.299           0.53657         0.57817      22.606     21-Mar-2024 11:13:59
    16      30      6     50     0.05       10        1     -8.8809     -8.8809         10              1             23.299           0.53657         0.29454      23.154     21-Mar-2024 11:13:59

