==========================================
SLURM_JOB_ID = 20377722
SLURM_JOB_NODELIST = b22-18
TMPDIR = /tmp/SLURM_20377722
==========================================
hello
Starting parallel pool (parpool) ...
Connected to the parallel pool (number of workers: 15).

pool = 

 ProcessPool with properties: 

            Connected: true
           NumWorkers: 15
                 Busy: false
              Cluster: Local
        AttachedFiles: {}
    AutoAddClientPath: true
            FileStore: [1x1 parallel.FileStore]
           ValueStore: [1x1 parallel.ValueStore]
          IdleTimeout: 30 minutes (30 minutes remaining)
          SpmdEnabled: true


p =

    50


Delta =

     5


s =

    10


n =

   500


ii =

    20


table_name =

    'sparse_kmeans_isee_denoise'


conn = 

  sqlite with properties:

      Database: '/home1/jongminm/sparse_kmeans/sparse_kmeans.db'
    IsReadOnly: 0
    AutoCommit: 'on'


rho =

    0.0500


M =

    0.8251

delta confirmed: 5.000000
ans =

    4.7923


rep =

    77

replication: (77)th 

thres=0.220507
1 th thresholding

  breakyes = 1.0,  maxresidual < 1.00e-04  breakyes=3.2,  dualfeasorg deteriorated too much: primfeasorg=5.97e-04,dualfeasorg=4.78e-03
12 entries survived 

2 th thresholding

  breakyes = 1.0,  maxresidual < 1.00e-04  breakyes=3.2,  dualfeasorg deteriorated too much: primfeasorg=5.97e-04,dualfeasorg=4.78e-03
12 entries survived 

3 th thresholding

  breakyes = 1.0,  maxresidual < 1.00e-04  breakyes=3.2,  dualfeasorg deteriorated too much: primfeasorg=5.97e-04,dualfeasorg=4.78e-03
12 entries survived 

4 th thresholding

  breakyes = 1.0,  maxresidual < 1.00e-04  breakyes=3.2,  dualfeasorg deteriorated too much: primfeasorg=5.97e-04,dualfeasorg=4.78e-03
12 entries survived 

5 th thresholding

  breakyes = 1.0,  maxresidual < 1.00e-04  breakyes=3.2,  dualfeasorg deteriorated too much: primfeasorg=5.97e-04,dualfeasorg=4.78e-03
12 entries survived 

6 th thresholding

  breakyes = 1.0,  maxresidual < 1.00e-04  breakyes=3.2,  dualfeasorg deteriorated too much: primfeasorg=5.97e-04,dualfeasorg=4.78e-03
12 entries survived 

7 th thresholding

  breakyes = 1.0,  maxresidual < 1.00e-04  breakyes=3.2,  dualfeasorg deteriorated too much: primfeasorg=5.97e-04,dualfeasorg=4.78e-03
12 entries survived 

8 th thresholding

  breakyes = 1.0,  maxresidual < 1.00e-04  breakyes=3.2,  dualfeasorg deteriorated too much: primfeasorg=5.97e-04,dualfeasorg=4.78e-03
12 entries survived 

9 th thresholding

  breakyes = 1.0,  maxresidual < 1.00e-04  breakyes=3.2,  dualfeasorg deteriorated too much: primfeasorg=5.97e-04,dualfeasorg=4.78e-03
12 entries survived 

10 th thresholding

  breakyes = 1.0,  maxresidual < 1.00e-04  breakyes=3.2,  dualfeasorg deteriorated too much: primfeasorg=5.97e-04,dualfeasorg=4.78e-03
12 entries survived 

11 th thresholding

  breakyes = 1.0,  maxresidual < 1.00e-04  breakyes=3.2,  dualfeasorg deteriorated too much: primfeasorg=5.97e-04,dualfeasorg=4.78e-03
12 entries survived 

12 th thresholding

  breakyes = 1.0,  maxresidual < 1.00e-04  breakyes=3.2,  dualfeasorg deteriorated too much: primfeasorg=5.97e-04,dualfeasorg=4.78e-03
12 entries survived 

13 th thresholding

  breakyes = 1.0,  maxresidual < 1.00e-04  breakyes=3.2,  dualfeasorg deteriorated too much: primfeasorg=5.97e-04,dualfeasorg=4.78e-03
12 entries survived 

14 th thresholding

  breakyes = 1.0,  maxresidual < 1.00e-04  breakyes=3.2,  dualfeasorg deteriorated too much: primfeasorg=5.97e-04,dualfeasorg=4.78e-03
12 entries survived 

15 th thresholding

  breakyes = 1.0,  maxresidual < 1.00e-04  breakyes=3.2,  dualfeasorg deteriorated too much: primfeasorg=5.97e-04,dualfeasorg=4.78e-03
12 entries survived 

16 th thresholding

  breakyes = 1.0,  maxresidual < 1.00e-04  breakyes=3.2,  dualfeasorg deteriorated too much: primfeasorg=5.97e-04,dualfeasorg=4.78e-03
12 entries survived 

17 th thresholding

  breakyes = 1.0,  maxresidual < 1.00e-04  breakyes=3.2,  dualfeasorg deteriorated too much: primfeasorg=5.97e-04,dualfeasorg=4.78e-03
12 entries survived 

18 th thresholding

  breakyes = 1.0,  maxresidual < 1.00e-04  breakyes=3.2,  dualfeasorg deteriorated too much: primfeasorg=5.97e-04,dualfeasorg=4.78e-03
12 entries survived 

19 th thresholding

  breakyes = 1.0,  maxresidual < 1.00e-04  breakyes=3.2,  dualfeasorg deteriorated too much: primfeasorg=5.97e-04,dualfeasorg=4.78e-03
12 entries survived 

20 th thresholding

  breakyes = 1.0,  maxresidual < 1.00e-04  breakyes=3.2,  dualfeasorg deteriorated too much: primfeasorg=5.97e-04,dualfeasorg=4.78e-03
12 entries survived 

21 th thresholding

  breakyes = 1.0,  maxresidual < 1.00e-04  breakyes=3.2,  dualfeasorg deteriorated too much: primfeasorg=5.97e-04,dualfeasorg=4.78e-03
12 entries survived 

22 th thresholding

  breakyes = 1.0,  maxresidual < 1.00e-04  breakyes=3.2,  dualfeasorg deteriorated too much: primfeasorg=5.97e-04,dualfeasorg=4.78e-03
12 entries survived 

23 th thresholding

  breakyes = 1.0,  maxresidual < 1.00e-04  breakyes=3.2,  dualfeasorg deteriorated too much: primfeasorg=5.97e-04,dualfeasorg=4.78e-03
12 entries survived 

24 th thresholding

  breakyes = 1.0,  maxresidual < 1.00e-04  breakyes=3.2,  dualfeasorg deteriorated too much: primfeasorg=5.97e-04,dualfeasorg=4.78e-03
12 entries survived 

25 th thresholding

  breakyes = 1.0,  maxresidual < 1.00e-04  breakyes=3.2,  dualfeasorg deteriorated too much: primfeasorg=5.97e-04,dualfeasorg=4.78e-03
12 entries survived 

26 th thresholding

  breakyes = 1.0,  maxresidual < 1.00e-04  breakyes=3.2,  dualfeasorg deteriorated too much: primfeasorg=5.97e-04,dualfeasorg=4.78e-03
12 entries survived 

27 th thresholding

  breakyes = 1.0,  maxresidual < 1.00e-04  breakyes=3.2,  dualfeasorg deteriorated too much: primfeasorg=5.97e-04,dualfeasorg=4.78e-03
12 entries survived 

28 th thresholding

  breakyes = 1.0,  maxresidual < 1.00e-04  breakyes=3.2,  dualfeasorg deteriorated too much: primfeasorg=5.97e-04,dualfeasorg=4.78e-03
12 entries survived 

29 th thresholding

  breakyes = 1.0,  maxresidual < 1.00e-04  breakyes=3.2,  dualfeasorg deteriorated too much: primfeasorg=5.97e-04,dualfeasorg=4.78e-03
12 entries survived 

30 th thresholding

  breakyes = 1.0,  maxresidual < 1.00e-04  breakyes=3.2,  dualfeasorg deteriorated too much: primfeasorg=5.97e-04,dualfeasorg=4.78e-03
12 entries survived 

acc_vec =

    0.9920
    0.9920
    0.9920
    0.9920
    0.9920
    0.9920
    0.9920
    0.9920
    0.9920
    0.9920
    0.9920
    0.9920
    0.9920
    0.9920
    0.9920
    0.9920
    0.9920
    0.9920
    0.9920
    0.9920
    0.9920
    0.9920
    0.9920
    0.9920
    0.9920
    0.9920
    0.9920
    0.9920
    0.9920
    0.9920
    0.9920

acc =0.992000  0.992000  0.992000  0.992000  0.992000  0.992000  0.992000  0.992000  0.992000  0.992000  0.992000  0.992000  0.992000  0.992000  0.992000  0.992000  0.992000  0.992000  0.992000  0.992000  0.992000  0.992000  0.992000  0.992000  0.992000  0.992000  0.992000  0.992000  0.992000  0.992000  0.992000 

discov_true_vec =

    10
    10
    10
    10
    10
    10
    10
    10
    10
    10
    10
    10
    10
    10
    10
    10
    10
    10
    10
    10
    10
    10
    10
    10
    10
    10
    10
    10
    10
    10


discov_false_vec =

     2
     2
     2
     2
     2
     2
     2
     2
     2
     2
     2
     2
     2
     2
     2
     2
     2
     2
     2
     2
     2
     2
     2
     2
     2
     2
     2
     2
     2
     2


data =

  31x16 table

    rep    iter    sep    dim    rho     sparsity     acc     obj_prim    obj_dual    discov_true    discov_false    diff_x_tilde    diff_omega_diag    time_isee    time_SDP          jobdate       
    ___    ____    ___    ___    ____    ________    _____    ________    ________    ___________    ____________    ____________    _______________    _________    ________    ____________________

    77       0      5     50     0.05       10       0.992          0           0          0              0                  0                 0               0           0     21-Mar-2024 03:16:45
    77       1      5     50     0.05       10       0.992    -7.5054     -7.5076         10              2             26.518           0.70849           1.415      10.872     21-Mar-2024 03:16:45
    77       2      5     50     0.05       10       0.992    -7.5054     -7.5076         10              2             26.518           0.70849         0.88975       9.905     21-Mar-2024 03:16:45
    77       3      5     50     0.05       10       0.992    -7.5054     -7.5076         10              2             26.518           0.70849         0.75755      9.7372     21-Mar-2024 03:16:45
    77       4      5     50     0.05       10       0.992    -7.5054     -7.5076         10              2             26.518           0.70849         0.69695      8.7564     21-Mar-2024 03:16:45
    77       5      5     50     0.05       10       0.992    -7.5054     -7.5076         10              2             26.518           0.70849         0.85021      9.3621     21-Mar-2024 03:16:45
    77       6      5     50     0.05       10       0.992    -7.5054     -7.5076         10              2             26.518           0.70849         0.62897      8.5279     21-Mar-2024 03:16:45
    77       7      5     50     0.05       10       0.992    -7.5054     -7.5076         10              2             26.518           0.70849         0.37561      8.5485     21-Mar-2024 03:16:45
    77       8      5     50     0.05       10       0.992    -7.5054     -7.5076         10              2             26.518           0.70849         0.77541      8.5392     21-Mar-2024 03:16:45
    77       9      5     50     0.05       10       0.992    -7.5054     -7.5076         10              2             26.518           0.70849         0.60261      8.4482     21-Mar-2024 03:16:45
    77      10      5     50     0.05       10       0.992    -7.5054     -7.5076         10              2             26.518           0.70849         0.69427      8.4224     21-Mar-2024 03:16:45
    77      11      5     50     0.05       10       0.992    -7.5054     -7.5076         10              2             26.518           0.70849         0.37303      8.5072     21-Mar-2024 03:16:45
    77      12      5     50     0.05       10       0.992    -7.5054     -7.5076         10              2             26.518           0.70849         0.50807      9.0475     21-Mar-2024 03:16:45
    77      13      5     50     0.05       10       0.992    -7.5054     -7.5076         10              2             26.518           0.70849         0.32564      9.5179     21-Mar-2024 03:16:45
    77      14      5     50     0.05       10       0.992    -7.5054     -7.5076         10              2             26.518           0.70849         0.39647      8.4174     21-Mar-2024 03:16:45
    77      15      5     50     0.05       10       0.992    -7.5054     -7.5076         10              2             26.518           0.70849         0.37744      8.8972     21-Mar-2024 03:16:45
    77      16      5     50     0.05       10       0.992    -7.5054     -7.5076         10              2             26.518           0.70849         0.51138      9.1617     21-Mar-2024 03:16:45
    77      17      5     50     0.05       10       0.992    -7.5054     -7.5076         10              2             26.518           0.70849         0.40612      8.6946     21-Mar-2024 03:16:45
    77      18      5     50     0.05       10       0.992    -7.5054     -7.5076         10              2             26.518           0.70849         0.40814       8.479     21-Mar-2024 03:16:45
    77      19      5     50     0.05       10       0.992    -7.5054     -7.5076         10              2             26.518           0.70849         0.33907      8.7753     21-Mar-2024 03:16:45
    77      20      5     50     0.05       10       0.992    -7.5054     -7.5076         10              2             26.518           0.70849         0.66409      8.4958     21-Mar-2024 03:16:45
    77      21      5     50     0.05       10       0.992    -7.5054     -7.5076         10              2             26.518           0.70849         0.37895      8.5507     21-Mar-2024 03:16:45
    77      22      5     50     0.05       10       0.992    -7.5054     -7.5076         10              2             26.518           0.70849         0.55203      8.6117     21-Mar-2024 03:16:45
    77      23      5     50     0.05       10       0.992    -7.5054     -7.5076         10              2             26.518           0.70849         0.38667      9.3849     21-Mar-2024 03:16:45
    77      24      5     50     0.05       10       0.992    -7.5054     -7.5076         10              2             26.518           0.70849         0.49272      9.0611     21-Mar-2024 03:16:45
    77      25      5     50     0.05       10       0.992    -7.5054     -7.5076         10              2             26.518           0.70849         0.30434      8.4994     21-Mar-2024 03:16:45
    77      26      5     50     0.05       10       0.992    -7.5054     -7.5076         10              2             26.518           0.70849         0.55205      9.6931     21-Mar-2024 03:16:45
    77      27      5     50     0.05       10       0.992    -7.5054     -7.5076         10              2             26.518           0.70849         0.31657       10.15     21-Mar-2024 03:16:45
    77      28      5     50     0.05       10       0.992    -7.5054     -7.5076         10              2             26.518           0.70849         0.52366      9.3145     21-Mar-2024 03:16:45
    77      29      5     50     0.05       10       0.992    -7.5054     -7.5076         10              2             26.518           0.70849         0.48059      9.4135     21-Mar-2024 03:16:45
    77      30      5     50     0.05       10       0.992    -7.5054     -7.5076         10              2             26.518           0.70849         0.36309      8.5413     21-Mar-2024 03:16:45


rep =

    78

replication: (78)th 

thres=0.220507
1 th thresholding

  breakyes=3.2,  dualfeasorg deteriorated too much: primfeasorg=3.36e-06,dualfeasorg=3.08e-05
11 entries survived 

2 th thresholding

  breakyes=1.0,  maxresidual < 1.00e-06
10 entries survived 

3 th thresholding

  breakyes=1.0,  maxresidual < 1.00e-06
10 entries survived 

4 th thresholding

  breakyes=1.0,  maxresidual < 1.00e-06
10 entries survived 

5 th thresholding

  breakyes=1.0,  maxresidual < 1.00e-06
10 entries survived 

6 th thresholding

  breakyes=1.0,  maxresidual < 1.00e-06
10 entries survived 

7 th thresholding

  breakyes=1.0,  maxresidual < 1.00e-06
10 entries survived 

8 th thresholding

  breakyes=1.0,  maxresidual < 1.00e-06
10 entries survived 

9 th thresholding

  breakyes=1.0,  maxresidual < 1.00e-06
10 entries survived 

10 th thresholding

  breakyes=1.0,  maxresidual < 1.00e-06
10 entries survived 

11 th thresholding

  breakyes=1.0,  maxresidual < 1.00e-06
10 entries survived 

12 th thresholding

  breakyes=1.0,  maxresidual < 1.00e-06
10 entries survived 

13 th thresholding

  breakyes=1.0,  maxresidual < 1.00e-06
10 entries survived 

14 th thresholding

  breakyes=1.0,  maxresidual < 1.00e-06
10 entries survived 

15 th thresholding

  breakyes=1.0,  maxresidual < 1.00e-06
10 entries survived 

16 th thresholding

  breakyes=1.0,  maxresidual < 1.00e-06
10 entries survived 

17 th thresholding

  breakyes=1.0,  maxresidual < 1.00e-06
10 entries survived 

18 th thresholding

  breakyes=1.0,  maxresidual < 1.00e-06
10 entries survived 

19 th thresholding

  breakyes=1.0,  maxresidual < 1.00e-06
10 entries survived 

20 th thresholding

  breakyes=1.0,  maxresidual < 1.00e-06
10 entries survived 

21 th thresholding

  breakyes=1.0,  maxresidual < 1.00e-06
10 entries survived 

22 th thresholding

  breakyes=1.0,  maxresidual < 1.00e-06
10 entries survived 

23 th thresholding

  breakyes=1.0,  maxresidual < 1.00e-06
10 entries survived 

24 th thresholding

  breakyes=1.0,  maxresidual < 1.00e-06
10 entries survived 

25 th thresholding

  breakyes=1.0,  maxresidual < 1.00e-06
10 entries survived 

26 th thresholding

  breakyes=1.0,  maxresidual < 1.00e-06
10 entries survived 

27 th thresholding

  breakyes=1.0,  maxresidual < 1.00e-06
10 entries survived 

28 th thresholding

  breakyes=1.0,  maxresidual < 1.00e-06
10 entries survived 

29 th thresholding

  breakyes=1.0,  maxresidual < 1.00e-06
10 entries survived 

30 th thresholding

  breakyes=1.0,  maxresidual < 1.00e-06
10 entries survived 

acc_vec =

    0.9920
    0.9860
    0.9880
    0.9860
    0.9880
    0.9860
    0.9880
    0.9860
    0.9880
    0.9860
    0.9880
    0.9860
    0.9880
    0.9860
    0.9880
    0.9860
    0.9880
    0.9860
    0.9880
    0.9860
    0.9880
    0.9860
    0.9880
    0.9860
    0.9880
    0.9860
    0.9880
    0.9860
    0.9880
    0.9860
    0.9880

acc =0.992000  0.986000  0.988000  0.986000  0.988000  0.986000  0.988000  0.986000  0.988000  0.986000  0.988000  0.986000  0.988000  0.986000  0.988000  0.986000  0.988000  0.986000  0.988000  0.986000  0.988000  0.986000  0.988000  0.986000  0.988000  0.986000  0.988000  0.986000  0.988000  0.986000  0.988000 

discov_true_vec =

    10
    10
    10
    10
    10
    10
    10
    10
    10
    10
    10
    10
    10
    10
    10
    10
    10
    10
    10
    10
    10
    10
    10
    10
    10
    10
    10
    10
    10
    10


discov_false_vec =

     1
     0
     0
     0
     0
     0
     0
     0
     0
     0
     0
     0
     0
     0
     0
     0
     0
     0
     0
     0
     0
     0
     0
     0
     0
     0
     0
     0
     0
     0


data =

  31x16 table

    rep    iter    sep    dim    rho     sparsity     acc     obj_prim    obj_dual    discov_true    discov_false    diff_x_tilde    diff_omega_diag    time_isee    time_SDP          jobdate       
    ___    ____    ___    ___    ____    ________    _____    ________    ________    ___________    ____________    ____________    _______________    _________    ________    ____________________

    78       0      5     50     0.05       10       0.992          0           0          0              0                  0                 0               0           0     21-Mar-2024 03:26:18
    78       1      5     50     0.05       10       0.986    -6.6077     -6.6077         10              1             23.408            0.5614         0.61721      20.863     21-Mar-2024 03:26:18
    78       2      5     50     0.05       10       0.988    -6.5109     -6.5109         10              0             22.945           0.54263         0.49643      21.354     21-Mar-2024 03:26:18
    78       3      5     50     0.05       10       0.986    -6.4581     -6.4581         10              0             22.973           0.54627         0.68502      14.471     21-Mar-2024 03:26:18
    78       4      5     50     0.05       10       0.988    -6.5109     -6.5109         10              0             22.945           0.54263          0.5014      23.565     21-Mar-2024 03:26:18
    78       5      5     50     0.05       10       0.986    -6.4581     -6.4581         10              0             22.973           0.54627         0.57866      15.178     21-Mar-2024 03:26:18
    78       6      5     50     0.05       10       0.988    -6.5109     -6.5109         10              0             22.945           0.54263         0.47557      22.479     21-Mar-2024 03:26:18
    78       7      5     50     0.05       10       0.986    -6.4581     -6.4581         10              0             22.973           0.54627         0.62806       15.23     21-Mar-2024 03:26:18
    78       8      5     50     0.05       10       0.988    -6.5109     -6.5109         10              0             22.945           0.54263         0.44793      22.392     21-Mar-2024 03:26:18
    78       9      5     50     0.05       10       0.986    -6.4581     -6.4581         10              0             22.973           0.54627         0.45234      14.765     21-Mar-2024 03:26:18
    78      10      5     50     0.05       10       0.988    -6.5109     -6.5109         10              0             22.945           0.54263         0.30784      21.232     21-Mar-2024 03:26:18
    78      11      5     50     0.05       10       0.986    -6.4581     -6.4581         10              0             22.973           0.54627         0.53522       15.38     21-Mar-2024 03:26:18
    78      12      5     50     0.05       10       0.988    -6.5109     -6.5109         10              0             22.945           0.54263         0.57719      21.586     21-Mar-2024 03:26:18
    78      13      5     50     0.05       10       0.986    -6.4581     -6.4581         10              0             22.973           0.54627          0.7015      15.333     21-Mar-2024 03:26:18
    78      14      5     50     0.05       10       0.988    -6.5109     -6.5109         10              0             22.945           0.54263         0.47536      21.464     21-Mar-2024 03:26:18
    78      15      5     50     0.05       10       0.986    -6.4581     -6.4581         10              0             22.973           0.54627         0.48652      13.976     21-Mar-2024 03:26:18
    78      16      5     50     0.05       10       0.988    -6.5109     -6.5109         10              0             22.945           0.54263          0.2964      20.032     21-Mar-2024 03:26:18
    78      17      5     50     0.05       10       0.986    -6.4581     -6.4581         10              0             22.973           0.54627         0.49003       13.64     21-Mar-2024 03:26:18
    78      18      5     50     0.05       10       0.988    -6.5109     -6.5109         10              0             22.945           0.54263          0.3013      21.976     21-Mar-2024 03:26:18
    78      19      5     50     0.05       10       0.986    -6.4581     -6.4581         10              0             22.973           0.54627         0.69539      15.588     21-Mar-2024 03:26:18
    78      20      5     50     0.05       10       0.988    -6.5109     -6.5109         10              0             22.945           0.54263         0.52987      23.211     21-Mar-2024 03:26:18
    78      21      5     50     0.05       10       0.986    -6.4581     -6.4581         10              0             22.973           0.54627         0.64702      15.061     21-Mar-2024 03:26:18
    78      22      5     50     0.05       10       0.988    -6.5109     -6.5109         10              0             22.945           0.54263         0.45214      23.361     21-Mar-2024 03:26:18
    78      23      5     50     0.05       10       0.986    -6.4581     -6.4581         10              0             22.973           0.54627         0.66116      16.213     21-Mar-2024 03:26:18
    78      24      5     50     0.05       10       0.988    -6.5109     -6.5109         10              0             22.945           0.54263         0.46413      21.536     21-Mar-2024 03:26:18
    78      25      5     50     0.05       10       0.986    -6.4581     -6.4581         10              0             22.973           0.54627         0.59785       15.02     21-Mar-2024 03:26:18
    78      26      5     50     0.05       10       0.988    -6.5109     -6.5109         10              0             22.945           0.54263         0.45527      22.067     21-Mar-2024 03:26:18
    78      27      5     50     0.05       10       0.986    -6.4581     -6.4581         10              0             22.973           0.54627         0.51337      14.392     21-Mar-2024 03:26:18
    78      28      5     50     0.05       10       0.988    -6.5109     -6.5109         10              0             22.945           0.54263         0.30402      20.872     21-Mar-2024 03:26:18
    78      29      5     50     0.05       10       0.986    -6.4581     -6.4581         10              0             22.973           0.54627         0.45657      14.064     21-Mar-2024 03:26:18
    78      30      5     50     0.05       10       0.988    -6.5109     -6.5109         10              0             22.945           0.54263         0.32949      21.119     21-Mar-2024 03:26:18


rep =

    79

replication: (79)th 

thres=0.220507
1 th thresholding

  breakyes=3.2,  dualfeasorg deteriorated too much: primfeasorg=2.45e-06,dualfeasorg=4.44e-05
11 entries survived 

2 th thresholding

  breakyes=3.2,  dualfeasorg deteriorated too much: primfeasorg=2.45e-06,dualfeasorg=4.44e-05
11 entries survived 

3 th thresholding

  breakyes=3.2,  dualfeasorg deteriorated too much: primfeasorg=2.45e-06,dualfeasorg=4.44e-05
11 entries survived 

4 th thresholding

  breakyes=3.2,  dualfeasorg deteriorated too much: primfeasorg=2.45e-06,dualfeasorg=4.44e-05
11 entries survived 

5 th thresholding

  breakyes=3.2,  dualfeasorg deteriorated too much: primfeasorg=2.45e-06,dualfeasorg=4.44e-05
11 entries survived 

6 th thresholding

  breakyes=3.2,  dualfeasorg deteriorated too much: primfeasorg=2.45e-06,dualfeasorg=4.44e-05
11 entries survived 

7 th thresholding

  breakyes=3.2,  dualfeasorg deteriorated too much: primfeasorg=2.45e-06,dualfeasorg=4.44e-05
11 entries survived 

8 th thresholding

  breakyes=3.2,  dualfeasorg deteriorated too much: primfeasorg=2.45e-06,dualfeasorg=4.44e-05
11 entries survived 

9 th thresholding

  breakyes=3.2,  dualfeasorg deteriorated too much: primfeasorg=2.45e-06,dualfeasorg=4.44e-05
11 entries survived 

10 th thresholding

  breakyes=3.2,  dualfeasorg deteriorated too much: primfeasorg=2.45e-06,dualfeasorg=4.44e-05
11 entries survived 

11 th thresholding

  breakyes=3.2,  dualfeasorg deteriorated too much: primfeasorg=2.45e-06,dualfeasorg=4.44e-05
11 entries survived 

12 th thresholding

  breakyes=3.2,  dualfeasorg deteriorated too much: primfeasorg=2.45e-06,dualfeasorg=4.44e-05
11 entries survived 

13 th thresholding

  breakyes=3.2,  dualfeasorg deteriorated too much: primfeasorg=2.45e-06,dualfeasorg=4.44e-05
11 entries survived 

14 th thresholding

  breakyes=3.2,  dualfeasorg deteriorated too much: primfeasorg=2.45e-06,dualfeasorg=4.44e-05
11 entries survived 

15 th thresholding

  breakyes=3.2,  dualfeasorg deteriorated too much: primfeasorg=2.45e-06,dualfeasorg=4.44e-05
11 entries survived 

16 th thresholding

  breakyes=3.2,  dualfeasorg deteriorated too much: primfeasorg=2.45e-06,dualfeasorg=4.44e-05
11 entries survived 

17 th thresholding

  breakyes=3.2,  dualfeasorg deteriorated too much: primfeasorg=2.45e-06,dualfeasorg=4.44e-05
11 entries survived 

18 th thresholding

  breakyes=3.2,  dualfeasorg deteriorated too much: primfeasorg=2.45e-06,dualfeasorg=4.44e-05
11 entries survived 

19 th thresholding

  breakyes=3.2,  dualfeasorg deteriorated too much: primfeasorg=2.45e-06,dualfeasorg=4.44e-05
11 entries survived 

20 th thresholding

  breakyes=3.2,  dualfeasorg deteriorated too much: primfeasorg=2.45e-06,dualfeasorg=4.44e-05
11 entries survived 

21 th thresholding

  breakyes=3.2,  dualfeasorg deteriorated too much: primfeasorg=2.45e-06,dualfeasorg=4.44e-05
11 entries survived 

22 th thresholding

  breakyes=3.2,  dualfeasorg deteriorated too much: primfeasorg=2.45e-06,dualfeasorg=4.44e-05
11 entries survived 

23 th thresholding

  breakyes=3.2,  dualfeasorg deteriorated too much: primfeasorg=2.45e-06,dualfeasorg=4.44e-05
11 entries survived 

24 th thresholding

  breakyes=3.2,  dualfeasorg deteriorated too much: primfeasorg=2.45e-06,dualfeasorg=4.44e-05
11 entries survived 

25 th thresholding

  breakyes=3.2,  dualfeasorg deteriorated too much: primfeasorg=2.45e-06,dualfeasorg=4.44e-05
11 entries survived 

26 th thresholding

  breakyes=3.2,  dualfeasorg deteriorated too much: primfeasorg=2.45e-06,dualfeasorg=4.44e-05
11 entries survived 

27 th thresholding

  breakyes=3.2,  dualfeasorg deteriorated too much: primfeasorg=2.45e-06,dualfeasorg=4.44e-05
11 entries survived 

28 th thresholding

  breakyes=3.2,  dualfeasorg deteriorated too much: primfeasorg=2.45e-06,dualfeasorg=4.44e-05
11 entries survived 

29 th thresholding

  breakyes=3.2,  dualfeasorg deteriorated too much: primfeasorg=2.45e-06,dualfeasorg=4.44e-05
11 entries survived 

30 th thresholding

  breakyes=3.2,  dualfeasorg deteriorated too much: primfeasorg=2.45e-06,dualfeasorg=4.44e-05
11 entries survived 

acc_vec =

    0.9960
    0.9960
    0.9960
    0.9960
    0.9960
    0.9960
    0.9960
    0.9960
    0.9960
    0.9960
    0.9960
    0.9960
    0.9960
    0.9960
    0.9960
    0.9960
    0.9960
    0.9960
    0.9960
    0.9960
    0.9960
    0.9960
    0.9960
    0.9960
    0.9960
    0.9960
    0.9960
    0.9960
    0.9960
    0.9960
    0.9960

acc =0.996000  0.996000  0.996000  0.996000  0.996000  0.996000  0.996000  0.996000  0.996000  0.996000  0.996000  0.996000  0.996000  0.996000  0.996000  0.996000  0.996000  0.996000  0.996000  0.996000  0.996000  0.996000  0.996000  0.996000  0.996000  0.996000  0.996000  0.996000  0.996000  0.996000  0.996000 

discov_true_vec =

    10
    10
    10
    10
    10
    10
    10
    10
    10
    10
    10
    10
    10
    10
    10
    10
    10
    10
    10
    10
    10
    10
    10
    10
    10
    10
    10
    10
    10
    10


discov_false_vec =

     1
     1
     1
     1
     1
     1
     1
     1
     1
     1
     1
     1
     1
     1
     1
     1
     1
     1
     1
     1
     1
     1
     1
     1
     1
     1
     1
     1
     1
     1


data =

  31x16 table

    rep    iter    sep    dim    rho     sparsity     acc     obj_prim    obj_dual    discov_true    discov_false    diff_x_tilde    diff_omega_diag    time_isee    time_SDP          jobdate       
    ___    ____    ___    ___    ____    ________    _____    ________    ________    ___________    ____________    ____________    _______________    _________    ________    ____________________

    79       0      5     50     0.05       10       0.996          0           0          0              0                  0                 0               0           0     21-Mar-2024 03:34:58
    79       1      5     50     0.05       10       0.996    -6.3222     -6.3222         10              1             23.132           0.59889         0.64933      16.788     21-Mar-2024 03:34:58
    79       2      5     50     0.05       10       0.996    -6.3222     -6.3222         10              1             23.132           0.59889         0.48024      16.116     21-Mar-2024 03:34:58
    79       3      5     50     0.05       10       0.996    -6.3222     -6.3222         10              1             23.132           0.59889         0.52258      16.474     21-Mar-2024 03:34:58
    79       4      5     50     0.05       10       0.996    -6.3222     -6.3222         10              1             23.132           0.59889         0.31118      17.169     21-Mar-2024 03:34:58
    79       5      5     50     0.05       10       0.996    -6.3222     -6.3222         10              1             23.132           0.59889         0.51458      18.642     21-Mar-2024 03:34:58
    79       6      5     50     0.05       10       0.996    -6.3222     -6.3222         10              1             23.132           0.59889         0.31353      17.744     21-Mar-2024 03:34:58
    79       7      5     50     0.05       10       0.996    -6.3222     -6.3222         10              1             23.132           0.59889         0.45291      16.275     21-Mar-2024 03:34:58
    79       8      5     50     0.05       10       0.996    -6.3222     -6.3222         10              1             23.132           0.59889         0.32144      16.241     21-Mar-2024 03:34:58
    79       9      5     50     0.05       10       0.996    -6.3222     -6.3222         10              1             23.132           0.59889         0.51091       18.95     21-Mar-2024 03:34:58
    79      10      5     50     0.05       10       0.996    -6.3222     -6.3222         10              1             23.132           0.59889          0.3231       16.62     21-Mar-2024 03:34:58
    79      11      5     50     0.05       10       0.996    -6.3222     -6.3222         10              1             23.132           0.59889         0.47058      18.227     21-Mar-2024 03:34:58
    79      12      5     50     0.05       10       0.996    -6.3222     -6.3222         10              1             23.132           0.59889         0.30802      16.422     21-Mar-2024 03:34:58
    79      13      5     50     0.05       10       0.996    -6.3222     -6.3222         10              1             23.132           0.59889         0.65319       17.96     21-Mar-2024 03:34:58
    79      14      5     50     0.05       10       0.996    -6.3222     -6.3222         10              1             23.132           0.59889         0.45831      16.888     21-Mar-2024 03:34:58
    79      15      5     50     0.05       10       0.996    -6.3222     -6.3222         10              1             23.132           0.59889         0.65339      18.433     21-Mar-2024 03:34:58
    79      16      5     50     0.05       10       0.996    -6.3222     -6.3222         10              1             23.132           0.59889         0.45423      15.899     21-Mar-2024 03:34:58
    79      17      5     50     0.05       10       0.996    -6.3222     -6.3222         10              1             23.132           0.59889         0.68895       16.64     21-Mar-2024 03:34:58
    79      18      5     50     0.05       10       0.996    -6.3222     -6.3222         10              1             23.132           0.59889          0.4638      16.556     21-Mar-2024 03:34:58
    79      19      5     50     0.05       10       0.996    -6.3222     -6.3222         10              1             23.132           0.59889         0.58425      16.554     21-Mar-2024 03:34:58
    79      20      5     50     0.05       10       0.996    -6.3222     -6.3222         10              1             23.132           0.59889         0.46869      16.425     21-Mar-2024 03:34:58
    79      21      5     50     0.05       10       0.996    -6.3222     -6.3222         10              1             23.132           0.59889         0.52958      16.305     21-Mar-2024 03:34:58
    79      22      5     50     0.05       10       0.996    -6.3222     -6.3222         10              1             23.132           0.59889          0.3242      16.452     21-Mar-2024 03:34:58
    79      23      5     50     0.05       10       0.996    -6.3222     -6.3222         10              1             23.132           0.59889         0.47507      16.226     21-Mar-2024 03:34:58
    79      24      5     50     0.05       10       0.996    -6.3222     -6.3222         10              1             23.132           0.59889         0.36038      17.222     21-Mar-2024 03:34:58
    79      25      5     50     0.05       10       0.996    -6.3222     -6.3222         10              1             23.132           0.59889         0.51745      16.516     21-Mar-2024 03:34:58
    79      26      5     50     0.05       10       0.996    -6.3222     -6.3222         10              1             23.132           0.59889         0.34625      16.179     21-Mar-2024 03:34:58
    79      27      5     50     0.05       10       0.996    -6.3222     -6.3222         10              1             23.132           0.59889         0.60411      16.977     21-Mar-2024 03:34:58
    79      28      5     50     0.05       10       0.996    -6.3222     -6.3222         10              1             23.132           0.59889         0.33837      16.138     21-Mar-2024 03:34:58
    79      29      5     50     0.05       10       0.996    -6.3222     -6.3222         10              1             23.132           0.59889          0.6309      16.094     21-Mar-2024 03:34:58
    79      30      5     50     0.05       10       0.996    -6.3222     -6.3222         10              1             23.132           0.59889         0.31634      17.369     21-Mar-2024 03:34:58


rep =

    80

replication: (80)th 

thres=0.220507
1 th thresholding

  breakyes=1.4,  maxresidual < 1.00e-06
10 entries survived 

2 th thresholding

  breakyes=1.0,  maxresidual < 1.00e-06
10 entries survived 

3 th thresholding

  breakyes=1.0,  maxresidual < 1.00e-06
10 entries survived 

4 th thresholding

  breakyes=1.0,  maxresidual < 1.00e-06
10 entries survived 

5 th thresholding

  breakyes=1.0,  maxresidual < 1.00e-06
10 entries survived 

6 th thresholding

  breakyes=1.0,  maxresidual < 1.00e-06
10 entries survived 

7 th thresholding

  breakyes=1.0,  maxresidual < 1.00e-06
10 entries survived 

8 th thresholding

  breakyes=1.0,  maxresidual < 1.00e-06
10 entries survived 

9 th thresholding

  breakyes=1.0,  maxresidual < 1.00e-06
10 entries survived 

10 th thresholding

  breakyes=1.0,  maxresidual < 1.00e-06
10 entries survived 

11 th thresholding

  breakyes=1.0,  maxresidual < 1.00e-06
10 entries survived 

12 th thresholding

  breakyes=1.0,  maxresidual < 1.00e-06
10 entries survived 

13 th thresholding

  breakyes=1.0,  maxresidual < 1.00e-06
10 entries survived 

14 th thresholding

  breakyes=1.0,  maxresidual < 1.00e-06
10 entries survived 

15 th thresholding

  breakyes=1.0,  maxresidual < 1.00e-06
10 entries survived 

16 th thresholding

  breakyes=1.0,  maxresidual < 1.00e-06
10 entries survived 

17 th thresholding

  breakyes=1.0,  maxresidual < 1.00e-06
10 entries survived 

18 th thresholding

  breakyes=1.0,  maxresidual < 1.00e-06
10 entries survived 

19 th thresholding

  breakyes=1.0,  maxresidual < 1.00e-06
10 entries survived 

20 th thresholding

  breakyes=1.0,  maxresidual < 1.00e-06
10 entries survived 

21 th thresholding

  breakyes=1.0,  maxresidual < 1.00e-06
10 entries survived 

22 th thresholding

  breakyes=1.0,  maxresidual < 1.00e-06
10 entries survived 

23 th thresholding

  breakyes=1.0,  maxresidual < 1.00e-06
10 entries survived 

24 th thresholding

  breakyes=1.0,  maxresidual < 1.00e-06
10 entries survived 

25 th thresholding

  breakyes=1.0,  maxresidual < 1.00e-06
10 entries survived 

26 th thresholding

  breakyes=1.0,  maxresidual < 1.00e-06
10 entries survived 

27 th thresholding

  breakyes=1.0,  maxresidual < 1.00e-06
10 entries survived 

28 th thresholding

  breakyes=1.0,  maxresidual < 1.00e-06
10 entries survived 

29 th thresholding

  breakyes=1.0,  maxresidual < 1.00e-06
10 entries survived 

30 th thresholding

  breakyes=1.0,  maxresidual < 1.00e-06
10 entries survived 

acc_vec =

    0.9960
    0.9940
    0.9940
    0.9940
    0.9940
    0.9940
    0.9940
    0.9940
    0.9940
    0.9940
    0.9940
    0.9940
    0.9940
    0.9940
    0.9940
    0.9940
    0.9940
    0.9940
    0.9940
    0.9940
    0.9940
    0.9940
    0.9940
    0.9940
    0.9940
    0.9940
    0.9940
    0.9940
    0.9940
    0.9940
    0.9940

acc =0.996000  0.994000  0.994000  0.994000  0.994000  0.994000  0.994000  0.994000  0.994000  0.994000  0.994000  0.994000  0.994000  0.994000  0.994000  0.994000  0.994000  0.994000  0.994000  0.994000  0.994000  0.994000  0.994000  0.994000  0.994000  0.994000  0.994000  0.994000  0.994000  0.994000  0.994000 

discov_true_vec =

    10
    10
    10
    10
    10
    10
    10
    10
    10
    10
    10
    10
    10
    10
    10
    10
    10
    10
    10
    10
    10
    10
    10
    10
    10
    10
    10
    10
    10
    10


discov_false_vec =

     0
     0
     0
     0
     0
     0
     0
     0
     0
     0
     0
     0
     0
     0
     0
     0
     0
     0
     0
     0
     0
     0
     0
     0
     0
     0
     0
     0
     0
     0


data =

  31x16 table

    rep    iter    sep    dim    rho     sparsity     acc     obj_prim    obj_dual    discov_true    discov_false    diff_x_tilde    diff_omega_diag    time_isee    time_SDP          jobdate       
    ___    ____    ___    ___    ____    ________    _____    ________    ________    ___________    ____________    ____________    _______________    _________    ________    ____________________

    80       0      5     50     0.05       10       0.996          0           0          0              0                  0                 0               0           0     21-Mar-2024 03:45:51
    80       1      5     50     0.05       10       0.994    -6.2078     -6.2078         10              0             21.088           0.62342         0.58816      25.676     21-Mar-2024 03:45:51
    80       2      5     50     0.05       10       0.994    -6.2162     -6.2162         10              0              20.92           0.61963         0.48276      20.353     21-Mar-2024 03:45:51
    80       3      5     50     0.05       10       0.994    -6.2162     -6.2162         10              0              20.92           0.61963         0.60788      21.756     21-Mar-2024 03:45:51
    80       4      5     50     0.05       10       0.994    -6.2162     -6.2162         10              0              20.92           0.61963         0.47823      21.372     21-Mar-2024 03:45:51
    80       5      5     50     0.05       10       0.994    -6.2162     -6.2162         10              0              20.92           0.61963         0.53778      21.234     21-Mar-2024 03:45:51
    80       6      5     50     0.05       10       0.994    -6.2162     -6.2162         10              0              20.92           0.61963         0.31885      20.733     21-Mar-2024 03:45:51
    80       7      5     50     0.05       10       0.994    -6.2162     -6.2162         10              0              20.92           0.61963         0.45273      22.856     21-Mar-2024 03:45:51
    80       8      5     50     0.05       10       0.994    -6.2162     -6.2162         10              0              20.92           0.61963         0.34777      21.442     21-Mar-2024 03:45:51
    80       9      5     50     0.05       10       0.994    -6.2162     -6.2162         10              0              20.92           0.61963         0.46641      22.035     21-Mar-2024 03:45:51
    80      10      5     50     0.05       10       0.994    -6.2162     -6.2162         10              0              20.92           0.61963         0.29145      20.812     21-Mar-2024 03:45:51
    80      11      5     50     0.05       10       0.994    -6.2162     -6.2162         10              0              20.92           0.61963         0.48863      20.787     21-Mar-2024 03:45:51
    80      12      5     50     0.05       10       0.994    -6.2162     -6.2162         10              0              20.92           0.61963         0.29341      21.648     21-Mar-2024 03:45:51
    80      13      5     50     0.05       10       0.994    -6.2162     -6.2162         10              0              20.92           0.61963         0.44868      20.356     21-Mar-2024 03:45:51
    80      14      5     50     0.05       10       0.994    -6.2162     -6.2162         10              0              20.92           0.61963         0.33068      22.612     21-Mar-2024 03:45:51
    80      15      5     50     0.05       10       0.994    -6.2162     -6.2162         10              0              20.92           0.61963         0.46619      20.212     21-Mar-2024 03:45:51
    80      16      5     50     0.05       10       0.994    -6.2162     -6.2162         10              0              20.92           0.61963         0.30051      20.787     21-Mar-2024 03:45:51
    80      17      5     50     0.05       10       0.994    -6.2162     -6.2162         10              0              20.92           0.61963         0.62748      20.578     21-Mar-2024 03:45:51
    80      18      5     50     0.05       10       0.994    -6.2162     -6.2162         10              0              20.92           0.61963         0.29838      20.006     21-Mar-2024 03:45:51
    80      19      5     50     0.05       10       0.994    -6.2162     -6.2162         10              0              20.92           0.61963         0.56518        21.6     21-Mar-2024 03:45:51
    80      20      5     50     0.05       10       0.994    -6.2162     -6.2162         10              0              20.92           0.61963         0.49606      20.476     21-Mar-2024 03:45:51
    80      21      5     50     0.05       10       0.994    -6.2162     -6.2162         10              0              20.92           0.61963         0.46084      20.193     21-Mar-2024 03:45:51
    80      22      5     50     0.05       10       0.994    -6.2162     -6.2162         10              0              20.92           0.61963         0.31026      20.495     21-Mar-2024 03:45:51
    80      23      5     50     0.05       10       0.994    -6.2162     -6.2162         10              0              20.92           0.61963         0.64936      22.944     21-Mar-2024 03:45:51
    80      24      5     50     0.05       10       0.994    -6.2162     -6.2162         10              0              20.92           0.61963         0.29552      21.223     21-Mar-2024 03:45:51
    80      25      5     50     0.05       10       0.994    -6.2162     -6.2162         10              0              20.92           0.61963         0.49418      20.845     21-Mar-2024 03:45:51
    80      26      5     50     0.05       10       0.994    -6.2162     -6.2162         10              0              20.92           0.61963          0.3377      22.381     21-Mar-2024 03:45:51
    80      27      5     50     0.05       10       0.994    -6.2162     -6.2162         10              0              20.92           0.61963         0.45296      21.574     21-Mar-2024 03:45:51
    80      28      5     50     0.05       10       0.994    -6.2162     -6.2162         10              0              20.92           0.61963         0.30392      21.254     21-Mar-2024 03:45:51
    80      29      5     50     0.05       10       0.994    -6.2162     -6.2162         10              0              20.92           0.61963         0.50908      21.156     21-Mar-2024 03:45:51
    80      30      5     50     0.05       10       0.994    -6.2162     -6.2162         10              0              20.92           0.61963         0.29155       20.47     21-Mar-2024 03:45:51

