==========================================
SLURM_JOB_ID = 20377978
SLURM_JOB_NODELIST = b22-16
TMPDIR = /tmp/SLURM_20377978
==========================================
hello
Starting parallel pool (parpool) ...
Connected to the parallel pool (number of workers: 15).

pool = 

 ProcessPool with properties: 

            Connected: true
           NumWorkers: 15
                 Busy: false
              Cluster: Local
        AttachedFiles: {}
    AutoAddClientPath: true
            FileStore: [1x1 parallel.FileStore]
           ValueStore: [1x1 parallel.ValueStore]
          IdleTimeout: 30 minutes (30 minutes remaining)
          SpmdEnabled: true


p =

   450


Delta =

     5


s =

    10


n =

   500


ii =

     3


table_name =

    'sparse_kmeans_isee_denoise'


conn = 

  sqlite with properties:

      Database: '/home1/jongminm/sparse_kmeans/sparse_kmeans.db'
    IsReadOnly: 0
    AutoCommit: 'on'


rho =

    0.0500


M =

    0.8251

delta confirmed: 5.000000
ans =

    4.7923


rep =

     9

replication: (9)th 

thres=0.275560
1 th thresholding

  breakyes=3.1,  primfeasorg deteriorated too much: primfeasorg=2.09e-06,dualfeasorg=2.79e-06
13 entries survived 

2 th thresholding

  breakyes=1.4,  maxresidual < 1.00e-06
13 entries survived 

3 th thresholding

  breakyes=1.4,  maxresidual < 1.00e-06
13 entries survived 

4 th thresholding

  breakyes=1.4,  maxresidual < 1.00e-06
13 entries survived 

5 th thresholding

  breakyes=1.4,  maxresidual < 1.00e-06
13 entries survived 

6 th thresholding

  breakyes=1.4,  maxresidual < 1.00e-06
13 entries survived 

7 th thresholding

  breakyes=1.4,  maxresidual < 1.00e-06
13 entries survived 

8 th thresholding

  breakyes=1.4,  maxresidual < 1.00e-06
13 entries survived 

9 th thresholding

  breakyes=1.4,  maxresidual < 1.00e-06
13 entries survived 

10 th thresholding

  breakyes=1.4,  maxresidual < 1.00e-06
13 entries survived 

11 th thresholding

  breakyes=1.4,  maxresidual < 1.00e-06
13 entries survived 

12 th thresholding

  breakyes=1.4,  maxresidual < 1.00e-06
13 entries survived 

13 th thresholding

  breakyes=1.4,  maxresidual < 1.00e-06
13 entries survived 

14 th thresholding

  breakyes=1.4,  maxresidual < 1.00e-06
13 entries survived 

15 th thresholding

  breakyes=1.4,  maxresidual < 1.00e-06
13 entries survived 

16 th thresholding

  breakyes=1.4,  maxresidual < 1.00e-06
13 entries survived 

17 th thresholding

  breakyes=1.4,  maxresidual < 1.00e-06
13 entries survived 

18 th thresholding

  breakyes=1.4,  maxresidual < 1.00e-06
13 entries survived 

19 th thresholding

  breakyes=1.4,  maxresidual < 1.00e-06
13 entries survived 

20 th thresholding

  breakyes=1.4,  maxresidual < 1.00e-06
13 entries survived 

21 th thresholding

  breakyes=1.4,  maxresidual < 1.00e-06
13 entries survived 

22 th thresholding

  breakyes=1.4,  maxresidual < 1.00e-06
13 entries survived 

23 th thresholding

  breakyes=1.4,  maxresidual < 1.00e-06
13 entries survived 

24 th thresholding

  breakyes=1.4,  maxresidual < 1.00e-06
13 entries survived 

25 th thresholding

  breakyes=1.4,  maxresidual < 1.00e-06
13 entries survived 

26 th thresholding

  breakyes=1.4,  maxresidual < 1.00e-06
13 entries survived 

27 th thresholding

  breakyes=1.4,  maxresidual < 1.00e-06
13 entries survived 

28 th thresholding

  breakyes=1.4,  maxresidual < 1.00e-06
13 entries survived 

29 th thresholding

  breakyes=1.4,  maxresidual < 1.00e-06
13 entries survived 

30 th thresholding

  breakyes=1.4,  maxresidual < 1.00e-06
13 entries survived 

acc_vec =

    0.9900
    0.9940
    0.9940
    0.9940
    0.9940
    0.9940
    0.9940
    0.9940
    0.9940
    0.9940
    0.9940
    0.9940
    0.9940
    0.9940
    0.9940
    0.9940
    0.9940
    0.9940
    0.9940
    0.9940
    0.9940
    0.9940
    0.9940
    0.9940
    0.9940
    0.9940
    0.9940
    0.9940
    0.9940
    0.9940
    0.9940

acc =0.990000  0.994000  0.994000  0.994000  0.994000  0.994000  0.994000  0.994000  0.994000  0.994000  0.994000  0.994000  0.994000  0.994000  0.994000  0.994000  0.994000  0.994000  0.994000  0.994000  0.994000  0.994000  0.994000  0.994000  0.994000  0.994000  0.994000  0.994000  0.994000  0.994000  0.994000 

discov_true_vec =

    10
    10
    10
    10
    10
    10
    10
    10
    10
    10
    10
    10
    10
    10
    10
    10
    10
    10
    10
    10
    10
    10
    10
    10
    10
    10
    10
    10
    10
    10


discov_false_vec =

     3
     3
     3
     3
     3
     3
     3
     3
     3
     3
     3
     3
     3
     3
     3
     3
     3
     3
     3
     3
     3
     3
     3
     3
     3
     3
     3
     3
     3
     3


data =

  31x16 table

    rep    iter    sep    dim    rho     sparsity     acc     obj_prim    obj_dual    discov_true    discov_false    diff_x_tilde    diff_omega_diag    time_isee    time_SDP          jobdate       
    ___    ____    ___    ___    ____    ________    _____    ________    ________    ___________    ____________    ____________    _______________    _________    ________    ____________________

     9       0      5     450    0.05       10        0.99          0           0          0              0                  0                0               0            0     21-Mar-2024 08:18:18
     9       1      5     450    0.05       10       0.994    -6.6635     -6.6684         10              3             78.742           2.8852          31.851       75.089     21-Mar-2024 08:18:18
     9       2      5     450    0.05       10       0.994    -7.1866     -7.1866         10              3             80.149           3.0153          26.058       84.369     21-Mar-2024 08:18:18
     9       3      5     450    0.05       10       0.994    -7.1866     -7.1866         10              3             80.149           3.0153           32.62        68.77     21-Mar-2024 08:18:18
     9       4      5     450    0.05       10       0.994    -7.1866     -7.1866         10              3             80.149           3.0153          23.888       64.973     21-Mar-2024 08:18:18
     9       5      5     450    0.05       10       0.994    -7.1866     -7.1866         10              3             80.149           3.0153          21.558       66.083     21-Mar-2024 08:18:18
     9       6      5     450    0.05       10       0.994    -7.1866     -7.1866         10              3             80.149           3.0153          25.204        69.85     21-Mar-2024 08:18:18
     9       7      5     450    0.05       10       0.994    -7.1866     -7.1866         10              3             80.149           3.0153          21.842       68.355     21-Mar-2024 08:18:18
     9       8      5     450    0.05       10       0.994    -7.1866     -7.1866         10              3             80.149           3.0153          23.269       64.893     21-Mar-2024 08:18:18
     9       9      5     450    0.05       10       0.994    -7.1866     -7.1866         10              3             80.149           3.0153          22.283       62.108     21-Mar-2024 08:18:18
     9      10      5     450    0.05       10       0.994    -7.1866     -7.1866         10              3             80.149           3.0153           22.29       66.224     21-Mar-2024 08:18:18
     9      11      5     450    0.05       10       0.994    -7.1866     -7.1866         10              3             80.149           3.0153          21.949       63.647     21-Mar-2024 08:18:18
     9      12      5     450    0.05       10       0.994    -7.1866     -7.1866         10              3             80.149           3.0153          21.736       62.184     21-Mar-2024 08:18:18
     9      13      5     450    0.05       10       0.994    -7.1866     -7.1866         10              3             80.149           3.0153          21.284        62.74     21-Mar-2024 08:18:18
     9      14      5     450    0.05       10       0.994    -7.1866     -7.1866         10              3             80.149           3.0153           23.15       67.719     21-Mar-2024 08:18:18
     9      15      5     450    0.05       10       0.994    -7.1866     -7.1866         10              3             80.149           3.0153          21.921       64.043     21-Mar-2024 08:18:18
     9      16      5     450    0.05       10       0.994    -7.1866     -7.1866         10              3             80.149           3.0153          21.416       69.082     21-Mar-2024 08:18:18
     9      17      5     450    0.05       10       0.994    -7.1866     -7.1866         10              3             80.149           3.0153          25.467       62.492     21-Mar-2024 08:18:18
     9      18      5     450    0.05       10       0.994    -7.1866     -7.1866         10              3             80.149           3.0153          22.234       61.214     21-Mar-2024 08:18:18
     9      19      5     450    0.05       10       0.994    -7.1866     -7.1866         10              3             80.149           3.0153          21.585        61.15     21-Mar-2024 08:18:18
     9      20      5     450    0.05       10       0.994    -7.1866     -7.1866         10              3             80.149           3.0153          22.633       63.112     21-Mar-2024 08:18:18
     9      21      5     450    0.05       10       0.994    -7.1866     -7.1866         10              3             80.149           3.0153          20.982           66     21-Mar-2024 08:18:18
     9      22      5     450    0.05       10       0.994    -7.1866     -7.1866         10              3             80.149           3.0153          23.245       64.704     21-Mar-2024 08:18:18
     9      23      5     450    0.05       10       0.994    -7.1866     -7.1866         10              3             80.149           3.0153          22.645       64.599     21-Mar-2024 08:18:18
     9      24      5     450    0.05       10       0.994    -7.1866     -7.1866         10              3             80.149           3.0153          21.439       62.738     21-Mar-2024 08:18:18
     9      25      5     450    0.05       10       0.994    -7.1866     -7.1866         10              3             80.149           3.0153           22.67       60.405     21-Mar-2024 08:18:18
     9      26      5     450    0.05       10       0.994    -7.1866     -7.1866         10              3             80.149           3.0153          23.746       58.589     21-Mar-2024 08:18:18
     9      27      5     450    0.05       10       0.994    -7.1866     -7.1866         10              3             80.149           3.0153          21.911       62.249     21-Mar-2024 08:18:18
     9      28      5     450    0.05       10       0.994    -7.1866     -7.1866         10              3             80.149           3.0153          22.266       59.622     21-Mar-2024 08:18:18
     9      29      5     450    0.05       10       0.994    -7.1866     -7.1866         10              3             80.149           3.0153          21.993       61.922     21-Mar-2024 08:18:18
     9      30      5     450    0.05       10       0.994    -7.1866     -7.1866         10              3             80.149           3.0153          24.369       67.214     21-Mar-2024 08:18:18


rep =

    10

replication: (10)th 

thres=0.275560
1 th thresholding

  breakyes=3.1,  primfeasorg deteriorated too much: primfeasorg=1.25e-04,dualfeasorg=1.57e-05
12 entries survived 

2 th thresholding

  breakyes=1.0,  maxresidual < 1.00e-06
12 entries survived 

3 th thresholding

  breakyes=1.0,  maxresidual < 1.00e-06
12 entries survived 

4 th thresholding

  breakyes=1.0,  maxresidual < 1.00e-06
12 entries survived 

5 th thresholding

  breakyes=1.0,  maxresidual < 1.00e-06
12 entries survived 

6 th thresholding

  breakyes=1.0,  maxresidual < 1.00e-06
12 entries survived 

7 th thresholding

  breakyes=1.0,  maxresidual < 1.00e-06
12 entries survived 

8 th thresholding

  breakyes=1.0,  maxresidual < 1.00e-06
12 entries survived 

9 th thresholding

  breakyes=1.0,  maxresidual < 1.00e-06
12 entries survived 

10 th thresholding

  breakyes=1.0,  maxresidual < 1.00e-06
12 entries survived 

11 th thresholding

  breakyes=1.0,  maxresidual < 1.00e-06
12 entries survived 

12 th thresholding

  breakyes=1.0,  maxresidual < 1.00e-06
12 entries survived 

13 th thresholding

  breakyes=1.0,  maxresidual < 1.00e-06
12 entries survived 

14 th thresholding

  breakyes=1.0,  maxresidual < 1.00e-06
12 entries survived 

15 th thresholding

  breakyes=1.0,  maxresidual < 1.00e-06
12 entries survived 

16 th thresholding

  breakyes=1.0,  maxresidual < 1.00e-06
12 entries survived 

17 th thresholding

  breakyes=1.0,  maxresidual < 1.00e-06
12 entries survived 

18 th thresholding

  breakyes=1.0,  maxresidual < 1.00e-06
12 entries survived 

19 th thresholding

  breakyes=1.0,  maxresidual < 1.00e-06
12 entries survived 

20 th thresholding

  breakyes=1.0,  maxresidual < 1.00e-06
12 entries survived 

21 th thresholding

  breakyes=1.0,  maxresidual < 1.00e-06
12 entries survived 

22 th thresholding

  breakyes=1.0,  maxresidual < 1.00e-06
12 entries survived 

23 th thresholding

  breakyes=1.0,  maxresidual < 1.00e-06
12 entries survived 

24 th thresholding

  breakyes=1.0,  maxresidual < 1.00e-06
12 entries survived 

25 th thresholding

  breakyes=1.0,  maxresidual < 1.00e-06
12 entries survived 

26 th thresholding

  breakyes=1.0,  maxresidual < 1.00e-06
12 entries survived 

27 th thresholding

  breakyes=1.0,  maxresidual < 1.00e-06
12 entries survived 

28 th thresholding

  breakyes=1.0,  maxresidual < 1.00e-06
12 entries survived 

29 th thresholding

  breakyes=1.0,  maxresidual < 1.00e-06
12 entries survived 

30 th thresholding

  breakyes=1.0,  maxresidual < 1.00e-06
12 entries survived 

acc_vec =

    0.9900
    0.9900
    0.9900
    0.9900
    0.9900
    0.9900
    0.9900
    0.9900
    0.9900
    0.9900
    0.9900
    0.9900
    0.9900
    0.9900
    0.9900
    0.9900
    0.9900
    0.9900
    0.9900
    0.9900
    0.9900
    0.9900
    0.9900
    0.9900
    0.9900
    0.9900
    0.9900
    0.9900
    0.9900
    0.9900
    0.9900

acc =0.990000  0.990000  0.990000  0.990000  0.990000  0.990000  0.990000  0.990000  0.990000  0.990000  0.990000  0.990000  0.990000  0.990000  0.990000  0.990000  0.990000  0.990000  0.990000  0.990000  0.990000  0.990000  0.990000  0.990000  0.990000  0.990000  0.990000  0.990000  0.990000  0.990000  0.990000 

discov_true_vec =

    10
    10
    10
    10
    10
    10
    10
    10
    10
    10
    10
    10
    10
    10
    10
    10
    10
    10
    10
    10
    10
    10
    10
    10
    10
    10
    10
    10
    10
    10


discov_false_vec =

     2
     2
     2
     2
     2
     2
     2
     2
     2
     2
     2
     2
     2
     2
     2
     2
     2
     2
     2
     2
     2
     2
     2
     2
     2
     2
     2
     2
     2
     2


data =

  31x16 table

    rep    iter    sep    dim    rho     sparsity    acc     obj_prim    obj_dual    discov_true    discov_false    diff_x_tilde    diff_omega_diag    time_isee    time_SDP          jobdate       
    ___    ____    ___    ___    ____    ________    ____    ________    ________    ___________    ____________    ____________    _______________    _________    ________    ____________________

    10       0      5     450    0.05       10       0.99          0           0          0              0                  0                0               0            0     21-Mar-2024 08:49:51
    10       1      5     450    0.05       10       0.99    -6.7477     -6.7473         10              2              74.74           2.5307          21.744       46.652     21-Mar-2024 08:49:51
    10       2      5     450    0.05       10       0.99    -6.5701     -6.5701         10              2             73.233           2.4831          23.041       38.638     21-Mar-2024 08:49:51
    10       3      5     450    0.05       10       0.99    -6.5701     -6.5701         10              2             73.233           2.4831          23.334       37.806     21-Mar-2024 08:49:51
    10       4      5     450    0.05       10       0.99    -6.5701     -6.5701         10              2             73.233           2.4831          23.939       34.978     21-Mar-2024 08:49:51
    10       5      5     450    0.05       10       0.99    -6.5701     -6.5701         10              2             73.233           2.4831          22.008       37.803     21-Mar-2024 08:49:51
    10       6      5     450    0.05       10       0.99    -6.5701     -6.5701         10              2             73.233           2.4831           22.55       35.231     21-Mar-2024 08:49:51
    10       7      5     450    0.05       10       0.99    -6.5701     -6.5701         10              2             73.233           2.4831          22.935       40.184     21-Mar-2024 08:49:51
    10       8      5     450    0.05       10       0.99    -6.5701     -6.5701         10              2             73.233           2.4831          22.662       38.475     21-Mar-2024 08:49:51
    10       9      5     450    0.05       10       0.99    -6.5701     -6.5701         10              2             73.233           2.4831          21.529       36.548     21-Mar-2024 08:49:51
    10      10      5     450    0.05       10       0.99    -6.5701     -6.5701         10              2             73.233           2.4831          21.964         37.9     21-Mar-2024 08:49:51
    10      11      5     450    0.05       10       0.99    -6.5701     -6.5701         10              2             73.233           2.4831          21.469       38.199     21-Mar-2024 08:49:51
    10      12      5     450    0.05       10       0.99    -6.5701     -6.5701         10              2             73.233           2.4831          21.463       36.918     21-Mar-2024 08:49:51
    10      13      5     450    0.05       10       0.99    -6.5701     -6.5701         10              2             73.233           2.4831          21.826       37.861     21-Mar-2024 08:49:51
    10      14      5     450    0.05       10       0.99    -6.5701     -6.5701         10              2             73.233           2.4831          23.296       44.376     21-Mar-2024 08:49:51
    10      15      5     450    0.05       10       0.99    -6.5701     -6.5701         10              2             73.233           2.4831           21.58       39.633     21-Mar-2024 08:49:51
    10      16      5     450    0.05       10       0.99    -6.5701     -6.5701         10              2             73.233           2.4831          21.857       42.407     21-Mar-2024 08:49:51
    10      17      5     450    0.05       10       0.99    -6.5701     -6.5701         10              2             73.233           2.4831          21.114       45.215     21-Mar-2024 08:49:51
    10      18      5     450    0.05       10       0.99    -6.5701     -6.5701         10              2             73.233           2.4831          22.386       49.249     21-Mar-2024 08:49:51
    10      19      5     450    0.05       10       0.99    -6.5701     -6.5701         10              2             73.233           2.4831          21.359       46.871     21-Mar-2024 08:49:51
    10      20      5     450    0.05       10       0.99    -6.5701     -6.5701         10              2             73.233           2.4831          21.802       43.728     21-Mar-2024 08:49:51
    10      21      5     450    0.05       10       0.99    -6.5701     -6.5701         10              2             73.233           2.4831          22.578       38.269     21-Mar-2024 08:49:51
    10      22      5     450    0.05       10       0.99    -6.5701     -6.5701         10              2             73.233           2.4831          22.967       33.712     21-Mar-2024 08:49:51
    10      23      5     450    0.05       10       0.99    -6.5701     -6.5701         10              2             73.233           2.4831          23.014       35.809     21-Mar-2024 08:49:51
    10      24      5     450    0.05       10       0.99    -6.5701     -6.5701         10              2             73.233           2.4831          22.143       37.263     21-Mar-2024 08:49:51
    10      25      5     450    0.05       10       0.99    -6.5701     -6.5701         10              2             73.233           2.4831          24.229       37.047     21-Mar-2024 08:49:51
    10      26      5     450    0.05       10       0.99    -6.5701     -6.5701         10              2             73.233           2.4831          22.836        41.43     21-Mar-2024 08:49:51
    10      27      5     450    0.05       10       0.99    -6.5701     -6.5701         10              2             73.233           2.4831          21.932       45.008     21-Mar-2024 08:49:51
    10      28      5     450    0.05       10       0.99    -6.5701     -6.5701         10              2             73.233           2.4831          21.189       44.256     21-Mar-2024 08:49:51
    10      29      5     450    0.05       10       0.99    -6.5701     -6.5701         10              2             73.233           2.4831          22.613       50.637     21-Mar-2024 08:49:51
    10      30      5     450    0.05       10       0.99    -6.5701     -6.5701         10              2             73.233           2.4831          22.483       50.947     21-Mar-2024 08:49:51


rep =

    11

replication: (11)th 

thres=0.275560
1 th thresholding

  breakyes=1.4,  maxresidual < 1.00e-06
11 entries survived 

2 th thresholding

  breakyes = 1.0,  maxresidual < 1.00e-04  breakyes=1.4,  maxresidual < 1.00e-06
12 entries survived 

3 th thresholding

  breakyes = 1.0,  maxresidual < 1.00e-04  breakyes=1.4,  maxresidual < 1.00e-06
12 entries survived 

4 th thresholding

  breakyes = 1.0,  maxresidual < 1.00e-04  breakyes=1.4,  maxresidual < 1.00e-06
12 entries survived 

5 th thresholding

  breakyes = 1.0,  maxresidual < 1.00e-04  breakyes=1.4,  maxresidual < 1.00e-06
12 entries survived 

6 th thresholding

  breakyes = 1.0,  maxresidual < 1.00e-04  breakyes=1.4,  maxresidual < 1.00e-06
12 entries survived 

7 th thresholding

  breakyes = 1.0,  maxresidual < 1.00e-04  breakyes=1.4,  maxresidual < 1.00e-06
12 entries survived 

8 th thresholding

  breakyes = 1.0,  maxresidual < 1.00e-04  breakyes=1.4,  maxresidual < 1.00e-06
12 entries survived 

9 th thresholding

  breakyes = 1.0,  maxresidual < 1.00e-04  breakyes=1.4,  maxresidual < 1.00e-06
12 entries survived 

10 th thresholding

  breakyes = 1.0,  maxresidual < 1.00e-04  breakyes=1.4,  maxresidual < 1.00e-06
12 entries survived 

11 th thresholding

  breakyes = 1.0,  maxresidual < 1.00e-04  breakyes=1.4,  maxresidual < 1.00e-06
12 entries survived 

12 th thresholding

  breakyes = 1.0,  maxresidual < 1.00e-04  breakyes=1.4,  maxresidual < 1.00e-06
12 entries survived 

13 th thresholding

  breakyes = 1.0,  maxresidual < 1.00e-04  breakyes=1.4,  maxresidual < 1.00e-06
12 entries survived 

14 th thresholding

  breakyes = 1.0,  maxresidual < 1.00e-04  breakyes=1.4,  maxresidual < 1.00e-06
12 entries survived 

15 th thresholding

  breakyes = 1.0,  maxresidual < 1.00e-04  breakyes=1.4,  maxresidual < 1.00e-06
12 entries survived 

16 th thresholding

  breakyes = 1.0,  maxresidual < 1.00e-04  breakyes=1.4,  maxresidual < 1.00e-06
12 entries survived 

17 th thresholding

  breakyes = 1.0,  maxresidual < 1.00e-04  breakyes=1.4,  maxresidual < 1.00e-06
12 entries survived 

18 th thresholding

  breakyes = 1.0,  maxresidual < 1.00e-04  breakyes=1.4,  maxresidual < 1.00e-06
12 entries survived 

19 th thresholding

  breakyes = 1.0,  maxresidual < 1.00e-04  breakyes=1.4,  maxresidual < 1.00e-06
12 entries survived 

20 th thresholding

  breakyes = 1.0,  maxresidual < 1.00e-04  breakyes=1.4,  maxresidual < 1.00e-06
12 entries survived 

21 th thresholding

  breakyes = 1.0,  maxresidual < 1.00e-04  breakyes=1.4,  maxresidual < 1.00e-06
12 entries survived 

22 th thresholding

  breakyes = 1.0,  maxresidual < 1.00e-04  breakyes=1.4,  maxresidual < 1.00e-06
12 entries survived 

23 th thresholding

  breakyes = 1.0,  maxresidual < 1.00e-04  breakyes=1.4,  maxresidual < 1.00e-06
12 entries survived 

24 th thresholding

  breakyes = 1.0,  maxresidual < 1.00e-04  breakyes=1.4,  maxresidual < 1.00e-06
12 entries survived 

25 th thresholding

  breakyes = 1.0,  maxresidual < 1.00e-04  breakyes=1.4,  maxresidual < 1.00e-06
12 entries survived 

26 th thresholding

  breakyes = 1.0,  maxresidual < 1.00e-04  breakyes=1.4,  maxresidual < 1.00e-06
12 entries survived 

27 th thresholding

  breakyes = 1.0,  maxresidual < 1.00e-04  breakyes=1.4,  maxresidual < 1.00e-06
12 entries survived 

28 th thresholding

  breakyes = 1.0,  maxresidual < 1.00e-04  breakyes=1.4,  maxresidual < 1.00e-06
12 entries survived 

29 th thresholding

  breakyes = 1.0,  maxresidual < 1.00e-04  breakyes=1.4,  maxresidual < 1.00e-06
12 entries survived 

30 th thresholding

  breakyes = 1.0,  maxresidual < 1.00e-04  breakyes=1.4,  maxresidual < 1.00e-06
12 entries survived 

acc_vec =

    0.9900
    0.9980
    0.9980
    0.9980
    0.9980
    0.9980
    0.9980
    0.9980
    0.9980
    0.9980
    0.9980
    0.9980
    0.9980
    0.9980
    0.9980
    0.9980
    0.9980
    0.9980
    0.9980
    0.9980
    0.9980
    0.9980
    0.9980
    0.9980
    0.9980
    0.9980
    0.9980
    0.9980
    0.9980
    0.9980
    0.9980

acc =0.990000  0.998000  0.998000  0.998000  0.998000  0.998000  0.998000  0.998000  0.998000  0.998000  0.998000  0.998000  0.998000  0.998000  0.998000  0.998000  0.998000  0.998000  0.998000  0.998000  0.998000  0.998000  0.998000  0.998000  0.998000  0.998000  0.998000  0.998000  0.998000  0.998000  0.998000 

discov_true_vec =

    10
    10
    10
    10
    10
    10
    10
    10
    10
    10
    10
    10
    10
    10
    10
    10
    10
    10
    10
    10
    10
    10
    10
    10
    10
    10
    10
    10
    10
    10


discov_false_vec =

     1
     2
     2
     2
     2
     2
     2
     2
     2
     2
     2
     2
     2
     2
     2
     2
     2
     2
     2
     2
     2
     2
     2
     2
     2
     2
     2
     2
     2
     2


data =

  31x16 table

    rep    iter    sep    dim    rho     sparsity     acc     obj_prim    obj_dual    discov_true    discov_false    diff_x_tilde    diff_omega_diag    time_isee    time_SDP          jobdate       
    ___    ____    ___    ___    ____    ________    _____    ________    ________    ___________    ____________    ____________    _______________    _________    ________    ____________________

    11       0      5     450    0.05       10        0.99          0           0          0              0                  0                0               0            0     21-Mar-2024 09:34:41
    11       1      5     450    0.05       10       0.998    -8.7139     -8.7139         10              1             80.621            2.984          21.745       75.216     21-Mar-2024 09:34:41
    11       2      5     450    0.05       10       0.998    -7.9057     -7.9058         10              2              77.59           2.7781          22.769       65.636     21-Mar-2024 09:34:41
    11       3      5     450    0.05       10       0.998    -7.9057     -7.9058         10              2              77.59           2.7781          22.409       68.353     21-Mar-2024 09:34:41
    11       4      5     450    0.05       10       0.998    -7.9057     -7.9058         10              2              77.59           2.7781          23.232        76.88     21-Mar-2024 09:34:41
    11       5      5     450    0.05       10       0.998    -7.9057     -7.9058         10              2              77.59           2.7781           22.12       78.744     21-Mar-2024 09:34:41
    11       6      5     450    0.05       10       0.998    -7.9057     -7.9058         10              2              77.59           2.7781          21.809        80.21     21-Mar-2024 09:34:41
    11       7      5     450    0.05       10       0.998    -7.9057     -7.9058         10              2              77.59           2.7781          21.733       75.029     21-Mar-2024 09:34:41
    11       8      5     450    0.05       10       0.998    -7.9057     -7.9058         10              2              77.59           2.7781          22.887       70.043     21-Mar-2024 09:34:41
    11       9      5     450    0.05       10       0.998    -7.9057     -7.9058         10              2              77.59           2.7781           23.52       62.872     21-Mar-2024 09:34:41
    11      10      5     450    0.05       10       0.998    -7.9057     -7.9058         10              2              77.59           2.7781          22.252       65.594     21-Mar-2024 09:34:41
    11      11      5     450    0.05       10       0.998    -7.9057     -7.9058         10              2              77.59           2.7781          26.022        66.53     21-Mar-2024 09:34:41
    11      12      5     450    0.05       10       0.998    -7.9057     -7.9058         10              2              77.59           2.7781          22.589       66.134     21-Mar-2024 09:34:41
    11      13      5     450    0.05       10       0.998    -7.9057     -7.9058         10              2              77.59           2.7781          22.583       65.385     21-Mar-2024 09:34:41
    11      14      5     450    0.05       10       0.998    -7.9057     -7.9058         10              2              77.59           2.7781          22.333       61.959     21-Mar-2024 09:34:41
    11      15      5     450    0.05       10       0.998    -7.9057     -7.9058         10              2              77.59           2.7781          22.227       61.439     21-Mar-2024 09:34:41
    11      16      5     450    0.05       10       0.998    -7.9057     -7.9058         10              2              77.59           2.7781          22.955        65.05     21-Mar-2024 09:34:41
    11      17      5     450    0.05       10       0.998    -7.9057     -7.9058         10              2              77.59           2.7781           22.59       65.919     21-Mar-2024 09:34:41
    11      18      5     450    0.05       10       0.998    -7.9057     -7.9058         10              2              77.59           2.7781          22.075       69.888     21-Mar-2024 09:34:41
    11      19      5     450    0.05       10       0.998    -7.9057     -7.9058         10              2              77.59           2.7781          22.985       75.885     21-Mar-2024 09:34:41
    11      20      5     450    0.05       10       0.998    -7.9057     -7.9058         10              2              77.59           2.7781          23.377       73.889     21-Mar-2024 09:34:41
    11      21      5     450    0.05       10       0.998    -7.9057     -7.9058         10              2              77.59           2.7781          22.377       66.074     21-Mar-2024 09:34:41
    11      22      5     450    0.05       10       0.998    -7.9057     -7.9058         10              2              77.59           2.7781          22.862       62.324     21-Mar-2024 09:34:41
    11      23      5     450    0.05       10       0.998    -7.9057     -7.9058         10              2              77.59           2.7781           22.63       68.542     21-Mar-2024 09:34:41
    11      24      5     450    0.05       10       0.998    -7.9057     -7.9058         10              2              77.59           2.7781          24.174       60.956     21-Mar-2024 09:34:41
    11      25      5     450    0.05       10       0.998    -7.9057     -7.9058         10              2              77.59           2.7781          21.978       59.588     21-Mar-2024 09:34:41
    11      26      5     450    0.05       10       0.998    -7.9057     -7.9058         10              2              77.59           2.7781          21.724       58.832     21-Mar-2024 09:34:41
    11      27      5     450    0.05       10       0.998    -7.9057     -7.9058         10              2              77.59           2.7781           21.15       61.117     21-Mar-2024 09:34:41
    11      28      5     450    0.05       10       0.998    -7.9057     -7.9058         10              2              77.59           2.7781          22.685         63.8     21-Mar-2024 09:34:41
    11      29      5     450    0.05       10       0.998    -7.9057     -7.9058         10              2              77.59           2.7781          21.647       59.778     21-Mar-2024 09:34:41
    11      30      5     450    0.05       10       0.998    -7.9057     -7.9058         10              2              77.59           2.7781          22.002       59.935     21-Mar-2024 09:34:41


rep =

    12

replication: (12)th 

thres=0.275560
1 th thresholding

  breakyes=1.4,  maxresidual < 1.00e-06
19 entries survived 

2 th thresholding

  breakyes = 1.0,  maxresidual < 1.00e-04  breakyes=3.2,  dualfeasorg deteriorated too much: primfeasorg=2.36e-04,dualfeasorg=2.00e-03
16 entries survived 

3 th thresholding

  breakyes = 1.0,  maxresidual < 1.00e-04  breakyes=3.2,  dualfeasorg deteriorated too much: primfeasorg=2.36e-04,dualfeasorg=2.00e-03
16 entries survived 

4 th thresholding

  breakyes = 1.0,  maxresidual < 1.00e-04  breakyes=3.2,  dualfeasorg deteriorated too much: primfeasorg=2.36e-04,dualfeasorg=2.00e-03
16 entries survived 

5 th thresholding

  breakyes = 1.0,  maxresidual < 1.00e-04  breakyes=3.2,  dualfeasorg deteriorated too much: primfeasorg=2.36e-04,dualfeasorg=2.00e-03
16 entries survived 

6 th thresholding

  breakyes = 1.0,  maxresidual < 1.00e-04  breakyes=3.2,  dualfeasorg deteriorated too much: primfeasorg=2.36e-04,dualfeasorg=2.00e-03
16 entries survived 

7 th thresholding

  breakyes = 1.0,  maxresidual < 1.00e-04  breakyes=3.2,  dualfeasorg deteriorated too much: primfeasorg=2.36e-04,dualfeasorg=2.00e-03
16 entries survived 

8 th thresholding

  breakyes = 1.0,  maxresidual < 1.00e-04  breakyes=3.2,  dualfeasorg deteriorated too much: primfeasorg=2.36e-04,dualfeasorg=2.00e-03
16 entries survived 

9 th thresholding

  breakyes = 1.0,  maxresidual < 1.00e-04  breakyes=3.2,  dualfeasorg deteriorated too much: primfeasorg=2.36e-04,dualfeasorg=2.00e-03
16 entries survived 

10 th thresholding

  breakyes = 1.0,  maxresidual < 1.00e-04  breakyes=3.2,  dualfeasorg deteriorated too much: primfeasorg=2.36e-04,dualfeasorg=2.00e-03
16 entries survived 

11 th thresholding

  breakyes = 1.0,  maxresidual < 1.00e-04  breakyes=3.2,  dualfeasorg deteriorated too much: primfeasorg=2.36e-04,dualfeasorg=2.00e-03
16 entries survived 

12 th thresholding

  breakyes = 1.0,  maxresidual < 1.00e-04  breakyes=3.2,  dualfeasorg deteriorated too much: primfeasorg=2.36e-04,dualfeasorg=2.00e-03
16 entries survived 

13 th thresholding

  breakyes = 1.0,  maxresidual < 1.00e-04  breakyes=3.2,  dualfeasorg deteriorated too much: primfeasorg=2.36e-04,dualfeasorg=2.00e-03
16 entries survived 

14 th thresholding

  breakyes = 1.0,  maxresidual < 1.00e-04  breakyes=3.2,  dualfeasorg deteriorated too much: primfeasorg=2.36e-04,dualfeasorg=2.00e-03
16 entries survived 

15 th thresholding

  breakyes = 1.0,  maxresidual < 1.00e-04  breakyes=3.2,  dualfeasorg deteriorated too much: primfeasorg=2.36e-04,dualfeasorg=2.00e-03
16 entries survived 

16 th thresholding

  breakyes = 1.0,  maxresidual < 1.00e-04  breakyes=3.2,  dualfeasorg deteriorated too much: primfeasorg=2.36e-04,dualfeasorg=2.00e-03
16 entries survived 

17 th thresholding

  breakyes = 1.0,  maxresidual < 1.00e-04  breakyes=3.2,  dualfeasorg deteriorated too much: primfeasorg=2.36e-04,dualfeasorg=2.00e-03
16 entries survived 

18 th thresholding

  breakyes = 1.0,  maxresidual < 1.00e-04  breakyes=3.2,  dualfeasorg deteriorated too much: primfeasorg=2.36e-04,dualfeasorg=2.00e-03
16 entries survived 

19 th thresholding

  breakyes = 1.0,  maxresidual < 1.00e-04  breakyes=3.2,  dualfeasorg deteriorated too much: primfeasorg=2.36e-04,dualfeasorg=2.00e-03
16 entries survived 

20 th thresholding

  breakyes = 1.0,  maxresidual < 1.00e-04  breakyes=3.2,  dualfeasorg deteriorated too much: primfeasorg=2.36e-04,dualfeasorg=2.00e-03
16 entries survived 

21 th thresholding

  breakyes = 1.0,  maxresidual < 1.00e-04  breakyes=3.2,  dualfeasorg deteriorated too much: primfeasorg=2.36e-04,dualfeasorg=2.00e-03
16 entries survived 

22 th thresholding

  breakyes = 1.0,  maxresidual < 1.00e-04  breakyes=3.2,  dualfeasorg deteriorated too much: primfeasorg=2.36e-04,dualfeasorg=2.00e-03
16 entries survived 

23 th thresholding

  breakyes = 1.0,  maxresidual < 1.00e-04  breakyes=3.2,  dualfeasorg deteriorated too much: primfeasorg=2.36e-04,dualfeasorg=2.00e-03
16 entries survived 

24 th thresholding

  breakyes = 1.0,  maxresidual < 1.00e-04  breakyes=3.2,  dualfeasorg deteriorated too much: primfeasorg=2.36e-04,dualfeasorg=2.00e-03
16 entries survived 

25 th thresholding

  breakyes = 1.0,  maxresidual < 1.00e-04  breakyes=3.2,  dualfeasorg deteriorated too much: primfeasorg=2.36e-04,dualfeasorg=2.00e-03
16 entries survived 

26 th thresholding

  breakyes = 1.0,  maxresidual < 1.00e-04  breakyes=3.2,  dualfeasorg deteriorated too much: primfeasorg=2.36e-04,dualfeasorg=2.00e-03
16 entries survived 

27 th thresholding

  breakyes = 1.0,  maxresidual < 1.00e-04  breakyes=3.2,  dualfeasorg deteriorated too much: primfeasorg=2.36e-04,dualfeasorg=2.00e-03
16 entries survived 

28 th thresholding

  breakyes = 1.0,  maxresidual < 1.00e-04  breakyes=3.2,  dualfeasorg deteriorated too much: primfeasorg=2.36e-04,dualfeasorg=2.00e-03
16 entries survived 

29 th thresholding

  breakyes = 1.0,  maxresidual < 1.00e-04  breakyes=3.2,  dualfeasorg deteriorated too much: primfeasorg=2.36e-04,dualfeasorg=2.00e-03
16 entries survived 

30 th thresholding

  breakyes = 1.0,  maxresidual < 1.00e-04  breakyes=3.2,  dualfeasorg deteriorated too much: primfeasorg=2.36e-04,dualfeasorg=2.00e-03
16 entries survived 

acc_vec =

    0.9880
    0.9900
    0.9900
    0.9900
    0.9900
    0.9900
    0.9900
    0.9900
    0.9900
    0.9900
    0.9900
    0.9900
    0.9900
    0.9900
    0.9900
    0.9900
    0.9900
    0.9900
    0.9900
    0.9900
    0.9900
    0.9900
    0.9900
    0.9900
    0.9900
    0.9900
    0.9900
    0.9900
    0.9900
    0.9900
    0.9900

acc =0.988000  0.990000  0.990000  0.990000  0.990000  0.990000  0.990000  0.990000  0.990000  0.990000  0.990000  0.990000  0.990000  0.990000  0.990000  0.990000  0.990000  0.990000  0.990000  0.990000  0.990000  0.990000  0.990000  0.990000  0.990000  0.990000  0.990000  0.990000  0.990000  0.990000  0.990000 

discov_true_vec =

    10
    10
    10
    10
    10
    10
    10
    10
    10
    10
    10
    10
    10
    10
    10
    10
    10
    10
    10
    10
    10
    10
    10
    10
    10
    10
    10
    10
    10
    10


discov_false_vec =

     9
     6
     6
     6
     6
     6
     6
     6
     6
     6
     6
     6
     6
     6
     6
     6
     6
     6
     6
     6
     6
     6
     6
     6
     6
     6
     6
     6
     6
     6


data =

  31x16 table

    rep    iter    sep    dim    rho     sparsity     acc     obj_prim    obj_dual    discov_true    discov_false    diff_x_tilde    diff_omega_diag    time_isee    time_SDP          jobdate       
    ___    ____    ___    ___    ____    ________    _____    ________    ________    ___________    ____________    ____________    _______________    _________    ________    ____________________

    12       0      5     450    0.05       10       0.988          0           0          0              0                  0                0               0            0     21-Mar-2024 10:07:01
    12       1      5     450    0.05       10        0.99    -7.4775     -7.4775         10              9             79.582           2.9612          21.945       46.461     21-Mar-2024 10:07:01
    12       2      5     450    0.05       10        0.99    -7.5299     -7.5309         10              6             77.743           2.8162          24.602       41.358     21-Mar-2024 10:07:01
    12       3      5     450    0.05       10        0.99    -7.5299     -7.5309         10              6             77.743           2.8162          26.576       45.071     21-Mar-2024 10:07:01
    12       4      5     450    0.05       10        0.99    -7.5299     -7.5309         10              6             77.743           2.8162          22.334       47.514     21-Mar-2024 10:07:01
    12       5      5     450    0.05       10        0.99    -7.5299     -7.5309         10              6             77.743           2.8162          22.447       48.677     21-Mar-2024 10:07:01
    12       6      5     450    0.05       10        0.99    -7.5299     -7.5309         10              6             77.743           2.8162          23.224        50.09     21-Mar-2024 10:07:01
    12       7      5     450    0.05       10        0.99    -7.5299     -7.5309         10              6             77.743           2.8162          21.822       51.332     21-Mar-2024 10:07:01
    12       8      5     450    0.05       10        0.99    -7.5299     -7.5309         10              6             77.743           2.8162          22.071       54.238     21-Mar-2024 10:07:01
    12       9      5     450    0.05       10        0.99    -7.5299     -7.5309         10              6             77.743           2.8162          22.337        48.77     21-Mar-2024 10:07:01
    12      10      5     450    0.05       10        0.99    -7.5299     -7.5309         10              6             77.743           2.8162          23.301       43.322     21-Mar-2024 10:07:01
    12      11      5     450    0.05       10        0.99    -7.5299     -7.5309         10              6             77.743           2.8162          24.294       39.126     21-Mar-2024 10:07:01
    12      12      5     450    0.05       10        0.99    -7.5299     -7.5309         10              6             77.743           2.8162          22.818       39.903     21-Mar-2024 10:07:01
    12      13      5     450    0.05       10        0.99    -7.5299     -7.5309         10              6             77.743           2.8162          23.273       40.287     21-Mar-2024 10:07:01
    12      14      5     450    0.05       10        0.99    -7.5299     -7.5309         10              6             77.743           2.8162          23.217        40.98     21-Mar-2024 10:07:01
    12      15      5     450    0.05       10        0.99    -7.5299     -7.5309         10              6             77.743           2.8162          23.206       37.483     21-Mar-2024 10:07:01
    12      16      5     450    0.05       10        0.99    -7.5299     -7.5309         10              6             77.743           2.8162           24.21       36.599     21-Mar-2024 10:07:01
    12      17      5     450    0.05       10        0.99    -7.5299     -7.5309         10              6             77.743           2.8162          22.789       40.088     21-Mar-2024 10:07:01
    12      18      5     450    0.05       10        0.99    -7.5299     -7.5309         10              6             77.743           2.8162          25.018       39.456     21-Mar-2024 10:07:01
    12      19      5     450    0.05       10        0.99    -7.5299     -7.5309         10              6             77.743           2.8162          21.457       37.519     21-Mar-2024 10:07:01
    12      20      5     450    0.05       10        0.99    -7.5299     -7.5309         10              6             77.743           2.8162          21.883       41.391     21-Mar-2024 10:07:01
    12      21      5     450    0.05       10        0.99    -7.5299     -7.5309         10              6             77.743           2.8162           22.12       39.784     21-Mar-2024 10:07:01
    12      22      5     450    0.05       10        0.99    -7.5299     -7.5309         10              6             77.743           2.8162          21.341       35.558     21-Mar-2024 10:07:01
    12      23      5     450    0.05       10        0.99    -7.5299     -7.5309         10              6             77.743           2.8162          22.527       37.525     21-Mar-2024 10:07:01
    12      24      5     450    0.05       10        0.99    -7.5299     -7.5309         10              6             77.743           2.8162            22.7       35.572     21-Mar-2024 10:07:01
    12      25      5     450    0.05       10        0.99    -7.5299     -7.5309         10              6             77.743           2.8162          22.675       39.119     21-Mar-2024 10:07:01
    12      26      5     450    0.05       10        0.99    -7.5299     -7.5309         10              6             77.743           2.8162          21.899       39.436     21-Mar-2024 10:07:01
    12      27      5     450    0.05       10        0.99    -7.5299     -7.5309         10              6             77.743           2.8162          24.838       41.037     21-Mar-2024 10:07:01
    12      28      5     450    0.05       10        0.99    -7.5299     -7.5309         10              6             77.743           2.8162          22.951       40.312     21-Mar-2024 10:07:01
    12      29      5     450    0.05       10        0.99    -7.5299     -7.5309         10              6             77.743           2.8162          22.139       37.617     21-Mar-2024 10:07:01
    12      30      5     450    0.05       10        0.99    -7.5299     -7.5309         10              6             77.743           2.8162          22.833       35.836     21-Mar-2024 10:07:01

