==========================================
SLURM_JOB_ID = 20377774
SLURM_JOB_NODELIST = b22-27
TMPDIR = /tmp/SLURM_20377774
==========================================
hello
Starting parallel pool (parpool) ...
Connected to the parallel pool (number of workers: 15).

pool = 

 ProcessPool with properties: 

            Connected: true
           NumWorkers: 15
                 Busy: false
              Cluster: Local
        AttachedFiles: {}
    AutoAddClientPath: true
            FileStore: [1x1 parallel.FileStore]
           ValueStore: [1x1 parallel.ValueStore]
          IdleTimeout: 30 minutes (30 minutes remaining)
          SpmdEnabled: true


p =

   150


Delta =

     5


s =

    10


n =

   500


ii =

    15


table_name =

    'sparse_kmeans_isee_denoise'


conn = 

  sqlite with properties:

      Database: '/home1/jongminm/sparse_kmeans/sparse_kmeans.db'
    IsReadOnly: 0
    AutoCommit: 'on'


rho =

    0.0500


M =

    0.8251

delta confirmed: 5.000000
ans =

    4.7923


rep =

    57

replication: (57)th 

thres=0.249556
1 th thresholding

  breakyes=1.4,  maxresidual < 1.00e-06
13 entries survived 

2 th thresholding

  breakyes=3.2,  dualfeasorg deteriorated too much: primfeasorg=1.95e-06,dualfeasorg=2.22e-05
12 entries survived 

3 th thresholding

  breakyes=1.4,  maxresidual < 1.00e-06
12 entries survived 

4 th thresholding

  breakyes=3.2,  dualfeasorg deteriorated too much: primfeasorg=1.95e-06,dualfeasorg=2.22e-05
12 entries survived 

5 th thresholding

  breakyes=1.4,  maxresidual < 1.00e-06
12 entries survived 

6 th thresholding

  breakyes=3.2,  dualfeasorg deteriorated too much: primfeasorg=1.95e-06,dualfeasorg=2.22e-05
12 entries survived 

7 th thresholding

  breakyes=1.4,  maxresidual < 1.00e-06
12 entries survived 

8 th thresholding

  breakyes=3.2,  dualfeasorg deteriorated too much: primfeasorg=1.95e-06,dualfeasorg=2.22e-05
12 entries survived 

9 th thresholding

  breakyes=1.4,  maxresidual < 1.00e-06
12 entries survived 

10 th thresholding

  breakyes=3.2,  dualfeasorg deteriorated too much: primfeasorg=1.95e-06,dualfeasorg=2.22e-05
12 entries survived 

11 th thresholding

  breakyes=1.4,  maxresidual < 1.00e-06
12 entries survived 

12 th thresholding

  breakyes=3.2,  dualfeasorg deteriorated too much: primfeasorg=1.95e-06,dualfeasorg=2.22e-05
12 entries survived 

13 th thresholding

  breakyes=1.4,  maxresidual < 1.00e-06
12 entries survived 

14 th thresholding

  breakyes=3.2,  dualfeasorg deteriorated too much: primfeasorg=1.95e-06,dualfeasorg=2.22e-05
12 entries survived 

15 th thresholding

  breakyes=1.4,  maxresidual < 1.00e-06
12 entries survived 

16 th thresholding

  breakyes=3.2,  dualfeasorg deteriorated too much: primfeasorg=1.95e-06,dualfeasorg=2.22e-05
12 entries survived 

17 th thresholding

  breakyes=1.4,  maxresidual < 1.00e-06
12 entries survived 

18 th thresholding

  breakyes=3.2,  dualfeasorg deteriorated too much: primfeasorg=1.95e-06,dualfeasorg=2.22e-05
12 entries survived 

19 th thresholding

  breakyes=1.4,  maxresidual < 1.00e-06
12 entries survived 

20 th thresholding

  breakyes=3.2,  dualfeasorg deteriorated too much: primfeasorg=1.95e-06,dualfeasorg=2.22e-05
12 entries survived 

21 th thresholding

  breakyes=1.4,  maxresidual < 1.00e-06
12 entries survived 

22 th thresholding

  breakyes=3.2,  dualfeasorg deteriorated too much: primfeasorg=1.95e-06,dualfeasorg=2.22e-05
12 entries survived 

23 th thresholding

  breakyes=1.4,  maxresidual < 1.00e-06
12 entries survived 

24 th thresholding

  breakyes=3.2,  dualfeasorg deteriorated too much: primfeasorg=1.95e-06,dualfeasorg=2.22e-05
12 entries survived 

25 th thresholding

  breakyes=1.4,  maxresidual < 1.00e-06
12 entries survived 

26 th thresholding

  breakyes=3.2,  dualfeasorg deteriorated too much: primfeasorg=1.95e-06,dualfeasorg=2.22e-05
12 entries survived 

27 th thresholding

  breakyes=1.4,  maxresidual < 1.00e-06
12 entries survived 

28 th thresholding

  breakyes=3.2,  dualfeasorg deteriorated too much: primfeasorg=1.95e-06,dualfeasorg=2.22e-05
12 entries survived 

29 th thresholding

  breakyes=1.4,  maxresidual < 1.00e-06
12 entries survived 

30 th thresholding

  breakyes=3.2,  dualfeasorg deteriorated too much: primfeasorg=1.95e-06,dualfeasorg=2.22e-05
12 entries survived 

acc_vec =

    0.9940
    0.9960
    0.9940
    0.9960
    0.9940
    0.9960
    0.9940
    0.9960
    0.9940
    0.9960
    0.9940
    0.9960
    0.9940
    0.9960
    0.9940
    0.9960
    0.9940
    0.9960
    0.9940
    0.9960
    0.9940
    0.9960
    0.9940
    0.9960
    0.9940
    0.9960
    0.9940
    0.9960
    0.9940
    0.9960
    0.9940

acc =0.994000  0.996000  0.994000  0.996000  0.994000  0.996000  0.994000  0.996000  0.994000  0.996000  0.994000  0.996000  0.994000  0.996000  0.994000  0.996000  0.994000  0.996000  0.994000  0.996000  0.994000  0.996000  0.994000  0.996000  0.994000  0.996000  0.994000  0.996000  0.994000  0.996000  0.994000 

discov_true_vec =

    10
    10
    10
    10
    10
    10
    10
    10
    10
    10
    10
    10
    10
    10
    10
    10
    10
    10
    10
    10
    10
    10
    10
    10
    10
    10
    10
    10
    10
    10


discov_false_vec =

     3
     2
     2
     2
     2
     2
     2
     2
     2
     2
     2
     2
     2
     2
     2
     2
     2
     2
     2
     2
     2
     2
     2
     2
     2
     2
     2
     2
     2
     2


data =

  31x16 table

    rep    iter    sep    dim    rho     sparsity     acc     obj_prim    obj_dual    discov_true    discov_false    diff_x_tilde    diff_omega_diag    time_isee    time_SDP          jobdate       
    ___    ____    ___    ___    ____    ________    _____    ________    ________    ___________    ____________    ____________    _______________    _________    ________    ____________________

    57       0      5     150    0.05       10       0.994          0           0          0              0                  0                0               0            0     21-Mar-2024 05:02:54
    57       1      5     150    0.05       10       0.996    -6.1264     -6.1263         10              3             45.181           1.3289            5.41       53.311     21-Mar-2024 05:02:54
    57       2      5     150    0.05       10       0.994    -6.1768     -6.1768         10              2             43.797           1.2662          3.1332       47.239     21-Mar-2024 05:02:54
    57       3      5     150    0.05       10       0.996    -6.1772     -6.1771         10              2             45.003           1.3341          3.2047       56.564     21-Mar-2024 05:02:54
    57       4      5     150    0.05       10       0.994    -6.1768     -6.1768         10              2             43.797           1.2662          3.5996       44.279     21-Mar-2024 05:02:54
    57       5      5     150    0.05       10       0.996    -6.1772     -6.1771         10              2             45.003           1.3341          2.7947       58.249     21-Mar-2024 05:02:54
    57       6      5     150    0.05       10       0.994    -6.1768     -6.1768         10              2             43.797           1.2662          2.6363       42.386     21-Mar-2024 05:02:54
    57       7      5     150    0.05       10       0.996    -6.1772     -6.1771         10              2             45.003           1.3341          2.8763       58.703     21-Mar-2024 05:02:54
    57       8      5     150    0.05       10       0.994    -6.1768     -6.1768         10              2             43.797           1.2662          2.6422       41.776     21-Mar-2024 05:02:54
    57       9      5     150    0.05       10       0.996    -6.1772     -6.1771         10              2             45.003           1.3341          2.9876       57.929     21-Mar-2024 05:02:54
    57      10      5     150    0.05       10       0.994    -6.1768     -6.1768         10              2             43.797           1.2662          2.6798       41.899     21-Mar-2024 05:02:54
    57      11      5     150    0.05       10       0.996    -6.1772     -6.1771         10              2             45.003           1.3341          2.5399        56.68     21-Mar-2024 05:02:54
    57      12      5     150    0.05       10       0.994    -6.1768     -6.1768         10              2             43.797           1.2662           3.033       42.281     21-Mar-2024 05:02:54
    57      13      5     150    0.05       10       0.996    -6.1772     -6.1771         10              2             45.003           1.3341          2.8785       54.179     21-Mar-2024 05:02:54
    57      14      5     150    0.05       10       0.994    -6.1768     -6.1768         10              2             43.797           1.2662          2.4406       42.841     21-Mar-2024 05:02:54
    57      15      5     150    0.05       10       0.996    -6.1772     -6.1771         10              2             45.003           1.3341          2.4567       58.616     21-Mar-2024 05:02:54
    57      16      5     150    0.05       10       0.994    -6.1768     -6.1768         10              2             43.797           1.2662          2.5317       42.508     21-Mar-2024 05:02:54
    57      17      5     150    0.05       10       0.996    -6.1772     -6.1771         10              2             45.003           1.3341          2.8264       50.027     21-Mar-2024 05:02:54
    57      18      5     150    0.05       10       0.994    -6.1768     -6.1768         10              2             43.797           1.2662          2.5709       39.586     21-Mar-2024 05:02:54
    57      19      5     150    0.05       10       0.996    -6.1772     -6.1771         10              2             45.003           1.3341          3.4304       58.309     21-Mar-2024 05:02:54
    57      20      5     150    0.05       10       0.994    -6.1768     -6.1768         10              2             43.797           1.2662          2.8561       42.803     21-Mar-2024 05:02:54
    57      21      5     150    0.05       10       0.996    -6.1772     -6.1771         10              2             45.003           1.3341          2.5981       57.291     21-Mar-2024 05:02:54
    57      22      5     150    0.05       10       0.994    -6.1768     -6.1768         10              2             43.797           1.2662          2.6639       45.201     21-Mar-2024 05:02:54
    57      23      5     150    0.05       10       0.996    -6.1772     -6.1771         10              2             45.003           1.3341          2.7419       48.808     21-Mar-2024 05:02:54
    57      24      5     150    0.05       10       0.994    -6.1768     -6.1768         10              2             43.797           1.2662          2.6719       38.185     21-Mar-2024 05:02:54
    57      25      5     150    0.05       10       0.996    -6.1772     -6.1771         10              2             45.003           1.3341          2.7271       55.298     21-Mar-2024 05:02:54
    57      26      5     150    0.05       10       0.994    -6.1768     -6.1768         10              2             43.797           1.2662          2.7777       42.837     21-Mar-2024 05:02:54
    57      27      5     150    0.05       10       0.996    -6.1772     -6.1771         10              2             45.003           1.3341          2.4956       57.257     21-Mar-2024 05:02:54
    57      28      5     150    0.05       10       0.994    -6.1768     -6.1768         10              2             43.797           1.2662          2.7406       44.097     21-Mar-2024 05:02:54
    57      29      5     150    0.05       10       0.996    -6.1772     -6.1771         10              2             45.003           1.3341            2.62       55.161     21-Mar-2024 05:02:54
    57      30      5     150    0.05       10       0.994    -6.1768     -6.1768         10              2             43.797           1.2662            2.68       45.287     21-Mar-2024 05:02:54


rep =

    58

replication: (58)th 

thres=0.249556
1 th thresholding

  breakyes=3.1,  primfeasorg deteriorated too much: primfeasorg=6.53e-06,dualfeasorg=1.83e-06
12 entries survived 

2 th thresholding

  breakyes=1.4,  maxresidual < 1.00e-06
12 entries survived 

3 th thresholding

  breakyes=1.4,  maxresidual < 1.00e-06
12 entries survived 

4 th thresholding

  breakyes=1.4,  maxresidual < 1.00e-06
12 entries survived 

5 th thresholding

  breakyes=1.4,  maxresidual < 1.00e-06
12 entries survived 

6 th thresholding

  breakyes=1.4,  maxresidual < 1.00e-06
12 entries survived 

7 th thresholding

  breakyes=1.4,  maxresidual < 1.00e-06
12 entries survived 

8 th thresholding

  breakyes=1.4,  maxresidual < 1.00e-06
12 entries survived 

9 th thresholding

  breakyes=1.4,  maxresidual < 1.00e-06
12 entries survived 

10 th thresholding

  breakyes=1.4,  maxresidual < 1.00e-06
12 entries survived 

11 th thresholding

  breakyes=1.4,  maxresidual < 1.00e-06
12 entries survived 

12 th thresholding

  breakyes=1.4,  maxresidual < 1.00e-06
12 entries survived 

13 th thresholding

  breakyes=1.4,  maxresidual < 1.00e-06
12 entries survived 

14 th thresholding

  breakyes=1.4,  maxresidual < 1.00e-06
12 entries survived 

15 th thresholding

  breakyes=1.4,  maxresidual < 1.00e-06
12 entries survived 

16 th thresholding

  breakyes=1.4,  maxresidual < 1.00e-06
12 entries survived 

17 th thresholding

  breakyes=1.4,  maxresidual < 1.00e-06
12 entries survived 

18 th thresholding

  breakyes=1.4,  maxresidual < 1.00e-06
12 entries survived 

19 th thresholding

  breakyes=1.4,  maxresidual < 1.00e-06
12 entries survived 

20 th thresholding

  breakyes=1.4,  maxresidual < 1.00e-06
12 entries survived 

21 th thresholding

  breakyes=1.4,  maxresidual < 1.00e-06
12 entries survived 

22 th thresholding

  breakyes=1.4,  maxresidual < 1.00e-06
12 entries survived 

23 th thresholding

  breakyes=1.4,  maxresidual < 1.00e-06
12 entries survived 

24 th thresholding

  breakyes=1.4,  maxresidual < 1.00e-06
12 entries survived 

25 th thresholding

  breakyes=1.4,  maxresidual < 1.00e-06
12 entries survived 

26 th thresholding

  breakyes=1.4,  maxresidual < 1.00e-06
12 entries survived 

27 th thresholding

  breakyes=1.4,  maxresidual < 1.00e-06
12 entries survived 

28 th thresholding

  breakyes=1.4,  maxresidual < 1.00e-06
12 entries survived 

29 th thresholding

  breakyes=1.4,  maxresidual < 1.00e-06
12 entries survived 

30 th thresholding

  breakyes=1.4,  maxresidual < 1.00e-06
12 entries survived 

acc_vec =

    0.9940
    0.9960
    0.9960
    0.9960
    0.9960
    0.9960
    0.9960
    0.9960
    0.9960
    0.9960
    0.9960
    0.9960
    0.9960
    0.9960
    0.9960
    0.9960
    0.9960
    0.9960
    0.9960
    0.9960
    0.9960
    0.9960
    0.9960
    0.9960
    0.9960
    0.9960
    0.9960
    0.9960
    0.9960
    0.9960
    0.9960

acc =0.994000  0.996000  0.996000  0.996000  0.996000  0.996000  0.996000  0.996000  0.996000  0.996000  0.996000  0.996000  0.996000  0.996000  0.996000  0.996000  0.996000  0.996000  0.996000  0.996000  0.996000  0.996000  0.996000  0.996000  0.996000  0.996000  0.996000  0.996000  0.996000  0.996000  0.996000 

discov_true_vec =

    10
    10
    10
    10
    10
    10
    10
    10
    10
    10
    10
    10
    10
    10
    10
    10
    10
    10
    10
    10
    10
    10
    10
    10
    10
    10
    10
    10
    10
    10


discov_false_vec =

     2
     2
     2
     2
     2
     2
     2
     2
     2
     2
     2
     2
     2
     2
     2
     2
     2
     2
     2
     2
     2
     2
     2
     2
     2
     2
     2
     2
     2
     2


data =

  31x16 table

    rep    iter    sep    dim    rho     sparsity     acc     obj_prim    obj_dual    discov_true    discov_false    diff_x_tilde    diff_omega_diag    time_isee    time_SDP          jobdate       
    ___    ____    ___    ___    ____    ________    _____    ________    ________    ___________    ____________    ____________    _______________    _________    ________    ____________________

    58       0      5     150    0.05       10       0.994          0           0          0              0                  0                0               0            0     21-Mar-2024 05:24:07
    58       1      5     150    0.05       10       0.996     -6.587     -6.5866         10              2             42.671           1.2163          2.9897       42.386     21-Mar-2024 05:24:07
    58       2      5     150    0.05       10       0.996    -6.3497     -6.3497         10              2             41.811           1.1629          2.5853       40.575     21-Mar-2024 05:24:07
    58       3      5     150    0.05       10       0.996    -6.3497     -6.3497         10              2             41.811           1.1629          2.6961       41.213     21-Mar-2024 05:24:07
    58       4      5     150    0.05       10       0.996    -6.3497     -6.3497         10              2             41.811           1.1629          2.6231       43.005     21-Mar-2024 05:24:07
    58       5      5     150    0.05       10       0.996    -6.3497     -6.3497         10              2             41.811           1.1629           2.578       41.459     21-Mar-2024 05:24:07
    58       6      5     150    0.05       10       0.996    -6.3497     -6.3497         10              2             41.811           1.1629          2.9293        41.06     21-Mar-2024 05:24:07
    58       7      5     150    0.05       10       0.996    -6.3497     -6.3497         10              2             41.811           1.1629          2.7082       43.482     21-Mar-2024 05:24:07
    58       8      5     150    0.05       10       0.996    -6.3497     -6.3497         10              2             41.811           1.1629          2.6173       41.226     21-Mar-2024 05:24:07
    58       9      5     150    0.05       10       0.996    -6.3497     -6.3497         10              2             41.811           1.1629          2.6162       40.303     21-Mar-2024 05:24:07
    58      10      5     150    0.05       10       0.996    -6.3497     -6.3497         10              2             41.811           1.1629          2.6038       42.148     21-Mar-2024 05:24:07
    58      11      5     150    0.05       10       0.996    -6.3497     -6.3497         10              2             41.811           1.1629          3.0697       41.155     21-Mar-2024 05:24:07
    58      12      5     150    0.05       10       0.996    -6.3497     -6.3497         10              2             41.811           1.1629          3.2516       40.232     21-Mar-2024 05:24:07
    58      13      5     150    0.05       10       0.996    -6.3497     -6.3497         10              2             41.811           1.1629          2.6464       40.861     21-Mar-2024 05:24:07
    58      14      5     150    0.05       10       0.996    -6.3497     -6.3497         10              2             41.811           1.1629          2.6269       40.064     21-Mar-2024 05:24:07
    58      15      5     150    0.05       10       0.996    -6.3497     -6.3497         10              2             41.811           1.1629          2.5264        41.82     21-Mar-2024 05:24:07
    58      16      5     150    0.05       10       0.996    -6.3497     -6.3497         10              2             41.811           1.1629          2.5871        43.08     21-Mar-2024 05:24:07
    58      17      5     150    0.05       10       0.996    -6.3497     -6.3497         10              2             41.811           1.1629          2.7399       40.885     21-Mar-2024 05:24:07
    58      18      5     150    0.05       10       0.996    -6.3497     -6.3497         10              2             41.811           1.1629          2.7659       40.417     21-Mar-2024 05:24:07
    58      19      5     150    0.05       10       0.996    -6.3497     -6.3497         10              2             41.811           1.1629          2.6178       42.212     21-Mar-2024 05:24:07
    58      20      5     150    0.05       10       0.996    -6.3497     -6.3497         10              2             41.811           1.1629          2.8104        38.65     21-Mar-2024 05:24:07
    58      21      5     150    0.05       10       0.996    -6.3497     -6.3497         10              2             41.811           1.1629          3.0439       35.544     21-Mar-2024 05:24:07
    58      22      5     150    0.05       10       0.996    -6.3497     -6.3497         10              2             41.811           1.1629          2.7252       36.285     21-Mar-2024 05:24:07
    58      23      5     150    0.05       10       0.996    -6.3497     -6.3497         10              2             41.811           1.1629          2.4726       36.136     21-Mar-2024 05:24:07
    58      24      5     150    0.05       10       0.996    -6.3497     -6.3497         10              2             41.811           1.1629          2.7373       39.164     21-Mar-2024 05:24:07
    58      25      5     150    0.05       10       0.996    -6.3497     -6.3497         10              2             41.811           1.1629          2.6513       35.863     21-Mar-2024 05:24:07
    58      26      5     150    0.05       10       0.996    -6.3497     -6.3497         10              2             41.811           1.1629          2.9893       37.118     21-Mar-2024 05:24:07
    58      27      5     150    0.05       10       0.996    -6.3497     -6.3497         10              2             41.811           1.1629          2.4469       37.312     21-Mar-2024 05:24:07
    58      28      5     150    0.05       10       0.996    -6.3497     -6.3497         10              2             41.811           1.1629          2.5613           36     21-Mar-2024 05:24:07
    58      29      5     150    0.05       10       0.996    -6.3497     -6.3497         10              2             41.811           1.1629          3.2185       34.692     21-Mar-2024 05:24:07
    58      30      5     150    0.05       10       0.996    -6.3497     -6.3497         10              2             41.811           1.1629          2.7739        35.37     21-Mar-2024 05:24:07


rep =

    59

replication: (59)th 

thres=0.249556
1 th thresholding

  breakyes=1.4,  maxresidual < 1.00e-06
11 entries survived 

2 th thresholding

  breakyes=1.4,  maxresidual < 1.00e-06
11 entries survived 

3 th thresholding

  breakyes=1.4,  maxresidual < 1.00e-06
11 entries survived 

4 th thresholding

  breakyes=1.4,  maxresidual < 1.00e-06
11 entries survived 

5 th thresholding

  breakyes=1.4,  maxresidual < 1.00e-06
11 entries survived 

6 th thresholding

  breakyes=1.4,  maxresidual < 1.00e-06
11 entries survived 

7 th thresholding

  breakyes=1.4,  maxresidual < 1.00e-06
11 entries survived 

8 th thresholding

  breakyes=1.4,  maxresidual < 1.00e-06
11 entries survived 

9 th thresholding

  breakyes=1.4,  maxresidual < 1.00e-06
11 entries survived 

10 th thresholding

  breakyes=1.4,  maxresidual < 1.00e-06
11 entries survived 

11 th thresholding

  breakyes=1.4,  maxresidual < 1.00e-06
11 entries survived 

12 th thresholding

  breakyes=1.4,  maxresidual < 1.00e-06
11 entries survived 

13 th thresholding

  breakyes=1.4,  maxresidual < 1.00e-06
11 entries survived 

14 th thresholding

  breakyes=1.4,  maxresidual < 1.00e-06
11 entries survived 

15 th thresholding

  breakyes=1.4,  maxresidual < 1.00e-06
11 entries survived 

16 th thresholding

  breakyes=1.4,  maxresidual < 1.00e-06
11 entries survived 

17 th thresholding

  breakyes=1.4,  maxresidual < 1.00e-06
11 entries survived 

18 th thresholding

  breakyes=1.4,  maxresidual < 1.00e-06
11 entries survived 

19 th thresholding

  breakyes=1.4,  maxresidual < 1.00e-06
11 entries survived 

20 th thresholding

  breakyes=1.4,  maxresidual < 1.00e-06
11 entries survived 

21 th thresholding

  breakyes=1.4,  maxresidual < 1.00e-06
11 entries survived 

22 th thresholding

  breakyes=1.4,  maxresidual < 1.00e-06
11 entries survived 

23 th thresholding

  breakyes=1.4,  maxresidual < 1.00e-06
11 entries survived 

24 th thresholding

  breakyes=1.4,  maxresidual < 1.00e-06
11 entries survived 

25 th thresholding

  breakyes=1.4,  maxresidual < 1.00e-06
11 entries survived 

26 th thresholding

  breakyes=1.4,  maxresidual < 1.00e-06
11 entries survived 

27 th thresholding

  breakyes=1.4,  maxresidual < 1.00e-06
11 entries survived 

28 th thresholding

  breakyes=1.4,  maxresidual < 1.00e-06
11 entries survived 

29 th thresholding

  breakyes=1.4,  maxresidual < 1.00e-06
11 entries survived 

30 th thresholding

  breakyes=1.4,  maxresidual < 1.00e-06
11 entries survived 

acc_vec =

    0.9960
    0.9960
    0.9960
    0.9960
    0.9960
    0.9960
    0.9960
    0.9960
    0.9960
    0.9960
    0.9960
    0.9960
    0.9960
    0.9960
    0.9960
    0.9960
    0.9960
    0.9960
    0.9960
    0.9960
    0.9960
    0.9960
    0.9960
    0.9960
    0.9960
    0.9960
    0.9960
    0.9960
    0.9960
    0.9960
    0.9960

acc =0.996000  0.996000  0.996000  0.996000  0.996000  0.996000  0.996000  0.996000  0.996000  0.996000  0.996000  0.996000  0.996000  0.996000  0.996000  0.996000  0.996000  0.996000  0.996000  0.996000  0.996000  0.996000  0.996000  0.996000  0.996000  0.996000  0.996000  0.996000  0.996000  0.996000  0.996000 

discov_true_vec =

    10
    10
    10
    10
    10
    10
    10
    10
    10
    10
    10
    10
    10
    10
    10
    10
    10
    10
    10
    10
    10
    10
    10
    10
    10
    10
    10
    10
    10
    10


discov_false_vec =

     1
     1
     1
     1
     1
     1
     1
     1
     1
     1
     1
     1
     1
     1
     1
     1
     1
     1
     1
     1
     1
     1
     1
     1
     1
     1
     1
     1
     1
     1


data =

  31x16 table

    rep    iter    sep    dim    rho     sparsity     acc     obj_prim    obj_dual    discov_true    discov_false    diff_x_tilde    diff_omega_diag    time_isee    time_SDP          jobdate       
    ___    ____    ___    ___    ____    ________    _____    ________    ________    ___________    ____________    ____________    _______________    _________    ________    ____________________

    59       0      5     150    0.05       10       0.996          0           0          0              0                  0                0               0            0     21-Mar-2024 05:54:44
    59       1      5     150    0.05       10       0.996    -5.6872     -5.6873         10              1             39.211           1.1933          2.8249       55.727     21-Mar-2024 05:54:44
    59       2      5     150    0.05       10       0.996    -5.6872     -5.6873         10              1             39.211           1.1933          2.7918       57.942     21-Mar-2024 05:54:44
    59       3      5     150    0.05       10       0.996    -5.6872     -5.6873         10              1             39.211           1.1933          2.6579       60.401     21-Mar-2024 05:54:44
    59       4      5     150    0.05       10       0.996    -5.6872     -5.6873         10              1             39.211           1.1933          2.8308       60.263     21-Mar-2024 05:54:44
    59       5      5     150    0.05       10       0.996    -5.6872     -5.6873         10              1             39.211           1.1933          2.5333       59.504     21-Mar-2024 05:54:44
    59       6      5     150    0.05       10       0.996    -5.6872     -5.6873         10              1             39.211           1.1933          2.6454       57.646     21-Mar-2024 05:54:44
    59       7      5     150    0.05       10       0.996    -5.6872     -5.6873         10              1             39.211           1.1933          2.5219         57.8     21-Mar-2024 05:54:44
    59       8      5     150    0.05       10       0.996    -5.6872     -5.6873         10              1             39.211           1.1933          2.4969       56.655     21-Mar-2024 05:54:44
    59       9      5     150    0.05       10       0.996    -5.6872     -5.6873         10              1             39.211           1.1933          2.5093        61.59     21-Mar-2024 05:54:44
    59      10      5     150    0.05       10       0.996    -5.6872     -5.6873         10              1             39.211           1.1933          2.5338       58.237     21-Mar-2024 05:54:44
    59      11      5     150    0.05       10       0.996    -5.6872     -5.6873         10              1             39.211           1.1933          2.6658       60.646     21-Mar-2024 05:54:44
    59      12      5     150    0.05       10       0.996    -5.6872     -5.6873         10              1             39.211           1.1933          2.7868       59.103     21-Mar-2024 05:54:44
    59      13      5     150    0.05       10       0.996    -5.6872     -5.6873         10              1             39.211           1.1933          2.6041       59.699     21-Mar-2024 05:54:44
    59      14      5     150    0.05       10       0.996    -5.6872     -5.6873         10              1             39.211           1.1933          2.7415       53.569     21-Mar-2024 05:54:44
    59      15      5     150    0.05       10       0.996    -5.6872     -5.6873         10              1             39.211           1.1933          2.6796       56.762     21-Mar-2024 05:54:44
    59      16      5     150    0.05       10       0.996    -5.6872     -5.6873         10              1             39.211           1.1933          2.7758       61.253     21-Mar-2024 05:54:44
    59      17      5     150    0.05       10       0.996    -5.6872     -5.6873         10              1             39.211           1.1933          2.9551        59.88     21-Mar-2024 05:54:44
    59      18      5     150    0.05       10       0.996    -5.6872     -5.6873         10              1             39.211           1.1933          2.8872       62.499     21-Mar-2024 05:54:44
    59      19      5     150    0.05       10       0.996    -5.6872     -5.6873         10              1             39.211           1.1933          3.0565       59.382     21-Mar-2024 05:54:44
    59      20      5     150    0.05       10       0.996    -5.6872     -5.6873         10              1             39.211           1.1933          2.7386       57.069     21-Mar-2024 05:54:44
    59      21      5     150    0.05       10       0.996    -5.6872     -5.6873         10              1             39.211           1.1933          2.8089       58.472     21-Mar-2024 05:54:44
    59      22      5     150    0.05       10       0.996    -5.6872     -5.6873         10              1             39.211           1.1933          2.8089       59.654     21-Mar-2024 05:54:44
    59      23      5     150    0.05       10       0.996    -5.6872     -5.6873         10              1             39.211           1.1933           2.601        56.93     21-Mar-2024 05:54:44
    59      24      5     150    0.05       10       0.996    -5.6872     -5.6873         10              1             39.211           1.1933          2.5844       62.013     21-Mar-2024 05:54:44
    59      25      5     150    0.05       10       0.996    -5.6872     -5.6873         10              1             39.211           1.1933          2.7543       58.756     21-Mar-2024 05:54:44
    59      26      5     150    0.05       10       0.996    -5.6872     -5.6873         10              1             39.211           1.1933          2.7594       59.102     21-Mar-2024 05:54:44
    59      27      5     150    0.05       10       0.996    -5.6872     -5.6873         10              1             39.211           1.1933           2.607       51.936     21-Mar-2024 05:54:44
    59      28      5     150    0.05       10       0.996    -5.6872     -5.6873         10              1             39.211           1.1933          2.8395       53.417     21-Mar-2024 05:54:44
    59      29      5     150    0.05       10       0.996    -5.6872     -5.6873         10              1             39.211           1.1933           2.929       60.862     21-Mar-2024 05:54:44
    59      30      5     150    0.05       10       0.996    -5.6872     -5.6873         10              1             39.211           1.1933          2.8108       58.633     21-Mar-2024 05:54:44


rep =

    60

replication: (60)th 

thres=0.249556
1 th thresholding

  breakyes=1.4,  maxresidual < 1.00e-06
12 entries survived 

2 th thresholding

  breakyes=1.4,  maxresidual < 1.00e-06
12 entries survived 

3 th thresholding

  breakyes=1.4,  maxresidual < 1.00e-06
12 entries survived 

4 th thresholding

  breakyes=1.4,  maxresidual < 1.00e-06
12 entries survived 

5 th thresholding

  breakyes=1.4,  maxresidual < 1.00e-06
12 entries survived 

6 th thresholding

  breakyes=1.4,  maxresidual < 1.00e-06
12 entries survived 

7 th thresholding

  breakyes=1.4,  maxresidual < 1.00e-06
12 entries survived 

8 th thresholding

  breakyes=1.4,  maxresidual < 1.00e-06
12 entries survived 

9 th thresholding

  breakyes=1.4,  maxresidual < 1.00e-06
12 entries survived 

10 th thresholding

  breakyes=1.4,  maxresidual < 1.00e-06
12 entries survived 

11 th thresholding

  breakyes=1.4,  maxresidual < 1.00e-06
12 entries survived 

12 th thresholding

  breakyes=1.4,  maxresidual < 1.00e-06
12 entries survived 

13 th thresholding

  breakyes=1.4,  maxresidual < 1.00e-06
12 entries survived 

14 th thresholding

  breakyes=1.4,  maxresidual < 1.00e-06
12 entries survived 

15 th thresholding

  breakyes=1.4,  maxresidual < 1.00e-06
12 entries survived 

16 th thresholding

  breakyes=1.4,  maxresidual < 1.00e-06
12 entries survived 

17 th thresholding

  breakyes=1.4,  maxresidual < 1.00e-06
12 entries survived 

18 th thresholding

  breakyes=1.4,  maxresidual < 1.00e-06
12 entries survived 

19 th thresholding

  breakyes=1.4,  maxresidual < 1.00e-06
12 entries survived 

20 th thresholding

  breakyes=1.4,  maxresidual < 1.00e-06
12 entries survived 

21 th thresholding

  breakyes=1.4,  maxresidual < 1.00e-06
12 entries survived 

22 th thresholding

  breakyes=1.4,  maxresidual < 1.00e-06
12 entries survived 

23 th thresholding

  breakyes=1.4,  maxresidual < 1.00e-06
12 entries survived 

24 th thresholding

  breakyes=1.4,  maxresidual < 1.00e-06
12 entries survived 

25 th thresholding

  breakyes=1.4,  maxresidual < 1.00e-06
12 entries survived 

26 th thresholding

  breakyes=1.4,  maxresidual < 1.00e-06
12 entries survived 

27 th thresholding

  breakyes=1.4,  maxresidual < 1.00e-06
12 entries survived 

28 th thresholding

  breakyes=1.4,  maxresidual < 1.00e-06
12 entries survived 

29 th thresholding

  breakyes=1.4,  maxresidual < 1.00e-06
12 entries survived 

30 th thresholding

  breakyes=1.4,  maxresidual < 1.00e-06
12 entries survived 

acc_vec =

    0.9920
    0.9920
    0.9920
    0.9920
    0.9920
    0.9920
    0.9920
    0.9920
    0.9920
    0.9920
    0.9920
    0.9920
    0.9920
    0.9920
    0.9920
    0.9920
    0.9920
    0.9920
    0.9920
    0.9920
    0.9920
    0.9920
    0.9920
    0.9920
    0.9920
    0.9920
    0.9920
    0.9920
    0.9920
    0.9920
    0.9920

acc =0.992000  0.992000  0.992000  0.992000  0.992000  0.992000  0.992000  0.992000  0.992000  0.992000  0.992000  0.992000  0.992000  0.992000  0.992000  0.992000  0.992000  0.992000  0.992000  0.992000  0.992000  0.992000  0.992000  0.992000  0.992000  0.992000  0.992000  0.992000  0.992000  0.992000  0.992000 

discov_true_vec =

    10
    10
    10
    10
    10
    10
    10
    10
    10
    10
    10
    10
    10
    10
    10
    10
    10
    10
    10
    10
    10
    10
    10
    10
    10
    10
    10
    10
    10
    10


discov_false_vec =

     2
     2
     2
     2
     2
     2
     2
     2
     2
     2
     2
     2
     2
     2
     2
     2
     2
     2
     2
     2
     2
     2
     2
     2
     2
     2
     2
     2
     2
     2


data =

  31x16 table

    rep    iter    sep    dim    rho     sparsity     acc     obj_prim    obj_dual    discov_true    discov_false    diff_x_tilde    diff_omega_diag    time_isee    time_SDP          jobdate       
    ___    ____    ___    ___    ____    ________    _____    ________    ________    ___________    ____________    ____________    _______________    _________    ________    ____________________

    60       0      5     150    0.05       10       0.992          0           0          0              0                  0                0               0            0     21-Mar-2024 06:13:51
    60       1      5     150    0.05       10       0.992    -6.0768     -6.0768         10              2             41.085           1.1958          2.8817       36.643     21-Mar-2024 06:13:51
    60       2      5     150    0.05       10       0.992    -6.0768     -6.0768         10              2             41.085           1.1958          2.8616       34.899     21-Mar-2024 06:13:51
    60       3      5     150    0.05       10       0.992    -6.0768     -6.0768         10              2             41.085           1.1958            2.75       37.658     21-Mar-2024 06:13:51
    60       4      5     150    0.05       10       0.992    -6.0768     -6.0768         10              2             41.085           1.1958          2.8381       37.506     21-Mar-2024 06:13:51
    60       5      5     150    0.05       10       0.992    -6.0768     -6.0768         10              2             41.085           1.1958          2.6531       36.554     21-Mar-2024 06:13:51
    60       6      5     150    0.05       10       0.992    -6.0768     -6.0768         10              2             41.085           1.1958          2.8104       37.817     21-Mar-2024 06:13:51
    60       7      5     150    0.05       10       0.992    -6.0768     -6.0768         10              2             41.085           1.1958          2.5777       37.421     21-Mar-2024 06:13:51
    60       8      5     150    0.05       10       0.992    -6.0768     -6.0768         10              2             41.085           1.1958           2.552       30.773     21-Mar-2024 06:13:51
    60       9      5     150    0.05       10       0.992    -6.0768     -6.0768         10              2             41.085           1.1958           2.764       31.111     21-Mar-2024 06:13:51
    60      10      5     150    0.05       10       0.992    -6.0768     -6.0768         10              2             41.085           1.1958          2.9165       36.402     21-Mar-2024 06:13:51
    60      11      5     150    0.05       10       0.992    -6.0768     -6.0768         10              2             41.085           1.1958          2.8614       35.932     21-Mar-2024 06:13:51
    60      12      5     150    0.05       10       0.992    -6.0768     -6.0768         10              2             41.085           1.1958          2.8782       37.719     21-Mar-2024 06:13:51
    60      13      5     150    0.05       10       0.992    -6.0768     -6.0768         10              2             41.085           1.1958          2.7851       37.077     21-Mar-2024 06:13:51
    60      14      5     150    0.05       10       0.992    -6.0768     -6.0768         10              2             41.085           1.1958          2.7198       36.426     21-Mar-2024 06:13:51
    60      15      5     150    0.05       10       0.992    -6.0768     -6.0768         10              2             41.085           1.1958          2.5758        36.67     21-Mar-2024 06:13:51
    60      16      5     150    0.05       10       0.992    -6.0768     -6.0768         10              2             41.085           1.1958          2.6725       36.996     21-Mar-2024 06:13:51
    60      17      5     150    0.05       10       0.992    -6.0768     -6.0768         10              2             41.085           1.1958          3.2249       39.528     21-Mar-2024 06:13:51
    60      18      5     150    0.05       10       0.992    -6.0768     -6.0768         10              2             41.085           1.1958           2.728       36.233     21-Mar-2024 06:13:51
    60      19      5     150    0.05       10       0.992    -6.0768     -6.0768         10              2             41.085           1.1958          2.5452       35.786     21-Mar-2024 06:13:51
    60      20      5     150    0.05       10       0.992    -6.0768     -6.0768         10              2             41.085           1.1958          2.5932       33.679     21-Mar-2024 06:13:51
    60      21      5     150    0.05       10       0.992    -6.0768     -6.0768         10              2             41.085           1.1958          2.4641       30.654     21-Mar-2024 06:13:51
    60      22      5     150    0.05       10       0.992    -6.0768     -6.0768         10              2             41.085           1.1958          2.6552        30.55     21-Mar-2024 06:13:51
    60      23      5     150    0.05       10       0.992    -6.0768     -6.0768         10              2             41.085           1.1958          2.8269       31.325     21-Mar-2024 06:13:51
    60      24      5     150    0.05       10       0.992    -6.0768     -6.0768         10              2             41.085           1.1958          2.5058       35.929     21-Mar-2024 06:13:51
    60      25      5     150    0.05       10       0.992    -6.0768     -6.0768         10              2             41.085           1.1958          2.8571       36.789     21-Mar-2024 06:13:51
    60      26      5     150    0.05       10       0.992    -6.0768     -6.0768         10              2             41.085           1.1958          2.5855       36.265     21-Mar-2024 06:13:51
    60      27      5     150    0.05       10       0.992    -6.0768     -6.0768         10              2             41.085           1.1958          2.4987       36.451     21-Mar-2024 06:13:51
    60      28      5     150    0.05       10       0.992    -6.0768     -6.0768         10              2             41.085           1.1958          2.4855       33.327     21-Mar-2024 06:13:51
    60      29      5     150    0.05       10       0.992    -6.0768     -6.0768         10              2             41.085           1.1958          2.4545        36.59     21-Mar-2024 06:13:51
    60      30      5     150    0.05       10       0.992    -6.0768     -6.0768         10              2             41.085           1.1958           2.457       34.546     21-Mar-2024 06:13:51

