==========================================
SLURM_JOB_ID = 20378616
SLURM_JOB_NODELIST = b22-08
TMPDIR = /tmp/SLURM_20378616
==========================================
hello
Starting parallel pool (parpool) ...
Connected to the parallel pool (number of workers: 15).

pool = 

 ProcessPool with properties: 

            Connected: true
           NumWorkers: 15
                 Busy: false
              Cluster: Local
        AttachedFiles: {}
    AutoAddClientPath: true
            FileStore: [1x1 parallel.FileStore]
           ValueStore: [1x1 parallel.ValueStore]
          IdleTimeout: 30 minutes (30 minutes remaining)
          SpmdEnabled: true


p =

   150


Delta =

     3


s =

    10


n =

   500


ii =

    16


table_name =

    'sparse_kmeans_isee_denoise'


conn = 

  sqlite with properties:

      Database: '/home1/jongminm/sparse_kmeans/sparse_kmeans.db'
    IsReadOnly: 0
    AutoCommit: 'on'


rho =

    0.0500


M =

    0.4951

delta confirmed: 3.000000
ans =

    2.8754


rep =

    61

replication: (61)th 

thres=0.249556
1 th thresholding

  breakyes=1.4,  maxresidual < 1.00e-06
19 entries survived 

2 th thresholding

  breakyes=3.2,  dualfeasorg deteriorated too much: primfeasorg=1.53e-06,dualfeasorg=5.33e-05
11 entries survived 

3 th thresholding

  breakyes=3.2,  dualfeasorg deteriorated too much: primfeasorg=1.21e-06,dualfeasorg=4.68e-05
11 entries survived 

4 th thresholding

  breakyes=4.1,  primfeasorg stagnate, 0.00e+00
11 entries survived 

5 th thresholding

  breakyes=3.2,  dualfeasorg deteriorated too much: primfeasorg=8.78e-07,dualfeasorg=4.53e-05
11 entries survived 

6 th thresholding

  breakyes=4.1,  primfeasorg stagnate, 0.00e+00
11 entries survived 

7 th thresholding

  breakyes=3.2,  dualfeasorg deteriorated too much: primfeasorg=8.78e-07,dualfeasorg=4.53e-05
11 entries survived 

8 th thresholding

  breakyes=4.1,  primfeasorg stagnate, 0.00e+00
11 entries survived 

9 th thresholding

  breakyes=3.2,  dualfeasorg deteriorated too much: primfeasorg=8.78e-07,dualfeasorg=4.53e-05
11 entries survived 

10 th thresholding

  breakyes=4.1,  primfeasorg stagnate, 0.00e+00
11 entries survived 

11 th thresholding

  breakyes=3.2,  dualfeasorg deteriorated too much: primfeasorg=8.78e-07,dualfeasorg=4.53e-05
11 entries survived 

12 th thresholding

  breakyes=4.1,  primfeasorg stagnate, 0.00e+00
11 entries survived 

13 th thresholding

  breakyes=3.2,  dualfeasorg deteriorated too much: primfeasorg=8.78e-07,dualfeasorg=4.53e-05
11 entries survived 

14 th thresholding

  breakyes=4.1,  primfeasorg stagnate, 0.00e+00
11 entries survived 

15 th thresholding

  breakyes=3.2,  dualfeasorg deteriorated too much: primfeasorg=8.78e-07,dualfeasorg=4.53e-05
11 entries survived 

16 th thresholding

  breakyes=4.1,  primfeasorg stagnate, 0.00e+00
11 entries survived 

17 th thresholding

  breakyes=3.2,  dualfeasorg deteriorated too much: primfeasorg=8.78e-07,dualfeasorg=4.53e-05
11 entries survived 

18 th thresholding

  breakyes=4.1,  primfeasorg stagnate, 0.00e+00
11 entries survived 

19 th thresholding

  breakyes=3.2,  dualfeasorg deteriorated too much: primfeasorg=8.78e-07,dualfeasorg=4.53e-05
11 entries survived 

20 th thresholding

  breakyes=4.1,  primfeasorg stagnate, 0.00e+00
11 entries survived 

21 th thresholding

  breakyes=3.2,  dualfeasorg deteriorated too much: primfeasorg=8.78e-07,dualfeasorg=4.53e-05
11 entries survived 

22 th thresholding

  breakyes=4.1,  primfeasorg stagnate, 0.00e+00
11 entries survived 

23 th thresholding

  breakyes=3.2,  dualfeasorg deteriorated too much: primfeasorg=8.78e-07,dualfeasorg=4.53e-05
11 entries survived 

24 th thresholding

  breakyes=4.1,  primfeasorg stagnate, 0.00e+00
11 entries survived 

25 th thresholding

  breakyes=3.2,  dualfeasorg deteriorated too much: primfeasorg=8.78e-07,dualfeasorg=4.53e-05
11 entries survived 

26 th thresholding

  breakyes=4.1,  primfeasorg stagnate, 0.00e+00
11 entries survived 

27 th thresholding

  breakyes=3.2,  dualfeasorg deteriorated too much: primfeasorg=8.78e-07,dualfeasorg=4.53e-05
11 entries survived 

28 th thresholding

  breakyes=4.1,  primfeasorg stagnate, 0.00e+00
11 entries survived 

29 th thresholding

  breakyes=3.2,  dualfeasorg deteriorated too much: primfeasorg=8.78e-07,dualfeasorg=4.53e-05
11 entries survived 

30 th thresholding

  breakyes=4.1,  primfeasorg stagnate, 0.00e+00
11 entries survived 

acc_vec =

    0.8900
    0.9140
    0.9220
    0.9240
    0.9220
    0.9240
    0.9220
    0.9240
    0.9220
    0.9240
    0.9220
    0.9240
    0.9220
    0.9240
    0.9220
    0.9240
    0.9220
    0.9240
    0.9220
    0.9240
    0.9220
    0.9240
    0.9220
    0.9240
    0.9220
    0.9240
    0.9220
    0.9240
    0.9220
    0.9240
    0.9220

acc =0.890000  0.914000  0.922000  0.924000  0.922000  0.924000  0.922000  0.924000  0.922000  0.924000  0.922000  0.924000  0.922000  0.924000  0.922000  0.924000  0.922000  0.924000  0.922000  0.924000  0.922000  0.924000  0.922000  0.924000  0.922000  0.924000  0.922000  0.924000  0.922000  0.924000  0.922000 

discov_true_vec =

    10
    10
    10
    10
    10
    10
    10
    10
    10
    10
    10
    10
    10
    10
    10
    10
    10
    10
    10
    10
    10
    10
    10
    10
    10
    10
    10
    10
    10
    10


discov_false_vec =

     9
     1
     1
     1
     1
     1
     1
     1
     1
     1
     1
     1
     1
     1
     1
     1
     1
     1
     1
     1
     1
     1
     1
     1
     1
     1
     1
     1
     1
     1


data =

  31x16 table

    rep    iter    sep    dim    rho     sparsity     acc     obj_prim    obj_dual    discov_true    discov_false    diff_x_tilde    diff_omega_diag    time_isee    time_SDP          jobdate       
    ___    ____    ___    ___    ____    ________    _____    ________    ________    ___________    ____________    ____________    _______________    _________    ________    ____________________

    61       0      3     150    0.05       10        0.89          0           0          0              0                  0                0               0            0     21-Mar-2024 16:38:31
    61       1      3     150    0.05       10       0.914    -2.3518     -2.3518         10              9             40.275           1.2826          4.3171       75.539     21-Mar-2024 16:38:31
    61       2      3     150    0.05       10       0.922     -2.094      -2.094         10              1             39.113           1.1882           2.404       48.182     21-Mar-2024 16:38:31
    61       3      3     150    0.05       10       0.924    -2.0598     -2.0598         10              1             40.713           1.2327          2.2331       57.867     21-Mar-2024 16:38:31
    61       4      3     150    0.05       10       0.922    -2.0679     -2.0679         10              1              40.96           1.2519          2.5771       67.686     21-Mar-2024 16:38:31
    61       5      3     150    0.05       10       0.924    -2.0486     -2.0485         10              1             39.711           1.2378           2.228       70.728     21-Mar-2024 16:38:31
    61       6      3     150    0.05       10       0.922    -2.0679     -2.0679         10              1              40.96           1.2519          1.9263        67.62     21-Mar-2024 16:38:31
    61       7      3     150    0.05       10       0.924    -2.0486     -2.0485         10              1             39.711           1.2378           2.131       71.995     21-Mar-2024 16:38:31
    61       8      3     150    0.05       10       0.922    -2.0679     -2.0679         10              1              40.96           1.2519          2.1225       66.699     21-Mar-2024 16:38:31
    61       9      3     150    0.05       10       0.924    -2.0486     -2.0485         10              1             39.711           1.2378          2.0726       72.313     21-Mar-2024 16:38:31
    61      10      3     150    0.05       10       0.922    -2.0679     -2.0679         10              1              40.96           1.2519          2.1085       66.804     21-Mar-2024 16:38:31
    61      11      3     150    0.05       10       0.924    -2.0486     -2.0485         10              1             39.711           1.2378          2.0122       71.116     21-Mar-2024 16:38:31
    61      12      3     150    0.05       10       0.922    -2.0679     -2.0679         10              1              40.96           1.2519          2.0961       67.439     21-Mar-2024 16:38:31
    61      13      3     150    0.05       10       0.924    -2.0486     -2.0485         10              1             39.711           1.2378          1.8608        71.41     21-Mar-2024 16:38:31
    61      14      3     150    0.05       10       0.922    -2.0679     -2.0679         10              1              40.96           1.2519          1.8747        68.16     21-Mar-2024 16:38:31
    61      15      3     150    0.05       10       0.924    -2.0486     -2.0485         10              1             39.711           1.2378          1.9992       70.808     21-Mar-2024 16:38:31
    61      16      3     150    0.05       10       0.922    -2.0679     -2.0679         10              1              40.96           1.2519          1.9935       66.794     21-Mar-2024 16:38:31
    61      17      3     150    0.05       10       0.924    -2.0486     -2.0485         10              1             39.711           1.2378          2.1604       69.668     21-Mar-2024 16:38:31
    61      18      3     150    0.05       10       0.922    -2.0679     -2.0679         10              1              40.96           1.2519          1.8623       66.496     21-Mar-2024 16:38:31
    61      19      3     150    0.05       10       0.924    -2.0486     -2.0485         10              1             39.711           1.2378          2.0073       71.394     21-Mar-2024 16:38:31
    61      20      3     150    0.05       10       0.922    -2.0679     -2.0679         10              1              40.96           1.2519          1.8581       66.787     21-Mar-2024 16:38:31
    61      21      3     150    0.05       10       0.924    -2.0486     -2.0485         10              1             39.711           1.2378          2.0463       72.015     21-Mar-2024 16:38:31
    61      22      3     150    0.05       10       0.922    -2.0679     -2.0679         10              1              40.96           1.2519          2.1269       67.747     21-Mar-2024 16:38:31
    61      23      3     150    0.05       10       0.924    -2.0486     -2.0485         10              1             39.711           1.2378          2.2428       71.197     21-Mar-2024 16:38:31
    61      24      3     150    0.05       10       0.922    -2.0679     -2.0679         10              1              40.96           1.2519          1.8792       67.096     21-Mar-2024 16:38:31
    61      25      3     150    0.05       10       0.924    -2.0486     -2.0485         10              1             39.711           1.2378          2.0876       70.873     21-Mar-2024 16:38:31
    61      26      3     150    0.05       10       0.922    -2.0679     -2.0679         10              1              40.96           1.2519          1.9453       67.524     21-Mar-2024 16:38:31
    61      27      3     150    0.05       10       0.924    -2.0486     -2.0485         10              1             39.711           1.2378            1.85       72.216     21-Mar-2024 16:38:31
    61      28      3     150    0.05       10       0.922    -2.0679     -2.0679         10              1              40.96           1.2519          2.0799       67.064     21-Mar-2024 16:38:31
    61      29      3     150    0.05       10       0.924    -2.0486     -2.0485         10              1             39.711           1.2378          1.9178       69.836     21-Mar-2024 16:38:31
    61      30      3     150    0.05       10       0.922    -2.0679     -2.0679         10              1              40.96           1.2519          1.8456       66.131     21-Mar-2024 16:38:31


rep =

    62

replication: (62)th 

thres=0.249556
1 th thresholding

  breakyes=3.2,  dualfeasorg deteriorated too much: primfeasorg=1.16e-06,dualfeasorg=6.77e-05
15 entries survived 

2 th thresholding

  breakyes=3.2,  dualfeasorg deteriorated too much: primfeasorg=1.41e-06,dualfeasorg=6.12e-05
11 entries survived 

3 th thresholding

  breakyes=3.2,  dualfeasorg deteriorated too much: primfeasorg=8.91e-07,dualfeasorg=5.45e-05
10 entries survived 

4 th thresholding

  breakyes=3.2,  dualfeasorg deteriorated too much: primfeasorg=1.42e-06,dualfeasorg=5.82e-05
12 entries survived 

5 th thresholding

  breakyes=4.1,  primfeasorg stagnate, 0.00e+00
14 entries survived 

6 th thresholding

  breakyes=3.2,  dualfeasorg deteriorated too much: primfeasorg=1.72e-06,dualfeasorg=6.45e-05
12 entries survived 

7 th thresholding

  breakyes=4.1,  primfeasorg stagnate, 0.00e+00
14 entries survived 

8 th thresholding

  breakyes=4.1,  primfeasorg stagnate, 9.81e-05
12 entries survived 

9 th thresholding

  breakyes=4.1,  primfeasorg stagnate, 0.00e+00
13 entries survived 

10 th thresholding

  breakyes=4.1,  primfeasorg stagnate, 0.00e+00
13 entries survived 

11 th thresholding

  breakyes=4.1,  primfeasorg stagnate, 0.00e+00
14 entries survived 

12 th thresholding

  breakyes=4.1,  primfeasorg stagnate, 0.00e+00
12 entries survived 

13 th thresholding

  breakyes=4.1,  primfeasorg stagnate, 0.00e+00
12 entries survived 

14 th thresholding

  breakyes=4.1,  primfeasorg stagnate, 0.00e+00
12 entries survived 

15 th thresholding

  breakyes=4.2,  dualfeasorg stagnate, 3.01e-05
13 entries survived 

16 th thresholding

  breakyes=4.2,  dualfeasorg stagnate, 5.46e-05
12 entries survived 

17 th thresholding

  breakyes=4.1,  primfeasorg stagnate, 0.00e+00
12 entries survived 

18 th thresholding

  breakyes=4.1,  primfeasorg stagnate, 0.00e+00
12 entries survived 

19 th thresholding

  breakyes=3.2,  dualfeasorg deteriorated too much: primfeasorg=1.32e-06,dualfeasorg=5.40e-05
12 entries survived 

20 th thresholding

  breakyes=4.1,  primfeasorg stagnate, 0.00e+00
12 entries survived 

21 th thresholding

  breakyes=3.2,  dualfeasorg deteriorated too much: primfeasorg=1.19e-06,dualfeasorg=5.87e-05
12 entries survived 

22 th thresholding

  breakyes=3.2,  dualfeasorg deteriorated too much: primfeasorg=6.56e-07,dualfeasorg=4.43e-05
13 entries survived 

23 th thresholding

  breakyes=1.4,  maxresidual < 1.00e-06
13 entries survived 

24 th thresholding

  breakyes=4.2,  dualfeasorg stagnate, 3.80e-05
13 entries survived 

25 th thresholding

  breakyes=3.2,  dualfeasorg deteriorated too much: primfeasorg=1.13e-06,dualfeasorg=5.93e-05
12 entries survived 

26 th thresholding

  breakyes=3.2,  dualfeasorg deteriorated too much: primfeasorg=1.19e-06,dualfeasorg=4.00e-05
12 entries survived 

27 th thresholding

  breakyes=2.0,  primfeasorg*dualfeasorg < 1.00e-14
13 entries survived 

28 th thresholding

  breakyes=3.2,  dualfeasorg deteriorated too much: primfeasorg=1.08e-06,dualfeasorg=4.71e-05
13 entries survived 

29 th thresholding

  breakyes=4.2,  dualfeasorg stagnate, 6.36e-06
12 entries survived 

30 th thresholding

  breakyes=4.1,  primfeasorg stagnate, 0.00e+00
12 entries survived 

acc_vec =

    0.9000
    0.9280
    0.9300
    0.9220
    0.9300
    0.9240
    0.9260
    0.9220
    0.9280
    0.9180
    0.9260
    0.9220
    0.9240
    0.9300
    0.9260
    0.9280
    0.9300
    0.9280
    0.9320
    0.9300
    0.9280
    0.9220
    0.9220
    0.9180
    0.9260
    0.9200
    0.9220
    0.9280
    0.9140
    0.9300
    0.9220

acc =0.900000  0.928000  0.930000  0.922000  0.930000  0.924000  0.926000  0.922000  0.928000  0.918000  0.926000  0.922000  0.924000  0.930000  0.926000  0.928000  0.930000  0.928000  0.932000  0.930000  0.928000  0.922000  0.922000  0.918000  0.926000  0.920000  0.922000  0.928000  0.914000  0.930000  0.922000 

discov_true_vec =

    10
    10
    10
    10
    10
    10
    10
    10
    10
    10
    10
    10
    10
    10
    10
    10
    10
    10
    10
    10
    10
    10
    10
    10
    10
    10
    10
    10
    10
    10


discov_false_vec =

     5
     1
     0
     2
     4
     2
     4
     2
     3
     3
     4
     2
     2
     2
     3
     2
     2
     2
     2
     2
     2
     3
     3
     3
     2
     2
     3
     3
     2
     2


data =

  31x16 table

    rep    iter    sep    dim    rho     sparsity     acc     obj_prim    obj_dual    discov_true    discov_false    diff_x_tilde    diff_omega_diag    time_isee    time_SDP          jobdate       
    ___    ____    ___    ___    ____    ________    _____    ________    ________    ___________    ____________    ____________    _______________    _________    ________    ____________________

    62       0      3     150    0.05       10         0.9          0           0          0              0                  0                0               0            0     21-Mar-2024 17:13:21
    62       1      3     150    0.05       10       0.928    -2.4277     -2.4276         10              5             40.021           1.1858          2.2214       67.751     21-Mar-2024 17:13:21
    62       2      3     150    0.05       10        0.93    -2.2289     -2.2289         10              1             40.044           1.2305          2.0225        56.59     21-Mar-2024 17:13:21
    62       3      3     150    0.05       10       0.922    -2.2779     -2.2779         10              0             41.154           1.2825          1.7937       64.598     21-Mar-2024 17:13:21
    62       4      3     150    0.05       10        0.93    -2.2887     -2.2887         10              2             39.787           1.2162          1.9255       43.336     21-Mar-2024 17:13:21
    62       5      3     150    0.05       10       0.924    -2.2478     -2.2478         10              4             40.541             1.23          1.8109        71.74     21-Mar-2024 17:13:21
    62       6      3     150    0.05       10       0.926     -2.305      -2.305         10              2             39.896           1.1917          1.8145       48.145     21-Mar-2024 17:13:21
    62       7      3     150    0.05       10       0.922    -2.2764     -2.2764         10              4             40.488           1.2252          1.8451       89.581     21-Mar-2024 17:13:21
    62       8      3     150    0.05       10       0.928    -2.2859     -2.2858         10              2             39.623           1.1566          1.8684       124.77     21-Mar-2024 17:13:21
    62       9      3     150    0.05       10       0.918    -2.2227     -2.2226         10              3             39.584           1.2147          1.8182       65.344     21-Mar-2024 17:13:21
    62      10      3     150    0.05       10       0.926    -2.2815     -2.2815         10              3              40.85           1.2009           1.819       71.288     21-Mar-2024 17:13:21
    62      11      3     150    0.05       10       0.922    -2.2772     -2.2772         10              4             40.048           1.2004          1.8016       70.086     21-Mar-2024 17:13:21
    62      12      3     150    0.05       10       0.924    -2.3108     -2.3108         10              2              39.13           1.1897          1.8483        65.32     21-Mar-2024 17:13:21
    62      13      3     150    0.05       10        0.93    -2.2631      -2.263         10              2             40.188           1.2153          1.8944       63.405     21-Mar-2024 17:13:21
    62      14      3     150    0.05       10       0.926    -2.2684     -2.2684         10              2             40.363             1.26          1.8985       64.673     21-Mar-2024 17:13:21
    62      15      3     150    0.05       10       0.928    -2.2168     -2.2167         10              3             39.824           1.2081          1.8533       69.281     21-Mar-2024 17:13:21
    62      16      3     150    0.05       10        0.93    -2.2494     -2.2493         10              2             39.176           1.1867          1.9048       64.284     21-Mar-2024 17:13:21
    62      17      3     150    0.05       10       0.928    -2.2965     -2.2964         10              2             41.903           1.2779          2.0102       66.984     21-Mar-2024 17:13:21
    62      18      3     150    0.05       10       0.932    -2.4093     -2.4093         10              2             39.751           1.1933          1.8172       66.102     21-Mar-2024 17:13:21
    62      19      3     150    0.05       10        0.93    -2.3432     -2.3432         10              2             40.306           1.2131          2.1109       54.968     21-Mar-2024 17:13:21
    62      20      3     150    0.05       10       0.928     -2.297      -2.297         10              2             40.069           1.2035          1.9833       64.625     21-Mar-2024 17:13:21
    62      21      3     150    0.05       10       0.922     -2.341      -2.341         10              2             41.043           1.2625          2.5691       50.329     21-Mar-2024 17:13:21
    62      22      3     150    0.05       10       0.922    -2.2868     -2.2868         10              3             39.326           1.2136           1.788       87.152     21-Mar-2024 17:13:21
    62      23      3     150    0.05       10       0.918    -2.3008     -2.3008         10              3              40.97            1.236          1.8452       73.433     21-Mar-2024 17:13:21
    62      24      3     150    0.05       10       0.926    -2.3208     -2.3208         10              3             39.752           1.2236          1.8389       61.676     21-Mar-2024 17:13:21
    62      25      3     150    0.05       10        0.92    -2.2797     -2.2797         10              2             40.083           1.2192          1.9478       56.079     21-Mar-2024 17:13:21
    62      26      3     150    0.05       10       0.922    -2.2954     -2.2954         10              2             38.941           1.1837          1.8354       56.926     21-Mar-2024 17:13:21
    62      27      3     150    0.05       10       0.928    -2.2564     -2.2564         10              3             40.084           1.2028           1.843       99.408     21-Mar-2024 17:13:21
    62      28      3     150    0.05       10       0.914    -2.2393     -2.2393         10              3             40.369           1.2572          1.8037       63.295     21-Mar-2024 17:13:21
    62      29      3     150    0.05       10        0.93    -2.3935     -2.3935         10              2             40.209           1.2335          2.0252       66.828     21-Mar-2024 17:13:21
    62      30      3     150    0.05       10       0.922     -2.272     -2.2719         10              2             40.056           1.2367          1.9166       63.705     21-Mar-2024 17:13:21


rep =

    63

replication: (63)th 

thres=0.249556
1 th thresholding

  breakyes=3.2,  dualfeasorg deteriorated too much: primfeasorg=2.67e-06,dualfeasorg=6.29e-05
15 entries survived 

2 th thresholding

  breakyes=1.4,  maxresidual < 1.00e-06
13 entries survived 

3 th thresholding

  breakyes=1.4,  maxresidual < 1.00e-06
13 entries survived 

4 th thresholding

  breakyes=1.4,  maxresidual < 1.00e-06
11 entries survived 

5 th thresholding

  breakyes=1.4,  maxresidual < 1.00e-06
12 entries survived 

6 th thresholding

  breakyes=1.4,  maxresidual < 1.00e-06
13 entries survived 

7 th thresholding

  breakyes=1.3,  maxresidual < 1.00e-06
11 entries survived 

8 th thresholding

  breakyes=3.2,  dualfeasorg deteriorated too much: primfeasorg=1.69e-06,dualfeasorg=6.76e-05
11 entries survived 

9 th thresholding

  breakyes=3.2,  dualfeasorg deteriorated too much: primfeasorg=1.52e-06,dualfeasorg=6.25e-05
12 entries survived 

10 th thresholding

  breakyes=1.4,  maxresidual < 1.00e-06
12 entries survived 

11 th thresholding

  breakyes=3.2,  dualfeasorg deteriorated too much: primfeasorg=1.31e-06,dualfeasorg=4.42e-05
12 entries survived 

12 th thresholding

  breakyes=3.2,  dualfeasorg deteriorated too much: primfeasorg=7.11e-07,dualfeasorg=3.62e-05
12 entries survived 

13 th thresholding

  breakyes=3.2,  dualfeasorg deteriorated too much: primfeasorg=1.82e-06,dualfeasorg=7.51e-05
12 entries survived 

14 th thresholding

  breakyes=1.4,  maxresidual < 1.00e-06
12 entries survived 

15 th thresholding

  breakyes=3.2,  dualfeasorg deteriorated too much: primfeasorg=1.82e-06,dualfeasorg=7.51e-05
12 entries survived 

16 th thresholding

  breakyes=1.4,  maxresidual < 1.00e-06
12 entries survived 

17 th thresholding

  breakyes=3.2,  dualfeasorg deteriorated too much: primfeasorg=1.82e-06,dualfeasorg=7.51e-05
12 entries survived 

18 th thresholding

  breakyes=1.4,  maxresidual < 1.00e-06
12 entries survived 

19 th thresholding

  breakyes=3.2,  dualfeasorg deteriorated too much: primfeasorg=1.82e-06,dualfeasorg=7.51e-05
12 entries survived 

20 th thresholding

  breakyes=1.4,  maxresidual < 1.00e-06
12 entries survived 

21 th thresholding

  breakyes=3.2,  dualfeasorg deteriorated too much: primfeasorg=1.82e-06,dualfeasorg=7.51e-05
12 entries survived 

22 th thresholding

  breakyes=1.4,  maxresidual < 1.00e-06
12 entries survived 

23 th thresholding

  breakyes=3.2,  dualfeasorg deteriorated too much: primfeasorg=1.82e-06,dualfeasorg=7.51e-05
12 entries survived 

24 th thresholding

  breakyes=1.4,  maxresidual < 1.00e-06
12 entries survived 

25 th thresholding

  breakyes=3.2,  dualfeasorg deteriorated too much: primfeasorg=1.82e-06,dualfeasorg=7.51e-05
12 entries survived 

26 th thresholding

  breakyes=1.4,  maxresidual < 1.00e-06
12 entries survived 

27 th thresholding

  breakyes=3.2,  dualfeasorg deteriorated too much: primfeasorg=1.82e-06,dualfeasorg=7.51e-05
12 entries survived 

28 th thresholding

  breakyes=1.4,  maxresidual < 1.00e-06
12 entries survived 

29 th thresholding

  breakyes=3.2,  dualfeasorg deteriorated too much: primfeasorg=1.82e-06,dualfeasorg=7.51e-05
12 entries survived 

30 th thresholding

  breakyes=1.4,  maxresidual < 1.00e-06
12 entries survived 

acc_vec =

    0.9220
    0.9200
    0.9220
    0.9120
    0.9280
    0.9140
    0.9300
    0.9240
    0.9220
    0.9240
    0.9240
    0.9180
    0.9220
    0.9180
    0.9220
    0.9180
    0.9220
    0.9180
    0.9220
    0.9180
    0.9220
    0.9180
    0.9220
    0.9180
    0.9220
    0.9180
    0.9220
    0.9180
    0.9220
    0.9180
    0.9220

acc =0.922000  0.920000  0.922000  0.912000  0.928000  0.914000  0.930000  0.924000  0.922000  0.924000  0.924000  0.918000  0.922000  0.918000  0.922000  0.918000  0.922000  0.918000  0.922000  0.918000  0.922000  0.918000  0.922000  0.918000  0.922000  0.918000  0.922000  0.918000  0.922000  0.918000  0.922000 

discov_true_vec =

    10
    10
    10
    10
    10
    10
    10
    10
    10
    10
    10
    10
    10
    10
    10
    10
    10
    10
    10
    10
    10
    10
    10
    10
    10
    10
    10
    10
    10
    10


discov_false_vec =

     5
     3
     3
     1
     2
     3
     1
     1
     2
     2
     2
     2
     2
     2
     2
     2
     2
     2
     2
     2
     2
     2
     2
     2
     2
     2
     2
     2
     2
     2


data =

  31x16 table

    rep    iter    sep    dim    rho     sparsity     acc     obj_prim    obj_dual    discov_true    discov_false    diff_x_tilde    diff_omega_diag    time_isee    time_SDP          jobdate       
    ___    ____    ___    ___    ____    ________    _____    ________    ________    ___________    ____________    ____________    _______________    _________    ________    ____________________

    63       0      3     150    0.05       10       0.922          0           0          0              0                  0                0               0            0     21-Mar-2024 17:31:35
    63       1      3     150    0.05       10        0.92    -2.7713     -2.7713         10              5             39.458           1.1753          2.1558       41.334     21-Mar-2024 17:31:35
    63       2      3     150    0.05       10       0.922    -2.6547     -2.6547         10              3             40.133           1.1748          1.8154        26.14     21-Mar-2024 17:31:35
    63       3      3     150    0.05       10       0.912    -2.7031     -2.7031         10              3              40.42           1.2244          2.1424       46.437     21-Mar-2024 17:31:35
    63       4      3     150    0.05       10       0.928    -2.7128     -2.7128         10              1              39.03           1.1922          1.7796       28.301     21-Mar-2024 17:31:35
    63       5      3     150    0.05       10       0.914    -2.6764     -2.6764         10              2             38.091           1.1289          1.6935        26.31     21-Mar-2024 17:31:35
    63       6      3     150    0.05       10        0.93    -2.6015     -2.6015         10              3             40.003           1.2114          1.6748       63.645     21-Mar-2024 17:31:35
    63       7      3     150    0.05       10       0.924    -2.6466     -2.6466         10              1             38.402           1.1489          1.8001       51.915     21-Mar-2024 17:31:35
    63       8      3     150    0.05       10       0.922    -2.6454     -2.6454         10              1              38.07           1.1487          1.8422       24.734     21-Mar-2024 17:31:35
    63       9      3     150    0.05       10       0.924    -2.6258     -2.6258         10              2             38.385           1.1461          1.7886       25.178     21-Mar-2024 17:31:35
    63      10      3     150    0.05       10       0.924    -2.7043     -2.7043         10              2             40.313           1.2497          1.6514       47.608     21-Mar-2024 17:31:35
    63      11      3     150    0.05       10       0.918    -2.7569     -2.7569         10              2             39.517            1.206          1.8117       26.797     21-Mar-2024 17:31:35
    63      12      3     150    0.05       10       0.922    -2.6164     -2.6164         10              2             40.164           1.2012          1.7862       50.449     21-Mar-2024 17:31:35
    63      13      3     150    0.05       10       0.918    -2.6257     -2.6257         10              2             39.858           1.2101          1.7886       24.376     21-Mar-2024 17:31:35
    63      14      3     150    0.05       10       0.922    -2.6797     -2.6797         10              2             40.062           1.2296          1.8408         40.6     21-Mar-2024 17:31:35
    63      15      3     150    0.05       10       0.918    -2.6257     -2.6257         10              2             39.858           1.2101          1.7878       25.022     21-Mar-2024 17:31:35
    63      16      3     150    0.05       10       0.922    -2.6797     -2.6797         10              2             40.062           1.2296           1.922        40.05     21-Mar-2024 17:31:35
    63      17      3     150    0.05       10       0.918    -2.6257     -2.6257         10              2             39.858           1.2101          2.0752       25.165     21-Mar-2024 17:31:35
    63      18      3     150    0.05       10       0.922    -2.6797     -2.6797         10              2             40.062           1.2296          1.8068       39.902     21-Mar-2024 17:31:35
    63      19      3     150    0.05       10       0.918    -2.6257     -2.6257         10              2             39.858           1.2101          1.8155        24.59     21-Mar-2024 17:31:35
    63      20      3     150    0.05       10       0.922    -2.6797     -2.6797         10              2             40.062           1.2296          1.7871       39.787     21-Mar-2024 17:31:35
    63      21      3     150    0.05       10       0.918    -2.6257     -2.6257         10              2             39.858           1.2101          1.7969       24.249     21-Mar-2024 17:31:35
    63      22      3     150    0.05       10       0.922    -2.6797     -2.6797         10              2             40.062           1.2296          1.8116       39.332     21-Mar-2024 17:31:35
    63      23      3     150    0.05       10       0.918    -2.6257     -2.6257         10              2             39.858           1.2101          1.8252       24.924     21-Mar-2024 17:31:35
    63      24      3     150    0.05       10       0.922    -2.6797     -2.6797         10              2             40.062           1.2296          2.0914       38.818     21-Mar-2024 17:31:35
    63      25      3     150    0.05       10       0.918    -2.6257     -2.6257         10              2             39.858           1.2101          2.1451       24.214     21-Mar-2024 17:31:35
    63      26      3     150    0.05       10       0.922    -2.6797     -2.6797         10              2             40.062           1.2296          2.0052       39.289     21-Mar-2024 17:31:35
    63      27      3     150    0.05       10       0.918    -2.6257     -2.6257         10              2             39.858           1.2101          1.8023       24.589     21-Mar-2024 17:31:35
    63      28      3     150    0.05       10       0.922    -2.6797     -2.6797         10              2             40.062           1.2296          1.6821       40.489     21-Mar-2024 17:31:35
    63      29      3     150    0.05       10       0.918    -2.6257     -2.6257         10              2             39.858           1.2101          1.8545       24.523     21-Mar-2024 17:31:35
    63      30      3     150    0.05       10       0.922    -2.6797     -2.6797         10              2             40.062           1.2296           1.652       39.591     21-Mar-2024 17:31:35


rep =

    64

replication: (64)th 

thres=0.249556
1 th thresholding

  breakyes=3.2,  dualfeasorg deteriorated too much: primfeasorg=6.38e-07,dualfeasorg=6.20e-05
14 entries survived 

2 th thresholding

  breakyes=3.2,  dualfeasorg deteriorated too much: primfeasorg=1.22e-06,dualfeasorg=2.77e-05
11 entries survived 

3 th thresholding

  breakyes=1.3,  maxresidual < 1.00e-06
10 entries survived 

4 th thresholding

  breakyes=3.2,  dualfeasorg deteriorated too much: primfeasorg=1.30e-06,dualfeasorg=3.29e-05
10 entries survived 

5 th thresholding

  breakyes=1.3,  maxresidual < 1.00e-06
10 entries survived 

6 th thresholding

  breakyes=3.2,  dualfeasorg deteriorated too much: primfeasorg=1.30e-06,dualfeasorg=3.29e-05
10 entries survived 

7 th thresholding

  breakyes=1.3,  maxresidual < 1.00e-06
10 entries survived 

8 th thresholding

  breakyes=3.2,  dualfeasorg deteriorated too much: primfeasorg=1.30e-06,dualfeasorg=3.29e-05
10 entries survived 

9 th thresholding

  breakyes=1.3,  maxresidual < 1.00e-06
10 entries survived 

10 th thresholding

  breakyes=3.2,  dualfeasorg deteriorated too much: primfeasorg=1.30e-06,dualfeasorg=3.29e-05
10 entries survived 

11 th thresholding

  breakyes=1.3,  maxresidual < 1.00e-06
10 entries survived 

12 th thresholding

  breakyes=3.2,  dualfeasorg deteriorated too much: primfeasorg=1.30e-06,dualfeasorg=3.29e-05
10 entries survived 

13 th thresholding

  breakyes=1.3,  maxresidual < 1.00e-06
10 entries survived 

14 th thresholding

  breakyes=3.2,  dualfeasorg deteriorated too much: primfeasorg=1.30e-06,dualfeasorg=3.29e-05
10 entries survived 

15 th thresholding

  breakyes=1.3,  maxresidual < 1.00e-06
10 entries survived 

16 th thresholding

  breakyes=3.2,  dualfeasorg deteriorated too much: primfeasorg=1.30e-06,dualfeasorg=3.29e-05
10 entries survived 

17 th thresholding

  breakyes=1.3,  maxresidual < 1.00e-06
10 entries survived 

18 th thresholding

  breakyes=3.2,  dualfeasorg deteriorated too much: primfeasorg=1.30e-06,dualfeasorg=3.29e-05
10 entries survived 

19 th thresholding

  breakyes=1.3,  maxresidual < 1.00e-06
10 entries survived 

20 th thresholding

  breakyes=3.2,  dualfeasorg deteriorated too much: primfeasorg=1.30e-06,dualfeasorg=3.29e-05
10 entries survived 

21 th thresholding

  breakyes=1.3,  maxresidual < 1.00e-06
10 entries survived 

22 th thresholding

  breakyes=3.2,  dualfeasorg deteriorated too much: primfeasorg=1.30e-06,dualfeasorg=3.29e-05
10 entries survived 

23 th thresholding

  breakyes=1.3,  maxresidual < 1.00e-06
10 entries survived 

24 th thresholding

  breakyes=3.2,  dualfeasorg deteriorated too much: primfeasorg=1.30e-06,dualfeasorg=3.29e-05
10 entries survived 

25 th thresholding

  breakyes=1.3,  maxresidual < 1.00e-06
10 entries survived 

26 th thresholding

  breakyes=3.2,  dualfeasorg deteriorated too much: primfeasorg=1.30e-06,dualfeasorg=3.29e-05
10 entries survived 

27 th thresholding

  breakyes=1.3,  maxresidual < 1.00e-06
10 entries survived 

28 th thresholding

  breakyes=3.2,  dualfeasorg deteriorated too much: primfeasorg=1.30e-06,dualfeasorg=3.29e-05
10 entries survived 

29 th thresholding

  breakyes=1.3,  maxresidual < 1.00e-06
10 entries survived 

30 th thresholding

  breakyes=3.2,  dualfeasorg deteriorated too much: primfeasorg=1.30e-06,dualfeasorg=3.29e-05
10 entries survived 

acc_vec =

    0.9420
    0.9340
    0.9400
    0.9380
    0.9400
    0.9380
    0.9400
    0.9380
    0.9400
    0.9380
    0.9400
    0.9380
    0.9400
    0.9380
    0.9400
    0.9380
    0.9400
    0.9380
    0.9400
    0.9380
    0.9400
    0.9380
    0.9400
    0.9380
    0.9400
    0.9380
    0.9400
    0.9380
    0.9400
    0.9380
    0.9400

acc =0.942000  0.934000  0.940000  0.938000  0.940000  0.938000  0.940000  0.938000  0.940000  0.938000  0.940000  0.938000  0.940000  0.938000  0.940000  0.938000  0.940000  0.938000  0.940000  0.938000  0.940000  0.938000  0.940000  0.938000  0.940000  0.938000  0.940000  0.938000  0.940000  0.938000  0.940000 

discov_true_vec =

    10
    10
    10
    10
    10
    10
    10
    10
    10
    10
    10
    10
    10
    10
    10
    10
    10
    10
    10
    10
    10
    10
    10
    10
    10
    10
    10
    10
    10
    10


discov_false_vec =

     4
     1
     0
     0
     0
     0
     0
     0
     0
     0
     0
     0
     0
     0
     0
     0
     0
     0
     0
     0
     0
     0
     0
     0
     0
     0
     0
     0
     0
     0


data =

  31x16 table

    rep    iter    sep    dim    rho     sparsity     acc     obj_prim    obj_dual    discov_true    discov_false    diff_x_tilde    diff_omega_diag    time_isee    time_SDP          jobdate       
    ___    ____    ___    ___    ____    ________    _____    ________    ________    ___________    ____________    ____________    _______________    _________    ________    ____________________

    64       0      3     150    0.05       10       0.942          0           0          0              0                  0                0               0            0     21-Mar-2024 17:50:49
    64       1      3     150    0.05       10       0.934    -2.8563     -2.8562         10              4             40.315            1.174          2.2482       66.118     21-Mar-2024 17:50:49
    64       2      3     150    0.05       10        0.94    -2.8032     -2.8032         10              1             41.091           1.1972           1.979       21.558     21-Mar-2024 17:50:49
    64       3      3     150    0.05       10       0.938    -2.7737     -2.7737         10              0             41.075           1.1876          1.6447        43.73     21-Mar-2024 17:50:49
    64       4      3     150    0.05       10        0.94    -2.7998     -2.7998         10              0             41.187           1.2201          2.0118       29.113     21-Mar-2024 17:50:49
    64       5      3     150    0.05       10       0.938    -2.7737     -2.7737         10              0             41.075           1.1876           1.982       43.865     21-Mar-2024 17:50:49
    64       6      3     150    0.05       10        0.94    -2.7998     -2.7998         10              0             41.187           1.2201          1.8384       28.477     21-Mar-2024 17:50:49
    64       7      3     150    0.05       10       0.938    -2.7737     -2.7737         10              0             41.075           1.1876          1.8094       43.493     21-Mar-2024 17:50:49
    64       8      3     150    0.05       10        0.94    -2.7998     -2.7998         10              0             41.187           1.2201          1.8556       29.078     21-Mar-2024 17:50:49
    64       9      3     150    0.05       10       0.938    -2.7737     -2.7737         10              0             41.075           1.1876          1.7857        43.21     21-Mar-2024 17:50:49
    64      10      3     150    0.05       10        0.94    -2.7998     -2.7998         10              0             41.187           1.2201          1.8914       28.568     21-Mar-2024 17:50:49
    64      11      3     150    0.05       10       0.938    -2.7737     -2.7737         10              0             41.075           1.1876          1.9257       43.103     21-Mar-2024 17:50:49
    64      12      3     150    0.05       10        0.94    -2.7998     -2.7998         10              0             41.187           1.2201          1.7084       28.324     21-Mar-2024 17:50:49
    64      13      3     150    0.05       10       0.938    -2.7737     -2.7737         10              0             41.075           1.1876          1.6448       42.976     21-Mar-2024 17:50:49
    64      14      3     150    0.05       10        0.94    -2.7998     -2.7998         10              0             41.187           1.2201          1.8415       28.631     21-Mar-2024 17:50:49
    64      15      3     150    0.05       10       0.938    -2.7737     -2.7737         10              0             41.075           1.1876          1.7991       43.614     21-Mar-2024 17:50:49
    64      16      3     150    0.05       10        0.94    -2.7998     -2.7998         10              0             41.187           1.2201          1.8873       28.616     21-Mar-2024 17:50:49
    64      17      3     150    0.05       10       0.938    -2.7737     -2.7737         10              0             41.075           1.1876          1.8336       43.374     21-Mar-2024 17:50:49
    64      18      3     150    0.05       10        0.94    -2.7998     -2.7998         10              0             41.187           1.2201          2.0028       29.328     21-Mar-2024 17:50:49
    64      19      3     150    0.05       10       0.938    -2.7737     -2.7737         10              0             41.075           1.1876          1.7753       43.507     21-Mar-2024 17:50:49
    64      20      3     150    0.05       10        0.94    -2.7998     -2.7998         10              0             41.187           1.2201          1.6405       27.976     21-Mar-2024 17:50:49
    64      21      3     150    0.05       10       0.938    -2.7737     -2.7737         10              0             41.075           1.1876          1.8322       43.387     21-Mar-2024 17:50:49
    64      22      3     150    0.05       10        0.94    -2.7998     -2.7998         10              0             41.187           1.2201          1.7732       28.235     21-Mar-2024 17:50:49
    64      23      3     150    0.05       10       0.938    -2.7737     -2.7737         10              0             41.075           1.1876          1.7834       43.609     21-Mar-2024 17:50:49
    64      24      3     150    0.05       10        0.94    -2.7998     -2.7998         10              0             41.187           1.2201          1.8237        28.24     21-Mar-2024 17:50:49
    64      25      3     150    0.05       10       0.938    -2.7737     -2.7737         10              0             41.075           1.1876          1.7765       44.192     21-Mar-2024 17:50:49
    64      26      3     150    0.05       10        0.94    -2.7998     -2.7998         10              0             41.187           1.2201          2.1426       28.199     21-Mar-2024 17:50:49
    64      27      3     150    0.05       10       0.938    -2.7737     -2.7737         10              0             41.075           1.1876           1.774       43.695     21-Mar-2024 17:50:49
    64      28      3     150    0.05       10        0.94    -2.7998     -2.7998         10              0             41.187           1.2201          1.8413       29.878     21-Mar-2024 17:50:49
    64      29      3     150    0.05       10       0.938    -2.7737     -2.7737         10              0             41.075           1.1876          1.8277       42.823     21-Mar-2024 17:50:49
    64      30      3     150    0.05       10        0.94    -2.7998     -2.7998         10              0             41.187           1.2201          1.8327       29.336     21-Mar-2024 17:50:49

