==========================================
SLURM_JOB_ID = 20378109
SLURM_JOB_NODELIST = a02-07
TMPDIR = /tmp/SLURM_20378109
==========================================
hello
Starting parallel pool (parpool) ...
Connected to the parallel pool (number of workers: 15).

pool = 

 ProcessPool with properties: 

            Connected: true
           NumWorkers: 15
                 Busy: false
              Cluster: Local
        AttachedFiles: {}
    AutoAddClientPath: true
            FileStore: [1x1 parallel.FileStore]
           ValueStore: [1x1 parallel.ValueStore]
          IdleTimeout: 30 minutes (30 minutes remaining)
          SpmdEnabled: true


p =

   200


Delta =

     4


s =

    10


n =

   500


ii =

    24


table_name =

    'sparse_kmeans_isee_denoise'


conn = 

  sqlite with properties:

      Database: '/home1/jongminm/sparse_kmeans/sparse_kmeans.db'
    IsReadOnly: 0
    AutoCommit: 'on'


rho =

    0.0500


M =

    0.6601

delta confirmed: 4.000000
ans =

    3.8338


rep =

    93

replication: (93)th 

thres=0.256620
1 th thresholding

  breakyes=1.0,  maxresidual < 1.00e-06
12 entries survived 

2 th thresholding

  breakyes=1.0,  maxresidual < 1.00e-06
13 entries survived 

3 th thresholding

  breakyes=1.0,  maxresidual < 1.00e-06
12 entries survived 

4 th thresholding

  breakyes=1.0,  maxresidual < 1.00e-06
12 entries survived 

5 th thresholding

  breakyes=1.0,  maxresidual < 1.00e-06
12 entries survived 

6 th thresholding

  breakyes=1.0,  maxresidual < 1.00e-06
12 entries survived 

7 th thresholding

  breakyes=1.0,  maxresidual < 1.00e-06
12 entries survived 

8 th thresholding

  breakyes=1.0,  maxresidual < 1.00e-06
12 entries survived 

9 th thresholding

  breakyes=1.0,  maxresidual < 1.00e-06
12 entries survived 

10 th thresholding

  breakyes=1.0,  maxresidual < 1.00e-06
12 entries survived 

11 th thresholding

  breakyes=1.0,  maxresidual < 1.00e-06
12 entries survived 

12 th thresholding

  breakyes=1.0,  maxresidual < 1.00e-06
12 entries survived 

13 th thresholding

  breakyes=1.0,  maxresidual < 1.00e-06
12 entries survived 

14 th thresholding

  breakyes=1.0,  maxresidual < 1.00e-06
12 entries survived 

15 th thresholding

  breakyes=1.0,  maxresidual < 1.00e-06
12 entries survived 

16 th thresholding

  breakyes=1.0,  maxresidual < 1.00e-06
12 entries survived 

17 th thresholding

  breakyes=1.0,  maxresidual < 1.00e-06
12 entries survived 

18 th thresholding

  breakyes=1.0,  maxresidual < 1.00e-06
12 entries survived 

19 th thresholding

  breakyes=1.0,  maxresidual < 1.00e-06
12 entries survived 

20 th thresholding

  breakyes=1.0,  maxresidual < 1.00e-06
12 entries survived 

21 th thresholding

  breakyes=1.0,  maxresidual < 1.00e-06
12 entries survived 

22 th thresholding

  breakyes=1.0,  maxresidual < 1.00e-06
12 entries survived 

23 th thresholding

  breakyes=1.0,  maxresidual < 1.00e-06
12 entries survived 

24 th thresholding

  breakyes=1.0,  maxresidual < 1.00e-06
12 entries survived 

25 th thresholding

  breakyes=1.0,  maxresidual < 1.00e-06
12 entries survived 

26 th thresholding

  breakyes=1.0,  maxresidual < 1.00e-06
12 entries survived 

27 th thresholding

  breakyes=1.0,  maxresidual < 1.00e-06
12 entries survived 

28 th thresholding

  breakyes=1.0,  maxresidual < 1.00e-06
12 entries survived 

29 th thresholding

  breakyes=1.0,  maxresidual < 1.00e-06
12 entries survived 

30 th thresholding

  breakyes=1.0,  maxresidual < 1.00e-06
12 entries survived 

acc_vec =

    0.9660
    0.9680
    0.9680
    0.9680
    0.9680
    0.9680
    0.9680
    0.9680
    0.9680
    0.9680
    0.9680
    0.9680
    0.9680
    0.9680
    0.9680
    0.9680
    0.9680
    0.9680
    0.9680
    0.9680
    0.9680
    0.9680
    0.9680
    0.9680
    0.9680
    0.9680
    0.9680
    0.9680
    0.9680
    0.9680
    0.9680

acc =0.966000  0.968000  0.968000  0.968000  0.968000  0.968000  0.968000  0.968000  0.968000  0.968000  0.968000  0.968000  0.968000  0.968000  0.968000  0.968000  0.968000  0.968000  0.968000  0.968000  0.968000  0.968000  0.968000  0.968000  0.968000  0.968000  0.968000  0.968000  0.968000  0.968000  0.968000 

discov_true_vec =

    10
    10
    10
    10
    10
    10
    10
    10
    10
    10
    10
    10
    10
    10
    10
    10
    10
    10
    10
    10
    10
    10
    10
    10
    10
    10
    10
    10
    10
    10


discov_false_vec =

     2
     3
     2
     2
     2
     2
     2
     2
     2
     2
     2
     2
     2
     2
     2
     2
     2
     2
     2
     2
     2
     2
     2
     2
     2
     2
     2
     2
     2
     2


data =

  31x16 table

    rep    iter    sep    dim    rho     sparsity     acc     obj_prim    obj_dual    discov_true    discov_false    diff_x_tilde    diff_omega_diag    time_isee    time_SDP          jobdate       
    ___    ____    ___    ___    ____    ________    _____    ________    ________    ___________    ____________    ____________    _______________    _________    ________    ____________________

    93       0      4     200    0.05       10       0.966          0           0          0              0                  0                0               0            0     21-Mar-2024 09:35:45
    93       1      4     200    0.05       10       0.968    -4.2804     -4.2803         10              2             47.151           1.5055          5.6483       22.196     21-Mar-2024 09:35:45
    93       2      4     200    0.05       10       0.968    -4.1007     -4.1006         10              3             48.719           1.5202          4.0984       24.831     21-Mar-2024 09:35:45
    93       3      4     200    0.05       10       0.968     -4.208      -4.208         10              2             47.086           1.5072          4.2405       14.473     21-Mar-2024 09:35:45
    93       4      4     200    0.05       10       0.968     -4.208      -4.208         10              2             47.086           1.5072          3.5948       12.487     21-Mar-2024 09:35:45
    93       5      4     200    0.05       10       0.968     -4.208      -4.208         10              2             47.086           1.5072          3.6237       14.538     21-Mar-2024 09:35:45
    93       6      4     200    0.05       10       0.968     -4.208      -4.208         10              2             47.086           1.5072          3.2095       15.303     21-Mar-2024 09:35:45
    93       7      4     200    0.05       10       0.968     -4.208      -4.208         10              2             47.086           1.5072          3.3162       16.549     21-Mar-2024 09:35:45
    93       8      4     200    0.05       10       0.968     -4.208      -4.208         10              2             47.086           1.5072          3.4343       15.592     21-Mar-2024 09:35:45
    93       9      4     200    0.05       10       0.968     -4.208      -4.208         10              2             47.086           1.5072          3.7857       12.338     21-Mar-2024 09:35:45
    93      10      4     200    0.05       10       0.968     -4.208      -4.208         10              2             47.086           1.5072          3.0556       13.306     21-Mar-2024 09:35:45
    93      11      4     200    0.05       10       0.968     -4.208      -4.208         10              2             47.086           1.5072          3.4579       15.742     21-Mar-2024 09:35:45
    93      12      4     200    0.05       10       0.968     -4.208      -4.208         10              2             47.086           1.5072          3.1336       13.523     21-Mar-2024 09:35:45
    93      13      4     200    0.05       10       0.968     -4.208      -4.208         10              2             47.086           1.5072           3.459       12.382     21-Mar-2024 09:35:45
    93      14      4     200    0.05       10       0.968     -4.208      -4.208         10              2             47.086           1.5072           3.094       12.114     21-Mar-2024 09:35:45
    93      15      4     200    0.05       10       0.968     -4.208      -4.208         10              2             47.086           1.5072          3.3501        12.59     21-Mar-2024 09:35:45
    93      16      4     200    0.05       10       0.968     -4.208      -4.208         10              2             47.086           1.5072          3.0573       17.739     21-Mar-2024 09:35:45
    93      17      4     200    0.05       10       0.968     -4.208      -4.208         10              2             47.086           1.5072          3.2294       17.278     21-Mar-2024 09:35:45
    93      18      4     200    0.05       10       0.968     -4.208      -4.208         10              2             47.086           1.5072          3.0872       17.406     21-Mar-2024 09:35:45
    93      19      4     200    0.05       10       0.968     -4.208      -4.208         10              2             47.086           1.5072          3.3871       17.491     21-Mar-2024 09:35:45
    93      20      4     200    0.05       10       0.968     -4.208      -4.208         10              2             47.086           1.5072          3.3478       17.558     21-Mar-2024 09:35:45
    93      21      4     200    0.05       10       0.968     -4.208      -4.208         10              2             47.086           1.5072          3.7268       17.664     21-Mar-2024 09:35:45
    93      22      4     200    0.05       10       0.968     -4.208      -4.208         10              2             47.086           1.5072           3.504       16.404     21-Mar-2024 09:35:45
    93      23      4     200    0.05       10       0.968     -4.208      -4.208         10              2             47.086           1.5072          3.6028       13.406     21-Mar-2024 09:35:45
    93      24      4     200    0.05       10       0.968     -4.208      -4.208         10              2             47.086           1.5072          3.0797       11.718     21-Mar-2024 09:35:45
    93      25      4     200    0.05       10       0.968     -4.208      -4.208         10              2             47.086           1.5072          3.4647       11.981     21-Mar-2024 09:35:45
    93      26      4     200    0.05       10       0.968     -4.208      -4.208         10              2             47.086           1.5072          3.1259       12.472     21-Mar-2024 09:35:45
    93      27      4     200    0.05       10       0.968     -4.208      -4.208         10              2             47.086           1.5072          3.3084       15.582     21-Mar-2024 09:35:45
    93      28      4     200    0.05       10       0.968     -4.208      -4.208         10              2             47.086           1.5072          2.9971       16.049     21-Mar-2024 09:35:45
    93      29      4     200    0.05       10       0.968     -4.208      -4.208         10              2             47.086           1.5072          3.2278        16.76     21-Mar-2024 09:35:45
    93      30      4     200    0.05       10       0.968     -4.208      -4.208         10              2             47.086           1.5072          3.0996       16.043     21-Mar-2024 09:35:45


rep =

    94

replication: (94)th 

thres=0.256620
1 th thresholding

  breakyes=1.4,  maxresidual < 1.00e-06
15 entries survived 

2 th thresholding

  breakyes=1.4,  maxresidual < 1.00e-06
14 entries survived 

3 th thresholding

  breakyes=1.4,  maxresidual < 1.00e-06
14 entries survived 

4 th thresholding

  breakyes=1.4,  maxresidual < 1.00e-06
14 entries survived 

5 th thresholding

  breakyes=1.4,  maxresidual < 1.00e-06
14 entries survived 

6 th thresholding

  breakyes=1.4,  maxresidual < 1.00e-06
14 entries survived 

7 th thresholding

  breakyes=1.4,  maxresidual < 1.00e-06
14 entries survived 

8 th thresholding

  breakyes=1.4,  maxresidual < 1.00e-06
14 entries survived 

9 th thresholding

  breakyes=1.4,  maxresidual < 1.00e-06
14 entries survived 

10 th thresholding

  breakyes=1.4,  maxresidual < 1.00e-06
14 entries survived 

11 th thresholding

  breakyes=1.4,  maxresidual < 1.00e-06
14 entries survived 

12 th thresholding

  breakyes=1.4,  maxresidual < 1.00e-06
14 entries survived 

13 th thresholding

  breakyes=1.4,  maxresidual < 1.00e-06
14 entries survived 

14 th thresholding

  breakyes=1.4,  maxresidual < 1.00e-06
14 entries survived 

15 th thresholding

  breakyes=1.4,  maxresidual < 1.00e-06
14 entries survived 

16 th thresholding

  breakyes=1.4,  maxresidual < 1.00e-06
14 entries survived 

17 th thresholding

  breakyes=3.2,  dualfeasorg deteriorated too much: primfeasorg=2.23e-06,dualfeasorg=3.33e-05
14 entries survived 

18 th thresholding

  breakyes=1.3,  maxresidual < 1.00e-06
14 entries survived 

19 th thresholding

  breakyes=3.2,  dualfeasorg deteriorated too much: primfeasorg=2.23e-06,dualfeasorg=3.33e-05
14 entries survived 

20 th thresholding

  breakyes=1.3,  maxresidual < 1.00e-06
14 entries survived 

21 th thresholding

  breakyes=3.2,  dualfeasorg deteriorated too much: primfeasorg=2.23e-06,dualfeasorg=3.33e-05
14 entries survived 

22 th thresholding

  breakyes=1.3,  maxresidual < 1.00e-06
14 entries survived 

23 th thresholding

  breakyes=3.2,  dualfeasorg deteriorated too much: primfeasorg=2.23e-06,dualfeasorg=3.33e-05
14 entries survived 

24 th thresholding

  breakyes=1.3,  maxresidual < 1.00e-06
14 entries survived 

25 th thresholding

  breakyes=3.2,  dualfeasorg deteriorated too much: primfeasorg=2.23e-06,dualfeasorg=3.33e-05
14 entries survived 

26 th thresholding

  breakyes=1.3,  maxresidual < 1.00e-06
14 entries survived 

27 th thresholding

  breakyes=3.2,  dualfeasorg deteriorated too much: primfeasorg=2.23e-06,dualfeasorg=3.33e-05
14 entries survived 

28 th thresholding

  breakyes=1.3,  maxresidual < 1.00e-06
14 entries survived 

29 th thresholding

  breakyes=3.2,  dualfeasorg deteriorated too much: primfeasorg=2.23e-06,dualfeasorg=3.33e-05
14 entries survived 

30 th thresholding

  breakyes=1.3,  maxresidual < 1.00e-06
14 entries survived 

acc_vec =

    0.9720
    0.9800
    0.9760
    0.9800
    0.9760
    0.9800
    0.9760
    0.9800
    0.9760
    0.9800
    0.9760
    0.9800
    0.9760
    0.9800
    0.9760
    0.9800
    0.9780
    0.9840
    0.9780
    0.9840
    0.9780
    0.9840
    0.9780
    0.9840
    0.9780
    0.9840
    0.9780
    0.9840
    0.9780
    0.9840
    0.9780

acc =0.972000  0.980000  0.976000  0.980000  0.976000  0.980000  0.976000  0.980000  0.976000  0.980000  0.976000  0.980000  0.976000  0.980000  0.976000  0.980000  0.978000  0.984000  0.978000  0.984000  0.978000  0.984000  0.978000  0.984000  0.978000  0.984000  0.978000  0.984000  0.978000  0.984000  0.978000 

discov_true_vec =

    10
    10
    10
    10
    10
    10
    10
    10
    10
    10
    10
    10
    10
    10
    10
    10
    10
    10
    10
    10
    10
    10
    10
    10
    10
    10
    10
    10
    10
    10


discov_false_vec =

     5
     4
     4
     4
     4
     4
     4
     4
     4
     4
     4
     4
     4
     4
     4
     4
     4
     4
     4
     4
     4
     4
     4
     4
     4
     4
     4
     4
     4
     4


data =

  31x16 table

    rep    iter    sep    dim    rho     sparsity     acc     obj_prim    obj_dual    discov_true    discov_false    diff_x_tilde    diff_omega_diag    time_isee    time_SDP          jobdate       
    ___    ____    ___    ___    ____    ________    _____    ________    ________    ___________    ____________    ____________    _______________    _________    ________    ____________________

    94       0      4     200    0.05       10       0.972          0           0          0              0                  0                0               0            0     21-Mar-2024 09:47:21
    94       1      4     200    0.05       10        0.98    -4.1835     -4.1835         10              5             46.051           1.3959           3.289       20.508     21-Mar-2024 09:47:21
    94       2      4     200    0.05       10       0.976    -4.1942     -4.1941         10              4             45.753           1.4255          2.9781       19.424     21-Mar-2024 09:47:21
    94       3      4     200    0.05       10        0.98    -4.1572     -4.1572         10              4              47.57           1.4895          3.6401       20.252     21-Mar-2024 09:47:21
    94       4      4     200    0.05       10       0.976    -4.1942     -4.1941         10              4             45.753           1.4255          3.5908       19.742     21-Mar-2024 09:47:21
    94       5      4     200    0.05       10        0.98    -4.1572     -4.1572         10              4              47.57           1.4895          3.4787       19.841     21-Mar-2024 09:47:21
    94       6      4     200    0.05       10       0.976    -4.1942     -4.1941         10              4             45.753           1.4255          3.1689       23.951     21-Mar-2024 09:47:21
    94       7      4     200    0.05       10        0.98    -4.1572     -4.1572         10              4              47.57           1.4895          3.4246       24.224     21-Mar-2024 09:47:21
    94       8      4     200    0.05       10       0.976    -4.1942     -4.1941         10              4             45.753           1.4255          3.4217       24.797     21-Mar-2024 09:47:21
    94       9      4     200    0.05       10        0.98    -4.1572     -4.1572         10              4              47.57           1.4895           3.299       25.277     21-Mar-2024 09:47:21
    94      10      4     200    0.05       10       0.976    -4.1942     -4.1941         10              4             45.753           1.4255           3.298       24.848     21-Mar-2024 09:47:21
    94      11      4     200    0.05       10        0.98    -4.1572     -4.1572         10              4              47.57           1.4895          3.4342       22.799     21-Mar-2024 09:47:21
    94      12      4     200    0.05       10       0.976    -4.1942     -4.1941         10              4             45.753           1.4255          3.4096       25.502     21-Mar-2024 09:47:21
    94      13      4     200    0.05       10        0.98    -4.1572     -4.1572         10              4              47.57           1.4895          3.4362       21.609     21-Mar-2024 09:47:21
    94      14      4     200    0.05       10       0.976    -4.1942     -4.1941         10              4             45.753           1.4255          2.9881       17.921     21-Mar-2024 09:47:21
    94      15      4     200    0.05       10        0.98    -4.1572     -4.1572         10              4              47.57           1.4895          3.7213       20.145     21-Mar-2024 09:47:21
    94      16      4     200    0.05       10       0.978    -4.1942     -4.1941         10              4             45.753           1.4255          2.9609       17.367     21-Mar-2024 09:47:21
    94      17      4     200    0.05       10       0.984    -4.1413     -4.1413         10              4             46.886           1.4886           3.198       13.503     21-Mar-2024 09:47:21
    94      18      4     200    0.05       10       0.978    -4.1781     -4.1781         10              4              46.18           1.4427          2.9904       15.553     21-Mar-2024 09:47:21
    94      19      4     200    0.05       10       0.984    -4.1413     -4.1413         10              4             46.886           1.4886          3.3469       13.874     21-Mar-2024 09:47:21
    94      20      4     200    0.05       10       0.978    -4.1781     -4.1781         10              4              46.18           1.4427          3.2832       16.494     21-Mar-2024 09:47:21
    94      21      4     200    0.05       10       0.984    -4.1413     -4.1413         10              4             46.886           1.4886          3.4785       18.607     21-Mar-2024 09:47:21
    94      22      4     200    0.05       10       0.978    -4.1781     -4.1781         10              4              46.18           1.4427          3.6741       20.874     21-Mar-2024 09:47:21
    94      23      4     200    0.05       10       0.984    -4.1413     -4.1413         10              4             46.886           1.4886          3.7414       17.203     21-Mar-2024 09:47:21
    94      24      4     200    0.05       10       0.978    -4.1781     -4.1781         10              4              46.18           1.4427          2.9541       19.436     21-Mar-2024 09:47:21
    94      25      4     200    0.05       10       0.984    -4.1413     -4.1413         10              4             46.886           1.4886          3.4172       16.105     21-Mar-2024 09:47:21
    94      26      4     200    0.05       10       0.978    -4.1781     -4.1781         10              4              46.18           1.4427          2.9465       22.889     21-Mar-2024 09:47:21
    94      27      4     200    0.05       10       0.984    -4.1413     -4.1413         10              4             46.886           1.4886          3.1448       17.867     21-Mar-2024 09:47:21
    94      28      4     200    0.05       10       0.978    -4.1781     -4.1781         10              4              46.18           1.4427          3.2837       15.759     21-Mar-2024 09:47:21
    94      29      4     200    0.05       10       0.984    -4.1413     -4.1413         10              4             46.886           1.4886          3.4962       15.801     21-Mar-2024 09:47:21
    94      30      4     200    0.05       10       0.978    -4.1781     -4.1781         10              4              46.18           1.4427          3.2827       23.422     21-Mar-2024 09:47:21


rep =

    95

replication: (95)th 

thres=0.256620
1 th thresholding

  breakyes=1.0,  maxresidual < 1.00e-06
12 entries survived 

2 th thresholding

  breakyes=1.4,  maxresidual < 1.00e-06
11 entries survived 

3 th thresholding

  breakyes=1.4,  maxresidual < 1.00e-06
11 entries survived 

4 th thresholding

  breakyes=1.4,  maxresidual < 1.00e-06
11 entries survived 

5 th thresholding

  breakyes=1.4,  maxresidual < 1.00e-06
11 entries survived 

6 th thresholding

  breakyes=1.4,  maxresidual < 1.00e-06
11 entries survived 

7 th thresholding

  breakyes=1.4,  maxresidual < 1.00e-06
11 entries survived 

8 th thresholding

  breakyes=1.4,  maxresidual < 1.00e-06
11 entries survived 

9 th thresholding

  breakyes=1.4,  maxresidual < 1.00e-06
11 entries survived 

10 th thresholding

  breakyes=1.4,  maxresidual < 1.00e-06
11 entries survived 

11 th thresholding

  breakyes=1.4,  maxresidual < 1.00e-06
11 entries survived 

12 th thresholding

  breakyes=1.4,  maxresidual < 1.00e-06
11 entries survived 

13 th thresholding

  breakyes=1.4,  maxresidual < 1.00e-06
11 entries survived 

14 th thresholding

  breakyes=1.4,  maxresidual < 1.00e-06
11 entries survived 

15 th thresholding

  breakyes=1.4,  maxresidual < 1.00e-06
11 entries survived 

16 th thresholding

  breakyes=1.4,  maxresidual < 1.00e-06
11 entries survived 

17 th thresholding

  breakyes=1.4,  maxresidual < 1.00e-06
11 entries survived 

18 th thresholding

  breakyes=1.4,  maxresidual < 1.00e-06
11 entries survived 

19 th thresholding

  breakyes=1.4,  maxresidual < 1.00e-06
11 entries survived 

20 th thresholding

  breakyes=1.4,  maxresidual < 1.00e-06
11 entries survived 

21 th thresholding

  breakyes=1.4,  maxresidual < 1.00e-06
11 entries survived 

22 th thresholding

  breakyes=1.4,  maxresidual < 1.00e-06
11 entries survived 

23 th thresholding

  breakyes=1.4,  maxresidual < 1.00e-06
11 entries survived 

24 th thresholding

  breakyes=1.4,  maxresidual < 1.00e-06
11 entries survived 

25 th thresholding

  breakyes=1.4,  maxresidual < 1.00e-06
11 entries survived 

26 th thresholding

  breakyes=1.4,  maxresidual < 1.00e-06
11 entries survived 

27 th thresholding

  breakyes=1.4,  maxresidual < 1.00e-06
11 entries survived 

28 th thresholding

  breakyes=1.4,  maxresidual < 1.00e-06
11 entries survived 

29 th thresholding

  breakyes=1.4,  maxresidual < 1.00e-06
11 entries survived 

30 th thresholding

  breakyes=1.4,  maxresidual < 1.00e-06
11 entries survived 

acc_vec =

    0.9700
    0.9880
    0.9880
    0.9880
    0.9880
    0.9880
    0.9880
    0.9880
    0.9880
    0.9880
    0.9880
    0.9880
    0.9880
    0.9880
    0.9880
    0.9880
    0.9880
    0.9880
    0.9880
    0.9880
    0.9880
    0.9880
    0.9880
    0.9880
    0.9880
    0.9880
    0.9880
    0.9880
    0.9880
    0.9880
    0.9880

acc =0.970000  0.988000  0.988000  0.988000  0.988000  0.988000  0.988000  0.988000  0.988000  0.988000  0.988000  0.988000  0.988000  0.988000  0.988000  0.988000  0.988000  0.988000  0.988000  0.988000  0.988000  0.988000  0.988000  0.988000  0.988000  0.988000  0.988000  0.988000  0.988000  0.988000  0.988000 

discov_true_vec =

    10
    10
    10
    10
    10
    10
    10
    10
    10
    10
    10
    10
    10
    10
    10
    10
    10
    10
    10
    10
    10
    10
    10
    10
    10
    10
    10
    10
    10
    10


discov_false_vec =

     2
     1
     1
     1
     1
     1
     1
     1
     1
     1
     1
     1
     1
     1
     1
     1
     1
     1
     1
     1
     1
     1
     1
     1
     1
     1
     1
     1
     1
     1


data =

  31x16 table

    rep    iter    sep    dim    rho     sparsity     acc     obj_prim    obj_dual    discov_true    discov_false    diff_x_tilde    diff_omega_diag    time_isee    time_SDP          jobdate       
    ___    ____    ___    ___    ____    ________    _____    ________    ________    ___________    ____________    ____________    _______________    _________    ________    ____________________

    95       0      4     200    0.05       10        0.97          0           0          0              0                  0                0               0            0     21-Mar-2024 10:01:08
    95       1      4     200    0.05       10       0.988    -4.6472     -4.6472         10              2             49.358           1.5602          3.4441       20.818     21-Mar-2024 10:01:08
    95       2      4     200    0.05       10       0.988    -4.4559     -4.4559         10              1             49.992           1.5798          3.0004       28.019     21-Mar-2024 10:01:08
    95       3      4     200    0.05       10       0.988    -4.4559     -4.4559         10              1             49.992           1.5798          3.1914       28.866     21-Mar-2024 10:01:08
    95       4      4     200    0.05       10       0.988    -4.4559     -4.4559         10              1             49.992           1.5798          3.2578        26.15     21-Mar-2024 10:01:08
    95       5      4     200    0.05       10       0.988    -4.4559     -4.4559         10              1             49.992           1.5798          4.1431       23.631     21-Mar-2024 10:01:08
    95       6      4     200    0.05       10       0.988    -4.4559     -4.4559         10              1             49.992           1.5798          3.6991        19.98     21-Mar-2024 10:01:08
    95       7      4     200    0.05       10       0.988    -4.4559     -4.4559         10              1             49.992           1.5798          3.2774       20.343     21-Mar-2024 10:01:08
    95       8      4     200    0.05       10       0.988    -4.4559     -4.4559         10              1             49.992           1.5798          3.4418       21.503     21-Mar-2024 10:01:08
    95       9      4     200    0.05       10       0.988    -4.4559     -4.4559         10              1             49.992           1.5798          3.2719       21.816     21-Mar-2024 10:01:08
    95      10      4     200    0.05       10       0.988    -4.4559     -4.4559         10              1             49.992           1.5798          3.6874       23.141     21-Mar-2024 10:01:08
    95      11      4     200    0.05       10       0.988    -4.4559     -4.4559         10              1             49.992           1.5798          4.0198       23.609     21-Mar-2024 10:01:08
    95      12      4     200    0.05       10       0.988    -4.4559     -4.4559         10              1             49.992           1.5798           3.169       23.314     21-Mar-2024 10:01:08
    95      13      4     200    0.05       10       0.988    -4.4559     -4.4559         10              1             49.992           1.5798          3.2426       27.515     21-Mar-2024 10:01:08
    95      14      4     200    0.05       10       0.988    -4.4559     -4.4559         10              1             49.992           1.5798          3.6058       22.649     21-Mar-2024 10:01:08
    95      15      4     200    0.05       10       0.988    -4.4559     -4.4559         10              1             49.992           1.5798          3.2822       20.218     21-Mar-2024 10:01:08
    95      16      4     200    0.05       10       0.988    -4.4559     -4.4559         10              1             49.992           1.5798          3.1659       22.062     21-Mar-2024 10:01:08
    95      17      4     200    0.05       10       0.988    -4.4559     -4.4559         10              1             49.992           1.5798          3.1789       22.188     21-Mar-2024 10:01:08
    95      18      4     200    0.05       10       0.988    -4.4559     -4.4559         10              1             49.992           1.5798          3.7484       19.987     21-Mar-2024 10:01:08
    95      19      4     200    0.05       10       0.988    -4.4559     -4.4559         10              1             49.992           1.5798          3.3477       26.134     21-Mar-2024 10:01:08
    95      20      4     200    0.05       10       0.988    -4.4559     -4.4559         10              1             49.992           1.5798          3.3074       27.991     21-Mar-2024 10:01:08
    95      21      4     200    0.05       10       0.988    -4.4559     -4.4559         10              1             49.992           1.5798          3.1742       29.152     21-Mar-2024 10:01:08
    95      22      4     200    0.05       10       0.988    -4.4559     -4.4559         10              1             49.992           1.5798          3.4105       29.088     21-Mar-2024 10:01:08
    95      23      4     200    0.05       10       0.988    -4.4559     -4.4559         10              1             49.992           1.5798          3.2067        28.37     21-Mar-2024 10:01:08
    95      24      4     200    0.05       10       0.988    -4.4559     -4.4559         10              1             49.992           1.5798          3.3871       28.002     21-Mar-2024 10:01:08
    95      25      4     200    0.05       10       0.988    -4.4559     -4.4559         10              1             49.992           1.5798          3.2114        18.77     21-Mar-2024 10:01:08
    95      26      4     200    0.05       10       0.988    -4.4559     -4.4559         10              1             49.992           1.5798          2.9806       18.556     21-Mar-2024 10:01:08
    95      27      4     200    0.05       10       0.988    -4.4559     -4.4559         10              1             49.992           1.5798           3.238       20.022     21-Mar-2024 10:01:08
    95      28      4     200    0.05       10       0.988    -4.4559     -4.4559         10              1             49.992           1.5798          3.0323       24.595     21-Mar-2024 10:01:08
    95      29      4     200    0.05       10       0.988    -4.4559     -4.4559         10              1             49.992           1.5798          3.3059         30.2     21-Mar-2024 10:01:08
    95      30      4     200    0.05       10       0.988    -4.4559     -4.4559         10              1             49.992           1.5798          3.5599       28.821     21-Mar-2024 10:01:08


rep =

    96

replication: (96)th 

thres=0.256620
1 th thresholding

  breakyes=1.4,  maxresidual < 1.00e-06
16 entries survived 

2 th thresholding

  breakyes=1.4,  maxresidual < 1.00e-06
11 entries survived 

3 th thresholding

  breakyes=1.4,  maxresidual < 1.00e-06
11 entries survived 

4 th thresholding

  breakyes=1.0,  maxresidual < 1.00e-06
12 entries survived 

5 th thresholding

  breakyes=1.0,  maxresidual < 1.00e-06
12 entries survived 

6 th thresholding

  breakyes=1.4,  maxresidual < 1.00e-06
11 entries survived 

7 th thresholding

  breakyes=1.4,  maxresidual < 1.00e-06
12 entries survived 

8 th thresholding

  breakyes=1.0,  maxresidual < 1.00e-06
12 entries survived 

9 th thresholding

  breakyes=1.0,  maxresidual < 1.00e-06
12 entries survived 

10 th thresholding

  breakyes=1.0,  maxresidual < 1.00e-06
11 entries survived 

11 th thresholding

  breakyes=1.0,  maxresidual < 1.00e-06
12 entries survived 

12 th thresholding

  breakyes=1.0,  maxresidual < 1.00e-06
12 entries survived 

13 th thresholding

  breakyes=1.4,  maxresidual < 1.00e-06
11 entries survived 

14 th thresholding

  breakyes=1.4,  maxresidual < 1.00e-06
12 entries survived 

15 th thresholding

  breakyes=1.0,  maxresidual < 1.00e-06
12 entries survived 

16 th thresholding

  breakyes=1.0,  maxresidual < 1.00e-06
12 entries survived 

17 th thresholding

  breakyes=1.0,  maxresidual < 1.00e-06
11 entries survived 

18 th thresholding

  breakyes=1.0,  maxresidual < 1.00e-06
12 entries survived 

19 th thresholding

  breakyes=1.0,  maxresidual < 1.00e-06
12 entries survived 

20 th thresholding

  breakyes=1.4,  maxresidual < 1.00e-06
11 entries survived 

21 th thresholding

  breakyes=1.4,  maxresidual < 1.00e-06
12 entries survived 

22 th thresholding

  breakyes=1.0,  maxresidual < 1.00e-06
12 entries survived 

23 th thresholding

  breakyes=1.0,  maxresidual < 1.00e-06
12 entries survived 

24 th thresholding

  breakyes=1.0,  maxresidual < 1.00e-06
11 entries survived 

25 th thresholding

  breakyes=1.0,  maxresidual < 1.00e-06
12 entries survived 

26 th thresholding

  breakyes=1.0,  maxresidual < 1.00e-06
12 entries survived 

27 th thresholding

  breakyes=1.4,  maxresidual < 1.00e-06
11 entries survived 

28 th thresholding

  breakyes=1.4,  maxresidual < 1.00e-06
12 entries survived 

29 th thresholding

  breakyes=1.0,  maxresidual < 1.00e-06
12 entries survived 

30 th thresholding

  breakyes=1.0,  maxresidual < 1.00e-06
12 entries survived 

acc_vec =

    0.9640
    0.9700
    0.9720
    0.9680
    0.9720
    0.9720
    0.9700
    0.9740
    0.9700
    0.9740
    0.9680
    0.9720
    0.9720
    0.9700
    0.9740
    0.9700
    0.9740
    0.9680
    0.9720
    0.9720
    0.9700
    0.9740
    0.9700
    0.9740
    0.9680
    0.9720
    0.9720
    0.9700
    0.9740
    0.9700
    0.9740

acc =0.964000  0.970000  0.972000  0.968000  0.972000  0.972000  0.970000  0.974000  0.970000  0.974000  0.968000  0.972000  0.972000  0.970000  0.974000  0.970000  0.974000  0.968000  0.972000  0.972000  0.970000  0.974000  0.970000  0.974000  0.968000  0.972000  0.972000  0.970000  0.974000  0.970000  0.974000 

discov_true_vec =

    10
    10
    10
    10
    10
    10
    10
    10
    10
    10
    10
    10
    10
    10
    10
    10
    10
    10
    10
    10
    10
    10
    10
    10
    10
    10
    10
    10
    10
    10


discov_false_vec =

     6
     1
     1
     2
     2
     1
     2
     2
     2
     1
     2
     2
     1
     2
     2
     2
     1
     2
     2
     1
     2
     2
     2
     1
     2
     2
     1
     2
     2
     2


data =

  31x16 table

    rep    iter    sep    dim    rho     sparsity     acc     obj_prim    obj_dual    discov_true    discov_false    diff_x_tilde    diff_omega_diag    time_isee    time_SDP          jobdate       
    ___    ____    ___    ___    ____    ________    _____    ________    ________    ___________    ____________    ____________    _______________    _________    ________    ____________________

    96       0      4     200    0.05       10       0.964          0           0          0              0                  0                0               0            0     21-Mar-2024 10:10:42
    96       1      4     200    0.05       10        0.97    -3.9848     -3.9848         10              6             46.933           1.3918          3.2494       23.103     21-Mar-2024 10:10:42
    96       2      4     200    0.05       10       0.972    -3.7452     -3.7452         10              1             44.964           1.2986          2.9882        22.67     21-Mar-2024 10:10:42
    96       3      4     200    0.05       10       0.968    -3.7973     -3.7973         10              1             47.067             1.43          3.1525       26.342     21-Mar-2024 10:10:42
    96       4      4     200    0.05       10       0.972    -3.7028     -3.7028         10              2             46.861           1.4095          3.3005       12.961     21-Mar-2024 10:10:42
    96       5      4     200    0.05       10       0.972     -3.667      -3.667         10              2             46.185           1.3854          3.1152       13.359     21-Mar-2024 10:10:42
    96       6      4     200    0.05       10        0.97    -3.7055     -3.7055         10              1              45.02           1.3339          3.4397       27.921     21-Mar-2024 10:10:42
    96       7      4     200    0.05       10       0.974    -3.9223     -3.9223         10              2             47.606           1.4539          3.2996       21.177     21-Mar-2024 10:10:42
    96       8      4     200    0.05       10        0.97    -3.7314     -3.7314         10              2              46.45           1.3709          3.1086       14.605     21-Mar-2024 10:10:42
    96       9      4     200    0.05       10       0.974     -3.804      -3.804         10              2             47.551           1.4312          3.4521       14.401     21-Mar-2024 10:10:42
    96      10      4     200    0.05       10       0.968    -3.6966     -3.6966         10              1             45.471           1.3373          3.4141       12.291     21-Mar-2024 10:10:42
    96      11      4     200    0.05       10       0.972    -3.7028     -3.7028         10              2             46.861           1.4095           3.658       10.312     21-Mar-2024 10:10:42
    96      12      4     200    0.05       10       0.972     -3.667      -3.667         10              2             46.185           1.3854           3.065       11.318     21-Mar-2024 10:10:42
    96      13      4     200    0.05       10        0.97    -3.7055     -3.7055         10              1              45.02           1.3339          3.3764       20.113     21-Mar-2024 10:10:42
    96      14      4     200    0.05       10       0.974    -3.9223     -3.9223         10              2             47.606           1.4539            3.19        17.21     21-Mar-2024 10:10:42
    96      15      4     200    0.05       10        0.97    -3.7314     -3.7314         10              2              46.45           1.3709          3.4677       18.781     21-Mar-2024 10:10:42
    96      16      4     200    0.05       10       0.974     -3.804      -3.804         10              2             47.551           1.4312          3.0556       14.332     21-Mar-2024 10:10:42
    96      17      4     200    0.05       10       0.968    -3.6966     -3.6966         10              1             45.471           1.3373           3.233       11.583     21-Mar-2024 10:10:42
    96      18      4     200    0.05       10       0.972    -3.7028     -3.7028         10              2             46.861           1.4095          3.1793        8.838     21-Mar-2024 10:10:42
    96      19      4     200    0.05       10       0.972     -3.667      -3.667         10              2             46.185           1.3854          3.0838       10.814     21-Mar-2024 10:10:42
    96      20      4     200    0.05       10        0.97    -3.7055     -3.7055         10              1              45.02           1.3339          3.6569        20.12     21-Mar-2024 10:10:42
    96      21      4     200    0.05       10       0.974    -3.9223     -3.9223         10              2             47.606           1.4539          3.5535       17.597     21-Mar-2024 10:10:42
    96      22      4     200    0.05       10        0.97    -3.7314     -3.7314         10              2              46.45           1.3709          3.7136       14.392     21-Mar-2024 10:10:42
    96      23      4     200    0.05       10       0.974     -3.804      -3.804         10              2             47.551           1.4312           2.982       12.057     21-Mar-2024 10:10:42
    96      24      4     200    0.05       10       0.968    -3.6966     -3.6966         10              1             45.471           1.3373          3.2189       9.9973     21-Mar-2024 10:10:42
    96      25      4     200    0.05       10       0.972    -3.7028     -3.7028         10              2             46.861           1.4095          3.0236       8.6706     21-Mar-2024 10:10:42
    96      26      4     200    0.05       10       0.972     -3.667      -3.667         10              2             46.185           1.3854          3.0111       10.665     21-Mar-2024 10:10:42
    96      27      4     200    0.05       10        0.97    -3.7055     -3.7055         10              1              45.02           1.3339          3.3396       17.151     21-Mar-2024 10:10:42
    96      28      4     200    0.05       10       0.974    -3.9223     -3.9223         10              2             47.606           1.4539           3.429       21.023     21-Mar-2024 10:10:42
    96      29      4     200    0.05       10        0.97    -3.7314     -3.7314         10              2              46.45           1.3709          3.6383       15.406     21-Mar-2024 10:10:42
    96      30      4     200    0.05       10       0.974     -3.804      -3.804         10              2             47.551           1.4312          3.2891       16.327     21-Mar-2024 10:10:42

