==========================================
SLURM_JOB_ID = 20378125
SLURM_JOB_NODELIST = b22-20
TMPDIR = /tmp/SLURM_20378125
==========================================
hello
Starting parallel pool (parpool) ...
Connected to the parallel pool (number of workers: 15).

pool = 

 ProcessPool with properties: 

            Connected: true
           NumWorkers: 15
                 Busy: false
              Cluster: Local
        AttachedFiles: {}
    AutoAddClientPath: true
            FileStore: [1x1 parallel.FileStore]
           ValueStore: [1x1 parallel.ValueStore]
          IdleTimeout: 30 minutes (30 minutes remaining)
          SpmdEnabled: true


p =

   250


Delta =

     4


s =

    10


n =

   500


ii =

    13


table_name =

    'sparse_kmeans_isee_denoise'


conn = 

  sqlite with properties:

      Database: '/home1/jongminm/sparse_kmeans/sparse_kmeans.db'
    IsReadOnly: 0
    AutoCommit: 'on'


rho =

    0.0500


M =

    0.6601

delta confirmed: 4.000000
ans =

    3.8338


rep =

    49

replication: (49)th 

thres=0.261968
1 th thresholding

  breakyes=1.0,  maxresidual < 1.00e-06
13 entries survived 

2 th thresholding

  breakyes=1.4,  maxresidual < 1.00e-06
11 entries survived 

3 th thresholding

  breakyes=1.0,  maxresidual < 1.00e-06
10 entries survived 

4 th thresholding

  breakyes=3.1,  primfeasorg deteriorated too much: primfeasorg=2.87e-05,dualfeasorg=1.18e-06
10 entries survived 

5 th thresholding

  breakyes=1.3,  maxresidual < 1.00e-06
10 entries survived 

6 th thresholding

  breakyes=1.0,  maxresidual < 1.00e-06
10 entries survived 

7 th thresholding

  breakyes=1.4,  maxresidual < 1.00e-06
10 entries survived 

8 th thresholding

  breakyes=1.0,  maxresidual < 1.00e-06
10 entries survived 

9 th thresholding

  breakyes=1.4,  maxresidual < 1.00e-06
10 entries survived 

10 th thresholding

  breakyes=1.0,  maxresidual < 1.00e-06
10 entries survived 

11 th thresholding

  breakyes=1.4,  maxresidual < 1.00e-06
10 entries survived 

12 th thresholding

  breakyes=1.0,  maxresidual < 1.00e-06
10 entries survived 

13 th thresholding

  breakyes=1.4,  maxresidual < 1.00e-06
10 entries survived 

14 th thresholding

  breakyes=1.0,  maxresidual < 1.00e-06
10 entries survived 

15 th thresholding

  breakyes=1.4,  maxresidual < 1.00e-06
10 entries survived 

16 th thresholding

  breakyes=1.0,  maxresidual < 1.00e-06
10 entries survived 

17 th thresholding

  breakyes=1.4,  maxresidual < 1.00e-06
10 entries survived 

18 th thresholding

  breakyes=1.0,  maxresidual < 1.00e-06
10 entries survived 

19 th thresholding

  breakyes=1.4,  maxresidual < 1.00e-06
10 entries survived 

20 th thresholding

  breakyes=1.0,  maxresidual < 1.00e-06
10 entries survived 

21 th thresholding

  breakyes=1.4,  maxresidual < 1.00e-06
10 entries survived 

22 th thresholding

  breakyes=1.0,  maxresidual < 1.00e-06
10 entries survived 

23 th thresholding

  breakyes=1.4,  maxresidual < 1.00e-06
10 entries survived 

24 th thresholding

  breakyes=1.0,  maxresidual < 1.00e-06
10 entries survived 

25 th thresholding

  breakyes=1.4,  maxresidual < 1.00e-06
10 entries survived 

26 th thresholding

  breakyes=1.0,  maxresidual < 1.00e-06
10 entries survived 

27 th thresholding

  breakyes=1.4,  maxresidual < 1.00e-06
10 entries survived 

28 th thresholding

  breakyes=1.0,  maxresidual < 1.00e-06
10 entries survived 

29 th thresholding

  breakyes=1.4,  maxresidual < 1.00e-06
10 entries survived 

30 th thresholding

  breakyes=1.0,  maxresidual < 1.00e-06
10 entries survived 

acc_vec =

    0.9620
    0.9820
    0.9820
    0.9780
    0.9720
    0.9740
    0.9740
    0.9740
    0.9740
    0.9740
    0.9740
    0.9740
    0.9740
    0.9740
    0.9740
    0.9740
    0.9740
    0.9740
    0.9740
    0.9740
    0.9740
    0.9740
    0.9740
    0.9740
    0.9740
    0.9740
    0.9740
    0.9740
    0.9740
    0.9740
    0.9740

acc =0.962000  0.982000  0.982000  0.978000  0.972000  0.974000  0.974000  0.974000  0.974000  0.974000  0.974000  0.974000  0.974000  0.974000  0.974000  0.974000  0.974000  0.974000  0.974000  0.974000  0.974000  0.974000  0.974000  0.974000  0.974000  0.974000  0.974000  0.974000  0.974000  0.974000  0.974000 

discov_true_vec =

    10
    10
    10
    10
    10
    10
    10
    10
    10
    10
    10
    10
    10
    10
    10
    10
    10
    10
    10
    10
    10
    10
    10
    10
    10
    10
    10
    10
    10
    10


discov_false_vec =

     3
     1
     0
     0
     0
     0
     0
     0
     0
     0
     0
     0
     0
     0
     0
     0
     0
     0
     0
     0
     0
     0
     0
     0
     0
     0
     0
     0
     0
     0


data =

  31x16 table

    rep    iter    sep    dim    rho     sparsity     acc     obj_prim    obj_dual    discov_true    discov_false    diff_x_tilde    diff_omega_diag    time_isee    time_SDP          jobdate       
    ___    ____    ___    ___    ____    ________    _____    ________    ________    ___________    ____________    ____________    _______________    _________    ________    ____________________

    49       0      4     250    0.05       10       0.962          0           0          0              0                  0                0               0            0     21-Mar-2024 09:58:56
    49       1      4     250    0.05       10       0.982    -4.3803     -4.3803         10              3             52.471           1.7057          13.636       27.382     21-Mar-2024 09:58:56
    49       2      4     250    0.05       10       0.982    -4.3906     -4.3906         10              1             51.768           1.6633          10.797       28.576     21-Mar-2024 09:58:56
    49       3      4     250    0.05       10       0.978    -4.3843     -4.3843         10              0             52.911           1.7246          10.036        18.11     21-Mar-2024 09:58:56
    49       4      4     250    0.05       10       0.972    -4.3906     -4.3905         10              0             52.336           1.6765          9.9589       28.607     21-Mar-2024 09:58:56
    49       5      4     250    0.05       10       0.974    -4.2174     -4.2174         10              0             53.073           1.7323          10.276       46.416     21-Mar-2024 09:58:56
    49       6      4     250    0.05       10       0.974    -4.2626     -4.2626         10              0             53.996           1.7753          10.179       19.367     21-Mar-2024 09:58:56
    49       7      4     250    0.05       10       0.974    -4.2928     -4.2927         10              0             52.704           1.7013          10.837       45.175     21-Mar-2024 09:58:56
    49       8      4     250    0.05       10       0.974    -4.2626     -4.2626         10              0             53.996           1.7753          10.397       19.008     21-Mar-2024 09:58:56
    49       9      4     250    0.05       10       0.974    -4.2928     -4.2927         10              0             52.704           1.7013          10.131       46.015     21-Mar-2024 09:58:56
    49      10      4     250    0.05       10       0.974    -4.2626     -4.2626         10              0             53.996           1.7753          9.9464       19.859     21-Mar-2024 09:58:56
    49      11      4     250    0.05       10       0.974    -4.2928     -4.2927         10              0             52.704           1.7013          10.278       43.543     21-Mar-2024 09:58:56
    49      12      4     250    0.05       10       0.974    -4.2626     -4.2626         10              0             53.996           1.7753          9.8518       19.124     21-Mar-2024 09:58:56
    49      13      4     250    0.05       10       0.974    -4.2928     -4.2927         10              0             52.704           1.7013          9.8983       42.018     21-Mar-2024 09:58:56
    49      14      4     250    0.05       10       0.974    -4.2626     -4.2626         10              0             53.996           1.7753          10.462       17.173     21-Mar-2024 09:58:56
    49      15      4     250    0.05       10       0.974    -4.2928     -4.2927         10              0             52.704           1.7013          9.9904       40.879     21-Mar-2024 09:58:56
    49      16      4     250    0.05       10       0.974    -4.2626     -4.2626         10              0             53.996           1.7753          10.013        19.09     21-Mar-2024 09:58:56
    49      17      4     250    0.05       10       0.974    -4.2928     -4.2927         10              0             52.704           1.7013              11       42.438     21-Mar-2024 09:58:56
    49      18      4     250    0.05       10       0.974    -4.2626     -4.2626         10              0             53.996           1.7753          10.756       19.356     21-Mar-2024 09:58:56
    49      19      4     250    0.05       10       0.974    -4.2928     -4.2927         10              0             52.704           1.7013          10.015       44.927     21-Mar-2024 09:58:56
    49      20      4     250    0.05       10       0.974    -4.2626     -4.2626         10              0             53.996           1.7753          10.075       19.563     21-Mar-2024 09:58:56
    49      21      4     250    0.05       10       0.974    -4.2928     -4.2927         10              0             52.704           1.7013          10.174        45.51     21-Mar-2024 09:58:56
    49      22      4     250    0.05       10       0.974    -4.2626     -4.2626         10              0             53.996           1.7753          9.8435       18.089     21-Mar-2024 09:58:56
    49      23      4     250    0.05       10       0.974    -4.2928     -4.2927         10              0             52.704           1.7013          10.064       45.522     21-Mar-2024 09:58:56
    49      24      4     250    0.05       10       0.974    -4.2626     -4.2626         10              0             53.996           1.7753          10.719       19.257     21-Mar-2024 09:58:56
    49      25      4     250    0.05       10       0.974    -4.2928     -4.2927         10              0             52.704           1.7013           10.06       44.046     21-Mar-2024 09:58:56
    49      26      4     250    0.05       10       0.974    -4.2626     -4.2626         10              0             53.996           1.7753          10.312       18.049     21-Mar-2024 09:58:56
    49      27      4     250    0.05       10       0.974    -4.2928     -4.2927         10              0             52.704           1.7013          10.428       45.222     21-Mar-2024 09:58:56
    49      28      4     250    0.05       10       0.974    -4.2626     -4.2626         10              0             53.996           1.7753          10.021       18.412     21-Mar-2024 09:58:56
    49      29      4     250    0.05       10       0.974    -4.2928     -4.2927         10              0             52.704           1.7013          10.647       45.809     21-Mar-2024 09:58:56
    49      30      4     250    0.05       10       0.974    -4.2626     -4.2626         10              0             53.996           1.7753          10.485       19.631     21-Mar-2024 09:58:56


rep =

    50

replication: (50)th 

thres=0.261968
1 th thresholding

  breakyes=1.4,  maxresidual < 1.00e-06
17 entries survived 

2 th thresholding

  breakyes=1.0,  maxresidual < 1.00e-06
17 entries survived 

3 th thresholding

  breakyes=1.4,  maxresidual < 1.00e-06
17 entries survived 

4 th thresholding

  breakyes=1.0,  maxresidual < 1.00e-06
17 entries survived 

5 th thresholding

  breakyes=1.0,  maxresidual < 1.00e-06
17 entries survived 

6 th thresholding

  breakyes=1.4,  maxresidual < 1.00e-06
17 entries survived 

7 th thresholding

  breakyes=1.0,  maxresidual < 1.00e-06
17 entries survived 

8 th thresholding

  breakyes=1.0,  maxresidual < 1.00e-06
17 entries survived 

9 th thresholding

  breakyes=1.4,  maxresidual < 1.00e-06
17 entries survived 

10 th thresholding

  breakyes=1.0,  maxresidual < 1.00e-06
17 entries survived 

11 th thresholding

  breakyes=1.4,  maxresidual < 1.00e-06
17 entries survived 

12 th thresholding

  breakyes=1.0,  maxresidual < 1.00e-06
17 entries survived 

13 th thresholding

  breakyes=1.4,  maxresidual < 1.00e-06
17 entries survived 

14 th thresholding

  breakyes=1.0,  maxresidual < 1.00e-06
17 entries survived 

15 th thresholding

  breakyes=1.4,  maxresidual < 1.00e-06
17 entries survived 

16 th thresholding

  breakyes=1.0,  maxresidual < 1.00e-06
17 entries survived 

17 th thresholding

  breakyes=1.4,  maxresidual < 1.00e-06
17 entries survived 

18 th thresholding

  breakyes=1.0,  maxresidual < 1.00e-06
17 entries survived 

19 th thresholding

  breakyes=1.4,  maxresidual < 1.00e-06
17 entries survived 

20 th thresholding

  breakyes=1.0,  maxresidual < 1.00e-06
17 entries survived 

21 th thresholding

  breakyes=1.0,  maxresidual < 1.00e-06
17 entries survived 

22 th thresholding

  breakyes=1.4,  maxresidual < 1.00e-06
17 entries survived 

23 th thresholding

  breakyes=1.0,  maxresidual < 1.00e-06
17 entries survived 

24 th thresholding

  breakyes=1.0,  maxresidual < 1.00e-06
17 entries survived 

25 th thresholding

  breakyes=1.4,  maxresidual < 1.00e-06
17 entries survived 

26 th thresholding

  breakyes=1.0,  maxresidual < 1.00e-06
17 entries survived 

27 th thresholding

  breakyes=1.4,  maxresidual < 1.00e-06
17 entries survived 

28 th thresholding

  breakyes=1.0,  maxresidual < 1.00e-06
17 entries survived 

29 th thresholding

  breakyes=1.4,  maxresidual < 1.00e-06
17 entries survived 

30 th thresholding

  breakyes=1.0,  maxresidual < 1.00e-06
17 entries survived 

acc_vec =

    0.9660
    0.9720
    0.9680
    0.9700
    0.9700
    0.9680
    0.9700
    0.9700
    0.9700
    0.9700
    0.9700
    0.9700
    0.9700
    0.9700
    0.9700
    0.9700
    0.9700
    0.9700
    0.9680
    0.9700
    0.9700
    0.9680
    0.9700
    0.9700
    0.9700
    0.9700
    0.9700
    0.9700
    0.9700
    0.9700
    0.9700

acc =0.966000  0.972000  0.968000  0.970000  0.970000  0.968000  0.970000  0.970000  0.970000  0.970000  0.970000  0.970000  0.970000  0.970000  0.970000  0.970000  0.970000  0.970000  0.968000  0.970000  0.970000  0.968000  0.970000  0.970000  0.970000  0.970000  0.970000  0.970000  0.970000  0.970000  0.970000 

discov_true_vec =

    10
    10
    10
    10
    10
    10
    10
    10
    10
    10
    10
    10
    10
    10
    10
    10
    10
    10
    10
    10
    10
    10
    10
    10
    10
    10
    10
    10
    10
    10


discov_false_vec =

     7
     7
     7
     7
     7
     7
     7
     7
     7
     7
     7
     7
     7
     7
     7
     7
     7
     7
     7
     7
     7
     7
     7
     7
     7
     7
     7
     7
     7
     7


data =

  31x16 table

    rep    iter    sep    dim    rho     sparsity     acc     obj_prim    obj_dual    discov_true    discov_false    diff_x_tilde    diff_omega_diag    time_isee    time_SDP          jobdate       
    ___    ____    ___    ___    ____    ________    _____    ________    ________    ___________    ____________    ____________    _______________    _________    ________    ____________________

    50       0      4     250    0.05       10       0.966          0           0          0              0                  0                0               0            0     21-Mar-2024 10:21:21
    50       1      4     250    0.05       10       0.972    -4.4367     -4.4367         10              7             54.705           1.8117          10.593       36.043     21-Mar-2024 10:21:21
    50       2      4     250    0.05       10       0.968    -4.7061     -4.7061         10              7             55.223           1.8722          10.335       16.745     21-Mar-2024 10:21:21
    50       3      4     250    0.05       10        0.97    -4.5719     -4.5719         10              7             55.029           1.8565          9.9566       54.052     21-Mar-2024 10:21:21
    50       4      4     250    0.05       10        0.97    -4.4647     -4.4648         10              7             54.752            1.862          10.779       25.035     21-Mar-2024 10:21:21
    50       5      4     250    0.05       10       0.968    -4.6481     -4.6481         10              7             55.541           1.8809          9.8729       24.597     21-Mar-2024 10:21:21
    50       6      4     250    0.05       10        0.97    -4.5719     -4.5719         10              7             55.029           1.8565          9.9559       55.743     21-Mar-2024 10:21:21
    50       7      4     250    0.05       10        0.97    -4.4647     -4.4648         10              7             54.752            1.862          10.502       25.178     21-Mar-2024 10:21:21
    50       8      4     250    0.05       10        0.97    -4.6481     -4.6481         10              7             55.541           1.8809          10.134       25.192     21-Mar-2024 10:21:21
    50       9      4     250    0.05       10        0.97    -4.4314     -4.4314         10              7              54.39            1.854          10.274       47.362     21-Mar-2024 10:21:21
    50      10      4     250    0.05       10        0.97    -4.6481     -4.6481         10              7             55.541           1.8809          10.093       24.863     21-Mar-2024 10:21:21
    50      11      4     250    0.05       10        0.97    -4.4314     -4.4314         10              7              54.39            1.854          9.8788       46.573     21-Mar-2024 10:21:21
    50      12      4     250    0.05       10        0.97    -4.6481     -4.6481         10              7             55.541           1.8809           10.09       24.497     21-Mar-2024 10:21:21
    50      13      4     250    0.05       10        0.97    -4.4314     -4.4314         10              7              54.39            1.854          9.8034        46.81     21-Mar-2024 10:21:21
    50      14      4     250    0.05       10        0.97    -4.6481     -4.6481         10              7             55.541           1.8809          10.173       24.434     21-Mar-2024 10:21:21
    50      15      4     250    0.05       10        0.97    -4.4314     -4.4314         10              7              54.39            1.854          10.152       48.946     21-Mar-2024 10:21:21
    50      16      4     250    0.05       10        0.97    -4.6481     -4.6481         10              7             55.541           1.8809          9.9554       24.495     21-Mar-2024 10:21:21
    50      17      4     250    0.05       10        0.97    -4.4314     -4.4314         10              7              54.39            1.854          9.7964       47.266     21-Mar-2024 10:21:21
    50      18      4     250    0.05       10       0.968    -4.6481     -4.6481         10              7             55.541           1.8809           9.944       24.778     21-Mar-2024 10:21:21
    50      19      4     250    0.05       10        0.97    -4.5719     -4.5719         10              7             55.029           1.8565            9.89       56.828     21-Mar-2024 10:21:21
    50      20      4     250    0.05       10        0.97    -4.4647     -4.4648         10              7             54.752            1.862          10.831       22.587     21-Mar-2024 10:21:21
    50      21      4     250    0.05       10       0.968    -4.6481     -4.6481         10              7             55.541           1.8809          10.172       23.022     21-Mar-2024 10:21:21
    50      22      4     250    0.05       10        0.97    -4.5719     -4.5719         10              7             55.029           1.8565          9.7204       50.381     21-Mar-2024 10:21:21
    50      23      4     250    0.05       10        0.97    -4.4647     -4.4648         10              7             54.752            1.862          10.188       25.607     21-Mar-2024 10:21:21
    50      24      4     250    0.05       10        0.97    -4.6481     -4.6481         10              7             55.541           1.8809          9.9082       25.391     21-Mar-2024 10:21:21
    50      25      4     250    0.05       10        0.97    -4.4314     -4.4314         10              7              54.39            1.854          10.413       48.464     21-Mar-2024 10:21:21
    50      26      4     250    0.05       10        0.97    -4.6481     -4.6481         10              7             55.541           1.8809          10.215        24.87     21-Mar-2024 10:21:21
    50      27      4     250    0.05       10        0.97    -4.4314     -4.4314         10              7              54.39            1.854          9.7898       46.787     21-Mar-2024 10:21:21
    50      28      4     250    0.05       10        0.97    -4.6481     -4.6481         10              7             55.541           1.8809          9.9413       23.261     21-Mar-2024 10:21:21
    50      29      4     250    0.05       10        0.97    -4.4314     -4.4314         10              7              54.39            1.854          10.223       46.124     21-Mar-2024 10:21:21
    50      30      4     250    0.05       10        0.97    -4.6481     -4.6481         10              7             55.541           1.8809          9.9678       25.327     21-Mar-2024 10:21:21


rep =

    51

replication: (51)th 

thres=0.261968
1 th thresholding

  breakyes=1.4,  maxresidual < 1.00e-06
13 entries survived 

2 th thresholding

  breakyes=1.4,  maxresidual < 1.00e-06
12 entries survived 

3 th thresholding

  breakyes=1.4,  maxresidual < 1.00e-06
12 entries survived 

4 th thresholding

  breakyes=1.4,  maxresidual < 1.00e-06
12 entries survived 

5 th thresholding

  breakyes=1.4,  maxresidual < 1.00e-06
12 entries survived 

6 th thresholding

  breakyes=1.4,  maxresidual < 1.00e-06
12 entries survived 

7 th thresholding

  breakyes=1.4,  maxresidual < 1.00e-06
12 entries survived 

8 th thresholding

  breakyes=1.4,  maxresidual < 1.00e-06
12 entries survived 

9 th thresholding

  breakyes=1.4,  maxresidual < 1.00e-06
12 entries survived 

10 th thresholding

  breakyes=1.4,  maxresidual < 1.00e-06
12 entries survived 

11 th thresholding

  breakyes=1.4,  maxresidual < 1.00e-06
12 entries survived 

12 th thresholding

  breakyes=1.4,  maxresidual < 1.00e-06
12 entries survived 

13 th thresholding

  breakyes=1.4,  maxresidual < 1.00e-06
12 entries survived 

14 th thresholding

  breakyes=1.4,  maxresidual < 1.00e-06
12 entries survived 

15 th thresholding

  breakyes=1.4,  maxresidual < 1.00e-06
12 entries survived 

16 th thresholding

  breakyes=1.4,  maxresidual < 1.00e-06
12 entries survived 

17 th thresholding

  breakyes=1.4,  maxresidual < 1.00e-06
12 entries survived 

18 th thresholding

  breakyes=1.4,  maxresidual < 1.00e-06
12 entries survived 

19 th thresholding

  breakyes=1.4,  maxresidual < 1.00e-06
12 entries survived 

20 th thresholding

  breakyes=1.4,  maxresidual < 1.00e-06
12 entries survived 

21 th thresholding

  breakyes=1.4,  maxresidual < 1.00e-06
12 entries survived 

22 th thresholding

  breakyes=1.4,  maxresidual < 1.00e-06
12 entries survived 

23 th thresholding

  breakyes=1.4,  maxresidual < 1.00e-06
12 entries survived 

24 th thresholding

  breakyes=1.4,  maxresidual < 1.00e-06
12 entries survived 

25 th thresholding

  breakyes=1.4,  maxresidual < 1.00e-06
12 entries survived 

26 th thresholding

  breakyes=1.4,  maxresidual < 1.00e-06
12 entries survived 

27 th thresholding

  breakyes=1.4,  maxresidual < 1.00e-06
12 entries survived 

28 th thresholding

  breakyes=1.4,  maxresidual < 1.00e-06
12 entries survived 

29 th thresholding

  breakyes=1.4,  maxresidual < 1.00e-06
12 entries survived 

30 th thresholding

  breakyes=1.4,  maxresidual < 1.00e-06
12 entries survived 

acc_vec =

    0.9620
    0.9700
    0.9700
    0.9680
    0.9680
    0.9680
    0.9680
    0.9680
    0.9680
    0.9680
    0.9680
    0.9680
    0.9680
    0.9680
    0.9680
    0.9680
    0.9680
    0.9680
    0.9680
    0.9680
    0.9680
    0.9680
    0.9680
    0.9680
    0.9680
    0.9680
    0.9680
    0.9680
    0.9680
    0.9680
    0.9680

acc =0.962000  0.970000  0.970000  0.968000  0.968000  0.968000  0.968000  0.968000  0.968000  0.968000  0.968000  0.968000  0.968000  0.968000  0.968000  0.968000  0.968000  0.968000  0.968000  0.968000  0.968000  0.968000  0.968000  0.968000  0.968000  0.968000  0.968000  0.968000  0.968000  0.968000  0.968000 

discov_true_vec =

    10
    10
    10
    10
    10
    10
    10
    10
    10
    10
    10
    10
    10
    10
    10
    10
    10
    10
    10
    10
    10
    10
    10
    10
    10
    10
    10
    10
    10
    10


discov_false_vec =

     3
     2
     2
     2
     2
     2
     2
     2
     2
     2
     2
     2
     2
     2
     2
     2
     2
     2
     2
     2
     2
     2
     2
     2
     2
     2
     2
     2
     2
     2


data =

  31x16 table

    rep    iter    sep    dim    rho     sparsity     acc     obj_prim    obj_dual    discov_true    discov_false    diff_x_tilde    diff_omega_diag    time_isee    time_SDP          jobdate       
    ___    ____    ___    ___    ____    ________    _____    ________    ________    ___________    ____________    ____________    _______________    _________    ________    ____________________

    51       0      4     250    0.05       10       0.962          0           0          0              0                  0                0               0            0     21-Mar-2024 10:39:35
    51       1      4     250    0.05       10        0.97    -3.7277     -3.7277         10              3             54.651           1.8219          10.117        67.29     21-Mar-2024 10:39:35
    51       2      4     250    0.05       10        0.97    -3.6798     -3.6798         10              2             54.655           1.8549          10.207       33.118     21-Mar-2024 10:39:35
    51       3      4     250    0.05       10       0.968    -3.7152     -3.7152         10              2             56.387           1.9354          10.029       29.021     21-Mar-2024 10:39:35
    51       4      4     250    0.05       10       0.968    -3.7173     -3.7173         10              2              57.04           1.9895          10.749       24.161     21-Mar-2024 10:39:35
    51       5      4     250    0.05       10       0.968    -3.7173     -3.7173         10              2              57.04           1.9895          9.9127       24.771     21-Mar-2024 10:39:35
    51       6      4     250    0.05       10       0.968    -3.7173     -3.7173         10              2              57.04           1.9895           10.17       25.077     21-Mar-2024 10:39:35
    51       7      4     250    0.05       10       0.968    -3.7173     -3.7173         10              2              57.04           1.9895            10.5       25.646     21-Mar-2024 10:39:35
    51       8      4     250    0.05       10       0.968    -3.7173     -3.7173         10              2              57.04           1.9895          10.226       25.429     21-Mar-2024 10:39:35
    51       9      4     250    0.05       10       0.968    -3.7173     -3.7173         10              2              57.04           1.9895          10.121        24.62     21-Mar-2024 10:39:35
    51      10      4     250    0.05       10       0.968    -3.7173     -3.7173         10              2              57.04           1.9895          10.021       24.382     21-Mar-2024 10:39:35
    51      11      4     250    0.05       10       0.968    -3.7173     -3.7173         10              2              57.04           1.9895          10.186       25.554     21-Mar-2024 10:39:35
    51      12      4     250    0.05       10       0.968    -3.7173     -3.7173         10              2              57.04           1.9895          11.111        25.47     21-Mar-2024 10:39:35
    51      13      4     250    0.05       10       0.968    -3.7173     -3.7173         10              2              57.04           1.9895          10.115       24.326     21-Mar-2024 10:39:35
    51      14      4     250    0.05       10       0.968    -3.7173     -3.7173         10              2              57.04           1.9895          10.258       24.663     21-Mar-2024 10:39:35
    51      15      4     250    0.05       10       0.968    -3.7173     -3.7173         10              2              57.04           1.9895          10.094       23.885     21-Mar-2024 10:39:35
    51      16      4     250    0.05       10       0.968    -3.7173     -3.7173         10              2              57.04           1.9895          10.298       22.303     21-Mar-2024 10:39:35
    51      17      4     250    0.05       10       0.968    -3.7173     -3.7173         10              2              57.04           1.9895          10.425       21.662     21-Mar-2024 10:39:35
    51      18      4     250    0.05       10       0.968    -3.7173     -3.7173         10              2              57.04           1.9895          10.264       22.049     21-Mar-2024 10:39:35
    51      19      4     250    0.05       10       0.968    -3.7173     -3.7173         10              2              57.04           1.9895          9.9263       22.197     21-Mar-2024 10:39:35
    51      20      4     250    0.05       10       0.968    -3.7173     -3.7173         10              2              57.04           1.9895          10.452       22.575     21-Mar-2024 10:39:35
    51      21      4     250    0.05       10       0.968    -3.7173     -3.7173         10              2              57.04           1.9895          10.538       22.103     21-Mar-2024 10:39:35
    51      22      4     250    0.05       10       0.968    -3.7173     -3.7173         10              2              57.04           1.9895          10.638       24.451     21-Mar-2024 10:39:35
    51      23      4     250    0.05       10       0.968    -3.7173     -3.7173         10              2              57.04           1.9895          10.206       24.535     21-Mar-2024 10:39:35
    51      24      4     250    0.05       10       0.968    -3.7173     -3.7173         10              2              57.04           1.9895          9.9726       26.496     21-Mar-2024 10:39:35
    51      25      4     250    0.05       10       0.968    -3.7173     -3.7173         10              2              57.04           1.9895          10.713       25.815     21-Mar-2024 10:39:35
    51      26      4     250    0.05       10       0.968    -3.7173     -3.7173         10              2              57.04           1.9895          9.9853       25.306     21-Mar-2024 10:39:35
    51      27      4     250    0.05       10       0.968    -3.7173     -3.7173         10              2              57.04           1.9895          10.787         25.3     21-Mar-2024 10:39:35
    51      28      4     250    0.05       10       0.968    -3.7173     -3.7173         10              2              57.04           1.9895          10.112       24.333     21-Mar-2024 10:39:35
    51      29      4     250    0.05       10       0.968    -3.7173     -3.7173         10              2              57.04           1.9895          10.055       23.613     21-Mar-2024 10:39:35
    51      30      4     250    0.05       10       0.968    -3.7173     -3.7173         10              2              57.04           1.9895          10.884        23.58     21-Mar-2024 10:39:35


rep =

    52

replication: (52)th 

thres=0.261968
1 th thresholding

  breakyes=1.0,  maxresidual < 1.00e-06
15 entries survived 

2 th thresholding

  breakyes=1.0,  maxresidual < 1.00e-06
13 entries survived 

3 th thresholding

  breakyes=1.0,  maxresidual < 1.00e-06
13 entries survived 

4 th thresholding

  breakyes=1.0,  maxresidual < 1.00e-06
14 entries survived 

5 th thresholding

  breakyes=1.0,  maxresidual < 1.00e-06
13 entries survived 

6 th thresholding

  breakyes=1.0,  maxresidual < 1.00e-06
14 entries survived 

7 th thresholding

  breakyes=1.0,  maxresidual < 1.00e-06
13 entries survived 

8 th thresholding

  breakyes=1.0,  maxresidual < 1.00e-06
14 entries survived 

9 th thresholding

  breakyes=1.0,  maxresidual < 1.00e-06
13 entries survived 

10 th thresholding

  breakyes=1.0,  maxresidual < 1.00e-06
14 entries survived 

11 th thresholding

  breakyes=1.0,  maxresidual < 1.00e-06
13 entries survived 

12 th thresholding

  breakyes=1.0,  maxresidual < 1.00e-06
14 entries survived 

13 th thresholding

  breakyes=1.0,  maxresidual < 1.00e-06
13 entries survived 

14 th thresholding

  breakyes=1.0,  maxresidual < 1.00e-06
14 entries survived 

15 th thresholding

  breakyes=1.0,  maxresidual < 1.00e-06
13 entries survived 

16 th thresholding

  breakyes=1.0,  maxresidual < 1.00e-06
14 entries survived 

17 th thresholding

  breakyes=1.0,  maxresidual < 1.00e-06
13 entries survived 

18 th thresholding

  breakyes=1.0,  maxresidual < 1.00e-06
14 entries survived 

19 th thresholding

  breakyes=1.0,  maxresidual < 1.00e-06
13 entries survived 

20 th thresholding

  breakyes=1.0,  maxresidual < 1.00e-06
14 entries survived 

21 th thresholding

  breakyes=1.0,  maxresidual < 1.00e-06
13 entries survived 

22 th thresholding

  breakyes=1.0,  maxresidual < 1.00e-06
14 entries survived 

23 th thresholding

  breakyes=1.0,  maxresidual < 1.00e-06
13 entries survived 

24 th thresholding

  breakyes=1.0,  maxresidual < 1.00e-06
14 entries survived 

25 th thresholding

  breakyes=1.0,  maxresidual < 1.00e-06
13 entries survived 

26 th thresholding

  breakyes=1.0,  maxresidual < 1.00e-06
14 entries survived 

27 th thresholding

  breakyes=1.0,  maxresidual < 1.00e-06
13 entries survived 

28 th thresholding

  breakyes=1.0,  maxresidual < 1.00e-06
14 entries survived 

29 th thresholding

  breakyes=1.0,  maxresidual < 1.00e-06
13 entries survived 

30 th thresholding

  breakyes=1.0,  maxresidual < 1.00e-06
14 entries survived 

acc_vec =

    0.9500
    0.9660
    0.9640
    0.9700
    0.9660
    0.9700
    0.9660
    0.9700
    0.9660
    0.9700
    0.9660
    0.9700
    0.9660
    0.9700
    0.9660
    0.9700
    0.9660
    0.9700
    0.9660
    0.9700
    0.9660
    0.9700
    0.9660
    0.9700
    0.9660
    0.9700
    0.9660
    0.9700
    0.9660
    0.9700
    0.9660

acc =0.950000  0.966000  0.964000  0.970000  0.966000  0.970000  0.966000  0.970000  0.966000  0.970000  0.966000  0.970000  0.966000  0.970000  0.966000  0.970000  0.966000  0.970000  0.966000  0.970000  0.966000  0.970000  0.966000  0.970000  0.966000  0.970000  0.966000  0.970000  0.966000  0.970000  0.966000 

discov_true_vec =

    10
    10
    10
    10
    10
    10
    10
    10
    10
    10
    10
    10
    10
    10
    10
    10
    10
    10
    10
    10
    10
    10
    10
    10
    10
    10
    10
    10
    10
    10


discov_false_vec =

     5
     3
     3
     4
     3
     4
     3
     4
     3
     4
     3
     4
     3
     4
     3
     4
     3
     4
     3
     4
     3
     4
     3
     4
     3
     4
     3
     4
     3
     4


data =

  31x16 table

    rep    iter    sep    dim    rho     sparsity     acc     obj_prim    obj_dual    discov_true    discov_false    diff_x_tilde    diff_omega_diag    time_isee    time_SDP          jobdate       
    ___    ____    ___    ___    ____    ________    _____    ________    ________    ___________    ____________    ____________    _______________    _________    ________    ____________________

    52       0      4     250    0.05       10        0.95          0           0          0              0                  0                0               0            0     21-Mar-2024 10:53:04
    52       1      4     250    0.05       10       0.966    -5.3307     -5.3307         10              5             55.699            1.876          11.059       31.725     21-Mar-2024 10:53:04
    52       2      4     250    0.05       10       0.964    -4.9823     -4.9823         10              3             55.078           1.8786          9.9282       25.778     21-Mar-2024 10:53:04
    52       3      4     250    0.05       10        0.97    -5.0178     -5.0178         10              3             55.123           1.8765          9.7607       9.6684     21-Mar-2024 10:53:04
    52       4      4     250    0.05       10       0.966    -5.1841     -5.1841         10              4             57.893            1.974          10.399       19.097     21-Mar-2024 10:53:04
    52       5      4     250    0.05       10        0.97    -5.0233     -5.0233         10              3             55.826           1.9135          9.9609       9.4896     21-Mar-2024 10:53:04
    52       6      4     250    0.05       10       0.966    -5.1841     -5.1841         10              4             57.893            1.974          10.172       19.164     21-Mar-2024 10:53:04
    52       7      4     250    0.05       10        0.97    -5.0233     -5.0233         10              3             55.826           1.9135          10.629       9.6778     21-Mar-2024 10:53:04
    52       8      4     250    0.05       10       0.966    -5.1841     -5.1841         10              4             57.893            1.974          10.143       19.779     21-Mar-2024 10:53:04
    52       9      4     250    0.05       10        0.97    -5.0233     -5.0233         10              3             55.826           1.9135          9.8811       11.093     21-Mar-2024 10:53:04
    52      10      4     250    0.05       10       0.966    -5.1841     -5.1841         10              4             57.893            1.974           9.671       21.842     21-Mar-2024 10:53:04
    52      11      4     250    0.05       10        0.97    -5.0233     -5.0233         10              3             55.826           1.9135          10.694       10.947     21-Mar-2024 10:53:04
    52      12      4     250    0.05       10       0.966    -5.1841     -5.1841         10              4             57.893            1.974           9.819       21.934     21-Mar-2024 10:53:04
    52      13      4     250    0.05       10        0.97    -5.0233     -5.0233         10              3             55.826           1.9135          10.032       11.573     21-Mar-2024 10:53:04
    52      14      4     250    0.05       10       0.966    -5.1841     -5.1841         10              4             57.893            1.974          10.272       21.251     21-Mar-2024 10:53:04
    52      15      4     250    0.05       10        0.97    -5.0233     -5.0233         10              3             55.826           1.9135          11.114       10.628     21-Mar-2024 10:53:04
    52      16      4     250    0.05       10       0.966    -5.1841     -5.1841         10              4             57.893            1.974          10.351       21.008     21-Mar-2024 10:53:04
    52      17      4     250    0.05       10        0.97    -5.0233     -5.0233         10              3             55.826           1.9135          10.255       10.693     21-Mar-2024 10:53:04
    52      18      4     250    0.05       10       0.966    -5.1841     -5.1841         10              4             57.893            1.974          9.9087       21.585     21-Mar-2024 10:53:04
    52      19      4     250    0.05       10        0.97    -5.0233     -5.0233         10              3             55.826           1.9135          9.9239       10.672     21-Mar-2024 10:53:04
    52      20      4     250    0.05       10       0.966    -5.1841     -5.1841         10              4             57.893            1.974           10.16       20.616     21-Mar-2024 10:53:04
    52      21      4     250    0.05       10        0.97    -5.0233     -5.0233         10              3             55.826           1.9135          10.127        11.04     21-Mar-2024 10:53:04
    52      22      4     250    0.05       10       0.966    -5.1841     -5.1841         10              4             57.893            1.974           9.747       21.192     21-Mar-2024 10:53:04
    52      23      4     250    0.05       10        0.97    -5.0233     -5.0233         10              3             55.826           1.9135          11.396       11.495     21-Mar-2024 10:53:04
    52      24      4     250    0.05       10       0.966    -5.1841     -5.1841         10              4             57.893            1.974          10.077       22.295     21-Mar-2024 10:53:04
    52      25      4     250    0.05       10        0.97    -5.0233     -5.0233         10              3             55.826           1.9135          9.9681       11.366     21-Mar-2024 10:53:04
    52      26      4     250    0.05       10       0.966    -5.1841     -5.1841         10              4             57.893            1.974          10.247       21.863     21-Mar-2024 10:53:04
    52      27      4     250    0.05       10        0.97    -5.0233     -5.0233         10              3             55.826           1.9135          10.431       11.601     21-Mar-2024 10:53:04
    52      28      4     250    0.05       10       0.966    -5.1841     -5.1841         10              4             57.893            1.974          9.6879       21.915     21-Mar-2024 10:53:04
    52      29      4     250    0.05       10        0.97    -5.0233     -5.0233         10              3             55.826           1.9135          10.334       10.874     21-Mar-2024 10:53:04
    52      30      4     250    0.05       10       0.966    -5.1841     -5.1841         10              4             57.893            1.974          9.7893       21.459     21-Mar-2024 10:53:04

