==========================================
SLURM_JOB_ID = 20378486
SLURM_JOB_NODELIST = b22-16
TMPDIR = /tmp/SLURM_20378486
==========================================
hello
Starting parallel pool (parpool) ...
Connected to the parallel pool (number of workers: 15).

pool = 

 ProcessPool with properties: 

            Connected: true
           NumWorkers: 15
                 Busy: false
              Cluster: Local
        AttachedFiles: {}
    AutoAddClientPath: true
            FileStore: [1x1 parallel.FileStore]
           ValueStore: [1x1 parallel.ValueStore]
          IdleTimeout: 30 minutes (30 minutes remaining)
          SpmdEnabled: true


p =

   400


Delta =

     6


s =

    10


n =

   500


ii =

     9


table_name =

    'sparse_kmeans_isee_denoise'


conn = 

  sqlite with properties:

      Database: '/home1/jongminm/sparse_kmeans/sparse_kmeans.db'
    IsReadOnly: 0
    AutoCommit: 'on'


rho =

    0.0500


M =

    0.9901

delta confirmed: 6.000000
ans =

    5.7507


rep =

    33

replication: (33)th 

thres=0.272890
1 th thresholding

  breakyes=3.1,  primfeasorg deteriorated too much: primfeasorg=2.16e-05,dualfeasorg=9.36e-07
12 entries survived 

2 th thresholding

  breakyes = 1.0,  maxresidual < 1.00e-04  breakyes=3.2,  dualfeasorg deteriorated too much: primfeasorg=5.95e-04,dualfeasorg=6.06e-03
12 entries survived 

3 th thresholding

  breakyes = 1.0,  maxresidual < 1.00e-04  breakyes=3.2,  dualfeasorg deteriorated too much: primfeasorg=5.95e-04,dualfeasorg=6.06e-03
12 entries survived 

4 th thresholding

  breakyes = 1.0,  maxresidual < 1.00e-04  breakyes=3.2,  dualfeasorg deteriorated too much: primfeasorg=5.95e-04,dualfeasorg=6.06e-03
12 entries survived 

5 th thresholding

  breakyes = 1.0,  maxresidual < 1.00e-04  breakyes=3.2,  dualfeasorg deteriorated too much: primfeasorg=5.95e-04,dualfeasorg=6.06e-03
12 entries survived 

6 th thresholding

  breakyes = 1.0,  maxresidual < 1.00e-04  breakyes=3.2,  dualfeasorg deteriorated too much: primfeasorg=5.95e-04,dualfeasorg=6.06e-03
12 entries survived 

7 th thresholding

  breakyes = 1.0,  maxresidual < 1.00e-04  breakyes=3.2,  dualfeasorg deteriorated too much: primfeasorg=5.95e-04,dualfeasorg=6.06e-03
12 entries survived 

8 th thresholding

  breakyes = 1.0,  maxresidual < 1.00e-04  breakyes=3.2,  dualfeasorg deteriorated too much: primfeasorg=5.95e-04,dualfeasorg=6.06e-03
12 entries survived 

9 th thresholding

  breakyes = 1.0,  maxresidual < 1.00e-04  breakyes=3.2,  dualfeasorg deteriorated too much: primfeasorg=5.95e-04,dualfeasorg=6.06e-03
12 entries survived 

10 th thresholding

  breakyes = 1.0,  maxresidual < 1.00e-04  breakyes=3.2,  dualfeasorg deteriorated too much: primfeasorg=5.95e-04,dualfeasorg=6.06e-03
12 entries survived 

11 th thresholding

  breakyes = 1.0,  maxresidual < 1.00e-04  breakyes=3.2,  dualfeasorg deteriorated too much: primfeasorg=5.95e-04,dualfeasorg=6.06e-03
12 entries survived 

12 th thresholding

  breakyes = 1.0,  maxresidual < 1.00e-04  breakyes=3.2,  dualfeasorg deteriorated too much: primfeasorg=5.95e-04,dualfeasorg=6.06e-03
12 entries survived 

13 th thresholding

  breakyes = 1.0,  maxresidual < 1.00e-04  breakyes=3.2,  dualfeasorg deteriorated too much: primfeasorg=5.95e-04,dualfeasorg=6.06e-03
12 entries survived 

14 th thresholding

  breakyes = 1.0,  maxresidual < 1.00e-04  breakyes=3.2,  dualfeasorg deteriorated too much: primfeasorg=5.95e-04,dualfeasorg=6.06e-03
12 entries survived 

15 th thresholding

  breakyes = 1.0,  maxresidual < 1.00e-04  breakyes=3.2,  dualfeasorg deteriorated too much: primfeasorg=5.95e-04,dualfeasorg=6.06e-03
12 entries survived 

16 th thresholding

  breakyes = 1.0,  maxresidual < 1.00e-04  breakyes=3.2,  dualfeasorg deteriorated too much: primfeasorg=5.95e-04,dualfeasorg=6.06e-03
12 entries survived 

17 th thresholding

  breakyes = 1.0,  maxresidual < 1.00e-04  breakyes=3.2,  dualfeasorg deteriorated too much: primfeasorg=5.95e-04,dualfeasorg=6.06e-03
12 entries survived 

18 th thresholding

  breakyes = 1.0,  maxresidual < 1.00e-04  breakyes=3.2,  dualfeasorg deteriorated too much: primfeasorg=5.95e-04,dualfeasorg=6.06e-03
12 entries survived 

19 th thresholding

  breakyes = 1.0,  maxresidual < 1.00e-04  breakyes=3.2,  dualfeasorg deteriorated too much: primfeasorg=5.95e-04,dualfeasorg=6.06e-03
12 entries survived 

20 th thresholding

  breakyes = 1.0,  maxresidual < 1.00e-04  breakyes=3.2,  dualfeasorg deteriorated too much: primfeasorg=5.95e-04,dualfeasorg=6.06e-03
12 entries survived 

21 th thresholding

  breakyes = 1.0,  maxresidual < 1.00e-04  breakyes=3.2,  dualfeasorg deteriorated too much: primfeasorg=5.95e-04,dualfeasorg=6.06e-03
12 entries survived 

22 th thresholding

  breakyes = 1.0,  maxresidual < 1.00e-04  breakyes=3.2,  dualfeasorg deteriorated too much: primfeasorg=5.95e-04,dualfeasorg=6.06e-03
12 entries survived 

23 th thresholding

  breakyes = 1.0,  maxresidual < 1.00e-04  breakyes=3.2,  dualfeasorg deteriorated too much: primfeasorg=5.95e-04,dualfeasorg=6.06e-03
12 entries survived 

24 th thresholding

  breakyes = 1.0,  maxresidual < 1.00e-04  breakyes=3.2,  dualfeasorg deteriorated too much: primfeasorg=5.95e-04,dualfeasorg=6.06e-03
12 entries survived 

25 th thresholding

  breakyes = 1.0,  maxresidual < 1.00e-04  breakyes=3.2,  dualfeasorg deteriorated too much: primfeasorg=5.95e-04,dualfeasorg=6.06e-03
12 entries survived 

26 th thresholding

  breakyes = 1.0,  maxresidual < 1.00e-04  breakyes=3.2,  dualfeasorg deteriorated too much: primfeasorg=5.95e-04,dualfeasorg=6.06e-03
12 entries survived 

27 th thresholding

  breakyes = 1.0,  maxresidual < 1.00e-04  breakyes=3.2,  dualfeasorg deteriorated too much: primfeasorg=5.95e-04,dualfeasorg=6.06e-03
12 entries survived 

28 th thresholding

  breakyes = 1.0,  maxresidual < 1.00e-04  breakyes=3.2,  dualfeasorg deteriorated too much: primfeasorg=5.95e-04,dualfeasorg=6.06e-03
12 entries survived 

29 th thresholding

  breakyes = 1.0,  maxresidual < 1.00e-04  breakyes=3.2,  dualfeasorg deteriorated too much: primfeasorg=5.95e-04,dualfeasorg=6.06e-03
12 entries survived 

30 th thresholding

  breakyes = 1.0,  maxresidual < 1.00e-04  breakyes=3.2,  dualfeasorg deteriorated too much: primfeasorg=5.95e-04,dualfeasorg=6.06e-03
12 entries survived 

acc_vec =

    0.9940
    0.9980
    0.9980
    0.9980
    0.9980
    0.9980
    0.9980
    0.9980
    0.9980
    0.9980
    0.9980
    0.9980
    0.9980
    0.9980
    0.9980
    0.9980
    0.9980
    0.9980
    0.9980
    0.9980
    0.9980
    0.9980
    0.9980
    0.9980
    0.9980
    0.9980
    0.9980
    0.9980
    0.9980
    0.9980
    0.9980

acc =0.994000  0.998000  0.998000  0.998000  0.998000  0.998000  0.998000  0.998000  0.998000  0.998000  0.998000  0.998000  0.998000  0.998000  0.998000  0.998000  0.998000  0.998000  0.998000  0.998000  0.998000  0.998000  0.998000  0.998000  0.998000  0.998000  0.998000  0.998000  0.998000  0.998000  0.998000 

discov_true_vec =

    10
    10
    10
    10
    10
    10
    10
    10
    10
    10
    10
    10
    10
    10
    10
    10
    10
    10
    10
    10
    10
    10
    10
    10
    10
    10
    10
    10
    10
    10


discov_false_vec =

     2
     2
     2
     2
     2
     2
     2
     2
     2
     2
     2
     2
     2
     2
     2
     2
     2
     2
     2
     2
     2
     2
     2
     2
     2
     2
     2
     2
     2
     2


data =

  31x16 table

    rep    iter    sep    dim    rho     sparsity     acc     obj_prim    obj_dual    discov_true    discov_false    diff_x_tilde    diff_omega_diag    time_isee    time_SDP          jobdate       
    ___    ____    ___    ___    ____    ________    _____    ________    ________    ___________    ____________    ____________    _______________    _________    ________    ____________________

    33       0      6     400    0.05       10       0.994          0           0          0              0                  0                0               0            0     21-Mar-2024 14:46:54
    33       1      6     400    0.05       10       0.998    -10.439      -10.44         10              2              71.85             2.56          22.776       64.184     21-Mar-2024 14:46:54
    33       2      6     400    0.05       10       0.998    -9.8115     -9.8143         10              2             71.652           2.5695          19.736       15.368     21-Mar-2024 14:46:54
    33       3      6     400    0.05       10       0.998    -9.8115     -9.8143         10              2             71.652           2.5695          19.886       12.767     21-Mar-2024 14:46:54
    33       4      6     400    0.05       10       0.998    -9.8115     -9.8143         10              2             71.652           2.5695          19.709       13.305     21-Mar-2024 14:46:54
    33       5      6     400    0.05       10       0.998    -9.8115     -9.8143         10              2             71.652           2.5695           20.82       14.159     21-Mar-2024 14:46:54
    33       6      6     400    0.05       10       0.998    -9.8115     -9.8143         10              2             71.652           2.5695          20.557       14.177     21-Mar-2024 14:46:54
    33       7      6     400    0.05       10       0.998    -9.8115     -9.8143         10              2             71.652           2.5695          19.766       13.286     21-Mar-2024 14:46:54
    33       8      6     400    0.05       10       0.998    -9.8115     -9.8143         10              2             71.652           2.5695          20.192       13.343     21-Mar-2024 14:46:54
    33       9      6     400    0.05       10       0.998    -9.8115     -9.8143         10              2             71.652           2.5695          19.412       11.095     21-Mar-2024 14:46:54
    33      10      6     400    0.05       10       0.998    -9.8115     -9.8143         10              2             71.652           2.5695          19.973       13.837     21-Mar-2024 14:46:54
    33      11      6     400    0.05       10       0.998    -9.8115     -9.8143         10              2             71.652           2.5695          19.618       12.055     21-Mar-2024 14:46:54
    33      12      6     400    0.05       10       0.998    -9.8115     -9.8143         10              2             71.652           2.5695           19.85       12.027     21-Mar-2024 14:46:54
    33      13      6     400    0.05       10       0.998    -9.8115     -9.8143         10              2             71.652           2.5695           19.94       13.129     21-Mar-2024 14:46:54
    33      14      6     400    0.05       10       0.998    -9.8115     -9.8143         10              2             71.652           2.5695          19.264       11.206     21-Mar-2024 14:46:54
    33      15      6     400    0.05       10       0.998    -9.8115     -9.8143         10              2             71.652           2.5695          20.086       11.598     21-Mar-2024 14:46:54
    33      16      6     400    0.05       10       0.998    -9.8115     -9.8143         10              2             71.652           2.5695          19.288       11.208     21-Mar-2024 14:46:54
    33      17      6     400    0.05       10       0.998    -9.8115     -9.8143         10              2             71.652           2.5695          19.987       14.027     21-Mar-2024 14:46:54
    33      18      6     400    0.05       10       0.998    -9.8115     -9.8143         10              2             71.652           2.5695          19.042       13.789     21-Mar-2024 14:46:54
    33      19      6     400    0.05       10       0.998    -9.8115     -9.8143         10              2             71.652           2.5695          21.686       12.383     21-Mar-2024 14:46:54
    33      20      6     400    0.05       10       0.998    -9.8115     -9.8143         10              2             71.652           2.5695          20.676       14.419     21-Mar-2024 14:46:54
    33      21      6     400    0.05       10       0.998    -9.8115     -9.8143         10              2             71.652           2.5695          20.827        14.56     21-Mar-2024 14:46:54
    33      22      6     400    0.05       10       0.998    -9.8115     -9.8143         10              2             71.652           2.5695          20.845       13.287     21-Mar-2024 14:46:54
    33      23      6     400    0.05       10       0.998    -9.8115     -9.8143         10              2             71.652           2.5695          20.243        13.87     21-Mar-2024 14:46:54
    33      24      6     400    0.05       10       0.998    -9.8115     -9.8143         10              2             71.652           2.5695          19.446       12.718     21-Mar-2024 14:46:54
    33      25      6     400    0.05       10       0.998    -9.8115     -9.8143         10              2             71.652           2.5695          19.537       13.609     21-Mar-2024 14:46:54
    33      26      6     400    0.05       10       0.998    -9.8115     -9.8143         10              2             71.652           2.5695          19.215        13.45     21-Mar-2024 14:46:54
    33      27      6     400    0.05       10       0.998    -9.8115     -9.8143         10              2             71.652           2.5695          19.831       14.294     21-Mar-2024 14:46:54
    33      28      6     400    0.05       10       0.998    -9.8115     -9.8143         10              2             71.652           2.5695          19.774       13.787     21-Mar-2024 14:46:54
    33      29      6     400    0.05       10       0.998    -9.8115     -9.8143         10              2             71.652           2.5695          19.243       14.013     21-Mar-2024 14:46:54
    33      30      6     400    0.05       10       0.998    -9.8115     -9.8143         10              2             71.652           2.5695          21.164       13.513     21-Mar-2024 14:46:54


rep =

    34

replication: (34)th 

thres=0.272890
1 th thresholding

  breakyes=3.1,  primfeasorg deteriorated too much: primfeasorg=6.21e-06,dualfeasorg=3.57e-06
14 entries survived 

2 th thresholding

  breakyes=1.0,  maxresidual < 1.00e-06
13 entries survived 

3 th thresholding

  breakyes=1.0,  maxresidual < 1.00e-06
13 entries survived 

4 th thresholding

  breakyes=1.0,  maxresidual < 1.00e-06
13 entries survived 

5 th thresholding

  breakyes=1.0,  maxresidual < 1.00e-06
13 entries survived 

6 th thresholding

  breakyes=1.0,  maxresidual < 1.00e-06
13 entries survived 

7 th thresholding

  breakyes=1.0,  maxresidual < 1.00e-06
13 entries survived 

8 th thresholding

  breakyes=1.0,  maxresidual < 1.00e-06
13 entries survived 

9 th thresholding

  breakyes=1.0,  maxresidual < 1.00e-06
13 entries survived 

10 th thresholding

  breakyes=1.0,  maxresidual < 1.00e-06
13 entries survived 

11 th thresholding

  breakyes=1.0,  maxresidual < 1.00e-06
13 entries survived 

12 th thresholding

  breakyes=1.0,  maxresidual < 1.00e-06
13 entries survived 

13 th thresholding

  breakyes=1.0,  maxresidual < 1.00e-06
13 entries survived 

14 th thresholding

  breakyes=1.0,  maxresidual < 1.00e-06
13 entries survived 

15 th thresholding

  breakyes=1.0,  maxresidual < 1.00e-06
13 entries survived 

16 th thresholding

  breakyes=1.0,  maxresidual < 1.00e-06
13 entries survived 

17 th thresholding

  breakyes=1.0,  maxresidual < 1.00e-06
13 entries survived 

18 th thresholding

  breakyes=1.0,  maxresidual < 1.00e-06
13 entries survived 

19 th thresholding

  breakyes=1.0,  maxresidual < 1.00e-06
13 entries survived 

20 th thresholding

  breakyes=1.0,  maxresidual < 1.00e-06
13 entries survived 

21 th thresholding

  breakyes=1.0,  maxresidual < 1.00e-06
13 entries survived 

22 th thresholding

  breakyes=1.0,  maxresidual < 1.00e-06
13 entries survived 

23 th thresholding

  breakyes=1.0,  maxresidual < 1.00e-06
13 entries survived 

24 th thresholding

  breakyes=1.0,  maxresidual < 1.00e-06
13 entries survived 

25 th thresholding

  breakyes=1.0,  maxresidual < 1.00e-06
13 entries survived 

26 th thresholding

  breakyes=1.0,  maxresidual < 1.00e-06
13 entries survived 

27 th thresholding

  breakyes=1.0,  maxresidual < 1.00e-06
13 entries survived 

28 th thresholding

  breakyes=1.0,  maxresidual < 1.00e-06
13 entries survived 

29 th thresholding

  breakyes=1.0,  maxresidual < 1.00e-06
13 entries survived 

30 th thresholding

  breakyes=1.0,  maxresidual < 1.00e-06
13 entries survived 

acc_vec =

    0.9960
    0.9980
    0.9980
    0.9980
    0.9980
    0.9980
    0.9980
    0.9980
    0.9980
    0.9980
    0.9980
    0.9980
    0.9980
    0.9980
    0.9980
    0.9980
    0.9980
    0.9980
    0.9980
    0.9980
    0.9980
    0.9980
    0.9980
    0.9980
    0.9980
    0.9980
    0.9980
    0.9980
    0.9980
    0.9980
    0.9980

acc =0.996000  0.998000  0.998000  0.998000  0.998000  0.998000  0.998000  0.998000  0.998000  0.998000  0.998000  0.998000  0.998000  0.998000  0.998000  0.998000  0.998000  0.998000  0.998000  0.998000  0.998000  0.998000  0.998000  0.998000  0.998000  0.998000  0.998000  0.998000  0.998000  0.998000  0.998000 

discov_true_vec =

    10
    10
    10
    10
    10
    10
    10
    10
    10
    10
    10
    10
    10
    10
    10
    10
    10
    10
    10
    10
    10
    10
    10
    10
    10
    10
    10
    10
    10
    10


discov_false_vec =

     4
     3
     3
     3
     3
     3
     3
     3
     3
     3
     3
     3
     3
     3
     3
     3
     3
     3
     3
     3
     3
     3
     3
     3
     3
     3
     3
     3
     3
     3


data =

  31x16 table

    rep    iter    sep    dim    rho     sparsity     acc     obj_prim    obj_dual    discov_true    discov_false    diff_x_tilde    diff_omega_diag    time_isee    time_SDP          jobdate       
    ___    ____    ___    ___    ____    ________    _____    ________    ________    ___________    ____________    ____________    _______________    _________    ________    ____________________

    34       0      6     400    0.05       10       0.996          0           0          0              0                  0                0               0            0     21-Mar-2024 15:17:46
    34       1      6     400    0.05       10       0.998    -10.871      -10.87         10              4             71.565           2.5428          19.829       41.632     21-Mar-2024 15:17:46
    34       2      6     400    0.05       10       0.998    -11.597     -11.597         10              3             71.663           2.5501          21.016       45.188     21-Mar-2024 15:17:46
    34       3      6     400    0.05       10       0.998    -11.597     -11.597         10              3             71.663           2.5501          21.146       42.619     21-Mar-2024 15:17:46
    34       4      6     400    0.05       10       0.998    -11.597     -11.597         10              3             71.663           2.5501          20.303       44.707     21-Mar-2024 15:17:46
    34       5      6     400    0.05       10       0.998    -11.597     -11.597         10              3             71.663           2.5501          20.433       47.069     21-Mar-2024 15:17:46
    34       6      6     400    0.05       10       0.998    -11.597     -11.597         10              3             71.663           2.5501          20.261       45.429     21-Mar-2024 15:17:46
    34       7      6     400    0.05       10       0.998    -11.597     -11.597         10              3             71.663           2.5501          22.075        37.07     21-Mar-2024 15:17:46
    34       8      6     400    0.05       10       0.998    -11.597     -11.597         10              3             71.663           2.5501          20.041        35.65     21-Mar-2024 15:17:46
    34       9      6     400    0.05       10       0.998    -11.597     -11.597         10              3             71.663           2.5501          21.383       34.437     21-Mar-2024 15:17:46
    34      10      6     400    0.05       10       0.998    -11.597     -11.597         10              3             71.663           2.5501          21.458       40.049     21-Mar-2024 15:17:46
    34      11      6     400    0.05       10       0.998    -11.597     -11.597         10              3             71.663           2.5501          20.062       37.647     21-Mar-2024 15:17:46
    34      12      6     400    0.05       10       0.998    -11.597     -11.597         10              3             71.663           2.5501          20.161       35.594     21-Mar-2024 15:17:46
    34      13      6     400    0.05       10       0.998    -11.597     -11.597         10              3             71.663           2.5501          20.514       38.806     21-Mar-2024 15:17:46
    34      14      6     400    0.05       10       0.998    -11.597     -11.597         10              3             71.663           2.5501          20.272        44.56     21-Mar-2024 15:17:46
    34      15      6     400    0.05       10       0.998    -11.597     -11.597         10              3             71.663           2.5501          20.883       34.518     21-Mar-2024 15:17:46
    34      16      6     400    0.05       10       0.998    -11.597     -11.597         10              3             71.663           2.5501          20.687       42.333     21-Mar-2024 15:17:46
    34      17      6     400    0.05       10       0.998    -11.597     -11.597         10              3             71.663           2.5501          21.311       46.047     21-Mar-2024 15:17:46
    34      18      6     400    0.05       10       0.998    -11.597     -11.597         10              3             71.663           2.5501          20.772       48.834     21-Mar-2024 15:17:46
    34      19      6     400    0.05       10       0.998    -11.597     -11.597         10              3             71.663           2.5501          20.744       41.508     21-Mar-2024 15:17:46
    34      20      6     400    0.05       10       0.998    -11.597     -11.597         10              3             71.663           2.5501          20.405       44.213     21-Mar-2024 15:17:46
    34      21      6     400    0.05       10       0.998    -11.597     -11.597         10              3             71.663           2.5501            20.9       39.803     21-Mar-2024 15:17:46
    34      22      6     400    0.05       10       0.998    -11.597     -11.597         10              3             71.663           2.5501          21.511       49.516     21-Mar-2024 15:17:46
    34      23      6     400    0.05       10       0.998    -11.597     -11.597         10              3             71.663           2.5501          20.445       45.877     21-Mar-2024 15:17:46
    34      24      6     400    0.05       10       0.998    -11.597     -11.597         10              3             71.663           2.5501          20.138       39.053     21-Mar-2024 15:17:46
    34      25      6     400    0.05       10       0.998    -11.597     -11.597         10              3             71.663           2.5501          20.311       40.805     21-Mar-2024 15:17:46
    34      26      6     400    0.05       10       0.998    -11.597     -11.597         10              3             71.663           2.5501          21.198       47.027     21-Mar-2024 15:17:46
    34      27      6     400    0.05       10       0.998    -11.597     -11.597         10              3             71.663           2.5501          20.676        39.93     21-Mar-2024 15:17:46
    34      28      6     400    0.05       10       0.998    -11.597     -11.597         10              3             71.663           2.5501          20.906       34.218     21-Mar-2024 15:17:46
    34      29      6     400    0.05       10       0.998    -11.597     -11.597         10              3             71.663           2.5501          20.182        34.94     21-Mar-2024 15:17:46
    34      30      6     400    0.05       10       0.998    -11.597     -11.597         10              3             71.663           2.5501          19.874       32.541     21-Mar-2024 15:17:46


rep =

    35

replication: (35)th 

thres=0.272890
1 th thresholding

  breakyes = 1.0,  maxresidual < 1.00e-04  breakyes=3.2,  dualfeasorg deteriorated too much: primfeasorg=6.56e-05,dualfeasorg=2.29e-04
13 entries survived 

2 th thresholding

  breakyes = 1.0,  maxresidual < 1.00e-04  breakyes=1.0,  maxresidual < 1.00e-06
13 entries survived 

3 th thresholding

  breakyes = 1.0,  maxresidual < 1.00e-04  breakyes=1.0,  maxresidual < 1.00e-06
13 entries survived 

4 th thresholding

  breakyes = 1.0,  maxresidual < 1.00e-04  breakyes=1.0,  maxresidual < 1.00e-06
13 entries survived 

5 th thresholding

  breakyes = 1.0,  maxresidual < 1.00e-04  breakyes=1.0,  maxresidual < 1.00e-06
13 entries survived 

6 th thresholding

  breakyes = 1.0,  maxresidual < 1.00e-04  breakyes=1.0,  maxresidual < 1.00e-06
13 entries survived 

7 th thresholding

  breakyes = 1.0,  maxresidual < 1.00e-04  breakyes=1.0,  maxresidual < 1.00e-06
13 entries survived 

8 th thresholding

  breakyes = 1.0,  maxresidual < 1.00e-04  breakyes=1.0,  maxresidual < 1.00e-06
13 entries survived 

9 th thresholding

  breakyes = 1.0,  maxresidual < 1.00e-04  breakyes=1.0,  maxresidual < 1.00e-06
13 entries survived 

10 th thresholding

  breakyes = 1.0,  maxresidual < 1.00e-04  breakyes=1.0,  maxresidual < 1.00e-06
13 entries survived 

11 th thresholding

  breakyes = 1.0,  maxresidual < 1.00e-04  breakyes=1.0,  maxresidual < 1.00e-06
13 entries survived 

12 th thresholding

  breakyes = 1.0,  maxresidual < 1.00e-04  breakyes=1.0,  maxresidual < 1.00e-06
13 entries survived 

13 th thresholding

  breakyes = 1.0,  maxresidual < 1.00e-04  breakyes=1.0,  maxresidual < 1.00e-06
13 entries survived 

14 th thresholding

  breakyes = 1.0,  maxresidual < 1.00e-04  breakyes=1.0,  maxresidual < 1.00e-06
13 entries survived 

15 th thresholding

  breakyes = 1.0,  maxresidual < 1.00e-04  breakyes=1.0,  maxresidual < 1.00e-06
13 entries survived 

16 th thresholding

  breakyes = 1.0,  maxresidual < 1.00e-04  breakyes=1.0,  maxresidual < 1.00e-06
13 entries survived 

17 th thresholding

  breakyes = 1.0,  maxresidual < 1.00e-04  breakyes=1.0,  maxresidual < 1.00e-06
13 entries survived 

18 th thresholding

  breakyes = 1.0,  maxresidual < 1.00e-04  breakyes=1.0,  maxresidual < 1.00e-06
13 entries survived 

19 th thresholding

  breakyes = 1.0,  maxresidual < 1.00e-04  breakyes=1.0,  maxresidual < 1.00e-06
13 entries survived 

20 th thresholding

  breakyes = 1.0,  maxresidual < 1.00e-04  breakyes=1.0,  maxresidual < 1.00e-06
13 entries survived 

21 th thresholding

  breakyes = 1.0,  maxresidual < 1.00e-04  breakyes=1.0,  maxresidual < 1.00e-06
13 entries survived 

22 th thresholding

  breakyes = 1.0,  maxresidual < 1.00e-04  breakyes=1.0,  maxresidual < 1.00e-06
13 entries survived 

23 th thresholding

  breakyes = 1.0,  maxresidual < 1.00e-04  breakyes=1.0,  maxresidual < 1.00e-06
13 entries survived 

24 th thresholding

  breakyes = 1.0,  maxresidual < 1.00e-04  breakyes=1.0,  maxresidual < 1.00e-06
13 entries survived 

25 th thresholding

  breakyes = 1.0,  maxresidual < 1.00e-04  breakyes=1.0,  maxresidual < 1.00e-06
13 entries survived 

26 th thresholding

  breakyes = 1.0,  maxresidual < 1.00e-04  breakyes=1.0,  maxresidual < 1.00e-06
13 entries survived 

27 th thresholding

  breakyes = 1.0,  maxresidual < 1.00e-04  breakyes=1.0,  maxresidual < 1.00e-06
13 entries survived 

28 th thresholding

  breakyes = 1.0,  maxresidual < 1.00e-04  breakyes=1.0,  maxresidual < 1.00e-06
13 entries survived 

29 th thresholding

  breakyes = 1.0,  maxresidual < 1.00e-04  breakyes=1.0,  maxresidual < 1.00e-06
13 entries survived 

30 th thresholding

  breakyes = 1.0,  maxresidual < 1.00e-04  breakyes=1.0,  maxresidual < 1.00e-06
13 entries survived 

acc_vec =

    0.9980
    1.0000
    1.0000
    1.0000
    1.0000
    1.0000
    1.0000
    1.0000
    1.0000
    1.0000
    1.0000
    1.0000
    1.0000
    1.0000
    1.0000
    1.0000
    1.0000
    1.0000
    1.0000
    1.0000
    1.0000
    1.0000
    1.0000
    1.0000
    1.0000
    1.0000
    1.0000
    1.0000
    1.0000
    1.0000
    1.0000

acc =0.998000  1.000000  1.000000  1.000000  1.000000  1.000000  1.000000  1.000000  1.000000  1.000000  1.000000  1.000000  1.000000  1.000000  1.000000  1.000000  1.000000  1.000000  1.000000  1.000000  1.000000  1.000000  1.000000  1.000000  1.000000  1.000000  1.000000  1.000000  1.000000  1.000000  1.000000 

discov_true_vec =

    10
    10
    10
    10
    10
    10
    10
    10
    10
    10
    10
    10
    10
    10
    10
    10
    10
    10
    10
    10
    10
    10
    10
    10
    10
    10
    10
    10
    10
    10


discov_false_vec =

     3
     3
     3
     3
     3
     3
     3
     3
     3
     3
     3
     3
     3
     3
     3
     3
     3
     3
     3
     3
     3
     3
     3
     3
     3
     3
     3
     3
     3
     3


data =

  31x16 table

    rep    iter    sep    dim    rho     sparsity     acc     obj_prim    obj_dual    discov_true    discov_false    diff_x_tilde    diff_omega_diag    time_isee    time_SDP          jobdate       
    ___    ____    ___    ___    ____    ________    _____    ________    ________    ___________    ____________    ____________    _______________    _________    ________    ____________________

    35       0      6     400    0.05       10       0.998          0           0          0              0                  0                0               0            0     21-Mar-2024 15:29:46
    35       1      6     400    0.05       10           1    -10.519     -10.519         10              3             74.401           2.7061          20.144       29.409     21-Mar-2024 15:29:46
    35       2      6     400    0.05       10           1     -10.49      -10.49         10              3             73.625           2.6779          20.656       2.6621     21-Mar-2024 15:29:46
    35       3      6     400    0.05       10           1     -10.49      -10.49         10              3             73.625           2.6779          20.567       2.1791     21-Mar-2024 15:29:46
    35       4      6     400    0.05       10           1     -10.49      -10.49         10              3             73.625           2.6779          20.384       2.4305     21-Mar-2024 15:29:46
    35       5      6     400    0.05       10           1     -10.49      -10.49         10              3             73.625           2.6779          19.325       2.5603     21-Mar-2024 15:29:46
    35       6      6     400    0.05       10           1     -10.49      -10.49         10              3             73.625           2.6779          21.065       2.7853     21-Mar-2024 15:29:46
    35       7      6     400    0.05       10           1     -10.49      -10.49         10              3             73.625           2.6779          20.485       2.3399     21-Mar-2024 15:29:46
    35       8      6     400    0.05       10           1     -10.49      -10.49         10              3             73.625           2.6779          19.762        2.412     21-Mar-2024 15:29:46
    35       9      6     400    0.05       10           1     -10.49      -10.49         10              3             73.625           2.6779          19.584       2.5531     21-Mar-2024 15:29:46
    35      10      6     400    0.05       10           1     -10.49      -10.49         10              3             73.625           2.6779          20.143       2.3973     21-Mar-2024 15:29:46
    35      11      6     400    0.05       10           1     -10.49      -10.49         10              3             73.625           2.6779          20.277        2.374     21-Mar-2024 15:29:46
    35      12      6     400    0.05       10           1     -10.49      -10.49         10              3             73.625           2.6779          22.102       2.4195     21-Mar-2024 15:29:46
    35      13      6     400    0.05       10           1     -10.49      -10.49         10              3             73.625           2.6779          21.867       2.3287     21-Mar-2024 15:29:46
    35      14      6     400    0.05       10           1     -10.49      -10.49         10              3             73.625           2.6779          21.768       2.1736     21-Mar-2024 15:29:46
    35      15      6     400    0.05       10           1     -10.49      -10.49         10              3             73.625           2.6779          20.125       2.1229     21-Mar-2024 15:29:46
    35      16      6     400    0.05       10           1     -10.49      -10.49         10              3             73.625           2.6779          20.109       2.1661     21-Mar-2024 15:29:46
    35      17      6     400    0.05       10           1     -10.49      -10.49         10              3             73.625           2.6779          20.683       2.1162     21-Mar-2024 15:29:46
    35      18      6     400    0.05       10           1     -10.49      -10.49         10              3             73.625           2.6779          21.197        2.147     21-Mar-2024 15:29:46
    35      19      6     400    0.05       10           1     -10.49      -10.49         10              3             73.625           2.6779          21.044       2.5352     21-Mar-2024 15:29:46
    35      20      6     400    0.05       10           1     -10.49      -10.49         10              3             73.625           2.6779          20.443        2.393     21-Mar-2024 15:29:46
    35      21      6     400    0.05       10           1     -10.49      -10.49         10              3             73.625           2.6779          20.205       2.4117     21-Mar-2024 15:29:46
    35      22      6     400    0.05       10           1     -10.49      -10.49         10              3             73.625           2.6779          21.107       2.3817     21-Mar-2024 15:29:46
    35      23      6     400    0.05       10           1     -10.49      -10.49         10              3             73.625           2.6779          21.721        2.517     21-Mar-2024 15:29:46
    35      24      6     400    0.05       10           1     -10.49      -10.49         10              3             73.625           2.6779          20.838       2.3713     21-Mar-2024 15:29:46
    35      25      6     400    0.05       10           1     -10.49      -10.49         10              3             73.625           2.6779           20.36       2.1444     21-Mar-2024 15:29:46
    35      26      6     400    0.05       10           1     -10.49      -10.49         10              3             73.625           2.6779          20.543       2.2462     21-Mar-2024 15:29:46
    35      27      6     400    0.05       10           1     -10.49      -10.49         10              3             73.625           2.6779          20.714        2.458     21-Mar-2024 15:29:46
    35      28      6     400    0.05       10           1     -10.49      -10.49         10              3             73.625           2.6779          21.953       2.4657     21-Mar-2024 15:29:46
    35      29      6     400    0.05       10           1     -10.49      -10.49         10              3             73.625           2.6779          21.759       2.2584     21-Mar-2024 15:29:46
    35      30      6     400    0.05       10           1     -10.49      -10.49         10              3             73.625           2.6779          20.143       2.0944     21-Mar-2024 15:29:46


rep =

    36

replication: (36)th 

thres=0.272890
1 th thresholding

  breakyes = 1.0,  maxresidual < 1.00e-04  breakyes=3.2,  dualfeasorg deteriorated too much: primfeasorg=1.23e-04,dualfeasorg=2.73e-04
12 entries survived 

2 th thresholding

  breakyes = 1.0,  maxresidual < 1.00e-04  breakyes=3.2,  dualfeasorg deteriorated too much: primfeasorg=1.23e-04,dualfeasorg=2.73e-04
12 entries survived 

3 th thresholding

  breakyes = 1.0,  maxresidual < 1.00e-04  breakyes=3.2,  dualfeasorg deteriorated too much: primfeasorg=1.23e-04,dualfeasorg=2.73e-04
12 entries survived 

4 th thresholding

  breakyes = 1.0,  maxresidual < 1.00e-04  breakyes=3.2,  dualfeasorg deteriorated too much: primfeasorg=1.23e-04,dualfeasorg=2.73e-04
12 entries survived 

5 th thresholding

  breakyes = 1.0,  maxresidual < 1.00e-04  breakyes=3.2,  dualfeasorg deteriorated too much: primfeasorg=1.23e-04,dualfeasorg=2.73e-04
12 entries survived 

6 th thresholding

  breakyes = 1.0,  maxresidual < 1.00e-04  breakyes=3.2,  dualfeasorg deteriorated too much: primfeasorg=1.23e-04,dualfeasorg=2.73e-04
12 entries survived 

7 th thresholding

  breakyes = 1.0,  maxresidual < 1.00e-04  breakyes=3.2,  dualfeasorg deteriorated too much: primfeasorg=1.23e-04,dualfeasorg=2.73e-04
12 entries survived 

8 th thresholding

  breakyes = 1.0,  maxresidual < 1.00e-04  breakyes=3.2,  dualfeasorg deteriorated too much: primfeasorg=1.23e-04,dualfeasorg=2.73e-04
12 entries survived 

9 th thresholding

  breakyes = 1.0,  maxresidual < 1.00e-04  breakyes=3.2,  dualfeasorg deteriorated too much: primfeasorg=1.23e-04,dualfeasorg=2.73e-04
12 entries survived 

10 th thresholding

  breakyes = 1.0,  maxresidual < 1.00e-04  breakyes=3.2,  dualfeasorg deteriorated too much: primfeasorg=1.23e-04,dualfeasorg=2.73e-04
12 entries survived 

11 th thresholding

  breakyes = 1.0,  maxresidual < 1.00e-04  breakyes=3.2,  dualfeasorg deteriorated too much: primfeasorg=1.23e-04,dualfeasorg=2.73e-04
12 entries survived 

12 th thresholding

  breakyes = 1.0,  maxresidual < 1.00e-04  breakyes=3.2,  dualfeasorg deteriorated too much: primfeasorg=1.23e-04,dualfeasorg=2.73e-04
12 entries survived 

13 th thresholding

  breakyes = 1.0,  maxresidual < 1.00e-04  breakyes=3.2,  dualfeasorg deteriorated too much: primfeasorg=1.23e-04,dualfeasorg=2.73e-04
12 entries survived 

14 th thresholding

  breakyes = 1.0,  maxresidual < 1.00e-04  breakyes=3.2,  dualfeasorg deteriorated too much: primfeasorg=1.23e-04,dualfeasorg=2.73e-04
12 entries survived 

15 th thresholding

  breakyes = 1.0,  maxresidual < 1.00e-04  breakyes=3.2,  dualfeasorg deteriorated too much: primfeasorg=1.23e-04,dualfeasorg=2.73e-04
12 entries survived 

16 th thresholding

  breakyes = 1.0,  maxresidual < 1.00e-04  breakyes=3.2,  dualfeasorg deteriorated too much: primfeasorg=1.23e-04,dualfeasorg=2.73e-04
12 entries survived 

17 th thresholding

  breakyes = 1.0,  maxresidual < 1.00e-04  breakyes=3.2,  dualfeasorg deteriorated too much: primfeasorg=1.23e-04,dualfeasorg=2.73e-04
12 entries survived 

18 th thresholding

  breakyes = 1.0,  maxresidual < 1.00e-04  breakyes=3.2,  dualfeasorg deteriorated too much: primfeasorg=1.23e-04,dualfeasorg=2.73e-04
12 entries survived 

19 th thresholding

  breakyes = 1.0,  maxresidual < 1.00e-04  breakyes=3.2,  dualfeasorg deteriorated too much: primfeasorg=1.23e-04,dualfeasorg=2.73e-04
12 entries survived 

20 th thresholding

  breakyes = 1.0,  maxresidual < 1.00e-04  breakyes=3.2,  dualfeasorg deteriorated too much: primfeasorg=1.23e-04,dualfeasorg=2.73e-04
12 entries survived 

21 th thresholding

  breakyes = 1.0,  maxresidual < 1.00e-04  breakyes=3.2,  dualfeasorg deteriorated too much: primfeasorg=1.23e-04,dualfeasorg=2.73e-04
12 entries survived 

22 th thresholding

  breakyes = 1.0,  maxresidual < 1.00e-04  breakyes=3.2,  dualfeasorg deteriorated too much: primfeasorg=1.23e-04,dualfeasorg=2.73e-04
12 entries survived 

23 th thresholding

  breakyes = 1.0,  maxresidual < 1.00e-04  breakyes=3.2,  dualfeasorg deteriorated too much: primfeasorg=1.23e-04,dualfeasorg=2.73e-04
12 entries survived 

24 th thresholding

  breakyes = 1.0,  maxresidual < 1.00e-04  breakyes=3.2,  dualfeasorg deteriorated too much: primfeasorg=1.23e-04,dualfeasorg=2.73e-04
12 entries survived 

25 th thresholding

  breakyes = 1.0,  maxresidual < 1.00e-04  breakyes=3.2,  dualfeasorg deteriorated too much: primfeasorg=1.23e-04,dualfeasorg=2.73e-04
12 entries survived 

26 th thresholding

  breakyes = 1.0,  maxresidual < 1.00e-04  breakyes=3.2,  dualfeasorg deteriorated too much: primfeasorg=1.23e-04,dualfeasorg=2.73e-04
12 entries survived 

27 th thresholding

  breakyes = 1.0,  maxresidual < 1.00e-04  breakyes=3.2,  dualfeasorg deteriorated too much: primfeasorg=1.23e-04,dualfeasorg=2.73e-04
12 entries survived 

28 th thresholding

  breakyes = 1.0,  maxresidual < 1.00e-04  breakyes=3.2,  dualfeasorg deteriorated too much: primfeasorg=1.23e-04,dualfeasorg=2.73e-04
12 entries survived 

29 th thresholding

  breakyes = 1.0,  maxresidual < 1.00e-04  breakyes=3.2,  dualfeasorg deteriorated too much: primfeasorg=1.23e-04,dualfeasorg=2.73e-04
12 entries survived 

30 th thresholding

  breakyes = 1.0,  maxresidual < 1.00e-04  breakyes=3.2,  dualfeasorg deteriorated too much: primfeasorg=1.23e-04,dualfeasorg=2.73e-04
12 entries survived 

acc_vec =

    0.9980
    0.9980
    0.9980
    0.9980
    0.9980
    0.9980
    0.9980
    0.9980
    0.9980
    0.9980
    0.9980
    0.9980
    0.9980
    0.9980
    0.9980
    0.9980
    0.9980
    0.9980
    0.9980
    0.9980
    0.9980
    0.9980
    0.9980
    0.9980
    0.9980
    0.9980
    0.9980
    0.9980
    0.9980
    0.9980
    0.9980

acc =0.998000  0.998000  0.998000  0.998000  0.998000  0.998000  0.998000  0.998000  0.998000  0.998000  0.998000  0.998000  0.998000  0.998000  0.998000  0.998000  0.998000  0.998000  0.998000  0.998000  0.998000  0.998000  0.998000  0.998000  0.998000  0.998000  0.998000  0.998000  0.998000  0.998000  0.998000 

discov_true_vec =

    10
    10
    10
    10
    10
    10
    10
    10
    10
    10
    10
    10
    10
    10
    10
    10
    10
    10
    10
    10
    10
    10
    10
    10
    10
    10
    10
    10
    10
    10


discov_false_vec =

     2
     2
     2
     2
     2
     2
     2
     2
     2
     2
     2
     2
     2
     2
     2
     2
     2
     2
     2
     2
     2
     2
     2
     2
     2
     2
     2
     2
     2
     2


data =

  31x16 table

    rep    iter    sep    dim    rho     sparsity     acc     obj_prim    obj_dual    discov_true    discov_false    diff_x_tilde    diff_omega_diag    time_isee    time_SDP          jobdate       
    ___    ____    ___    ___    ____    ________    _____    ________    ________    ___________    ____________    ____________    _______________    _________    ________    ____________________

    36       0      6     400    0.05       10       0.998          0           0          0              0                  0                0               0            0     21-Mar-2024 15:45:16
    36       1      6     400    0.05       10       0.998    -9.7777     -9.7782         10              2             71.219            2.512          21.279        8.114     21-Mar-2024 15:45:16
    36       2      6     400    0.05       10       0.998    -9.7777     -9.7782         10              2             71.219            2.512          20.994       8.2814     21-Mar-2024 15:45:16
    36       3      6     400    0.05       10       0.998    -9.7777     -9.7782         10              2             71.219            2.512          20.286       9.3249     21-Mar-2024 15:45:16
    36       4      6     400    0.05       10       0.998    -9.7777     -9.7782         10              2             71.219            2.512          19.977       12.384     21-Mar-2024 15:45:16
    36       5      6     400    0.05       10       0.998    -9.7777     -9.7782         10              2             71.219            2.512          21.364       9.3876     21-Mar-2024 15:45:16
    36       6      6     400    0.05       10       0.998    -9.7777     -9.7782         10              2             71.219            2.512           20.01       10.101     21-Mar-2024 15:45:16
    36       7      6     400    0.05       10       0.998    -9.7777     -9.7782         10              2             71.219            2.512          20.244        10.49     21-Mar-2024 15:45:16
    36       8      6     400    0.05       10       0.998    -9.7777     -9.7782         10              2             71.219            2.512           21.08        11.59     21-Mar-2024 15:45:16
    36       9      6     400    0.05       10       0.998    -9.7777     -9.7782         10              2             71.219            2.512          20.556       11.516     21-Mar-2024 15:45:16
    36      10      6     400    0.05       10       0.998    -9.7777     -9.7782         10              2             71.219            2.512          22.085       10.582     21-Mar-2024 15:45:16
    36      11      6     400    0.05       10       0.998    -9.7777     -9.7782         10              2             71.219            2.512          20.551       9.1217     21-Mar-2024 15:45:16
    36      12      6     400    0.05       10       0.998    -9.7777     -9.7782         10              2             71.219            2.512          19.688       11.275     21-Mar-2024 15:45:16
    36      13      6     400    0.05       10       0.998    -9.7777     -9.7782         10              2             71.219            2.512          19.488       8.5628     21-Mar-2024 15:45:16
    36      14      6     400    0.05       10       0.998    -9.7777     -9.7782         10              2             71.219            2.512           20.68       10.597     21-Mar-2024 15:45:16
    36      15      6     400    0.05       10       0.998    -9.7777     -9.7782         10              2             71.219            2.512          21.096       12.613     21-Mar-2024 15:45:16
    36      16      6     400    0.05       10       0.998    -9.7777     -9.7782         10              2             71.219            2.512           20.76       11.405     21-Mar-2024 15:45:16
    36      17      6     400    0.05       10       0.998    -9.7777     -9.7782         10              2             71.219            2.512          21.396       11.477     21-Mar-2024 15:45:16
    36      18      6     400    0.05       10       0.998    -9.7777     -9.7782         10              2             71.219            2.512          20.113       11.754     21-Mar-2024 15:45:16
    36      19      6     400    0.05       10       0.998    -9.7777     -9.7782         10              2             71.219            2.512          20.499       11.161     21-Mar-2024 15:45:16
    36      20      6     400    0.05       10       0.998    -9.7777     -9.7782         10              2             71.219            2.512          20.982       9.8625     21-Mar-2024 15:45:16
    36      21      6     400    0.05       10       0.998    -9.7777     -9.7782         10              2             71.219            2.512          20.839       11.467     21-Mar-2024 15:45:16
    36      22      6     400    0.05       10       0.998    -9.7777     -9.7782         10              2             71.219            2.512           19.47       11.995     21-Mar-2024 15:45:16
    36      23      6     400    0.05       10       0.998    -9.7777     -9.7782         10              2             71.219            2.512          20.484       11.362     21-Mar-2024 15:45:16
    36      24      6     400    0.05       10       0.998    -9.7777     -9.7782         10              2             71.219            2.512          21.692       10.495     21-Mar-2024 15:45:16
    36      25      6     400    0.05       10       0.998    -9.7777     -9.7782         10              2             71.219            2.512          19.512       9.8738     21-Mar-2024 15:45:16
    36      26      6     400    0.05       10       0.998    -9.7777     -9.7782         10              2             71.219            2.512          20.907        11.61     21-Mar-2024 15:45:16
    36      27      6     400    0.05       10       0.998    -9.7777     -9.7782         10              2             71.219            2.512          21.417       8.4615     21-Mar-2024 15:45:16
    36      28      6     400    0.05       10       0.998    -9.7777     -9.7782         10              2             71.219            2.512          20.748       8.2428     21-Mar-2024 15:45:16
    36      29      6     400    0.05       10       0.998    -9.7777     -9.7782         10              2             71.219            2.512          21.539       8.3181     21-Mar-2024 15:45:16
    36      30      6     400    0.05       10       0.998    -9.7777     -9.7782         10              2             71.219            2.512          20.382       8.3308     21-Mar-2024 15:45:16

