==========================================
SLURM_JOB_ID = 20136155
SLURM_JOB_NODELIST = a03-17
TMPDIR = /tmp/SLURM_20136155
==========================================
hello
Starting parallel pool (parpool) ...
Connected to the parallel pool (number of workers: 15).

pool = 

 ProcessPool with properties: 

            Connected: true
           NumWorkers: 15
                 Busy: false
              Cluster: Local
        AttachedFiles: {}
    AutoAddClientPath: true
            FileStore: [1x1 parallel.FileStore]
           ValueStore: [1x1 parallel.ValueStore]
          IdleTimeout: 30 minutes (30 minutes remaining)
          SpmdEnabled: true


p =

   100


Delta =

     4


s =

    10


n =

   500


ii =

    15


table_name =

    'sparse_kmeans_isee_denoise'


conn = 

  sqlite with properties:

      Database: '/home1/jongminm/sparse_kmeans/sparse_kmeans.db'
    IsReadOnly: 0
    AutoCommit: 'on'


rho =

    0.2000


M =

    0.7341

delta confirmed: 4.000000
ans =

    3.4740


rep =

    60

replication: (60)th 


thres =

    0.1297

thres=0.129717
1 th thresholding


omega_est_time =

    2.5573
         0
         0
         0
         0
         0
         0
         0
         0
         0


diff_x_tilde =

   49.7628
         0
         0
         0
         0
         0
         0
         0
         0
         0


diff_omega_diag =

    1.2174
         0
         0
         0
         0
         0
         0
         0
         0
         0

  breakyes=1.3,  maxresidual < 1.00e-06
sdp_solve_time =

   37.0617
         0
         0
         0
         0
         0
         0
         0
         0
         0


32 entries survived 

2 th thresholding


omega_est_time =

    2.5573
    1.2493
         0
         0
         0
         0
         0
         0
         0
         0


diff_x_tilde =

   49.7628
   48.3278
         0
         0
         0
         0
         0
         0
         0
         0


diff_omega_diag =

    1.2174
    1.1344
         0
         0
         0
         0
         0
         0
         0
         0

  breakyes=3.2,  dualfeasorg deteriorated too much: primfeasorg=1.43e-06,dualfeasorg=3.91e-05
sdp_solve_time =

   37.0617
   22.7445
         0
         0
         0
         0
         0
         0
         0
         0


33 entries survived 

3 th thresholding


omega_est_time =

    2.5573
    1.2493
    1.0383
         0
         0
         0
         0
         0
         0
         0


diff_x_tilde =

   49.7628
   48.3278
   48.9028
         0
         0
         0
         0
         0
         0
         0


diff_omega_diag =

    1.2174
    1.1344
    1.1743
         0
         0
         0
         0
         0
         0
         0

  breakyes=1.3,  maxresidual < 1.00e-06
sdp_solve_time =

   37.0617
   22.7445
   35.7265
         0
         0
         0
         0
         0
         0
         0


30 entries survived 

4 th thresholding


omega_est_time =

    2.5573
    1.2493
    1.0383
    1.3510
         0
         0
         0
         0
         0
         0


diff_x_tilde =

   49.7628
   48.3278
   48.9028
   49.0056
         0
         0
         0
         0
         0
         0


diff_omega_diag =

    1.2174
    1.1344
    1.1743
    1.1632
         0
         0
         0
         0
         0
         0

  breakyes=1.0,  maxresidual < 1.00e-06
sdp_solve_time =

   37.0617
   22.7445
   35.7265
    9.1644
         0
         0
         0
         0
         0
         0


29 entries survived 

5 th thresholding


omega_est_time =

    2.5573
    1.2493
    1.0383
    1.3510
    1.2098
         0
         0
         0
         0
         0


diff_x_tilde =

   49.7628
   48.3278
   48.9028
   49.0056
   50.0249
         0
         0
         0
         0
         0


diff_omega_diag =

    1.2174
    1.1344
    1.1743
    1.1632
    1.2260
         0
         0
         0
         0
         0

  breakyes=1.0,  maxresidual < 1.00e-06
sdp_solve_time =

   37.0617
   22.7445
   35.7265
    9.1644
   15.7259
         0
         0
         0
         0
         0


28 entries survived 

6 th thresholding


omega_est_time =

    2.5573
    1.2493
    1.0383
    1.3510
    1.2098
    0.9281
         0
         0
         0
         0


diff_x_tilde =

   49.7628
   48.3278
   48.9028
   49.0056
   50.0249
   49.0109
         0
         0
         0
         0


diff_omega_diag =

    1.2174
    1.1344
    1.1743
    1.1632
    1.2260
    1.1698
         0
         0
         0
         0

  breakyes=1.4,  maxresidual < 1.00e-06
sdp_solve_time =

   37.0617
   22.7445
   35.7265
    9.1644
   15.7259
   22.4084
         0
         0
         0
         0


28 entries survived 

7 th thresholding


omega_est_time =

    2.5573
    1.2493
    1.0383
    1.3510
    1.2098
    0.9281
    0.9585
         0
         0
         0


diff_x_tilde =

   49.7628
   48.3278
   48.9028
   49.0056
   50.0249
   49.0109
   49.8851
         0
         0
         0


diff_omega_diag =

    1.2174
    1.1344
    1.1743
    1.1632
    1.2260
    1.1698
    1.1955
         0
         0
         0

  breakyes=1.4,  maxresidual < 1.00e-06
sdp_solve_time =

   37.0617
   22.7445
   35.7265
    9.1644
   15.7259
   22.4084
   17.4391
         0
         0
         0


28 entries survived 

8 th thresholding


omega_est_time =

    2.5573
    1.2493
    1.0383
    1.3510
    1.2098
    0.9281
    0.9585
    0.9502
         0
         0


diff_x_tilde =

   49.7628
   48.3278
   48.9028
   49.0056
   50.0249
   49.0109
   49.8851
   49.7541
         0
         0


diff_omega_diag =

    1.2174
    1.1344
    1.1743
    1.1632
    1.2260
    1.1698
    1.1955
    1.1995
         0
         0

  breakyes=1.0,  maxresidual < 1.00e-06
sdp_solve_time =

   37.0617
   22.7445
   35.7265
    9.1644
   15.7259
   22.4084
   17.4391
   10.0008
         0
         0


28 entries survived 

9 th thresholding


omega_est_time =

    2.5573
    1.2493
    1.0383
    1.3510
    1.2098
    0.9281
    0.9585
    0.9502
    0.9567
         0


diff_x_tilde =

   49.7628
   48.3278
   48.9028
   49.0056
   50.0249
   49.0109
   49.8851
   49.7541
   48.7915
         0


diff_omega_diag =

    1.2174
    1.1344
    1.1743
    1.1632
    1.2260
    1.1698
    1.1955
    1.1995
    1.1282
         0

  breakyes=1.0,  maxresidual < 1.00e-06
sdp_solve_time =

   37.0617
   22.7445
   35.7265
    9.1644
   15.7259
   22.4084
   17.4391
   10.0008
   15.5588
         0


28 entries survived 

10 th thresholding


omega_est_time =

    2.5573
    1.2493
    1.0383
    1.3510
    1.2098
    0.9281
    0.9585
    0.9502
    0.9567
    0.9484


diff_x_tilde =

   49.7628
   48.3278
   48.9028
   49.0056
   50.0249
   49.0109
   49.8851
   49.7541
   48.7915
   48.9531


diff_omega_diag =

    1.2174
    1.1344
    1.1743
    1.1632
    1.2260
    1.1698
    1.1955
    1.1995
    1.1282
    1.1784

  breakyes=1.0,  maxresidual < 1.00e-06
sdp_solve_time =

   37.0617
   22.7445
   35.7265
    9.1644
   15.7259
   22.4084
   17.4391
   10.0008
   15.5588
   11.8310


27 entries survived 

diff_x_tilde =

   49.7628
   48.3278
   48.9028
   49.0056
   50.0249
   49.0109
   49.8851
   49.7541
   48.7915
   48.9531


diff_omega_diag =

    1.2174
    1.1344
    1.1743
    1.1632
    1.2260
    1.1698
    1.1955
    1.1995
    1.1282
    1.1784


omega_est_time =

    2.5573
    1.2493
    1.0383
    1.3510
    1.2098
    0.9281
    0.9585
    0.9502
    0.9567
    0.9484


sdp_solve_time =

   37.0617
   22.7445
   35.7265
    9.1644
   15.7259
   22.4084
   17.4391
   10.0008
   15.5588
   11.8310


acc_vec =

    0.9720
    0.9600
    0.9720
    0.9620
    0.9720
    0.9580
    0.9660
    0.9600
    0.9660
    0.9560
    0.9680

acc =0.972000  0.960000  0.972000  0.962000  0.972000  0.958000  0.966000  0.960000  0.966000  0.956000  0.968000 

discov_true_vec =

    10
    10
    10
    10
    10
    10
    10
    10
    10
    10


discov_false_vec =

    22
    23
    20
    19
    18
    18
    18
    18
    18
    17


nn =

   7.3932e+05


ds =

    '08-Mar-2024 11:20:48'


dt = 

  datetime

   08-Mar-2024 11:20:48


data =

  11x14 table

    rep    iter    sep    dim    rho    sparsity     acc     discov_true    discov_false    diff_x_tilde    diff_omega_diag    time_isee    time_SDP          jobdate       
    ___    ____    ___    ___    ___    ________    _____    ___________    ____________    ____________    _______________    _________    ________    ____________________

    60       0      4     100    0.2       10       0.972         0               0                 0                0                0           0     08-Mar-2024 11:20:48
    60       1      4     100    0.2       10        0.96        10              22            49.763           1.2174           2.5573      37.062     08-Mar-2024 11:20:48
    60       2      4     100    0.2       10       0.972        10              23            48.328           1.1344           1.2493      22.745     08-Mar-2024 11:20:48
    60       3      4     100    0.2       10       0.962        10              20            48.903           1.1743           1.0383      35.726     08-Mar-2024 11:20:48
    60       4      4     100    0.2       10       0.972        10              19            49.006           1.1632            1.351      9.1644     08-Mar-2024 11:20:48
    60       5      4     100    0.2       10       0.958        10              18            50.025            1.226           1.2098      15.726     08-Mar-2024 11:20:48
    60       6      4     100    0.2       10       0.966        10              18            49.011           1.1698          0.92812      22.408     08-Mar-2024 11:20:48
    60       7      4     100    0.2       10        0.96        10              18            49.885           1.1955          0.95854      17.439     08-Mar-2024 11:20:48
    60       8      4     100    0.2       10       0.966        10              18            49.754           1.1995          0.95017      10.001     08-Mar-2024 11:20:48
    60       9      4     100    0.2       10       0.956        10              18            48.791           1.1282           0.9567      15.559     08-Mar-2024 11:20:48
    60      10      4     100    0.2       10       0.968        10              17            48.953           1.1784          0.94838      11.831     08-Mar-2024 11:20:48


rep =

    59

replication: (59)th 


thres =

    0.1297

thres=0.129717
1 th thresholding


omega_est_time =

    1.4434
         0
         0
         0
         0
         0
         0
         0
         0
         0


diff_x_tilde =

   48.5593
         0
         0
         0
         0
         0
         0
         0
         0
         0


diff_omega_diag =

    1.1768
         0
         0
         0
         0
         0
         0
         0
         0
         0

  breakyes=3.2,  dualfeasorg deteriorated too much: primfeasorg=1.11e-06,dualfeasorg=2.00e-05
sdp_solve_time =

   27.2008
         0
         0
         0
         0
         0
         0
         0
         0
         0


35 entries survived 

2 th thresholding


omega_est_time =

    1.4434
    1.0260
         0
         0
         0
         0
         0
         0
         0
         0


diff_x_tilde =

   48.5593
   48.2350
         0
         0
         0
         0
         0
         0
         0
         0


diff_omega_diag =

    1.1768
    1.1497
         0
         0
         0
         0
         0
         0
         0
         0

  breakyes=1.4,  maxresidual < 1.00e-06
sdp_solve_time =

   27.2008
   18.3124
         0
         0
         0
         0
         0
         0
         0
         0


30 entries survived 

3 th thresholding


omega_est_time =

    1.4434
    1.0260
    0.9260
         0
         0
         0
         0
         0
         0
         0


diff_x_tilde =

   48.5593
   48.2350
   47.4770
         0
         0
         0
         0
         0
         0
         0


diff_omega_diag =

    1.1768
    1.1497
    1.1614
         0
         0
         0
         0
         0
         0
         0

  breakyes=1.4,  maxresidual < 1.00e-06
sdp_solve_time =

   27.2008
   18.3124
   32.4244
         0
         0
         0
         0
         0
         0
         0


29 entries survived 

4 th thresholding


omega_est_time =

    1.4434
    1.0260
    0.9260
    0.9454
         0
         0
         0
         0
         0
         0


diff_x_tilde =

   48.5593
   48.2350
   47.4770
   48.2122
         0
         0
         0
         0
         0
         0


diff_omega_diag =

    1.1768
    1.1497
    1.1614
    1.1819
         0
         0
         0
         0
         0
         0

  breakyes=1.4,  maxresidual < 1.00e-06
sdp_solve_time =

   27.2008
   18.3124
   32.4244
   17.1537
         0
         0
         0
         0
         0
         0


28 entries survived 

5 th thresholding


omega_est_time =

    1.4434
    1.0260
    0.9260
    0.9454
    0.9905
         0
         0
         0
         0
         0


diff_x_tilde =

   48.5593
   48.2350
   47.4770
   48.2122
   47.0356
         0
         0
         0
         0
         0


diff_omega_diag =

    1.1768
    1.1497
    1.1614
    1.1819
    1.1041
         0
         0
         0
         0
         0

  breakyes=1.4,  maxresidual < 1.00e-06
sdp_solve_time =

   27.2008
   18.3124
   32.4244
   17.1537
   20.5704
         0
         0
         0
         0
         0


31 entries survived 

6 th thresholding


omega_est_time =

    1.4434
    1.0260
    0.9260
    0.9454
    0.9905
    0.8313
         0
         0
         0
         0


diff_x_tilde =

   48.5593
   48.2350
   47.4770
   48.2122
   47.0356
   49.1161
         0
         0
         0
         0


diff_omega_diag =

    1.1768
    1.1497
    1.1614
    1.1819
    1.1041
    1.1955
         0
         0
         0
         0

  breakyes=1.0,  maxresidual < 1.00e-06
sdp_solve_time =

   27.2008
   18.3124
   32.4244
   17.1537
   20.5704
   12.2109
         0
         0
         0
         0


31 entries survived 

7 th thresholding


omega_est_time =

    1.4434
    1.0260
    0.9260
    0.9454
    0.9905
    0.8313
    1.0876
         0
         0
         0


diff_x_tilde =

   48.5593
   48.2350
   47.4770
   48.2122
   47.0356
   49.1161
   47.0356
         0
         0
         0


diff_omega_diag =

    1.1768
    1.1497
    1.1614
    1.1819
    1.1041
    1.1955
    1.1041
         0
         0
         0

  breakyes=1.4,  maxresidual < 1.00e-06
sdp_solve_time =

   27.2008
   18.3124
   32.4244
   17.1537
   20.5704
   12.2109
   21.2148
         0
         0
         0


31 entries survived 

8 th thresholding


omega_est_time =

    1.4434
    1.0260
    0.9260
    0.9454
    0.9905
    0.8313
    1.0876
    0.8140
         0
         0


diff_x_tilde =

   48.5593
   48.2350
   47.4770
   48.2122
   47.0356
   49.1161
   47.0356
   49.1161
         0
         0


diff_omega_diag =

    1.1768
    1.1497
    1.1614
    1.1819
    1.1041
    1.1955
    1.1041
    1.1955
         0
         0

  breakyes=1.0,  maxresidual < 1.00e-06
sdp_solve_time =

   27.2008
   18.3124
   32.4244
   17.1537
   20.5704
   12.2109
   21.2148
   12.6272
         0
         0


31 entries survived 

9 th thresholding


omega_est_time =

    1.4434
    1.0260
    0.9260
    0.9454
    0.9905
    0.8313
    1.0876
    0.8140
    0.9832
         0


diff_x_tilde =

   48.5593
   48.2350
   47.4770
   48.2122
   47.0356
   49.1161
   47.0356
   49.1161
   47.0356
         0


diff_omega_diag =

    1.1768
    1.1497
    1.1614
    1.1819
    1.1041
    1.1955
    1.1041
    1.1955
    1.1041
         0

  breakyes=1.4,  maxresidual < 1.00e-06
sdp_solve_time =

   27.2008
   18.3124
   32.4244
   17.1537
   20.5704
   12.2109
   21.2148
   12.6272
   20.6995
         0


31 entries survived 

10 th thresholding


omega_est_time =

    1.4434
    1.0260
    0.9260
    0.9454
    0.9905
    0.8313
    1.0876
    0.8140
    0.9832
    0.8130


diff_x_tilde =

   48.5593
   48.2350
   47.4770
   48.2122
   47.0356
   49.1161
   47.0356
   49.1161
   47.0356
   49.1161


diff_omega_diag =

    1.1768
    1.1497
    1.1614
    1.1819
    1.1041
    1.1955
    1.1041
    1.1955
    1.1041
    1.1955

  breakyes=1.0,  maxresidual < 1.00e-06
sdp_solve_time =

   27.2008
   18.3124
   32.4244
   17.1537
   20.5704
   12.2109
   21.2148
   12.6272
   20.6995
   12.7158


31 entries survived 

diff_x_tilde =

   48.5593
   48.2350
   47.4770
   48.2122
   47.0356
   49.1161
   47.0356
   49.1161
   47.0356
   49.1161


diff_omega_diag =

    1.1768
    1.1497
    1.1614
    1.1819
    1.1041
    1.1955
    1.1041
    1.1955
    1.1041
    1.1955


omega_est_time =

    1.4434
    1.0260
    0.9260
    0.9454
    0.9905
    0.8313
    1.0876
    0.8140
    0.9832
    0.8130


sdp_solve_time =

   27.2008
   18.3124
   32.4244
   17.1537
   20.5704
   12.2109
   21.2148
   12.6272
   20.6995
   12.7158


acc_vec =

    0.9580
    0.9820
    0.9780
    0.9800
    0.9780
    0.9780
    0.9780
    0.9780
    0.9780
    0.9780
    0.9780

acc =0.958000  0.982000  0.978000  0.980000  0.978000  0.978000  0.978000  0.978000  0.978000  0.978000  0.978000 

discov_true_vec =

    10
    10
    10
    10
    10
    10
    10
    10
    10
    10


discov_false_vec =

    25
    20
    19
    18
    21
    21
    21
    21
    21
    21


nn =

   7.3932e+05


ds =

    '08-Mar-2024 11:24:13'


dt = 

  datetime

   08-Mar-2024 11:24:13


data =

  11x14 table

    rep    iter    sep    dim    rho    sparsity     acc     discov_true    discov_false    diff_x_tilde    diff_omega_diag    time_isee    time_SDP          jobdate       
    ___    ____    ___    ___    ___    ________    _____    ___________    ____________    ____________    _______________    _________    ________    ____________________

    59       0      4     100    0.2       10       0.958         0               0                 0                0                0           0     08-Mar-2024 11:24:13
    59       1      4     100    0.2       10       0.982        10              25            48.559           1.1768           1.4434      27.201     08-Mar-2024 11:24:13
    59       2      4     100    0.2       10       0.978        10              20            48.235           1.1497            1.026      18.312     08-Mar-2024 11:24:13
    59       3      4     100    0.2       10        0.98        10              19            47.477           1.1614          0.92605      32.424     08-Mar-2024 11:24:13
    59       4      4     100    0.2       10       0.978        10              18            48.212           1.1819          0.94537      17.154     08-Mar-2024 11:24:13
    59       5      4     100    0.2       10       0.978        10              21            47.036           1.1041          0.99046       20.57     08-Mar-2024 11:24:13
    59       6      4     100    0.2       10       0.978        10              21            49.116           1.1955          0.83127      12.211     08-Mar-2024 11:24:13
    59       7      4     100    0.2       10       0.978        10              21            47.036           1.1041           1.0876      21.215     08-Mar-2024 11:24:13
    59       8      4     100    0.2       10       0.978        10              21            49.116           1.1955          0.81399      12.627     08-Mar-2024 11:24:13
    59       9      4     100    0.2       10       0.978        10              21            47.036           1.1041           0.9832        20.7     08-Mar-2024 11:24:13
    59      10      4     100    0.2       10       0.978        10              21            49.116           1.1955          0.81305      12.716     08-Mar-2024 11:24:13


rep =

    58

replication: (58)th 


thres =

    0.1297

thres=0.129717
1 th thresholding


omega_est_time =

    1.2313
         0
         0
         0
         0
         0
         0
         0
         0
         0


diff_x_tilde =

   50.1457
         0
         0
         0
         0
         0
         0
         0
         0
         0


diff_omega_diag =

    1.1455
         0
         0
         0
         0
         0
         0
         0
         0
         0

  breakyes=1.3,  maxresidual < 1.00e-06
sdp_solve_time =

   45.1737
         0
         0
         0
         0
         0
         0
         0
         0
         0


41 entries survived 

2 th thresholding


omega_est_time =

    1.2313
    0.9314
         0
         0
         0
         0
         0
         0
         0
         0


diff_x_tilde =

   50.1457
   49.9130
         0
         0
         0
         0
         0
         0
         0
         0


diff_omega_diag =

    1.1455
    1.1577
         0
         0
         0
         0
         0
         0
         0
         0

  breakyes = 1.0,  maxresidual < 1.00e-04  breakyes=1.4,  maxresidual < 1.00e-06
sdp_solve_time =

   45.1737
   31.1513
         0
         0
         0
         0
         0
         0
         0
         0


35 entries survived 

3 th thresholding


omega_est_time =

    1.2313
    0.9314
    0.9279
         0
         0
         0
         0
         0
         0
         0


diff_x_tilde =

   50.1457
   49.9130
   50.3207
         0
         0
         0
         0
         0
         0
         0


diff_omega_diag =

    1.1455
    1.1577
    1.1616
         0
         0
         0
         0
         0
         0
         0

  breakyes = 1.0,  maxresidual < 1.00e-04  breakyes=1.3,  maxresidual < 1.00e-06
sdp_solve_time =

   45.1737
   31.1513
   37.8703
         0
         0
         0
         0
         0
         0
         0


36 entries survived 

4 th thresholding


omega_est_time =

    1.2313
    0.9314
    0.9279
    0.9239
         0
         0
         0
         0
         0
         0


diff_x_tilde =

   50.1457
   49.9130
   50.3207
   50.4520
         0
         0
         0
         0
         0
         0


diff_omega_diag =

    1.1455
    1.1577
    1.1616
    1.1484
         0
         0
         0
         0
         0
         0

  breakyes=1.0,  maxresidual < 1.00e-06
sdp_solve_time =

   45.1737
   31.1513
   37.8703
   14.3916
         0
         0
         0
         0
         0
         0


36 entries survived 

5 th thresholding


omega_est_time =

    1.2313
    0.9314
    0.9279
    0.9239
    0.9211
         0
         0
         0
         0
         0


diff_x_tilde =

   50.1457
   49.9130
   50.3207
   50.4520
   50.4520
         0
         0
         0
         0
         0


diff_omega_diag =

    1.1455
    1.1577
    1.1616
    1.1484
    1.1484
         0
         0
         0
         0
         0

  breakyes=1.0,  maxresidual < 1.00e-06
sdp_solve_time =

   45.1737
   31.1513
   37.8703
   14.3916
   14.3504
         0
         0
         0
         0
         0


36 entries survived 

6 th thresholding


omega_est_time =

    1.2313
    0.9314
    0.9279
    0.9239
    0.9211
    0.8497
         0
         0
         0
         0


diff_x_tilde =

   50.1457
   49.9130
   50.3207
   50.4520
   50.4520
   50.4520
         0
         0
         0
         0


diff_omega_diag =

    1.1455
    1.1577
    1.1616
    1.1484
    1.1484
    1.1484
         0
         0
         0
         0

  breakyes=1.0,  maxresidual < 1.00e-06
sdp_solve_time =

   45.1737
   31.1513
   37.8703
   14.3916
   14.3504
   14.3509
         0
         0
         0
         0


36 entries survived 

7 th thresholding


omega_est_time =

    1.2313
    0.9314
    0.9279
    0.9239
    0.9211
    0.8497
    0.9746
         0
         0
         0


diff_x_tilde =

   50.1457
   49.9130
   50.3207
   50.4520
   50.4520
   50.4520
   50.4520
         0
         0
         0


diff_omega_diag =

    1.1455
    1.1577
    1.1616
    1.1484
    1.1484
    1.1484
    1.1484
         0
         0
         0

  breakyes=1.0,  maxresidual < 1.00e-06
sdp_solve_time =

   45.1737
   31.1513
   37.8703
   14.3916
   14.3504
   14.3509
   14.5491
         0
         0
         0


36 entries survived 

8 th thresholding


omega_est_time =

    1.2313
    0.9314
    0.9279
    0.9239
    0.9211
    0.8497
    0.9746
    0.8064
         0
         0


diff_x_tilde =

   50.1457
   49.9130
   50.3207
   50.4520
   50.4520
   50.4520
   50.4520
   50.4520
         0
         0


diff_omega_diag =

    1.1455
    1.1577
    1.1616
    1.1484
    1.1484
    1.1484
    1.1484
    1.1484
         0
         0

  breakyes=1.0,  maxresidual < 1.00e-06
sdp_solve_time =

   45.1737
   31.1513
   37.8703
   14.3916
   14.3504
   14.3509
   14.5491
   14.6347
         0
         0


36 entries survived 

9 th thresholding


omega_est_time =

    1.2313
    0.9314
    0.9279
    0.9239
    0.9211
    0.8497
    0.9746
    0.8064
    0.9719
         0


diff_x_tilde =

   50.1457
   49.9130
   50.3207
   50.4520
   50.4520
   50.4520
   50.4520
   50.4520
   50.4520
         0


diff_omega_diag =

    1.1455
    1.1577
    1.1616
    1.1484
    1.1484
    1.1484
    1.1484
    1.1484
    1.1484
         0

  breakyes=1.0,  maxresidual < 1.00e-06
sdp_solve_time =

   45.1737
   31.1513
   37.8703
   14.3916
   14.3504
   14.3509
   14.5491
   14.6347
   14.6021
         0


36 entries survived 

10 th thresholding


omega_est_time =

    1.2313
    0.9314
    0.9279
    0.9239
    0.9211
    0.8497
    0.9746
    0.8064
    0.9719
    0.8087


diff_x_tilde =

   50.1457
   49.9130
   50.3207
   50.4520
   50.4520
   50.4520
   50.4520
   50.4520
   50.4520
   50.4520


diff_omega_diag =

    1.1455
    1.1577
    1.1616
    1.1484
    1.1484
    1.1484
    1.1484
    1.1484
    1.1484
    1.1484

  breakyes=1.0,  maxresidual < 1.00e-06
sdp_solve_time =

   45.1737
   31.1513
   37.8703
   14.3916
   14.3504
   14.3509
   14.5491
   14.6347
   14.6021
   14.2810


36 entries survived 

diff_x_tilde =

   50.1457
   49.9130
   50.3207
   50.4520
   50.4520
   50.4520
   50.4520
   50.4520
   50.4520
   50.4520


diff_omega_diag =

    1.1455
    1.1577
    1.1616
    1.1484
    1.1484
    1.1484
    1.1484
    1.1484
    1.1484
    1.1484


omega_est_time =

    1.2313
    0.9314
    0.9279
    0.9239
    0.9211
    0.8497
    0.9746
    0.8064
    0.9719
    0.8087


sdp_solve_time =

   45.1737
   31.1513
   37.8703
   14.3916
   14.3504
   14.3509
   14.5491
   14.6347
   14.6021
   14.2810


acc_vec =

    0.9620
    0.9680
    0.9700
    0.9680
    0.9680
    0.9680
    0.9680
    0.9680
    0.9680
    0.9680
    0.9680

acc =0.962000  0.968000  0.970000  0.968000  0.968000  0.968000  0.968000  0.968000  0.968000  0.968000  0.968000 

discov_true_vec =

    10
    10
    10
    10
    10
    10
    10
    10
    10
    10


discov_false_vec =

    31
    25
    26
    26
    26
    26
    26
    26
    26
    26


nn =

   7.3932e+05


ds =

    '08-Mar-2024 11:27:58'


dt = 

  datetime

   08-Mar-2024 11:27:58


data =

  11x14 table

    rep    iter    sep    dim    rho    sparsity     acc     discov_true    discov_false    diff_x_tilde    diff_omega_diag    time_isee    time_SDP          jobdate       
    ___    ____    ___    ___    ___    ________    _____    ___________    ____________    ____________    _______________    _________    ________    ____________________

    58       0      4     100    0.2       10       0.962         0               0                 0                0                0           0     08-Mar-2024 11:27:58
    58       1      4     100    0.2       10       0.968        10              31            50.146           1.1455           1.2313      45.174     08-Mar-2024 11:27:58
    58       2      4     100    0.2       10        0.97        10              25            49.913           1.1577          0.93142      31.151     08-Mar-2024 11:27:58
    58       3      4     100    0.2       10       0.968        10              26            50.321           1.1616          0.92786       37.87     08-Mar-2024 11:27:58
    58       4      4     100    0.2       10       0.968        10              26            50.452           1.1484          0.92388      14.392     08-Mar-2024 11:27:58
    58       5      4     100    0.2       10       0.968        10              26            50.452           1.1484          0.92111       14.35     08-Mar-2024 11:27:58
    58       6      4     100    0.2       10       0.968        10              26            50.452           1.1484          0.84974      14.351     08-Mar-2024 11:27:58
    58       7      4     100    0.2       10       0.968        10              26            50.452           1.1484           0.9746      14.549     08-Mar-2024 11:27:58
    58       8      4     100    0.2       10       0.968        10              26            50.452           1.1484          0.80637      14.635     08-Mar-2024 11:27:58
    58       9      4     100    0.2       10       0.968        10              26            50.452           1.1484          0.97189      14.602     08-Mar-2024 11:27:58
    58      10      4     100    0.2       10       0.968        10              26            50.452           1.1484          0.80872      14.281     08-Mar-2024 11:27:58


rep =

    57

replication: (57)th 


thres =

    0.1297

thres=0.129717
1 th thresholding


omega_est_time =

    1.2920
         0
         0
         0
         0
         0
         0
         0
         0
         0


diff_x_tilde =

   49.8255
         0
         0
         0
         0
         0
         0
         0
         0
         0


diff_omega_diag =

    1.0398
         0
         0
         0
         0
         0
         0
         0
         0
         0

  breakyes=1.3,  maxresidual < 1.00e-06
sdp_solve_time =

   28.1769
         0
         0
         0
         0
         0
         0
         0
         0
         0


37 entries survived 

2 th thresholding


omega_est_time =

    1.2920
    1.0224
         0
         0
         0
         0
         0
         0
         0
         0


diff_x_tilde =

   49.8255
   49.5182
         0
         0
         0
         0
         0
         0
         0
         0


diff_omega_diag =

    1.0398
    1.0845
         0
         0
         0
         0
         0
         0
         0
         0

  breakyes=1.0,  maxresidual < 1.00e-06
sdp_solve_time =

   28.1769
   11.3822
         0
         0
         0
         0
         0
         0
         0
         0


29 entries survived 

3 th thresholding


omega_est_time =

    1.2920
    1.0224
    0.8264
         0
         0
         0
         0
         0
         0
         0


diff_x_tilde =

   49.8255
   49.5182
   48.0994
         0
         0
         0
         0
         0
         0
         0


diff_omega_diag =

    1.0398
    1.0845
    1.0266
         0
         0
         0
         0
         0
         0
         0

  breakyes=1.4,  maxresidual < 1.00e-06
sdp_solve_time =

   28.1769
   11.3822
   17.6790
         0
         0
         0
         0
         0
         0
         0


29 entries survived 

4 th thresholding


omega_est_time =

    1.2920
    1.0224
    0.8264
    0.9387
         0
         0
         0
         0
         0
         0


diff_x_tilde =

   49.8255
   49.5182
   48.0994
   49.0095
         0
         0
         0
         0
         0
         0


diff_omega_diag =

    1.0398
    1.0845
    1.0266
    1.0527
         0
         0
         0
         0
         0
         0

  breakyes=1.0,  maxresidual < 1.00e-06
sdp_solve_time =

   28.1769
   11.3822
   17.6790
    8.1121
         0
         0
         0
         0
         0
         0


27 entries survived 

5 th thresholding


omega_est_time =

    1.2920
    1.0224
    0.8264
    0.9387
    0.8036
         0
         0
         0
         0
         0


diff_x_tilde =

   49.8255
   49.5182
   48.0994
   49.0095
   48.2825
         0
         0
         0
         0
         0


diff_omega_diag =

    1.0398
    1.0845
    1.0266
    1.0527
    0.9915
         0
         0
         0
         0
         0

  breakyes=1.0,  maxresidual < 1.00e-06
sdp_solve_time =

   28.1769
   11.3822
   17.6790
    8.1121
   13.3838
         0
         0
         0
         0
         0


31 entries survived 

6 th thresholding


omega_est_time =

    1.2920
    1.0224
    0.8264
    0.9387
    0.8036
    0.9058
         0
         0
         0
         0


diff_x_tilde =

   49.8255
   49.5182
   48.0994
   49.0095
   48.2825
   47.4543
         0
         0
         0
         0


diff_omega_diag =

    1.0398
    1.0845
    1.0266
    1.0527
    0.9915
    0.9642
         0
         0
         0
         0

  breakyes=1.4,  maxresidual < 1.00e-06
sdp_solve_time =

   28.1769
   11.3822
   17.6790
    8.1121
   13.3838
   21.6550
         0
         0
         0
         0


27 entries survived 

7 th thresholding


omega_est_time =

    1.2920
    1.0224
    0.8264
    0.9387
    0.8036
    0.9058
    0.9321
         0
         0
         0


diff_x_tilde =

   49.8255
   49.5182
   48.0994
   49.0095
   48.2825
   47.4543
   48.4760
         0
         0
         0


diff_omega_diag =

    1.0398
    1.0845
    1.0266
    1.0527
    0.9915
    0.9642
    1.0000
         0
         0
         0

  breakyes=1.4,  maxresidual < 1.00e-06
sdp_solve_time =

   28.1769
   11.3822
   17.6790
    8.1121
   13.3838
   21.6550
   17.7042
         0
         0
         0


30 entries survived 

8 th thresholding


omega_est_time =

    1.2920
    1.0224
    0.8264
    0.9387
    0.8036
    0.9058
    0.9321
    0.9835
         0
         0


diff_x_tilde =

   49.8255
   49.5182
   48.0994
   49.0095
   48.2825
   47.4543
   48.4760
   48.6276
         0
         0


diff_omega_diag =

    1.0398
    1.0845
    1.0266
    1.0527
    0.9915
    0.9642
    1.0000
    1.0265
         0
         0

  breakyes=1.3,  maxresidual < 1.00e-06
sdp_solve_time =

   28.1769
   11.3822
   17.6790
    8.1121
   13.3838
   21.6550
   17.7042
   15.5716
         0
         0


29 entries survived 

9 th thresholding


omega_est_time =

    1.2920
    1.0224
    0.8264
    0.9387
    0.8036
    0.9058
    0.9321
    0.9835
    0.9536
         0


diff_x_tilde =

   49.8255
   49.5182
   48.0994
   49.0095
   48.2825
   47.4543
   48.4760
   48.6276
   48.0993
         0


diff_omega_diag =

    1.0398
    1.0845
    1.0266
    1.0527
    0.9915
    0.9642
    1.0000
    1.0265
    0.9884
         0

  breakyes=1.0,  maxresidual < 1.00e-06
sdp_solve_time =

   28.1769
   11.3822
   17.6790
    8.1121
   13.3838
   21.6550
   17.7042
   15.5716
   11.3520
         0


29 entries survived 

10 th thresholding


omega_est_time =

    1.2920
    1.0224
    0.8264
    0.9387
    0.8036
    0.9058
    0.9321
    0.9835
    0.9536
    0.7944


diff_x_tilde =

   49.8255
   49.5182
   48.0994
   49.0095
   48.2825
   47.4543
   48.4760
   48.6276
   48.0993
   49.0893


diff_omega_diag =

    1.0398
    1.0845
    1.0266
    1.0527
    0.9915
    0.9642
    1.0000
    1.0265
    0.9884
    1.0223

  breakyes=1.0,  maxresidual < 1.00e-06
sdp_solve_time =

   28.1769
   11.3822
   17.6790
    8.1121
   13.3838
   21.6550
   17.7042
   15.5716
   11.3520
   17.8261


26 entries survived 

diff_x_tilde =

   49.8255
   49.5182
   48.0994
   49.0095
   48.2825
   47.4543
   48.4760
   48.6276
   48.0993
   49.0893


diff_omega_diag =

    1.0398
    1.0845
    1.0266
    1.0527
    0.9915
    0.9642
    1.0000
    1.0265
    0.9884
    1.0223


omega_est_time =

    1.2920
    1.0224
    0.8264
    0.9387
    0.8036
    0.9058
    0.9321
    0.9835
    0.9536
    0.7944


sdp_solve_time =

   28.1769
   11.3822
   17.6790
    8.1121
   13.3838
   21.6550
   17.7042
   15.5716
   11.3520
   17.8261


acc_vec =

    0.9520
    0.9620
    0.9600
    0.9680
    0.9660
    0.9640
    0.9620
    0.9720
    0.9620
    0.9660
    0.9600

acc =0.952000  0.962000  0.960000  0.968000  0.966000  0.964000  0.962000  0.972000  0.962000  0.966000  0.960000 

discov_true_vec =

    10
    10
    10
    10
    10
    10
    10
    10
    10
    10


discov_false_vec =

    27
    19
    19
    17
    21
    17
    20
    19
    19
    16


nn =

   7.3932e+05


ds =

    '08-Mar-2024 11:30:50'


dt = 

  datetime

   08-Mar-2024 11:30:50


data =

  11x14 table

    rep    iter    sep    dim    rho    sparsity     acc     discov_true    discov_false    diff_x_tilde    diff_omega_diag    time_isee    time_SDP          jobdate       
    ___    ____    ___    ___    ___    ________    _____    ___________    ____________    ____________    _______________    _________    ________    ____________________

    57       0      4     100    0.2       10       0.952         0               0                 0                 0               0           0     08-Mar-2024 11:30:50
    57       1      4     100    0.2       10       0.962        10              27            49.826            1.0398           1.292      28.177     08-Mar-2024 11:30:50
    57       2      4     100    0.2       10        0.96        10              19            49.518            1.0845          1.0224      11.382     08-Mar-2024 11:30:50
    57       3      4     100    0.2       10       0.968        10              19            48.099            1.0266         0.82643      17.679     08-Mar-2024 11:30:50
    57       4      4     100    0.2       10       0.966        10              17            49.009            1.0527         0.93871      8.1121     08-Mar-2024 11:30:50
    57       5      4     100    0.2       10       0.964        10              21            48.283           0.99151          0.8036      13.384     08-Mar-2024 11:30:50
    57       6      4     100    0.2       10       0.962        10              17            47.454           0.96417         0.90575      21.655     08-Mar-2024 11:30:50
    57       7      4     100    0.2       10       0.972        10              20            48.476                 1          0.9321      17.704     08-Mar-2024 11:30:50
    57       8      4     100    0.2       10       0.962        10              19            48.628            1.0265          0.9835      15.572     08-Mar-2024 11:30:50
    57       9      4     100    0.2       10       0.966        10              19            48.099           0.98839         0.95362      11.352     08-Mar-2024 11:30:50
    57      10      4     100    0.2       10        0.96        10              16            49.089            1.0223         0.79441      17.826     08-Mar-2024 11:30:50

