==========================================
SLURM_JOB_ID = 20379152
SLURM_JOB_NODELIST = b01-04
TMPDIR = /tmp/SLURM_20379152
==========================================
hello
Starting parallel pool (parpool) ...
Connected to the parallel pool (number of workers: 15).

pool = 

 ProcessPool with properties: 

            Connected: true
           NumWorkers: 15
                 Busy: false
              Cluster: Local
        AttachedFiles: {}
    AutoAddClientPath: true
            FileStore: [1x1 parallel.FileStore]
           ValueStore: [1x1 parallel.ValueStore]
          IdleTimeout: 30 minutes (30 minutes remaining)
          SpmdEnabled: true


p =

    50


Delta =

     4


s =

    10


n =

   500


ii =

     3


table_name =

    'sparse_kmeans_isee_denoise'


conn = 

  sqlite with properties:

      Database: '/home1/jongminm/sparse_kmeans/sparse_kmeans.db'
    IsReadOnly: 0
    AutoCommit: 'on'


rho =

    0.2000


M =

    0.7341

delta confirmed: 4.000000
ans =

    3.4740


rep =

     9

replication: (9)th 

thres=0.220507
1 th thresholding

  breakyes=1.0,  maxresidual < 1.00e-06
15 entries survived 

2 th thresholding

  breakyes=1.0,  maxresidual < 1.00e-06
14 entries survived 

3 th thresholding

  breakyes=1.3,  maxresidual < 1.00e-06
12 entries survived 

4 th thresholding

  breakyes=1.0,  maxresidual < 1.00e-06
14 entries survived 

5 th thresholding

  breakyes=1.4,  maxresidual < 1.00e-06
13 entries survived 

6 th thresholding

  breakyes=1.0,  maxresidual < 1.00e-06
14 entries survived 

7 th thresholding

  breakyes=1.3,  maxresidual < 1.00e-06
15 entries survived 

8 th thresholding

  breakyes=1.0,  maxresidual < 1.00e-06
14 entries survived 

9 th thresholding

  breakyes=1.0,  maxresidual < 1.00e-06
15 entries survived 

10 th thresholding

  breakyes=1.4,  maxresidual < 1.00e-06
13 entries survived 

11 th thresholding

  breakyes=1.0,  maxresidual < 1.00e-06
14 entries survived 

12 th thresholding

  breakyes=1.0,  maxresidual < 1.00e-06
14 entries survived 

13 th thresholding

  breakyes=1.3,  maxresidual < 1.00e-06
12 entries survived 

14 th thresholding

  breakyes=1.0,  maxresidual < 1.00e-06
14 entries survived 

15 th thresholding

  breakyes=1.4,  maxresidual < 1.00e-06
13 entries survived 

16 th thresholding

  breakyes=1.0,  maxresidual < 1.00e-06
14 entries survived 

17 th thresholding

  breakyes=1.3,  maxresidual < 1.00e-06
15 entries survived 

18 th thresholding

  breakyes=1.0,  maxresidual < 1.00e-06
14 entries survived 

19 th thresholding

  breakyes=1.0,  maxresidual < 1.00e-06
15 entries survived 

20 th thresholding

  breakyes=1.4,  maxresidual < 1.00e-06
13 entries survived 

21 th thresholding

  breakyes=1.0,  maxresidual < 1.00e-06
14 entries survived 

22 th thresholding

  breakyes=1.0,  maxresidual < 1.00e-06
14 entries survived 

23 th thresholding

  breakyes=1.3,  maxresidual < 1.00e-06
12 entries survived 

24 th thresholding

  breakyes=1.0,  maxresidual < 1.00e-06
14 entries survived 

25 th thresholding

  breakyes=1.4,  maxresidual < 1.00e-06
13 entries survived 

26 th thresholding

  breakyes=1.0,  maxresidual < 1.00e-06
14 entries survived 

27 th thresholding

  breakyes=1.3,  maxresidual < 1.00e-06
15 entries survived 

28 th thresholding

  breakyes=1.0,  maxresidual < 1.00e-06
14 entries survived 

29 th thresholding

  breakyes=1.0,  maxresidual < 1.00e-06
15 entries survived 

30 th thresholding

  breakyes=1.4,  maxresidual < 1.00e-06
13 entries survived 

acc_vec =

    0.9720
    0.9760
    0.9820
    0.9800
    0.9800
    0.9780
    0.9700
    0.9800
    0.9780
    0.9800
    0.9760
    0.9760
    0.9820
    0.9800
    0.9800
    0.9780
    0.9700
    0.9800
    0.9780
    0.9800
    0.9760
    0.9760
    0.9820
    0.9800
    0.9800
    0.9780
    0.9700
    0.9800
    0.9780
    0.9800
    0.9760

acc =0.972000  0.976000  0.982000  0.980000  0.980000  0.978000  0.970000  0.980000  0.978000  0.980000  0.976000  0.976000  0.982000  0.980000  0.980000  0.978000  0.970000  0.980000  0.978000  0.980000  0.976000  0.976000  0.982000  0.980000  0.980000  0.978000  0.970000  0.980000  0.978000  0.980000  0.976000 

discov_true_vec =

    10
    10
    10
    10
    10
    10
    10
    10
    10
    10
    10
    10
    10
    10
    10
    10
    10
    10
    10
    10
    10
    10
    10
    10
    10
    10
    10
    10
    10
    10


discov_false_vec =

     5
     4
     2
     4
     3
     4
     5
     4
     5
     3
     4
     4
     2
     4
     3
     4
     5
     4
     5
     3
     4
     4
     2
     4
     3
     4
     5
     4
     5
     3


data =

  31x16 table

    rep    iter    sep    dim    rho    sparsity     acc     obj_prim    obj_dual    discov_true    discov_false    diff_x_tilde    diff_omega_diag    time_isee    time_SDP          jobdate       
    ___    ____    ___    ___    ___    ________    _____    ________    ________    ___________    ____________    ____________    _______________    _________    ________    ____________________

     9       0      4     50     0.2       10       0.972          0           0          0              0                  0                 0               0           0     21-Mar-2024 23:23:53
     9       1      4     50     0.2       10       0.976    -4.1653     -4.1653         10              5             30.975            0.6311          1.2447       16.37     21-Mar-2024 23:23:53
     9       2      4     50     0.2       10       0.982    -4.0315     -4.0315         10              4             31.677           0.66014          1.1599      20.239     21-Mar-2024 23:23:53
     9       3      4     50     0.2       10        0.98    -3.9692     -3.9692         10              2             30.035           0.59373         0.77038      22.286     21-Mar-2024 23:23:53
     9       4      4     50     0.2       10        0.98    -4.1406     -4.1406         10              4             30.217           0.59754         0.69746       19.46     21-Mar-2024 23:23:53
     9       5      4     50     0.2       10       0.978    -4.1027     -4.1027         10              3             30.021           0.60677         0.70435      20.875     21-Mar-2024 23:23:53
     9       6      4     50     0.2       10        0.97    -4.2992     -4.2992         10              4             30.822           0.63309         0.54868      16.159     21-Mar-2024 23:23:53
     9       7      4     50     0.2       10        0.98    -4.2023     -4.2023         10              5             32.142           0.64295         0.69889      22.918     21-Mar-2024 23:23:53
     9       8      4     50     0.2       10       0.978    -4.2544     -4.2544         10              4             29.885           0.60615         0.64101      19.256     21-Mar-2024 23:23:53
     9       9      4     50     0.2       10        0.98    -4.1228     -4.1228         10              5             30.541            0.6299         0.47114      15.634     21-Mar-2024 23:23:53
     9      10      4     50     0.2       10       0.976     -4.139      -4.139         10              3             30.422           0.62677          0.5864      26.329     21-Mar-2024 23:23:53
     9      11      4     50     0.2       10       0.976    -4.2041     -4.2041         10              4             30.661           0.61634          0.4723      13.818     21-Mar-2024 23:23:53
     9      12      4     50     0.2       10       0.982    -4.0315     -4.0315         10              4             31.677           0.66014         0.36387      16.808     21-Mar-2024 23:23:53
     9      13      4     50     0.2       10        0.98    -3.9692     -3.9692         10              2             30.035           0.59373         0.59232       20.34     21-Mar-2024 23:23:53
     9      14      4     50     0.2       10        0.98    -4.1406     -4.1406         10              4             30.217           0.59754         0.46901      19.079     21-Mar-2024 23:23:53
     9      15      4     50     0.2       10       0.978    -4.1027     -4.1027         10              3             30.021           0.60677         0.34962      19.766     21-Mar-2024 23:23:53
     9      16      4     50     0.2       10        0.97    -4.2992     -4.2992         10              4             30.822           0.63309          0.4487      17.088     21-Mar-2024 23:23:53
     9      17      4     50     0.2       10        0.98    -4.2023     -4.2023         10              5             32.142           0.64295         0.38188      21.019     21-Mar-2024 23:23:53
     9      18      4     50     0.2       10       0.978    -4.2544     -4.2544         10              4             29.885           0.60615         0.49509      18.874     21-Mar-2024 23:23:53
     9      19      4     50     0.2       10        0.98    -4.1228     -4.1228         10              5             30.541            0.6299         0.38179      15.066     21-Mar-2024 23:23:53
     9      20      4     50     0.2       10       0.976     -4.139      -4.139         10              3             30.422           0.62677         0.45483      25.244     21-Mar-2024 23:23:53
     9      21      4     50     0.2       10       0.976    -4.2041     -4.2041         10              4             30.661           0.61634         0.87901      14.719     21-Mar-2024 23:23:53
     9      22      4     50     0.2       10       0.982    -4.0315     -4.0315         10              4             31.677           0.66014         0.56875      18.347     21-Mar-2024 23:23:53
     9      23      4     50     0.2       10        0.98    -3.9692     -3.9692         10              2             30.035           0.59373         0.53274      21.767     21-Mar-2024 23:23:53
     9      24      4     50     0.2       10        0.98    -4.1406     -4.1406         10              4             30.217           0.59754         0.33271      19.209     21-Mar-2024 23:23:53
     9      25      4     50     0.2       10       0.978    -4.1027     -4.1027         10              3             30.021           0.60677         0.50066      18.554     21-Mar-2024 23:23:53
     9      26      4     50     0.2       10        0.97    -4.2992     -4.2992         10              4             30.822           0.63309         0.53287      14.731     21-Mar-2024 23:23:53
     9      27      4     50     0.2       10        0.98    -4.2023     -4.2023         10              5             32.142           0.64295         0.31244      18.811     21-Mar-2024 23:23:53
     9      28      4     50     0.2       10       0.978    -4.2544     -4.2544         10              4             29.885           0.60615         0.50466      19.137     21-Mar-2024 23:23:53
     9      29      4     50     0.2       10        0.98    -4.1228     -4.1228         10              5             30.541            0.6299         0.32076      14.468     21-Mar-2024 23:23:53
     9      30      4     50     0.2       10       0.976     -4.139      -4.139         10              3             30.422           0.62677         0.50048      22.965     21-Mar-2024 23:23:53


rep =

    10

replication: (10)th 

thres=0.220507
1 th thresholding

  breakyes=1.0,  maxresidual < 1.00e-06
11 entries survived 

2 th thresholding

  breakyes=1.0,  maxresidual < 1.00e-06
11 entries survived 

3 th thresholding

  breakyes=1.4,  maxresidual < 1.00e-06
10 entries survived 

4 th thresholding

  breakyes=1.0,  maxresidual < 1.00e-06
10 entries survived 

5 th thresholding

  breakyes=1.4,  maxresidual < 1.00e-06
10 entries survived 

6 th thresholding

  breakyes=1.0,  maxresidual < 1.00e-06
10 entries survived 

7 th thresholding

  breakyes=1.0,  maxresidual < 1.00e-06
10 entries survived 

8 th thresholding

  breakyes=1.4,  maxresidual < 1.00e-06
10 entries survived 

9 th thresholding

  breakyes=1.0,  maxresidual < 1.00e-06
10 entries survived 

10 th thresholding

  breakyes=1.0,  maxresidual < 1.00e-06
10 entries survived 

11 th thresholding

  breakyes=1.0,  maxresidual < 1.00e-06
10 entries survived 

12 th thresholding

  breakyes=1.0,  maxresidual < 1.00e-06
10 entries survived 

13 th thresholding

  breakyes=1.4,  maxresidual < 1.00e-06
10 entries survived 

14 th thresholding

  breakyes=1.0,  maxresidual < 1.00e-06
10 entries survived 

15 th thresholding

  breakyes=1.0,  maxresidual < 1.00e-06
10 entries survived 

16 th thresholding

  breakyes=1.0,  maxresidual < 1.00e-06
10 entries survived 

17 th thresholding

  breakyes=1.0,  maxresidual < 1.00e-06
10 entries survived 

18 th thresholding

  breakyes=1.4,  maxresidual < 1.00e-06
10 entries survived 

19 th thresholding

  breakyes=1.0,  maxresidual < 1.00e-06
10 entries survived 

20 th thresholding

  breakyes=1.0,  maxresidual < 1.00e-06
10 entries survived 

21 th thresholding

  breakyes=1.0,  maxresidual < 1.00e-06
10 entries survived 

22 th thresholding

  breakyes=1.0,  maxresidual < 1.00e-06
10 entries survived 

23 th thresholding

  breakyes=1.4,  maxresidual < 1.00e-06
10 entries survived 

24 th thresholding

  breakyes=1.0,  maxresidual < 1.00e-06
10 entries survived 

25 th thresholding

  breakyes=1.0,  maxresidual < 1.00e-06
10 entries survived 

26 th thresholding

  breakyes=1.0,  maxresidual < 1.00e-06
10 entries survived 

27 th thresholding

  breakyes=1.0,  maxresidual < 1.00e-06
10 entries survived 

28 th thresholding

  breakyes=1.4,  maxresidual < 1.00e-06
10 entries survived 

29 th thresholding

  breakyes=1.0,  maxresidual < 1.00e-06
10 entries survived 

30 th thresholding

  breakyes=1.0,  maxresidual < 1.00e-06
10 entries survived 

acc_vec =

    0.9660
    0.9740
    0.9760
    0.9720
    0.9760
    0.9700
    0.9740
    0.9740
    0.9720
    0.9720
    0.9720
    0.9740
    0.9740
    0.9720
    0.9720
    0.9720
    0.9740
    0.9740
    0.9720
    0.9720
    0.9720
    0.9740
    0.9740
    0.9720
    0.9720
    0.9720
    0.9740
    0.9740
    0.9720
    0.9720
    0.9720

acc =0.966000  0.974000  0.976000  0.972000  0.976000  0.970000  0.974000  0.974000  0.972000  0.972000  0.972000  0.974000  0.974000  0.972000  0.972000  0.972000  0.974000  0.974000  0.972000  0.972000  0.972000  0.974000  0.974000  0.972000  0.972000  0.972000  0.974000  0.974000  0.972000  0.972000  0.972000 

discov_true_vec =

    10
    10
    10
    10
    10
    10
    10
    10
    10
    10
    10
    10
    10
    10
    10
    10
    10
    10
    10
    10
    10
    10
    10
    10
    10
    10
    10
    10
    10
    10


discov_false_vec =

     1
     1
     0
     0
     0
     0
     0
     0
     0
     0
     0
     0
     0
     0
     0
     0
     0
     0
     0
     0
     0
     0
     0
     0
     0
     0
     0
     0
     0
     0


data =

  31x16 table

    rep    iter    sep    dim    rho    sparsity     acc     obj_prim    obj_dual    discov_true    discov_false    diff_x_tilde    diff_omega_diag    time_isee    time_SDP          jobdate       
    ___    ____    ___    ___    ___    ________    _____    ________    ________    ___________    ____________    ____________    _______________    _________    ________    ____________________

    10       0      4     50     0.2       10       0.966          0           0          0              0                  0                 0               0           0     21-Mar-2024 23:32:34
    10       1      4     50     0.2       10       0.974    -4.0478     -4.0478         10              1             28.919           0.54088         0.76156      14.164     21-Mar-2024 23:32:34
    10       2      4     50     0.2       10       0.976    -4.2369     -4.2369         10              1             31.189            0.5831         0.42912      11.683     21-Mar-2024 23:32:34
    10       3      4     50     0.2       10       0.972    -4.0695     -4.0695         10              0             30.586           0.59078         0.33745      26.973     21-Mar-2024 23:32:34
    10       4      4     50     0.2       10       0.976    -4.1298     -4.1297         10              0             30.094           0.55331         0.48999       15.23     21-Mar-2024 23:32:34
    10       5      4     50     0.2       10        0.97     -4.236      -4.236         10              0             31.181           0.59671         0.43656      22.353     21-Mar-2024 23:32:34
    10       6      4     50     0.2       10       0.974    -4.3747     -4.3747         10              0             31.786           0.61912         0.38794      18.667     21-Mar-2024 23:32:34
    10       7      4     50     0.2       10       0.974    -4.2387     -4.2387         10              0             31.075           0.59275         0.55085      13.366     21-Mar-2024 23:32:34
    10       8      4     50     0.2       10       0.972    -4.2536     -4.2536         10              0             31.195           0.58613         0.32342      19.884     21-Mar-2024 23:32:34
    10       9      4     50     0.2       10       0.972    -4.2061     -4.2061         10              0             30.724           0.59599         0.42841       14.99     21-Mar-2024 23:32:34
    10      10      4     50     0.2       10       0.972    -4.1636     -4.1636         10              0             31.279           0.62044         0.31578      14.773     21-Mar-2024 23:32:34
    10      11      4     50     0.2       10       0.974    -4.2855     -4.2855         10              0             31.178           0.59622         0.46164      17.072     21-Mar-2024 23:32:34
    10      12      4     50     0.2       10       0.974    -4.2387     -4.2387         10              0             31.075           0.59275          0.4358      13.863     21-Mar-2024 23:32:34
    10      13      4     50     0.2       10       0.972    -4.2536     -4.2536         10              0             31.195           0.58613         0.49434      18.426     21-Mar-2024 23:32:34
    10      14      4     50     0.2       10       0.972    -4.2061     -4.2061         10              0             30.724           0.59599         0.31217      14.755     21-Mar-2024 23:32:34
    10      15      4     50     0.2       10       0.972    -4.1636     -4.1636         10              0             31.279           0.62044         0.49379      13.674     21-Mar-2024 23:32:34
    10      16      4     50     0.2       10       0.974    -4.2855     -4.2855         10              0             31.178           0.59622         0.31904      19.248     21-Mar-2024 23:32:34
    10      17      4     50     0.2       10       0.974    -4.2387     -4.2387         10              0             31.075           0.59275         0.50778      17.295     21-Mar-2024 23:32:34
    10      18      4     50     0.2       10       0.972    -4.2536     -4.2536         10              0             31.195           0.58613         0.32156      18.501     21-Mar-2024 23:32:34
    10      19      4     50     0.2       10       0.972    -4.2061     -4.2061         10              0             30.724           0.59599         0.42761      16.323     21-Mar-2024 23:32:34
    10      20      4     50     0.2       10       0.972    -4.1636     -4.1636         10              0             31.279           0.62044         0.31271      16.849     21-Mar-2024 23:32:34
    10      21      4     50     0.2       10       0.974    -4.2855     -4.2855         10              0             31.178           0.59622         0.52744      19.378     21-Mar-2024 23:32:34
    10      22      4     50     0.2       10       0.974    -4.2387     -4.2387         10              0             31.075           0.59275         0.29983      14.653     21-Mar-2024 23:32:34
    10      23      4     50     0.2       10       0.972    -4.2536     -4.2536         10              0             31.195           0.58613         0.30172      17.886     21-Mar-2024 23:32:34
    10      24      4     50     0.2       10       0.972    -4.2061     -4.2061         10              0             30.724           0.59599         0.47564      16.337     21-Mar-2024 23:32:34
    10      25      4     50     0.2       10       0.972    -4.1636     -4.1636         10              0             31.279           0.62044          0.3046      15.281     21-Mar-2024 23:32:34
    10      26      4     50     0.2       10       0.974    -4.2855     -4.2855         10              0             31.178           0.59622         0.55845      17.901     21-Mar-2024 23:32:34
    10      27      4     50     0.2       10       0.974    -4.2387     -4.2387         10              0             31.075           0.59275         0.43361      15.364     21-Mar-2024 23:32:34
    10      28      4     50     0.2       10       0.972    -4.2536     -4.2536         10              0             31.195           0.58613         0.54123      21.092     21-Mar-2024 23:32:34
    10      29      4     50     0.2       10       0.972    -4.2061     -4.2061         10              0             30.724           0.59599         0.30178      15.719     21-Mar-2024 23:32:34
    10      30      4     50     0.2       10       0.972    -4.1636     -4.1636         10              0             31.279           0.62044         0.61088      15.532     21-Mar-2024 23:32:34


rep =

    11

replication: (11)th 

thres=0.220507
1 th thresholding

  breakyes=1.0,  maxresidual < 1.00e-06
12 entries survived 

2 th thresholding

  breakyes=1.0,  maxresidual < 1.00e-06
12 entries survived 

3 th thresholding

  breakyes=1.4,  maxresidual < 1.00e-06
12 entries survived 

4 th thresholding

  breakyes=1.0,  maxresidual < 1.00e-06
12 entries survived 

5 th thresholding

  breakyes=1.4,  maxresidual < 1.00e-06
12 entries survived 

6 th thresholding

  breakyes=1.0,  maxresidual < 1.00e-06
12 entries survived 

7 th thresholding

  breakyes=1.4,  maxresidual < 1.00e-06
12 entries survived 

8 th thresholding

  breakyes=1.0,  maxresidual < 1.00e-06
12 entries survived 

9 th thresholding

  breakyes=1.4,  maxresidual < 1.00e-06
12 entries survived 

10 th thresholding

  breakyes=1.0,  maxresidual < 1.00e-06
12 entries survived 

11 th thresholding

  breakyes=1.4,  maxresidual < 1.00e-06
12 entries survived 

12 th thresholding

  breakyes=1.0,  maxresidual < 1.00e-06
12 entries survived 

13 th thresholding

  breakyes=1.4,  maxresidual < 1.00e-06
12 entries survived 

14 th thresholding

  breakyes=1.0,  maxresidual < 1.00e-06
12 entries survived 

15 th thresholding

  breakyes=1.4,  maxresidual < 1.00e-06
12 entries survived 

16 th thresholding

  breakyes=1.0,  maxresidual < 1.00e-06
12 entries survived 

17 th thresholding

  breakyes=1.4,  maxresidual < 1.00e-06
12 entries survived 

18 th thresholding

  breakyes=1.0,  maxresidual < 1.00e-06
12 entries survived 

19 th thresholding

  breakyes=1.4,  maxresidual < 1.00e-06
12 entries survived 

20 th thresholding

  breakyes=1.0,  maxresidual < 1.00e-06
12 entries survived 

21 th thresholding

  breakyes=1.4,  maxresidual < 1.00e-06
12 entries survived 

22 th thresholding

  breakyes=1.0,  maxresidual < 1.00e-06
12 entries survived 

23 th thresholding

  breakyes=1.4,  maxresidual < 1.00e-06
12 entries survived 

24 th thresholding

  breakyes=1.0,  maxresidual < 1.00e-06
12 entries survived 

25 th thresholding

  breakyes=1.4,  maxresidual < 1.00e-06
12 entries survived 

26 th thresholding

  breakyes=1.0,  maxresidual < 1.00e-06
12 entries survived 

27 th thresholding

  breakyes=1.4,  maxresidual < 1.00e-06
12 entries survived 

28 th thresholding

  breakyes=1.0,  maxresidual < 1.00e-06
12 entries survived 

29 th thresholding

  breakyes=1.4,  maxresidual < 1.00e-06
12 entries survived 

30 th thresholding

  breakyes=1.0,  maxresidual < 1.00e-06
12 entries survived 

acc_vec =

    0.9700
    0.9760
    0.9760
    0.9740
    0.9740
    0.9740
    0.9740
    0.9740
    0.9740
    0.9740
    0.9740
    0.9740
    0.9740
    0.9740
    0.9740
    0.9740
    0.9740
    0.9740
    0.9740
    0.9740
    0.9740
    0.9740
    0.9740
    0.9740
    0.9740
    0.9740
    0.9740
    0.9740
    0.9740
    0.9740
    0.9740

acc =0.970000  0.976000  0.976000  0.974000  0.974000  0.974000  0.974000  0.974000  0.974000  0.974000  0.974000  0.974000  0.974000  0.974000  0.974000  0.974000  0.974000  0.974000  0.974000  0.974000  0.974000  0.974000  0.974000  0.974000  0.974000  0.974000  0.974000  0.974000  0.974000  0.974000  0.974000 

discov_true_vec =

    10
    10
    10
    10
    10
    10
    10
    10
    10
    10
    10
    10
    10
    10
    10
    10
    10
    10
    10
    10
    10
    10
    10
    10
    10
    10
    10
    10
    10
    10


discov_false_vec =

     2
     2
     2
     2
     2
     2
     2
     2
     2
     2
     2
     2
     2
     2
     2
     2
     2
     2
     2
     2
     2
     2
     2
     2
     2
     2
     2
     2
     2
     2


data =

  31x16 table

    rep    iter    sep    dim    rho    sparsity     acc     obj_prim    obj_dual    discov_true    discov_false    diff_x_tilde    diff_omega_diag    time_isee    time_SDP          jobdate       
    ___    ____    ___    ___    ___    ________    _____    ________    ________    ___________    ____________    ____________    _______________    _________    ________    ____________________

    11       0      4     50     0.2       10        0.97          0           0          0              0                  0                 0               0           0     21-Mar-2024 23:41:08
    11       1      4     50     0.2       10       0.976    -4.9717     -4.9717         10              2             31.259           0.62218         0.68214      16.284     21-Mar-2024 23:41:08
    11       2      4     50     0.2       10       0.976    -4.9985     -4.9985         10              2             33.009           0.65806          0.4552      11.843     21-Mar-2024 23:41:08
    11       3      4     50     0.2       10       0.974    -5.1207     -5.1207         10              2             33.526           0.68376         0.39307      25.792     21-Mar-2024 23:41:08
    11       4      4     50     0.2       10       0.974    -4.9868     -4.9868         10              2             32.639           0.64793         0.43848      10.822     21-Mar-2024 23:41:08
    11       5      4     50     0.2       10       0.974    -5.1269     -5.1269         10              2             33.885            0.6826         0.49375      23.764     21-Mar-2024 23:41:08
    11       6      4     50     0.2       10       0.974    -4.9868     -4.9868         10              2             32.639           0.64793         0.45394      10.988     21-Mar-2024 23:41:08
    11       7      4     50     0.2       10       0.974    -5.1269     -5.1269         10              2             33.885            0.6826         0.43443      24.463     21-Mar-2024 23:41:08
    11       8      4     50     0.2       10       0.974    -4.9868     -4.9868         10              2             32.639           0.64793         0.46637      12.164     21-Mar-2024 23:41:08
    11       9      4     50     0.2       10       0.974    -5.1269     -5.1269         10              2             33.885            0.6826         0.32423      23.948     21-Mar-2024 23:41:08
    11      10      4     50     0.2       10       0.974    -4.9868     -4.9868         10              2             32.639           0.64793         0.30269      11.597     21-Mar-2024 23:41:08
    11      11      4     50     0.2       10       0.974    -5.1269     -5.1269         10              2             33.885            0.6826         0.78522      24.758     21-Mar-2024 23:41:08
    11      12      4     50     0.2       10       0.974    -4.9868     -4.9868         10              2             32.639           0.64793         0.43595      10.559     21-Mar-2024 23:41:08
    11      13      4     50     0.2       10       0.974    -5.1269     -5.1269         10              2             33.885            0.6826         0.48462      20.963     21-Mar-2024 23:41:08
    11      14      4     50     0.2       10       0.974    -4.9868     -4.9868         10              2             32.639           0.64793         0.42552      9.9531     21-Mar-2024 23:41:08
    11      15      4     50     0.2       10       0.974    -5.1269     -5.1269         10              2             33.885            0.6826         0.55083      21.114     21-Mar-2024 23:41:08
    11      16      4     50     0.2       10       0.974    -4.9868     -4.9868         10              2             32.639           0.64793         0.32577       11.55     21-Mar-2024 23:41:08
    11      17      4     50     0.2       10       0.974    -5.1269     -5.1269         10              2             33.885            0.6826         0.33983       23.84     21-Mar-2024 23:41:08
    11      18      4     50     0.2       10       0.974    -4.9868     -4.9868         10              2             32.639           0.64793         0.48566      11.173     21-Mar-2024 23:41:08
    11      19      4     50     0.2       10       0.974    -5.1269     -5.1269         10              2             33.885            0.6826         0.54941      22.876     21-Mar-2024 23:41:08
    11      20      4     50     0.2       10       0.974    -4.9868     -4.9868         10              2             32.639           0.64793         0.44966      10.233     21-Mar-2024 23:41:08
    11      21      4     50     0.2       10       0.974    -5.1269     -5.1269         10              2             33.885            0.6826         0.46557      23.101     21-Mar-2024 23:41:08
    11      22      4     50     0.2       10       0.974    -4.9868     -4.9868         10              2             32.639           0.64793         0.45249      10.005     21-Mar-2024 23:41:08
    11      23      4     50     0.2       10       0.974    -5.1269     -5.1269         10              2             33.885            0.6826          0.5671      21.333     21-Mar-2024 23:41:08
    11      24      4     50     0.2       10       0.974    -4.9868     -4.9868         10              2             32.639           0.64793         0.36704      10.597     21-Mar-2024 23:41:08
    11      25      4     50     0.2       10       0.974    -5.1269     -5.1269         10              2             33.885            0.6826         0.47659      21.451     21-Mar-2024 23:41:08
    11      26      4     50     0.2       10       0.974    -4.9868     -4.9868         10              2             32.639           0.64793         0.34368      10.528     21-Mar-2024 23:41:08
    11      27      4     50     0.2       10       0.974    -5.1269     -5.1269         10              2             33.885            0.6826         0.55981      21.911     21-Mar-2024 23:41:08
    11      28      4     50     0.2       10       0.974    -4.9868     -4.9868         10              2             32.639           0.64793         0.60414      10.093     21-Mar-2024 23:41:08
    11      29      4     50     0.2       10       0.974    -5.1269     -5.1269         10              2             33.885            0.6826         0.48518        21.7     21-Mar-2024 23:41:08
    11      30      4     50     0.2       10       0.974    -4.9868     -4.9868         10              2             32.639           0.64793         0.31321      11.133     21-Mar-2024 23:41:08


rep =

    12

replication: (12)th 

thres=0.220507
1 th thresholding

  breakyes=1.0,  maxresidual < 1.00e-06
15 entries survived 

2 th thresholding

  breakyes=1.0,  maxresidual < 1.00e-06
11 entries survived 

3 th thresholding

  breakyes=1.0,  maxresidual < 1.00e-06
11 entries survived 

4 th thresholding

  breakyes=1.0,  maxresidual < 1.00e-06
11 entries survived 

5 th thresholding

  breakyes=1.0,  maxresidual < 1.00e-06
11 entries survived 

6 th thresholding

  breakyes=1.0,  maxresidual < 1.00e-06
11 entries survived 

7 th thresholding

  breakyes=1.0,  maxresidual < 1.00e-06
11 entries survived 

8 th thresholding

  breakyes=1.0,  maxresidual < 1.00e-06
11 entries survived 

9 th thresholding

  breakyes=1.0,  maxresidual < 1.00e-06
11 entries survived 

10 th thresholding

  breakyes=1.0,  maxresidual < 1.00e-06
11 entries survived 

11 th thresholding

  breakyes=1.0,  maxresidual < 1.00e-06
11 entries survived 

12 th thresholding

  breakyes=1.0,  maxresidual < 1.00e-06
11 entries survived 

13 th thresholding

  breakyes=1.0,  maxresidual < 1.00e-06
11 entries survived 

14 th thresholding

  breakyes=1.0,  maxresidual < 1.00e-06
11 entries survived 

15 th thresholding

  breakyes=1.0,  maxresidual < 1.00e-06
11 entries survived 

16 th thresholding

  breakyes=1.0,  maxresidual < 1.00e-06
11 entries survived 

17 th thresholding

  breakyes=1.0,  maxresidual < 1.00e-06
11 entries survived 

18 th thresholding

  breakyes=1.0,  maxresidual < 1.00e-06
11 entries survived 

19 th thresholding

  breakyes=1.0,  maxresidual < 1.00e-06
11 entries survived 

20 th thresholding

  breakyes=1.0,  maxresidual < 1.00e-06
11 entries survived 

21 th thresholding

  breakyes=1.0,  maxresidual < 1.00e-06
11 entries survived 

22 th thresholding

  breakyes=1.0,  maxresidual < 1.00e-06
11 entries survived 

23 th thresholding

  breakyes=1.0,  maxresidual < 1.00e-06
11 entries survived 

24 th thresholding

  breakyes=1.0,  maxresidual < 1.00e-06
11 entries survived 

25 th thresholding

  breakyes=1.0,  maxresidual < 1.00e-06
11 entries survived 

26 th thresholding

  breakyes=1.0,  maxresidual < 1.00e-06
11 entries survived 

27 th thresholding

  breakyes=1.0,  maxresidual < 1.00e-06
11 entries survived 

28 th thresholding

  breakyes=1.0,  maxresidual < 1.00e-06
11 entries survived 

29 th thresholding

  breakyes=1.0,  maxresidual < 1.00e-06
11 entries survived 

30 th thresholding

  breakyes=1.0,  maxresidual < 1.00e-06
11 entries survived 

acc_vec =

    0.9700
    0.9760
    0.9800
    0.9800
    0.9800
    0.9800
    0.9800
    0.9800
    0.9800
    0.9800
    0.9800
    0.9800
    0.9800
    0.9800
    0.9800
    0.9800
    0.9800
    0.9800
    0.9800
    0.9800
    0.9800
    0.9800
    0.9800
    0.9800
    0.9800
    0.9800
    0.9800
    0.9800
    0.9800
    0.9800
    0.9800

acc =0.970000  0.976000  0.980000  0.980000  0.980000  0.980000  0.980000  0.980000  0.980000  0.980000  0.980000  0.980000  0.980000  0.980000  0.980000  0.980000  0.980000  0.980000  0.980000  0.980000  0.980000  0.980000  0.980000  0.980000  0.980000  0.980000  0.980000  0.980000  0.980000  0.980000  0.980000 

discov_true_vec =

    10
    10
    10
    10
    10
    10
    10
    10
    10
    10
    10
    10
    10
    10
    10
    10
    10
    10
    10
    10
    10
    10
    10
    10
    10
    10
    10
    10
    10
    10


discov_false_vec =

     5
     1
     1
     1
     1
     1
     1
     1
     1
     1
     1
     1
     1
     1
     1
     1
     1
     1
     1
     1
     1
     1
     1
     1
     1
     1
     1
     1
     1
     1


data =

  31x16 table

    rep    iter    sep    dim    rho    sparsity     acc     obj_prim    obj_dual    discov_true    discov_false    diff_x_tilde    diff_omega_diag    time_isee    time_SDP          jobdate       
    ___    ____    ___    ___    ___    ________    _____    ________    ________    ___________    ____________    ____________    _______________    _________    ________    ____________________

    12       0      4     50     0.2       10        0.97          0           0          0              0                  0                 0               0           0     21-Mar-2024 23:50:05
    12       1      4     50     0.2       10       0.976    -4.5787     -4.5787         10              5             33.315           0.76662         0.59353      19.093     21-Mar-2024 23:50:05
    12       2      4     50     0.2       10        0.98    -4.3461     -4.3461         10              1             32.993           0.72341         0.44196      15.598     21-Mar-2024 23:50:05
    12       3      4     50     0.2       10        0.98    -4.3754     -4.3754         10              1             32.285           0.70183         0.49509      18.097     21-Mar-2024 23:50:05
    12       4      4     50     0.2       10        0.98    -4.3754     -4.3754         10              1             32.285           0.70183         0.29372      16.599     21-Mar-2024 23:50:05
    12       5      4     50     0.2       10        0.98    -4.3754     -4.3754         10              1             32.285           0.70183         0.68602      16.074     21-Mar-2024 23:50:05
    12       6      4     50     0.2       10        0.98    -4.3754     -4.3754         10              1             32.285           0.70183         0.31401      16.516     21-Mar-2024 23:50:05
    12       7      4     50     0.2       10        0.98    -4.3754     -4.3754         10              1             32.285           0.70183         0.50347      15.369     21-Mar-2024 23:50:05
    12       8      4     50     0.2       10        0.98    -4.3754     -4.3754         10              1             32.285           0.70183         0.33998      18.606     21-Mar-2024 23:50:05
    12       9      4     50     0.2       10        0.98    -4.3754     -4.3754         10              1             32.285           0.70183         0.52353      16.234     21-Mar-2024 23:50:05
    12      10      4     50     0.2       10        0.98    -4.3754     -4.3754         10              1             32.285           0.70183         0.54367      17.542     21-Mar-2024 23:50:05
    12      11      4     50     0.2       10        0.98    -4.3754     -4.3754         10              1             32.285           0.70183         0.50069      17.974     21-Mar-2024 23:50:05
    12      12      4     50     0.2       10        0.98    -4.3754     -4.3754         10              1             32.285           0.70183         0.50928      17.221     21-Mar-2024 23:50:05
    12      13      4     50     0.2       10        0.98    -4.3754     -4.3754         10              1             32.285           0.70183         0.31317      18.412     21-Mar-2024 23:50:05
    12      14      4     50     0.2       10        0.98    -4.3754     -4.3754         10              1             32.285           0.70183         0.32973      17.513     21-Mar-2024 23:50:05
    12      15      4     50     0.2       10        0.98    -4.3754     -4.3754         10              1             32.285           0.70183         0.62349      16.829     21-Mar-2024 23:50:05
    12      16      4     50     0.2       10        0.98    -4.3754     -4.3754         10              1             32.285           0.70183         0.32372      17.698     21-Mar-2024 23:50:05
    12      17      4     50     0.2       10        0.98    -4.3754     -4.3754         10              1             32.285           0.70183         0.44276       17.65     21-Mar-2024 23:50:05
    12      18      4     50     0.2       10        0.98    -4.3754     -4.3754         10              1             32.285           0.70183         0.34098      17.904     21-Mar-2024 23:50:05
    12      19      4     50     0.2       10        0.98    -4.3754     -4.3754         10              1             32.285           0.70183         0.44119       18.39     21-Mar-2024 23:50:05
    12      20      4     50     0.2       10        0.98    -4.3754     -4.3754         10              1             32.285           0.70183          0.3013      18.588     21-Mar-2024 23:50:05
    12      21      4     50     0.2       10        0.98    -4.3754     -4.3754         10              1             32.285           0.70183         0.53014      18.341     21-Mar-2024 23:50:05
    12      22      4     50     0.2       10        0.98    -4.3754     -4.3754         10              1             32.285           0.70183         0.32498      16.562     21-Mar-2024 23:50:05
    12      23      4     50     0.2       10        0.98    -4.3754     -4.3754         10              1             32.285           0.70183         0.54368      17.991     21-Mar-2024 23:50:05
    12      24      4     50     0.2       10        0.98    -4.3754     -4.3754         10              1             32.285           0.70183         0.32513      15.984     21-Mar-2024 23:50:05
    12      25      4     50     0.2       10        0.98    -4.3754     -4.3754         10              1             32.285           0.70183         0.51114      16.705     21-Mar-2024 23:50:05
    12      26      4     50     0.2       10        0.98    -4.3754     -4.3754         10              1             32.285           0.70183         0.29969      19.112     21-Mar-2024 23:50:05
    12      27      4     50     0.2       10        0.98    -4.3754     -4.3754         10              1             32.285           0.70183         0.42929      18.177     21-Mar-2024 23:50:05
    12      28      4     50     0.2       10        0.98    -4.3754     -4.3754         10              1             32.285           0.70183         0.53258      16.942     21-Mar-2024 23:50:05
    12      29      4     50     0.2       10        0.98    -4.3754     -4.3754         10              1             32.285           0.70183         0.34744      16.419     21-Mar-2024 23:50:05
    12      30      4     50     0.2       10        0.98    -4.3754     -4.3754         10              1             32.285           0.70183         0.63523      18.695     21-Mar-2024 23:50:05

