==========================================
SLURM_JOB_ID = 20379757
SLURM_JOB_NODELIST = a02-13
TMPDIR = /tmp/SLURM_20379757
==========================================
hello
Starting parallel pool (parpool) ...
Connected to the parallel pool (number of workers: 15).

pool = 

 ProcessPool with properties: 

            Connected: true
           NumWorkers: 15
                 Busy: false
              Cluster: Local
        AttachedFiles: {}
    AutoAddClientPath: true
            FileStore: [1x1 parallel.FileStore]
           ValueStore: [1x1 parallel.ValueStore]
          IdleTimeout: 30 minutes (30 minutes remaining)
          SpmdEnabled: true


p =

    50


Delta =

     3


s =

    10


n =

   500


ii =

     5


table_name =

    'sparse_kmeans_isee_denoise'


conn = 

  sqlite with properties:

      Database: '/home1/jongminm/sparse_kmeans/sparse_kmeans.db'
    IsReadOnly: 0
    AutoCommit: 'on'


rho =

    0.2000


M =

    0.5506

delta confirmed: 3.000000
ans =

    2.6055


rep =

    17

replication: (17)th 

thres=0.220507
1 th thresholding

  breakyes=1.3,  maxresidual < 1.00e-06
15 entries survived 

2 th thresholding

  breakyes=1.4,  maxresidual < 1.00e-06
11 entries survived 

3 th thresholding

  breakyes=3.2,  dualfeasorg deteriorated too much: primfeasorg=7.08e-07,dualfeasorg=2.99e-05
11 entries survived 

4 th thresholding

  breakyes=3.2,  dualfeasorg deteriorated too much: primfeasorg=7.12e-07,dualfeasorg=4.34e-05
11 entries survived 

5 th thresholding

  breakyes=2.0,  primfeasorg*dualfeasorg < 1.00e-14
11 entries survived 

6 th thresholding

  breakyes=2.0,  primfeasorg*dualfeasorg < 1.00e-14
11 entries survived 

7 th thresholding

  breakyes=3.2,  dualfeasorg deteriorated too much: primfeasorg=1.88e-06,dualfeasorg=2.50e-05
11 entries survived 

8 th thresholding

  breakyes=1.4,  maxresidual < 1.00e-06
11 entries survived 

9 th thresholding

  breakyes=3.2,  dualfeasorg deteriorated too much: primfeasorg=7.39e-07,dualfeasorg=3.96e-05
11 entries survived 

10 th thresholding

  breakyes=3.2,  dualfeasorg deteriorated too much: primfeasorg=1.85e-06,dualfeasorg=4.03e-05
11 entries survived 

11 th thresholding

  breakyes=3.2,  dualfeasorg deteriorated too much: primfeasorg=1.47e-06,dualfeasorg=4.58e-05
11 entries survived 

12 th thresholding

  breakyes=3.2,  dualfeasorg deteriorated too much: primfeasorg=1.15e-06,dualfeasorg=2.98e-05
11 entries survived 

13 th thresholding

  breakyes=1.4,  maxresidual < 1.00e-06
11 entries survived 

14 th thresholding

  breakyes=3.2,  dualfeasorg deteriorated too much: primfeasorg=8.37e-07,dualfeasorg=6.28e-05
11 entries survived 

15 th thresholding

  breakyes=2.0,  primfeasorg*dualfeasorg < 1.00e-14
11 entries survived 

16 th thresholding

  breakyes=2.0,  primfeasorg*dualfeasorg < 1.00e-14
11 entries survived 

17 th thresholding

  breakyes=3.2,  dualfeasorg deteriorated too much: primfeasorg=1.88e-06,dualfeasorg=2.50e-05
11 entries survived 

18 th thresholding

  breakyes=1.4,  maxresidual < 1.00e-06
11 entries survived 

19 th thresholding

  breakyes=3.2,  dualfeasorg deteriorated too much: primfeasorg=7.39e-07,dualfeasorg=3.96e-05
11 entries survived 

20 th thresholding

  breakyes=3.2,  dualfeasorg deteriorated too much: primfeasorg=1.85e-06,dualfeasorg=4.03e-05
11 entries survived 

21 th thresholding

  breakyes=3.2,  dualfeasorg deteriorated too much: primfeasorg=1.47e-06,dualfeasorg=4.58e-05
11 entries survived 

22 th thresholding

  breakyes=3.2,  dualfeasorg deteriorated too much: primfeasorg=1.15e-06,dualfeasorg=2.98e-05
11 entries survived 

23 th thresholding

  breakyes=1.4,  maxresidual < 1.00e-06
11 entries survived 

24 th thresholding

  breakyes=3.2,  dualfeasorg deteriorated too much: primfeasorg=8.37e-07,dualfeasorg=6.28e-05
11 entries survived 

25 th thresholding

  breakyes=2.0,  primfeasorg*dualfeasorg < 1.00e-14
11 entries survived 

26 th thresholding

  breakyes=2.0,  primfeasorg*dualfeasorg < 1.00e-14
11 entries survived 

27 th thresholding

  breakyes=3.2,  dualfeasorg deteriorated too much: primfeasorg=1.88e-06,dualfeasorg=2.50e-05
11 entries survived 

28 th thresholding

  breakyes=1.4,  maxresidual < 1.00e-06
11 entries survived 

29 th thresholding

  breakyes=3.2,  dualfeasorg deteriorated too much: primfeasorg=7.39e-07,dualfeasorg=3.96e-05
11 entries survived 

30 th thresholding

  breakyes=3.2,  dualfeasorg deteriorated too much: primfeasorg=1.85e-06,dualfeasorg=4.03e-05
11 entries survived 

acc_vec =

    0.8920
    0.9040
    0.9080
    0.9020
    0.9080
    0.9060
    0.9060
    0.9040
    0.9080
    0.9040
    0.9060
    0.9040
    0.9120
    0.9060
    0.9080
    0.9060
    0.9060
    0.9040
    0.9080
    0.9040
    0.9060
    0.9040
    0.9120
    0.9060
    0.9080
    0.9060
    0.9060
    0.9040
    0.9080
    0.9040
    0.9060

acc =0.892000  0.904000  0.908000  0.902000  0.908000  0.906000  0.906000  0.904000  0.908000  0.904000  0.906000  0.904000  0.912000  0.906000  0.908000  0.906000  0.906000  0.904000  0.908000  0.904000  0.906000  0.904000  0.912000  0.906000  0.908000  0.906000  0.906000  0.904000  0.908000  0.904000  0.906000 

discov_true_vec =

    10
    10
    10
    10
    10
    10
    10
    10
    10
    10
    10
    10
    10
    10
    10
    10
    10
    10
    10
    10
    10
    10
    10
    10
    10
    10
    10
    10
    10
    10


discov_false_vec =

     5
     1
     1
     1
     1
     1
     1
     1
     1
     1
     1
     1
     1
     1
     1
     1
     1
     1
     1
     1
     1
     1
     1
     1
     1
     1
     1
     1
     1
     1


data =

  31x16 table

    rep    iter    sep    dim    rho    sparsity     acc     obj_prim    obj_dual    discov_true    discov_false    diff_x_tilde    diff_omega_diag    time_isee    time_SDP          jobdate       
    ___    ____    ___    ___    ___    ________    _____    ________    ________    ___________    ____________    ____________    _______________    _________    ________    ____________________

    17       0      3     50     0.2       10       0.892          0           0          0              0                  0                 0               0           0     22-Mar-2024 02:09:40
    17       1      3     50     0.2       10       0.904    -2.6957     -2.6957         10              5             34.067           0.73901          1.2342      50.805     22-Mar-2024 02:09:40
    17       2      3     50     0.2       10       0.908    -2.4689     -2.4689         10              1             32.935           0.71091          1.3575      31.209     22-Mar-2024 02:09:40
    17       3      3     50     0.2       10       0.902    -2.4613     -2.4613         10              1             32.452            0.7089           1.129      48.184     22-Mar-2024 02:09:40
    17       4      3     50     0.2       10       0.908    -2.4202     -2.4202         10              1             33.614           0.75185         0.75101      39.677     22-Mar-2024 02:09:40
    17       5      3     50     0.2       10       0.906    -2.4929     -2.4929         10              1             33.534            0.7484         0.72124      62.928     22-Mar-2024 02:09:40
    17       6      3     50     0.2       10       0.906    -2.5224     -2.5224         10              1             34.391           0.78376         0.72572      61.226     22-Mar-2024 02:09:40
    17       7      3     50     0.2       10       0.904    -2.4617     -2.4617         10              1              34.14           0.76925         0.62244      69.036     22-Mar-2024 02:09:40
    17       8      3     50     0.2       10       0.908    -2.4608     -2.4608         10              1               33.1           0.74275         0.73874      60.671     22-Mar-2024 02:09:40
    17       9      3     50     0.2       10       0.904     -2.573      -2.573         10              1             33.918           0.76498         0.62491      57.238     22-Mar-2024 02:09:40
    17      10      3     50     0.2       10       0.906     -2.435      -2.435         10              1             33.629           0.75922         0.64353      72.425     22-Mar-2024 02:09:40
    17      11      3     50     0.2       10       0.904    -2.4245     -2.4245         10              1             33.222           0.74181         0.77739      30.048     22-Mar-2024 02:09:40
    17      12      3     50     0.2       10       0.912    -2.4204     -2.4204         10              1             33.943           0.76463         0.46201      29.862     22-Mar-2024 02:09:40
    17      13      3     50     0.2       10       0.906    -2.5495     -2.5495         10              1             32.962           0.73173         0.35354      41.062     22-Mar-2024 02:09:40
    17      14      3     50     0.2       10       0.908     -2.436      -2.436         10              1             33.296           0.73407         0.57522      40.862     22-Mar-2024 02:09:40
    17      15      3     50     0.2       10       0.906    -2.4929     -2.4929         10              1             33.534            0.7484          0.9442      70.546     22-Mar-2024 02:09:40
    17      16      3     50     0.2       10       0.906    -2.5224     -2.5224         10              1             34.391           0.78376          0.8364      60.622     22-Mar-2024 02:09:40
    17      17      3     50     0.2       10       0.904    -2.4617     -2.4617         10              1              34.14           0.76925          0.4984      67.477     22-Mar-2024 02:09:40
    17      18      3     50     0.2       10       0.908    -2.4608     -2.4608         10              1               33.1           0.74275         0.75411      59.975     22-Mar-2024 02:09:40
    17      19      3     50     0.2       10       0.904     -2.573      -2.573         10              1             33.918           0.76498         0.58271      56.088     22-Mar-2024 02:09:40
    17      20      3     50     0.2       10       0.906     -2.435      -2.435         10              1             33.629           0.75922         0.57181       73.16     22-Mar-2024 02:09:40
    17      21      3     50     0.2       10       0.904    -2.4245     -2.4245         10              1             33.222           0.74181         0.73405      30.137     22-Mar-2024 02:09:40
    17      22      3     50     0.2       10       0.912    -2.4204     -2.4204         10              1             33.943           0.76463           0.614      28.421     22-Mar-2024 02:09:40
    17      23      3     50     0.2       10       0.906    -2.5495     -2.5495         10              1             32.962           0.73173         0.33833      35.226     22-Mar-2024 02:09:40
    17      24      3     50     0.2       10       0.908     -2.436      -2.436         10              1             33.296           0.73407          0.5662      30.584     22-Mar-2024 02:09:40
    17      25      3     50     0.2       10       0.906    -2.4929     -2.4929         10              1             33.534            0.7484          0.5536      49.159     22-Mar-2024 02:09:40
    17      26      3     50     0.2       10       0.906    -2.5224     -2.5224         10              1             34.391           0.78376         0.44197      44.103     22-Mar-2024 02:09:40
    17      27      3     50     0.2       10       0.904    -2.4617     -2.4617         10              1              34.14           0.76925         0.58403      48.853     22-Mar-2024 02:09:40
    17      28      3     50     0.2       10       0.908    -2.4608     -2.4608         10              1               33.1           0.74275         0.81951      42.633     22-Mar-2024 02:09:40
    17      29      3     50     0.2       10       0.904     -2.573      -2.573         10              1             33.918           0.76498         0.52675      39.599     22-Mar-2024 02:09:40
    17      30      3     50     0.2       10       0.906     -2.435      -2.435         10              1             33.629           0.75922         0.47208      54.539     22-Mar-2024 02:09:40


rep =

    18

replication: (18)th 

thres=0.220507
1 th thresholding

  breakyes=3.2,  dualfeasorg deteriorated too much: primfeasorg=1.47e-06,dualfeasorg=4.68e-05
20 entries survived 

2 th thresholding

  breakyes=1.4,  maxresidual < 1.00e-06
12 entries survived 

3 th thresholding

  breakyes=3.2,  dualfeasorg deteriorated too much: primfeasorg=8.68e-07,dualfeasorg=5.32e-05
13 entries survived 

4 th thresholding

  breakyes=3.2,  dualfeasorg deteriorated too much: primfeasorg=1.32e-06,dualfeasorg=3.89e-05
13 entries survived 

5 th thresholding

  breakyes=1.0,  maxresidual < 1.00e-06
14 entries survived 

6 th thresholding

  breakyes=3.2,  dualfeasorg deteriorated too much: primfeasorg=9.52e-07,dualfeasorg=4.93e-05
14 entries survived 

7 th thresholding

  breakyes=4.1,  primfeasorg stagnate, 0.00e+00
14 entries survived 

8 th thresholding

  breakyes=3.2,  dualfeasorg deteriorated too much: primfeasorg=1.04e-06,dualfeasorg=5.41e-05
13 entries survived 

9 th thresholding

  breakyes=3.2,  dualfeasorg deteriorated too much: primfeasorg=9.22e-07,dualfeasorg=4.53e-05
13 entries survived 

10 th thresholding

  breakyes=1.4,  maxresidual < 1.00e-06
12 entries survived 

11 th thresholding

  breakyes=1.4,  maxresidual < 1.00e-06
13 entries survived 

12 th thresholding

  breakyes=4.1,  primfeasorg stagnate, 0.00e+00
13 entries survived 

13 th thresholding

  breakyes=3.2,  dualfeasorg deteriorated too much: primfeasorg=9.91e-07,dualfeasorg=3.19e-05
13 entries survived 

14 th thresholding

  breakyes=3.2,  dualfeasorg deteriorated too much: primfeasorg=7.82e-07,dualfeasorg=3.09e-05
13 entries survived 

15 th thresholding

  breakyes=3.2,  dualfeasorg deteriorated too much: primfeasorg=9.91e-07,dualfeasorg=3.19e-05
13 entries survived 

16 th thresholding

  breakyes=3.2,  dualfeasorg deteriorated too much: primfeasorg=7.82e-07,dualfeasorg=3.09e-05
13 entries survived 

17 th thresholding

  breakyes=3.2,  dualfeasorg deteriorated too much: primfeasorg=9.91e-07,dualfeasorg=3.19e-05
13 entries survived 

18 th thresholding

  breakyes=3.2,  dualfeasorg deteriorated too much: primfeasorg=7.82e-07,dualfeasorg=3.09e-05
13 entries survived 

19 th thresholding

  breakyes=3.2,  dualfeasorg deteriorated too much: primfeasorg=9.91e-07,dualfeasorg=3.19e-05
13 entries survived 

20 th thresholding

  breakyes=3.2,  dualfeasorg deteriorated too much: primfeasorg=7.82e-07,dualfeasorg=3.09e-05
13 entries survived 

21 th thresholding

  breakyes=3.2,  dualfeasorg deteriorated too much: primfeasorg=9.91e-07,dualfeasorg=3.19e-05
13 entries survived 

22 th thresholding

  breakyes=3.2,  dualfeasorg deteriorated too much: primfeasorg=7.82e-07,dualfeasorg=3.09e-05
13 entries survived 

23 th thresholding

  breakyes=3.2,  dualfeasorg deteriorated too much: primfeasorg=9.91e-07,dualfeasorg=3.19e-05
13 entries survived 

24 th thresholding

  breakyes=3.2,  dualfeasorg deteriorated too much: primfeasorg=7.82e-07,dualfeasorg=3.09e-05
13 entries survived 

25 th thresholding

  breakyes=3.2,  dualfeasorg deteriorated too much: primfeasorg=9.91e-07,dualfeasorg=3.19e-05
13 entries survived 

26 th thresholding

  breakyes=3.2,  dualfeasorg deteriorated too much: primfeasorg=7.82e-07,dualfeasorg=3.09e-05
13 entries survived 

27 th thresholding

  breakyes=3.2,  dualfeasorg deteriorated too much: primfeasorg=9.91e-07,dualfeasorg=3.19e-05
13 entries survived 

28 th thresholding

  breakyes=3.2,  dualfeasorg deteriorated too much: primfeasorg=7.82e-07,dualfeasorg=3.09e-05
13 entries survived 

29 th thresholding

  breakyes=3.2,  dualfeasorg deteriorated too much: primfeasorg=9.91e-07,dualfeasorg=3.19e-05
13 entries survived 

30 th thresholding

  breakyes=3.2,  dualfeasorg deteriorated too much: primfeasorg=7.82e-07,dualfeasorg=3.09e-05
13 entries survived 

acc_vec =

    0.9120
    0.9300
    0.9340
    0.9400
    0.9280
    0.9420
    0.9260
    0.9460
    0.9340
    0.9420
    0.9380
    0.9400
    0.9360
    0.9440
    0.9360
    0.9440
    0.9360
    0.9440
    0.9360
    0.9440
    0.9360
    0.9440
    0.9360
    0.9440
    0.9360
    0.9440
    0.9360
    0.9440
    0.9360
    0.9440
    0.9360

acc =0.912000  0.930000  0.934000  0.940000  0.928000  0.942000  0.926000  0.946000  0.934000  0.942000  0.938000  0.940000  0.936000  0.944000  0.936000  0.944000  0.936000  0.944000  0.936000  0.944000  0.936000  0.944000  0.936000  0.944000  0.936000  0.944000  0.936000  0.944000  0.936000  0.944000  0.936000 

discov_true_vec =

    10
    10
    10
    10
    10
    10
    10
    10
    10
    10
    10
    10
    10
    10
    10
    10
    10
    10
    10
    10
    10
    10
    10
    10
    10
    10
    10
    10
    10
    10


discov_false_vec =

    10
     2
     3
     3
     4
     4
     4
     3
     3
     2
     3
     3
     3
     3
     3
     3
     3
     3
     3
     3
     3
     3
     3
     3
     3
     3
     3
     3
     3
     3


data =

  31x16 table

    rep    iter    sep    dim    rho    sparsity     acc     obj_prim    obj_dual    discov_true    discov_false    diff_x_tilde    diff_omega_diag    time_isee    time_SDP          jobdate       
    ___    ____    ___    ___    ___    ________    _____    ________    ________    ___________    ____________    ____________    _______________    _________    ________    ____________________

    18       0      3     50     0.2       10       0.912          0           0          0               0                 0                 0               0           0     22-Mar-2024 02:44:13
    18       1      3     50     0.2       10        0.93    -2.3883     -2.3882         10              10            32.872            0.6943         0.94373      93.345     22-Mar-2024 02:44:13
    18       2      3     50     0.2       10       0.934    -2.1876     -2.1876         10               2             32.88           0.69563         0.73254      87.916     22-Mar-2024 02:44:13
    18       3      3     50     0.2       10        0.94    -2.2084     -2.2084         10               3            30.678           0.63726         0.85145      65.363     22-Mar-2024 02:44:13
    18       4      3     50     0.2       10       0.928    -2.2898     -2.2897         10               3            32.034            0.6801         0.51456      43.937     22-Mar-2024 02:44:13
    18       5      3     50     0.2       10       0.942    -2.2439     -2.2439         10               4            32.095           0.69282         0.47171      60.705     22-Mar-2024 02:44:13
    18       6      3     50     0.2       10       0.926    -2.2404     -2.2404         10               4            32.004           0.67655         0.62013      59.475     22-Mar-2024 02:44:13
    18       7      3     50     0.2       10       0.946    -2.2721     -2.2721         10               4            32.143           0.69691          0.5114      65.678     22-Mar-2024 02:44:13
    18       8      3     50     0.2       10       0.934    -2.1798     -2.1798         10               3            30.756           0.64387          1.4834       67.57     22-Mar-2024 02:44:13
    18       9      3     50     0.2       10       0.942    -2.2575     -2.2574         10               3            32.017           0.70349         0.50537      49.057     22-Mar-2024 02:44:13
    18      10      3     50     0.2       10       0.938    -2.2139     -2.2139         10               2            31.789           0.64559         0.45053      66.192     22-Mar-2024 02:44:13
    18      11      3     50     0.2       10        0.94    -2.2161     -2.2161         10               3            31.961           0.68154         0.80437      61.357     22-Mar-2024 02:44:13
    18      12      3     50     0.2       10       0.936    -2.2163     -2.2162         10               3            32.584           0.70805         0.67318      79.346     22-Mar-2024 02:44:13
    18      13      3     50     0.2       10       0.944     -2.213     -2.2129         10               3            31.199           0.65914         0.61053      69.038     22-Mar-2024 02:44:13
    18      14      3     50     0.2       10       0.936    -2.2317     -2.2316         10               3            30.881            0.6518         0.78136      76.846     22-Mar-2024 02:44:13
    18      15      3     50     0.2       10       0.944     -2.213     -2.2129         10               3            31.199           0.65914         0.48659      67.815     22-Mar-2024 02:44:13
    18      16      3     50     0.2       10       0.936    -2.2317     -2.2316         10               3            30.881            0.6518          1.0332      70.161     22-Mar-2024 02:44:13
    18      17      3     50     0.2       10       0.944     -2.213     -2.2129         10               3            31.199           0.65914         0.59125      66.603     22-Mar-2024 02:44:13
    18      18      3     50     0.2       10       0.936    -2.2317     -2.2316         10               3            30.881            0.6518         0.78355      70.294     22-Mar-2024 02:44:13
    18      19      3     50     0.2       10       0.944     -2.213     -2.2129         10               3            31.199           0.65914         0.73971      63.258     22-Mar-2024 02:44:13
    18      20      3     50     0.2       10       0.936    -2.2317     -2.2316         10               3            30.881            0.6518         0.73389      75.027     22-Mar-2024 02:44:13
    18      21      3     50     0.2       10       0.944     -2.213     -2.2129         10               3            31.199           0.65914         0.99561       65.16     22-Mar-2024 02:44:13
    18      22      3     50     0.2       10       0.936    -2.2317     -2.2316         10               3            30.881            0.6518         0.62044      71.678     22-Mar-2024 02:44:13
    18      23      3     50     0.2       10       0.944     -2.213     -2.2129         10               3            31.199           0.65914         0.78188      65.513     22-Mar-2024 02:44:13
    18      24      3     50     0.2       10       0.936    -2.2317     -2.2316         10               3            30.881            0.6518         0.49352      74.868     22-Mar-2024 02:44:13
    18      25      3     50     0.2       10       0.944     -2.213     -2.2129         10               3            31.199           0.65914          0.5908       65.08     22-Mar-2024 02:44:13
    18      26      3     50     0.2       10       0.936    -2.2317     -2.2316         10               3            30.881            0.6518         0.71298      75.891     22-Mar-2024 02:44:13
    18      27      3     50     0.2       10       0.944     -2.213     -2.2129         10               3            31.199           0.65914         0.59861      64.925     22-Mar-2024 02:44:13
    18      28      3     50     0.2       10       0.936    -2.2317     -2.2316         10               3            30.881            0.6518         0.81896      68.842     22-Mar-2024 02:44:13
    18      29      3     50     0.2       10       0.944     -2.213     -2.2129         10               3            31.199           0.65914         0.78966      68.513     22-Mar-2024 02:44:13
    18      30      3     50     0.2       10       0.936    -2.2317     -2.2316         10               3            30.881            0.6518         0.53085      71.377     22-Mar-2024 02:44:13


rep =

    19

replication: (19)th 

thres=0.220507
1 th thresholding

  breakyes=3.2,  dualfeasorg deteriorated too much: primfeasorg=9.87e-07,dualfeasorg=5.56e-05
17 entries survived 

2 th thresholding

  breakyes=4.2,  dualfeasorg stagnate, 8.66e-05
12 entries survived 

3 th thresholding

  breakyes=1.4,  maxresidual < 1.00e-06
11 entries survived 

4 th thresholding

  breakyes=3.2,  dualfeasorg deteriorated too much: primfeasorg=1.53e-06,dualfeasorg=4.09e-05
11 entries survived 

5 th thresholding

  breakyes=3.2,  dualfeasorg deteriorated too much: primfeasorg=6.67e-07,dualfeasorg=4.61e-05
12 entries survived 

6 th thresholding

  breakyes=3.2,  dualfeasorg deteriorated too much: primfeasorg=1.64e-06,dualfeasorg=5.96e-05
13 entries survived 

7 th thresholding

  breakyes=2.0,  primfeasorg*dualfeasorg < 1.00e-14
14 entries survived 

8 th thresholding

  breakyes=4.1,  primfeasorg stagnate, 0.00e+00
12 entries survived 

9 th thresholding

  breakyes=3.2,  dualfeasorg deteriorated too much: primfeasorg=1.64e-06,dualfeasorg=5.96e-05
13 entries survived 

10 th thresholding

  breakyes=2.0,  primfeasorg*dualfeasorg < 1.00e-14
14 entries survived 

11 th thresholding

  breakyes=4.1,  primfeasorg stagnate, 0.00e+00
12 entries survived 

12 th thresholding

  breakyes=3.2,  dualfeasorg deteriorated too much: primfeasorg=1.64e-06,dualfeasorg=5.96e-05
13 entries survived 

13 th thresholding

  breakyes=2.0,  primfeasorg*dualfeasorg < 1.00e-14
14 entries survived 

14 th thresholding

  breakyes=4.1,  primfeasorg stagnate, 0.00e+00
12 entries survived 

15 th thresholding

  breakyes=3.2,  dualfeasorg deteriorated too much: primfeasorg=1.64e-06,dualfeasorg=5.96e-05
13 entries survived 

16 th thresholding

  breakyes=2.0,  primfeasorg*dualfeasorg < 1.00e-14
14 entries survived 

17 th thresholding

  breakyes=4.1,  primfeasorg stagnate, 0.00e+00
12 entries survived 

18 th thresholding

  breakyes=3.2,  dualfeasorg deteriorated too much: primfeasorg=1.64e-06,dualfeasorg=5.96e-05
13 entries survived 

19 th thresholding

  breakyes=2.0,  primfeasorg*dualfeasorg < 1.00e-14
14 entries survived 

20 th thresholding

  breakyes=4.1,  primfeasorg stagnate, 0.00e+00
12 entries survived 

21 th thresholding

  breakyes=3.2,  dualfeasorg deteriorated too much: primfeasorg=1.64e-06,dualfeasorg=5.96e-05
13 entries survived 

22 th thresholding

  breakyes=2.0,  primfeasorg*dualfeasorg < 1.00e-14
14 entries survived 

23 th thresholding

  breakyes=4.1,  primfeasorg stagnate, 0.00e+00
12 entries survived 

24 th thresholding

  breakyes=3.2,  dualfeasorg deteriorated too much: primfeasorg=1.64e-06,dualfeasorg=5.96e-05
13 entries survived 

25 th thresholding

  breakyes=2.0,  primfeasorg*dualfeasorg < 1.00e-14
14 entries survived 

26 th thresholding

  breakyes=4.1,  primfeasorg stagnate, 0.00e+00
12 entries survived 

27 th thresholding

  breakyes=3.2,  dualfeasorg deteriorated too much: primfeasorg=1.64e-06,dualfeasorg=5.96e-05
13 entries survived 

28 th thresholding

  breakyes=2.0,  primfeasorg*dualfeasorg < 1.00e-14
14 entries survived 

29 th thresholding

  breakyes=4.1,  primfeasorg stagnate, 0.00e+00
12 entries survived 

30 th thresholding

  breakyes=3.2,  dualfeasorg deteriorated too much: primfeasorg=1.64e-06,dualfeasorg=5.96e-05
13 entries survived 

acc_vec =

    0.9160
    0.9320
    0.9440
    0.9420
    0.9440
    0.9460
    0.9420
    0.9440
    0.9460
    0.9420
    0.9440
    0.9460
    0.9420
    0.9440
    0.9460
    0.9420
    0.9440
    0.9460
    0.9420
    0.9440
    0.9460
    0.9420
    0.9440
    0.9460
    0.9420
    0.9440
    0.9460
    0.9420
    0.9440
    0.9460
    0.9420

acc =0.916000  0.932000  0.944000  0.942000  0.944000  0.946000  0.942000  0.944000  0.946000  0.942000  0.944000  0.946000  0.942000  0.944000  0.946000  0.942000  0.944000  0.946000  0.942000  0.944000  0.946000  0.942000  0.944000  0.946000  0.942000  0.944000  0.946000  0.942000  0.944000  0.946000  0.942000 

discov_true_vec =

    10
    10
    10
    10
    10
    10
    10
    10
    10
    10
    10
    10
    10
    10
    10
    10
    10
    10
    10
    10
    10
    10
    10
    10
    10
    10
    10
    10
    10
    10


discov_false_vec =

     7
     2
     1
     1
     2
     3
     4
     2
     3
     4
     2
     3
     4
     2
     3
     4
     2
     3
     4
     2
     3
     4
     2
     3
     4
     2
     3
     4
     2
     3


data =

  31x16 table

    rep    iter    sep    dim    rho    sparsity     acc     obj_prim    obj_dual    discov_true    discov_false    diff_x_tilde    diff_omega_diag    time_isee    time_SDP          jobdate       
    ___    ____    ___    ___    ___    ________    _____    ________    ________    ___________    ____________    ____________    _______________    _________    ________    ____________________

    19       0      3     50     0.2       10       0.916          0           0          0              0                  0                 0               0           0     22-Mar-2024 03:16:09
    19       1      3     50     0.2       10       0.932    -2.6781     -2.6781         10              7             32.243            0.6101         0.61985      73.149     22-Mar-2024 03:16:09
    19       2      3     50     0.2       10       0.944    -2.6147     -2.6147         10              2             34.216           0.77201         0.81721      70.513     22-Mar-2024 03:16:09
    19       3      3     50     0.2       10       0.942    -2.6523     -2.6523         10              1             34.727           0.75722         0.98405      62.159     22-Mar-2024 03:16:09
    19       4      3     50     0.2       10       0.944    -2.6253     -2.6253         10              1             33.629           0.72662         0.82672      37.697     22-Mar-2024 03:16:09
    19       5      3     50     0.2       10       0.946    -2.6107     -2.6107         10              2             33.043           0.72457         0.28789      57.872     22-Mar-2024 03:16:09
    19       6      3     50     0.2       10       0.942    -2.6764     -2.6764         10              3             33.088           0.72255          0.5063      40.704     22-Mar-2024 03:16:09
    19       7      3     50     0.2       10       0.944    -2.6984     -2.6984         10              4             33.453           0.73371         0.55465      74.154     22-Mar-2024 03:16:09
    19       8      3     50     0.2       10       0.946    -2.6214     -2.6214         10              2             34.031            0.7556         0.62253      61.863     22-Mar-2024 03:16:09
    19       9      3     50     0.2       10       0.942    -2.6764     -2.6764         10              3             33.088           0.72255         0.56254      40.684     22-Mar-2024 03:16:09
    19      10      3     50     0.2       10       0.944    -2.6984     -2.6984         10              4             33.453           0.73371         0.52885      75.479     22-Mar-2024 03:16:09
    19      11      3     50     0.2       10       0.946    -2.6214     -2.6214         10              2             34.031            0.7556         0.66831      65.806     22-Mar-2024 03:16:09
    19      12      3     50     0.2       10       0.942    -2.6764     -2.6764         10              3             33.088           0.72255         0.59032      45.705     22-Mar-2024 03:16:09
    19      13      3     50     0.2       10       0.944    -2.6984     -2.6984         10              4             33.453           0.73371         0.42247      76.738     22-Mar-2024 03:16:09
    19      14      3     50     0.2       10       0.946    -2.6214     -2.6214         10              2             34.031            0.7556         0.66214      67.647     22-Mar-2024 03:16:09
    19      15      3     50     0.2       10       0.942    -2.6764     -2.6764         10              3             33.088           0.72255         0.48017      48.597     22-Mar-2024 03:16:09
    19      16      3     50     0.2       10       0.944    -2.6984     -2.6984         10              4             33.453           0.73371         0.41835      71.321     22-Mar-2024 03:16:09
    19      17      3     50     0.2       10       0.946    -2.6214     -2.6214         10              2             34.031            0.7556         0.60313      63.586     22-Mar-2024 03:16:09
    19      18      3     50     0.2       10       0.942    -2.6764     -2.6764         10              3             33.088           0.72255          1.0277      40.656     22-Mar-2024 03:16:09
    19      19      3     50     0.2       10       0.944    -2.6984     -2.6984         10              4             33.453           0.73371         0.72797      81.586     22-Mar-2024 03:16:09
    19      20      3     50     0.2       10       0.946    -2.6214     -2.6214         10              2             34.031            0.7556         0.79163      72.005     22-Mar-2024 03:16:09
    19      21      3     50     0.2       10       0.942    -2.6764     -2.6764         10              3             33.088           0.72255         0.48855       52.42     22-Mar-2024 03:16:09
    19      22      3     50     0.2       10       0.944    -2.6984     -2.6984         10              4             33.453           0.73371         0.41745      91.073     22-Mar-2024 03:16:09
    19      23      3     50     0.2       10       0.946    -2.6214     -2.6214         10              2             34.031            0.7556         0.77836      71.594     22-Mar-2024 03:16:09
    19      24      3     50     0.2       10       0.942    -2.6764     -2.6764         10              3             33.088           0.72255         0.74596      47.099     22-Mar-2024 03:16:09
    19      25      3     50     0.2       10       0.944    -2.6984     -2.6984         10              4             33.453           0.73371         0.28589      79.171     22-Mar-2024 03:16:09
    19      26      3     50     0.2       10       0.946    -2.6214     -2.6214         10              2             34.031            0.7556         0.85904      64.963     22-Mar-2024 03:16:09
    19      27      3     50     0.2       10       0.942    -2.6764     -2.6764         10              3             33.088           0.72255          0.5012      52.074     22-Mar-2024 03:16:09
    19      28      3     50     0.2       10       0.944    -2.6984     -2.6984         10              4             33.453           0.73371         0.56013      88.621     22-Mar-2024 03:16:09
    19      29      3     50     0.2       10       0.946    -2.6214     -2.6214         10              2             34.031            0.7556          1.3226      74.704     22-Mar-2024 03:16:09
    19      30      3     50     0.2       10       0.942    -2.6764     -2.6764         10              3             33.088           0.72255         0.49769      47.152     22-Mar-2024 03:16:09


rep =

    20

replication: (20)th 

thres=0.220507
1 th thresholding

  breakyes=1.4,  maxresidual < 1.00e-06
16 entries survived 

2 th thresholding

  breakyes=3.2,  dualfeasorg deteriorated too much: primfeasorg=1.80e-06,dualfeasorg=8.06e-05
12 entries survived 

3 th thresholding

  breakyes=3.2,  dualfeasorg deteriorated too much: primfeasorg=1.50e-06,dualfeasorg=3.84e-05
11 entries survived 

4 th thresholding

  breakyes=1.3,  maxresidual < 1.00e-06
12 entries survived 

5 th thresholding

  breakyes=3.2,  dualfeasorg deteriorated too much: primfeasorg=2.04e-06,dualfeasorg=2.17e-05
11 entries survived 

6 th thresholding

  breakyes=3.2,  dualfeasorg deteriorated too much: primfeasorg=7.24e-07,dualfeasorg=2.88e-05
14 entries survived 

7 th thresholding

  breakyes=4.1,  primfeasorg stagnate, 9.82e-05
13 entries survived 

8 th thresholding

  breakyes=1.4,  maxresidual < 1.00e-06
14 entries survived 

9 th thresholding

  breakyes=1.0,  maxresidual < 1.00e-06
13 entries survived 

10 th thresholding

  breakyes=1.3,  maxresidual < 1.00e-06
12 entries survived 

11 th thresholding

  breakyes=1.0,  maxresidual < 1.00e-06
11 entries survived 

12 th thresholding

  breakyes=1.3,  maxresidual < 1.00e-06
12 entries survived 

13 th thresholding

  breakyes=1.0,  maxresidual < 1.00e-06
11 entries survived 

14 th thresholding

  breakyes=1.3,  maxresidual < 1.00e-06
12 entries survived 

15 th thresholding

  breakyes=1.0,  maxresidual < 1.00e-06
11 entries survived 

16 th thresholding

  breakyes=1.3,  maxresidual < 1.00e-06
12 entries survived 

17 th thresholding

  breakyes=1.0,  maxresidual < 1.00e-06
11 entries survived 

18 th thresholding

  breakyes=1.3,  maxresidual < 1.00e-06
12 entries survived 

19 th thresholding

  breakyes=1.0,  maxresidual < 1.00e-06
11 entries survived 

20 th thresholding

  breakyes=1.3,  maxresidual < 1.00e-06
12 entries survived 

21 th thresholding

  breakyes=1.0,  maxresidual < 1.00e-06
11 entries survived 

22 th thresholding

  breakyes=1.3,  maxresidual < 1.00e-06
12 entries survived 

23 th thresholding

  breakyes=1.0,  maxresidual < 1.00e-06
11 entries survived 

24 th thresholding

  breakyes=1.3,  maxresidual < 1.00e-06
12 entries survived 

25 th thresholding

  breakyes=1.0,  maxresidual < 1.00e-06
11 entries survived 

26 th thresholding

  breakyes=1.3,  maxresidual < 1.00e-06
12 entries survived 

27 th thresholding

  breakyes=1.0,  maxresidual < 1.00e-06
11 entries survived 

28 th thresholding

  breakyes=1.3,  maxresidual < 1.00e-06
12 entries survived 

29 th thresholding

  breakyes=1.0,  maxresidual < 1.00e-06
11 entries survived 

30 th thresholding

  breakyes=1.3,  maxresidual < 1.00e-06
12 entries survived 

acc_vec =

    0.8940
    0.9360
    0.9400
    0.9360
    0.9360
    0.9380
    0.9380
    0.9340
    0.9380
    0.9340
    0.9340
    0.9340
    0.9340
    0.9340
    0.9340
    0.9340
    0.9340
    0.9340
    0.9340
    0.9340
    0.9340
    0.9340
    0.9340
    0.9340
    0.9340
    0.9340
    0.9340
    0.9340
    0.9340
    0.9340
    0.9340

acc =0.894000  0.936000  0.940000  0.936000  0.936000  0.938000  0.938000  0.934000  0.938000  0.934000  0.934000  0.934000  0.934000  0.934000  0.934000  0.934000  0.934000  0.934000  0.934000  0.934000  0.934000  0.934000  0.934000  0.934000  0.934000  0.934000  0.934000  0.934000  0.934000  0.934000  0.934000 

discov_true_vec =

    10
    10
    10
    10
    10
    10
    10
    10
    10
    10
    10
    10
    10
    10
    10
    10
    10
    10
    10
    10
    10
    10
    10
    10
    10
    10
    10
    10
    10
    10


discov_false_vec =

     6
     2
     1
     2
     1
     4
     3
     4
     3
     2
     1
     2
     1
     2
     1
     2
     1
     2
     1
     2
     1
     2
     1
     2
     1
     2
     1
     2
     1
     2


data =

  31x16 table

    rep    iter    sep    dim    rho    sparsity     acc     obj_prim    obj_dual    discov_true    discov_false    diff_x_tilde    diff_omega_diag    time_isee    time_SDP          jobdate       
    ___    ____    ___    ___    ___    ________    _____    ________    ________    ___________    ____________    ____________    _______________    _________    ________    ____________________

    20       0      3     50     0.2       10       0.894          0           0          0              0                  0                 0               0           0     22-Mar-2024 03:30:24
    20       1      3     50     0.2       10       0.936     -2.878      -2.878         10              6             29.553           0.66124         0.54253      45.515     22-Mar-2024 03:30:24
    20       2      3     50     0.2       10        0.94    -2.9535     -2.9535         10              2             32.583           0.79859         0.48829      30.875     22-Mar-2024 03:30:24
    20       3      3     50     0.2       10       0.936    -2.9536     -2.9536         10              1             31.096           0.73301         0.41346      26.582     22-Mar-2024 03:30:24
    20       4      3     50     0.2       10       0.936    -3.0728     -3.0728         10              2             34.019           0.82259         0.28057      53.207     22-Mar-2024 03:30:24
    20       5      3     50     0.2       10       0.938    -2.9886     -2.9885         10              1             32.335           0.77921         0.63824      76.779     22-Mar-2024 03:30:24
    20       6      3     50     0.2       10       0.938    -3.0924     -3.0924         10              4             34.549           0.82605         0.62482      49.051     22-Mar-2024 03:30:24
    20       7      3     50     0.2       10       0.934      -2.99       -2.99         10              3             32.394            0.7483          1.5154      91.106     22-Mar-2024 03:30:24
    20       8      3     50     0.2       10       0.938    -3.0311     -3.0311         10              4             33.712           0.83501         0.83211      53.703     22-Mar-2024 03:30:24
    20       9      3     50     0.2       10       0.934    -2.8611     -2.8611         10              3              31.64           0.75643         0.42165      12.055     22-Mar-2024 03:30:24
    20      10      3     50     0.2       10       0.934    -2.8948     -2.8948         10              2             32.701           0.79454         0.36365        21.5     22-Mar-2024 03:30:24
    20      11      3     50     0.2       10       0.934    -2.9486     -2.9486         10              1              32.44           0.78231         0.49936      16.598     22-Mar-2024 03:30:24
    20      12      3     50     0.2       10       0.934    -2.8948     -2.8948         10              2             32.701           0.79454         0.29003       24.86     22-Mar-2024 03:30:24
    20      13      3     50     0.2       10       0.934    -2.9486     -2.9486         10              1              32.44           0.78231         0.60012      16.332     22-Mar-2024 03:30:24
    20      14      3     50     0.2       10       0.934    -2.8948     -2.8948         10              2             32.701           0.79454         0.29719      24.781     22-Mar-2024 03:30:24
    20      15      3     50     0.2       10       0.934    -2.9486     -2.9486         10              1              32.44           0.78231         0.42183      15.345     22-Mar-2024 03:30:24
    20      16      3     50     0.2       10       0.934    -2.8948     -2.8948         10              2             32.701           0.79454         0.28653      22.746     22-Mar-2024 03:30:24
    20      17      3     50     0.2       10       0.934    -2.9486     -2.9486         10              1              32.44           0.78231         0.50475      16.589     22-Mar-2024 03:30:24
    20      18      3     50     0.2       10       0.934    -2.8948     -2.8948         10              2             32.701           0.79454         0.29036      20.899     22-Mar-2024 03:30:24
    20      19      3     50     0.2       10       0.934    -2.9486     -2.9486         10              1              32.44           0.78231         0.56383      13.605     22-Mar-2024 03:30:24
    20      20      3     50     0.2       10       0.934    -2.8948     -2.8948         10              2             32.701           0.79454         0.28872      22.947     22-Mar-2024 03:30:24
    20      21      3     50     0.2       10       0.934    -2.9486     -2.9486         10              1              32.44           0.78231         0.48653       15.35     22-Mar-2024 03:30:24
    20      22      3     50     0.2       10       0.934    -2.8948     -2.8948         10              2             32.701           0.79454         0.29385      22.768     22-Mar-2024 03:30:24
    20      23      3     50     0.2       10       0.934    -2.9486     -2.9486         10              1              32.44           0.78231         0.44602      17.252     22-Mar-2024 03:30:24
    20      24      3     50     0.2       10       0.934    -2.8948     -2.8948         10              2             32.701           0.79454         0.34732      21.617     22-Mar-2024 03:30:24
    20      25      3     50     0.2       10       0.934    -2.9486     -2.9486         10              1              32.44           0.78231         0.52986      14.782     22-Mar-2024 03:30:24
    20      26      3     50     0.2       10       0.934    -2.8948     -2.8948         10              2             32.701           0.79454         0.30142      20.221     22-Mar-2024 03:30:24
    20      27      3     50     0.2       10       0.934    -2.9486     -2.9486         10              1              32.44           0.78231         0.28313      17.264     22-Mar-2024 03:30:24
    20      28      3     50     0.2       10       0.934    -2.8948     -2.8948         10              2             32.701           0.79454         0.29083      21.201     22-Mar-2024 03:30:24
    20      29      3     50     0.2       10       0.934    -2.9486     -2.9486         10              1              32.44           0.78231         0.89672      15.029     22-Mar-2024 03:30:24
    20      30      3     50     0.2       10       0.934    -2.8948     -2.8948         10              2             32.701           0.79454          0.2883      20.464     22-Mar-2024 03:30:24

