==========================================
SLURM_JOB_ID = 20379883
SLURM_JOB_NODELIST = b01-04
TMPDIR = /tmp/SLURM_20379883
==========================================
hello
Starting parallel pool (parpool) ...
Connected to the parallel pool (number of workers: 15).

pool = 

 ProcessPool with properties: 

            Connected: true
           NumWorkers: 15
                 Busy: false
              Cluster: Local
        AttachedFiles: {}
    AutoAddClientPath: true
            FileStore: [1x1 parallel.FileStore]
           ValueStore: [1x1 parallel.ValueStore]
          IdleTimeout: 30 minutes (30 minutes remaining)
          SpmdEnabled: true


p =

   250


Delta =

     3


s =

    10


n =

   500


ii =

    16


table_name =

    'sparse_kmeans_isee_denoise'


conn = 

  sqlite with properties:

      Database: '/home1/jongminm/sparse_kmeans/sparse_kmeans.db'
    IsReadOnly: 0
    AutoCommit: 'on'


rho =

    0.2000


M =

    0.5506

delta confirmed: 3.000000
ans =

    2.6055


rep =

    61

replication: (61)th 

thres=0.261968
1 th thresholding

  breakyes=1.4,  maxresidual < 1.00e-06
36 entries survived 

2 th thresholding

  breakyes=3.2,  dualfeasorg deteriorated too much: primfeasorg=1.23e-06,dualfeasorg=5.67e-05
19 entries survived 

3 th thresholding

  breakyes=4.1,  primfeasorg stagnate, 0.00e+00
15 entries survived 

4 th thresholding

  breakyes=4.1,  primfeasorg stagnate, 0.00e+00
19 entries survived 

5 th thresholding

  breakyes=3.2,  dualfeasorg deteriorated too much: primfeasorg=9.85e-07,dualfeasorg=5.56e-05
19 entries survived 

6 th thresholding

  breakyes=3.2,  dualfeasorg deteriorated too much: primfeasorg=2.03e-06,dualfeasorg=1.68e-04
18 entries survived 

7 th thresholding

  breakyes=3.2,  dualfeasorg deteriorated too much: primfeasorg=1.41e-06,dualfeasorg=5.94e-05
18 entries survived 

8 th thresholding

  breakyes=3.2,  dualfeasorg deteriorated too much: primfeasorg=2.99e-06,dualfeasorg=1.53e-04
19 entries survived 

9 th thresholding

  breakyes=3.2,  dualfeasorg deteriorated too much: primfeasorg=7.96e-07,dualfeasorg=6.25e-05
19 entries survived 

10 th thresholding

  breakyes=3.2,  dualfeasorg deteriorated too much: primfeasorg=1.06e-06,dualfeasorg=5.30e-05
19 entries survived 

11 th thresholding

  breakyes=1.4,  maxresidual < 1.00e-06
20 entries survived 

12 th thresholding

  breakyes=1.4,  maxresidual < 1.00e-06
19 entries survived 

13 th thresholding

  breakyes=3.2,  dualfeasorg deteriorated too much: primfeasorg=1.59e-06,dualfeasorg=5.96e-05
18 entries survived 

14 th thresholding

  breakyes=3.2,  dualfeasorg deteriorated too much: primfeasorg=7.73e-07,dualfeasorg=6.32e-05
17 entries survived 

15 th thresholding

  breakyes=3.2,  dualfeasorg deteriorated too much: primfeasorg=1.40e-06,dualfeasorg=6.34e-05
19 entries survived 

16 th thresholding

  breakyes=3.2,  dualfeasorg deteriorated too much: primfeasorg=1.61e-06,dualfeasorg=5.94e-05
19 entries survived 

17 th thresholding

  breakyes=3.2,  dualfeasorg deteriorated too much: primfeasorg=8.80e-07,dualfeasorg=5.58e-05
20 entries survived 

18 th thresholding

  breakyes=4.1,  primfeasorg stagnate, 0.00e+00
18 entries survived 

19 th thresholding

  breakyes=3.2,  dualfeasorg deteriorated too much: primfeasorg=1.35e-06,dualfeasorg=7.12e-05
18 entries survived 

20 th thresholding

  breakyes=4.1,  primfeasorg stagnate, 0.00e+00
17 entries survived 

21 th thresholding

  breakyes=3.2,  dualfeasorg deteriorated too much: primfeasorg=1.14e-06,dualfeasorg=5.90e-05
17 entries survived 

22 th thresholding

  breakyes=4.1,  primfeasorg stagnate, 0.00e+00
19 entries survived 

23 th thresholding

  breakyes=3.2,  dualfeasorg deteriorated too much: primfeasorg=9.49e-07,dualfeasorg=4.76e-05
20 entries survived 

24 th thresholding

  breakyes=3.2,  dualfeasorg deteriorated too much: primfeasorg=1.00e-06,dualfeasorg=5.90e-05
20 entries survived 

25 th thresholding

  breakyes=3.2,  dualfeasorg deteriorated too much: primfeasorg=1.07e-06,dualfeasorg=5.36e-05
19 entries survived 

26 th thresholding

  breakyes=3.2,  dualfeasorg deteriorated too much: primfeasorg=3.08e-06,dualfeasorg=4.19e-05
21 entries survived 

27 th thresholding

  breakyes=3.2,  dualfeasorg deteriorated too much: primfeasorg=1.18e-06,dualfeasorg=6.56e-05
19 entries survived 

28 th thresholding

  breakyes=4.1,  primfeasorg stagnate, 0.00e+00
18 entries survived 

29 th thresholding

  breakyes=3.2,  dualfeasorg deteriorated too much: primfeasorg=8.04e-07,dualfeasorg=4.51e-05
16 entries survived 

30 th thresholding

  breakyes=3.2,  dualfeasorg deteriorated too much: primfeasorg=2.05e-06,dualfeasorg=4.78e-05
19 entries survived 

acc_vec =

    0.6320
    0.7880
    0.8940
    0.9080
    0.9080
    0.9060
    0.9120
    0.9060
    0.9100
    0.9080
    0.9060
    0.8960
    0.9040
    0.9060
    0.9060
    0.9020
    0.9020
    0.8980
    0.9060
    0.9060
    0.9080
    0.9020
    0.8980
    0.8980
    0.9060
    0.9060
    0.8860
    0.9100
    0.9120
    0.9100
    0.9140

acc =0.632000  0.788000  0.894000  0.908000  0.908000  0.906000  0.912000  0.906000  0.910000  0.908000  0.906000  0.896000  0.904000  0.906000  0.906000  0.902000  0.902000  0.898000  0.906000  0.906000  0.908000  0.902000  0.898000  0.898000  0.906000  0.906000  0.886000  0.910000  0.912000  0.910000  0.914000 

discov_true_vec =

     6
     9
    10
    10
    10
    10
    10
    10
    10
    10
    10
    10
    10
    10
    10
    10
    10
    10
    10
    10
    10
    10
    10
    10
    10
    10
    10
    10
    10
    10


discov_false_vec =

    30
    10
     5
     9
     9
     8
     8
     9
     9
     9
    10
     9
     8
     7
     9
     9
    10
     8
     8
     7
     7
     9
    10
    10
     9
    11
     9
     8
     6
     9


data =

  31x16 table

    rep    iter    sep    dim    rho    sparsity     acc     obj_prim    obj_dual    discov_true    discov_false    diff_x_tilde    diff_omega_diag    time_isee    time_SDP          jobdate       
    ___    ____    ___    ___    ___    ________    _____    ________    ________    ___________    ____________    ____________    _______________    _________    ________    ____________________

    61       0      3     250    0.2       10       0.632          0           0          0               0                 0                0               0            0     22-Mar-2024 04:06:51
    61       1      3     250    0.2       10       0.788    -2.9119     -2.9119          6              30            81.697           2.1708          11.641       51.971     22-Mar-2024 04:06:51
    61       2      3     250    0.2       10       0.894     -2.755     -2.7549          9              10            83.124           2.4436          8.9134       55.589     22-Mar-2024 04:06:51
    61       3      3     250    0.2       10       0.908     -2.472      -2.472         10               5            81.418           2.2793          8.3296       66.431     22-Mar-2024 04:06:51
    61       4      3     250    0.2       10       0.908    -2.6735     -2.6734         10               9             81.46           2.2874          8.9112       72.865     22-Mar-2024 04:06:51
    61       5      3     250    0.2       10       0.906     -2.549      -2.549         10               9            80.173           2.2261          9.6614       72.274     22-Mar-2024 04:06:51
    61       6      3     250    0.2       10       0.912    -2.4437     -2.4437         10               8            80.926           2.2145          10.211       29.976     22-Mar-2024 04:06:51
    61       7      3     250    0.2       10       0.906    -2.4964     -2.4963         10               8            80.195            2.227          8.5425        45.51     22-Mar-2024 04:06:51
    61       8      3     250    0.2       10        0.91    -2.4653     -2.4653         10               9            81.285           2.2674          8.6399       28.382     22-Mar-2024 04:06:51
    61       9      3     250    0.2       10       0.908     -2.514      -2.514         10               9            81.442            2.327          10.209        65.22     22-Mar-2024 04:06:51
    61      10      3     250    0.2       10       0.906    -2.4845     -2.4845         10               9            80.276           2.2099          9.3327       58.542     22-Mar-2024 04:06:51
    61      11      3     250    0.2       10       0.896    -2.3974     -2.3974         10              10            80.811           2.2573          8.7845       50.849     22-Mar-2024 04:06:51
    61      12      3     250    0.2       10       0.904    -2.5562     -2.5562         10               9            81.769           2.3638          8.7306       70.093     22-Mar-2024 04:06:51
    61      13      3     250    0.2       10       0.906    -2.5121     -2.5121         10               8            80.827           2.2211          8.5122       47.473     22-Mar-2024 04:06:51
    61      14      3     250    0.2       10       0.906    -2.4622     -2.4622         10               7            81.328           2.2871          8.9787       77.768     22-Mar-2024 04:06:51
    61      15      3     250    0.2       10       0.902    -2.4215     -2.4215         10               9            80.482           2.2249          9.3523       47.209     22-Mar-2024 04:06:51
    61      16      3     250    0.2       10       0.902    -2.5875     -2.5874         10               9            82.916           2.4164          9.0414       50.329     22-Mar-2024 04:06:51
    61      17      3     250    0.2       10       0.898    -2.5508     -2.5508         10              10            81.458           2.3309          8.3001       57.998     22-Mar-2024 04:06:51
    61      18      3     250    0.2       10       0.906    -2.5181     -2.5181         10               8             80.68           2.2446          8.6666        61.17     22-Mar-2024 04:06:51
    61      19      3     250    0.2       10       0.906    -2.4903     -2.4903         10               8            80.106           2.2419          9.5255       51.521     22-Mar-2024 04:06:51
    61      20      3     250    0.2       10       0.908    -2.4295     -2.4295         10               7            80.863           2.3121          8.4555       66.629     22-Mar-2024 04:06:51
    61      21      3     250    0.2       10       0.902    -2.3801     -2.3801         10               7            80.379           2.2134          9.2986       55.603     22-Mar-2024 04:06:51
    61      22      3     250    0.2       10       0.898    -2.7207     -2.7207         10               9            82.211           2.4026          8.6389       63.952     22-Mar-2024 04:06:51
    61      23      3     250    0.2       10       0.898    -2.5481     -2.5481         10              10            82.572           2.4622          8.4686       59.698     22-Mar-2024 04:06:51
    61      24      3     250    0.2       10       0.906    -2.4774     -2.4774         10              10            80.014            2.194          9.3604       66.841     22-Mar-2024 04:06:51
    61      25      3     250    0.2       10       0.906    -2.3794     -2.3793         10               9            80.755           2.2952          8.6356       55.585     22-Mar-2024 04:06:51
    61      26      3     250    0.2       10       0.886    -2.5684     -2.5684         10              11            82.578           2.3905          9.3785       45.962     22-Mar-2024 04:06:51
    61      27      3     250    0.2       10        0.91    -2.5293     -2.5293         10               9            80.801           2.2532          8.2183       52.636     22-Mar-2024 04:06:51
    61      28      3     250    0.2       10       0.912    -2.4066     -2.4066         10               8            78.959           2.1547          8.7554       62.705     22-Mar-2024 04:06:51
    61      29      3     250    0.2       10        0.91    -2.3428     -2.3427         10               6             81.99           2.3242          9.7262       70.284     22-Mar-2024 04:06:51
    61      30      3     250    0.2       10       0.914    -2.6241     -2.6241         10               9            82.448           2.3572          8.9449       107.09     22-Mar-2024 04:06:51


rep =

    62

replication: (62)th 

thres=0.261968
1 th thresholding

  breakyes=3.2,  dualfeasorg deteriorated too much: primfeasorg=9.06e-07,dualfeasorg=4.85e-05
46 entries survived 

2 th thresholding

  breakyes=3.2,  dualfeasorg deteriorated too much: primfeasorg=8.36e-07,dualfeasorg=4.40e-05
18 entries survived 

3 th thresholding

  breakyes=4.1,  primfeasorg stagnate, 0.00e+00
13 entries survived 

4 th thresholding

  breakyes=3.2,  dualfeasorg deteriorated too much: primfeasorg=7.75e-07,dualfeasorg=5.81e-05
13 entries survived 

5 th thresholding

  breakyes=3.2,  dualfeasorg deteriorated too much: primfeasorg=9.35e-07,dualfeasorg=5.15e-05
13 entries survived 

6 th thresholding

  breakyes=4.2,  dualfeasorg stagnate, 1.12e-05
15 entries survived 

7 th thresholding

  breakyes=4.1,  primfeasorg stagnate, 0.00e+00
13 entries survived 

8 th thresholding

  breakyes=3.2,  dualfeasorg deteriorated too much: primfeasorg=2.99e-06,dualfeasorg=7.79e-05
15 entries survived 

9 th thresholding

  breakyes=3.2,  dualfeasorg deteriorated too much: primfeasorg=1.92e-06,dualfeasorg=7.36e-05
14 entries survived 

10 th thresholding

  breakyes=3.2,  dualfeasorg deteriorated too much: primfeasorg=1.02e-06,dualfeasorg=7.20e-05
14 entries survived 

11 th thresholding

  breakyes=3.2,  dualfeasorg deteriorated too much: primfeasorg=1.05e-06,dualfeasorg=5.61e-05
16 entries survived 

12 th thresholding

  breakyes=4.1,  primfeasorg stagnate, 0.00e+00
15 entries survived 

13 th thresholding

  breakyes=4.1,  primfeasorg stagnate, 0.00e+00
14 entries survived 

14 th thresholding

  breakyes=3.2,  dualfeasorg deteriorated too much: primfeasorg=1.39e-06,dualfeasorg=7.31e-05
13 entries survived 

15 th thresholding

  breakyes=3.2,  dualfeasorg deteriorated too much: primfeasorg=2.31e-06,dualfeasorg=8.37e-05
14 entries survived 

16 th thresholding

  breakyes=3.2,  dualfeasorg deteriorated too much: primfeasorg=1.10e-06,dualfeasorg=6.54e-05
14 entries survived 

17 th thresholding

  breakyes=4.1,  primfeasorg stagnate, 0.00e+00
14 entries survived 

18 th thresholding

  breakyes=3.2,  dualfeasorg deteriorated too much: primfeasorg=9.38e-07,dualfeasorg=6.26e-05
14 entries survived 

19 th thresholding

  breakyes=3.2,  dualfeasorg deteriorated too much: primfeasorg=1.10e-06,dualfeasorg=6.09e-05
14 entries survived 

20 th thresholding

  breakyes=3.2,  dualfeasorg deteriorated too much: primfeasorg=3.01e-06,dualfeasorg=3.04e-04
15 entries survived 

21 th thresholding

  breakyes=4.1,  primfeasorg stagnate, 0.00e+00
15 entries survived 

22 th thresholding

  breakyes=3.2,  dualfeasorg deteriorated too much: primfeasorg=1.15e-06,dualfeasorg=4.91e-05
15 entries survived 

23 th thresholding

  breakyes=4.1,  primfeasorg stagnate, 0.00e+00
15 entries survived 

24 th thresholding

  breakyes=3.2,  dualfeasorg deteriorated too much: primfeasorg=1.18e-06,dualfeasorg=4.85e-05
15 entries survived 

25 th thresholding

  breakyes=4.1,  primfeasorg stagnate, 0.00e+00
15 entries survived 

26 th thresholding

  breakyes=2.0,  primfeasorg*dualfeasorg < 1.00e-14
15 entries survived 

27 th thresholding

  breakyes=4.1,  primfeasorg stagnate, 0.00e+00
15 entries survived 

28 th thresholding

  breakyes=4.1,  primfeasorg stagnate, 0.00e+00
15 entries survived 

29 th thresholding

  breakyes=4.1,  primfeasorg stagnate, 0.00e+00
15 entries survived 

30 th thresholding

  breakyes=4.1,  primfeasorg stagnate, 0.00e+00
15 entries survived 

acc_vec =

    0.7200
    0.8920
    0.9280
    0.9260
    0.9260
    0.9220
    0.9320
    0.9220
    0.9240
    0.9260
    0.9260
    0.9240
    0.9320
    0.9340
    0.9280
    0.9260
    0.9260
    0.9260
    0.9200
    0.9200
    0.9160
    0.9220
    0.9220
    0.9220
    0.9200
    0.9220
    0.9140
    0.9200
    0.9240
    0.9200
    0.9160

acc =0.720000  0.892000  0.928000  0.926000  0.926000  0.922000  0.932000  0.922000  0.924000  0.926000  0.926000  0.924000  0.932000  0.934000  0.928000  0.926000  0.926000  0.926000  0.920000  0.920000  0.916000  0.922000  0.922000  0.922000  0.920000  0.922000  0.914000  0.920000  0.924000  0.920000  0.916000 

discov_true_vec =

    10
    10
    10
    10
    10
    10
    10
    10
    10
    10
    10
    10
    10
    10
    10
    10
    10
    10
    10
    10
    10
    10
    10
    10
    10
    10
    10
    10
    10
    10


discov_false_vec =

    36
     8
     3
     3
     3
     5
     3
     5
     4
     4
     6
     5
     4
     3
     4
     4
     4
     4
     4
     5
     5
     5
     5
     5
     5
     5
     5
     5
     5
     5


data =

  31x16 table

    rep    iter    sep    dim    rho    sparsity     acc     obj_prim    obj_dual    discov_true    discov_false    diff_x_tilde    diff_omega_diag    time_isee    time_SDP          jobdate       
    ___    ____    ___    ___    ___    ________    _____    ________    ________    ___________    ____________    ____________    _______________    _________    ________    ____________________

    62       0      3     250    0.2       10        0.72          0           0          0               0                 0                0               0            0     22-Mar-2024 04:40:00
    62       1      3     250    0.2       10       0.892    -3.5355     -3.5355         10              36             83.22           2.3106          9.2081        47.99     22-Mar-2024 04:40:00
    62       2      3     250    0.2       10       0.928    -2.5146     -2.5146         10               8            80.924           2.1376          8.8692       62.318     22-Mar-2024 04:40:00
    62       3      3     250    0.2       10       0.926    -2.4344     -2.4343         10               3            80.279           2.1542          8.4498       77.807     22-Mar-2024 04:40:00
    62       4      3     250    0.2       10       0.926    -2.4261      -2.426         10               3            80.616           2.1401          8.4563       66.954     22-Mar-2024 04:40:00
    62       5      3     250    0.2       10       0.922     -2.526     -2.5259         10               3            80.835           2.2229          8.3202       67.732     22-Mar-2024 04:40:00
    62       6      3     250    0.2       10       0.932    -2.5704     -2.5703         10               5            81.627           2.2883          9.4146       68.081     22-Mar-2024 04:40:00
    62       7      3     250    0.2       10       0.922    -2.5145     -2.5144         10               3            80.236           2.1684           8.748       44.126     22-Mar-2024 04:40:00
    62       8      3     250    0.2       10       0.924    -2.3923     -2.3923         10               5            80.074           2.0803          9.9578       22.417     22-Mar-2024 04:40:00
    62       9      3     250    0.2       10       0.926    -2.4553     -2.4553         10               4            81.699           2.2628          8.4199       33.937     22-Mar-2024 04:40:00
    62      10      3     250    0.2       10       0.926    -2.5439     -2.5439         10               4            80.917           2.2195          8.2866       56.321     22-Mar-2024 04:40:00
    62      11      3     250    0.2       10       0.924    -2.5204     -2.5203         10               6            79.885            2.196          8.8947       67.014     22-Mar-2024 04:40:00
    62      12      3     250    0.2       10       0.932    -2.5538     -2.5537         10               5            82.875           2.3609          8.9619       78.953     22-Mar-2024 04:40:00
    62      13      3     250    0.2       10       0.934     -2.464      -2.464         10               4            79.678           2.0608          9.5173       50.796     22-Mar-2024 04:40:00
    62      14      3     250    0.2       10       0.928    -2.4667     -2.4667         10               3            79.428           2.0803          9.2945       44.705     22-Mar-2024 04:40:00
    62      15      3     250    0.2       10       0.926    -2.3896     -2.3895         10               4            80.506           2.1022           9.157       31.823     22-Mar-2024 04:40:00
    62      16      3     250    0.2       10       0.926     -2.406      -2.406         10               4            79.663           2.0976          8.4313       46.773     22-Mar-2024 04:40:00
    62      17      3     250    0.2       10       0.926    -2.4608     -2.4607         10               4            80.623           2.1527          8.2424       50.013     22-Mar-2024 04:40:00
    62      18      3     250    0.2       10        0.92     -2.426      -2.426         10               4            81.366            2.188           8.573       60.565     22-Mar-2024 04:40:00
    62      19      3     250    0.2       10        0.92    -2.3709     -2.3708         10               4            80.414           2.1877          8.8096       64.719     22-Mar-2024 04:40:00
    62      20      3     250    0.2       10       0.916    -2.4387     -2.4387         10               5            80.124            2.131          9.0561        34.01     22-Mar-2024 04:40:00
    62      21      3     250    0.2       10       0.922    -2.4793     -2.4793         10               5            81.256           2.1895          9.0148        58.35     22-Mar-2024 04:40:00
    62      22      3     250    0.2       10       0.922    -2.5063     -2.5063         10               5            81.203           2.2271          8.4628       52.617     22-Mar-2024 04:40:00
    62      23      3     250    0.2       10       0.922    -2.4567     -2.4567         10               5            82.112            2.289          8.9909        58.46     22-Mar-2024 04:40:00
    62      24      3     250    0.2       10        0.92    -2.6045     -2.6045         10               5            82.821            2.319          8.3966       50.425     22-Mar-2024 04:40:00
    62      25      3     250    0.2       10       0.922    -2.5363     -2.5363         10               5            80.997           2.2083          8.5701       71.476     22-Mar-2024 04:40:00
    62      26      3     250    0.2       10       0.914    -2.5491     -2.5491         10               5            80.568           2.1586          8.5337       83.916     22-Mar-2024 04:40:00
    62      27      3     250    0.2       10        0.92    -2.4423     -2.4423         10               5            82.216           2.3342          8.5029       59.197     22-Mar-2024 04:40:00
    62      28      3     250    0.2       10       0.924    -2.5563     -2.5562         10               5            81.368           2.2257           8.544       61.096     22-Mar-2024 04:40:00
    62      29      3     250    0.2       10        0.92    -2.5018     -2.5018         10               5            80.969           2.2181          8.7592       79.623     22-Mar-2024 04:40:00
    62      30      3     250    0.2       10       0.916    -2.5727     -2.5726         10               5             81.46           2.2187          8.2484       73.341     22-Mar-2024 04:40:00


rep =

    63

replication: (63)th 

thres=0.261968
1 th thresholding

  breakyes=2.0,  primfeasorg*dualfeasorg < 1.00e-14
37 entries survived 

2 th thresholding

  breakyes=1.3,  maxresidual < 1.00e-06
14 entries survived 

3 th thresholding

  breakyes=1.3,  maxresidual < 1.00e-06
12 entries survived 

4 th thresholding

  breakyes=1.0,  maxresidual < 1.00e-06
12 entries survived 

5 th thresholding

  breakyes=3.2,  dualfeasorg deteriorated too much: primfeasorg=2.67e-06,dualfeasorg=7.19e-05
14 entries survived 

6 th thresholding

  breakyes=1.4,  maxresidual < 1.00e-06
13 entries survived 

7 th thresholding

  breakyes=1.3,  maxresidual < 1.00e-06
12 entries survived 

8 th thresholding

  breakyes=3.2,  dualfeasorg deteriorated too much: primfeasorg=2.06e-06,dualfeasorg=3.91e-05
13 entries survived 

9 th thresholding

  breakyes=3.2,  dualfeasorg deteriorated too much: primfeasorg=9.75e-07,dualfeasorg=4.16e-05
13 entries survived 

10 th thresholding

  breakyes=1.4,  maxresidual < 1.00e-06
13 entries survived 

11 th thresholding

  breakyes=1.3,  maxresidual < 1.00e-06
14 entries survived 

12 th thresholding

  breakyes=3.2,  dualfeasorg deteriorated too much: primfeasorg=1.59e-06,dualfeasorg=8.20e-05
14 entries survived 

13 th thresholding

  breakyes = 1.0,  maxresidual < 1.00e-04  breakyes=1.4,  maxresidual < 1.00e-06
15 entries survived 

14 th thresholding

  breakyes=1.4,  maxresidual < 1.00e-06
14 entries survived 

15 th thresholding

  breakyes=1.4,  maxresidual < 1.00e-06
16 entries survived 

16 th thresholding

  breakyes=3.2,  dualfeasorg deteriorated too much: primfeasorg=2.29e-06,dualfeasorg=5.00e-05
14 entries survived 

17 th thresholding

  breakyes=1.4,  maxresidual < 1.00e-06
15 entries survived 

18 th thresholding

  breakyes=4.1,  primfeasorg stagnate, 0.00e+00
15 entries survived 

19 th thresholding

  breakyes=3.2,  dualfeasorg deteriorated too much: primfeasorg=1.88e-06,dualfeasorg=9.87e-05
14 entries survived 

20 th thresholding

  breakyes=1.4,  maxresidual < 1.00e-06
15 entries survived 

21 th thresholding

  breakyes=1.4,  maxresidual < 1.00e-06
14 entries survived 

22 th thresholding

  breakyes=1.3,  maxresidual < 1.00e-06
14 entries survived 

23 th thresholding

  breakyes=1.4,  maxresidual < 1.00e-06
15 entries survived 

24 th thresholding

  breakyes=1.3,  maxresidual < 1.00e-06
14 entries survived 

25 th thresholding

  breakyes=3.2,  dualfeasorg deteriorated too much: primfeasorg=9.53e-07,dualfeasorg=3.04e-05
13 entries survived 

26 th thresholding

  breakyes=1.0,  maxresidual < 1.00e-06
14 entries survived 

27 th thresholding

  breakyes = 1.0,  maxresidual < 1.00e-04  breakyes=3.2,  dualfeasorg deteriorated too much: primfeasorg=6.71e-07,dualfeasorg=3.47e-05
15 entries survived 

28 th thresholding

  breakyes=1.0,  maxresidual < 1.00e-06
13 entries survived 

29 th thresholding

  breakyes=1.4,  maxresidual < 1.00e-06
14 entries survived 

30 th thresholding

  breakyes=1.4,  maxresidual < 1.00e-06
15 entries survived 

acc_vec =

    0.7760
    0.9000
    0.9140
    0.9180
    0.9140
    0.9220
    0.9140
    0.9180
    0.9160
    0.9220
    0.9120
    0.9260
    0.9180
    0.9240
    0.9220
    0.9220
    0.9160
    0.9220
    0.9220
    0.9180
    0.9200
    0.9240
    0.9200
    0.9220
    0.9160
    0.9200
    0.9160
    0.9240
    0.9160
    0.9180
    0.9180

acc =0.776000  0.900000  0.914000  0.918000  0.914000  0.922000  0.914000  0.918000  0.916000  0.922000  0.912000  0.926000  0.918000  0.924000  0.922000  0.922000  0.916000  0.922000  0.922000  0.918000  0.920000  0.924000  0.920000  0.922000  0.916000  0.920000  0.916000  0.924000  0.916000  0.918000  0.918000 

discov_true_vec =

     9
    10
    10
    10
    10
    10
    10
    10
    10
    10
    10
    10
    10
    10
    10
    10
    10
    10
    10
    10
    10
    10
    10
    10
    10
    10
    10
    10
    10
    10


discov_false_vec =

    28
     4
     2
     2
     4
     3
     2
     3
     3
     3
     4
     4
     5
     4
     6
     4
     5
     5
     4
     5
     4
     4
     5
     4
     3
     4
     5
     3
     4
     5


data =

  31x16 table

    rep    iter    sep    dim    rho    sparsity     acc     obj_prim    obj_dual    discov_true    discov_false    diff_x_tilde    diff_omega_diag    time_isee    time_SDP          jobdate       
    ___    ____    ___    ___    ___    ________    _____    ________    ________    ___________    ____________    ____________    _______________    _________    ________    ____________________

    63       0      3     250    0.2       10       0.776          0           0          0               0                 0                0               0            0     22-Mar-2024 05:04:43
    63       1      3     250    0.2       10         0.9    -4.3369     -4.3369          9              28            84.769           2.3145          8.5442       93.176     22-Mar-2024 05:04:43
    63       2      3     250    0.2       10       0.914    -3.1721     -3.1721         10               4            82.219           2.3063          8.6754       18.054     22-Mar-2024 05:04:43
    63       3      3     250    0.2       10       0.918    -3.0633     -3.0633         10               2            80.714           2.2119           8.853       16.893     22-Mar-2024 05:04:43
    63       4      3     250    0.2       10       0.914    -3.3586     -3.3585         10               2            81.071           2.2666          8.4207       54.112     22-Mar-2024 05:04:43
    63       5      3     250    0.2       10       0.922     -3.037      -3.037         10               4            83.005           2.4229          9.7228       15.984     22-Mar-2024 05:04:43
    63       6      3     250    0.2       10       0.914    -3.1386     -3.1386         10               3            80.968           2.2279          8.4537       55.019     22-Mar-2024 05:04:43
    63       7      3     250    0.2       10       0.918    -3.0944     -3.0944         10               2            81.451           2.2332          8.9222       61.117     22-Mar-2024 05:04:43
    63       8      3     250    0.2       10       0.916    -3.1229     -3.1229         10               3            82.231           2.3356          8.5698       55.775     22-Mar-2024 05:04:43
    63       9      3     250    0.2       10       0.922    -2.8664     -2.8664         10               3            81.587             2.25          8.7534       57.832     22-Mar-2024 05:04:43
    63      10      3     250    0.2       10       0.912    -3.2015     -3.2015         10               3            82.629           2.3596          8.4267       34.158     22-Mar-2024 05:04:43
    63      11      3     250    0.2       10       0.926    -3.1885     -3.1885         10               4            81.263           2.2265          6.2185       47.236     22-Mar-2024 05:04:43
    63      12      3     250    0.2       10       0.918    -3.1837     -3.1836         10               4            83.035           2.3842          8.5643       23.333     22-Mar-2024 05:04:43
    63      13      3     250    0.2       10       0.924    -3.0355     -3.0355         10               5            83.211           2.4141          8.5513        40.37     22-Mar-2024 05:04:43
    63      14      3     250    0.2       10       0.922    -3.1613     -3.1613         10               4            82.271           2.3654          8.1886        29.03     22-Mar-2024 05:04:43
    63      15      3     250    0.2       10       0.922    -3.2994     -3.2994         10               6            83.429           2.4549          9.7941        41.72     22-Mar-2024 05:04:43
    63      16      3     250    0.2       10       0.916    -3.2446     -3.2446         10               4            82.412           2.3602          8.4433       31.753     22-Mar-2024 05:04:43
    63      17      3     250    0.2       10       0.922    -3.1761     -3.1761         10               5            81.695           2.3017          9.2484       37.729     22-Mar-2024 05:04:43
    63      18      3     250    0.2       10       0.922    -3.1574     -3.1574         10               5            81.698           2.3559          9.2851       54.064     22-Mar-2024 05:04:43
    63      19      3     250    0.2       10       0.918    -3.1597     -3.1597         10               4            81.947           2.3149          8.7021       23.224     22-Mar-2024 05:04:43
    63      20      3     250    0.2       10        0.92    -3.1103     -3.1103         10               5              81.4           2.2748          9.6579       36.709     22-Mar-2024 05:04:43
    63      21      3     250    0.2       10       0.924    -3.2265     -3.2265         10               4             82.05           2.3469          8.4027        38.06     22-Mar-2024 05:04:43
    63      22      3     250    0.2       10        0.92    -3.1592     -3.1592         10               4            80.633           2.2147          6.1158       56.455     22-Mar-2024 05:04:43
    63      23      3     250    0.2       10       0.922    -3.1365     -3.1365         10               5            82.023           2.3124           8.427       69.298     22-Mar-2024 05:04:43
    63      24      3     250    0.2       10       0.916    -3.2139     -3.2139         10               4            82.111           2.3712          8.5335        48.18     22-Mar-2024 05:04:43
    63      25      3     250    0.2       10        0.92    -3.0419     -3.0419         10               3            81.074           2.2208          6.7355       40.339     22-Mar-2024 05:04:43
    63      26      3     250    0.2       10       0.916    -3.2911     -3.2911         10               4            81.948           2.3598          6.1504       12.872     22-Mar-2024 05:04:43
    63      27      3     250    0.2       10       0.924    -3.1847     -3.1847         10               5            82.854           2.4025           8.361       39.489     22-Mar-2024 05:04:43
    63      28      3     250    0.2       10       0.916    -3.0841     -3.0841         10               3            81.693           2.2788          7.3327       14.961     22-Mar-2024 05:04:43
    63      29      3     250    0.2       10       0.918    -3.0881     -3.0881         10               4            81.395           2.3003          8.2365       42.572     22-Mar-2024 05:04:43
    63      30      3     250    0.2       10       0.918    -3.4312     -3.4312         10               5            82.306           2.3731          8.4419       42.313     22-Mar-2024 05:04:43


rep =

    64

replication: (64)th 

thres=0.261968
1 th thresholding

  breakyes=3.2,  dualfeasorg deteriorated too much: primfeasorg=1.20e-06,dualfeasorg=4.39e-05
38 entries survived 

2 th thresholding


  breakyes=1.4,  maxresidual < 1.00e-06
16 entries survived 

3 th thresholding

  breakyes=1.4,  maxresidual < 1.00e-06
13 entries survived 

4 th thresholding

  breakyes=1.4,  maxresidual < 1.00e-06
12 entries survived 

5 th thresholding

  breakyes=3.2,  dualfeasorg deteriorated too much: primfeasorg=6.72e-06,dualfeasorg=1.59e-04
12 entries survived 

6 th thresholding

  breakyes=3.2,  dualfeasorg deteriorated too much: primfeasorg=1.90e-06,dualfeasorg=6.28e-05
11 entries survived 

7 th thresholding

  breakyes=1.4,  maxresidual < 1.00e-06
11 entries survived 

8 th thresholding

  breakyes=4.1,  primfeasorg stagnate, 0.00e+00
11 entries survived 

9 th thresholding

  breakyes=1.4,  maxresidual < 1.00e-06
11 entries survived 

10 th thresholding

  breakyes=4.1,  primfeasorg stagnate, 0.00e+00
11 entries survived 

11 th thresholding

  breakyes=1.4,  maxresidual < 1.00e-06
11 entries survived 

12 th thresholding

  breakyes=4.1,  primfeasorg stagnate, 0.00e+00
11 entries survived 

13 th thresholding

  breakyes=1.4,  maxresidual < 1.00e-06
11 entries survived 

14 th thresholding

  breakyes=4.1,  primfeasorg stagnate, 0.00e+00
11 entries survived 

15 th thresholding

  breakyes=1.4,  maxresidual < 1.00e-06
11 entries survived 

16 th thresholding

  breakyes=4.1,  primfeasorg stagnate, 0.00e+00
11 entries survived 

17 th thresholding

  breakyes=1.4,  maxresidual < 1.00e-06
11 entries survived 

18 th thresholding

  breakyes=4.1,  primfeasorg stagnate, 0.00e+00
11 entries survived 

19 th thresholding

  breakyes=1.4,  maxresidual < 1.00e-06
11 entries survived 

20 th thresholding

  breakyes=4.1,  primfeasorg stagnate, 0.00e+00
11 entries survived 

21 th thresholding

  breakyes=1.4,  maxresidual < 1.00e-06
11 entries survived 

22 th thresholding

  breakyes=4.1,  primfeasorg stagnate, 0.00e+00
11 entries survived 

23 th thresholding

  breakyes=1.4,  maxresidual < 1.00e-06
11 entries survived 

24 th thresholding

  breakyes=4.1,  primfeasorg stagnate, 0.00e+00
11 entries survived 

25 th thresholding

  breakyes=1.4,  maxresidual < 1.00e-06
11 entries survived 

26 th thresholding

  breakyes=4.1,  primfeasorg stagnate, 0.00e+00
11 entries survived 

27 th thresholding

  breakyes=1.4,  maxresidual < 1.00e-06
11 entries survived 

28 th thresholding

  breakyes=4.1,  primfeasorg stagnate, 0.00e+00
11 entries survived 

29 th thresholding

  breakyes=1.4,  maxresidual < 1.00e-06
11 entries survived 

30 th thresholding

  breakyes=4.1,  primfeasorg stagnate, 0.00e+00
11 entries survived 

acc_vec =

    0.7940
    0.9440
    0.9400
    0.9340
    0.9360
    0.9360
    0.9380
    0.9380
    0.9380
    0.9380
    0.9380
    0.9380
    0.9380
    0.9380
    0.9380
    0.9380
    0.9380
    0.9380
    0.9380
    0.9380
    0.9380
    0.9380
    0.9380
    0.9380
    0.9380
    0.9380
    0.9380
    0.9380
    0.9380
    0.9380
    0.9380

acc =0.794000  0.944000  0.940000  0.934000  0.936000  0.936000  0.938000  0.938000  0.938000  0.938000  0.938000  0.938000  0.938000  0.938000  0.938000  0.938000  0.938000  0.938000  0.938000  0.938000  0.938000  0.938000  0.938000  0.938000  0.938000  0.938000  0.938000  0.938000  0.938000  0.938000  0.938000 

discov_true_vec =

    10
    10
    10
    10
    10
    10
    10
    10
    10
    10
    10
    10
    10
    10
    10
    10
    10
    10
    10
    10
    10
    10
    10
    10
    10
    10
    10
    10
    10
    10


discov_false_vec =

    28
     6
     3
     2
     2
     1
     1
     1
     1
     1
     1
     1
     1
     1
     1
     1
     1
     1
     1
     1
     1
     1
     1
     1
     1
     1
     1
     1
     1
     1


data =

  31x16 table

    rep    iter    sep    dim    rho    sparsity     acc     obj_prim    obj_dual    discov_true    discov_false    diff_x_tilde    diff_omega_diag    time_isee    time_SDP          jobdate       
    ___    ____    ___    ___    ___    ________    _____    ________    ________    ___________    ____________    ____________    _______________    _________    ________    ____________________

    64       0      3     250    0.2       10       0.794          0           0          0               0                 0                0               0            0     22-Mar-2024 05:46:53
    64       1      3     250    0.2       10       0.944    -3.8535     -3.8534         10              28             82.02            2.057          9.9038        55.33     22-Mar-2024 05:46:53
    64       2      3     250    0.2       10        0.94     -2.832      -2.832         10               6            83.449           2.2297          9.0383       206.59     22-Mar-2024 05:46:53
    64       3      3     250    0.2       10       0.934    -2.8411     -2.8411         10               3            84.512            2.281          9.2441       49.399     22-Mar-2024 05:46:53
    64       4      3     250    0.2       10       0.936    -3.0146     -3.0146         10               2            85.687           2.3547          9.1338       51.088     22-Mar-2024 05:46:53
    64       5      3     250    0.2       10       0.936    -2.8212     -2.8212         10               2            84.067            2.251          8.2296        36.18     22-Mar-2024 05:46:53
    64       6      3     250    0.2       10       0.938    -2.8944     -2.8944         10               1            83.763            2.225          8.2008       26.813     22-Mar-2024 05:46:53
    64       7      3     250    0.2       10       0.938    -2.8411     -2.8411         10               1            83.926           2.2708          9.0208       96.302     22-Mar-2024 05:46:53
    64       8      3     250    0.2       10       0.938    -2.8669     -2.8669         10               1            85.087            2.346          8.5878       60.713     22-Mar-2024 05:46:53
    64       9      3     250    0.2       10       0.938    -2.8411     -2.8411         10               1            83.926           2.2708           9.075       99.255     22-Mar-2024 05:46:53
    64      10      3     250    0.2       10       0.938    -2.8669     -2.8669         10               1            85.087            2.346          9.5565       57.377     22-Mar-2024 05:46:53
    64      11      3     250    0.2       10       0.938    -2.8411     -2.8411         10               1            83.926           2.2708          8.8731       109.17     22-Mar-2024 05:46:53
    64      12      3     250    0.2       10       0.938    -2.8669     -2.8669         10               1            85.087            2.346          9.4142       65.463     22-Mar-2024 05:46:53
    64      13      3     250    0.2       10       0.938    -2.8411     -2.8411         10               1            83.926           2.2708           9.573       114.58     22-Mar-2024 05:46:53
    64      14      3     250    0.2       10       0.938    -2.8669     -2.8669         10               1            85.087            2.346          9.0677       63.983     22-Mar-2024 05:46:53
    64      15      3     250    0.2       10       0.938    -2.8411     -2.8411         10               1            83.926           2.2708          9.3558        93.99     22-Mar-2024 05:46:53
    64      16      3     250    0.2       10       0.938    -2.8669     -2.8669         10               1            85.087            2.346          8.5021       62.059     22-Mar-2024 05:46:53
    64      17      3     250    0.2       10       0.938    -2.8411     -2.8411         10               1            83.926           2.2708          8.7806       106.68     22-Mar-2024 05:46:53
    64      18      3     250    0.2       10       0.938    -2.8669     -2.8669         10               1            85.087            2.346          8.7987       62.478     22-Mar-2024 05:46:53
    64      19      3     250    0.2       10       0.938    -2.8411     -2.8411         10               1            83.926           2.2708          9.4889       93.571     22-Mar-2024 05:46:53
    64      20      3     250    0.2       10       0.938    -2.8669     -2.8669         10               1            85.087            2.346          8.7891       56.573     22-Mar-2024 05:46:53
    64      21      3     250    0.2       10       0.938    -2.8411     -2.8411         10               1            83.926           2.2708          8.5299       91.946     22-Mar-2024 05:46:53
    64      22      3     250    0.2       10       0.938    -2.8669     -2.8669         10               1            85.087            2.346          8.1826       51.271     22-Mar-2024 05:46:53
    64      23      3     250    0.2       10       0.938    -2.8411     -2.8411         10               1            83.926           2.2708          8.5561        86.44     22-Mar-2024 05:46:53
    64      24      3     250    0.2       10       0.938    -2.8669     -2.8669         10               1            85.087            2.346          8.6535       51.579     22-Mar-2024 05:46:53
    64      25      3     250    0.2       10       0.938    -2.8411     -2.8411         10               1            83.926           2.2708          8.2115       86.708     22-Mar-2024 05:46:53
    64      26      3     250    0.2       10       0.938    -2.8669     -2.8669         10               1            85.087            2.346          9.1676       51.828     22-Mar-2024 05:46:53
    64      27      3     250    0.2       10       0.938    -2.8411     -2.8411         10               1            83.926           2.2708          9.0123       88.582     22-Mar-2024 05:46:53
    64      28      3     250    0.2       10       0.938    -2.8669     -2.8669         10               1            85.087            2.346          9.2868       50.472     22-Mar-2024 05:46:53
    64      29      3     250    0.2       10       0.938    -2.8411     -2.8411         10               1            83.926           2.2708          8.4879       85.367     22-Mar-2024 05:46:53
    64      30      3     250    0.2       10       0.938    -2.8669     -2.8669         10               1            85.087            2.346           8.979       50.792     22-Mar-2024 05:46:53

