==========================================
SLURM_JOB_ID = 20379238
SLURM_JOB_NODELIST = a02-05
TMPDIR = /tmp/SLURM_20379238
==========================================
hello
Starting parallel pool (parpool) ...
Connected to the parallel pool (number of workers: 15).

pool = 

 ProcessPool with properties: 

            Connected: true
           NumWorkers: 15
                 Busy: false
              Cluster: Local
        AttachedFiles: {}
    AutoAddClientPath: true
            FileStore: [1x1 parallel.FileStore]
           ValueStore: [1x1 parallel.ValueStore]
          IdleTimeout: 30 minutes (30 minutes remaining)
          SpmdEnabled: true


p =

   150


Delta =

     4


s =

    10


n =

   500


ii =

    21


table_name =

    'sparse_kmeans_isee_denoise'


conn = 

  sqlite with properties:

      Database: '/home1/jongminm/sparse_kmeans/sparse_kmeans.db'
    IsReadOnly: 0
    AutoCommit: 'on'


rho =

    0.2000


M =

    0.7341

delta confirmed: 4.000000
ans =

    3.4740


rep =

    81

replication: (81)th 

thres=0.249556
1 th thresholding

  breakyes=1.4,  maxresidual < 1.00e-06
18 entries survived 

2 th thresholding

  breakyes=1.0,  maxresidual < 1.00e-06
15 entries survived 

3 th thresholding

  breakyes=1.0,  maxresidual < 1.00e-06
15 entries survived 

4 th thresholding

  breakyes=1.3,  maxresidual < 1.00e-06
17 entries survived 

5 th thresholding

  breakyes=1.0,  maxresidual < 1.00e-06
16 entries survived 

6 th thresholding

  breakyes=1.0,  maxresidual < 1.00e-06
16 entries survived 

7 th thresholding

  breakyes=1.0,  maxresidual < 1.00e-06
16 entries survived 

8 th thresholding

  breakyes=1.0,  maxresidual < 1.00e-06
16 entries survived 

9 th thresholding

  breakyes=1.0,  maxresidual < 1.00e-06
16 entries survived 

10 th thresholding

  breakyes=1.0,  maxresidual < 1.00e-06
16 entries survived 

11 th thresholding

  breakyes=1.0,  maxresidual < 1.00e-06
16 entries survived 

12 th thresholding

  breakyes=1.0,  maxresidual < 1.00e-06
16 entries survived 

13 th thresholding

  breakyes=1.0,  maxresidual < 1.00e-06
16 entries survived 

14 th thresholding

  breakyes=1.0,  maxresidual < 1.00e-06
16 entries survived 

15 th thresholding

  breakyes=1.0,  maxresidual < 1.00e-06
16 entries survived 

16 th thresholding

  breakyes=1.0,  maxresidual < 1.00e-06
16 entries survived 

17 th thresholding

  breakyes=1.0,  maxresidual < 1.00e-06
16 entries survived 

18 th thresholding

  breakyes=1.0,  maxresidual < 1.00e-06
16 entries survived 

19 th thresholding

  breakyes=1.0,  maxresidual < 1.00e-06
16 entries survived 

20 th thresholding

  breakyes=1.0,  maxresidual < 1.00e-06
16 entries survived 

21 th thresholding

  breakyes=1.0,  maxresidual < 1.00e-06
16 entries survived 

22 th thresholding

  breakyes=1.0,  maxresidual < 1.00e-06
16 entries survived 

23 th thresholding

  breakyes=1.0,  maxresidual < 1.00e-06
16 entries survived 

24 th thresholding

  breakyes=1.0,  maxresidual < 1.00e-06
16 entries survived 

25 th thresholding

  breakyes=1.0,  maxresidual < 1.00e-06
16 entries survived 

26 th thresholding

  breakyes=1.0,  maxresidual < 1.00e-06
16 entries survived 

27 th thresholding

  breakyes=1.0,  maxresidual < 1.00e-06
16 entries survived 

28 th thresholding

  breakyes=1.0,  maxresidual < 1.00e-06
16 entries survived 

29 th thresholding

  breakyes=1.0,  maxresidual < 1.00e-06
16 entries survived 

30 th thresholding

  breakyes=1.0,  maxresidual < 1.00e-06
16 entries survived 

acc_vec =

    0.9540
    0.9800
    0.9780
    0.9820
    0.9800
    0.9800
    0.9800
    0.9800
    0.9800
    0.9800
    0.9800
    0.9800
    0.9800
    0.9800
    0.9800
    0.9800
    0.9800
    0.9800
    0.9800
    0.9800
    0.9800
    0.9800
    0.9800
    0.9800
    0.9800
    0.9800
    0.9800
    0.9800
    0.9800
    0.9800
    0.9800

acc =0.954000  0.980000  0.978000  0.982000  0.980000  0.980000  0.980000  0.980000  0.980000  0.980000  0.980000  0.980000  0.980000  0.980000  0.980000  0.980000  0.980000  0.980000  0.980000  0.980000  0.980000  0.980000  0.980000  0.980000  0.980000  0.980000  0.980000  0.980000  0.980000  0.980000  0.980000 

discov_true_vec =

    10
    10
    10
    10
    10
    10
    10
    10
    10
    10
    10
    10
    10
    10
    10
    10
    10
    10
    10
    10
    10
    10
    10
    10
    10
    10
    10
    10
    10
    10


discov_false_vec =

     8
     5
     5
     7
     6
     6
     6
     6
     6
     6
     6
     6
     6
     6
     6
     6
     6
     6
     6
     6
     6
     6
     6
     6
     6
     6
     6
     6
     6
     6


data =

  31x16 table

    rep    iter    sep    dim    rho    sparsity     acc     obj_prim    obj_dual    discov_true    discov_false    diff_x_tilde    diff_omega_diag    time_isee    time_SDP          jobdate       
    ___    ____    ___    ___    ___    ________    _____    ________    ________    ___________    ____________    ____________    _______________    _________    ________    ____________________

    81       0      4     150    0.2       10       0.954          0           0          0              0                  0                0               0            0     22-Mar-2024 00:13:57
    81       1      4     150    0.2       10        0.98    -4.3284     -4.3283         10              8             61.564           1.4145          3.6859       27.964     22-Mar-2024 00:13:57
    81       2      4     150    0.2       10       0.978    -4.3138     -4.3138         10              5             63.355           1.5098          2.0302       20.462     22-Mar-2024 00:13:57
    81       3      4     150    0.2       10       0.982    -4.1583     -4.1583         10              5               63.5           1.5189          2.0738       16.039     22-Mar-2024 00:13:57
    81       4      4     150    0.2       10        0.98    -4.1597     -4.1597         10              7             62.466           1.4811          2.0982       57.345     22-Mar-2024 00:13:57
    81       5      4     150    0.2       10        0.98    -4.0945     -4.0945         10              6             63.296           1.5461          2.1355       13.957     22-Mar-2024 00:13:57
    81       6      4     150    0.2       10        0.98    -4.0945     -4.0945         10              6             63.296           1.5461          1.5395       12.688     22-Mar-2024 00:13:57
    81       7      4     150    0.2       10        0.98    -4.0945     -4.0945         10              6             63.296           1.5461          1.9087       12.579     22-Mar-2024 00:13:57
    81       8      4     150    0.2       10        0.98    -4.0945     -4.0945         10              6             63.296           1.5461          1.6812        13.29     22-Mar-2024 00:13:57
    81       9      4     150    0.2       10        0.98    -4.0945     -4.0945         10              6             63.296           1.5461          2.0712       12.985     22-Mar-2024 00:13:57
    81      10      4     150    0.2       10        0.98    -4.0945     -4.0945         10              6             63.296           1.5461          1.5961       13.115     22-Mar-2024 00:13:57
    81      11      4     150    0.2       10        0.98    -4.0945     -4.0945         10              6             63.296           1.5461          1.7403       12.948     22-Mar-2024 00:13:57
    81      12      4     150    0.2       10        0.98    -4.0945     -4.0945         10              6             63.296           1.5461          1.4761       13.428     22-Mar-2024 00:13:57
    81      13      4     150    0.2       10        0.98    -4.0945     -4.0945         10              6             63.296           1.5461          1.4123       13.071     22-Mar-2024 00:13:57
    81      14      4     150    0.2       10        0.98    -4.0945     -4.0945         10              6             63.296           1.5461          1.9501       11.591     22-Mar-2024 00:13:57
    81      15      4     150    0.2       10        0.98    -4.0945     -4.0945         10              6             63.296           1.5461          1.4699       11.278     22-Mar-2024 00:13:57
    81      16      4     150    0.2       10        0.98    -4.0945     -4.0945         10              6             63.296           1.5461           1.627       11.647     22-Mar-2024 00:13:57
    81      17      4     150    0.2       10        0.98    -4.0945     -4.0945         10              6             63.296           1.5461          2.2663       8.5486     22-Mar-2024 00:13:57
    81      18      4     150    0.2       10        0.98    -4.0945     -4.0945         10              6             63.296           1.5461          1.5844       10.207     22-Mar-2024 00:13:57
    81      19      4     150    0.2       10        0.98    -4.0945     -4.0945         10              6             63.296           1.5461            1.63        8.714     22-Mar-2024 00:13:57
    81      20      4     150    0.2       10        0.98    -4.0945     -4.0945         10              6             63.296           1.5461          1.9621       9.1358     22-Mar-2024 00:13:57
    81      21      4     150    0.2       10        0.98    -4.0945     -4.0945         10              6             63.296           1.5461          1.4062       9.5816     22-Mar-2024 00:13:57
    81      22      4     150    0.2       10        0.98    -4.0945     -4.0945         10              6             63.296           1.5461          1.6149        8.941     22-Mar-2024 00:13:57
    81      23      4     150    0.2       10        0.98    -4.0945     -4.0945         10              6             63.296           1.5461          2.0472       11.641     22-Mar-2024 00:13:57
    81      24      4     150    0.2       10        0.98    -4.0945     -4.0945         10              6             63.296           1.5461          1.4391       11.735     22-Mar-2024 00:13:57
    81      25      4     150    0.2       10        0.98    -4.0945     -4.0945         10              6             63.296           1.5461          1.7291       11.703     22-Mar-2024 00:13:57
    81      26      4     150    0.2       10        0.98    -4.0945     -4.0945         10              6             63.296           1.5461           1.919       10.554     22-Mar-2024 00:13:57
    81      27      4     150    0.2       10        0.98    -4.0945     -4.0945         10              6             63.296           1.5461           1.621       12.669     22-Mar-2024 00:13:57
    81      28      4     150    0.2       10        0.98    -4.0945     -4.0945         10              6             63.296           1.5461          1.4226       13.209     22-Mar-2024 00:13:57
    81      29      4     150    0.2       10        0.98    -4.0945     -4.0945         10              6             63.296           1.5461           1.559        12.45     22-Mar-2024 00:13:57
    81      30      4     150    0.2       10        0.98    -4.0945     -4.0945         10              6             63.296           1.5461          1.5097        13.42     22-Mar-2024 00:13:57


rep =

    82

replication: (82)th 

thres=0.249556
1 th thresholding

  breakyes=1.0,  maxresidual < 1.00e-06
16 entries survived 

2 th thresholding

  breakyes=1.4,  maxresidual < 1.00e-06
14 entries survived 

3 th thresholding

  breakyes=1.0,  maxresidual < 1.00e-06
15 entries survived 

4 th thresholding

  breakyes=1.0,  maxresidual < 1.00e-06
14 entries survived 

5 th thresholding

  breakyes=1.0,  maxresidual < 1.00e-06
15 entries survived 

6 th thresholding

  breakyes=3.2,  dualfeasorg deteriorated too much: primfeasorg=1.52e-06,dualfeasorg=4.08e-05
15 entries survived 

7 th thresholding

  breakyes=1.0,  maxresidual < 1.00e-06
14 entries survived 

8 th thresholding

  breakyes=1.4,  maxresidual < 1.00e-06
13 entries survived 

9 th thresholding

  breakyes=1.3,  maxresidual < 1.00e-06
14 entries survived 

10 th thresholding

  breakyes=1.0,  maxresidual < 1.00e-06
15 entries survived 

11 th thresholding

  breakyes=1.4,  maxresidual < 1.00e-06
14 entries survived 

12 th thresholding

  breakyes=1.0,  maxresidual < 1.00e-06
13 entries survived 

13 th thresholding

  breakyes=3.2,  dualfeasorg deteriorated too much: primfeasorg=7.80e-06,dualfeasorg=5.96e-05
15 entries survived 

14 th thresholding

  breakyes=1.0,  maxresidual < 1.00e-06
13 entries survived 

15 th thresholding

  breakyes=3.2,  dualfeasorg deteriorated too much: primfeasorg=7.80e-06,dualfeasorg=5.96e-05
15 entries survived 

16 th thresholding

  breakyes=1.0,  maxresidual < 1.00e-06
13 entries survived 

17 th thresholding

  breakyes=3.2,  dualfeasorg deteriorated too much: primfeasorg=7.80e-06,dualfeasorg=5.96e-05
15 entries survived 

18 th thresholding

  breakyes=1.0,  maxresidual < 1.00e-06
13 entries survived 

19 th thresholding

  breakyes=3.2,  dualfeasorg deteriorated too much: primfeasorg=7.80e-06,dualfeasorg=5.96e-05
15 entries survived 

20 th thresholding

  breakyes=1.0,  maxresidual < 1.00e-06
13 entries survived 

21 th thresholding

  breakyes=3.2,  dualfeasorg deteriorated too much: primfeasorg=7.80e-06,dualfeasorg=5.96e-05
15 entries survived 

22 th thresholding

  breakyes=1.0,  maxresidual < 1.00e-06
13 entries survived 

23 th thresholding

  breakyes=3.2,  dualfeasorg deteriorated too much: primfeasorg=7.80e-06,dualfeasorg=5.96e-05
15 entries survived 

24 th thresholding

  breakyes=1.0,  maxresidual < 1.00e-06
13 entries survived 

25 th thresholding

  breakyes=3.2,  dualfeasorg deteriorated too much: primfeasorg=7.80e-06,dualfeasorg=5.96e-05
15 entries survived 

26 th thresholding

  breakyes=1.0,  maxresidual < 1.00e-06
13 entries survived 

27 th thresholding

  breakyes=3.2,  dualfeasorg deteriorated too much: primfeasorg=7.80e-06,dualfeasorg=5.96e-05
15 entries survived 

28 th thresholding

  breakyes=1.0,  maxresidual < 1.00e-06
13 entries survived 

29 th thresholding

  breakyes=3.2,  dualfeasorg deteriorated too much: primfeasorg=7.80e-06,dualfeasorg=5.96e-05
15 entries survived 

30 th thresholding

  breakyes=1.0,  maxresidual < 1.00e-06
13 entries survived 

acc_vec =

    0.9500
    0.9780
    0.9780
    0.9740
    0.9800
    0.9760
    0.9780
    0.9780
    0.9780
    0.9800
    0.9760
    0.9740
    0.9760
    0.9740
    0.9760
    0.9740
    0.9760
    0.9740
    0.9760
    0.9740
    0.9760
    0.9740
    0.9760
    0.9740
    0.9760
    0.9740
    0.9760
    0.9740
    0.9760
    0.9740
    0.9760

acc =0.950000  0.978000  0.978000  0.974000  0.980000  0.976000  0.978000  0.978000  0.978000  0.980000  0.976000  0.974000  0.976000  0.974000  0.976000  0.974000  0.976000  0.974000  0.976000  0.974000  0.976000  0.974000  0.976000  0.974000  0.976000  0.974000  0.976000  0.974000  0.976000  0.974000  0.976000 

discov_true_vec =

    10
    10
    10
    10
    10
    10
    10
    10
    10
    10
    10
    10
    10
    10
    10
    10
    10
    10
    10
    10
    10
    10
    10
    10
    10
    10
    10
    10
    10
    10


discov_false_vec =

     6
     4
     5
     4
     5
     5
     4
     3
     4
     5
     4
     3
     5
     3
     5
     3
     5
     3
     5
     3
     5
     3
     5
     3
     5
     3
     5
     3
     5
     3


data =

  31x16 table

    rep    iter    sep    dim    rho    sparsity     acc     obj_prim    obj_dual    discov_true    discov_false    diff_x_tilde    diff_omega_diag    time_isee    time_SDP          jobdate       
    ___    ____    ___    ___    ___    ________    _____    ________    ________    ___________    ____________    ____________    _______________    _________    ________    ____________________

    82       0      4     150    0.2       10        0.95          0           0          0              0                  0                0               0            0     22-Mar-2024 00:23:18
    82       1      4     150    0.2       10       0.978    -4.8294     -4.8293         10              6               59.5           1.5666          2.2691       17.053     22-Mar-2024 00:23:18
    82       2      4     150    0.2       10       0.978    -4.1148     -4.1148         10              4             59.332           1.5514          1.4581       34.118     22-Mar-2024 00:23:18
    82       3      4     150    0.2       10       0.974    -4.2469     -4.2469         10              5             59.543            1.522          1.7178       19.228     22-Mar-2024 00:23:18
    82       4      4     150    0.2       10        0.98    -4.1675     -4.1675         10              4             60.813           1.6372          1.7414       13.496     22-Mar-2024 00:23:18
    82       5      4     150    0.2       10       0.976    -4.1256     -4.1256         10              5             58.274           1.4576          1.5959       12.292     22-Mar-2024 00:23:18
    82       6      4     150    0.2       10       0.978    -4.3513     -4.3513         10              5             60.719           1.6435          1.4683       15.177     22-Mar-2024 00:23:18
    82       7      4     150    0.2       10       0.978    -4.4238     -4.4238         10              4             61.193           1.6527          1.7901       14.416     22-Mar-2024 00:23:18
    82       8      4     150    0.2       10       0.978    -4.1067     -4.1067         10              3             59.676           1.6091           1.474       17.596     22-Mar-2024 00:23:18
    82       9      4     150    0.2       10        0.98    -4.0212     -4.0212         10              4             59.513           1.5419          1.5798       19.029     22-Mar-2024 00:23:18
    82      10      4     150    0.2       10       0.976    -4.1518     -4.1518         10              5             59.269           1.4968          1.4884       14.842     22-Mar-2024 00:23:18
    82      11      4     150    0.2       10       0.974    -4.2618     -4.2617         10              4             60.454            1.649          1.6775        19.99     22-Mar-2024 00:23:18
    82      12      4     150    0.2       10       0.976    -4.2104     -4.2104         10              3             59.261           1.5546          1.6095       21.189     22-Mar-2024 00:23:18
    82      13      4     150    0.2       10       0.974    -4.1559     -4.1559         10              5             59.705           1.5593          2.0378        7.944     22-Mar-2024 00:23:18
    82      14      4     150    0.2       10       0.976    -4.2104     -4.2104         10              3             59.261           1.5546          1.6884        17.88     22-Mar-2024 00:23:18
    82      15      4     150    0.2       10       0.974    -4.1559     -4.1559         10              5             59.705           1.5593          1.7056       10.588     22-Mar-2024 00:23:18
    82      16      4     150    0.2       10       0.976    -4.2104     -4.2104         10              3             59.261           1.5546          1.6047       26.846     22-Mar-2024 00:23:18
    82      17      4     150    0.2       10       0.974    -4.1559     -4.1559         10              5             59.705           1.5593          2.0494       9.6845     22-Mar-2024 00:23:18
    82      18      4     150    0.2       10       0.976    -4.2104     -4.2104         10              3             59.261           1.5546          1.7303       21.527     22-Mar-2024 00:23:18
    82      19      4     150    0.2       10       0.974    -4.1559     -4.1559         10              5             59.705           1.5593            2.07       7.6341     22-Mar-2024 00:23:18
    82      20      4     150    0.2       10       0.976    -4.2104     -4.2104         10              3             59.261           1.5546          1.8178       22.072     22-Mar-2024 00:23:18
    82      21      4     150    0.2       10       0.974    -4.1559     -4.1559         10              5             59.705           1.5593          2.4126       9.7084     22-Mar-2024 00:23:18
    82      22      4     150    0.2       10       0.976    -4.2104     -4.2104         10              3             59.261           1.5546          1.4409       22.736     22-Mar-2024 00:23:18
    82      23      4     150    0.2       10       0.974    -4.1559     -4.1559         10              5             59.705           1.5593          1.6472       7.9697     22-Mar-2024 00:23:18
    82      24      4     150    0.2       10       0.976    -4.2104     -4.2104         10              3             59.261           1.5546           1.528       20.285     22-Mar-2024 00:23:18
    82      25      4     150    0.2       10       0.974    -4.1559     -4.1559         10              5             59.705           1.5593          1.8192       8.2869     22-Mar-2024 00:23:18
    82      26      4     150    0.2       10       0.976    -4.2104     -4.2104         10              3             59.261           1.5546          1.5866       23.205     22-Mar-2024 00:23:18
    82      27      4     150    0.2       10       0.974    -4.1559     -4.1559         10              5             59.705           1.5593          3.0455       8.9999     22-Mar-2024 00:23:18
    82      28      4     150    0.2       10       0.976    -4.2104     -4.2104         10              3             59.261           1.5546          1.4305       26.793     22-Mar-2024 00:23:18
    82      29      4     150    0.2       10       0.974    -4.1559     -4.1559         10              5             59.705           1.5593          1.7126       9.9993     22-Mar-2024 00:23:18
    82      30      4     150    0.2       10       0.976    -4.2104     -4.2104         10              3             59.261           1.5546          1.5288       26.476     22-Mar-2024 00:23:18


rep =

    83

replication: (83)th 

thres=0.249556
1 th thresholding

  breakyes=1.4,  maxresidual < 1.00e-06
20 entries survived 

2 th thresholding

  breakyes=1.0,  maxresidual < 1.00e-06
15 entries survived 

3 th thresholding

  breakyes=1.4,  maxresidual < 1.00e-06
16 entries survived 

4 th thresholding

  breakyes=1.0,  maxresidual < 1.00e-06
16 entries survived 

5 th thresholding

  breakyes=1.0,  maxresidual < 1.00e-06
17 entries survived 

6 th thresholding

  breakyes=1.0,  maxresidual < 1.00e-06
17 entries survived 

7 th thresholding

  breakyes=1.0,  maxresidual < 1.00e-06
17 entries survived 

8 th thresholding

  breakyes=1.0,  maxresidual < 1.00e-06
17 entries survived 

9 th thresholding

  breakyes=1.0,  maxresidual < 1.00e-06
17 entries survived 

10 th thresholding

  breakyes=1.0,  maxresidual < 1.00e-06
17 entries survived 

11 th thresholding

  breakyes=1.0,  maxresidual < 1.00e-06
17 entries survived 

12 th thresholding

  breakyes=1.0,  maxresidual < 1.00e-06
17 entries survived 

13 th thresholding

  breakyes=1.0,  maxresidual < 1.00e-06
17 entries survived 

14 th thresholding

  breakyes=1.0,  maxresidual < 1.00e-06
17 entries survived 

15 th thresholding

  breakyes=1.0,  maxresidual < 1.00e-06
17 entries survived 

16 th thresholding

  breakyes=1.0,  maxresidual < 1.00e-06
17 entries survived 

17 th thresholding

  breakyes=1.0,  maxresidual < 1.00e-06
17 entries survived 

18 th thresholding

  breakyes=1.0,  maxresidual < 1.00e-06
17 entries survived 

19 th thresholding

  breakyes=1.0,  maxresidual < 1.00e-06
17 entries survived 

20 th thresholding

  breakyes=1.0,  maxresidual < 1.00e-06
17 entries survived 

21 th thresholding

  breakyes=1.0,  maxresidual < 1.00e-06
17 entries survived 

22 th thresholding

  breakyes=1.0,  maxresidual < 1.00e-06
17 entries survived 

23 th thresholding

  breakyes=1.0,  maxresidual < 1.00e-06
17 entries survived 

24 th thresholding

  breakyes=1.0,  maxresidual < 1.00e-06
17 entries survived 

25 th thresholding

  breakyes=1.0,  maxresidual < 1.00e-06
17 entries survived 

26 th thresholding

  breakyes=1.0,  maxresidual < 1.00e-06
17 entries survived 

27 th thresholding

  breakyes=1.0,  maxresidual < 1.00e-06
17 entries survived 

28 th thresholding

  breakyes=1.0,  maxresidual < 1.00e-06
17 entries survived 

29 th thresholding

  breakyes=1.0,  maxresidual < 1.00e-06
17 entries survived 

30 th thresholding

  breakyes=1.0,  maxresidual < 1.00e-06
17 entries survived 

acc_vec =

    0.9620
    0.9820
    0.9820
    0.9800
    0.9800
    0.9820
    0.9820
    0.9820
    0.9820
    0.9820
    0.9820
    0.9820
    0.9820
    0.9820
    0.9820
    0.9820
    0.9820
    0.9820
    0.9820
    0.9820
    0.9820
    0.9820
    0.9820
    0.9820
    0.9820
    0.9820
    0.9820
    0.9820
    0.9820
    0.9820
    0.9820

acc =0.962000  0.982000  0.982000  0.980000  0.980000  0.982000  0.982000  0.982000  0.982000  0.982000  0.982000  0.982000  0.982000  0.982000  0.982000  0.982000  0.982000  0.982000  0.982000  0.982000  0.982000  0.982000  0.982000  0.982000  0.982000  0.982000  0.982000  0.982000  0.982000  0.982000  0.982000 

discov_true_vec =

    10
    10
    10
    10
    10
    10
    10
    10
    10
    10
    10
    10
    10
    10
    10
    10
    10
    10
    10
    10
    10
    10
    10
    10
    10
    10
    10
    10
    10
    10


discov_false_vec =

    10
     5
     6
     6
     7
     7
     7
     7
     7
     7
     7
     7
     7
     7
     7
     7
     7
     7
     7
     7
     7
     7
     7
     7
     7
     7
     7
     7
     7
     7


data =

  31x16 table

    rep    iter    sep    dim    rho    sparsity     acc     obj_prim    obj_dual    discov_true    discov_false    diff_x_tilde    diff_omega_diag    time_isee    time_SDP          jobdate       
    ___    ____    ___    ___    ___    ________    _____    ________    ________    ___________    ____________    ____________    _______________    _________    ________    ____________________

    83       0      4     150    0.2       10       0.962          0           0          0               0                 0                0               0            0     22-Mar-2024 00:32:10
    83       1      4     150    0.2       10       0.982    -4.5746     -4.5746         10              10            58.336           1.3765          2.2025       24.975     22-Mar-2024 00:32:10
    83       2      4     150    0.2       10       0.982    -4.3571      -4.357         10               5            61.116           1.4877          1.7523       21.595     22-Mar-2024 00:32:10
    83       3      4     150    0.2       10        0.98    -4.4963     -4.4963         10               6            60.768           1.4918          1.5921       24.319     22-Mar-2024 00:32:10
    83       4      4     150    0.2       10        0.98    -4.6923     -4.6923         10               6            60.459           1.4811          1.7293        21.76     22-Mar-2024 00:32:10
    83       5      4     150    0.2       10       0.982    -4.2924     -4.2924         10               7            61.174           1.5293          1.9608       25.358     22-Mar-2024 00:32:10
    83       6      4     150    0.2       10       0.982    -4.3265     -4.3265         10               7            59.658            1.434          1.9393       17.698     22-Mar-2024 00:32:10
    83       7      4     150    0.2       10       0.982    -4.3265     -4.3265         10               7            59.658            1.434          1.7054       18.587     22-Mar-2024 00:32:10
    83       8      4     150    0.2       10       0.982    -4.3265     -4.3265         10               7            59.658            1.434          1.7759       16.599     22-Mar-2024 00:32:10
    83       9      4     150    0.2       10       0.982    -4.3265     -4.3265         10               7            59.658            1.434          1.7648       15.567     22-Mar-2024 00:32:10
    83      10      4     150    0.2       10       0.982    -4.3265     -4.3265         10               7            59.658            1.434          1.4553       13.244     22-Mar-2024 00:32:10
    83      11      4     150    0.2       10       0.982    -4.3265     -4.3265         10               7            59.658            1.434          1.8597       13.138     22-Mar-2024 00:32:10
    83      12      4     150    0.2       10       0.982    -4.3265     -4.3265         10               7            59.658            1.434          1.7011       14.152     22-Mar-2024 00:32:10
    83      13      4     150    0.2       10       0.982    -4.3265     -4.3265         10               7            59.658            1.434          1.4571       14.301     22-Mar-2024 00:32:10
    83      14      4     150    0.2       10       0.982    -4.3265     -4.3265         10               7            59.658            1.434          1.4487       18.061     22-Mar-2024 00:32:10
    83      15      4     150    0.2       10       0.982    -4.3265     -4.3265         10               7            59.658            1.434          1.7141       17.377     22-Mar-2024 00:32:10
    83      16      4     150    0.2       10       0.982    -4.3265     -4.3265         10               7            59.658            1.434          1.5368       15.718     22-Mar-2024 00:32:10
    83      17      4     150    0.2       10       0.982    -4.3265     -4.3265         10               7            59.658            1.434          1.6734       12.805     22-Mar-2024 00:32:10
    83      18      4     150    0.2       10       0.982    -4.3265     -4.3265         10               7            59.658            1.434          1.7502        10.28     22-Mar-2024 00:32:10
    83      19      4     150    0.2       10       0.982    -4.3265     -4.3265         10               7            59.658            1.434          1.7443       11.769     22-Mar-2024 00:32:10
    83      20      4     150    0.2       10       0.982    -4.3265     -4.3265         10               7            59.658            1.434          1.6368       15.679     22-Mar-2024 00:32:10
    83      21      4     150    0.2       10       0.982    -4.3265     -4.3265         10               7            59.658            1.434          1.8654       14.654     22-Mar-2024 00:32:10
    83      22      4     150    0.2       10       0.982    -4.3265     -4.3265         10               7            59.658            1.434          1.8816       12.917     22-Mar-2024 00:32:10
    83      23      4     150    0.2       10       0.982    -4.3265     -4.3265         10               7            59.658            1.434          1.9299       16.276     22-Mar-2024 00:32:10
    83      24      4     150    0.2       10       0.982    -4.3265     -4.3265         10               7            59.658            1.434          1.7953       14.594     22-Mar-2024 00:32:10
    83      25      4     150    0.2       10       0.982    -4.3265     -4.3265         10               7            59.658            1.434          2.3654       13.299     22-Mar-2024 00:32:10
    83      26      4     150    0.2       10       0.982    -4.3265     -4.3265         10               7            59.658            1.434          1.7392       12.884     22-Mar-2024 00:32:10
    83      27      4     150    0.2       10       0.982    -4.3265     -4.3265         10               7            59.658            1.434          1.7254       12.905     22-Mar-2024 00:32:10
    83      28      4     150    0.2       10       0.982    -4.3265     -4.3265         10               7            59.658            1.434          1.7886       12.942     22-Mar-2024 00:32:10
    83      29      4     150    0.2       10       0.982    -4.3265     -4.3265         10               7            59.658            1.434          1.6249       13.075     22-Mar-2024 00:32:10
    83      30      4     150    0.2       10       0.982    -4.3265     -4.3265         10               7            59.658            1.434          1.9197       12.065     22-Mar-2024 00:32:10


rep =

    84

replication: (84)th 

thres=0.249556
1 th thresholding

  breakyes=1.0,  maxresidual < 1.00e-06
20 entries survived 

2 th thresholding

  breakyes=1.0,  maxresidual < 1.00e-06
15 entries survived 

3 th thresholding

  breakyes=1.0,  maxresidual < 1.00e-06
15 entries survived 

4 th thresholding

  breakyes=1.0,  maxresidual < 1.00e-06
16 entries survived 

5 th thresholding

  breakyes=1.0,  maxresidual < 1.00e-06
16 entries survived 

6 th thresholding

  breakyes=1.0,  maxresidual < 1.00e-06
16 entries survived 

7 th thresholding

  breakyes=1.0,  maxresidual < 1.00e-06
16 entries survived 

8 th thresholding

  breakyes=1.0,  maxresidual < 1.00e-06
16 entries survived 

9 th thresholding

  breakyes=1.0,  maxresidual < 1.00e-06
16 entries survived 

10 th thresholding

  breakyes=1.0,  maxresidual < 1.00e-06
16 entries survived 

11 th thresholding

  breakyes=1.0,  maxresidual < 1.00e-06
16 entries survived 

12 th thresholding

  breakyes=1.0,  maxresidual < 1.00e-06
16 entries survived 

13 th thresholding

  breakyes=1.0,  maxresidual < 1.00e-06
16 entries survived 

14 th thresholding

  breakyes=1.0,  maxresidual < 1.00e-06
16 entries survived 

15 th thresholding

  breakyes=1.0,  maxresidual < 1.00e-06
16 entries survived 

16 th thresholding

  breakyes=1.0,  maxresidual < 1.00e-06
16 entries survived 

17 th thresholding

  breakyes=1.0,  maxresidual < 1.00e-06
16 entries survived 

18 th thresholding

  breakyes=1.0,  maxresidual < 1.00e-06
16 entries survived 

19 th thresholding

  breakyes=1.0,  maxresidual < 1.00e-06
16 entries survived 

20 th thresholding

  breakyes=1.0,  maxresidual < 1.00e-06
16 entries survived 

21 th thresholding

  breakyes=1.0,  maxresidual < 1.00e-06
16 entries survived 

22 th thresholding

  breakyes=1.0,  maxresidual < 1.00e-06
16 entries survived 

23 th thresholding

  breakyes=1.0,  maxresidual < 1.00e-06
16 entries survived 

24 th thresholding

  breakyes=1.0,  maxresidual < 1.00e-06
16 entries survived 

25 th thresholding

  breakyes=1.0,  maxresidual < 1.00e-06
16 entries survived 

26 th thresholding

  breakyes=1.0,  maxresidual < 1.00e-06
16 entries survived 

27 th thresholding

  breakyes=1.0,  maxresidual < 1.00e-06
16 entries survived 

28 th thresholding

  breakyes=1.0,  maxresidual < 1.00e-06
16 entries survived 

29 th thresholding

  breakyes=1.0,  maxresidual < 1.00e-06
16 entries survived 

30 th thresholding

  breakyes=1.0,  maxresidual < 1.00e-06
16 entries survived 

acc_vec =

    0.9500
    0.9760
    0.9760
    0.9780
    0.9780
    0.9780
    0.9780
    0.9780
    0.9780
    0.9780
    0.9780
    0.9780
    0.9780
    0.9780
    0.9780
    0.9780
    0.9780
    0.9780
    0.9780
    0.9780
    0.9780
    0.9780
    0.9780
    0.9780
    0.9780
    0.9780
    0.9780
    0.9780
    0.9780
    0.9780
    0.9780

acc =0.950000  0.976000  0.976000  0.978000  0.978000  0.978000  0.978000  0.978000  0.978000  0.978000  0.978000  0.978000  0.978000  0.978000  0.978000  0.978000  0.978000  0.978000  0.978000  0.978000  0.978000  0.978000  0.978000  0.978000  0.978000  0.978000  0.978000  0.978000  0.978000  0.978000  0.978000 

discov_true_vec =

    10
    10
    10
    10
    10
    10
    10
    10
    10
    10
    10
    10
    10
    10
    10
    10
    10
    10
    10
    10
    10
    10
    10
    10
    10
    10
    10
    10
    10
    10


discov_false_vec =

    10
     5
     5
     6
     6
     6
     6
     6
     6
     6
     6
     6
     6
     6
     6
     6
     6
     6
     6
     6
     6
     6
     6
     6
     6
     6
     6
     6
     6
     6


data =

  31x16 table

    rep    iter    sep    dim    rho    sparsity     acc     obj_prim    obj_dual    discov_true    discov_false    diff_x_tilde    diff_omega_diag    time_isee    time_SDP          jobdate       
    ___    ____    ___    ___    ___    ________    _____    ________    ________    ___________    ____________    ____________    _______________    _________    ________    ____________________

    84       0      4     150    0.2       10        0.95          0           0          0               0                 0                0               0            0     22-Mar-2024 00:39:17
    84       1      4     150    0.2       10       0.976    -5.3413     -5.3413         10              10            60.316           1.5089          1.9146       16.398     22-Mar-2024 00:39:17
    84       2      4     150    0.2       10       0.976    -4.9895     -4.9895         10               5            60.918           1.5149          1.6426        18.48     22-Mar-2024 00:39:17
    84       3      4     150    0.2       10       0.978    -5.0941     -5.0941         10               5            60.531           1.5034          1.5571       15.365     22-Mar-2024 00:39:17
    84       4      4     150    0.2       10       0.978    -5.2002     -5.2002         10               6            60.849           1.4948          1.4291        8.125     22-Mar-2024 00:39:17
    84       5      4     150    0.2       10       0.978    -5.2002     -5.2002         10               6            60.849           1.4948           1.434       12.263     22-Mar-2024 00:39:17
    84       6      4     150    0.2       10       0.978    -5.2002     -5.2002         10               6            60.849           1.4948          1.8803       13.918     22-Mar-2024 00:39:17
    84       7      4     150    0.2       10       0.978    -5.2002     -5.2002         10               6            60.849           1.4948          1.4657       13.777     22-Mar-2024 00:39:17
    84       8      4     150    0.2       10       0.978    -5.2002     -5.2002         10               6            60.849           1.4948          1.6587       13.678     22-Mar-2024 00:39:17
    84       9      4     150    0.2       10       0.978    -5.2002     -5.2002         10               6            60.849           1.4948           1.449       13.342     22-Mar-2024 00:39:17
    84      10      4     150    0.2       10       0.978    -5.2002     -5.2002         10               6            60.849           1.4948          1.6047       13.074     22-Mar-2024 00:39:17
    84      11      4     150    0.2       10       0.978    -5.2002     -5.2002         10               6            60.849           1.4948          1.4696       13.339     22-Mar-2024 00:39:17
    84      12      4     150    0.2       10       0.978    -5.2002     -5.2002         10               6            60.849           1.4948          1.9341       12.797     22-Mar-2024 00:39:17
    84      13      4     150    0.2       10       0.978    -5.2002     -5.2002         10               6            60.849           1.4948          1.4548       13.635     22-Mar-2024 00:39:17
    84      14      4     150    0.2       10       0.978    -5.2002     -5.2002         10               6            60.849           1.4948          1.6732       13.426     22-Mar-2024 00:39:17
    84      15      4     150    0.2       10       0.978    -5.2002     -5.2002         10               6            60.849           1.4948          1.6973       13.097     22-Mar-2024 00:39:17
    84      16      4     150    0.2       10       0.978    -5.2002     -5.2002         10               6            60.849           1.4948          1.7626        13.56     22-Mar-2024 00:39:17
    84      17      4     150    0.2       10       0.978    -5.2002     -5.2002         10               6            60.849           1.4948           1.637       13.076     22-Mar-2024 00:39:17
    84      18      4     150    0.2       10       0.978    -5.2002     -5.2002         10               6            60.849           1.4948          1.6086       13.234     22-Mar-2024 00:39:17
    84      19      4     150    0.2       10       0.978    -5.2002     -5.2002         10               6            60.849           1.4948           1.447       14.329     22-Mar-2024 00:39:17
    84      20      4     150    0.2       10       0.978    -5.2002     -5.2002         10               6            60.849           1.4948          1.8719       13.032     22-Mar-2024 00:39:17
    84      21      4     150    0.2       10       0.978    -5.2002     -5.2002         10               6            60.849           1.4948          1.7142       13.871     22-Mar-2024 00:39:17
    84      22      4     150    0.2       10       0.978    -5.2002     -5.2002         10               6            60.849           1.4948          2.5121       9.8409     22-Mar-2024 00:39:17
    84      23      4     150    0.2       10       0.978    -5.2002     -5.2002         10               6            60.849           1.4948          1.6828       8.9749     22-Mar-2024 00:39:17
    84      24      4     150    0.2       10       0.978    -5.2002     -5.2002         10               6            60.849           1.4948          1.5968       9.5399     22-Mar-2024 00:39:17
    84      25      4     150    0.2       10       0.978    -5.2002     -5.2002         10               6            60.849           1.4948          1.9595       10.142     22-Mar-2024 00:39:17
    84      26      4     150    0.2       10       0.978    -5.2002     -5.2002         10               6            60.849           1.4948          1.4874       12.115     22-Mar-2024 00:39:17
    84      27      4     150    0.2       10       0.978    -5.2002     -5.2002         10               6            60.849           1.4948          1.6343       10.342     22-Mar-2024 00:39:17
    84      28      4     150    0.2       10       0.978    -5.2002     -5.2002         10               6            60.849           1.4948          1.8821       9.8108     22-Mar-2024 00:39:17
    84      29      4     150    0.2       10       0.978    -5.2002     -5.2002         10               6            60.849           1.4948          1.4644       10.728     22-Mar-2024 00:39:17
    84      30      4     150    0.2       10       0.978    -5.2002     -5.2002         10               6            60.849           1.4948          1.6769       9.3726     22-Mar-2024 00:39:17

