==========================================
SLURM_JOB_ID = 20380024
SLURM_JOB_NODELIST = b22-14
TMPDIR = /tmp/SLURM_20380024
==========================================
hello
Starting parallel pool (parpool) ...
Connected to the parallel pool (number of workers: 15).

pool = 

 ProcessPool with properties: 

            Connected: true
           NumWorkers: 15
                 Busy: false
              Cluster: Local
        AttachedFiles: {}
    AutoAddClientPath: true
            FileStore: [1x1 parallel.FileStore]
           ValueStore: [1x1 parallel.ValueStore]
          IdleTimeout: 30 minutes (30 minutes remaining)
          SpmdEnabled: true


p =

   450


Delta =

     3


s =

    10


n =

   500


ii =

    24


table_name =

    'sparse_kmeans_isee_denoise'


conn = 

  sqlite with properties:

      Database: '/home1/jongminm/sparse_kmeans/sparse_kmeans.db'
    IsReadOnly: 0
    AutoCommit: 'on'


rho =

    0.2000


M =

    0.5506

delta confirmed: 3.000000
ans =

    2.6055


rep =

    93

replication: (93)th 

thres=0.275560
1 th thresholding

  breakyes=3.2,  dualfeasorg deteriorated too much: primfeasorg=9.41e-07,dualfeasorg=3.95e-05
47 entries survived 

2 th thresholding

  breakyes=3.2,  dualfeasorg deteriorated too much: primfeasorg=2.08e-06,dualfeasorg=3.31e-05
21 entries survived 

3 th thresholding

  breakyes=3.2,  dualfeasorg deteriorated too much: primfeasorg=1.16e-06,dualfeasorg=6.38e-05
17 entries survived 

4 th thresholding

  breakyes=4.1,  primfeasorg stagnate, 0.00e+00
17 entries survived 

5 th thresholding

  breakyes=3.2,  dualfeasorg deteriorated too much: primfeasorg=9.67e-07,dualfeasorg=5.39e-05
19 entries survived 

6 th thresholding

  breakyes=3.2,  dualfeasorg deteriorated too much: primfeasorg=1.06e-06,dualfeasorg=5.60e-05
23 entries survived 

7 th thresholding

  breakyes=3.2,  dualfeasorg deteriorated too much: primfeasorg=2.49e-06,dualfeasorg=3.04e-04
20 entries survived 

8 th thresholding

  breakyes=4.1,  primfeasorg stagnate, 0.00e+00
23 entries survived 

9 th thresholding

  breakyes=3.2,  dualfeasorg deteriorated too much: primfeasorg=6.52e-07,dualfeasorg=3.60e-05
25 entries survived 

10 th thresholding

  breakyes=4.1,  primfeasorg stagnate, 0.00e+00
23 entries survived 

11 th thresholding

  breakyes=3.2,  dualfeasorg deteriorated too much: primfeasorg=2.17e-06,dualfeasorg=5.21e-05
18 entries survived 

12 th thresholding

  breakyes=3.2,  dualfeasorg deteriorated too much: primfeasorg=1.38e-06,dualfeasorg=6.59e-05
20 entries survived 

13 th thresholding

  breakyes=3.2,  dualfeasorg deteriorated too much: primfeasorg=9.93e-07,dualfeasorg=3.75e-05
21 entries survived 

14 th thresholding

  breakyes=3.2,  dualfeasorg deteriorated too much: primfeasorg=6.67e-07,dualfeasorg=5.91e-05
23 entries survived 

15 th thresholding

  breakyes=1.4,  maxresidual < 1.00e-06
22 entries survived 

16 th thresholding

  breakyes=4.1,  primfeasorg stagnate, 0.00e+00
20 entries survived 

17 th thresholding

  breakyes=4.1,  primfeasorg stagnate, 0.00e+00
19 entries survived 

18 th thresholding

  breakyes=3.2,  dualfeasorg deteriorated too much: primfeasorg=9.04e-07,dualfeasorg=3.35e-05
23 entries survived 

19 th thresholding


  breakyes=3.2,  dualfeasorg deteriorated too much: primfeasorg=1.26e-06,dualfeasorg=4.62e-05
21 entries survived 

20 th thresholding

  breakyes=3.2,  dualfeasorg deteriorated too much: primfeasorg=7.79e-07,dualfeasorg=4.09e-05
22 entries survived 

21 th thresholding

  breakyes=3.2,  dualfeasorg deteriorated too much: primfeasorg=1.62e-06,dualfeasorg=6.74e-05
21 entries survived 

22 th thresholding

  breakyes=3.2,  dualfeasorg deteriorated too much: primfeasorg=1.27e-06,dualfeasorg=6.19e-05
22 entries survived 

23 th thresholding

  breakyes=3.2,  dualfeasorg deteriorated too much: primfeasorg=2.26e-06,dualfeasorg=3.08e-04
21 entries survived 

24 th thresholding

  breakyes=4.1,  primfeasorg stagnate, 0.00e+00
22 entries survived 

25 th thresholding

  breakyes=3.2,  dualfeasorg deteriorated too much: primfeasorg=1.17e-06,dualfeasorg=2.82e-05
24 entries survived 

26 th thresholding

  breakyes=3.2,  dualfeasorg deteriorated too much: primfeasorg=1.04e-06,dualfeasorg=5.86e-05
26 entries survived 

27 th thresholding

  breakyes=3.2,  dualfeasorg deteriorated too much: primfeasorg=1.01e-06,dualfeasorg=3.25e-05
25 entries survived 

28 th thresholding

  breakyes=1.3,  maxresidual < 1.00e-06
28 entries survived 

29 th thresholding

  breakyes=3.2,  dualfeasorg deteriorated too much: primfeasorg=2.85e-06,dualfeasorg=1.49e-04
21 entries survived 

30 th thresholding

  breakyes=3.2,  dualfeasorg deteriorated too much: primfeasorg=1.73e-06,dualfeasorg=7.29e-05
18 entries survived 

acc_vec =

    0.6640
    0.8300
    0.8820
    0.8900
    0.9220
    0.8800
    0.8740
    0.8800
    0.8660
    0.8900
    0.8820
    0.8860
    0.9000
    0.8760
    0.8760
    0.8840
    0.8880
    0.8860
    0.8760
    0.8900
    0.8700
    0.8940
    0.8720
    0.8880
    0.8700
    0.8580
    0.8900
    0.8440
    0.9040
    0.8720
    0.9120

acc =0.664000  0.830000  0.882000  0.890000  0.922000  0.880000  0.874000  0.880000  0.866000  0.890000  0.882000  0.886000  0.900000  0.876000  0.876000  0.884000  0.888000  0.886000  0.876000  0.890000  0.870000  0.894000  0.872000  0.888000  0.870000  0.858000  0.890000  0.844000  0.904000  0.872000  0.912000 

discov_true_vec =

     8
    10
    10
    10
    10
    10
    10
    10
    10
    10
    10
    10
    10
    10
    10
    10
    10
    10
    10
    10
    10
    10
    10
    10
    10
    10
    10
    10
    10
    10


discov_false_vec =

    39
    11
     7
     7
     9
    13
    10
    13
    15
    13
     8
    10
    11
    13
    12
    10
     9
    13
    11
    12
    11
    12
    11
    12
    14
    16
    15
    18
    11
     8


data =

  31x16 table

    rep    iter    sep    dim    rho    sparsity     acc     obj_prim    obj_dual    discov_true    discov_false    diff_x_tilde    diff_omega_diag    time_isee    time_SDP          jobdate       
    ___    ____    ___    ___    ___    ________    _____    ________    ________    ___________    ____________    ____________    _______________    _________    ________    ____________________

    93       0      3     450    0.2       10       0.664          0           0          0               0                 0                0               0            0     22-Mar-2024 06:49:16
    93       1      3     450    0.2       10        0.83    -3.7136     -3.7136          8              39            117.38           3.5805          26.103       59.763     22-Mar-2024 06:49:16
    93       2      3     450    0.2       10       0.882    -3.3697     -3.3697         10              11             118.2            3.839          23.175        146.2     22-Mar-2024 06:49:16
    93       3      3     450    0.2       10        0.89    -2.9393     -2.9393         10               7            117.65           3.7389          23.101       73.055     22-Mar-2024 06:49:16
    93       4      3     450    0.2       10       0.922    -2.9848     -2.9848         10               7            117.26            3.775           22.37        90.61     22-Mar-2024 06:49:16
    93       5      3     450    0.2       10        0.88     -2.825     -2.8249         10               9            116.42           3.7056          21.267       100.87     22-Mar-2024 06:49:16
    93       6      3     450    0.2       10       0.874    -2.9303     -2.9303         10              13            117.76           3.8114          22.313       71.138     22-Mar-2024 06:49:16
    93       7      3     450    0.2       10        0.88    -2.7753     -2.7753         10              10            115.17           3.5814          21.263       45.144     22-Mar-2024 06:49:16
    93       8      3     450    0.2       10       0.866    -2.8245     -2.8245         10              13             119.5           3.8899          21.503       85.275     22-Mar-2024 06:49:16
    93       9      3     450    0.2       10        0.89    -2.8504     -2.8504         10              15            116.96           3.7718          22.078       84.814     22-Mar-2024 06:49:16
    93      10      3     450    0.2       10       0.882     -2.988     -2.9879         10              13            117.73           3.8634          22.684       77.692     22-Mar-2024 06:49:16
    93      11      3     450    0.2       10       0.886    -2.8213     -2.8213         10               8            117.67           3.7266          23.813       90.573     22-Mar-2024 06:49:16
    93      12      3     450    0.2       10         0.9    -2.6983     -2.6983         10              10            116.42           3.7361          23.479       59.663     22-Mar-2024 06:49:16
    93      13      3     450    0.2       10       0.876    -2.8146     -2.8145         10              11            117.48           3.9234          20.318       66.991     22-Mar-2024 06:49:16
    93      14      3     450    0.2       10       0.876    -2.9641      -2.964         10              13            116.54           3.7368          24.093       89.781     22-Mar-2024 06:49:16
    93      15      3     450    0.2       10       0.884    -3.2052     -3.2052         10              12            116.96           3.8051          21.508       88.125     22-Mar-2024 06:49:16
    93      16      3     450    0.2       10       0.888     -2.825      -2.825         10              10            117.32           3.7855           24.42       78.756     22-Mar-2024 06:49:16
    93      17      3     450    0.2       10       0.886     -2.621      -2.621         10               9            115.45           3.5886          23.203       79.399     22-Mar-2024 06:49:16
    93      18      3     450    0.2       10       0.876    -2.8482     -2.8482         10              13            117.52           3.7972          21.892        75.97     22-Mar-2024 06:49:16
    93      19      3     450    0.2       10        0.89     -2.706     -2.7059         10              11            117.07           3.6994          21.354       92.621     22-Mar-2024 06:49:16
    93      20      3     450    0.2       10        0.87     -2.847      -2.847         10              12            117.37            3.816          23.876        63.16     22-Mar-2024 06:49:16
    93      21      3     450    0.2       10       0.894    -2.7733     -2.7732         10              11            117.63           3.8188          24.076        57.17     22-Mar-2024 06:49:16
    93      22      3     450    0.2       10       0.872    -2.9056     -2.9055         10              12             116.6           3.7848          22.269       51.312     22-Mar-2024 06:49:16
    93      23      3     450    0.2       10       0.888     -2.826      -2.826         10              11            115.46           3.6851          20.123       44.826     22-Mar-2024 06:49:16
    93      24      3     450    0.2       10        0.87    -3.0794     -3.0793         10              12            115.53           3.6387          21.577       68.804     22-Mar-2024 06:49:16
    93      25      3     450    0.2       10       0.858    -2.8037     -2.8037         10              14            114.84           3.6679          21.252       104.64     22-Mar-2024 06:49:16
    93      26      3     450    0.2       10        0.89    -3.1042     -3.1042         10              16            117.32           3.8529          24.519       68.199     22-Mar-2024 06:49:16
    93      27      3     450    0.2       10       0.844    -2.8297     -2.8297         10              15            113.43           3.5381          22.865       89.758     22-Mar-2024 06:49:16
    93      28      3     450    0.2       10       0.904     -2.997      -2.997         10              18            116.83           3.7426          23.897       72.034     22-Mar-2024 06:49:16
    93      29      3     450    0.2       10       0.872     -2.792      -2.792         10              11            116.65           3.7354          21.306       32.199     22-Mar-2024 06:49:16
    93      30      3     450    0.2       10       0.912    -2.9339     -2.9338         10               8            118.13           3.8678           22.89       45.916     22-Mar-2024 06:49:16


rep =

    94

replication: (94)th 

thres=0.275560
1 th thresholding

  breakyes=1.4,  maxresidual < 1.00e-06
47 entries survived 

2 th thresholding

  breakyes=1.0,  maxresidual < 1.00e-06
25 entries survived 

3 th thresholding

  breakyes=1.4,  maxresidual < 1.00e-06
14 entries survived 

4 th thresholding

  breakyes=1.3,  maxresidual < 1.00e-06
20 entries survived 

5 th thresholding

  breakyes=1.4,  maxresidual < 1.00e-06
12 entries survived 

6 th thresholding

  breakyes=3.2,  dualfeasorg deteriorated too much: primfeasorg=7.52e-07,dualfeasorg=4.61e-05
14 entries survived 

7 th thresholding

  breakyes=1.3,  maxresidual < 1.00e-06
9 entries survived 

8 th thresholding

  breakyes=1.4,  maxresidual < 1.00e-06
11 entries survived 

9 th thresholding

  breakyes=1.4,  maxresidual < 1.00e-06
15 entries survived 

10 th thresholding

  breakyes=1.4,  maxresidual < 1.00e-06
15 entries survived 

11 th thresholding

  breakyes=1.3,  maxresidual < 1.00e-06
18 entries survived 

12 th thresholding

  breakyes=1.4,  maxresidual < 1.00e-06
13 entries survived 

13 th thresholding

  breakyes=1.4,  maxresidual < 1.00e-06
19 entries survived 

14 th thresholding

  breakyes=1.4,  maxresidual < 1.00e-06
20 entries survived 

15 th thresholding

  breakyes=4.1,  primfeasorg stagnate, 0.00e+00
15 entries survived 

16 th thresholding

  breakyes=4.1,  primfeasorg stagnate, 0.00e+00
15 entries survived 

17 th thresholding

  breakyes=1.4,  maxresidual < 1.00e-06
14 entries survived 

18 th thresholding

  breakyes=2.0,  primfeasorg*dualfeasorg < 1.00e-14
13 entries survived 

19 th thresholding

  breakyes=3.2,  dualfeasorg deteriorated too much: primfeasorg=1.12e-06,dualfeasorg=6.32e-05
16 entries survived 

20 th thresholding

  breakyes=4.1,  primfeasorg stagnate, 0.00e+00
16 entries survived 

21 th thresholding

  breakyes=3.2,  dualfeasorg deteriorated too much: primfeasorg=7.34e-07,dualfeasorg=5.75e-05
16 entries survived 

22 th thresholding

  breakyes=3.2,  dualfeasorg deteriorated too much: primfeasorg=9.03e-07,dualfeasorg=6.33e-05
17 entries survived 

23 th thresholding

  breakyes=3.2,  dualfeasorg deteriorated too much: primfeasorg=8.45e-07,dualfeasorg=7.07e-05
17 entries survived 

24 th thresholding

  breakyes=4.1,  primfeasorg stagnate, 0.00e+00
18 entries survived 

25 th thresholding

  breakyes=4.1,  primfeasorg stagnate, 0.00e+00
17 entries survived 

26 th thresholding

  breakyes=3.2,  dualfeasorg deteriorated too much: primfeasorg=1.06e-06,dualfeasorg=8.37e-05
17 entries survived 

27 th thresholding

  breakyes=3.2,  dualfeasorg deteriorated too much: primfeasorg=1.15e-06,dualfeasorg=5.18e-05
19 entries survived 

28 th thresholding

  breakyes=3.2,  dualfeasorg deteriorated too much: primfeasorg=1.29e-06,dualfeasorg=6.26e-05
20 entries survived 

29 th thresholding

  breakyes=3.2,  dualfeasorg deteriorated too much: primfeasorg=6.54e-07,dualfeasorg=5.58e-05
20 entries survived 

30 th thresholding

  breakyes=4.1,  primfeasorg stagnate, 0.00e+00
18 entries survived 

acc_vec =

    0.5500
    0.5360
    0.5680
    0.5260
    0.6560
    0.5680
    0.6980
    0.5520
    0.6080
    0.5040
    0.5100
    0.6280
    0.6200
    0.6300
    0.7120
    0.8320
    0.9200
    0.9260
    0.9260
    0.9140
    0.9200
    0.9300
    0.9220
    0.9220
    0.9120
    0.9160
    0.9280
    0.9160
    0.9220
    0.9180
    0.9280

acc =0.550000  0.536000  0.568000  0.526000  0.656000  0.568000  0.698000  0.552000  0.608000  0.504000  0.510000  0.628000  0.620000  0.630000  0.712000  0.832000  0.920000  0.926000  0.926000  0.914000  0.920000  0.930000  0.922000  0.922000  0.912000  0.916000  0.928000  0.916000  0.922000  0.918000  0.928000 

discov_true_vec =

     2
     1
     1
     2
     2
     2
     2
     1
     2
     0
     1
     1
     2
     4
     7
    10
    10
    10
    10
    10
    10
    10
    10
    10
    10
    10
    10
    10
    10
    10


discov_false_vec =

    45
    24
    13
    18
    10
    12
     7
    10
    13
    15
    17
    12
    17
    16
     8
     5
     4
     3
     6
     6
     6
     7
     7
     8
     7
     7
     9
    10
    10
     8


data =

  31x16 table

    rep    iter    sep    dim    rho    sparsity     acc     obj_prim    obj_dual    discov_true    discov_false    diff_x_tilde    diff_omega_diag    time_isee    time_SDP          jobdate       
    ___    ____    ___    ___    ___    ________    _____    ________    ________    ___________    ____________    ____________    _______________    _________    ________    ____________________

    94       0      3     450    0.2       10        0.55          0           0          0               0                 0                0               0            0     22-Mar-2024 07:34:57
    94       1      3     450    0.2       10       0.536    -3.1463     -3.1463          2              45            119.47           3.5814          26.449       44.914     22-Mar-2024 07:34:57
    94       2      3     450    0.2       10       0.568    -2.2144     -2.2144          1              24            121.05           3.8859          20.336       24.555     22-Mar-2024 07:34:57
    94       3      3     450    0.2       10       0.526    -2.0469     -2.0469          1              13            120.98           3.8298          23.899       56.255     22-Mar-2024 07:34:57
    94       4      3     450    0.2       10       0.656     -2.343      -2.343          2              18            120.94           3.7493          22.339       57.211     22-Mar-2024 07:34:57
    94       5      3     450    0.2       10       0.568    -1.8945     -1.8945          2              10            116.49           3.4231          21.342       56.488     22-Mar-2024 07:34:57
    94       6      3     450    0.2       10       0.698    -2.0958     -2.0958          2              12             119.7           3.7222          22.341       63.845     22-Mar-2024 07:34:57
    94       7      3     450    0.2       10       0.552    -1.7641     -1.7641          2               7            119.59           3.7678          21.345       54.053     22-Mar-2024 07:34:57
    94       8      3     450    0.2       10       0.608    -1.8413     -1.8413          1              10            117.16           3.4492          22.328       96.246     22-Mar-2024 07:34:57
    94       9      3     450    0.2       10       0.504    -1.9961     -1.9961          2              13            122.41           3.8903          22.869       46.078     22-Mar-2024 07:34:57
    94      10      3     450    0.2       10        0.51    -1.8381     -1.8381          0              15             117.5           3.5104          21.843        37.91     22-Mar-2024 07:34:57
    94      11      3     450    0.2       10       0.628    -2.2288     -2.2288          1              17            121.68           3.8543          22.701       64.713     22-Mar-2024 07:34:57
    94      12      3     450    0.2       10        0.62    -1.8157     -1.8157          1              12            117.86           3.5664          24.126       46.113     22-Mar-2024 07:34:57
    94      13      3     450    0.2       10        0.63    -2.3237     -2.3237          2              17            120.72           3.7433          21.486       60.688     22-Mar-2024 07:34:57
    94      14      3     450    0.2       10       0.712    -2.2346     -2.2345          4              16            116.72            3.509          21.614       47.384     22-Mar-2024 07:34:57
    94      15      3     450    0.2       10       0.832    -2.7102     -2.7102          7               8            117.27           3.5842          24.083       78.351     22-Mar-2024 07:34:57
    94      16      3     450    0.2       10        0.92    -2.7694     -2.7693         10               5            113.96           3.3188          22.625       83.184     22-Mar-2024 07:34:57
    94      17      3     450    0.2       10       0.926    -2.6851     -2.6851         10               4            116.88             3.65          20.154       87.509     22-Mar-2024 07:34:57
    94      18      3     450    0.2       10       0.926    -2.6326     -2.6326         10               3            117.52           3.6939          24.326       89.342     22-Mar-2024 07:34:57
    94      19      3     450    0.2       10       0.914    -2.8988     -2.8987         10               6            119.33           3.8584          22.626       77.127     22-Mar-2024 07:34:57
    94      20      3     450    0.2       10        0.92    -2.8031     -2.8031         10               6            118.29            3.797          22.064        75.28     22-Mar-2024 07:34:57
    94      21      3     450    0.2       10        0.93    -2.7371     -2.7371         10               6            118.86            3.898            23.8       105.08     22-Mar-2024 07:34:57
    94      22      3     450    0.2       10       0.922    -2.7604     -2.7604         10               7            118.59           3.8063           24.45       85.324     22-Mar-2024 07:34:57
    94      23      3     450    0.2       10       0.922    -2.8372     -2.8372         10               7            117.39           3.7318          20.676         99.8     22-Mar-2024 07:34:57
    94      24      3     450    0.2       10       0.912    -2.8168     -2.8167         10               8            119.16            3.875          22.268       69.631     22-Mar-2024 07:34:57
    94      25      3     450    0.2       10       0.916    -2.7666     -2.7666         10               7            117.87           3.7262          23.038       100.37     22-Mar-2024 07:34:57
    94      26      3     450    0.2       10       0.928    -2.7827     -2.7827         10               7            118.89            3.811          21.695       71.871     22-Mar-2024 07:34:57
    94      27      3     450    0.2       10       0.916    -2.8733     -2.8732         10               9            118.16           3.8222          23.096       62.555     22-Mar-2024 07:34:57
    94      28      3     450    0.2       10       0.922    -2.9212     -2.9212         10              10            118.82           3.8053          21.549       60.039     22-Mar-2024 07:34:57
    94      29      3     450    0.2       10       0.918    -2.8234     -2.8234         10              10             118.7           3.8102          25.722       96.386     22-Mar-2024 07:34:57
    94      30      3     450    0.2       10       0.928    -2.8524     -2.8524         10               8            118.59           3.8051          20.224       65.251     22-Mar-2024 07:34:57


rep =

    95

replication: (95)th 

thres=0.275560
1 th thresholding

  breakyes=1.4,  maxresidual < 1.00e-06
55 entries survived 

2 th thresholding

  breakyes=1.4,  maxresidual < 1.00e-06
32 entries survived 

3 th thresholding

  breakyes=1.4,  maxresidual < 1.00e-06
20 entries survived 

4 th thresholding

  breakyes=3.2,  dualfeasorg deteriorated too much: primfeasorg=7.78e-07,dualfeasorg=4.30e-05
20 entries survived 

5 th thresholding

  breakyes=3.2,  dualfeasorg deteriorated too much: primfeasorg=1.51e-06,dualfeasorg=4.73e-05
20 entries survived 

6 th thresholding

  breakyes=3.2,  dualfeasorg deteriorated too much: primfeasorg=9.34e-07,dualfeasorg=3.46e-05
15 entries survived 

7 th thresholding

  breakyes=1.4,  maxresidual < 1.00e-06
16 entries survived 

8 th thresholding

  breakyes=1.4,  maxresidual < 1.00e-06
18 entries survived 

9 th thresholding

  breakyes=1.4,  maxresidual < 1.00e-06
12 entries survived 

10 th thresholding

  breakyes=3.2,  dualfeasorg deteriorated too much: primfeasorg=1.02e-06,dualfeasorg=5.91e-05
12 entries survived 

11 th thresholding

  breakyes=1.4,  maxresidual < 1.00e-06
16 entries survived 

12 th thresholding

  breakyes=1.3,  maxresidual < 1.00e-06
16 entries survived 

13 th thresholding

  breakyes=1.4,  maxresidual < 1.00e-06
15 entries survived 

14 th thresholding

  breakyes=1.4,  maxresidual < 1.00e-06
19 entries survived 

15 th thresholding

  breakyes=1.4,  maxresidual < 1.00e-06
15 entries survived 

16 th thresholding

  breakyes=3.2,  dualfeasorg deteriorated too much: primfeasorg=1.00e-06,dualfeasorg=3.31e-05
13 entries survived 

17 th thresholding

  breakyes=1.4,  maxresidual < 1.00e-06
15 entries survived 

18 th thresholding

  breakyes=3.2,  dualfeasorg deteriorated too much: primfeasorg=8.99e-07,dualfeasorg=3.28e-05
16 entries survived 

19 th thresholding

  breakyes=1.4,  maxresidual < 1.00e-06
18 entries survived 

20 th thresholding

  breakyes=1.4,  maxresidual < 1.00e-06
19 entries survived 

21 th thresholding

  breakyes=1.3,  maxresidual < 1.00e-06
20 entries survived 

22 th thresholding

  breakyes=1.4,  maxresidual < 1.00e-06
15 entries survived 

23 th thresholding

  breakyes=3.2,  dualfeasorg deteriorated too much: primfeasorg=1.63e-06,dualfeasorg=4.65e-05
11 entries survived 

24 th thresholding

  breakyes=3.2,  dualfeasorg deteriorated too much: primfeasorg=1.08e-06,dualfeasorg=3.12e-05
15 entries survived 

25 th thresholding

  breakyes=3.2,  dualfeasorg deteriorated too much: primfeasorg=1.16e-06,dualfeasorg=4.25e-05
17 entries survived 

26 th thresholding

  breakyes=3.2,  dualfeasorg deteriorated too much: primfeasorg=1.22e-06,dualfeasorg=3.62e-05
19 entries survived 

27 th thresholding

  breakyes=1.4,  maxresidual < 1.00e-06
17 entries survived 

28 th thresholding

  breakyes=3.2,  dualfeasorg deteriorated too much: primfeasorg=9.39e-07,dualfeasorg=5.64e-05
18 entries survived 

29 th thresholding

  breakyes=4.1,  primfeasorg stagnate, 0.00e+00
17 entries survived 

30 th thresholding

  breakyes=4.2,  dualfeasorg stagnate, 4.11e-05
19 entries survived 

acc_vec =

    0.5020
    0.5060
    0.5040
    0.5140
    0.5120
    0.5220
    0.5280
    0.5140
    0.5040
    0.5040
    0.5060
    0.5020
    0.5220
    0.5380
    0.5620
    0.5220
    0.5580
    0.5940
    0.5580
    0.5940
    0.5280
    0.5260
    0.5080
    0.5280
    0.5660
    0.5080
    0.6280
    0.6300
    0.7820
    0.8760
    0.9280

acc =0.502000  0.506000  0.504000  0.514000  0.512000  0.522000  0.528000  0.514000  0.504000  0.504000  0.506000  0.502000  0.522000  0.538000  0.562000  0.522000  0.558000  0.594000  0.558000  0.594000  0.528000  0.526000  0.508000  0.528000  0.566000  0.508000  0.628000  0.630000  0.782000  0.876000  0.928000 

discov_true_vec =

     0
     0
     0
     0
     0
     0
     0
     0
     0
     0
     0
     0
     1
     1
     1
     1
     2
     2
     2
     2
     1
     0
     0
     2
     2
     2
     3
     5
     8
    10


discov_false_vec =

    55
    32
    20
    20
    20
    15
    16
    18
    12
    12
    16
    16
    14
    18
    14
    12
    13
    14
    16
    17
    19
    15
    11
    13
    15
    17
    14
    13
     9
     9


data =

  31x16 table

    rep    iter    sep    dim    rho    sparsity     acc     obj_prim    obj_dual    discov_true    discov_false    diff_x_tilde    diff_omega_diag    time_isee    time_SDP          jobdate       
    ___    ____    ___    ___    ___    ________    _____    ________    ________    ___________    ____________    ____________    _______________    _________    ________    ____________________

    95       0      3     450    0.2       10       0.502          0           0          0               0                 0                0               0            0     22-Mar-2024 08:13:37
    95       1      3     450    0.2       10       0.506    -3.4615     -3.4615          0              55            121.81           3.9195          22.792       51.669     22-Mar-2024 08:13:37
    95       2      3     450    0.2       10       0.504    -2.7143     -2.7143          0              32            123.22           4.0707          23.553       61.794     22-Mar-2024 08:13:37
    95       3      3     450    0.2       10       0.514    -2.1458     -2.1458          0              20             119.7           3.7628          21.206       33.102     22-Mar-2024 08:13:37
    95       4      3     450    0.2       10       0.512    -2.3552     -2.3552          0              20            121.38           3.9326          20.874       57.867     22-Mar-2024 08:13:37
    95       5      3     450    0.2       10       0.522    -2.3878     -2.3878          0              20            118.55            3.611          23.988       42.296     22-Mar-2024 08:13:37
    95       6      3     450    0.2       10       0.528    -2.1398     -2.1398          0              15            121.91           3.9138          23.594       55.512     22-Mar-2024 08:13:37
    95       7      3     450    0.2       10       0.514    -2.0773     -2.0773          0              16            121.75           3.9324          24.836       55.872     22-Mar-2024 08:13:37
    95       8      3     450    0.2       10       0.504    -2.1476     -2.1476          0              18            121.95           4.0242          23.475       39.813     22-Mar-2024 08:13:37
    95       9      3     450    0.2       10       0.504    -1.8268     -1.8268          0              12            121.66           3.8908          22.728       56.102     22-Mar-2024 08:13:37
    95      10      3     450    0.2       10       0.506    -2.0721     -2.0721          0              12            121.82            3.876          23.028       97.534     22-Mar-2024 08:13:37
    95      11      3     450    0.2       10       0.502    -2.1097     -2.1097          0              16            120.24           3.8419          25.584       57.041     22-Mar-2024 08:13:37
    95      12      3     450    0.2       10       0.522    -2.1717     -2.1717          0              16            120.52           3.7468          20.981       60.349     22-Mar-2024 08:13:37
    95      13      3     450    0.2       10       0.538    -2.1096     -2.1096          1              14            120.94           3.8432          24.826       52.818     22-Mar-2024 08:13:37
    95      14      3     450    0.2       10       0.562    -2.3371     -2.3371          1              18            121.75           4.0431           21.08       41.227     22-Mar-2024 08:13:37
    95      15      3     450    0.2       10       0.522    -2.0298     -2.0298          1              14            118.98            3.665          22.478       32.712     22-Mar-2024 08:13:37
    95      16      3     450    0.2       10       0.558    -2.0826     -2.0826          1              12            124.46           4.0617          23.891       56.219     22-Mar-2024 08:13:37
    95      17      3     450    0.2       10       0.594    -1.9541     -1.9541          2              13            121.49           3.9275          23.775       93.519     22-Mar-2024 08:13:37
    95      18      3     450    0.2       10       0.558    -2.1073     -2.1073          2              14            121.36            3.922          23.754       56.056     22-Mar-2024 08:13:37
    95      19      3     450    0.2       10       0.594    -1.8957     -1.8957          2              16            121.64           3.9261          21.088       53.323     22-Mar-2024 08:13:37
    95      20      3     450    0.2       10       0.528    -2.2823     -2.2823          2              17            122.03           3.9954          23.374       48.721     22-Mar-2024 08:13:37
    95      21      3     450    0.2       10       0.526    -2.2449     -2.2449          1              19            118.68             3.67          23.439        54.11     22-Mar-2024 08:13:37
    95      22      3     450    0.2       10       0.508    -2.0358     -2.0357          0              15            122.52           3.9526          24.203       62.701     22-Mar-2024 08:13:37
    95      23      3     450    0.2       10       0.528    -1.8227     -1.8227          0              11            123.69            4.104          21.941       34.256     22-Mar-2024 08:13:37
    95      24      3     450    0.2       10       0.566    -2.1345     -2.1345          2              13            123.14           3.9669          25.882       37.066     22-Mar-2024 08:13:37
    95      25      3     450    0.2       10       0.508     -2.511      -2.511          2              15            119.73           3.7318           24.13       47.411     22-Mar-2024 08:13:37
    95      26      3     450    0.2       10       0.628    -2.2808     -2.2807          2              17            122.82           3.9643          22.735       38.078     22-Mar-2024 08:13:37
    95      27      3     450    0.2       10        0.63    -2.4316     -2.4316          3              14            121.87           3.9461          23.092       44.018     22-Mar-2024 08:13:37
    95      28      3     450    0.2       10       0.782    -2.8185     -2.8185          5              13            119.63           3.7369          20.601       64.167     22-Mar-2024 08:13:37
    95      29      3     450    0.2       10       0.876    -2.9192     -2.9192          8               9            118.26           3.7163          24.409       75.473     22-Mar-2024 08:13:37
    95      30      3     450    0.2       10       0.928    -3.1872     -3.1871         10               9            118.38           3.8207          23.195       63.945     22-Mar-2024 08:13:37


rep =

    96

replication: (96)th 

thres=0.275560
1 th thresholding

  breakyes=1.0,  maxresidual < 1.00e-06
57 entries survived 

2 th thresholding

  breakyes=1.4,  maxresidual < 1.00e-06
26 entries survived 

3 th thresholding

  breakyes=4.1,  primfeasorg stagnate, 0.00e+00
22 entries survived 

4 th thresholding

  breakyes=4.1,  primfeasorg stagnate, 0.00e+00
17 entries survived 

5 th thresholding

  breakyes=3.2,  dualfeasorg deteriorated too much: primfeasorg=1.36e-06,dualfeasorg=6.85e-05
16 entries survived 

6 th thresholding

  breakyes=3.2,  dualfeasorg deteriorated too much: primfeasorg=1.08e-06,dualfeasorg=5.73e-05
16 entries survived 

7 th thresholding

  breakyes=4.1,  primfeasorg stagnate, 0.00e+00
16 entries survived 

8 th thresholding

  breakyes=3.2,  dualfeasorg deteriorated too much: primfeasorg=1.27e-06,dualfeasorg=5.10e-05
15 entries survived 

9 th thresholding

  breakyes=3.2,  dualfeasorg deteriorated too much: primfeasorg=7.73e-07,dualfeasorg=4.00e-05
15 entries survived 

10 th thresholding

  breakyes=4.1,  primfeasorg stagnate, 0.00e+00
15 entries survived 

11 th thresholding

  breakyes=3.2,  dualfeasorg deteriorated too much: primfeasorg=9.09e-07,dualfeasorg=4.95e-05
14 entries survived 

12 th thresholding

  breakyes=3.2,  dualfeasorg deteriorated too much: primfeasorg=1.15e-06,dualfeasorg=2.30e-05
17 entries survived 

13 th thresholding

  breakyes=4.1,  primfeasorg stagnate, 0.00e+00
19 entries survived 

14 th thresholding

  breakyes=4.1,  primfeasorg stagnate, 0.00e+00
17 entries survived 

15 th thresholding

  breakyes=3.2,  dualfeasorg deteriorated too much: primfeasorg=1.06e-06,dualfeasorg=5.58e-05
20 entries survived 

16 th thresholding

  breakyes=2.0,  primfeasorg*dualfeasorg < 1.00e-14
16 entries survived 

17 th thresholding

  breakyes=4.1,  primfeasorg stagnate, 0.00e+00
16 entries survived 

18 th thresholding

  breakyes=3.2,  dualfeasorg deteriorated too much: primfeasorg=1.20e-06,dualfeasorg=3.54e-05
14 entries survived 

19 th thresholding

  breakyes=4.1,  primfeasorg stagnate, 0.00e+00
16 entries survived 

20 th thresholding

  breakyes=3.2,  dualfeasorg deteriorated too much: primfeasorg=1.08e-06,dualfeasorg=3.41e-05
15 entries survived 

21 th thresholding

  breakyes=3.2,  dualfeasorg deteriorated too much: primfeasorg=9.38e-07,dualfeasorg=4.05e-05
17 entries survived 

22 th thresholding

  breakyes=4.1,  primfeasorg stagnate, 0.00e+00
20 entries survived 

23 th thresholding

  breakyes=4.1,  primfeasorg stagnate, 0.00e+00
19 entries survived 

24 th thresholding

  breakyes=4.2,  dualfeasorg stagnate, 9.28e-05
17 entries survived 

25 th thresholding

  breakyes=4.1,  primfeasorg stagnate, 0.00e+00
20 entries survived 

26 th thresholding

  breakyes=4.1,  primfeasorg stagnate, 0.00e+00
18 entries survived 

27 th thresholding

  breakyes=3.2,  dualfeasorg deteriorated too much: primfeasorg=7.41e-07,dualfeasorg=7.30e-05
15 entries survived 

28 th thresholding

  breakyes=4.1,  primfeasorg stagnate, 9.23e-05
17 entries survived 

29 th thresholding

  breakyes=3.2,  dualfeasorg deteriorated too much: primfeasorg=1.37e-06,dualfeasorg=3.84e-05
16 entries survived 

30 th thresholding

  breakyes=4.1,  primfeasorg stagnate, 0.00e+00
18 entries survived 

acc_vec =

    0.5660
    0.5960
    0.7600
    0.8220
    0.9100
    0.9080
    0.8980
    0.9080
    0.9100
    0.9080
    0.9060
    0.9080
    0.9040
    0.8980
    0.9040
    0.8980
    0.9080
    0.8980
    0.9100
    0.9140
    0.9040
    0.9160
    0.9120
    0.9040
    0.9080
    0.9100
    0.9120
    0.9020
    0.9160
    0.9020
    0.9200

acc =0.566000  0.596000  0.760000  0.822000  0.910000  0.908000  0.898000  0.908000  0.910000  0.908000  0.906000  0.908000  0.904000  0.898000  0.904000  0.898000  0.908000  0.898000  0.910000  0.914000  0.904000  0.916000  0.912000  0.904000  0.908000  0.910000  0.912000  0.902000  0.916000  0.902000  0.920000 

discov_true_vec =

     3
     4
     8
    10
    10
    10
    10
    10
    10
    10
    10
    10
    10
    10
    10
    10
    10
    10
    10
    10
    10
    10
    10
    10
    10
    10
    10
    10
    10
    10


discov_false_vec =

    54
    22
    14
     7
     6
     6
     6
     5
     5
     5
     4
     7
     9
     7
    10
     6
     6
     4
     6
     5
     7
    10
     9
     7
    10
     8
     5
     7
     6
     8


data =

  31x16 table

    rep    iter    sep    dim    rho    sparsity     acc     obj_prim    obj_dual    discov_true    discov_false    diff_x_tilde    diff_omega_diag    time_isee    time_SDP          jobdate       
    ___    ____    ___    ___    ___    ________    _____    ________    ________    ___________    ____________    ____________    _______________    _________    ________    ____________________

    96       0      3     450    0.2       10       0.566          0           0          0               0                 0                0               0            0     22-Mar-2024 09:01:45
    96       1      3     450    0.2       10       0.596    -3.4661     -3.4661          3              54            122.12           3.9384          24.133       21.485     22-Mar-2024 09:01:45
    96       2      3     450    0.2       10        0.76    -2.5113     -2.5113          4              22            121.16           3.7601          21.464       58.536     22-Mar-2024 09:01:45
    96       3      3     450    0.2       10       0.822    -3.2169     -3.2169          8              14            116.27           3.4719          20.252        67.55     22-Mar-2024 09:01:45
    96       4      3     450    0.2       10        0.91    -2.9881     -2.9881         10               7            120.57           3.9582          21.747       81.388     22-Mar-2024 09:01:45
    96       5      3     450    0.2       10       0.908    -2.7898     -2.7898         10               6            117.92           3.7211          21.811        58.68     22-Mar-2024 09:01:45
    96       6      3     450    0.2       10       0.898    -2.9966     -2.9966         10               6            116.48           3.5815          22.917       64.345     22-Mar-2024 09:01:45
    96       7      3     450    0.2       10       0.908    -2.9589     -2.9589         10               6            118.65           3.8792          23.949       64.978     22-Mar-2024 09:01:45
    96       8      3     450    0.2       10        0.91     -2.968     -2.9679         10               5            116.57           3.6559          22.658       57.564     22-Mar-2024 09:01:45
    96       9      3     450    0.2       10       0.908    -2.9396     -2.9396         10               5            116.73           3.6612          22.549       88.781     22-Mar-2024 09:01:45
    96      10      3     450    0.2       10       0.906    -2.9894     -2.9894         10               5            115.94           3.6234          20.634       64.447     22-Mar-2024 09:01:45
    96      11      3     450    0.2       10       0.908    -2.9904     -2.9904         10               4             115.5           3.5475           25.11        64.12     22-Mar-2024 09:01:45
    96      12      3     450    0.2       10       0.904    -3.0367     -3.0366         10               7            116.01           3.6163          20.619       115.74     22-Mar-2024 09:01:45
    96      13      3     450    0.2       10       0.898    -3.0471     -3.0471         10               9            114.84           3.5524          20.741       64.502     22-Mar-2024 09:01:45
    96      14      3     450    0.2       10       0.904     -2.714      -2.714         10               7            116.36           3.6239          25.529       73.443     22-Mar-2024 09:01:45
    96      15      3     450    0.2       10       0.898    -2.8676     -2.8676         10              10            117.14           3.7263          20.434       68.735     22-Mar-2024 09:01:45
    96      16      3     450    0.2       10       0.908    -2.7902     -2.7903         10               6            115.85           3.5788          22.012       140.89     22-Mar-2024 09:01:45
    96      17      3     450    0.2       10       0.898    -2.9912     -2.9911         10               6            117.42           3.7044          22.656       82.003     22-Mar-2024 09:01:45
    96      18      3     450    0.2       10        0.91    -2.9481     -2.9481         10               4            117.67           3.7433           22.45       91.055     22-Mar-2024 09:01:45
    96      19      3     450    0.2       10       0.914    -2.8638     -2.8638         10               6            114.58           3.5245          22.435       75.379     22-Mar-2024 09:01:45
    96      20      3     450    0.2       10       0.904    -2.9433     -2.9432         10               5             116.1           3.5887          23.428       110.86     22-Mar-2024 09:01:45
    96      21      3     450    0.2       10       0.916    -3.1216     -3.1215         10               7            115.93           3.5704          23.053       61.026     22-Mar-2024 09:01:45
    96      22      3     450    0.2       10       0.912     -2.809      -2.809         10              10            116.43           3.6034          22.914       80.989     22-Mar-2024 09:01:45
    96      23      3     450    0.2       10       0.904     -2.887     -2.8869         10               9             115.4           3.5652          21.751       71.984     22-Mar-2024 09:01:45
    96      24      3     450    0.2       10       0.908    -2.9255     -2.9254         10               7            117.12           3.7212          21.859       66.935     22-Mar-2024 09:01:45
    96      25      3     450    0.2       10        0.91    -3.0656     -3.0656         10              10            115.69           3.7056          23.825       66.311     22-Mar-2024 09:01:45
    96      26      3     450    0.2       10       0.912    -3.0366     -3.0366         10               8            117.54           3.7371          22.258       67.178     22-Mar-2024 09:01:45
    96      27      3     450    0.2       10       0.902     -3.047      -3.047         10               5            115.91           3.5433          25.398       76.747     22-Mar-2024 09:01:45
    96      28      3     450    0.2       10       0.916    -2.9204     -2.9204         10               7            116.92           3.6445          25.497       73.155     22-Mar-2024 09:01:45
    96      29      3     450    0.2       10       0.902    -2.9149     -2.9148         10               6            115.71           3.5283          21.712       55.627     22-Mar-2024 09:01:45
    96      30      3     450    0.2       10        0.92    -2.8642     -2.8642         10               8            117.44             3.67          21.274       76.846     22-Mar-2024 09:01:45

