==========================================
SLURM_JOB_ID = 20379123
SLURM_JOB_NODELIST = a03-04
TMPDIR = /tmp/SLURM_20379123
==========================================
hello
Starting parallel pool (parpool) ...
Connected to the parallel pool (number of workers: 15).

pool = 

 ProcessPool with properties: 

            Connected: true
           NumWorkers: 15
                 Busy: false
              Cluster: Local
        AttachedFiles: {}
    AutoAddClientPath: true
            FileStore: [1x1 parallel.FileStore]
           ValueStore: [1x1 parallel.ValueStore]
          IdleTimeout: 30 minutes (30 minutes remaining)
          SpmdEnabled: true


p =

   450


Delta =

     5


s =

    10


n =

   500


ii =

     3


table_name =

    'sparse_kmeans_isee_denoise'


conn = 

  sqlite with properties:

      Database: '/home1/jongminm/sparse_kmeans/sparse_kmeans.db'
    IsReadOnly: 0
    AutoCommit: 'on'


rho =

    0.2000


M =

    0.9177

delta confirmed: 5.000000
ans =

    4.3425


rep =

     9

replication: (9)th 

thres=0.275560
1 th thresholding

  breakyes=1.3,  maxresidual < 1.00e-06
18 entries survived 

2 th thresholding

  breakyes=1.4,  maxresidual < 1.00e-06
13 entries survived 

3 th thresholding

  breakyes=3.2,  dualfeasorg deteriorated too much: primfeasorg=2.33e-06,dualfeasorg=4.07e-05
14 entries survived 

4 th thresholding

  breakyes=3.2,  dualfeasorg deteriorated too much: primfeasorg=2.33e-06,dualfeasorg=4.07e-05
14 entries survived 

5 th thresholding

  breakyes=3.2,  dualfeasorg deteriorated too much: primfeasorg=2.33e-06,dualfeasorg=4.07e-05
14 entries survived 

6 th thresholding

  breakyes=3.2,  dualfeasorg deteriorated too much: primfeasorg=2.33e-06,dualfeasorg=4.07e-05
14 entries survived 

7 th thresholding

  breakyes=3.2,  dualfeasorg deteriorated too much: primfeasorg=2.33e-06,dualfeasorg=4.07e-05
14 entries survived 

8 th thresholding

  breakyes=3.2,  dualfeasorg deteriorated too much: primfeasorg=2.33e-06,dualfeasorg=4.07e-05
14 entries survived 

9 th thresholding

  breakyes=3.2,  dualfeasorg deteriorated too much: primfeasorg=2.33e-06,dualfeasorg=4.07e-05
14 entries survived 

10 th thresholding

  breakyes=3.2,  dualfeasorg deteriorated too much: primfeasorg=2.33e-06,dualfeasorg=4.07e-05
14 entries survived 

11 th thresholding

  breakyes=3.2,  dualfeasorg deteriorated too much: primfeasorg=2.33e-06,dualfeasorg=4.07e-05
14 entries survived 

12 th thresholding

  breakyes=3.2,  dualfeasorg deteriorated too much: primfeasorg=2.33e-06,dualfeasorg=4.07e-05
14 entries survived 

13 th thresholding

  breakyes=3.2,  dualfeasorg deteriorated too much: primfeasorg=2.33e-06,dualfeasorg=4.07e-05
14 entries survived 

14 th thresholding

  breakyes=3.2,  dualfeasorg deteriorated too much: primfeasorg=2.33e-06,dualfeasorg=4.07e-05
14 entries survived 

15 th thresholding

  breakyes=3.2,  dualfeasorg deteriorated too much: primfeasorg=2.33e-06,dualfeasorg=4.07e-05
14 entries survived 

16 th thresholding

  breakyes=3.2,  dualfeasorg deteriorated too much: primfeasorg=2.33e-06,dualfeasorg=4.07e-05
14 entries survived 

17 th thresholding

  breakyes=3.2,  dualfeasorg deteriorated too much: primfeasorg=2.33e-06,dualfeasorg=4.07e-05
14 entries survived 

18 th thresholding

  breakyes=3.2,  dualfeasorg deteriorated too much: primfeasorg=2.33e-06,dualfeasorg=4.07e-05
14 entries survived 

19 th thresholding

  breakyes=3.2,  dualfeasorg deteriorated too much: primfeasorg=2.33e-06,dualfeasorg=4.07e-05
14 entries survived 

20 th thresholding

  breakyes=3.2,  dualfeasorg deteriorated too much: primfeasorg=2.33e-06,dualfeasorg=4.07e-05
14 entries survived 

21 th thresholding

  breakyes=3.2,  dualfeasorg deteriorated too much: primfeasorg=2.33e-06,dualfeasorg=4.07e-05
14 entries survived 

22 th thresholding

  breakyes=3.2,  dualfeasorg deteriorated too much: primfeasorg=2.33e-06,dualfeasorg=4.07e-05
14 entries survived 

23 th thresholding

  breakyes=3.2,  dualfeasorg deteriorated too much: primfeasorg=2.33e-06,dualfeasorg=4.07e-05
14 entries survived 

24 th thresholding

  breakyes=3.2,  dualfeasorg deteriorated too much: primfeasorg=2.33e-06,dualfeasorg=4.07e-05
14 entries survived 

25 th thresholding

  breakyes=3.2,  dualfeasorg deteriorated too much: primfeasorg=2.33e-06,dualfeasorg=4.07e-05
14 entries survived 

26 th thresholding

  breakyes=3.2,  dualfeasorg deteriorated too much: primfeasorg=2.33e-06,dualfeasorg=4.07e-05
14 entries survived 

27 th thresholding

  breakyes=3.2,  dualfeasorg deteriorated too much: primfeasorg=2.33e-06,dualfeasorg=4.07e-05
14 entries survived 

28 th thresholding

  breakyes=3.2,  dualfeasorg deteriorated too much: primfeasorg=2.33e-06,dualfeasorg=4.07e-05
14 entries survived 

29 th thresholding

  breakyes=3.2,  dualfeasorg deteriorated too much: primfeasorg=2.33e-06,dualfeasorg=4.07e-05
14 entries survived 

30 th thresholding

  breakyes=3.2,  dualfeasorg deteriorated too much: primfeasorg=2.33e-06,dualfeasorg=4.07e-05
14 entries survived 

acc_vec =

    0.9820
    0.9960
    0.9940
    0.9940
    0.9940
    0.9940
    0.9940
    0.9940
    0.9940
    0.9940
    0.9940
    0.9940
    0.9940
    0.9940
    0.9940
    0.9940
    0.9940
    0.9940
    0.9940
    0.9940
    0.9940
    0.9940
    0.9940
    0.9940
    0.9940
    0.9940
    0.9940
    0.9940
    0.9940
    0.9940
    0.9940

acc =0.982000  0.996000  0.994000  0.994000  0.994000  0.994000  0.994000  0.994000  0.994000  0.994000  0.994000  0.994000  0.994000  0.994000  0.994000  0.994000  0.994000  0.994000  0.994000  0.994000  0.994000  0.994000  0.994000  0.994000  0.994000  0.994000  0.994000  0.994000  0.994000  0.994000  0.994000 

discov_true_vec =

    10
    10
    10
    10
    10
    10
    10
    10
    10
    10
    10
    10
    10
    10
    10
    10
    10
    10
    10
    10
    10
    10
    10
    10
    10
    10
    10
    10
    10
    10


discov_false_vec =

     8
     3
     4
     4
     4
     4
     4
     4
     4
     4
     4
     4
     4
     4
     4
     4
     4
     4
     4
     4
     4
     4
     4
     4
     4
     4
     4
     4
     4
     4


data =

  31x16 table

    rep    iter    sep    dim    rho    sparsity     acc     obj_prim    obj_dual    discov_true    discov_false    diff_x_tilde    diff_omega_diag    time_isee    time_SDP          jobdate       
    ___    ____    ___    ___    ___    ________    _____    ________    ________    ___________    ____________    ____________    _______________    _________    ________    ____________________

     9       0      5     450    0.2       10       0.982          0           0          0              0                  0                0               0            0     21-Mar-2024 23:11:19
     9       1      5     450    0.2       10       0.996    -6.6527     -6.6527         10              8             116.53           3.6561          19.612       43.841     21-Mar-2024 23:11:19
     9       2      5     450    0.2       10       0.994    -7.0931     -7.0931         10              3             117.66           3.7092          16.668       70.431     21-Mar-2024 23:11:19
     9       3      5     450    0.2       10       0.994    -7.8306     -7.8306         10              4             119.16           3.8094          18.079       35.248     21-Mar-2024 23:11:19
     9       4      5     450    0.2       10       0.994    -7.8306     -7.8306         10              4             119.16           3.8094          16.856       36.484     21-Mar-2024 23:11:19
     9       5      5     450    0.2       10       0.994    -7.8306     -7.8306         10              4             119.16           3.8094          18.265       38.109     21-Mar-2024 23:11:19
     9       6      5     450    0.2       10       0.994    -7.8306     -7.8306         10              4             119.16           3.8094          16.821       35.278     21-Mar-2024 23:11:19
     9       7      5     450    0.2       10       0.994    -7.8306     -7.8306         10              4             119.16           3.8094          18.542       39.145     21-Mar-2024 23:11:19
     9       8      5     450    0.2       10       0.994    -7.8306     -7.8306         10              4             119.16           3.8094          17.502       38.401     21-Mar-2024 23:11:19
     9       9      5     450    0.2       10       0.994    -7.8306     -7.8306         10              4             119.16           3.8094          16.843       40.755     21-Mar-2024 23:11:19
     9      10      5     450    0.2       10       0.994    -7.8306     -7.8306         10              4             119.16           3.8094          16.439       37.968     21-Mar-2024 23:11:19
     9      11      5     450    0.2       10       0.994    -7.8306     -7.8306         10              4             119.16           3.8094          17.058       38.132     21-Mar-2024 23:11:19
     9      12      5     450    0.2       10       0.994    -7.8306     -7.8306         10              4             119.16           3.8094          16.543        39.39     21-Mar-2024 23:11:19
     9      13      5     450    0.2       10       0.994    -7.8306     -7.8306         10              4             119.16           3.8094          16.937       33.387     21-Mar-2024 23:11:19
     9      14      5     450    0.2       10       0.994    -7.8306     -7.8306         10              4             119.16           3.8094          18.534       32.279     21-Mar-2024 23:11:19
     9      15      5     450    0.2       10       0.994    -7.8306     -7.8306         10              4             119.16           3.8094          16.371       27.535     21-Mar-2024 23:11:19
     9      16      5     450    0.2       10       0.994    -7.8306     -7.8306         10              4             119.16           3.8094          16.162       35.115     21-Mar-2024 23:11:19
     9      17      5     450    0.2       10       0.994    -7.8306     -7.8306         10              4             119.16           3.8094          17.619       35.017     21-Mar-2024 23:11:19
     9      18      5     450    0.2       10       0.994    -7.8306     -7.8306         10              4             119.16           3.8094          16.462        33.41     21-Mar-2024 23:11:19
     9      19      5     450    0.2       10       0.994    -7.8306     -7.8306         10              4             119.16           3.8094          16.832       37.904     21-Mar-2024 23:11:19
     9      20      5     450    0.2       10       0.994    -7.8306     -7.8306         10              4             119.16           3.8094           16.56       35.565     21-Mar-2024 23:11:19
     9      21      5     450    0.2       10       0.994    -7.8306     -7.8306         10              4             119.16           3.8094          16.375       33.811     21-Mar-2024 23:11:19
     9      22      5     450    0.2       10       0.994    -7.8306     -7.8306         10              4             119.16           3.8094          16.655       32.185     21-Mar-2024 23:11:19
     9      23      5     450    0.2       10       0.994    -7.8306     -7.8306         10              4             119.16           3.8094          17.857       32.196     21-Mar-2024 23:11:19
     9      24      5     450    0.2       10       0.994    -7.8306     -7.8306         10              4             119.16           3.8094          17.055       36.669     21-Mar-2024 23:11:19
     9      25      5     450    0.2       10       0.994    -7.8306     -7.8306         10              4             119.16           3.8094          16.403       33.024     21-Mar-2024 23:11:19
     9      26      5     450    0.2       10       0.994    -7.8306     -7.8306         10              4             119.16           3.8094           16.53       37.633     21-Mar-2024 23:11:19
     9      27      5     450    0.2       10       0.994    -7.8306     -7.8306         10              4             119.16           3.8094          17.181       32.307     21-Mar-2024 23:11:19
     9      28      5     450    0.2       10       0.994    -7.8306     -7.8306         10              4             119.16           3.8094          16.481       28.463     21-Mar-2024 23:11:19
     9      29      5     450    0.2       10       0.994    -7.8306     -7.8306         10              4             119.16           3.8094           16.25       37.058     21-Mar-2024 23:11:19
     9      30      5     450    0.2       10       0.994    -7.8306     -7.8306         10              4             119.16           3.8094          17.125       32.343     21-Mar-2024 23:11:19


rep =

    10

replication: (10)th 

thres=0.275560
1 th thresholding

  breakyes=1.4,  maxresidual < 1.00e-06
12 entries survived 

2 th thresholding

  breakyes=1.4,  maxresidual < 1.00e-06
13 entries survived 

3 th thresholding

  breakyes=1.4,  maxresidual < 1.00e-06
13 entries survived 

4 th thresholding

  breakyes=1.4,  maxresidual < 1.00e-06
13 entries survived 

5 th thresholding

  breakyes=1.4,  maxresidual < 1.00e-06
13 entries survived 

6 th thresholding

  breakyes=1.4,  maxresidual < 1.00e-06
13 entries survived 

7 th thresholding

  breakyes=1.4,  maxresidual < 1.00e-06
13 entries survived 

8 th thresholding

  breakyes=1.4,  maxresidual < 1.00e-06
13 entries survived 

9 th thresholding

  breakyes=1.4,  maxresidual < 1.00e-06
13 entries survived 

10 th thresholding

  breakyes=1.4,  maxresidual < 1.00e-06
13 entries survived 

11 th thresholding

  breakyes=1.4,  maxresidual < 1.00e-06
13 entries survived 

12 th thresholding

  breakyes=1.4,  maxresidual < 1.00e-06
13 entries survived 

13 th thresholding

  breakyes=1.4,  maxresidual < 1.00e-06
13 entries survived 

14 th thresholding

  breakyes=1.4,  maxresidual < 1.00e-06
13 entries survived 

15 th thresholding

  breakyes=1.4,  maxresidual < 1.00e-06
13 entries survived 

16 th thresholding

  breakyes=1.4,  maxresidual < 1.00e-06
13 entries survived 

17 th thresholding

  breakyes=1.4,  maxresidual < 1.00e-06
13 entries survived 

18 th thresholding

  breakyes=1.4,  maxresidual < 1.00e-06
13 entries survived 

19 th thresholding

  breakyes=1.4,  maxresidual < 1.00e-06
13 entries survived 

20 th thresholding

  breakyes=1.4,  maxresidual < 1.00e-06
13 entries survived 

21 th thresholding

  breakyes=1.4,  maxresidual < 1.00e-06
13 entries survived 

22 th thresholding

  breakyes=1.4,  maxresidual < 1.00e-06
13 entries survived 

23 th thresholding

  breakyes=1.4,  maxresidual < 1.00e-06
13 entries survived 

24 th thresholding

  breakyes=1.4,  maxresidual < 1.00e-06
13 entries survived 

25 th thresholding

  breakyes=1.4,  maxresidual < 1.00e-06
13 entries survived 

26 th thresholding

  breakyes=1.4,  maxresidual < 1.00e-06
13 entries survived 

27 th thresholding

  breakyes=1.4,  maxresidual < 1.00e-06
13 entries survived 

28 th thresholding

  breakyes=1.4,  maxresidual < 1.00e-06
13 entries survived 

29 th thresholding

  breakyes=1.4,  maxresidual < 1.00e-06
13 entries survived 

30 th thresholding

  breakyes=1.4,  maxresidual < 1.00e-06
13 entries survived 

acc_vec =

    0.9780
    0.9900
    0.9900
    0.9900
    0.9900
    0.9900
    0.9900
    0.9900
    0.9900
    0.9900
    0.9900
    0.9900
    0.9900
    0.9900
    0.9900
    0.9900
    0.9900
    0.9900
    0.9900
    0.9900
    0.9900
    0.9900
    0.9900
    0.9900
    0.9900
    0.9900
    0.9900
    0.9900
    0.9900
    0.9900
    0.9900

acc =0.978000  0.990000  0.990000  0.990000  0.990000  0.990000  0.990000  0.990000  0.990000  0.990000  0.990000  0.990000  0.990000  0.990000  0.990000  0.990000  0.990000  0.990000  0.990000  0.990000  0.990000  0.990000  0.990000  0.990000  0.990000  0.990000  0.990000  0.990000  0.990000  0.990000  0.990000 

discov_true_vec =

    10
    10
    10
    10
    10
    10
    10
    10
    10
    10
    10
    10
    10
    10
    10
    10
    10
    10
    10
    10
    10
    10
    10
    10
    10
    10
    10
    10
    10
    10


discov_false_vec =

     2
     3
     3
     3
     3
     3
     3
     3
     3
     3
     3
     3
     3
     3
     3
     3
     3
     3
     3
     3
     3
     3
     3
     3
     3
     3
     3
     3
     3
     3


data =

  31x16 table

    rep    iter    sep    dim    rho    sparsity     acc     obj_prim    obj_dual    discov_true    discov_false    diff_x_tilde    diff_omega_diag    time_isee    time_SDP          jobdate       
    ___    ____    ___    ___    ___    ________    _____    ________    ________    ___________    ____________    ____________    _______________    _________    ________    ____________________

    10       0      5     450    0.2       10       0.978          0           0          0              0                  0                0               0            0     21-Mar-2024 23:42:11
    10       1      5     450    0.2       10        0.99    -7.0784     -7.0784         10              2             117.56           3.5812          16.751       54.864     21-Mar-2024 23:42:11
    10       2      5     450    0.2       10        0.99    -6.8143     -6.8143         10              3             116.65           3.5114          17.048       41.341     21-Mar-2024 23:42:11
    10       3      5     450    0.2       10        0.99    -6.8143     -6.8143         10              3             116.65           3.5114          17.051        44.38     21-Mar-2024 23:42:11
    10       4      5     450    0.2       10        0.99    -6.8143     -6.8143         10              3             116.65           3.5114          17.119       40.695     21-Mar-2024 23:42:11
    10       5      5     450    0.2       10        0.99    -6.8143     -6.8143         10              3             116.65           3.5114           16.46       47.058     21-Mar-2024 23:42:11
    10       6      5     450    0.2       10        0.99    -6.8143     -6.8143         10              3             116.65           3.5114          16.729       41.345     21-Mar-2024 23:42:11
    10       7      5     450    0.2       10        0.99    -6.8143     -6.8143         10              3             116.65           3.5114          16.283       44.904     21-Mar-2024 23:42:11
    10       8      5     450    0.2       10        0.99    -6.8143     -6.8143         10              3             116.65           3.5114          16.301       44.559     21-Mar-2024 23:42:11
    10       9      5     450    0.2       10        0.99    -6.8143     -6.8143         10              3             116.65           3.5114          16.576       49.008     21-Mar-2024 23:42:11
    10      10      5     450    0.2       10        0.99    -6.8143     -6.8143         10              3             116.65           3.5114          16.125       51.341     21-Mar-2024 23:42:11
    10      11      5     450    0.2       10        0.99    -6.8143     -6.8143         10              3             116.65           3.5114          16.317       46.039     21-Mar-2024 23:42:11
    10      12      5     450    0.2       10        0.99    -6.8143     -6.8143         10              3             116.65           3.5114          16.602       45.437     21-Mar-2024 23:42:11
    10      13      5     450    0.2       10        0.99    -6.8143     -6.8143         10              3             116.65           3.5114           16.32       56.768     21-Mar-2024 23:42:11
    10      14      5     450    0.2       10        0.99    -6.8143     -6.8143         10              3             116.65           3.5114          16.668       46.198     21-Mar-2024 23:42:11
    10      15      5     450    0.2       10        0.99    -6.8143     -6.8143         10              3             116.65           3.5114          16.316       44.128     21-Mar-2024 23:42:11
    10      16      5     450    0.2       10        0.99    -6.8143     -6.8143         10              3             116.65           3.5114          18.537       48.349     21-Mar-2024 23:42:11
    10      17      5     450    0.2       10        0.99    -6.8143     -6.8143         10              3             116.65           3.5114          16.511       49.045     21-Mar-2024 23:42:11
    10      18      5     450    0.2       10        0.99    -6.8143     -6.8143         10              3             116.65           3.5114           16.49       51.039     21-Mar-2024 23:42:11
    10      19      5     450    0.2       10        0.99    -6.8143     -6.8143         10              3             116.65           3.5114          16.193       45.814     21-Mar-2024 23:42:11
    10      20      5     450    0.2       10        0.99    -6.8143     -6.8143         10              3             116.65           3.5114          16.509        44.19     21-Mar-2024 23:42:11
    10      21      5     450    0.2       10        0.99    -6.8143     -6.8143         10              3             116.65           3.5114          17.733        43.91     21-Mar-2024 23:42:11
    10      22      5     450    0.2       10        0.99    -6.8143     -6.8143         10              3             116.65           3.5114          17.207       42.899     21-Mar-2024 23:42:11
    10      23      5     450    0.2       10        0.99    -6.8143     -6.8143         10              3             116.65           3.5114          18.844       38.579     21-Mar-2024 23:42:11
    10      24      5     450    0.2       10        0.99    -6.8143     -6.8143         10              3             116.65           3.5114          17.199       42.195     21-Mar-2024 23:42:11
    10      25      5     450    0.2       10        0.99    -6.8143     -6.8143         10              3             116.65           3.5114          17.452       39.261     21-Mar-2024 23:42:11
    10      26      5     450    0.2       10        0.99    -6.8143     -6.8143         10              3             116.65           3.5114          17.133       37.857     21-Mar-2024 23:42:11
    10      27      5     450    0.2       10        0.99    -6.8143     -6.8143         10              3             116.65           3.5114          18.251       40.635     21-Mar-2024 23:42:11
    10      28      5     450    0.2       10        0.99    -6.8143     -6.8143         10              3             116.65           3.5114          16.894       41.868     21-Mar-2024 23:42:11
    10      29      5     450    0.2       10        0.99    -6.8143     -6.8143         10              3             116.65           3.5114          16.708        39.41     21-Mar-2024 23:42:11
    10      30      5     450    0.2       10        0.99    -6.8143     -6.8143         10              3             116.65           3.5114          17.264       40.606     21-Mar-2024 23:42:11


rep =

    11

replication: (11)th 

thres=0.275560
1 th thresholding

  breakyes=1.4,  maxresidual < 1.00e-06
15 entries survived 

2 th thresholding

  breakyes=1.4,  maxresidual < 1.00e-06
15 entries survived 

3 th thresholding

  breakyes=1.4,  maxresidual < 1.00e-06
17 entries survived 

4 th thresholding

  breakyes=1.4,  maxresidual < 1.00e-06
17 entries survived 

5 th thresholding

  breakyes=1.4,  maxresidual < 1.00e-06
17 entries survived 

6 th thresholding

  breakyes=1.4,  maxresidual < 1.00e-06
17 entries survived 

7 th thresholding

  breakyes=1.4,  maxresidual < 1.00e-06
17 entries survived 

8 th thresholding

  breakyes=1.4,  maxresidual < 1.00e-06
17 entries survived 

9 th thresholding

  breakyes=1.4,  maxresidual < 1.00e-06
17 entries survived 

10 th thresholding

  breakyes=1.4,  maxresidual < 1.00e-06
17 entries survived 

11 th thresholding

  breakyes=1.4,  maxresidual < 1.00e-06
17 entries survived 

12 th thresholding

  breakyes=1.4,  maxresidual < 1.00e-06
17 entries survived 

13 th thresholding

  breakyes=1.4,  maxresidual < 1.00e-06
17 entries survived 

14 th thresholding

  breakyes=1.4,  maxresidual < 1.00e-06
17 entries survived 

15 th thresholding

  breakyes=1.4,  maxresidual < 1.00e-06
17 entries survived 

16 th thresholding

  breakyes=1.4,  maxresidual < 1.00e-06
17 entries survived 

17 th thresholding

  breakyes=1.4,  maxresidual < 1.00e-06
17 entries survived 

18 th thresholding

  breakyes=1.4,  maxresidual < 1.00e-06
17 entries survived 

19 th thresholding

  breakyes=1.4,  maxresidual < 1.00e-06
17 entries survived 

20 th thresholding

  breakyes=1.4,  maxresidual < 1.00e-06
17 entries survived 

21 th thresholding

  breakyes=1.4,  maxresidual < 1.00e-06
17 entries survived 

22 th thresholding

  breakyes=1.4,  maxresidual < 1.00e-06
17 entries survived 

23 th thresholding

  breakyes=1.4,  maxresidual < 1.00e-06
17 entries survived 

24 th thresholding

  breakyes=1.4,  maxresidual < 1.00e-06
17 entries survived 

25 th thresholding

  breakyes=1.4,  maxresidual < 1.00e-06
17 entries survived 

26 th thresholding

  breakyes=1.4,  maxresidual < 1.00e-06
17 entries survived 

27 th thresholding

  breakyes=1.4,  maxresidual < 1.00e-06
17 entries survived 

28 th thresholding

  breakyes=1.4,  maxresidual < 1.00e-06
17 entries survived 

29 th thresholding

  breakyes=1.4,  maxresidual < 1.00e-06
17 entries survived 

30 th thresholding

  breakyes=1.4,  maxresidual < 1.00e-06
17 entries survived 

acc_vec =

    0.9760
    0.9960
    0.9980
    0.9980
    0.9980
    0.9980
    0.9980
    0.9980
    0.9980
    0.9980
    0.9980
    0.9980
    0.9980
    0.9980
    0.9980
    0.9980
    0.9980
    0.9980
    0.9980
    0.9980
    0.9980
    0.9980
    0.9980
    0.9980
    0.9980
    0.9980
    0.9980
    0.9980
    0.9980
    0.9980
    0.9980

acc =0.976000  0.996000  0.998000  0.998000  0.998000  0.998000  0.998000  0.998000  0.998000  0.998000  0.998000  0.998000  0.998000  0.998000  0.998000  0.998000  0.998000  0.998000  0.998000  0.998000  0.998000  0.998000  0.998000  0.998000  0.998000  0.998000  0.998000  0.998000  0.998000  0.998000  0.998000 

discov_true_vec =

    10
    10
    10
    10
    10
    10
    10
    10
    10
    10
    10
    10
    10
    10
    10
    10
    10
    10
    10
    10
    10
    10
    10
    10
    10
    10
    10
    10
    10
    10


discov_false_vec =

     5
     5
     7
     7
     7
     7
     7
     7
     7
     7
     7
     7
     7
     7
     7
     7
     7
     7
     7
     7
     7
     7
     7
     7
     7
     7
     7
     7
     7
     7


data =

  31x16 table

    rep    iter    sep    dim    rho    sparsity     acc     obj_prim    obj_dual    discov_true    discov_false    diff_x_tilde    diff_omega_diag    time_isee    time_SDP          jobdate       
    ___    ____    ___    ___    ___    ________    _____    ________    ________    ___________    ____________    ____________    _______________    _________    ________    ____________________

    11       0      5     450    0.2       10       0.976          0           0          0              0                  0                0               0            0     22-Mar-2024 00:27:41
    11       1      5     450    0.2       10       0.996    -8.4992     -8.4992         10              5             119.87           3.9617           16.79       36.614     22-Mar-2024 00:27:41
    11       2      5     450    0.2       10       0.998    -8.7061     -8.7061         10              5             118.85           3.8391            16.8       47.118     22-Mar-2024 00:27:41
    11       3      5     450    0.2       10       0.998     -8.815      -8.815         10              7             119.61           3.8827          17.718       91.107     22-Mar-2024 00:27:41
    11       4      5     450    0.2       10       0.998     -8.815      -8.815         10              7             119.61           3.8827          16.658       92.142     22-Mar-2024 00:27:41
    11       5      5     450    0.2       10       0.998     -8.815      -8.815         10              7             119.61           3.8827          16.294       87.434     22-Mar-2024 00:27:41
    11       6      5     450    0.2       10       0.998     -8.815      -8.815         10              7             119.61           3.8827          18.702       84.241     22-Mar-2024 00:27:41
    11       7      5     450    0.2       10       0.998     -8.815      -8.815         10              7             119.61           3.8827          17.537       82.929     22-Mar-2024 00:27:41
    11       8      5     450    0.2       10       0.998     -8.815      -8.815         10              7             119.61           3.8827          16.539       80.346     22-Mar-2024 00:27:41
    11       9      5     450    0.2       10       0.998     -8.815      -8.815         10              7             119.61           3.8827          18.069        72.12     22-Mar-2024 00:27:41
    11      10      5     450    0.2       10       0.998     -8.815      -8.815         10              7             119.61           3.8827          15.991       79.708     22-Mar-2024 00:27:41
    11      11      5     450    0.2       10       0.998     -8.815      -8.815         10              7             119.61           3.8827          17.543       82.442     22-Mar-2024 00:27:41
    11      12      5     450    0.2       10       0.998     -8.815      -8.815         10              7             119.61           3.8827          16.293       68.566     22-Mar-2024 00:27:41
    11      13      5     450    0.2       10       0.998     -8.815      -8.815         10              7             119.61           3.8827          16.203       71.097     22-Mar-2024 00:27:41
    11      14      5     450    0.2       10       0.998     -8.815      -8.815         10              7             119.61           3.8827          16.083       70.483     22-Mar-2024 00:27:41
    11      15      5     450    0.2       10       0.998     -8.815      -8.815         10              7             119.61           3.8827          16.525       70.859     22-Mar-2024 00:27:41
    11      16      5     450    0.2       10       0.998     -8.815      -8.815         10              7             119.61           3.8827          16.868       70.955     22-Mar-2024 00:27:41
    11      17      5     450    0.2       10       0.998     -8.815      -8.815         10              7             119.61           3.8827          17.285       75.003     22-Mar-2024 00:27:41
    11      18      5     450    0.2       10       0.998     -8.815      -8.815         10              7             119.61           3.8827          17.575       102.84     22-Mar-2024 00:27:41
    11      19      5     450    0.2       10       0.998     -8.815      -8.815         10              7             119.61           3.8827          16.479       82.547     22-Mar-2024 00:27:41
    11      20      5     450    0.2       10       0.998     -8.815      -8.815         10              7             119.61           3.8827          16.426       73.274     22-Mar-2024 00:27:41
    11      21      5     450    0.2       10       0.998     -8.815      -8.815         10              7             119.61           3.8827          18.782       69.729     22-Mar-2024 00:27:41
    11      22      5     450    0.2       10       0.998     -8.815      -8.815         10              7             119.61           3.8827          16.765       72.776     22-Mar-2024 00:27:41
    11      23      5     450    0.2       10       0.998     -8.815      -8.815         10              7             119.61           3.8827          17.251       69.059     22-Mar-2024 00:27:41
    11      24      5     450    0.2       10       0.998     -8.815      -8.815         10              7             119.61           3.8827           16.24       71.483     22-Mar-2024 00:27:41
    11      25      5     450    0.2       10       0.998     -8.815      -8.815         10              7             119.61           3.8827          16.664       71.582     22-Mar-2024 00:27:41
    11      26      5     450    0.2       10       0.998     -8.815      -8.815         10              7             119.61           3.8827          16.414       68.564     22-Mar-2024 00:27:41
    11      27      5     450    0.2       10       0.998     -8.815      -8.815         10              7             119.61           3.8827          15.962         73.5     22-Mar-2024 00:27:41
    11      28      5     450    0.2       10       0.998     -8.815      -8.815         10              7             119.61           3.8827          17.671       69.352     22-Mar-2024 00:27:41
    11      29      5     450    0.2       10       0.998     -8.815      -8.815         10              7             119.61           3.8827          17.145       67.289     22-Mar-2024 00:27:41
    11      30      5     450    0.2       10       0.998     -8.815      -8.815         10              7             119.61           3.8827          16.618       66.713     22-Mar-2024 00:27:41


rep =

    12

replication: (12)th 

thres=0.275560
1 th thresholding

  breakyes=1.0,  maxresidual < 1.00e-06
21 entries survived 

2 th thresholding

  breakyes=1.4,  maxresidual < 1.00e-06
19 entries survived 

3 th thresholding

  breakyes=1.4,  maxresidual < 1.00e-06
19 entries survived 

4 th thresholding

  breakyes=1.4,  maxresidual < 1.00e-06
19 entries survived 

5 th thresholding

  breakyes=1.4,  maxresidual < 1.00e-06
19 entries survived 

6 th thresholding

  breakyes=1.4,  maxresidual < 1.00e-06
19 entries survived 

7 th thresholding

  breakyes=1.4,  maxresidual < 1.00e-06
19 entries survived 

8 th thresholding

  breakyes=1.4,  maxresidual < 1.00e-06
19 entries survived 

9 th thresholding

  breakyes=1.4,  maxresidual < 1.00e-06
19 entries survived 

10 th thresholding

  breakyes=1.4,  maxresidual < 1.00e-06
19 entries survived 

11 th thresholding

  breakyes=1.4,  maxresidual < 1.00e-06
19 entries survived 

12 th thresholding

  breakyes=1.4,  maxresidual < 1.00e-06
19 entries survived 

13 th thresholding

  breakyes=1.4,  maxresidual < 1.00e-06
19 entries survived 

14 th thresholding

  breakyes=1.4,  maxresidual < 1.00e-06
19 entries survived 

15 th thresholding

  breakyes=1.4,  maxresidual < 1.00e-06
19 entries survived 

16 th thresholding

  breakyes=1.4,  maxresidual < 1.00e-06
19 entries survived 

17 th thresholding

  breakyes=1.4,  maxresidual < 1.00e-06
19 entries survived 

18 th thresholding

  breakyes=1.4,  maxresidual < 1.00e-06
19 entries survived 

19 th thresholding

  breakyes=1.4,  maxresidual < 1.00e-06
19 entries survived 

20 th thresholding

  breakyes=1.4,  maxresidual < 1.00e-06
19 entries survived 

21 th thresholding

  breakyes=1.4,  maxresidual < 1.00e-06
19 entries survived 

22 th thresholding

  breakyes=1.4,  maxresidual < 1.00e-06
19 entries survived 

23 th thresholding

  breakyes=1.4,  maxresidual < 1.00e-06
19 entries survived 

24 th thresholding

  breakyes=1.4,  maxresidual < 1.00e-06
19 entries survived 

25 th thresholding

  breakyes=1.4,  maxresidual < 1.00e-06
19 entries survived 

26 th thresholding

  breakyes=1.4,  maxresidual < 1.00e-06
19 entries survived 

27 th thresholding

  breakyes=1.4,  maxresidual < 1.00e-06
19 entries survived 

28 th thresholding

  breakyes=1.4,  maxresidual < 1.00e-06
19 entries survived 

29 th thresholding

  breakyes=1.4,  maxresidual < 1.00e-06
19 entries survived 

30 th thresholding

  breakyes=1.4,  maxresidual < 1.00e-06
19 entries survived 

acc_vec =

    0.9840
    0.9920
    0.9920
    0.9920
    0.9920
    0.9920
    0.9920
    0.9920
    0.9920
    0.9920
    0.9920
    0.9920
    0.9920
    0.9920
    0.9920
    0.9920
    0.9920
    0.9920
    0.9920
    0.9920
    0.9920
    0.9920
    0.9920
    0.9920
    0.9920
    0.9920
    0.9920
    0.9920
    0.9920
    0.9920
    0.9920

acc =0.984000  0.992000  0.992000  0.992000  0.992000  0.992000  0.992000  0.992000  0.992000  0.992000  0.992000  0.992000  0.992000  0.992000  0.992000  0.992000  0.992000  0.992000  0.992000  0.992000  0.992000  0.992000  0.992000  0.992000  0.992000  0.992000  0.992000  0.992000  0.992000  0.992000  0.992000 

discov_true_vec =

    10
    10
    10
    10
    10
    10
    10
    10
    10
    10
    10
    10
    10
    10
    10
    10
    10
    10
    10
    10
    10
    10
    10
    10
    10
    10
    10
    10
    10
    10


discov_false_vec =

    11
     9
     9
     9
     9
     9
     9
     9
     9
     9
     9
     9
     9
     9
     9
     9
     9
     9
     9
     9
     9
     9
     9
     9
     9
     9
     9
     9
     9
     9


data =

  31x16 table

    rep    iter    sep    dim    rho    sparsity     acc     obj_prim    obj_dual    discov_true    discov_false    diff_x_tilde    diff_omega_diag    time_isee    time_SDP          jobdate       
    ___    ____    ___    ___    ___    ________    _____    ________    ________    ___________    ____________    ____________    _______________    _________    ________    ____________________

    12       0      5     450    0.2       10       0.984          0           0          0               0                 0                0               0            0     22-Mar-2024 01:04:14
    12       1      5     450    0.2       10       0.992     -8.202     -8.2019         10              11            118.74           3.7469          18.501       29.695     22-Mar-2024 01:04:14
    12       2      5     450    0.2       10       0.992    -7.7664     -7.7664         10               9            117.48           3.6635          19.379       60.556     22-Mar-2024 01:04:14
    12       3      5     450    0.2       10       0.992    -7.7664     -7.7664         10               9            117.48           3.6635          17.957       57.028     22-Mar-2024 01:04:14
    12       4      5     450    0.2       10       0.992    -7.7664     -7.7664         10               9            117.48           3.6635          17.249       60.735     22-Mar-2024 01:04:14
    12       5      5     450    0.2       10       0.992    -7.7664     -7.7664         10               9            117.48           3.6635          16.947       67.865     22-Mar-2024 01:04:14
    12       6      5     450    0.2       10       0.992    -7.7664     -7.7664         10               9            117.48           3.6635          15.971       54.135     22-Mar-2024 01:04:14
    12       7      5     450    0.2       10       0.992    -7.7664     -7.7664         10               9            117.48           3.6635          15.856       51.311     22-Mar-2024 01:04:14
    12       8      5     450    0.2       10       0.992    -7.7664     -7.7664         10               9            117.48           3.6635          16.339       45.833     22-Mar-2024 01:04:14
    12       9      5     450    0.2       10       0.992    -7.7664     -7.7664         10               9            117.48           3.6635          15.787       48.766     22-Mar-2024 01:04:14
    12      10      5     450    0.2       10       0.992    -7.7664     -7.7664         10               9            117.48           3.6635          16.362       58.938     22-Mar-2024 01:04:14
    12      11      5     450    0.2       10       0.992    -7.7664     -7.7664         10               9            117.48           3.6635          16.911       61.522     22-Mar-2024 01:04:14
    12      12      5     450    0.2       10       0.992    -7.7664     -7.7664         10               9            117.48           3.6635          18.222       67.283     22-Mar-2024 01:04:14
    12      13      5     450    0.2       10       0.992    -7.7664     -7.7664         10               9            117.48           3.6635          17.885       62.235     22-Mar-2024 01:04:14
    12      14      5     450    0.2       10       0.992    -7.7664     -7.7664         10               9            117.48           3.6635          17.403       51.849     22-Mar-2024 01:04:14
    12      15      5     450    0.2       10       0.992    -7.7664     -7.7664         10               9            117.48           3.6635          18.901       57.338     22-Mar-2024 01:04:14
    12      16      5     450    0.2       10       0.992    -7.7664     -7.7664         10               9            117.48           3.6635          16.189       63.858     22-Mar-2024 01:04:14
    12      17      5     450    0.2       10       0.992    -7.7664     -7.7664         10               9            117.48           3.6635          17.827       61.832     22-Mar-2024 01:04:14
    12      18      5     450    0.2       10       0.992    -7.7664     -7.7664         10               9            117.48           3.6635          16.957       62.687     22-Mar-2024 01:04:14
    12      19      5     450    0.2       10       0.992    -7.7664     -7.7664         10               9            117.48           3.6635          16.476       65.797     22-Mar-2024 01:04:14
    12      20      5     450    0.2       10       0.992    -7.7664     -7.7664         10               9            117.48           3.6635          17.959       71.705     22-Mar-2024 01:04:14
    12      21      5     450    0.2       10       0.992    -7.7664     -7.7664         10               9            117.48           3.6635          16.858       62.308     22-Mar-2024 01:04:14
    12      22      5     450    0.2       10       0.992    -7.7664     -7.7664         10               9            117.48           3.6635          17.594       46.042     22-Mar-2024 01:04:14
    12      23      5     450    0.2       10       0.992    -7.7664     -7.7664         10               9            117.48           3.6635          16.577       45.448     22-Mar-2024 01:04:14
    12      24      5     450    0.2       10       0.992    -7.7664     -7.7664         10               9            117.48           3.6635          16.291       40.913     22-Mar-2024 01:04:14
    12      25      5     450    0.2       10       0.992    -7.7664     -7.7664         10               9            117.48           3.6635          16.473       41.614     22-Mar-2024 01:04:14
    12      26      5     450    0.2       10       0.992    -7.7664     -7.7664         10               9            117.48           3.6635          16.317       48.975     22-Mar-2024 01:04:14
    12      27      5     450    0.2       10       0.992    -7.7664     -7.7664         10               9            117.48           3.6635          16.262       62.609     22-Mar-2024 01:04:14
    12      28      5     450    0.2       10       0.992    -7.7664     -7.7664         10               9            117.48           3.6635           17.15       58.283     22-Mar-2024 01:04:14
    12      29      5     450    0.2       10       0.992    -7.7664     -7.7664         10               9            117.48           3.6635          16.322       56.843     22-Mar-2024 01:04:14
    12      30      5     450    0.2       10       0.992    -7.7664     -7.7664         10               9            117.48           3.6635          16.564       56.639     22-Mar-2024 01:04:14

