==========================================
SLURM_JOB_ID = 20379194
SLURM_JOB_NODELIST = a03-02
TMPDIR = /tmp/SLURM_20379194
==========================================
hello
Starting parallel pool (parpool) ...
Connected to the parallel pool (number of workers: 15).

pool = 

 ProcessPool with properties: 

            Connected: true
           NumWorkers: 15
                 Busy: false
              Cluster: Local
        AttachedFiles: {}
    AutoAddClientPath: true
            FileStore: [1x1 parallel.FileStore]
           ValueStore: [1x1 parallel.ValueStore]
          IdleTimeout: 30 minutes (30 minutes remaining)
          SpmdEnabled: true


p =

   100


Delta =

     4


s =

    10


n =

   500


ii =

    11


table_name =

    'sparse_kmeans_isee_denoise'


conn = 

  sqlite with properties:

      Database: '/home1/jongminm/sparse_kmeans/sparse_kmeans.db'
    IsReadOnly: 0
    AutoCommit: 'on'


rho =

    0.2000


M =

    0.7341

delta confirmed: 4.000000
ans =

    3.4740


rep =

    41

replication: (41)th 

thres=0.239246
1 th thresholding

  breakyes=3.1,  primfeasorg deteriorated too much: primfeasorg=5.46e-05,dualfeasorg=2.94e-05
15 entries survived 

2 th thresholding

  breakyes=1.4,  maxresidual < 1.00e-06
14 entries survived 

3 th thresholding

  breakyes=1.4,  maxresidual < 1.00e-06
13 entries survived 

4 th thresholding

  breakyes=1.4,  maxresidual < 1.00e-06
14 entries survived 

5 th thresholding

  breakyes=1.4,  maxresidual < 1.00e-06
13 entries survived 

6 th thresholding

  breakyes=1.4,  maxresidual < 1.00e-06
14 entries survived 

7 th thresholding

  breakyes=1.4,  maxresidual < 1.00e-06
13 entries survived 

8 th thresholding

  breakyes=1.4,  maxresidual < 1.00e-06
14 entries survived 

9 th thresholding

  breakyes=1.4,  maxresidual < 1.00e-06
13 entries survived 

10 th thresholding

  breakyes=1.4,  maxresidual < 1.00e-06
14 entries survived 

11 th thresholding

  breakyes=1.4,  maxresidual < 1.00e-06
13 entries survived 

12 th thresholding

  breakyes=1.4,  maxresidual < 1.00e-06
14 entries survived 

13 th thresholding

  breakyes=1.4,  maxresidual < 1.00e-06
13 entries survived 

14 th thresholding

  breakyes=1.4,  maxresidual < 1.00e-06
14 entries survived 

15 th thresholding

  breakyes=1.4,  maxresidual < 1.00e-06
13 entries survived 

16 th thresholding

  breakyes=1.4,  maxresidual < 1.00e-06
14 entries survived 

17 th thresholding

  breakyes=1.4,  maxresidual < 1.00e-06
13 entries survived 

18 th thresholding

  breakyes=1.4,  maxresidual < 1.00e-06
14 entries survived 

19 th thresholding

  breakyes=1.4,  maxresidual < 1.00e-06
13 entries survived 

20 th thresholding

  breakyes=1.4,  maxresidual < 1.00e-06
14 entries survived 

21 th thresholding

  breakyes=1.4,  maxresidual < 1.00e-06
13 entries survived 

22 th thresholding

  breakyes=1.4,  maxresidual < 1.00e-06
14 entries survived 

23 th thresholding

  breakyes=1.4,  maxresidual < 1.00e-06
13 entries survived 

24 th thresholding

  breakyes=1.4,  maxresidual < 1.00e-06
14 entries survived 

25 th thresholding

  breakyes=1.4,  maxresidual < 1.00e-06
13 entries survived 

26 th thresholding

  breakyes=1.4,  maxresidual < 1.00e-06
14 entries survived 

27 th thresholding

  breakyes=1.4,  maxresidual < 1.00e-06
13 entries survived 

28 th thresholding

  breakyes=1.4,  maxresidual < 1.00e-06
14 entries survived 

29 th thresholding

  breakyes=1.4,  maxresidual < 1.00e-06
13 entries survived 

30 th thresholding

  breakyes=1.4,  maxresidual < 1.00e-06
14 entries survived 

acc_vec =

    0.9760
    0.9800
    0.9760
    0.9780
    0.9760
    0.9780
    0.9760
    0.9780
    0.9760
    0.9780
    0.9760
    0.9780
    0.9760
    0.9780
    0.9760
    0.9780
    0.9760
    0.9780
    0.9760
    0.9780
    0.9760
    0.9780
    0.9760
    0.9780
    0.9760
    0.9780
    0.9760
    0.9780
    0.9760
    0.9780
    0.9760

acc =0.976000  0.980000  0.976000  0.978000  0.976000  0.978000  0.976000  0.978000  0.976000  0.978000  0.976000  0.978000  0.976000  0.978000  0.976000  0.978000  0.976000  0.978000  0.976000  0.978000  0.976000  0.978000  0.976000  0.978000  0.976000  0.978000  0.976000  0.978000  0.976000  0.978000  0.976000 

discov_true_vec =

    10
    10
    10
    10
    10
    10
    10
    10
    10
    10
    10
    10
    10
    10
    10
    10
    10
    10
    10
    10
    10
    10
    10
    10
    10
    10
    10
    10
    10
    10


discov_false_vec =

     5
     4
     3
     4
     3
     4
     3
     4
     3
     4
     3
     4
     3
     4
     3
     4
     3
     4
     3
     4
     3
     4
     3
     4
     3
     4
     3
     4
     3
     4


data =

  31x16 table

    rep    iter    sep    dim    rho    sparsity     acc     obj_prim    obj_dual    discov_true    discov_false    diff_x_tilde    diff_omega_diag    time_isee    time_SDP          jobdate       
    ___    ____    ___    ___    ___    ________    _____    ________    ________    ___________    ____________    ____________    _______________    _________    ________    ____________________

    41       0      4     100    0.2       10       0.976          0           0          0              0                  0                0                0           0     22-Mar-2024 00:12:29
    41       1      4     100    0.2       10        0.98    -4.6951     -4.6946         10              5              48.76            1.101           2.2976      26.627     22-Mar-2024 00:12:29
    41       2      4     100    0.2       10       0.976    -4.8408     -4.8408         10              4              48.54           1.1371           1.2642      44.491     22-Mar-2024 00:12:29
    41       3      4     100    0.2       10       0.978    -4.6152     -4.6152         10              3             49.604           1.1307           1.5142      45.583     22-Mar-2024 00:12:29
    41       4      4     100    0.2       10       0.976    -4.7844     -4.7844         10              4             50.088           1.1635           1.5814      53.571     22-Mar-2024 00:12:29
    41       5      4     100    0.2       10       0.978    -4.6152     -4.6152         10              3             49.604           1.1307              1.2       59.63     22-Mar-2024 00:12:29
    41       6      4     100    0.2       10       0.976    -4.7844     -4.7844         10              4             50.088           1.1635           1.3028      60.359     22-Mar-2024 00:12:29
    41       7      4     100    0.2       10       0.978    -4.6152     -4.6152         10              3             49.604           1.1307           1.3524      58.056     22-Mar-2024 00:12:29
    41       8      4     100    0.2       10       0.976    -4.7844     -4.7844         10              4             50.088           1.1635           1.1743      59.866     22-Mar-2024 00:12:29
    41       9      4     100    0.2       10       0.978    -4.6152     -4.6152         10              3             49.604           1.1307            1.565      62.771     22-Mar-2024 00:12:29
    41      10      4     100    0.2       10       0.976    -4.7844     -4.7844         10              4             50.088           1.1635           1.2621      56.154     22-Mar-2024 00:12:29
    41      11      4     100    0.2       10       0.978    -4.6152     -4.6152         10              3             49.604           1.1307           2.0161      63.848     22-Mar-2024 00:12:29
    41      12      4     100    0.2       10       0.976    -4.7844     -4.7844         10              4             50.088           1.1635            1.127      60.384     22-Mar-2024 00:12:29
    41      13      4     100    0.2       10       0.978    -4.6152     -4.6152         10              3             49.604           1.1307            1.425      60.087     22-Mar-2024 00:12:29
    41      14      4     100    0.2       10       0.976    -4.7844     -4.7844         10              4             50.088           1.1635           1.0153      60.227     22-Mar-2024 00:12:29
    41      15      4     100    0.2       10       0.978    -4.6152     -4.6152         10              3             49.604           1.1307           1.2082      58.273     22-Mar-2024 00:12:29
    41      16      4     100    0.2       10       0.976    -4.7844     -4.7844         10              4             50.088           1.1635          0.94868      59.961     22-Mar-2024 00:12:29
    41      17      4     100    0.2       10       0.978    -4.6152     -4.6152         10              3             49.604           1.1307            1.136      58.185     22-Mar-2024 00:12:29
    41      18      4     100    0.2       10       0.976    -4.7844     -4.7844         10              4             50.088           1.1635           1.1916      57.109     22-Mar-2024 00:12:29
    41      19      4     100    0.2       10       0.978    -4.6152     -4.6152         10              3             49.604           1.1307             1.08      59.416     22-Mar-2024 00:12:29
    41      20      4     100    0.2       10       0.976    -4.7844     -4.7844         10              4             50.088           1.1635           1.2782      56.559     22-Mar-2024 00:12:29
    41      21      4     100    0.2       10       0.978    -4.6152     -4.6152         10              3             49.604           1.1307          0.93407      60.588     22-Mar-2024 00:12:29
    41      22      4     100    0.2       10       0.976    -4.7844     -4.7844         10              4             50.088           1.1635           1.3306      61.218     22-Mar-2024 00:12:29
    41      23      4     100    0.2       10       0.978    -4.6152     -4.6152         10              3             49.604           1.1307           1.2873      58.563     22-Mar-2024 00:12:29
    41      24      4     100    0.2       10       0.976    -4.7844     -4.7844         10              4             50.088           1.1635           1.0801      61.204     22-Mar-2024 00:12:29
    41      25      4     100    0.2       10       0.978    -4.6152     -4.6152         10              3             49.604           1.1307            1.374      60.592     22-Mar-2024 00:12:29
    41      26      4     100    0.2       10       0.976    -4.7844     -4.7844         10              4             50.088           1.1635           1.1998      59.029     22-Mar-2024 00:12:29
    41      27      4     100    0.2       10       0.978    -4.6152     -4.6152         10              3             49.604           1.1307           1.1485      57.396     22-Mar-2024 00:12:29
    41      28      4     100    0.2       10       0.976    -4.7844     -4.7844         10              4             50.088           1.1635           1.4137      59.456     22-Mar-2024 00:12:29
    41      29      4     100    0.2       10       0.978    -4.6152     -4.6152         10              3             49.604           1.1307           1.1859      60.876     22-Mar-2024 00:12:29
    41      30      4     100    0.2       10       0.976    -4.7844     -4.7844         10              4             50.088           1.1635           1.3641      59.856     22-Mar-2024 00:12:29


rep =

    42

replication: (42)th 

thres=0.239246
1 th thresholding

  breakyes=1.0,  maxresidual < 1.00e-06
12 entries survived 

2 th thresholding

  breakyes=1.4,  maxresidual < 1.00e-06
11 entries survived 

3 th thresholding

  breakyes=1.0,  maxresidual < 1.00e-06
11 entries survived 

4 th thresholding

  breakyes=1.0,  maxresidual < 1.00e-06
11 entries survived 

5 th thresholding

  breakyes=1.0,  maxresidual < 1.00e-06
11 entries survived 

6 th thresholding

  breakyes=1.0,  maxresidual < 1.00e-06
11 entries survived 

7 th thresholding

  breakyes=1.0,  maxresidual < 1.00e-06
11 entries survived 

8 th thresholding

  breakyes=1.0,  maxresidual < 1.00e-06
11 entries survived 

9 th thresholding

  breakyes=1.0,  maxresidual < 1.00e-06
11 entries survived 

10 th thresholding

  breakyes=1.0,  maxresidual < 1.00e-06
11 entries survived 

11 th thresholding

  breakyes=1.0,  maxresidual < 1.00e-06
11 entries survived 

12 th thresholding

  breakyes=1.0,  maxresidual < 1.00e-06
11 entries survived 

13 th thresholding

  breakyes=1.0,  maxresidual < 1.00e-06
11 entries survived 

14 th thresholding

  breakyes=1.0,  maxresidual < 1.00e-06
11 entries survived 

15 th thresholding

  breakyes=1.0,  maxresidual < 1.00e-06
11 entries survived 

16 th thresholding

  breakyes=1.0,  maxresidual < 1.00e-06
11 entries survived 

17 th thresholding

  breakyes=1.0,  maxresidual < 1.00e-06
11 entries survived 

18 th thresholding

  breakyes=1.0,  maxresidual < 1.00e-06
11 entries survived 

19 th thresholding

  breakyes=1.0,  maxresidual < 1.00e-06
11 entries survived 

20 th thresholding

  breakyes=1.0,  maxresidual < 1.00e-06
11 entries survived 

21 th thresholding

  breakyes=1.0,  maxresidual < 1.00e-06
11 entries survived 

22 th thresholding

  breakyes=1.0,  maxresidual < 1.00e-06
11 entries survived 

23 th thresholding

  breakyes=1.0,  maxresidual < 1.00e-06
11 entries survived 

24 th thresholding

  breakyes=1.0,  maxresidual < 1.00e-06
11 entries survived 

25 th thresholding

  breakyes=1.0,  maxresidual < 1.00e-06
11 entries survived 

26 th thresholding

  breakyes=1.0,  maxresidual < 1.00e-06
11 entries survived 

27 th thresholding

  breakyes=1.0,  maxresidual < 1.00e-06
11 entries survived 

28 th thresholding

  breakyes=1.0,  maxresidual < 1.00e-06
11 entries survived 

29 th thresholding

  breakyes=1.0,  maxresidual < 1.00e-06
11 entries survived 

30 th thresholding

  breakyes=1.0,  maxresidual < 1.00e-06
11 entries survived 

acc_vec =

    0.9760
    0.9800
    0.9780
    0.9780
    0.9780
    0.9780
    0.9780
    0.9780
    0.9780
    0.9780
    0.9780
    0.9780
    0.9780
    0.9780
    0.9780
    0.9780
    0.9780
    0.9780
    0.9780
    0.9780
    0.9780
    0.9780
    0.9780
    0.9780
    0.9780
    0.9780
    0.9780
    0.9780
    0.9780
    0.9780
    0.9780

acc =0.976000  0.980000  0.978000  0.978000  0.978000  0.978000  0.978000  0.978000  0.978000  0.978000  0.978000  0.978000  0.978000  0.978000  0.978000  0.978000  0.978000  0.978000  0.978000  0.978000  0.978000  0.978000  0.978000  0.978000  0.978000  0.978000  0.978000  0.978000  0.978000  0.978000  0.978000 

discov_true_vec =

    10
    10
    10
    10
    10
    10
    10
    10
    10
    10
    10
    10
    10
    10
    10
    10
    10
    10
    10
    10
    10
    10
    10
    10
    10
    10
    10
    10
    10
    10


discov_false_vec =

     2
     1
     1
     1
     1
     1
     1
     1
     1
     1
     1
     1
     1
     1
     1
     1
     1
     1
     1
     1
     1
     1
     1
     1
     1
     1
     1
     1
     1
     1


data =

  31x16 table

    rep    iter    sep    dim    rho    sparsity     acc     obj_prim    obj_dual    discov_true    discov_false    diff_x_tilde    diff_omega_diag    time_isee    time_SDP          jobdate       
    ___    ____    ___    ___    ___    ________    _____    ________    ________    ___________    ____________    ____________    _______________    _________    ________    ____________________

    42       0      4     100    0.2       10       0.976          0           0          0              0                  0                0                0           0     22-Mar-2024 00:21:56
    42       1      4     100    0.2       10        0.98    -4.4261     -4.4261         10              2             49.232           1.0942           1.5318      24.318     22-Mar-2024 00:21:56
    42       2      4     100    0.2       10       0.978    -4.3194     -4.3194         10              1             49.275           1.1381          0.77868      26.205     22-Mar-2024 00:21:56
    42       3      4     100    0.2       10       0.978    -4.2648     -4.2647         10              1             50.289           1.1565          0.91703      22.718     22-Mar-2024 00:21:56
    42       4      4     100    0.2       10       0.978    -4.2648     -4.2647         10              1             50.289           1.1565           0.9374      21.396     22-Mar-2024 00:21:56
    42       5      4     100    0.2       10       0.978    -4.2648     -4.2647         10              1             50.289           1.1565          0.93126      22.626     22-Mar-2024 00:21:56
    42       6      4     100    0.2       10       0.978    -4.2648     -4.2647         10              1             50.289           1.1565           1.0511      21.626     22-Mar-2024 00:21:56
    42       7      4     100    0.2       10       0.978    -4.2648     -4.2647         10              1             50.289           1.1565          0.98589      22.605     22-Mar-2024 00:21:56
    42       8      4     100    0.2       10       0.978    -4.2648     -4.2647         10              1             50.289           1.1565          0.80982      20.849     22-Mar-2024 00:21:56
    42       9      4     100    0.2       10       0.978    -4.2648     -4.2647         10              1             50.289           1.1565          0.92229      18.504     22-Mar-2024 00:21:56
    42      10      4     100    0.2       10       0.978    -4.2648     -4.2647         10              1             50.289           1.1565          0.87755      14.798     22-Mar-2024 00:21:56
    42      11      4     100    0.2       10       0.978    -4.2648     -4.2647         10              1             50.289           1.1565          0.79022      21.448     22-Mar-2024 00:21:56
    42      12      4     100    0.2       10       0.978    -4.2648     -4.2647         10              1             50.289           1.1565           2.0054      15.853     22-Mar-2024 00:21:56
    42      13      4     100    0.2       10       0.978    -4.2648     -4.2647         10              1             50.289           1.1565          0.89658      15.853     22-Mar-2024 00:21:56
    42      14      4     100    0.2       10       0.978    -4.2648     -4.2647         10              1             50.289           1.1565          0.87841      16.055     22-Mar-2024 00:21:56
    42      15      4     100    0.2       10       0.978    -4.2648     -4.2647         10              1             50.289           1.1565          0.90428      15.853     22-Mar-2024 00:21:56
    42      16      4     100    0.2       10       0.978    -4.2648     -4.2647         10              1             50.289           1.1565          0.81307      16.283     22-Mar-2024 00:21:56
    42      17      4     100    0.2       10       0.978    -4.2648     -4.2647         10              1             50.289           1.1565          0.91193      15.855     22-Mar-2024 00:21:56
    42      18      4     100    0.2       10       0.978    -4.2648     -4.2647         10              1             50.289           1.1565           1.1031      15.798     22-Mar-2024 00:21:56
    42      19      4     100    0.2       10       0.978    -4.2648     -4.2647         10              1             50.289           1.1565          0.92973      15.712     22-Mar-2024 00:21:56
    42      20      4     100    0.2       10       0.978    -4.2648     -4.2647         10              1             50.289           1.1565           0.8237      14.824     22-Mar-2024 00:21:56
    42      21      4     100    0.2       10       0.978    -4.2648     -4.2647         10              1             50.289           1.1565          0.92411      14.952     22-Mar-2024 00:21:56
    42      22      4     100    0.2       10       0.978    -4.2648     -4.2647         10              1             50.289           1.1565          0.85985      16.033     22-Mar-2024 00:21:56
    42      23      4     100    0.2       10       0.978    -4.2648     -4.2647         10              1             50.289           1.1565           1.0014      14.727     22-Mar-2024 00:21:56
    42      24      4     100    0.2       10       0.978    -4.2648     -4.2647         10              1             50.289           1.1565           1.0483      14.778     22-Mar-2024 00:21:56
    42      25      4     100    0.2       10       0.978    -4.2648     -4.2647         10              1             50.289           1.1565           1.1623       14.78     22-Mar-2024 00:21:56
    42      26      4     100    0.2       10       0.978    -4.2648     -4.2647         10              1             50.289           1.1565          0.88141      14.368     22-Mar-2024 00:21:56
    42      27      4     100    0.2       10       0.978    -4.2648     -4.2647         10              1             50.289           1.1565          0.90318      16.345     22-Mar-2024 00:21:56
    42      28      4     100    0.2       10       0.978    -4.2648     -4.2647         10              1             50.289           1.1565          0.79548      17.245     22-Mar-2024 00:21:56
    42      29      4     100    0.2       10       0.978    -4.2648     -4.2647         10              1             50.289           1.1565          0.90369      16.202     22-Mar-2024 00:21:56
    42      30      4     100    0.2       10       0.978    -4.2648     -4.2647         10              1             50.289           1.1565          0.90739      18.294     22-Mar-2024 00:21:56


rep =

    43

replication: (43)th 

thres=0.239246
1 th thresholding

  breakyes = 1.0,  maxresidual < 1.00e-04  breakyes=1.0,  maxresidual < 1.00e-06
16 entries survived 

2 th thresholding

  breakyes=1.4,  maxresidual < 1.00e-06
14 entries survived 

3 th thresholding

  breakyes=1.0,  maxresidual < 1.00e-06
14 entries survived 

4 th thresholding

  breakyes=1.0,  maxresidual < 1.00e-06
15 entries survived 

5 th thresholding

  breakyes=1.0,  maxresidual < 1.00e-06
15 entries survived 

6 th thresholding

  breakyes=1.0,  maxresidual < 1.00e-06
15 entries survived 

7 th thresholding

  breakyes=1.0,  maxresidual < 1.00e-06
15 entries survived 

8 th thresholding

  breakyes=1.0,  maxresidual < 1.00e-06
15 entries survived 

9 th thresholding

  breakyes=1.0,  maxresidual < 1.00e-06
15 entries survived 

10 th thresholding

  breakyes=1.0,  maxresidual < 1.00e-06
15 entries survived 

11 th thresholding

  breakyes=1.0,  maxresidual < 1.00e-06
15 entries survived 

12 th thresholding

  breakyes=1.0,  maxresidual < 1.00e-06
15 entries survived 

13 th thresholding

  breakyes=1.0,  maxresidual < 1.00e-06
15 entries survived 

14 th thresholding

  breakyes=1.0,  maxresidual < 1.00e-06
15 entries survived 

15 th thresholding

  breakyes=1.0,  maxresidual < 1.00e-06
15 entries survived 

16 th thresholding

  breakyes=1.0,  maxresidual < 1.00e-06
15 entries survived 

17 th thresholding

  breakyes=1.0,  maxresidual < 1.00e-06
15 entries survived 

18 th thresholding

  breakyes=1.0,  maxresidual < 1.00e-06
15 entries survived 

19 th thresholding

  breakyes=1.0,  maxresidual < 1.00e-06
15 entries survived 

20 th thresholding

  breakyes=1.0,  maxresidual < 1.00e-06
15 entries survived 

21 th thresholding

  breakyes=1.0,  maxresidual < 1.00e-06
15 entries survived 

22 th thresholding

  breakyes=1.0,  maxresidual < 1.00e-06
15 entries survived 

23 th thresholding

  breakyes=1.0,  maxresidual < 1.00e-06
15 entries survived 

24 th thresholding

  breakyes=1.0,  maxresidual < 1.00e-06
15 entries survived 

25 th thresholding

  breakyes=1.0,  maxresidual < 1.00e-06
15 entries survived 

26 th thresholding

  breakyes=1.0,  maxresidual < 1.00e-06
15 entries survived 

27 th thresholding

  breakyes=1.0,  maxresidual < 1.00e-06
15 entries survived 

28 th thresholding

  breakyes=1.0,  maxresidual < 1.00e-06
15 entries survived 

29 th thresholding

  breakyes=1.0,  maxresidual < 1.00e-06
15 entries survived 

30 th thresholding

  breakyes=1.0,  maxresidual < 1.00e-06
15 entries survived 

acc_vec =

    0.9700
    0.9780
    0.9800
    0.9820
    0.9820
    0.9820
    0.9820
    0.9820
    0.9820
    0.9820
    0.9820
    0.9820
    0.9820
    0.9820
    0.9820
    0.9820
    0.9820
    0.9820
    0.9820
    0.9820
    0.9820
    0.9820
    0.9820
    0.9820
    0.9820
    0.9820
    0.9820
    0.9820
    0.9820
    0.9820
    0.9820

acc =0.970000  0.978000  0.980000  0.982000  0.982000  0.982000  0.982000  0.982000  0.982000  0.982000  0.982000  0.982000  0.982000  0.982000  0.982000  0.982000  0.982000  0.982000  0.982000  0.982000  0.982000  0.982000  0.982000  0.982000  0.982000  0.982000  0.982000  0.982000  0.982000  0.982000  0.982000 

discov_true_vec =

    10
    10
    10
    10
    10
    10
    10
    10
    10
    10
    10
    10
    10
    10
    10
    10
    10
    10
    10
    10
    10
    10
    10
    10
    10
    10
    10
    10
    10
    10


discov_false_vec =

     6
     4
     4
     5
     5
     5
     5
     5
     5
     5
     5
     5
     5
     5
     5
     5
     5
     5
     5
     5
     5
     5
     5
     5
     5
     5
     5
     5
     5
     5


data =

  31x16 table

    rep    iter    sep    dim    rho    sparsity     acc     obj_prim    obj_dual    discov_true    discov_false    diff_x_tilde    diff_omega_diag    time_isee    time_SDP          jobdate       
    ___    ____    ___    ___    ___    ________    _____    ________    ________    ___________    ____________    ____________    _______________    _________    ________    ____________________

    43       0      4     100    0.2       10        0.97          0           0          0              0                  0                0                0           0     22-Mar-2024 00:31:31
    43       1      4     100    0.2       10       0.978    -4.1148     -4.1148         10              6             46.862           1.0834           1.3086      12.313     22-Mar-2024 00:31:31
    43       2      4     100    0.2       10        0.98    -3.9446     -3.9446         10              4             46.706           1.0588          0.89663      24.778     22-Mar-2024 00:31:31
    43       3      4     100    0.2       10       0.982    -4.1777     -4.1777         10              4             46.774           1.0916          0.89322       18.06     22-Mar-2024 00:31:31
    43       4      4     100    0.2       10       0.982    -4.1914     -4.1914         10              5             46.942           1.0786           1.1009      16.602     22-Mar-2024 00:31:31
    43       5      4     100    0.2       10       0.982    -4.1914     -4.1914         10              5             46.942           1.0786           0.9007      16.731     22-Mar-2024 00:31:31
    43       6      4     100    0.2       10       0.982    -4.1914     -4.1914         10              5             46.942           1.0786           1.2563      16.963     22-Mar-2024 00:31:31
    43       7      4     100    0.2       10       0.982    -4.1914     -4.1914         10              5             46.942           1.0786           1.0029      22.408     22-Mar-2024 00:31:31
    43       8      4     100    0.2       10       0.982    -4.1914     -4.1914         10              5             46.942           1.0786          0.86213      18.921     22-Mar-2024 00:31:31
    43       9      4     100    0.2       10       0.982    -4.1914     -4.1914         10              5             46.942           1.0786           1.0254      16.746     22-Mar-2024 00:31:31
    43      10      4     100    0.2       10       0.982    -4.1914     -4.1914         10              5             46.942           1.0786          0.79649      22.359     22-Mar-2024 00:31:31
    43      11      4     100    0.2       10       0.982    -4.1914     -4.1914         10              5             46.942           1.0786           1.0987      18.245     22-Mar-2024 00:31:31
    43      12      4     100    0.2       10       0.982    -4.1914     -4.1914         10              5             46.942           1.0786          0.81104      17.264     22-Mar-2024 00:31:31
    43      13      4     100    0.2       10       0.982    -4.1914     -4.1914         10              5             46.942           1.0786          0.91602      17.972     22-Mar-2024 00:31:31
    43      14      4     100    0.2       10       0.982    -4.1914     -4.1914         10              5             46.942           1.0786          0.80199      20.579     22-Mar-2024 00:31:31
    43      15      4     100    0.2       10       0.982    -4.1914     -4.1914         10              5             46.942           1.0786           1.0417       20.26     22-Mar-2024 00:31:31
    43      16      4     100    0.2       10       0.982    -4.1914     -4.1914         10              5             46.942           1.0786           1.2012      15.934     22-Mar-2024 00:31:31
    43      17      4     100    0.2       10       0.982    -4.1914     -4.1914         10              5             46.942           1.0786          0.92998      15.821     22-Mar-2024 00:31:31
    43      18      4     100    0.2       10       0.982    -4.1914     -4.1914         10              5             46.942           1.0786           1.1497      16.028     22-Mar-2024 00:31:31
    43      19      4     100    0.2       10       0.982    -4.1914     -4.1914         10              5             46.942           1.0786           1.3532      15.155     22-Mar-2024 00:31:31
    43      20      4     100    0.2       10       0.982    -4.1914     -4.1914         10              5             46.942           1.0786          0.81133      16.119     22-Mar-2024 00:31:31
    43      21      4     100    0.2       10       0.982    -4.1914     -4.1914         10              5             46.942           1.0786            1.375      13.433     22-Mar-2024 00:31:31
    43      22      4     100    0.2       10       0.982    -4.1914     -4.1914         10              5             46.942           1.0786          0.98112      13.474     22-Mar-2024 00:31:31
    43      23      4     100    0.2       10       0.982    -4.1914     -4.1914         10              5             46.942           1.0786          0.96154      15.776     22-Mar-2024 00:31:31
    43      24      4     100    0.2       10       0.982    -4.1914     -4.1914         10              5             46.942           1.0786           1.3244      18.299     22-Mar-2024 00:31:31
    43      25      4     100    0.2       10       0.982    -4.1914     -4.1914         10              5             46.942           1.0786          0.93157      21.446     22-Mar-2024 00:31:31
    43      26      4     100    0.2       10       0.982    -4.1914     -4.1914         10              5             46.942           1.0786           0.9847      21.775     22-Mar-2024 00:31:31
    43      27      4     100    0.2       10       0.982    -4.1914     -4.1914         10              5             46.942           1.0786            1.024      22.528     22-Mar-2024 00:31:31
    43      28      4     100    0.2       10       0.982    -4.1914     -4.1914         10              5             46.942           1.0786           1.2111      21.134     22-Mar-2024 00:31:31
    43      29      4     100    0.2       10       0.982    -4.1914     -4.1914         10              5             46.942           1.0786           1.0118      18.582     22-Mar-2024 00:31:31
    43      30      4     100    0.2       10       0.982    -4.1914     -4.1914         10              5             46.942           1.0786           1.2531      17.963     22-Mar-2024 00:31:31


rep =

    44

replication: (44)th 

thres=0.239246
1 th thresholding

  breakyes=1.4,  maxresidual < 1.00e-06
18 entries survived 

2 th thresholding

  breakyes=1.0,  maxresidual < 1.00e-06
15 entries survived 

3 th thresholding

  breakyes=1.0,  maxresidual < 1.00e-06
13 entries survived 

4 th thresholding

  breakyes=1.0,  maxresidual < 1.00e-06
15 entries survived 

5 th thresholding

  breakyes=1.0,  maxresidual < 1.00e-06
12 entries survived 

6 th thresholding

  breakyes=1.0,  maxresidual < 1.00e-06
14 entries survived 

7 th thresholding

  breakyes=1.0,  maxresidual < 1.00e-06
15 entries survived 

8 th thresholding

  breakyes=1.4,  maxresidual < 1.00e-06
14 entries survived 

9 th thresholding

  breakyes=1.0,  maxresidual < 1.00e-06
13 entries survived 

10 th thresholding

  breakyes=1.4,  maxresidual < 1.00e-06
13 entries survived 

11 th thresholding

  breakyes=1.0,  maxresidual < 1.00e-06
12 entries survived 

12 th thresholding

  breakyes=1.0,  maxresidual < 1.00e-06
13 entries survived 

13 th thresholding

  breakyes=1.0,  maxresidual < 1.00e-06
13 entries survived 

14 th thresholding

  breakyes=1.4,  maxresidual < 1.00e-06
13 entries survived 

15 th thresholding

  breakyes=1.0,  maxresidual < 1.00e-06
12 entries survived 

16 th thresholding

  breakyes=1.0,  maxresidual < 1.00e-06
13 entries survived 

17 th thresholding

  breakyes=1.0,  maxresidual < 1.00e-06
13 entries survived 

18 th thresholding

  breakyes=1.4,  maxresidual < 1.00e-06
13 entries survived 

19 th thresholding

  breakyes=1.0,  maxresidual < 1.00e-06
12 entries survived 

20 th thresholding

  breakyes=1.0,  maxresidual < 1.00e-06
13 entries survived 

21 th thresholding

  breakyes=1.0,  maxresidual < 1.00e-06
13 entries survived 

22 th thresholding

  breakyes=1.4,  maxresidual < 1.00e-06
13 entries survived 

23 th thresholding

  breakyes=1.0,  maxresidual < 1.00e-06
12 entries survived 

24 th thresholding

  breakyes=1.0,  maxresidual < 1.00e-06
13 entries survived 

25 th thresholding

  breakyes=1.0,  maxresidual < 1.00e-06
13 entries survived 

26 th thresholding

  breakyes=1.4,  maxresidual < 1.00e-06
13 entries survived 

27 th thresholding

  breakyes=1.0,  maxresidual < 1.00e-06
12 entries survived 

28 th thresholding

  breakyes=1.0,  maxresidual < 1.00e-06
13 entries survived 

29 th thresholding

  breakyes=1.0,  maxresidual < 1.00e-06
13 entries survived 

30 th thresholding

  breakyes=1.4,  maxresidual < 1.00e-06
13 entries survived 

acc_vec =

    0.9540
    0.9640
    0.9660
    0.9700
    0.9640
    0.9720
    0.9680
    0.9660
    0.9700
    0.9680
    0.9680
    0.9680
    0.9700
    0.9680
    0.9680
    0.9680
    0.9700
    0.9680
    0.9680
    0.9680
    0.9700
    0.9680
    0.9680
    0.9680
    0.9700
    0.9680
    0.9680
    0.9680
    0.9700
    0.9680
    0.9680

acc =0.954000  0.964000  0.966000  0.970000  0.964000  0.972000  0.968000  0.966000  0.970000  0.968000  0.968000  0.968000  0.970000  0.968000  0.968000  0.968000  0.970000  0.968000  0.968000  0.968000  0.970000  0.968000  0.968000  0.968000  0.970000  0.968000  0.968000  0.968000  0.970000  0.968000  0.968000 

discov_true_vec =

    10
    10
    10
    10
    10
    10
    10
    10
    10
    10
    10
    10
    10
    10
    10
    10
    10
    10
    10
    10
    10
    10
    10
    10
    10
    10
    10
    10
    10
    10


discov_false_vec =

     8
     5
     3
     5
     2
     4
     5
     4
     3
     3
     2
     3
     3
     3
     2
     3
     3
     3
     2
     3
     3
     3
     2
     3
     3
     3
     2
     3
     3
     3


data =

  31x16 table

    rep    iter    sep    dim    rho    sparsity     acc     obj_prim    obj_dual    discov_true    discov_false    diff_x_tilde    diff_omega_diag    time_isee    time_SDP          jobdate       
    ___    ____    ___    ___    ___    ________    _____    ________    ________    ___________    ____________    ____________    _______________    _________    ________    ____________________

    44       0      4     100    0.2       10       0.954          0           0          0              0                  0                0                0           0     22-Mar-2024 00:43:35
    44       1      4     100    0.2       10       0.964    -4.4411     -4.4411         10              8             46.123           1.0209           1.2318      25.453     22-Mar-2024 00:43:35
    44       2      4     100    0.2       10       0.966    -4.5196     -4.5196         10              5             47.928           1.1319          0.91693      20.334     22-Mar-2024 00:43:35
    44       3      4     100    0.2       10        0.97     -4.337     -4.3369         10              3             46.841           1.0721           1.3384      22.109     22-Mar-2024 00:43:35
    44       4      4     100    0.2       10       0.964    -4.5397     -4.5397         10              5             48.937             1.13          0.78738      35.192     22-Mar-2024 00:43:35
    44       5      4     100    0.2       10       0.972    -4.5481     -4.5481         10              2             48.507           1.1409           1.1117      21.854     22-Mar-2024 00:43:35
    44       6      4     100    0.2       10       0.968    -4.4479     -4.4479         10              4             47.181           1.0837           0.7862      17.671     22-Mar-2024 00:43:35
    44       7      4     100    0.2       10       0.966    -4.6634     -4.6634         10              5             48.788           1.1592          0.90083       20.95     22-Mar-2024 00:43:35
    44       8      4     100    0.2       10        0.97    -4.5281     -4.5281         10              4             47.532           1.0726          0.86033      19.973     22-Mar-2024 00:43:35
    44       9      4     100    0.2       10       0.968    -4.4634     -4.4634         10              3             48.093           1.1314          0.89147      21.714     22-Mar-2024 00:43:35
    44      10      4     100    0.2       10       0.968    -4.4146     -4.4146         10              3             47.818           1.1235           1.0962      41.714     22-Mar-2024 00:43:35
    44      11      4     100    0.2       10       0.968    -4.5699     -4.5699         10              2             48.574           1.1562           1.2808      13.037     22-Mar-2024 00:43:35
    44      12      4     100    0.2       10        0.97    -4.6226     -4.6226         10              3             48.563           1.1394          0.83919      14.716     22-Mar-2024 00:43:35
    44      13      4     100    0.2       10       0.968    -4.4634     -4.4634         10              3             48.093           1.1314          0.89421      20.524     22-Mar-2024 00:43:35
    44      14      4     100    0.2       10       0.968    -4.4146     -4.4146         10              3             47.818           1.1235          0.76867      39.874     22-Mar-2024 00:43:35
    44      15      4     100    0.2       10       0.968    -4.5699     -4.5699         10              2             48.574           1.1562           1.5131      11.945     22-Mar-2024 00:43:35
    44      16      4     100    0.2       10        0.97    -4.6226     -4.6226         10              3             48.563           1.1394          0.77104      13.783     22-Mar-2024 00:43:35
    44      17      4     100    0.2       10       0.968    -4.4634     -4.4634         10              3             48.093           1.1314          0.77237      18.607     22-Mar-2024 00:43:35
    44      18      4     100    0.2       10       0.968    -4.4146     -4.4146         10              3             47.818           1.1235            1.294      33.149     22-Mar-2024 00:43:35
    44      19      4     100    0.2       10       0.968    -4.5699     -4.5699         10              2             48.574           1.1562          0.99124      11.103     22-Mar-2024 00:43:35
    44      20      4     100    0.2       10        0.97    -4.6226     -4.6226         10              3             48.563           1.1394          0.78384      13.012     22-Mar-2024 00:43:35
    44      21      4     100    0.2       10       0.968    -4.4634     -4.4634         10              3             48.093           1.1314          0.75639      22.061     22-Mar-2024 00:43:35
    44      22      4     100    0.2       10       0.968    -4.4146     -4.4146         10              3             47.818           1.1235          0.94833      38.186     22-Mar-2024 00:43:35
    44      23      4     100    0.2       10       0.968    -4.5699     -4.5699         10              2             48.574           1.1562           1.5243      12.572     22-Mar-2024 00:43:35
    44      24      4     100    0.2       10        0.97    -4.6226     -4.6226         10              3             48.563           1.1394          0.83044       15.54     22-Mar-2024 00:43:35
    44      25      4     100    0.2       10       0.968    -4.4634     -4.4634         10              3             48.093           1.1314          0.90026      23.104     22-Mar-2024 00:43:35
    44      26      4     100    0.2       10       0.968    -4.4146     -4.4146         10              3             47.818           1.1235          0.78942      45.229     22-Mar-2024 00:43:35
    44      27      4     100    0.2       10       0.968    -4.5699     -4.5699         10              2             48.574           1.1562           1.2636      17.174     22-Mar-2024 00:43:35
    44      28      4     100    0.2       10        0.97    -4.6226     -4.6226         10              3             48.563           1.1394           0.8385      20.347     22-Mar-2024 00:43:35
    44      29      4     100    0.2       10       0.968    -4.4634     -4.4634         10              3             48.093           1.1314           1.3161      24.375     22-Mar-2024 00:43:35
    44      30      4     100    0.2       10       0.968    -4.4146     -4.4146         10              3             47.818           1.1235          0.98361      39.289     22-Mar-2024 00:43:35

