==========================================
SLURM_JOB_ID = 20379139
SLURM_JOB_NODELIST = a02-12
TMPDIR = /tmp/SLURM_20379139
==========================================
hello
Starting parallel pool (parpool) ...
Connected to the parallel pool (number of workers: 15).

pool = 

 ProcessPool with properties: 

            Connected: true
           NumWorkers: 15
                 Busy: false
              Cluster: Local
        AttachedFiles: {}
    AutoAddClientPath: true
            FileStore: [1x1 parallel.FileStore]
           ValueStore: [1x1 parallel.ValueStore]
          IdleTimeout: 30 minutes (30 minutes remaining)
          SpmdEnabled: true


p =

   450


Delta =

     5


s =

    10


n =

   500


ii =

    18


table_name =

    'sparse_kmeans_isee_denoise'


conn = 

  sqlite with properties:

      Database: '/home1/jongminm/sparse_kmeans/sparse_kmeans.db'
    IsReadOnly: 0
    AutoCommit: 'on'


rho =

    0.2000


M =

    0.9177

delta confirmed: 5.000000
ans =

    4.3425


rep =

    69

replication: (69)th 

thres=0.275560
1 th thresholding

  breakyes=1.4,  maxresidual < 1.00e-06
20 entries survived 

2 th thresholding

  breakyes=1.3,  maxresidual < 1.00e-06
16 entries survived 

3 th thresholding

  breakyes=1.3,  maxresidual < 1.00e-06
16 entries survived 

4 th thresholding

  breakyes=1.3,  maxresidual < 1.00e-06
16 entries survived 

5 th thresholding

  breakyes=1.3,  maxresidual < 1.00e-06
16 entries survived 

6 th thresholding

  breakyes=1.3,  maxresidual < 1.00e-06
16 entries survived 

7 th thresholding

  breakyes=1.3,  maxresidual < 1.00e-06
16 entries survived 

8 th thresholding

  breakyes=1.3,  maxresidual < 1.00e-06
16 entries survived 

9 th thresholding

  breakyes=1.3,  maxresidual < 1.00e-06
16 entries survived 

10 th thresholding

  breakyes=1.3,  maxresidual < 1.00e-06
16 entries survived 

11 th thresholding

  breakyes=1.3,  maxresidual < 1.00e-06
16 entries survived 

12 th thresholding

  breakyes=1.3,  maxresidual < 1.00e-06
16 entries survived 

13 th thresholding

  breakyes=1.3,  maxresidual < 1.00e-06
16 entries survived 

14 th thresholding

  breakyes=1.3,  maxresidual < 1.00e-06
16 entries survived 

15 th thresholding

  breakyes=1.3,  maxresidual < 1.00e-06
16 entries survived 

16 th thresholding

  breakyes=1.3,  maxresidual < 1.00e-06
16 entries survived 

17 th thresholding

  breakyes=1.3,  maxresidual < 1.00e-06
16 entries survived 

18 th thresholding

  breakyes=1.3,  maxresidual < 1.00e-06
16 entries survived 

19 th thresholding

  breakyes=1.3,  maxresidual < 1.00e-06
16 entries survived 

20 th thresholding

  breakyes=1.3,  maxresidual < 1.00e-06
16 entries survived 

21 th thresholding

  breakyes=1.3,  maxresidual < 1.00e-06
16 entries survived 

22 th thresholding

  breakyes=1.3,  maxresidual < 1.00e-06
16 entries survived 

23 th thresholding

  breakyes=1.3,  maxresidual < 1.00e-06
16 entries survived 

24 th thresholding

  breakyes=1.3,  maxresidual < 1.00e-06
16 entries survived 

25 th thresholding

  breakyes=1.3,  maxresidual < 1.00e-06
16 entries survived 

26 th thresholding

  breakyes=1.3,  maxresidual < 1.00e-06
16 entries survived 

27 th thresholding

  breakyes=1.3,  maxresidual < 1.00e-06
16 entries survived 

28 th thresholding

  breakyes=1.3,  maxresidual < 1.00e-06
16 entries survived 

29 th thresholding

  breakyes=1.3,  maxresidual < 1.00e-06
16 entries survived 

30 th thresholding

  breakyes=1.3,  maxresidual < 1.00e-06
16 entries survived 

acc_vec =

    0.9600
    0.9900
    0.9900
    0.9900
    0.9900
    0.9900
    0.9900
    0.9900
    0.9900
    0.9900
    0.9900
    0.9900
    0.9900
    0.9900
    0.9900
    0.9900
    0.9900
    0.9900
    0.9900
    0.9900
    0.9900
    0.9900
    0.9900
    0.9900
    0.9900
    0.9900
    0.9900
    0.9900
    0.9900
    0.9900
    0.9900

acc =0.960000  0.990000  0.990000  0.990000  0.990000  0.990000  0.990000  0.990000  0.990000  0.990000  0.990000  0.990000  0.990000  0.990000  0.990000  0.990000  0.990000  0.990000  0.990000  0.990000  0.990000  0.990000  0.990000  0.990000  0.990000  0.990000  0.990000  0.990000  0.990000  0.990000  0.990000 

discov_true_vec =

    10
    10
    10
    10
    10
    10
    10
    10
    10
    10
    10
    10
    10
    10
    10
    10
    10
    10
    10
    10
    10
    10
    10
    10
    10
    10
    10
    10
    10
    10


discov_false_vec =

    10
     6
     6
     6
     6
     6
     6
     6
     6
     6
     6
     6
     6
     6
     6
     6
     6
     6
     6
     6
     6
     6
     6
     6
     6
     6
     6
     6
     6
     6


data =

  31x16 table

    rep    iter    sep    dim    rho    sparsity    acc     obj_prim    obj_dual    discov_true    discov_false    diff_x_tilde    diff_omega_diag    time_isee    time_SDP          jobdate       
    ___    ____    ___    ___    ___    ________    ____    ________    ________    ___________    ____________    ____________    _______________    _________    ________    ____________________

    69       0      5     450    0.2       10       0.96          0           0          0               0                0                 0               0            0     21-Mar-2024 23:20:57
    69       1      5     450    0.2       10       0.99     -7.295     -7.2951         10              10            115.9            3.5901          19.498       19.692     21-Mar-2024 23:20:57
    69       2      5     450    0.2       10       0.99    -6.2262     -6.2262         10               6            116.3            3.6281          16.641       16.975     21-Mar-2024 23:20:57
    69       3      5     450    0.2       10       0.99    -6.2262     -6.2262         10               6            116.3            3.6281           16.87       16.236     21-Mar-2024 23:20:57
    69       4      5     450    0.2       10       0.99    -6.2262     -6.2262         10               6            116.3            3.6281          16.881       16.147     21-Mar-2024 23:20:57
    69       5      5     450    0.2       10       0.99    -6.2262     -6.2262         10               6            116.3            3.6281          16.904       16.691     21-Mar-2024 23:20:57
    69       6      5     450    0.2       10       0.99    -6.2262     -6.2262         10               6            116.3            3.6281          16.785       16.737     21-Mar-2024 23:20:57
    69       7      5     450    0.2       10       0.99    -6.2262     -6.2262         10               6            116.3            3.6281          16.432       17.019     21-Mar-2024 23:20:57
    69       8      5     450    0.2       10       0.99    -6.2262     -6.2262         10               6            116.3            3.6281          16.654       15.755     21-Mar-2024 23:20:57
    69       9      5     450    0.2       10       0.99    -6.2262     -6.2262         10               6            116.3            3.6281          16.854        16.31     21-Mar-2024 23:20:57
    69      10      5     450    0.2       10       0.99    -6.2262     -6.2262         10               6            116.3            3.6281          16.668       16.576     21-Mar-2024 23:20:57
    69      11      5     450    0.2       10       0.99    -6.2262     -6.2262         10               6            116.3            3.6281          16.623       16.819     21-Mar-2024 23:20:57
    69      12      5     450    0.2       10       0.99    -6.2262     -6.2262         10               6            116.3            3.6281          16.912       16.867     21-Mar-2024 23:20:57
    69      13      5     450    0.2       10       0.99    -6.2262     -6.2262         10               6            116.3            3.6281          16.854       16.448     21-Mar-2024 23:20:57
    69      14      5     450    0.2       10       0.99    -6.2262     -6.2262         10               6            116.3            3.6281          16.977       16.766     21-Mar-2024 23:20:57
    69      15      5     450    0.2       10       0.99    -6.2262     -6.2262         10               6            116.3            3.6281          16.716       16.523     21-Mar-2024 23:20:57
    69      16      5     450    0.2       10       0.99    -6.2262     -6.2262         10               6            116.3            3.6281          16.652       17.051     21-Mar-2024 23:20:57
    69      17      5     450    0.2       10       0.99    -6.2262     -6.2262         10               6            116.3            3.6281          17.373        15.79     21-Mar-2024 23:20:57
    69      18      5     450    0.2       10       0.99    -6.2262     -6.2262         10               6            116.3            3.6281          17.144       16.637     21-Mar-2024 23:20:57
    69      19      5     450    0.2       10       0.99    -6.2262     -6.2262         10               6            116.3            3.6281          16.978       16.475     21-Mar-2024 23:20:57
    69      20      5     450    0.2       10       0.99    -6.2262     -6.2262         10               6            116.3            3.6281          16.781       16.228     21-Mar-2024 23:20:57
    69      21      5     450    0.2       10       0.99    -6.2262     -6.2262         10               6            116.3            3.6281          16.911       16.379     21-Mar-2024 23:20:57
    69      22      5     450    0.2       10       0.99    -6.2262     -6.2262         10               6            116.3            3.6281          16.913       17.079     21-Mar-2024 23:20:57
    69      23      5     450    0.2       10       0.99    -6.2262     -6.2262         10               6            116.3            3.6281          16.754       16.405     21-Mar-2024 23:20:57
    69      24      5     450    0.2       10       0.99    -6.2262     -6.2262         10               6            116.3            3.6281          16.875       16.724     21-Mar-2024 23:20:57
    69      25      5     450    0.2       10       0.99    -6.2262     -6.2262         10               6            116.3            3.6281          16.882       16.189     21-Mar-2024 23:20:57
    69      26      5     450    0.2       10       0.99    -6.2262     -6.2262         10               6            116.3            3.6281          17.039       17.108     21-Mar-2024 23:20:57
    69      27      5     450    0.2       10       0.99    -6.2262     -6.2262         10               6            116.3            3.6281          17.097       16.611     21-Mar-2024 23:20:57
    69      28      5     450    0.2       10       0.99    -6.2262     -6.2262         10               6            116.3            3.6281          16.835       16.418     21-Mar-2024 23:20:57
    69      29      5     450    0.2       10       0.99    -6.2262     -6.2262         10               6            116.3            3.6281          16.796       16.665     21-Mar-2024 23:20:57
    69      30      5     450    0.2       10       0.99    -6.2262     -6.2262         10               6            116.3            3.6281           16.96       16.638     21-Mar-2024 23:20:57


rep =

    70

replication: (70)th 

thres=0.275560
1 th thresholding

  breakyes=1.3,  maxresidual < 1.00e-06
17 entries survived 

2 th thresholding

  breakyes=1.0,  maxresidual < 1.00e-06
15 entries survived 

3 th thresholding

  breakyes=1.4,  maxresidual < 1.00e-06
14 entries survived 

4 th thresholding

  breakyes=1.4,  maxresidual < 1.00e-06
14 entries survived 

5 th thresholding

  breakyes=1.4,  maxresidual < 1.00e-06
14 entries survived 

6 th thresholding

  breakyes=1.4,  maxresidual < 1.00e-06
14 entries survived 

7 th thresholding

  breakyes=1.4,  maxresidual < 1.00e-06
14 entries survived 

8 th thresholding

  breakyes=1.4,  maxresidual < 1.00e-06
14 entries survived 

9 th thresholding

  breakyes=1.4,  maxresidual < 1.00e-06
14 entries survived 

10 th thresholding

  breakyes=1.4,  maxresidual < 1.00e-06
14 entries survived 

11 th thresholding

  breakyes=1.4,  maxresidual < 1.00e-06
14 entries survived 

12 th thresholding

  breakyes=1.4,  maxresidual < 1.00e-06
14 entries survived 

13 th thresholding

  breakyes=1.4,  maxresidual < 1.00e-06
14 entries survived 

14 th thresholding

  breakyes=1.4,  maxresidual < 1.00e-06
14 entries survived 

15 th thresholding

  breakyes=1.4,  maxresidual < 1.00e-06
14 entries survived 

16 th thresholding

  breakyes=1.4,  maxresidual < 1.00e-06
14 entries survived 

17 th thresholding

  breakyes=1.4,  maxresidual < 1.00e-06
14 entries survived 

18 th thresholding

  breakyes=1.4,  maxresidual < 1.00e-06
14 entries survived 

19 th thresholding

  breakyes=1.4,  maxresidual < 1.00e-06
14 entries survived 

20 th thresholding

  breakyes=1.4,  maxresidual < 1.00e-06
14 entries survived 

21 th thresholding

  breakyes=1.4,  maxresidual < 1.00e-06
14 entries survived 

22 th thresholding

  breakyes=1.4,  maxresidual < 1.00e-06
14 entries survived 

23 th thresholding

  breakyes=1.4,  maxresidual < 1.00e-06
14 entries survived 

24 th thresholding

  breakyes=1.4,  maxresidual < 1.00e-06
14 entries survived 

25 th thresholding

  breakyes=1.4,  maxresidual < 1.00e-06
14 entries survived 

26 th thresholding

  breakyes=1.4,  maxresidual < 1.00e-06
14 entries survived 

27 th thresholding

  breakyes=1.4,  maxresidual < 1.00e-06
14 entries survived 

28 th thresholding

  breakyes=1.4,  maxresidual < 1.00e-06
14 entries survived 

29 th thresholding

  breakyes=1.4,  maxresidual < 1.00e-06
14 entries survived 

30 th thresholding

  breakyes=1.4,  maxresidual < 1.00e-06
14 entries survived 

acc_vec =

    0.9720
    0.9900
    0.9920
    0.9900
    0.9900
    0.9900
    0.9900
    0.9900
    0.9900
    0.9900
    0.9900
    0.9900
    0.9900
    0.9900
    0.9900
    0.9900
    0.9900
    0.9900
    0.9900
    0.9900
    0.9900
    0.9900
    0.9900
    0.9900
    0.9900
    0.9900
    0.9900
    0.9900
    0.9900
    0.9900
    0.9900

acc =0.972000  0.990000  0.992000  0.990000  0.990000  0.990000  0.990000  0.990000  0.990000  0.990000  0.990000  0.990000  0.990000  0.990000  0.990000  0.990000  0.990000  0.990000  0.990000  0.990000  0.990000  0.990000  0.990000  0.990000  0.990000  0.990000  0.990000  0.990000  0.990000  0.990000  0.990000 

discov_true_vec =

    10
    10
    10
    10
    10
    10
    10
    10
    10
    10
    10
    10
    10
    10
    10
    10
    10
    10
    10
    10
    10
    10
    10
    10
    10
    10
    10
    10
    10
    10


discov_false_vec =

     7
     5
     4
     4
     4
     4
     4
     4
     4
     4
     4
     4
     4
     4
     4
     4
     4
     4
     4
     4
     4
     4
     4
     4
     4
     4
     4
     4
     4
     4


data =

  31x16 table

    rep    iter    sep    dim    rho    sparsity     acc     obj_prim    obj_dual    discov_true    discov_false    diff_x_tilde    diff_omega_diag    time_isee    time_SDP          jobdate       
    ___    ____    ___    ___    ___    ________    _____    ________    ________    ___________    ____________    ____________    _______________    _________    ________    ____________________

    70       0      5     450    0.2       10       0.972          0           0          0              0                  0                0               0            0     21-Mar-2024 23:40:47
    70       1      5     450    0.2       10        0.99    -7.6354     -7.6354         10              7             114.65           3.5585           17.25       36.719     21-Mar-2024 23:40:47
    70       2      5     450    0.2       10       0.992    -7.2241     -7.2242         10              5             116.07           3.6495          17.298       10.138     21-Mar-2024 23:40:47
    70       3      5     450    0.2       10        0.99    -6.8272     -6.8279         10              4             115.87           3.6179          16.879        16.49     21-Mar-2024 23:40:47
    70       4      5     450    0.2       10        0.99    -6.7664     -6.7665         10              4             116.05           3.6534           16.83       23.996     21-Mar-2024 23:40:47
    70       5      5     450    0.2       10        0.99    -6.7664     -6.7665         10              4             116.05           3.6534          16.906       22.657     21-Mar-2024 23:40:47
    70       6      5     450    0.2       10        0.99    -6.7664     -6.7665         10              4             116.05           3.6534          17.093       23.051     21-Mar-2024 23:40:47
    70       7      5     450    0.2       10        0.99    -6.7664     -6.7665         10              4             116.05           3.6534          17.014       23.111     21-Mar-2024 23:40:47
    70       8      5     450    0.2       10        0.99    -6.7664     -6.7665         10              4             116.05           3.6534          17.427       22.606     21-Mar-2024 23:40:47
    70       9      5     450    0.2       10        0.99    -6.7664     -6.7665         10              4             116.05           3.6534          17.377       22.193     21-Mar-2024 23:40:47
    70      10      5     450    0.2       10        0.99    -6.7664     -6.7665         10              4             116.05           3.6534          16.967        22.68     21-Mar-2024 23:40:47
    70      11      5     450    0.2       10        0.99    -6.7664     -6.7665         10              4             116.05           3.6534          17.261       22.527     21-Mar-2024 23:40:47
    70      12      5     450    0.2       10        0.99    -6.7664     -6.7665         10              4             116.05           3.6534          17.155       22.661     21-Mar-2024 23:40:47
    70      13      5     450    0.2       10        0.99    -6.7664     -6.7665         10              4             116.05           3.6534          17.096       22.294     21-Mar-2024 23:40:47
    70      14      5     450    0.2       10        0.99    -6.7664     -6.7665         10              4             116.05           3.6534          16.832       22.763     21-Mar-2024 23:40:47
    70      15      5     450    0.2       10        0.99    -6.7664     -6.7665         10              4             116.05           3.6534          16.941       22.958     21-Mar-2024 23:40:47
    70      16      5     450    0.2       10        0.99    -6.7664     -6.7665         10              4             116.05           3.6534          17.041       22.751     21-Mar-2024 23:40:47
    70      17      5     450    0.2       10        0.99    -6.7664     -6.7665         10              4             116.05           3.6534          17.125       22.704     21-Mar-2024 23:40:47
    70      18      5     450    0.2       10        0.99    -6.7664     -6.7665         10              4             116.05           3.6534          17.033       21.315     21-Mar-2024 23:40:47
    70      19      5     450    0.2       10        0.99    -6.7664     -6.7665         10              4             116.05           3.6534          17.067       22.181     21-Mar-2024 23:40:47
    70      20      5     450    0.2       10        0.99    -6.7664     -6.7665         10              4             116.05           3.6534          17.311       22.257     21-Mar-2024 23:40:47
    70      21      5     450    0.2       10        0.99    -6.7664     -6.7665         10              4             116.05           3.6534          16.777       22.399     21-Mar-2024 23:40:47
    70      22      5     450    0.2       10        0.99    -6.7664     -6.7665         10              4             116.05           3.6534           17.06       22.635     21-Mar-2024 23:40:47
    70      23      5     450    0.2       10        0.99    -6.7664     -6.7665         10              4             116.05           3.6534          17.124       22.977     21-Mar-2024 23:40:47
    70      24      5     450    0.2       10        0.99    -6.7664     -6.7665         10              4             116.05           3.6534          17.158       22.571     21-Mar-2024 23:40:47
    70      25      5     450    0.2       10        0.99    -6.7664     -6.7665         10              4             116.05           3.6534          17.064       22.594     21-Mar-2024 23:40:47
    70      26      5     450    0.2       10        0.99    -6.7664     -6.7665         10              4             116.05           3.6534          16.989       23.239     21-Mar-2024 23:40:47
    70      27      5     450    0.2       10        0.99    -6.7664     -6.7665         10              4             116.05           3.6534          16.776       23.179     21-Mar-2024 23:40:47
    70      28      5     450    0.2       10        0.99    -6.7664     -6.7665         10              4             116.05           3.6534          17.289       23.371     21-Mar-2024 23:40:47
    70      29      5     450    0.2       10        0.99    -6.7664     -6.7665         10              4             116.05           3.6534          17.178       22.948     21-Mar-2024 23:40:47
    70      30      5     450    0.2       10        0.99    -6.7664     -6.7665         10              4             116.05           3.6534          16.956       23.036     21-Mar-2024 23:40:47


rep =

    71

replication: (71)th 

thres=0.275560
1 th thresholding

  breakyes=3.2,  dualfeasorg deteriorated too much: primfeasorg=2.39e-06,dualfeasorg=9.25e-06
18 entries survived 

2 th thresholding

  breakyes=3.1,  primfeasorg deteriorated too much: primfeasorg=4.36e-05,dualfeasorg=5.40e-05
16 entries survived 

3 th thresholding

  breakyes=3.1,  primfeasorg deteriorated too much: primfeasorg=4.36e-05,dualfeasorg=5.40e-05
16 entries survived 

4 th thresholding

  breakyes=3.1,  primfeasorg deteriorated too much: primfeasorg=4.36e-05,dualfeasorg=5.40e-05
16 entries survived 

5 th thresholding

  breakyes=3.1,  primfeasorg deteriorated too much: primfeasorg=4.36e-05,dualfeasorg=5.40e-05
16 entries survived 

6 th thresholding

  breakyes=3.1,  primfeasorg deteriorated too much: primfeasorg=4.36e-05,dualfeasorg=5.40e-05
16 entries survived 

7 th thresholding

  breakyes=3.1,  primfeasorg deteriorated too much: primfeasorg=4.36e-05,dualfeasorg=5.40e-05
16 entries survived 

8 th thresholding

  breakyes=3.1,  primfeasorg deteriorated too much: primfeasorg=4.36e-05,dualfeasorg=5.40e-05
16 entries survived 

9 th thresholding

  breakyes=3.1,  primfeasorg deteriorated too much: primfeasorg=4.36e-05,dualfeasorg=5.40e-05
16 entries survived 

10 th thresholding

  breakyes=3.1,  primfeasorg deteriorated too much: primfeasorg=4.36e-05,dualfeasorg=5.40e-05
16 entries survived 

11 th thresholding

  breakyes=3.1,  primfeasorg deteriorated too much: primfeasorg=4.36e-05,dualfeasorg=5.40e-05
16 entries survived 

12 th thresholding

  breakyes=3.1,  primfeasorg deteriorated too much: primfeasorg=4.36e-05,dualfeasorg=5.40e-05
16 entries survived 

13 th thresholding

  breakyes=3.1,  primfeasorg deteriorated too much: primfeasorg=4.36e-05,dualfeasorg=5.40e-05
16 entries survived 

14 th thresholding

  breakyes=3.1,  primfeasorg deteriorated too much: primfeasorg=4.36e-05,dualfeasorg=5.40e-05
16 entries survived 

15 th thresholding

  breakyes=3.1,  primfeasorg deteriorated too much: primfeasorg=4.36e-05,dualfeasorg=5.40e-05
16 entries survived 

16 th thresholding

  breakyes=3.1,  primfeasorg deteriorated too much: primfeasorg=4.36e-05,dualfeasorg=5.40e-05
16 entries survived 

17 th thresholding

  breakyes=3.1,  primfeasorg deteriorated too much: primfeasorg=4.36e-05,dualfeasorg=5.40e-05
16 entries survived 

18 th thresholding

  breakyes=3.1,  primfeasorg deteriorated too much: primfeasorg=4.36e-05,dualfeasorg=5.40e-05
16 entries survived 

19 th thresholding

  breakyes=3.1,  primfeasorg deteriorated too much: primfeasorg=4.36e-05,dualfeasorg=5.40e-05
16 entries survived 

20 th thresholding

  breakyes=3.1,  primfeasorg deteriorated too much: primfeasorg=4.36e-05,dualfeasorg=5.40e-05
16 entries survived 

21 th thresholding

  breakyes=3.1,  primfeasorg deteriorated too much: primfeasorg=4.36e-05,dualfeasorg=5.40e-05
16 entries survived 

22 th thresholding

  breakyes=3.1,  primfeasorg deteriorated too much: primfeasorg=4.36e-05,dualfeasorg=5.40e-05
16 entries survived 

23 th thresholding

  breakyes=3.1,  primfeasorg deteriorated too much: primfeasorg=4.36e-05,dualfeasorg=5.40e-05
16 entries survived 

24 th thresholding

  breakyes=3.1,  primfeasorg deteriorated too much: primfeasorg=4.36e-05,dualfeasorg=5.40e-05
16 entries survived 

25 th thresholding

  breakyes=3.1,  primfeasorg deteriorated too much: primfeasorg=4.36e-05,dualfeasorg=5.40e-05
16 entries survived 

26 th thresholding

  breakyes=3.1,  primfeasorg deteriorated too much: primfeasorg=4.36e-05,dualfeasorg=5.40e-05
16 entries survived 

27 th thresholding

  breakyes=3.1,  primfeasorg deteriorated too much: primfeasorg=4.36e-05,dualfeasorg=5.40e-05
16 entries survived 

28 th thresholding

  breakyes=3.1,  primfeasorg deteriorated too much: primfeasorg=4.36e-05,dualfeasorg=5.40e-05
16 entries survived 

29 th thresholding

  breakyes=3.1,  primfeasorg deteriorated too much: primfeasorg=4.36e-05,dualfeasorg=5.40e-05
16 entries survived 

30 th thresholding

  breakyes=3.1,  primfeasorg deteriorated too much: primfeasorg=4.36e-05,dualfeasorg=5.40e-05
16 entries survived 

acc_vec =

    0.9880
    0.9960
    0.9960
    0.9960
    0.9960
    0.9960
    0.9960
    0.9960
    0.9960
    0.9960
    0.9960
    0.9960
    0.9960
    0.9960
    0.9960
    0.9960
    0.9960
    0.9960
    0.9960
    0.9960
    0.9960
    0.9960
    0.9960
    0.9960
    0.9960
    0.9960
    0.9960
    0.9960
    0.9960
    0.9960
    0.9960

acc =0.988000  0.996000  0.996000  0.996000  0.996000  0.996000  0.996000  0.996000  0.996000  0.996000  0.996000  0.996000  0.996000  0.996000  0.996000  0.996000  0.996000  0.996000  0.996000  0.996000  0.996000  0.996000  0.996000  0.996000  0.996000  0.996000  0.996000  0.996000  0.996000  0.996000  0.996000 

discov_true_vec =

    10
    10
    10
    10
    10
    10
    10
    10
    10
    10
    10
    10
    10
    10
    10
    10
    10
    10
    10
    10
    10
    10
    10
    10
    10
    10
    10
    10
    10
    10


discov_false_vec =

     8
     6
     6
     6
     6
     6
     6
     6
     6
     6
     6
     6
     6
     6
     6
     6
     6
     6
     6
     6
     6
     6
     6
     6
     6
     6
     6
     6
     6
     6


data =

  31x16 table

    rep    iter    sep    dim    rho    sparsity     acc     obj_prim    obj_dual    discov_true    discov_false    diff_x_tilde    diff_omega_diag    time_isee    time_SDP          jobdate       
    ___    ____    ___    ___    ___    ________    _____    ________    ________    ___________    ____________    ____________    _______________    _________    ________    ____________________

    71       0      5     450    0.2       10       0.988          0           0          0              0                  0                0               0            0     21-Mar-2024 23:57:40
    71       1      5     450    0.2       10       0.996    -8.0182     -8.0182         10              8             118.25           3.7398          17.023       26.935     21-Mar-2024 23:57:40
    71       2      5     450    0.2       10       0.996    -7.9501     -7.9509         10              6              119.3           3.8508           17.07       16.504     21-Mar-2024 23:57:40
    71       3      5     450    0.2       10       0.996    -7.9501     -7.9509         10              6              119.3           3.8508          16.977       16.875     21-Mar-2024 23:57:40
    71       4      5     450    0.2       10       0.996    -7.9501     -7.9509         10              6              119.3           3.8508          17.063       16.384     21-Mar-2024 23:57:40
    71       5      5     450    0.2       10       0.996    -7.9501     -7.9509         10              6              119.3           3.8508          16.971       16.745     21-Mar-2024 23:57:40
    71       6      5     450    0.2       10       0.996    -7.9501     -7.9509         10              6              119.3           3.8508          16.675       16.353     21-Mar-2024 23:57:40
    71       7      5     450    0.2       10       0.996    -7.9501     -7.9509         10              6              119.3           3.8508          16.891       16.577     21-Mar-2024 23:57:40
    71       8      5     450    0.2       10       0.996    -7.9501     -7.9509         10              6              119.3           3.8508          17.165       16.877     21-Mar-2024 23:57:40
    71       9      5     450    0.2       10       0.996    -7.9501     -7.9509         10              6              119.3           3.8508            16.9       16.273     21-Mar-2024 23:57:40
    71      10      5     450    0.2       10       0.996    -7.9501     -7.9509         10              6              119.3           3.8508          16.982       16.387     21-Mar-2024 23:57:40
    71      11      5     450    0.2       10       0.996    -7.9501     -7.9509         10              6              119.3           3.8508          16.932       16.816     21-Mar-2024 23:57:40
    71      12      5     450    0.2       10       0.996    -7.9501     -7.9509         10              6              119.3           3.8508          16.837       16.425     21-Mar-2024 23:57:40
    71      13      5     450    0.2       10       0.996    -7.9501     -7.9509         10              6              119.3           3.8508          16.945        16.57     21-Mar-2024 23:57:40
    71      14      5     450    0.2       10       0.996    -7.9501     -7.9509         10              6              119.3           3.8508          16.889        16.19     21-Mar-2024 23:57:40
    71      15      5     450    0.2       10       0.996    -7.9501     -7.9509         10              6              119.3           3.8508          16.785       15.921     21-Mar-2024 23:57:40
    71      16      5     450    0.2       10       0.996    -7.9501     -7.9509         10              6              119.3           3.8508          17.153       15.834     21-Mar-2024 23:57:40
    71      17      5     450    0.2       10       0.996    -7.9501     -7.9509         10              6              119.3           3.8508          17.166       16.527     21-Mar-2024 23:57:40
    71      18      5     450    0.2       10       0.996    -7.9501     -7.9509         10              6              119.3           3.8508          17.089       16.619     21-Mar-2024 23:57:40
    71      19      5     450    0.2       10       0.996    -7.9501     -7.9509         10              6              119.3           3.8508          17.037       16.368     21-Mar-2024 23:57:40
    71      20      5     450    0.2       10       0.996    -7.9501     -7.9509         10              6              119.3           3.8508          16.864       16.511     21-Mar-2024 23:57:40
    71      21      5     450    0.2       10       0.996    -7.9501     -7.9509         10              6              119.3           3.8508          16.629       16.698     21-Mar-2024 23:57:40
    71      22      5     450    0.2       10       0.996    -7.9501     -7.9509         10              6              119.3           3.8508          17.154       16.463     21-Mar-2024 23:57:40
    71      23      5     450    0.2       10       0.996    -7.9501     -7.9509         10              6              119.3           3.8508          16.996        16.29     21-Mar-2024 23:57:40
    71      24      5     450    0.2       10       0.996    -7.9501     -7.9509         10              6              119.3           3.8508           16.57       16.701     21-Mar-2024 23:57:40
    71      25      5     450    0.2       10       0.996    -7.9501     -7.9509         10              6              119.3           3.8508          16.708       16.716     21-Mar-2024 23:57:40
    71      26      5     450    0.2       10       0.996    -7.9501     -7.9509         10              6              119.3           3.8508          16.675       16.291     21-Mar-2024 23:57:40
    71      27      5     450    0.2       10       0.996    -7.9501     -7.9509         10              6              119.3           3.8508          16.885       16.393     21-Mar-2024 23:57:40
    71      28      5     450    0.2       10       0.996    -7.9501     -7.9509         10              6              119.3           3.8508          17.073       16.437     21-Mar-2024 23:57:40
    71      29      5     450    0.2       10       0.996    -7.9501     -7.9509         10              6              119.3           3.8508          17.018       16.691     21-Mar-2024 23:57:40
    71      30      5     450    0.2       10       0.996    -7.9501     -7.9509         10              6              119.3           3.8508          17.095       16.726     21-Mar-2024 23:57:40


rep =

    72

replication: (72)th 

thres=0.275560
1 th thresholding


  breakyes=1.4,  maxresidual < 1.00e-06
17 entries survived 

2 th thresholding

  breakyes=1.4,  maxresidual < 1.00e-06
16 entries survived 

3 th thresholding

  breakyes=1.4,  maxresidual < 1.00e-06
16 entries survived 

4 th thresholding

  breakyes=1.4,  maxresidual < 1.00e-06
16 entries survived 

5 th thresholding

  breakyes=1.4,  maxresidual < 1.00e-06
16 entries survived 

6 th thresholding

  breakyes=1.4,  maxresidual < 1.00e-06
16 entries survived 

7 th thresholding

  breakyes=1.4,  maxresidual < 1.00e-06
16 entries survived 

8 th thresholding

  breakyes=1.4,  maxresidual < 1.00e-06
16 entries survived 

9 th thresholding

  breakyes=1.4,  maxresidual < 1.00e-06
16 entries survived 

10 th thresholding

  breakyes=1.4,  maxresidual < 1.00e-06
16 entries survived 

11 th thresholding

  breakyes=1.4,  maxresidual < 1.00e-06
16 entries survived 

12 th thresholding

  breakyes=1.4,  maxresidual < 1.00e-06
16 entries survived 

13 th thresholding

  breakyes=1.4,  maxresidual < 1.00e-06
16 entries survived 

14 th thresholding

  breakyes=1.4,  maxresidual < 1.00e-06
16 entries survived 

15 th thresholding

  breakyes=1.4,  maxresidual < 1.00e-06
16 entries survived 

16 th thresholding

  breakyes=1.4,  maxresidual < 1.00e-06
16 entries survived 

17 th thresholding

  breakyes=1.4,  maxresidual < 1.00e-06
16 entries survived 

18 th thresholding

  breakyes=1.4,  maxresidual < 1.00e-06
16 entries survived 

19 th thresholding

  breakyes=1.4,  maxresidual < 1.00e-06
16 entries survived 

20 th thresholding

  breakyes=1.4,  maxresidual < 1.00e-06
16 entries survived 

21 th thresholding

  breakyes=1.4,  maxresidual < 1.00e-06
16 entries survived 

22 th thresholding

  breakyes=1.4,  maxresidual < 1.00e-06
16 entries survived 

23 th thresholding

  breakyes=1.4,  maxresidual < 1.00e-06
16 entries survived 

24 th thresholding

  breakyes=1.4,  maxresidual < 1.00e-06
16 entries survived 

25 th thresholding

  breakyes=1.4,  maxresidual < 1.00e-06
16 entries survived 

26 th thresholding

  breakyes=1.4,  maxresidual < 1.00e-06
16 entries survived 

27 th thresholding

  breakyes=1.4,  maxresidual < 1.00e-06
16 entries survived 

28 th thresholding

  breakyes=1.4,  maxresidual < 1.00e-06
16 entries survived 

29 th thresholding

  breakyes=1.4,  maxresidual < 1.00e-06
16 entries survived 

30 th thresholding

  breakyes=1.4,  maxresidual < 1.00e-06
16 entries survived 

acc_vec =

    0.9840
    0.9840
    0.9840
    0.9840
    0.9840
    0.9840
    0.9840
    0.9840
    0.9840
    0.9840
    0.9840
    0.9840
    0.9840
    0.9840
    0.9840
    0.9840
    0.9840
    0.9840
    0.9840
    0.9840
    0.9840
    0.9840
    0.9840
    0.9840
    0.9840
    0.9840
    0.9840
    0.9840
    0.9840
    0.9840
    0.9840

acc =0.984000  0.984000  0.984000  0.984000  0.984000  0.984000  0.984000  0.984000  0.984000  0.984000  0.984000  0.984000  0.984000  0.984000  0.984000  0.984000  0.984000  0.984000  0.984000  0.984000  0.984000  0.984000  0.984000  0.984000  0.984000  0.984000  0.984000  0.984000  0.984000  0.984000  0.984000 

discov_true_vec =

    10
    10
    10
    10
    10
    10
    10
    10
    10
    10
    10
    10
    10
    10
    10
    10
    10
    10
    10
    10
    10
    10
    10
    10
    10
    10
    10
    10
    10
    10


discov_false_vec =

     7
     6
     6
     6
     6
     6
     6
     6
     6
     6
     6
     6
     6
     6
     6
     6
     6
     6
     6
     6
     6
     6
     6
     6
     6
     6
     6
     6
     6
     6


data =

  31x16 table

    rep    iter    sep    dim    rho    sparsity     acc     obj_prim    obj_dual    discov_true    discov_false    diff_x_tilde    diff_omega_diag    time_isee    time_SDP          jobdate       
    ___    ____    ___    ___    ___    ________    _____    ________    ________    ___________    ____________    ____________    _______________    _________    ________    ____________________

    72       0      5     450    0.2       10       0.984          0           0          0              0                  0                0               0            0     22-Mar-2024 00:18:49
    72       1      5     450    0.2       10       0.984    -7.1059     -7.1059         10              7             118.63           3.7492          16.892       44.088     22-Mar-2024 00:18:49
    72       2      5     450    0.2       10       0.984    -6.6386     -6.6385         10              6              116.6           3.6068          16.817       25.232     22-Mar-2024 00:18:49
    72       3      5     450    0.2       10       0.984    -6.6386     -6.6385         10              6              116.6           3.6068          16.959       24.886     22-Mar-2024 00:18:49
    72       4      5     450    0.2       10       0.984    -6.6386     -6.6385         10              6              116.6           3.6068           16.62       25.051     22-Mar-2024 00:18:49
    72       5      5     450    0.2       10       0.984    -6.6386     -6.6385         10              6              116.6           3.6068          17.064       25.221     22-Mar-2024 00:18:49
    72       6      5     450    0.2       10       0.984    -6.6386     -6.6385         10              6              116.6           3.6068          17.177        25.22     22-Mar-2024 00:18:49
    72       7      5     450    0.2       10       0.984    -6.6386     -6.6385         10              6              116.6           3.6068          16.878       25.001     22-Mar-2024 00:18:49
    72       8      5     450    0.2       10       0.984    -6.6386     -6.6385         10              6              116.6           3.6068          16.961       25.095     22-Mar-2024 00:18:49
    72       9      5     450    0.2       10       0.984    -6.6386     -6.6385         10              6              116.6           3.6068          17.252       24.997     22-Mar-2024 00:18:49
    72      10      5     450    0.2       10       0.984    -6.6386     -6.6385         10              6              116.6           3.6068          16.962        24.76     22-Mar-2024 00:18:49
    72      11      5     450    0.2       10       0.984    -6.6386     -6.6385         10              6              116.6           3.6068          16.903         24.7     22-Mar-2024 00:18:49
    72      12      5     450    0.2       10       0.984    -6.6386     -6.6385         10              6              116.6           3.6068          17.333       25.116     22-Mar-2024 00:18:49
    72      13      5     450    0.2       10       0.984    -6.6386     -6.6385         10              6              116.6           3.6068          16.905       24.605     22-Mar-2024 00:18:49
    72      14      5     450    0.2       10       0.984    -6.6386     -6.6385         10              6              116.6           3.6068          17.467       24.721     22-Mar-2024 00:18:49
    72      15      5     450    0.2       10       0.984    -6.6386     -6.6385         10              6              116.6           3.6068          17.172       24.818     22-Mar-2024 00:18:49
    72      16      5     450    0.2       10       0.984    -6.6386     -6.6385         10              6              116.6           3.6068           17.11       24.671     22-Mar-2024 00:18:49
    72      17      5     450    0.2       10       0.984    -6.6386     -6.6385         10              6              116.6           3.6068          16.925       24.598     22-Mar-2024 00:18:49
    72      18      5     450    0.2       10       0.984    -6.6386     -6.6385         10              6              116.6           3.6068          17.071       22.871     22-Mar-2024 00:18:49
    72      19      5     450    0.2       10       0.984    -6.6386     -6.6385         10              6              116.6           3.6068          16.956       24.484     22-Mar-2024 00:18:49
    72      20      5     450    0.2       10       0.984    -6.6386     -6.6385         10              6              116.6           3.6068          17.013       24.436     22-Mar-2024 00:18:49
    72      21      5     450    0.2       10       0.984    -6.6386     -6.6385         10              6              116.6           3.6068           17.01       24.837     22-Mar-2024 00:18:49
    72      22      5     450    0.2       10       0.984    -6.6386     -6.6385         10              6              116.6           3.6068           16.71       24.635     22-Mar-2024 00:18:49
    72      23      5     450    0.2       10       0.984    -6.6386     -6.6385         10              6              116.6           3.6068          16.923       24.386     22-Mar-2024 00:18:49
    72      24      5     450    0.2       10       0.984    -6.6386     -6.6385         10              6              116.6           3.6068           16.86       24.416     22-Mar-2024 00:18:49
    72      25      5     450    0.2       10       0.984    -6.6386     -6.6385         10              6              116.6           3.6068          16.894       24.498     22-Mar-2024 00:18:49
    72      26      5     450    0.2       10       0.984    -6.6386     -6.6385         10              6              116.6           3.6068          16.848       24.102     22-Mar-2024 00:18:49
    72      27      5     450    0.2       10       0.984    -6.6386     -6.6385         10              6              116.6           3.6068          17.168       24.042     22-Mar-2024 00:18:49
    72      28      5     450    0.2       10       0.984    -6.6386     -6.6385         10              6              116.6           3.6068          16.786       24.377     22-Mar-2024 00:18:49
    72      29      5     450    0.2       10       0.984    -6.6386     -6.6385         10              6              116.6           3.6068          16.956       24.583     22-Mar-2024 00:18:49
    72      30      5     450    0.2       10       0.984    -6.6386     -6.6385         10              6              116.6           3.6068          16.787       25.149     22-Mar-2024 00:18:49

