==========================================
SLURM_JOB_ID = 20378964
SLURM_JOB_NODELIST = b01-04
TMPDIR = /tmp/SLURM_20378964
==========================================
hello
Starting parallel pool (parpool) ...
Connected to the parallel pool (number of workers: 15).

pool = 

 ProcessPool with properties: 

            Connected: true
           NumWorkers: 15
                 Busy: false
              Cluster: Local
        AttachedFiles: {}
    AutoAddClientPath: true
            FileStore: [1x1 parallel.FileStore]
           ValueStore: [1x1 parallel.ValueStore]
          IdleTimeout: 30 minutes (30 minutes remaining)
          SpmdEnabled: true


p =

   150


Delta =

     5


s =

    10


n =

   500


ii =

    20


table_name =

    'sparse_kmeans_isee_denoise'


conn = 

  sqlite with properties:

      Database: '/home1/jongminm/sparse_kmeans/sparse_kmeans.db'
    IsReadOnly: 0
    AutoCommit: 'on'


rho =

    0.2000


M =

    0.9177

delta confirmed: 5.000000
ans =

    4.3425


rep =

    77

replication: (77)th 

thres=0.249556
1 th thresholding

  breakyes=1.0,  maxresidual < 1.00e-06
14 entries survived 

2 th thresholding

  breakyes=3.1,  primfeasorg deteriorated too much: primfeasorg=1.38e-05,dualfeasorg=1.89e-06
12 entries survived 

3 th thresholding

  breakyes=3.1,  primfeasorg deteriorated too much: primfeasorg=1.38e-05,dualfeasorg=1.89e-06
12 entries survived 

4 th thresholding

  breakyes=3.1,  primfeasorg deteriorated too much: primfeasorg=1.38e-05,dualfeasorg=1.89e-06
12 entries survived 

5 th thresholding

  breakyes=3.1,  primfeasorg deteriorated too much: primfeasorg=1.38e-05,dualfeasorg=1.89e-06
12 entries survived 

6 th thresholding

  breakyes=3.1,  primfeasorg deteriorated too much: primfeasorg=1.38e-05,dualfeasorg=1.89e-06
12 entries survived 

7 th thresholding

  breakyes=3.1,  primfeasorg deteriorated too much: primfeasorg=1.38e-05,dualfeasorg=1.89e-06
12 entries survived 

8 th thresholding

  breakyes=3.1,  primfeasorg deteriorated too much: primfeasorg=1.38e-05,dualfeasorg=1.89e-06
12 entries survived 

9 th thresholding

  breakyes=3.1,  primfeasorg deteriorated too much: primfeasorg=1.38e-05,dualfeasorg=1.89e-06
12 entries survived 

10 th thresholding

  breakyes=3.1,  primfeasorg deteriorated too much: primfeasorg=1.38e-05,dualfeasorg=1.89e-06
12 entries survived 

11 th thresholding

  breakyes=3.1,  primfeasorg deteriorated too much: primfeasorg=1.38e-05,dualfeasorg=1.89e-06
12 entries survived 

12 th thresholding

  breakyes=3.1,  primfeasorg deteriorated too much: primfeasorg=1.38e-05,dualfeasorg=1.89e-06
12 entries survived 

13 th thresholding

  breakyes=3.1,  primfeasorg deteriorated too much: primfeasorg=1.38e-05,dualfeasorg=1.89e-06
12 entries survived 

14 th thresholding

  breakyes=3.1,  primfeasorg deteriorated too much: primfeasorg=1.38e-05,dualfeasorg=1.89e-06
12 entries survived 

15 th thresholding

  breakyes=3.1,  primfeasorg deteriorated too much: primfeasorg=1.38e-05,dualfeasorg=1.89e-06
12 entries survived 

16 th thresholding

  breakyes=3.1,  primfeasorg deteriorated too much: primfeasorg=1.38e-05,dualfeasorg=1.89e-06
12 entries survived 

17 th thresholding

  breakyes=3.1,  primfeasorg deteriorated too much: primfeasorg=1.38e-05,dualfeasorg=1.89e-06
12 entries survived 

18 th thresholding

  breakyes=3.1,  primfeasorg deteriorated too much: primfeasorg=1.38e-05,dualfeasorg=1.89e-06
12 entries survived 

19 th thresholding

  breakyes=3.1,  primfeasorg deteriorated too much: primfeasorg=1.38e-05,dualfeasorg=1.89e-06
12 entries survived 

20 th thresholding

  breakyes=3.1,  primfeasorg deteriorated too much: primfeasorg=1.38e-05,dualfeasorg=1.89e-06
12 entries survived 

21 th thresholding

  breakyes=3.1,  primfeasorg deteriorated too much: primfeasorg=1.38e-05,dualfeasorg=1.89e-06
12 entries survived 

22 th thresholding

  breakyes=3.1,  primfeasorg deteriorated too much: primfeasorg=1.38e-05,dualfeasorg=1.89e-06
12 entries survived 

23 th thresholding

  breakyes=3.1,  primfeasorg deteriorated too much: primfeasorg=1.38e-05,dualfeasorg=1.89e-06
12 entries survived 

24 th thresholding

  breakyes=3.1,  primfeasorg deteriorated too much: primfeasorg=1.38e-05,dualfeasorg=1.89e-06
12 entries survived 

25 th thresholding

  breakyes=3.1,  primfeasorg deteriorated too much: primfeasorg=1.38e-05,dualfeasorg=1.89e-06
12 entries survived 

26 th thresholding

  breakyes=3.1,  primfeasorg deteriorated too much: primfeasorg=1.38e-05,dualfeasorg=1.89e-06
12 entries survived 

27 th thresholding

  breakyes=3.1,  primfeasorg deteriorated too much: primfeasorg=1.38e-05,dualfeasorg=1.89e-06
12 entries survived 

28 th thresholding

  breakyes=3.1,  primfeasorg deteriorated too much: primfeasorg=1.38e-05,dualfeasorg=1.89e-06
12 entries survived 

29 th thresholding

  breakyes=3.1,  primfeasorg deteriorated too much: primfeasorg=1.38e-05,dualfeasorg=1.89e-06
12 entries survived 

30 th thresholding

  breakyes=3.1,  primfeasorg deteriorated too much: primfeasorg=1.38e-05,dualfeasorg=1.89e-06
12 entries survived 

acc_vec =

    0.9860
    0.9920
    0.9920
    0.9920
    0.9920
    0.9920
    0.9920
    0.9920
    0.9920
    0.9920
    0.9920
    0.9920
    0.9920
    0.9920
    0.9920
    0.9920
    0.9920
    0.9920
    0.9920
    0.9920
    0.9920
    0.9920
    0.9920
    0.9920
    0.9920
    0.9920
    0.9920
    0.9920
    0.9920
    0.9920
    0.9920

acc =0.986000  0.992000  0.992000  0.992000  0.992000  0.992000  0.992000  0.992000  0.992000  0.992000  0.992000  0.992000  0.992000  0.992000  0.992000  0.992000  0.992000  0.992000  0.992000  0.992000  0.992000  0.992000  0.992000  0.992000  0.992000  0.992000  0.992000  0.992000  0.992000  0.992000  0.992000 

discov_true_vec =

    10
    10
    10
    10
    10
    10
    10
    10
    10
    10
    10
    10
    10
    10
    10
    10
    10
    10
    10
    10
    10
    10
    10
    10
    10
    10
    10
    10
    10
    10


discov_false_vec =

     4
     2
     2
     2
     2
     2
     2
     2
     2
     2
     2
     2
     2
     2
     2
     2
     2
     2
     2
     2
     2
     2
     2
     2
     2
     2
     2
     2
     2
     2


data =

  31x16 table

    rep    iter    sep    dim    rho    sparsity     acc     obj_prim    obj_dual    discov_true    discov_false    diff_x_tilde    diff_omega_diag    time_isee    time_SDP          jobdate       
    ___    ____    ___    ___    ___    ________    _____    ________    ________    ___________    ____________    ____________    _______________    _________    ________    ____________________

    77       0      5     150    0.2       10       0.986          0           0          0              0                  0                0               0            0     21-Mar-2024 21:13:01
    77       1      5     150    0.2       10       0.992    -8.2883     -8.2884         10              4             60.916           1.5659          3.6997       19.828     21-Mar-2024 21:13:01
    77       2      5     150    0.2       10       0.992    -7.6272     -7.6271         10              2             60.333           1.5431          2.1508       35.606     21-Mar-2024 21:13:01
    77       3      5     150    0.2       10       0.992    -7.6272     -7.6271         10              2             60.333           1.5431          2.1934       33.718     21-Mar-2024 21:13:01
    77       4      5     150    0.2       10       0.992    -7.6272     -7.6271         10              2             60.333           1.5431          2.3143       37.963     21-Mar-2024 21:13:01
    77       5      5     150    0.2       10       0.992    -7.6272     -7.6271         10              2             60.333           1.5431          1.9315       33.982     21-Mar-2024 21:13:01
    77       6      5     150    0.2       10       0.992    -7.6272     -7.6271         10              2             60.333           1.5431          1.7947       31.532     21-Mar-2024 21:13:01
    77       7      5     150    0.2       10       0.992    -7.6272     -7.6271         10              2             60.333           1.5431          2.0105        39.29     21-Mar-2024 21:13:01
    77       8      5     150    0.2       10       0.992    -7.6272     -7.6271         10              2             60.333           1.5431          1.9616       34.161     21-Mar-2024 21:13:01
    77       9      5     150    0.2       10       0.992    -7.6272     -7.6271         10              2             60.333           1.5431          1.8867       32.175     21-Mar-2024 21:13:01
    77      10      5     150    0.2       10       0.992    -7.6272     -7.6271         10              2             60.333           1.5431          1.9112       32.831     21-Mar-2024 21:13:01
    77      11      5     150    0.2       10       0.992    -7.6272     -7.6271         10              2             60.333           1.5431          1.7154       32.666     21-Mar-2024 21:13:01
    77      12      5     150    0.2       10       0.992    -7.6272     -7.6271         10              2             60.333           1.5431          1.7475        33.89     21-Mar-2024 21:13:01
    77      13      5     150    0.2       10       0.992    -7.6272     -7.6271         10              2             60.333           1.5431          1.6686       33.365     21-Mar-2024 21:13:01
    77      14      5     150    0.2       10       0.992    -7.6272     -7.6271         10              2             60.333           1.5431          1.6972       33.527     21-Mar-2024 21:13:01
    77      15      5     150    0.2       10       0.992    -7.6272     -7.6271         10              2             60.333           1.5431          1.6795       34.523     21-Mar-2024 21:13:01
    77      16      5     150    0.2       10       0.992    -7.6272     -7.6271         10              2             60.333           1.5431          1.6475       30.349     21-Mar-2024 21:13:01
    77      17      5     150    0.2       10       0.992    -7.6272     -7.6271         10              2             60.333           1.5431          1.7528       33.373     21-Mar-2024 21:13:01
    77      18      5     150    0.2       10       0.992    -7.6272     -7.6271         10              2             60.333           1.5431          1.9063       38.653     21-Mar-2024 21:13:01
    77      19      5     150    0.2       10       0.992    -7.6272     -7.6271         10              2             60.333           1.5431          1.8441        38.23     21-Mar-2024 21:13:01
    77      20      5     150    0.2       10       0.992    -7.6272     -7.6271         10              2             60.333           1.5431          1.5396       34.539     21-Mar-2024 21:13:01
    77      21      5     150    0.2       10       0.992    -7.6272     -7.6271         10              2             60.333           1.5431          1.6757       36.917     21-Mar-2024 21:13:01
    77      22      5     150    0.2       10       0.992    -7.6272     -7.6271         10              2             60.333           1.5431          1.8422       33.971     21-Mar-2024 21:13:01
    77      23      5     150    0.2       10       0.992    -7.6272     -7.6271         10              2             60.333           1.5431          1.7931        30.99     21-Mar-2024 21:13:01
    77      24      5     150    0.2       10       0.992    -7.6272     -7.6271         10              2             60.333           1.5431          1.9345       34.709     21-Mar-2024 21:13:01
    77      25      5     150    0.2       10       0.992    -7.6272     -7.6271         10              2             60.333           1.5431          1.8665       34.379     21-Mar-2024 21:13:01
    77      26      5     150    0.2       10       0.992    -7.6272     -7.6271         10              2             60.333           1.5431          1.7445       34.462     21-Mar-2024 21:13:01
    77      27      5     150    0.2       10       0.992    -7.6272     -7.6271         10              2             60.333           1.5431          1.6566       35.322     21-Mar-2024 21:13:01
    77      28      5     150    0.2       10       0.992    -7.6272     -7.6271         10              2             60.333           1.5431          1.7135       39.115     21-Mar-2024 21:13:01
    77      29      5     150    0.2       10       0.992    -7.6272     -7.6271         10              2             60.333           1.5431          1.8006       35.176     21-Mar-2024 21:13:01
    77      30      5     150    0.2       10       0.992    -7.6272     -7.6271         10              2             60.333           1.5431          1.9087       32.505     21-Mar-2024 21:13:01


rep =

    78

replication: (78)th 

thres=0.249556
1 th thresholding

  breakyes=3.1,  primfeasorg deteriorated too much: primfeasorg=1.45e-04,dualfeasorg=7.21e-06
13 entries survived 

2 th thresholding

  breakyes=1.0,  maxresidual < 1.00e-06
13 entries survived 

3 th thresholding

  breakyes=1.4,  maxresidual < 1.00e-06
12 entries survived 

4 th thresholding

  breakyes=1.4,  maxresidual < 1.00e-06
13 entries survived 

5 th thresholding

  breakyes=1.4,  maxresidual < 1.00e-06
12 entries survived 

6 th thresholding

  breakyes=1.4,  maxresidual < 1.00e-06
13 entries survived 

7 th thresholding

  breakyes=1.4,  maxresidual < 1.00e-06
12 entries survived 

8 th thresholding

  breakyes=1.4,  maxresidual < 1.00e-06
13 entries survived 

9 th thresholding

  breakyes=1.4,  maxresidual < 1.00e-06
12 entries survived 

10 th thresholding

  breakyes=1.4,  maxresidual < 1.00e-06
13 entries survived 

11 th thresholding

  breakyes=1.4,  maxresidual < 1.00e-06
12 entries survived 

12 th thresholding

  breakyes=1.4,  maxresidual < 1.00e-06
13 entries survived 

13 th thresholding

  breakyes=1.4,  maxresidual < 1.00e-06
12 entries survived 

14 th thresholding

  breakyes=1.4,  maxresidual < 1.00e-06
13 entries survived 

15 th thresholding

  breakyes=1.4,  maxresidual < 1.00e-06
12 entries survived 

16 th thresholding

  breakyes=1.4,  maxresidual < 1.00e-06
13 entries survived 

17 th thresholding

  breakyes=1.4,  maxresidual < 1.00e-06
12 entries survived 

18 th thresholding

  breakyes=1.4,  maxresidual < 1.00e-06
13 entries survived 

19 th thresholding

  breakyes=1.4,  maxresidual < 1.00e-06
12 entries survived 

20 th thresholding

  breakyes=1.4,  maxresidual < 1.00e-06
13 entries survived 

21 th thresholding

  breakyes=1.4,  maxresidual < 1.00e-06
12 entries survived 

22 th thresholding

  breakyes=1.4,  maxresidual < 1.00e-06
13 entries survived 

23 th thresholding

  breakyes=1.4,  maxresidual < 1.00e-06
12 entries survived 

24 th thresholding

  breakyes=1.4,  maxresidual < 1.00e-06
13 entries survived 

25 th thresholding

  breakyes=1.4,  maxresidual < 1.00e-06
12 entries survived 

26 th thresholding

  breakyes=1.4,  maxresidual < 1.00e-06
13 entries survived 

27 th thresholding

  breakyes=1.4,  maxresidual < 1.00e-06
12 entries survived 

28 th thresholding

  breakyes=1.4,  maxresidual < 1.00e-06
13 entries survived 

29 th thresholding

  breakyes=1.4,  maxresidual < 1.00e-06
12 entries survived 

30 th thresholding

  breakyes=1.4,  maxresidual < 1.00e-06
13 entries survived 

acc_vec =

    0.9860
    0.9880
    0.9900
    0.9880
    0.9900
    0.9880
    0.9900
    0.9880
    0.9900
    0.9880
    0.9900
    0.9880
    0.9900
    0.9880
    0.9900
    0.9880
    0.9900
    0.9880
    0.9900
    0.9880
    0.9900
    0.9880
    0.9900
    0.9880
    0.9900
    0.9880
    0.9900
    0.9880
    0.9900
    0.9880
    0.9900

acc =0.986000  0.988000  0.990000  0.988000  0.990000  0.988000  0.990000  0.988000  0.990000  0.988000  0.990000  0.988000  0.990000  0.988000  0.990000  0.988000  0.990000  0.988000  0.990000  0.988000  0.990000  0.988000  0.990000  0.988000  0.990000  0.988000  0.990000  0.988000  0.990000  0.988000  0.990000 

discov_true_vec =

    10
    10
    10
    10
    10
    10
    10
    10
    10
    10
    10
    10
    10
    10
    10
    10
    10
    10
    10
    10
    10
    10
    10
    10
    10
    10
    10
    10
    10
    10


discov_false_vec =

     3
     3
     2
     3
     2
     3
     2
     3
     2
     3
     2
     3
     2
     3
     2
     3
     2
     3
     2
     3
     2
     3
     2
     3
     2
     3
     2
     3
     2
     3


data =

  31x16 table

    rep    iter    sep    dim    rho    sparsity     acc     obj_prim    obj_dual    discov_true    discov_false    diff_x_tilde    diff_omega_diag    time_isee    time_SDP          jobdate       
    ___    ____    ___    ___    ___    ________    _____    ________    ________    ___________    ____________    ____________    _______________    _________    ________    ____________________

    78       0      5     150    0.2       10       0.986          0           0          0              0                  0                0               0            0     21-Mar-2024 21:25:44
    78       1      5     150    0.2       10       0.988    -7.5258     -7.5267         10              3             63.332           1.5834          2.4828       21.564     21-Mar-2024 21:25:44
    78       2      5     150    0.2       10        0.99    -7.5499       -7.55         10              3             63.494           1.5744           1.517       6.9247     21-Mar-2024 21:25:44
    78       3      5     150    0.2       10       0.988     -8.171       -8.17         10              2             63.324           1.5357          1.5185       24.384     21-Mar-2024 21:25:44
    78       4      5     150    0.2       10        0.99    -7.6977     -7.6977         10              3             62.585           1.4795           1.615        21.04     21-Mar-2024 21:25:44
    78       5      5     150    0.2       10       0.988     -8.171       -8.17         10              2             63.324           1.5357          1.6393       25.031     21-Mar-2024 21:25:44
    78       6      5     150    0.2       10        0.99    -7.6977     -7.6977         10              3             62.585           1.4795          1.8104       26.162     21-Mar-2024 21:25:44
    78       7      5     150    0.2       10       0.988     -8.171       -8.17         10              2             63.324           1.5357          1.5432        28.03     21-Mar-2024 21:25:44
    78       8      5     150    0.2       10        0.99    -7.6977     -7.6977         10              3             62.585           1.4795          1.6708       23.108     21-Mar-2024 21:25:44
    78       9      5     150    0.2       10       0.988     -8.171       -8.17         10              2             63.324           1.5357          2.0129       26.021     21-Mar-2024 21:25:44
    78      10      5     150    0.2       10        0.99    -7.6977     -7.6977         10              3             62.585           1.4795          1.6526       21.748     21-Mar-2024 21:25:44
    78      11      5     150    0.2       10       0.988     -8.171       -8.17         10              2             63.324           1.5357          1.7244       23.283     21-Mar-2024 21:25:44
    78      12      5     150    0.2       10        0.99    -7.6977     -7.6977         10              3             62.585           1.4795          1.9582       23.956     21-Mar-2024 21:25:44
    78      13      5     150    0.2       10       0.988     -8.171       -8.17         10              2             63.324           1.5357          1.8028       25.385     21-Mar-2024 21:25:44
    78      14      5     150    0.2       10        0.99    -7.6977     -7.6977         10              3             62.585           1.4795          1.8424       21.651     21-Mar-2024 21:25:44
    78      15      5     150    0.2       10       0.988     -8.171       -8.17         10              2             63.324           1.5357           1.809       23.852     21-Mar-2024 21:25:44
    78      16      5     150    0.2       10        0.99    -7.6977     -7.6977         10              3             62.585           1.4795          2.0796       21.158     21-Mar-2024 21:25:44
    78      17      5     150    0.2       10       0.988     -8.171       -8.17         10              2             63.324           1.5357          1.6791       25.658     21-Mar-2024 21:25:44
    78      18      5     150    0.2       10        0.99    -7.6977     -7.6977         10              3             62.585           1.4795          1.7957       23.699     21-Mar-2024 21:25:44
    78      19      5     150    0.2       10       0.988     -8.171       -8.17         10              2             63.324           1.5357          1.8692        24.62     21-Mar-2024 21:25:44
    78      20      5     150    0.2       10        0.99    -7.6977     -7.6977         10              3             62.585           1.4795          2.0072       23.306     21-Mar-2024 21:25:44
    78      21      5     150    0.2       10       0.988     -8.171       -8.17         10              2             63.324           1.5357          2.1089       28.205     21-Mar-2024 21:25:44
    78      22      5     150    0.2       10        0.99    -7.6977     -7.6977         10              3             62.585           1.4795          1.9985       20.264     21-Mar-2024 21:25:44
    78      23      5     150    0.2       10       0.988     -8.171       -8.17         10              2             63.324           1.5357          2.0074       27.155     21-Mar-2024 21:25:44
    78      24      5     150    0.2       10        0.99    -7.6977     -7.6977         10              3             62.585           1.4795          1.7915       24.219     21-Mar-2024 21:25:44
    78      25      5     150    0.2       10       0.988     -8.171       -8.17         10              2             63.324           1.5357          1.5946        24.71     21-Mar-2024 21:25:44
    78      26      5     150    0.2       10        0.99    -7.6977     -7.6977         10              3             62.585           1.4795          1.8326       21.778     21-Mar-2024 21:25:44
    78      27      5     150    0.2       10       0.988     -8.171       -8.17         10              2             63.324           1.5357          1.8778       26.989     21-Mar-2024 21:25:44
    78      28      5     150    0.2       10        0.99    -7.6977     -7.6977         10              3             62.585           1.4795          1.8242       24.002     21-Mar-2024 21:25:44
    78      29      5     150    0.2       10       0.988     -8.171       -8.17         10              2             63.324           1.5357          1.6376       27.003     21-Mar-2024 21:25:44
    78      30      5     150    0.2       10        0.99    -7.6977     -7.6977         10              3             62.585           1.4795          1.9648       22.955     21-Mar-2024 21:25:44


rep =

    79

replication: (79)th 

thres=0.249556
1 th thresholding

  breakyes=1.0,  maxresidual < 1.00e-06
15 entries survived 

2 th thresholding

  breakyes=1.4,  maxresidual < 1.00e-06
14 entries survived 

3 th thresholding

  breakyes=1.4,  maxresidual < 1.00e-06
14 entries survived 

4 th thresholding

  breakyes=1.4,  maxresidual < 1.00e-06
14 entries survived 

5 th thresholding

  breakyes=1.4,  maxresidual < 1.00e-06
14 entries survived 

6 th thresholding

  breakyes=1.4,  maxresidual < 1.00e-06
14 entries survived 

7 th thresholding

  breakyes=1.4,  maxresidual < 1.00e-06
14 entries survived 

8 th thresholding

  breakyes=1.4,  maxresidual < 1.00e-06
14 entries survived 

9 th thresholding

  breakyes=1.4,  maxresidual < 1.00e-06
14 entries survived 

10 th thresholding

  breakyes=1.4,  maxresidual < 1.00e-06
14 entries survived 

11 th thresholding

  breakyes=1.4,  maxresidual < 1.00e-06
14 entries survived 

12 th thresholding

  breakyes=1.4,  maxresidual < 1.00e-06
14 entries survived 

13 th thresholding

  breakyes=1.4,  maxresidual < 1.00e-06
14 entries survived 

14 th thresholding

  breakyes=1.4,  maxresidual < 1.00e-06
14 entries survived 

15 th thresholding

  breakyes=1.4,  maxresidual < 1.00e-06
14 entries survived 

16 th thresholding

  breakyes=1.4,  maxresidual < 1.00e-06
14 entries survived 

17 th thresholding

  breakyes=1.4,  maxresidual < 1.00e-06
14 entries survived 

18 th thresholding

  breakyes=1.4,  maxresidual < 1.00e-06
14 entries survived 

19 th thresholding

  breakyes=1.4,  maxresidual < 1.00e-06
14 entries survived 

20 th thresholding

  breakyes=1.4,  maxresidual < 1.00e-06
14 entries survived 

21 th thresholding

  breakyes=1.4,  maxresidual < 1.00e-06
14 entries survived 

22 th thresholding

  breakyes=1.4,  maxresidual < 1.00e-06
14 entries survived 

23 th thresholding

  breakyes=1.4,  maxresidual < 1.00e-06
14 entries survived 

24 th thresholding

  breakyes=1.4,  maxresidual < 1.00e-06
14 entries survived 

25 th thresholding

  breakyes=1.4,  maxresidual < 1.00e-06
14 entries survived 

26 th thresholding

  breakyes=1.4,  maxresidual < 1.00e-06
14 entries survived 

27 th thresholding

  breakyes=1.4,  maxresidual < 1.00e-06
14 entries survived 

28 th thresholding

  breakyes=1.4,  maxresidual < 1.00e-06
14 entries survived 

29 th thresholding

  breakyes=1.4,  maxresidual < 1.00e-06
14 entries survived 

30 th thresholding

  breakyes=1.4,  maxresidual < 1.00e-06
14 entries survived 

acc_vec =

    0.9920
    0.9940
    0.9940
    0.9940
    0.9940
    0.9940
    0.9940
    0.9940
    0.9940
    0.9940
    0.9940
    0.9940
    0.9940
    0.9940
    0.9940
    0.9940
    0.9940
    0.9940
    0.9940
    0.9940
    0.9940
    0.9940
    0.9940
    0.9940
    0.9940
    0.9940
    0.9940
    0.9940
    0.9940
    0.9940
    0.9940

acc =0.992000  0.994000  0.994000  0.994000  0.994000  0.994000  0.994000  0.994000  0.994000  0.994000  0.994000  0.994000  0.994000  0.994000  0.994000  0.994000  0.994000  0.994000  0.994000  0.994000  0.994000  0.994000  0.994000  0.994000  0.994000  0.994000  0.994000  0.994000  0.994000  0.994000  0.994000 

discov_true_vec =

    10
    10
    10
    10
    10
    10
    10
    10
    10
    10
    10
    10
    10
    10
    10
    10
    10
    10
    10
    10
    10
    10
    10
    10
    10
    10
    10
    10
    10
    10


discov_false_vec =

     5
     4
     4
     4
     4
     4
     4
     4
     4
     4
     4
     4
     4
     4
     4
     4
     4
     4
     4
     4
     4
     4
     4
     4
     4
     4
     4
     4
     4
     4


data =

  31x16 table

    rep    iter    sep    dim    rho    sparsity     acc     obj_prim    obj_dual    discov_true    discov_false    diff_x_tilde    diff_omega_diag    time_isee    time_SDP          jobdate       
    ___    ____    ___    ___    ___    ________    _____    ________    ________    ___________    ____________    ____________    _______________    _________    ________    ____________________

    79       0      5     150    0.2       10       0.992          0           0          0              0                  0                0               0            0     21-Mar-2024 21:38:49
    79       1      5     150    0.2       10       0.994    -6.5835     -6.5834         10              5             57.353           1.3683          2.0032       18.445     21-Mar-2024 21:38:49
    79       2      5     150    0.2       10       0.994    -6.4947     -6.4945         10              4             58.311           1.4107           2.067       25.036     21-Mar-2024 21:38:49
    79       3      5     150    0.2       10       0.994    -6.4947     -6.4945         10              4             58.311           1.4107           1.634       21.365     21-Mar-2024 21:38:49
    79       4      5     150    0.2       10       0.994    -6.4947     -6.4945         10              4             58.311           1.4107          1.6837       23.758     21-Mar-2024 21:38:49
    79       5      5     150    0.2       10       0.994    -6.4947     -6.4945         10              4             58.311           1.4107          2.1125       22.844     21-Mar-2024 21:38:49
    79       6      5     150    0.2       10       0.994    -6.4947     -6.4945         10              4             58.311           1.4107          1.5627       24.178     21-Mar-2024 21:38:49
    79       7      5     150    0.2       10       0.994    -6.4947     -6.4945         10              4             58.311           1.4107           1.691       25.071     21-Mar-2024 21:38:49
    79       8      5     150    0.2       10       0.994    -6.4947     -6.4945         10              4             58.311           1.4107          1.6821       23.745     21-Mar-2024 21:38:49
    79       9      5     150    0.2       10       0.994    -6.4947     -6.4945         10              4             58.311           1.4107          1.8282       24.694     21-Mar-2024 21:38:49
    79      10      5     150    0.2       10       0.994    -6.4947     -6.4945         10              4             58.311           1.4107          1.8754       26.133     21-Mar-2024 21:38:49
    79      11      5     150    0.2       10       0.994    -6.4947     -6.4945         10              4             58.311           1.4107          1.6642       22.732     21-Mar-2024 21:38:49
    79      12      5     150    0.2       10       0.994    -6.4947     -6.4945         10              4             58.311           1.4107          2.0848       22.404     21-Mar-2024 21:38:49
    79      13      5     150    0.2       10       0.994    -6.4947     -6.4945         10              4             58.311           1.4107           1.708        23.53     21-Mar-2024 21:38:49
    79      14      5     150    0.2       10       0.994    -6.4947     -6.4945         10              4             58.311           1.4107          1.6834       26.488     21-Mar-2024 21:38:49
    79      15      5     150    0.2       10       0.994    -6.4947     -6.4945         10              4             58.311           1.4107          1.9039       26.935     21-Mar-2024 21:38:49
    79      16      5     150    0.2       10       0.994    -6.4947     -6.4945         10              4             58.311           1.4107          1.9551       24.429     21-Mar-2024 21:38:49
    79      17      5     150    0.2       10       0.994    -6.4947     -6.4945         10              4             58.311           1.4107          1.6654       24.371     21-Mar-2024 21:38:49
    79      18      5     150    0.2       10       0.994    -6.4947     -6.4945         10              4             58.311           1.4107          2.2009       27.811     21-Mar-2024 21:38:49
    79      19      5     150    0.2       10       0.994    -6.4947     -6.4945         10              4             58.311           1.4107          1.7039       27.075     21-Mar-2024 21:38:49
    79      20      5     150    0.2       10       0.994    -6.4947     -6.4945         10              4             58.311           1.4107          1.6868       26.809     21-Mar-2024 21:38:49
    79      21      5     150    0.2       10       0.994    -6.4947     -6.4945         10              4             58.311           1.4107          1.5704       24.368     21-Mar-2024 21:38:49
    79      22      5     150    0.2       10       0.994    -6.4947     -6.4945         10              4             58.311           1.4107          2.0306       23.005     21-Mar-2024 21:38:49
    79      23      5     150    0.2       10       0.994    -6.4947     -6.4945         10              4             58.311           1.4107          1.7486       24.556     21-Mar-2024 21:38:49
    79      24      5     150    0.2       10       0.994    -6.4947     -6.4945         10              4             58.311           1.4107          1.7472       24.057     21-Mar-2024 21:38:49
    79      25      5     150    0.2       10       0.994    -6.4947     -6.4945         10              4             58.311           1.4107          1.6883       25.956     21-Mar-2024 21:38:49
    79      26      5     150    0.2       10       0.994    -6.4947     -6.4945         10              4             58.311           1.4107          1.7632       24.914     21-Mar-2024 21:38:49
    79      27      5     150    0.2       10       0.994    -6.4947     -6.4945         10              4             58.311           1.4107           1.722       22.027     21-Mar-2024 21:38:49
    79      28      5     150    0.2       10       0.994    -6.4947     -6.4945         10              4             58.311           1.4107           1.716       23.055     21-Mar-2024 21:38:49
    79      29      5     150    0.2       10       0.994    -6.4947     -6.4945         10              4             58.311           1.4107          2.0388       23.963     21-Mar-2024 21:38:49
    79      30      5     150    0.2       10       0.994    -6.4947     -6.4945         10              4             58.311           1.4107          1.6877       26.768     21-Mar-2024 21:38:49


rep =

    80

replication: (80)th 

thres=0.249556
1 th thresholding

  breakyes=1.4,  maxresidual < 1.00e-06
11 entries survived 

2 th thresholding

  breakyes=1.4,  maxresidual < 1.00e-06
11 entries survived 

3 th thresholding

  breakyes=1.4,  maxresidual < 1.00e-06
11 entries survived 

4 th thresholding

  breakyes=1.4,  maxresidual < 1.00e-06
11 entries survived 

5 th thresholding

  breakyes=1.4,  maxresidual < 1.00e-06
11 entries survived 

6 th thresholding

  breakyes=1.4,  maxresidual < 1.00e-06
11 entries survived 

7 th thresholding

  breakyes=1.4,  maxresidual < 1.00e-06
11 entries survived 

8 th thresholding

  breakyes=1.4,  maxresidual < 1.00e-06
11 entries survived 

9 th thresholding

  breakyes=1.4,  maxresidual < 1.00e-06
11 entries survived 

10 th thresholding

  breakyes=1.4,  maxresidual < 1.00e-06
11 entries survived 

11 th thresholding

  breakyes=1.4,  maxresidual < 1.00e-06
11 entries survived 

12 th thresholding

  breakyes=1.4,  maxresidual < 1.00e-06
11 entries survived 

13 th thresholding

  breakyes=1.4,  maxresidual < 1.00e-06
11 entries survived 

14 th thresholding

  breakyes=1.4,  maxresidual < 1.00e-06
11 entries survived 

15 th thresholding

  breakyes=1.4,  maxresidual < 1.00e-06
11 entries survived 

16 th thresholding

  breakyes=1.4,  maxresidual < 1.00e-06
11 entries survived 

17 th thresholding

  breakyes=1.4,  maxresidual < 1.00e-06
11 entries survived 

18 th thresholding

  breakyes=1.4,  maxresidual < 1.00e-06
11 entries survived 

19 th thresholding

  breakyes=1.4,  maxresidual < 1.00e-06
11 entries survived 

20 th thresholding

  breakyes=1.4,  maxresidual < 1.00e-06
11 entries survived 

21 th thresholding

  breakyes=1.4,  maxresidual < 1.00e-06
11 entries survived 

22 th thresholding

  breakyes=1.4,  maxresidual < 1.00e-06
11 entries survived 

23 th thresholding

  breakyes=1.4,  maxresidual < 1.00e-06
11 entries survived 

24 th thresholding

  breakyes=1.4,  maxresidual < 1.00e-06
11 entries survived 

25 th thresholding

  breakyes=1.4,  maxresidual < 1.00e-06
11 entries survived 

26 th thresholding

  breakyes=1.4,  maxresidual < 1.00e-06
11 entries survived 

27 th thresholding

  breakyes=1.4,  maxresidual < 1.00e-06
11 entries survived 

28 th thresholding

  breakyes=1.4,  maxresidual < 1.00e-06
11 entries survived 

29 th thresholding

  breakyes=1.4,  maxresidual < 1.00e-06
11 entries survived 

30 th thresholding

  breakyes=1.4,  maxresidual < 1.00e-06
11 entries survived 

acc_vec =

    0.9880
    0.9920
    0.9920
    0.9920
    0.9920
    0.9920
    0.9920
    0.9920
    0.9920
    0.9920
    0.9920
    0.9920
    0.9920
    0.9920
    0.9920
    0.9920
    0.9920
    0.9920
    0.9920
    0.9920
    0.9920
    0.9920
    0.9920
    0.9920
    0.9920
    0.9920
    0.9920
    0.9920
    0.9920
    0.9920
    0.9920

acc =0.988000  0.992000  0.992000  0.992000  0.992000  0.992000  0.992000  0.992000  0.992000  0.992000  0.992000  0.992000  0.992000  0.992000  0.992000  0.992000  0.992000  0.992000  0.992000  0.992000  0.992000  0.992000  0.992000  0.992000  0.992000  0.992000  0.992000  0.992000  0.992000  0.992000  0.992000 

discov_true_vec =

    10
    10
    10
    10
    10
    10
    10
    10
    10
    10
    10
    10
    10
    10
    10
    10
    10
    10
    10
    10
    10
    10
    10
    10
    10
    10
    10
    10
    10
    10


discov_false_vec =

     1
     1
     1
     1
     1
     1
     1
     1
     1
     1
     1
     1
     1
     1
     1
     1
     1
     1
     1
     1
     1
     1
     1
     1
     1
     1
     1
     1
     1
     1


data =

  31x16 table

    rep    iter    sep    dim    rho    sparsity     acc     obj_prim    obj_dual    discov_true    discov_false    diff_x_tilde    diff_omega_diag    time_isee    time_SDP          jobdate       
    ___    ____    ___    ___    ___    ________    _____    ________    ________    ___________    ____________    ____________    _______________    _________    ________    ____________________

    80       0      5     150    0.2       10       0.988          0           0          0              0                  0                0               0            0     21-Mar-2024 21:54:42
    80       1      5     150    0.2       10       0.992    -6.6251     -6.6241         10              1             60.943           1.6136          2.0512       27.589     21-Mar-2024 21:54:42
    80       2      5     150    0.2       10       0.992    -6.4371     -6.4372         10              1             60.024           1.5533          1.6658       31.024     21-Mar-2024 21:54:42
    80       3      5     150    0.2       10       0.992    -6.4371     -6.4372         10              1             60.024           1.5533          1.6529       27.452     21-Mar-2024 21:54:42
    80       4      5     150    0.2       10       0.992    -6.4371     -6.4372         10              1             60.024           1.5533          1.7302        27.76     21-Mar-2024 21:54:42
    80       5      5     150    0.2       10       0.992    -6.4371     -6.4372         10              1             60.024           1.5533          1.6044       28.917     21-Mar-2024 21:54:42
    80       6      5     150    0.2       10       0.992    -6.4371     -6.4372         10              1             60.024           1.5533          1.6737       27.444     21-Mar-2024 21:54:42
    80       7      5     150    0.2       10       0.992    -6.4371     -6.4372         10              1             60.024           1.5533          1.7938       30.127     21-Mar-2024 21:54:42
    80       8      5     150    0.2       10       0.992    -6.4371     -6.4372         10              1             60.024           1.5533           1.848       31.267     21-Mar-2024 21:54:42
    80       9      5     150    0.2       10       0.992    -6.4371     -6.4372         10              1             60.024           1.5533          2.2514       30.801     21-Mar-2024 21:54:42
    80      10      5     150    0.2       10       0.992    -6.4371     -6.4372         10              1             60.024           1.5533          2.0365       30.833     21-Mar-2024 21:54:42
    80      11      5     150    0.2       10       0.992    -6.4371     -6.4372         10              1             60.024           1.5533           2.049       30.805     21-Mar-2024 21:54:42
    80      12      5     150    0.2       10       0.992    -6.4371     -6.4372         10              1             60.024           1.5533          1.8982       30.666     21-Mar-2024 21:54:42
    80      13      5     150    0.2       10       0.992    -6.4371     -6.4372         10              1             60.024           1.5533          2.0316       32.215     21-Mar-2024 21:54:42
    80      14      5     150    0.2       10       0.992    -6.4371     -6.4372         10              1             60.024           1.5533          1.6757       27.769     21-Mar-2024 21:54:42
    80      15      5     150    0.2       10       0.992    -6.4371     -6.4372         10              1             60.024           1.5533          1.5439       29.277     21-Mar-2024 21:54:42
    80      16      5     150    0.2       10       0.992    -6.4371     -6.4372         10              1             60.024           1.5533          1.7718       29.067     21-Mar-2024 21:54:42
    80      17      5     150    0.2       10       0.992    -6.4371     -6.4372         10              1             60.024           1.5533          1.7417       28.663     21-Mar-2024 21:54:42
    80      18      5     150    0.2       10       0.992    -6.4371     -6.4372         10              1             60.024           1.5533          1.9897       29.584     21-Mar-2024 21:54:42
    80      19      5     150    0.2       10       0.992    -6.4371     -6.4372         10              1             60.024           1.5533          1.7488       31.148     21-Mar-2024 21:54:42
    80      20      5     150    0.2       10       0.992    -6.4371     -6.4372         10              1             60.024           1.5533          1.7347       31.328     21-Mar-2024 21:54:42
    80      21      5     150    0.2       10       0.992    -6.4371     -6.4372         10              1             60.024           1.5533          1.9966       29.417     21-Mar-2024 21:54:42
    80      22      5     150    0.2       10       0.992    -6.4371     -6.4372         10              1             60.024           1.5533          1.6757       30.175     21-Mar-2024 21:54:42
    80      23      5     150    0.2       10       0.992    -6.4371     -6.4372         10              1             60.024           1.5533          2.0308       33.692     21-Mar-2024 21:54:42
    80      24      5     150    0.2       10       0.992    -6.4371     -6.4372         10              1             60.024           1.5533          1.7506        28.03     21-Mar-2024 21:54:42
    80      25      5     150    0.2       10       0.992    -6.4371     -6.4372         10              1             60.024           1.5533          2.0563       29.608     21-Mar-2024 21:54:42
    80      26      5     150    0.2       10       0.992    -6.4371     -6.4372         10              1             60.024           1.5533          1.6416       29.349     21-Mar-2024 21:54:42
    80      27      5     150    0.2       10       0.992    -6.4371     -6.4372         10              1             60.024           1.5533          1.9214       29.436     21-Mar-2024 21:54:42
    80      28      5     150    0.2       10       0.992    -6.4371     -6.4372         10              1             60.024           1.5533          1.8042       30.616     21-Mar-2024 21:54:42
    80      29      5     150    0.2       10       0.992    -6.4371     -6.4372         10              1             60.024           1.5533          1.7351       31.931     21-Mar-2024 21:54:42
    80      30      5     150    0.2       10       0.992    -6.4371     -6.4372         10              1             60.024           1.5533          1.7303       32.083     21-Mar-2024 21:54:42

