==========================================
SLURM_JOB_ID = 20384281
SLURM_JOB_NODELIST = a01-16
TMPDIR = /tmp/SLURM_20384281
==========================================
hello
Starting parallel pool (parpool) ...
Connected to the parallel pool (number of workers: 15).

pool = 

 ProcessPool with properties: 

            Connected: true
           NumWorkers: 15
                 Busy: false
              Cluster: Local
        AttachedFiles: {}
    AutoAddClientPath: true
            FileStore: [1x1 parallel.FileStore]
           ValueStore: [1x1 parallel.ValueStore]
          IdleTimeout: 30 minutes (30 minutes remaining)
          SpmdEnabled: true


p =

   450


Delta =

     5


s =

    10


n =

   500


ii =

    16


table_name =

    'sparse_kmeans_isee_denoise'


conn = 

  sqlite with properties:

      Database: '/home1/jongminm/sparse_kmeans/sparse_kmeans.db'
    IsReadOnly: 0
    AutoCommit: 'on'


rho =

    0.4500


M =

    1.0202

delta confirmed: 5.000000
ans =

    5.0854


rep =

    61

replication: (61)th 

thres=0.275560
1 th thresholding

  breakyes=1.4,  maxresidual < 1.00e-06
55 entries survived 

2 th thresholding

  breakyes=4.1,  primfeasorg stagnate, 0.00e+00
45 entries survived 

3 th thresholding

  breakyes=1.0,  maxresidual < 1.00e-06
37 entries survived 

4 th thresholding

  breakyes=1.0,  maxresidual < 1.00e-06
37 entries survived 

5 th thresholding

  breakyes=1.4,  maxresidual < 1.00e-06
31 entries survived 

6 th thresholding

  breakyes=1.4,  maxresidual < 1.00e-06
34 entries survived 

7 th thresholding

  breakyes=3.2,  dualfeasorg deteriorated too much: primfeasorg=2.34e-06,dualfeasorg=2.35e-05
33 entries survived 

8 th thresholding

  breakyes=1.0,  maxresidual < 1.00e-06
33 entries survived 

9 th thresholding

  breakyes=1.4,  maxresidual < 1.00e-06
31 entries survived 

10 th thresholding

  breakyes=1.0,  maxresidual < 1.00e-06
33 entries survived 

11 th thresholding

  breakyes=1.4,  maxresidual < 1.00e-06
31 entries survived 

12 th thresholding

  breakyes=1.0,  maxresidual < 1.00e-06
33 entries survived 

13 th thresholding

  breakyes=1.4,  maxresidual < 1.00e-06
31 entries survived 

14 th thresholding

  breakyes=1.0,  maxresidual < 1.00e-06
33 entries survived 

15 th thresholding

  breakyes=1.4,  maxresidual < 1.00e-06
31 entries survived 

16 th thresholding

  breakyes=1.0,  maxresidual < 1.00e-06
33 entries survived 

17 th thresholding

  breakyes=1.4,  maxresidual < 1.00e-06
31 entries survived 

18 th thresholding

  breakyes=1.0,  maxresidual < 1.00e-06
33 entries survived 

19 th thresholding

  breakyes=1.4,  maxresidual < 1.00e-06
31 entries survived 

20 th thresholding

  breakyes=1.0,  maxresidual < 1.00e-06
33 entries survived 

21 th thresholding

  breakyes=1.4,  maxresidual < 1.00e-06
31 entries survived 

22 th thresholding

  breakyes=1.0,  maxresidual < 1.00e-06
33 entries survived 

23 th thresholding

  breakyes=1.4,  maxresidual < 1.00e-06
31 entries survived 

24 th thresholding

  breakyes=1.0,  maxresidual < 1.00e-06
33 entries survived 

25 th thresholding

  breakyes=1.4,  maxresidual < 1.00e-06
31 entries survived 

26 th thresholding

  breakyes=1.0,  maxresidual < 1.00e-06
33 entries survived 

27 th thresholding

  breakyes=1.4,  maxresidual < 1.00e-06
31 entries survived 

28 th thresholding

  breakyes=1.0,  maxresidual < 1.00e-06
33 entries survived 

29 th thresholding

  breakyes=1.4,  maxresidual < 1.00e-06
31 entries survived 

30 th thresholding

  breakyes=1.0,  maxresidual < 1.00e-06
33 entries survived 

acc_vec =

    0.5700
    0.7300
    0.8880
    0.9620
    0.9780
    0.9760
    0.9740
    0.9700
    0.9720
    0.9700
    0.9720
    0.9700
    0.9720
    0.9700
    0.9720
    0.9700
    0.9720
    0.9700
    0.9720
    0.9700
    0.9720
    0.9700
    0.9720
    0.9700
    0.9720
    0.9700
    0.9720
    0.9700
    0.9720
    0.9700
    0.9720

acc =0.570000  0.730000  0.888000  0.962000  0.978000  0.976000  0.974000  0.970000  0.972000  0.970000  0.972000  0.970000  0.972000  0.970000  0.972000  0.970000  0.972000  0.970000  0.972000  0.970000  0.972000  0.970000  0.972000  0.970000  0.972000  0.970000  0.972000  0.970000  0.972000  0.970000  0.972000 

discov_true_vec =

     4
     9
    10
    10
    10
    10
    10
    10
    10
    10
    10
    10
    10
    10
    10
    10
    10
    10
    10
    10
    10
    10
    10
    10
    10
    10
    10
    10
    10
    10


discov_false_vec =

    51
    36
    27
    27
    21
    24
    23
    23
    21
    23
    21
    23
    21
    23
    21
    23
    21
    23
    21
    23
    21
    23
    21
    23
    21
    23
    21
    23
    21
    23


data =

  31x16 table

    rep    iter    sep    dim    rho     sparsity     acc     obj_prim    obj_dual    discov_true    discov_false    diff_x_tilde    diff_omega_diag    time_isee    time_SDP          jobdate       
    ___    ____    ___    ___    ____    ________    _____    ________    ________    ___________    ____________    ____________    _______________    _________    ________    ____________________

    61       0      5     450    0.45       10        0.57          0           0          0               0                 0                0               0            0     22-Mar-2024 09:25:24
    61       1      5     450    0.45       10        0.73    -9.6325     -9.6325          4              51            208.55            9.236          15.758       33.443     22-Mar-2024 09:25:24
    61       2      5     450    0.45       10       0.888    -10.137     -10.137          9              36             201.6           8.9307          12.821       68.457     22-Mar-2024 09:25:24
    61       3      5     450    0.45       10       0.962    -15.704     -15.704         10              27            199.36           9.0019           13.97        17.49     22-Mar-2024 09:25:24
    61       4      5     450    0.45       10       0.978    -14.018     -14.018         10              27            198.03           8.9055          12.582       15.445     22-Mar-2024 09:25:24
    61       5      5     450    0.45       10       0.976    -14.458     -14.458         10              21               200           9.0592          12.592       24.938     22-Mar-2024 09:25:24
    61       6      5     450    0.45       10       0.974    -15.002     -15.002         10              24             204.7           9.5024           14.64        22.91     22-Mar-2024 09:25:24
    61       7      5     450    0.45       10        0.97    -13.793     -13.793         10              23            200.21           9.0787          12.552       35.624     22-Mar-2024 09:25:24
    61       8      5     450    0.45       10       0.972    -14.174     -14.174         10              23            201.31           9.0776          13.893       13.544     22-Mar-2024 09:25:24
    61       9      5     450    0.45       10        0.97    -14.148     -14.148         10              21            199.18           8.9149          13.807        16.12     22-Mar-2024 09:25:24
    61      10      5     450    0.45       10       0.972    -14.174     -14.174         10              23            201.31           9.0776          12.571       18.204     22-Mar-2024 09:25:24
    61      11      5     450    0.45       10        0.97    -14.148     -14.148         10              21            199.18           8.9149           12.42       22.498     22-Mar-2024 09:25:24
    61      12      5     450    0.45       10       0.972    -14.174     -14.174         10              23            201.31           9.0776          12.581       17.431     22-Mar-2024 09:25:24
    61      13      5     450    0.45       10        0.97    -14.148     -14.148         10              21            199.18           8.9149          12.503       22.205     22-Mar-2024 09:25:24
    61      14      5     450    0.45       10       0.972    -14.174     -14.174         10              23            201.31           9.0776          12.576       16.612     22-Mar-2024 09:25:24
    61      15      5     450    0.45       10        0.97    -14.148     -14.148         10              21            199.18           8.9149          12.604       23.218     22-Mar-2024 09:25:24
    61      16      5     450    0.45       10       0.972    -14.174     -14.174         10              23            201.31           9.0776          12.554       16.698     22-Mar-2024 09:25:24
    61      17      5     450    0.45       10        0.97    -14.148     -14.148         10              21            199.18           8.9149          13.568       23.343     22-Mar-2024 09:25:24
    61      18      5     450    0.45       10       0.972    -14.174     -14.174         10              23            201.31           9.0776          12.575        13.47     22-Mar-2024 09:25:24
    61      19      5     450    0.45       10        0.97    -14.148     -14.148         10              21            199.18           8.9149          12.914        22.83     22-Mar-2024 09:25:24
    61      20      5     450    0.45       10       0.972    -14.174     -14.174         10              23            201.31           9.0776          12.643        12.93     22-Mar-2024 09:25:24
    61      21      5     450    0.45       10        0.97    -14.148     -14.148         10              21            199.18           8.9149          12.641        17.97     22-Mar-2024 09:25:24
    61      22      5     450    0.45       10       0.972    -14.174     -14.174         10              23            201.31           9.0776          14.091       13.272     22-Mar-2024 09:25:24
    61      23      5     450    0.45       10        0.97    -14.148     -14.148         10              21            199.18           8.9149          12.481       23.653     22-Mar-2024 09:25:24
    61      24      5     450    0.45       10       0.972    -14.174     -14.174         10              23            201.31           9.0776          12.642       17.361     22-Mar-2024 09:25:24
    61      25      5     450    0.45       10        0.97    -14.148     -14.148         10              21            199.18           8.9149          12.711        18.98     22-Mar-2024 09:25:24
    61      26      5     450    0.45       10       0.972    -14.174     -14.174         10              23            201.31           9.0776          12.715       13.335     22-Mar-2024 09:25:24
    61      27      5     450    0.45       10        0.97    -14.148     -14.148         10              21            199.18           8.9149          12.784       18.861     22-Mar-2024 09:25:24
    61      28      5     450    0.45       10       0.972    -14.174     -14.174         10              23            201.31           9.0776           12.72       16.188     22-Mar-2024 09:25:24
    61      29      5     450    0.45       10        0.97    -14.148     -14.148         10              21            199.18           8.9149          12.482       22.229     22-Mar-2024 09:25:24
    61      30      5     450    0.45       10       0.972    -14.174     -14.174         10              23            201.31           9.0776          12.564       16.877     22-Mar-2024 09:25:24


rep =

    62

replication: (62)th 

thres=0.275560
1 th thresholding

  breakyes=3.2,  dualfeasorg deteriorated too much: primfeasorg=8.72e-07,dualfeasorg=4.66e-05
53 entries survived 

2 th thresholding

  breakyes=1.0,  maxresidual < 1.00e-06
40 entries survived 

3 th thresholding

  breakyes=3.2,  dualfeasorg deteriorated too much: primfeasorg=1.61e-06,dualfeasorg=1.66e-05
37 entries survived 

4 th thresholding

  breakyes=1.4,  maxresidual < 1.00e-06
41 entries survived 

5 th thresholding

  breakyes=1.4,  maxresidual < 1.00e-06
29 entries survived 

6 th thresholding

  breakyes=1.0,  maxresidual < 1.00e-06
32 entries survived 

7 th thresholding

  breakyes=1.0,  maxresidual < 1.00e-06
33 entries survived 

8 th thresholding

  breakyes=1.4,  maxresidual < 1.00e-06
37 entries survived 

9 th thresholding

  breakyes=1.4,  maxresidual < 1.00e-06
35 entries survived 

10 th thresholding

  breakyes=1.4,  maxresidual < 1.00e-06
36 entries survived 

11 th thresholding

  breakyes=1.4,  maxresidual < 1.00e-06
36 entries survived 

12 th thresholding

  breakyes=1.4,  maxresidual < 1.00e-06
36 entries survived 

13 th thresholding

  breakyes=1.4,  maxresidual < 1.00e-06
36 entries survived 

14 th thresholding

  breakyes=1.4,  maxresidual < 1.00e-06
36 entries survived 

15 th thresholding

  breakyes=1.4,  maxresidual < 1.00e-06
36 entries survived 

16 th thresholding

  breakyes=1.4,  maxresidual < 1.00e-06
36 entries survived 

17 th thresholding

  breakyes=1.4,  maxresidual < 1.00e-06
36 entries survived 

18 th thresholding

  breakyes=1.4,  maxresidual < 1.00e-06
36 entries survived 

19 th thresholding

