==========================================
SLURM_JOB_ID = 20388473
SLURM_JOB_NODELIST = a01-05
TMPDIR = /tmp/SLURM_20388473
==========================================
hello
Starting parallel pool (parpool) ...
Connected to the parallel pool (number of workers: 15).

pool = 

 ProcessPool with properties: 

            Connected: true
           NumWorkers: 15
                 Busy: false
              Cluster: Local
        AttachedFiles: {}
    AutoAddClientPath: true
            FileStore: [1x1 parallel.FileStore]
           ValueStore: [1x1 parallel.ValueStore]
          IdleTimeout: 30 minutes (30 minutes remaining)
          SpmdEnabled: true


p =

    50


Delta =

     3


s =

    10


n =

   500


ii =

    13


table_name =

    'sparse_kmeans_isee_denoise'


conn = 

  sqlite with properties:

      Database: '/home1/jongminm/sparse_kmeans/sparse_kmeans.db'
    IsReadOnly: 0
    AutoCommit: 'on'


rho =

    0.4500


M =

    0.6121

delta confirmed: 3.000000
ans =

    3.0513


rep =

    49

replication: (49)th 

thres=0.220507
1 th thresholding

  breakyes=3.2,  dualfeasorg deteriorated too much: primfeasorg=8.84e-07,dualfeasorg=3.13e-05
22 entries survived 

2 th thresholding

  breakyes=3.2,  dualfeasorg deteriorated too much: primfeasorg=1.19e-06,dualfeasorg=3.66e-05
21 entries survived 

3 th thresholding

  breakyes=3.2,  dualfeasorg deteriorated too much: primfeasorg=8.02e-07,dualfeasorg=3.10e-05
21 entries survived 

4 th thresholding

  breakyes=1.4,  maxresidual < 1.00e-06
19 entries survived 

5 th thresholding

  breakyes=4.1,  primfeasorg stagnate, 0.00e+00
9 entries survived 

6 th thresholding

  breakyes=3.2,  dualfeasorg deteriorated too much: primfeasorg=3.59e-06,dualfeasorg=4.18e-05
13 entries survived 

7 th thresholding

  breakyes=3.2,  dualfeasorg deteriorated too much: primfeasorg=1.01e-06,dualfeasorg=5.19e-05
12 entries survived 

8 th thresholding

  breakyes=4.1,  primfeasorg stagnate, 0.00e+00
10 entries survived 

9 th thresholding

  breakyes=4.1,  primfeasorg stagnate, 0.00e+00
10 entries survived 

10 th thresholding

  breakyes=3.2,  dualfeasorg deteriorated too much: primfeasorg=1.27e-06,dualfeasorg=2.43e-05
10 entries survived 

11 th thresholding

  breakyes=3.2,  dualfeasorg deteriorated too much: primfeasorg=7.37e-07,dualfeasorg=3.59e-05
12 entries survived 

12 th thresholding

  breakyes=1.3,  maxresidual < 1.00e-06
15 entries survived 

13 th thresholding

  breakyes=3.2,  dualfeasorg deteriorated too much: primfeasorg=6.32e-07,dualfeasorg=3.37e-05
14 entries survived 

14 th thresholding

  breakyes=4.1,  primfeasorg stagnate, 0.00e+00
10 entries survived 

15 th thresholding


  breakyes=2.0,  primfeasorg*dualfeasorg < 1.00e-14
11 entries survived 

16 th thresholding

  breakyes=1.4,  maxresidual < 1.00e-06
10 entries survived 

17 th thresholding

  breakyes=3.2,  dualfeasorg deteriorated too much: primfeasorg=2.49e-06,dualfeasorg=5.54e-05
17 entries survived 

18 th thresholding

  breakyes=1.4,  maxresidual < 1.00e-06
13 entries survived 

19 th thresholding

  breakyes=1.4,  maxresidual < 1.00e-06
11 entries survived 

20 th thresholding

  breakyes=3.2,  dualfeasorg deteriorated too much: primfeasorg=1.15e-06,dualfeasorg=4.81e-05
16 entries survived 

21 th thresholding

  breakyes=3.2,  dualfeasorg deteriorated too much: primfeasorg=1.19e-06,dualfeasorg=5.59e-05
12 entries survived 

22 th thresholding

  breakyes=3.2,  dualfeasorg deteriorated too much: primfeasorg=2.41e-06,dualfeasorg=5.40e-05
15 entries survived 

23 th thresholding

  breakyes=1.4,  maxresidual < 1.00e-06
15 entries survived 

24 th thresholding

  breakyes=3.2,  dualfeasorg deteriorated too much: primfeasorg=1.92e-06,dualfeasorg=4.08e-05
19 entries survived 

25 th thresholding

  breakyes=1.3,  maxresidual < 1.00e-06
15 entries survived 

26 th thresholding

  breakyes=1.4,  maxresidual < 1.00e-06
15 entries survived 

27 th thresholding

  breakyes=4.1,  primfeasorg stagnate, 0.00e+00
14 entries survived 

28 th thresholding

  breakyes=4.1,  primfeasorg stagnate, 0.00e+00
17 entries survived 

29 th thresholding

  breakyes=1.3,  maxresidual < 1.00e-06
18 entries survived 

30 th thresholding

  breakyes=1.4,  maxresidual < 1.00e-06
15 entries survived 

acc_vec =

    0.5260
    0.5580
    0.5180
    0.5660
    0.5140
    0.5020
    0.5180
    0.5420
    0.5180
    0.5260
    0.5940
    0.5300
    0.5520
    0.5120
    0.5340
    0.5540
    0.5280
    0.5620
    0.6020
    0.6440
    0.5660
    0.5880
    0.6280
    0.6560
    0.5480
    0.5480
    0.7440
    0.8900
    0.8420
    0.9040
    0.8940

acc =0.526000  0.558000  0.518000  0.566000  0.514000  0.502000  0.518000  0.542000  0.518000  0.526000  0.594000  0.530000  0.552000  0.512000  0.534000  0.554000  0.528000  0.562000  0.602000  0.644000  0.566000  0.588000  0.628000  0.656000  0.548000  0.548000  0.744000  0.890000  0.842000  0.904000  0.894000 

discov_true_vec =

     2
     2
     2
     6
     0
     0
     2
     3
     4
     3
     3
     5
     1
     1
     3
     1
     3
     3
     4
     6
     3
     5
     7
     6
     4
     7
     9
    10
    10
    10


discov_false_vec =

    20
    19
    19
    13
     9
    13
    10
     7
     6
     7
     9
    10
    13
     9
     8
     9
    14
    10
     7
    10
     9
    10
     8
    13
    11
     8
     5
     7
     8
     5


data =

  31x16 table

    rep    iter    sep    dim    rho     sparsity     acc     obj_prim    obj_dual    discov_true    discov_false    diff_x_tilde    diff_omega_diag    time_isee    time_SDP          jobdate       
    ___    ____    ___    ___    ____    ________    _____    ________    ________    ___________    ____________    ____________    _______________    _________    ________    ____________________

    49       0      3     50     0.45       10       0.526          0           0          0               0                 0                 0               0           0     22-Mar-2024 11:22:24
    49       1      3     50     0.45       10       0.558    -3.9631      -3.963          2              20            50.833           0.72242           1.617      63.386     22-Mar-2024 11:22:24
    49       2      3     50     0.45       10       0.518    -3.1578     -3.1578          2              19            61.114            1.4317          1.2058      28.259     22-Mar-2024 11:22:24
    49       3      3     50     0.45       10       0.566    -3.6436     -3.6436          2              19            50.142           0.85655         0.73699      53.545     22-Mar-2024 11:22:24
    49       4      3     50     0.45       10       0.514    -2.7825     -2.7825          6              13            60.109             1.345          1.1693      42.443     22-Mar-2024 11:22:24
    49       5      3     50     0.45       10       0.502    -2.7519     -2.7519          0               9            55.456            1.2179         0.92917      64.481     22-Mar-2024 11:22:24
    49       6      3     50     0.45       10       0.518    -2.6011     -2.6011          0              13            57.103            1.2275         0.65948      54.432     22-Mar-2024 11:22:24
    49       7      3     50     0.45       10       0.542    -3.2365     -3.2365          2              10            58.181            1.2571         0.70904      58.081     22-Mar-2024 11:22:24
    49       8      3     50     0.45       10       0.518    -3.0013     -3.0013          3               7             67.03            1.7644          1.0723       64.59     22-Mar-2024 11:22:24
    49       9      3     50     0.45       10       0.526    -2.6999     -2.6999          4               6             66.33            1.6908         0.97327      67.141     22-Mar-2024 11:22:24
    49      10      3     50     0.45       10       0.594    -2.8127     -2.8127          3               7            62.598            1.6429         0.66361      86.769     22-Mar-2024 11:22:24
    49      11      3     50     0.45       10        0.53    -2.8851     -2.8851          3               9            54.826            1.1537          1.0733      51.175     22-Mar-2024 11:22:24
    49      12      3     50     0.45       10       0.552    -2.7095     -2.7095          5              10            57.374           0.98869          1.1275      40.133     22-Mar-2024 11:22:24
    49      13      3     50     0.45       10       0.512    -2.8735     -2.8735          1              13            57.794            1.2397          1.1632      45.938     22-Mar-2024 11:22:24
    49      14      3     50     0.45       10       0.534    -3.3447     -3.3446          1               9            58.042             1.199         0.58285      64.776     22-Mar-2024 11:22:24
    49      15      3     50     0.45       10       0.554    -3.0596     -3.0596          3               8            56.591            1.0333         0.61619      76.891     22-Mar-2024 11:22:24
    49      16      3     50     0.45       10       0.528    -2.7421     -2.7421          1               9            52.751            1.0416         0.89618      49.365     22-Mar-2024 11:22:24
    49      17      3     50     0.45       10       0.562    -3.1386     -3.1385          3              14             56.95            1.1676         0.72789      17.552     22-Mar-2024 11:22:24
    49      18      3     50     0.45       10       0.602    -2.8555     -2.8555          3              10            55.013            1.2236         0.48211      44.249     22-Mar-2024 11:22:24
    49      19      3     50     0.45       10       0.644    -2.8229      -2.823          4               7            61.891            1.3821         0.65813      54.774     22-Mar-2024 11:22:24
    49      20      3     50     0.45       10       0.566    -4.2764     -4.2764          6              10            57.496            1.0562         0.74983      50.891     22-Mar-2024 11:22:24
    49      21      3     50     0.45       10       0.588    -3.1714     -3.1714          3               9            61.186            1.3964         0.73693      44.181     22-Mar-2024 11:22:24
    49      22      3     50     0.45       10       0.628    -3.5002     -3.5002          5              10            62.824            1.3007          1.1124      105.84     22-Mar-2024 11:22:24
    49      23      3     50     0.45       10       0.656    -4.2254     -4.2254          7               8            57.678            1.1449         0.84502      59.403     22-Mar-2024 11:22:24
    49      24      3     50     0.45       10       0.548    -3.2555     -3.2554          6              13            53.263            1.0493         0.97912      62.611     22-Mar-2024 11:22:24
    49      25      3     50     0.45       10       0.548    -2.7542     -2.7542          4              11            59.378            1.3503         0.76025      84.645     22-Mar-2024 11:22:24
    49      26      3     50     0.45       10       0.744    -2.6468     -2.6468          7               8             52.08           0.99249         0.95053      34.724     22-Mar-2024 11:22:24
    49      27      3     50     0.45       10        0.89    -3.1042     -3.1041          9               5            48.191           0.84385          1.2665      55.471     22-Mar-2024 11:22:24
    49      28      3     50     0.45       10       0.842    -3.8279     -3.8278         10               7             42.04           0.83812         0.60968      56.924     22-Mar-2024 11:22:24
    49      29      3     50     0.45       10       0.904    -3.4897     -3.4897         10               8            40.383           0.78465         0.53153      67.199     22-Mar-2024 11:22:24
    49      30      3     50     0.45       10       0.894    -3.4648     -3.4648         10               5            41.202           0.84465          0.9313      67.463     22-Mar-2024 11:22:24


rep =

    50

replication: (50)th 

thres=0.220507
1 th thresholding

  breakyes=3.2,  dualfeasorg deteriorated too much: primfeasorg=6.91e-07,dualfeasorg=3.80e-05
17 entries survived 

2 th thresholding

  breakyes=3.2,  dualfeasorg deteriorated too much: primfeasorg=7.81e-07,dualfeasorg=4.28e-05
16 entries survived 

3 th thresholding

  breakyes=3.2,  dualfeasorg deteriorated too much: primfeasorg=4.29e-06,dualfeasorg=5.63e-05
14 entries survived 

4 th thresholding

  breakyes=4.1,  primfeasorg stagnate, 0.00e+00
18 entries survived 

5 th thresholding

  breakyes=1.4,  maxresidual < 1.00e-06
20 entries survived 

6 th thresholding

  breakyes=3.2,  dualfeasorg deteriorated too much: primfeasorg=1.08e-06,dualfeasorg=5.03e-05
21 entries survived 

7 th thresholding

  breakyes=4.1,  primfeasorg stagnate, 0.00e+00
19 entries survived 

8 th thresholding

  breakyes=1.3,  maxresidual < 1.00e-06
24 entries survived 

9 th thresholding

  breakyes=3.2,  dualfeasorg deteriorated too much: primfeasorg=1.24e-06,dualfeasorg=5.03e-05
25 entries survived 

10 th thresholding

  breakyes=3.2,  dualfeasorg deteriorated too much: primfeasorg=1.02e-06,dualfeasorg=3.22e-05
25 entries survived 

11 th thresholding

  breakyes=3.2,  dualfeasorg deteriorated too much: primfeasorg=1.11e-06,dualfeasorg=6.28e-05
20 entries survived 

12 th thresholding

  breakyes=4.2,  dualfeasorg stagnate, 6.65e-05
20 entries survived 

13 th thresholding

  breakyes=4.1,  primfeasorg stagnate, 0.00e+00
23 entries survived 

14 th thresholding

  breakyes=3.2,  dualfeasorg deteriorated too much: primfeasorg=1.08e-06,dualfeasorg=4.81e-05
19 entries survived 

15 th thresholding

  breakyes=1.4,  maxresidual < 1.00e-06
19 entries survived 

16 th thresholding

  breakyes=4.1,  primfeasorg stagnate, 0.00e+00
15 entries survived 

17 th thresholding

  breakyes=3.2,  dualfeasorg deteriorated too much: primfeasorg=1.10e-06,dualfeasorg=4.78e-05
18 entries survived 

18 th thresholding

  breakyes=4.1,  primfeasorg stagnate, 0.00e+00
17 entries survived 

19 th thresholding

  breakyes=4.1,  primfeasorg stagnate, 0.00e+00
18 entries survived 

20 th thresholding

  breakyes=3.2,  dualfeasorg deteriorated too much: primfeasorg=1.16e-06,dualfeasorg=3.39e-05
16 entries survived 

21 th thresholding

  breakyes=3.2,  dualfeasorg deteriorated too much: primfeasorg=1.29e-06,dualfeasorg=5.99e-05
19 entries survived 

22 th thresholding

  breakyes=3.2,  dualfeasorg deteriorated too much: primfeasorg=7.89e-07,dualfeasorg=4.27e-05
16 entries survived 

23 th thresholding

  breakyes=4.1,  primfeasorg stagnate, 3.61e-05
17 entries survived 

24 th thresholding

  breakyes=3.2,  dualfeasorg deteriorated too much: primfeasorg=2.12e-06,dualfeasorg=2.86e-05
20 entries survived 

25 th thresholding

  breakyes=3.2,  dualfeasorg deteriorated too much: primfeasorg=6.86e-07,dualfeasorg=4.23e-05
17 entries survived 

26 th thresholding

  breakyes=3.2,  dualfeasorg deteriorated too much: primfeasorg=9.72e-07,dualfeasorg=3.38e-05
22 entries survived 

27 th thresholding

  breakyes=3.2,  dualfeasorg deteriorated too much: primfeasorg=9.41e-07,dualfeasorg=4.00e-05
16 entries survived 

28 th thresholding

  breakyes=4.1,  primfeasorg stagnate, 0.00e+00
17 entries survived 

29 th thresholding

  breakyes=4.1,  primfeasorg stagnate, 0.00e+00
19 entries survived 

30 th thresholding

  breakyes=4.1,  primfeasorg stagnate, 0.00e+00
17 entries survived 

acc_vec =

    0.6500
    0.7980
    0.8220
    0.8540
    0.8680
    0.8420
    0.8500
    0.8620
    0.8760
    0.8460
    0.8600
    0.8660
    0.8640
    0.8960
    0.8880
    0.8980
    0.9000
    0.8920
    0.8900
    0.8800
    0.8680
    0.9000
    0.8960
    0.8740
    0.8960
    0.8760
    0.8940
    0.8820
    0.8700
    0.8480
    0.8740

acc =0.650000  0.798000  0.822000  0.854000  0.868000  0.842000  0.850000  0.862000  0.876000  0.846000  0.860000  0.866000  0.864000  0.896000  0.888000  0.898000  0.900000  0.892000  0.890000  0.880000  0.868000  0.900000  0.896000  0.874000  0.896000  0.876000  0.894000  0.882000  0.870000  0.848000  0.874000 

discov_true_vec =

     4
     8
     9
    10
    10
    10
    10
    10
    10
    10
    10
    10
    10
    10
    10
    10
    10
    10
    10
    10
    10
    10
    10
    10
    10
    10
    10
    10
    10
    10


discov_false_vec =

    13
     8
     5
     8
    10
    11
     9
    14
    15
    15
    10
    10
    13
     9
     9
     5
     8
     7
     8
     6
     9
     6
     7
    10
     7
    12
     6
     7
     9
     7


data =

  31x16 table

    rep    iter    sep    dim    rho     sparsity     acc     obj_prim    obj_dual    discov_true    discov_false    diff_x_tilde    diff_omega_diag    time_isee    time_SDP          jobdate       
    ___    ____    ___    ___    ____    ________    _____    ________    ________    ___________    ____________    ____________    _______________    _________    ________    ____________________

    50       0      3     50     0.45       10        0.65          0           0          0               0                 0                 0               0           0     22-Mar-2024 11:56:04
    50       1      3     50     0.45       10       0.798    -3.5644     -3.5643          4              13            52.712           0.83767         0.88218      50.801     22-Mar-2024 11:56:04
    50       2      3     50     0.45       10       0.822    -3.2905     -3.2905          8               8            44.355           0.85667         0.60782      71.953     22-Mar-2024 11:56:04
    50       3      3     50     0.45       10       0.854    -3.2099     -3.2099          9               5             48.99            1.0398         0.85259      47.275     22-Mar-2024 11:56:04
    50       4      3     50     0.45       10       0.868     -4.055     -4.0549         10               8            46.957            1.0336         0.77337      69.777     22-Mar-2024 11:56:04
    50       5      3     50     0.45       10       0.842    -4.4328     -4.4328         10              10            44.065           0.93824         0.85145      48.727     22-Mar-2024 11:56:04
    50       6      3     50     0.45       10        0.85     -4.332      -4.332         10              11            44.429           0.90242         0.74178       44.35     22-Mar-2024 11:56:04
    50       7      3     50     0.45       10       0.862    -3.9867     -3.9867         10               9             44.68           0.99868         0.62214       57.75     22-Mar-2024 11:56:04
    50       8      3     50     0.45       10       0.876     -4.185      -4.185         10              14            46.353           0.92333         0.65246      57.448     22-Mar-2024 11:56:04
    50       9      3     50     0.45       10       0.846    -4.3246     -4.3246         10              15            42.901           0.92677          1.0199      43.294     22-Mar-2024 11:56:04
    50      10      3     50     0.45       10        0.86    -4.2763     -4.2763         10              15            42.871           0.95415         0.60643      98.115     22-Mar-2024 11:56:04
    50      11      3     50     0.45       10       0.866    -4.2355     -4.2355         10              10             43.53           0.96068         0.81638      66.598     22-Mar-2024 11:56:04
    50      12      3     50     0.45       10       0.864    -3.9155     -3.9155         10              10            40.667           0.82983         0.95228      97.453     22-Mar-2024 11:56:04
    50      13      3     50     0.45       10       0.896    -3.7651     -3.7651         10              13            43.201           0.86103         0.96656      62.379     22-Mar-2024 11:56:04
    50      14      3     50     0.45       10       0.888    -3.7505     -3.7505         10               9            41.147           0.86374         0.88051      66.402     22-Mar-2024 11:56:04
    50      15      3     50     0.45       10       0.898    -3.7356     -3.7355         10               9            41.666           0.85813           0.945      71.539     22-Mar-2024 11:56:04
    50      16      3     50     0.45       10         0.9    -3.7853     -3.7853         10               5            41.038           0.92047         0.81781      55.248     22-Mar-2024 11:56:04
    50      17      3     50     0.45       10       0.892    -3.9897     -3.9897         10               8            40.841           0.83735         0.97964      60.742     22-Mar-2024 11:56:04
    50      18      3     50     0.45       10        0.89    -3.7728     -3.7727         10               7            42.599           0.89746         0.65856       62.74     22-Mar-2024 11:56:04
    50      19      3     50     0.45       10        0.88    -4.1711      -4.171         10               8            43.213           0.92716          1.0698       64.54     22-Mar-2024 11:56:04
    50      20      3     50     0.45       10       0.868    -3.9949     -3.9948         10               6             42.71           0.88423         0.95744      81.923     22-Mar-2024 11:56:04
    50      21      3     50     0.45       10         0.9    -3.9796     -3.9796         10               9            45.808           0.91221           1.037      60.664     22-Mar-2024 11:56:04
    50      22      3     50     0.45       10       0.896     -3.676     -3.6759         10               6            43.041             0.905         0.73857      66.964     22-Mar-2024 11:56:04
    50      23      3     50     0.45       10       0.874    -3.9394     -3.9394         10               7            41.497           0.86956         0.98545      79.271     22-Mar-2024 11:56:04
    50      24      3     50     0.45       10       0.896    -4.0788     -4.0788         10              10            43.303           0.88095          0.7652      101.03     22-Mar-2024 11:56:04
    50      25      3     50     0.45       10       0.876    -4.0465     -4.0465         10               7            42.295           0.91391         0.92899      77.611     22-Mar-2024 11:56:04
    50      26      3     50     0.45       10       0.894    -3.9776     -3.9776         10              12            42.451           0.86853          1.1421      71.249     22-Mar-2024 11:56:04
    50      27      3     50     0.45       10       0.882    -3.9614     -3.9614         10               6            40.904           0.87028         0.60527      68.603     22-Mar-2024 11:56:04
    50      28      3     50     0.45       10        0.87    -4.1108     -4.1108         10               7            43.499           0.90865          1.2749      59.562     22-Mar-2024 11:56:04
    50      29      3     50     0.45       10       0.848    -4.2546     -4.2545         10               9             45.89           0.96916          0.6457      63.591     22-Mar-2024 11:56:04
    50      30      3     50     0.45       10       0.874    -3.8758     -3.8758         10               7            45.865           0.97132         0.77025      66.219     22-Mar-2024 11:56:04


rep =

    51

replication: (51)th 

thres=0.220507
1 th thresholding

  breakyes=3.2,  dualfeasorg deteriorated too much: primfeasorg=7.56e-07,dualfeasorg=4.60e-05
17 entries survived 

2 th thresholding

  breakyes=3.2,  dualfeasorg deteriorated too much: primfeasorg=2.63e-06,dualfeasorg=6.16e-05
18 entries survived 

3 th thresholding

  breakyes=3.2,  dualfeasorg deteriorated too much: primfeasorg=1.44e-06,dualfeasorg=5.80e-05
16 entries survived 

4 th thresholding

  breakyes=3.2,  dualfeasorg deteriorated too much: primfeasorg=1.58e-06,dualfeasorg=4.89e-05
8 entries survived 

5 th thresholding

  breakyes=3.2,  dualfeasorg deteriorated too much: primfeasorg=1.16e-06,dualfeasorg=5.52e-05
11 entries survived 

6 th thresholding

  breakyes=3.2,  dualfeasorg deteriorated too much: primfeasorg=1.28e-06,dualfeasorg=5.05e-05
10 entries survived 

7 th thresholding

  breakyes=3.2,  dualfeasorg deteriorated too much: primfeasorg=1.32e-06,dualfeasorg=2.46e-05
16 entries survived 

8 th thresholding

  breakyes=3.2,  dualfeasorg deteriorated too much: primfeasorg=9.46e-07,dualfeasorg=4.77e-05
15 entries survived 

9 th thresholding

  breakyes=1.4,  maxresidual < 1.00e-06
14 entries survived 

10 th thresholding

  breakyes=4.1,  primfeasorg stagnate, 0.00e+00
17 entries survived 

11 th thresholding

  breakyes=4.1,  primfeasorg stagnate, 0.00e+00
14 entries survived 

12 th thresholding

  breakyes=1.4,  maxresidual < 1.00e-06
13 entries survived 

13 th thresholding

  breakyes=4.1,  primfeasorg stagnate, 0.00e+00
17 entries survived 

14 th thresholding

  breakyes=4.1,  primfeasorg stagnate, 0.00e+00
15 entries survived 

15 th thresholding

  breakyes=4.1,  primfeasorg stagnate, 0.00e+00
14 entries survived 

16 th thresholding

  breakyes=3.2,  dualfeasorg deteriorated too much: primfeasorg=9.21e-07,dualfeasorg=6.01e-05
15 entries survived 

17 th thresholding

  breakyes=3.2,  dualfeasorg deteriorated too much: primfeasorg=1.07e-06,dualfeasorg=5.48e-05
18 entries survived 

18 th thresholding

  breakyes=3.2,  dualfeasorg deteriorated too much: primfeasorg=2.10e-06,dualfeasorg=1.46e-04
16 entries survived 

19 th thresholding

  breakyes=4.1,  primfeasorg stagnate, 0.00e+00
15 entries survived 

20 th thresholding

  breakyes=4.1,  primfeasorg stagnate, 0.00e+00
14 entries survived 

21 th thresholding

  breakyes=4.1,  primfeasorg stagnate, 0.00e+00
14 entries survived 

22 th thresholding

  breakyes=4.1,  primfeasorg stagnate, 0.00e+00
15 entries survived 

23 th thresholding

  breakyes=4.1,  primfeasorg stagnate, 0.00e+00
13 entries survived 

24 th thresholding

  breakyes=4.1,  primfeasorg stagnate, 0.00e+00
17 entries survived 

25 th thresholding

  breakyes=3.2,  dualfeasorg deteriorated too much: primfeasorg=1.39e-06,dualfeasorg=4.60e-05
19 entries survived 

26 th thresholding

  breakyes=4.1,  primfeasorg stagnate, 0.00e+00
13 entries survived 

27 th thresholding

  breakyes=1.4,  maxresidual < 1.00e-06
15 entries survived 

28 th thresholding

  breakyes=4.1,  primfeasorg stagnate, 9.37e-05
17 entries survived 

29 th thresholding

  breakyes=3.2,  dualfeasorg deteriorated too much: primfeasorg=2.38e-06,dualfeasorg=1.19e-04
14 entries survived 

30 th thresholding

  breakyes=4.1,  primfeasorg stagnate, 0.00e+00
17 entries survived 

acc_vec =

    0.6040
    0.6740
    0.5560
    0.6160
    0.6680
    0.7240
    0.7420
    0.8740
    0.8920
    0.8700
    0.9000
    0.8980
    0.8460
    0.8800
    0.8840
    0.8860
    0.8780
    0.8960
    0.8820
    0.8920
    0.8900
    0.8660
    0.8900
    0.8920
    0.8600
    0.8940
    0.9000
    0.8660
    0.8800
    0.8880
    0.8980

acc =0.604000  0.674000  0.556000  0.616000  0.668000  0.724000  0.742000  0.874000  0.892000  0.870000  0.900000  0.898000  0.846000  0.880000  0.884000  0.886000  0.878000  0.896000  0.882000  0.892000  0.890000  0.866000  0.890000  0.892000  0.860000  0.894000  0.900000  0.866000  0.880000  0.888000  0.898000 

discov_true_vec =

     2
     5
     1
     2
     4
     7
     9
    10
    10
    10
    10
    10
    10
    10
    10
    10
    10
    10
    10
    10
    10
    10
    10
    10
    10
    10
    10
    10
    10
    10


discov_false_vec =

    15
    13
    15
     6
     7
     3
     7
     5
     4
     7
     4
     3
     7
     5
     4
     5
     8
     6
     5
     4
     4
     5
     3
     7
     9
     3
     5
     7
     4
     7


data =

  31x16 table

    rep    iter    sep    dim    rho     sparsity     acc     obj_prim    obj_dual    discov_true    discov_false    diff_x_tilde    diff_omega_diag    time_isee    time_SDP          jobdate       
    ___    ____    ___    ___    ____    ________    _____    ________    ________    ___________    ____________    ____________    _______________    _________    ________    ____________________

    51       0      3     50     0.45       10       0.604          0           0          0               0                 0                 0               0           0     22-Mar-2024 12:28:50
    51       1      3     50     0.45       10       0.674    -3.3694     -3.3694          2              15            50.692           0.87579          1.6877      42.558     22-Mar-2024 12:28:50
    51       2      3     50     0.45       10       0.556    -3.5372     -3.5372          5              13            56.201            1.1829         0.58549      76.736     22-Mar-2024 12:28:50
    51       3      3     50     0.45       10       0.616    -3.0488     -3.0488          1              15            55.954            1.1346          1.1452      45.613     22-Mar-2024 12:28:50
    51       4      3     50     0.45       10       0.668    -2.8819     -2.8819          2               6            62.023            1.5087         0.73436      48.375     22-Mar-2024 12:28:50
    51       5      3     50     0.45       10       0.724     -3.572     -3.5719          4               7            56.559             1.203         0.65513      77.477     22-Mar-2024 12:28:50
    51       6      3     50     0.45       10       0.742    -3.2042     -3.2042          7               3            49.543           0.93324          1.6224      51.144     22-Mar-2024 12:28:50
    51       7      3     50     0.45       10       0.874    -3.5495     -3.5495          9               7            53.252             1.143           1.279      86.174     22-Mar-2024 12:28:50
    51       8      3     50     0.45       10       0.892    -3.7179     -3.7178         10               5            41.149           0.84791         0.60278      61.597     22-Mar-2024 12:28:50
    51       9      3     50     0.45       10        0.87    -3.5876     -3.5875         10               4            40.556           0.89333          1.0471       61.53     22-Mar-2024 12:28:50
    51      10      3     50     0.45       10         0.9    -3.6508     -3.6508         10               7             39.55           0.75066         0.89734      60.225     22-Mar-2024 12:28:50
    51      11      3     50     0.45       10       0.898    -3.4366     -3.4365         10               4            38.476           0.74607         0.90465      69.121     22-Mar-2024 12:28:50
    51      12      3     50     0.45       10       0.846    -3.6685     -3.6685         10               3            39.818           0.83727         0.96841      42.197     22-Mar-2024 12:28:50
    51      13      3     50     0.45       10        0.88    -3.7716     -3.7715         10               7            41.057           0.92954         0.81897       58.17     22-Mar-2024 12:28:50
    51      14      3     50     0.45       10       0.884    -3.5769     -3.5769         10               5            39.128           0.75112         0.74863      69.525     22-Mar-2024 12:28:50
    51      15      3     50     0.45       10       0.886    -3.3619     -3.3618         10               4            39.074           0.79491          1.1434      73.391     22-Mar-2024 12:28:50
    51      16      3     50     0.45       10       0.878    -3.3344     -3.3344         10               5            39.297           0.82306         0.93545      63.915     22-Mar-2024 12:28:50
    51      17      3     50     0.45       10       0.896    -3.5906     -3.5906         10               8            39.116           0.81415          1.0068      117.05     22-Mar-2024 12:28:50
    51      18      3     50     0.45       10       0.882    -3.6064     -3.6064         10               6             39.02           0.78786          1.2047      42.327     22-Mar-2024 12:28:50
    51      19      3     50     0.45       10       0.892    -3.5103     -3.5103         10               5            39.765           0.87692         0.89671      69.417     22-Mar-2024 12:28:50
    51      20      3     50     0.45       10        0.89    -3.4443     -3.4443         10               4            37.754           0.72679         0.93032      65.371     22-Mar-2024 12:28:50
    51      21      3     50     0.45       10       0.866    -3.4133     -3.4133         10               4            37.799           0.78811         0.99049       58.37     22-Mar-2024 12:28:50
    51      22      3     50     0.45       10        0.89    -3.4599     -3.4598         10               5            39.645           0.83745         0.94075       63.33     22-Mar-2024 12:28:50
    51      23      3     50     0.45       10       0.892    -3.3827     -3.3827         10               3            38.752           0.76576          1.0518       62.03     22-Mar-2024 12:28:50
    51      24      3     50     0.45       10        0.86    -3.6904     -3.6903         10               7            40.159           0.81958         0.85238      58.828     22-Mar-2024 12:28:50
    51      25      3     50     0.45       10       0.894    -3.7855     -3.7855         10               9             38.84           0.74771          1.0538      49.868     22-Mar-2024 12:28:50
    51      26      3     50     0.45       10         0.9    -3.3154     -3.3153         10               3            36.341           0.71106         0.94812       62.56     22-Mar-2024 12:28:50
    51      27      3     50     0.45       10       0.866    -3.6291     -3.6291         10               5            38.158           0.80553         0.97284      63.834     22-Mar-2024 12:28:50
    51      28      3     50     0.45       10        0.88    -3.6785     -3.6785         10               7            40.882           0.75551           1.022      135.79     22-Mar-2024 12:28:50
    51      29      3     50     0.45       10       0.888    -3.6964     -3.6964         10               4            40.531            0.8029         0.93076      32.703     22-Mar-2024 12:28:50
    51      30      3     50     0.45       10       0.898    -3.5786     -3.5786         10               7            40.949           0.87028         0.67016      67.714     22-Mar-2024 12:28:50


rep =

    52

replication: (52)th 

thres=0.220507
1 th thresholding

  breakyes=1.3,  maxresidual < 1.00e-06
20 entries survived 

2 th thresholding

  breakyes=3.2,  dualfeasorg deteriorated too much: primfeasorg=1.60e-06,dualfeasorg=6.94e-05
20 entries survived 

3 th thresholding

  breakyes=1.4,  maxresidual < 1.00e-06
13 entries survived 

4 th thresholding

  breakyes=4.1,  primfeasorg stagnate, 0.00e+00
15 entries survived 

5 th thresholding

  breakyes=4.1,  primfeasorg stagnate, 0.00e+00
9 entries survived 

6 th thresholding

  breakyes=3.2,  dualfeasorg deteriorated too much: primfeasorg=7.22e-07,dualfeasorg=3.50e-05
13 entries survived 

7 th thresholding

  breakyes=3.2,  dualfeasorg deteriorated too much: primfeasorg=1.20e-06,dualfeasorg=5.05e-05
11 entries survived 

8 th thresholding

  breakyes=3.2,  dualfeasorg deteriorated too much: primfeasorg=1.41e-06,dualfeasorg=4.03e-05
14 entries survived 

9 th thresholding

  breakyes=3.2,  dualfeasorg deteriorated too much: primfeasorg=8.74e-07,dualfeasorg=4.45e-05
13 entries survived 

10 th thresholding

  breakyes=3.2,  dualfeasorg deteriorated too much: primfeasorg=1.01e-06,dualfeasorg=5.49e-05
14 entries survived 

11 th thresholding

  breakyes=4.1,  primfeasorg stagnate, 0.00e+00
19 entries survived 

12 th thresholding

  breakyes=3.2,  dualfeasorg deteriorated too much: primfeasorg=1.42e-06,dualfeasorg=6.13e-05
16 entries survived 

13 th thresholding

  breakyes=4.1,  primfeasorg stagnate, 0.00e+00
14 entries survived 

14 th thresholding

  breakyes=4.1,  primfeasorg stagnate, 0.00e+00
18 entries survived 

15 th thresholding

  breakyes=3.2,  dualfeasorg deteriorated too much: primfeasorg=1.13e-06,dualfeasorg=5.62e-05
14 entries survived 

16 th thresholding

  breakyes=4.1,  primfeasorg stagnate, 0.00e+00
14 entries survived 

17 th thresholding

  breakyes=3.2,  dualfeasorg deteriorated too much: primfeasorg=1.07e-06,dualfeasorg=5.63e-05
13 entries survived 

18 th thresholding

  breakyes=3.2,  dualfeasorg deteriorated too much: primfeasorg=1.08e-06,dualfeasorg=6.42e-05
17 entries survived 

19 th thresholding

  breakyes=1.4,  maxresidual < 1.00e-06
12 entries survived 

20 th thresholding

  breakyes=3.2,  dualfeasorg deteriorated too much: primfeasorg=5.73e-06,dualfeasorg=4.57e-05
16 entries survived 

21 th thresholding

  breakyes=4.1,  primfeasorg stagnate, 0.00e+00
15 entries survived 

22 th thresholding

  breakyes=3.2,  dualfeasorg deteriorated too much: primfeasorg=8.72e-07,dualfeasorg=4.26e-05
19 entries survived 

23 th thresholding

  breakyes=3.2,  dualfeasorg deteriorated too much: primfeasorg=1.01e-06,dualfeasorg=1.77e-05
14 entries survived 

24 th thresholding


  breakyes=3.2,  dualfeasorg deteriorated too much: primfeasorg=1.20e-06,dualfeasorg=4.05e-05
12 entries survived 

25 th thresholding

  breakyes=1.3,  maxresidual < 1.00e-06
18 entries survived 

26 th thresholding

  breakyes=1.4,  maxresidual < 1.00e-06
12 entries survived 

27 th thresholding

  breakyes=3.2,  dualfeasorg deteriorated too much: primfeasorg=7.84e-07,dualfeasorg=4.69e-05
17 entries survived 

28 th thresholding

  breakyes=3.2,  dualfeasorg deteriorated too much: primfeasorg=1.49e-06,dualfeasorg=7.44e-05
15 entries survived 

29 th thresholding

  breakyes=3.2,  dualfeasorg deteriorated too much: primfeasorg=1.45e-06,dualfeasorg=6.04e-05
16 entries survived 

30 th thresholding

  breakyes=3.2,  dualfeasorg deteriorated too much: primfeasorg=3.51e-06,dualfeasorg=5.04e-05
19 entries survived 

acc_vec =

    0.6200
    0.6380
    0.5940
    0.6440
    0.5000
    0.5060
    0.6360
    0.7300
    0.7740
    0.8160
    0.8160
    0.9040
    0.9180
    0.8980
    0.9220
    0.8820
    0.9060
    0.8600
    0.8980
    0.8820
    0.9200
    0.8000
    0.8580
    0.9000
    0.8920
    0.9080
    0.8760
    0.9020
    0.8680
    0.9100
    0.8600

acc =0.620000  0.638000  0.594000  0.644000  0.500000  0.506000  0.636000  0.730000  0.774000  0.816000  0.816000  0.904000  0.918000  0.898000  0.922000  0.882000  0.906000  0.860000  0.898000  0.882000  0.920000  0.800000  0.858000  0.900000  0.892000  0.908000  0.876000  0.902000  0.868000  0.910000  0.860000 

discov_true_vec =

     6
     6
     6
     6
     0
     3
     4
     7
     8
     9
    10
    10
    10
    10
    10
    10
    10
    10
    10
    10
    10
    10
    10
    10
    10
    10
    10
    10
    10
    10


discov_false_vec =

    14
    14
     7
     9
     9
    10
     7
     7
     5
     5
     9
     6
     4
     8
     4
     4
     3
     7
     2
     6
     5
     9
     4
     2
     8
     2
     7
     5
     6
     9


data =

  31x16 table

    rep    iter    sep    dim    rho     sparsity     acc     obj_prim    obj_dual    discov_true    discov_false    diff_x_tilde    diff_omega_diag    time_isee    time_SDP          jobdate       
    ___    ____    ___    ___    ____    ________    _____    ________    ________    ___________    ____________    ____________    _______________    _________    ________    ____________________

    52       0      3     50     0.45       10        0.62          0           0          0               0                 0                 0               0           0     22-Mar-2024 12:59:50
    52       1      3     50     0.45       10       0.638    -3.6356     -3.6356          6              14            52.597           0.78007          1.1125      41.768     22-Mar-2024 12:59:50
    52       2      3     50     0.45       10       0.594    -3.2992     -3.2991          6              14            52.984           0.98641         0.84537       46.71     22-Mar-2024 12:59:50
    52       3      3     50     0.45       10       0.644    -2.1961     -2.1961          6               7            57.421            1.4227         0.74059      65.618     22-Mar-2024 12:59:50
    52       4      3     50     0.45       10         0.5    -3.2614     -3.2613          6               9            53.986            1.1108          1.0131      62.586     22-Mar-2024 12:59:50
    52       5      3     50     0.45       10       0.506     -2.885      -2.885          0               9            60.557            1.2908          1.0077      73.082     22-Mar-2024 12:59:50
    52       6      3     50     0.45       10       0.636    -3.1306     -3.1306          3              10            57.231           0.99427          1.2157      72.092     22-Mar-2024 12:59:50
    52       7      3     50     0.45       10        0.73    -2.5264     -2.5263          4               7            56.176            1.2768          1.0585      45.436     22-Mar-2024 12:59:50
    52       8      3     50     0.45       10       0.774    -2.7943     -2.7942          7               7            48.781           0.89026         0.84949      54.419     22-Mar-2024 12:59:50
    52       9      3     50     0.45       10       0.816    -3.1663     -3.1663          8               5            44.513           0.83261         0.90256      76.381     22-Mar-2024 12:59:50
    52      10      3     50     0.45       10       0.816    -3.6655     -3.6654          9               5            45.809           0.85718          1.2245      61.024     22-Mar-2024 12:59:50
    52      11      3     50     0.45       10       0.904    -3.6021      -3.602         10               9            43.899           0.99688          1.0905      73.731     22-Mar-2024 12:59:50
    52      12      3     50     0.45       10       0.918    -3.6821      -3.682         10               6            36.695            0.7765          1.1824        59.7     22-Mar-2024 12:59:50
    52      13      3     50     0.45       10       0.898    -3.4397     -3.4396         10               4            35.095           0.76694          1.0791      57.137     22-Mar-2024 12:59:50
    52      14      3     50     0.45       10       0.922    -3.4312     -3.4312         10               8            39.448           0.86768         0.98524      66.409     22-Mar-2024 12:59:50
    52      15      3     50     0.45       10       0.882    -3.8074     -3.8074         10               4             37.29           0.78809         0.86229      63.177     22-Mar-2024 12:59:50
    52      16      3     50     0.45       10       0.906    -3.1187     -3.1186         10               4            44.901             1.023         0.86577      65.091     22-Mar-2024 12:59:50
    52      17      3     50     0.45       10        0.86    -3.9124     -3.9124         10               3            37.324            0.8191         0.94056      52.382     22-Mar-2024 12:59:50
    52      18      3     50     0.45       10       0.898    -3.3239     -3.3238         10               7            49.479             1.144          0.7506      60.042     22-Mar-2024 12:59:50
    52      19      3     50     0.45       10       0.882    -3.7174     -3.7174         10               2            37.305           0.82439           1.102      27.354     22-Mar-2024 12:59:50
    52      20      3     50     0.45       10        0.92    -3.5163     -3.5163         10               6            43.494           0.99311         0.43282      53.892     22-Mar-2024 12:59:50
    52      21      3     50     0.45       10         0.8    -3.9647     -3.9646         10               5            37.858           0.79826          1.1387      64.429     22-Mar-2024 12:59:50
    52      22      3     50     0.45       10       0.858    -3.3006     -3.3006         10               9            49.095            1.0998         0.73863      72.123     22-Mar-2024 12:59:50
    52      23      3     50     0.45       10         0.9    -3.5897     -3.5897         10               4            41.814           0.89799         0.96837      96.368     22-Mar-2024 12:59:50
    52      24      3     50     0.45       10       0.892    -3.9297     -3.9297         10               2            40.264           0.85595          1.2182      81.302     22-Mar-2024 12:59:50
    52      25      3     50     0.45       10       0.908    -3.5494     -3.5494         10               8            41.548           0.92071         0.89362      62.592     22-Mar-2024 12:59:50
    52      26      3     50     0.45       10       0.876    -3.6418     -3.6418         10               2            38.171           0.85211         0.67907      46.129     22-Mar-2024 12:59:50
    52      27      3     50     0.45       10       0.902    -3.5448     -3.5448         10               7            42.953           0.96055         0.54271      62.954     22-Mar-2024 12:59:50
    52      28      3     50     0.45       10       0.868    -3.8056     -3.8055         10               5            39.741           0.88063         0.68163      50.999     22-Mar-2024 12:59:50
    52      29      3     50     0.45       10        0.91    -3.4019     -3.4018         10               6             45.41            1.0045         0.56856      47.289     22-Mar-2024 12:59:50
    52      30      3     50     0.45       10        0.86    -3.5987     -3.5987         10               9            38.892           0.88064         0.91331       70.23     22-Mar-2024 12:59:50

