==========================================
SLURM_JOB_ID = 20384348
SLURM_JOB_NODELIST = a02-08
TMPDIR = /tmp/SLURM_20384348
==========================================
hello
Starting parallel pool (parpool) ...
Connected to the parallel pool (number of workers: 15).

pool = 

 ProcessPool with properties: 

            Connected: true
           NumWorkers: 15
                 Busy: false
              Cluster: Local
        AttachedFiles: {}
    AutoAddClientPath: true
            FileStore: [1x1 parallel.FileStore]
           ValueStore: [1x1 parallel.ValueStore]
          IdleTimeout: 30 minutes (30 minutes remaining)
          SpmdEnabled: true


p =

   100


Delta =

     4


s =

    10


n =

   500


ii =

     5


table_name =

    'sparse_kmeans_isee_denoise'


conn = 

  sqlite with properties:

      Database: '/home1/jongminm/sparse_kmeans/sparse_kmeans.db'
    IsReadOnly: 0
    AutoCommit: 'on'


rho =

    0.4500


M =

    0.8161

delta confirmed: 4.000000
ans =

    4.0684


rep =

    17

replication: (17)th 

thres=0.239246
1 th thresholding

  breakyes=4.1,  primfeasorg stagnate, 0.00e+00
20 entries survived 

2 th thresholding

  breakyes=1.4,  maxresidual < 1.00e-06
18 entries survived 

3 th thresholding

  breakyes=3.2,  dualfeasorg deteriorated too much: primfeasorg=1.91e-06,dualfeasorg=2.55e-05
18 entries survived 

4 th thresholding

  breakyes=1.0,  maxresidual < 1.00e-06
18 entries survived 

5 th thresholding

  breakyes=1.0,  maxresidual < 1.00e-06
21 entries survived 

6 th thresholding

  breakyes=1.0,  maxresidual < 1.00e-06
21 entries survived 

7 th thresholding

  breakyes=1.0,  maxresidual < 1.00e-06
22 entries survived 

8 th thresholding

  breakyes=1.0,  maxresidual < 1.00e-06
21 entries survived 

9 th thresholding

  breakyes=1.0,  maxresidual < 1.00e-06
22 entries survived 

10 th thresholding

  breakyes=3.2,  dualfeasorg deteriorated too much: primfeasorg=9.68e-07,dualfeasorg=2.92e-05
20 entries survived 

11 th thresholding

  breakyes=1.4,  maxresidual < 1.00e-06
16 entries survived 

12 th thresholding

  breakyes=1.4,  maxresidual < 1.00e-06
18 entries survived 

13 th thresholding

  breakyes=1.0,  maxresidual < 1.00e-06
18 entries survived 

14 th thresholding

  breakyes=1.4,  maxresidual < 1.00e-06
16 entries survived 

15 th thresholding

  breakyes=1.0,  maxresidual < 1.00e-06
18 entries survived 

16 th thresholding

  breakyes=1.0,  maxresidual < 1.00e-06
18 entries survived 

17 th thresholding

  breakyes=1.4,  maxresidual < 1.00e-06
16 entries survived 

18 th thresholding

  breakyes=1.0,  maxresidual < 1.00e-06
18 entries survived 

19 th thresholding

  breakyes=1.0,  maxresidual < 1.00e-06
18 entries survived 

20 th thresholding

