==========================================
SLURM_JOB_ID = 20380506
SLURM_JOB_NODELIST = b01-03
TMPDIR = /tmp/SLURM_20380506
==========================================
hello
Starting parallel pool (parpool) ...
Connected to the parallel pool (number of workers: 15).

pool = 

 ProcessPool with properties: 

            Connected: true
           NumWorkers: 15
                 Busy: false
              Cluster: Local
        AttachedFiles: {}
    AutoAddClientPath: true
            FileStore: [1x1 parallel.FileStore]
           ValueStore: [1x1 parallel.ValueStore]
          IdleTimeout: 30 minutes (30 minutes remaining)
          SpmdEnabled: true


p =

   350


Delta =

     5


s =

    10


n =

   500


ii =

    20


table_name =

    'sparse_kmeans_isee_denoise'


conn = 

  sqlite with properties:

      Database: '/home1/jongminm/sparse_kmeans/sparse_kmeans.db'
    IsReadOnly: 0
    AutoCommit: 'on'


rho =

    0.4500


M =

    1.0202

delta confirmed: 5.000000
ans =

    5.0854


rep =

    77

replication: (77)th 

thres=0.269832
1 th thresholding

  breakyes=1.4,  maxresidual < 1.00e-06
40 entries survived 

2 th thresholding

  breakyes=1.0,  maxresidual < 1.00e-06
31 entries survived 

3 th thresholding

  breakyes=1.0,  maxresidual < 1.00e-06
30 entries survived 

4 th thresholding

  breakyes=1.0,  maxresidual < 1.00e-06
26 entries survived 

5 th thresholding

  breakyes=1.0,  maxresidual < 1.00e-06
29 entries survived 

6 th thresholding

  breakyes=1.0,  maxresidual < 1.00e-06
29 entries survived 

7 th thresholding

  breakyes=1.0,  maxresidual < 1.00e-06
27 entries survived 

8 th thresholding

  breakyes=1.0,  maxresidual < 1.00e-06
26 entries survived 

9 th thresholding

  breakyes=1.0,  maxresidual < 1.00e-06
26 entries survived 

10 th thresholding

  breakyes=1.0,  maxresidual < 1.00e-06
26 entries survived 

11 th thresholding

  breakyes=1.0,  maxresidual < 1.00e-06
26 entries survived 

12 th thresholding

  breakyes=1.0,  maxresidual < 1.00e-06
26 entries survived 

13 th thresholding

  breakyes=1.0,  maxresidual < 1.00e-06
26 entries survived 

14 th thresholding

  breakyes=1.0,  maxresidual < 1.00e-06
26 entries survived 

15 th thresholding

  breakyes=1.0,  maxresidual < 1.00e-06
26 entries survived 

16 th thresholding

  breakyes=1.0,  maxresidual < 1.00e-06
26 entries survived 

17 th thresholding

  breakyes=1.0,  maxresidual < 1.00e-06
26 entries survived 

18 th thresholding

  breakyes=1.0,  maxresidual < 1.00e-06
26 entries survived 

19 th thresholding

  breakyes=1.0,  maxresidual < 1.00e-06
26 entries survived 

20 th thresholding

  breakyes=1.0,  maxresidual < 1.00e-06
26 entries survived 

21 th thresholding

  breakyes=1.0,  maxresidual < 1.00e-06
26 entries survived 

22 th thresholding

  breakyes=1.0,  maxresidual < 1.00e-06
26 entries survived 

23 th thresholding

  breakyes=1.0,  maxresidual < 1.00e-06
26 entries survived 

24 th thresholding

  breakyes=1.0,  maxresidual < 1.00e-06
26 entries survived 

25 th thresholding

  breakyes=1.0,  maxresidual < 1.00e-06
26 entries survived 

26 th thresholding

  breakyes=1.0,  maxresidual < 1.00e-06
26 entries survived 

27 th thresholding

  breakyes=1.0,  maxresidual < 1.00e-06
26 entries survived 

28 th thresholding

  breakyes=1.0,  maxresidual < 1.00e-06
26 entries survived 

29 th thresholding

  breakyes=1.0,  maxresidual < 1.00e-06
26 entries survived 

30 th thresholding

  breakyes=1.0,  maxresidual < 1.00e-06
26 entries survived 

acc_vec =

    0.7400
    0.8680
    0.9280
    0.9580
    0.9700
    0.9740
    0.9680
    0.9700
    0.9700
    0.9700
    0.9700
    0.9700
    0.9700
    0.9700
    0.9700
    0.9700
    0.9700
    0.9700
    0.9700
    0.9700
    0.9700
    0.9700
    0.9700
    0.9700
    0.9700
    0.9700
    0.9700
    0.9700
    0.9700
    0.9700
    0.9700

acc =0.740000  0.868000  0.928000  0.958000  0.970000  0.974000  0.968000  0.970000  0.970000  0.970000  0.970000  0.970000  0.970000  0.970000  0.970000  0.970000  0.970000  0.970000  0.970000  0.970000  0.970000  0.970000  0.970000  0.970000  0.970000  0.970000  0.970000  0.970000  0.970000  0.970000  0.970000 

discov_true_vec =

     8
    10
    10
    10
    10
    10
    10
    10
    10
    10
    10
    10
    10
    10
    10
    10
    10
    10
    10
    10
    10
    10
    10
    10
    10
    10
    10
    10
    10
    10


discov_false_vec =

    32
    21
    20
    16
    19
    19
    17
    16
    16
    16
    16
    16
    16
    16
    16
    16
    16
    16
    16
    16
    16
    16
    16
    16
    16
    16
    16
    16
    16
    16


data =

  31x16 table

    rep    iter    sep    dim    rho     sparsity     acc     obj_prim    obj_dual    discov_true    discov_false    diff_x_tilde    diff_omega_diag    time_isee    time_SDP          jobdate       
    ___    ____    ___    ___    ____    ________    _____    ________    ________    ___________    ____________    ____________    _______________    _________    ________    ____________________

    77       0      5     350    0.45       10        0.74          0           0          0               0                 0                0               0            0     22-Mar-2024 08:43:51
    77       1      5     350    0.45       10       0.868    -10.509     -10.509          8              32            166.78           6.4303          11.388       47.868     22-Mar-2024 08:43:51
    77       2      5     350    0.45       10       0.928    -17.222     -17.222         10              21            161.56           6.3764          8.7761       9.5036     22-Mar-2024 08:43:51
    77       3      5     350    0.45       10       0.958    -17.317     -17.317         10              20             159.5           6.3917          8.6708       42.678     22-Mar-2024 08:43:51
    77       4      5     350    0.45       10        0.97    -16.659     -16.659         10              16            160.72           6.3301          8.8192       9.9319     22-Mar-2024 08:43:51
    77       5      5     350    0.45       10       0.974    -14.106     -14.106         10              19            158.89           6.2543          8.5635       13.238     22-Mar-2024 08:43:51
    77       6      5     350    0.45       10       0.968    -13.793     -13.793         10              19             157.7           6.2778          8.7255       12.214     22-Mar-2024 08:43:51
    77       7      5     350    0.45       10        0.97     -14.08      -14.08         10              17             157.7            6.235          8.8444       18.459     22-Mar-2024 08:43:51
    77       8      5     350    0.45       10        0.97    -14.584     -14.584         10              16            157.03            6.211          8.8914       13.326     22-Mar-2024 08:43:51
    77       9      5     350    0.45       10        0.97    -14.584     -14.584         10              16            157.03            6.211          8.6602       12.966     22-Mar-2024 08:43:51
    77      10      5     350    0.45       10        0.97    -14.584     -14.584         10              16            157.03            6.211          8.6749       12.901     22-Mar-2024 08:43:51
    77      11      5     350    0.45       10        0.97    -14.584     -14.584         10              16            157.03            6.211          8.4974       13.617     22-Mar-2024 08:43:51
    77      12      5     350    0.45       10        0.97    -14.584     -14.584         10              16            157.03            6.211          8.9804       12.906     22-Mar-2024 08:43:51
    77      13      5     350    0.45       10        0.97    -14.584     -14.584         10              16            157.03            6.211          8.5331       13.201     22-Mar-2024 08:43:51
    77      14      5     350    0.45       10        0.97    -14.584     -14.584         10              16            157.03            6.211          8.4949       13.219     22-Mar-2024 08:43:51
    77      15      5     350    0.45       10        0.97    -14.584     -14.584         10              16            157.03            6.211           8.582       12.799     22-Mar-2024 08:43:51
    77      16      5     350    0.45       10        0.97    -14.584     -14.584         10              16            157.03            6.211          8.6421       12.863     22-Mar-2024 08:43:51
    77      17      5     350    0.45       10        0.97    -14.584     -14.584         10              16            157.03            6.211          8.7104       12.882     22-Mar-2024 08:43:51
    77      18      5     350    0.45       10        0.97    -14.584     -14.584         10              16            157.03            6.211          8.6392         12.7     22-Mar-2024 08:43:51
    77      19      5     350    0.45       10        0.97    -14.584     -14.584         10              16            157.03            6.211          8.6111       12.895     22-Mar-2024 08:43:51
    77      20      5     350    0.45       10        0.97    -14.584     -14.584         10              16            157.03            6.211          8.5276       13.164     22-Mar-2024 08:43:51
    77      21      5     350    0.45       10        0.97    -14.584     -14.584         10              16            157.03            6.211          8.7346       13.278     22-Mar-2024 08:43:51
    77      22      5     350    0.45       10        0.97    -14.584     -14.584         10              16            157.03            6.211           8.986       12.982     22-Mar-2024 08:43:51
    77      23      5     350    0.45       10        0.97    -14.584     -14.584         10              16            157.03            6.211          8.6238       13.455     22-Mar-2024 08:43:51
    77      24      5     350    0.45       10        0.97    -14.584     -14.584         10              16            157.03            6.211          8.8621       13.127     22-Mar-2024 08:43:51
    77      25      5     350    0.45       10        0.97    -14.584     -14.584         10              16            157.03            6.211          8.6378       13.137     22-Mar-2024 08:43:51
    77      26      5     350    0.45       10        0.97    -14.584     -14.584         10              16            157.03            6.211          8.6119       12.958     22-Mar-2024 08:43:51
    77      27      5     350    0.45       10        0.97    -14.584     -14.584         10              16            157.03            6.211          8.6245       13.092     22-Mar-2024 08:43:51
    77      28      5     350    0.45       10        0.97    -14.584     -14.584         10              16            157.03            6.211          8.6808       13.042     22-Mar-2024 08:43:51
    77      29      5     350    0.45       10        0.97    -14.584     -14.584         10              16            157.03            6.211          8.6404       13.124     22-Mar-2024 08:43:51
    77      30      5     350    0.45       10        0.97    -14.584     -14.584         10              16            157.03            6.211          8.5521        12.81     22-Mar-2024 08:43:51


rep =

    78

replication: (78)th 

thres=0.269832
1 th thresholding

  breakyes=3.2,  dualfeasorg deteriorated too much: primfeasorg=9.78e-07,dualfeasorg=2.94e-05
42 entries survived 

2 th thresholding

  breakyes=1.4,  maxresidual < 1.00e-06
31 entries survived 

3 th thresholding

  breakyes=1.4,  maxresidual < 1.00e-06
26 entries survived 

4 th thresholding

  breakyes=3.1,  primfeasorg deteriorated too much: primfeasorg=5.13e-05,dualfeasorg=2.83e-06
32 entries survived 

5 th thresholding

  breakyes=3.2,  dualfeasorg deteriorated too much: primfeasorg=1.74e-06,dualfeasorg=3.95e-05
28 entries survived 

6 th thresholding

  breakyes=3.1,  primfeasorg deteriorated too much: primfeasorg=3.91e-06,dualfeasorg=8.08e-08
30 entries survived 

7 th thresholding

  breakyes=2.0,  primfeasorg*dualfeasorg < 1.00e-14
30 entries survived 

8 th thresholding

  breakyes=1.0,  maxresidual < 1.00e-06
28 entries survived 

9 th thresholding

  breakyes=1.0,  maxresidual < 1.00e-06
28 entries survived 

10 th thresholding

  breakyes=1.4,  maxresidual < 1.00e-06
35 entries survived 

11 th thresholding

  breakyes=1.4,  maxresidual < 1.00e-06
35 entries survived 

12 th thresholding

  breakyes=1.4,  maxresidual < 1.00e-06
35 entries survived 

13 th thresholding

  breakyes=1.4,  maxresidual < 1.00e-06
35 entries survived 

14 th thresholding

  breakyes=1.4,  maxresidual < 1.00e-06
35 entries survived 

15 th thresholding

  breakyes=1.4,  maxresidual < 1.00e-06
35 entries survived 

16 th thresholding

  breakyes=1.4,  maxresidual < 1.00e-06
35 entries survived 

17 th thresholding

  breakyes=1.4,  maxresidual < 1.00e-06
35 entries survived 

18 th thresholding

  breakyes=1.4,  maxresidual < 1.00e-06
35 entries survived 

19 th thresholding

  breakyes=1.4,  maxresidual < 1.00e-06
35 entries survived 

20 th thresholding

  breakyes=1.4,  maxresidual < 1.00e-06
35 entries survived 

21 th thresholding

  breakyes=1.4,  maxresidual < 1.00e-06
35 entries survived 

22 th thresholding

  breakyes=1.4,  maxresidual < 1.00e-06
35 entries survived 

23 th thresholding

  breakyes=1.4,  maxresidual < 1.00e-06
35 entries survived 

24 th thresholding

  breakyes=1.4,  maxresidual < 1.00e-06
35 entries survived 

25 th thresholding

  breakyes=1.4,  maxresidual < 1.00e-06
35 entries survived 

26 th thresholding

  breakyes=1.4,  maxresidual < 1.00e-06
35 entries survived 

27 th thresholding

  breakyes=1.4,  maxresidual < 1.00e-06
35 entries survived 

28 th thresholding

  breakyes=1.4,  maxresidual < 1.00e-06
35 entries survived 

29 th thresholding

  breakyes=1.4,  maxresidual < 1.00e-06
35 entries survived 

30 th thresholding

  breakyes=1.4,  maxresidual < 1.00e-06
35 entries survived 

acc_vec =

    0.7220
    0.9440
    0.9620
    0.9640
    0.9660
    0.9680
    0.9680
    0.9660
    0.9680
    0.9640
    0.9640
    0.9640
    0.9640
    0.9640
    0.9640
    0.9640
    0.9640
    0.9640
    0.9640
    0.9640
    0.9640
    0.9640
    0.9640
    0.9640
    0.9640
    0.9640
    0.9640
    0.9640
    0.9640
    0.9640
    0.9640

acc =0.722000  0.944000  0.962000  0.964000  0.966000  0.968000  0.968000  0.966000  0.968000  0.964000  0.964000  0.964000  0.964000  0.964000  0.964000  0.964000  0.964000  0.964000  0.964000  0.964000  0.964000  0.964000  0.964000  0.964000  0.964000  0.964000  0.964000  0.964000  0.964000  0.964000  0.964000 

discov_true_vec =

     9
    10
    10
    10
    10
    10
    10
    10
    10
    10
    10
    10
    10
    10
    10
    10
    10
    10
    10
    10
    10
    10
    10
    10
    10
    10
    10
    10
    10
    10


discov_false_vec =

    33
    21
    16
    22
    18
    20
    20
    18
    18
    25
    25
    25
    25
    25
    25
    25
    25
    25
    25
    25
    25
    25
    25
    25
    25
    25
    25
    25
    25
    25


data =

  31x16 table

    rep    iter    sep    dim    rho     sparsity     acc     obj_prim    obj_dual    discov_true    discov_false    diff_x_tilde    diff_omega_diag    time_isee    time_SDP          jobdate       
    ___    ____    ___    ___    ____    ________    _____    ________    ________    ___________    ____________    ____________    _______________    _________    ________    ____________________

    78       0      5     350    0.45       10       0.722          0           0          0               0                 0                0               0            0     22-Mar-2024 08:58:40
    78       1      5     350    0.45       10       0.944    -11.147     -11.147          9              33            173.95           6.7292          9.0169       20.917     22-Mar-2024 08:58:40
    78       2      5     350    0.45       10       0.962    -16.031     -16.031         10              21            164.97           6.5715          8.6075       17.211     22-Mar-2024 08:58:40
    78       3      5     350    0.45       10       0.964    -18.083     -18.083         10              16            168.85           6.9424           8.563       23.309     22-Mar-2024 08:58:40
    78       4      5     350    0.45       10       0.966    -18.554     -18.555         10              22            171.22           7.0658          8.6329       18.604     22-Mar-2024 08:58:40
    78       5      5     350    0.45       10       0.968    -16.323     -16.323         10              18            166.71           6.7591          8.6894       18.389     22-Mar-2024 08:58:40
    78       6      5     350    0.45       10       0.968    -15.557     -15.557         10              20            167.68           6.7334          8.5091       19.555     22-Mar-2024 08:58:40
    78       7      5     350    0.45       10       0.966    -16.163     -16.163         10              20            168.25           6.7879           9.001       30.176     22-Mar-2024 08:58:40
    78       8      5     350    0.45       10       0.968    -15.969     -15.969         10              18            167.75           6.7259          8.6366       13.596     22-Mar-2024 08:58:40
    78       9      5     350    0.45       10       0.964    -15.472     -15.472         10              18            168.78           6.8297            8.64        26.37     22-Mar-2024 08:58:40
    78      10      5     350    0.45       10       0.964     -16.93      -16.93         10              25            169.81           6.9747          9.4029       20.118     22-Mar-2024 08:58:40
    78      11      5     350    0.45       10       0.964     -16.93      -16.93         10              25            169.81           6.9747          9.3939       20.174     22-Mar-2024 08:58:40
    78      12      5     350    0.45       10       0.964     -16.93      -16.93         10              25            169.81           6.9747          9.4844       20.137     22-Mar-2024 08:58:40
    78      13      5     350    0.45       10       0.964     -16.93      -16.93         10              25            169.81           6.9747          9.6586       20.101     22-Mar-2024 08:58:40
    78      14      5     350    0.45       10       0.964     -16.93      -16.93         10              25            169.81           6.9747          9.2695       20.251     22-Mar-2024 08:58:40
    78      15      5     350    0.45       10       0.964     -16.93      -16.93         10              25            169.81           6.9747          9.3814       19.806     22-Mar-2024 08:58:40
    78      16      5     350    0.45       10       0.964     -16.93      -16.93         10              25            169.81           6.9747          9.3193       19.968     22-Mar-2024 08:58:40
    78      17      5     350    0.45       10       0.964     -16.93      -16.93         10              25            169.81           6.9747          9.4153       20.142     22-Mar-2024 08:58:40
    78      18      5     350    0.45       10       0.964     -16.93      -16.93         10              25            169.81           6.9747          9.3562       20.079     22-Mar-2024 08:58:40
    78      19      5     350    0.45       10       0.964     -16.93      -16.93         10              25            169.81           6.9747          9.6582       19.659     22-Mar-2024 08:58:40
    78      20      5     350    0.45       10       0.964     -16.93      -16.93         10              25            169.81           6.9747          9.4371       20.132     22-Mar-2024 08:58:40
    78      21      5     350    0.45       10       0.964     -16.93      -16.93         10              25            169.81           6.9747          9.4681       20.334     22-Mar-2024 08:58:40
    78      22      5     350    0.45       10       0.964     -16.93      -16.93         10              25            169.81           6.9747          9.3924       21.261     22-Mar-2024 08:58:40
    78      23      5     350    0.45       10       0.964     -16.93      -16.93         10              25            169.81           6.9747          9.6179       20.703     22-Mar-2024 08:58:40
    78      24      5     350    0.45       10       0.964     -16.93      -16.93         10              25            169.81           6.9747          9.4014        19.99     22-Mar-2024 08:58:40
    78      25      5     350    0.45       10       0.964     -16.93      -16.93         10              25            169.81           6.9747          9.3654        19.77     22-Mar-2024 08:58:40
    78      26      5     350    0.45       10       0.964     -16.93      -16.93         10              25            169.81           6.9747          9.3802       20.379     22-Mar-2024 08:58:40
    78      27      5     350    0.45       10       0.964     -16.93      -16.93         10              25            169.81           6.9747          9.4075       19.942     22-Mar-2024 08:58:40
    78      28      5     350    0.45       10       0.964     -16.93      -16.93         10              25            169.81           6.9747          9.3678       20.137     22-Mar-2024 08:58:40
    78      29      5     350    0.45       10       0.964     -16.93      -16.93         10              25            169.81           6.9747          9.3188       20.222     22-Mar-2024 08:58:40
    78      30      5     350    0.45       10       0.964     -16.93      -16.93         10              25            169.81           6.9747          9.5743       20.584     22-Mar-2024 08:58:40


rep =

    79

replication: (79)th 

thres=0.269832
1 th thresholding

  breakyes=1.4,  maxresidual < 1.00e-06
40 entries survived 

2 th thresholding

  breakyes=1.0,  maxresidual < 1.00e-06
31 entries survived 

3 th thresholding

  breakyes=1.0,  maxresidual < 1.00e-06
23 entries survived 

4 th thresholding

  breakyes=1.0,  maxresidual < 1.00e-06
24 entries survived 

5 th thresholding

  breakyes=1.0,  maxresidual < 1.00e-06
24 entries survived 

6 th thresholding

  breakyes=1.0,  maxresidual < 1.00e-06
24 entries survived 

7 th thresholding

  breakyes=1.0,  maxresidual < 1.00e-06
24 entries survived 

8 th thresholding

  breakyes=1.0,  maxresidual < 1.00e-06
24 entries survived 

9 th thresholding

  breakyes=1.0,  maxresidual < 1.00e-06
24 entries survived 

10 th thresholding

  breakyes=1.0,  maxresidual < 1.00e-06
24 entries survived 

11 th thresholding

  breakyes=1.0,  maxresidual < 1.00e-06
24 entries survived 

12 th thresholding

  breakyes=1.0,  maxresidual < 1.00e-06
24 entries survived 

13 th thresholding

  breakyes=1.0,  maxresidual < 1.00e-06
24 entries survived 

14 th thresholding

  breakyes=1.0,  maxresidual < 1.00e-06
24 entries survived 

15 th thresholding

  breakyes=1.0,  maxresidual < 1.00e-06
24 entries survived 

16 th thresholding

  breakyes=1.0,  maxresidual < 1.00e-06
24 entries survived 

17 th thresholding

  breakyes=1.0,  maxresidual < 1.00e-06
24 entries survived 

18 th thresholding

  breakyes=1.0,  maxresidual < 1.00e-06
24 entries survived 

19 th thresholding

  breakyes=1.0,  maxresidual < 1.00e-06
24 entries survived 

20 th thresholding

  breakyes=1.0,  maxresidual < 1.00e-06
24 entries survived 

21 th thresholding

  breakyes=1.0,  maxresidual < 1.00e-06
24 entries survived 

22 th thresholding

  breakyes=1.0,  maxresidual < 1.00e-06
24 entries survived 

23 th thresholding

  breakyes=1.0,  maxresidual < 1.00e-06
24 entries survived 

24 th thresholding

  breakyes=1.0,  maxresidual < 1.00e-06
24 entries survived 

25 th thresholding

  breakyes=1.0,  maxresidual < 1.00e-06
24 entries survived 

26 th thresholding

  breakyes=1.0,  maxresidual < 1.00e-06
24 entries survived 

27 th thresholding

  breakyes=1.0,  maxresidual < 1.00e-06
24 entries survived 

28 th thresholding

  breakyes=1.0,  maxresidual < 1.00e-06
24 entries survived 

29 th thresholding

  breakyes=1.0,  maxresidual < 1.00e-06
24 entries survived 

30 th thresholding

  breakyes=1.0,  maxresidual < 1.00e-06
24 entries survived 

acc_vec =

    0.7120
    0.8500
    0.9800
    0.9840
    0.9840
    0.9860
    0.9860
    0.9860
    0.9860
    0.9860
    0.9860
    0.9860
    0.9860
    0.9860
    0.9860
    0.9860
    0.9860
    0.9860
    0.9860
    0.9860
    0.9860
    0.9860
    0.9860
    0.9860
    0.9860
    0.9860
    0.9860
    0.9860
    0.9860
    0.9860
    0.9860

acc =0.712000  0.850000  0.980000  0.984000  0.984000  0.986000  0.986000  0.986000  0.986000  0.986000  0.986000  0.986000  0.986000  0.986000  0.986000  0.986000  0.986000  0.986000  0.986000  0.986000  0.986000  0.986000  0.986000  0.986000  0.986000  0.986000  0.986000  0.986000  0.986000  0.986000  0.986000 

discov_true_vec =

     6
    10
    10
    10
    10
    10
    10
    10
    10
    10
    10
    10
    10
    10
    10
    10
    10
    10
    10
    10
    10
    10
    10
    10
    10
    10
    10
    10
    10
    10


discov_false_vec =

    34
    21
    13
    14
    14
    14
    14
    14
    14
    14
    14
    14
    14
    14
    14
    14
    14
    14
    14
    14
    14
    14
    14
    14
    14
    14
    14
    14
    14
    14


data =

  31x16 table

    rep    iter    sep    dim    rho     sparsity     acc     obj_prim    obj_dual    discov_true    discov_false    diff_x_tilde    diff_omega_diag    time_isee    time_SDP          jobdate       
    ___    ____    ___    ___    ____    ________    _____    ________    ________    ___________    ____________    ____________    _______________    _________    ________    ____________________

    79       0      5     350    0.45       10       0.712          0           0          0               0                 0                0               0            0     22-Mar-2024 09:10:17
    79       1      5     350    0.45       10        0.85    -8.5823     -8.5822          6              34            168.32           6.4539          9.7509       34.954     22-Mar-2024 09:10:17
    79       2      5     350    0.45       10        0.98    -11.259     -11.259         10              21            166.19           6.8312          9.3904       15.504     22-Mar-2024 09:10:17
    79       3      5     350    0.45       10       0.984    -12.645     -12.645         10              13            159.79           6.4034          9.4289       11.835     22-Mar-2024 09:10:17
    79       4      5     350    0.45       10       0.984     -12.67      -12.67         10              14            159.24            6.395          9.2933       18.271     22-Mar-2024 09:10:17
    79       5      5     350    0.45       10       0.986    -11.695     -11.695         10              14            156.76           6.1955          9.2578       12.317     22-Mar-2024 09:10:17
    79       6      5     350    0.45       10       0.986    -11.941     -11.941         10              14            159.33            6.438          9.6392        12.85     22-Mar-2024 09:10:17
    79       7      5     350    0.45       10       0.986    -11.941     -11.941         10              14            159.33            6.438          9.3925        13.19     22-Mar-2024 09:10:17
    79       8      5     350    0.45       10       0.986    -11.941     -11.941         10              14            159.33            6.438          9.3334       13.108     22-Mar-2024 09:10:17
    79       9      5     350    0.45       10       0.986    -11.941     -11.941         10              14            159.33            6.438          9.3788       12.827     22-Mar-2024 09:10:17
    79      10      5     350    0.45       10       0.986    -11.941     -11.941         10              14            159.33            6.438          9.6821       12.781     22-Mar-2024 09:10:17
    79      11      5     350    0.45       10       0.986    -11.941     -11.941         10              14            159.33            6.438          9.6037       12.774     22-Mar-2024 09:10:17
    79      12      5     350    0.45       10       0.986    -11.941     -11.941         10              14            159.33            6.438           9.335       13.135     22-Mar-2024 09:10:17
    79      13      5     350    0.45       10       0.986    -11.941     -11.941         10              14            159.33            6.438          9.4267       12.968     22-Mar-2024 09:10:17
    79      14      5     350    0.45       10       0.986    -11.941     -11.941         10              14            159.33            6.438          9.6372       12.841     22-Mar-2024 09:10:17
    79      15      5     350    0.45       10       0.986    -11.941     -11.941         10              14            159.33            6.438          9.3965       12.937     22-Mar-2024 09:10:17
    79      16      5     350    0.45       10       0.986    -11.941     -11.941         10              14            159.33            6.438          9.4572       13.064     22-Mar-2024 09:10:17
    79      17      5     350    0.45       10       0.986    -11.941     -11.941         10              14            159.33            6.438          9.3734       12.841     22-Mar-2024 09:10:17
    79      18      5     350    0.45       10       0.986    -11.941     -11.941         10              14            159.33            6.438          9.3187       12.646     22-Mar-2024 09:10:17
    79      19      5     350    0.45       10       0.986    -11.941     -11.941         10              14            159.33            6.438          9.6022       13.013     22-Mar-2024 09:10:17
    79      20      5     350    0.45       10       0.986    -11.941     -11.941         10              14            159.33            6.438          9.4887       13.096     22-Mar-2024 09:10:17
    79      21      5     350    0.45       10       0.986    -11.941     -11.941         10              14            159.33            6.438          9.2324       12.456     22-Mar-2024 09:10:17
    79      22      5     350    0.45       10       0.986    -11.941     -11.941         10              14            159.33            6.438          9.4977       12.356     22-Mar-2024 09:10:17
    79      23      5     350    0.45       10       0.986    -11.941     -11.941         10              14            159.33            6.438          9.3639       12.822     22-Mar-2024 09:10:17
    79      24      5     350    0.45       10       0.986    -11.941     -11.941         10              14            159.33            6.438          9.2871       12.965     22-Mar-2024 09:10:17
    79      25      5     350    0.45       10       0.986    -11.941     -11.941         10              14            159.33            6.438          9.3145       13.037     22-Mar-2024 09:10:17
    79      26      5     350    0.45       10       0.986    -11.941     -11.941         10              14            159.33            6.438          9.2303       12.981     22-Mar-2024 09:10:17
    79      27      5     350    0.45       10       0.986    -11.941     -11.941         10              14            159.33            6.438          9.3111       12.678     22-Mar-2024 09:10:17
    79      28      5     350    0.45       10       0.986    -11.941     -11.941         10              14            159.33            6.438          9.3928       12.299     22-Mar-2024 09:10:17
    79      29      5     350    0.45       10       0.986    -11.941     -11.941         10              14            159.33            6.438          9.1969       13.162     22-Mar-2024 09:10:17
    79      30      5     350    0.45       10       0.986    -11.941     -11.941         10              14            159.33            6.438          9.1895       13.506     22-Mar-2024 09:10:17


rep =

    80

replication: (80)th 

thres=0.269832
1 th thresholding

  breakyes=3.2,  dualfeasorg deteriorated too much: primfeasorg=9.92e-07,dualfeasorg=3.70e-05
32 entries survived 

2 th thresholding

  breakyes=1.3,  maxresidual < 1.00e-06
33 entries survived 

3 th thresholding

  breakyes=1.0,  maxresidual < 1.00e-06
34 entries survived 

4 th thresholding

  breakyes=1.0,  maxresidual < 1.00e-06
29 entries survived 

5 th thresholding

  breakyes=1.0,  maxresidual < 1.00e-06
30 entries survived 

6 th thresholding

  breakyes=1.0,  maxresidual < 1.00e-06
31 entries survived 

7 th thresholding

  breakyes=1.4,  maxresidual < 1.00e-06
32 entries survived 

8 th thresholding

  breakyes=3.2,  dualfeasorg deteriorated too much: primfeasorg=4.44e-06,dualfeasorg=3.28e-05
30 entries survived 

9 th thresholding

  breakyes=1.4,  maxresidual < 1.00e-06
28 entries survived 

10 th thresholding

  breakyes=1.4,  maxresidual < 1.00e-06
28 entries survived 

11 th thresholding

  breakyes=1.4,  maxresidual < 1.00e-06
28 entries survived 

12 th thresholding

  breakyes=1.4,  maxresidual < 1.00e-06
28 entries survived 

13 th thresholding

  breakyes=1.4,  maxresidual < 1.00e-06
28 entries survived 

14 th thresholding

  breakyes=1.4,  maxresidual < 1.00e-06
28 entries survived 

15 th thresholding

  breakyes=1.4,  maxresidual < 1.00e-06
28 entries survived 

16 th thresholding

  breakyes=1.4,  maxresidual < 1.00e-06
28 entries survived 

17 th thresholding

  breakyes=1.4,  maxresidual < 1.00e-06
28 entries survived 

18 th thresholding

  breakyes=1.4,  maxresidual < 1.00e-06
28 entries survived 

19 th thresholding

  breakyes=1.4,  maxresidual < 1.00e-06
28 entries survived 

20 th thresholding

  breakyes=1.4,  maxresidual < 1.00e-06
28 entries survived 

21 th thresholding

  breakyes=1.4,  maxresidual < 1.00e-06
28 entries survived 

22 th thresholding

  breakyes=1.4,  maxresidual < 1.00e-06
28 entries survived 

23 th thresholding

  breakyes=1.4,  maxresidual < 1.00e-06
28 entries survived 

24 th thresholding

  breakyes=1.4,  maxresidual < 1.00e-06
28 entries survived 

25 th thresholding

  breakyes=1.4,  maxresidual < 1.00e-06
28 entries survived 

26 th thresholding

  breakyes=1.4,  maxresidual < 1.00e-06
28 entries survived 

27 th thresholding

  breakyes=1.4,  maxresidual < 1.00e-06
28 entries survived 

28 th thresholding

  breakyes=1.4,  maxresidual < 1.00e-06
28 entries survived 

29 th thresholding

  breakyes=1.4,  maxresidual < 1.00e-06
28 entries survived 

30 th thresholding

  breakyes=1.4,  maxresidual < 1.00e-06
28 entries survived 

acc_vec =

    0.6760
    0.8540
    0.9560
    0.9760
    0.9780
    0.9820
    0.9780
    0.9740
    0.9780
    0.9780
    0.9780
    0.9780
    0.9780
    0.9780
    0.9780
    0.9780
    0.9780
    0.9780
    0.9780
    0.9780
    0.9780
    0.9780
    0.9780
    0.9780
    0.9780
    0.9780
    0.9780
    0.9780
    0.9780
    0.9780
    0.9780

acc =0.676000  0.854000  0.956000  0.976000  0.978000  0.982000  0.978000  0.974000  0.978000  0.978000  0.978000  0.978000  0.978000  0.978000  0.978000  0.978000  0.978000  0.978000  0.978000  0.978000  0.978000  0.978000  0.978000  0.978000  0.978000  0.978000  0.978000  0.978000  0.978000  0.978000  0.978000 

discov_true_vec =

     6
    10
    10
    10
    10
    10
    10
    10
    10
    10
    10
    10
    10
    10
    10
    10
    10
    10
    10
    10
    10
    10
    10
    10
    10
    10
    10
    10
    10
    10


discov_false_vec =

    26
    23
    24
    19
    20
    21
    22
    20
    18
    18
    18
    18
    18
    18
    18
    18
    18
    18
    18
    18
    18
    18
    18
    18
    18
    18
    18
    18
    18
    18


data =

  31x16 table

    rep    iter    sep    dim    rho     sparsity     acc     obj_prim    obj_dual    discov_true    discov_false    diff_x_tilde    diff_omega_diag    time_isee    time_SDP          jobdate       
    ___    ____    ___    ___    ____    ________    _____    ________    ________    ___________    ____________    ____________    _______________    _________    ________    ____________________

    80       0      5     350    0.45       10       0.676          0           0          0               0                 0                0               0            0     22-Mar-2024 09:22:45
    80       1      5     350    0.45       10       0.854     -9.404      -9.404          6              26            170.18           6.8144            9.33        31.18     22-Mar-2024 09:22:45
    80       2      5     350    0.45       10       0.956    -14.894     -14.894         10              23            165.25           6.7237          9.1357       17.166     22-Mar-2024 09:22:45
    80       3      5     350    0.45       10       0.976    -13.862     -13.862         10              24            161.72           6.5968          8.6958       10.324     22-Mar-2024 09:22:45
    80       4      5     350    0.45       10       0.978     -13.24      -13.24         10              19            156.49           6.2122          8.5205       11.998     22-Mar-2024 09:22:45
    80       5      5     350    0.45       10       0.982     -13.19      -13.19         10              20            158.49           6.3813          8.8211        20.66     22-Mar-2024 09:22:45
    80       6      5     350    0.45       10       0.978    -13.756     -13.756         10              21            155.43           6.2594          8.6775       11.101     22-Mar-2024 09:22:45
    80       7      5     350    0.45       10       0.974    -13.733     -13.733         10              22            160.06           6.4087          8.6763       22.933     22-Mar-2024 09:22:45
    80       8      5     350    0.45       10       0.978    -14.049     -14.049         10              20            162.31           6.5027          8.7095       7.4408     22-Mar-2024 09:22:45
    80       9      5     350    0.45       10       0.978    -13.707     -13.707         10              18            159.29           6.4003          8.5939       16.606     22-Mar-2024 09:22:45
    80      10      5     350    0.45       10       0.978    -13.707     -13.707         10              18            159.29           6.4003          8.7562       16.186     22-Mar-2024 09:22:45
    80      11      5     350    0.45       10       0.978    -13.707     -13.707         10              18            159.29           6.4003           8.964       16.447     22-Mar-2024 09:22:45
    80      12      5     350    0.45       10       0.978    -13.707     -13.707         10              18            159.29           6.4003          8.6235       16.323     22-Mar-2024 09:22:45
    80      13      5     350    0.45       10       0.978    -13.707     -13.707         10              18            159.29           6.4003          8.5723       15.991     22-Mar-2024 09:22:45
    80      14      5     350    0.45       10       0.978    -13.707     -13.707         10              18            159.29           6.4003          8.7031       15.802     22-Mar-2024 09:22:45
    80      15      5     350    0.45       10       0.978    -13.707     -13.707         10              18            159.29           6.4003          8.5529       16.119     22-Mar-2024 09:22:45
    80      16      5     350    0.45       10       0.978    -13.707     -13.707         10              18            159.29           6.4003          8.5696       16.082     22-Mar-2024 09:22:45
    80      17      5     350    0.45       10       0.978    -13.707     -13.707         10              18            159.29           6.4003          8.8343       16.028     22-Mar-2024 09:22:45
    80      18      5     350    0.45       10       0.978    -13.707     -13.707         10              18            159.29           6.4003          8.6469       15.908     22-Mar-2024 09:22:45
    80      19      5     350    0.45       10       0.978    -13.707     -13.707         10              18            159.29           6.4003          8.5164       16.076     22-Mar-2024 09:22:45
    80      20      5     350    0.45       10       0.978    -13.707     -13.707         10              18            159.29           6.4003           8.726       16.127     22-Mar-2024 09:22:45
    80      21      5     350    0.45       10       0.978    -13.707     -13.707         10              18            159.29           6.4003          8.6945       15.822     22-Mar-2024 09:22:45
    80      22      5     350    0.45       10       0.978    -13.707     -13.707         10              18            159.29           6.4003          8.8971       15.957     22-Mar-2024 09:22:45
    80      23      5     350    0.45       10       0.978    -13.707     -13.707         10              18            159.29           6.4003          8.4693       15.678     22-Mar-2024 09:22:45
    80      24      5     350    0.45       10       0.978    -13.707     -13.707         10              18            159.29           6.4003          8.7784       15.016     22-Mar-2024 09:22:45
    80      25      5     350    0.45       10       0.978    -13.707     -13.707         10              18            159.29           6.4003          8.9413       15.906     22-Mar-2024 09:22:45
    80      26      5     350    0.45       10       0.978    -13.707     -13.707         10              18            159.29           6.4003          8.4646       16.461     22-Mar-2024 09:22:45
    80      27      5     350    0.45       10       0.978    -13.707     -13.707         10              18            159.29           6.4003          9.0734       15.586     22-Mar-2024 09:22:45
    80      28      5     350    0.45       10       0.978    -13.707     -13.707         10              18            159.29           6.4003          8.7276       15.922     22-Mar-2024 09:22:45
    80      29      5     350    0.45       10       0.978    -13.707     -13.707         10              18            159.29           6.4003          8.6083       16.186     22-Mar-2024 09:22:45
    80      30      5     350    0.45       10       0.978    -13.707     -13.707         10              18            159.29           6.4003          8.6895       15.929     22-Mar-2024 09:22:45

