==========================================
SLURM_JOB_ID = 20380322
SLURM_JOB_NODELIST = b22-03
TMPDIR = /tmp/SLURM_20380322
==========================================
hello
Starting parallel pool (parpool) ...
Connected to the parallel pool (number of workers: 15).

pool = 

 ProcessPool with properties: 

            Connected: true
           NumWorkers: 15
                 Busy: false
              Cluster: Local
        AttachedFiles: {}
    AutoAddClientPath: true
            FileStore: [1x1 parallel.FileStore]
           ValueStore: [1x1 parallel.ValueStore]
          IdleTimeout: 30 minutes (30 minutes remaining)
          SpmdEnabled: true


p =

   100


Delta =

     5


s =

    10


n =

   500


ii =

    13


table_name =

    'sparse_kmeans_isee_denoise'


conn = 

  sqlite with properties:

      Database: '/home1/jongminm/sparse_kmeans/sparse_kmeans.db'
    IsReadOnly: 0
    AutoCommit: 'on'


rho =

    0.4500


M =

    1.0202

delta confirmed: 5.000000
ans =

    5.0854


rep =

    49

replication: (49)th 

thres=0.239246
1 th thresholding

  breakyes=3.2,  dualfeasorg deteriorated too much: primfeasorg=9.72e-07,dualfeasorg=5.57e-05
20 entries survived 

2 th thresholding

  breakyes=1.4,  maxresidual < 1.00e-06
23 entries survived 

3 th thresholding

  breakyes=1.0,  maxresidual < 1.00e-06
16 entries survived 

4 th thresholding

  breakyes=3.2,  dualfeasorg deteriorated too much: primfeasorg=9.97e-07,dualfeasorg=3.42e-05
12 entries survived 

5 th thresholding

  breakyes=1.0,  maxresidual < 1.00e-06
14 entries survived 

6 th thresholding

  breakyes=3.2,  dualfeasorg deteriorated too much: primfeasorg=3.16e-06,dualfeasorg=4.56e-05
15 entries survived 

7 th thresholding

  breakyes=3.2,  dualfeasorg deteriorated too much: primfeasorg=3.16e-06,dualfeasorg=4.56e-05
15 entries survived 

8 th thresholding

  breakyes=3.2,  dualfeasorg deteriorated too much: primfeasorg=3.16e-06,dualfeasorg=4.56e-05
15 entries survived 

9 th thresholding

  breakyes=3.2,  dualfeasorg deteriorated too much: primfeasorg=3.16e-06,dualfeasorg=4.56e-05
15 entries survived 

10 th thresholding

  breakyes=3.2,  dualfeasorg deteriorated too much: primfeasorg=3.16e-06,dualfeasorg=4.56e-05
15 entries survived 

11 th thresholding

  breakyes=3.2,  dualfeasorg deteriorated too much: primfeasorg=3.16e-06,dualfeasorg=4.56e-05
15 entries survived 

12 th thresholding

  breakyes=3.2,  dualfeasorg deteriorated too much: primfeasorg=3.16e-06,dualfeasorg=4.56e-05
15 entries survived 

13 th thresholding

  breakyes=3.2,  dualfeasorg deteriorated too much: primfeasorg=3.16e-06,dualfeasorg=4.56e-05
15 entries survived 

14 th thresholding

  breakyes=3.2,  dualfeasorg deteriorated too much: primfeasorg=3.16e-06,dualfeasorg=4.56e-05
15 entries survived 

15 th thresholding

  breakyes=3.2,  dualfeasorg deteriorated too much: primfeasorg=3.16e-06,dualfeasorg=4.56e-05
15 entries survived 

16 th thresholding

  breakyes=3.2,  dualfeasorg deteriorated too much: primfeasorg=3.16e-06,dualfeasorg=4.56e-05
15 entries survived 

17 th thresholding

  breakyes=3.2,  dualfeasorg deteriorated too much: primfeasorg=3.16e-06,dualfeasorg=4.56e-05
15 entries survived 

18 th thresholding

  breakyes=3.2,  dualfeasorg deteriorated too much: primfeasorg=3.16e-06,dualfeasorg=4.56e-05
15 entries survived 

19 th thresholding

  breakyes=3.2,  dualfeasorg deteriorated too much: primfeasorg=3.16e-06,dualfeasorg=4.56e-05
15 entries survived 

20 th thresholding

  breakyes=3.2,  dualfeasorg deteriorated too much: primfeasorg=3.16e-06,dualfeasorg=4.56e-05
15 entries survived 

21 th thresholding

  breakyes=3.2,  dualfeasorg deteriorated too much: primfeasorg=3.16e-06,dualfeasorg=4.56e-05
15 entries survived 

22 th thresholding

  breakyes=3.2,  dualfeasorg deteriorated too much: primfeasorg=3.16e-06,dualfeasorg=4.56e-05
15 entries survived 

23 th thresholding

  breakyes=3.2,  dualfeasorg deteriorated too much: primfeasorg=3.16e-06,dualfeasorg=4.56e-05
15 entries survived 

24 th thresholding

  breakyes=3.2,  dualfeasorg deteriorated too much: primfeasorg=3.16e-06,dualfeasorg=4.56e-05
15 entries survived 

25 th thresholding

  breakyes=3.2,  dualfeasorg deteriorated too much: primfeasorg=3.16e-06,dualfeasorg=4.56e-05
15 entries survived 

26 th thresholding

  breakyes=3.2,  dualfeasorg deteriorated too much: primfeasorg=3.16e-06,dualfeasorg=4.56e-05
15 entries survived 

27 th thresholding

  breakyes=3.2,  dualfeasorg deteriorated too much: primfeasorg=3.16e-06,dualfeasorg=4.56e-05
15 entries survived 

28 th thresholding

  breakyes=3.2,  dualfeasorg deteriorated too much: primfeasorg=3.16e-06,dualfeasorg=4.56e-05
15 entries survived 

29 th thresholding

  breakyes=3.2,  dualfeasorg deteriorated too much: primfeasorg=3.16e-06,dualfeasorg=4.56e-05
15 entries survived 

30 th thresholding

  breakyes=3.2,  dualfeasorg deteriorated too much: primfeasorg=3.16e-06,dualfeasorg=4.56e-05
15 entries survived 

acc_vec =

    0.7200
    0.8820
    0.9520
    0.9840
    0.9820
    0.9800
    0.9800
    0.9800
    0.9800
    0.9800
    0.9800
    0.9800
    0.9800
    0.9800
    0.9800
    0.9800
    0.9800
    0.9800
    0.9800
    0.9800
    0.9800
    0.9800
    0.9800
    0.9800
    0.9800
    0.9800
    0.9800
    0.9800
    0.9800
    0.9800
    0.9800

acc =0.720000  0.882000  0.952000  0.984000  0.982000  0.980000  0.980000  0.980000  0.980000  0.980000  0.980000  0.980000  0.980000  0.980000  0.980000  0.980000  0.980000  0.980000  0.980000  0.980000  0.980000  0.980000  0.980000  0.980000  0.980000  0.980000  0.980000  0.980000  0.980000  0.980000  0.980000 

discov_true_vec =

     6
     9
    10
    10
    10
    10
    10
    10
    10
    10
    10
    10
    10
    10
    10
    10
    10
    10
    10
    10
    10
    10
    10
    10
    10
    10
    10
    10
    10
    10


discov_false_vec =

    14
    14
     6
     2
     4
     5
     5
     5
     5
     5
     5
     5
     5
     5
     5
     5
     5
     5
     5
     5
     5
     5
     5
     5
     5
     5
     5
     5
     5
     5


data =

  31x16 table

    rep    iter    sep    dim    rho     sparsity     acc     obj_prim    obj_dual    discov_true    discov_false    diff_x_tilde    diff_omega_diag    time_isee    time_SDP          jobdate       
    ___    ____    ___    ___    ____    ________    _____    ________    ________    ___________    ____________    ____________    _______________    _________    ________    ____________________

    49       0      5     100    0.45       10        0.72          0           0          0               0                 0                0               0            0     22-Mar-2024 07:06:15
    49       1      5     100    0.45       10       0.882     -4.763      -4.763          6              14                85            1.501           3.122       75.014     22-Mar-2024 07:06:15
    49       2      5     100    0.45       10       0.952    -7.7491     -7.7491          9              14            75.438           1.6947          1.6541       57.857     22-Mar-2024 07:06:15
    49       3      5     100    0.45       10       0.984    -8.9803     -8.9803         10               6            70.358           1.7156          2.1204        26.22     22-Mar-2024 07:06:15
    49       4      5     100    0.45       10       0.982    -8.6892     -8.6892         10               2            67.861           1.6846          1.2876       27.284     22-Mar-2024 07:06:15
    49       5      5     100    0.45       10        0.98    -9.2709     -9.2709         10               4            66.941           1.6565          1.6246         23.6     22-Mar-2024 07:06:15
    49       6      5     100    0.45       10        0.98    -9.1849     -9.1849         10               5            67.526            1.687          1.2889       11.444     22-Mar-2024 07:06:15
    49       7      5     100    0.45       10        0.98    -9.1849     -9.1849         10               5            67.526            1.687          1.4921       11.305     22-Mar-2024 07:06:15
    49       8      5     100    0.45       10        0.98    -9.1849     -9.1849         10               5            67.526            1.687          1.1242       11.108     22-Mar-2024 07:06:15
    49       9      5     100    0.45       10        0.98    -9.1849     -9.1849         10               5            67.526            1.687          1.2991       11.007     22-Mar-2024 07:06:15
    49      10      5     100    0.45       10        0.98    -9.1849     -9.1849         10               5            67.526            1.687          1.4197       10.854     22-Mar-2024 07:06:15
    49      11      5     100    0.45       10        0.98    -9.1849     -9.1849         10               5            67.526            1.687          1.3199       10.899     22-Mar-2024 07:06:15
    49      12      5     100    0.45       10        0.98    -9.1849     -9.1849         10               5            67.526            1.687           1.158       10.829     22-Mar-2024 07:06:15
    49      13      5     100    0.45       10        0.98    -9.1849     -9.1849         10               5            67.526            1.687          1.3345       10.852     22-Mar-2024 07:06:15
    49      14      5     100    0.45       10        0.98    -9.1849     -9.1849         10               5            67.526            1.687          1.1307       11.048     22-Mar-2024 07:06:15
    49      15      5     100    0.45       10        0.98    -9.1849     -9.1849         10               5            67.526            1.687          1.6162       10.945     22-Mar-2024 07:06:15
    49      16      5     100    0.45       10        0.98    -9.1849     -9.1849         10               5            67.526            1.687           1.095       10.897     22-Mar-2024 07:06:15
    49      17      5     100    0.45       10        0.98    -9.1849     -9.1849         10               5            67.526            1.687          1.0937        11.23     22-Mar-2024 07:06:15
    49      18      5     100    0.45       10        0.98    -9.1849     -9.1849         10               5            67.526            1.687          1.2399       11.029     22-Mar-2024 07:06:15
    49      19      5     100    0.45       10        0.98    -9.1849     -9.1849         10               5            67.526            1.687          1.0992       11.069     22-Mar-2024 07:06:15
    49      20      5     100    0.45       10        0.98    -9.1849     -9.1849         10               5            67.526            1.687          1.1589       11.184     22-Mar-2024 07:06:15
    49      21      5     100    0.45       10        0.98    -9.1849     -9.1849         10               5            67.526            1.687          1.2388       10.831     22-Mar-2024 07:06:15
    49      22      5     100    0.45       10        0.98    -9.1849     -9.1849         10               5            67.526            1.687          1.0799       10.708     22-Mar-2024 07:06:15
    49      23      5     100    0.45       10        0.98    -9.1849     -9.1849         10               5            67.526            1.687          1.2828       10.503     22-Mar-2024 07:06:15
    49      24      5     100    0.45       10        0.98    -9.1849     -9.1849         10               5            67.526            1.687            1.28       10.835     22-Mar-2024 07:06:15
    49      25      5     100    0.45       10        0.98    -9.1849     -9.1849         10               5            67.526            1.687          1.1684       10.995     22-Mar-2024 07:06:15
    49      26      5     100    0.45       10        0.98    -9.1849     -9.1849         10               5            67.526            1.687          1.3465       10.637     22-Mar-2024 07:06:15
    49      27      5     100    0.45       10        0.98    -9.1849     -9.1849         10               5            67.526            1.687          1.1293       10.551     22-Mar-2024 07:06:15
    49      28      5     100    0.45       10        0.98    -9.1849     -9.1849         10               5            67.526            1.687          1.1022       10.921     22-Mar-2024 07:06:15
    49      29      5     100    0.45       10        0.98    -9.1849     -9.1849         10               5            67.526            1.687          1.0891       11.084     22-Mar-2024 07:06:15
    49      30      5     100    0.45       10        0.98    -9.1849     -9.1849         10               5            67.526            1.687          1.3328       10.822     22-Mar-2024 07:06:15


rep =

    50

replication: (50)th 

thres=0.239246
1 th thresholding

  breakyes=1.4,  maxresidual < 1.00e-06
16 entries survived 

2 th thresholding

  breakyes=1.0,  maxresidual < 1.00e-06
19 entries survived 

3 th thresholding

  breakyes=1.0,  maxresidual < 1.00e-06
20 entries survived 

4 th thresholding

  breakyes=1.4,  maxresidual < 1.00e-06
18 entries survived 

5 th thresholding

  breakyes=3.1,  primfeasorg deteriorated too much: primfeasorg=6.32e-06,dualfeasorg=4.94e-06
19 entries survived 

6 th thresholding

  breakyes=1.4,  maxresidual < 1.00e-06
16 entries survived 

7 th thresholding

  breakyes=1.4,  maxresidual < 1.00e-06
17 entries survived 

8 th thresholding

  breakyes=3.2,  dualfeasorg deteriorated too much: primfeasorg=3.17e-06,dualfeasorg=1.54e-05
16 entries survived 

9 th thresholding

  breakyes=1.0,  maxresidual < 1.00e-06
18 entries survived 

10 th thresholding

  breakyes=1.0,  maxresidual < 1.00e-06
18 entries survived 

11 th thresholding

  breakyes=1.0,  maxresidual < 1.00e-06
18 entries survived 

12 th thresholding

  breakyes=1.0,  maxresidual < 1.00e-06
18 entries survived 

13 th thresholding

  breakyes=1.0,  maxresidual < 1.00e-06
18 entries survived 

14 th thresholding

  breakyes=1.0,  maxresidual < 1.00e-06
18 entries survived 

15 th thresholding

  breakyes=1.0,  maxresidual < 1.00e-06
18 entries survived 

16 th thresholding

  breakyes=1.0,  maxresidual < 1.00e-06
18 entries survived 

17 th thresholding

  breakyes=1.0,  maxresidual < 1.00e-06
18 entries survived 

18 th thresholding

  breakyes=1.0,  maxresidual < 1.00e-06
18 entries survived 

19 th thresholding

  breakyes=1.0,  maxresidual < 1.00e-06
18 entries survived 

20 th thresholding

  breakyes=1.0,  maxresidual < 1.00e-06
18 entries survived 

21 th thresholding

  breakyes=1.0,  maxresidual < 1.00e-06
18 entries survived 

22 th thresholding

  breakyes=1.0,  maxresidual < 1.00e-06
18 entries survived 

23 th thresholding

  breakyes=1.0,  maxresidual < 1.00e-06
18 entries survived 

24 th thresholding

  breakyes=1.0,  maxresidual < 1.00e-06
18 entries survived 

25 th thresholding

  breakyes=1.0,  maxresidual < 1.00e-06
18 entries survived 

26 th thresholding

  breakyes=1.0,  maxresidual < 1.00e-06
18 entries survived 

27 th thresholding

  breakyes=1.0,  maxresidual < 1.00e-06
18 entries survived 

28 th thresholding

  breakyes=1.0,  maxresidual < 1.00e-06
18 entries survived 

29 th thresholding

  breakyes=1.0,  maxresidual < 1.00e-06
18 entries survived 

30 th thresholding

  breakyes=1.0,  maxresidual < 1.00e-06
18 entries survived 

acc_vec =

    0.7880
    0.9060
    0.9440
    0.9660
    0.9820
    0.9820
    0.9840
    0.9900
    0.9880
    0.9880
    0.9880
    0.9880
    0.9880
    0.9880
    0.9880
    0.9880
    0.9880
    0.9880
    0.9880
    0.9880
    0.9880
    0.9880
    0.9880
    0.9880
    0.9880
    0.9880
    0.9880
    0.9880
    0.9880
    0.9880
    0.9880

acc =0.788000  0.906000  0.944000  0.966000  0.982000  0.982000  0.984000  0.990000  0.988000  0.988000  0.988000  0.988000  0.988000  0.988000  0.988000  0.988000  0.988000  0.988000  0.988000  0.988000  0.988000  0.988000  0.988000  0.988000  0.988000  0.988000  0.988000  0.988000  0.988000  0.988000  0.988000 

discov_true_vec =

     7
    10
    10
    10
    10
    10
    10
    10
    10
    10
    10
    10
    10
    10
    10
    10
    10
    10
    10
    10
    10
    10
    10
    10
    10
    10
    10
    10
    10
    10


discov_false_vec =

     9
     9
    10
     8
     9
     6
     7
     6
     8
     8
     8
     8
     8
     8
     8
     8
     8
     8
     8
     8
     8
     8
     8
     8
     8
     8
     8
     8
     8
     8


data =

  31x16 table

    rep    iter    sep    dim    rho     sparsity     acc     obj_prim    obj_dual    discov_true    discov_false    diff_x_tilde    diff_omega_diag    time_isee    time_SDP          jobdate       
    ___    ____    ___    ___    ____    ________    _____    ________    ________    ___________    ____________    ____________    _______________    _________    ________    ____________________

    50       0      5     100    0.45       10       0.788          0           0          0               0                 0                0               0            0     22-Mar-2024 07:15:43
    50       1      5     100    0.45       10       0.906    -7.2708     -7.2708          7               9            83.815           1.5095          1.6159       22.496     22-Mar-2024 07:15:43
    50       2      5     100    0.45       10       0.944    -11.587     -11.587         10               9            74.029           1.6768          1.2423       18.148     22-Mar-2024 07:15:43
    50       3      5     100    0.45       10       0.966    -11.777     -11.777         10              10            71.577           1.8909           1.227       19.035     22-Mar-2024 07:15:43
    50       4      5     100    0.45       10       0.982    -11.091     -11.091         10               8            69.006           1.7952           1.171       23.316     22-Mar-2024 07:15:43
    50       5      5     100    0.45       10       0.982    -10.003     -10.004         10               9            65.317           1.6162          1.2338       21.803     22-Mar-2024 07:15:43
    50       6      5     100    0.45       10       0.984    -10.212     -10.212         10               6            65.457           1.6433          1.2332       34.544     22-Mar-2024 07:15:43
    50       7      5     100    0.45       10        0.99    -10.304     -10.304         10               7            66.236           1.6391          1.2717       24.866     22-Mar-2024 07:15:43
    50       8      5     100    0.45       10       0.988    -10.301     -10.301         10               6            66.034           1.6063          1.0984       13.688     22-Mar-2024 07:15:43
    50       9      5     100    0.45       10       0.988    -10.188     -10.188         10               8            66.845           1.6451          1.3121       16.594     22-Mar-2024 07:15:43
    50      10      5     100    0.45       10       0.988    -10.188     -10.188         10               8            66.845           1.6451          1.1155       16.069     22-Mar-2024 07:15:43
    50      11      5     100    0.45       10       0.988    -10.188     -10.188         10               8            66.845           1.6451          1.2332       16.096     22-Mar-2024 07:15:43
    50      12      5     100    0.45       10       0.988    -10.188     -10.188         10               8            66.845           1.6451          1.3384        16.68     22-Mar-2024 07:15:43
    50      13      5     100    0.45       10       0.988    -10.188     -10.188         10               8            66.845           1.6451          1.2996       16.905     22-Mar-2024 07:15:43
    50      14      5     100    0.45       10       0.988    -10.188     -10.188         10               8            66.845           1.6451          1.0997       15.618     22-Mar-2024 07:15:43
    50      15      5     100    0.45       10       0.988    -10.188     -10.188         10               8            66.845           1.6451          1.2212       15.746     22-Mar-2024 07:15:43
    50      16      5     100    0.45       10       0.988    -10.188     -10.188         10               8            66.845           1.6451          1.0999       15.732     22-Mar-2024 07:15:43
    50      17      5     100    0.45       10       0.988    -10.188     -10.188         10               8            66.845           1.6451          1.3033       15.885     22-Mar-2024 07:15:43
    50      18      5     100    0.45       10       0.988    -10.188     -10.188         10               8            66.845           1.6451          1.2678       15.988     22-Mar-2024 07:15:43
    50      19      5     100    0.45       10       0.988    -10.188     -10.188         10               8            66.845           1.6451          1.5736       16.041     22-Mar-2024 07:15:43
    50      20      5     100    0.45       10       0.988    -10.188     -10.188         10               8            66.845           1.6451          1.3571       16.272     22-Mar-2024 07:15:43
    50      21      5     100    0.45       10       0.988    -10.188     -10.188         10               8            66.845           1.6451          1.2801       15.618     22-Mar-2024 07:15:43
    50      22      5     100    0.45       10       0.988    -10.188     -10.188         10               8            66.845           1.6451          1.3384       15.667     22-Mar-2024 07:15:43
    50      23      5     100    0.45       10       0.988    -10.188     -10.188         10               8            66.845           1.6451          1.2454       16.466     22-Mar-2024 07:15:43
    50      24      5     100    0.45       10       0.988    -10.188     -10.188         10               8            66.845           1.6451           1.407       16.081     22-Mar-2024 07:15:43
    50      25      5     100    0.45       10       0.988    -10.188     -10.188         10               8            66.845           1.6451          1.2424       15.768     22-Mar-2024 07:15:43
    50      26      5     100    0.45       10       0.988    -10.188     -10.188         10               8            66.845           1.6451          1.1112       16.312     22-Mar-2024 07:15:43
    50      27      5     100    0.45       10       0.988    -10.188     -10.188         10               8            66.845           1.6451          1.2748       15.474     22-Mar-2024 07:15:43
    50      28      5     100    0.45       10       0.988    -10.188     -10.188         10               8            66.845           1.6451          1.0961       15.682     22-Mar-2024 07:15:43
    50      29      5     100    0.45       10       0.988    -10.188     -10.188         10               8            66.845           1.6451          1.2302       15.592     22-Mar-2024 07:15:43
    50      30      5     100    0.45       10       0.988    -10.188     -10.188         10               8            66.845           1.6451          1.1123       15.802     22-Mar-2024 07:15:43


rep =

    51

replication: (51)th 

thres=0.239246
1 th thresholding

  breakyes=3.2,  dualfeasorg deteriorated too much: primfeasorg=1.07e-06,dualfeasorg=2.88e-05
19 entries survived 

2 th thresholding

  breakyes=1.4,  maxresidual < 1.00e-06
14 entries survived 

3 th thresholding

  breakyes=1.0,  maxresidual < 1.00e-06
15 entries survived 

4 th thresholding

  breakyes=3.2,  dualfeasorg deteriorated too much: primfeasorg=1.19e-06,dualfeasorg=3.37e-05
15 entries survived 

5 th thresholding

  breakyes=3.2,  dualfeasorg deteriorated too much: primfeasorg=1.19e-06,dualfeasorg=3.37e-05
15 entries survived 

6 th thresholding

  breakyes=3.2,  dualfeasorg deteriorated too much: primfeasorg=1.19e-06,dualfeasorg=3.37e-05
15 entries survived 

7 th thresholding

  breakyes=3.2,  dualfeasorg deteriorated too much: primfeasorg=1.19e-06,dualfeasorg=3.37e-05
15 entries survived 

8 th thresholding

  breakyes=3.2,  dualfeasorg deteriorated too much: primfeasorg=1.19e-06,dualfeasorg=3.37e-05
15 entries survived 

9 th thresholding

  breakyes=3.2,  dualfeasorg deteriorated too much: primfeasorg=1.19e-06,dualfeasorg=3.37e-05
15 entries survived 

10 th thresholding

  breakyes=3.2,  dualfeasorg deteriorated too much: primfeasorg=1.19e-06,dualfeasorg=3.37e-05
15 entries survived 

11 th thresholding

  breakyes=3.2,  dualfeasorg deteriorated too much: primfeasorg=1.19e-06,dualfeasorg=3.37e-05
15 entries survived 

12 th thresholding

  breakyes=3.2,  dualfeasorg deteriorated too much: primfeasorg=1.19e-06,dualfeasorg=3.37e-05
15 entries survived 

13 th thresholding

  breakyes=3.2,  dualfeasorg deteriorated too much: primfeasorg=1.19e-06,dualfeasorg=3.37e-05
15 entries survived 

14 th thresholding

  breakyes=3.2,  dualfeasorg deteriorated too much: primfeasorg=1.19e-06,dualfeasorg=3.37e-05
15 entries survived 

15 th thresholding

  breakyes=3.2,  dualfeasorg deteriorated too much: primfeasorg=1.19e-06,dualfeasorg=3.37e-05
15 entries survived 

16 th thresholding

  breakyes=3.2,  dualfeasorg deteriorated too much: primfeasorg=1.19e-06,dualfeasorg=3.37e-05
15 entries survived 

17 th thresholding

  breakyes=3.2,  dualfeasorg deteriorated too much: primfeasorg=1.19e-06,dualfeasorg=3.37e-05
15 entries survived 

18 th thresholding

  breakyes=3.2,  dualfeasorg deteriorated too much: primfeasorg=1.19e-06,dualfeasorg=3.37e-05
15 entries survived 

19 th thresholding

  breakyes=3.2,  dualfeasorg deteriorated too much: primfeasorg=1.19e-06,dualfeasorg=3.37e-05
15 entries survived 

20 th thresholding

  breakyes=3.2,  dualfeasorg deteriorated too much: primfeasorg=1.19e-06,dualfeasorg=3.37e-05
15 entries survived 

21 th thresholding

  breakyes=3.2,  dualfeasorg deteriorated too much: primfeasorg=1.19e-06,dualfeasorg=3.37e-05
15 entries survived 

22 th thresholding

  breakyes=3.2,  dualfeasorg deteriorated too much: primfeasorg=1.19e-06,dualfeasorg=3.37e-05
15 entries survived 

23 th thresholding

  breakyes=3.2,  dualfeasorg deteriorated too much: primfeasorg=1.19e-06,dualfeasorg=3.37e-05
15 entries survived 

24 th thresholding

  breakyes=3.2,  dualfeasorg deteriorated too much: primfeasorg=1.19e-06,dualfeasorg=3.37e-05
15 entries survived 

25 th thresholding

  breakyes=3.2,  dualfeasorg deteriorated too much: primfeasorg=1.19e-06,dualfeasorg=3.37e-05
15 entries survived 

26 th thresholding

  breakyes=3.2,  dualfeasorg deteriorated too much: primfeasorg=1.19e-06,dualfeasorg=3.37e-05
15 entries survived 

27 th thresholding

  breakyes=3.2,  dualfeasorg deteriorated too much: primfeasorg=1.19e-06,dualfeasorg=3.37e-05
15 entries survived 

28 th thresholding

  breakyes=3.2,  dualfeasorg deteriorated too much: primfeasorg=1.19e-06,dualfeasorg=3.37e-05
15 entries survived 

29 th thresholding

  breakyes=3.2,  dualfeasorg deteriorated too much: primfeasorg=1.19e-06,dualfeasorg=3.37e-05
15 entries survived 

30 th thresholding

  breakyes=3.2,  dualfeasorg deteriorated too much: primfeasorg=1.19e-06,dualfeasorg=3.37e-05
15 entries survived 

acc_vec =

    0.7920
    0.9560
    0.9860
    0.9860
    0.9860
    0.9860
    0.9860
    0.9860
    0.9860
    0.9860
    0.9860
    0.9860
    0.9860
    0.9860
    0.9860
    0.9860
    0.9860
    0.9860
    0.9860
    0.9860
    0.9860
    0.9860
    0.9860
    0.9860
    0.9860
    0.9860
    0.9860
    0.9860
    0.9860
    0.9860
    0.9860

acc =0.792000  0.956000  0.986000  0.986000  0.986000  0.986000  0.986000  0.986000  0.986000  0.986000  0.986000  0.986000  0.986000  0.986000  0.986000  0.986000  0.986000  0.986000  0.986000  0.986000  0.986000  0.986000  0.986000  0.986000  0.986000  0.986000  0.986000  0.986000  0.986000  0.986000  0.986000 

discov_true_vec =

     8
    10
    10
    10
    10
    10
    10
    10
    10
    10
    10
    10
    10
    10
    10
    10
    10
    10
    10
    10
    10
    10
    10
    10
    10
    10
    10
    10
    10
    10


discov_false_vec =

    11
     4
     5
     5
     5
     5
     5
     5
     5
     5
     5
     5
     5
     5
     5
     5
     5
     5
     5
     5
     5
     5
     5
     5
     5
     5
     5
     5
     5
     5


data =

  31x16 table

    rep    iter    sep    dim    rho     sparsity     acc     obj_prim    obj_dual    discov_true    discov_false    diff_x_tilde    diff_omega_diag    time_isee    time_SDP          jobdate       
    ___    ____    ___    ___    ____    ________    _____    ________    ________    ___________    ____________    ____________    _______________    _________    ________    ____________________

    51       0      5     100    0.45       10       0.792          0           0          0               0                 0                0               0            0     22-Mar-2024 07:30:55
    51       1      5     100    0.45       10       0.956     -5.798      -5.798          8              11             84.92           1.6567          1.6931       71.104     22-Mar-2024 07:30:55
    51       2      5     100    0.45       10       0.986    -9.4577     -9.4577         10               4            64.863           1.5879          1.3828       23.544     22-Mar-2024 07:30:55
    51       3      5     100    0.45       10       0.986    -9.0235     -9.0235         10               5            65.893           1.6079          1.1039       19.406     22-Mar-2024 07:30:55
    51       4      5     100    0.45       10       0.986    -8.9182     -8.9182         10               5            64.386           1.5524          1.2319       29.368     22-Mar-2024 07:30:55
    51       5      5     100    0.45       10       0.986    -8.9182     -8.9182         10               5            64.386           1.5524          1.2303       27.525     22-Mar-2024 07:30:55
    51       6      5     100    0.45       10       0.986    -8.9182     -8.9182         10               5            64.386           1.5524           1.472        28.02     22-Mar-2024 07:30:55
    51       7      5     100    0.45       10       0.986    -8.9182     -8.9182         10               5            64.386           1.5524          1.5587       27.696     22-Mar-2024 07:30:55
    51       8      5     100    0.45       10       0.986    -8.9182     -8.9182         10               5            64.386           1.5524            1.23       28.029     22-Mar-2024 07:30:55
    51       9      5     100    0.45       10       0.986    -8.9182     -8.9182         10               5            64.386           1.5524           1.262       27.923     22-Mar-2024 07:30:55
    51      10      5     100    0.45       10       0.986    -8.9182     -8.9182         10               5            64.386           1.5524          1.2284       28.309     22-Mar-2024 07:30:55
    51      11      5     100    0.45       10       0.986    -8.9182     -8.9182         10               5            64.386           1.5524           1.503       28.175     22-Mar-2024 07:30:55
    51      12      5     100    0.45       10       0.986    -8.9182     -8.9182         10               5            64.386           1.5524          1.6036       27.642     22-Mar-2024 07:30:55
    51      13      5     100    0.45       10       0.986    -8.9182     -8.9182         10               5            64.386           1.5524          1.0928       27.433     22-Mar-2024 07:30:55
    51      14      5     100    0.45       10       0.986    -8.9182     -8.9182         10               5            64.386           1.5524          1.2578       28.178     22-Mar-2024 07:30:55
    51      15      5     100    0.45       10       0.986    -8.9182     -8.9182         10               5            64.386           1.5524          1.3699       28.412     22-Mar-2024 07:30:55
    51      16      5     100    0.45       10       0.986    -8.9182     -8.9182         10               5            64.386           1.5524          1.3063       28.719     22-Mar-2024 07:30:55
    51      17      5     100    0.45       10       0.986    -8.9182     -8.9182         10               5            64.386           1.5524          1.2601       27.941     22-Mar-2024 07:30:55
    51      18      5     100    0.45       10       0.986    -8.9182     -8.9182         10               5            64.386           1.5524          1.1754       27.387     22-Mar-2024 07:30:55
    51      19      5     100    0.45       10       0.986    -8.9182     -8.9182         10               5            64.386           1.5524          1.3734       27.701     22-Mar-2024 07:30:55
    51      20      5     100    0.45       10       0.986    -8.9182     -8.9182         10               5            64.386           1.5524          1.2346       27.929     22-Mar-2024 07:30:55
    51      21      5     100    0.45       10       0.986    -8.9182     -8.9182         10               5            64.386           1.5524           1.518       27.966     22-Mar-2024 07:30:55
    51      22      5     100    0.45       10       0.986    -8.9182     -8.9182         10               5            64.386           1.5524          1.3353       27.678     22-Mar-2024 07:30:55
    51      23      5     100    0.45       10       0.986    -8.9182     -8.9182         10               5            64.386           1.5524          1.1064       28.243     22-Mar-2024 07:30:55
    51      24      5     100    0.45       10       0.986    -8.9182     -8.9182         10               5            64.386           1.5524          1.2384        28.11     22-Mar-2024 07:30:55
    51      25      5     100    0.45       10       0.986    -8.9182     -8.9182         10               5            64.386           1.5524          1.2314       27.935     22-Mar-2024 07:30:55
    51      26      5     100    0.45       10       0.986    -8.9182     -8.9182         10               5            64.386           1.5524          1.3122       28.181     22-Mar-2024 07:30:55
    51      27      5     100    0.45       10       0.986    -8.9182     -8.9182         10               5            64.386           1.5524          1.2357       28.051     22-Mar-2024 07:30:55
    51      28      5     100    0.45       10       0.986    -8.9182     -8.9182         10               5            64.386           1.5524          1.2214       28.259     22-Mar-2024 07:30:55
    51      29      5     100    0.45       10       0.986    -8.9182     -8.9182         10               5            64.386           1.5524          1.9372       28.343     22-Mar-2024 07:30:55
    51      30      5     100    0.45       10       0.986    -8.9182     -8.9182         10               5            64.386           1.5524          1.2342       28.364     22-Mar-2024 07:30:55


rep =

    52

replication: (52)th 

thres=0.239246
1 th thresholding

  breakyes=4.1,  primfeasorg stagnate, 0.00e+00
24 entries survived 

2 th thresholding

  breakyes=1.0,  maxresidual < 1.00e-06
23 entries survived 

3 th thresholding

  breakyes=1.3,  maxresidual < 1.00e-06
20 entries survived 

4 th thresholding

  breakyes=1.4,  maxresidual < 1.00e-06
20 entries survived 

5 th thresholding

  breakyes=1.0,  maxresidual < 1.00e-06
17 entries survived 

6 th thresholding

  breakyes=1.0,  maxresidual < 1.00e-06
19 entries survived 

7 th thresholding

  breakyes=1.0,  maxresidual < 1.00e-06
18 entries survived 

8 th thresholding

  breakyes=1.4,  maxresidual < 1.00e-06
17 entries survived 

9 th thresholding

  breakyes=1.4,  maxresidual < 1.00e-06
17 entries survived 

10 th thresholding

  breakyes=1.4,  maxresidual < 1.00e-06
17 entries survived 

11 th thresholding

  breakyes=1.4,  maxresidual < 1.00e-06
17 entries survived 

12 th thresholding

  breakyes=1.4,  maxresidual < 1.00e-06
17 entries survived 

13 th thresholding

  breakyes=1.4,  maxresidual < 1.00e-06
17 entries survived 

14 th thresholding

  breakyes=1.4,  maxresidual < 1.00e-06
17 entries survived 

15 th thresholding

  breakyes=1.4,  maxresidual < 1.00e-06
17 entries survived 

16 th thresholding

  breakyes=1.4,  maxresidual < 1.00e-06
17 entries survived 

17 th thresholding

  breakyes=1.4,  maxresidual < 1.00e-06
17 entries survived 

18 th thresholding

  breakyes=1.4,  maxresidual < 1.00e-06
17 entries survived 

19 th thresholding

  breakyes=1.4,  maxresidual < 1.00e-06
17 entries survived 

20 th thresholding

  breakyes=1.4,  maxresidual < 1.00e-06
17 entries survived 

21 th thresholding

  breakyes=1.4,  maxresidual < 1.00e-06
17 entries survived 

22 th thresholding

  breakyes=1.4,  maxresidual < 1.00e-06
17 entries survived 

23 th thresholding

  breakyes=1.4,  maxresidual < 1.00e-06
17 entries survived 

24 th thresholding

  breakyes=1.4,  maxresidual < 1.00e-06
17 entries survived 

25 th thresholding

  breakyes=1.4,  maxresidual < 1.00e-06
17 entries survived 

26 th thresholding

  breakyes=1.4,  maxresidual < 1.00e-06
17 entries survived 

27 th thresholding

  breakyes=1.4,  maxresidual < 1.00e-06
17 entries survived 

28 th thresholding

  breakyes=1.4,  maxresidual < 1.00e-06
17 entries survived 

29 th thresholding

  breakyes=1.4,  maxresidual < 1.00e-06
17 entries survived 

30 th thresholding

  breakyes=1.4,  maxresidual < 1.00e-06
17 entries survived 

acc_vec =

    0.7620
    0.9400
    0.9780
    0.9860
    0.9820
    0.9800
    0.9860
    0.9840
    0.9820
    0.9840
    0.9820
    0.9840
    0.9820
    0.9840
    0.9820
    0.9840
    0.9820
    0.9840
    0.9820
    0.9840
    0.9820
    0.9840
    0.9820
    0.9840
    0.9820
    0.9840
    0.9820
    0.9840
    0.9820
    0.9840
    0.9820

acc =0.762000  0.940000  0.978000  0.986000  0.982000  0.980000  0.986000  0.984000  0.982000  0.984000  0.982000  0.984000  0.982000  0.984000  0.982000  0.984000  0.982000  0.984000  0.982000  0.984000  0.982000  0.984000  0.982000  0.984000  0.982000  0.984000  0.982000  0.984000  0.982000  0.984000  0.982000 

discov_true_vec =

    10
    10
    10
    10
    10
    10
    10
    10
    10
    10
    10
    10
    10
    10
    10
    10
    10
    10
    10
    10
    10
    10
    10
    10
    10
    10
    10
    10
    10
    10


discov_false_vec =

    14
    13
    10
    10
     7
     9
     8
     7
     7
     7
     7
     7
     7
     7
     7
     7
     7
     7
     7
     7
     7
     7
     7
     7
     7
     7
     7
     7
     7
     7


data =

  31x16 table

    rep    iter    sep    dim    rho     sparsity     acc     obj_prim    obj_dual    discov_true    discov_false    diff_x_tilde    diff_omega_diag    time_isee    time_SDP          jobdate       
    ___    ____    ___    ___    ____    ________    _____    ________    ________    ___________    ____________    ____________    _______________    _________    ________    ____________________

    52       0      5     100    0.45       10       0.762          0           0          0               0                 0                0               0            0     22-Mar-2024 07:50:15
    52       1      5     100    0.45       10        0.94    -6.1263     -6.1262         10              14            86.258           1.5992          1.6228       64.756     22-Mar-2024 07:50:15
    52       2      5     100    0.45       10       0.978     -10.66      -10.66         10              13            67.413           1.6628          1.3283       36.746     22-Mar-2024 07:50:15
    52       3      5     100    0.45       10       0.986    -9.4998     -9.4998         10              10            63.857           1.6293          1.4946       26.547     22-Mar-2024 07:50:15
    52       4      5     100    0.45       10       0.982    -9.1745     -9.1745         10              10            64.367           1.6352          1.3104       22.684     22-Mar-2024 07:50:15
    52       5      5     100    0.45       10        0.98    -9.6077     -9.6077         10               7            62.948           1.5949           1.238       16.938     22-Mar-2024 07:50:15
    52       6      5     100    0.45       10       0.986    -9.4797     -9.4797         10               9            64.523           1.6431          1.1004       26.524     22-Mar-2024 07:50:15
    52       7      5     100    0.45       10       0.984    -9.8476     -9.8477         10               8            65.153           1.6313          1.3113       26.521     22-Mar-2024 07:50:15
    52       8      5     100    0.45       10       0.982    -10.109     -10.109         10               7            65.669           1.6587          1.5887        28.45     22-Mar-2024 07:50:15
    52       9      5     100    0.45       10       0.984    -10.353     -10.353         10               7            66.163           1.6598          1.2397       51.387     22-Mar-2024 07:50:15
    52      10      5     100    0.45       10       0.982    -10.109     -10.109         10               7            65.669           1.6587          1.3338        28.89     22-Mar-2024 07:50:15
    52      11      5     100    0.45       10       0.984    -10.353     -10.353         10               7            66.163           1.6598          1.4999       50.607     22-Mar-2024 07:50:15
    52      12      5     100    0.45       10       0.982    -10.109     -10.109         10               7            65.669           1.6587          1.3737       28.738     22-Mar-2024 07:50:15
    52      13      5     100    0.45       10       0.984    -10.353     -10.353         10               7            66.163           1.6598          1.7843       49.748     22-Mar-2024 07:50:15
    52      14      5     100    0.45       10       0.982    -10.109     -10.109         10               7            65.669           1.6587          1.2707       28.641     22-Mar-2024 07:50:15
    52      15      5     100    0.45       10       0.984    -10.353     -10.353         10               7            66.163           1.6598          1.2987       50.258     22-Mar-2024 07:50:15
    52      16      5     100    0.45       10       0.982    -10.109     -10.109         10               7            65.669           1.6587          1.3112       28.673     22-Mar-2024 07:50:15
    52      17      5     100    0.45       10       0.984    -10.353     -10.353         10               7            66.163           1.6598           1.835       49.698     22-Mar-2024 07:50:15
    52      18      5     100    0.45       10       0.982    -10.109     -10.109         10               7            65.669           1.6587          1.2519       27.991     22-Mar-2024 07:50:15
    52      19      5     100    0.45       10       0.984    -10.353     -10.353         10               7            66.163           1.6598          1.1265       49.824     22-Mar-2024 07:50:15
    52      20      5     100    0.45       10       0.982    -10.109     -10.109         10               7            65.669           1.6587          1.2677       28.375     22-Mar-2024 07:50:15
    52      21      5     100    0.45       10       0.984    -10.353     -10.353         10               7            66.163           1.6598          1.2885        49.95     22-Mar-2024 07:50:15
    52      22      5     100    0.45       10       0.982    -10.109     -10.109         10               7            65.669           1.6587          1.2799        28.69     22-Mar-2024 07:50:15
    52      23      5     100    0.45       10       0.984    -10.353     -10.353         10               7            66.163           1.6598          1.3296       51.052     22-Mar-2024 07:50:15
    52      24      5     100    0.45       10       0.982    -10.109     -10.109         10               7            65.669           1.6587          1.2828       28.805     22-Mar-2024 07:50:15
    52      25      5     100    0.45       10       0.984    -10.353     -10.353         10               7            66.163           1.6598          1.5866        50.96     22-Mar-2024 07:50:15
    52      26      5     100    0.45       10       0.982    -10.109     -10.109         10               7            65.669           1.6587          1.2509       29.022     22-Mar-2024 07:50:15
    52      27      5     100    0.45       10       0.984    -10.353     -10.353         10               7            66.163           1.6598          1.2781       49.686     22-Mar-2024 07:50:15
    52      28      5     100    0.45       10       0.982    -10.109     -10.109         10               7            65.669           1.6587           1.335       28.706     22-Mar-2024 07:50:15
    52      29      5     100    0.45       10       0.984    -10.353     -10.353         10               7            66.163           1.6598          1.3789       50.935     22-Mar-2024 07:50:15
    52      30      5     100    0.45       10       0.982    -10.109     -10.109         10               7            65.669           1.6587          1.2321       28.668     22-Mar-2024 07:50:15

