==========================================
SLURM_JOB_ID = 20384322
SLURM_JOB_NODELIST = a01-08
TMPDIR = /tmp/SLURM_20384322
==========================================
hello
Starting parallel pool (parpool) ...
Connected to the parallel pool (number of workers: 15).

pool = 

 ProcessPool with properties: 

            Connected: true
           NumWorkers: 15
                 Busy: false
              Cluster: Local
        AttachedFiles: {}
    AutoAddClientPath: true
            FileStore: [1x1 parallel.FileStore]
           ValueStore: [1x1 parallel.ValueStore]
          IdleTimeout: 30 minutes (30 minutes remaining)
          SpmdEnabled: true


p =

    50


Delta =

     4


s =

    10


n =

   500


ii =

    16


table_name =

    'sparse_kmeans_isee_denoise'


conn = 

  sqlite with properties:

      Database: '/home1/jongminm/sparse_kmeans/sparse_kmeans.db'
    IsReadOnly: 0
    AutoCommit: 'on'


rho =

    0.4500


M =

    0.8161

delta confirmed: 4.000000
ans =

    4.0684


rep =

    61

replication: (61)th 

thres=0.220507
1 th thresholding

  breakyes=3.2,  dualfeasorg deteriorated too much: primfeasorg=8.57e-07,dualfeasorg=4.14e-05
21 entries survived 

2 th thresholding

  breakyes=1.3,  maxresidual < 1.00e-06
23 entries survived 

3 th thresholding

  breakyes=4.1,  primfeasorg stagnate, 0.00e+00
19 entries survived 

4 th thresholding

  breakyes=1.3,  maxresidual < 1.00e-06
13 entries survived 

5 th thresholding

  breakyes=3.2,  dualfeasorg deteriorated too much: primfeasorg=2.16e-06,dualfeasorg=5.02e-05
14 entries survived 

6 th thresholding

  breakyes=1.0,  maxresidual < 1.00e-06
14 entries survived 

7 th thresholding

  breakyes=4.1,  primfeasorg stagnate, 0.00e+00
16 entries survived 

8 th thresholding

  breakyes=3.2,  dualfeasorg deteriorated too much: primfeasorg=1.92e-06,dualfeasorg=4.18e-05
16 entries survived 

9 th thresholding

  breakyes=3.2,  dualfeasorg deteriorated too much: primfeasorg=8.81e-07,dualfeasorg=3.17e-05
15 entries survived 

10 th thresholding

  breakyes=4.1,  primfeasorg stagnate, 0.00e+00
16 entries survived 

11 th thresholding

  breakyes=3.2,  dualfeasorg deteriorated too much: primfeasorg=2.36e-06,dualfeasorg=3.26e-05
16 entries survived 

12 th thresholding

  breakyes=1.0,  maxresidual < 1.00e-06
14 entries survived 

13 th thresholding

  breakyes = 1.0,  maxresidual < 1.00e-04  breakyes=1.3,  maxresidual < 1.00e-06
15 entries survived 

14 th thresholding

  breakyes=1.4,  maxresidual < 1.00e-06
17 entries survived 

15 th thresholding

  breakyes=1.4,  maxresidual < 1.00e-06
15 entries survived 

16 th thresholding

  breakyes = 1.0,  maxresidual < 1.00e-04  breakyes=3.2,  dualfeasorg deteriorated too much: primfeasorg=9.31e-07,dualfeasorg=2.79e-05
17 entries survived 

17 th thresholding

  breakyes=1.4,  maxresidual < 1.00e-06
15 entries survived 

18 th thresholding

  breakyes=1.4,  maxresidual < 1.00e-06
17 entries survived 

19 th thresholding

  breakyes=1.0,  maxresidual < 1.00e-06
15 entries survived 

20 th thresholding

  breakyes=1.4,  maxresidual < 1.00e-06
17 entries survived 

21 th thresholding

  breakyes = 1.0,  maxresidual < 1.00e-04  breakyes=1.4,  maxresidual < 1.00e-06
16 entries survived 

22 th thresholding

  breakyes = 1.0,  maxresidual < 1.00e-04  breakyes=3.2,  dualfeasorg deteriorated too much: primfeasorg=3.30e-06,dualfeasorg=6.05e-05
16 entries survived 

23 th thresholding

  breakyes=1.4,  maxresidual < 1.00e-06
17 entries survived 

24 th thresholding

  breakyes=1.4,  maxresidual < 1.00e-06
17 entries survived 

25 th thresholding

  breakyes=3.2,  dualfeasorg deteriorated too much: primfeasorg=2.52e-06,dualfeasorg=6.94e-05
16 entries survived 

26 th thresholding

  breakyes=1.4,  maxresidual < 1.00e-06
16 entries survived 

27 th thresholding

  breakyes=1.4,  maxresidual < 1.00e-06
17 entries survived 

28 th thresholding

  breakyes=1.0,  maxresidual < 1.00e-06
15 entries survived 

29 th thresholding

  breakyes=3.2,  dualfeasorg deteriorated too much: primfeasorg=2.06e-06,dualfeasorg=7.10e-05
17 entries survived 

30 th thresholding

  breakyes=3.2,  dualfeasorg deteriorated too much: primfeasorg=2.17e-06,dualfeasorg=3.44e-05
18 entries survived 

acc_vec =

    0.6880
    0.7420
    0.8160
    0.9400
    0.9580
    0.9500
    0.9580
    0.9600
    0.9540
    0.9560
    0.9520
    0.9560
    0.9560
    0.9500
    0.9560
    0.9540
    0.9560
    0.9540
    0.9600
    0.9560
    0.9480
    0.9580
    0.9480
    0.9580
    0.9500
    0.9580
    0.9600
    0.9480
    0.9580
    0.9440
    0.9640

acc =0.688000  0.742000  0.816000  0.940000  0.958000  0.950000  0.958000  0.960000  0.954000  0.956000  0.952000  0.956000  0.956000  0.950000  0.956000  0.954000  0.956000  0.954000  0.960000  0.956000  0.948000  0.958000  0.948000  0.958000  0.950000  0.958000  0.960000  0.948000  0.958000  0.944000  0.964000 

discov_true_vec =

     7
     8
    10
    10
    10
    10
    10
    10
    10
    10
    10
    10
    10
    10
    10
    10
    10
    10
    10
    10
    10
    10
    10
    10
    10
    10
    10
    10
    10
    10


discov_false_vec =

    14
    15
     9
     3
     4
     4
     6
     6
     5
     6
     6
     4
     5
     7
     5
     7
     5
     7
     5
     7
     6
     6
     7
     7
     6
     6
     7
     5
     7
     8


data =

  31x16 table

    rep    iter    sep    dim    rho     sparsity     acc     obj_prim    obj_dual    discov_true    discov_false    diff_x_tilde    diff_omega_diag    time_isee    time_SDP          jobdate       
    ___    ____    ___    ___    ____    ________    _____    ________    ________    ___________    ____________    ____________    _______________    _________    ________    ____________________

    61       0      4     50     0.45       10       0.688          0           0          0               0                 0                 0               0           0     22-Mar-2024 09:44:13
    61       1      4     50     0.45       10       0.742    -4.3903     -4.3903          7              14            57.864           0.66383          1.6945      66.735     22-Mar-2024 09:44:13
    61       2      4     50     0.45       10       0.816    -4.0563     -4.0563          8              15            58.566           0.95171           1.173      59.009     22-Mar-2024 09:44:13
    61       3      4     50     0.45       10        0.94    -4.5945     -4.5945         10               9            48.496           0.81629         0.74262      71.878     22-Mar-2024 09:44:13
    61       4      4     50     0.45       10       0.958    -4.9218     -4.9218         10               3            39.497            0.7976          1.0529      57.336     22-Mar-2024 09:44:13
    61       5      4     50     0.45       10        0.95      -5.14       -5.14         10               4            40.091           0.86408         0.59113      41.438     22-Mar-2024 09:44:13
    61       6      4     50     0.45       10       0.958    -5.0956     -5.0956         10               4            40.106           0.82279         0.72038      13.748     22-Mar-2024 09:44:13
    61       7      4     50     0.45       10        0.96     -4.937      -4.937         10               6            38.389           0.81057         0.52212      48.147     22-Mar-2024 09:44:13
    61       8      4     50     0.45       10       0.954    -5.0905     -5.0905         10               6            38.516           0.78265         0.80165      24.643     22-Mar-2024 09:44:13
    61       9      4     50     0.45       10       0.956    -5.1122     -5.1122         10               5            38.729           0.79497         0.83315       38.71     22-Mar-2024 09:44:13
    61      10      4     50     0.45       10       0.952    -5.0741      -5.074         10               6            40.253           0.82476         0.67355      55.515     22-Mar-2024 09:44:13
    61      11      4     50     0.45       10       0.956    -5.1054     -5.1054         10               6            39.052           0.80853         0.58428      59.792     22-Mar-2024 09:44:13
    61      12      4     50     0.45       10       0.956    -5.0604     -5.0604         10               4            39.822           0.82272         0.61357      22.337     22-Mar-2024 09:44:13
    61      13      4     50     0.45       10        0.95    -5.1675     -5.1674         10               5            38.346           0.78015         0.52049      65.962     22-Mar-2024 09:44:13
    61      14      4     50     0.45       10       0.956    -5.2876     -5.2876         10               7            40.855           0.81554         0.74073      78.342     22-Mar-2024 09:44:13
    61      15      4     50     0.45       10       0.954    -5.3324     -5.3324         10               5            39.147           0.77588           0.641      32.204     22-Mar-2024 09:44:13
    61      16      4     50     0.45       10       0.956    -5.1316     -5.1316         10               7            40.798           0.84734         0.67886      24.481     22-Mar-2024 09:44:13
    61      17      4     50     0.45       10       0.954    -5.1771     -5.1771         10               5            40.069           0.83596           0.625      30.949     22-Mar-2024 09:44:13
    61      18      4     50     0.45       10        0.96    -5.1868     -5.1868         10               7             39.24           0.77817         0.44102      40.089     22-Mar-2024 09:44:13
    61      19      4     50     0.45       10       0.956    -5.0463     -5.0463         10               5            38.192           0.76632         0.84026      34.139     22-Mar-2024 09:44:13
    61      20      4     50     0.45       10       0.948    -5.2164     -5.2164         10               7            39.046           0.79222         0.69005      56.472     22-Mar-2024 09:44:13
    61      21      4     50     0.45       10       0.958    -5.2342     -5.2342         10               6             40.62           0.83012         0.61112      23.025     22-Mar-2024 09:44:13
    61      22      4     50     0.45       10       0.948    -5.0718     -5.0718         10               6            39.596           0.79872         0.61043      17.185     22-Mar-2024 09:44:13
    61      23      4     50     0.45       10       0.958    -5.1335     -5.1334         10               7            39.475           0.79528         0.77248      43.605     22-Mar-2024 09:44:13
    61      24      4     50     0.45       10        0.95     -5.201     -5.2009         10               7            39.505           0.79413         0.55027      31.294     22-Mar-2024 09:44:13
    61      25      4     50     0.45       10       0.958    -5.1731      -5.173         10               6            39.273           0.79447         0.51682      62.277     22-Mar-2024 09:44:13
    61      26      4     50     0.45       10        0.96    -5.0495     -5.0495         10               6            39.759           0.82756          1.2988      40.862     22-Mar-2024 09:44:13
    61      27      4     50     0.45       10       0.948    -5.2841     -5.2841         10               7            40.625           0.83364         0.52064      50.817     22-Mar-2024 09:44:13
    61      28      4     50     0.45       10       0.958    -5.0814     -5.0814         10               5            40.292           0.81798         0.57236      15.494     22-Mar-2024 09:44:13
    61      29      4     50     0.45       10       0.944    -5.2623     -5.2623         10               7            38.795           0.81827         0.64931      24.516     22-Mar-2024 09:44:13
    61      30      4     50     0.45       10       0.964    -5.4046     -5.4045         10               8            40.845           0.83579         0.56764      73.977     22-Mar-2024 09:44:13


rep =

    62

replication: (62)th 

thres=0.220507
1 th thresholding

  breakyes=1.3,  maxresidual < 1.00e-06
19 entries survived 

2 th thresholding

  breakyes=1.4,  maxresidual < 1.00e-06
24 entries survived 

3 th thresholding

  breakyes=3.2,  dualfeasorg deteriorated too much: primfeasorg=1.15e-06,dualfeasorg=5.98e-05
15 entries survived 

4 th thresholding

  breakyes=3.2,  dualfeasorg deteriorated too much: primfeasorg=1.78e-06,dualfeasorg=6.90e-05
11 entries survived 

5 th thresholding

  breakyes=3.2,  dualfeasorg deteriorated too much: primfeasorg=1.24e-06,dualfeasorg=5.46e-05
16 entries survived 

6 th thresholding

  breakyes=1.0,  maxresidual < 1.00e-06
19 entries survived 

7 th thresholding

  breakyes=1.0,  maxresidual < 1.00e-06
14 entries survived 

8 th thresholding

  breakyes=1.0,  maxresidual < 1.00e-06
14 entries survived 

9 th thresholding

  breakyes=1.4,  maxresidual < 1.00e-06
11 entries survived 

10 th thresholding

  breakyes=1.0,  maxresidual < 1.00e-06
14 entries survived 

11 th thresholding

  breakyes=1.4,  maxresidual < 1.00e-06
13 entries survived 

12 th thresholding

  breakyes=1.4,  maxresidual < 1.00e-06
14 entries survived 

13 th thresholding

  breakyes=1.4,  maxresidual < 1.00e-06
14 entries survived 

14 th thresholding

  breakyes=1.3,  maxresidual < 1.00e-06
13 entries survived 

15 th thresholding

  breakyes=1.0,  maxresidual < 1.00e-06
14 entries survived 

16 th thresholding

  breakyes=1.4,  maxresidual < 1.00e-06
13 entries survived 

17 th thresholding

  breakyes=1.4,  maxresidual < 1.00e-06
13 entries survived 

18 th thresholding

  breakyes=1.0,  maxresidual < 1.00e-06
14 entries survived 

19 th thresholding

  breakyes=1.0,  maxresidual < 1.00e-06
14 entries survived 

20 th thresholding

  breakyes=3.2,  dualfeasorg deteriorated too much: primfeasorg=2.60e-06,dualfeasorg=2.73e-05
13 entries survived 

21 th thresholding

  breakyes=3.2,  dualfeasorg deteriorated too much: primfeasorg=5.32e-06,dualfeasorg=3.48e-05
14 entries survived 

22 th thresholding

  breakyes=1.0,  maxresidual < 1.00e-06
14 entries survived 

23 th thresholding

  breakyes=1.0,  maxresidual < 1.00e-06
15 entries survived 

24 th thresholding

  breakyes=1.0,  maxresidual < 1.00e-06
13 entries survived 

25 th thresholding

  breakyes=1.0,  maxresidual < 1.00e-06
13 entries survived 

26 th thresholding

  breakyes=3.2,  dualfeasorg deteriorated too much: primfeasorg=5.32e-06,dualfeasorg=3.48e-05
14 entries survived 

27 th thresholding

  breakyes=1.0,  maxresidual < 1.00e-06
14 entries survived 

28 th thresholding

  breakyes=1.0,  maxresidual < 1.00e-06
15 entries survived 

29 th thresholding

  breakyes=1.0,  maxresidual < 1.00e-06
13 entries survived 

30 th thresholding

  breakyes=1.0,  maxresidual < 1.00e-06
13 entries survived 

acc_vec =

    0.6480
    0.6600
    0.5220
    0.5420
    0.7300
    0.8740
    0.9680
    0.9680
    0.9720
    0.9720
    0.9620
    0.9680
    0.9640
    0.9720
    0.9700
    0.9720
    0.9680
    0.9680
    0.9680
    0.9700
    0.9660
    0.9680
    0.9640
    0.9720
    0.9700
    0.9660
    0.9680
    0.9640
    0.9720
    0.9700
    0.9660

acc =0.648000  0.660000  0.522000  0.542000  0.730000  0.874000  0.968000  0.968000  0.972000  0.972000  0.962000  0.968000  0.964000  0.972000  0.970000  0.972000  0.968000  0.968000  0.968000  0.970000  0.966000  0.968000  0.964000  0.972000  0.970000  0.966000  0.968000  0.964000  0.972000  0.970000  0.966000 

discov_true_vec =

     4
     7
     2
     6
     8
    10
    10
    10
    10
    10
    10
    10
    10
    10
    10
    10
    10
    10
    10
    10
    10
    10
    10
    10
    10
    10
    10
    10
    10
    10


discov_false_vec =

    15
    17
    13
     5
     8
     9
     4
     4
     1
     4
     3
     4
     4
     3
     4
     3
     3
     4
     4
     3
     4
     4
     5
     3
     3
     4
     4
     5
     3
     3


data =

  31x16 table

    rep    iter    sep    dim    rho     sparsity     acc     obj_prim    obj_dual    discov_true    discov_false    diff_x_tilde    diff_omega_diag    time_isee    time_SDP          jobdate       
    ___    ____    ___    ___    ____    ________    _____    ________    ________    ___________    ____________    ____________    _______________    _________    ________    ____________________

    62       0      4     50     0.45       10       0.648          0           0          0               0                 0                 0               0           0     22-Mar-2024 09:57:07
    62       1      4     50     0.45       10        0.66    -4.6685     -4.6684          4              15            59.531           0.92618          1.0707      72.672     22-Mar-2024 09:57:07
    62       2      4     50     0.45       10       0.522    -3.6151     -3.6151          7              17            60.797            1.3017         0.64809      57.398     22-Mar-2024 09:57:07
    62       3      4     50     0.45       10       0.542    -4.0665     -4.0665          2              13            75.428            1.9691         0.57976      55.395     22-Mar-2024 09:57:07
    62       4      4     50     0.45       10        0.73    -3.4847     -3.4846          6               5            67.618            1.4509         0.59108      44.397     22-Mar-2024 09:57:07
    62       5      4     50     0.45       10       0.874    -3.8139     -3.8139          8               8            59.498             1.135          0.5189      55.231     22-Mar-2024 09:57:07
    62       6      4     50     0.45       10       0.968    -5.2068     -5.2068         10               9            46.999             1.056         0.59873      22.473     22-Mar-2024 09:57:07
    62       7      4     50     0.45       10       0.968    -5.2508     -5.2508         10               4            42.276            1.0033         0.67178        21.7     22-Mar-2024 09:57:07
    62       8      4     50     0.45       10       0.972    -4.8941     -4.8941         10               4            44.033            1.0286         0.61742      19.991     22-Mar-2024 09:57:07
    62       9      4     50     0.45       10       0.972     -4.947      -4.947         10               1            42.243           0.96323         0.44199      24.627     22-Mar-2024 09:57:07
    62      10      4     50     0.45       10       0.962    -5.0058     -5.0057         10               4            42.869            1.0104         0.66459      22.752     22-Mar-2024 09:57:07
    62      11      4     50     0.45       10       0.968    -4.8406     -4.8406         10               3            41.543           0.98233         0.46028      22.625     22-Mar-2024 09:57:07
    62      12      4     50     0.45       10       0.964    -5.2312     -5.2312         10               4            44.178            1.0291         0.64945      19.555     22-Mar-2024 09:57:07
    62      13      4     50     0.45       10       0.972    -4.6993     -4.6993         10               4            40.747           0.94989         0.61001      27.177     22-Mar-2024 09:57:07
    62      14      4     50     0.45       10        0.97    -5.0242     -5.0242         10               3            42.691            1.0004         0.96317      23.193     22-Mar-2024 09:57:07
    62      15      4     50     0.45       10       0.972    -4.9669     -4.9669         10               4            41.261           0.97412         0.53607      16.922     22-Mar-2024 09:57:07
    62      16      4     50     0.45       10       0.968    -4.7966     -4.7966         10               3             41.22           0.96522         0.60335      25.775     22-Mar-2024 09:57:07
    62      17      4     50     0.45       10       0.968    -4.8752     -4.8752         10               3            41.542           0.98477         0.46362      22.723     22-Mar-2024 09:57:07
    62      18      4     50     0.45       10       0.968    -5.0211     -5.0211         10               4            43.478            1.0209         0.51794      17.902     22-Mar-2024 09:57:07
    62      19      4     50     0.45       10        0.97    -4.9337     -4.9337         10               4            42.178            0.9596         0.58854      14.075     22-Mar-2024 09:57:07
    62      20      4     50     0.45       10       0.966    -4.9539     -4.9539         10               3            43.371            1.0294         0.54161      22.368     22-Mar-2024 09:57:07
    62      21      4     50     0.45       10       0.968    -5.1108     -5.1108         10               4            43.024            1.0215          0.4165      13.671     22-Mar-2024 09:57:07
    62      22      4     50     0.45       10       0.964    -5.0938     -5.0938         10               4             43.04           0.99901         0.51933      15.865     22-Mar-2024 09:57:07
    62      23      4     50     0.45       10       0.972    -4.9346     -4.9346         10               5            42.842            1.0288         0.46491      14.803     22-Mar-2024 09:57:07
    62      24      4     50     0.45       10        0.97    -5.0899     -5.0899         10               3            43.606            1.0232         0.53457      16.939     22-Mar-2024 09:57:07
    62      25      4     50     0.45       10       0.966    -5.1517     -5.1517         10               3             43.49            1.0032         0.95672      17.287     22-Mar-2024 09:57:07
    62      26      4     50     0.45       10       0.968    -5.1108     -5.1108         10               4            43.024            1.0215         0.58834      11.507     22-Mar-2024 09:57:07
    62      27      4     50     0.45       10       0.964    -5.0938     -5.0938         10               4             43.04           0.99901         0.81367      11.902     22-Mar-2024 09:57:07
    62      28      4     50     0.45       10       0.972    -4.9346     -4.9346         10               5            42.842            1.0288         0.38122       15.03     22-Mar-2024 09:57:07
    62      29      4     50     0.45       10        0.97    -5.0899     -5.0899         10               3            43.606            1.0232          0.5317       15.72     22-Mar-2024 09:57:07
    62      30      4     50     0.45       10       0.966    -5.1517     -5.1517         10               3             43.49            1.0032         0.43072      13.621     22-Mar-2024 09:57:07


rep =

    63

replication: (63)th 

thres=0.220507
1 th thresholding

  breakyes=1.4,  maxresidual < 1.00e-06
24 entries survived 

2 th thresholding

  breakyes=3.2,  dualfeasorg deteriorated too much: primfeasorg=1.07e-06,dualfeasorg=5.25e-05
22 entries survived 

3 th thresholding

  breakyes=4.1,  primfeasorg stagnate, 0.00e+00
19 entries survived 

4 th thresholding

  breakyes=4.1,  primfeasorg stagnate, 0.00e+00
18 entries survived 

5 th thresholding

  breakyes=4.1,  primfeasorg stagnate, 0.00e+00
15 entries survived 

6 th thresholding

  breakyes=1.3,  maxresidual < 1.00e-06
13 entries survived 

7 th thresholding

  breakyes=1.0,  maxresidual < 1.00e-06
17 entries survived 

8 th thresholding

  breakyes=1.0,  maxresidual < 1.00e-06
19 entries survived 

9 th thresholding

  breakyes=1.4,  maxresidual < 1.00e-06
13 entries survived 

10 th thresholding

  breakyes=1.4,  maxresidual < 1.00e-06
15 entries survived 

11 th thresholding

  breakyes=1.0,  maxresidual < 1.00e-06
15 entries survived 

12 th thresholding

  breakyes=1.4,  maxresidual < 1.00e-06
15 entries survived 

13 th thresholding

  breakyes=1.4,  maxresidual < 1.00e-06
16 entries survived 

14 th thresholding

  breakyes=1.0,  maxresidual < 1.00e-06
12 entries survived 

15 th thresholding

  breakyes=1.4,  maxresidual < 1.00e-06
16 entries survived 

16 th thresholding

  breakyes=1.3,  maxresidual < 1.00e-06
16 entries survived 

17 th thresholding

  breakyes=1.0,  maxresidual < 1.00e-06
16 entries survived 

18 th thresholding

  breakyes=1.4,  maxresidual < 1.00e-06
15 entries survived 

19 th thresholding

  breakyes=1.4,  maxresidual < 1.00e-06
17 entries survived 

20 th thresholding

  breakyes=1.4,  maxresidual < 1.00e-06
14 entries survived 

21 th thresholding

  breakyes=1.4,  maxresidual < 1.00e-06
15 entries survived 

22 th thresholding

  breakyes=1.4,  maxresidual < 1.00e-06
14 entries survived 

23 th thresholding

  breakyes=1.4,  maxresidual < 1.00e-06
15 entries survived 

24 th thresholding

  breakyes=1.4,  maxresidual < 1.00e-06
14 entries survived 

25 th thresholding

  breakyes=1.4,  maxresidual < 1.00e-06
15 entries survived 

26 th thresholding

  breakyes=1.4,  maxresidual < 1.00e-06
14 entries survived 

27 th thresholding

  breakyes=1.4,  maxresidual < 1.00e-06
15 entries survived 

28 th thresholding

  breakyes=1.4,  maxresidual < 1.00e-06
14 entries survived 

29 th thresholding

  breakyes=1.4,  maxresidual < 1.00e-06
15 entries survived 

30 th thresholding

  breakyes=1.4,  maxresidual < 1.00e-06
14 entries survived 

acc_vec =

    0.6600
    0.7180
    0.7280
    0.7820
    0.8480
    0.9040
    0.9700
    0.9680
    0.9680
    0.9640
    0.9640
    0.9680
    0.9640
    0.9640
    0.9700
    0.9640
    0.9640
    0.9600
    0.9660
    0.9640
    0.9660
    0.9600
    0.9660
    0.9600
    0.9660
    0.9600
    0.9660
    0.9600
    0.9660
    0.9600
    0.9660

acc =0.660000  0.718000  0.728000  0.782000  0.848000  0.904000  0.970000  0.968000  0.968000  0.964000  0.964000  0.968000  0.964000  0.964000  0.970000  0.964000  0.964000  0.960000  0.966000  0.964000  0.966000  0.960000  0.966000  0.960000  0.966000  0.960000  0.966000  0.960000  0.966000  0.960000  0.966000 

discov_true_vec =

     4
     7
     7
     7
     7
     9
    10
    10
    10
    10
    10
    10
    10
    10
    10
    10
    10
    10
    10
    10
    10
    10
    10
    10
    10
    10
    10
    10
    10
    10


discov_false_vec =

    20
    15
    12
    11
     8
     4
     7
     9
     3
     5
     5
     5
     6
     2
     6
     6
     6
     5
     7
     4
     5
     4
     5
     4
     5
     4
     5
     4
     5
     4


data =

  31x16 table

    rep    iter    sep    dim    rho     sparsity     acc     obj_prim    obj_dual    discov_true    discov_false    diff_x_tilde    diff_omega_diag    time_isee    time_SDP          jobdate       
    ___    ____    ___    ___    ____    ________    _____    ________    ________    ___________    ____________    ____________    _______________    _________    ________    ____________________

    63       0      4     50     0.45       10        0.66          0           0          0               0                 0                 0               0           0     22-Mar-2024 10:15:28
    63       1      4     50     0.45       10       0.718    -4.0803     -4.0803          4              20            60.731           0.88771         0.82724      48.251     22-Mar-2024 10:15:28
    63       2      4     50     0.45       10       0.728    -4.1802     -4.1802          7              15            60.185             0.905         0.82163      63.352     22-Mar-2024 10:15:28
    63       3      4     50     0.45       10       0.782    -3.2856     -3.2856          7              12            59.992           0.92018          0.9447      58.541     22-Mar-2024 10:15:28
    63       4      4     50     0.45       10       0.848    -4.3927     -4.3926          7              11            55.982           0.86425         0.82039      63.883     22-Mar-2024 10:15:28
    63       5      4     50     0.45       10       0.904    -4.2654     -4.2653          7               8            53.261           0.87532          1.1179      69.161     22-Mar-2024 10:15:28
    63       6      4     50     0.45       10        0.97    -4.6302     -4.6302          9               4            44.823           0.82084         0.83749       45.86     22-Mar-2024 10:15:28
    63       7      4     50     0.45       10       0.968    -5.5218     -5.5218         10               7            39.196           0.82059         0.83326      14.603     22-Mar-2024 10:15:28
    63       8      4     50     0.45       10       0.968    -5.3417     -5.3417         10               9            40.039           0.83451         0.75248      11.184     22-Mar-2024 10:15:28
    63       9      4     50     0.45       10       0.964    -5.3978     -5.3978         10               3            38.233           0.77756         0.43281      47.222     22-Mar-2024 10:15:28
    63      10      4     50     0.45       10       0.964    -5.4213     -5.4213         10               5            39.906           0.82378         0.97492      53.144     22-Mar-2024 10:15:28
    63      11      4     50     0.45       10       0.968    -5.6811     -5.6811         10               5            41.762           0.85135         0.53835      18.241     22-Mar-2024 10:15:28
    63      12      4     50     0.45       10       0.964     -5.599      -5.599         10               5            40.588           0.81794         0.75738      32.086     22-Mar-2024 10:15:28
    63      13      4     50     0.45       10       0.964    -5.6201     -5.6201         10               6            41.906           0.83947          1.1153      23.641     22-Mar-2024 10:15:28
    63      14      4     50     0.45       10        0.97    -5.5775     -5.5775         10               2            40.009           0.82382         0.41336      27.817     22-Mar-2024 10:15:28
    63      15      4     50     0.45       10       0.964    -5.4958     -5.4958         10               6            39.004           0.80481         0.67694      27.768     22-Mar-2024 10:15:28
    63      16      4     50     0.45       10       0.964    -5.6303     -5.6303         10               6            41.739            0.8561         0.53024      23.716     22-Mar-2024 10:15:28
    63      17      4     50     0.45       10        0.96    -5.5252     -5.5252         10               6            41.668           0.84413         0.46608      12.981     22-Mar-2024 10:15:28
    63      18      4     50     0.45       10       0.966    -5.7318     -5.7318         10               5            41.824            0.8334         0.54484      49.388     22-Mar-2024 10:15:28
    63      19      4     50     0.45       10       0.964    -5.5083     -5.5083         10               7            41.143           0.81397         0.81778      24.986     22-Mar-2024 10:15:28
    63      20      4     50     0.45       10       0.966    -5.6165     -5.6165         10               4            41.005           0.81538         0.36232      23.417     22-Mar-2024 10:15:28
    63      21      4     50     0.45       10        0.96    -5.6888     -5.6888         10               5            40.462           0.80707         0.57327      46.357     22-Mar-2024 10:15:28
    63      22      4     50     0.45       10       0.966    -5.7548     -5.7548         10               4            41.478           0.86494         0.55186      27.015     22-Mar-2024 10:15:28
    63      23      4     50     0.45       10        0.96    -5.6888     -5.6888         10               5            40.462           0.80707          0.3822      43.945     22-Mar-2024 10:15:28
    63      24      4     50     0.45       10       0.966    -5.7548     -5.7548         10               4            41.478           0.86494         0.55369      25.819     22-Mar-2024 10:15:28
    63      25      4     50     0.45       10        0.96    -5.6888     -5.6888         10               5            40.462           0.80707         0.63015      41.509     22-Mar-2024 10:15:28
    63      26      4     50     0.45       10       0.966    -5.7548     -5.7548         10               4            41.478           0.86494         0.62952      26.609     22-Mar-2024 10:15:28
    63      27      4     50     0.45       10        0.96    -5.6888     -5.6888         10               5            40.462           0.80707         0.64183       37.48     22-Mar-2024 10:15:28
    63      28      4     50     0.45       10       0.966    -5.7548     -5.7548         10               4            41.478           0.86494         0.66396       23.47     22-Mar-2024 10:15:28
    63      29      4     50     0.45       10        0.96    -5.6888     -5.6888         10               5            40.462           0.80707         0.37662      40.809     22-Mar-2024 10:15:28
    63      30      4     50     0.45       10       0.966    -5.7548     -5.7548         10               4            41.478           0.86494         0.56339      28.519     22-Mar-2024 10:15:28


rep =

    64

replication: (64)th 

thres=0.220507
1 th thresholding

  breakyes=1.4,  maxresidual < 1.00e-06
18 entries survived 

2 th thresholding

  breakyes=3.2,  dualfeasorg deteriorated too much: primfeasorg=1.22e-06,dualfeasorg=3.27e-05
19 entries survived 

3 th thresholding

  breakyes=1.0,  maxresidual < 1.00e-06
15 entries survived 

4 th thresholding

  breakyes=3.1,  primfeasorg deteriorated too much: primfeasorg=1.80e-04,dualfeasorg=1.19e-06
13 entries survived 

5 th thresholding

  breakyes=1.0,  maxresidual < 1.00e-06
12 entries survived 

6 th thresholding

  breakyes=1.0,  maxresidual < 1.00e-06
14 entries survived 

7 th thresholding

  breakyes=1.0,  maxresidual < 1.00e-06
14 entries survived 

8 th thresholding

  breakyes=1.0,  maxresidual < 1.00e-06
15 entries survived 

9 th thresholding

  breakyes=3.2,  dualfeasorg deteriorated too much: primfeasorg=1.19e-06,dualfeasorg=3.50e-05
17 entries survived 

10 th thresholding

  breakyes=1.4,  maxresidual < 1.00e-06
13 entries survived 

11 th thresholding

  breakyes=1.0,  maxresidual < 1.00e-06
15 entries survived 

12 th thresholding

  breakyes=1.4,  maxresidual < 1.00e-06
15 entries survived 

13 th thresholding

  breakyes=1.4,  maxresidual < 1.00e-06
14 entries survived 

14 th thresholding

  breakyes=1.0,  maxresidual < 1.00e-06
16 entries survived 

15 th thresholding

  breakyes=1.0,  maxresidual < 1.00e-06
16 entries survived 

16 th thresholding

  breakyes=1.0,  maxresidual < 1.00e-06
17 entries survived 

17 th thresholding

  breakyes=1.0,  maxresidual < 1.00e-06
14 entries survived 

18 th thresholding

  breakyes=1.0,  maxresidual < 1.00e-06
14 entries survived 

19 th thresholding

  breakyes=1.0,  maxresidual < 1.00e-06
15 entries survived 

20 th thresholding

  breakyes=1.0,  maxresidual < 1.00e-06
16 entries survived 

21 th thresholding

  breakyes=1.0,  maxresidual < 1.00e-06
13 entries survived 

22 th thresholding

  breakyes=1.0,  maxresidual < 1.00e-06
14 entries survived 

23 th thresholding

  breakyes=1.0,  maxresidual < 1.00e-06
15 entries survived 

24 th thresholding

  breakyes=1.0,  maxresidual < 1.00e-06
16 entries survived 

25 th thresholding

  breakyes=1.0,  maxresidual < 1.00e-06
13 entries survived 

26 th thresholding

  breakyes=1.0,  maxresidual < 1.00e-06
14 entries survived 

27 th thresholding

  breakyes=1.0,  maxresidual < 1.00e-06
15 entries survived 

28 th thresholding

  breakyes=1.0,  maxresidual < 1.00e-06
16 entries survived 

29 th thresholding

  breakyes=1.0,  maxresidual < 1.00e-06
13 entries survived 

30 th thresholding

  breakyes=1.0,  maxresidual < 1.00e-06
14 entries survived 

acc_vec =

    0.6580
    0.6800
    0.8140
    0.9460
    0.9580
    0.9680
    0.9580
    0.9580
    0.9520
    0.9540
    0.9540
    0.9740
    0.9680
    0.9660
    0.9600
    0.9580
    0.9560
    0.9560
    0.9600
    0.9600
    0.9600
    0.9560
    0.9600
    0.9600
    0.9600
    0.9560
    0.9600
    0.9600
    0.9600
    0.9560
    0.9600

acc =0.658000  0.680000  0.814000  0.946000  0.958000  0.968000  0.958000  0.958000  0.952000  0.954000  0.954000  0.974000  0.968000  0.966000  0.960000  0.958000  0.956000  0.956000  0.960000  0.960000  0.960000  0.956000  0.960000  0.960000  0.960000  0.956000  0.960000  0.960000  0.960000  0.956000  0.960000 

discov_true_vec =

     4
     6
    10
    10
    10
    10
    10
    10
    10
    10
    10
    10
    10
    10
    10
    10
    10
    10
    10
    10
    10
    10
    10
    10
    10
    10
    10
    10
    10
    10


discov_false_vec =

    14
    13
     5
     3
     2
     4
     4
     5
     7
     3
     5
     5
     4
     6
     6
     7
     4
     4
     5
     6
     3
     4
     5
     6
     3
     4
     5
     6
     3
     4


data =

  31x16 table

    rep    iter    sep    dim    rho     sparsity     acc     obj_prim    obj_dual    discov_true    discov_false    diff_x_tilde    diff_omega_diag    time_isee    time_SDP          jobdate       
    ___    ____    ___    ___    ____    ________    _____    ________    ________    ___________    ____________    ____________    _______________    _________    ________    ____________________

    64       0      4     50     0.45       10       0.658          0           0          0               0                 0                 0               0           0     22-Mar-2024 10:26:24
    64       1      4     50     0.45       10        0.68    -3.2452     -3.2452          4              14            64.077           0.69092          0.7135      49.226     22-Mar-2024 10:26:24
    64       2      4     50     0.45       10       0.814    -3.5382     -3.5382          6              13            66.244           0.85041         0.79598      51.436     22-Mar-2024 10:26:24
    64       3      4     50     0.45       10       0.946    -5.0244     -5.0244         10               5            54.476           0.70002         0.53441      17.096     22-Mar-2024 10:26:24
    64       4      4     50     0.45       10       0.958    -6.8422     -6.8433         10               3             44.64           0.78144         0.81191      23.502     22-Mar-2024 10:26:24
    64       5      4     50     0.45       10       0.968    -6.2524     -6.2524         10               2            43.397           0.80468         0.40083      28.071     22-Mar-2024 10:26:24
    64       6      4     50     0.45       10       0.958    -6.0534     -6.0534         10               4            41.895           0.79797         0.57929      21.788     22-Mar-2024 10:26:24
    64       7      4     50     0.45       10       0.958    -6.6625     -6.6625         10               4            41.985            0.7979         0.64358      16.494     22-Mar-2024 10:26:24
    64       8      4     50     0.45       10       0.952    -6.6957     -6.6957         10               5            42.715           0.80246         0.40216      39.222     22-Mar-2024 10:26:24
    64       9      4     50     0.45       10       0.954    -6.5932     -6.5932         10               7            41.248           0.76259         0.63958      29.128     22-Mar-2024 10:26:24
    64      10      4     50     0.45       10       0.954    -6.5476     -6.5476         10               3            40.922           0.78572         0.51123      28.397     22-Mar-2024 10:26:24
    64      11      4     50     0.45       10       0.974    -6.5774     -6.5774         10               5            40.591           0.77426         0.55951      21.986     22-Mar-2024 10:26:24
    64      12      4     50     0.45       10       0.968    -5.8517     -5.8517         10               5            42.731           0.79972         0.47101      23.802     22-Mar-2024 10:26:24
    64      13      4     50     0.45       10       0.966     -6.161      -6.161         10               4            42.581           0.80071         0.60207      20.745     22-Mar-2024 10:26:24
    64      14      4     50     0.45       10        0.96    -6.4809     -6.4809         10               6            41.832           0.80311         0.57252      13.054     22-Mar-2024 10:26:24
    64      15      4     50     0.45       10       0.958    -6.8212     -6.8212         10               6            44.033           0.83966         0.48477      10.661     22-Mar-2024 10:26:24
    64      16      4     50     0.45       10       0.956    -6.6301     -6.6301         10               7            42.727            0.8084         0.66645      20.601     22-Mar-2024 10:26:24
    64      17      4     50     0.45       10       0.956    -6.6328     -6.6328         10               4            44.205           0.82052         0.52998       15.89     22-Mar-2024 10:26:24
    64      18      4     50     0.45       10        0.96    -6.6369     -6.6369         10               4            42.497           0.81819         0.61331      20.654     22-Mar-2024 10:26:24
    64      19      4     50     0.45       10        0.96    -6.5473     -6.5473         10               5            42.302           0.80038         0.59224      11.052     22-Mar-2024 10:26:24
    64      20      4     50     0.45       10        0.96    -6.6503     -6.6503         10               6             42.73           0.80289         0.38468      10.354     22-Mar-2024 10:26:24
    64      21      4     50     0.45       10       0.956    -6.7523     -6.7523         10               3            42.665           0.82009          0.4005      17.134     22-Mar-2024 10:26:24
    64      22      4     50     0.45       10        0.96    -6.6369     -6.6369         10               4            42.497           0.81819         0.51494      20.891     22-Mar-2024 10:26:24
    64      23      4     50     0.45       10        0.96    -6.5473     -6.5473         10               5            42.302           0.80038         0.47528      13.892     22-Mar-2024 10:26:24
    64      24      4     50     0.45       10        0.96    -6.6503     -6.6503         10               6             42.73           0.80289         0.84176      16.899     22-Mar-2024 10:26:24
    64      25      4     50     0.45       10       0.956    -6.7523     -6.7523         10               3            42.665           0.82009         0.44267      19.252     22-Mar-2024 10:26:24
    64      26      4     50     0.45       10        0.96    -6.6369     -6.6369         10               4            42.497           0.81819         0.61334      19.139     22-Mar-2024 10:26:24
    64      27      4     50     0.45       10        0.96    -6.5473     -6.5473         10               5            42.302           0.80038         0.45906      13.509     22-Mar-2024 10:26:24
    64      28      4     50     0.45       10        0.96    -6.6503     -6.6503         10               6             42.73           0.80289         0.56841       10.93     22-Mar-2024 10:26:24
    64      29      4     50     0.45       10       0.956    -6.7523     -6.7523         10               3            42.665           0.82009         0.36984      16.185     22-Mar-2024 10:26:24
    64      30      4     50     0.45       10        0.96    -6.6369     -6.6369         10               4            42.497           0.81819         0.62497      18.088     22-Mar-2024 10:26:24

