==========================================
SLURM_JOB_ID = 20380486
SLURM_JOB_NODELIST = b22-07
TMPDIR = /tmp/SLURM_20380486
==========================================
hello
Starting parallel pool (parpool) ...
Connected to the parallel pool (number of workers: 15).

pool = 

 ProcessPool with properties: 

            Connected: true
           NumWorkers: 15
                 Busy: false
              Cluster: Local
        AttachedFiles: {}
    AutoAddClientPath: true
            FileStore: [1x1 parallel.FileStore]
           ValueStore: [1x1 parallel.ValueStore]
          IdleTimeout: 30 minutes (30 minutes remaining)
          SpmdEnabled: true


p =

   350


Delta =

     5


s =

    10


n =

   500


ii =

    12


table_name =

    'sparse_kmeans_isee_denoise'


conn = 

  sqlite with properties:

      Database: '/home1/jongminm/sparse_kmeans/sparse_kmeans.db'
    IsReadOnly: 0
    AutoCommit: 'on'


rho =

    0.4500


M =

    1.0202

delta confirmed: 5.000000
ans =

    5.0854


rep =

    45

replication: (45)th 

thres=0.269832
1 th thresholding

  breakyes=4.1,  primfeasorg stagnate, 0.00e+00
46 entries survived 

2 th thresholding

  breakyes=1.0,  maxresidual < 1.00e-06
36 entries survived 

3 th thresholding

  breakyes=1.4,  maxresidual < 1.00e-06
30 entries survived 

4 th thresholding

  breakyes=1.0,  maxresidual < 1.00e-06
31 entries survived 

5 th thresholding

  breakyes=1.4,  maxresidual < 1.00e-06
36 entries survived 

6 th thresholding

  breakyes=1.3,  maxresidual < 1.00e-06
31 entries survived 

7 th thresholding

  breakyes=1.4,  maxresidual < 1.00e-06
36 entries survived 

8 th thresholding

  breakyes=1.3,  maxresidual < 1.00e-06
31 entries survived 

9 th thresholding

  breakyes=1.4,  maxresidual < 1.00e-06
36 entries survived 

10 th thresholding

  breakyes=1.3,  maxresidual < 1.00e-06
31 entries survived 

11 th thresholding

  breakyes=1.4,  maxresidual < 1.00e-06
36 entries survived 

12 th thresholding

  breakyes=1.3,  maxresidual < 1.00e-06
31 entries survived 

13 th thresholding

  breakyes=1.4,  maxresidual < 1.00e-06
36 entries survived 

14 th thresholding

  breakyes=1.3,  maxresidual < 1.00e-06
31 entries survived 

15 th thresholding

  breakyes=1.4,  maxresidual < 1.00e-06
36 entries survived 

16 th thresholding

  breakyes=1.3,  maxresidual < 1.00e-06
31 entries survived 

17 th thresholding

  breakyes=1.4,  maxresidual < 1.00e-06
36 entries survived 

18 th thresholding

  breakyes=1.3,  maxresidual < 1.00e-06
31 entries survived 

19 th thresholding

  breakyes=1.4,  maxresidual < 1.00e-06
36 entries survived 

20 th thresholding

  breakyes=1.3,  maxresidual < 1.00e-06
31 entries survived 

21 th thresholding

  breakyes=1.4,  maxresidual < 1.00e-06
36 entries survived 

22 th thresholding

  breakyes=1.3,  maxresidual < 1.00e-06
31 entries survived 

23 th thresholding

  breakyes=1.4,  maxresidual < 1.00e-06
36 entries survived 

24 th thresholding

  breakyes=1.3,  maxresidual < 1.00e-06
31 entries survived 

25 th thresholding

  breakyes=1.4,  maxresidual < 1.00e-06
36 entries survived 

26 th thresholding

  breakyes=1.3,  maxresidual < 1.00e-06
31 entries survived 

27 th thresholding

  breakyes=1.4,  maxresidual < 1.00e-06
36 entries survived 

28 th thresholding

  breakyes=1.3,  maxresidual < 1.00e-06
31 entries survived 

29 th thresholding

  breakyes=1.4,  maxresidual < 1.00e-06
36 entries survived 

30 th thresholding

  breakyes=1.3,  maxresidual < 1.00e-06
31 entries survived 

acc_vec =

    0.7120
    0.9080
    0.9720
    0.9800
    0.9780
    0.9780
    0.9780
    0.9780
    0.9780
    0.9780
    0.9780
    0.9780
    0.9780
    0.9780
    0.9780
    0.9780
    0.9780
    0.9780
    0.9780
    0.9780
    0.9780
    0.9780
    0.9780
    0.9780
    0.9780
    0.9780
    0.9780
    0.9780
    0.9780
    0.9780
    0.9780

acc =0.712000  0.908000  0.972000  0.980000  0.978000  0.978000  0.978000  0.978000  0.978000  0.978000  0.978000  0.978000  0.978000  0.978000  0.978000  0.978000  0.978000  0.978000  0.978000  0.978000  0.978000  0.978000  0.978000  0.978000  0.978000  0.978000  0.978000  0.978000  0.978000  0.978000  0.978000 

discov_true_vec =

     8
    10
    10
    10
    10
    10
    10
    10
    10
    10
    10
    10
    10
    10
    10
    10
    10
    10
    10
    10
    10
    10
    10
    10
    10
    10
    10
    10
    10
    10


discov_false_vec =

    38
    26
    20
    21
    26
    21
    26
    21
    26
    21
    26
    21
    26
    21
    26
    21
    26
    21
    26
    21
    26
    21
    26
    21
    26
    21
    26
    21
    26
    21


data =

  31x16 table

    rep    iter    sep    dim    rho     sparsity     acc     obj_prim    obj_dual    discov_true    discov_false    diff_x_tilde    diff_omega_diag    time_isee    time_SDP          jobdate       
    ___    ____    ___    ___    ____    ________    _____    ________    ________    ___________    ____________    ____________    _______________    _________    ________    ____________________

    45       0      5     350    0.45       10       0.712          0           0          0               0                 0                0               0            0     22-Mar-2024 08:50:54
    45       1      5     350    0.45       10       0.908    -9.9392     -9.9391          8              38             169.5           6.3036          17.206       105.14     22-Mar-2024 08:50:54
    45       2      5     350    0.45       10       0.972    -14.268     -14.268         10              26            162.91           6.4828          10.708       29.405     22-Mar-2024 08:50:54
    45       3      5     350    0.45       10        0.98    -11.068     -11.068         10              20            165.19           6.7797          10.546       36.719     22-Mar-2024 08:50:54
    45       4      5     350    0.45       10       0.978    -11.875     -11.875         10              21            160.69           6.5614          10.485       36.379     22-Mar-2024 08:50:54
    45       5      5     350    0.45       10       0.978    -11.535     -11.535         10              26            163.22           6.6218          10.981       34.013     22-Mar-2024 08:50:54
    45       6      5     350    0.45       10       0.978    -11.553     -11.553         10              21            160.13           6.4231          10.535        33.45     22-Mar-2024 08:50:54
    45       7      5     350    0.45       10       0.978    -11.535     -11.535         10              26            163.22           6.6218          10.473       32.537     22-Mar-2024 08:50:54
    45       8      5     350    0.45       10       0.978    -11.553     -11.553         10              21            160.13           6.4231          10.975       36.286     22-Mar-2024 08:50:54
    45       9      5     350    0.45       10       0.978    -11.535     -11.535         10              26            163.22           6.6218           10.51       34.133     22-Mar-2024 08:50:54
    45      10      5     350    0.45       10       0.978    -11.553     -11.553         10              21            160.13           6.4231          10.593       31.073     22-Mar-2024 08:50:54
    45      11      5     350    0.45       10       0.978    -11.535     -11.535         10              26            163.22           6.6218          10.412       30.835     22-Mar-2024 08:50:54
    45      12      5     350    0.45       10       0.978    -11.553     -11.553         10              21            160.13           6.4231          10.344       34.793     22-Mar-2024 08:50:54
    45      13      5     350    0.45       10       0.978    -11.535     -11.535         10              26            163.22           6.6218          11.038       31.297     22-Mar-2024 08:50:54
    45      14      5     350    0.45       10       0.978    -11.553     -11.553         10              21            160.13           6.4231          10.467       29.455     22-Mar-2024 08:50:54
    45      15      5     350    0.45       10       0.978    -11.535     -11.535         10              26            163.22           6.6218          10.451       30.934     22-Mar-2024 08:50:54
    45      16      5     350    0.45       10       0.978    -11.553     -11.553         10              21            160.13           6.4231           10.82       33.047     22-Mar-2024 08:50:54
    45      17      5     350    0.45       10       0.978    -11.535     -11.535         10              26            163.22           6.6218          10.347        27.29     22-Mar-2024 08:50:54
    45      18      5     350    0.45       10       0.978    -11.553     -11.553         10              21            160.13           6.4231          10.661       26.179     22-Mar-2024 08:50:54
    45      19      5     350    0.45       10       0.978    -11.535     -11.535         10              26            163.22           6.6218          10.527       25.855     22-Mar-2024 08:50:54
    45      20      5     350    0.45       10       0.978    -11.553     -11.553         10              21            160.13           6.4231          10.406       29.665     22-Mar-2024 08:50:54
    45      21      5     350    0.45       10       0.978    -11.535     -11.535         10              26            163.22           6.6218          10.502       24.248     22-Mar-2024 08:50:54
    45      22      5     350    0.45       10       0.978    -11.553     -11.553         10              21            160.13           6.4231          12.465       30.366     22-Mar-2024 08:50:54
    45      23      5     350    0.45       10       0.978    -11.535     -11.535         10              26            163.22           6.6218          10.391       27.205     22-Mar-2024 08:50:54
    45      24      5     350    0.45       10       0.978    -11.553     -11.553         10              21            160.13           6.4231          10.315       29.826     22-Mar-2024 08:50:54
    45      25      5     350    0.45       10       0.978    -11.535     -11.535         10              26            163.22           6.6218           10.25       28.826     22-Mar-2024 08:50:54
    45      26      5     350    0.45       10       0.978    -11.553     -11.553         10              21            160.13           6.4231          10.284       29.005     22-Mar-2024 08:50:54
    45      27      5     350    0.45       10       0.978    -11.535     -11.535         10              26            163.22           6.6218          10.662       25.979     22-Mar-2024 08:50:54
    45      28      5     350    0.45       10       0.978    -11.553     -11.553         10              21            160.13           6.4231          10.366        34.24     22-Mar-2024 08:50:54
    45      29      5     350    0.45       10       0.978    -11.535     -11.535         10              26            163.22           6.6218          10.554       33.222     22-Mar-2024 08:50:54
    45      30      5     350    0.45       10       0.978    -11.553     -11.553         10              21            160.13           6.4231          10.465        42.85     22-Mar-2024 08:50:54


rep =

    46

replication: (46)th 

thres=0.269832
1 th thresholding

  breakyes=1.4,  maxresidual < 1.00e-06
48 entries survived 

2 th thresholding

  breakyes=1.4,  maxresidual < 1.00e-06
38 entries survived 

3 th thresholding

  breakyes=1.4,  maxresidual < 1.00e-06
26 entries survived 

4 th thresholding

  breakyes=1.0,  maxresidual < 1.00e-06
24 entries survived 

5 th thresholding

  breakyes=1.4,  maxresidual < 1.00e-06
26 entries survived 

6 th thresholding

  breakyes=1.0,  maxresidual < 1.00e-06
24 entries survived 

7 th thresholding

  breakyes=1.0,  maxresidual < 1.00e-06
23 entries survived 

8 th thresholding

  breakyes=1.4,  maxresidual < 1.00e-06
22 entries survived 

9 th thresholding

  breakyes=1.4,  maxresidual < 1.00e-06
22 entries survived 

10 th thresholding

  breakyes=1.4,  maxresidual < 1.00e-06
22 entries survived 

11 th thresholding

  breakyes=1.4,  maxresidual < 1.00e-06
22 entries survived 

12 th thresholding

  breakyes=1.4,  maxresidual < 1.00e-06
22 entries survived 

13 th thresholding

  breakyes=1.4,  maxresidual < 1.00e-06
22 entries survived 

14 th thresholding

  breakyes=1.4,  maxresidual < 1.00e-06
22 entries survived 

15 th thresholding

  breakyes=1.4,  maxresidual < 1.00e-06
22 entries survived 

16 th thresholding

  breakyes=1.4,  maxresidual < 1.00e-06
22 entries survived 

17 th thresholding

  breakyes=1.4,  maxresidual < 1.00e-06
22 entries survived 

18 th thresholding

  breakyes=1.4,  maxresidual < 1.00e-06
22 entries survived 

19 th thresholding

  breakyes=1.4,  maxresidual < 1.00e-06
22 entries survived 

20 th thresholding

  breakyes=1.4,  maxresidual < 1.00e-06
22 entries survived 

21 th thresholding

  breakyes=1.4,  maxresidual < 1.00e-06
22 entries survived 

22 th thresholding

  breakyes=1.4,  maxresidual < 1.00e-06
22 entries survived 

23 th thresholding

  breakyes=1.4,  maxresidual < 1.00e-06
22 entries survived 

24 th thresholding

  breakyes=1.4,  maxresidual < 1.00e-06
22 entries survived 

25 th thresholding

  breakyes=1.4,  maxresidual < 1.00e-06
22 entries survived 

26 th thresholding

  breakyes=1.4,  maxresidual < 1.00e-06
22 entries survived 

27 th thresholding

  breakyes=1.4,  maxresidual < 1.00e-06
22 entries survived 

28 th thresholding

  breakyes=1.4,  maxresidual < 1.00e-06
22 entries survived 

29 th thresholding

  breakyes=1.4,  maxresidual < 1.00e-06
22 entries survived 

30 th thresholding

  breakyes=1.4,  maxresidual < 1.00e-06
22 entries survived 

acc_vec =

    0.7380
    0.8620
    0.9160
    0.9480
    0.9720
    0.9820
    0.9880
    0.9900
    0.9900
    0.9900
    0.9900
    0.9900
    0.9900
    0.9900
    0.9900
    0.9900
    0.9900
    0.9900
    0.9900
    0.9900
    0.9900
    0.9900
    0.9900
    0.9900
    0.9900
    0.9900
    0.9900
    0.9900
    0.9900
    0.9900
    0.9900

acc =0.738000  0.862000  0.916000  0.948000  0.972000  0.982000  0.988000  0.990000  0.990000  0.990000  0.990000  0.990000  0.990000  0.990000  0.990000  0.990000  0.990000  0.990000  0.990000  0.990000  0.990000  0.990000  0.990000  0.990000  0.990000  0.990000  0.990000  0.990000  0.990000  0.990000  0.990000 

discov_true_vec =

     8
    10
    10
    10
    10
    10
    10
    10
    10
    10
    10
    10
    10
    10
    10
    10
    10
    10
    10
    10
    10
    10
    10
    10
    10
    10
    10
    10
    10
    10


discov_false_vec =

    40
    28
    16
    14
    16
    14
    13
    12
    12
    12
    12
    12
    12
    12
    12
    12
    12
    12
    12
    12
    12
    12
    12
    12
    12
    12
    12
    12
    12
    12


data =

  31x16 table

    rep    iter    sep    dim    rho     sparsity     acc     obj_prim    obj_dual    discov_true    discov_false    diff_x_tilde    diff_omega_diag    time_isee    time_SDP          jobdate       
    ___    ____    ___    ___    ____    ________    _____    ________    ________    ___________    ____________    ____________    _______________    _________    ________    ____________________

    46       0      5     350    0.45       10       0.738          0           0          0               0                 0                0               0            0     22-Mar-2024 09:30:50
    46       1      5     350    0.45       10       0.862    -10.953     -10.953          8              40            177.24           7.0519          10.422       59.085     22-Mar-2024 09:30:50
    46       2      5     350    0.45       10       0.916    -17.375     -17.375         10              28            167.82           6.5861          10.228       38.282     22-Mar-2024 09:30:50
    46       3      5     350    0.45       10       0.948    -20.599     -20.599         10              16            165.45            6.789          10.513       35.002     22-Mar-2024 09:30:50
    46       4      5     350    0.45       10       0.972    -16.536     -16.536         10              14            160.66           6.4146          10.481       15.143     22-Mar-2024 09:30:50
    46       5      5     350    0.45       10       0.982    -15.826     -15.826         10              16            158.94           6.3398          10.224       34.774     22-Mar-2024 09:30:50
    46       6      5     350    0.45       10       0.988    -16.326     -16.326         10              14            163.87           6.5564          10.671         50.9     22-Mar-2024 09:30:50
    46       7      5     350    0.45       10        0.99     -16.89      -16.89         10              13            165.72           6.7677          11.163       42.939     22-Mar-2024 09:30:50
    46       8      5     350    0.45       10        0.99    -16.289     -16.289         10              12            162.93           6.5334          10.341       61.913     22-Mar-2024 09:30:50
    46       9      5     350    0.45       10        0.99    -16.289     -16.289         10              12            162.93           6.5334          10.337       66.162     22-Mar-2024 09:30:50
    46      10      5     350    0.45       10        0.99    -16.289     -16.289         10              12            162.93           6.5334          10.656        67.85     22-Mar-2024 09:30:50
    46      11      5     350    0.45       10        0.99    -16.289     -16.289         10              12            162.93           6.5334          10.374       70.812     22-Mar-2024 09:30:50
    46      12      5     350    0.45       10        0.99    -16.289     -16.289         10              12            162.93           6.5334          10.534       72.519     22-Mar-2024 09:30:50
    46      13      5     350    0.45       10        0.99    -16.289     -16.289         10              12            162.93           6.5334          10.738        71.15     22-Mar-2024 09:30:50
    46      14      5     350    0.45       10        0.99    -16.289     -16.289         10              12            162.93           6.5334          10.406       76.615     22-Mar-2024 09:30:50
    46      15      5     350    0.45       10        0.99    -16.289     -16.289         10              12            162.93           6.5334          10.405       63.955     22-Mar-2024 09:30:50
    46      16      5     350    0.45       10        0.99    -16.289     -16.289         10              12            162.93           6.5334          10.532       57.443     22-Mar-2024 09:30:50
    46      17      5     350    0.45       10        0.99    -16.289     -16.289         10              12            162.93           6.5334          10.507       50.537     22-Mar-2024 09:30:50
    46      18      5     350    0.45       10        0.99    -16.289     -16.289         10              12            162.93           6.5334          10.644       53.437     22-Mar-2024 09:30:50
    46      19      5     350    0.45       10        0.99    -16.289     -16.289         10              12            162.93           6.5334          10.532       58.601     22-Mar-2024 09:30:50
    46      20      5     350    0.45       10        0.99    -16.289     -16.289         10              12            162.93           6.5334          10.469       67.759     22-Mar-2024 09:30:50
    46      21      5     350    0.45       10        0.99    -16.289     -16.289         10              12            162.93           6.5334          10.334       90.593     22-Mar-2024 09:30:50
    46      22      5     350    0.45       10        0.99    -16.289     -16.289         10              12            162.93           6.5334          10.869        105.7     22-Mar-2024 09:30:50
    46      23      5     350    0.45       10        0.99    -16.289     -16.289         10              12            162.93           6.5334          11.991       95.238     22-Mar-2024 09:30:50
    46      24      5     350    0.45       10        0.99    -16.289     -16.289         10              12            162.93           6.5334          12.583       94.519     22-Mar-2024 09:30:50
    46      25      5     350    0.45       10        0.99    -16.289     -16.289         10              12            162.93           6.5334          12.052       100.78     22-Mar-2024 09:30:50
    46      26      5     350    0.45       10        0.99    -16.289     -16.289         10              12            162.93           6.5334          10.601       94.825     22-Mar-2024 09:30:50
    46      27      5     350    0.45       10        0.99    -16.289     -16.289         10              12            162.93           6.5334          11.177       98.154     22-Mar-2024 09:30:50
    46      28      5     350    0.45       10        0.99    -16.289     -16.289         10              12            162.93           6.5334          11.993       90.173     22-Mar-2024 09:30:50
    46      29      5     350    0.45       10        0.99    -16.289     -16.289         10              12            162.93           6.5334          10.776       93.035     22-Mar-2024 09:30:50
    46      30      5     350    0.45       10        0.99    -16.289     -16.289         10              12            162.93           6.5334          10.646       94.237     22-Mar-2024 09:30:50


rep =

    47

replication: (47)th 

thres=0.269832
1 th thresholding

  breakyes=3.2,  dualfeasorg deteriorated too much: primfeasorg=1.68e-06,dualfeasorg=5.52e-05
40 entries survived 

2 th thresholding

  breakyes=1.4,  maxresidual < 1.00e-06
39 entries survived 

3 th thresholding

  breakyes=1.0,  maxresidual < 1.00e-06
34 entries survived 

4 th thresholding

  breakyes=1.4,  maxresidual < 1.00e-06
32 entries survived 

5 th thresholding

  breakyes=1.0,  maxresidual < 1.00e-06
34 entries survived 

6 th thresholding

