==========================================
SLURM_JOB_ID = 20388670
SLURM_JOB_NODELIST = b22-04
TMPDIR = /tmp/SLURM_20388670
==========================================
hello
Starting parallel pool (parpool) ...
Connected to the parallel pool (number of workers: 15).

pool = 

 ProcessPool with properties: 

            Connected: true
           NumWorkers: 15
                 Busy: false
              Cluster: Local
        AttachedFiles: {}
    AutoAddClientPath: true
            FileStore: [1x1 parallel.FileStore]
           ValueStore: [1x1 parallel.ValueStore]
          IdleTimeout: 30 minutes (30 minutes remaining)
          SpmdEnabled: true


p =

   300


Delta =

     3


s =

    10


n =

   500


ii =

    20


table_name =

    'sparse_kmeans_isee_denoise'


conn = 

  sqlite with properties:

      Database: '/home1/jongminm/sparse_kmeans/sparse_kmeans.db'
    IsReadOnly: 0
    AutoCommit: 'on'


rho =

    0.4500


M =

    0.6121

delta confirmed: 3.000000
ans =

    3.0513


rep =

    77

replication: (77)th 

thres=0.266258
1 th thresholding

  breakyes=1.4,  maxresidual < 1.00e-06
33 entries survived 

2 th thresholding

  breakyes=1.4,  maxresidual < 1.00e-06
41 entries survived 

3 th thresholding

  breakyes=1.0,  maxresidual < 1.00e-06
35 entries survived 

4 th thresholding

  breakyes=3.2,  dualfeasorg deteriorated too much: primfeasorg=1.19e-06,dualfeasorg=3.96e-05
28 entries survived 

5 th thresholding

  breakyes=1.4,  maxresidual < 1.00e-06
34 entries survived 

6 th thresholding

  breakyes=1.4,  maxresidual < 1.00e-06
30 entries survived 

7 th thresholding

  breakyes=3.2,  dualfeasorg deteriorated too much: primfeasorg=1.10e-06,dualfeasorg=2.84e-05
32 entries survived 

8 th thresholding

  breakyes=1.4,  maxresidual < 1.00e-06
25 entries survived 

9 th thresholding

  breakyes=3.2,  dualfeasorg deteriorated too much: primfeasorg=8.79e-07,dualfeasorg=4.36e-05
21 entries survived 

10 th thresholding

  breakyes=3.2,  dualfeasorg deteriorated too much: primfeasorg=7.76e-07,dualfeasorg=3.95e-05
18 entries survived 

11 th thresholding

  breakyes=1.4,  maxresidual < 1.00e-06
17 entries survived 

12 th thresholding

  breakyes=1.4,  maxresidual < 1.00e-06
16 entries survived 

13 th thresholding

  breakyes=1.4,  maxresidual < 1.00e-06
29 entries survived 

14 th thresholding

  breakyes=3.2,  dualfeasorg deteriorated too much: primfeasorg=1.19e-06,dualfeasorg=3.04e-05
28 entries survived 

15 th thresholding

  breakyes=1.0,  maxresidual < 1.00e-06
35 entries survived 

16 th thresholding

  breakyes=1.4,  maxresidual < 1.00e-06
33 entries survived 

17 th thresholding

  breakyes=3.2,  dualfeasorg deteriorated too much: primfeasorg=1.34e-06,dualfeasorg=3.43e-05
24 entries survived 

18 th thresholding

  breakyes=1.3,  maxresidual < 1.00e-06
28 entries survived 

19 th thresholding

  breakyes=1.3,  maxresidual < 1.00e-06
25 entries survived 

20 th thresholding

  breakyes=3.2,  dualfeasorg deteriorated too much: primfeasorg=2.39e-06,dualfeasorg=4.09e-05
20 entries survived 

21 th thresholding

  breakyes=3.2,  dualfeasorg deteriorated too much: primfeasorg=1.34e-06,dualfeasorg=3.55e-05
22 entries survived 

22 th thresholding

  breakyes=3.2,  dualfeasorg deteriorated too much: primfeasorg=1.15e-06,dualfeasorg=3.82e-05
25 entries survived 

23 th thresholding

  breakyes=1.4,  maxresidual < 1.00e-06
40 entries survived 

24 th thresholding


  breakyes=1.4,  maxresidual < 1.00e-06
34 entries survived 

25 th thresholding

  breakyes=1.4,  maxresidual < 1.00e-06
39 entries survived 

26 th thresholding

  breakyes=1.4,  maxresidual < 1.00e-06
21 entries survived 

27 th thresholding

  breakyes=3.2,  dualfeasorg deteriorated too much: primfeasorg=1.41e-06,dualfeasorg=4.70e-05
24 entries survived 

28 th thresholding

  breakyes=3.2,  dualfeasorg deteriorated too much: primfeasorg=1.09e-06,dualfeasorg=3.78e-05
13 entries survived 

29 th thresholding

  breakyes=3.2,  dualfeasorg deteriorated too much: primfeasorg=6.24e-07,dualfeasorg=3.03e-05
17 entries survived 

30 th thresholding

  breakyes=1.4,  maxresidual < 1.00e-06
29 entries survived 

acc_vec =

    0.5080
    0.5380
    0.5200
    0.5040
    0.5040
    0.5320
    0.5060
    0.5200
    0.5400
    0.5160
    0.5140
    0.5100
    0.5060
    0.5120
    0.5220
    0.5480
    0.5140
    0.5100
    0.5040
    0.5200
    0.5020
    0.5060
    0.5080
    0.5020
    0.5100
    0.5100
    0.5120
    0.5220
    0.5040
    0.5020
    0.5220

acc =0.508000  0.538000  0.520000  0.504000  0.504000  0.532000  0.506000  0.520000  0.540000  0.516000  0.514000  0.510000  0.506000  0.512000  0.522000  0.548000  0.514000  0.510000  0.504000  0.520000  0.502000  0.506000  0.508000  0.502000  0.510000  0.510000  0.512000  0.522000  0.504000  0.502000  0.522000 

discov_true_vec =

     1
     2
     1
     0
     0
     0
     1
     0
     0
     1
     0
     0
     0
     0
     1
     0
     0
     0
     0
     0
     0
     0
     0
     0
     0
     0
     0
     0
     0
     1


discov_false_vec =

    32
    39
    34
    28
    34
    30
    31
    25
    21
    17
    17
    16
    29
    28
    34
    33
    24
    28
    25
    20
    22
    25
    40
    34
    39
    21
    24
    13
    17
    28


data =

  31x16 table

    rep    iter    sep    dim    rho     sparsity     acc     obj_prim    obj_dual    discov_true    discov_false    diff_x_tilde    diff_omega_diag    time_isee    time_SDP          jobdate       
    ___    ____    ___    ___    ____    ________    _____    ________    ________    ___________    ____________    ____________    _______________    _________    ________    ____________________

    77       0      3     300    0.45       10       0.508          0           0          0               0                 0                0               0            0     22-Mar-2024 13:48:55
    77       1      3     300    0.45       10       0.538    -6.0518     -6.0518          1              32            144.95           5.4819          11.118       27.909     22-Mar-2024 13:48:55
    77       2      3     300    0.45       10        0.52    -5.4979     -5.4979          2              39            139.88           5.1877          8.0452       27.786     22-Mar-2024 13:48:55
    77       3      3     300    0.45       10       0.504    -5.1382     -5.1382          1              34             140.5           5.2988          8.1083       26.234     22-Mar-2024 13:48:55
    77       4      3     300    0.45       10       0.504    -5.1238     -5.1238          0              28            143.77           5.4452          8.2609       36.656     22-Mar-2024 13:48:55
    77       5      3     300    0.45       10       0.532    -5.0032     -5.0032          0              34             146.6           5.6759          8.0786       54.729     22-Mar-2024 13:48:55
    77       6      3     300    0.45       10       0.506     -4.886      -4.886          0              30            142.72           5.4219          7.8556       28.345     22-Mar-2024 13:48:55
    77       7      3     300    0.45       10        0.52    -5.3852     -5.3851          1              31            142.46            5.418          7.8268       31.094     22-Mar-2024 13:48:55
    77       8      3     300    0.45       10        0.54    -4.8853     -4.8853          0              25            144.56           5.6185          7.9509       33.956     22-Mar-2024 13:48:55
    77       9      3     300    0.45       10       0.516    -4.3057     -4.3057          0              21            143.44           5.5391          7.8751       42.482     22-Mar-2024 13:48:55
    77      10      3     300    0.45       10       0.514    -4.1043     -4.1042          1              17            143.04           5.4706          8.5798       50.859     22-Mar-2024 13:48:55
    77      11      3     300    0.45       10        0.51    -4.2526     -4.2526          0              17             145.6           5.5781          8.0167       34.429     22-Mar-2024 13:48:55
    77      12      3     300    0.45       10       0.506    -4.2543     -4.2543          0              16            144.75           5.5473          8.8031       51.035     22-Mar-2024 13:48:55
    77      13      3     300    0.45       10       0.512    -5.2096     -5.2096          0              29            145.27           5.4946          8.5387       27.636     22-Mar-2024 13:48:55
    77      14      3     300    0.45       10       0.522    -5.1303     -5.1303          0              28            143.14           5.3801          8.2671       25.934     22-Mar-2024 13:48:55
    77      15      3     300    0.45       10       0.548    -5.7025     -5.7025          1              34            144.72           5.5153          7.8343       22.224     22-Mar-2024 13:48:55
    77      16      3     300    0.45       10       0.514    -5.3653     -5.3653          0              33            141.25           5.2467          8.1493       39.293     22-Mar-2024 13:48:55
    77      17      3     300    0.45       10        0.51    -4.7741     -4.7741          0              24            146.55           5.6276          8.3829       25.792     22-Mar-2024 13:48:55
    77      18      3     300    0.45       10       0.504    -5.1369     -5.1369          0              28            142.53            5.487          7.9854       48.674     22-Mar-2024 13:48:55
    77      19      3     300    0.45       10        0.52    -4.6053     -4.6053          0              25            143.39           5.4733          8.3044       26.509     22-Mar-2024 13:48:55
    77      20      3     300    0.45       10       0.502    -4.0142     -4.0142          0              20               146           5.6566          8.7875       35.036     22-Mar-2024 13:48:55
    77      21      3     300    0.45       10       0.506    -4.2588     -4.2588          0              22            142.12           5.3772           9.488       24.251     22-Mar-2024 13:48:55
    77      22      3     300    0.45       10       0.508    -4.3129     -4.3128          0              25            147.17           5.6462          7.9492       34.765     22-Mar-2024 13:48:55
    77      23      3     300    0.45       10       0.502    -6.0225     -6.0225          0              40            158.09           6.4268          8.7184        56.75     22-Mar-2024 13:48:55
    77      24      3     300    0.45       10        0.51    -4.5715     -4.5715          0              34            142.57            5.368           8.201       57.674     22-Mar-2024 13:48:55
    77      25      3     300    0.45       10        0.51    -6.0821     -6.0821          0              39            145.92           5.6904          8.4178       36.994     22-Mar-2024 13:48:55
    77      26      3     300    0.45       10       0.512    -4.5656     -4.5656          0              21            141.85           5.3513          8.4066       24.421     22-Mar-2024 13:48:55
    77      27      3     300    0.45       10       0.522    -5.2173     -5.2173          0              24            142.66           5.4972          7.8301       34.755     22-Mar-2024 13:48:55
    77      28      3     300    0.45       10       0.504     -4.287     -4.2869          0              13            143.75           5.3794          7.7542       60.005     22-Mar-2024 13:48:55
    77      29      3     300    0.45       10       0.502    -4.5171     -4.5171          0              17            156.18           6.1582          8.6656       57.415     22-Mar-2024 13:48:55
    77      30      3     300    0.45       10       0.522    -5.1061     -5.1061          1              28            147.15           5.7291          7.8501       26.201     22-Mar-2024 13:48:55


rep =

    78

replication: (78)th 

thres=0.266258
1 th thresholding

  breakyes=1.4,  maxresidual < 1.00e-06
43 entries survived 

2 th thresholding

  breakyes=1.4,  maxresidual < 1.00e-06
34 entries survived 

3 th thresholding

  breakyes=1.4,  maxresidual < 1.00e-06
32 entries survived 

4 th thresholding


  breakyes=1.4,  maxresidual < 1.00e-06
20 entries survived 

5 th thresholding

  breakyes=4.1,  primfeasorg stagnate, 0.00e+00
26 entries survived 

6 th thresholding

  breakyes=3.2,  dualfeasorg deteriorated too much: primfeasorg=1.26e-06,dualfeasorg=4.80e-05
26 entries survived 

7 th thresholding

  breakyes=4.1,  primfeasorg stagnate, 0.00e+00
23 entries survived 

8 th thresholding

  breakyes=4.1,  primfeasorg stagnate, 0.00e+00
25 entries survived 

9 th thresholding

  breakyes=3.2,  dualfeasorg deteriorated too much: primfeasorg=1.02e-06,dualfeasorg=4.83e-05
27 entries survived 

10 th thresholding

  breakyes=4.1,  primfeasorg stagnate, 0.00e+00
29 entries survived 

11 th thresholding

  breakyes=4.1,  primfeasorg stagnate, 0.00e+00
30 entries survived 

12 th thresholding

  breakyes=3.2,  dualfeasorg deteriorated too much: primfeasorg=1.31e-06,dualfeasorg=5.50e-05
27 entries survived 

13 th thresholding

  breakyes=3.2,  dualfeasorg deteriorated too much: primfeasorg=2.02e-06,dualfeasorg=3.11e-05
31 entries survived 

14 th thresholding

  breakyes=3.2,  dualfeasorg deteriorated too much: primfeasorg=8.53e-07,dualfeasorg=4.70e-05
29 entries survived 

15 th thresholding

  breakyes=3.2,  dualfeasorg deteriorated too much: primfeasorg=7.79e-07,dualfeasorg=5.42e-05
25 entries survived 

16 th thresholding

  breakyes=3.2,  dualfeasorg deteriorated too much: primfeasorg=7.43e-07,dualfeasorg=4.60e-05
30 entries survived 

17 th thresholding

  breakyes=3.2,  dualfeasorg deteriorated too much: primfeasorg=9.31e-07,dualfeasorg=4.88e-05
30 entries survived 

18 th thresholding

  breakyes=3.2,  dualfeasorg deteriorated too much: primfeasorg=9.03e-07,dualfeasorg=5.47e-05
28 entries survived 

19 th thresholding

  breakyes=3.2,  dualfeasorg deteriorated too much: primfeasorg=8.90e-07,dualfeasorg=3.65e-05
27 entries survived 

20 th thresholding

  breakyes=4.1,  primfeasorg stagnate, 0.00e+00
27 entries survived 

21 th thresholding

  breakyes=4.1,  primfeasorg stagnate, 0.00e+00
25 entries survived 

22 th thresholding

  breakyes=3.2,  dualfeasorg deteriorated too much: primfeasorg=2.91e-06,dualfeasorg=1.36e-04
27 entries survived 

23 th thresholding

  breakyes=4.1,  primfeasorg stagnate, 0.00e+00
28 entries survived 

24 th thresholding

  breakyes=4.1,  primfeasorg stagnate, 0.00e+00
28 entries survived 

25 th thresholding

  breakyes=4.1,  primfeasorg stagnate, 0.00e+00
27 entries survived 

26 th thresholding

  breakyes=1.4,  maxresidual < 1.00e-06
31 entries survived 

27 th thresholding

  breakyes=4.1,  primfeasorg stagnate, 0.00e+00
29 entries survived 

28 th thresholding

  breakyes=4.1,  primfeasorg stagnate, 0.00e+00
27 entries survived 

29 th thresholding

  breakyes=1.4,  maxresidual < 1.00e-06
33 entries survived 

30 th thresholding

  breakyes=3.2,  dualfeasorg deteriorated too much: primfeasorg=1.28e-06,dualfeasorg=6.82e-05
30 entries survived 

acc_vec =

    0.5920
    0.5780
    0.5160
    0.6860
    0.8220
    0.8440
    0.8760
    0.8880
    0.8860
    0.9040
    0.8820
    0.8920
    0.8960
    0.8920
    0.8960
    0.8800
    0.8760
    0.8740
    0.8820
    0.8780
    0.8700
    0.8680
    0.8680
    0.8800
    0.8640
    0.8520
    0.8680
    0.8620
    0.8840
    0.8420
    0.8700

acc =0.592000  0.578000  0.516000  0.686000  0.822000  0.844000  0.876000  0.888000  0.886000  0.904000  0.882000  0.892000  0.896000  0.892000  0.896000  0.880000  0.876000  0.874000  0.882000  0.878000  0.870000  0.868000  0.868000  0.880000  0.864000  0.852000  0.868000  0.862000  0.884000  0.842000  0.870000 

discov_true_vec =

     4
     6
     5
     8
    10
    10
    10
    10
    10
    10
    10
    10
    10
    10
    10
    10
    10
    10
    10
    10
    10
    10
    10
    10
    10
    10
    10
    10
    10
    10


discov_false_vec =

    39
    28
    27
    12
    16
    16
    13
    15
    17
    19
    20
    17
    21
    19
    15
    20
    20
    18
    17
    17
    15
    17
    18
    18
    17
    21
    19
    17
    23
    20


data =

  31x16 table

    rep    iter    sep    dim    rho     sparsity     acc     obj_prim    obj_dual    discov_true    discov_false    diff_x_tilde    diff_omega_diag    time_isee    time_SDP          jobdate       
    ___    ____    ___    ___    ____    ________    _____    ________    ________    ___________    ____________    ____________    _______________    _________    ________    ____________________

    78       0      3     300    0.45       10       0.592          0           0          0               0                 0                0               0            0     22-Mar-2024 14:24:01
    78       1      3     300    0.45       10       0.578    -6.9845     -6.9845          4              39            148.11           5.6535          8.4959       27.041     22-Mar-2024 14:24:01
    78       2      3     300    0.45       10       0.516    -5.4017     -5.4017          6              28            145.86           5.4303          9.0836       24.788     22-Mar-2024 14:24:01
    78       3      3     300    0.45       10       0.686    -5.9652     -5.9652          5              27            166.98           6.6625          9.2025        32.01     22-Mar-2024 14:24:01
    78       4      3     300    0.45       10       0.822    -5.1507     -5.1507          8              12            142.63           5.3404          8.0821       70.448     22-Mar-2024 14:24:01
    78       5      3     300    0.45       10       0.844    -6.2782     -6.2781         10              16            147.55           5.6957          9.5294       76.214     22-Mar-2024 14:24:01
    78       6      3     300    0.45       10       0.876    -6.4089     -6.4088         10              16            146.61           5.5239          8.2079       64.988     22-Mar-2024 14:24:01
    78       7      3     300    0.45       10       0.888    -6.1804     -6.1804         10              13             149.3           5.6307           8.167       69.699     22-Mar-2024 14:24:01
    78       8      3     300    0.45       10       0.886    -6.3228     -6.3228         10              15            150.04           5.8098          9.2182       67.904     22-Mar-2024 14:24:01
    78       9      3     300    0.45       10       0.904    -6.1352     -6.1352         10              17            147.78           5.5689          8.2874        65.95     22-Mar-2024 14:24:01
    78      10      3     300    0.45       10       0.882    -6.1739     -6.1739         10              19            148.74           5.7098          8.3774       78.655     22-Mar-2024 14:24:01
    78      11      3     300    0.45       10       0.892    -6.2544     -6.2543         10              20            147.98           5.5663          8.1986       62.424     22-Mar-2024 14:24:01
    78      12      3     300    0.45       10       0.896      -5.83     -5.8299         10              17            145.96           5.3882          8.1114       45.129     22-Mar-2024 14:24:01
    78      13      3     300    0.45       10       0.892     -6.492      -6.492         10              21            153.23           5.9747          8.2873       64.145     22-Mar-2024 14:24:01
    78      14      3     300    0.45       10       0.896     -6.847      -6.847         10              19            151.38           5.9255          8.2257       72.546     22-Mar-2024 14:24:01
    78      15      3     300    0.45       10        0.88    -5.4442     -5.4441         10              15            143.68           5.4207          8.2257       59.273     22-Mar-2024 14:24:01
    78      16      3     300    0.45       10       0.876    -6.5054     -6.5054         10              20            146.32           5.5517          8.0825       75.424     22-Mar-2024 14:24:01
    78      17      3     300    0.45       10       0.874    -5.8289     -5.8288         10              20            148.66           5.6768          9.0241       51.823     22-Mar-2024 14:24:01
    78      18      3     300    0.45       10       0.882    -6.2273     -6.2273         10              18            146.61           5.4876          8.1587       77.626     22-Mar-2024 14:24:01
    78      19      3     300    0.45       10       0.878     -6.729     -6.7289         10              17            148.19           5.8387          8.3421       77.419     22-Mar-2024 14:24:01
    78      20      3     300    0.45       10        0.87    -5.8125     -5.8125         10              17            145.11           5.4808          9.0801       79.708     22-Mar-2024 14:24:01
    78      21      3     300    0.45       10       0.868    -7.5454     -7.5453         10              15            146.69           5.6518           8.407       74.378     22-Mar-2024 14:24:01
    78      22      3     300    0.45       10       0.868    -7.0601       -7.06         10              17            146.96           5.6055          9.3655       25.293     22-Mar-2024 14:24:01
    78      23      3     300    0.45       10        0.88    -6.3953     -6.3952         10              18            143.28           5.3315          8.8118       76.473     22-Mar-2024 14:24:01
    78      24      3     300    0.45       10       0.864    -6.3389     -6.3388         10              18            147.02           5.6524          8.4336       66.648     22-Mar-2024 14:24:01
    78      25      3     300    0.45       10       0.852    -6.7817     -6.7816         10              17            148.74           5.7387          8.0776       64.134     22-Mar-2024 14:24:01
    78      26      3     300    0.45       10       0.868    -6.3623     -6.3623         10              21            146.95           5.5678          8.0474        64.31     22-Mar-2024 14:24:01
    78      27      3     300    0.45       10       0.862     -6.613     -6.6129         10              19            148.38           5.6744          8.6679       66.967     22-Mar-2024 14:24:01
    78      28      3     300    0.45       10       0.884    -6.1892     -6.1891         10              17            147.41           5.6387          8.3389       65.383     22-Mar-2024 14:24:01
    78      29      3     300    0.45       10       0.842    -6.3585     -6.3584         10              23            149.42           5.6562          9.4626       54.661     22-Mar-2024 14:24:01
    78      30      3     300    0.45       10        0.87    -6.1613     -6.1613         10              20            147.19           5.6202          8.2999       48.187     22-Mar-2024 14:24:01


rep =

    79

replication: (79)th 

thres=0.266258
1 th thresholding

  breakyes=1.4,  maxresidual < 1.00e-06
29 entries survived 

2 th thresholding

  breakyes=1.4,  maxresidual < 1.00e-06
35 entries survived 

3 th thresholding

  breakyes=1.4,  maxresidual < 1.00e-06
32 entries survived 

4 th thresholding

  breakyes=1.4,  maxresidual < 1.00e-06
30 entries survived 

5 th thresholding

  breakyes=1.4,  maxresidual < 1.00e-06
29 entries survived 

6 th thresholding

  breakyes=3.2,  dualfeasorg deteriorated too much: primfeasorg=1.39e-06,dualfeasorg=4.80e-05
28 entries survived 

7 th thresholding

  breakyes=3.2,  dualfeasorg deteriorated too much: primfeasorg=3.34e-06,dualfeasorg=4.30e-05
26 entries survived 

8 th thresholding

  breakyes=1.4,  maxresidual < 1.00e-06
19 entries survived 

9 th thresholding

  breakyes=1.4,  maxresidual < 1.00e-06
23 entries survived 

10 th thresholding

  breakyes=3.2,  dualfeasorg deteriorated too much: primfeasorg=8.96e-07,dualfeasorg=4.86e-05
19 entries survived 

11 th thresholding

  breakyes=3.2,  dualfeasorg deteriorated too much: primfeasorg=1.62e-06,dualfeasorg=4.17e-05
29 entries survived 

12 th thresholding

  breakyes=1.0,  maxresidual < 1.00e-06
42 entries survived 

13 th thresholding

  breakyes=1.3,  maxresidual < 1.00e-06
31 entries survived 

14 th thresholding

  breakyes=1.4,  maxresidual < 1.00e-06
32 entries survived 

15 th thresholding

  breakyes=1.4,  maxresidual < 1.00e-06
29 entries survived 

16 th thresholding

  breakyes=2.0,  primfeasorg*dualfeasorg < 1.00e-14
37 entries survived 

17 th thresholding

  breakyes=3.2,  dualfeasorg deteriorated too much: primfeasorg=1.42e-06,dualfeasorg=4.57e-05
26 entries survived 

18 th thresholding

  breakyes=1.3,  maxresidual < 1.00e-06
34 entries survived 

19 th thresholding

  breakyes=1.4,  maxresidual < 1.00e-06
32 entries survived 

20 th thresholding

  breakyes=1.4,  maxresidual < 1.00e-06
25 entries survived 

21 th thresholding

  breakyes=1.4,  maxresidual < 1.00e-06
35 entries survived 

22 th thresholding

  breakyes=3.2,  dualfeasorg deteriorated too much: primfeasorg=1.04e-06,dualfeasorg=3.57e-05
27 entries survived 

23 th thresholding

  breakyes=1.4,  maxresidual < 1.00e-06
37 entries survived 

24 th thresholding

  breakyes=1.4,  maxresidual < 1.00e-06
29 entries survived 

25 th thresholding

  breakyes=1.4,  maxresidual < 1.00e-06
27 entries survived 

26 th thresholding

  breakyes=1.4,  maxresidual < 1.00e-06
30 entries survived 

27 th thresholding

  breakyes=1.4,  maxresidual < 1.00e-06
30 entries survived 

28 th thresholding

  breakyes=1.4,  maxresidual < 1.00e-06
23 entries survived 

29 th thresholding

  breakyes=1.4,  maxresidual < 1.00e-06
28 entries survived 

30 th thresholding


  breakyes=2.0,  primfeasorg*dualfeasorg < 1.00e-14
27 entries survived 

acc_vec =

    0.6080
    0.5000
    0.5140
    0.5100
    0.5300
    0.5420
    0.6500
    0.5400
    0.5200
    0.5160
    0.5080
    0.5560
    0.5040
    0.5160
    0.5000
    0.5220
    0.5040
    0.5680
    0.5240
    0.5140
    0.5160
    0.5060
    0.5200
    0.5700
    0.5220
    0.6140
    0.5340
    0.5280
    0.5160
    0.5040
    0.5200

acc =0.608000  0.500000  0.514000  0.510000  0.530000  0.542000  0.650000  0.540000  0.520000  0.516000  0.508000  0.556000  0.504000  0.516000  0.500000  0.522000  0.504000  0.568000  0.524000  0.514000  0.516000  0.506000  0.520000  0.570000  0.522000  0.614000  0.534000  0.528000  0.516000  0.504000  0.520000 

discov_true_vec =

     4
     0
     1
     2
     2
     3
     6
     2
     2
     2
     1
     1
     0
     0
     0
     1
     1
     1
     1
     0
     0
     0
     2
     2
     1
     3
     2
     1
     1
     0


discov_false_vec =

    25
    35
    31
    28
    27
    25
    20
    17
    21
    17
    28
    41
    31
    32
    29
    36
    25
    33
    31
    25
    35
    27
    35
    27
    26
    27
    28
    22
    27
    27


data =

  31x16 table

    rep    iter    sep    dim    rho     sparsity     acc     obj_prim    obj_dual    discov_true    discov_false    diff_x_tilde    diff_omega_diag    time_isee    time_SDP          jobdate       
    ___    ____    ___    ___    ____    ________    _____    ________    ________    ___________    ____________    ____________    _______________    _________    ________    ____________________

    79       0      3     300    0.45       10       0.608          0           0          0               0                 0                0               0            0     22-Mar-2024 14:48:06
    79       1      3     300    0.45       10         0.5    -5.9821     -5.9821          4              25            141.29           5.2378           8.249       37.994     22-Mar-2024 14:48:06
    79       2      3     300    0.45       10       0.514    -5.0946     -5.0946          0              35             145.9           5.6351          7.8156       23.761     22-Mar-2024 14:48:06
    79       3      3     300    0.45       10        0.51     -4.934      -4.934          1              31            143.97           5.4608          8.6656       26.074     22-Mar-2024 14:48:06
    79       4      3     300    0.45       10        0.53    -5.3623     -5.3623          2              28             141.9           5.4174          8.1483       23.263     22-Mar-2024 14:48:06
    79       5      3     300    0.45       10       0.542    -5.1158     -5.1158          2              27             140.6           5.1731           8.619        24.42     22-Mar-2024 14:48:06
    79       6      3     300    0.45       10        0.65     -5.025      -5.025          3              25            140.72           5.3296          8.0989       32.107     22-Mar-2024 14:48:06
    79       7      3     300    0.45       10        0.54    -5.3072     -5.3072          6              20            140.41            5.426          8.0757       55.212     22-Mar-2024 14:48:06
    79       8      3     300    0.45       10        0.52    -4.4652     -4.4652          2              17            143.99           5.3892          7.9769       61.179     22-Mar-2024 14:48:06
    79       9      3     300    0.45       10       0.516    -5.0525     -5.0524          2              21            145.95           5.5936          7.8662       59.045     22-Mar-2024 14:48:06
    79      10      3     300    0.45       10       0.508    -4.8495     -4.8495          2              17            161.69           6.6502           9.504       58.761     22-Mar-2024 14:48:06
    79      11      3     300    0.45       10       0.556    -5.6738     -5.6737          1              28            162.03           6.4995           8.677       28.238     22-Mar-2024 14:48:06
    79      12      3     300    0.45       10       0.504    -5.5218     -5.5217          1              41             141.5           5.3924          7.7619       24.116     22-Mar-2024 14:48:06
    79      13      3     300    0.45       10       0.516    -5.6994     -5.6994          0              31            142.06           5.2613          7.9842       30.963     22-Mar-2024 14:48:06
    79      14      3     300    0.45       10         0.5     -5.758      -5.758          0              32            142.65            5.258          9.2008       43.696     22-Mar-2024 14:48:06
    79      15      3     300    0.45       10       0.522    -4.8064     -4.8064          0              29            141.29           5.2857          8.6095       23.643     22-Mar-2024 14:48:06
    79      16      3     300    0.45       10       0.504    -5.6753     -5.6753          1              36            142.03           5.4113          7.9834       59.215     22-Mar-2024 14:48:06
    79      17      3     300    0.45       10       0.568    -5.5879     -5.5878          1              25            141.68           5.3607          9.5336       32.025     22-Mar-2024 14:48:06
    79      18      3     300    0.45       10       0.524     -5.303      -5.303          1              33            141.43           5.3735          9.6607       26.467     22-Mar-2024 14:48:06
    79      19      3     300    0.45       10       0.514    -5.2891     -5.2891          1              31            142.45           5.4057          8.0784       59.566     22-Mar-2024 14:48:06
    79      20      3     300    0.45       10       0.516    -4.6896     -4.6896          0              25            137.21           5.1338          7.9963       50.538     22-Mar-2024 14:48:06
    79      21      3     300    0.45       10       0.506    -5.0355     -5.0354          0              35            142.13           5.4351          9.0113       27.434     22-Mar-2024 14:48:06
    79      22      3     300    0.45       10        0.52    -5.1559     -5.1558          0              27            141.73           5.3274          8.2685       53.901     22-Mar-2024 14:48:06
    79      23      3     300    0.45       10        0.57    -5.3425     -5.3425          2              35            146.84            5.599          8.2182       25.917     22-Mar-2024 14:48:06
    79      24      3     300    0.45       10       0.522    -4.5574     -4.5574          2              27            138.56           5.1429          7.6699       29.877     22-Mar-2024 14:48:06
    79      25      3     300    0.45       10       0.614    -4.6618     -4.6618          1              26             141.6           5.3498          9.4037       25.972     22-Mar-2024 14:48:06
    79      26      3     300    0.45       10       0.534    -5.0965     -5.0965          3              27            139.97           5.2407          7.9083       26.086     22-Mar-2024 14:48:06
    79      27      3     300    0.45       10       0.528    -5.6546     -5.6545          2              28            145.97           5.6348          7.8972       80.477     22-Mar-2024 14:48:06
    79      28      3     300    0.45       10       0.516    -5.2873     -5.2873          1              22            144.47           5.5449          7.9442       38.769     22-Mar-2024 14:48:06
    79      29      3     300    0.45       10       0.504    -5.2068     -5.2068          1              27            142.86           5.3095          8.0224        30.96     22-Mar-2024 14:48:06
    79      30      3     300    0.45       10        0.52    -4.7141     -4.7141          0              27            143.15           5.5029          8.1357       73.556     22-Mar-2024 14:48:06


rep =

    80

replication: (80)th 

thres=0.266258
1 th thresholding

  breakyes=1.4,  maxresidual < 1.00e-06
31 entries survived 

2 th thresholding

  breakyes=1.4,  maxresidual < 1.00e-06
36 entries survived 

3 th thresholding

  breakyes=3.2,  dualfeasorg deteriorated too much: primfeasorg=1.01e-06,dualfeasorg=2.45e-05
29 entries survived 

4 th thresholding

  breakyes=1.4,  maxresidual < 1.00e-06
28 entries survived 

5 th thresholding

  breakyes=3.2,  dualfeasorg deteriorated too much: primfeasorg=1.14e-06,dualfeasorg=3.64e-05
30 entries survived 

6 th thresholding

  breakyes=1.4,  maxresidual < 1.00e-06
25 entries survived 

7 th thresholding

  breakyes=3.2,  dualfeasorg deteriorated too much: primfeasorg=1.25e-06,dualfeasorg=4.02e-05
26 entries survived 

8 th thresholding

  breakyes=1.4,  maxresidual < 1.00e-06
24 entries survived 

9 th thresholding

  breakyes=3.2,  dualfeasorg deteriorated too much: primfeasorg=1.52e-06,dualfeasorg=4.88e-05
28 entries survived 

10 th thresholding

  breakyes=1.4,  maxresidual < 1.00e-06
32 entries survived 

11 th thresholding

  breakyes=3.2,  dualfeasorg deteriorated too much: primfeasorg=2.82e-06,dualfeasorg=4.74e-05
27 entries survived 

12 th thresholding

  breakyes=1.0,  maxresidual < 1.00e-06
26 entries survived 

13 th thresholding

  breakyes=1.4,  maxresidual < 1.00e-06
23 entries survived 

14 th thresholding

  breakyes=1.4,  maxresidual < 1.00e-06
29 entries survived 

15 th thresholding

  breakyes=3.2,  dualfeasorg deteriorated too much: primfeasorg=2.84e-06,dualfeasorg=4.87e-05
25 entries survived 

16 th thresholding

  breakyes=2.0,  primfeasorg*dualfeasorg < 1.00e-14
27 entries survived 

17 th thresholding

  breakyes=1.4,  maxresidual < 1.00e-06
23 entries survived 

18 th thresholding

  breakyes=1.4,  maxresidual < 1.00e-06
23 entries survived 

19 th thresholding

  breakyes=1.4,  maxresidual < 1.00e-06
26 entries survived 

20 th thresholding

  breakyes=1.4,  maxresidual < 1.00e-06
29 entries survived 

21 th thresholding

  breakyes=1.4,  maxresidual < 1.00e-06
30 entries survived 

22 th thresholding

  breakyes=1.4,  maxresidual < 1.00e-06
21 entries survived 

23 th thresholding

  breakyes=1.0,  maxresidual < 1.00e-06
22 entries survived 

24 th thresholding

  breakyes=1.4,  maxresidual < 1.00e-06
23 entries survived 

25 th thresholding

  breakyes=1.4,  maxresidual < 1.00e-06
33 entries survived 

26 th thresholding

  breakyes=1.4,  maxresidual < 1.00e-06
27 entries survived 

27 th thresholding

  breakyes=1.4,  maxresidual < 1.00e-06
28 entries survived 

28 th thresholding

  breakyes=1.4,  maxresidual < 1.00e-06
29 entries survived 

29 th thresholding

  breakyes=1.4,  maxresidual < 1.00e-06
31 entries survived 

30 th thresholding

  breakyes=3.2,  dualfeasorg deteriorated too much: primfeasorg=2.10e-06,dualfeasorg=2.87e-05
27 entries survived 

acc_vec =

    0.5180
    0.5300
    0.5180
    0.5360
    0.5140
    0.5140
    0.5600
    0.5380
    0.5080
    0.5180
    0.5120
    0.5260
    0.5240
    0.5300
    0.5440
    0.5140
    0.5180
    0.5220
    0.5460
    0.5540
    0.6000
    0.5160
    0.5020
    0.5260
    0.5120
    0.5100
    0.5220
    0.5220
    0.5580
    0.5400
    0.5620

acc =0.518000  0.530000  0.518000  0.536000  0.514000  0.514000  0.560000  0.538000  0.508000  0.518000  0.512000  0.526000  0.524000  0.530000  0.544000  0.514000  0.518000  0.522000  0.546000  0.554000  0.600000  0.516000  0.502000  0.526000  0.512000  0.510000  0.522000  0.522000  0.558000  0.540000  0.562000 

discov_true_vec =

     0
     0
     1
     0
     0
     1
     4
     2
     1
     0
     0
     0
     0
     1
     1
     1
     1
     0
     1
     3
     5
     0
     0
     0
     0
     0
     0
     2
     4
     1


discov_false_vec =

    31
    36
    28
    28
    30
    24
    22
    22
    27
    32
    27
    26
    23
    28
    24
    26
    22
    23
    25
    26
    25
    21
    22
    23
    33
    27
    28
    27
    27
    26


data =

  31x16 table

    rep    iter    sep    dim    rho     sparsity     acc     obj_prim    obj_dual    discov_true    discov_false    diff_x_tilde    diff_omega_diag    time_isee    time_SDP          jobdate       
    ___    ____    ___    ___    ____    ________    _____    ________    ________    ___________    ____________    ____________    _______________    _________    ________    ____________________

    80       0      3     300    0.45       10       0.518          0           0          0               0                 0                0               0            0     22-Mar-2024 15:10:38
    80       1      3     300    0.45       10        0.53    -5.9445     -5.9445          0              31            143.98           5.3237          8.5259       27.086     22-Mar-2024 15:10:38
    80       2      3     300    0.45       10       0.518    -5.6706     -5.6706          0              36            158.87           6.3592          8.8797       23.992     22-Mar-2024 15:10:38
    80       3      3     300    0.45       10       0.536    -4.9061      -4.906          1              28            142.93           5.4304          8.1069       43.911     22-Mar-2024 15:10:38
    80       4      3     300    0.45       10       0.514     -5.976      -5.976          0              28            139.98           5.1191          8.0937       43.639     22-Mar-2024 15:10:38
    80       5      3     300    0.45       10       0.514    -5.1888     -5.1887          0              30            148.24           5.7392          8.8227       28.245     22-Mar-2024 15:10:38
    80       6      3     300    0.45       10        0.56    -5.0096     -5.0096          1              24            145.86           5.5599          9.1086       43.786     22-Mar-2024 15:10:38
    80       7      3     300    0.45       10       0.538    -5.4328     -5.4328          4              22            144.73           5.5267          9.1652       23.674     22-Mar-2024 15:10:38
    80       8      3     300    0.45       10       0.508    -4.9265     -4.9264          2              22            146.43           5.5285          8.1976       25.606     22-Mar-2024 15:10:38
    80       9      3     300    0.45       10       0.518    -5.2979     -5.2978          1              27            143.02           5.4742          8.0709         31.3     22-Mar-2024 15:10:38
    80      10      3     300    0.45       10       0.512    -5.2918     -5.2917          0              32            144.61           5.4839          8.4322       51.042     22-Mar-2024 15:10:38
    80      11      3     300    0.45       10       0.526    -4.9997     -4.9997          0              27            146.28           5.5512          8.4686       46.817     22-Mar-2024 15:10:38
    80      12      3     300    0.45       10       0.524    -4.5002     -4.5002          0              26            145.17           5.4909          8.4495       20.534     22-Mar-2024 15:10:38
    80      13      3     300    0.45       10        0.53    -4.2599     -4.2599          0              23            141.95            5.343          8.4104       71.345     22-Mar-2024 15:10:38
    80      14      3     300    0.45       10       0.544    -4.9241     -4.9241          1              28            146.08           5.7442          8.5879       25.047     22-Mar-2024 15:10:38
    80      15      3     300    0.45       10       0.514    -4.8472     -4.8472          1              24            146.89           5.7726          8.7663       38.952     22-Mar-2024 15:10:38
    80      16      3     300    0.45       10       0.518    -4.9147     -4.9147          1              26            142.05           5.3232          9.2568       85.074     22-Mar-2024 15:10:38
    80      17      3     300    0.45       10       0.522     -5.137      -5.137          1              22            147.58           5.6257          8.1687       28.567     22-Mar-2024 15:10:38
    80      18      3     300    0.45       10       0.546    -4.9052     -4.9052          0              23            143.67           5.3385          8.2685       46.098     22-Mar-2024 15:10:38
    80      19      3     300    0.45       10       0.554     -4.971      -4.971          1              25            147.56           5.6071          8.0292        54.42     22-Mar-2024 15:10:38
    80      20      3     300    0.45       10         0.6    -5.6508     -5.6508          3              26            150.17           5.7547          9.3941       22.449     22-Mar-2024 15:10:38
    80      21      3     300    0.45       10       0.516     -5.251      -5.251          5              25            145.84           5.6114            8.01       26.931     22-Mar-2024 15:10:38
    80      22      3     300    0.45       10       0.502    -4.9229     -4.9228          0              21            147.98           5.7849           8.162       53.435     22-Mar-2024 15:10:38
    80      23      3     300    0.45       10       0.526    -4.7572     -4.7572          0              22             148.7           5.7704            8.24       27.779     22-Mar-2024 15:10:38
    80      24      3     300    0.45       10       0.512    -5.1339     -5.1339          0              23            151.37           6.0327          8.0539       26.731     22-Mar-2024 15:10:38
    80      25      3     300    0.45       10        0.51    -5.5819     -5.5819          0              33            147.04           5.7029          9.5139       26.369     22-Mar-2024 15:10:38
    80      26      3     300    0.45       10       0.522    -4.9274     -4.9274          0              27            149.94           5.8212          8.1231        23.67     22-Mar-2024 15:10:38
    80      27      3     300    0.45       10       0.522    -5.1701     -5.1701          0              28            144.16           5.4663          8.6487       41.891     22-Mar-2024 15:10:38
    80      28      3     300    0.45       10       0.558    -5.4786     -5.4786          2              27            142.66           5.4043          8.2167       23.397     22-Mar-2024 15:10:38
    80      29      3     300    0.45       10        0.54    -5.3831     -5.3831          4              27             147.2           5.7256           8.209       46.892     22-Mar-2024 15:10:38
    80      30      3     300    0.45       10       0.562    -4.8946     -4.8946          1              26             145.3           5.5604          7.9639       19.118     22-Mar-2024 15:10:38

