==========================================
SLURM_JOB_ID = 20378690
SLURM_JOB_NODELIST = d11-23
TMPDIR = /tmp/SLURM_20378690
==========================================
hello
Starting parallel pool (parpool) ...
Connected to the parallel pool (number of workers: 15).

pool = 

 ProcessPool with properties: 

            Connected: true
           NumWorkers: 15
                 Busy: false
              Cluster: Local
        AttachedFiles: {}
    AutoAddClientPath: true
            FileStore: [1x1 parallel.FileStore]
           ValueStore: [1x1 parallel.ValueStore]
          IdleTimeout: 30 minutes (30 minutes remaining)
          SpmdEnabled: true


p =

   250


Delta =

     3


s =

    10


n =

   500


ii =

    22


table_name =

    'sparse_kmeans_isee_denoise'


conn = 

  sqlite with properties:

      Database: '/home1/jongminm/sparse_kmeans/sparse_kmeans.db'
    IsReadOnly: 0
    AutoCommit: 'on'


rho =

    0.0500


M =

    0.4951

delta confirmed: 3.000000
ans =

    2.8754


rep =

    85

replication: (85)th 

thres=0.261968
1 th thresholding

  breakyes=3.2,  dualfeasorg deteriorated too much: primfeasorg=1.09e-06,dualfeasorg=7.47e-05
18 entries survived 

2 th thresholding

  breakyes=4.1,  primfeasorg stagnate, 0.00e+00
12 entries survived 

3 th thresholding

  breakyes=3.2,  dualfeasorg deteriorated too much: primfeasorg=1.71e-06,dualfeasorg=2.78e-05
12 entries survived 

4 th thresholding

  breakyes=1.3,  maxresidual < 1.00e-06
13 entries survived 

5 th thresholding

  breakyes=3.2,  dualfeasorg deteriorated too much: primfeasorg=2.17e-06,dualfeasorg=3.53e-05
13 entries survived 

6 th thresholding

  breakyes = 1.0,  maxresidual < 1.00e-04  breakyes=1.4,  maxresidual < 1.00e-06
13 entries survived 

7 th thresholding

  breakyes=3.2,  dualfeasorg deteriorated too much: primfeasorg=6.90e-07,dualfeasorg=2.98e-05
15 entries survived 

8 th thresholding

  breakyes = 1.0,  maxresidual < 1.00e-04  breakyes=1.4,  maxresidual < 1.00e-06
13 entries survived 

9 th thresholding

  breakyes=1.0,  maxresidual < 1.00e-06
12 entries survived 

10 th thresholding

  breakyes=3.2,  dualfeasorg deteriorated too much: primfeasorg=2.82e-06,dualfeasorg=4.91e-05
14 entries survived 

11 th thresholding

  breakyes=1.4,  maxresidual < 1.00e-06
12 entries survived 

12 th thresholding

  breakyes = 1.0,  maxresidual < 1.00e-04  breakyes=3.2,  dualfeasorg deteriorated too much: primfeasorg=9.03e-07,dualfeasorg=2.61e-05
12 entries survived 

13 th thresholding

  breakyes = 1.0,  maxresidual < 1.00e-04  breakyes=3.2,  dualfeasorg deteriorated too much: primfeasorg=1.11e-06,dualfeasorg=2.18e-05
11 entries survived 

14 th thresholding

  breakyes=1.4,  maxresidual < 1.00e-06
11 entries survived 

15 th thresholding

  breakyes=3.2,  dualfeasorg deteriorated too much: primfeasorg=1.17e-06,dualfeasorg=4.08e-05
11 entries survived 

16 th thresholding

  breakyes=1.4,  maxresidual < 1.00e-06
12 entries survived 

17 th thresholding

  breakyes=1.4,  maxresidual < 1.00e-06
13 entries survived 

18 th thresholding

  breakyes=1.4,  maxresidual < 1.00e-06
13 entries survived 

19 th thresholding

  breakyes=1.4,  maxresidual < 1.00e-06
13 entries survived 

20 th thresholding

  breakyes=3.2,  dualfeasorg deteriorated too much: primfeasorg=1.01e-06,dualfeasorg=3.38e-05
13 entries survived 

21 th thresholding

  breakyes=3.2,  dualfeasorg deteriorated too much: primfeasorg=3.92e-06,dualfeasorg=9.51e-05
15 entries survived 

22 th thresholding

  breakyes = 1.0,  maxresidual < 1.00e-04  breakyes=1.4,  maxresidual < 1.00e-06
15 entries survived 

23 th thresholding

  breakyes=3.2,  dualfeasorg deteriorated too much: primfeasorg=2.95e-06,dualfeasorg=5.17e-05
16 entries survived 

24 th thresholding

  breakyes = 1.0,  maxresidual < 1.00e-04  breakyes=3.2,  dualfeasorg deteriorated too much: primfeasorg=2.25e-06,dualfeasorg=3.09e-05
15 entries survived 

25 th thresholding

  breakyes=3.2,  dualfeasorg deteriorated too much: primfeasorg=1.12e-06,dualfeasorg=2.17e-05
15 entries survived 

26 th thresholding

  breakyes=1.4,  maxresidual < 1.00e-06
16 entries survived 

27 th thresholding

  breakyes = 1.0,  maxresidual < 1.00e-04  breakyes=1.4,  maxresidual < 1.00e-06
15 entries survived 

28 th thresholding

  breakyes = 1.0,  maxresidual < 1.00e-04  breakyes=3.2,  dualfeasorg deteriorated too much: primfeasorg=7.19e-07,dualfeasorg=3.01e-05
16 entries survived 

29 th thresholding

  breakyes=3.2,  dualfeasorg deteriorated too much: primfeasorg=9.21e-07,dualfeasorg=3.01e-05
15 entries survived 

30 th thresholding

  breakyes=3.2,  dualfeasorg deteriorated too much: primfeasorg=1.46e-06,dualfeasorg=4.72e-05
17 entries survived 

acc_vec =

    0.8900
    0.9140
    0.9300
    0.9280
    0.9300
    0.9280
    0.9240
    0.9280
    0.9280
    0.9340
    0.9340
    0.9360
    0.9380
    0.9320
    0.9400
    0.9280
    0.9340
    0.9260
    0.9340
    0.9220
    0.9320
    0.9260
    0.9260
    0.9340
    0.9300
    0.9300
    0.9320
    0.9240
    0.9280
    0.9180
    0.9240

acc =0.890000  0.914000  0.930000  0.928000  0.930000  0.928000  0.924000  0.928000  0.928000  0.934000  0.934000  0.936000  0.938000  0.932000  0.940000  0.928000  0.934000  0.926000  0.934000  0.922000  0.932000  0.926000  0.926000  0.934000  0.930000  0.930000  0.932000  0.924000  0.928000  0.918000  0.924000 

discov_true_vec =

    10
    10
    10
    10
    10
    10
    10
    10
    10
    10
    10
    10
    10
    10
    10
    10
    10
    10
    10
    10
    10
    10
    10
    10
    10
    10
    10
    10
    10
    10


discov_false_vec =

     8
     2
     2
     3
     3
     3
     5
     3
     2
     4
     2
     2
     1
     1
     1
     2
     3
     3
     3
     3
     5
     5
     6
     5
     5
     6
     5
     6
     5
     7


data =

  31x16 table

    rep    iter    sep    dim    rho     sparsity     acc     obj_prim    obj_dual    discov_true    discov_false    diff_x_tilde    diff_omega_diag    time_isee    time_SDP          jobdate       
    ___    ____    ___    ___    ____    ________    _____    ________    ________    ___________    ____________    ____________    _______________    _________    ________    ____________________

    85       0      3     250    0.05       10        0.89          0           0          0              0                  0                0               0            0     21-Mar-2024 18:35:41
    85       1      3     250    0.05       10       0.914    -2.8104     -2.8104         10              8             55.044           1.7756           26.33       144.46     21-Mar-2024 18:35:41
    85       2      3     250    0.05       10        0.93    -2.4624     -2.4624         10              2             55.093           1.7733           23.46       138.53     21-Mar-2024 18:35:41
    85       3      3     250    0.05       10       0.928    -2.5418     -2.5418         10              2             54.208           1.7514          21.002       188.16     21-Mar-2024 18:35:41
    85       4      3     250    0.05       10        0.93     -2.443      -2.443         10              3             54.962           1.7851          20.895        67.57     21-Mar-2024 18:35:41
    85       5      3     250    0.05       10       0.928    -2.5125     -2.5125         10              3             55.182           1.8039          20.936       157.75     21-Mar-2024 18:35:41
    85       6      3     250    0.05       10       0.924    -2.5043     -2.5043         10              3             53.858           1.7326          14.997       54.118     21-Mar-2024 18:35:41
    85       7      3     250    0.05       10       0.928    -2.4268     -2.4268         10              5             53.079           1.6945          14.173       150.08     21-Mar-2024 18:35:41
    85       8      3     250    0.05       10       0.928    -2.4676     -2.4676         10              3             53.103           1.7062          14.502       109.16     21-Mar-2024 18:35:41
    85       9      3     250    0.05       10       0.934    -2.4137     -2.4137         10              2             52.461           1.6823          14.194       79.715     21-Mar-2024 18:35:41
    85      10      3     250    0.05       10       0.934    -2.4643     -2.4643         10              4             55.531           1.8094          21.009       123.14     21-Mar-2024 18:35:41
    85      11      3     250    0.05       10       0.936    -2.4093     -2.4093         10              2             53.306           1.7359          21.786       50.857     21-Mar-2024 18:35:41
    85      12      3     250    0.05       10       0.938    -2.4361      -2.436         10              2             53.946           1.7478           14.49       112.07     21-Mar-2024 18:35:41
    85      13      3     250    0.05       10       0.932    -2.4108     -2.4108         10              1              53.48            1.729          20.957       138.04     21-Mar-2024 18:35:41
    85      14      3     250    0.05       10        0.94    -2.3823     -2.3823         10              1             53.787            1.722          14.368       117.95     21-Mar-2024 18:35:41
    85      15      3     250    0.05       10       0.928    -2.4423     -2.4423         10              1             54.438            1.778          20.398       49.054     21-Mar-2024 18:35:41
    85      16      3     250    0.05       10       0.934    -2.4454     -2.4454         10              2             53.158            1.726          14.457       71.727     21-Mar-2024 18:35:41
    85      17      3     250    0.05       10       0.926     -2.494      -2.494         10              3             54.783           1.8072          20.412       104.22     21-Mar-2024 18:35:41
    85      18      3     250    0.05       10       0.934    -2.5506     -2.5505         10              3             55.116           1.7979          20.925       105.93     21-Mar-2024 18:35:41
    85      19      3     250    0.05       10       0.922    -2.7321     -2.7321         10              3             55.819           1.8107          20.496       66.072     21-Mar-2024 18:35:41
    85      20      3     250    0.05       10       0.932     -2.511      -2.511         10              3             55.055           1.8005          20.535        95.82     21-Mar-2024 18:35:41
    85      21      3     250    0.05       10       0.926    -2.6495     -2.6495         10              5             53.645           1.7223          20.555        117.6     21-Mar-2024 18:35:41
    85      22      3     250    0.05       10       0.926    -2.6253     -2.6253         10              5             55.983           1.8245          20.311       133.29     21-Mar-2024 18:35:41
    85      23      3     250    0.05       10       0.934    -2.6004     -2.6004         10              6             54.666           1.7851          20.561       41.317     21-Mar-2024 18:35:41
    85      24      3     250    0.05       10        0.93    -2.6319     -2.6319         10              5             54.057           1.7276          20.423       168.18     21-Mar-2024 18:35:41
    85      25      3     250    0.05       10        0.93    -2.5823     -2.5823         10              5             54.184           1.7407          20.324       177.58     21-Mar-2024 18:35:41
    85      26      3     250    0.05       10       0.932    -2.5679     -2.5678         10              6              53.05           1.6713          21.954       239.07     21-Mar-2024 18:35:41
    85      27      3     250    0.05       10       0.924    -2.5805     -2.5805         10              5             54.848           1.7806          20.471        187.2     21-Mar-2024 18:35:41
    85      28      3     250    0.05       10       0.928    -2.5765     -2.5765         10              6              53.41           1.7103          20.329       131.84     21-Mar-2024 18:35:41
    85      29      3     250    0.05       10       0.918     -2.684      -2.684         10              5             54.908           1.8189          22.717       114.05     21-Mar-2024 18:35:41
    85      30      3     250    0.05       10       0.924     -2.787      -2.787         10              7             55.105             1.79           20.97       96.014     21-Mar-2024 18:35:41


rep =

    86

replication: (86)th 

thres=0.261968
1 th thresholding

  breakyes=3.2,  dualfeasorg deteriorated too much: primfeasorg=9.29e-07,dualfeasorg=3.49e-05
14 entries survived 

2 th thresholding

  breakyes=3.2,  dualfeasorg deteriorated too much: primfeasorg=7.52e-07,dualfeasorg=3.94e-05
13 entries survived 

3 th thresholding

  breakyes=3.2,  dualfeasorg deteriorated too much: primfeasorg=1.38e-06,dualfeasorg=7.58e-05
13 entries survived 

4 th thresholding

  breakyes=4.1,  primfeasorg stagnate, 8.87e-05
13 entries survived 

5 th thresholding

  breakyes=3.2,  dualfeasorg deteriorated too much: primfeasorg=8.68e-07,dualfeasorg=4.16e-05
12 entries survived 

6 th thresholding

  breakyes=4.1,  primfeasorg stagnate, 0.00e+00
13 entries survived 

7 th thresholding

  breakyes=4.2,  dualfeasorg stagnate, 8.45e-05
13 entries survived 

8 th thresholding

  breakyes=3.2,  dualfeasorg deteriorated too much: primfeasorg=5.72e-07,dualfeasorg=3.20e-05
14 entries survived 

9 th thresholding

  breakyes=4.1,  primfeasorg stagnate, 0.00e+00
13 entries survived 

10 th thresholding

  breakyes=3.2,  dualfeasorg deteriorated too much: primfeasorg=1.29e-06,dualfeasorg=4.54e-05
13 entries survived 

11 th thresholding

  breakyes=4.2,  dualfeasorg stagnate, 8.45e-05
13 entries survived 

12 th thresholding

  breakyes=3.2,  dualfeasorg deteriorated too much: primfeasorg=5.72e-07,dualfeasorg=3.20e-05
14 entries survived 

13 th thresholding

  breakyes=4.1,  primfeasorg stagnate, 0.00e+00
13 entries survived 

14 th thresholding

  breakyes=3.2,  dualfeasorg deteriorated too much: primfeasorg=1.29e-06,dualfeasorg=4.54e-05
13 entries survived 

15 th thresholding

  breakyes=4.2,  dualfeasorg stagnate, 8.45e-05
13 entries survived 

16 th thresholding

  breakyes=3.2,  dualfeasorg deteriorated too much: primfeasorg=5.72e-07,dualfeasorg=3.20e-05
14 entries survived 

17 th thresholding

  breakyes=4.1,  primfeasorg stagnate, 0.00e+00
13 entries survived 

18 th thresholding

  breakyes=3.2,  dualfeasorg deteriorated too much: primfeasorg=1.29e-06,dualfeasorg=4.54e-05
13 entries survived 

19 th thresholding

  breakyes=4.2,  dualfeasorg stagnate, 8.45e-05
13 entries survived 

20 th thresholding

  breakyes=3.2,  dualfeasorg deteriorated too much: primfeasorg=5.72e-07,dualfeasorg=3.20e-05
14 entries survived 

21 th thresholding

  breakyes=4.1,  primfeasorg stagnate, 0.00e+00
13 entries survived 

22 th thresholding

  breakyes=3.2,  dualfeasorg deteriorated too much: primfeasorg=1.29e-06,dualfeasorg=4.54e-05
13 entries survived 

23 th thresholding

  breakyes=4.2,  dualfeasorg stagnate, 8.45e-05
13 entries survived 

24 th thresholding

  breakyes=3.2,  dualfeasorg deteriorated too much: primfeasorg=5.72e-07,dualfeasorg=3.20e-05
14 entries survived 

25 th thresholding

  breakyes=4.1,  primfeasorg stagnate, 0.00e+00
13 entries survived 

26 th thresholding

  breakyes=3.2,  dualfeasorg deteriorated too much: primfeasorg=1.29e-06,dualfeasorg=4.54e-05
13 entries survived 

27 th thresholding

  breakyes=4.2,  dualfeasorg stagnate, 8.45e-05
13 entries survived 

28 th thresholding

  breakyes=3.2,  dualfeasorg deteriorated too much: primfeasorg=5.72e-07,dualfeasorg=3.20e-05
14 entries survived 

29 th thresholding

  breakyes=4.1,  primfeasorg stagnate, 0.00e+00
13 entries survived 

30 th thresholding

  breakyes=3.2,  dualfeasorg deteriorated too much: primfeasorg=1.29e-06,dualfeasorg=4.54e-05
13 entries survived 

acc_vec =

    0.8980
    0.9160
    0.9220
    0.9260
    0.9200
    0.9220
    0.9240
    0.9260
    0.9220
    0.9200
    0.9240
    0.9260
    0.9220
    0.9200
    0.9240
    0.9260
    0.9220
    0.9200
    0.9240
    0.9260
    0.9220
    0.9200
    0.9240
    0.9260
    0.9220
    0.9200
    0.9240
    0.9260
    0.9220
    0.9200
    0.9240

acc =0.898000  0.916000  0.922000  0.926000  0.920000  0.922000  0.924000  0.926000  0.922000  0.920000  0.924000  0.926000  0.922000  0.920000  0.924000  0.926000  0.922000  0.920000  0.924000  0.926000  0.922000  0.920000  0.924000  0.926000  0.922000  0.920000  0.924000  0.926000  0.922000  0.920000  0.924000 

discov_true_vec =

    10
    10
    10
    10
    10
    10
    10
    10
    10
    10
    10
    10
    10
    10
    10
    10
    10
    10
    10
    10
    10
    10
    10
    10
    10
    10
    10
    10
    10
    10


discov_false_vec =

     4
     3
     3
     3
     2
     3
     3
     4
     3
     3
     3
     4
     3
     3
     3
     4
     3
     3
     3
     4
     3
     3
     3
     4
     3
     3
     3
     4
     3
     3


data =

  31x16 table

    rep    iter    sep    dim    rho     sparsity     acc     obj_prim    obj_dual    discov_true    discov_false    diff_x_tilde    diff_omega_diag    time_isee    time_SDP          jobdate       
    ___    ____    ___    ___    ____    ________    _____    ________    ________    ___________    ____________    ____________    _______________    _________    ________    ____________________

    86       0      3     250    0.05       10       0.898          0           0          0              0                  0                0               0            0     21-Mar-2024 19:57:25
    86       1      3     250    0.05       10       0.916     -3.038      -3.038         10              4             52.973           1.7173          21.572       104.13     21-Mar-2024 19:57:25
    86       2      3     250    0.05       10       0.922    -2.7271     -2.7271         10              3             53.147           1.6977          20.522       152.77     21-Mar-2024 19:57:25
    86       3      3     250    0.05       10       0.926    -2.7992     -2.7992         10              3             53.034           1.7204          20.351       224.78     21-Mar-2024 19:57:25
    86       4      3     250    0.05       10        0.92    -2.7159     -2.7159         10              3             53.566           1.7453          21.008       161.84     21-Mar-2024 19:57:25
    86       5      3     250    0.05       10       0.922    -2.7232     -2.7232         10              2             51.754           1.6029          20.386       125.24     21-Mar-2024 19:57:25
    86       6      3     250    0.05       10       0.924     -2.759      -2.759         10              3             53.914           1.7396          20.197       137.69     21-Mar-2024 19:57:25
    86       7      3     250    0.05       10       0.926    -2.7826     -2.7826         10              3              53.55           1.7167          14.356       178.31     21-Mar-2024 19:57:25
    86       8      3     250    0.05       10       0.922    -2.8511     -2.8511         10              4             54.732           1.8163          20.422       152.74     21-Mar-2024 19:57:25
    86       9      3     250    0.05       10        0.92    -2.6409     -2.6409         10              3             53.689           1.7777          20.264       126.73     21-Mar-2024 19:57:25
    86      10      3     250    0.05       10       0.924    -2.7405     -2.7404         10              3             53.138              1.7          20.281       100.93     21-Mar-2024 19:57:25
    86      11      3     250    0.05       10       0.926    -2.7826     -2.7826         10              3              53.55           1.7167          14.111       157.23     21-Mar-2024 19:57:25
    86      12      3     250    0.05       10       0.922    -2.8511     -2.8511         10              4             54.732           1.8163          20.495       151.79     21-Mar-2024 19:57:25
    86      13      3     250    0.05       10        0.92    -2.6409     -2.6409         10              3             53.689           1.7777          20.357       136.16     21-Mar-2024 19:57:25
    86      14      3     250    0.05       10       0.924    -2.7405     -2.7404         10              3             53.138              1.7           20.39       114.58     21-Mar-2024 19:57:25
    86      15      3     250    0.05       10       0.926    -2.7826     -2.7826         10              3              53.55           1.7167          13.827       182.32     21-Mar-2024 19:57:25
    86      16      3     250    0.05       10       0.922    -2.8511     -2.8511         10              4             54.732           1.8163          20.436       170.89     21-Mar-2024 19:57:25
    86      17      3     250    0.05       10        0.92    -2.6409     -2.6409         10              3             53.689           1.7777          20.553       138.11     21-Mar-2024 19:57:25
    86      18      3     250    0.05       10       0.924    -2.7405     -2.7404         10              3             53.138              1.7          20.402        112.5     21-Mar-2024 19:57:25
    86      19      3     250    0.05       10       0.926    -2.7826     -2.7826         10              3              53.55           1.7167          13.966       176.34     21-Mar-2024 19:57:25
    86      20      3     250    0.05       10       0.922    -2.8511     -2.8511         10              4             54.732           1.8163          20.229       167.64     21-Mar-2024 19:57:25
    86      21      3     250    0.05       10        0.92    -2.6409     -2.6409         10              3             53.689           1.7777          20.238       130.71     21-Mar-2024 19:57:25
    86      22      3     250    0.05       10       0.924    -2.7405     -2.7404         10              3             53.138              1.7          20.142       102.29     21-Mar-2024 19:57:25
    86      23      3     250    0.05       10       0.926    -2.7826     -2.7826         10              3              53.55           1.7167          13.644       162.19     21-Mar-2024 19:57:25
    86      24      3     250    0.05       10       0.922    -2.8511     -2.8511         10              4             54.732           1.8163          20.039       161.03     21-Mar-2024 19:57:25
    86      25      3     250    0.05       10        0.92    -2.6409     -2.6409         10              3             53.689           1.7777          20.075       131.33     21-Mar-2024 19:57:25
    86      26      3     250    0.05       10       0.924    -2.7405     -2.7404         10              3             53.138              1.7          20.955       102.25     21-Mar-2024 19:57:25
    86      27      3     250    0.05       10       0.926    -2.7826     -2.7826         10              3              53.55           1.7167          13.992        163.7     21-Mar-2024 19:57:25
    86      28      3     250    0.05       10       0.922    -2.8511     -2.8511         10              4             54.732           1.8163          20.235       160.32     21-Mar-2024 19:57:25
    86      29      3     250    0.05       10        0.92    -2.6409     -2.6409         10              3             53.689           1.7777          20.043       132.96     21-Mar-2024 19:57:25
    86      30      3     250    0.05       10       0.924    -2.7405     -2.7404         10              3             53.138              1.7          19.992       110.07     21-Mar-2024 19:57:25


rep =

    87

replication: (87)th 

thres=0.261968
1 th thresholding

  breakyes=1.4,  maxresidual < 1.00e-06
17 entries survived 

2 th thresholding

  breakyes=1.0,  maxresidual < 1.00e-06
11 entries survived 

3 th thresholding

  breakyes=1.0,  maxresidual < 1.00e-06
12 entries survived 

4 th thresholding

  breakyes=1.4,  maxresidual < 1.00e-06
12 entries survived 

5 th thresholding

  breakyes=3.2,  dualfeasorg deteriorated too much: primfeasorg=1.48e-06,dualfeasorg=4.49e-05
12 entries survived 

6 th thresholding

  breakyes = 1.0,  maxresidual < 1.00e-04  breakyes=1.0,  maxresidual < 1.00e-06
12 entries survived 

7 th thresholding

  breakyes=1.0,  maxresidual < 1.00e-06
12 entries survived 

8 th thresholding

  breakyes=1.0,  maxresidual < 1.00e-06
11 entries survived 

9 th thresholding

  breakyes = 1.0,  maxresidual < 1.00e-04  breakyes=1.0,  maxresidual < 1.00e-06
11 entries survived 

10 th thresholding

  breakyes = 1.0,  maxresidual < 1.00e-04  breakyes=1.0,  maxresidual < 1.00e-06
12 entries survived 

11 th thresholding

  breakyes=1.0,  maxresidual < 1.00e-06
12 entries survived 

12 th thresholding

  breakyes = 1.0,  maxresidual < 1.00e-04  breakyes=1.0,  maxresidual < 1.00e-06
12 entries survived 

13 th thresholding

  breakyes=1.0,  maxresidual < 1.00e-06
11 entries survived 

14 th thresholding

  breakyes=1.0,  maxresidual < 1.00e-06
11 entries survived 

15 th thresholding

  breakyes=1.0,  maxresidual < 1.00e-06
12 entries survived 

16 th thresholding

  breakyes=1.0,  maxresidual < 1.00e-06
12 entries survived 

17 th thresholding

  breakyes=1.0,  maxresidual < 1.00e-06
12 entries survived 

18 th thresholding

  breakyes=1.0,  maxresidual < 1.00e-06
12 entries survived 

19 th thresholding

  breakyes=1.0,  maxresidual < 1.00e-06
12 entries survived 

20 th thresholding

  breakyes=1.0,  maxresidual < 1.00e-06
12 entries survived 

21 th thresholding

  breakyes = 1.0,  maxresidual < 1.00e-04  breakyes=1.0,  maxresidual < 1.00e-06
12 entries survived 

22 th thresholding

  breakyes=1.0,  maxresidual < 1.00e-06
12 entries survived 

23 th thresholding

  breakyes=1.0,  maxresidual < 1.00e-06
13 entries survived 

24 th thresholding

  breakyes=1.3,  maxresidual < 1.00e-06
13 entries survived 

25 th thresholding

  breakyes = 1.0,  maxresidual < 1.00e-04  breakyes=1.0,  maxresidual < 1.00e-06
11 entries survived 

26 th thresholding

  breakyes = 1.0,  maxresidual < 1.00e-04  breakyes=1.4,  maxresidual < 1.00e-06
12 entries survived 

27 th thresholding

  breakyes=1.0,  maxresidual < 1.00e-06
11 entries survived 

28 th thresholding

  breakyes = 1.0,  maxresidual < 1.00e-04  breakyes=1.0,  maxresidual < 1.00e-06
12 entries survived 

29 th thresholding

  breakyes = 1.0,  maxresidual < 1.00e-04  breakyes=1.0,  maxresidual < 1.00e-06
11 entries survived 

30 th thresholding

  breakyes=1.0,  maxresidual < 1.00e-06
12 entries survived 

acc_vec =

    0.8780
    0.9100
    0.9180
    0.9220
    0.9100
    0.9220
    0.9200
    0.9200
    0.9120
    0.9160
    0.9160
    0.9200
    0.9140
    0.9200
    0.9160
    0.9180
    0.9200
    0.9180
    0.9200
    0.9140
    0.9220
    0.9160
    0.9180
    0.9180
    0.9200
    0.9180
    0.9140
    0.9200
    0.9160
    0.9280
    0.9200

acc =0.878000  0.910000  0.918000  0.922000  0.910000  0.922000  0.920000  0.920000  0.912000  0.916000  0.916000  0.920000  0.914000  0.920000  0.916000  0.918000  0.920000  0.918000  0.920000  0.914000  0.922000  0.916000  0.918000  0.918000  0.920000  0.918000  0.914000  0.920000  0.916000  0.928000  0.920000 

discov_true_vec =

    10
    10
    10
    10
    10
    10
    10
    10
    10
    10
    10
    10
    10
    10
    10
    10
    10
    10
    10
    10
    10
    10
    10
    10
    10
    10
    10
    10
    10
    10


discov_false_vec =

     7
     1
     2
     2
     2
     2
     2
     1
     1
     2
     2
     2
     1
     1
     2
     2
     2
     2
     2
     2
     2
     2
     3
     3
     1
     2
     1
     2
     1
     2


data =

  31x16 table

    rep    iter    sep    dim    rho     sparsity     acc     obj_prim    obj_dual    discov_true    discov_false    diff_x_tilde    diff_omega_diag    time_isee    time_SDP          jobdate       
    ___    ____    ___    ___    ____    ________    _____    ________    ________    ___________    ____________    ____________    _______________    _________    ________    ____________________

    87       0      3     250    0.05       10       0.878          0           0          0              0                  0                0               0            0     21-Mar-2024 20:23:42
    87       1      3     250    0.05       10        0.91    -2.9348     -2.9348         10              7             53.586           1.8435          20.237       59.954     21-Mar-2024 20:23:42
    87       2      3     250    0.05       10       0.918    -2.6596     -2.6596         10              1             52.779           1.7516          19.477       27.175     21-Mar-2024 20:23:42
    87       3      3     250    0.05       10       0.922    -2.6573     -2.6573         10              2             54.102           1.8223          19.763       32.994     21-Mar-2024 20:23:42
    87       4      3     250    0.05       10        0.91    -2.6081     -2.6081         10              2             52.323           1.7349          19.742       49.302     21-Mar-2024 20:23:42
    87       5      3     250    0.05       10       0.922    -2.7916     -2.7916         10              2             53.995           1.8091          19.135       49.253     21-Mar-2024 20:23:42
    87       6      3     250    0.05       10        0.92    -2.7546     -2.7546         10              2             52.091           1.7084          19.899       26.519     21-Mar-2024 20:23:42
    87       7      3     250    0.05       10        0.92    -2.5439     -2.5439         10              2             51.989            1.716          19.668       32.202     21-Mar-2024 20:23:42
    87       8      3     250    0.05       10       0.912    -2.6375     -2.6375         10              1             52.907           1.7488          19.355       26.333     21-Mar-2024 20:23:42
    87       9      3     250    0.05       10       0.916    -2.6785     -2.6785         10              1             53.196           1.7448          19.201       23.553     21-Mar-2024 20:23:42
    87      10      3     250    0.05       10       0.916    -2.7363     -2.7363         10              2             53.203           1.7681          19.133       23.838     21-Mar-2024 20:23:42
    87      11      3     250    0.05       10        0.92    -2.8775     -2.8775         10              2             54.123           1.7993          19.362       22.739     21-Mar-2024 20:23:42
    87      12      3     250    0.05       10       0.914    -2.5317     -2.5317         10              2             50.319           1.6294          19.562       31.669     21-Mar-2024 20:23:42
    87      13      3     250    0.05       10        0.92    -2.6673     -2.6673         10              1             52.859           1.7655          19.228         27.7     21-Mar-2024 20:23:42
    87      14      3     250    0.05       10       0.916     -2.596     -2.5959         10              1             53.543           1.7593          19.098       23.861     21-Mar-2024 20:23:42
    87      15      3     250    0.05       10       0.918    -2.7892     -2.7892         10              2             54.811            1.848          19.602       28.357     21-Mar-2024 20:23:42
    87      16      3     250    0.05       10        0.92    -2.6129     -2.6129         10              2             51.694           1.7236          19.417       15.607     21-Mar-2024 20:23:42
    87      17      3     250    0.05       10       0.918     -2.705      -2.705         10              2             53.883           1.8171           19.46       33.492     21-Mar-2024 20:23:42
    87      18      3     250    0.05       10        0.92    -2.7648     -2.7648         10              2             53.528            1.766          19.349       21.782     21-Mar-2024 20:23:42
    87      19      3     250    0.05       10       0.914    -2.7365     -2.7365         10              2             53.385           1.7643           19.43         34.7     21-Mar-2024 20:23:42
    87      20      3     250    0.05       10       0.922    -2.8476     -2.8476         10              2             54.253           1.8187          19.076       22.255     21-Mar-2024 20:23:42
    87      21      3     250    0.05       10       0.916    -2.5638     -2.5638         10              2             51.827           1.7418          19.773       29.047     21-Mar-2024 20:23:42
    87      22      3     250    0.05       10       0.918    -2.6461     -2.6461         10              2             52.457           1.7482          19.116       27.858     21-Mar-2024 20:23:42
    87      23      3     250    0.05       10       0.918    -2.6462     -2.6462         10              3             52.965           1.7828          19.894       26.211     21-Mar-2024 20:23:42
    87      24      3     250    0.05       10        0.92    -2.5825     -2.5824         10              3                 53           1.7566          19.156       105.73     21-Mar-2024 20:23:42
    87      25      3     250    0.05       10       0.918    -2.7791     -2.7791         10              1              53.21           1.7468          20.163       21.295     21-Mar-2024 20:23:42
    87      26      3     250    0.05       10       0.914    -2.5003     -2.5003         10              2             49.284           1.6182          19.544       47.352     21-Mar-2024 20:23:42
    87      27      3     250    0.05       10        0.92     -2.511      -2.511         10              1             51.342           1.6854          18.875       30.118     21-Mar-2024 20:23:42
    87      28      3     250    0.05       10       0.916    -2.6163     -2.6163         10              2             51.412           1.6855          19.613       24.162     21-Mar-2024 20:23:42
    87      29      3     250    0.05       10       0.928    -2.5962     -2.5962         10              1             51.484            1.674          19.849       32.521     21-Mar-2024 20:23:42
    87      30      3     250    0.05       10        0.92    -2.6614     -2.6614         10              2             54.678           1.8383          19.492       33.762     21-Mar-2024 20:23:42


rep =

    88

replication: (88)th 

thres=0.261968
1 th thresholding

  breakyes=1.4,  maxresidual < 1.00e-06
16 entries survived 

2 th thresholding

  breakyes=3.2,  dualfeasorg deteriorated too much: primfeasorg=7.33e-07,dualfeasorg=4.97e-05
13 entries survived 

3 th thresholding

  breakyes=4.1,  primfeasorg stagnate, 2.33e-06
13 entries survived 

4 th thresholding

  breakyes=3.2,  dualfeasorg deteriorated too much: primfeasorg=1.09e-06,dualfeasorg=3.78e-05
13 entries survived 

5 th thresholding

  breakyes=3.2,  dualfeasorg deteriorated too much: primfeasorg=1.13e-06,dualfeasorg=4.24e-05
13 entries survived 

6 th thresholding

  breakyes=3.2,  dualfeasorg deteriorated too much: primfeasorg=9.04e-07,dualfeasorg=4.08e-05
14 entries survived 

7 th thresholding

  breakyes=3.2,  dualfeasorg deteriorated too much: primfeasorg=1.49e-06,dualfeasorg=4.26e-05
13 entries survived 

8 th thresholding

  breakyes=3.2,  dualfeasorg deteriorated too much: primfeasorg=1.17e-06,dualfeasorg=3.25e-05
13 entries survived 

9 th thresholding

  breakyes=3.2,  dualfeasorg deteriorated too much: primfeasorg=5.03e-07,dualfeasorg=3.52e-05
13 entries survived 

10 th thresholding

  breakyes=4.1,  primfeasorg stagnate, 0.00e+00
14 entries survived 

11 th thresholding

  breakyes=3.2,  dualfeasorg deteriorated too much: primfeasorg=2.20e-06,dualfeasorg=2.42e-05
14 entries survived 

12 th thresholding

  breakyes=1.3,  maxresidual < 1.00e-06
13 entries survived 

13 th thresholding

  breakyes=4.1,  primfeasorg stagnate, 0.00e+00
13 entries survived 

14 th thresholding

  breakyes=1.4,  maxresidual < 1.00e-06
13 entries survived 

15 th thresholding

  breakyes=4.1,  primfeasorg stagnate, 0.00e+00
13 entries survived 

16 th thresholding

  breakyes=1.4,  maxresidual < 1.00e-06
13 entries survived 

17 th thresholding

  breakyes=4.1,  primfeasorg stagnate, 0.00e+00
13 entries survived 

18 th thresholding

  breakyes=1.4,  maxresidual < 1.00e-06
13 entries survived 

19 th thresholding

  breakyes=4.1,  primfeasorg stagnate, 0.00e+00
13 entries survived 

20 th thresholding

  breakyes=1.4,  maxresidual < 1.00e-06
13 entries survived 

21 th thresholding

  breakyes=4.1,  primfeasorg stagnate, 0.00e+00
13 entries survived 

22 th thresholding

  breakyes=1.4,  maxresidual < 1.00e-06
13 entries survived 

23 th thresholding

  breakyes=4.1,  primfeasorg stagnate, 0.00e+00
13 entries survived 

24 th thresholding

  breakyes=1.4,  maxresidual < 1.00e-06
13 entries survived 

25 th thresholding

  breakyes=4.1,  primfeasorg stagnate, 0.00e+00
13 entries survived 

26 th thresholding

  breakyes=1.4,  maxresidual < 1.00e-06
13 entries survived 

27 th thresholding

  breakyes=4.1,  primfeasorg stagnate, 0.00e+00
13 entries survived 

28 th thresholding

  breakyes=1.4,  maxresidual < 1.00e-06
13 entries survived 

29 th thresholding

  breakyes=4.1,  primfeasorg stagnate, 0.00e+00
13 entries survived 

30 th thresholding

  breakyes=1.4,  maxresidual < 1.00e-06
13 entries survived 

acc_vec =

    0.9140
    0.9240
    0.9320
    0.9280
    0.9300
    0.9300
    0.9300
    0.9360
    0.9280
    0.9340
    0.9340
    0.9340
    0.9320
    0.9320
    0.9320
    0.9320
    0.9320
    0.9320
    0.9320
    0.9320
    0.9320
    0.9320
    0.9320
    0.9320
    0.9320
    0.9320
    0.9320
    0.9320
    0.9320
    0.9320
    0.9320

acc =0.914000  0.924000  0.932000  0.928000  0.930000  0.930000  0.930000  0.936000  0.928000  0.934000  0.934000  0.934000  0.932000  0.932000  0.932000  0.932000  0.932000  0.932000  0.932000  0.932000  0.932000  0.932000  0.932000  0.932000  0.932000  0.932000  0.932000  0.932000  0.932000  0.932000  0.932000 

discov_true_vec =

    10
    10
    10
    10
    10
    10
    10
    10
    10
    10
    10
    10
    10
    10
    10
    10
    10
    10
    10
    10
    10
    10
    10
    10
    10
    10
    10
    10
    10
    10


discov_false_vec =

     6
     3
     3
     3
     3
     4
     3
     3
     3
     4
     4
     3
     3
     3
     3
     3
     3
     3
     3
     3
     3
     3
     3
     3
     3
     3
     3
     3
     3
     3


data =

  31x16 table

    rep    iter    sep    dim    rho     sparsity     acc     obj_prim    obj_dual    discov_true    discov_false    diff_x_tilde    diff_omega_diag    time_isee    time_SDP          jobdate       
    ___    ____    ___    ___    ____    ________    _____    ________    ________    ___________    ____________    ____________    _______________    _________    ________    ____________________

    88       0      3     250    0.05       10       0.914          0           0          0              0                  0                0               0            0     21-Mar-2024 21:41:32
    88       1      3     250    0.05       10       0.924    -3.1446     -3.1446         10              6             56.405           1.9626          19.746       89.772     21-Mar-2024 21:41:32
    88       2      3     250    0.05       10       0.932    -3.0926     -3.0925         10              3             57.342           1.9618          19.825       121.01     21-Mar-2024 21:41:32
    88       3      3     250    0.05       10       0.928    -3.0211     -3.0211         10              3             55.785           1.9111          19.631       225.33     21-Mar-2024 21:41:32
    88       4      3     250    0.05       10        0.93    -3.0085     -3.0084         10              3             56.405           1.9283          20.074       115.21     21-Mar-2024 21:41:32
    88       5      3     250    0.05       10        0.93    -3.0275     -3.0275         10              3             56.614           1.9236           20.12       115.07     21-Mar-2024 21:41:32
    88       6      3     250    0.05       10        0.93    -3.0498     -3.0498         10              4             55.317           1.8911          21.226       147.12     21-Mar-2024 21:41:32
    88       7      3     250    0.05       10       0.936      -3.01     -3.0099         10              3             56.322           1.8869          19.273       91.509     21-Mar-2024 21:41:32
    88       8      3     250    0.05       10       0.928    -2.9542     -2.9542         10              3              55.15           1.8532          19.779       117.12     21-Mar-2024 21:41:32
    88       9      3     250    0.05       10       0.934    -2.9618     -2.9618         10              3             55.595           1.8549           19.86        136.9     21-Mar-2024 21:41:32
    88      10      3     250    0.05       10       0.934    -2.9032     -2.9032         10              4             53.999           1.7996          19.549       138.09     21-Mar-2024 21:41:32
    88      11      3     250    0.05       10       0.934    -2.9691     -2.9691         10              4             56.067            1.933          19.876       193.02     21-Mar-2024 21:41:32
    88      12      3     250    0.05       10       0.932    -2.9587     -2.9587         10              3             55.572           1.8707          19.486        143.8     21-Mar-2024 21:41:32
    88      13      3     250    0.05       10       0.932    -2.9263     -2.9263         10              3             55.924           1.9066          19.636       134.17     21-Mar-2024 21:41:32
    88      14      3     250    0.05       10       0.932    -2.9482     -2.9482         10              3             56.096           1.9421          19.333        145.2     21-Mar-2024 21:41:32
    88      15      3     250    0.05       10       0.932    -2.9263     -2.9263         10              3             55.924           1.9066           19.74       135.23     21-Mar-2024 21:41:32
    88      16      3     250    0.05       10       0.932    -2.9482     -2.9482         10              3             56.096           1.9421          19.628        144.4     21-Mar-2024 21:41:32
    88      17      3     250    0.05       10       0.932    -2.9263     -2.9263         10              3             55.924           1.9066          20.018       134.05     21-Mar-2024 21:41:32
    88      18      3     250    0.05       10       0.932    -2.9482     -2.9482         10              3             56.096           1.9421          19.346       136.63     21-Mar-2024 21:41:32
    88      19      3     250    0.05       10       0.932    -2.9263     -2.9263         10              3             55.924           1.9066          19.636       127.91     21-Mar-2024 21:41:32
    88      20      3     250    0.05       10       0.932    -2.9482     -2.9482         10              3             56.096           1.9421          19.817       134.84     21-Mar-2024 21:41:32
    88      21      3     250    0.05       10       0.932    -2.9263     -2.9263         10              3             55.924           1.9066          19.834       120.33     21-Mar-2024 21:41:32
    88      22      3     250    0.05       10       0.932    -2.9482     -2.9482         10              3             56.096           1.9421          19.684       137.11     21-Mar-2024 21:41:32
    88      23      3     250    0.05       10       0.932    -2.9263     -2.9263         10              3             55.924           1.9066          20.584       139.16     21-Mar-2024 21:41:32
    88      24      3     250    0.05       10       0.932    -2.9482     -2.9482         10              3             56.096           1.9421          20.722       147.81     21-Mar-2024 21:41:32
    88      25      3     250    0.05       10       0.932    -2.9263     -2.9263         10              3             55.924           1.9066          20.625       133.88     21-Mar-2024 21:41:32
    88      26      3     250    0.05       10       0.932    -2.9482     -2.9482         10              3             56.096           1.9421          20.395        142.9     21-Mar-2024 21:41:32
    88      27      3     250    0.05       10       0.932    -2.9263     -2.9263         10              3             55.924           1.9066          20.385       131.29     21-Mar-2024 21:41:32
    88      28      3     250    0.05       10       0.932    -2.9482     -2.9482         10              3             56.096           1.9421          20.381       139.99     21-Mar-2024 21:41:32
    88      29      3     250    0.05       10       0.932    -2.9263     -2.9263         10              3             55.924           1.9066          20.641       120.63     21-Mar-2024 21:41:32
    88      30      3     250    0.05       10       0.932    -2.9482     -2.9482         10              3             56.096           1.9421          20.667       131.43     21-Mar-2024 21:41:32

