==========================================
SLURM_JOB_ID = 20378787
SLURM_JOB_NODELIST = b22-26
TMPDIR = /tmp/SLURM_20378787
==========================================
hello
Starting parallel pool (parpool) ...
Connected to the parallel pool (number of workers: 15).

pool = 

 ProcessPool with properties: 

            Connected: true
           NumWorkers: 15
                 Busy: false
              Cluster: Local
        AttachedFiles: {}
    AutoAddClientPath: true
            FileStore: [1x1 parallel.FileStore]
           ValueStore: [1x1 parallel.ValueStore]
          IdleTimeout: 30 minutes (30 minutes remaining)
          SpmdEnabled: true


p =

   350


Delta =

     3


s =

    10


n =

   500


ii =

    21


table_name =

    'sparse_kmeans_isee_denoise'


conn = 

  sqlite with properties:

      Database: '/home1/jongminm/sparse_kmeans/sparse_kmeans.db'
    IsReadOnly: 0
    AutoCommit: 'on'


rho =

    0.0500


M =

    0.4951

delta confirmed: 3.000000
ans =

    2.8754


rep =

    81

replication: (81)th 

thres=0.269832
1 th thresholding

  breakyes=1.4,  maxresidual < 1.00e-06
22 entries survived 

2 th thresholding

  breakyes=3.2,  dualfeasorg deteriorated too much: primfeasorg=4.12e-06,dualfeasorg=9.13e-05
16 entries survived 

3 th thresholding

  breakyes=1.3,  maxresidual < 1.00e-06
15 entries survived 

4 th thresholding

  breakyes = 1.0,  maxresidual < 1.00e-04  breakyes=1.4,  maxresidual < 1.00e-06
15 entries survived 

5 th thresholding


  breakyes=1.3,  maxresidual < 1.00e-06
15 entries survived 

6 th thresholding

  breakyes=4.1,  primfeasorg stagnate, 0.00e+00
15 entries survived 

7 th thresholding

  breakyes=1.4,  maxresidual < 1.00e-06
15 entries survived 

8 th thresholding

  breakyes=3.2,  dualfeasorg deteriorated too much: primfeasorg=1.09e-06,dualfeasorg=4.05e-05
15 entries survived 

9 th thresholding

  breakyes=3.2,  dualfeasorg deteriorated too much: primfeasorg=6.73e-07,dualfeasorg=5.32e-05
15 entries survived 

10 th thresholding

  breakyes=1.4,  maxresidual < 1.00e-06
15 entries survived 

11 th thresholding

  breakyes=1.4,  maxresidual < 1.00e-06
15 entries survived 

12 th thresholding

  breakyes=3.2,  dualfeasorg deteriorated too much: primfeasorg=7.20e-07,dualfeasorg=5.03e-05
15 entries survived 

13 th thresholding

  breakyes=4.1,  primfeasorg stagnate, 0.00e+00
14 entries survived 

14 th thresholding

  breakyes=3.2,  dualfeasorg deteriorated too much: primfeasorg=8.05e-07,dualfeasorg=4.40e-05
15 entries survived 

15 th thresholding

  breakyes=1.4,  maxresidual < 1.00e-06
15 entries survived 

16 th thresholding

  breakyes=1.4,  maxresidual < 1.00e-06
15 entries survived 

17 th thresholding

  breakyes=1.4,  maxresidual < 1.00e-06
15 entries survived 

18 th thresholding

  breakyes=1.4,  maxresidual < 1.00e-06
15 entries survived 

19 th thresholding

  breakyes=1.4,  maxresidual < 1.00e-06
15 entries survived 

20 th thresholding

  breakyes=1.4,  maxresidual < 1.00e-06
15 entries survived 

21 th thresholding

  breakyes=1.4,  maxresidual < 1.00e-06
15 entries survived 

22 th thresholding

  breakyes=1.4,  maxresidual < 1.00e-06
15 entries survived 

23 th thresholding

  breakyes=1.4,  maxresidual < 1.00e-06
15 entries survived 

24 th thresholding

  breakyes=1.4,  maxresidual < 1.00e-06
15 entries survived 

25 th thresholding

  breakyes=1.4,  maxresidual < 1.00e-06
15 entries survived 

26 th thresholding

  breakyes=1.4,  maxresidual < 1.00e-06
15 entries survived 

27 th thresholding

  breakyes=1.4,  maxresidual < 1.00e-06
15 entries survived 

28 th thresholding

  breakyes=1.4,  maxresidual < 1.00e-06
15 entries survived 

29 th thresholding

  breakyes=1.4,  maxresidual < 1.00e-06
15 entries survived 

30 th thresholding

  breakyes=1.4,  maxresidual < 1.00e-06
15 entries survived 

acc_vec =

    0.8740
    0.9160
    0.9220
    0.9180
    0.9260
    0.9240
    0.9260
    0.9260
    0.9260
    0.9280
    0.9320
    0.9280
    0.9320
    0.9300
    0.9320
    0.9320
    0.9320
    0.9320
    0.9320
    0.9320
    0.9320
    0.9320
    0.9320
    0.9320
    0.9320
    0.9320
    0.9320
    0.9320
    0.9320
    0.9320
    0.9320

acc =0.874000  0.916000  0.922000  0.918000  0.926000  0.924000  0.926000  0.926000  0.926000  0.928000  0.932000  0.928000  0.932000  0.930000  0.932000  0.932000  0.932000  0.932000  0.932000  0.932000  0.932000  0.932000  0.932000  0.932000  0.932000  0.932000  0.932000  0.932000  0.932000  0.932000  0.932000 

discov_true_vec =

    10
    10
    10
    10
    10
    10
    10
    10
    10
    10
    10
    10
    10
    10
    10
    10
    10
    10
    10
    10
    10
    10
    10
    10
    10
    10
    10
    10
    10
    10


discov_false_vec =

    12
     6
     5
     5
     5
     5
     5
     5
     5
     5
     5
     5
     4
     5
     5
     5
     5
     5
     5
     5
     5
     5
     5
     5
     5
     5
     5
     5
     5
     5


data =

  31x16 table

    rep    iter    sep    dim    rho     sparsity     acc     obj_prim    obj_dual    discov_true    discov_false    diff_x_tilde    diff_omega_diag    time_isee    time_SDP          jobdate       
    ___    ____    ___    ___    ____    ________    _____    ________    ________    ___________    ____________    ____________    _______________    _________    ________    ____________________

    81       0      3     350    0.05       10       0.874          0           0          0               0                 0                0               0            0     21-Mar-2024 18:50:53
    81       1      3     350    0.05       10       0.916    -3.1061     -3.1061         10              12            67.567           2.3205          20.784       61.782     21-Mar-2024 18:50:53
    81       2      3     350    0.05       10       0.922    -2.6641     -2.6641         10               6             66.77           2.2997          18.209       59.249     21-Mar-2024 18:50:53
    81       3      3     350    0.05       10       0.918    -2.8122     -2.8122         10               5            67.718           2.3859          18.731       68.428     21-Mar-2024 18:50:53
    81       4      3     350    0.05       10       0.926    -2.8216     -2.8216         10               5            69.062           2.4113          18.174       28.479     21-Mar-2024 18:50:53
    81       5      3     350    0.05       10       0.924    -2.7426     -2.7426         10               5            65.856           2.2151          18.158       72.039     21-Mar-2024 18:50:53
    81       6      3     350    0.05       10       0.926    -2.7345     -2.7345         10               5              68.6           2.4209          17.882       64.779     21-Mar-2024 18:50:53
    81       7      3     350    0.05       10       0.926     -2.621      -2.621         10               5            67.332           2.3922          18.047       54.861     21-Mar-2024 18:50:53
    81       8      3     350    0.05       10       0.926     -2.715      -2.715         10               5            66.216           2.2603          18.478        80.49     21-Mar-2024 18:50:53
    81       9      3     350    0.05       10       0.928    -2.6042     -2.6042         10               5            66.651           2.3224           18.08       77.453     21-Mar-2024 18:50:53
    81      10      3     350    0.05       10       0.932    -2.7097     -2.7096         10               5            67.548           2.4054          18.079         58.3     21-Mar-2024 18:50:53
    81      11      3     350    0.05       10       0.928    -2.5374     -2.5374         10               5            68.613           2.4531          17.813        76.33     21-Mar-2024 18:50:53
    81      12      3     350    0.05       10       0.932    -2.6314     -2.6314         10               5            68.308           2.4112          18.055       73.588     21-Mar-2024 18:50:53
    81      13      3     350    0.05       10        0.93    -2.6381     -2.6381         10               4            68.068           2.4499          18.076       65.813     21-Mar-2024 18:50:53
    81      14      3     350    0.05       10       0.932    -2.6319     -2.6319         10               5            67.866           2.4199          18.134       59.676     21-Mar-2024 18:50:53
    81      15      3     350    0.05       10       0.932    -2.6145     -2.6145         10               5            67.939           2.4317          18.141       49.774     21-Mar-2024 18:50:53
    81      16      3     350    0.05       10       0.932    -2.6145     -2.6145         10               5            67.939           2.4317          18.463       52.021     21-Mar-2024 18:50:53
    81      17      3     350    0.05       10       0.932    -2.6145     -2.6145         10               5            67.939           2.4317          17.994        50.43     21-Mar-2024 18:50:53
    81      18      3     350    0.05       10       0.932    -2.6145     -2.6145         10               5            67.939           2.4317          18.058       50.735     21-Mar-2024 18:50:53
    81      19      3     350    0.05       10       0.932    -2.6145     -2.6145         10               5            67.939           2.4317              18       51.513     21-Mar-2024 18:50:53
    81      20      3     350    0.05       10       0.932    -2.6145     -2.6145         10               5            67.939           2.4317          18.044        51.28     21-Mar-2024 18:50:53
    81      21      3     350    0.05       10       0.932    -2.6145     -2.6145         10               5            67.939           2.4317          18.059       51.525     21-Mar-2024 18:50:53
    81      22      3     350    0.05       10       0.932    -2.6145     -2.6145         10               5            67.939           2.4317          18.521       50.592     21-Mar-2024 18:50:53
    81      23      3     350    0.05       10       0.932    -2.6145     -2.6145         10               5            67.939           2.4317          18.044       50.692     21-Mar-2024 18:50:53
    81      24      3     350    0.05       10       0.932    -2.6145     -2.6145         10               5            67.939           2.4317          18.218       51.393     21-Mar-2024 18:50:53
    81      25      3     350    0.05       10       0.932    -2.6145     -2.6145         10               5            67.939           2.4317          18.269       50.221     21-Mar-2024 18:50:53
    81      26      3     350    0.05       10       0.932    -2.6145     -2.6145         10               5            67.939           2.4317          18.042        50.87     21-Mar-2024 18:50:53
    81      27      3     350    0.05       10       0.932    -2.6145     -2.6145         10               5            67.939           2.4317          17.955       50.506     21-Mar-2024 18:50:53
    81      28      3     350    0.05       10       0.932    -2.6145     -2.6145         10               5            67.939           2.4317          18.742       50.909     21-Mar-2024 18:50:53
    81      29      3     350    0.05       10       0.932    -2.6145     -2.6145         10               5            67.939           2.4317          17.834       50.374     21-Mar-2024 18:50:53
    81      30      3     350    0.05       10       0.932    -2.6145     -2.6145         10               5            67.939           2.4317          17.928       50.227     21-Mar-2024 18:50:53


rep =

    82

replication: (82)th 

thres=0.269832
1 th thresholding

  breakyes=1.3,  maxresidual < 1.00e-06
23 entries survived 

2 th thresholding

  breakyes=3.2,  dualfeasorg deteriorated too much: primfeasorg=1.04e-06,dualfeasorg=5.53e-05
12 entries survived 

3 th thresholding

  breakyes=1.4,  maxresidual < 1.00e-06
12 entries survived 

4 th thresholding

  breakyes=3.2,  dualfeasorg deteriorated too much: primfeasorg=2.44e-06,dualfeasorg=3.11e-05
11 entries survived 

5 th thresholding

  breakyes=4.2,  dualfeasorg stagnate, 4.69e-06
12 entries survived 

6 th thresholding

  breakyes=4.1,  primfeasorg stagnate, 0.00e+00
11 entries survived 

7 th thresholding

  breakyes=3.2,  dualfeasorg deteriorated too much: primfeasorg=1.20e-06,dualfeasorg=2.76e-05
11 entries survived 

8 th thresholding

  breakyes=3.2,  dualfeasorg deteriorated too much: primfeasorg=1.12e-06,dualfeasorg=5.25e-05
12 entries survived 

9 th thresholding

  breakyes=4.1,  primfeasorg stagnate, 0.00e+00
11 entries survived 

10 th thresholding

  breakyes=4.1,  primfeasorg stagnate, 0.00e+00
12 entries survived 

11 th thresholding

  breakyes=4.1,  primfeasorg stagnate, 0.00e+00
11 entries survived 

12 th thresholding

  breakyes=1.3,  maxresidual < 1.00e-06
12 entries survived 

13 th thresholding

  breakyes=4.1,  primfeasorg stagnate, 0.00e+00
12 entries survived 

14 th thresholding

  breakyes=3.2,  dualfeasorg deteriorated too much: primfeasorg=9.04e-07,dualfeasorg=4.83e-05
10 entries survived 

15 th thresholding

  breakyes=3.2,  dualfeasorg deteriorated too much: primfeasorg=1.29e-06,dualfeasorg=7.68e-05
10 entries survived 

16 th thresholding

  breakyes=4.1,  primfeasorg stagnate, 0.00e+00
10 entries survived 

17 th thresholding

  breakyes=4.1,  primfeasorg stagnate, 0.00e+00
10 entries survived 

18 th thresholding

  breakyes=3.2,  dualfeasorg deteriorated too much: primfeasorg=2.19e-06,dualfeasorg=2.91e-05
10 entries survived 

19 th thresholding

  breakyes=4.1,  primfeasorg stagnate, 0.00e+00
10 entries survived 

20 th thresholding

  breakyes=4.1,  primfeasorg stagnate, 0.00e+00
10 entries survived 

21 th thresholding

  breakyes=4.1,  primfeasorg stagnate, 0.00e+00
10 entries survived 

22 th thresholding

  breakyes=3.2,  dualfeasorg deteriorated too much: primfeasorg=9.14e-07,dualfeasorg=2.88e-05
11 entries survived 

23 th thresholding

  breakyes=3.2,  dualfeasorg deteriorated too much: primfeasorg=1.13e-06,dualfeasorg=5.43e-05
10 entries survived 

24 th thresholding

  breakyes=4.1,  primfeasorg stagnate, 0.00e+00
11 entries survived 

25 th thresholding

  breakyes=3.2,  dualfeasorg deteriorated too much: primfeasorg=9.79e-07,dualfeasorg=4.24e-05
11 entries survived 

26 th thresholding

  breakyes=3.2,  dualfeasorg deteriorated too much: primfeasorg=2.54e-06,dualfeasorg=3.06e-05
12 entries survived 

27 th thresholding

  breakyes=3.2,  dualfeasorg deteriorated too much: primfeasorg=2.15e-06,dualfeasorg=1.12e-04
10 entries survived 

28 th thresholding

  breakyes=2.0,  primfeasorg*dualfeasorg < 1.00e-14
10 entries survived 

29 th thresholding

  breakyes=4.1,  primfeasorg stagnate, 0.00e+00
10 entries survived 

30 th thresholding

  breakyes=4.1,  primfeasorg stagnate, 0.00e+00
10 entries survived 

acc_vec =

    0.8660
    0.9200
    0.9260
    0.9260
    0.9200
    0.9240
    0.9160
    0.9340
    0.9220
    0.9400
    0.9140
    0.9320
    0.9240
    0.9280
    0.9260
    0.9280
    0.9220
    0.9260
    0.9300
    0.9260
    0.9300
    0.9240
    0.9300
    0.9280
    0.9280
    0.9180
    0.9320
    0.9200
    0.9300
    0.9280
    0.9360

acc =0.866000  0.920000  0.926000  0.926000  0.920000  0.924000  0.916000  0.934000  0.922000  0.940000  0.914000  0.932000  0.924000  0.928000  0.926000  0.928000  0.922000  0.926000  0.930000  0.926000  0.930000  0.924000  0.930000  0.928000  0.928000  0.918000  0.932000  0.920000  0.930000  0.928000  0.936000 

discov_true_vec =

    10
    10
    10
    10
    10
    10
    10
    10
    10
    10
    10
    10
    10
    10
    10
    10
    10
    10
    10
    10
    10
    10
    10
    10
    10
    10
    10
    10
    10
    10


discov_false_vec =

    13
     2
     2
     1
     2
     1
     1
     2
     1
     2
     1
     2
     2
     0
     0
     0
     0
     0
     0
     0
     0
     1
     0
     1
     1
     2
     0
     0
     0
     0


data =

  31x16 table

    rep    iter    sep    dim    rho     sparsity     acc     obj_prim    obj_dual    discov_true    discov_false    diff_x_tilde    diff_omega_diag    time_isee    time_SDP          jobdate       
    ___    ____    ___    ___    ____    ________    _____    ________    ________    ___________    ____________    ____________    _______________    _________    ________    ____________________

    82       0      3     350    0.05       10       0.866          0           0          0               0                 0                0               0            0     21-Mar-2024 19:31:56
    82       1      3     350    0.05       10        0.92    -3.1771      -3.177         10              13            66.427           2.3114          18.256       78.281     21-Mar-2024 19:31:56
    82       2      3     350    0.05       10       0.926    -2.3175     -2.3175         10               2            65.438            2.199          18.085       59.501     21-Mar-2024 19:31:56
    82       3      3     350    0.05       10       0.926    -2.3452     -2.3452         10               2            65.831           2.2555          17.895       53.191     21-Mar-2024 19:31:56
    82       4      3     350    0.05       10        0.92    -2.3517     -2.3517         10               1            66.663           2.2615          18.269       79.837     21-Mar-2024 19:31:56
    82       5      3     350    0.05       10       0.924    -2.3194     -2.3194         10               2            66.358           2.2473          18.575       85.118     21-Mar-2024 19:31:56
    82       6      3     350    0.05       10       0.916    -2.3591     -2.3591         10               1            66.997           2.3306          18.118       63.073     21-Mar-2024 19:31:56
    82       7      3     350    0.05       10       0.934    -2.3063     -2.3063         10               1            66.291            2.247          18.045        58.75     21-Mar-2024 19:31:56
    82       8      3     350    0.05       10       0.922    -2.3379     -2.3379         10               2            66.869           2.2793          18.059       62.625     21-Mar-2024 19:31:56
    82       9      3     350    0.05       10        0.94    -2.2672     -2.2671         10               1            65.638           2.2313          18.183       69.956     21-Mar-2024 19:31:56
    82      10      3     350    0.05       10       0.914    -2.3554     -2.3554         10               2             68.06           2.4327          18.096       60.085     21-Mar-2024 19:31:56
    82      11      3     350    0.05       10       0.932    -2.2871     -2.2871         10               1            67.918            2.358          18.218       69.455     21-Mar-2024 19:31:56
    82      12      3     350    0.05       10       0.924    -2.4088     -2.4088         10               2            67.559           2.3618           18.29       50.475     21-Mar-2024 19:31:56
    82      13      3     350    0.05       10       0.928    -2.3737     -2.3737         10               2            66.888           2.3006          18.323       62.584     21-Mar-2024 19:31:56
    82      14      3     350    0.05       10       0.926    -2.3714     -2.3714         10               0            67.455           2.3085          18.276       58.545     21-Mar-2024 19:31:56
    82      15      3     350    0.05       10       0.928    -2.2488     -2.2487         10               0            65.161           2.1569          18.178       52.434     21-Mar-2024 19:31:56
    82      16      3     350    0.05       10       0.922    -2.2476     -2.2476         10               0            64.818            2.164          17.842        58.65     21-Mar-2024 19:31:56
    82      17      3     350    0.05       10       0.926    -2.2566     -2.2565         10               0            65.702           2.2109          18.002       59.192     21-Mar-2024 19:31:56
    82      18      3     350    0.05       10        0.93    -2.3603     -2.3603         10               0            67.026           2.3286          17.975       135.11     21-Mar-2024 19:31:56
    82      19      3     350    0.05       10       0.926    -2.2286     -2.2285         10               0            67.233           2.3783          18.502       59.072     21-Mar-2024 19:31:56
    82      20      3     350    0.05       10        0.93      -2.31       -2.31         10               0            66.616           2.3171          18.275       57.538     21-Mar-2024 19:31:56
    82      21      3     350    0.05       10       0.924    -2.2511     -2.2511         10               0            64.199           2.1672            18.2       56.911     21-Mar-2024 19:31:56
    82      22      3     350    0.05       10        0.93     -2.283     -2.2829         10               1            66.456           2.2417          17.901       53.011     21-Mar-2024 19:31:56
    82      23      3     350    0.05       10       0.928     -2.297     -2.2969         10               0            65.279           2.2477          18.073        56.34     21-Mar-2024 19:31:56
    82      24      3     350    0.05       10       0.928     -2.216      -2.216         10               1            66.464           2.2888          18.364       56.765     21-Mar-2024 19:31:56
    82      25      3     350    0.05       10       0.918    -2.4941     -2.4941         10               1            65.235           2.2615          18.122       79.829     21-Mar-2024 19:31:56
    82      26      3     350    0.05       10       0.932     -2.356      -2.356         10               2            67.034           2.2969            18.2       28.708     21-Mar-2024 19:31:56
    82      27      3     350    0.05       10        0.92    -2.4856     -2.4855         10               0            66.236           2.2773          17.891       53.527     21-Mar-2024 19:31:56
    82      28      3     350    0.05       10        0.93    -2.3962     -2.3962         10               0            68.516           2.4035          17.935        83.64     21-Mar-2024 19:31:56
    82      29      3     350    0.05       10       0.928    -2.2957     -2.2957         10               0            68.516           2.3619          18.303         57.6     21-Mar-2024 19:31:56
    82      30      3     350    0.05       10       0.936    -2.2868     -2.2868         10               0            65.801           2.2466          18.229       58.431     21-Mar-2024 19:31:56


rep =

    83

replication: (83)th 

thres=0.269832
1 th thresholding

  breakyes = 1.0,  maxresidual < 1.00e-04  breakyes=1.4,  maxresidual < 1.00e-06
24 entries survived 

2 th thresholding

  breakyes=1.4,  maxresidual < 1.00e-06
13 entries survived 

3 th thresholding

  breakyes=1.4,  maxresidual < 1.00e-06
12 entries survived 

4 th thresholding

  breakyes=1.4,  maxresidual < 1.00e-06
12 entries survived 

5 th thresholding

  breakyes=1.4,  maxresidual < 1.00e-06
13 entries survived 

6 th thresholding

  breakyes=1.4,  maxresidual < 1.00e-06
14 entries survived 

7 th thresholding

  breakyes=1.3,  maxresidual < 1.00e-06
13 entries survived 

8 th thresholding

  breakyes=1.4,  maxresidual < 1.00e-06
16 entries survived 

9 th thresholding

  breakyes=1.0,  maxresidual < 1.00e-06
14 entries survived 

10 th thresholding

  breakyes=1.3,  maxresidual < 1.00e-06
13 entries survived 

11 th thresholding

  breakyes=1.4,  maxresidual < 1.00e-06
13 entries survived 

12 th thresholding


  breakyes=1.3,  maxresidual < 1.00e-06
12 entries survived 

13 th thresholding

  breakyes=1.3,  maxresidual < 1.00e-06
13 entries survived 

14 th thresholding

  breakyes=4.2,  dualfeasorg stagnate, 5.95e-05
14 entries survived 

15 th thresholding

  breakyes=1.3,  maxresidual < 1.00e-06
14 entries survived 

16 th thresholding

  breakyes=1.4,  maxresidual < 1.00e-06
13 entries survived 

17 th thresholding

  breakyes=1.3,  maxresidual < 1.00e-06
14 entries survived 

18 th thresholding

  breakyes=1.4,  maxresidual < 1.00e-06
13 entries survived 

19 th thresholding

  breakyes=3.2,  dualfeasorg deteriorated too much: primfeasorg=2.66e-06,dualfeasorg=5.78e-05
14 entries survived 

20 th thresholding

  breakyes=1.4,  maxresidual < 1.00e-06
14 entries survived 

21 th thresholding

  breakyes=1.4,  maxresidual < 1.00e-06
14 entries survived 

22 th thresholding

  breakyes=1.0,  maxresidual < 1.00e-06
13 entries survived 

23 th thresholding

  breakyes=1.0,  maxresidual < 1.00e-06
12 entries survived 

24 th thresholding

  breakyes=3.2,  dualfeasorg deteriorated too much: primfeasorg=2.14e-06,dualfeasorg=5.82e-05
13 entries survived 

25 th thresholding

  breakyes=1.0,  maxresidual < 1.00e-06
13 entries survived 

26 th thresholding

  breakyes=1.3,  maxresidual < 1.00e-06
13 entries survived 

27 th thresholding

  breakyes=1.4,  maxresidual < 1.00e-06
15 entries survived 

28 th thresholding

  breakyes=1.3,  maxresidual < 1.00e-06
13 entries survived 

29 th thresholding

  breakyes=3.2,  dualfeasorg deteriorated too much: primfeasorg=1.04e-06,dualfeasorg=5.28e-05
13 entries survived 

30 th thresholding

  breakyes=1.3,  maxresidual < 1.00e-06
14 entries survived 

acc_vec =

    0.8720
    0.9220
    0.9180
    0.9100
    0.9080
    0.9100
    0.9020
    0.9100
    0.9080
    0.9160
    0.9120
    0.9100
    0.9100
    0.9120
    0.9140
    0.9140
    0.9100
    0.9040
    0.9180
    0.9160
    0.9120
    0.9180
    0.9080
    0.9120
    0.9100
    0.9120
    0.9160
    0.9220
    0.9220
    0.9240
    0.9160

acc =0.872000  0.922000  0.918000  0.910000  0.908000  0.910000  0.902000  0.910000  0.908000  0.916000  0.912000  0.910000  0.910000  0.912000  0.914000  0.914000  0.910000  0.904000  0.918000  0.916000  0.912000  0.918000  0.908000  0.912000  0.910000  0.912000  0.916000  0.922000  0.922000  0.924000  0.916000 

discov_true_vec =

    10
    10
    10
    10
    10
    10
    10
    10
    10
    10
    10
    10
    10
    10
    10
    10
    10
    10
    10
    10
    10
    10
    10
    10
    10
    10
    10
    10
    10
    10


discov_false_vec =

    14
     3
     2
     2
     3
     4
     3
     6
     4
     3
     3
     2
     3
     4
     4
     3
     4
     3
     4
     4
     4
     3
     2
     3
     3
     3
     5
     3
     3
     4


data =

  31x16 table

    rep    iter    sep    dim    rho     sparsity     acc     obj_prim    obj_dual    discov_true    discov_false    diff_x_tilde    diff_omega_diag    time_isee    time_SDP          jobdate       
    ___    ____    ___    ___    ____    ________    _____    ________    ________    ___________    ____________    ____________    _______________    _________    ________    ____________________

    83       0      3     350    0.05       10       0.872          0           0          0               0                 0                0               0            0     21-Mar-2024 20:04:19
    83       1      3     350    0.05       10       0.922    -3.2528     -3.2528         10              14             61.21           2.0812           18.05       22.616     21-Mar-2024 20:04:19
    83       2      3     350    0.05       10       0.918     -2.582      -2.582         10               3            64.958           2.2682          18.399       51.289     21-Mar-2024 20:04:19
    83       3      3     350    0.05       10        0.91    -2.8315     -2.8315         10               2            64.115            2.212          18.214       46.944     21-Mar-2024 20:04:19
    83       4      3     350    0.05       10       0.908     -2.701      -2.701         10               2            67.454           2.4511          18.222        23.57     21-Mar-2024 20:04:19
    83       5      3     350    0.05       10        0.91    -2.7427     -2.7427         10               3            65.251           2.2799          18.038       28.755     21-Mar-2024 20:04:19
    83       6      3     350    0.05       10       0.902    -2.8547     -2.8547         10               4            67.336           2.4398          17.988       113.38     21-Mar-2024 20:04:19
    83       7      3     350    0.05       10        0.91    -2.8056     -2.8056         10               3            65.261           2.2844          18.258       44.419     21-Mar-2024 20:04:19
    83       8      3     350    0.05       10       0.908     -2.741      -2.741         10               6            64.468           2.2266          18.233       22.827     21-Mar-2024 20:04:19
    83       9      3     350    0.05       10       0.916    -2.6221     -2.6221         10               4            64.767           2.2679          17.903       18.522     21-Mar-2024 20:04:19
    83      10      3     350    0.05       10       0.912    -2.5639     -2.5639         10               3            64.449            2.274          17.978       51.772     21-Mar-2024 20:04:19
    83      11      3     350    0.05       10        0.91    -2.5237     -2.5237         10               3            64.962           2.2706          18.297       41.801     21-Mar-2024 20:04:19
    83      12      3     350    0.05       10        0.91    -2.5059     -2.5059         10               2            64.013           2.2172          18.409       60.505     21-Mar-2024 20:04:19
    83      13      3     350    0.05       10       0.912    -2.6343     -2.6343         10               3            65.765           2.3307          18.022        54.03     21-Mar-2024 20:04:19
    83      14      3     350    0.05       10       0.914    -2.8084     -2.8084         10               4            66.837           2.3678          18.297       74.339     21-Mar-2024 20:04:19
    83      15      3     350    0.05       10       0.914    -2.7839     -2.7839         10               4            66.042           2.3713          18.487       26.449     21-Mar-2024 20:04:19
    83      16      3     350    0.05       10        0.91    -2.8352     -2.8352         10               3            64.804           2.2882          18.403       67.339     21-Mar-2024 20:04:19
    83      17      3     350    0.05       10       0.904    -2.8535     -2.8535         10               4            66.628           2.3521          18.275       52.299     21-Mar-2024 20:04:19
    83      18      3     350    0.05       10       0.918    -2.7647     -2.7647         10               3            65.293           2.2686          18.592       22.134     21-Mar-2024 20:04:19
    83      19      3     350    0.05       10       0.916    -2.7042     -2.7042         10               4            64.184            2.244          17.982       53.812     21-Mar-2024 20:04:19
    83      20      3     350    0.05       10       0.912     -2.806      -2.806         10               4            65.471           2.3182          18.113       28.961     21-Mar-2024 20:04:19
    83      21      3     350    0.05       10       0.918     -2.728      -2.728         10               4            64.942           2.3089          18.009       25.151     21-Mar-2024 20:04:19
    83      22      3     350    0.05       10       0.908    -2.8276     -2.8276         10               3            64.712            2.276          17.999        77.04     21-Mar-2024 20:04:19
    83      23      3     350    0.05       10       0.912    -2.8669     -2.8669         10               2            65.061           2.3031          18.451       49.586     21-Mar-2024 20:04:19
    83      24      3     350    0.05       10        0.91    -2.8307     -2.8307         10               3            65.204           2.2865          18.416       54.818     21-Mar-2024 20:04:19
    83      25      3     350    0.05       10       0.912    -2.6775     -2.6775         10               3            63.978           2.2018          18.338       18.631     21-Mar-2024 20:04:19
    83      26      3     350    0.05       10       0.916    -2.5694     -2.5694         10               3            63.718           2.1928           18.12       47.844     21-Mar-2024 20:04:19
    83      27      3     350    0.05       10       0.922    -2.6859     -2.6859         10               5            66.105           2.3628          18.283        62.74     21-Mar-2024 20:04:19
    83      28      3     350    0.05       10       0.922    -2.5688     -2.5688         10               3            64.241            2.245          18.134       49.498     21-Mar-2024 20:04:19
    83      29      3     350    0.05       10       0.924    -2.5502     -2.5502         10               3            64.702           2.2667          18.373       40.839     21-Mar-2024 20:04:19
    83      30      3     350    0.05       10       0.916     -2.629      -2.629         10               4             63.53           2.2125          18.101       65.019     21-Mar-2024 20:04:19


rep =

    84

replication: (84)th 

thres=0.269832
1 th thresholding

  breakyes=3.2,  dualfeasorg deteriorated too much: primfeasorg=1.08e-06,dualfeasorg=4.55e-05
24 entries survived 

2 th thresholding

  breakyes=3.2,  dualfeasorg deteriorated too much: primfeasorg=7.31e-07,dualfeasorg=3.60e-05
13 entries survived 

3 th thresholding

  breakyes=3.2,  dualfeasorg deteriorated too much: primfeasorg=7.43e-07,dualfeasorg=3.65e-05
13 entries survived 

4 th thresholding

  breakyes=3.2,  dualfeasorg deteriorated too much: primfeasorg=2.52e-06,dualfeasorg=5.43e-05
15 entries survived 

5 th thresholding

  breakyes=3.2,  dualfeasorg deteriorated too much: primfeasorg=1.09e-06,dualfeasorg=4.30e-05
14 entries survived 

6 th thresholding

  breakyes=3.2,  dualfeasorg deteriorated too much: primfeasorg=7.57e-07,dualfeasorg=3.83e-05
13 entries survived 

7 th thresholding

  breakyes=1.4,  maxresidual < 1.00e-06
13 entries survived 

8 th thresholding

  breakyes=3.2,  dualfeasorg deteriorated too much: primfeasorg=7.91e-07,dualfeasorg=4.94e-05
13 entries survived 

9 th thresholding

  breakyes=1.4,  maxresidual < 1.00e-06
13 entries survived 

10 th thresholding

  breakyes=3.2,  dualfeasorg deteriorated too much: primfeasorg=6.71e-07,dualfeasorg=5.12e-05
13 entries survived 

11 th thresholding

  breakyes=4.1,  primfeasorg stagnate, 0.00e+00
13 entries survived 

12 th thresholding

  breakyes=1.4,  maxresidual < 1.00e-06
13 entries survived 

13 th thresholding

  breakyes=4.1,  primfeasorg stagnate, 6.69e-05
13 entries survived 

14 th thresholding

  breakyes=1.4,  maxresidual < 1.00e-06
14 entries survived 

15 th thresholding

  breakyes=1.3,  maxresidual < 1.00e-06
13 entries survived 

16 th thresholding


  breakyes=3.2,  dualfeasorg deteriorated too much: primfeasorg=1.33e-06,dualfeasorg=3.28e-05
15 entries survived 

17 th thresholding

  breakyes=1.4,  maxresidual < 1.00e-06
13 entries survived 

18 th thresholding

  breakyes=1.4,  maxresidual < 1.00e-06
13 entries survived 

19 th thresholding

  breakyes=1.0,  maxresidual < 1.00e-06
14 entries survived 

20 th thresholding

  breakyes=3.2,  dualfeasorg deteriorated too much: primfeasorg=2.13e-06,dualfeasorg=2.89e-05
14 entries survived 

21 th thresholding

  breakyes=3.2,  dualfeasorg deteriorated too much: primfeasorg=6.55e-07,dualfeasorg=3.24e-05
13 entries survived 

22 th thresholding

  breakyes=1.4,  maxresidual < 1.00e-06
13 entries survived 

23 th thresholding

  breakyes=3.2,  dualfeasorg deteriorated too much: primfeasorg=1.00e-06,dualfeasorg=3.26e-05
13 entries survived 

24 th thresholding

  breakyes=3.2,  dualfeasorg deteriorated too much: primfeasorg=1.14e-06,dualfeasorg=3.70e-05
13 entries survived 

25 th thresholding

  breakyes=1.4,  maxresidual < 1.00e-06
13 entries survived 

26 th thresholding

  breakyes=2.0,  primfeasorg*dualfeasorg < 1.00e-14
13 entries survived 

27 th thresholding

  breakyes=1.4,  maxresidual < 1.00e-06
13 entries survived 

28 th thresholding

  breakyes = 1.0,  maxresidual < 1.00e-04  breakyes=1.4,  maxresidual < 1.00e-06
13 entries survived 

29 th thresholding

  breakyes=3.2,  dualfeasorg deteriorated too much: primfeasorg=9.06e-07,dualfeasorg=4.61e-05
13 entries survived 

30 th thresholding

  breakyes=4.1,  primfeasorg stagnate, 9.59e-05
13 entries survived 

acc_vec =

    0.8500
    0.9140
    0.9200
    0.9120
    0.9120
    0.9200
    0.9160
    0.9160
    0.9240
    0.9220
    0.9220
    0.9180
    0.9240
    0.9160
    0.9180
    0.9120
    0.9160
    0.9200
    0.9060
    0.9120
    0.9160
    0.9080
    0.9080
    0.9220
    0.9200
    0.9100
    0.9140
    0.9200
    0.9180
    0.9240
    0.9180

acc =0.850000  0.914000  0.920000  0.912000  0.912000  0.920000  0.916000  0.916000  0.924000  0.922000  0.922000  0.918000  0.924000  0.916000  0.918000  0.912000  0.916000  0.920000  0.906000  0.912000  0.916000  0.908000  0.908000  0.922000  0.920000  0.910000  0.914000  0.920000  0.918000  0.924000  0.918000 

discov_true_vec =

    10
    10
    10
    10
    10
    10
    10
    10
    10
    10
    10
    10
    10
    10
    10
    10
    10
    10
    10
    10
    10
    10
    10
    10
    10
    10
    10
    10
    10
    10


discov_false_vec =

    14
     3
     3
     5
     4
     3
     3
     3
     3
     3
     3
     3
     3
     4
     3
     5
     3
     3
     4
     4
     3
     3
     3
     3
     3
     3
     3
     3
     3
     3


data =

  31x16 table

    rep    iter    sep    dim    rho     sparsity     acc     obj_prim    obj_dual    discov_true    discov_false    diff_x_tilde    diff_omega_diag    time_isee    time_SDP          jobdate       
    ___    ____    ___    ___    ____    ________    _____    ________    ________    ___________    ____________    ____________    _______________    _________    ________    ____________________

    84       0      3     350    0.05       10        0.85          0           0          0               0                 0                0               0            0     21-Mar-2024 20:40:45
    84       1      3     350    0.05       10       0.914    -3.3138     -3.3138         10              14            64.874           2.1946          18.235       49.856     21-Mar-2024 20:40:45
    84       2      3     350    0.05       10        0.92    -2.7171     -2.7171         10               3            63.843           2.1214           18.86       47.653     21-Mar-2024 20:40:45
    84       3      3     350    0.05       10       0.912    -2.8871     -2.8871         10               3              64.6           2.2061          17.994       51.153     21-Mar-2024 20:40:45
    84       4      3     350    0.05       10       0.912     -2.999      -2.999         10               5            66.296           2.2577          18.182       72.524     21-Mar-2024 20:40:45
    84       5      3     350    0.05       10        0.92    -2.7309     -2.7309         10               4            64.661           2.1789          18.177       42.298     21-Mar-2024 20:40:45
    84       6      3     350    0.05       10       0.916     -2.707      -2.707         10               3            64.625           2.1738          18.519       55.033     21-Mar-2024 20:40:45
    84       7      3     350    0.05       10       0.916    -2.6978     -2.6978         10               3            63.592           2.1626          17.996       53.656     21-Mar-2024 20:40:45
    84       8      3     350    0.05       10       0.924    -2.7767     -2.7767         10               3            63.677           2.1362          18.848       49.915     21-Mar-2024 20:40:45
    84       9      3     350    0.05       10       0.922     -2.789      -2.789         10               3            64.991           2.1968          18.002       44.425     21-Mar-2024 20:40:45
    84      10      3     350    0.05       10       0.922    -2.6743     -2.6743         10               3            61.299           2.0324          18.262       51.247     21-Mar-2024 20:40:45
    84      11      3     350    0.05       10       0.918    -2.7932     -2.7931         10               3             64.88           2.2652          18.288       56.539     21-Mar-2024 20:40:45
    84      12      3     350    0.05       10       0.924    -2.7642     -2.7642         10               3             63.82           2.1611          18.448       51.922     21-Mar-2024 20:40:45
    84      13      3     350    0.05       10       0.916    -2.9611     -2.9611         10               3            65.445           2.2061            18.3       81.782     21-Mar-2024 20:40:45
    84      14      3     350    0.05       10       0.918    -2.9858     -2.9858         10               4            66.792           2.2531          18.175       40.318     21-Mar-2024 20:40:45
    84      15      3     350    0.05       10       0.912     -3.053      -3.053         10               3             64.42           2.1112          18.109       54.106     21-Mar-2024 20:40:45
    84      16      3     350    0.05       10       0.916     -2.768     -2.7679         10               5            63.539           2.0963          17.992       61.158     21-Mar-2024 20:40:45
    84      17      3     350    0.05       10        0.92    -2.7007     -2.7006         10               3            64.541           2.1868          18.106       76.498     21-Mar-2024 20:40:45
    84      18      3     350    0.05       10       0.906    -2.8097     -2.8096         10               3            62.861           2.0685          18.162       47.792     21-Mar-2024 20:40:45
    84      19      3     350    0.05       10       0.912    -3.0396     -3.0396         10               4            65.554           2.1918          18.201        58.89     21-Mar-2024 20:40:45
    84      20      3     350    0.05       10       0.916     -2.756     -2.7559         10               4            64.483           2.2133          18.347       61.858     21-Mar-2024 20:40:45
    84      21      3     350    0.05       10       0.908    -2.9833     -2.9833         10               3            63.983           2.1631            18.1        48.24     21-Mar-2024 20:40:45
    84      22      3     350    0.05       10       0.908    -3.1784     -3.1784         10               3             66.95           2.2724          18.122       46.922     21-Mar-2024 20:40:45
    84      23      3     350    0.05       10       0.922    -2.7334     -2.7334         10               3             64.16           2.1219          18.051       41.094     21-Mar-2024 20:40:45
    84      24      3     350    0.05       10        0.92    -2.7155     -2.7155         10               3            64.559           2.1626          18.182       41.538     21-Mar-2024 20:40:45
    84      25      3     350    0.05       10        0.91    -2.8017     -2.8017         10               3            63.263           2.1349          18.036       51.081     21-Mar-2024 20:40:45
    84      26      3     350    0.05       10       0.914    -2.9025     -2.9025         10               3             65.76           2.2225          17.992        66.85     21-Mar-2024 20:40:45
    84      27      3     350    0.05       10        0.92    -2.6961     -2.6961         10               3            64.801           2.2265          17.981        54.19     21-Mar-2024 20:40:45
    84      28      3     350    0.05       10       0.918    -2.7031     -2.7031         10               3            63.571           2.1407          19.388       54.086     21-Mar-2024 20:40:45
    84      29      3     350    0.05       10       0.924    -2.7381     -2.7381         10               3            63.128           2.1322          18.192       50.374     21-Mar-2024 20:40:45
    84      30      3     350    0.05       10       0.918    -2.7568     -2.7568         10               3            66.094           2.2822          18.317       74.882     21-Mar-2024 20:40:45

