==========================================
SLURM_JOB_ID = 20378775
SLURM_JOB_NODELIST = b22-03
TMPDIR = /tmp/SLURM_20378775
==========================================
hello
Starting parallel pool (parpool) ...
Connected to the parallel pool (number of workers: 15).

pool = 

 ProcessPool with properties: 

            Connected: true
           NumWorkers: 15
                 Busy: false
              Cluster: Local
        AttachedFiles: {}
    AutoAddClientPath: true
            FileStore: [1x1 parallel.FileStore]
           ValueStore: [1x1 parallel.ValueStore]
          IdleTimeout: 30 minutes (30 minutes remaining)
          SpmdEnabled: true


p =

   350


Delta =

     3


s =

    10


n =

   500


ii =

    13


table_name =

    'sparse_kmeans_isee_denoise'


conn = 

  sqlite with properties:

      Database: '/home1/jongminm/sparse_kmeans/sparse_kmeans.db'
    IsReadOnly: 0
    AutoCommit: 'on'


rho =

    0.0500


M =

    0.4951

delta confirmed: 3.000000
ans =

    2.8754


rep =

    49

replication: (49)th 

thres=0.269832
1 th thresholding

  breakyes=3.2,  dualfeasorg deteriorated too much: primfeasorg=9.56e-07,dualfeasorg=4.43e-05
25 entries survived 

2 th thresholding

  breakyes=3.2,  dualfeasorg deteriorated too much: primfeasorg=1.55e-06,dualfeasorg=4.61e-05
16 entries survived 

3 th thresholding

  breakyes=4.1,  primfeasorg stagnate, 0.00e+00
13 entries survived 

4 th thresholding

  breakyes=4.1,  primfeasorg stagnate, 0.00e+00
13 entries survived 

5 th thresholding

  breakyes=3.2,  dualfeasorg deteriorated too much: primfeasorg=7.86e-07,dualfeasorg=4.50e-05
13 entries survived 

6 th thresholding

  breakyes=3.2,  dualfeasorg deteriorated too much: primfeasorg=9.65e-07,dualfeasorg=3.01e-05
13 entries survived 

7 th thresholding

  breakyes=3.2,  dualfeasorg deteriorated too much: primfeasorg=9.62e-07,dualfeasorg=3.29e-05
13 entries survived 

8 th thresholding

  breakyes=4.1,  primfeasorg stagnate, 0.00e+00
13 entries survived 

9 th thresholding

  breakyes=4.1,  primfeasorg stagnate, 0.00e+00
14 entries survived 

10 th thresholding

  breakyes = 1.0,  maxresidual < 1.00e-04  breakyes=1.0,  maxresidual < 1.00e-06
13 entries survived 

11 th thresholding

  breakyes=4.1,  primfeasorg stagnate, 0.00e+00
13 entries survived 

12 th thresholding

  breakyes=4.1,  primfeasorg stagnate, 0.00e+00
13 entries survived 

13 th thresholding

  breakyes=4.1,  primfeasorg stagnate, 0.00e+00
13 entries survived 

14 th thresholding

  breakyes=3.2,  dualfeasorg deteriorated too much: primfeasorg=1.03e-06,dualfeasorg=5.64e-05
13 entries survived 

15 th thresholding

  breakyes=4.1,  primfeasorg stagnate, 0.00e+00
13 entries survived 

16 th thresholding

  breakyes=4.1,  primfeasorg stagnate, 0.00e+00
14 entries survived 

17 th thresholding

  breakyes=4.1,  primfeasorg stagnate, 0.00e+00
14 entries survived 

18 th thresholding

  breakyes=4.1,  primfeasorg stagnate, 0.00e+00
14 entries survived 

19 th thresholding

  breakyes=4.1,  primfeasorg stagnate, 0.00e+00
14 entries survived 

20 th thresholding

  breakyes=3.2,  dualfeasorg deteriorated too much: primfeasorg=1.20e-06,dualfeasorg=5.53e-05
15 entries survived 

21 th thresholding

  breakyes=4.1,  primfeasorg stagnate, 0.00e+00
15 entries survived 

22 th thresholding

  breakyes=4.1,  primfeasorg stagnate, 0.00e+00
15 entries survived 

23 th thresholding

  breakyes=4.1,  primfeasorg stagnate, 0.00e+00
15 entries survived 

24 th thresholding

  breakyes=4.1,  primfeasorg stagnate, 0.00e+00
14 entries survived 

25 th thresholding

  breakyes=3.2,  dualfeasorg deteriorated too much: primfeasorg=1.56e-06,dualfeasorg=5.94e-05
14 entries survived 

26 th thresholding

  breakyes=4.1,  primfeasorg stagnate, 8.99e-05
15 entries survived 

27 th thresholding

  breakyes=4.1,  primfeasorg stagnate, 0.00e+00
14 entries survived 

28 th thresholding

  breakyes=4.1,  primfeasorg stagnate, 0.00e+00
14 entries survived 

29 th thresholding

  breakyes=4.1,  primfeasorg stagnate, 0.00e+00
14 entries survived 

30 th thresholding

  breakyes=4.1,  primfeasorg stagnate, 0.00e+00
14 entries survived 

acc_vec =

    0.8800
    0.9120
    0.9160
    0.9200
    0.9140
    0.9240
    0.9160
    0.9240
    0.9100
    0.9180
    0.9100
    0.9140
    0.9140
    0.9120
    0.9180
    0.9160
    0.9160
    0.9260
    0.9100
    0.9200
    0.9200
    0.9180
    0.9220
    0.9140
    0.9280
    0.9160
    0.9240
    0.9120
    0.9220
    0.9160
    0.9220

acc =0.880000  0.912000  0.916000  0.920000  0.914000  0.924000  0.916000  0.924000  0.910000  0.918000  0.910000  0.914000  0.914000  0.912000  0.918000  0.916000  0.916000  0.926000  0.910000  0.920000  0.920000  0.918000  0.922000  0.914000  0.928000  0.916000  0.924000  0.912000  0.922000  0.916000  0.922000 

discov_true_vec =

    10
    10
    10
    10
    10
    10
    10
    10
    10
    10
    10
    10
    10
    10
    10
    10
    10
    10
    10
    10
    10
    10
    10
    10
    10
    10
    10
    10
    10
    10


discov_false_vec =

    15
     6
     3
     3
     3
     3
     3
     3
     4
     3
     3
     3
     3
     3
     3
     4
     4
     4
     4
     5
     5
     5
     5
     4
     4
     5
     4
     4
     4
     4


data =

  31x16 table

    rep    iter    sep    dim    rho     sparsity     acc     obj_prim    obj_dual    discov_true    discov_false    diff_x_tilde    diff_omega_diag    time_isee    time_SDP          jobdate       
    ___    ____    ___    ___    ____    ________    _____    ________    ________    ___________    ____________    ____________    _______________    _________    ________    ____________________

    49       0      3     350    0.05       10        0.88          0           0          0               0                 0                0               0            0     21-Mar-2024 18:54:58
    49       1      3     350    0.05       10       0.912    -3.0465     -3.0465         10              15             61.88           2.1127          21.148       89.241     21-Mar-2024 18:54:58
    49       2      3     350    0.05       10       0.916    -2.6249     -2.6249         10               6            64.884           2.2542          18.541       60.654     21-Mar-2024 18:54:58
    49       3      3     350    0.05       10        0.92    -2.6569     -2.6568         10               3            65.521            2.304          17.759       81.433     21-Mar-2024 18:54:58
    49       4      3     350    0.05       10       0.914    -2.5895     -2.5895         10               3            62.874           2.1448          18.335       84.945     21-Mar-2024 18:54:58
    49       5      3     350    0.05       10       0.924    -2.6018     -2.6018         10               3            64.265           2.2088          17.921       68.921     21-Mar-2024 18:54:58
    49       6      3     350    0.05       10       0.916    -2.5604     -2.5604         10               3            65.083           2.2683          17.945       64.786     21-Mar-2024 18:54:58
    49       7      3     350    0.05       10       0.924     -2.561      -2.561         10               3            64.877           2.2673          18.405       82.246     21-Mar-2024 18:54:58
    49       8      3     350    0.05       10        0.91      -2.62       -2.62         10               3            66.108           2.3129           18.05       79.118     21-Mar-2024 18:54:58
    49       9      3     350    0.05       10       0.918    -2.6243     -2.6243         10               4            64.993           2.3053          18.004       75.733     21-Mar-2024 18:54:58
    49      10      3     350    0.05       10        0.91    -2.6093     -2.6093         10               3            64.304           2.2308          17.843       60.106     21-Mar-2024 18:54:58
    49      11      3     350    0.05       10       0.914    -2.5957     -2.5956         10               3            65.735           2.3196          18.172        93.05     21-Mar-2024 18:54:58
    49      12      3     350    0.05       10       0.914    -2.7028     -2.7028         10               3            65.837           2.2945          17.892       75.454     21-Mar-2024 18:54:58
    49      13      3     350    0.05       10       0.912    -2.6648     -2.6648         10               3            67.324           2.3857          17.973        68.83     21-Mar-2024 18:54:58
    49      14      3     350    0.05       10       0.918    -2.6598     -2.6598         10               3            65.969           2.2917          18.112        64.14     21-Mar-2024 18:54:58
    49      15      3     350    0.05       10       0.916    -2.6324     -2.6324         10               3              65.5           2.2675          19.456       81.414     21-Mar-2024 18:54:58
    49      16      3     350    0.05       10       0.916    -2.6051     -2.6051         10               4            65.107           2.2686          18.056       81.414     21-Mar-2024 18:54:58
    49      17      3     350    0.05       10       0.926    -2.5981     -2.5981         10               4            65.974           2.3899          17.975       94.471     21-Mar-2024 18:54:58
    49      18      3     350    0.05       10        0.91    -2.6865     -2.6864         10               4            65.471           2.3258          18.245        83.52     21-Mar-2024 18:54:58
    49      19      3     350    0.05       10        0.92    -2.6389     -2.6388         10               4             66.68           2.4002          17.836       85.801     21-Mar-2024 18:54:58
    49      20      3     350    0.05       10        0.92    -2.6285     -2.6285         10               5            64.819           2.2258          18.091       78.289     21-Mar-2024 18:54:58
    49      21      3     350    0.05       10       0.918     -2.706      -2.706         10               5            65.681            2.315          17.841       85.191     21-Mar-2024 18:54:58
    49      22      3     350    0.05       10       0.922    -2.5987     -2.5987         10               5            66.452            2.374          18.278       146.56     21-Mar-2024 18:54:58
    49      23      3     350    0.05       10       0.914    -2.6632     -2.6631         10               5            64.049           2.2241           18.13         78.2     21-Mar-2024 18:54:58
    49      24      3     350    0.05       10       0.928    -2.5899     -2.5899         10               4            65.942            2.311          18.177       98.678     21-Mar-2024 18:54:58
    49      25      3     350    0.05       10       0.916    -2.6517     -2.6516         10               4            67.071           2.4053          18.318       56.903     21-Mar-2024 18:54:58
    49      26      3     350    0.05       10       0.924    -2.6866     -2.6866         10               5            66.373           2.3562          17.967       102.41     21-Mar-2024 18:54:58
    49      27      3     350    0.05       10       0.912    -2.6711     -2.6711         10               4            67.056           2.4107          18.296       84.362     21-Mar-2024 18:54:58
    49      28      3     350    0.05       10       0.922    -2.6661     -2.6661         10               4            65.732           2.3617          17.884       85.907     21-Mar-2024 18:54:58
    49      29      3     350    0.05       10       0.916    -2.6745     -2.6745         10               4            65.798            2.304          17.845       79.698     21-Mar-2024 18:54:58
    49      30      3     350    0.05       10       0.922    -2.6372     -2.6372         10               4            65.689            2.282           17.97       82.355     21-Mar-2024 18:54:58


rep =

    50

replication: (50)th 

thres=0.269832
1 th thresholding

  breakyes=3.2,  dualfeasorg deteriorated too much: primfeasorg=8.02e-07,dualfeasorg=1.95e-05
17 entries survived 

2 th thresholding

  breakyes=1.4,  maxresidual < 1.00e-06
18 entries survived 

3 th thresholding

  breakyes = 1.0,  maxresidual < 1.00e-04  breakyes=3.2,  dualfeasorg deteriorated too much: primfeasorg=1.01e-06,dualfeasorg=3.31e-05
17 entries survived 

4 th thresholding

  breakyes=3.2,  dualfeasorg deteriorated too much: primfeasorg=7.09e-07,dualfeasorg=3.77e-05
16 entries survived 

5 th thresholding

  breakyes=3.2,  dualfeasorg deteriorated too much: primfeasorg=3.21e-06,dualfeasorg=4.32e-05
16 entries survived 

6 th thresholding

  breakyes=1.3,  maxresidual < 1.00e-06
16 entries survived 

7 th thresholding

  breakyes=3.2,  dualfeasorg deteriorated too much: primfeasorg=1.08e-06,dualfeasorg=4.96e-05
16 entries survived 

8 th thresholding

  breakyes=4.1,  primfeasorg stagnate, 0.00e+00
16 entries survived 

9 th thresholding

  breakyes=1.3,  maxresidual < 1.00e-06
16 entries survived 

10 th thresholding

  breakyes = 1.0,  maxresidual < 1.00e-04  breakyes=1.4,  maxresidual < 1.00e-06
16 entries survived 

11 th thresholding

  breakyes=4.1,  primfeasorg stagnate, 0.00e+00
17 entries survived 

12 th thresholding

  breakyes=4.1,  primfeasorg stagnate, 0.00e+00
16 entries survived 

13 th thresholding

  breakyes=4.2,  dualfeasorg stagnate, 5.02e-05
16 entries survived 

14 th thresholding

  breakyes=3.2,  dualfeasorg deteriorated too much: primfeasorg=1.36e-06,dualfeasorg=4.72e-05
16 entries survived 

15 th thresholding

  breakyes = 1.0,  maxresidual < 1.00e-04  breakyes=1.4,  maxresidual < 1.00e-06
16 entries survived 

16 th thresholding

  breakyes=4.1,  primfeasorg stagnate, 8.47e-05
16 entries survived 

17 th thresholding

  breakyes=3.2,  dualfeasorg deteriorated too much: primfeasorg=7.75e-07,dualfeasorg=2.80e-05
17 entries survived 

18 th thresholding

  breakyes=4.1,  primfeasorg stagnate, 0.00e+00
18 entries survived 

19 th thresholding

  breakyes = 1.0,  maxresidual < 1.00e-04  breakyes=1.0,  maxresidual < 1.00e-06
17 entries survived 

20 th thresholding

  breakyes=4.2,  dualfeasorg stagnate, 9.33e-05
18 entries survived 

21 th thresholding

  breakyes=3.2,  dualfeasorg deteriorated too much: primfeasorg=1.28e-06,dualfeasorg=3.47e-05
17 entries survived 

22 th thresholding

  breakyes=3.2,  dualfeasorg deteriorated too much: primfeasorg=7.33e-07,dualfeasorg=5.19e-05
19 entries survived 

23 th thresholding

  breakyes=3.2,  dualfeasorg deteriorated too much: primfeasorg=1.28e-06,dualfeasorg=3.47e-05
17 entries survived 

24 th thresholding

  breakyes=3.2,  dualfeasorg deteriorated too much: primfeasorg=7.33e-07,dualfeasorg=5.19e-05
19 entries survived 

25 th thresholding

  breakyes=3.2,  dualfeasorg deteriorated too much: primfeasorg=1.28e-06,dualfeasorg=3.47e-05
17 entries survived 

26 th thresholding

  breakyes=3.2,  dualfeasorg deteriorated too much: primfeasorg=7.33e-07,dualfeasorg=5.19e-05
19 entries survived 

27 th thresholding

  breakyes=3.2,  dualfeasorg deteriorated too much: primfeasorg=1.28e-06,dualfeasorg=3.47e-05
17 entries survived 

28 th thresholding

  breakyes=3.2,  dualfeasorg deteriorated too much: primfeasorg=7.33e-07,dualfeasorg=5.19e-05
19 entries survived 

29 th thresholding

  breakyes=3.2,  dualfeasorg deteriorated too much: primfeasorg=1.28e-06,dualfeasorg=3.47e-05
17 entries survived 

30 th thresholding

  breakyes=3.2,  dualfeasorg deteriorated too much: primfeasorg=7.33e-07,dualfeasorg=5.19e-05
19 entries survived 

acc_vec =

    0.8800
    0.9260
    0.9280
    0.9200
    0.9200
    0.9220
    0.9300
    0.9260
    0.9300
    0.9280
    0.9280
    0.9320
    0.9240
    0.9260
    0.9240
    0.9300
    0.9240
    0.9280
    0.9220
    0.9280
    0.9280
    0.9320
    0.9280
    0.9320
    0.9280
    0.9320
    0.9280
    0.9320
    0.9280
    0.9320
    0.9280

acc =0.880000  0.926000  0.928000  0.920000  0.920000  0.922000  0.930000  0.926000  0.930000  0.928000  0.928000  0.932000  0.924000  0.926000  0.924000  0.930000  0.924000  0.928000  0.922000  0.928000  0.928000  0.932000  0.928000  0.932000  0.928000  0.932000  0.928000  0.932000  0.928000  0.932000  0.928000 

discov_true_vec =

    10
    10
    10
    10
    10
    10
    10
    10
    10
    10
    10
    10
    10
    10
    10
    10
    10
    10
    10
    10
    10
    10
    10
    10
    10
    10
    10
    10
    10
    10


discov_false_vec =

     7
     8
     7
     6
     6
     6
     6
     6
     6
     6
     7
     6
     6
     6
     6
     6
     7
     8
     7
     8
     7
     9
     7
     9
     7
     9
     7
     9
     7
     9


data =

  31x16 table

    rep    iter    sep    dim    rho     sparsity     acc     obj_prim    obj_dual    discov_true    discov_false    diff_x_tilde    diff_omega_diag    time_isee    time_SDP          jobdate       
    ___    ____    ___    ___    ____    ________    _____    ________    ________    ___________    ____________    ____________    _______________    _________    ________    ____________________

    50       0      3     350    0.05       10        0.88          0           0          0              0                  0                0               0            0     21-Mar-2024 19:39:18
    50       1      3     350    0.05       10       0.926    -3.2117     -3.2117         10              7             65.855           2.3709          18.057       101.53     21-Mar-2024 19:39:18
    50       2      3     350    0.05       10       0.928    -2.8531     -2.8531         10              8             65.956           2.3283          18.038       66.583     21-Mar-2024 19:39:18
    50       3      3     350    0.05       10        0.92    -2.7403     -2.7403         10              7             66.419           2.3289          18.141       56.033     21-Mar-2024 19:39:18
    50       4      3     350    0.05       10        0.92    -2.8466     -2.8466         10              6             67.199           2.3548          17.954        76.74     21-Mar-2024 19:39:18
    50       5      3     350    0.05       10       0.922     -2.844      -2.844         10              6              65.84           2.2724          18.322       48.434     21-Mar-2024 19:39:18
    50       6      3     350    0.05       10        0.93    -2.9087     -2.9087         10              6             67.149           2.3759          18.174         67.5     21-Mar-2024 19:39:18
    50       7      3     350    0.05       10       0.926    -2.8716     -2.8716         10              6             67.036           2.3686          17.932       66.353     21-Mar-2024 19:39:18
    50       8      3     350    0.05       10        0.93    -2.8464     -2.8463         10              6             66.352           2.3397          18.246       87.046     21-Mar-2024 19:39:18
    50       9      3     350    0.05       10       0.928    -2.8946     -2.8946         10              6             67.113           2.3745          17.805       52.039     21-Mar-2024 19:39:18
    50      10      3     350    0.05       10       0.928    -2.7191     -2.7191         10              6              66.33           2.3434          17.769       90.662     21-Mar-2024 19:39:18
    50      11      3     350    0.05       10       0.932    -2.8253     -2.8253         10              7              68.14             2.41           18.25       78.968     21-Mar-2024 19:39:18
    50      12      3     350    0.05       10       0.924    -2.9538     -2.9537         10              6             67.457           2.3843          18.415       108.25     21-Mar-2024 19:39:18
    50      13      3     350    0.05       10       0.926     -2.755      -2.755         10              6              66.75           2.3482          17.639       66.481     21-Mar-2024 19:39:18
    50      14      3     350    0.05       10       0.924    -2.7641     -2.7641         10              6             67.054           2.3542          18.109       75.808     21-Mar-2024 19:39:18
    50      15      3     350    0.05       10        0.93    -2.9571     -2.9571         10              6             67.059            2.401          17.913       55.961     21-Mar-2024 19:39:18
    50      16      3     350    0.05       10       0.924    -2.7733     -2.7733         10              6             67.474           2.3894          20.844       88.088     21-Mar-2024 19:39:18
    50      17      3     350    0.05       10       0.928    -2.9056     -2.9056         10              7             67.407           2.4232          18.072       69.118     21-Mar-2024 19:39:18
    50      18      3     350    0.05       10       0.922    -2.9345     -2.9345         10              8             66.884           2.4033          18.053       92.906     21-Mar-2024 19:39:18
    50      19      3     350    0.05       10       0.928    -2.8834     -2.8834         10              7             66.531           2.3499          17.878       83.907     21-Mar-2024 19:39:18
    50      20      3     350    0.05       10       0.928    -2.8715     -2.8715         10              8             66.375            2.304           18.02       71.235     21-Mar-2024 19:39:18
    50      21      3     350    0.05       10       0.932    -2.8971     -2.8971         10              7             66.926           2.3738          17.854       33.152     21-Mar-2024 19:39:18
    50      22      3     350    0.05       10       0.928    -2.9556     -2.9556         10              9              65.19           2.2569           18.12       78.075     21-Mar-2024 19:39:18
    50      23      3     350    0.05       10       0.932    -2.8971     -2.8971         10              7             66.926           2.3738          18.177       40.265     21-Mar-2024 19:39:18
    50      24      3     350    0.05       10       0.928    -2.9556     -2.9556         10              9              65.19           2.2569          18.053       74.004     21-Mar-2024 19:39:18
    50      25      3     350    0.05       10       0.932    -2.8971     -2.8971         10              7             66.926           2.3738          18.159       32.118     21-Mar-2024 19:39:18
    50      26      3     350    0.05       10       0.928    -2.9556     -2.9556         10              9              65.19           2.2569          18.377       89.448     21-Mar-2024 19:39:18
    50      27      3     350    0.05       10       0.932    -2.8971     -2.8971         10              7             66.926           2.3738          17.903       41.815     21-Mar-2024 19:39:18
    50      28      3     350    0.05       10       0.928    -2.9556     -2.9556         10              9              65.19           2.2569          17.766       91.216     21-Mar-2024 19:39:18
    50      29      3     350    0.05       10       0.932    -2.8971     -2.8971         10              7             66.926           2.3738          18.459        39.77     21-Mar-2024 19:39:18
    50      30      3     350    0.05       10       0.928    -2.9556     -2.9556         10              9              65.19           2.2569          17.891       91.979     21-Mar-2024 19:39:18


rep =

    51

replication: (51)th 

thres=0.269832
1 th thresholding

  breakyes=3.2,  dualfeasorg deteriorated too much: primfeasorg=2.44e-06,dualfeasorg=4.70e-05
20 entries survived 

2 th thresholding

  breakyes = 1.0,  maxresidual < 1.00e-04  breakyes=3.2,  dualfeasorg deteriorated too much: primfeasorg=1.11e-06,dualfeasorg=8.41e-05
13 entries survived 

3 th thresholding

  breakyes=4.1,  primfeasorg stagnate, 8.65e-05
13 entries survived 

4 th thresholding

  breakyes=1.4,  maxresidual < 1.00e-06
12 entries survived 

5 th thresholding

  breakyes=3.2,  dualfeasorg deteriorated too much: primfeasorg=1.09e-06,dualfeasorg=5.84e-05
13 entries survived 

6 th thresholding

  breakyes=3.2,  dualfeasorg deteriorated too much: primfeasorg=4.99e-06,dualfeasorg=5.97e-05
12 entries survived 

7 th thresholding

  breakyes=3.2,  dualfeasorg deteriorated too much: primfeasorg=1.12e-06,dualfeasorg=6.63e-05
13 entries survived 

8 th thresholding

  breakyes=3.2,  dualfeasorg deteriorated too much: primfeasorg=1.17e-06,dualfeasorg=4.70e-05
12 entries survived 

9 th thresholding

  breakyes=3.2,  dualfeasorg deteriorated too much: primfeasorg=7.64e-07,dualfeasorg=4.83e-05
14 entries survived 

10 th thresholding

  breakyes=4.1,  primfeasorg stagnate, 0.00e+00
12 entries survived 

11 th thresholding

  breakyes=1.3,  maxresidual < 1.00e-06
12 entries survived 

12 th thresholding

  breakyes=3.2,  dualfeasorg deteriorated too much: primfeasorg=9.98e-07,dualfeasorg=4.54e-05
13 entries survived 

13 th thresholding

  breakyes=1.4,  maxresidual < 1.00e-06
13 entries survived 

14 th thresholding

  breakyes=3.2,  dualfeasorg deteriorated too much: primfeasorg=9.98e-07,dualfeasorg=4.54e-05
13 entries survived 

15 th thresholding

  breakyes=1.4,  maxresidual < 1.00e-06
13 entries survived 

16 th thresholding

  breakyes=3.2,  dualfeasorg deteriorated too much: primfeasorg=9.98e-07,dualfeasorg=4.54e-05
13 entries survived 

17 th thresholding

  breakyes=1.4,  maxresidual < 1.00e-06
13 entries survived 

18 th thresholding

  breakyes=3.2,  dualfeasorg deteriorated too much: primfeasorg=9.98e-07,dualfeasorg=4.54e-05
13 entries survived 

19 th thresholding

  breakyes=1.4,  maxresidual < 1.00e-06
13 entries survived 

20 th thresholding

  breakyes=3.2,  dualfeasorg deteriorated too much: primfeasorg=9.98e-07,dualfeasorg=4.54e-05
13 entries survived 

21 th thresholding

  breakyes=1.4,  maxresidual < 1.00e-06
13 entries survived 

22 th thresholding

  breakyes=3.2,  dualfeasorg deteriorated too much: primfeasorg=9.98e-07,dualfeasorg=4.54e-05
13 entries survived 

23 th thresholding

  breakyes=1.4,  maxresidual < 1.00e-06
13 entries survived 

24 th thresholding

  breakyes=3.2,  dualfeasorg deteriorated too much: primfeasorg=9.98e-07,dualfeasorg=4.54e-05
13 entries survived 

25 th thresholding

  breakyes=1.4,  maxresidual < 1.00e-06
13 entries survived 

26 th thresholding

  breakyes=3.2,  dualfeasorg deteriorated too much: primfeasorg=9.98e-07,dualfeasorg=4.54e-05
13 entries survived 

27 th thresholding

  breakyes=1.4,  maxresidual < 1.00e-06
13 entries survived 

28 th thresholding

  breakyes=3.2,  dualfeasorg deteriorated too much: primfeasorg=9.98e-07,dualfeasorg=4.54e-05
13 entries survived 

29 th thresholding

  breakyes=1.4,  maxresidual < 1.00e-06
13 entries survived 

30 th thresholding

  breakyes=3.2,  dualfeasorg deteriorated too much: primfeasorg=9.98e-07,dualfeasorg=4.54e-05
13 entries survived 

acc_vec =

    0.8780
    0.9140
    0.9040
    0.9180
    0.9220
    0.9220
    0.9200
    0.9240
    0.9180
    0.9240
    0.9160
    0.9260
    0.9140
    0.9260
    0.9140
    0.9260
    0.9140
    0.9260
    0.9140
    0.9260
    0.9140
    0.9260
    0.9140
    0.9260
    0.9140
    0.9260
    0.9140
    0.9260
    0.9140
    0.9260
    0.9140

acc =0.878000  0.914000  0.904000  0.918000  0.922000  0.922000  0.920000  0.924000  0.918000  0.924000  0.916000  0.926000  0.914000  0.926000  0.914000  0.926000  0.914000  0.926000  0.914000  0.926000  0.914000  0.926000  0.914000  0.926000  0.914000  0.926000  0.914000  0.926000  0.914000  0.926000  0.914000 

discov_true_vec =

    10
    10
    10
    10
    10
    10
    10
    10
    10
    10
    10
    10
    10
    10
    10
    10
    10
    10
    10
    10
    10
    10
    10
    10
    10
    10
    10
    10
    10
    10


discov_false_vec =

    10
     3
     3
     2
     3
     2
     3
     2
     4
     2
     2
     3
     3
     3
     3
     3
     3
     3
     3
     3
     3
     3
     3
     3
     3
     3
     3
     3
     3
     3


data =

  31x16 table

    rep    iter    sep    dim    rho     sparsity     acc     obj_prim    obj_dual    discov_true    discov_false    diff_x_tilde    diff_omega_diag    time_isee    time_SDP          jobdate       
    ___    ____    ___    ___    ____    ________    _____    ________    ________    ___________    ____________    ____________    _______________    _________    ________    ____________________

    51       0      3     350    0.05       10       0.878          0           0          0               0                 0                0               0            0     21-Mar-2024 20:29:34
    51       1      3     350    0.05       10       0.914    -2.7077     -2.7077         10              10            69.118           2.4483          18.084       39.604     21-Mar-2024 20:29:34
    51       2      3     350    0.05       10       0.904    -2.2724     -2.2724         10               3            66.082            2.261          17.897       46.714     21-Mar-2024 20:29:34
    51       3      3     350    0.05       10       0.918    -2.4935     -2.4935         10               3            68.473           2.4369          18.026        86.31     21-Mar-2024 20:29:34
    51       4      3     350    0.05       10       0.922    -2.3583     -2.3582         10               2            66.364            2.331           17.55       98.945     21-Mar-2024 20:29:34
    51       5      3     350    0.05       10       0.922    -2.2368     -2.2368         10               3            67.862           2.3637          18.182       79.492     21-Mar-2024 20:29:34
    51       6      3     350    0.05       10        0.92    -2.1864     -2.1864         10               2            66.859           2.3011          17.689       81.939     21-Mar-2024 20:29:34
    51       7      3     350    0.05       10       0.924    -2.1812     -2.1812         10               3            66.611           2.2653          17.812       72.979     21-Mar-2024 20:29:34
    51       8      3     350    0.05       10       0.918     -2.156     -2.1559         10               2             66.32           2.3021          18.218       93.382     21-Mar-2024 20:29:34
    51       9      3     350    0.05       10       0.924    -2.2063     -2.2063         10               4            66.426           2.3074          17.726       99.248     21-Mar-2024 20:29:34
    51      10      3     350    0.05       10       0.916     -2.175      -2.175         10               2            67.097           2.3319           17.88        76.32     21-Mar-2024 20:29:34
    51      11      3     350    0.05       10       0.926    -2.1897     -2.1897         10               2            65.846           2.2401          18.016       111.99     21-Mar-2024 20:29:34
    51      12      3     350    0.05       10       0.914    -2.1933     -2.1933         10               3             67.58           2.3586          17.789       88.993     21-Mar-2024 20:29:34
    51      13      3     350    0.05       10       0.926    -2.1638     -2.1638         10               3            66.906           2.3333          17.687       72.127     21-Mar-2024 20:29:34
    51      14      3     350    0.05       10       0.914    -2.1933     -2.1933         10               3             67.58           2.3586          17.551       92.087     21-Mar-2024 20:29:34
    51      15      3     350    0.05       10       0.926    -2.1638     -2.1638         10               3            66.906           2.3333          18.118       80.942     21-Mar-2024 20:29:34
    51      16      3     350    0.05       10       0.914    -2.1933     -2.1933         10               3             67.58           2.3586          17.937       74.083     21-Mar-2024 20:29:34
    51      17      3     350    0.05       10       0.926    -2.1638     -2.1638         10               3            66.906           2.3333          17.609       84.455     21-Mar-2024 20:29:34
    51      18      3     350    0.05       10       0.914    -2.1933     -2.1933         10               3             67.58           2.3586          17.925       85.693     21-Mar-2024 20:29:34
    51      19      3     350    0.05       10       0.926    -2.1638     -2.1638         10               3            66.906           2.3333          17.887       88.246     21-Mar-2024 20:29:34
    51      20      3     350    0.05       10       0.914    -2.1933     -2.1933         10               3             67.58           2.3586          18.045       81.357     21-Mar-2024 20:29:34
    51      21      3     350    0.05       10       0.926    -2.1638     -2.1638         10               3            66.906           2.3333          17.962       77.522     21-Mar-2024 20:29:34
    51      22      3     350    0.05       10       0.914    -2.1933     -2.1933         10               3             67.58           2.3586          17.893       92.205     21-Mar-2024 20:29:34
    51      23      3     350    0.05       10       0.926    -2.1638     -2.1638         10               3            66.906           2.3333          17.973       90.339     21-Mar-2024 20:29:34
    51      24      3     350    0.05       10       0.914    -2.1933     -2.1933         10               3             67.58           2.3586          18.114       91.487     21-Mar-2024 20:29:34
    51      25      3     350    0.05       10       0.926    -2.1638     -2.1638         10               3            66.906           2.3333          17.514       89.306     21-Mar-2024 20:29:34
    51      26      3     350    0.05       10       0.914    -2.1933     -2.1933         10               3             67.58           2.3586           17.82       83.749     21-Mar-2024 20:29:34
    51      27      3     350    0.05       10       0.926    -2.1638     -2.1638         10               3            66.906           2.3333          17.985       90.611     21-Mar-2024 20:29:34
    51      28      3     350    0.05       10       0.914    -2.1933     -2.1933         10               3             67.58           2.3586          17.329        80.45     21-Mar-2024 20:29:34
    51      29      3     350    0.05       10       0.926    -2.1638     -2.1638         10               3            66.906           2.3333          17.845       74.576     21-Mar-2024 20:29:34
    51      30      3     350    0.05       10       0.914    -2.1933     -2.1933         10               3             67.58           2.3586          17.467       74.905     21-Mar-2024 20:29:34


rep =

    52

replication: (52)th 

thres=0.269832
1 th thresholding

  breakyes=3.2,  dualfeasorg deteriorated too much: primfeasorg=1.27e-06,dualfeasorg=2.95e-05
19 entries survived 

2 th thresholding

  breakyes=1.3,  maxresidual < 1.00e-06
16 entries survived 

3 th thresholding

  breakyes=1.4,  maxresidual < 1.00e-06
16 entries survived 

4 th thresholding

  breakyes=3.2,  dualfeasorg deteriorated too much: primfeasorg=7.33e-07,dualfeasorg=2.66e-05
17 entries survived 

5 th thresholding

  breakyes=4.1,  primfeasorg stagnate, 8.09e-05
15 entries survived 

6 th thresholding

  breakyes=1.4,  maxresidual < 1.00e-06
15 entries survived 

7 th thresholding

  breakyes=3.2,  dualfeasorg deteriorated too much: primfeasorg=1.21e-06,dualfeasorg=3.42e-05
16 entries survived 

8 th thresholding

  breakyes=3.2,  dualfeasorg deteriorated too much: primfeasorg=2.62e-06,dualfeasorg=5.14e-05
16 entries survived 

9 th thresholding

  breakyes=3.2,  dualfeasorg deteriorated too much: primfeasorg=1.82e-06,dualfeasorg=2.66e-05
19 entries survived 

10 th thresholding

  breakyes=3.2,  dualfeasorg deteriorated too much: primfeasorg=2.13e-06,dualfeasorg=5.46e-05
18 entries survived 

11 th thresholding

  breakyes=3.2,  dualfeasorg deteriorated too much: primfeasorg=2.91e-06,dualfeasorg=7.25e-05
16 entries survived 

12 th thresholding

  breakyes=3.2,  dualfeasorg deteriorated too much: primfeasorg=3.37e-06,dualfeasorg=6.81e-05
17 entries survived 

13 th thresholding

  breakyes=4.1,  primfeasorg stagnate, 0.00e+00
16 entries survived 

14 th thresholding

  breakyes=3.2,  dualfeasorg deteriorated too much: primfeasorg=1.13e-06,dualfeasorg=2.84e-05
17 entries survived 

15 th thresholding

  breakyes=1.4,  maxresidual < 1.00e-06
16 entries survived 

16 th thresholding

  breakyes=3.2,  dualfeasorg deteriorated too much: primfeasorg=2.58e-06,dualfeasorg=4.09e-05
18 entries survived 

17 th thresholding

  breakyes=1.4,  maxresidual < 1.00e-06
18 entries survived 

18 th thresholding

  breakyes=1.3,  maxresidual < 1.00e-06
18 entries survived 

19 th thresholding

  breakyes=3.2,  dualfeasorg deteriorated too much: primfeasorg=2.91e-06,dualfeasorg=5.30e-05
18 entries survived 

20 th thresholding

  breakyes=4.1,  primfeasorg stagnate, 0.00e+00
17 entries survived 

21 th thresholding

  breakyes=1.4,  maxresidual < 1.00e-06
17 entries survived 

22 th thresholding

  breakyes=1.3,  maxresidual < 1.00e-06
17 entries survived 

23 th thresholding

  breakyes=4.1,  primfeasorg stagnate, 0.00e+00
17 entries survived 

24 th thresholding

  breakyes=1.3,  maxresidual < 1.00e-06
16 entries survived 

25 th thresholding

  breakyes=1.4,  maxresidual < 1.00e-06
17 entries survived 

26 th thresholding

  breakyes=3.2,  dualfeasorg deteriorated too much: primfeasorg=1.21e-06,dualfeasorg=4.66e-05
17 entries survived 

27 th thresholding

  breakyes=3.2,  dualfeasorg deteriorated too much: primfeasorg=2.04e-06,dualfeasorg=2.87e-05
16 entries survived 

28 th thresholding

  breakyes=3.2,  dualfeasorg deteriorated too much: primfeasorg=5.84e-07,dualfeasorg=3.96e-05
16 entries survived 

29 th thresholding

  breakyes=3.2,  dualfeasorg deteriorated too much: primfeasorg=1.16e-06,dualfeasorg=2.49e-05
16 entries survived 

30 th thresholding

  breakyes=3.2,  dualfeasorg deteriorated too much: primfeasorg=1.19e-06,dualfeasorg=3.36e-05
17 entries survived 

acc_vec =

    0.8500
    0.8860
    0.8980
    0.9020
    0.9000
    0.9040
    0.9000
    0.8880
    0.8940
    0.8940
    0.8800
    0.9040
    0.8860
    0.8980
    0.8900
    0.9000
    0.8920
    0.8960
    0.8920
    0.8940
    0.8920
    0.8900
    0.8860
    0.8780
    0.8880
    0.8940
    0.8860
    0.8960
    0.8860
    0.8940
    0.8860

acc =0.850000  0.886000  0.898000  0.902000  0.900000  0.904000  0.900000  0.888000  0.894000  0.894000  0.880000  0.904000  0.886000  0.898000  0.890000  0.900000  0.892000  0.896000  0.892000  0.894000  0.892000  0.890000  0.886000  0.878000  0.888000  0.894000  0.886000  0.896000  0.886000  0.894000  0.886000 

discov_true_vec =

    10
    10
    10
    10
    10
    10
    10
    10
    10
    10
    10
    10
    10
    10
    10
    10
    10
    10
    10
    10
    10
    10
    10
    10
    10
    10
    10
    10
    10
    10


discov_false_vec =

     9
     6
     6
     7
     5
     5
     6
     6
     9
     8
     6
     7
     6
     7
     6
     8
     8
     8
     8
     7
     7
     7
     7
     6
     7
     7
     6
     6
     6
     7


data =

  31x16 table

    rep    iter    sep    dim    rho     sparsity     acc     obj_prim    obj_dual    discov_true    discov_false    diff_x_tilde    diff_omega_diag    time_isee    time_SDP          jobdate       
    ___    ____    ___    ___    ____    ________    _____    ________    ________    ___________    ____________    ____________    _______________    _________    ________    ____________________

    52       0      3     350    0.05       10        0.85          0           0          0              0                  0                0               0            0     21-Mar-2024 21:12:36
    52       1      3     350    0.05       10       0.886    -3.7081     -3.7081         10              9              68.05           2.4407          17.802       20.739     21-Mar-2024 21:12:36
    52       2      3     350    0.05       10       0.898    -3.1492     -3.1492         10              6             66.865           2.3227          17.852       55.138     21-Mar-2024 21:12:36
    52       3      3     350    0.05       10       0.902    -3.2877     -3.2877         10              6             69.669           2.4759          17.567       120.08     21-Mar-2024 21:12:36
    52       4      3     350    0.05       10         0.9    -3.1867     -3.1867         10              7             68.974           2.4196          17.583       58.067     21-Mar-2024 21:12:36
    52       5      3     350    0.05       10       0.904    -3.1773     -3.1773         10              5             69.205           2.4324           17.75       66.351     21-Mar-2024 21:12:36
    52       6      3     350    0.05       10         0.9    -3.0795     -3.0795         10              5             67.035           2.3055           17.54       65.959     21-Mar-2024 21:12:36
    52       7      3     350    0.05       10       0.888    -3.2478     -3.2478         10              6             69.387           2.4065          17.582       43.828     21-Mar-2024 21:12:36
    52       8      3     350    0.05       10       0.894    -3.1486     -3.1486         10              6             69.133           2.4759          17.643       21.721     21-Mar-2024 21:12:36
    52       9      3     350    0.05       10       0.894    -3.2563     -3.2563         10              9             68.367           2.4238          17.703       100.51     21-Mar-2024 21:12:36
    52      10      3     350    0.05       10        0.88    -3.2979     -3.2978         10              8             67.121           2.3289          17.855       113.02     21-Mar-2024 21:12:36
    52      11      3     350    0.05       10       0.904    -3.0702     -3.0702         10              6             69.158           2.4752          17.947       25.416     21-Mar-2024 21:12:36
    52      12      3     350    0.05       10       0.886    -3.1369     -3.1369         10              7             66.342            2.291          17.949       26.319     21-Mar-2024 21:12:36
    52      13      3     350    0.05       10       0.898    -3.1332     -3.1332         10              6             67.723           2.3604          17.733       106.56     21-Mar-2024 21:12:36
    52      14      3     350    0.05       10        0.89     -3.229     -3.2289         10              7             67.733           2.3408          17.652       70.309     21-Mar-2024 21:12:36
    52      15      3     350    0.05       10         0.9    -3.1458     -3.1458         10              6             68.534           2.4195          17.656       58.984     21-Mar-2024 21:12:36
    52      16      3     350    0.05       10       0.892    -3.2411      -3.241         10              8             66.004           2.3065          17.733       103.67     21-Mar-2024 21:12:36
    52      17      3     350    0.05       10       0.896    -3.2957     -3.2957         10              8             67.974           2.3851          18.582        116.7     21-Mar-2024 21:12:36
    52      18      3     350    0.05       10       0.892    -3.3174     -3.3173         10              8             68.306           2.4287          17.628        55.64     21-Mar-2024 21:12:36
    52      19      3     350    0.05       10       0.894    -3.2702     -3.2701         10              8             68.563           2.4051          17.948       21.473     21-Mar-2024 21:12:36
    52      20      3     350    0.05       10       0.892    -3.2606     -3.2606         10              7             67.479           2.4229          17.698        66.29     21-Mar-2024 21:12:36
    52      21      3     350    0.05       10        0.89    -3.2323     -3.2322         10              7             70.207           2.5241          17.448       99.542     21-Mar-2024 21:12:36
    52      22      3     350    0.05       10       0.886    -3.3255     -3.3255         10              7             67.443            2.381          17.636       79.237     21-Mar-2024 21:12:36
    52      23      3     350    0.05       10       0.878    -3.2958     -3.2958         10              7             69.523           2.4746          17.955        64.49     21-Mar-2024 21:12:36
    52      24      3     350    0.05       10       0.888    -3.3022     -3.3022         10              6             69.291           2.4771          17.951       64.728     21-Mar-2024 21:12:36
    52      25      3     350    0.05       10       0.894     -3.185      -3.185         10              7             68.082           2.3488          17.798       55.201     21-Mar-2024 21:12:36
    52      26      3     350    0.05       10       0.886    -3.2088     -3.2088         10              7             67.477           2.3398          17.921       41.332     21-Mar-2024 21:12:36
    52      27      3     350    0.05       10       0.896    -3.2062     -3.2062         10              6             67.804           2.3416          17.801          109     21-Mar-2024 21:12:36
    52      28      3     350    0.05       10       0.886    -3.1654     -3.1654         10              6             68.139            2.404          18.654       91.319     21-Mar-2024 21:12:36
    52      29      3     350    0.05       10       0.894     -3.048      -3.048         10              6             67.499           2.3751          17.634       70.988     21-Mar-2024 21:12:36
    52      30      3     350    0.05       10       0.886    -3.1258     -3.1258         10              7             67.964           2.4137          17.993       54.514     21-Mar-2024 21:12:36

