==========================================
SLURM_JOB_ID = 20378837
SLURM_JOB_NODELIST = d17-26
TMPDIR = /tmp/SLURM_20378837
==========================================
hello
Starting parallel pool (parpool) ...
Connected to the parallel pool (number of workers: 15).

pool = 

 ProcessPool with properties: 

            Connected: true
           NumWorkers: 15
                 Busy: false
              Cluster: Local
        AttachedFiles: {}
    AutoAddClientPath: true
            FileStore: [1x1 parallel.FileStore]
           ValueStore: [1x1 parallel.ValueStore]
          IdleTimeout: 30 minutes (30 minutes remaining)
          SpmdEnabled: true


p =

   450


Delta =

     3


s =

    10


n =

   500


ii =

    10


table_name =

    'sparse_kmeans_isee_denoise'


conn = 

  sqlite with properties:

      Database: '/home1/jongminm/sparse_kmeans/sparse_kmeans.db'
    IsReadOnly: 0
    AutoCommit: 'on'


rho =

    0.0500


M =

    0.4951

delta confirmed: 3.000000
ans =

    2.8754


rep =

    37

replication: (37)th 

thres=0.275560
1 th thresholding

  breakyes=1.4,  maxresidual < 1.00e-06
18 entries survived 

2 th thresholding


  breakyes=3.2,  dualfeasorg deteriorated too much: primfeasorg=1.14e-06,dualfeasorg=3.28e-05
12 entries survived 

3 th thresholding

  breakyes=3.2,  dualfeasorg deteriorated too much: primfeasorg=1.07e-06,dualfeasorg=4.42e-05
12 entries survived 

4 th thresholding

  breakyes=3.2,  dualfeasorg deteriorated too much: primfeasorg=8.65e-07,dualfeasorg=3.36e-05
14 entries survived 

5 th thresholding

  breakyes=1.3,  maxresidual < 1.00e-06
13 entries survived 

6 th thresholding

  breakyes=1.3,  maxresidual < 1.00e-06
13 entries survived 

7 th thresholding

  breakyes=4.1,  primfeasorg stagnate, 8.78e-05
12 entries survived 

8 th thresholding

  breakyes=1.3,  maxresidual < 1.00e-06
12 entries survived 

9 th thresholding

  breakyes=1.0,  maxresidual < 1.00e-06
13 entries survived 

10 th thresholding

  breakyes=1.4,  maxresidual < 1.00e-06
12 entries survived 

11 th thresholding

  breakyes=1.4,  maxresidual < 1.00e-06
12 entries survived 

12 th thresholding

  breakyes=1.4,  maxresidual < 1.00e-06
12 entries survived 

13 th thresholding

  breakyes=1.4,  maxresidual < 1.00e-06
12 entries survived 

14 th thresholding

  breakyes=3.2,  dualfeasorg deteriorated too much: primfeasorg=5.84e-07,dualfeasorg=2.99e-05
12 entries survived 

15 th thresholding

  breakyes=1.4,  maxresidual < 1.00e-06
12 entries survived 

16 th thresholding

  breakyes=1.4,  maxresidual < 1.00e-06
12 entries survived 

17 th thresholding

  breakyes=1.4,  maxresidual < 1.00e-06
12 entries survived 

18 th thresholding

  breakyes=1.4,  maxresidual < 1.00e-06
13 entries survived 

19 th thresholding

  breakyes=1.4,  maxresidual < 1.00e-06
12 entries survived 

20 th thresholding

  breakyes=1.4,  maxresidual < 1.00e-06
12 entries survived 

21 th thresholding

  breakyes=3.2,  dualfeasorg deteriorated too much: primfeasorg=7.83e-07,dualfeasorg=3.23e-05
13 entries survived 

22 th thresholding

  breakyes=1.4,  maxresidual < 1.00e-06
14 entries survived 

23 th thresholding

  breakyes=1.3,  maxresidual < 1.00e-06
14 entries survived 

24 th thresholding

  breakyes=1.3,  maxresidual < 1.00e-06
13 entries survived 

25 th thresholding

  breakyes=3.2,  dualfeasorg deteriorated too much: primfeasorg=1.42e-06,dualfeasorg=4.70e-05
14 entries survived 

26 th thresholding

  breakyes=3.2,  dualfeasorg deteriorated too much: primfeasorg=1.86e-06,dualfeasorg=7.69e-05
13 entries survived 

27 th thresholding

  breakyes=3.2,  dualfeasorg deteriorated too much: primfeasorg=1.43e-06,dualfeasorg=3.46e-05
15 entries survived 

28 th thresholding

  breakyes=3.2,  dualfeasorg deteriorated too much: primfeasorg=9.30e-07,dualfeasorg=3.36e-05
14 entries survived 

29 th thresholding

  breakyes=3.2,  dualfeasorg deteriorated too much: primfeasorg=8.28e-07,dualfeasorg=3.53e-05
15 entries survived 

30 th thresholding

  breakyes=3.2,  dualfeasorg deteriorated too much: primfeasorg=1.80e-06,dualfeasorg=2.77e-05
13 entries survived 

acc_vec =

    0.8580
    0.9160
    0.9120
    0.9240
    0.9040
    0.9160
    0.9140
    0.9160
    0.9200
    0.9160
    0.9180
    0.9180
    0.9160
    0.9180
    0.9120
    0.9140
    0.9140
    0.9180
    0.9200
    0.9100
    0.9240
    0.9160
    0.9120
    0.9140
    0.9160
    0.9120
    0.9060
    0.9000
    0.9080
    0.9080
    0.9060

acc =0.858000  0.916000  0.912000  0.924000  0.904000  0.916000  0.914000  0.916000  0.920000  0.916000  0.918000  0.918000  0.916000  0.918000  0.912000  0.914000  0.914000  0.918000  0.920000  0.910000  0.924000  0.916000  0.912000  0.914000  0.916000  0.912000  0.906000  0.900000  0.908000  0.908000  0.906000 

discov_true_vec =

    10
    10
    10
    10
    10
    10
    10
    10
    10
    10
    10
    10
    10
    10
    10
    10
    10
    10
    10
    10
    10
    10
    10
    10
    10
    10
    10
    10
    10
    10


discov_false_vec =

     8
     2
     2
     4
     3
     3
     2
     2
     3
     2
     2
     2
     2
     2
     2
     2
     2
     3
     2
     2
     3
     4
     4
     3
     4
     3
     5
     4
     5
     3


data =

  31x16 table

    rep    iter    sep    dim    rho     sparsity     acc     obj_prim    obj_dual    discov_true    discov_false    diff_x_tilde    diff_omega_diag    time_isee    time_SDP          jobdate       
    ___    ____    ___    ___    ____    ________    _____    ________    ________    ___________    ____________    ____________    _______________    _________    ________    ____________________

    37       0      3     450    0.05       10       0.858          0           0          0              0                  0                0               0            0     21-Mar-2024 19:55:08
    37       1      3     450    0.05       10       0.916    -2.9942     -2.9942         10              8             77.528           2.8427          31.548       61.028     21-Mar-2024 19:55:08
    37       2      3     450    0.05       10       0.912    -2.5461     -2.5461         10              2              78.09           2.9144          28.235       65.853     21-Mar-2024 19:55:08
    37       3      3     450    0.05       10       0.924    -2.4828     -2.4827         10              2             76.508           2.8159          27.704       59.998     21-Mar-2024 19:55:08
    37       4      3     450    0.05       10       0.904    -2.5508     -2.5507         10              4             77.385            2.924          28.535       47.665     21-Mar-2024 19:55:08
    37       5      3     450    0.05       10       0.916    -2.5391     -2.5391         10              3              76.79           2.8244          28.551       84.003     21-Mar-2024 19:55:08
    37       6      3     450    0.05       10       0.914    -2.5862     -2.5862         10              3             77.287           2.8934          28.643       35.539     21-Mar-2024 19:55:08
    37       7      3     450    0.05       10       0.916    -2.6564     -2.6564         10              2             77.305           2.9244          27.957       249.96     21-Mar-2024 19:55:08
    37       8      3     450    0.05       10        0.92    -2.5589     -2.5588         10              2             76.984           2.8604          28.647       54.442     21-Mar-2024 19:55:08
    37       9      3     450    0.05       10       0.916    -2.4514     -2.4514         10              3             75.517           2.7459          27.769        25.74     21-Mar-2024 19:55:08
    37      10      3     450    0.05       10       0.918     -2.558      -2.558         10              2             75.457           2.7663          28.067       80.177     21-Mar-2024 19:55:08
    37      11      3     450    0.05       10       0.918    -2.4841     -2.4841         10              2             76.901           2.8613          28.669       25.951     21-Mar-2024 19:55:08
    37      12      3     450    0.05       10       0.916    -2.4852     -2.4852         10              2             75.412           2.7076          28.646          111     21-Mar-2024 19:55:08
    37      13      3     450    0.05       10       0.918    -2.5182     -2.5182         10              2             75.846           2.7677          27.854       71.807     21-Mar-2024 19:55:08
    37      14      3     450    0.05       10       0.912    -2.6297     -2.6297         10              2             77.499           2.9062          28.945       68.399     21-Mar-2024 19:55:08
    37      15      3     450    0.05       10       0.914    -2.4738     -2.4738         10              2              75.61           2.7491           28.72       50.922     21-Mar-2024 19:55:08
    37      16      3     450    0.05       10       0.914    -2.6129     -2.6129         10              2             76.433              2.8          28.377       58.437     21-Mar-2024 19:55:08
    37      17      3     450    0.05       10       0.918    -2.6218     -2.6218         10              2             74.697           2.7077          29.075       45.416     21-Mar-2024 19:55:08
    37      18      3     450    0.05       10        0.92    -2.4092     -2.4092         10              3             76.017           2.8093          28.203       39.411     21-Mar-2024 19:55:08
    37      19      3     450    0.05       10        0.91    -2.6232     -2.6232         10              2             76.827           2.8999          28.267        121.7     21-Mar-2024 19:55:08
    37      20      3     450    0.05       10       0.924    -2.3799     -2.3799         10              2              76.86           2.8783          28.382       26.011     21-Mar-2024 19:55:08
    37      21      3     450    0.05       10       0.916    -2.5906     -2.5906         10              3              76.06           2.8367          28.317       52.055     21-Mar-2024 19:55:08
    37      22      3     450    0.05       10       0.912    -2.4966     -2.4966         10              4             75.242           2.7537          28.682       61.879     21-Mar-2024 19:55:08
    37      23      3     450    0.05       10       0.914    -2.5441     -2.5441         10              4             76.008           2.7829          28.784       46.064     21-Mar-2024 19:55:08
    37      24      3     450    0.05       10       0.916    -2.5863     -2.5863         10              3             75.775           2.8053          28.405       25.401     21-Mar-2024 19:55:08
    37      25      3     450    0.05       10       0.912    -2.6209     -2.6209         10              4             77.625           2.9216          28.143       25.766     21-Mar-2024 19:55:08
    37      26      3     450    0.05       10       0.906    -2.6599     -2.6599         10              3             76.544           2.8443          27.688        32.89     21-Mar-2024 19:55:08
    37      27      3     450    0.05       10         0.9    -2.7261     -2.7261         10              5             77.189           2.8356          28.238       29.423     21-Mar-2024 19:55:08
    37      28      3     450    0.05       10       0.908    -2.8145     -2.8145         10              4             75.758           2.7907          28.181       44.793     21-Mar-2024 19:55:08
    37      29      3     450    0.05       10       0.908    -2.7551     -2.7551         10              5             79.291            3.048          28.302       67.657     21-Mar-2024 19:55:08
    37      30      3     450    0.05       10       0.906    -2.6593     -2.6593         10              3             72.442           2.5722          28.022        62.29     21-Mar-2024 19:55:08


rep =

    38

replication: (38)th 

thres=0.275560
1 th thresholding

  breakyes=1.4,  maxresidual < 1.00e-06
20 entries survived 

2 th thresholding

  breakyes=1.4,  maxresidual < 1.00e-06
11 entries survived 

3 th thresholding

  breakyes=1.4,  maxresidual < 1.00e-06
12 entries survived 

4 th thresholding

  breakyes=4.1,  primfeasorg stagnate, 0.00e+00
13 entries survived 

5 th thresholding

  breakyes=3.2,  dualfeasorg deteriorated too much: primfeasorg=2.29e-06,dualfeasorg=2.87e-05
13 entries survived 

6 th thresholding

  breakyes=4.1,  primfeasorg stagnate, 0.00e+00
13 entries survived 

7 th thresholding

  breakyes=4.1,  primfeasorg stagnate, 0.00e+00
13 entries survived 

8 th thresholding

  breakyes=4.1,  primfeasorg stagnate, 0.00e+00
13 entries survived 

9 th thresholding

  breakyes=4.1,  primfeasorg stagnate, 0.00e+00
13 entries survived 

10 th thresholding

  breakyes=4.1,  primfeasorg stagnate, 0.00e+00
13 entries survived 

11 th thresholding

  breakyes=4.1,  primfeasorg stagnate, 0.00e+00
13 entries survived 

12 th thresholding

  breakyes=4.1,  primfeasorg stagnate, 0.00e+00
13 entries survived 

13 th thresholding

  breakyes=4.1,  primfeasorg stagnate, 0.00e+00
13 entries survived 

14 th thresholding

  breakyes=4.1,  primfeasorg stagnate, 0.00e+00
13 entries survived 

15 th thresholding

  breakyes=4.1,  primfeasorg stagnate, 0.00e+00
13 entries survived 

16 th thresholding

  breakyes=4.1,  primfeasorg stagnate, 0.00e+00
13 entries survived 

17 th thresholding

  breakyes=4.1,  primfeasorg stagnate, 0.00e+00
13 entries survived 

18 th thresholding

  breakyes=4.1,  primfeasorg stagnate, 0.00e+00
13 entries survived 

19 th thresholding

  breakyes=4.1,  primfeasorg stagnate, 0.00e+00
13 entries survived 

20 th thresholding

  breakyes=4.1,  primfeasorg stagnate, 0.00e+00
13 entries survived 

21 th thresholding

  breakyes=4.1,  primfeasorg stagnate, 0.00e+00
13 entries survived 

22 th thresholding

  breakyes=4.1,  primfeasorg stagnate, 0.00e+00
13 entries survived 

23 th thresholding

  breakyes=4.1,  primfeasorg stagnate, 0.00e+00
13 entries survived 

24 th thresholding

  breakyes=4.1,  primfeasorg stagnate, 0.00e+00
13 entries survived 

25 th thresholding

  breakyes=4.1,  primfeasorg stagnate, 0.00e+00
13 entries survived 

26 th thresholding

  breakyes=4.1,  primfeasorg stagnate, 0.00e+00
13 entries survived 

27 th thresholding

  breakyes=4.1,  primfeasorg stagnate, 0.00e+00
13 entries survived 

28 th thresholding

  breakyes=4.1,  primfeasorg stagnate, 0.00e+00
13 entries survived 

29 th thresholding

  breakyes=4.1,  primfeasorg stagnate, 0.00e+00
13 entries survived 

30 th thresholding

  breakyes=4.1,  primfeasorg stagnate, 0.00e+00
13 entries survived 

acc_vec =

    0.8660
    0.9260
    0.9320
    0.9300
    0.9280
    0.9260
    0.9260
    0.9260
    0.9260
    0.9260
    0.9260
    0.9260
    0.9260
    0.9260
    0.9260
    0.9260
    0.9260
    0.9260
    0.9260
    0.9260
    0.9260
    0.9260
    0.9260
    0.9260
    0.9260
    0.9260
    0.9260
    0.9260
    0.9260
    0.9260
    0.9260

acc =0.866000  0.926000  0.932000  0.930000  0.928000  0.926000  0.926000  0.926000  0.926000  0.926000  0.926000  0.926000  0.926000  0.926000  0.926000  0.926000  0.926000  0.926000  0.926000  0.926000  0.926000  0.926000  0.926000  0.926000  0.926000  0.926000  0.926000  0.926000  0.926000  0.926000  0.926000 

discov_true_vec =

    10
    10
    10
    10
    10
    10
    10
    10
    10
    10
    10
    10
    10
    10
    10
    10
    10
    10
    10
    10
    10
    10
    10
    10
    10
    10
    10
    10
    10
    10


discov_false_vec =

    10
     1
     2
     3
     3
     3
     3
     3
     3
     3
     3
     3
     3
     3
     3
     3
     3
     3
     3
     3
     3
     3
     3
     3
     3
     3
     3
     3
     3
     3


data =

  31x16 table

    rep    iter    sep    dim    rho     sparsity     acc     obj_prim    obj_dual    discov_true    discov_false    diff_x_tilde    diff_omega_diag    time_isee    time_SDP          jobdate       
    ___    ____    ___    ___    ____    ________    _____    ________    ________    ___________    ____________    ____________    _______________    _________    ________    ____________________

    38       0      3     450    0.05       10       0.866          0           0          0               0                 0                0               0            0     21-Mar-2024 20:44:08
    38       1      3     450    0.05       10       0.926    -3.5208     -3.5208         10              10            77.828            2.745          27.692       51.994     21-Mar-2024 20:44:08
    38       2      3     450    0.05       10       0.932    -2.6211     -2.6211         10               1            82.139           3.0532          27.898       25.755     21-Mar-2024 20:44:08
    38       3      3     450    0.05       10        0.93    -2.7502     -2.7502         10               2            82.045           3.0451          27.054       50.327     21-Mar-2024 20:44:08
    38       4      3     450    0.05       10       0.928    -2.7409     -2.7409         10               3            81.169           2.9904          27.658       72.833     21-Mar-2024 20:44:08
    38       5      3     450    0.05       10       0.926    -2.7731     -2.7731         10               3             81.34           2.9777          28.265        111.7     21-Mar-2024 20:44:08
    38       6      3     450    0.05       10       0.926    -2.6902     -2.6902         10               3            80.404           2.9133          27.693       71.711     21-Mar-2024 20:44:08
    38       7      3     450    0.05       10       0.926    -2.6902     -2.6902         10               3            80.404           2.9133          28.654       71.147     21-Mar-2024 20:44:08
    38       8      3     450    0.05       10       0.926    -2.6902     -2.6902         10               3            80.404           2.9133          28.287       70.705     21-Mar-2024 20:44:08
    38       9      3     450    0.05       10       0.926    -2.6902     -2.6902         10               3            80.404           2.9133          28.199       70.603     21-Mar-2024 20:44:08
    38      10      3     450    0.05       10       0.926    -2.6902     -2.6902         10               3            80.404           2.9133          28.462       70.794     21-Mar-2024 20:44:08
    38      11      3     450    0.05       10       0.926    -2.6902     -2.6902         10               3            80.404           2.9133           27.98       73.601     21-Mar-2024 20:44:08
    38      12      3     450    0.05       10       0.926    -2.6902     -2.6902         10               3            80.404           2.9133          27.698       70.589     21-Mar-2024 20:44:08
    38      13      3     450    0.05       10       0.926    -2.6902     -2.6902         10               3            80.404           2.9133           28.61        72.02     21-Mar-2024 20:44:08
    38      14      3     450    0.05       10       0.926    -2.6902     -2.6902         10               3            80.404           2.9133          27.426       71.342     21-Mar-2024 20:44:08
    38      15      3     450    0.05       10       0.926    -2.6902     -2.6902         10               3            80.404           2.9133          28.527       70.203     21-Mar-2024 20:44:08
    38      16      3     450    0.05       10       0.926    -2.6902     -2.6902         10               3            80.404           2.9133          27.573       70.753     21-Mar-2024 20:44:08
    38      17      3     450    0.05       10       0.926    -2.6902     -2.6902         10               3            80.404           2.9133          27.522        70.75     21-Mar-2024 20:44:08
    38      18      3     450    0.05       10       0.926    -2.6902     -2.6902         10               3            80.404           2.9133          27.592       72.608     21-Mar-2024 20:44:08
    38      19      3     450    0.05       10       0.926    -2.6902     -2.6902         10               3            80.404           2.9133          28.298       71.538     21-Mar-2024 20:44:08
    38      20      3     450    0.05       10       0.926    -2.6902     -2.6902         10               3            80.404           2.9133          27.502       70.484     21-Mar-2024 20:44:08
    38      21      3     450    0.05       10       0.926    -2.6902     -2.6902         10               3            80.404           2.9133           27.57       70.561     21-Mar-2024 20:44:08
    38      22      3     450    0.05       10       0.926    -2.6902     -2.6902         10               3            80.404           2.9133          27.506       75.339     21-Mar-2024 20:44:08
    38      23      3     450    0.05       10       0.926    -2.6902     -2.6902         10               3            80.404           2.9133          28.503       71.118     21-Mar-2024 20:44:08
    38      24      3     450    0.05       10       0.926    -2.6902     -2.6902         10               3            80.404           2.9133          27.439       71.121     21-Mar-2024 20:44:08
    38      25      3     450    0.05       10       0.926    -2.6902     -2.6902         10               3            80.404           2.9133          27.755       72.401     21-Mar-2024 20:44:08
    38      26      3     450    0.05       10       0.926    -2.6902     -2.6902         10               3            80.404           2.9133          27.452       73.493     21-Mar-2024 20:44:08
    38      27      3     450    0.05       10       0.926    -2.6902     -2.6902         10               3            80.404           2.9133          28.128        71.05     21-Mar-2024 20:44:08
    38      28      3     450    0.05       10       0.926    -2.6902     -2.6902         10               3            80.404           2.9133          27.374       73.476     21-Mar-2024 20:44:08
    38      29      3     450    0.05       10       0.926    -2.6902     -2.6902         10               3            80.404           2.9133          27.357       72.522     21-Mar-2024 20:44:08
    38      30      3     450    0.05       10       0.926    -2.6902     -2.6902         10               3            80.404           2.9133          27.636       70.818     21-Mar-2024 20:44:08


rep =

    39

replication: (39)th 

thres=0.275560
1 th thresholding

  breakyes=3.2,  dualfeasorg deteriorated too much: primfeasorg=6.18e-07,dualfeasorg=3.35e-05
31 entries survived 

2 th thresholding

  breakyes=1.4,  maxresidual < 1.00e-06
17 entries survived 

3 th thresholding

  breakyes=3.2,  dualfeasorg deteriorated too much: primfeasorg=6.74e-07,dualfeasorg=2.85e-05
15 entries survived 

4 th thresholding

  breakyes=1.3,  maxresidual < 1.00e-06
17 entries survived 

5 th thresholding

  breakyes=3.2,  dualfeasorg deteriorated too much: primfeasorg=8.52e-07,dualfeasorg=6.04e-05
18 entries survived 

6 th thresholding

  breakyes=3.2,  dualfeasorg deteriorated too much: primfeasorg=1.20e-06,dualfeasorg=4.43e-05
18 entries survived 

7 th thresholding

  breakyes=4.1,  primfeasorg stagnate, 0.00e+00
18 entries survived 

8 th thresholding

  breakyes=4.1,  primfeasorg stagnate, 0.00e+00
18 entries survived 

9 th thresholding

  breakyes=3.2,  dualfeasorg deteriorated too much: primfeasorg=2.47e-06,dualfeasorg=7.84e-05
17 entries survived 

10 th thresholding

  breakyes=1.4,  maxresidual < 1.00e-06
16 entries survived 

11 th thresholding

  breakyes=1.4,  maxresidual < 1.00e-06
16 entries survived 

12 th thresholding

  breakyes=3.2,  dualfeasorg deteriorated too much: primfeasorg=2.05e-06,dualfeasorg=1.84e-05
16 entries survived 

13 th thresholding

  breakyes=4.1,  primfeasorg stagnate, 1.52e-05
16 entries survived 

14 th thresholding

  breakyes=3.2,  dualfeasorg deteriorated too much: primfeasorg=1.35e-06,dualfeasorg=2.82e-05
16 entries survived 

15 th thresholding

  breakyes=3.2,  dualfeasorg deteriorated too much: primfeasorg=6.37e-07,dualfeasorg=3.90e-05
16 entries survived 

16 th thresholding

  breakyes=3.2,  dualfeasorg deteriorated too much: primfeasorg=8.38e-07,dualfeasorg=4.17e-05
16 entries survived 

17 th thresholding

  breakyes=3.2,  dualfeasorg deteriorated too much: primfeasorg=1.18e-06,dualfeasorg=4.65e-05
17 entries survived 

18 th thresholding

  breakyes=3.2,  dualfeasorg deteriorated too much: primfeasorg=2.66e-06,dualfeasorg=3.73e-05
17 entries survived 

19 th thresholding

  breakyes=1.4,  maxresidual < 1.00e-06
16 entries survived 

20 th thresholding

  breakyes=1.4,  maxresidual < 1.00e-06
16 entries survived 

21 th thresholding

  breakyes=1.4,  maxresidual < 1.00e-06
16 entries survived 

22 th thresholding

  breakyes=1.4,  maxresidual < 1.00e-06
17 entries survived 

23 th thresholding

  breakyes=4.1,  primfeasorg stagnate, 0.00e+00
16 entries survived 

24 th thresholding

  breakyes=1.4,  maxresidual < 1.00e-06
16 entries survived 

25 th thresholding

  breakyes=4.1,  primfeasorg stagnate, 0.00e+00
16 entries survived 

26 th thresholding

  breakyes=3.2,  dualfeasorg deteriorated too much: primfeasorg=7.00e-07,dualfeasorg=3.55e-05
16 entries survived 

27 th thresholding

  breakyes=1.4,  maxresidual < 1.00e-06
16 entries survived 

28 th thresholding

  breakyes=4.1,  primfeasorg stagnate, 0.00e+00
15 entries survived 

29 th thresholding

  breakyes=1.3,  maxresidual < 1.00e-06
16 entries survived 

30 th thresholding

  breakyes=3.2,  dualfeasorg deteriorated too much: primfeasorg=9.20e-07,dualfeasorg=3.78e-05
17 entries survived 

acc_vec =

    0.8240
    0.8900
    0.8940
    0.9060
    0.9000
    0.9080
    0.9100
    0.9080
    0.9100
    0.9080
    0.8980
    0.9020
    0.9080
    0.9060
    0.9100
    0.9040
    0.9060
    0.9040
    0.9080
    0.9100
    0.9080
    0.9060
    0.9120
    0.9100
    0.9140
    0.9080
    0.9080
    0.9160
    0.9100
    0.9060
    0.9080

acc =0.824000  0.890000  0.894000  0.906000  0.900000  0.908000  0.910000  0.908000  0.910000  0.908000  0.898000  0.902000  0.908000  0.906000  0.910000  0.904000  0.906000  0.904000  0.908000  0.910000  0.908000  0.906000  0.912000  0.910000  0.914000  0.908000  0.908000  0.916000  0.910000  0.906000  0.908000 

discov_true_vec =

    10
    10
    10
    10
    10
    10
    10
    10
    10
    10
    10
    10
    10
    10
    10
    10
    10
    10
    10
    10
    10
    10
    10
    10
    10
    10
    10
    10
    10
    10


discov_false_vec =

    21
     7
     5
     7
     8
     8
     8
     8
     7
     6
     6
     6
     6
     6
     6
     6
     7
     7
     6
     6
     6
     7
     6
     6
     6
     6
     6
     5
     6
     7


data =

  31x16 table

    rep    iter    sep    dim    rho     sparsity     acc     obj_prim    obj_dual    discov_true    discov_false    diff_x_tilde    diff_omega_diag    time_isee    time_SDP          jobdate       
    ___    ____    ___    ___    ____    ________    _____    ________    ________    ___________    ____________    ____________    _______________    _________    ________    ____________________

    39       0      3     450    0.05       10       0.824          0           0          0               0                 0                0               0            0     21-Mar-2024 21:31:04
    39       1      3     450    0.05       10        0.89     -3.544      -3.544         10              21            74.641            2.599          27.763       80.108     21-Mar-2024 21:31:04
    39       2      3     450    0.05       10       0.894    -2.6937     -2.6936         10               7            75.192           2.5987          28.553       65.077     21-Mar-2024 21:31:04
    39       3      3     450    0.05       10       0.906    -2.7038     -2.7038         10               5            77.474           2.7768          27.888       89.172     21-Mar-2024 21:31:04
    39       4      3     450    0.05       10         0.9    -2.7599     -2.7599         10               7            76.744           2.7676          28.934       26.269     21-Mar-2024 21:31:04
    39       5      3     450    0.05       10       0.908    -2.7494     -2.7494         10               8            78.158           2.8263          28.641       78.332     21-Mar-2024 21:31:04
    39       6      3     450    0.05       10        0.91    -2.7074     -2.7074         10               8            78.853           2.8475          27.726       57.146     21-Mar-2024 21:31:04
    39       7      3     450    0.05       10       0.908    -2.7434     -2.7433         10               8            76.824           2.7701          28.063       80.963     21-Mar-2024 21:31:04
    39       8      3     450    0.05       10        0.91    -2.6084     -2.6084         10               8            76.244           2.6904          27.837       74.199     21-Mar-2024 21:31:04
    39       9      3     450    0.05       10       0.908    -2.7771     -2.7771         10               7             75.99           2.6386          27.564       144.66     21-Mar-2024 21:31:04
    39      10      3     450    0.05       10       0.898    -2.6872     -2.6872         10               6            75.277           2.6219          27.493       64.734     21-Mar-2024 21:31:04
    39      11      3     450    0.05       10       0.902     -2.649     -2.6489         10               6            73.813           2.5383          26.704       86.596     21-Mar-2024 21:31:04
    39      12      3     450    0.05       10       0.908    -2.8303     -2.8303         10               6            76.226           2.7102          27.296        33.85     21-Mar-2024 21:31:04
    39      13      3     450    0.05       10       0.906    -2.6067     -2.6067         10               6            74.734           2.6033          27.333       96.481     21-Mar-2024 21:31:04
    39      14      3     450    0.05       10        0.91     -2.642      -2.642         10               6            75.501           2.6892          27.052         33.8     21-Mar-2024 21:31:04
    39      15      3     450    0.05       10       0.904    -2.6368     -2.6367         10               6            74.148           2.5705          26.626       68.934     21-Mar-2024 21:31:04
    39      16      3     450    0.05       10       0.906    -2.7069     -2.7069         10               6            76.153           2.7284          26.979       50.414     21-Mar-2024 21:31:04
    39      17      3     450    0.05       10       0.904    -2.6398     -2.6398         10               7            74.275           2.5695          27.627       56.223     21-Mar-2024 21:31:04
    39      18      3     450    0.05       10       0.908    -2.7771     -2.7771         10               7            76.592           2.6991          27.217        21.84     21-Mar-2024 21:31:04
    39      19      3     450    0.05       10        0.91    -2.6136     -2.6136         10               6             73.53           2.5106          26.929       60.169     21-Mar-2024 21:31:04
    39      20      3     450    0.05       10       0.908    -2.6952     -2.6952         10               6             77.18           2.7452          27.047       51.476     21-Mar-2024 21:31:04
    39      21      3     450    0.05       10       0.906    -2.6469     -2.6469         10               6            74.998           2.6223           27.65       55.435     21-Mar-2024 21:31:04
    39      22      3     450    0.05       10       0.912    -2.6496     -2.6496         10               7            77.597           2.8266          27.421       73.199     21-Mar-2024 21:31:04
    39      23      3     450    0.05       10        0.91    -2.6769     -2.6769         10               6            76.486           2.7127          27.732       72.957     21-Mar-2024 21:31:04
    39      24      3     450    0.05       10       0.914    -2.6483     -2.6483         10               6            76.791           2.8004          26.974        57.83     21-Mar-2024 21:31:04
    39      25      3     450    0.05       10       0.908     -2.683      -2.683         10               6            74.563           2.5758          27.091       68.792     21-Mar-2024 21:31:04
    39      26      3     450    0.05       10       0.908    -2.6491     -2.6491         10               6            77.231           2.8188          27.328       70.403     21-Mar-2024 21:31:04
    39      27      3     450    0.05       10       0.916    -2.6866     -2.6866         10               6            72.995            2.481          27.468       59.162     21-Mar-2024 21:31:04
    39      28      3     450    0.05       10        0.91    -2.5693     -2.5693         10               5            76.962           2.7803           27.88       81.447     21-Mar-2024 21:31:04
    39      29      3     450    0.05       10       0.906    -2.7078     -2.7077         10               6            74.684            2.571           27.68       73.361     21-Mar-2024 21:31:04
    39      30      3     450    0.05       10       0.908    -2.6835     -2.6835         10               7            77.557           2.8143          26.559       58.286     21-Mar-2024 21:31:04


rep =

    40

replication: (40)th 

thres=0.275560
1 th thresholding

  breakyes=1.4,  maxresidual < 1.00e-06
25 entries survived 

2 th thresholding

  breakyes=3.2,  dualfeasorg deteriorated too much: primfeasorg=8.19e-07,dualfeasorg=3.52e-05
12 entries survived 

3 th thresholding

  breakyes=4.1,  primfeasorg stagnate, 0.00e+00
14 entries survived 

4 th thresholding

  breakyes=3.2,  dualfeasorg deteriorated too much: primfeasorg=1.04e-06,dualfeasorg=2.83e-05
14 entries survived 

5 th thresholding

  breakyes=1.3,  maxresidual < 1.00e-06
13 entries survived 

6 th thresholding

  breakyes=1.4,  maxresidual < 1.00e-06
14 entries survived 

7 th thresholding

  breakyes=1.4,  maxresidual < 1.00e-06
14 entries survived 

8 th thresholding

  breakyes=3.2,  dualfeasorg deteriorated too much: primfeasorg=1.86e-06,dualfeasorg=2.31e-05
14 entries survived 

9 th thresholding

  breakyes=4.1,  primfeasorg stagnate, 0.00e+00
14 entries survived 

10 th thresholding

  breakyes=1.4,  maxresidual < 1.00e-06
13 entries survived 

11 th thresholding

  breakyes=3.2,  dualfeasorg deteriorated too much: primfeasorg=2.24e-06,dualfeasorg=3.11e-05
12 entries survived 

12 th thresholding

  breakyes=4.1,  primfeasorg stagnate, 0.00e+00
13 entries survived 

13 th thresholding

  breakyes=3.2,  dualfeasorg deteriorated too much: primfeasorg=1.62e-06,dualfeasorg=2.94e-05
13 entries survived 

14 th thresholding

  breakyes=4.1,  primfeasorg stagnate, 0.00e+00
13 entries survived 

15 th thresholding

  breakyes=4.1,  primfeasorg stagnate, 9.08e-05
13 entries survived 

16 th thresholding

  breakyes=3.2,  dualfeasorg deteriorated too much: primfeasorg=9.74e-07,dualfeasorg=2.40e-05
12 entries survived 

17 th thresholding

  breakyes=3.2,  dualfeasorg deteriorated too much: primfeasorg=2.07e-06,dualfeasorg=2.44e-05
12 entries survived 

18 th thresholding

  breakyes=3.2,  dualfeasorg deteriorated too much: primfeasorg=1.11e-06,dualfeasorg=2.77e-05
12 entries survived 

19 th thresholding

  breakyes=1.3,  maxresidual < 1.00e-06
12 entries survived 

20 th thresholding

  breakyes=2.0,  primfeasorg*dualfeasorg < 1.00e-14
13 entries survived 

21 th thresholding

  breakyes=4.1,  primfeasorg stagnate, 0.00e+00
13 entries survived 

22 th thresholding

  breakyes=4.1,  primfeasorg stagnate, 0.00e+00
12 entries survived 

23 th thresholding

  breakyes=3.2,  dualfeasorg deteriorated too much: primfeasorg=1.05e-06,dualfeasorg=4.18e-05
13 entries survived 

24 th thresholding

  breakyes=3.2,  dualfeasorg deteriorated too much: primfeasorg=2.33e-06,dualfeasorg=5.61e-05
13 entries survived 

25 th thresholding

  breakyes=3.2,  dualfeasorg deteriorated too much: primfeasorg=2.19e-06,dualfeasorg=5.99e-05
12 entries survived 

26 th thresholding


  breakyes=3.2,  dualfeasorg deteriorated too much: primfeasorg=1.01e-06,dualfeasorg=2.40e-05
12 entries survived 

27 th thresholding

  breakyes=4.1,  primfeasorg stagnate, 0.00e+00
12 entries survived 

28 th thresholding

  breakyes=1.4,  maxresidual < 1.00e-06
13 entries survived 

29 th thresholding

  breakyes=3.2,  dualfeasorg deteriorated too much: primfeasorg=9.89e-07,dualfeasorg=1.97e-05
13 entries survived 

30 th thresholding

  breakyes=3.2,  dualfeasorg deteriorated too much: primfeasorg=1.60e-06,dualfeasorg=5.75e-05
12 entries survived 

acc_vec =

    0.8360
    0.9140
    0.9140
    0.9160
    0.9120
    0.9180
    0.9100
    0.9120
    0.9160
    0.9120
    0.9140
    0.9180
    0.9120
    0.9140
    0.9120
    0.9140
    0.9200
    0.9180
    0.9180
    0.9180
    0.9200
    0.9140
    0.9180
    0.9160
    0.9160
    0.9080
    0.9180
    0.9160
    0.9140
    0.9180
    0.9180

acc =0.836000  0.914000  0.914000  0.916000  0.912000  0.918000  0.910000  0.912000  0.916000  0.912000  0.914000  0.918000  0.912000  0.914000  0.912000  0.914000  0.920000  0.918000  0.918000  0.918000  0.920000  0.914000  0.918000  0.916000  0.916000  0.908000  0.918000  0.916000  0.914000  0.918000  0.918000 

discov_true_vec =

    10
    10
    10
    10
    10
    10
    10
    10
    10
    10
    10
    10
    10
    10
    10
    10
    10
    10
    10
    10
    10
    10
    10
    10
    10
    10
    10
    10
    10
    10


discov_false_vec =

    15
     2
     4
     4
     3
     4
     4
     4
     4
     3
     2
     3
     3
     3
     3
     2
     2
     2
     2
     3
     3
     2
     3
     3
     2
     2
     2
     3
     3
     2


data =

  31x16 table

    rep    iter    sep    dim    rho     sparsity     acc     obj_prim    obj_dual    discov_true    discov_false    diff_x_tilde    diff_omega_diag    time_isee    time_SDP          jobdate       
    ___    ____    ___    ___    ____    ________    _____    ________    ________    ___________    ____________    ____________    _______________    _________    ________    ____________________

    40       0      3     450    0.05       10       0.836          0           0          0               0                 0                0               0            0     21-Mar-2024 22:26:38
    40       1      3     450    0.05       10       0.914    -3.4439     -3.4439         10              15            77.114           2.8619          28.056       64.409     21-Mar-2024 22:26:38
    40       2      3     450    0.05       10       0.914    -2.5625     -2.5625         10               2            78.288           2.8164          27.279       69.826     21-Mar-2024 22:26:38
    40       3      3     450    0.05       10       0.916    -2.5447     -2.5446         10               4              78.2           2.8153          27.114       71.395     21-Mar-2024 22:26:38
    40       4      3     450    0.05       10       0.912    -2.6369     -2.6369         10               4            75.629           2.7181          27.552       48.084     21-Mar-2024 22:26:38
    40       5      3     450    0.05       10       0.918    -2.6306     -2.6306         10               3            75.767           2.7157          27.774       68.594     21-Mar-2024 22:26:38
    40       6      3     450    0.05       10        0.91     -2.603      -2.603         10               4            77.334            2.803          27.343       59.083     21-Mar-2024 22:26:38
    40       7      3     450    0.05       10       0.912    -2.6766     -2.6766         10               4            76.985           2.7753          27.706       58.416     21-Mar-2024 22:26:38
    40       8      3     450    0.05       10       0.916    -2.6311     -2.6311         10               4            77.088           2.8127          27.897       125.24     21-Mar-2024 22:26:38
    40       9      3     450    0.05       10       0.912    -2.6935     -2.6935         10               4            76.017            2.754          27.474       76.405     21-Mar-2024 22:26:38
    40      10      3     450    0.05       10       0.914    -2.5629     -2.5629         10               3            76.638           2.7675          27.227       85.495     21-Mar-2024 22:26:38
    40      11      3     450    0.05       10       0.918    -2.5236     -2.5236         10               2            76.167           2.7415          27.422          104     21-Mar-2024 22:26:38
    40      12      3     450    0.05       10       0.912    -2.5161     -2.5161         10               3            76.846           2.8086          27.893       71.235     21-Mar-2024 22:26:38
    40      13      3     450    0.05       10       0.914    -2.6259     -2.6259         10               3            77.412           2.8521          27.263       66.351     21-Mar-2024 22:26:38
    40      14      3     450    0.05       10       0.912    -2.5333     -2.5333         10               3            78.336           2.8913          27.608       80.785     21-Mar-2024 22:26:38
    40      15      3     450    0.05       10       0.914    -2.5639     -2.5639         10               3            76.828           2.8312          27.778           94     21-Mar-2024 22:26:38
    40      16      3     450    0.05       10        0.92     -2.586     -2.5859         10               2            76.031           2.7871          27.564       112.67     21-Mar-2024 22:26:38
    40      17      3     450    0.05       10       0.918    -2.6057     -2.6057         10               2            76.183            2.737          27.578       69.345     21-Mar-2024 22:26:38
    40      18      3     450    0.05       10       0.918    -2.5425     -2.5425         10               2            77.238           2.8454          28.086       92.492     21-Mar-2024 22:26:38
    40      19      3     450    0.05       10       0.918    -2.5237     -2.5237         10               2            76.914           2.8015          27.375       83.865     21-Mar-2024 22:26:38
    40      20      3     450    0.05       10        0.92    -2.5833     -2.5833         10               3            77.596           2.8491          27.834       101.51     21-Mar-2024 22:26:38
    40      21      3     450    0.05       10       0.914     -2.551      -2.551         10               3            75.966           2.7588          27.473       79.312     21-Mar-2024 22:26:38
    40      22      3     450    0.05       10       0.918    -2.5059     -2.5059         10               2            77.491            2.814          27.945       84.971     21-Mar-2024 22:26:38
    40      23      3     450    0.05       10       0.916    -2.6322     -2.6322         10               3            77.539             2.84          27.781       50.636     21-Mar-2024 22:26:38
    40      24      3     450    0.05       10       0.916    -2.5631     -2.5631         10               3            75.908           2.7231          27.566       91.032     21-Mar-2024 22:26:38
    40      25      3     450    0.05       10       0.908    -2.6098     -2.6098         10               2            75.731            2.741           28.16       85.061     21-Mar-2024 22:26:38
    40      26      3     450    0.05       10       0.918    -2.8138     -2.8138         10               2            76.343           2.7846           27.55       190.58     21-Mar-2024 22:26:38
    40      27      3     450    0.05       10       0.916    -2.5158     -2.5158         10               2            76.353            2.747          27.818       79.413     21-Mar-2024 22:26:38
    40      28      3     450    0.05       10       0.914    -2.6052     -2.6052         10               3            77.047           2.7912          27.368       67.342     21-Mar-2024 22:26:38
    40      29      3     450    0.05       10       0.918    -2.5267     -2.5267         10               3            75.288           2.7163          28.081       123.21     21-Mar-2024 22:26:38
    40      30      3     450    0.05       10       0.918    -2.5456     -2.5456         10               2            77.011           2.8224          27.868       49.284     21-Mar-2024 22:26:38

