==========================================
SLURM_JOB_ID = 20377981
SLURM_JOB_NODELIST = d17-28
TMPDIR = /tmp/SLURM_20377981
==========================================
hello
Starting parallel pool (parpool) ...
Connected to the parallel pool (number of workers: 15).

pool = 

 ProcessPool with properties: 

            Connected: true
           NumWorkers: 15
                 Busy: false
              Cluster: Local
        AttachedFiles: {}
    AutoAddClientPath: true
            FileStore: [1x1 parallel.FileStore]
           ValueStore: [1x1 parallel.ValueStore]
          IdleTimeout: 30 minutes (30 minutes remaining)
          SpmdEnabled: true


p =

   450


Delta =

     5


s =

    10


n =

   500


ii =

     6


table_name =

    'sparse_kmeans_isee_denoise'


conn = 

  sqlite with properties:

      Database: '/home1/jongminm/sparse_kmeans/sparse_kmeans.db'
    IsReadOnly: 0
    AutoCommit: 'on'


rho =

    0.0500


M =

    0.8251

delta confirmed: 5.000000
ans =

    4.7923


rep =

    21

replication: (21)th 

thres=0.275560
1 th thresholding

  breakyes=3.1,  primfeasorg deteriorated too much: primfeasorg=3.62e-05,dualfeasorg=2.15e-05
13 entries survived 

2 th thresholding

  breakyes=1.0,  maxresidual < 1.00e-06
12 entries survived 

3 th thresholding

  breakyes=1.0,  maxresidual < 1.00e-06
13 entries survived 

4 th thresholding

  breakyes=3.1,  primfeasorg deteriorated too much: primfeasorg=7.05e-06,dualfeasorg=4.66e-06
14 entries survived 

5 th thresholding

  breakyes=1.0,  maxresidual < 1.00e-06
13 entries survived 

6 th thresholding

  breakyes=1.0,  maxresidual < 1.00e-06
13 entries survived 

7 th thresholding

  breakyes=3.1,  primfeasorg deteriorated too much: primfeasorg=7.05e-06,dualfeasorg=4.66e-06
14 entries survived 

8 th thresholding

  breakyes=1.0,  maxresidual < 1.00e-06
13 entries survived 

9 th thresholding

  breakyes=1.0,  maxresidual < 1.00e-06
13 entries survived 

10 th thresholding

  breakyes=3.1,  primfeasorg deteriorated too much: primfeasorg=7.05e-06,dualfeasorg=4.66e-06
14 entries survived 

11 th thresholding

  breakyes=1.0,  maxresidual < 1.00e-06
13 entries survived 

12 th thresholding

  breakyes=1.0,  maxresidual < 1.00e-06
13 entries survived 

13 th thresholding

  breakyes=3.1,  primfeasorg deteriorated too much: primfeasorg=7.05e-06,dualfeasorg=4.66e-06
14 entries survived 

14 th thresholding

  breakyes=1.0,  maxresidual < 1.00e-06
13 entries survived 

15 th thresholding

  breakyes=1.0,  maxresidual < 1.00e-06
13 entries survived 

16 th thresholding

  breakyes=3.1,  primfeasorg deteriorated too much: primfeasorg=7.05e-06,dualfeasorg=4.66e-06
14 entries survived 

17 th thresholding

  breakyes=1.0,  maxresidual < 1.00e-06
13 entries survived 

18 th thresholding

  breakyes=1.0,  maxresidual < 1.00e-06
13 entries survived 

19 th thresholding

  breakyes=3.1,  primfeasorg deteriorated too much: primfeasorg=7.05e-06,dualfeasorg=4.66e-06
14 entries survived 

20 th thresholding

  breakyes=1.0,  maxresidual < 1.00e-06
13 entries survived 

21 th thresholding

  breakyes=1.0,  maxresidual < 1.00e-06
13 entries survived 

22 th thresholding

  breakyes=3.1,  primfeasorg deteriorated too much: primfeasorg=7.05e-06,dualfeasorg=4.66e-06
14 entries survived 

23 th thresholding

  breakyes=1.0,  maxresidual < 1.00e-06
13 entries survived 

24 th thresholding

  breakyes=1.0,  maxresidual < 1.00e-06
13 entries survived 

25 th thresholding

  breakyes=3.1,  primfeasorg deteriorated too much: primfeasorg=7.05e-06,dualfeasorg=4.66e-06
14 entries survived 

26 th thresholding

  breakyes=1.0,  maxresidual < 1.00e-06
13 entries survived 

27 th thresholding

  breakyes=1.0,  maxresidual < 1.00e-06
13 entries survived 

28 th thresholding

  breakyes=3.1,  primfeasorg deteriorated too much: primfeasorg=7.05e-06,dualfeasorg=4.66e-06
14 entries survived 

29 th thresholding

  breakyes=1.0,  maxresidual < 1.00e-06
13 entries survived 

30 th thresholding

  breakyes=1.0,  maxresidual < 1.00e-06
13 entries survived 

acc_vec =

    0.9880
    0.9980
    1.0000
    0.9960
    0.9980
    1.0000
    0.9960
    0.9980
    1.0000
    0.9960
    0.9980
    1.0000
    0.9960
    0.9980
    1.0000
    0.9960
    0.9980
    1.0000
    0.9960
    0.9980
    1.0000
    0.9960
    0.9980
    1.0000
    0.9960
    0.9980
    1.0000
    0.9960
    0.9980
    1.0000
    0.9960

acc =0.988000  0.998000  1.000000  0.996000  0.998000  1.000000  0.996000  0.998000  1.000000  0.996000  0.998000  1.000000  0.996000  0.998000  1.000000  0.996000  0.998000  1.000000  0.996000  0.998000  1.000000  0.996000  0.998000  1.000000  0.996000  0.998000  1.000000  0.996000  0.998000  1.000000  0.996000 

discov_true_vec =

    10
    10
    10
    10
    10
    10
    10
    10
    10
    10
    10
    10
    10
    10
    10
    10
    10
    10
    10
    10
    10
    10
    10
    10
    10
    10
    10
    10
    10
    10


discov_false_vec =

     3
     2
     3
     4
     3
     3
     4
     3
     3
     4
     3
     3
     4
     3
     3
     4
     3
     3
     4
     3
     3
     4
     3
     3
     4
     3
     3
     4
     3
     3


data =

  31x16 table

    rep    iter    sep    dim    rho     sparsity     acc     obj_prim    obj_dual    discov_true    discov_false    diff_x_tilde    diff_omega_diag    time_isee    time_SDP          jobdate       
    ___    ____    ___    ___    ____    ________    _____    ________    ________    ___________    ____________    ____________    _______________    _________    ________    ____________________

    21       0      5     450    0.05       10       0.988          0           0          0              0                  0                0               0            0     21-Mar-2024 08:06:09
    21       1      5     450    0.05       10       0.998       -6.1     -6.0997         10              3             75.885           2.6591          31.943       34.216     21-Mar-2024 08:06:09
    21       2      5     450    0.05       10           1    -5.9825     -5.9825         10              2             74.177           2.6194          28.275       34.613     21-Mar-2024 08:06:09
    21       3      5     450    0.05       10       0.996    -6.3923     -6.3923         10              3             75.709           2.8102          27.994       22.726     21-Mar-2024 08:06:09
    21       4      5     450    0.05       10       0.998     -6.367     -6.3666         10              4             77.033           2.7739           27.67       33.294     21-Mar-2024 08:06:09
    21       5      5     450    0.05       10           1    -6.0764     -6.0764         10              3             75.384           2.6586          27.925        31.14     21-Mar-2024 08:06:09
    21       6      5     450    0.05       10       0.996    -6.3923     -6.3923         10              3             75.709           2.8102          27.899        22.47     21-Mar-2024 08:06:09
    21       7      5     450    0.05       10       0.998     -6.367     -6.3666         10              4             77.033           2.7739          27.855       36.562     21-Mar-2024 08:06:09
    21       8      5     450    0.05       10           1    -6.0764     -6.0764         10              3             75.384           2.6586          28.441       32.922     21-Mar-2024 08:06:09
    21       9      5     450    0.05       10       0.996    -6.3923     -6.3923         10              3             75.709           2.8102          27.949       22.489     21-Mar-2024 08:06:09
    21      10      5     450    0.05       10       0.998     -6.367     -6.3666         10              4             77.033           2.7739          28.007       36.172     21-Mar-2024 08:06:09
    21      11      5     450    0.05       10           1    -6.0764     -6.0764         10              3             75.384           2.6586          27.617       27.629     21-Mar-2024 08:06:09
    21      12      5     450    0.05       10       0.996    -6.3923     -6.3923         10              3             75.709           2.8102          28.018       21.391     21-Mar-2024 08:06:09
    21      13      5     450    0.05       10       0.998     -6.367     -6.3666         10              4             77.033           2.7739          27.825       33.457     21-Mar-2024 08:06:09
    21      14      5     450    0.05       10           1    -6.0764     -6.0764         10              3             75.384           2.6586           28.12       29.815     21-Mar-2024 08:06:09
    21      15      5     450    0.05       10       0.996    -6.3923     -6.3923         10              3             75.709           2.8102          28.011       20.502     21-Mar-2024 08:06:09
    21      16      5     450    0.05       10       0.998     -6.367     -6.3666         10              4             77.033           2.7739          28.088       34.809     21-Mar-2024 08:06:09
    21      17      5     450    0.05       10           1    -6.0764     -6.0764         10              3             75.384           2.6586          27.848       29.754     21-Mar-2024 08:06:09
    21      18      5     450    0.05       10       0.996    -6.3923     -6.3923         10              3             75.709           2.8102          28.494       20.536     21-Mar-2024 08:06:09
    21      19      5     450    0.05       10       0.998     -6.367     -6.3666         10              4             77.033           2.7739          27.573       32.304     21-Mar-2024 08:06:09
    21      20      5     450    0.05       10           1    -6.0764     -6.0764         10              3             75.384           2.6586          27.868       31.343     21-Mar-2024 08:06:09
    21      21      5     450    0.05       10       0.996    -6.3923     -6.3923         10              3             75.709           2.8102          28.688       20.802     21-Mar-2024 08:06:09
    21      22      5     450    0.05       10       0.998     -6.367     -6.3666         10              4             77.033           2.7739          28.031       32.042     21-Mar-2024 08:06:09
    21      23      5     450    0.05       10           1    -6.0764     -6.0764         10              3             75.384           2.6586          27.626       30.316     21-Mar-2024 08:06:09
    21      24      5     450    0.05       10       0.996    -6.3923     -6.3923         10              3             75.709           2.8102          28.051       21.265     21-Mar-2024 08:06:09
    21      25      5     450    0.05       10       0.998     -6.367     -6.3666         10              4             77.033           2.7739          28.122       33.163     21-Mar-2024 08:06:09
    21      26      5     450    0.05       10           1    -6.0764     -6.0764         10              3             75.384           2.6586           27.76       30.382     21-Mar-2024 08:06:09
    21      27      5     450    0.05       10       0.996    -6.3923     -6.3923         10              3             75.709           2.8102          27.653       20.007     21-Mar-2024 08:06:09
    21      28      5     450    0.05       10       0.998     -6.367     -6.3666         10              4             77.033           2.7739           27.42       33.087     21-Mar-2024 08:06:09
    21      29      5     450    0.05       10           1    -6.0764     -6.0764         10              3             75.384           2.6586          28.218       28.128     21-Mar-2024 08:06:09
    21      30      5     450    0.05       10       0.996    -6.3923     -6.3923         10              3             75.709           2.8102          28.371        20.59     21-Mar-2024 08:06:09


rep =

    22

replication: (22)th 

thres=0.275560
1 th thresholding

  breakyes=1.4,  maxresidual < 1.00e-06
15 entries survived 

2 th thresholding

  breakyes=1.4,  maxresidual < 1.00e-06
13 entries survived 

3 th thresholding

  breakyes=1.0,  maxresidual < 1.00e-06
16 entries survived 

4 th thresholding

  breakyes=1.0,  maxresidual < 1.00e-06
16 entries survived 

5 th thresholding

  breakyes=1.4,  maxresidual < 1.00e-06
17 entries survived 

6 th thresholding

  breakyes=1.4,  maxresidual < 1.00e-06
17 entries survived 

7 th thresholding

  breakyes=1.0,  maxresidual < 1.00e-06
15 entries survived 

8 th thresholding

  breakyes=1.0,  maxresidual < 1.00e-06
13 entries survived 

9 th thresholding

  breakyes=1.0,  maxresidual < 1.00e-06
14 entries survived 

10 th thresholding

  breakyes=1.0,  maxresidual < 1.00e-06
13 entries survived 

11 th thresholding

  breakyes=1.0,  maxresidual < 1.00e-06
14 entries survived 

12 th thresholding

  breakyes=1.0,  maxresidual < 1.00e-06
13 entries survived 

13 th thresholding

  breakyes=1.0,  maxresidual < 1.00e-06
14 entries survived 

14 th thresholding

  breakyes=1.0,  maxresidual < 1.00e-06
13 entries survived 

15 th thresholding

  breakyes=1.0,  maxresidual < 1.00e-06
14 entries survived 

16 th thresholding

  breakyes=1.0,  maxresidual < 1.00e-06
13 entries survived 

17 th thresholding

  breakyes=1.0,  maxresidual < 1.00e-06
14 entries survived 

18 th thresholding

  breakyes=1.0,  maxresidual < 1.00e-06
13 entries survived 

19 th thresholding

  breakyes=1.0,  maxresidual < 1.00e-06
14 entries survived 

20 th thresholding

  breakyes=1.0,  maxresidual < 1.00e-06
13 entries survived 

21 th thresholding

  breakyes=1.0,  maxresidual < 1.00e-06
14 entries survived 

22 th thresholding

  breakyes=1.0,  maxresidual < 1.00e-06
13 entries survived 

23 th thresholding

  breakyes=1.0,  maxresidual < 1.00e-06
14 entries survived 

24 th thresholding

  breakyes=1.0,  maxresidual < 1.00e-06
13 entries survived 

25 th thresholding

  breakyes=1.0,  maxresidual < 1.00e-06
14 entries survived 

26 th thresholding

  breakyes=1.0,  maxresidual < 1.00e-06
13 entries survived 

27 th thresholding

  breakyes=1.0,  maxresidual < 1.00e-06
14 entries survived 

28 th thresholding

  breakyes=1.0,  maxresidual < 1.00e-06
13 entries survived 

29 th thresholding

  breakyes=1.0,  maxresidual < 1.00e-06
14 entries survived 

30 th thresholding

  breakyes=1.0,  maxresidual < 1.00e-06
13 entries survived 

acc_vec =

    0.9940
    0.9900
    0.9920
    0.9880
    0.9920
    0.9920
    0.9940
    0.9900
    0.9920
    0.9900
    0.9920
    0.9900
    0.9920
    0.9900
    0.9920
    0.9900
    0.9920
    0.9900
    0.9920
    0.9900
    0.9920
    0.9900
    0.9920
    0.9900
    0.9920
    0.9900
    0.9920
    0.9900
    0.9920
    0.9900
    0.9920

acc =0.994000  0.990000  0.992000  0.988000  0.992000  0.992000  0.994000  0.990000  0.992000  0.990000  0.992000  0.990000  0.992000  0.990000  0.992000  0.990000  0.992000  0.990000  0.992000  0.990000  0.992000  0.990000  0.992000  0.990000  0.992000  0.990000  0.992000  0.990000  0.992000  0.990000  0.992000 

discov_true_vec =

    10
    10
    10
    10
    10
    10
    10
    10
    10
    10
    10
    10
    10
    10
    10
    10
    10
    10
    10
    10
    10
    10
    10
    10
    10
    10
    10
    10
    10
    10


discov_false_vec =

     5
     3
     6
     6
     7
     7
     5
     3
     4
     3
     4
     3
     4
     3
     4
     3
     4
     3
     4
     3
     4
     3
     4
     3
     4
     3
     4
     3
     4
     3


data =

  31x16 table

    rep    iter    sep    dim    rho     sparsity     acc     obj_prim    obj_dual    discov_true    discov_false    diff_x_tilde    diff_omega_diag    time_isee    time_SDP          jobdate       
    ___    ____    ___    ___    ____    ________    _____    ________    ________    ___________    ____________    ____________    _______________    _________    ________    ____________________

    22       0      5     450    0.05       10       0.994          0           0          0              0                  0                0               0            0     21-Mar-2024 08:27:35
    22       1      5     450    0.05       10        0.99    -7.2703     -7.2703         10              5              78.88           2.7955          28.055       25.392     21-Mar-2024 08:27:35
    22       2      5     450    0.05       10       0.992    -6.8266     -6.8266         10              3             78.952           2.8952          28.051       26.798     21-Mar-2024 08:27:35
    22       3      5     450    0.05       10       0.988    -7.0699     -7.0699         10              6             78.577           2.8668          27.449       15.747     21-Mar-2024 08:27:35
    22       4      5     450    0.05       10       0.992    -7.0314     -7.0314         10              6             77.754           2.7556          27.837       14.128     21-Mar-2024 08:27:35
    22       5      5     450    0.05       10       0.992      -6.82       -6.82         10              7             76.281           2.6652           27.63         23.6     21-Mar-2024 08:27:35
    22       6      5     450    0.05       10       0.994    -6.8916     -6.8916         10              7             76.718           2.7007          28.365       23.908     21-Mar-2024 08:27:35
    22       7      5     450    0.05       10        0.99    -6.9511     -6.9511         10              5             76.419           2.6802          27.216       10.919     21-Mar-2024 08:27:35
    22       8      5     450    0.05       10       0.992    -6.7149      -6.715         10              3             76.302           2.6844          27.545       10.329     21-Mar-2024 08:27:35
    22       9      5     450    0.05       10        0.99    -6.7899     -6.7899         10              4             75.548           2.6276          27.715       15.636     21-Mar-2024 08:27:35
    22      10      5     450    0.05       10       0.992    -6.7149      -6.715         10              3             76.302           2.6844          27.698       11.397     21-Mar-2024 08:27:35
    22      11      5     450    0.05       10        0.99    -6.7899     -6.7899         10              4             75.548           2.6276          28.226       17.156     21-Mar-2024 08:27:35
    22      12      5     450    0.05       10       0.992    -6.7149      -6.715         10              3             76.302           2.6844          28.035       11.351     21-Mar-2024 08:27:35
    22      13      5     450    0.05       10        0.99    -6.7899     -6.7899         10              4             75.548           2.6276          27.771       16.892     21-Mar-2024 08:27:35
    22      14      5     450    0.05       10       0.992    -6.7149      -6.715         10              3             76.302           2.6844          27.806        11.29     21-Mar-2024 08:27:35
    22      15      5     450    0.05       10        0.99    -6.7899     -6.7899         10              4             75.548           2.6276           27.55       17.273     21-Mar-2024 08:27:35
    22      16      5     450    0.05       10       0.992    -6.7149      -6.715         10              3             76.302           2.6844          27.812       11.348     21-Mar-2024 08:27:35
    22      17      5     450    0.05       10        0.99    -6.7899     -6.7899         10              4             75.548           2.6276          27.245       17.198     21-Mar-2024 08:27:35
    22      18      5     450    0.05       10       0.992    -6.7149      -6.715         10              3             76.302           2.6844           28.02       11.382     21-Mar-2024 08:27:35
    22      19      5     450    0.05       10        0.99    -6.7899     -6.7899         10              4             75.548           2.6276          27.516       16.961     21-Mar-2024 08:27:35
    22      20      5     450    0.05       10       0.992    -6.7149      -6.715         10              3             76.302           2.6844          27.921       11.005     21-Mar-2024 08:27:35
    22      21      5     450    0.05       10        0.99    -6.7899     -6.7899         10              4             75.548           2.6276          27.311       16.976     21-Mar-2024 08:27:35
    22      22      5     450    0.05       10       0.992    -6.7149      -6.715         10              3             76.302           2.6844           27.48       10.486     21-Mar-2024 08:27:35
    22      23      5     450    0.05       10        0.99    -6.7899     -6.7899         10              4             75.548           2.6276          27.662       16.904     21-Mar-2024 08:27:35
    22      24      5     450    0.05       10       0.992    -6.7149      -6.715         10              3             76.302           2.6844           28.56       10.694     21-Mar-2024 08:27:35
    22      25      5     450    0.05       10        0.99    -6.7899     -6.7899         10              4             75.548           2.6276          27.397       16.363     21-Mar-2024 08:27:35
    22      26      5     450    0.05       10       0.992    -6.7149      -6.715         10              3             76.302           2.6844          27.492       10.323     21-Mar-2024 08:27:35
    22      27      5     450    0.05       10        0.99    -6.7899     -6.7899         10              4             75.548           2.6276          27.226       15.588     21-Mar-2024 08:27:35
    22      28      5     450    0.05       10       0.992    -6.7149      -6.715         10              3             76.302           2.6844          27.749       10.344     21-Mar-2024 08:27:35
    22      29      5     450    0.05       10        0.99    -6.7899     -6.7899         10              4             75.548           2.6276          27.536       15.515     21-Mar-2024 08:27:35
    22      30      5     450    0.05       10       0.992    -6.7149      -6.715         10              3             76.302           2.6844          27.919        10.45     21-Mar-2024 08:27:35


rep =

    23

replication: (23)th 

thres=0.275560
1 th thresholding

  breakyes=1.4,  maxresidual < 1.00e-06
13 entries survived 

2 th thresholding

  breakyes=3.1,  primfeasorg deteriorated too much: primfeasorg=1.90e-05,dualfeasorg=3.46e-07
14 entries survived 

3 th thresholding

  breakyes=3.1,  primfeasorg deteriorated too much: primfeasorg=1.90e-05,dualfeasorg=3.46e-07
14 entries survived 

4 th thresholding

  breakyes=3.1,  primfeasorg deteriorated too much: primfeasorg=1.90e-05,dualfeasorg=3.46e-07
14 entries survived 

5 th thresholding

  breakyes=3.1,  primfeasorg deteriorated too much: primfeasorg=1.90e-05,dualfeasorg=3.46e-07
14 entries survived 

6 th thresholding

  breakyes=3.1,  primfeasorg deteriorated too much: primfeasorg=1.90e-05,dualfeasorg=3.46e-07
14 entries survived 

7 th thresholding

  breakyes=3.1,  primfeasorg deteriorated too much: primfeasorg=1.90e-05,dualfeasorg=3.46e-07
14 entries survived 

8 th thresholding

  breakyes=3.1,  primfeasorg deteriorated too much: primfeasorg=1.90e-05,dualfeasorg=3.46e-07
14 entries survived 

9 th thresholding

  breakyes=3.1,  primfeasorg deteriorated too much: primfeasorg=1.90e-05,dualfeasorg=3.46e-07
14 entries survived 

10 th thresholding

  breakyes=3.1,  primfeasorg deteriorated too much: primfeasorg=1.90e-05,dualfeasorg=3.46e-07
14 entries survived 

11 th thresholding

  breakyes=3.1,  primfeasorg deteriorated too much: primfeasorg=1.90e-05,dualfeasorg=3.46e-07
14 entries survived 

12 th thresholding

  breakyes=3.1,  primfeasorg deteriorated too much: primfeasorg=1.90e-05,dualfeasorg=3.46e-07
14 entries survived 

13 th thresholding

  breakyes=3.1,  primfeasorg deteriorated too much: primfeasorg=1.90e-05,dualfeasorg=3.46e-07
14 entries survived 

14 th thresholding

  breakyes=3.1,  primfeasorg deteriorated too much: primfeasorg=1.90e-05,dualfeasorg=3.46e-07
14 entries survived 

15 th thresholding

  breakyes=3.1,  primfeasorg deteriorated too much: primfeasorg=1.90e-05,dualfeasorg=3.46e-07
14 entries survived 

16 th thresholding

  breakyes=3.1,  primfeasorg deteriorated too much: primfeasorg=1.90e-05,dualfeasorg=3.46e-07
14 entries survived 

17 th thresholding

  breakyes=3.1,  primfeasorg deteriorated too much: primfeasorg=1.90e-05,dualfeasorg=3.46e-07
14 entries survived 

18 th thresholding

  breakyes=3.1,  primfeasorg deteriorated too much: primfeasorg=1.90e-05,dualfeasorg=3.46e-07
14 entries survived 

19 th thresholding

  breakyes=3.1,  primfeasorg deteriorated too much: primfeasorg=1.90e-05,dualfeasorg=3.46e-07
14 entries survived 

20 th thresholding

  breakyes=3.1,  primfeasorg deteriorated too much: primfeasorg=1.90e-05,dualfeasorg=3.46e-07
14 entries survived 

21 th thresholding

  breakyes=3.1,  primfeasorg deteriorated too much: primfeasorg=1.90e-05,dualfeasorg=3.46e-07
14 entries survived 

22 th thresholding

  breakyes=3.1,  primfeasorg deteriorated too much: primfeasorg=1.90e-05,dualfeasorg=3.46e-07
14 entries survived 

23 th thresholding

  breakyes=3.1,  primfeasorg deteriorated too much: primfeasorg=1.90e-05,dualfeasorg=3.46e-07
14 entries survived 

24 th thresholding

  breakyes=3.1,  primfeasorg deteriorated too much: primfeasorg=1.90e-05,dualfeasorg=3.46e-07
14 entries survived 

25 th thresholding

  breakyes=3.1,  primfeasorg deteriorated too much: primfeasorg=1.90e-05,dualfeasorg=3.46e-07
14 entries survived 

26 th thresholding

  breakyes=3.1,  primfeasorg deteriorated too much: primfeasorg=1.90e-05,dualfeasorg=3.46e-07
14 entries survived 

27 th thresholding

  breakyes=3.1,  primfeasorg deteriorated too much: primfeasorg=1.90e-05,dualfeasorg=3.46e-07
14 entries survived 

28 th thresholding

  breakyes=3.1,  primfeasorg deteriorated too much: primfeasorg=1.90e-05,dualfeasorg=3.46e-07
14 entries survived 

29 th thresholding

  breakyes=3.1,  primfeasorg deteriorated too much: primfeasorg=1.90e-05,dualfeasorg=3.46e-07
14 entries survived 

30 th thresholding

  breakyes=3.1,  primfeasorg deteriorated too much: primfeasorg=1.90e-05,dualfeasorg=3.46e-07
14 entries survived 

acc_vec =

    0.9880
    0.9960
    0.9960
    0.9960
    0.9960
    0.9960
    0.9960
    0.9960
    0.9960
    0.9960
    0.9960
    0.9960
    0.9960
    0.9960
    0.9960
    0.9960
    0.9960
    0.9960
    0.9960
    0.9960
    0.9960
    0.9960
    0.9960
    0.9960
    0.9960
    0.9960
    0.9960
    0.9960
    0.9960
    0.9960
    0.9960

acc =0.988000  0.996000  0.996000  0.996000  0.996000  0.996000  0.996000  0.996000  0.996000  0.996000  0.996000  0.996000  0.996000  0.996000  0.996000  0.996000  0.996000  0.996000  0.996000  0.996000  0.996000  0.996000  0.996000  0.996000  0.996000  0.996000  0.996000  0.996000  0.996000  0.996000  0.996000 

discov_true_vec =

    10
    10
    10
    10
    10
    10
    10
    10
    10
    10
    10
    10
    10
    10
    10
    10
    10
    10
    10
    10
    10
    10
    10
    10
    10
    10
    10
    10
    10
    10


discov_false_vec =

     3
     4
     4
     4
     4
     4
     4
     4
     4
     4
     4
     4
     4
     4
     4
     4
     4
     4
     4
     4
     4
     4
     4
     4
     4
     4
     4
     4
     4
     4


data =

  31x16 table

    rep    iter    sep    dim    rho     sparsity     acc     obj_prim    obj_dual    discov_true    discov_false    diff_x_tilde    diff_omega_diag    time_isee    time_SDP          jobdate       
    ___    ____    ___    ___    ____    ________    _____    ________    ________    ___________    ____________    ____________    _______________    _________    ________    ____________________

    23       0      5     450    0.05       10       0.988          0           0          0              0                  0                0               0            0     21-Mar-2024 09:01:37
    23       1      5     450    0.05       10       0.996    -7.2602     -7.2602         10              3             80.887           3.0333          28.007       45.949     21-Mar-2024 09:01:37
    23       2      5     450    0.05       10       0.996    -7.7051     -7.7056         10              4             80.009           2.9583          27.781       40.844     21-Mar-2024 09:01:37
    23       3      5     450    0.05       10       0.996    -7.7051     -7.7056         10              4             80.009           2.9583          27.403       41.638     21-Mar-2024 09:01:37
    23       4      5     450    0.05       10       0.996    -7.7051     -7.7056         10              4             80.009           2.9583          27.543       39.953     21-Mar-2024 09:01:37
    23       5      5     450    0.05       10       0.996    -7.7051     -7.7056         10              4             80.009           2.9583          27.581       39.869     21-Mar-2024 09:01:37
    23       6      5     450    0.05       10       0.996    -7.7051     -7.7056         10              4             80.009           2.9583          27.356       40.218     21-Mar-2024 09:01:37
    23       7      5     450    0.05       10       0.996    -7.7051     -7.7056         10              4             80.009           2.9583          27.662       40.455     21-Mar-2024 09:01:37
    23       8      5     450    0.05       10       0.996    -7.7051     -7.7056         10              4             80.009           2.9583          27.469       40.391     21-Mar-2024 09:01:37
    23       9      5     450    0.05       10       0.996    -7.7051     -7.7056         10              4             80.009           2.9583          27.578       41.764     21-Mar-2024 09:01:37
    23      10      5     450    0.05       10       0.996    -7.7051     -7.7056         10              4             80.009           2.9583          28.002       39.748     21-Mar-2024 09:01:37
    23      11      5     450    0.05       10       0.996    -7.7051     -7.7056         10              4             80.009           2.9583          28.241       40.171     21-Mar-2024 09:01:37
    23      12      5     450    0.05       10       0.996    -7.7051     -7.7056         10              4             80.009           2.9583          28.047       40.261     21-Mar-2024 09:01:37
    23      13      5     450    0.05       10       0.996    -7.7051     -7.7056         10              4             80.009           2.9583          27.343       40.097     21-Mar-2024 09:01:37
    23      14      5     450    0.05       10       0.996    -7.7051     -7.7056         10              4             80.009           2.9583          27.811       40.456     21-Mar-2024 09:01:37
    23      15      5     450    0.05       10       0.996    -7.7051     -7.7056         10              4             80.009           2.9583          27.243       39.862     21-Mar-2024 09:01:37
    23      16      5     450    0.05       10       0.996    -7.7051     -7.7056         10              4             80.009           2.9583          27.422       40.044     21-Mar-2024 09:01:37
    23      17      5     450    0.05       10       0.996    -7.7051     -7.7056         10              4             80.009           2.9583          27.635       40.214     21-Mar-2024 09:01:37
    23      18      5     450    0.05       10       0.996    -7.7051     -7.7056         10              4             80.009           2.9583          27.769       40.329     21-Mar-2024 09:01:37
    23      19      5     450    0.05       10       0.996    -7.7051     -7.7056         10              4             80.009           2.9583          28.926       40.273     21-Mar-2024 09:01:37
    23      20      5     450    0.05       10       0.996    -7.7051     -7.7056         10              4             80.009           2.9583          27.581       41.065     21-Mar-2024 09:01:37
    23      21      5     450    0.05       10       0.996    -7.7051     -7.7056         10              4             80.009           2.9583          28.092       40.748     21-Mar-2024 09:01:37
    23      22      5     450    0.05       10       0.996    -7.7051     -7.7056         10              4             80.009           2.9583          27.489       39.949     21-Mar-2024 09:01:37
    23      23      5     450    0.05       10       0.996    -7.7051     -7.7056         10              4             80.009           2.9583          27.455       40.478     21-Mar-2024 09:01:37
    23      24      5     450    0.05       10       0.996    -7.7051     -7.7056         10              4             80.009           2.9583          27.428       41.188     21-Mar-2024 09:01:37
    23      25      5     450    0.05       10       0.996    -7.7051     -7.7056         10              4             80.009           2.9583          27.309       39.885     21-Mar-2024 09:01:37
    23      26      5     450    0.05       10       0.996    -7.7051     -7.7056         10              4             80.009           2.9583          27.051       40.718     21-Mar-2024 09:01:37
    23      27      5     450    0.05       10       0.996    -7.7051     -7.7056         10              4             80.009           2.9583          26.891       40.317     21-Mar-2024 09:01:37
    23      28      5     450    0.05       10       0.996    -7.7051     -7.7056         10              4             80.009           2.9583          27.667       39.248     21-Mar-2024 09:01:37
    23      29      5     450    0.05       10       0.996    -7.7051     -7.7056         10              4             80.009           2.9583          27.286       38.288     21-Mar-2024 09:01:37
    23      30      5     450    0.05       10       0.996    -7.7051     -7.7056         10              4             80.009           2.9583          27.398       38.998     21-Mar-2024 09:01:37


rep =

    24

replication: (24)th 

thres=0.275560
1 th thresholding

  breakyes=1.0,  maxresidual < 1.00e-06
14 entries survived 

2 th thresholding

  breakyes=1.4,  maxresidual < 1.00e-06
11 entries survived 

3 th thresholding

  breakyes=1.4,  maxresidual < 1.00e-06
11 entries survived 

4 th thresholding

  breakyes=1.4,  maxresidual < 1.00e-06
11 entries survived 

5 th thresholding

  breakyes=1.4,  maxresidual < 1.00e-06
11 entries survived 

6 th thresholding

  breakyes=1.4,  maxresidual < 1.00e-06
11 entries survived 

7 th thresholding

  breakyes=1.4,  maxresidual < 1.00e-06
11 entries survived 

8 th thresholding

  breakyes=1.4,  maxresidual < 1.00e-06
11 entries survived 

9 th thresholding

  breakyes=1.4,  maxresidual < 1.00e-06
11 entries survived 

10 th thresholding

  breakyes=1.4,  maxresidual < 1.00e-06
11 entries survived 

11 th thresholding

  breakyes=1.4,  maxresidual < 1.00e-06
11 entries survived 

12 th thresholding

  breakyes=1.4,  maxresidual < 1.00e-06
11 entries survived 

13 th thresholding

  breakyes=1.4,  maxresidual < 1.00e-06
11 entries survived 

14 th thresholding

  breakyes=1.4,  maxresidual < 1.00e-06
11 entries survived 

15 th thresholding

  breakyes=1.4,  maxresidual < 1.00e-06
11 entries survived 

16 th thresholding

  breakyes=1.4,  maxresidual < 1.00e-06
11 entries survived 

17 th thresholding

  breakyes=1.4,  maxresidual < 1.00e-06
11 entries survived 

18 th thresholding

  breakyes=1.4,  maxresidual < 1.00e-06
11 entries survived 

19 th thresholding

  breakyes=1.4,  maxresidual < 1.00e-06
11 entries survived 

20 th thresholding

  breakyes=1.4,  maxresidual < 1.00e-06
11 entries survived 

21 th thresholding

  breakyes=1.4,  maxresidual < 1.00e-06
11 entries survived 

22 th thresholding

  breakyes=1.4,  maxresidual < 1.00e-06
11 entries survived 

23 th thresholding

  breakyes=1.4,  maxresidual < 1.00e-06
11 entries survived 

24 th thresholding

  breakyes=1.4,  maxresidual < 1.00e-06
11 entries survived 

25 th thresholding

  breakyes=1.4,  maxresidual < 1.00e-06
11 entries survived 

26 th thresholding

  breakyes=1.4,  maxresidual < 1.00e-06
11 entries survived 

27 th thresholding

  breakyes=1.4,  maxresidual < 1.00e-06
11 entries survived 

28 th thresholding

  breakyes=1.4,  maxresidual < 1.00e-06
11 entries survived 

29 th thresholding

  breakyes=1.4,  maxresidual < 1.00e-06
11 entries survived 

30 th thresholding

  breakyes=1.4,  maxresidual < 1.00e-06
11 entries survived 

acc_vec =

    0.9780
    0.9840
    0.9840
    0.9840
    0.9840
    0.9840
    0.9840
    0.9840
    0.9840
    0.9840
    0.9840
    0.9840
    0.9840
    0.9840
    0.9840
    0.9840
    0.9840
    0.9840
    0.9840
    0.9840
    0.9840
    0.9840
    0.9840
    0.9840
    0.9840
    0.9840
    0.9840
    0.9840
    0.9840
    0.9840
    0.9840

acc =0.978000  0.984000  0.984000  0.984000  0.984000  0.984000  0.984000  0.984000  0.984000  0.984000  0.984000  0.984000  0.984000  0.984000  0.984000  0.984000  0.984000  0.984000  0.984000  0.984000  0.984000  0.984000  0.984000  0.984000  0.984000  0.984000  0.984000  0.984000  0.984000  0.984000  0.984000 

discov_true_vec =

    10
    10
    10
    10
    10
    10
    10
    10
    10
    10
    10
    10
    10
    10
    10
    10
    10
    10
    10
    10
    10
    10
    10
    10
    10
    10
    10
    10
    10
    10


discov_false_vec =

     4
     1
     1
     1
     1
     1
     1
     1
     1
     1
     1
     1
     1
     1
     1
     1
     1
     1
     1
     1
     1
     1
     1
     1
     1
     1
     1
     1
     1
     1


data =

  31x16 table

    rep    iter    sep    dim    rho     sparsity     acc     obj_prim    obj_dual    discov_true    discov_false    diff_x_tilde    diff_omega_diag    time_isee    time_SDP          jobdate       
    ___    ____    ___    ___    ____    ________    _____    ________    ________    ___________    ____________    ____________    _______________    _________    ________    ____________________

    24       0      5     450    0.05       10       0.978          0           0          0              0                  0                0               0            0     21-Mar-2024 09:28:11
    24       1      5     450    0.05       10       0.984    -6.9826     -6.9826         10              4             77.133           2.7475          27.345       19.054     21-Mar-2024 09:28:11
    24       2      5     450    0.05       10       0.984    -6.5968     -6.5968         10              1             75.561           2.6783          27.167       26.137     21-Mar-2024 09:28:11
    24       3      5     450    0.05       10       0.984    -6.5968     -6.5968         10              1             75.561           2.6783          27.977       26.007     21-Mar-2024 09:28:11
    24       4      5     450    0.05       10       0.984    -6.5968     -6.5968         10              1             75.561           2.6783          27.714       25.566     21-Mar-2024 09:28:11
    24       5      5     450    0.05       10       0.984    -6.5968     -6.5968         10              1             75.561           2.6783          27.905       29.017     21-Mar-2024 09:28:11
    24       6      5     450    0.05       10       0.984    -6.5968     -6.5968         10              1             75.561           2.6783          27.525        25.52     21-Mar-2024 09:28:11
    24       7      5     450    0.05       10       0.984    -6.5968     -6.5968         10              1             75.561           2.6783          27.397       26.772     21-Mar-2024 09:28:11
    24       8      5     450    0.05       10       0.984    -6.5968     -6.5968         10              1             75.561           2.6783          27.384       25.805     21-Mar-2024 09:28:11
    24       9      5     450    0.05       10       0.984    -6.5968     -6.5968         10              1             75.561           2.6783          27.769       25.641     21-Mar-2024 09:28:11
    24      10      5     450    0.05       10       0.984    -6.5968     -6.5968         10              1             75.561           2.6783          27.176       25.496     21-Mar-2024 09:28:11
    24      11      5     450    0.05       10       0.984    -6.5968     -6.5968         10              1             75.561           2.6783          27.371       25.694     21-Mar-2024 09:28:11
    24      12      5     450    0.05       10       0.984    -6.5968     -6.5968         10              1             75.561           2.6783          27.538       25.467     21-Mar-2024 09:28:11
    24      13      5     450    0.05       10       0.984    -6.5968     -6.5968         10              1             75.561           2.6783          27.238       26.629     21-Mar-2024 09:28:11
    24      14      5     450    0.05       10       0.984    -6.5968     -6.5968         10              1             75.561           2.6783          27.701       25.599     21-Mar-2024 09:28:11
    24      15      5     450    0.05       10       0.984    -6.5968     -6.5968         10              1             75.561           2.6783          27.765       25.577     21-Mar-2024 09:28:11
    24      16      5     450    0.05       10       0.984    -6.5968     -6.5968         10              1             75.561           2.6783          27.137        25.43     21-Mar-2024 09:28:11
    24      17      5     450    0.05       10       0.984    -6.5968     -6.5968         10              1             75.561           2.6783          27.271       25.733     21-Mar-2024 09:28:11
    24      18      5     450    0.05       10       0.984    -6.5968     -6.5968         10              1             75.561           2.6783          27.415       25.832     21-Mar-2024 09:28:11
    24      19      5     450    0.05       10       0.984    -6.5968     -6.5968         10              1             75.561           2.6783          26.949        25.91     21-Mar-2024 09:28:11
    24      20      5     450    0.05       10       0.984    -6.5968     -6.5968         10              1             75.561           2.6783          27.252        26.28     21-Mar-2024 09:28:11
    24      21      5     450    0.05       10       0.984    -6.5968     -6.5968         10              1             75.561           2.6783          27.345       26.571     21-Mar-2024 09:28:11
    24      22      5     450    0.05       10       0.984    -6.5968     -6.5968         10              1             75.561           2.6783          27.373       25.513     21-Mar-2024 09:28:11
    24      23      5     450    0.05       10       0.984    -6.5968     -6.5968         10              1             75.561           2.6783           27.59       25.604     21-Mar-2024 09:28:11
    24      24      5     450    0.05       10       0.984    -6.5968     -6.5968         10              1             75.561           2.6783          27.247       25.414     21-Mar-2024 09:28:11
    24      25      5     450    0.05       10       0.984    -6.5968     -6.5968         10              1             75.561           2.6783          27.488       25.641     21-Mar-2024 09:28:11
    24      26      5     450    0.05       10       0.984    -6.5968     -6.5968         10              1             75.561           2.6783           27.26       26.556     21-Mar-2024 09:28:11
    24      27      5     450    0.05       10       0.984    -6.5968     -6.5968         10              1             75.561           2.6783          27.079       26.098     21-Mar-2024 09:28:11
    24      28      5     450    0.05       10       0.984    -6.5968     -6.5968         10              1             75.561           2.6783          27.078       25.694     21-Mar-2024 09:28:11
    24      29      5     450    0.05       10       0.984    -6.5968     -6.5968         10              1             75.561           2.6783          26.957       26.554     21-Mar-2024 09:28:11
    24      30      5     450    0.05       10       0.984    -6.5968     -6.5968         10              1             75.561           2.6783          27.239       25.554     21-Mar-2024 09:28:11

