==========================================
SLURM_JOB_ID = 20378104
SLURM_JOB_NODELIST = b22-27
TMPDIR = /tmp/SLURM_20378104
==========================================
hello
Starting parallel pool (parpool) ...
Connected to the parallel pool (number of workers: 15).

pool = 

 ProcessPool with properties: 

            Connected: true
           NumWorkers: 15
                 Busy: false
              Cluster: Local
        AttachedFiles: {}
    AutoAddClientPath: true
            FileStore: [1x1 parallel.FileStore]
           ValueStore: [1x1 parallel.ValueStore]
          IdleTimeout: 30 minutes (30 minutes remaining)
          SpmdEnabled: true


p =

   200


Delta =

     4


s =

    10


n =

   500


ii =

    20


table_name =

    'sparse_kmeans_isee_denoise'


conn = 

  sqlite with properties:

      Database: '/home1/jongminm/sparse_kmeans/sparse_kmeans.db'
    IsReadOnly: 0
    AutoCommit: 'on'


rho =

    0.0500


M =

    0.6601

delta confirmed: 4.000000
ans =

    3.8338


rep =

    77

replication: (77)th 

thres=0.256620
1 th thresholding

  breakyes=1.4,  maxresidual < 1.00e-06
12 entries survived 

2 th thresholding

  breakyes=1.0,  maxresidual < 1.00e-06
12 entries survived 

3 th thresholding

  breakyes=1.3,  maxresidual < 1.00e-06
11 entries survived 

4 th thresholding

  breakyes=1.4,  maxresidual < 1.00e-06
11 entries survived 

5 th thresholding

  breakyes=1.0,  maxresidual < 1.00e-06
11 entries survived 

6 th thresholding

  breakyes=1.4,  maxresidual < 1.00e-06
11 entries survived 

7 th thresholding

  breakyes=1.0,  maxresidual < 1.00e-06
11 entries survived 

8 th thresholding

  breakyes=1.4,  maxresidual < 1.00e-06
11 entries survived 

9 th thresholding

  breakyes=1.0,  maxresidual < 1.00e-06
11 entries survived 

10 th thresholding

  breakyes=1.4,  maxresidual < 1.00e-06
11 entries survived 

11 th thresholding

  breakyes=1.0,  maxresidual < 1.00e-06
11 entries survived 

12 th thresholding

  breakyes=1.4,  maxresidual < 1.00e-06
11 entries survived 

13 th thresholding

  breakyes=1.0,  maxresidual < 1.00e-06
11 entries survived 

14 th thresholding

  breakyes=1.4,  maxresidual < 1.00e-06
11 entries survived 

15 th thresholding

  breakyes=1.0,  maxresidual < 1.00e-06
11 entries survived 

16 th thresholding

  breakyes=1.4,  maxresidual < 1.00e-06
11 entries survived 

17 th thresholding

  breakyes=1.0,  maxresidual < 1.00e-06
11 entries survived 

18 th thresholding

  breakyes=1.4,  maxresidual < 1.00e-06
11 entries survived 

19 th thresholding

  breakyes=1.0,  maxresidual < 1.00e-06
11 entries survived 

20 th thresholding

  breakyes=1.4,  maxresidual < 1.00e-06
11 entries survived 

21 th thresholding

  breakyes=1.0,  maxresidual < 1.00e-06
11 entries survived 

22 th thresholding

  breakyes=1.4,  maxresidual < 1.00e-06
11 entries survived 

23 th thresholding

  breakyes=1.0,  maxresidual < 1.00e-06
11 entries survived 

24 th thresholding

  breakyes=1.4,  maxresidual < 1.00e-06
11 entries survived 

25 th thresholding

  breakyes=1.0,  maxresidual < 1.00e-06
11 entries survived 

26 th thresholding

  breakyes=1.4,  maxresidual < 1.00e-06
11 entries survived 

27 th thresholding

  breakyes=1.0,  maxresidual < 1.00e-06
11 entries survived 

28 th thresholding

  breakyes=1.4,  maxresidual < 1.00e-06
11 entries survived 

29 th thresholding

  breakyes=1.0,  maxresidual < 1.00e-06
11 entries survived 

30 th thresholding

  breakyes=1.4,  maxresidual < 1.00e-06
11 entries survived 

acc_vec =

    0.9620
    0.9780
    0.9800
    0.9780
    0.9760
    0.9780
    0.9760
    0.9780
    0.9760
    0.9780
    0.9760
    0.9780
    0.9760
    0.9780
    0.9760
    0.9780
    0.9760
    0.9780
    0.9760
    0.9780
    0.9760
    0.9780
    0.9760
    0.9780
    0.9760
    0.9780
    0.9760
    0.9780
    0.9760
    0.9780
    0.9760

acc =0.962000  0.978000  0.980000  0.978000  0.976000  0.978000  0.976000  0.978000  0.976000  0.978000  0.976000  0.978000  0.976000  0.978000  0.976000  0.978000  0.976000  0.978000  0.976000  0.978000  0.976000  0.978000  0.976000  0.978000  0.976000  0.978000  0.976000  0.978000  0.976000  0.978000  0.976000 

discov_true_vec =

    10
    10
    10
    10
    10
    10
    10
    10
    10
    10
    10
    10
    10
    10
    10
    10
    10
    10
    10
    10
    10
    10
    10
    10
    10
    10
    10
    10
    10
    10


discov_false_vec =

     2
     2
     1
     1
     1
     1
     1
     1
     1
     1
     1
     1
     1
     1
     1
     1
     1
     1
     1
     1
     1
     1
     1
     1
     1
     1
     1
     1
     1
     1


data =

  31x16 table

    rep    iter    sep    dim    rho     sparsity     acc     obj_prim    obj_dual    discov_true    discov_false    diff_x_tilde    diff_omega_diag    time_isee    time_SDP          jobdate       
    ___    ____    ___    ___    ____    ________    _____    ________    ________    ___________    ____________    ____________    _______________    _________    ________    ____________________

    77       0      4     200    0.05       10       0.962          0           0          0              0                  0                0               0            0     21-Mar-2024 09:40:48
    77       1      4     200    0.05       10       0.978    -5.3885     -5.3885         10              2             50.323           1.6052          7.3617       34.702     21-Mar-2024 09:40:48
    77       2      4     200    0.05       10        0.98    -4.7632     -4.7632         10              2             48.119           1.4904          4.9601       20.268     21-Mar-2024 09:40:48
    77       3      4     200    0.05       10       0.978    -4.7819     -4.7819         10              1             49.272            1.543          4.7726       33.359     21-Mar-2024 09:40:48
    77       4      4     200    0.05       10       0.976    -4.7619     -4.7619         10              1             48.596            1.531          5.2139       29.668     21-Mar-2024 09:40:48
    77       5      4     200    0.05       10       0.978    -4.8416     -4.8416         10              1             48.383           1.5226          4.5996       22.197     21-Mar-2024 09:40:48
    77       6      4     200    0.05       10       0.976    -4.8827     -4.8827         10              1             47.827           1.4719           4.663       33.232     21-Mar-2024 09:40:48
    77       7      4     200    0.05       10       0.978    -4.8416     -4.8416         10              1             48.383           1.5226          4.4206       22.019     21-Mar-2024 09:40:48
    77       8      4     200    0.05       10       0.976    -4.8827     -4.8827         10              1             47.827           1.4719          4.5287       35.954     21-Mar-2024 09:40:48
    77       9      4     200    0.05       10       0.978    -4.8416     -4.8416         10              1             48.383           1.5226          4.8503       21.487     21-Mar-2024 09:40:48
    77      10      4     200    0.05       10       0.976    -4.8827     -4.8827         10              1             47.827           1.4719          4.6855       36.097     21-Mar-2024 09:40:48
    77      11      4     200    0.05       10       0.978    -4.8416     -4.8416         10              1             48.383           1.5226          4.4089       20.076     21-Mar-2024 09:40:48
    77      12      4     200    0.05       10       0.976    -4.8827     -4.8827         10              1             47.827           1.4719           4.526       32.429     21-Mar-2024 09:40:48
    77      13      4     200    0.05       10       0.978    -4.8416     -4.8416         10              1             48.383           1.5226          4.5584       20.689     21-Mar-2024 09:40:48
    77      14      4     200    0.05       10       0.976    -4.8827     -4.8827         10              1             47.827           1.4719          4.4871       34.734     21-Mar-2024 09:40:48
    77      15      4     200    0.05       10       0.978    -4.8416     -4.8416         10              1             48.383           1.5226           4.487       21.303     21-Mar-2024 09:40:48
    77      16      4     200    0.05       10       0.976    -4.8827     -4.8827         10              1             47.827           1.4719          5.0435       35.166     21-Mar-2024 09:40:48
    77      17      4     200    0.05       10       0.978    -4.8416     -4.8416         10              1             48.383           1.5226          4.5324       21.373     21-Mar-2024 09:40:48
    77      18      4     200    0.05       10       0.976    -4.8827     -4.8827         10              1             47.827           1.4719          4.5064       34.085     21-Mar-2024 09:40:48
    77      19      4     200    0.05       10       0.978    -4.8416     -4.8416         10              1             48.383           1.5226          4.7105       22.511     21-Mar-2024 09:40:48
    77      20      4     200    0.05       10       0.976    -4.8827     -4.8827         10              1             47.827           1.4719          4.6219       32.859     21-Mar-2024 09:40:48
    77      21      4     200    0.05       10       0.978    -4.8416     -4.8416         10              1             48.383           1.5226          4.6435       24.761     21-Mar-2024 09:40:48
    77      22      4     200    0.05       10       0.976    -4.8827     -4.8827         10              1             47.827           1.4719          4.5817       38.438     21-Mar-2024 09:40:48
    77      23      4     200    0.05       10       0.978    -4.8416     -4.8416         10              1             48.383           1.5226          4.4723       22.255     21-Mar-2024 09:40:48
    77      24      4     200    0.05       10       0.976    -4.8827     -4.8827         10              1             47.827           1.4719          4.8788       35.364     21-Mar-2024 09:40:48
    77      25      4     200    0.05       10       0.978    -4.8416     -4.8416         10              1             48.383           1.5226          4.7249       22.956     21-Mar-2024 09:40:48
    77      26      4     200    0.05       10       0.976    -4.8827     -4.8827         10              1             47.827           1.4719          4.8707       35.718     21-Mar-2024 09:40:48
    77      27      4     200    0.05       10       0.978    -4.8416     -4.8416         10              1             48.383           1.5226          4.7074       21.685     21-Mar-2024 09:40:48
    77      28      4     200    0.05       10       0.976    -4.8827     -4.8827         10              1             47.827           1.4719          4.9532       36.154     21-Mar-2024 09:40:48
    77      29      4     200    0.05       10       0.978    -4.8416     -4.8416         10              1             48.383           1.5226           4.955       22.859     21-Mar-2024 09:40:48
    77      30      4     200    0.05       10       0.976    -4.8827     -4.8827         10              1             47.827           1.4719          4.8101       34.087     21-Mar-2024 09:40:48


rep =

    78

replication: (78)th 

thres=0.256620
1 th thresholding

  breakyes=1.3,  maxresidual < 1.00e-06
13 entries survived 

2 th thresholding

  breakyes=1.4,  maxresidual < 1.00e-06
11 entries survived 

3 th thresholding

  breakyes=1.0,  maxresidual < 1.00e-06
11 entries survived 

4 th thresholding

  breakyes=1.0,  maxresidual < 1.00e-06
11 entries survived 

5 th thresholding

  breakyes=1.0,  maxresidual < 1.00e-06
11 entries survived 

6 th thresholding

  breakyes=1.0,  maxresidual < 1.00e-06
11 entries survived 

7 th thresholding

  breakyes=1.0,  maxresidual < 1.00e-06
11 entries survived 

8 th thresholding

  breakyes=1.0,  maxresidual < 1.00e-06
11 entries survived 

9 th thresholding

  breakyes=1.0,  maxresidual < 1.00e-06
11 entries survived 

10 th thresholding

  breakyes=1.0,  maxresidual < 1.00e-06
11 entries survived 

11 th thresholding

  breakyes=1.0,  maxresidual < 1.00e-06
11 entries survived 

12 th thresholding

  breakyes=1.0,  maxresidual < 1.00e-06
11 entries survived 

13 th thresholding

  breakyes=1.0,  maxresidual < 1.00e-06
11 entries survived 

14 th thresholding

  breakyes=1.0,  maxresidual < 1.00e-06
11 entries survived 

15 th thresholding

  breakyes=1.0,  maxresidual < 1.00e-06
11 entries survived 

16 th thresholding

  breakyes=1.0,  maxresidual < 1.00e-06
11 entries survived 

17 th thresholding

  breakyes=1.0,  maxresidual < 1.00e-06
11 entries survived 

18 th thresholding

  breakyes=1.0,  maxresidual < 1.00e-06
11 entries survived 

19 th thresholding

  breakyes=1.0,  maxresidual < 1.00e-06
11 entries survived 

20 th thresholding

  breakyes=1.0,  maxresidual < 1.00e-06
11 entries survived 

21 th thresholding

  breakyes=1.0,  maxresidual < 1.00e-06
11 entries survived 

22 th thresholding

  breakyes=1.0,  maxresidual < 1.00e-06
11 entries survived 

23 th thresholding

  breakyes=1.0,  maxresidual < 1.00e-06
11 entries survived 

24 th thresholding

  breakyes=1.0,  maxresidual < 1.00e-06
11 entries survived 

25 th thresholding

  breakyes=1.0,  maxresidual < 1.00e-06
11 entries survived 

26 th thresholding

  breakyes=1.0,  maxresidual < 1.00e-06
11 entries survived 

27 th thresholding

  breakyes=1.0,  maxresidual < 1.00e-06
11 entries survived 

28 th thresholding

  breakyes=1.0,  maxresidual < 1.00e-06
11 entries survived 

29 th thresholding

  breakyes=1.0,  maxresidual < 1.00e-06
11 entries survived 

30 th thresholding

  breakyes=1.0,  maxresidual < 1.00e-06
11 entries survived 

acc_vec =

    0.9600
    0.9720
    0.9740
    0.9740
    0.9740
    0.9740
    0.9740
    0.9740
    0.9740
    0.9740
    0.9740
    0.9740
    0.9740
    0.9740
    0.9740
    0.9740
    0.9740
    0.9740
    0.9740
    0.9740
    0.9740
    0.9740
    0.9740
    0.9740
    0.9740
    0.9740
    0.9740
    0.9740
    0.9740
    0.9740
    0.9740

acc =0.960000  0.972000  0.974000  0.974000  0.974000  0.974000  0.974000  0.974000  0.974000  0.974000  0.974000  0.974000  0.974000  0.974000  0.974000  0.974000  0.974000  0.974000  0.974000  0.974000  0.974000  0.974000  0.974000  0.974000  0.974000  0.974000  0.974000  0.974000  0.974000  0.974000  0.974000 

discov_true_vec =

    10
    10
    10
    10
    10
    10
    10
    10
    10
    10
    10
    10
    10
    10
    10
    10
    10
    10
    10
    10
    10
    10
    10
    10
    10
    10
    10
    10
    10
    10


discov_false_vec =

     3
     1
     1
     1
     1
     1
     1
     1
     1
     1
     1
     1
     1
     1
     1
     1
     1
     1
     1
     1
     1
     1
     1
     1
     1
     1
     1
     1
     1
     1


data =

  31x16 table

    rep    iter    sep    dim    rho     sparsity     acc     obj_prim    obj_dual    discov_true    discov_false    diff_x_tilde    diff_omega_diag    time_isee    time_SDP          jobdate       
    ___    ____    ___    ___    ____    ________    _____    ________    ________    ___________    ____________    ____________    _______________    _________    ________    ____________________

    78       0      4     200    0.05       10        0.96          0           0          0              0                  0                0               0            0     21-Mar-2024 09:55:39
    78       1      4     200    0.05       10       0.972    -4.5319     -4.5319         10              3             48.919           1.5078          5.3594       31.104     21-Mar-2024 09:55:39
    78       2      4     200    0.05       10       0.974    -4.5644     -4.5644         10              1             49.474            1.538          4.8213       33.288     21-Mar-2024 09:55:39
    78       3      4     200    0.05       10       0.974    -4.5239     -4.5239         10              1              48.32           1.4848          4.6803           25     21-Mar-2024 09:55:39
    78       4      4     200    0.05       10       0.974    -4.5239     -4.5239         10              1              48.32           1.4848          5.0826       24.128     21-Mar-2024 09:55:39
    78       5      4     200    0.05       10       0.974    -4.5239     -4.5239         10              1              48.32           1.4848          4.8902       25.386     21-Mar-2024 09:55:39
    78       6      4     200    0.05       10       0.974    -4.5239     -4.5239         10              1              48.32           1.4848          5.0428        23.85     21-Mar-2024 09:55:39
    78       7      4     200    0.05       10       0.974    -4.5239     -4.5239         10              1              48.32           1.4848          4.7796        23.93     21-Mar-2024 09:55:39
    78       8      4     200    0.05       10       0.974    -4.5239     -4.5239         10              1              48.32           1.4848           5.253       23.864     21-Mar-2024 09:55:39
    78       9      4     200    0.05       10       0.974    -4.5239     -4.5239         10              1              48.32           1.4848          4.9097       23.124     21-Mar-2024 09:55:39
    78      10      4     200    0.05       10       0.974    -4.5239     -4.5239         10              1              48.32           1.4848          4.5991       24.402     21-Mar-2024 09:55:39
    78      11      4     200    0.05       10       0.974    -4.5239     -4.5239         10              1              48.32           1.4848          4.7719       22.225     21-Mar-2024 09:55:39
    78      12      4     200    0.05       10       0.974    -4.5239     -4.5239         10              1              48.32           1.4848          4.9112       24.871     21-Mar-2024 09:55:39
    78      13      4     200    0.05       10       0.974    -4.5239     -4.5239         10              1              48.32           1.4848          5.0733       23.581     21-Mar-2024 09:55:39
    78      14      4     200    0.05       10       0.974    -4.5239     -4.5239         10              1              48.32           1.4848          4.5986       24.881     21-Mar-2024 09:55:39
    78      15      4     200    0.05       10       0.974    -4.5239     -4.5239         10              1              48.32           1.4848          4.7321       22.288     21-Mar-2024 09:55:39
    78      16      4     200    0.05       10       0.974    -4.5239     -4.5239         10              1              48.32           1.4848          4.8748       23.701     21-Mar-2024 09:55:39
    78      17      4     200    0.05       10       0.974    -4.5239     -4.5239         10              1              48.32           1.4848           4.925       24.003     21-Mar-2024 09:55:39
    78      18      4     200    0.05       10       0.974    -4.5239     -4.5239         10              1              48.32           1.4848          5.0894       23.752     21-Mar-2024 09:55:39
    78      19      4     200    0.05       10       0.974    -4.5239     -4.5239         10              1              48.32           1.4848          4.7715       23.655     21-Mar-2024 09:55:39
    78      20      4     200    0.05       10       0.974    -4.5239     -4.5239         10              1              48.32           1.4848          4.6046       25.457     21-Mar-2024 09:55:39
    78      21      4     200    0.05       10       0.974    -4.5239     -4.5239         10              1              48.32           1.4848          4.7732       24.688     21-Mar-2024 09:55:39
    78      22      4     200    0.05       10       0.974    -4.5239     -4.5239         10              1              48.32           1.4848          4.6176       24.384     21-Mar-2024 09:55:39
    78      23      4     200    0.05       10       0.974    -4.5239     -4.5239         10              1              48.32           1.4848          4.7331       27.556     21-Mar-2024 09:55:39
    78      24      4     200    0.05       10       0.974    -4.5239     -4.5239         10              1              48.32           1.4848          5.2568       22.454     21-Mar-2024 09:55:39
    78      25      4     200    0.05       10       0.974    -4.5239     -4.5239         10              1              48.32           1.4848          5.0341       24.418     21-Mar-2024 09:55:39
    78      26      4     200    0.05       10       0.974    -4.5239     -4.5239         10              1              48.32           1.4848          5.3071       25.547     21-Mar-2024 09:55:39
    78      27      4     200    0.05       10       0.974    -4.5239     -4.5239         10              1              48.32           1.4848          5.2901       24.955     21-Mar-2024 09:55:39
    78      28      4     200    0.05       10       0.974    -4.5239     -4.5239         10              1              48.32           1.4848          5.0396       24.466     21-Mar-2024 09:55:39
    78      29      4     200    0.05       10       0.974    -4.5239     -4.5239         10              1              48.32           1.4848          5.3681       23.527     21-Mar-2024 09:55:39
    78      30      4     200    0.05       10       0.974    -4.5239     -4.5239         10              1              48.32           1.4848          5.0026       23.604     21-Mar-2024 09:55:39


rep =

    79

replication: (79)th 

thres=0.256620
1 th thresholding

  breakyes=1.0,  maxresidual < 1.00e-06
19 entries survived 

2 th thresholding

  breakyes=1.0,  maxresidual < 1.00e-06
18 entries survived 

3 th thresholding

  breakyes=1.4,  maxresidual < 1.00e-06
16 entries survived 

4 th thresholding

  breakyes=1.0,  maxresidual < 1.00e-06
16 entries survived 

5 th thresholding

  breakyes=1.4,  maxresidual < 1.00e-06
16 entries survived 

6 th thresholding

  breakyes=1.0,  maxresidual < 1.00e-06
16 entries survived 

7 th thresholding

  breakyes=1.4,  maxresidual < 1.00e-06
16 entries survived 

8 th thresholding

  breakyes=1.0,  maxresidual < 1.00e-06
16 entries survived 

9 th thresholding

  breakyes=1.4,  maxresidual < 1.00e-06
16 entries survived 

10 th thresholding

  breakyes=1.0,  maxresidual < 1.00e-06
16 entries survived 

11 th thresholding

  breakyes=1.4,  maxresidual < 1.00e-06
16 entries survived 

12 th thresholding

  breakyes=1.0,  maxresidual < 1.00e-06
16 entries survived 

13 th thresholding

  breakyes=1.4,  maxresidual < 1.00e-06
16 entries survived 

14 th thresholding

  breakyes=1.0,  maxresidual < 1.00e-06
16 entries survived 

15 th thresholding

  breakyes=1.4,  maxresidual < 1.00e-06
16 entries survived 

16 th thresholding

  breakyes=1.0,  maxresidual < 1.00e-06
16 entries survived 

17 th thresholding

  breakyes=1.4,  maxresidual < 1.00e-06
16 entries survived 

18 th thresholding

  breakyes=1.0,  maxresidual < 1.00e-06
16 entries survived 

19 th thresholding

  breakyes=1.4,  maxresidual < 1.00e-06
16 entries survived 

20 th thresholding

  breakyes=1.0,  maxresidual < 1.00e-06
16 entries survived 

21 th thresholding

  breakyes=1.4,  maxresidual < 1.00e-06
16 entries survived 

22 th thresholding

  breakyes=1.0,  maxresidual < 1.00e-06
16 entries survived 

23 th thresholding

  breakyes=1.4,  maxresidual < 1.00e-06
16 entries survived 

24 th thresholding

  breakyes=1.0,  maxresidual < 1.00e-06
16 entries survived 

25 th thresholding

  breakyes=1.4,  maxresidual < 1.00e-06
16 entries survived 

26 th thresholding

  breakyes=1.0,  maxresidual < 1.00e-06
16 entries survived 

27 th thresholding

  breakyes=1.4,  maxresidual < 1.00e-06
16 entries survived 

28 th thresholding

  breakyes=1.0,  maxresidual < 1.00e-06
16 entries survived 

29 th thresholding

  breakyes=1.4,  maxresidual < 1.00e-06
16 entries survived 

30 th thresholding

  breakyes=1.0,  maxresidual < 1.00e-06
16 entries survived 

acc_vec =

    0.9660
    0.9780
    0.9700
    0.9760
    0.9720
    0.9760
    0.9720
    0.9760
    0.9720
    0.9760
    0.9720
    0.9760
    0.9720
    0.9760
    0.9720
    0.9760
    0.9720
    0.9760
    0.9720
    0.9760
    0.9720
    0.9760
    0.9720
    0.9760
    0.9720
    0.9760
    0.9720
    0.9760
    0.9720
    0.9760
    0.9720

acc =0.966000  0.978000  0.970000  0.976000  0.972000  0.976000  0.972000  0.976000  0.972000  0.976000  0.972000  0.976000  0.972000  0.976000  0.972000  0.976000  0.972000  0.976000  0.972000  0.976000  0.972000  0.976000  0.972000  0.976000  0.972000  0.976000  0.972000  0.976000  0.972000  0.976000  0.972000 

discov_true_vec =

    10
    10
    10
    10
    10
    10
    10
    10
    10
    10
    10
    10
    10
    10
    10
    10
    10
    10
    10
    10
    10
    10
    10
    10
    10
    10
    10
    10
    10
    10


discov_false_vec =

     9
     8
     6
     6
     6
     6
     6
     6
     6
     6
     6
     6
     6
     6
     6
     6
     6
     6
     6
     6
     6
     6
     6
     6
     6
     6
     6
     6
     6
     6


data =

  31x16 table

    rep    iter    sep    dim    rho     sparsity     acc     obj_prim    obj_dual    discov_true    discov_false    diff_x_tilde    diff_omega_diag    time_isee    time_SDP          jobdate       
    ___    ____    ___    ___    ____    ________    _____    ________    ________    ___________    ____________    ____________    _______________    _________    ________    ____________________

    79       0      4     200    0.05       10       0.966          0           0          0              0                  0                0               0            0     21-Mar-2024 10:13:53
    79       1      4     200    0.05       10       0.978    -4.5824     -4.5824         10              9             50.397            1.657          4.9837       22.897     21-Mar-2024 10:13:53
    79       2      4     200    0.05       10        0.97    -4.3983     -4.3983         10              8             48.944           1.5603          4.9881       20.309     21-Mar-2024 10:13:53
    79       3      4     200    0.05       10       0.976    -4.5107     -4.5107         10              6             50.594           1.6224          4.8866       32.793     21-Mar-2024 10:13:53
    79       4      4     200    0.05       10       0.972    -4.5274     -4.5274         10              6             48.327           1.5615           4.747       23.222     21-Mar-2024 10:13:53
    79       5      4     200    0.05       10       0.976    -4.3778     -4.3778         10              6             47.925           1.5069          4.6485       30.614     21-Mar-2024 10:13:53
    79       6      4     200    0.05       10       0.972    -4.5126     -4.5126         10              6             47.586           1.5101          4.8145       30.617     21-Mar-2024 10:13:53
    79       7      4     200    0.05       10       0.976    -4.4651     -4.4651         10              6             47.328           1.5119          4.7125       32.354     21-Mar-2024 10:13:53
    79       8      4     200    0.05       10       0.972    -4.5126     -4.5126         10              6             47.586           1.5101          4.6654       32.141     21-Mar-2024 10:13:53
    79       9      4     200    0.05       10       0.976    -4.4651     -4.4651         10              6             47.328           1.5119          4.5275       33.223     21-Mar-2024 10:13:53
    79      10      4     200    0.05       10       0.972    -4.5126     -4.5126         10              6             47.586           1.5101          4.5032       32.337     21-Mar-2024 10:13:53
    79      11      4     200    0.05       10       0.976    -4.4651     -4.4651         10              6             47.328           1.5119          4.9524       32.772     21-Mar-2024 10:13:53
    79      12      4     200    0.05       10       0.972    -4.5126     -4.5126         10              6             47.586           1.5101          4.4716       32.274     21-Mar-2024 10:13:53
    79      13      4     200    0.05       10       0.976    -4.4651     -4.4651         10              6             47.328           1.5119          4.8273       32.884     21-Mar-2024 10:13:53
    79      14      4     200    0.05       10       0.972    -4.5126     -4.5126         10              6             47.586           1.5101          4.4132       34.199     21-Mar-2024 10:13:53
    79      15      4     200    0.05       10       0.976    -4.4651     -4.4651         10              6             47.328           1.5119          4.6472       33.184     21-Mar-2024 10:13:53
    79      16      4     200    0.05       10       0.972    -4.5126     -4.5126         10              6             47.586           1.5101          4.6462       35.969     21-Mar-2024 10:13:53
    79      17      4     200    0.05       10       0.976    -4.4651     -4.4651         10              6             47.328           1.5119          5.2285       34.437     21-Mar-2024 10:13:53
    79      18      4     200    0.05       10       0.972    -4.5126     -4.5126         10              6             47.586           1.5101          5.3437       32.348     21-Mar-2024 10:13:53
    79      19      4     200    0.05       10       0.976    -4.4651     -4.4651         10              6             47.328           1.5119          4.7882       33.075     21-Mar-2024 10:13:53
    79      20      4     200    0.05       10       0.972    -4.5126     -4.5126         10              6             47.586           1.5101          5.0286       34.829     21-Mar-2024 10:13:53
    79      21      4     200    0.05       10       0.976    -4.4651     -4.4651         10              6             47.328           1.5119          4.7523       33.494     21-Mar-2024 10:13:53
    79      22      4     200    0.05       10       0.972    -4.5126     -4.5126         10              6             47.586           1.5101          4.8022       31.993     21-Mar-2024 10:13:53
    79      23      4     200    0.05       10       0.976    -4.4651     -4.4651         10              6             47.328           1.5119          4.5959       34.331     21-Mar-2024 10:13:53
    79      24      4     200    0.05       10       0.972    -4.5126     -4.5126         10              6             47.586           1.5101          4.9089       33.808     21-Mar-2024 10:13:53
    79      25      4     200    0.05       10       0.976    -4.4651     -4.4651         10              6             47.328           1.5119          4.8226       33.397     21-Mar-2024 10:13:53
    79      26      4     200    0.05       10       0.972    -4.5126     -4.5126         10              6             47.586           1.5101          4.4612       30.273     21-Mar-2024 10:13:53
    79      27      4     200    0.05       10       0.976    -4.4651     -4.4651         10              6             47.328           1.5119          5.0751       32.698     21-Mar-2024 10:13:53
    79      28      4     200    0.05       10       0.972    -4.5126     -4.5126         10              6             47.586           1.5101          4.9223       31.186     21-Mar-2024 10:13:53
    79      29      4     200    0.05       10       0.976    -4.4651     -4.4651         10              6             47.328           1.5119          4.4787       32.073     21-Mar-2024 10:13:53
    79      30      4     200    0.05       10       0.972    -4.5126     -4.5126         10              6             47.586           1.5101          4.6163       30.883     21-Mar-2024 10:13:53


rep =

    80

replication: (80)th 

thres=0.256620
1 th thresholding

  breakyes=1.0,  maxresidual < 1.00e-06
13 entries survived 

2 th thresholding

  breakyes=1.0,  maxresidual < 1.00e-06
11 entries survived 

3 th thresholding

  breakyes=1.0,  maxresidual < 1.00e-06
11 entries survived 

4 th thresholding

  breakyes=1.0,  maxresidual < 1.00e-06
11 entries survived 

5 th thresholding

  breakyes=1.0,  maxresidual < 1.00e-06
11 entries survived 

6 th thresholding

  breakyes=1.0,  maxresidual < 1.00e-06
11 entries survived 

7 th thresholding

  breakyes=1.0,  maxresidual < 1.00e-06
11 entries survived 

8 th thresholding

  breakyes=1.0,  maxresidual < 1.00e-06
11 entries survived 

9 th thresholding

  breakyes=1.0,  maxresidual < 1.00e-06
11 entries survived 

10 th thresholding

  breakyes=1.0,  maxresidual < 1.00e-06
11 entries survived 

11 th thresholding

  breakyes=1.0,  maxresidual < 1.00e-06
11 entries survived 

12 th thresholding

  breakyes=1.0,  maxresidual < 1.00e-06
11 entries survived 

13 th thresholding

  breakyes=1.0,  maxresidual < 1.00e-06
11 entries survived 

14 th thresholding

  breakyes=1.0,  maxresidual < 1.00e-06
11 entries survived 

15 th thresholding

  breakyes=1.0,  maxresidual < 1.00e-06
11 entries survived 

16 th thresholding

  breakyes=1.0,  maxresidual < 1.00e-06
11 entries survived 

17 th thresholding

  breakyes=1.0,  maxresidual < 1.00e-06
11 entries survived 

18 th thresholding

  breakyes=1.0,  maxresidual < 1.00e-06
11 entries survived 

19 th thresholding

  breakyes=1.0,  maxresidual < 1.00e-06
11 entries survived 

20 th thresholding

  breakyes=1.0,  maxresidual < 1.00e-06
11 entries survived 

21 th thresholding

  breakyes=1.0,  maxresidual < 1.00e-06
11 entries survived 

22 th thresholding

  breakyes=1.0,  maxresidual < 1.00e-06
11 entries survived 

23 th thresholding

  breakyes=1.0,  maxresidual < 1.00e-06
11 entries survived 

24 th thresholding

  breakyes=1.0,  maxresidual < 1.00e-06
11 entries survived 

25 th thresholding

  breakyes=1.0,  maxresidual < 1.00e-06
11 entries survived 

26 th thresholding

  breakyes=1.0,  maxresidual < 1.00e-06
11 entries survived 

27 th thresholding

  breakyes=1.0,  maxresidual < 1.00e-06
11 entries survived 

28 th thresholding

  breakyes=1.0,  maxresidual < 1.00e-06
11 entries survived 

29 th thresholding

  breakyes=1.0,  maxresidual < 1.00e-06
11 entries survived 

30 th thresholding

  breakyes=1.0,  maxresidual < 1.00e-06
11 entries survived 

acc_vec =

    0.9700
    0.9800
    0.9800
    0.9800
    0.9800
    0.9800
    0.9800
    0.9800
    0.9800
    0.9800
    0.9800
    0.9800
    0.9780
    0.9800
    0.9800
    0.9800
    0.9780
    0.9800
    0.9800
    0.9800
    0.9780
    0.9800
    0.9780
    0.9800
    0.9780
    0.9800
    0.9780
    0.9800
    0.9800
    0.9800
    0.9780

acc =0.970000  0.980000  0.980000  0.980000  0.980000  0.980000  0.980000  0.980000  0.980000  0.980000  0.980000  0.980000  0.978000  0.980000  0.980000  0.980000  0.978000  0.980000  0.980000  0.980000  0.978000  0.980000  0.978000  0.980000  0.978000  0.980000  0.978000  0.980000  0.980000  0.980000  0.978000 

discov_true_vec =

    10
    10
    10
    10
    10
    10
    10
    10
    10
    10
    10
    10
    10
    10
    10
    10
    10
    10
    10
    10
    10
    10
    10
    10
    10
    10
    10
    10
    10
    10


discov_false_vec =

     3
     1
     1
     1
     1
     1
     1
     1
     1
     1
     1
     1
     1
     1
     1
     1
     1
     1
     1
     1
     1
     1
     1
     1
     1
     1
     1
     1
     1
     1


data =

  31x16 table

    rep    iter    sep    dim    rho     sparsity     acc     obj_prim    obj_dual    discov_true    discov_false    diff_x_tilde    diff_omega_diag    time_isee    time_SDP          jobdate       
    ___    ____    ___    ___    ____    ________    _____    ________    ________    ___________    ____________    ____________    _______________    _________    ________    ____________________

    80       0      4     200    0.05       10        0.97          0           0          0              0                  0                0               0            0     21-Mar-2024 10:30:23
    80       1      4     200    0.05       10        0.98    -4.0716     -4.0716         10              3             47.686           1.5382          4.9608       19.729     21-Mar-2024 10:30:23
    80       2      4     200    0.05       10        0.98    -3.9742     -3.9743         10              1             46.268           1.4636          4.5105       18.902     21-Mar-2024 10:30:23
    80       3      4     200    0.05       10        0.98    -4.0022     -4.0022         10              1             47.383           1.5607          4.7181       28.164     21-Mar-2024 10:30:23
    80       4      4     200    0.05       10        0.98    -4.0392     -4.0392         10              1             46.954           1.4941          4.8395       27.923     21-Mar-2024 10:30:23
    80       5      4     200    0.05       10        0.98    -4.0022     -4.0022         10              1             47.383           1.5607          4.9265       27.545     21-Mar-2024 10:30:23
    80       6      4     200    0.05       10        0.98    -4.0392     -4.0392         10              1             46.954           1.4941          4.5993        27.86     21-Mar-2024 10:30:23
    80       7      4     200    0.05       10        0.98    -4.0022     -4.0022         10              1             47.383           1.5607          4.7434       28.337     21-Mar-2024 10:30:23
    80       8      4     200    0.05       10        0.98    -4.0392     -4.0392         10              1             46.954           1.4941          4.7673       25.644     21-Mar-2024 10:30:23
    80       9      4     200    0.05       10        0.98    -4.0022     -4.0022         10              1             47.383           1.5607          4.6306       27.446     21-Mar-2024 10:30:23
    80      10      4     200    0.05       10        0.98    -4.0392     -4.0392         10              1             46.954           1.4941          4.6981        26.68     21-Mar-2024 10:30:23
    80      11      4     200    0.05       10        0.98    -4.0022     -4.0022         10              1             47.383           1.5607          4.7806        29.11     21-Mar-2024 10:30:23
    80      12      4     200    0.05       10       0.978    -4.0392     -4.0392         10              1             46.954           1.4941          4.6868        26.06     21-Mar-2024 10:30:23
    80      13      4     200    0.05       10        0.98    -4.0504     -4.0504         10              1             47.525           1.5575          4.7629       35.341     21-Mar-2024 10:30:23
    80      14      4     200    0.05       10        0.98    -4.0392     -4.0392         10              1             46.954           1.4941          4.9069       26.313     21-Mar-2024 10:30:23
    80      15      4     200    0.05       10        0.98    -4.0022     -4.0022         10              1             47.383           1.5607          4.9469       28.425     21-Mar-2024 10:30:23
    80      16      4     200    0.05       10       0.978    -4.0392     -4.0392         10              1             46.954           1.4941          4.6017       27.109     21-Mar-2024 10:30:23
    80      17      4     200    0.05       10        0.98    -4.0504     -4.0504         10              1             47.525           1.5575          4.8735       33.374     21-Mar-2024 10:30:23
    80      18      4     200    0.05       10        0.98    -4.0392     -4.0392         10              1             46.954           1.4941          4.6225         26.3     21-Mar-2024 10:30:23
    80      19      4     200    0.05       10        0.98    -4.0022     -4.0022         10              1             47.383           1.5607          5.0701        27.62     21-Mar-2024 10:30:23
    80      20      4     200    0.05       10       0.978    -4.0392     -4.0392         10              1             46.954           1.4941          5.0671       26.155     21-Mar-2024 10:30:23
    80      21      4     200    0.05       10        0.98    -4.0504     -4.0504         10              1             47.525           1.5575          4.6877       33.903     21-Mar-2024 10:30:23
    80      22      4     200    0.05       10       0.978    -4.0392     -4.0392         10              1             46.954           1.4941           4.421       27.906     21-Mar-2024 10:30:23
    80      23      4     200    0.05       10        0.98    -4.0504     -4.0504         10              1             47.525           1.5575          4.8143       35.129     21-Mar-2024 10:30:23
    80      24      4     200    0.05       10       0.978    -4.0392     -4.0392         10              1             46.954           1.4941          4.7788       24.651     21-Mar-2024 10:30:23
    80      25      4     200    0.05       10        0.98    -4.0504     -4.0504         10              1             47.525           1.5575          4.8384       34.583     21-Mar-2024 10:30:23
    80      26      4     200    0.05       10       0.978    -4.0392     -4.0392         10              1             46.954           1.4941          4.5345       26.132     21-Mar-2024 10:30:23
    80      27      4     200    0.05       10        0.98    -4.0504     -4.0504         10              1             47.525           1.5575          4.5291       34.731     21-Mar-2024 10:30:23
    80      28      4     200    0.05       10        0.98    -4.0392     -4.0392         10              1             46.954           1.4941          4.5352       27.207     21-Mar-2024 10:30:23
    80      29      4     200    0.05       10        0.98    -4.0022     -4.0022         10              1             47.383           1.5607          4.4624       29.727     21-Mar-2024 10:30:23
    80      30      4     200    0.05       10       0.978    -4.0392     -4.0392         10              1             46.954           1.4941          4.7497       29.155     21-Mar-2024 10:30:23

