==========================================
SLURM_JOB_ID = 20378087
SLURM_JOB_NODELIST = b22-01
TMPDIR = /tmp/SLURM_20378087
==========================================
hello
Starting parallel pool (parpool) ...
Connected to the parallel pool (number of workers: 15).

pool = 

 ProcessPool with properties: 

            Connected: true
           NumWorkers: 15
                 Busy: false
              Cluster: Local
        AttachedFiles: {}
    AutoAddClientPath: true
            FileStore: [1x1 parallel.FileStore]
           ValueStore: [1x1 parallel.ValueStore]
          IdleTimeout: 30 minutes (30 minutes remaining)
          SpmdEnabled: true


p =

   200


Delta =

     4


s =

    10


n =

   500


ii =

     4


table_name =

    'sparse_kmeans_isee_denoise'


conn = 

  sqlite with properties:

      Database: '/home1/jongminm/sparse_kmeans/sparse_kmeans.db'
    IsReadOnly: 0
    AutoCommit: 'on'


rho =

    0.0500


M =

    0.6601

delta confirmed: 4.000000
ans =

    3.8338


rep =

    13

replication: (13)th 

thres=0.256620
1 th thresholding

  breakyes=1.0,  maxresidual < 1.00e-06
14 entries survived 

2 th thresholding

  breakyes=3.1,  primfeasorg deteriorated too much: primfeasorg=6.16e-05,dualfeasorg=3.54e-05
12 entries survived 

3 th thresholding

  breakyes=1.0,  maxresidual < 1.00e-06
12 entries survived 

4 th thresholding

  breakyes=3.1,  primfeasorg deteriorated too much: primfeasorg=6.16e-05,dualfeasorg=3.54e-05
12 entries survived 

5 th thresholding

  breakyes=1.0,  maxresidual < 1.00e-06
12 entries survived 

6 th thresholding

  breakyes=3.1,  primfeasorg deteriorated too much: primfeasorg=6.16e-05,dualfeasorg=3.54e-05
12 entries survived 

7 th thresholding

  breakyes=1.0,  maxresidual < 1.00e-06
12 entries survived 

8 th thresholding

  breakyes=3.1,  primfeasorg deteriorated too much: primfeasorg=6.16e-05,dualfeasorg=3.54e-05
12 entries survived 

9 th thresholding

  breakyes=1.0,  maxresidual < 1.00e-06
12 entries survived 

10 th thresholding

  breakyes=3.1,  primfeasorg deteriorated too much: primfeasorg=6.16e-05,dualfeasorg=3.54e-05
12 entries survived 

11 th thresholding

  breakyes=1.0,  maxresidual < 1.00e-06
12 entries survived 

12 th thresholding

  breakyes=3.1,  primfeasorg deteriorated too much: primfeasorg=6.16e-05,dualfeasorg=3.54e-05
12 entries survived 

13 th thresholding

  breakyes=1.0,  maxresidual < 1.00e-06
12 entries survived 

14 th thresholding

  breakyes=3.1,  primfeasorg deteriorated too much: primfeasorg=6.16e-05,dualfeasorg=3.54e-05
12 entries survived 

15 th thresholding

  breakyes=1.0,  maxresidual < 1.00e-06
12 entries survived 

16 th thresholding

  breakyes=3.1,  primfeasorg deteriorated too much: primfeasorg=6.16e-05,dualfeasorg=3.54e-05
12 entries survived 

17 th thresholding

  breakyes=1.0,  maxresidual < 1.00e-06
12 entries survived 

18 th thresholding

  breakyes=3.1,  primfeasorg deteriorated too much: primfeasorg=6.16e-05,dualfeasorg=3.54e-05
12 entries survived 

19 th thresholding

  breakyes=1.0,  maxresidual < 1.00e-06
12 entries survived 

20 th thresholding

  breakyes=3.1,  primfeasorg deteriorated too much: primfeasorg=6.16e-05,dualfeasorg=3.54e-05
12 entries survived 

21 th thresholding

  breakyes=1.0,  maxresidual < 1.00e-06
12 entries survived 

22 th thresholding

  breakyes=3.1,  primfeasorg deteriorated too much: primfeasorg=6.16e-05,dualfeasorg=3.54e-05
12 entries survived 

23 th thresholding

  breakyes=1.0,  maxresidual < 1.00e-06
12 entries survived 

24 th thresholding

  breakyes=3.1,  primfeasorg deteriorated too much: primfeasorg=6.16e-05,dualfeasorg=3.54e-05
12 entries survived 

25 th thresholding

  breakyes=1.0,  maxresidual < 1.00e-06
12 entries survived 

26 th thresholding

  breakyes=3.1,  primfeasorg deteriorated too much: primfeasorg=6.16e-05,dualfeasorg=3.54e-05
12 entries survived 

27 th thresholding

  breakyes=1.0,  maxresidual < 1.00e-06
12 entries survived 

28 th thresholding

  breakyes=3.1,  primfeasorg deteriorated too much: primfeasorg=6.16e-05,dualfeasorg=3.54e-05
12 entries survived 

29 th thresholding

  breakyes=1.0,  maxresidual < 1.00e-06
12 entries survived 

30 th thresholding

  breakyes=3.1,  primfeasorg deteriorated too much: primfeasorg=6.16e-05,dualfeasorg=3.54e-05
12 entries survived 

acc_vec =

    0.9800
    0.9820
    0.9840
    0.9820
    0.9840
    0.9820
    0.9840
    0.9820
    0.9840
    0.9820
    0.9840
    0.9820
    0.9840
    0.9820
    0.9840
    0.9820
    0.9840
    0.9820
    0.9840
    0.9820
    0.9840
    0.9820
    0.9840
    0.9820
    0.9840
    0.9820
    0.9840
    0.9820
    0.9840
    0.9820
    0.9840

acc =0.980000  0.982000  0.984000  0.982000  0.984000  0.982000  0.984000  0.982000  0.984000  0.982000  0.984000  0.982000  0.984000  0.982000  0.984000  0.982000  0.984000  0.982000  0.984000  0.982000  0.984000  0.982000  0.984000  0.982000  0.984000  0.982000  0.984000  0.982000  0.984000  0.982000  0.984000 

discov_true_vec =

    10
    10
    10
    10
    10
    10
    10
    10
    10
    10
    10
    10
    10
    10
    10
    10
    10
    10
    10
    10
    10
    10
    10
    10
    10
    10
    10
    10
    10
    10


discov_false_vec =

     4
     2
     2
     2
     2
     2
     2
     2
     2
     2
     2
     2
     2
     2
     2
     2
     2
     2
     2
     2
     2
     2
     2
     2
     2
     2
     2
     2
     2
     2


data =

  31x16 table

    rep    iter    sep    dim    rho     sparsity     acc     obj_prim    obj_dual    discov_true    discov_false    diff_x_tilde    diff_omega_diag    time_isee    time_SDP          jobdate       
    ___    ____    ___    ___    ____    ________    _____    ________    ________    ___________    ____________    ____________    _______________    _________    ________    ____________________

    13       0      4     200    0.05       10        0.98          0           0          0              0                  0                0               0            0     21-Mar-2024 09:18:59
    13       1      4     200    0.05       10       0.982    -4.3821     -4.3821         10              4             49.605           1.5991          6.3518       27.141     21-Mar-2024 09:18:59
    13       2      4     200    0.05       10       0.984    -4.1637     -4.1633         10              2             48.092           1.4954          4.3192       24.933     21-Mar-2024 09:18:59
    13       3      4     200    0.05       10       0.982     -4.279      -4.279         10              2             49.054           1.5637          4.5033       13.487     21-Mar-2024 09:18:59
    13       4      4     200    0.05       10       0.984    -4.1637     -4.1633         10              2             48.092           1.4954          4.3121       24.503     21-Mar-2024 09:18:59
    13       5      4     200    0.05       10       0.982     -4.279      -4.279         10              2             49.054           1.5637          4.2019       13.008     21-Mar-2024 09:18:59
    13       6      4     200    0.05       10       0.984    -4.1637     -4.1633         10              2             48.092           1.4954          3.8286       23.949     21-Mar-2024 09:18:59
    13       7      4     200    0.05       10       0.982     -4.279      -4.279         10              2             49.054           1.5637           3.929       13.464     21-Mar-2024 09:18:59
    13       8      4     200    0.05       10       0.984    -4.1637     -4.1633         10              2             48.092           1.4954          3.8912       23.543     21-Mar-2024 09:18:59
    13       9      4     200    0.05       10       0.982     -4.279      -4.279         10              2             49.054           1.5637          3.9024       12.869     21-Mar-2024 09:18:59
    13      10      4     200    0.05       10       0.984    -4.1637     -4.1633         10              2             48.092           1.4954          3.7128       24.961     21-Mar-2024 09:18:59
    13      11      4     200    0.05       10       0.982     -4.279      -4.279         10              2             49.054           1.5637          4.2941       12.831     21-Mar-2024 09:18:59
    13      12      4     200    0.05       10       0.984    -4.1637     -4.1633         10              2             48.092           1.4954          3.8072       23.407     21-Mar-2024 09:18:59
    13      13      4     200    0.05       10       0.982     -4.279      -4.279         10              2             49.054           1.5637          4.2909       13.869     21-Mar-2024 09:18:59
    13      14      4     200    0.05       10       0.984    -4.1637     -4.1633         10              2             48.092           1.4954          3.7521       23.906     21-Mar-2024 09:18:59
    13      15      4     200    0.05       10       0.982     -4.279      -4.279         10              2             49.054           1.5637           3.927       13.001     21-Mar-2024 09:18:59
    13      16      4     200    0.05       10       0.984    -4.1637     -4.1633         10              2             48.092           1.4954          3.8748       24.352     21-Mar-2024 09:18:59
    13      17      4     200    0.05       10       0.982     -4.279      -4.279         10              2             49.054           1.5637          4.0656        12.78     21-Mar-2024 09:18:59
    13      18      4     200    0.05       10       0.984    -4.1637     -4.1633         10              2             48.092           1.4954          3.8811        23.42     21-Mar-2024 09:18:59
    13      19      4     200    0.05       10       0.982     -4.279      -4.279         10              2             49.054           1.5637          4.0735       12.301     21-Mar-2024 09:18:59
    13      20      4     200    0.05       10       0.984    -4.1637     -4.1633         10              2             48.092           1.4954          3.7402       22.519     21-Mar-2024 09:18:59
    13      21      4     200    0.05       10       0.982     -4.279      -4.279         10              2             49.054           1.5637           4.143       13.134     21-Mar-2024 09:18:59
    13      22      4     200    0.05       10       0.984    -4.1637     -4.1633         10              2             48.092           1.4954          3.7797       23.471     21-Mar-2024 09:18:59
    13      23      4     200    0.05       10       0.982     -4.279      -4.279         10              2             49.054           1.5637          3.9248       12.563     21-Mar-2024 09:18:59
    13      24      4     200    0.05       10       0.984    -4.1637     -4.1633         10              2             48.092           1.4954          3.8977       23.672     21-Mar-2024 09:18:59
    13      25      4     200    0.05       10       0.982     -4.279      -4.279         10              2             49.054           1.5637          4.1498       12.818     21-Mar-2024 09:18:59
    13      26      4     200    0.05       10       0.984    -4.1637     -4.1633         10              2             48.092           1.4954          3.8241       24.219     21-Mar-2024 09:18:59
    13      27      4     200    0.05       10       0.982     -4.279      -4.279         10              2             49.054           1.5637          3.8523       12.712     21-Mar-2024 09:18:59
    13      28      4     200    0.05       10       0.984    -4.1637     -4.1633         10              2             48.092           1.4954           4.019       23.075     21-Mar-2024 09:18:59
    13      29      4     200    0.05       10       0.982     -4.279      -4.279         10              2             49.054           1.5637          3.8819       12.491     21-Mar-2024 09:18:59
    13      30      4     200    0.05       10       0.984    -4.1637     -4.1633         10              2             48.092           1.4954          4.2428       23.226     21-Mar-2024 09:18:59


rep =

    14

replication: (14)th 

thres=0.256620
1 th thresholding

  breakyes=3.2,  dualfeasorg deteriorated too much: primfeasorg=2.56e-06,dualfeasorg=5.09e-05
16 entries survived 

2 th thresholding

  breakyes=1.3,  maxresidual < 1.00e-06
14 entries survived 

3 th thresholding

  breakyes=3.2,  dualfeasorg deteriorated too much: primfeasorg=4.55e-06,dualfeasorg=1.15e-04
14 entries survived 

4 th thresholding

  breakyes=3.2,  dualfeasorg deteriorated too much: primfeasorg=4.55e-06,dualfeasorg=1.15e-04
14 entries survived 

5 th thresholding

  breakyes=3.2,  dualfeasorg deteriorated too much: primfeasorg=4.55e-06,dualfeasorg=1.15e-04
14 entries survived 

6 th thresholding

  breakyes=3.2,  dualfeasorg deteriorated too much: primfeasorg=4.55e-06,dualfeasorg=1.15e-04
14 entries survived 

7 th thresholding

  breakyes=3.2,  dualfeasorg deteriorated too much: primfeasorg=4.55e-06,dualfeasorg=1.15e-04
14 entries survived 

8 th thresholding

  breakyes=3.2,  dualfeasorg deteriorated too much: primfeasorg=4.55e-06,dualfeasorg=1.15e-04
14 entries survived 

9 th thresholding

  breakyes=3.2,  dualfeasorg deteriorated too much: primfeasorg=4.55e-06,dualfeasorg=1.15e-04
14 entries survived 

10 th thresholding

  breakyes=3.2,  dualfeasorg deteriorated too much: primfeasorg=4.55e-06,dualfeasorg=1.15e-04
14 entries survived 

11 th thresholding

  breakyes=3.2,  dualfeasorg deteriorated too much: primfeasorg=4.55e-06,dualfeasorg=1.15e-04
14 entries survived 

12 th thresholding

  breakyes=3.2,  dualfeasorg deteriorated too much: primfeasorg=4.55e-06,dualfeasorg=1.15e-04
14 entries survived 

13 th thresholding

  breakyes=3.2,  dualfeasorg deteriorated too much: primfeasorg=4.55e-06,dualfeasorg=1.15e-04
14 entries survived 

14 th thresholding

  breakyes=3.2,  dualfeasorg deteriorated too much: primfeasorg=4.55e-06,dualfeasorg=1.15e-04
14 entries survived 

15 th thresholding

  breakyes=3.2,  dualfeasorg deteriorated too much: primfeasorg=4.55e-06,dualfeasorg=1.15e-04
14 entries survived 

16 th thresholding

  breakyes=3.2,  dualfeasorg deteriorated too much: primfeasorg=4.55e-06,dualfeasorg=1.15e-04
14 entries survived 

17 th thresholding

  breakyes=3.2,  dualfeasorg deteriorated too much: primfeasorg=4.55e-06,dualfeasorg=1.15e-04
14 entries survived 

18 th thresholding

  breakyes=3.2,  dualfeasorg deteriorated too much: primfeasorg=4.55e-06,dualfeasorg=1.15e-04
14 entries survived 

19 th thresholding

  breakyes=3.2,  dualfeasorg deteriorated too much: primfeasorg=4.55e-06,dualfeasorg=1.15e-04
14 entries survived 

20 th thresholding

  breakyes=3.2,  dualfeasorg deteriorated too much: primfeasorg=4.55e-06,dualfeasorg=1.15e-04
14 entries survived 

21 th thresholding

  breakyes=3.2,  dualfeasorg deteriorated too much: primfeasorg=4.55e-06,dualfeasorg=1.15e-04
14 entries survived 

22 th thresholding

  breakyes=3.2,  dualfeasorg deteriorated too much: primfeasorg=4.55e-06,dualfeasorg=1.15e-04
14 entries survived 

23 th thresholding

  breakyes=3.2,  dualfeasorg deteriorated too much: primfeasorg=4.55e-06,dualfeasorg=1.15e-04
14 entries survived 

24 th thresholding

  breakyes=3.2,  dualfeasorg deteriorated too much: primfeasorg=4.55e-06,dualfeasorg=1.15e-04
14 entries survived 

25 th thresholding

  breakyes=3.2,  dualfeasorg deteriorated too much: primfeasorg=4.55e-06,dualfeasorg=1.15e-04
14 entries survived 

26 th thresholding

  breakyes=3.2,  dualfeasorg deteriorated too much: primfeasorg=4.55e-06,dualfeasorg=1.15e-04
14 entries survived 

27 th thresholding

  breakyes=3.2,  dualfeasorg deteriorated too much: primfeasorg=4.55e-06,dualfeasorg=1.15e-04
14 entries survived 

28 th thresholding

  breakyes=3.2,  dualfeasorg deteriorated too much: primfeasorg=4.55e-06,dualfeasorg=1.15e-04
14 entries survived 

29 th thresholding

  breakyes=3.2,  dualfeasorg deteriorated too much: primfeasorg=4.55e-06,dualfeasorg=1.15e-04
14 entries survived 

30 th thresholding

  breakyes=3.2,  dualfeasorg deteriorated too much: primfeasorg=4.55e-06,dualfeasorg=1.15e-04
14 entries survived 

acc_vec =

    0.9680
    0.9760
    0.9780
    0.9780
    0.9780
    0.9780
    0.9780
    0.9780
    0.9780
    0.9780
    0.9780
    0.9780
    0.9780
    0.9780
    0.9780
    0.9780
    0.9780
    0.9780
    0.9780
    0.9780
    0.9780
    0.9780
    0.9780
    0.9780
    0.9780
    0.9780
    0.9780
    0.9780
    0.9780
    0.9780
    0.9780

acc =0.968000  0.976000  0.978000  0.978000  0.978000  0.978000  0.978000  0.978000  0.978000  0.978000  0.978000  0.978000  0.978000  0.978000  0.978000  0.978000  0.978000  0.978000  0.978000  0.978000  0.978000  0.978000  0.978000  0.978000  0.978000  0.978000  0.978000  0.978000  0.978000  0.978000  0.978000 

discov_true_vec =

    10
    10
    10
    10
    10
    10
    10
    10
    10
    10
    10
    10
    10
    10
    10
    10
    10
    10
    10
    10
    10
    10
    10
    10
    10
    10
    10
    10
    10
    10


discov_false_vec =

     6
     4
     4
     4
     4
     4
     4
     4
     4
     4
     4
     4
     4
     4
     4
     4
     4
     4
     4
     4
     4
     4
     4
     4
     4
     4
     4
     4
     4
     4


data =

  31x16 table

    rep    iter    sep    dim    rho     sparsity     acc     obj_prim    obj_dual    discov_true    discov_false    diff_x_tilde    diff_omega_diag    time_isee    time_SDP          jobdate       
    ___    ____    ___    ___    ____    ________    _____    ________    ________    ___________    ____________    ____________    _______________    _________    ________    ____________________

    14       0      4     200    0.05       10       0.968          0           0          0              0                  0                0               0            0     21-Mar-2024 09:26:48
    14       1      4     200    0.05       10       0.976    -3.9401     -3.9402         10              6             45.781           1.4661          4.3683       25.142     21-Mar-2024 09:26:48
    14       2      4     200    0.05       10       0.978    -3.8304     -3.8304         10              4             46.097           1.4347          3.8494        25.35     21-Mar-2024 09:26:48
    14       3      4     200    0.05       10       0.978    -3.8057     -3.8056         10              4             47.143           1.4897          3.9498       10.721     21-Mar-2024 09:26:48
    14       4      4     200    0.05       10       0.978    -3.8057     -3.8056         10              4             47.143           1.4897          3.6776       11.166     21-Mar-2024 09:26:48
    14       5      4     200    0.05       10       0.978    -3.8057     -3.8056         10              4             47.143           1.4897          4.1801       10.912     21-Mar-2024 09:26:48
    14       6      4     200    0.05       10       0.978    -3.8057     -3.8056         10              4             47.143           1.4897          3.6667       11.085     21-Mar-2024 09:26:48
    14       7      4     200    0.05       10       0.978    -3.8057     -3.8056         10              4             47.143           1.4897           4.158       11.218     21-Mar-2024 09:26:48
    14       8      4     200    0.05       10       0.978    -3.8057     -3.8056         10              4             47.143           1.4897          4.4698       10.693     21-Mar-2024 09:26:48
    14       9      4     200    0.05       10       0.978    -3.8057     -3.8056         10              4             47.143           1.4897          4.3645       10.735     21-Mar-2024 09:26:48
    14      10      4     200    0.05       10       0.978    -3.8057     -3.8056         10              4             47.143           1.4897           3.662       11.119     21-Mar-2024 09:26:48
    14      11      4     200    0.05       10       0.978    -3.8057     -3.8056         10              4             47.143           1.4897          4.2591       10.759     21-Mar-2024 09:26:48
    14      12      4     200    0.05       10       0.978    -3.8057     -3.8056         10              4             47.143           1.4897          3.6515       10.662     21-Mar-2024 09:26:48
    14      13      4     200    0.05       10       0.978    -3.8057     -3.8056         10              4             47.143           1.4897          4.0254       10.566     21-Mar-2024 09:26:48
    14      14      4     200    0.05       10       0.978    -3.8057     -3.8056         10              4             47.143           1.4897          3.7964        10.94     21-Mar-2024 09:26:48
    14      15      4     200    0.05       10       0.978    -3.8057     -3.8056         10              4             47.143           1.4897          3.9704       10.591     21-Mar-2024 09:26:48
    14      16      4     200    0.05       10       0.978    -3.8057     -3.8056         10              4             47.143           1.4897          3.7794       10.602     21-Mar-2024 09:26:48
    14      17      4     200    0.05       10       0.978    -3.8057     -3.8056         10              4             47.143           1.4897          3.6568       10.639     21-Mar-2024 09:26:48
    14      18      4     200    0.05       10       0.978    -3.8057     -3.8056         10              4             47.143           1.4897          3.9469       10.603     21-Mar-2024 09:26:48
    14      19      4     200    0.05       10       0.978    -3.8057     -3.8056         10              4             47.143           1.4897          3.6232        10.97     21-Mar-2024 09:26:48
    14      20      4     200    0.05       10       0.978    -3.8057     -3.8056         10              4             47.143           1.4897          3.7857       10.733     21-Mar-2024 09:26:48
    14      21      4     200    0.05       10       0.978    -3.8057     -3.8056         10              4             47.143           1.4897          3.8829        10.51     21-Mar-2024 09:26:48
    14      22      4     200    0.05       10       0.978    -3.8057     -3.8056         10              4             47.143           1.4897          4.0611       10.669     21-Mar-2024 09:26:48
    14      23      4     200    0.05       10       0.978    -3.8057     -3.8056         10              4             47.143           1.4897          3.6528       10.704     21-Mar-2024 09:26:48
    14      24      4     200    0.05       10       0.978    -3.8057     -3.8056         10              4             47.143           1.4897          4.0093       10.529     21-Mar-2024 09:26:48
    14      25      4     200    0.05       10       0.978    -3.8057     -3.8056         10              4             47.143           1.4897          3.6779        10.64     21-Mar-2024 09:26:48
    14      26      4     200    0.05       10       0.978    -3.8057     -3.8056         10              4             47.143           1.4897          3.6549       10.966     21-Mar-2024 09:26:48
    14      27      4     200    0.05       10       0.978    -3.8057     -3.8056         10              4             47.143           1.4897          4.0632       10.578     21-Mar-2024 09:26:48
    14      28      4     200    0.05       10       0.978    -3.8057     -3.8056         10              4             47.143           1.4897          3.6488        10.65     21-Mar-2024 09:26:48
    14      29      4     200    0.05       10       0.978    -3.8057     -3.8056         10              4             47.143           1.4897          3.8233       10.778     21-Mar-2024 09:26:48
    14      30      4     200    0.05       10       0.978    -3.8057     -3.8056         10              4             47.143           1.4897          3.6769       10.588     21-Mar-2024 09:26:48


rep =

    15

replication: (15)th 

thres=0.256620
1 th thresholding

  breakyes=3.2,  dualfeasorg deteriorated too much: primfeasorg=2.89e-06,dualfeasorg=4.56e-05
14 entries survived 

2 th thresholding

  breakyes=1.0,  maxresidual < 1.00e-06
13 entries survived 

3 th thresholding

  breakyes=1.0,  maxresidual < 1.00e-06
13 entries survived 

4 th thresholding

  breakyes=1.0,  maxresidual < 1.00e-06
13 entries survived 

5 th thresholding

  breakyes=1.0,  maxresidual < 1.00e-06
13 entries survived 

6 th thresholding

  breakyes=1.0,  maxresidual < 1.00e-06
13 entries survived 

7 th thresholding

  breakyes=1.0,  maxresidual < 1.00e-06
13 entries survived 

8 th thresholding

  breakyes=1.0,  maxresidual < 1.00e-06
13 entries survived 

9 th thresholding

  breakyes=1.0,  maxresidual < 1.00e-06
13 entries survived 

10 th thresholding

  breakyes=1.0,  maxresidual < 1.00e-06
13 entries survived 

11 th thresholding

  breakyes=1.0,  maxresidual < 1.00e-06
13 entries survived 

12 th thresholding

  breakyes=1.0,  maxresidual < 1.00e-06
13 entries survived 

13 th thresholding

  breakyes=1.0,  maxresidual < 1.00e-06
13 entries survived 

14 th thresholding

  breakyes=1.0,  maxresidual < 1.00e-06
13 entries survived 

15 th thresholding

  breakyes=1.0,  maxresidual < 1.00e-06
13 entries survived 

16 th thresholding

  breakyes=1.0,  maxresidual < 1.00e-06
13 entries survived 

17 th thresholding

  breakyes=1.0,  maxresidual < 1.00e-06
13 entries survived 

18 th thresholding

  breakyes=1.0,  maxresidual < 1.00e-06
13 entries survived 

19 th thresholding

  breakyes=1.0,  maxresidual < 1.00e-06
13 entries survived 

20 th thresholding

  breakyes=1.0,  maxresidual < 1.00e-06
13 entries survived 

21 th thresholding

  breakyes=1.0,  maxresidual < 1.00e-06
13 entries survived 

22 th thresholding

  breakyes=1.0,  maxresidual < 1.00e-06
13 entries survived 

23 th thresholding

  breakyes=1.0,  maxresidual < 1.00e-06
13 entries survived 

24 th thresholding

  breakyes=1.0,  maxresidual < 1.00e-06
13 entries survived 

25 th thresholding

  breakyes=1.0,  maxresidual < 1.00e-06
13 entries survived 

26 th thresholding

  breakyes=1.0,  maxresidual < 1.00e-06
13 entries survived 

27 th thresholding

  breakyes=1.0,  maxresidual < 1.00e-06
13 entries survived 

28 th thresholding

  breakyes=1.0,  maxresidual < 1.00e-06
13 entries survived 

29 th thresholding

  breakyes=1.0,  maxresidual < 1.00e-06
13 entries survived 

30 th thresholding

  breakyes=1.0,  maxresidual < 1.00e-06
13 entries survived 

acc_vec =

    0.9760
    0.9800
    0.9800
    0.9800
    0.9800
    0.9800
    0.9800
    0.9800
    0.9800
    0.9800
    0.9800
    0.9800
    0.9800
    0.9800
    0.9800
    0.9800
    0.9800
    0.9800
    0.9800
    0.9800
    0.9800
    0.9800
    0.9800
    0.9800
    0.9800
    0.9800
    0.9800
    0.9800
    0.9800
    0.9800
    0.9800

acc =0.976000  0.980000  0.980000  0.980000  0.980000  0.980000  0.980000  0.980000  0.980000  0.980000  0.980000  0.980000  0.980000  0.980000  0.980000  0.980000  0.980000  0.980000  0.980000  0.980000  0.980000  0.980000  0.980000  0.980000  0.980000  0.980000  0.980000  0.980000  0.980000  0.980000  0.980000 

discov_true_vec =

    10
    10
    10
    10
    10
    10
    10
    10
    10
    10
    10
    10
    10
    10
    10
    10
    10
    10
    10
    10
    10
    10
    10
    10
    10
    10
    10
    10
    10
    10


discov_false_vec =

     4
     3
     3
     3
     3
     3
     3
     3
     3
     3
     3
     3
     3
     3
     3
     3
     3
     3
     3
     3
     3
     3
     3
     3
     3
     3
     3
     3
     3
     3


data =

  31x16 table

    rep    iter    sep    dim    rho     sparsity     acc     obj_prim    obj_dual    discov_true    discov_false    diff_x_tilde    diff_omega_diag    time_isee    time_SDP          jobdate       
    ___    ____    ___    ___    ____    ________    _____    ________    ________    ___________    ____________    ____________    _______________    _________    ________    ____________________

    15       0      4     200    0.05       10       0.976          0           0          0              0                  0                0               0            0     21-Mar-2024 09:42:04
    15       1      4     200    0.05       10        0.98    -4.2659     -4.2659         10              4             49.463            1.546           4.093       25.091     21-Mar-2024 09:42:04
    15       2      4     200    0.05       10        0.98    -4.1759     -4.1759         10              3             50.111           1.5792          3.8354       26.189     21-Mar-2024 09:42:04
    15       3      4     200    0.05       10        0.98    -4.1759     -4.1759         10              3             50.111           1.5792          3.8993       26.564     21-Mar-2024 09:42:04
    15       4      4     200    0.05       10        0.98    -4.1759     -4.1759         10              3             50.111           1.5792          3.9999       26.169     21-Mar-2024 09:42:04
    15       5      4     200    0.05       10        0.98    -4.1759     -4.1759         10              3             50.111           1.5792          4.0216       26.964     21-Mar-2024 09:42:04
    15       6      4     200    0.05       10        0.98    -4.1759     -4.1759         10              3             50.111           1.5792          4.0922       26.921     21-Mar-2024 09:42:04
    15       7      4     200    0.05       10        0.98    -4.1759     -4.1759         10              3             50.111           1.5792          3.9182       26.299     21-Mar-2024 09:42:04
    15       8      4     200    0.05       10        0.98    -4.1759     -4.1759         10              3             50.111           1.5792           4.097       25.962     21-Mar-2024 09:42:04
    15       9      4     200    0.05       10        0.98    -4.1759     -4.1759         10              3             50.111           1.5792          3.9516       26.429     21-Mar-2024 09:42:04
    15      10      4     200    0.05       10        0.98    -4.1759     -4.1759         10              3             50.111           1.5792          3.9612       26.454     21-Mar-2024 09:42:04
    15      11      4     200    0.05       10        0.98    -4.1759     -4.1759         10              3             50.111           1.5792          4.0086       25.527     21-Mar-2024 09:42:04
    15      12      4     200    0.05       10        0.98    -4.1759     -4.1759         10              3             50.111           1.5792          4.2092       25.613     21-Mar-2024 09:42:04
    15      13      4     200    0.05       10        0.98    -4.1759     -4.1759         10              3             50.111           1.5792          3.8412       25.581     21-Mar-2024 09:42:04
    15      14      4     200    0.05       10        0.98    -4.1759     -4.1759         10              3             50.111           1.5792          3.9999       27.218     21-Mar-2024 09:42:04
    15      15      4     200    0.05       10        0.98    -4.1759     -4.1759         10              3             50.111           1.5792          4.1394       26.083     21-Mar-2024 09:42:04
    15      16      4     200    0.05       10        0.98    -4.1759     -4.1759         10              3             50.111           1.5792          3.9373       29.391     21-Mar-2024 09:42:04
    15      17      4     200    0.05       10        0.98    -4.1759     -4.1759         10              3             50.111           1.5792          3.9423       27.196     21-Mar-2024 09:42:04
    15      18      4     200    0.05       10        0.98    -4.1759     -4.1759         10              3             50.111           1.5792          3.9265       27.293     21-Mar-2024 09:42:04
    15      19      4     200    0.05       10        0.98    -4.1759     -4.1759         10              3             50.111           1.5792          3.8815       26.094     21-Mar-2024 09:42:04
    15      20      4     200    0.05       10        0.98    -4.1759     -4.1759         10              3             50.111           1.5792           4.042       27.215     21-Mar-2024 09:42:04
    15      21      4     200    0.05       10        0.98    -4.1759     -4.1759         10              3             50.111           1.5792          4.2548       26.913     21-Mar-2024 09:42:04
    15      22      4     200    0.05       10        0.98    -4.1759     -4.1759         10              3             50.111           1.5792           4.181       26.784     21-Mar-2024 09:42:04
    15      23      4     200    0.05       10        0.98    -4.1759     -4.1759         10              3             50.111           1.5792          3.9431       26.967     21-Mar-2024 09:42:04
    15      24      4     200    0.05       10        0.98    -4.1759     -4.1759         10              3             50.111           1.5792          3.9371       26.254     21-Mar-2024 09:42:04
    15      25      4     200    0.05       10        0.98    -4.1759     -4.1759         10              3             50.111           1.5792          3.9093       25.542     21-Mar-2024 09:42:04
    15      26      4     200    0.05       10        0.98    -4.1759     -4.1759         10              3             50.111           1.5792          3.8469       27.004     21-Mar-2024 09:42:04
    15      27      4     200    0.05       10        0.98    -4.1759     -4.1759         10              3             50.111           1.5792          3.8935        25.94     21-Mar-2024 09:42:04
    15      28      4     200    0.05       10        0.98    -4.1759     -4.1759         10              3             50.111           1.5792          3.8579       26.547     21-Mar-2024 09:42:04
    15      29      4     200    0.05       10        0.98    -4.1759     -4.1759         10              3             50.111           1.5792          3.9538        27.65     21-Mar-2024 09:42:04
    15      30      4     200    0.05       10        0.98    -4.1759     -4.1759         10              3             50.111           1.5792          3.9109       26.612     21-Mar-2024 09:42:04


rep =

    16

replication: (16)th 

thres=0.256620
1 th thresholding

  breakyes=1.0,  maxresidual < 1.00e-06
17 entries survived 

2 th thresholding

  breakyes=1.0,  maxresidual < 1.00e-06
15 entries survived 

3 th thresholding

  breakyes=1.4,  maxresidual < 1.00e-06
11 entries survived 

4 th thresholding

  breakyes=1.0,  maxresidual < 1.00e-06
11 entries survived 

5 th thresholding

  breakyes=1.0,  maxresidual < 1.00e-06
11 entries survived 

6 th thresholding

  breakyes=1.4,  maxresidual < 1.00e-06
13 entries survived 

7 th thresholding

  breakyes=1.4,  maxresidual < 1.00e-06
14 entries survived 

8 th thresholding

  breakyes=1.0,  maxresidual < 1.00e-06
12 entries survived 

9 th thresholding

  breakyes=1.0,  maxresidual < 1.00e-06
11 entries survived 

10 th thresholding

  breakyes=1.4,  maxresidual < 1.00e-06
12 entries survived 

11 th thresholding

  breakyes=1.0,  maxresidual < 1.00e-06
12 entries survived 

12 th thresholding

  breakyes=1.4,  maxresidual < 1.00e-06
12 entries survived 

13 th thresholding

  breakyes=1.0,  maxresidual < 1.00e-06
14 entries survived 

14 th thresholding

  breakyes=1.0,  maxresidual < 1.00e-06
13 entries survived 

15 th thresholding

  breakyes=1.0,  maxresidual < 1.00e-06
11 entries survived 

16 th thresholding

  breakyes=1.0,  maxresidual < 1.00e-06
13 entries survived 

17 th thresholding

  breakyes=1.4,  maxresidual < 1.00e-06
13 entries survived 

18 th thresholding

  breakyes=1.4,  maxresidual < 1.00e-06
12 entries survived 

19 th thresholding

  breakyes=1.4,  maxresidual < 1.00e-06
11 entries survived 

20 th thresholding

  breakyes=1.4,  maxresidual < 1.00e-06
11 entries survived 

21 th thresholding

  breakyes=1.0,  maxresidual < 1.00e-06
12 entries survived 

22 th thresholding

  breakyes=3.2,  dualfeasorg deteriorated too much: primfeasorg=3.27e-06,dualfeasorg=2.76e-05
13 entries survived 

23 th thresholding

  breakyes=1.0,  maxresidual < 1.00e-06
12 entries survived 

24 th thresholding

  breakyes=1.4,  maxresidual < 1.00e-06
13 entries survived 

25 th thresholding

  breakyes=1.0,  maxresidual < 1.00e-06
11 entries survived 

26 th thresholding

  breakyes=1.4,  maxresidual < 1.00e-06
11 entries survived 

27 th thresholding

  breakyes=1.0,  maxresidual < 1.00e-06
16 entries survived 

28 th thresholding

  breakyes=1.0,  maxresidual < 1.00e-06
11 entries survived 

29 th thresholding

  breakyes=1.3,  maxresidual < 1.00e-06
11 entries survived 

30 th thresholding

  breakyes=1.0,  maxresidual < 1.00e-06
11 entries survived 

acc_vec =

    0.9380
    0.9560
    0.9560
    0.9600
    0.9560
    0.9520
    0.9640
    0.9560
    0.9640
    0.9500
    0.9620
    0.9520
    0.9540
    0.9580
    0.9660
    0.9580
    0.9560
    0.9560
    0.9580
    0.9580
    0.9560
    0.9580
    0.9640
    0.9540
    0.9620
    0.9500
    0.9520
    0.9580
    0.9540
    0.9600
    0.9500

acc =0.938000  0.956000  0.956000  0.960000  0.956000  0.952000  0.964000  0.956000  0.964000  0.950000  0.962000  0.952000  0.954000  0.958000  0.966000  0.958000  0.956000  0.956000  0.958000  0.958000  0.956000  0.958000  0.964000  0.954000  0.962000  0.950000  0.952000  0.958000  0.954000  0.960000  0.950000 

discov_true_vec =

    10
    10
    10
    10
    10
    10
    10
    10
    10
    10
    10
    10
    10
    10
    10
    10
    10
    10
    10
    10
    10
    10
    10
    10
    10
    10
    10
    10
    10
    10


discov_false_vec =

     7
     5
     1
     1
     1
     3
     4
     2
     1
     2
     2
     2
     4
     3
     1
     3
     3
     2
     1
     1
     2
     3
     2
     3
     1
     1
     6
     1
     1
     1


data =

  31x16 table

    rep    iter    sep    dim    rho     sparsity     acc     obj_prim    obj_dual    discov_true    discov_false    diff_x_tilde    diff_omega_diag    time_isee    time_SDP          jobdate       
    ___    ____    ___    ___    ____    ________    _____    ________    ________    ___________    ____________    ____________    _______________    _________    ________    ____________________

    16       0      4     200    0.05       10       0.938          0           0          0              0                  0                0               0            0     21-Mar-2024 09:55:59
    16       1      4     200    0.05       10       0.956    -3.9865     -3.9865         10              7             50.115           1.5704          3.9228       39.878     21-Mar-2024 09:55:59
    16       2      4     200    0.05       10       0.956    -4.1213     -4.1213         10              5             48.175           1.4901          3.9428       15.477     21-Mar-2024 09:55:59
    16       3      4     200    0.05       10        0.96    -3.9593     -3.9593         10              1             49.189           1.5517          3.7856       50.017     21-Mar-2024 09:55:59
    16       4      4     200    0.05       10       0.956    -4.0043     -4.0043         10              1             49.363           1.6036          3.7755       34.023     21-Mar-2024 09:55:59
    16       5      4     200    0.05       10       0.952    -4.0186     -4.0186         10              1             49.685           1.5495          3.7878       15.695     21-Mar-2024 09:55:59
    16       6      4     200    0.05       10       0.964    -4.1417     -4.1417         10              3             49.079           1.4891          3.8129       24.431     21-Mar-2024 09:55:59
    16       7      4     200    0.05       10       0.956    -4.0091     -4.0091         10              4             48.442           1.4657          3.8163       25.568     21-Mar-2024 09:55:59
    16       8      4     200    0.05       10       0.964    -4.1424     -4.1424         10              2             48.775           1.5375          4.0258       22.585     21-Mar-2024 09:55:59
    16       9      4     200    0.05       10        0.95    -4.0784     -4.0784         10              1             47.755           1.4291           3.913       22.996     21-Mar-2024 09:55:59
    16      10      4     200    0.05       10       0.962     -4.033      -4.033         10              2             49.861           1.5809          3.9883       25.565     21-Mar-2024 09:55:59
    16      11      4     200    0.05       10       0.952    -3.8945     -3.8945         10              2              48.84           1.5115          4.2086       14.249     21-Mar-2024 09:55:59
    16      12      4     200    0.05       10       0.954    -3.9575     -3.9575         10              2             49.015           1.5253          3.9173       21.704     21-Mar-2024 09:55:59
    16      13      4     200    0.05       10       0.958    -4.1632     -4.1632         10              4             49.777           1.5204          3.9915         15.1     21-Mar-2024 09:55:59
    16      14      4     200    0.05       10       0.966    -4.2025     -4.2025         10              3             48.912            1.517          3.9208       18.223     21-Mar-2024 09:55:59
    16      15      4     200    0.05       10       0.958    -4.2135     -4.2135         10              1             48.474           1.5027            3.99        8.601     21-Mar-2024 09:55:59
    16      16      4     200    0.05       10       0.956    -4.0623     -4.0623         10              3             49.052            1.514          3.6843        34.41     21-Mar-2024 09:55:59
    16      17      4     200    0.05       10       0.956    -4.0859     -4.0859         10              3             48.482           1.4942          3.8298       22.935     21-Mar-2024 09:55:59
    16      18      4     200    0.05       10       0.958    -3.9683     -3.9683         10              2             49.878           1.5857          3.8941       23.917     21-Mar-2024 09:55:59
    16      19      4     200    0.05       10       0.958    -4.3028     -4.3028         10              1             49.801           1.5636          3.8967       25.485     21-Mar-2024 09:55:59
    16      20      4     200    0.05       10       0.956    -3.8692     -3.8692         10              1              48.52           1.5038          4.1799       43.384     21-Mar-2024 09:55:59
    16      21      4     200    0.05       10       0.958    -4.0715     -4.0715         10              2             49.677           1.5361          3.7623       17.644     21-Mar-2024 09:55:59
    16      22      4     200    0.05       10       0.964    -4.1793     -4.1793         10              3             47.632           1.4435          3.8972        20.34     21-Mar-2024 09:55:59
    16      23      4     200    0.05       10       0.954    -4.0713     -4.0713         10              2             48.548           1.4982          3.7805       18.386     21-Mar-2024 09:55:59
    16      24      4     200    0.05       10       0.962    -4.1017     -4.1017         10              3              47.88           1.4358          3.8916       28.137     21-Mar-2024 09:55:59
    16      25      4     200    0.05       10        0.95    -3.9504     -3.9504         10              1             49.968           1.5883           4.064       17.377     21-Mar-2024 09:55:59
    16      26      4     200    0.05       10       0.952    -4.1178     -4.1178         10              1             49.888           1.5261          3.8906       28.022     21-Mar-2024 09:55:59
    16      27      4     200    0.05       10       0.958    -3.9866     -3.9866         10              6             50.571           1.5896           4.068       17.985     21-Mar-2024 09:55:59
    16      28      4     200    0.05       10       0.954    -4.0874     -4.0874         10              1             48.432           1.4697          3.8934       17.102     21-Mar-2024 09:55:59
    16      29      4     200    0.05       10        0.96    -4.0227     -4.0227         10              1             49.998           1.5705          3.8486       24.464     21-Mar-2024 09:55:59
    16      30      4     200    0.05       10        0.95    -4.0165     -4.0165         10              1             49.062           1.5222          3.9284       23.824     21-Mar-2024 09:55:59

