==========================================
SLURM_JOB_ID = 20378472
SLURM_JOB_NODELIST = b22-06
TMPDIR = /tmp/SLURM_20378472
==========================================
hello
Starting parallel pool (parpool) ...
Connected to the parallel pool (number of workers: 15).

pool = 

 ProcessPool with properties: 

            Connected: true
           NumWorkers: 15
                 Busy: false
              Cluster: Local
        AttachedFiles: {}
    AutoAddClientPath: true
            FileStore: [1x1 parallel.FileStore]
           ValueStore: [1x1 parallel.ValueStore]
          IdleTimeout: 30 minutes (30 minutes remaining)
          SpmdEnabled: true


p =

   350


Delta =

     6


s =

    10


n =

   500


ii =

    20


table_name =

    'sparse_kmeans_isee_denoise'


conn = 

  sqlite with properties:

      Database: '/home1/jongminm/sparse_kmeans/sparse_kmeans.db'
    IsReadOnly: 0
    AutoCommit: 'on'


rho =

    0.0500


M =

    0.9901

delta confirmed: 6.000000
ans =

    5.7507


rep =

    77

replication: (77)th 

thres=0.269832
1 th thresholding

  breakyes=1.4,  maxresidual < 1.00e-06
11 entries survived 

2 th thresholding

  breakyes=1.4,  maxresidual < 1.00e-06
11 entries survived 

3 th thresholding

  breakyes=1.4,  maxresidual < 1.00e-06
11 entries survived 

4 th thresholding

  breakyes=1.4,  maxresidual < 1.00e-06
11 entries survived 

5 th thresholding

  breakyes=1.4,  maxresidual < 1.00e-06
11 entries survived 

6 th thresholding

  breakyes=1.4,  maxresidual < 1.00e-06
11 entries survived 

7 th thresholding

  breakyes=1.4,  maxresidual < 1.00e-06
11 entries survived 

8 th thresholding

  breakyes=1.4,  maxresidual < 1.00e-06
11 entries survived 

9 th thresholding

  breakyes=1.4,  maxresidual < 1.00e-06
11 entries survived 

10 th thresholding

  breakyes=1.4,  maxresidual < 1.00e-06
11 entries survived 

11 th thresholding

  breakyes=1.4,  maxresidual < 1.00e-06
11 entries survived 

12 th thresholding

  breakyes=1.4,  maxresidual < 1.00e-06
11 entries survived 

13 th thresholding

  breakyes=1.4,  maxresidual < 1.00e-06
11 entries survived 

14 th thresholding

  breakyes=1.4,  maxresidual < 1.00e-06
11 entries survived 

15 th thresholding

  breakyes=1.4,  maxresidual < 1.00e-06
11 entries survived 

16 th thresholding

  breakyes=1.4,  maxresidual < 1.00e-06
11 entries survived 

17 th thresholding

  breakyes=1.4,  maxresidual < 1.00e-06
11 entries survived 

18 th thresholding

  breakyes=1.4,  maxresidual < 1.00e-06
11 entries survived 

19 th thresholding

  breakyes=1.4,  maxresidual < 1.00e-06
11 entries survived 

20 th thresholding

  breakyes=1.4,  maxresidual < 1.00e-06
11 entries survived 

21 th thresholding

  breakyes=1.4,  maxresidual < 1.00e-06
11 entries survived 

22 th thresholding

  breakyes=1.4,  maxresidual < 1.00e-06
11 entries survived 

23 th thresholding

  breakyes=1.4,  maxresidual < 1.00e-06
11 entries survived 

24 th thresholding

  breakyes=1.4,  maxresidual < 1.00e-06
11 entries survived 

25 th thresholding

  breakyes=1.4,  maxresidual < 1.00e-06
11 entries survived 

26 th thresholding

  breakyes=1.4,  maxresidual < 1.00e-06
11 entries survived 

27 th thresholding

  breakyes=1.4,  maxresidual < 1.00e-06
11 entries survived 

28 th thresholding

  breakyes=1.4,  maxresidual < 1.00e-06
11 entries survived 

29 th thresholding

  breakyes=1.4,  maxresidual < 1.00e-06
11 entries survived 

30 th thresholding

  breakyes=1.4,  maxresidual < 1.00e-06
11 entries survived 

acc_vec =

    0.9980
    0.9980
    0.9980
    0.9980
    0.9980
    0.9980
    0.9980
    0.9980
    0.9980
    0.9980
    0.9980
    0.9980
    0.9980
    0.9980
    0.9980
    0.9980
    0.9980
    0.9980
    0.9980
    0.9980
    0.9980
    0.9980
    0.9980
    0.9980
    0.9980
    0.9980
    0.9980
    0.9980
    0.9980
    0.9980
    0.9980

acc =0.998000  0.998000  0.998000  0.998000  0.998000  0.998000  0.998000  0.998000  0.998000  0.998000  0.998000  0.998000  0.998000  0.998000  0.998000  0.998000  0.998000  0.998000  0.998000  0.998000  0.998000  0.998000  0.998000  0.998000  0.998000  0.998000  0.998000  0.998000  0.998000  0.998000  0.998000 

discov_true_vec =

    10
    10
    10
    10
    10
    10
    10
    10
    10
    10
    10
    10
    10
    10
    10
    10
    10
    10
    10
    10
    10
    10
    10
    10
    10
    10
    10
    10
    10
    10


discov_false_vec =

     1
     1
     1
     1
     1
     1
     1
     1
     1
     1
     1
     1
     1
     1
     1
     1
     1
     1
     1
     1
     1
     1
     1
     1
     1
     1
     1
     1
     1
     1


data =

  31x16 table

    rep    iter    sep    dim    rho     sparsity     acc     obj_prim    obj_dual    discov_true    discov_false    diff_x_tilde    diff_omega_diag    time_isee    time_SDP          jobdate       
    ___    ____    ___    ___    ____    ________    _____    ________    ________    ___________    ____________    ____________    _______________    _________    ________    ____________________

    77       0      6     350    0.05       10       0.998          0           0          0              0                  0                0               0            0     21-Mar-2024 14:40:41
    77       1      6     350    0.05       10       0.998    -11.468     -11.468         10              1             68.419           2.4365          21.866       45.001     21-Mar-2024 14:40:41
    77       2      6     350    0.05       10       0.998    -11.468     -11.468         10              1             68.419           2.4365          18.713       41.948     21-Mar-2024 14:40:41
    77       3      6     350    0.05       10       0.998    -11.468     -11.468         10              1             68.419           2.4365          18.369       41.516     21-Mar-2024 14:40:41
    77       4      6     350    0.05       10       0.998    -11.468     -11.468         10              1             68.419           2.4365          18.522       40.809     21-Mar-2024 14:40:41
    77       5      6     350    0.05       10       0.998    -11.468     -11.468         10              1             68.419           2.4365          18.284       41.509     21-Mar-2024 14:40:41
    77       6      6     350    0.05       10       0.998    -11.468     -11.468         10              1             68.419           2.4365          18.144       37.868     21-Mar-2024 14:40:41
    77       7      6     350    0.05       10       0.998    -11.468     -11.468         10              1             68.419           2.4365          18.928       39.346     21-Mar-2024 14:40:41
    77       8      6     350    0.05       10       0.998    -11.468     -11.468         10              1             68.419           2.4365          19.542       38.027     21-Mar-2024 14:40:41
    77       9      6     350    0.05       10       0.998    -11.468     -11.468         10              1             68.419           2.4365          18.081       38.797     21-Mar-2024 14:40:41
    77      10      6     350    0.05       10       0.998    -11.468     -11.468         10              1             68.419           2.4365          18.313        38.06     21-Mar-2024 14:40:41
    77      11      6     350    0.05       10       0.998    -11.468     -11.468         10              1             68.419           2.4365          18.393       39.141     21-Mar-2024 14:40:41
    77      12      6     350    0.05       10       0.998    -11.468     -11.468         10              1             68.419           2.4365            18.4       38.548     21-Mar-2024 14:40:41
    77      13      6     350    0.05       10       0.998    -11.468     -11.468         10              1             68.419           2.4365          19.046       39.277     21-Mar-2024 14:40:41
    77      14      6     350    0.05       10       0.998    -11.468     -11.468         10              1             68.419           2.4365          18.127       39.298     21-Mar-2024 14:40:41
    77      15      6     350    0.05       10       0.998    -11.468     -11.468         10              1             68.419           2.4365          18.432       38.924     21-Mar-2024 14:40:41
    77      16      6     350    0.05       10       0.998    -11.468     -11.468         10              1             68.419           2.4365          18.142       38.231     21-Mar-2024 14:40:41
    77      17      6     350    0.05       10       0.998    -11.468     -11.468         10              1             68.419           2.4365          18.165       37.971     21-Mar-2024 14:40:41
    77      18      6     350    0.05       10       0.998    -11.468     -11.468         10              1             68.419           2.4365          18.239       38.522     21-Mar-2024 14:40:41
    77      19      6     350    0.05       10       0.998    -11.468     -11.468         10              1             68.419           2.4365          18.451       38.611     21-Mar-2024 14:40:41
    77      20      6     350    0.05       10       0.998    -11.468     -11.468         10              1             68.419           2.4365          17.872       39.221     21-Mar-2024 14:40:41
    77      21      6     350    0.05       10       0.998    -11.468     -11.468         10              1             68.419           2.4365           18.99       38.587     21-Mar-2024 14:40:41
    77      22      6     350    0.05       10       0.998    -11.468     -11.468         10              1             68.419           2.4365          19.094       39.756     21-Mar-2024 14:40:41
    77      23      6     350    0.05       10       0.998    -11.468     -11.468         10              1             68.419           2.4365          18.798       39.355     21-Mar-2024 14:40:41
    77      24      6     350    0.05       10       0.998    -11.468     -11.468         10              1             68.419           2.4365          17.915       39.164     21-Mar-2024 14:40:41
    77      25      6     350    0.05       10       0.998    -11.468     -11.468         10              1             68.419           2.4365          18.214       38.906     21-Mar-2024 14:40:41
    77      26      6     350    0.05       10       0.998    -11.468     -11.468         10              1             68.419           2.4365          18.497       37.751     21-Mar-2024 14:40:41
    77      27      6     350    0.05       10       0.998    -11.468     -11.468         10              1             68.419           2.4365          18.695       39.479     21-Mar-2024 14:40:41
    77      28      6     350    0.05       10       0.998    -11.468     -11.468         10              1             68.419           2.4365          17.958       38.148     21-Mar-2024 14:40:41
    77      29      6     350    0.05       10       0.998    -11.468     -11.468         10              1             68.419           2.4365          19.235        38.51     21-Mar-2024 14:40:41
    77      30      6     350    0.05       10       0.998    -11.468     -11.468         10              1             68.419           2.4365          18.596       39.096     21-Mar-2024 14:40:41


rep =

    78

replication: (78)th 

thres=0.269832
1 th thresholding

  breakyes=3.1,  primfeasorg deteriorated too much: primfeasorg=1.31e-04,dualfeasorg=6.59e-06
18 entries survived 

2 th thresholding

  breakyes=1.4,  maxresidual < 1.00e-06
17 entries survived 

3 th thresholding

  breakyes=3.2,  dualfeasorg deteriorated too much: primfeasorg=7.78e-06,dualfeasorg=4.19e-05
17 entries survived 

4 th thresholding

  breakyes=3.1,  primfeasorg deteriorated too much: primfeasorg=8.63e-05,dualfeasorg=1.41e-06
17 entries survived 

5 th thresholding

  breakyes=1.0,  maxresidual < 1.00e-06
17 entries survived 

6 th thresholding

  breakyes=3.1,  primfeasorg deteriorated too much: primfeasorg=8.63e-05,dualfeasorg=1.41e-06
17 entries survived 

7 th thresholding

  breakyes=1.0,  maxresidual < 1.00e-06
17 entries survived 

8 th thresholding

  breakyes=3.1,  primfeasorg deteriorated too much: primfeasorg=8.63e-05,dualfeasorg=1.41e-06
17 entries survived 

9 th thresholding

  breakyes=1.0,  maxresidual < 1.00e-06
17 entries survived 

10 th thresholding

  breakyes=3.1,  primfeasorg deteriorated too much: primfeasorg=8.63e-05,dualfeasorg=1.41e-06
17 entries survived 

11 th thresholding

  breakyes=1.0,  maxresidual < 1.00e-06
17 entries survived 

12 th thresholding

  breakyes=3.1,  primfeasorg deteriorated too much: primfeasorg=8.63e-05,dualfeasorg=1.41e-06
17 entries survived 

13 th thresholding

  breakyes=1.0,  maxresidual < 1.00e-06
17 entries survived 

14 th thresholding

  breakyes=3.1,  primfeasorg deteriorated too much: primfeasorg=8.63e-05,dualfeasorg=1.41e-06
17 entries survived 

15 th thresholding

  breakyes=1.0,  maxresidual < 1.00e-06
17 entries survived 

16 th thresholding

  breakyes=3.1,  primfeasorg deteriorated too much: primfeasorg=8.63e-05,dualfeasorg=1.41e-06
17 entries survived 

17 th thresholding

  breakyes=1.0,  maxresidual < 1.00e-06
17 entries survived 

18 th thresholding

  breakyes=3.1,  primfeasorg deteriorated too much: primfeasorg=8.63e-05,dualfeasorg=1.41e-06
17 entries survived 

19 th thresholding

  breakyes=1.0,  maxresidual < 1.00e-06
17 entries survived 

20 th thresholding

  breakyes=3.1,  primfeasorg deteriorated too much: primfeasorg=8.63e-05,dualfeasorg=1.41e-06
17 entries survived 

21 th thresholding

  breakyes=1.0,  maxresidual < 1.00e-06
17 entries survived 

22 th thresholding

  breakyes=3.1,  primfeasorg deteriorated too much: primfeasorg=8.63e-05,dualfeasorg=1.41e-06
17 entries survived 

23 th thresholding

  breakyes=1.0,  maxresidual < 1.00e-06
17 entries survived 

24 th thresholding

  breakyes=3.1,  primfeasorg deteriorated too much: primfeasorg=8.63e-05,dualfeasorg=1.41e-06
17 entries survived 

25 th thresholding

  breakyes=1.0,  maxresidual < 1.00e-06
17 entries survived 

26 th thresholding

  breakyes=3.1,  primfeasorg deteriorated too much: primfeasorg=8.63e-05,dualfeasorg=1.41e-06
17 entries survived 

27 th thresholding

  breakyes=1.0,  maxresidual < 1.00e-06
17 entries survived 

28 th thresholding

  breakyes=3.1,  primfeasorg deteriorated too much: primfeasorg=8.63e-05,dualfeasorg=1.41e-06
17 entries survived 

29 th thresholding

  breakyes=1.0,  maxresidual < 1.00e-06
17 entries survived 

30 th thresholding

  breakyes=3.1,  primfeasorg deteriorated too much: primfeasorg=8.63e-05,dualfeasorg=1.41e-06
17 entries survived 

acc_vec =

    0.9940
    0.9960
    0.9940
    0.9920
    0.9940
    0.9920
    0.9940
    0.9920
    0.9940
    0.9920
    0.9940
    0.9920
    0.9940
    0.9920
    0.9940
    0.9920
    0.9940
    0.9920
    0.9940
    0.9920
    0.9940
    0.9920
    0.9940
    0.9920
    0.9940
    0.9920
    0.9940
    0.9920
    0.9940
    0.9920
    0.9940

acc =0.994000  0.996000  0.994000  0.992000  0.994000  0.992000  0.994000  0.992000  0.994000  0.992000  0.994000  0.992000  0.994000  0.992000  0.994000  0.992000  0.994000  0.992000  0.994000  0.992000  0.994000  0.992000  0.994000  0.992000  0.994000  0.992000  0.994000  0.992000  0.994000  0.992000  0.994000 

discov_true_vec =

    10
    10
    10
    10
    10
    10
    10
    10
    10
    10
    10
    10
    10
    10
    10
    10
    10
    10
    10
    10
    10
    10
    10
    10
    10
    10
    10
    10
    10
    10


discov_false_vec =

     8
     7
     7
     7
     7
     7
     7
     7
     7
     7
     7
     7
     7
     7
     7
     7
     7
     7
     7
     7
     7
     7
     7
     7
     7
     7
     7
     7
     7
     7


data =

  31x16 table

    rep    iter    sep    dim    rho     sparsity     acc     obj_prim    obj_dual    discov_true    discov_false    diff_x_tilde    diff_omega_diag    time_isee    time_SDP          jobdate       
    ___    ____    ___    ___    ____    ________    _____    ________    ________    ___________    ____________    ____________    _______________    _________    ________    ____________________

    78       0      6     350    0.05       10       0.994          0           0          0              0                  0                0               0            0     21-Mar-2024 15:05:24
    78       1      6     350    0.05       10       0.996    -10.508     -10.507         10              8             69.265           2.4468          18.925       33.637     21-Mar-2024 15:05:24
    78       2      6     350    0.05       10       0.994    -11.105     -11.105         10              7             68.323           2.2998          18.642       41.168     21-Mar-2024 15:05:24
    78       3      6     350    0.05       10       0.992    -11.683     -11.684         10              7             69.217           2.3886          18.893        33.98     21-Mar-2024 15:05:24
    78       4      6     350    0.05       10       0.994    -11.991     -11.991         10              7             70.907           2.4638          18.474       34.799     21-Mar-2024 15:05:24
    78       5      6     350    0.05       10       0.992    -11.297     -11.297         10              7             69.339           2.3765          18.105       27.809     21-Mar-2024 15:05:24
    78       6      6     350    0.05       10       0.994    -11.991     -11.991         10              7             70.907           2.4638          18.228       35.787     21-Mar-2024 15:05:24
    78       7      6     350    0.05       10       0.992    -11.297     -11.297         10              7             69.339           2.3765          19.993       27.525     21-Mar-2024 15:05:24
    78       8      6     350    0.05       10       0.994    -11.991     -11.991         10              7             70.907           2.4638          18.855       36.264     21-Mar-2024 15:05:24
    78       9      6     350    0.05       10       0.992    -11.297     -11.297         10              7             69.339           2.3765          18.552       27.317     21-Mar-2024 15:05:24
    78      10      6     350    0.05       10       0.994    -11.991     -11.991         10              7             70.907           2.4638          18.772       35.481     21-Mar-2024 15:05:24
    78      11      6     350    0.05       10       0.992    -11.297     -11.297         10              7             69.339           2.3765          18.254       28.025     21-Mar-2024 15:05:24
    78      12      6     350    0.05       10       0.994    -11.991     -11.991         10              7             70.907           2.4638          19.015        36.67     21-Mar-2024 15:05:24
    78      13      6     350    0.05       10       0.992    -11.297     -11.297         10              7             69.339           2.3765           18.25        28.63     21-Mar-2024 15:05:24
    78      14      6     350    0.05       10       0.994    -11.991     -11.991         10              7             70.907           2.4638          19.031       36.285     21-Mar-2024 15:05:24
    78      15      6     350    0.05       10       0.992    -11.297     -11.297         10              7             69.339           2.3765          18.557       28.115     21-Mar-2024 15:05:24
    78      16      6     350    0.05       10       0.994    -11.991     -11.991         10              7             70.907           2.4638          17.998        35.96     21-Mar-2024 15:05:24
    78      17      6     350    0.05       10       0.992    -11.297     -11.297         10              7             69.339           2.3765          18.203       27.622     21-Mar-2024 15:05:24
    78      18      6     350    0.05       10       0.994    -11.991     -11.991         10              7             70.907           2.4638          18.351       36.945     21-Mar-2024 15:05:24
    78      19      6     350    0.05       10       0.992    -11.297     -11.297         10              7             69.339           2.3765          20.115       27.606     21-Mar-2024 15:05:24
    78      20      6     350    0.05       10       0.994    -11.991     -11.991         10              7             70.907           2.4638          18.332       35.018     21-Mar-2024 15:05:24
    78      21      6     350    0.05       10       0.992    -11.297     -11.297         10              7             69.339           2.3765          18.255       26.788     21-Mar-2024 15:05:24
    78      22      6     350    0.05       10       0.994    -11.991     -11.991         10              7             70.907           2.4638          18.404       28.923     21-Mar-2024 15:05:24
    78      23      6     350    0.05       10       0.992    -11.297     -11.297         10              7             69.339           2.3765          18.018        24.77     21-Mar-2024 15:05:24
    78      24      6     350    0.05       10       0.994    -11.991     -11.991         10              7             70.907           2.4638          18.201       29.651     21-Mar-2024 15:05:24
    78      25      6     350    0.05       10       0.992    -11.297     -11.297         10              7             69.339           2.3765          18.475       22.779     21-Mar-2024 15:05:24
    78      26      6     350    0.05       10       0.994    -11.991     -11.991         10              7             70.907           2.4638          18.815       29.632     21-Mar-2024 15:05:24
    78      27      6     350    0.05       10       0.992    -11.297     -11.297         10              7             69.339           2.3765          17.911       24.042     21-Mar-2024 15:05:24
    78      28      6     350    0.05       10       0.994    -11.991     -11.991         10              7             70.907           2.4638          19.357        28.54     21-Mar-2024 15:05:24
    78      29      6     350    0.05       10       0.992    -11.297     -11.297         10              7             69.339           2.3765          20.711       22.781     21-Mar-2024 15:05:24
    78      30      6     350    0.05       10       0.994    -11.991     -11.991         10              7             70.907           2.4638          18.097       29.709     21-Mar-2024 15:05:24


rep =

    79

replication: (79)th 

thres=0.269832
1 th thresholding

  breakyes = 1.0,  maxresidual < 1.00e-04  breakyes=3.2,  dualfeasorg deteriorated too much: primfeasorg=2.56e-04,dualfeasorg=2.61e-03
12 entries survived 

2 th thresholding

  breakyes = 1.0,  maxresidual < 1.00e-04  breakyes=3.2,  dualfeasorg deteriorated too much: primfeasorg=2.56e-04,dualfeasorg=2.61e-03
12 entries survived 

3 th thresholding

  breakyes = 1.0,  maxresidual < 1.00e-04  breakyes=3.2,  dualfeasorg deteriorated too much: primfeasorg=2.56e-04,dualfeasorg=2.61e-03
12 entries survived 

4 th thresholding

  breakyes = 1.0,  maxresidual < 1.00e-04  breakyes=3.2,  dualfeasorg deteriorated too much: primfeasorg=2.56e-04,dualfeasorg=2.61e-03
12 entries survived 

5 th thresholding

  breakyes = 1.0,  maxresidual < 1.00e-04  breakyes=3.2,  dualfeasorg deteriorated too much: primfeasorg=2.56e-04,dualfeasorg=2.61e-03
12 entries survived 

6 th thresholding

  breakyes = 1.0,  maxresidual < 1.00e-04  breakyes=3.2,  dualfeasorg deteriorated too much: primfeasorg=2.56e-04,dualfeasorg=2.61e-03
12 entries survived 

7 th thresholding

  breakyes = 1.0,  maxresidual < 1.00e-04  breakyes=3.2,  dualfeasorg deteriorated too much: primfeasorg=2.56e-04,dualfeasorg=2.61e-03
12 entries survived 

8 th thresholding

  breakyes = 1.0,  maxresidual < 1.00e-04  breakyes=3.2,  dualfeasorg deteriorated too much: primfeasorg=2.56e-04,dualfeasorg=2.61e-03
12 entries survived 

9 th thresholding

  breakyes = 1.0,  maxresidual < 1.00e-04  breakyes=3.2,  dualfeasorg deteriorated too much: primfeasorg=2.56e-04,dualfeasorg=2.61e-03
12 entries survived 

10 th thresholding

  breakyes = 1.0,  maxresidual < 1.00e-04  breakyes=3.2,  dualfeasorg deteriorated too much: primfeasorg=2.56e-04,dualfeasorg=2.61e-03
12 entries survived 

11 th thresholding

  breakyes = 1.0,  maxresidual < 1.00e-04  breakyes=3.2,  dualfeasorg deteriorated too much: primfeasorg=2.56e-04,dualfeasorg=2.61e-03
12 entries survived 

12 th thresholding

  breakyes = 1.0,  maxresidual < 1.00e-04  breakyes=3.2,  dualfeasorg deteriorated too much: primfeasorg=2.56e-04,dualfeasorg=2.61e-03
12 entries survived 

13 th thresholding

  breakyes = 1.0,  maxresidual < 1.00e-04  breakyes=3.2,  dualfeasorg deteriorated too much: primfeasorg=2.56e-04,dualfeasorg=2.61e-03
12 entries survived 

14 th thresholding

  breakyes = 1.0,  maxresidual < 1.00e-04  breakyes=3.2,  dualfeasorg deteriorated too much: primfeasorg=2.56e-04,dualfeasorg=2.61e-03
12 entries survived 

15 th thresholding

  breakyes = 1.0,  maxresidual < 1.00e-04  breakyes=3.2,  dualfeasorg deteriorated too much: primfeasorg=2.56e-04,dualfeasorg=2.61e-03
12 entries survived 

16 th thresholding

  breakyes = 1.0,  maxresidual < 1.00e-04  breakyes=3.2,  dualfeasorg deteriorated too much: primfeasorg=2.56e-04,dualfeasorg=2.61e-03
12 entries survived 

17 th thresholding

  breakyes = 1.0,  maxresidual < 1.00e-04  breakyes=3.2,  dualfeasorg deteriorated too much: primfeasorg=2.56e-04,dualfeasorg=2.61e-03
12 entries survived 

18 th thresholding

  breakyes = 1.0,  maxresidual < 1.00e-04  breakyes=3.2,  dualfeasorg deteriorated too much: primfeasorg=2.56e-04,dualfeasorg=2.61e-03
12 entries survived 

19 th thresholding

  breakyes = 1.0,  maxresidual < 1.00e-04  breakyes=3.2,  dualfeasorg deteriorated too much: primfeasorg=2.56e-04,dualfeasorg=2.61e-03
12 entries survived 

20 th thresholding

  breakyes = 1.0,  maxresidual < 1.00e-04  breakyes=3.2,  dualfeasorg deteriorated too much: primfeasorg=2.56e-04,dualfeasorg=2.61e-03
12 entries survived 

21 th thresholding

  breakyes = 1.0,  maxresidual < 1.00e-04  breakyes=3.2,  dualfeasorg deteriorated too much: primfeasorg=2.56e-04,dualfeasorg=2.61e-03
12 entries survived 

22 th thresholding

  breakyes = 1.0,  maxresidual < 1.00e-04  breakyes=3.2,  dualfeasorg deteriorated too much: primfeasorg=2.56e-04,dualfeasorg=2.61e-03
12 entries survived 

23 th thresholding

  breakyes = 1.0,  maxresidual < 1.00e-04  breakyes=3.2,  dualfeasorg deteriorated too much: primfeasorg=2.56e-04,dualfeasorg=2.61e-03
12 entries survived 

24 th thresholding

  breakyes = 1.0,  maxresidual < 1.00e-04  breakyes=3.2,  dualfeasorg deteriorated too much: primfeasorg=2.56e-04,dualfeasorg=2.61e-03
12 entries survived 

25 th thresholding

  breakyes = 1.0,  maxresidual < 1.00e-04  breakyes=3.2,  dualfeasorg deteriorated too much: primfeasorg=2.56e-04,dualfeasorg=2.61e-03
12 entries survived 

26 th thresholding

  breakyes = 1.0,  maxresidual < 1.00e-04  breakyes=3.2,  dualfeasorg deteriorated too much: primfeasorg=2.56e-04,dualfeasorg=2.61e-03
12 entries survived 

27 th thresholding

  breakyes = 1.0,  maxresidual < 1.00e-04  breakyes=3.2,  dualfeasorg deteriorated too much: primfeasorg=2.56e-04,dualfeasorg=2.61e-03
12 entries survived 

28 th thresholding

  breakyes = 1.0,  maxresidual < 1.00e-04  breakyes=3.2,  dualfeasorg deteriorated too much: primfeasorg=2.56e-04,dualfeasorg=2.61e-03
12 entries survived 

29 th thresholding

  breakyes = 1.0,  maxresidual < 1.00e-04  breakyes=3.2,  dualfeasorg deteriorated too much: primfeasorg=2.56e-04,dualfeasorg=2.61e-03
12 entries survived 

30 th thresholding

  breakyes = 1.0,  maxresidual < 1.00e-04  breakyes=3.2,  dualfeasorg deteriorated too much: primfeasorg=2.56e-04,dualfeasorg=2.61e-03
12 entries survived 

acc_vec =

    0.9980
    0.9980
    0.9980
    0.9980
    0.9980
    0.9980
    0.9980
    0.9980
    0.9980
    0.9980
    0.9980
    0.9980
    0.9980
    0.9980
    0.9980
    0.9980
    0.9980
    0.9980
    0.9980
    0.9980
    0.9980
    0.9980
    0.9980
    0.9980
    0.9980
    0.9980
    0.9980
    0.9980
    0.9980
    0.9980
    0.9980

acc =0.998000  0.998000  0.998000  0.998000  0.998000  0.998000  0.998000  0.998000  0.998000  0.998000  0.998000  0.998000  0.998000  0.998000  0.998000  0.998000  0.998000  0.998000  0.998000  0.998000  0.998000  0.998000  0.998000  0.998000  0.998000  0.998000  0.998000  0.998000  0.998000  0.998000  0.998000 

discov_true_vec =

    10
    10
    10
    10
    10
    10
    10
    10
    10
    10
    10
    10
    10
    10
    10
    10
    10
    10
    10
    10
    10
    10
    10
    10
    10
    10
    10
    10
    10
    10


discov_false_vec =

     2
     2
     2
     2
     2
     2
     2
     2
     2
     2
     2
     2
     2
     2
     2
     2
     2
     2
     2
     2
     2
     2
     2
     2
     2
     2
     2
     2
     2
     2


data =

  31x16 table

    rep    iter    sep    dim    rho     sparsity     acc     obj_prim    obj_dual    discov_true    discov_false    diff_x_tilde    diff_omega_diag    time_isee    time_SDP          jobdate       
    ___    ____    ___    ___    ____    ________    _____    ________    ________    ___________    ____________    ____________    _______________    _________    ________    ____________________

    79       0      6     350    0.05       10       0.998          0           0          0              0                  0                0               0            0     21-Mar-2024 15:19:04
    79       1      6     350    0.05       10       0.998    -9.9667     -9.9677         10              2             67.501            2.415          19.034       9.9968     21-Mar-2024 15:19:04
    79       2      6     350    0.05       10       0.998    -9.9667     -9.9677         10              2             67.501            2.415          18.568       9.2724     21-Mar-2024 15:19:04
    79       3      6     350    0.05       10       0.998    -9.9667     -9.9677         10              2             67.501            2.415          18.761       8.5359     21-Mar-2024 15:19:04
    79       4      6     350    0.05       10       0.998    -9.9667     -9.9677         10              2             67.501            2.415          19.122       9.0564     21-Mar-2024 15:19:04
    79       5      6     350    0.05       10       0.998    -9.9667     -9.9677         10              2             67.501            2.415          18.485       9.0369     21-Mar-2024 15:19:04
    79       6      6     350    0.05       10       0.998    -9.9667     -9.9677         10              2             67.501            2.415          18.298        8.808     21-Mar-2024 15:19:04
    79       7      6     350    0.05       10       0.998    -9.9667     -9.9677         10              2             67.501            2.415          18.239       9.0532     21-Mar-2024 15:19:04
    79       8      6     350    0.05       10       0.998    -9.9667     -9.9677         10              2             67.501            2.415          18.247       8.5762     21-Mar-2024 15:19:04
    79       9      6     350    0.05       10       0.998    -9.9667     -9.9677         10              2             67.501            2.415          18.799       9.1801     21-Mar-2024 15:19:04
    79      10      6     350    0.05       10       0.998    -9.9667     -9.9677         10              2             67.501            2.415          18.259       10.081     21-Mar-2024 15:19:04
    79      11      6     350    0.05       10       0.998    -9.9667     -9.9677         10              2             67.501            2.415          19.088       9.1433     21-Mar-2024 15:19:04
    79      12      6     350    0.05       10       0.998    -9.9667     -9.9677         10              2             67.501            2.415          18.456       8.6515     21-Mar-2024 15:19:04
    79      13      6     350    0.05       10       0.998    -9.9667     -9.9677         10              2             67.501            2.415          18.158       8.8964     21-Mar-2024 15:19:04
    79      14      6     350    0.05       10       0.998    -9.9667     -9.9677         10              2             67.501            2.415          18.658       8.9288     21-Mar-2024 15:19:04
    79      15      6     350    0.05       10       0.998    -9.9667     -9.9677         10              2             67.501            2.415          18.386       9.0176     21-Mar-2024 15:19:04
    79      16      6     350    0.05       10       0.998    -9.9667     -9.9677         10              2             67.501            2.415           18.47       8.7359     21-Mar-2024 15:19:04
    79      17      6     350    0.05       10       0.998    -9.9667     -9.9677         10              2             67.501            2.415          17.581       8.8088     21-Mar-2024 15:19:04
    79      18      6     350    0.05       10       0.998    -9.9667     -9.9677         10              2             67.501            2.415          17.774       9.4676     21-Mar-2024 15:19:04
    79      19      6     350    0.05       10       0.998    -9.9667     -9.9677         10              2             67.501            2.415          17.691       8.5612     21-Mar-2024 15:19:04
    79      20      6     350    0.05       10       0.998    -9.9667     -9.9677         10              2             67.501            2.415          18.257       9.1456     21-Mar-2024 15:19:04
    79      21      6     350    0.05       10       0.998    -9.9667     -9.9677         10              2             67.501            2.415          17.854       8.9244     21-Mar-2024 15:19:04
    79      22      6     350    0.05       10       0.998    -9.9667     -9.9677         10              2             67.501            2.415          17.877       8.8164     21-Mar-2024 15:19:04
    79      23      6     350    0.05       10       0.998    -9.9667     -9.9677         10              2             67.501            2.415          18.681       9.2777     21-Mar-2024 15:19:04
    79      24      6     350    0.05       10       0.998    -9.9667     -9.9677         10              2             67.501            2.415          18.358        8.758     21-Mar-2024 15:19:04
    79      25      6     350    0.05       10       0.998    -9.9667     -9.9677         10              2             67.501            2.415          18.634       8.7528     21-Mar-2024 15:19:04
    79      26      6     350    0.05       10       0.998    -9.9667     -9.9677         10              2             67.501            2.415          18.418       8.6206     21-Mar-2024 15:19:04
    79      27      6     350    0.05       10       0.998    -9.9667     -9.9677         10              2             67.501            2.415           18.22       8.6507     21-Mar-2024 15:19:04
    79      28      6     350    0.05       10       0.998    -9.9667     -9.9677         10              2             67.501            2.415          18.259       8.6178     21-Mar-2024 15:19:04
    79      29      6     350    0.05       10       0.998    -9.9667     -9.9677         10              2             67.501            2.415          18.099       8.7815     21-Mar-2024 15:19:04
    79      30      6     350    0.05       10       0.998    -9.9667     -9.9677         10              2             67.501            2.415          18.057       9.1188     21-Mar-2024 15:19:04


rep =

    80

replication: (80)th 

thres=0.269832
1 th thresholding

  breakyes = 1.0,  maxresidual < 1.00e-04  breakyes=3.2,  dualfeasorg deteriorated too much: primfeasorg=1.22e-05,dualfeasorg=2.72e-05
12 entries survived 

2 th thresholding

  breakyes = 1.0,  maxresidual < 1.00e-04  breakyes=3.2,  dualfeasorg deteriorated too much: primfeasorg=1.22e-05,dualfeasorg=2.72e-05
12 entries survived 

3 th thresholding

  breakyes = 1.0,  maxresidual < 1.00e-04  breakyes=3.2,  dualfeasorg deteriorated too much: primfeasorg=1.22e-05,dualfeasorg=2.72e-05
12 entries survived 

4 th thresholding

  breakyes = 1.0,  maxresidual < 1.00e-04  breakyes=3.2,  dualfeasorg deteriorated too much: primfeasorg=1.22e-05,dualfeasorg=2.72e-05
12 entries survived 

5 th thresholding

  breakyes = 1.0,  maxresidual < 1.00e-04  breakyes=3.2,  dualfeasorg deteriorated too much: primfeasorg=1.22e-05,dualfeasorg=2.72e-05
12 entries survived 

6 th thresholding

  breakyes = 1.0,  maxresidual < 1.00e-04  breakyes=3.2,  dualfeasorg deteriorated too much: primfeasorg=1.22e-05,dualfeasorg=2.72e-05
12 entries survived 

7 th thresholding

  breakyes = 1.0,  maxresidual < 1.00e-04  breakyes=3.2,  dualfeasorg deteriorated too much: primfeasorg=1.22e-05,dualfeasorg=2.72e-05
12 entries survived 

8 th thresholding

  breakyes = 1.0,  maxresidual < 1.00e-04  breakyes=3.2,  dualfeasorg deteriorated too much: primfeasorg=1.22e-05,dualfeasorg=2.72e-05
12 entries survived 

9 th thresholding

  breakyes = 1.0,  maxresidual < 1.00e-04  breakyes=3.2,  dualfeasorg deteriorated too much: primfeasorg=1.22e-05,dualfeasorg=2.72e-05
12 entries survived 

10 th thresholding

  breakyes = 1.0,  maxresidual < 1.00e-04  breakyes=3.2,  dualfeasorg deteriorated too much: primfeasorg=1.22e-05,dualfeasorg=2.72e-05
12 entries survived 

11 th thresholding

  breakyes = 1.0,  maxresidual < 1.00e-04  breakyes=3.2,  dualfeasorg deteriorated too much: primfeasorg=1.22e-05,dualfeasorg=2.72e-05
12 entries survived 

12 th thresholding

  breakyes = 1.0,  maxresidual < 1.00e-04  breakyes=3.2,  dualfeasorg deteriorated too much: primfeasorg=1.22e-05,dualfeasorg=2.72e-05
12 entries survived 

13 th thresholding

  breakyes = 1.0,  maxresidual < 1.00e-04  breakyes=3.2,  dualfeasorg deteriorated too much: primfeasorg=1.22e-05,dualfeasorg=2.72e-05
12 entries survived 

14 th thresholding

  breakyes = 1.0,  maxresidual < 1.00e-04  breakyes=3.2,  dualfeasorg deteriorated too much: primfeasorg=1.22e-05,dualfeasorg=2.72e-05
12 entries survived 

15 th thresholding

  breakyes = 1.0,  maxresidual < 1.00e-04  breakyes=3.2,  dualfeasorg deteriorated too much: primfeasorg=1.22e-05,dualfeasorg=2.72e-05
12 entries survived 

16 th thresholding

  breakyes = 1.0,  maxresidual < 1.00e-04  breakyes=3.2,  dualfeasorg deteriorated too much: primfeasorg=1.22e-05,dualfeasorg=2.72e-05
12 entries survived 

17 th thresholding

  breakyes = 1.0,  maxresidual < 1.00e-04  breakyes=3.2,  dualfeasorg deteriorated too much: primfeasorg=1.22e-05,dualfeasorg=2.72e-05
12 entries survived 

18 th thresholding

  breakyes = 1.0,  maxresidual < 1.00e-04  breakyes=3.2,  dualfeasorg deteriorated too much: primfeasorg=1.22e-05,dualfeasorg=2.72e-05
12 entries survived 

19 th thresholding

  breakyes = 1.0,  maxresidual < 1.00e-04  breakyes=3.2,  dualfeasorg deteriorated too much: primfeasorg=1.22e-05,dualfeasorg=2.72e-05
12 entries survived 

20 th thresholding

  breakyes = 1.0,  maxresidual < 1.00e-04  breakyes=3.2,  dualfeasorg deteriorated too much: primfeasorg=1.22e-05,dualfeasorg=2.72e-05
12 entries survived 

21 th thresholding

  breakyes = 1.0,  maxresidual < 1.00e-04  breakyes=3.2,  dualfeasorg deteriorated too much: primfeasorg=1.22e-05,dualfeasorg=2.72e-05
12 entries survived 

22 th thresholding

  breakyes = 1.0,  maxresidual < 1.00e-04  breakyes=3.2,  dualfeasorg deteriorated too much: primfeasorg=1.22e-05,dualfeasorg=2.72e-05
12 entries survived 

23 th thresholding

  breakyes = 1.0,  maxresidual < 1.00e-04  breakyes=3.2,  dualfeasorg deteriorated too much: primfeasorg=1.22e-05,dualfeasorg=2.72e-05
12 entries survived 

24 th thresholding

  breakyes = 1.0,  maxresidual < 1.00e-04  breakyes=3.2,  dualfeasorg deteriorated too much: primfeasorg=1.22e-05,dualfeasorg=2.72e-05
12 entries survived 

25 th thresholding

  breakyes = 1.0,  maxresidual < 1.00e-04  breakyes=3.2,  dualfeasorg deteriorated too much: primfeasorg=1.22e-05,dualfeasorg=2.72e-05
12 entries survived 

26 th thresholding

  breakyes = 1.0,  maxresidual < 1.00e-04  breakyes=3.2,  dualfeasorg deteriorated too much: primfeasorg=1.22e-05,dualfeasorg=2.72e-05
12 entries survived 

27 th thresholding

  breakyes = 1.0,  maxresidual < 1.00e-04  breakyes=3.2,  dualfeasorg deteriorated too much: primfeasorg=1.22e-05,dualfeasorg=2.72e-05
12 entries survived 

28 th thresholding

  breakyes = 1.0,  maxresidual < 1.00e-04  breakyes=3.2,  dualfeasorg deteriorated too much: primfeasorg=1.22e-05,dualfeasorg=2.72e-05
12 entries survived 

29 th thresholding

  breakyes = 1.0,  maxresidual < 1.00e-04  breakyes=3.2,  dualfeasorg deteriorated too much: primfeasorg=1.22e-05,dualfeasorg=2.72e-05
12 entries survived 

30 th thresholding

  breakyes = 1.0,  maxresidual < 1.00e-04  breakyes=3.2,  dualfeasorg deteriorated too much: primfeasorg=1.22e-05,dualfeasorg=2.72e-05
12 entries survived 

acc_vec =

     1
     1
     1
     1
     1
     1
     1
     1
     1
     1
     1
     1
     1
     1
     1
     1
     1
     1
     1
     1
     1
     1
     1
     1
     1
     1
     1
     1
     1
     1
     1

acc =1.000000  1.000000  1.000000  1.000000  1.000000  1.000000  1.000000  1.000000  1.000000  1.000000  1.000000  1.000000  1.000000  1.000000  1.000000  1.000000  1.000000  1.000000  1.000000  1.000000  1.000000  1.000000  1.000000  1.000000  1.000000  1.000000  1.000000  1.000000  1.000000  1.000000  1.000000 

discov_true_vec =

    10
    10
    10
    10
    10
    10
    10
    10
    10
    10
    10
    10
    10
    10
    10
    10
    10
    10
    10
    10
    10
    10
    10
    10
    10
    10
    10
    10
    10
    10


discov_false_vec =

     2
     2
     2
     2
     2
     2
     2
     2
     2
     2
     2
     2
     2
     2
     2
     2
     2
     2
     2
     2
     2
     2
     2
     2
     2
     2
     2
     2
     2
     2


data =

  31x16 table

    rep    iter    sep    dim    rho     sparsity    acc    obj_prim    obj_dual    discov_true    discov_false    diff_x_tilde    diff_omega_diag    time_isee    time_SDP          jobdate       
    ___    ____    ___    ___    ____    ________    ___    ________    ________    ___________    ____________    ____________    _______________    _________    ________    ____________________

    80       0      6     350    0.05       10        1           0           0          0              0                  0                0               0            0     21-Mar-2024 15:34:00
    80       1      6     350    0.05       10        1     -9.9282     -9.9282         10              2             64.025           2.1708          17.966       12.089     21-Mar-2024 15:34:00
    80       2      6     350    0.05       10        1     -9.9282     -9.9282         10              2             64.025           2.1708          18.047       11.729     21-Mar-2024 15:34:00
    80       3      6     350    0.05       10        1     -9.9282     -9.9282         10              2             64.025           2.1708          19.104       12.419     21-Mar-2024 15:34:00
    80       4      6     350    0.05       10        1     -9.9282     -9.9282         10              2             64.025           2.1708          18.415       11.487     21-Mar-2024 15:34:00
    80       5      6     350    0.05       10        1     -9.9282     -9.9282         10              2             64.025           2.1708          17.994       11.405     21-Mar-2024 15:34:00
    80       6      6     350    0.05       10        1     -9.9282     -9.9282         10              2             64.025           2.1708          18.169       11.416     21-Mar-2024 15:34:00
    80       7      6     350    0.05       10        1     -9.9282     -9.9282         10              2             64.025           2.1708          18.375        11.73     21-Mar-2024 15:34:00
    80       8      6     350    0.05       10        1     -9.9282     -9.9282         10              2             64.025           2.1708          18.331       12.018     21-Mar-2024 15:34:00
    80       9      6     350    0.05       10        1     -9.9282     -9.9282         10              2             64.025           2.1708          18.185       11.855     21-Mar-2024 15:34:00
    80      10      6     350    0.05       10        1     -9.9282     -9.9282         10              2             64.025           2.1708          18.045       12.062     21-Mar-2024 15:34:00
    80      11      6     350    0.05       10        1     -9.9282     -9.9282         10              2             64.025           2.1708           18.51       11.923     21-Mar-2024 15:34:00
    80      12      6     350    0.05       10        1     -9.9282     -9.9282         10              2             64.025           2.1708           18.47       11.721     21-Mar-2024 15:34:00
    80      13      6     350    0.05       10        1     -9.9282     -9.9282         10              2             64.025           2.1708          18.127        11.85     21-Mar-2024 15:34:00
    80      14      6     350    0.05       10        1     -9.9282     -9.9282         10              2             64.025           2.1708          17.824       11.323     21-Mar-2024 15:34:00
    80      15      6     350    0.05       10        1     -9.9282     -9.9282         10              2             64.025           2.1708          18.613        11.42     21-Mar-2024 15:34:00
    80      16      6     350    0.05       10        1     -9.9282     -9.9282         10              2             64.025           2.1708          17.666       11.844     21-Mar-2024 15:34:00
    80      17      6     350    0.05       10        1     -9.9282     -9.9282         10              2             64.025           2.1708          17.998       11.743     21-Mar-2024 15:34:00
    80      18      6     350    0.05       10        1     -9.9282     -9.9282         10              2             64.025           2.1708          18.853        11.67     21-Mar-2024 15:34:00
    80      19      6     350    0.05       10        1     -9.9282     -9.9282         10              2             64.025           2.1708          17.882       11.303     21-Mar-2024 15:34:00
    80      20      6     350    0.05       10        1     -9.9282     -9.9282         10              2             64.025           2.1708          17.911       11.471     21-Mar-2024 15:34:00
    80      21      6     350    0.05       10        1     -9.9282     -9.9282         10              2             64.025           2.1708          17.925       12.086     21-Mar-2024 15:34:00
    80      22      6     350    0.05       10        1     -9.9282     -9.9282         10              2             64.025           2.1708          17.931        11.58     21-Mar-2024 15:34:00
    80      23      6     350    0.05       10        1     -9.9282     -9.9282         10              2             64.025           2.1708          18.036        11.22     21-Mar-2024 15:34:00
    80      24      6     350    0.05       10        1     -9.9282     -9.9282         10              2             64.025           2.1708          17.952       11.194     21-Mar-2024 15:34:00
    80      25      6     350    0.05       10        1     -9.9282     -9.9282         10              2             64.025           2.1708          17.669       11.601     21-Mar-2024 15:34:00
    80      26      6     350    0.05       10        1     -9.9282     -9.9282         10              2             64.025           2.1708           18.11       11.621     21-Mar-2024 15:34:00
    80      27      6     350    0.05       10        1     -9.9282     -9.9282         10              2             64.025           2.1708          17.934       11.498     21-Mar-2024 15:34:00
    80      28      6     350    0.05       10        1     -9.9282     -9.9282         10              2             64.025           2.1708          18.055       12.285     21-Mar-2024 15:34:00
    80      29      6     350    0.05       10        1     -9.9282     -9.9282         10              2             64.025           2.1708          17.769       12.151     21-Mar-2024 15:34:00
    80      30      6     350    0.05       10        1     -9.9282     -9.9282         10              2             64.025           2.1708          18.025       11.935     21-Mar-2024 15:34:00

