==========================================
SLURM_JOB_ID = 20378618
SLURM_JOB_NODELIST = b22-11
TMPDIR = /tmp/SLURM_20378618
==========================================
hello
Starting parallel pool (parpool) ...
Connected to the parallel pool (number of workers: 15).

pool = 

 ProcessPool with properties: 

            Connected: true
           NumWorkers: 15
                 Busy: false
              Cluster: Local
        AttachedFiles: {}
    AutoAddClientPath: true
            FileStore: [1x1 parallel.FileStore]
           ValueStore: [1x1 parallel.ValueStore]
          IdleTimeout: 30 minutes (30 minutes remaining)
          SpmdEnabled: true


p =

   150


Delta =

     3


s =

    10


n =

   500


ii =

    17


table_name =

    'sparse_kmeans_isee_denoise'


conn = 

  sqlite with properties:

      Database: '/home1/jongminm/sparse_kmeans/sparse_kmeans.db'
    IsReadOnly: 0
    AutoCommit: 'on'


rho =

    0.0500


M =

    0.4951

delta confirmed: 3.000000
ans =

    2.8754


rep =

    65

replication: (65)th 

thres=0.249556
1 th thresholding

  breakyes=3.2,  dualfeasorg deteriorated too much: primfeasorg=6.78e-07,dualfeasorg=4.01e-05
15 entries survived 

2 th thresholding

  breakyes=4.1,  primfeasorg stagnate, 0.00e+00
11 entries survived 

3 th thresholding

  breakyes=3.2,  dualfeasorg deteriorated too much: primfeasorg=8.91e-07,dualfeasorg=1.99e-05
12 entries survived 

4 th thresholding

  breakyes=3.2,  dualfeasorg deteriorated too much: primfeasorg=1.12e-06,dualfeasorg=4.28e-05
10 entries survived 

5 th thresholding

  breakyes=4.1,  primfeasorg stagnate, 0.00e+00
11 entries survived 

6 th thresholding

  breakyes=1.4,  maxresidual < 1.00e-06
11 entries survived 

7 th thresholding

  breakyes=4.1,  primfeasorg stagnate, 1.14e-05
11 entries survived 

8 th thresholding

  breakyes=3.2,  dualfeasorg deteriorated too much: primfeasorg=8.03e-07,dualfeasorg=3.94e-05
10 entries survived 

9 th thresholding

  breakyes=1.4,  maxresidual < 1.00e-06
11 entries survived 

10 th thresholding

  breakyes=3.2,  dualfeasorg deteriorated too much: primfeasorg=1.92e-06,dualfeasorg=1.60e-04
11 entries survived 

11 th thresholding

  breakyes=3.2,  dualfeasorg deteriorated too much: primfeasorg=9.35e-07,dualfeasorg=2.42e-05
10 entries survived 

12 th thresholding

  breakyes=3.2,  dualfeasorg deteriorated too much: primfeasorg=6.88e-07,dualfeasorg=3.85e-05
11 entries survived 

13 th thresholding

  breakyes=3.2,  dualfeasorg deteriorated too much: primfeasorg=9.16e-07,dualfeasorg=3.55e-05
11 entries survived 

14 th thresholding

  breakyes=1.4,  maxresidual < 1.00e-06
11 entries survived 

15 th thresholding

  breakyes=4.1,  primfeasorg stagnate, 0.00e+00
11 entries survived 

16 th thresholding

  breakyes=3.2,  dualfeasorg deteriorated too much: primfeasorg=8.92e-07,dualfeasorg=3.93e-05
11 entries survived 

17 th thresholding

  breakyes=4.1,  primfeasorg stagnate, 0.00e+00
11 entries survived 

18 th thresholding

  breakyes=1.4,  maxresidual < 1.00e-06
11 entries survived 

19 th thresholding

  breakyes=3.2,  dualfeasorg deteriorated too much: primfeasorg=1.40e-06,dualfeasorg=4.35e-05
11 entries survived 

20 th thresholding

  breakyes=3.2,  dualfeasorg deteriorated too much: primfeasorg=7.28e-07,dualfeasorg=4.06e-05
11 entries survived 

21 th thresholding

  breakyes=3.2,  dualfeasorg deteriorated too much: primfeasorg=8.95e-07,dualfeasorg=4.22e-05
11 entries survived 

22 th thresholding

  breakyes=1.4,  maxresidual < 1.00e-06
11 entries survived 

23 th thresholding

  breakyes=1.4,  maxresidual < 1.00e-06
11 entries survived 

24 th thresholding

  breakyes=3.2,  dualfeasorg deteriorated too much: primfeasorg=1.01e-06,dualfeasorg=3.68e-05
11 entries survived 

25 th thresholding

  breakyes=1.3,  maxresidual < 1.00e-06
11 entries survived 

26 th thresholding

  breakyes=3.2,  dualfeasorg deteriorated too much: primfeasorg=8.62e-07,dualfeasorg=3.78e-05
11 entries survived 

27 th thresholding

  breakyes=4.1,  primfeasorg stagnate, 0.00e+00
11 entries survived 

28 th thresholding

  breakyes=3.2,  dualfeasorg deteriorated too much: primfeasorg=2.37e-06,dualfeasorg=2.30e-05
11 entries survived 

29 th thresholding

  breakyes=4.1,  primfeasorg stagnate, 6.14e-05
11 entries survived 

30 th thresholding

  breakyes=4.1,  primfeasorg stagnate, 0.00e+00
11 entries survived 

acc_vec =

    0.9240
    0.9300
    0.9280
    0.9360
    0.9340
    0.9300
    0.9360
    0.9380
    0.9380
    0.9240
    0.9280
    0.9360
    0.9380
    0.9300
    0.9320
    0.9320
    0.9420
    0.9340
    0.9280
    0.9300
    0.9280
    0.9320
    0.9340
    0.9380
    0.9360
    0.9340
    0.9360
    0.9320
    0.9360
    0.9320
    0.9340

acc =0.924000  0.930000  0.928000  0.936000  0.934000  0.930000  0.936000  0.938000  0.938000  0.924000  0.928000  0.936000  0.938000  0.930000  0.932000  0.932000  0.942000  0.934000  0.928000  0.930000  0.928000  0.932000  0.934000  0.938000  0.936000  0.934000  0.936000  0.932000  0.936000  0.932000  0.934000 

discov_true_vec =

    10
    10
    10
    10
    10
    10
    10
    10
    10
    10
    10
    10
    10
    10
    10
    10
    10
    10
    10
    10
    10
    10
    10
    10
    10
    10
    10
    10
    10
    10


discov_false_vec =

     5
     1
     2
     0
     1
     1
     1
     0
     1
     1
     0
     1
     1
     1
     1
     1
     1
     1
     1
     1
     1
     1
     1
     1
     1
     1
     1
     1
     1
     1


data =

  31x16 table

    rep    iter    sep    dim    rho     sparsity     acc     obj_prim    obj_dual    discov_true    discov_false    diff_x_tilde    diff_omega_diag    time_isee    time_SDP          jobdate       
    ___    ____    ___    ___    ____    ________    _____    ________    ________    ___________    ____________    ____________    _______________    _________    ________    ____________________

    65       0      3     150    0.05       10       0.924          0           0          0              0                  0                0               0            0     21-Mar-2024 16:44:27
    65       1      3     150    0.05       10        0.93    -2.6698     -2.6698         10              5             40.398           1.2638          4.0155       88.536     21-Mar-2024 16:44:27
    65       2      3     150    0.05       10       0.928    -2.5444     -2.5444         10              1             41.526           1.3275          2.6706       104.31     21-Mar-2024 16:44:27
    65       3      3     150    0.05       10       0.936    -2.4654     -2.4654         10              2              38.99           1.2053          2.2944        166.8     21-Mar-2024 16:44:27
    65       4      3     150    0.05       10       0.934     -2.619      -2.619         10              0             40.141           1.2325          2.6787        102.9     21-Mar-2024 16:44:27
    65       5      3     150    0.05       10        0.93    -2.5776     -2.5776         10              1             41.004           1.2447          2.3937       79.229     21-Mar-2024 16:44:27
    65       6      3     150    0.05       10       0.936     -2.589      -2.589         10              1             40.616           1.2122          2.2865       53.256     21-Mar-2024 16:44:27
    65       7      3     150    0.05       10       0.938    -2.6886     -2.6886         10              1             40.187           1.2597          2.3189       85.307     21-Mar-2024 16:44:27
    65       8      3     150    0.05       10       0.938    -2.5479     -2.5479         10              0             41.918           1.3065          2.0465        72.75     21-Mar-2024 16:44:27
    65       9      3     150    0.05       10       0.924    -2.6492     -2.6492         10              1              40.47            1.272          2.1799       66.231     21-Mar-2024 16:44:27
    65      10      3     150    0.05       10       0.928    -2.6767     -2.6767         10              1              40.28            1.252          2.0958       44.542     21-Mar-2024 16:44:27
    65      11      3     150    0.05       10       0.936    -2.5107     -2.5107         10              0             39.486           1.2549          2.0578       129.26     21-Mar-2024 16:44:27
    65      12      3     150    0.05       10       0.938    -2.5914     -2.5914         10              1             39.907           1.2098          2.0981       86.724     21-Mar-2024 16:44:27
    65      13      3     150    0.05       10        0.93    -2.5652     -2.5652         10              1             41.571           1.2651          2.0106       61.969     21-Mar-2024 16:44:27
    65      14      3     150    0.05       10       0.932    -2.6878     -2.6878         10              1             41.295           1.2625          2.0246       71.975     21-Mar-2024 16:44:27
    65      15      3     150    0.05       10       0.932    -2.6177     -2.6177         10              1             39.328           1.2196          2.1573       78.399     21-Mar-2024 16:44:27
    65      16      3     150    0.05       10       0.942    -2.6008     -2.6007         10              1               41.4            1.327          1.9541       78.625     21-Mar-2024 16:44:27
    65      17      3     150    0.05       10       0.934    -2.6726     -2.6726         10              1             40.456           1.2422          2.1917        77.77     21-Mar-2024 16:44:27
    65      18      3     150    0.05       10       0.928    -2.6964     -2.6964         10              1              41.23           1.2444          2.5068       54.756     21-Mar-2024 16:44:27
    65      19      3     150    0.05       10        0.93    -2.7627     -2.7626         10              1             42.225           1.3056          1.9352       32.401     21-Mar-2024 16:44:27
    65      20      3     150    0.05       10       0.928    -2.6281     -2.6281         10              1             42.222           1.3008          1.8199       81.339     21-Mar-2024 16:44:27
    65      21      3     150    0.05       10       0.932    -2.5952     -2.5951         10              1             40.417           1.2473          1.9999       68.343     21-Mar-2024 16:44:27
    65      22      3     150    0.05       10       0.934    -2.5993     -2.5992         10              1             41.142            1.272          2.0161       63.039     21-Mar-2024 16:44:27
    65      23      3     150    0.05       10       0.938    -2.5509     -2.5509         10              1             41.811           1.2969          1.9671       66.045     21-Mar-2024 16:44:27
    65      24      3     150    0.05       10       0.936    -2.6777     -2.6777         10              1             40.075           1.2119          2.0184       62.915     21-Mar-2024 16:44:27
    65      25      3     150    0.05       10       0.934    -2.7116     -2.7116         10              1             41.291           1.2399          2.2831       78.302     21-Mar-2024 16:44:27
    65      26      3     150    0.05       10       0.936    -2.6754     -2.6754         10              1             39.853           1.2092          2.1038       74.839     21-Mar-2024 16:44:27
    65      27      3     150    0.05       10       0.932    -2.6423     -2.6423         10              1             41.518           1.2967          2.0462       79.278     21-Mar-2024 16:44:27
    65      28      3     150    0.05       10       0.936    -2.6435     -2.6435         10              1             41.345           1.2829          2.0359       103.57     21-Mar-2024 16:44:27
    65      29      3     150    0.05       10       0.932    -2.7131     -2.7131         10              1              40.38           1.2144          2.2456       109.22     21-Mar-2024 16:44:27
    65      30      3     150    0.05       10       0.934    -2.7318     -2.7318         10              1             40.865           1.2228          2.0886       79.884     21-Mar-2024 16:44:27


rep =

    66

replication: (66)th 

thres=0.249556
1 th thresholding

  breakyes=3.2,  dualfeasorg deteriorated too much: primfeasorg=8.11e-07,dualfeasorg=4.54e-05
17 entries survived 

2 th thresholding

  breakyes=3.2,  dualfeasorg deteriorated too much: primfeasorg=8.12e-07,dualfeasorg=7.90e-05
15 entries survived 

3 th thresholding

  breakyes=3.2,  dualfeasorg deteriorated too much: primfeasorg=8.67e-07,dualfeasorg=3.17e-05
13 entries survived 

4 th thresholding

  breakyes=4.1,  primfeasorg stagnate, 0.00e+00
14 entries survived 

5 th thresholding

  breakyes=3.2,  dualfeasorg deteriorated too much: primfeasorg=1.09e-06,dualfeasorg=5.40e-05
14 entries survived 

6 th thresholding

  breakyes=3.2,  dualfeasorg deteriorated too much: primfeasorg=8.74e-07,dualfeasorg=3.76e-05
14 entries survived 

7 th thresholding

  breakyes=1.3,  maxresidual < 1.00e-06
13 entries survived 

8 th thresholding

  breakyes=3.2,  dualfeasorg deteriorated too much: primfeasorg=1.06e-06,dualfeasorg=4.57e-05
14 entries survived 

9 th thresholding

  breakyes=4.1,  primfeasorg stagnate, 0.00e+00
14 entries survived 

10 th thresholding

  breakyes=3.2,  dualfeasorg deteriorated too much: primfeasorg=1.05e-06,dualfeasorg=4.86e-05
12 entries survived 

11 th thresholding

  breakyes=1.4,  maxresidual < 1.00e-06
13 entries survived 

12 th thresholding

  breakyes=3.2,  dualfeasorg deteriorated too much: primfeasorg=1.32e-06,dualfeasorg=4.58e-05
14 entries survived 

13 th thresholding

  breakyes=3.2,  dualfeasorg deteriorated too much: primfeasorg=8.53e-07,dualfeasorg=4.44e-05
13 entries survived 

14 th thresholding

  breakyes=3.2,  dualfeasorg deteriorated too much: primfeasorg=1.48e-06,dualfeasorg=5.22e-05
14 entries survived 

15 th thresholding

  breakyes=4.1,  primfeasorg stagnate, 0.00e+00
14 entries survived 

16 th thresholding

  breakyes=3.2,  dualfeasorg deteriorated too much: primfeasorg=1.09e-06,dualfeasorg=4.75e-05
15 entries survived 

17 th thresholding

  breakyes=3.2,  dualfeasorg deteriorated too much: primfeasorg=1.53e-06,dualfeasorg=6.38e-05
13 entries survived 

18 th thresholding

  breakyes=4.1,  primfeasorg stagnate, 0.00e+00
15 entries survived 

19 th thresholding

  breakyes=4.1,  primfeasorg stagnate, 0.00e+00
13 entries survived 

20 th thresholding

  breakyes=3.2,  dualfeasorg deteriorated too much: primfeasorg=8.76e-07,dualfeasorg=5.79e-05
14 entries survived 

21 th thresholding

  breakyes=3.2,  dualfeasorg deteriorated too much: primfeasorg=1.12e-06,dualfeasorg=4.98e-05
13 entries survived 

22 th thresholding

  breakyes=3.2,  dualfeasorg deteriorated too much: primfeasorg=1.15e-06,dualfeasorg=5.71e-05
14 entries survived 

23 th thresholding

  breakyes=3.2,  dualfeasorg deteriorated too much: primfeasorg=1.10e-06,dualfeasorg=4.94e-05
14 entries survived 

24 th thresholding

  breakyes=4.1,  primfeasorg stagnate, 0.00e+00
15 entries survived 

25 th thresholding

  breakyes=4.1,  primfeasorg stagnate, 0.00e+00
14 entries survived 

26 th thresholding

  breakyes=3.2,  dualfeasorg deteriorated too much: primfeasorg=7.32e-07,dualfeasorg=4.62e-05
12 entries survived 

27 th thresholding

  breakyes=4.1,  primfeasorg stagnate, 0.00e+00
14 entries survived 

28 th thresholding

  breakyes=1.4,  maxresidual < 1.00e-06
14 entries survived 

29 th thresholding

  breakyes=3.2,  dualfeasorg deteriorated too much: primfeasorg=7.94e-07,dualfeasorg=4.09e-05
13 entries survived 

30 th thresholding

  breakyes=4.1,  primfeasorg stagnate, 0.00e+00
14 entries survived 

acc_vec =

    0.9000
    0.9180
    0.9140
    0.9220
    0.9060
    0.9160
    0.9200
    0.9180
    0.9200
    0.9160
    0.9160
    0.9220
    0.9160
    0.9200
    0.9160
    0.9160
    0.9180
    0.9160
    0.9180
    0.9200
    0.9180
    0.9200
    0.9120
    0.9140
    0.9220
    0.9140
    0.9180
    0.9140
    0.9180
    0.9140
    0.9160

acc =0.900000  0.918000  0.914000  0.922000  0.906000  0.916000  0.920000  0.918000  0.920000  0.916000  0.916000  0.922000  0.916000  0.920000  0.916000  0.916000  0.918000  0.916000  0.918000  0.920000  0.918000  0.920000  0.912000  0.914000  0.922000  0.914000  0.918000  0.914000  0.918000  0.914000  0.916000 

discov_true_vec =

    10
    10
    10
    10
    10
    10
    10
    10
    10
    10
    10
    10
    10
    10
    10
    10
    10
    10
    10
    10
    10
    10
    10
    10
    10
    10
    10
    10
    10
    10


discov_false_vec =

     7
     5
     3
     4
     4
     4
     3
     4
     4
     2
     3
     4
     3
     4
     4
     5
     3
     5
     3
     4
     3
     4
     4
     5
     4
     2
     4
     4
     3
     4


data =

  31x16 table

    rep    iter    sep    dim    rho     sparsity     acc     obj_prim    obj_dual    discov_true    discov_false    diff_x_tilde    diff_omega_diag    time_isee    time_SDP          jobdate       
    ___    ____    ___    ___    ____    ________    _____    ________    ________    ___________    ____________    ____________    _______________    _________    ________    ____________________

    66       0      3     150    0.05       10         0.9          0           0          0              0                  0                0               0            0     21-Mar-2024 17:22:14
    66       1      3     150    0.05       10       0.918    -2.5289     -2.5289         10              7             41.454           1.3279          2.4455       95.377     21-Mar-2024 17:22:14
    66       2      3     150    0.05       10       0.914    -2.3802     -2.3802         10              5             41.263           1.2957            2.03       82.585     21-Mar-2024 17:22:14
    66       3      3     150    0.05       10       0.922    -2.3204     -2.3204         10              3             40.969           1.2933          2.0413       61.005     21-Mar-2024 17:22:14
    66       4      3     150    0.05       10       0.906    -2.2893     -2.2893         10              4             40.539           1.2528          2.0656       77.432     21-Mar-2024 17:22:14
    66       5      3     150    0.05       10       0.916    -2.3771     -2.3771         10              4             41.519           1.3072          1.8784       67.644     21-Mar-2024 17:22:14
    66       6      3     150    0.05       10        0.92    -2.4174     -2.4174         10              4             38.898            1.192          2.1284       82.302     21-Mar-2024 17:22:14
    66       7      3     150    0.05       10       0.918    -2.3436     -2.3436         10              3             40.659            1.254          2.0444       84.015     21-Mar-2024 17:22:14
    66       8      3     150    0.05       10        0.92    -2.3375     -2.3374         10              4             41.005           1.2659          2.3415       76.738     21-Mar-2024 17:22:14
    66       9      3     150    0.05       10       0.916    -2.3717     -2.3716         10              4             40.897           1.2993          2.1332       83.572     21-Mar-2024 17:22:14
    66      10      3     150    0.05       10       0.916     -2.335      -2.335         10              2             40.415            1.247          1.9433       63.427     21-Mar-2024 17:22:14
    66      11      3     150    0.05       10       0.922    -2.3705     -2.3705         10              3              40.09           1.2608          1.8476       53.713     21-Mar-2024 17:22:14
    66      12      3     150    0.05       10       0.916    -2.3844     -2.3844         10              4             42.865           1.3527          2.0843       64.329     21-Mar-2024 17:22:14
    66      13      3     150    0.05       10        0.92    -2.3393     -2.3393         10              3             39.209           1.2277          2.2428       78.539     21-Mar-2024 17:22:14
    66      14      3     150    0.05       10       0.916     -2.327      -2.327         10              4             42.229           1.3856          2.0948       53.129     21-Mar-2024 17:22:14
    66      15      3     150    0.05       10       0.916    -2.3221     -2.3221         10              4             39.606           1.2218           1.979         76.1     21-Mar-2024 17:22:14
    66      16      3     150    0.05       10       0.918    -2.2455     -2.2455         10              5             40.646           1.2483          2.0742       75.169     21-Mar-2024 17:22:14
    66      17      3     150    0.05       10       0.916    -2.3212     -2.3212         10              3             40.286           1.2892          2.3346       55.676     21-Mar-2024 17:22:14
    66      18      3     150    0.05       10       0.918    -2.3438     -2.3438         10              5             41.685           1.3239          2.0292       79.946     21-Mar-2024 17:22:14
    66      19      3     150    0.05       10        0.92    -2.3041     -2.3041         10              3             40.356           1.2577          2.1508       68.781     21-Mar-2024 17:22:14
    66      20      3     150    0.05       10       0.918     -2.316     -2.3159         10              4             41.032           1.3185          2.2596       81.832     21-Mar-2024 17:22:14
    66      21      3     150    0.05       10        0.92    -2.3585     -2.3585         10              3             40.448           1.2499          2.1231       68.121     21-Mar-2024 17:22:14
    66      22      3     150    0.05       10       0.912    -2.3343     -2.3343         10              4             42.474           1.3371          2.0797       65.261     21-Mar-2024 17:22:14
    66      23      3     150    0.05       10       0.914     -2.414      -2.414         10              4             41.969           1.2923          2.1084       61.858     21-Mar-2024 17:22:14
    66      24      3     150    0.05       10       0.922    -2.3223     -2.3223         10              5             41.404            1.278          3.0934       88.063     21-Mar-2024 17:22:14
    66      25      3     150    0.05       10       0.914    -2.2973     -2.2973         10              4              39.57           1.2126          1.8325       79.857     21-Mar-2024 17:22:14
    66      26      3     150    0.05       10       0.918    -2.3247     -2.3247         10              2             41.841           1.3014          1.9894       72.444     21-Mar-2024 17:22:14
    66      27      3     150    0.05       10       0.914     -2.359      -2.359         10              4             41.046           1.2777          1.9375        74.41     21-Mar-2024 17:22:14
    66      28      3     150    0.05       10       0.918    -2.3583     -2.3582         10              4              39.48           1.1848          1.9055       72.288     21-Mar-2024 17:22:14
    66      29      3     150    0.05       10       0.914    -2.2981     -2.2981         10              3             41.518           1.3266          1.9313       83.564     21-Mar-2024 17:22:14
    66      30      3     150    0.05       10       0.916    -2.3252     -2.3251         10              4             39.976            1.276          1.8857       76.977     21-Mar-2024 17:22:14


rep =

    67

replication: (67)th 

thres=0.249556
1 th thresholding

  breakyes=1.3,  maxresidual < 1.00e-06
15 entries survived 

2 th thresholding

  breakyes=1.4,  maxresidual < 1.00e-06
14 entries survived 

3 th thresholding

  breakyes=1.4,  maxresidual < 1.00e-06
13 entries survived 

4 th thresholding

  breakyes=1.0,  maxresidual < 1.00e-06
14 entries survived 

5 th thresholding

  breakyes=1.0,  maxresidual < 1.00e-06
13 entries survived 

6 th thresholding

  breakyes=3.2,  dualfeasorg deteriorated too much: primfeasorg=1.38e-06,dualfeasorg=3.57e-05
12 entries survived 

7 th thresholding

  breakyes=1.4,  maxresidual < 1.00e-06
14 entries survived 

8 th thresholding

  breakyes=1.3,  maxresidual < 1.00e-06
14 entries survived 

9 th thresholding

  breakyes=1.4,  maxresidual < 1.00e-06
15 entries survived 

10 th thresholding

  breakyes=3.2,  dualfeasorg deteriorated too much: primfeasorg=1.36e-06,dualfeasorg=3.17e-05
11 entries survived 

11 th thresholding

  breakyes=3.2,  dualfeasorg deteriorated too much: primfeasorg=1.00e-06,dualfeasorg=6.23e-05
12 entries survived 

12 th thresholding

  breakyes=1.3,  maxresidual < 1.00e-06
14 entries survived 

13 th thresholding

  breakyes=1.3,  maxresidual < 1.00e-06
13 entries survived 

14 th thresholding

  breakyes=1.3,  maxresidual < 1.00e-06
13 entries survived 

15 th thresholding

  breakyes=1.4,  maxresidual < 1.00e-06
14 entries survived 

16 th thresholding

  breakyes=1.4,  maxresidual < 1.00e-06
12 entries survived 

17 th thresholding

  breakyes=3.2,  dualfeasorg deteriorated too much: primfeasorg=1.93e-06,dualfeasorg=6.16e-05
15 entries survived 

18 th thresholding

  breakyes=1.4,  maxresidual < 1.00e-06
13 entries survived 

19 th thresholding

  breakyes=1.3,  maxresidual < 1.00e-06
11 entries survived 

20 th thresholding

  breakyes=1.4,  maxresidual < 1.00e-06
12 entries survived 

21 th thresholding

  breakyes=4.2,  dualfeasorg stagnate, 6.64e-07
16 entries survived 

22 th thresholding

  breakyes=1.3,  maxresidual < 1.00e-06
13 entries survived 

23 th thresholding

  breakyes=1.4,  maxresidual < 1.00e-06
14 entries survived 

24 th thresholding

  breakyes=1.0,  maxresidual < 1.00e-06
13 entries survived 

25 th thresholding

  breakyes=3.2,  dualfeasorg deteriorated too much: primfeasorg=7.76e-07,dualfeasorg=3.24e-05
11 entries survived 

26 th thresholding

  breakyes=1.4,  maxresidual < 1.00e-06
13 entries survived 

27 th thresholding

  breakyes=3.2,  dualfeasorg deteriorated too much: primfeasorg=1.79e-06,dualfeasorg=3.23e-05
15 entries survived 

28 th thresholding

  breakyes=1.0,  maxresidual < 1.00e-06
13 entries survived 

29 th thresholding

  breakyes=3.2,  dualfeasorg deteriorated too much: primfeasorg=2.35e-06,dualfeasorg=3.21e-05
15 entries survived 

30 th thresholding

  breakyes=1.4,  maxresidual < 1.00e-06
14 entries survived 

acc_vec =

    0.9340
    0.9520
    0.9560
    0.9500
    0.9520
    0.9500
    0.9560
    0.9560
    0.9540
    0.9560
    0.9540
    0.9500
    0.9480
    0.9480
    0.9500
    0.9460
    0.9540
    0.9520
    0.9500
    0.9520
    0.9560
    0.9480
    0.9520
    0.9460
    0.9480
    0.9540
    0.9540
    0.9460
    0.9520
    0.9520
    0.9520

acc =0.934000  0.952000  0.956000  0.950000  0.952000  0.950000  0.956000  0.956000  0.954000  0.956000  0.954000  0.950000  0.948000  0.948000  0.950000  0.946000  0.954000  0.952000  0.950000  0.952000  0.956000  0.948000  0.952000  0.946000  0.948000  0.954000  0.954000  0.946000  0.952000  0.952000  0.952000 

discov_true_vec =

    10
    10
    10
    10
    10
    10
    10
    10
    10
    10
    10
    10
    10
    10
    10
    10
    10
    10
    10
    10
    10
    10
    10
    10
    10
    10
    10
    10
    10
    10


discov_false_vec =

     5
     4
     3
     4
     3
     2
     4
     4
     5
     1
     2
     4
     3
     3
     4
     2
     5
     3
     1
     2
     6
     3
     4
     3
     1
     3
     5
     3
     5
     4


data =

  31x16 table

    rep    iter    sep    dim    rho     sparsity     acc     obj_prim    obj_dual    discov_true    discov_false    diff_x_tilde    diff_omega_diag    time_isee    time_SDP          jobdate       
    ___    ____    ___    ___    ____    ________    _____    ________    ________    ___________    ____________    ____________    _______________    _________    ________    ____________________

    67       0      3     150    0.05       10       0.934          0           0          0              0                  0                0               0            0     21-Mar-2024 17:46:35
    67       1      3     150    0.05       10       0.952    -2.9932     -2.9932         10              5             42.021           1.3211          2.3454       26.327     21-Mar-2024 17:46:35
    67       2      3     150    0.05       10       0.956    -2.8324     -2.8324         10              4              41.95           1.2949          2.0153       68.786     21-Mar-2024 17:46:35
    67       3      3     150    0.05       10        0.95    -2.7987     -2.7987         10              3             43.301           1.3498          2.2139       59.997     21-Mar-2024 17:46:35
    67       4      3     150    0.05       10       0.952    -2.9379     -2.9379         10              4             43.296           1.3433          1.9964       18.723     21-Mar-2024 17:46:35
    67       5      3     150    0.05       10        0.95    -2.9207     -2.9207         10              3              42.71            1.364          1.9012        20.76     21-Mar-2024 17:46:35
    67       6      3     150    0.05       10       0.956    -2.8034     -2.8034         10              2             43.245           1.3473          1.7417        28.83     21-Mar-2024 17:46:35
    67       7      3     150    0.05       10       0.956    -2.8602     -2.8602         10              4             42.804           1.3493          1.9757       50.399     21-Mar-2024 17:46:35
    67       8      3     150    0.05       10       0.954     -2.815      -2.815         10              4             43.357           1.3779          2.2492       83.776     21-Mar-2024 17:46:35
    67       9      3     150    0.05       10       0.956    -2.7022     -2.7022         10              5             43.503           1.3697          1.9036       53.352     21-Mar-2024 17:46:35
    67      10      3     150    0.05       10       0.954    -2.8544     -2.8544         10              1             42.147            1.309          1.8748       28.398     21-Mar-2024 17:46:35
    67      11      3     150    0.05       10        0.95     -2.761      -2.761         10              2             42.558           1.3242          1.9135       48.712     21-Mar-2024 17:46:35
    67      12      3     150    0.05       10       0.948    -2.9388     -2.9388         10              4             44.526           1.3943          1.8795       28.937     21-Mar-2024 17:46:35
    67      13      3     150    0.05       10       0.948    -2.7949     -2.7949         10              3             42.354           1.3216          2.0468       63.953     21-Mar-2024 17:46:35
    67      14      3     150    0.05       10        0.95    -2.9637     -2.9637         10              3             44.434           1.3797          1.9078        27.08     21-Mar-2024 17:46:35
    67      15      3     150    0.05       10       0.946    -2.7441     -2.7441         10              4             43.976           1.3925           1.919       104.37     21-Mar-2024 17:46:35
    67      16      3     150    0.05       10       0.954    -2.9102     -2.9102         10              2             41.838           1.2889           2.466       32.693     21-Mar-2024 17:46:35
    67      17      3     150    0.05       10       0.952    -2.8254     -2.8254         10              5             42.658           1.3217          1.9977       107.64     21-Mar-2024 17:46:35
    67      18      3     150    0.05       10        0.95    -2.8985     -2.8985         10              3             42.738           1.3412          2.0349       28.909     21-Mar-2024 17:46:35
    67      19      3     150    0.05       10       0.952    -2.6857     -2.6857         10              1             42.572           1.3114          2.0741       62.621     21-Mar-2024 17:46:35
    67      20      3     150    0.05       10       0.956    -2.9816     -2.9816         10              2             43.266           1.3636          1.8915       28.676     21-Mar-2024 17:46:35
    67      21      3     150    0.05       10       0.948    -2.7722     -2.7722         10              6             42.874           1.3642          1.7731       73.714     21-Mar-2024 17:46:35
    67      22      3     150    0.05       10       0.952    -2.9637     -2.9637         10              3             44.434           1.3797          2.0874       30.532     21-Mar-2024 17:46:35
    67      23      3     150    0.05       10       0.946    -2.7763     -2.7763         10              4             43.103           1.3279          1.7957       38.485     21-Mar-2024 17:46:35
    67      24      3     150    0.05       10       0.948    -2.9177     -2.9177         10              3              42.71           1.3393          2.0896       20.279     21-Mar-2024 17:46:35
    67      25      3     150    0.05       10       0.954    -2.7763     -2.7763         10              1             40.972            1.264          2.0963       75.923     21-Mar-2024 17:46:35
    67      26      3     150    0.05       10       0.954    -2.8336     -2.8336         10              3             42.786           1.3306          1.8823       41.436     21-Mar-2024 17:46:35
    67      27      3     150    0.05       10       0.946    -2.8093     -2.8093         10              5             42.569           1.3585           2.066       37.688     21-Mar-2024 17:46:35
    67      28      3     150    0.05       10       0.952    -2.9194     -2.9194         10              3             43.415           1.3821          2.0794       24.069     21-Mar-2024 17:46:35
    67      29      3     150    0.05       10       0.952    -2.8341     -2.8341         10              5             42.971           1.3364          1.9181       23.036     21-Mar-2024 17:46:35
    67      30      3     150    0.05       10       0.952    -2.9729     -2.9729         10              4             43.915            1.424          1.9897       61.742     21-Mar-2024 17:46:35


rep =

    68

replication: (68)th 

thres=0.249556
1 th thresholding

  breakyes=1.4,  maxresidual < 1.00e-06
17 entries survived 

2 th thresholding

  breakyes=3.2,  dualfeasorg deteriorated too much: primfeasorg=1.16e-06,dualfeasorg=4.08e-05
17 entries survived 

3 th thresholding

  breakyes=3.2,  dualfeasorg deteriorated too much: primfeasorg=7.81e-07,dualfeasorg=5.54e-05
17 entries survived 

4 th thresholding

  breakyes=3.2,  dualfeasorg deteriorated too much: primfeasorg=1.15e-06,dualfeasorg=4.98e-05
17 entries survived 

5 th thresholding

  breakyes=4.1,  primfeasorg stagnate, 7.98e-05
17 entries survived 

6 th thresholding

  breakyes = 1.0,  maxresidual < 1.00e-04  breakyes=1.4,  maxresidual < 1.00e-06
16 entries survived 

7 th thresholding

  breakyes=4.1,  primfeasorg stagnate, 0.00e+00
17 entries survived 

8 th thresholding

  breakyes=3.2,  dualfeasorg deteriorated too much: primfeasorg=1.13e-06,dualfeasorg=4.06e-05
18 entries survived 

9 th thresholding

  breakyes=4.1,  primfeasorg stagnate, 0.00e+00
18 entries survived 

10 th thresholding

  breakyes=3.2,  dualfeasorg deteriorated too much: primfeasorg=1.07e-06,dualfeasorg=4.72e-05
18 entries survived 

11 th thresholding

  breakyes=3.2,  dualfeasorg deteriorated too much: primfeasorg=9.51e-07,dualfeasorg=5.28e-05
18 entries survived 

12 th thresholding

  breakyes=4.1,  primfeasorg stagnate, 0.00e+00
18 entries survived 

13 th thresholding

  breakyes=3.2,  dualfeasorg deteriorated too much: primfeasorg=3.03e-06,dualfeasorg=2.07e-04
18 entries survived 

14 th thresholding

  breakyes=4.1,  primfeasorg stagnate, 0.00e+00
18 entries survived 

15 th thresholding

  breakyes=3.2,  dualfeasorg deteriorated too much: primfeasorg=1.48e-06,dualfeasorg=4.26e-05
18 entries survived 

16 th thresholding

  breakyes=4.1,  primfeasorg stagnate, 0.00e+00
18 entries survived 

17 th thresholding

  breakyes=3.2,  dualfeasorg deteriorated too much: primfeasorg=2.09e-06,dualfeasorg=2.54e-05
18 entries survived 

18 th thresholding

  breakyes=3.2,  dualfeasorg deteriorated too much: primfeasorg=2.09e-06,dualfeasorg=2.54e-05
18 entries survived 

19 th thresholding

  breakyes=3.2,  dualfeasorg deteriorated too much: primfeasorg=2.09e-06,dualfeasorg=2.54e-05
18 entries survived 

20 th thresholding

  breakyes=3.2,  dualfeasorg deteriorated too much: primfeasorg=2.09e-06,dualfeasorg=2.54e-05
18 entries survived 

21 th thresholding

  breakyes=3.2,  dualfeasorg deteriorated too much: primfeasorg=2.09e-06,dualfeasorg=2.54e-05
18 entries survived 

22 th thresholding

  breakyes=3.2,  dualfeasorg deteriorated too much: primfeasorg=2.09e-06,dualfeasorg=2.54e-05
18 entries survived 

23 th thresholding

  breakyes=3.2,  dualfeasorg deteriorated too much: primfeasorg=2.09e-06,dualfeasorg=2.54e-05
18 entries survived 

24 th thresholding

  breakyes=3.2,  dualfeasorg deteriorated too much: primfeasorg=2.09e-06,dualfeasorg=2.54e-05
18 entries survived 

25 th thresholding

  breakyes=3.2,  dualfeasorg deteriorated too much: primfeasorg=2.09e-06,dualfeasorg=2.54e-05
18 entries survived 

26 th thresholding

  breakyes=3.2,  dualfeasorg deteriorated too much: primfeasorg=2.09e-06,dualfeasorg=2.54e-05
18 entries survived 

27 th thresholding

  breakyes=3.2,  dualfeasorg deteriorated too much: primfeasorg=2.09e-06,dualfeasorg=2.54e-05
18 entries survived 

28 th thresholding

  breakyes=3.2,  dualfeasorg deteriorated too much: primfeasorg=2.09e-06,dualfeasorg=2.54e-05
18 entries survived 

29 th thresholding

  breakyes=3.2,  dualfeasorg deteriorated too much: primfeasorg=2.09e-06,dualfeasorg=2.54e-05
18 entries survived 

30 th thresholding

  breakyes=3.2,  dualfeasorg deteriorated too much: primfeasorg=2.09e-06,dualfeasorg=2.54e-05
18 entries survived 

acc_vec =

    0.9240
    0.9380
    0.9320
    0.9380
    0.9320
    0.9420
    0.9360
    0.9440
    0.9420
    0.9380
    0.9360
    0.9360
    0.9360
    0.9400
    0.9400
    0.9440
    0.9360
    0.9360
    0.9360
    0.9360
    0.9360
    0.9360
    0.9360
    0.9360
    0.9360
    0.9360
    0.9360
    0.9360
    0.9360
    0.9360
    0.9360

acc =0.924000  0.938000  0.932000  0.938000  0.932000  0.942000  0.936000  0.944000  0.942000  0.938000  0.936000  0.936000  0.936000  0.940000  0.940000  0.944000  0.936000  0.936000  0.936000  0.936000  0.936000  0.936000  0.936000  0.936000  0.936000  0.936000  0.936000  0.936000  0.936000  0.936000  0.936000 

discov_true_vec =

    10
    10
    10
    10
    10
    10
    10
    10
    10
    10
    10
    10
    10
    10
    10
    10
    10
    10
    10
    10
    10
    10
    10
    10
    10
    10
    10
    10
    10
    10


discov_false_vec =

     7
     7
     7
     7
     7
     6
     7
     8
     8
     8
     8
     8
     8
     8
     8
     8
     8
     8
     8
     8
     8
     8
     8
     8
     8
     8
     8
     8
     8
     8


data =

  31x16 table

    rep    iter    sep    dim    rho     sparsity     acc     obj_prim    obj_dual    discov_true    discov_false    diff_x_tilde    diff_omega_diag    time_isee    time_SDP          jobdate       
    ___    ____    ___    ___    ____    ________    _____    ________    ________    ___________    ____________    ____________    _______________    _________    ________    ____________________

    68       0      3     150    0.05       10       0.924          0           0          0              0                  0                0               0            0     21-Mar-2024 18:52:42
    68       1      3     150    0.05       10       0.938    -2.5543     -2.5543         10              7             42.201           1.2491          2.5687       50.818     21-Mar-2024 18:52:42
    68       2      3     150    0.05       10       0.932    -2.5836     -2.5836         10              7              42.83           1.2904          1.9226       65.233     21-Mar-2024 18:52:42
    68       3      3     150    0.05       10       0.938    -2.5111     -2.5111         10              7             41.288           1.1837          1.9874       82.625     21-Mar-2024 18:52:42
    68       4      3     150    0.05       10       0.932    -2.6796     -2.6795         10              7             43.919           1.2962          1.9515       69.718     21-Mar-2024 18:52:42
    68       5      3     150    0.05       10       0.942    -2.5679     -2.5679         10              7             44.342           1.2986          2.4793       101.45     21-Mar-2024 18:52:42
    68       6      3     150    0.05       10       0.936    -2.5691     -2.5691         10              6             44.106           1.3447          1.9533       53.828     21-Mar-2024 18:52:42
    68       7      3     150    0.05       10       0.944    -2.5499     -2.5499         10              7             43.142            1.237          2.2009       76.277     21-Mar-2024 18:52:42
    68       8      3     150    0.05       10       0.942    -2.5027     -2.5027         10              8             44.132           1.2902          2.0749       72.816     21-Mar-2024 18:52:42
    68       9      3     150    0.05       10       0.938    -2.4998     -2.4998         10              8             42.946           1.2586           1.909       77.094     21-Mar-2024 18:52:42
    68      10      3     150    0.05       10       0.936    -2.5259     -2.5258         10              8             44.652           1.3104          1.9813       75.933     21-Mar-2024 18:52:42
    68      11      3     150    0.05       10       0.936    -2.5127     -2.5127         10              8             43.091           1.2454          1.9784       80.571     21-Mar-2024 18:52:42
    68      12      3     150    0.05       10       0.936    -2.5348     -2.5348         10              8             44.172           1.3161          2.0133       74.316     21-Mar-2024 18:52:42
    68      13      3     150    0.05       10        0.94    -2.5382     -2.5382         10              8             43.332           1.2575          1.9903       30.968     21-Mar-2024 18:52:42
    68      14      3     150    0.05       10        0.94    -2.5231     -2.5231         10              8             43.964           1.3353          1.9708       77.089     21-Mar-2024 18:52:42
    68      15      3     150    0.05       10       0.944    -2.5628     -2.5627         10              8             43.189           1.2475           2.098       108.15     21-Mar-2024 18:52:42
    68      16      3     150    0.05       10       0.936    -2.5343     -2.5342         10              8             44.097           1.3052          2.2677       91.551     21-Mar-2024 18:52:42
    68      17      3     150    0.05       10       0.936      -2.54       -2.54         10              8              42.85           1.2437          2.0237       189.55     21-Mar-2024 18:52:42
    68      18      3     150    0.05       10       0.936      -2.54       -2.54         10              8              42.85           1.2437          2.1949       187.54     21-Mar-2024 18:52:42
    68      19      3     150    0.05       10       0.936      -2.54       -2.54         10              8              42.85           1.2437          2.1904       182.43     21-Mar-2024 18:52:42
    68      20      3     150    0.05       10       0.936      -2.54       -2.54         10              8              42.85           1.2437          2.5197       189.82     21-Mar-2024 18:52:42
    68      21      3     150    0.05       10       0.936      -2.54       -2.54         10              8              42.85           1.2437           2.026       190.56     21-Mar-2024 18:52:42
    68      22      3     150    0.05       10       0.936      -2.54       -2.54         10              8              42.85           1.2437          2.0747        196.6     21-Mar-2024 18:52:42
    68      23      3     150    0.05       10       0.936      -2.54       -2.54         10              8              42.85           1.2437          2.4007       206.98     21-Mar-2024 18:52:42
    68      24      3     150    0.05       10       0.936      -2.54       -2.54         10              8              42.85           1.2437          2.0482       204.06     21-Mar-2024 18:52:42
    68      25      3     150    0.05       10       0.936      -2.54       -2.54         10              8              42.85           1.2437          2.2008       242.91     21-Mar-2024 18:52:42
    68      26      3     150    0.05       10       0.936      -2.54       -2.54         10              8              42.85           1.2437          2.1038       195.25     21-Mar-2024 18:52:42
    68      27      3     150    0.05       10       0.936      -2.54       -2.54         10              8              42.85           1.2437           1.964       187.14     21-Mar-2024 18:52:42
    68      28      3     150    0.05       10       0.936      -2.54       -2.54         10              8              42.85           1.2437          2.0685       187.92     21-Mar-2024 18:52:42
    68      29      3     150    0.05       10       0.936      -2.54       -2.54         10              8              42.85           1.2437          2.1317       174.61     21-Mar-2024 18:52:42
    68      30      3     150    0.05       10       0.936      -2.54       -2.54         10              8              42.85           1.2437          2.0961        179.8     21-Mar-2024 18:52:42

