==========================================
SLURM_JOB_ID = 20378273
SLURM_JOB_NODELIST = d11-44
TMPDIR = /tmp/SLURM_20378273
==========================================
hello
Starting parallel pool (parpool) ...
Connected to the parallel pool (number of workers: 15).

pool = 

 ProcessPool with properties: 

            Connected: true
           NumWorkers: 15
                 Busy: false
              Cluster: Local
        AttachedFiles: {}
    AutoAddClientPath: true
            FileStore: [1x1 parallel.FileStore]
           ValueStore: [1x1 parallel.ValueStore]
          IdleTimeout: 30 minutes (30 minutes remaining)
          SpmdEnabled: true


p =

    50


Delta =

     6


s =

    10


n =

   500


ii =

     1


table_name =

    'sparse_kmeans_isee_denoise'


conn = 

  sqlite with properties:

      Database: '/home1/jongminm/sparse_kmeans/sparse_kmeans.db'
    IsReadOnly: 0
    AutoCommit: 'on'


rho =

    0.0500


M =

    0.9901

delta confirmed: 6.000000
ans =

    5.7507


rep =

     1

replication: (1)th 

thres=0.220507
1 th thresholding

  breakyes=3.1,  primfeasorg deteriorated too much: primfeasorg=2.71e-06,dualfeasorg=2.11e-06
11 entries survived 

2 th thresholding

  breakyes=1.0,  maxresidual < 1.00e-06
11 entries survived 

3 th thresholding

  breakyes=1.0,  maxresidual < 1.00e-06
11 entries survived 

4 th thresholding

  breakyes=1.0,  maxresidual < 1.00e-06
11 entries survived 

5 th thresholding

  breakyes=1.0,  maxresidual < 1.00e-06
11 entries survived 

6 th thresholding

  breakyes=1.0,  maxresidual < 1.00e-06
11 entries survived 

7 th thresholding

  breakyes=1.0,  maxresidual < 1.00e-06
11 entries survived 

8 th thresholding

  breakyes=1.0,  maxresidual < 1.00e-06
11 entries survived 

9 th thresholding

  breakyes=1.0,  maxresidual < 1.00e-06
11 entries survived 

10 th thresholding

  breakyes=1.0,  maxresidual < 1.00e-06
11 entries survived 

11 th thresholding

  breakyes=1.0,  maxresidual < 1.00e-06
11 entries survived 

12 th thresholding

  breakyes=1.0,  maxresidual < 1.00e-06
11 entries survived 

13 th thresholding

  breakyes=1.0,  maxresidual < 1.00e-06
11 entries survived 

14 th thresholding

  breakyes=1.0,  maxresidual < 1.00e-06
11 entries survived 

15 th thresholding

  breakyes=1.0,  maxresidual < 1.00e-06
11 entries survived 

16 th thresholding

  breakyes=1.0,  maxresidual < 1.00e-06
11 entries survived 

17 th thresholding

  breakyes=1.0,  maxresidual < 1.00e-06
11 entries survived 

18 th thresholding

  breakyes=1.0,  maxresidual < 1.00e-06
11 entries survived 

19 th thresholding

  breakyes=1.0,  maxresidual < 1.00e-06
11 entries survived 

20 th thresholding

  breakyes=1.0,  maxresidual < 1.00e-06
11 entries survived 

21 th thresholding

  breakyes=1.0,  maxresidual < 1.00e-06
11 entries survived 

22 th thresholding

  breakyes=1.0,  maxresidual < 1.00e-06
11 entries survived 

23 th thresholding

  breakyes=1.0,  maxresidual < 1.00e-06
11 entries survived 

24 th thresholding

  breakyes=1.0,  maxresidual < 1.00e-06
11 entries survived 

25 th thresholding

  breakyes=1.0,  maxresidual < 1.00e-06
11 entries survived 

26 th thresholding

  breakyes=1.0,  maxresidual < 1.00e-06
11 entries survived 

27 th thresholding

  breakyes=1.0,  maxresidual < 1.00e-06
11 entries survived 

28 th thresholding

  breakyes=1.0,  maxresidual < 1.00e-06
11 entries survived 

29 th thresholding

  breakyes=1.0,  maxresidual < 1.00e-06
11 entries survived 

30 th thresholding

  breakyes=1.0,  maxresidual < 1.00e-06
11 entries survived 

acc_vec =

    0.9980
    0.9960
    0.9960
    0.9960
    0.9960
    0.9960
    0.9960
    0.9960
    0.9960
    0.9960
    0.9960
    0.9960
    0.9960
    0.9960
    0.9960
    0.9960
    0.9960
    0.9960
    0.9960
    0.9960
    0.9960
    0.9960
    0.9960
    0.9960
    0.9960
    0.9960
    0.9960
    0.9960
    0.9960
    0.9960
    0.9960

acc =0.998000  0.996000  0.996000  0.996000  0.996000  0.996000  0.996000  0.996000  0.996000  0.996000  0.996000  0.996000  0.996000  0.996000  0.996000  0.996000  0.996000  0.996000  0.996000  0.996000  0.996000  0.996000  0.996000  0.996000  0.996000  0.996000  0.996000  0.996000  0.996000  0.996000  0.996000 

discov_true_vec =

    10
    10
    10
    10
    10
    10
    10
    10
    10
    10
    10
    10
    10
    10
    10
    10
    10
    10
    10
    10
    10
    10
    10
    10
    10
    10
    10
    10
    10
    10


discov_false_vec =

     1
     1
     1
     1
     1
     1
     1
     1
     1
     1
     1
     1
     1
     1
     1
     1
     1
     1
     1
     1
     1
     1
     1
     1
     1
     1
     1
     1
     1
     1


data =

  31x16 table

    rep    iter    sep    dim    rho     sparsity     acc     obj_prim    obj_dual    discov_true    discov_false    diff_x_tilde    diff_omega_diag    time_isee    time_SDP          jobdate       
    ___    ____    ___    ___    ____    ________    _____    ________    ________    ___________    ____________    ____________    _______________    _________    ________    ____________________

     1       0      6     50     0.05       10       0.998          0           0          0              0                 0                  0              0            0     21-Mar-2024 11:10:05
     1       1      6     50     0.05       10       0.996    -8.6056     -8.6054         10              1              22.4            0.52578         3.0235       62.104     21-Mar-2024 11:10:05
     1       2      6     50     0.05       10       0.996    -8.6265     -8.6265         10              1             22.42            0.50159         2.1875       52.572     21-Mar-2024 11:10:05
     1       3      6     50     0.05       10       0.996    -8.6265     -8.6265         10              1             22.42            0.50159         1.6455       51.373     21-Mar-2024 11:10:05
     1       4      6     50     0.05       10       0.996    -8.6265     -8.6265         10              1             22.42            0.50159         1.3124       48.336     21-Mar-2024 11:10:05
     1       5      6     50     0.05       10       0.996    -8.6265     -8.6265         10              1             22.42            0.50159         1.7912       47.473     21-Mar-2024 11:10:05
     1       6      6     50     0.05       10       0.996    -8.6265     -8.6265         10              1             22.42            0.50159         1.4433       46.768     21-Mar-2024 11:10:05
     1       7      6     50     0.05       10       0.996    -8.6265     -8.6265         10              1             22.42            0.50159         1.2248        46.23     21-Mar-2024 11:10:05
     1       8      6     50     0.05       10       0.996    -8.6265     -8.6265         10              1             22.42            0.50159         1.2923       43.464     21-Mar-2024 11:10:05
     1       9      6     50     0.05       10       0.996    -8.6265     -8.6265         10              1             22.42            0.50159            1.3       44.649     21-Mar-2024 11:10:05
     1      10      6     50     0.05       10       0.996    -8.6265     -8.6265         10              1             22.42            0.50159         1.2597       44.917     21-Mar-2024 11:10:05
     1      11      6     50     0.05       10       0.996    -8.6265     -8.6265         10              1             22.42            0.50159         1.1981        45.32     21-Mar-2024 11:10:05
     1      12      6     50     0.05       10       0.996    -8.6265     -8.6265         10              1             22.42            0.50159         1.2482       43.906     21-Mar-2024 11:10:05
     1      13      6     50     0.05       10       0.996    -8.6265     -8.6265         10              1             22.42            0.50159         1.2342        44.31     21-Mar-2024 11:10:05
     1      14      6     50     0.05       10       0.996    -8.6265     -8.6265         10              1             22.42            0.50159         1.1542       45.463     21-Mar-2024 11:10:05
     1      15      6     50     0.05       10       0.996    -8.6265     -8.6265         10              1             22.42            0.50159         1.5451       45.215     21-Mar-2024 11:10:05
     1      16      6     50     0.05       10       0.996    -8.6265     -8.6265         10              1             22.42            0.50159          1.566       46.473     21-Mar-2024 11:10:05
     1      17      6     50     0.05       10       0.996    -8.6265     -8.6265         10              1             22.42            0.50159         1.5766       47.855     21-Mar-2024 11:10:05
     1      18      6     50     0.05       10       0.996    -8.6265     -8.6265         10              1             22.42            0.50159         1.1538       48.227     21-Mar-2024 11:10:05
     1      19      6     50     0.05       10       0.996    -8.6265     -8.6265         10              1             22.42            0.50159         1.2526       47.913     21-Mar-2024 11:10:05
     1      20      6     50     0.05       10       0.996    -8.6265     -8.6265         10              1             22.42            0.50159         1.4598       48.103     21-Mar-2024 11:10:05
     1      21      6     50     0.05       10       0.996    -8.6265     -8.6265         10              1             22.42            0.50159         1.2504       48.504     21-Mar-2024 11:10:05
     1      22      6     50     0.05       10       0.996    -8.6265     -8.6265         10              1             22.42            0.50159         1.1433       46.741     21-Mar-2024 11:10:05
     1      23      6     50     0.05       10       0.996    -8.6265     -8.6265         10              1             22.42            0.50159         1.0489       45.532     21-Mar-2024 11:10:05
     1      24      6     50     0.05       10       0.996    -8.6265     -8.6265         10              1             22.42            0.50159          1.152       46.467     21-Mar-2024 11:10:05
     1      25      6     50     0.05       10       0.996    -8.6265     -8.6265         10              1             22.42            0.50159           1.19       47.295     21-Mar-2024 11:10:05
     1      26      6     50     0.05       10       0.996    -8.6265     -8.6265         10              1             22.42            0.50159          1.381       48.207     21-Mar-2024 11:10:05
     1      27      6     50     0.05       10       0.996    -8.6265     -8.6265         10              1             22.42            0.50159         1.3561       47.876     21-Mar-2024 11:10:05
     1      28      6     50     0.05       10       0.996    -8.6265     -8.6265         10              1             22.42            0.50159         1.1032       47.939     21-Mar-2024 11:10:05
     1      29      6     50     0.05       10       0.996    -8.6265     -8.6265         10              1             22.42            0.50159         1.0017       47.479     21-Mar-2024 11:10:05
     1      30      6     50     0.05       10       0.996    -8.6265     -8.6265         10              1             22.42            0.50159         1.5016       47.935     21-Mar-2024 11:10:05


rep =

     2

replication: (2)th 

thres=0.220507
1 th thresholding

  breakyes = 1.0,  maxresidual < 1.00e-04  breakyes=1.0,  maxresidual < 1.00e-06
10 entries survived 

2 th thresholding

  breakyes = 1.0,  maxresidual < 1.00e-04  breakyes=1.0,  maxresidual < 1.00e-06
10 entries survived 

3 th thresholding

  breakyes = 1.0,  maxresidual < 1.00e-04  breakyes=1.0,  maxresidual < 1.00e-06
10 entries survived 

4 th thresholding

  breakyes = 1.0,  maxresidual < 1.00e-04  breakyes=1.0,  maxresidual < 1.00e-06
10 entries survived 

5 th thresholding

  breakyes = 1.0,  maxresidual < 1.00e-04  breakyes=1.0,  maxresidual < 1.00e-06
10 entries survived 

6 th thresholding

  breakyes = 1.0,  maxresidual < 1.00e-04  breakyes=1.0,  maxresidual < 1.00e-06
10 entries survived 

7 th thresholding

  breakyes = 1.0,  maxresidual < 1.00e-04  breakyes=1.0,  maxresidual < 1.00e-06
10 entries survived 

8 th thresholding

  breakyes = 1.0,  maxresidual < 1.00e-04  breakyes=1.0,  maxresidual < 1.00e-06
10 entries survived 

9 th thresholding

  breakyes = 1.0,  maxresidual < 1.00e-04  breakyes=1.0,  maxresidual < 1.00e-06
10 entries survived 

10 th thresholding

  breakyes = 1.0,  maxresidual < 1.00e-04  breakyes=1.0,  maxresidual < 1.00e-06
10 entries survived 

11 th thresholding

  breakyes = 1.0,  maxresidual < 1.00e-04  breakyes=1.0,  maxresidual < 1.00e-06
10 entries survived 

12 th thresholding

  breakyes = 1.0,  maxresidual < 1.00e-04  breakyes=1.0,  maxresidual < 1.00e-06
10 entries survived 

13 th thresholding

  breakyes = 1.0,  maxresidual < 1.00e-04  breakyes=1.0,  maxresidual < 1.00e-06
10 entries survived 

14 th thresholding

  breakyes = 1.0,  maxresidual < 1.00e-04  breakyes=1.0,  maxresidual < 1.00e-06
10 entries survived 

15 th thresholding

  breakyes = 1.0,  maxresidual < 1.00e-04  breakyes=1.0,  maxresidual < 1.00e-06
10 entries survived 

16 th thresholding

  breakyes = 1.0,  maxresidual < 1.00e-04  breakyes=1.0,  maxresidual < 1.00e-06
10 entries survived 

17 th thresholding

  breakyes = 1.0,  maxresidual < 1.00e-04  breakyes=1.0,  maxresidual < 1.00e-06
10 entries survived 

18 th thresholding

  breakyes = 1.0,  maxresidual < 1.00e-04  breakyes=1.0,  maxresidual < 1.00e-06
10 entries survived 

19 th thresholding

  breakyes = 1.0,  maxresidual < 1.00e-04  breakyes=1.0,  maxresidual < 1.00e-06
10 entries survived 

20 th thresholding

  breakyes = 1.0,  maxresidual < 1.00e-04  breakyes=1.0,  maxresidual < 1.00e-06
10 entries survived 

21 th thresholding

  breakyes = 1.0,  maxresidual < 1.00e-04  breakyes=1.0,  maxresidual < 1.00e-06
10 entries survived 

22 th thresholding

  breakyes = 1.0,  maxresidual < 1.00e-04  breakyes=1.0,  maxresidual < 1.00e-06
10 entries survived 

23 th thresholding

  breakyes = 1.0,  maxresidual < 1.00e-04  breakyes=1.0,  maxresidual < 1.00e-06
10 entries survived 

24 th thresholding

  breakyes = 1.0,  maxresidual < 1.00e-04  breakyes=1.0,  maxresidual < 1.00e-06
10 entries survived 

25 th thresholding

  breakyes = 1.0,  maxresidual < 1.00e-04  breakyes=1.0,  maxresidual < 1.00e-06
10 entries survived 

26 th thresholding

  breakyes = 1.0,  maxresidual < 1.00e-04  breakyes=1.0,  maxresidual < 1.00e-06
10 entries survived 

27 th thresholding

  breakyes = 1.0,  maxresidual < 1.00e-04  breakyes=1.0,  maxresidual < 1.00e-06
10 entries survived 

28 th thresholding

  breakyes = 1.0,  maxresidual < 1.00e-04  breakyes=1.0,  maxresidual < 1.00e-06
10 entries survived 

29 th thresholding

  breakyes = 1.0,  maxresidual < 1.00e-04  breakyes=1.0,  maxresidual < 1.00e-06
10 entries survived 

30 th thresholding

  breakyes = 1.0,  maxresidual < 1.00e-04  breakyes=1.0,  maxresidual < 1.00e-06
10 entries survived 

acc_vec =

     1
     1
     1
     1
     1
     1
     1
     1
     1
     1
     1
     1
     1
     1
     1
     1
     1
     1
     1
     1
     1
     1
     1
     1
     1
     1
     1
     1
     1
     1
     1

acc =1.000000  1.000000  1.000000  1.000000  1.000000  1.000000  1.000000  1.000000  1.000000  1.000000  1.000000  1.000000  1.000000  1.000000  1.000000  1.000000  1.000000  1.000000  1.000000  1.000000  1.000000  1.000000  1.000000  1.000000  1.000000  1.000000  1.000000  1.000000  1.000000  1.000000  1.000000 

discov_true_vec =

    10
    10
    10
    10
    10
    10
    10
    10
    10
    10
    10
    10
    10
    10
    10
    10
    10
    10
    10
    10
    10
    10
    10
    10
    10
    10
    10
    10
    10
    10


discov_false_vec =

     0
     0
     0
     0
     0
     0
     0
     0
     0
     0
     0
     0
     0
     0
     0
     0
     0
     0
     0
     0
     0
     0
     0
     0
     0
     0
     0
     0
     0
     0


data =

  31x16 table

    rep    iter    sep    dim    rho     sparsity    acc    obj_prim    obj_dual    discov_true    discov_false    diff_x_tilde    diff_omega_diag    time_isee    time_SDP          jobdate       
    ___    ____    ___    ___    ____    ________    ___    ________    ________    ___________    ____________    ____________    _______________    _________    ________    ____________________

     2       0      6     50     0.05       10        1           0           0          0              0                  0                 0               0           0     21-Mar-2024 11:12:24
     2       1      6     50     0.05       10        1     -8.6636     -8.6636         10              0             22.551           0.60024          1.2949      3.9417     21-Mar-2024 11:12:24
     2       2      6     50     0.05       10        1     -8.6636     -8.6636         10              0             22.551           0.60024         0.89138      3.7513     21-Mar-2024 11:12:24
     2       3      6     50     0.05       10        1     -8.6636     -8.6636         10              0             22.551           0.60024         0.79467      3.7694     21-Mar-2024 11:12:24
     2       4      6     50     0.05       10        1     -8.6636     -8.6636         10              0             22.551           0.60024         0.72336      3.6245     21-Mar-2024 11:12:24
     2       5      6     50     0.05       10        1     -8.6636     -8.6636         10              0             22.551           0.60024         0.79353      3.7178     21-Mar-2024 11:12:24
     2       6      6     50     0.05       10        1     -8.6636     -8.6636         10              0             22.551           0.60024         0.72949      3.6717     21-Mar-2024 11:12:24
     2       7      6     50     0.05       10        1     -8.6636     -8.6636         10              0             22.551           0.60024          0.7074      3.7543     21-Mar-2024 11:12:24
     2       8      6     50     0.05       10        1     -8.6636     -8.6636         10              0             22.551           0.60024          1.0461       3.741     21-Mar-2024 11:12:24
     2       9      6     50     0.05       10        1     -8.6636     -8.6636         10              0             22.551           0.60024         0.79669      3.6342     21-Mar-2024 11:12:24
     2      10      6     50     0.05       10        1     -8.6636     -8.6636         10              0             22.551           0.60024         0.76693      3.6134     21-Mar-2024 11:12:24
     2      11      6     50     0.05       10        1     -8.6636     -8.6636         10              0             22.551           0.60024         0.79546      3.7828     21-Mar-2024 11:12:24
     2      12      6     50     0.05       10        1     -8.6636     -8.6636         10              0             22.551           0.60024         0.88592      3.7156     21-Mar-2024 11:12:24
     2      13      6     50     0.05       10        1     -8.6636     -8.6636         10              0             22.551           0.60024         0.76927      3.9283     21-Mar-2024 11:12:24
     2      14      6     50     0.05       10        1     -8.6636     -8.6636         10              0             22.551           0.60024         0.67365      3.6416     21-Mar-2024 11:12:24
     2      15      6     50     0.05       10        1     -8.6636     -8.6636         10              0             22.551           0.60024          1.0341      3.8719     21-Mar-2024 11:12:24
     2      16      6     50     0.05       10        1     -8.6636     -8.6636         10              0             22.551           0.60024         0.72506      3.7546     21-Mar-2024 11:12:24
     2      17      6     50     0.05       10        1     -8.6636     -8.6636         10              0             22.551           0.60024         0.72294      3.7078     21-Mar-2024 11:12:24
     2      18      6     50     0.05       10        1     -8.6636     -8.6636         10              0             22.551           0.60024         0.73424      3.7675     21-Mar-2024 11:12:24
     2      19      6     50     0.05       10        1     -8.6636     -8.6636         10              0             22.551           0.60024         0.77277      3.7224     21-Mar-2024 11:12:24
     2      20      6     50     0.05       10        1     -8.6636     -8.6636         10              0             22.551           0.60024         0.75338      3.7082     21-Mar-2024 11:12:24
     2      21      6     50     0.05       10        1     -8.6636     -8.6636         10              0             22.551           0.60024         0.78921      3.7891     21-Mar-2024 11:12:24
     2      22      6     50     0.05       10        1     -8.6636     -8.6636         10              0             22.551           0.60024          1.3608      3.7253     21-Mar-2024 11:12:24
     2      23      6     50     0.05       10        1     -8.6636     -8.6636         10              0             22.551           0.60024         0.75481      3.9383     21-Mar-2024 11:12:24
     2      24      6     50     0.05       10        1     -8.6636     -8.6636         10              0             22.551           0.60024         0.73584       3.711     21-Mar-2024 11:12:24
     2      25      6     50     0.05       10        1     -8.6636     -8.6636         10              0             22.551           0.60024         0.79621      3.8814     21-Mar-2024 11:12:24
     2      26      6     50     0.05       10        1     -8.6636     -8.6636         10              0             22.551           0.60024         0.72789       3.769     21-Mar-2024 11:12:24
     2      27      6     50     0.05       10        1     -8.6636     -8.6636         10              0             22.551           0.60024         0.74729      3.7857     21-Mar-2024 11:12:24
     2      28      6     50     0.05       10        1     -8.6636     -8.6636         10              0             22.551           0.60024         0.76399      3.7611     21-Mar-2024 11:12:24
     2      29      6     50     0.05       10        1     -8.6636     -8.6636         10              0             22.551           0.60024          1.1563      3.7481     21-Mar-2024 11:12:24
     2      30      6     50     0.05       10        1     -8.6636     -8.6636         10              0             22.551           0.60024         0.72082      3.7574     21-Mar-2024 11:12:24


rep =

     3

replication: (3)th 

thres=0.220507
1 th thresholding

  breakyes = 1.0,  maxresidual < 1.00e-04  breakyes=3.2,  dualfeasorg deteriorated too much: primfeasorg=5.79e-04,dualfeasorg=1.27e-03
11 entries survived 

2 th thresholding

  breakyes = 1.0,  maxresidual < 1.00e-04  breakyes=3.2,  dualfeasorg deteriorated too much: primfeasorg=5.79e-04,dualfeasorg=1.27e-03
11 entries survived 

3 th thresholding

  breakyes = 1.0,  maxresidual < 1.00e-04  breakyes=3.2,  dualfeasorg deteriorated too much: primfeasorg=5.79e-04,dualfeasorg=1.27e-03
11 entries survived 

4 th thresholding

  breakyes = 1.0,  maxresidual < 1.00e-04  breakyes=3.2,  dualfeasorg deteriorated too much: primfeasorg=5.79e-04,dualfeasorg=1.27e-03
11 entries survived 

5 th thresholding

  breakyes = 1.0,  maxresidual < 1.00e-04  breakyes=3.2,  dualfeasorg deteriorated too much: primfeasorg=5.79e-04,dualfeasorg=1.27e-03
11 entries survived 

6 th thresholding

  breakyes = 1.0,  maxresidual < 1.00e-04  breakyes=3.2,  dualfeasorg deteriorated too much: primfeasorg=5.79e-04,dualfeasorg=1.27e-03
11 entries survived 

7 th thresholding

  breakyes = 1.0,  maxresidual < 1.00e-04  breakyes=3.2,  dualfeasorg deteriorated too much: primfeasorg=5.79e-04,dualfeasorg=1.27e-03
11 entries survived 

8 th thresholding

  breakyes = 1.0,  maxresidual < 1.00e-04  breakyes=3.2,  dualfeasorg deteriorated too much: primfeasorg=5.79e-04,dualfeasorg=1.27e-03
11 entries survived 

9 th thresholding

  breakyes = 1.0,  maxresidual < 1.00e-04  breakyes=3.2,  dualfeasorg deteriorated too much: primfeasorg=5.79e-04,dualfeasorg=1.27e-03
11 entries survived 

10 th thresholding

  breakyes = 1.0,  maxresidual < 1.00e-04  breakyes=3.2,  dualfeasorg deteriorated too much: primfeasorg=5.79e-04,dualfeasorg=1.27e-03
11 entries survived 

11 th thresholding

  breakyes = 1.0,  maxresidual < 1.00e-04  breakyes=3.2,  dualfeasorg deteriorated too much: primfeasorg=5.79e-04,dualfeasorg=1.27e-03
11 entries survived 

12 th thresholding

  breakyes = 1.0,  maxresidual < 1.00e-04  breakyes=3.2,  dualfeasorg deteriorated too much: primfeasorg=5.79e-04,dualfeasorg=1.27e-03
11 entries survived 

13 th thresholding

  breakyes = 1.0,  maxresidual < 1.00e-04  breakyes=3.2,  dualfeasorg deteriorated too much: primfeasorg=5.79e-04,dualfeasorg=1.27e-03
11 entries survived 

14 th thresholding

  breakyes = 1.0,  maxresidual < 1.00e-04  breakyes=3.2,  dualfeasorg deteriorated too much: primfeasorg=5.79e-04,dualfeasorg=1.27e-03
11 entries survived 

15 th thresholding

  breakyes = 1.0,  maxresidual < 1.00e-04  breakyes=3.2,  dualfeasorg deteriorated too much: primfeasorg=5.79e-04,dualfeasorg=1.27e-03
11 entries survived 

16 th thresholding

  breakyes = 1.0,  maxresidual < 1.00e-04  breakyes=3.2,  dualfeasorg deteriorated too much: primfeasorg=5.79e-04,dualfeasorg=1.27e-03
11 entries survived 

17 th thresholding

  breakyes = 1.0,  maxresidual < 1.00e-04  breakyes=3.2,  dualfeasorg deteriorated too much: primfeasorg=5.79e-04,dualfeasorg=1.27e-03
11 entries survived 

18 th thresholding

  breakyes = 1.0,  maxresidual < 1.00e-04  breakyes=3.2,  dualfeasorg deteriorated too much: primfeasorg=5.79e-04,dualfeasorg=1.27e-03
11 entries survived 

19 th thresholding

  breakyes = 1.0,  maxresidual < 1.00e-04  breakyes=3.2,  dualfeasorg deteriorated too much: primfeasorg=5.79e-04,dualfeasorg=1.27e-03
11 entries survived 

20 th thresholding

  breakyes = 1.0,  maxresidual < 1.00e-04  breakyes=3.2,  dualfeasorg deteriorated too much: primfeasorg=5.79e-04,dualfeasorg=1.27e-03
11 entries survived 

21 th thresholding

  breakyes = 1.0,  maxresidual < 1.00e-04  breakyes=3.2,  dualfeasorg deteriorated too much: primfeasorg=5.79e-04,dualfeasorg=1.27e-03
11 entries survived 

22 th thresholding

  breakyes = 1.0,  maxresidual < 1.00e-04  breakyes=3.2,  dualfeasorg deteriorated too much: primfeasorg=5.79e-04,dualfeasorg=1.27e-03
11 entries survived 

23 th thresholding

  breakyes = 1.0,  maxresidual < 1.00e-04  breakyes=3.2,  dualfeasorg deteriorated too much: primfeasorg=5.79e-04,dualfeasorg=1.27e-03
11 entries survived 

24 th thresholding

  breakyes = 1.0,  maxresidual < 1.00e-04  breakyes=3.2,  dualfeasorg deteriorated too much: primfeasorg=5.79e-04,dualfeasorg=1.27e-03
11 entries survived 

25 th thresholding

  breakyes = 1.0,  maxresidual < 1.00e-04  breakyes=3.2,  dualfeasorg deteriorated too much: primfeasorg=5.79e-04,dualfeasorg=1.27e-03
11 entries survived 

26 th thresholding

  breakyes = 1.0,  maxresidual < 1.00e-04  breakyes=3.2,  dualfeasorg deteriorated too much: primfeasorg=5.79e-04,dualfeasorg=1.27e-03
11 entries survived 

27 th thresholding

  breakyes = 1.0,  maxresidual < 1.00e-04  breakyes=3.2,  dualfeasorg deteriorated too much: primfeasorg=5.79e-04,dualfeasorg=1.27e-03
11 entries survived 

28 th thresholding

  breakyes = 1.0,  maxresidual < 1.00e-04  breakyes=3.2,  dualfeasorg deteriorated too much: primfeasorg=5.79e-04,dualfeasorg=1.27e-03
11 entries survived 

29 th thresholding

  breakyes = 1.0,  maxresidual < 1.00e-04  breakyes=3.2,  dualfeasorg deteriorated too much: primfeasorg=5.79e-04,dualfeasorg=1.27e-03
11 entries survived 

30 th thresholding

  breakyes = 1.0,  maxresidual < 1.00e-04  breakyes=3.2,  dualfeasorg deteriorated too much: primfeasorg=5.79e-04,dualfeasorg=1.27e-03
11 entries survived 

acc_vec =

    0.9960
    0.9960
    0.9960
    0.9960
    0.9960
    0.9960
    0.9960
    0.9960
    0.9960
    0.9960
    0.9960
    0.9960
    0.9960
    0.9960
    0.9960
    0.9960
    0.9960
    0.9960
    0.9960
    0.9960
    0.9960
    0.9960
    0.9960
    0.9960
    0.9960
    0.9960
    0.9960
    0.9960
    0.9960
    0.9960
    0.9960

acc =0.996000  0.996000  0.996000  0.996000  0.996000  0.996000  0.996000  0.996000  0.996000  0.996000  0.996000  0.996000  0.996000  0.996000  0.996000  0.996000  0.996000  0.996000  0.996000  0.996000  0.996000  0.996000  0.996000  0.996000  0.996000  0.996000  0.996000  0.996000  0.996000  0.996000  0.996000 

discov_true_vec =

    10
    10
    10
    10
    10
    10
    10
    10
    10
    10
    10
    10
    10
    10
    10
    10
    10
    10
    10
    10
    10
    10
    10
    10
    10
    10
    10
    10
    10
    10


discov_false_vec =

     1
     1
     1
     1
     1
     1
     1
     1
     1
     1
     1
     1
     1
     1
     1
     1
     1
     1
     1
     1
     1
     1
     1
     1
     1
     1
     1
     1
     1
     1


data =

  31x16 table

    rep    iter    sep    dim    rho     sparsity     acc     obj_prim    obj_dual    discov_true    discov_false    diff_x_tilde    diff_omega_diag    time_isee    time_SDP          jobdate       
    ___    ____    ___    ___    ____    ________    _____    ________    ________    ___________    ____________    ____________    _______________    _________    ________    ____________________

     3       0      6     50     0.05       10       0.996          0           0          0              0                  0                 0               0           0     21-Mar-2024 11:18:46
     3       1      6     50     0.05       10       0.996    -8.9434     -8.9454         10              1             23.841           0.55171          1.1265      12.072     21-Mar-2024 11:18:46
     3       2      6     50     0.05       10       0.996    -8.9434     -8.9454         10              1             23.841           0.55171         0.87041      12.079     21-Mar-2024 11:18:46
     3       3      6     50     0.05       10       0.996    -8.9434     -8.9454         10              1             23.841           0.55171          1.3647      11.957     21-Mar-2024 11:18:46
     3       4      6     50     0.05       10       0.996    -8.9434     -8.9454         10              1             23.841           0.55171         0.87212      12.014     21-Mar-2024 11:18:46
     3       5      6     50     0.05       10       0.996    -8.9434     -8.9454         10              1             23.841           0.55171         0.72476      12.137     21-Mar-2024 11:18:46
     3       6      6     50     0.05       10       0.996    -8.9434     -8.9454         10              1             23.841           0.55171          1.2543      11.405     21-Mar-2024 11:18:46
     3       7      6     50     0.05       10       0.996    -8.9434     -8.9454         10              1             23.841           0.55171         0.92552      11.493     21-Mar-2024 11:18:46
     3       8      6     50     0.05       10       0.996    -8.9434     -8.9454         10              1             23.841           0.55171         0.76437      11.329     21-Mar-2024 11:18:46
     3       9      6     50     0.05       10       0.996    -8.9434     -8.9454         10              1             23.841           0.55171         0.99108      11.528     21-Mar-2024 11:18:46
     3      10      6     50     0.05       10       0.996    -8.9434     -8.9454         10              1             23.841           0.55171         0.93953      11.631     21-Mar-2024 11:18:46
     3      11      6     50     0.05       10       0.996    -8.9434     -8.9454         10              1             23.841           0.55171         0.80939      11.609     21-Mar-2024 11:18:46
     3      12      6     50     0.05       10       0.996    -8.9434     -8.9454         10              1             23.841           0.55171          1.0259       11.31     21-Mar-2024 11:18:46
     3      13      6     50     0.05       10       0.996    -8.9434     -8.9454         10              1             23.841           0.55171          1.0285      11.549     21-Mar-2024 11:18:46
     3      14      6     50     0.05       10       0.996    -8.9434     -8.9454         10              1             23.841           0.55171         0.76828      11.931     21-Mar-2024 11:18:46
     3      15      6     50     0.05       10       0.996    -8.9434     -8.9454         10              1             23.841           0.55171          1.2871      11.855     21-Mar-2024 11:18:46
     3      16      6     50     0.05       10       0.996    -8.9434     -8.9454         10              1             23.841           0.55171         0.99489      11.621     21-Mar-2024 11:18:46
     3      17      6     50     0.05       10       0.996    -8.9434     -8.9454         10              1             23.841           0.55171         0.71593      11.771     21-Mar-2024 11:18:46
     3      18      6     50     0.05       10       0.996    -8.9434     -8.9454         10              1             23.841           0.55171          1.0519      11.861     21-Mar-2024 11:18:46
     3      19      6     50     0.05       10       0.996    -8.9434     -8.9454         10              1             23.841           0.55171         0.88351      11.897     21-Mar-2024 11:18:46
     3      20      6     50     0.05       10       0.996    -8.9434     -8.9454         10              1             23.841           0.55171         0.78503      11.778     21-Mar-2024 11:18:46
     3      21      6     50     0.05       10       0.996    -8.9434     -8.9454         10              1             23.841           0.55171           1.476      11.675     21-Mar-2024 11:18:46
     3      22      6     50     0.05       10       0.996    -8.9434     -8.9454         10              1             23.841           0.55171         0.95481      11.778     21-Mar-2024 11:18:46
     3      23      6     50     0.05       10       0.996    -8.9434     -8.9454         10              1             23.841           0.55171         0.83881      11.828     21-Mar-2024 11:18:46
     3      24      6     50     0.05       10       0.996    -8.9434     -8.9454         10              1             23.841           0.55171          1.2566      11.613     21-Mar-2024 11:18:46
     3      25      6     50     0.05       10       0.996    -8.9434     -8.9454         10              1             23.841           0.55171          1.0126      11.617     21-Mar-2024 11:18:46
     3      26      6     50     0.05       10       0.996    -8.9434     -8.9454         10              1             23.841           0.55171         0.76666      11.778     21-Mar-2024 11:18:46
     3      27      6     50     0.05       10       0.996    -8.9434     -8.9454         10              1             23.841           0.55171          1.0906      11.843     21-Mar-2024 11:18:46
     3      28      6     50     0.05       10       0.996    -8.9434     -8.9454         10              1             23.841           0.55171         0.95568      11.839     21-Mar-2024 11:18:46
     3      29      6     50     0.05       10       0.996    -8.9434     -8.9454         10              1             23.841           0.55171         0.70334       11.81     21-Mar-2024 11:18:46
     3      30      6     50     0.05       10       0.996    -8.9434     -8.9454         10              1             23.841           0.55171          1.3979      11.518     21-Mar-2024 11:18:46


rep =

     4

replication: (4)th 

thres=0.220507
1 th thresholding

  breakyes = 1.0,  maxresidual < 1.00e-04  breakyes=3.2,  dualfeasorg deteriorated too much: primfeasorg=4.27e-04,dualfeasorg=4.32e-03
11 entries survived 

2 th thresholding

  breakyes = 1.0,  maxresidual < 1.00e-04  breakyes=3.2,  dualfeasorg deteriorated too much: primfeasorg=4.27e-04,dualfeasorg=4.32e-03
11 entries survived 

3 th thresholding

  breakyes = 1.0,  maxresidual < 1.00e-04  breakyes=3.2,  dualfeasorg deteriorated too much: primfeasorg=4.27e-04,dualfeasorg=4.32e-03
11 entries survived 

4 th thresholding

  breakyes = 1.0,  maxresidual < 1.00e-04  breakyes=3.2,  dualfeasorg deteriorated too much: primfeasorg=4.27e-04,dualfeasorg=4.32e-03
11 entries survived 

5 th thresholding

  breakyes = 1.0,  maxresidual < 1.00e-04  breakyes=3.2,  dualfeasorg deteriorated too much: primfeasorg=4.27e-04,dualfeasorg=4.32e-03
11 entries survived 

6 th thresholding

  breakyes = 1.0,  maxresidual < 1.00e-04  breakyes=3.2,  dualfeasorg deteriorated too much: primfeasorg=4.27e-04,dualfeasorg=4.32e-03
11 entries survived 

7 th thresholding

  breakyes = 1.0,  maxresidual < 1.00e-04  breakyes=3.2,  dualfeasorg deteriorated too much: primfeasorg=4.27e-04,dualfeasorg=4.32e-03
11 entries survived 

8 th thresholding

  breakyes = 1.0,  maxresidual < 1.00e-04  breakyes=3.2,  dualfeasorg deteriorated too much: primfeasorg=4.27e-04,dualfeasorg=4.32e-03
11 entries survived 

9 th thresholding

  breakyes = 1.0,  maxresidual < 1.00e-04  breakyes=3.2,  dualfeasorg deteriorated too much: primfeasorg=4.27e-04,dualfeasorg=4.32e-03
11 entries survived 

10 th thresholding

  breakyes = 1.0,  maxresidual < 1.00e-04  breakyes=3.2,  dualfeasorg deteriorated too much: primfeasorg=4.27e-04,dualfeasorg=4.32e-03
11 entries survived 

11 th thresholding

  breakyes = 1.0,  maxresidual < 1.00e-04  breakyes=3.2,  dualfeasorg deteriorated too much: primfeasorg=4.27e-04,dualfeasorg=4.32e-03
11 entries survived 

12 th thresholding

  breakyes = 1.0,  maxresidual < 1.00e-04  breakyes=3.2,  dualfeasorg deteriorated too much: primfeasorg=4.27e-04,dualfeasorg=4.32e-03
11 entries survived 

13 th thresholding

  breakyes = 1.0,  maxresidual < 1.00e-04  breakyes=3.2,  dualfeasorg deteriorated too much: primfeasorg=4.27e-04,dualfeasorg=4.32e-03
11 entries survived 

14 th thresholding

  breakyes = 1.0,  maxresidual < 1.00e-04  breakyes=3.2,  dualfeasorg deteriorated too much: primfeasorg=4.27e-04,dualfeasorg=4.32e-03
11 entries survived 

15 th thresholding

  breakyes = 1.0,  maxresidual < 1.00e-04  breakyes=3.2,  dualfeasorg deteriorated too much: primfeasorg=4.27e-04,dualfeasorg=4.32e-03
11 entries survived 

16 th thresholding

  breakyes = 1.0,  maxresidual < 1.00e-04  breakyes=3.2,  dualfeasorg deteriorated too much: primfeasorg=4.27e-04,dualfeasorg=4.32e-03
11 entries survived 

17 th thresholding

  breakyes = 1.0,  maxresidual < 1.00e-04  breakyes=3.2,  dualfeasorg deteriorated too much: primfeasorg=4.27e-04,dualfeasorg=4.32e-03
11 entries survived 

18 th thresholding

  breakyes = 1.0,  maxresidual < 1.00e-04  breakyes=3.2,  dualfeasorg deteriorated too much: primfeasorg=4.27e-04,dualfeasorg=4.32e-03
11 entries survived 

19 th thresholding

  breakyes = 1.0,  maxresidual < 1.00e-04  breakyes=3.2,  dualfeasorg deteriorated too much: primfeasorg=4.27e-04,dualfeasorg=4.32e-03
11 entries survived 

20 th thresholding

  breakyes = 1.0,  maxresidual < 1.00e-04  breakyes=3.2,  dualfeasorg deteriorated too much: primfeasorg=4.27e-04,dualfeasorg=4.32e-03
11 entries survived 

21 th thresholding

  breakyes = 1.0,  maxresidual < 1.00e-04  breakyes=3.2,  dualfeasorg deteriorated too much: primfeasorg=4.27e-04,dualfeasorg=4.32e-03
11 entries survived 

22 th thresholding

  breakyes = 1.0,  maxresidual < 1.00e-04  breakyes=3.2,  dualfeasorg deteriorated too much: primfeasorg=4.27e-04,dualfeasorg=4.32e-03
11 entries survived 

23 th thresholding

  breakyes = 1.0,  maxresidual < 1.00e-04  breakyes=3.2,  dualfeasorg deteriorated too much: primfeasorg=4.27e-04,dualfeasorg=4.32e-03
11 entries survived 

24 th thresholding

  breakyes = 1.0,  maxresidual < 1.00e-04  breakyes=3.2,  dualfeasorg deteriorated too much: primfeasorg=4.27e-04,dualfeasorg=4.32e-03
11 entries survived 

25 th thresholding

  breakyes = 1.0,  maxresidual < 1.00e-04  breakyes=3.2,  dualfeasorg deteriorated too much: primfeasorg=4.27e-04,dualfeasorg=4.32e-03
11 entries survived 

26 th thresholding

  breakyes = 1.0,  maxresidual < 1.00e-04  breakyes=3.2,  dualfeasorg deteriorated too much: primfeasorg=4.27e-04,dualfeasorg=4.32e-03
11 entries survived 

27 th thresholding

  breakyes = 1.0,  maxresidual < 1.00e-04  breakyes=3.2,  dualfeasorg deteriorated too much: primfeasorg=4.27e-04,dualfeasorg=4.32e-03
11 entries survived 

28 th thresholding

  breakyes = 1.0,  maxresidual < 1.00e-04  breakyes=3.2,  dualfeasorg deteriorated too much: primfeasorg=4.27e-04,dualfeasorg=4.32e-03
11 entries survived 

29 th thresholding

  breakyes = 1.0,  maxresidual < 1.00e-04  breakyes=3.2,  dualfeasorg deteriorated too much: primfeasorg=4.27e-04,dualfeasorg=4.32e-03
11 entries survived 

30 th thresholding

  breakyes = 1.0,  maxresidual < 1.00e-04  breakyes=3.2,  dualfeasorg deteriorated too much: primfeasorg=4.27e-04,dualfeasorg=4.32e-03
11 entries survived 

acc_vec =

     1
     1
     1
     1
     1
     1
     1
     1
     1
     1
     1
     1
     1
     1
     1
     1
     1
     1
     1
     1
     1
     1
     1
     1
     1
     1
     1
     1
     1
     1
     1

acc =1.000000  1.000000  1.000000  1.000000  1.000000  1.000000  1.000000  1.000000  1.000000  1.000000  1.000000  1.000000  1.000000  1.000000  1.000000  1.000000  1.000000  1.000000  1.000000  1.000000  1.000000  1.000000  1.000000  1.000000  1.000000  1.000000  1.000000  1.000000  1.000000  1.000000  1.000000 

discov_true_vec =

    10
    10
    10
    10
    10
    10
    10
    10
    10
    10
    10
    10
    10
    10
    10
    10
    10
    10
    10
    10
    10
    10
    10
    10
    10
    10
    10
    10
    10
    10


discov_false_vec =

     1
     1
     1
     1
     1
     1
     1
     1
     1
     1
     1
     1
     1
     1
     1
     1
     1
     1
     1
     1
     1
     1
     1
     1
     1
     1
     1
     1
     1
     1


data =

  31x16 table

    rep    iter    sep    dim    rho     sparsity    acc    obj_prim    obj_dual    discov_true    discov_false    diff_x_tilde    diff_omega_diag    time_isee    time_SDP          jobdate       
    ___    ____    ___    ___    ____    ________    ___    ________    ________    ___________    ____________    ____________    _______________    _________    ________    ____________________

     4       0      6     50     0.05       10        1           0           0          0              0                  0                 0               0           0     21-Mar-2024 11:25:55
     4       1      6     50     0.05       10        1     -8.5364     -8.5379         10              1             23.395           0.48241          1.1391      13.101     21-Mar-2024 11:25:55
     4       2      6     50     0.05       10        1     -8.5364     -8.5379         10              1             23.395           0.48241         0.95976      13.644     21-Mar-2024 11:25:55
     4       3      6     50     0.05       10        1     -8.5364     -8.5379         10              1             23.395           0.48241          1.5053      13.073     21-Mar-2024 11:25:55
     4       4      6     50     0.05       10        1     -8.5364     -8.5379         10              1             23.395           0.48241         0.91205      13.432     21-Mar-2024 11:25:55
     4       5      6     50     0.05       10        1     -8.5364     -8.5379         10              1             23.395           0.48241         0.75133      13.284     21-Mar-2024 11:25:55
     4       6      6     50     0.05       10        1     -8.5364     -8.5379         10              1             23.395           0.48241          1.2564      13.353     21-Mar-2024 11:25:55
     4       7      6     50     0.05       10        1     -8.5364     -8.5379         10              1             23.395           0.48241         0.70721      13.272     21-Mar-2024 11:25:55
     4       8      6     50     0.05       10        1     -8.5364     -8.5379         10              1             23.395           0.48241         0.70413      13.346     21-Mar-2024 11:25:55
     4       9      6     50     0.05       10        1     -8.5364     -8.5379         10              1             23.395           0.48241          1.1341      13.322     21-Mar-2024 11:25:55
     4      10      6     50     0.05       10        1     -8.5364     -8.5379         10              1             23.395           0.48241         0.75404      13.217     21-Mar-2024 11:25:55
     4      11      6     50     0.05       10        1     -8.5364     -8.5379         10              1             23.395           0.48241         0.74759          13     21-Mar-2024 11:25:55
     4      12      6     50     0.05       10        1     -8.5364     -8.5379         10              1             23.395           0.48241          1.4366      13.119     21-Mar-2024 11:25:55
     4      13      6     50     0.05       10        1     -8.5364     -8.5379         10              1             23.395           0.48241         0.85297      13.231     21-Mar-2024 11:25:55
     4      14      6     50     0.05       10        1     -8.5364     -8.5379         10              1             23.395           0.48241          0.7182      13.106     21-Mar-2024 11:25:55
     4      15      6     50     0.05       10        1     -8.5364     -8.5379         10              1             23.395           0.48241          1.0766      13.065     21-Mar-2024 11:25:55
     4      16      6     50     0.05       10        1     -8.5364     -8.5379         10              1             23.395           0.48241         0.80452      13.392     21-Mar-2024 11:25:55
     4      17      6     50     0.05       10        1     -8.5364     -8.5379         10              1             23.395           0.48241         0.80736      13.288     21-Mar-2024 11:25:55
     4      18      6     50     0.05       10        1     -8.5364     -8.5379         10              1             23.395           0.48241          1.1245       12.97     21-Mar-2024 11:25:55
     4      19      6     50     0.05       10        1     -8.5364     -8.5379         10              1             23.395           0.48241         0.70339      13.027     21-Mar-2024 11:25:55
     4      20      6     50     0.05       10        1     -8.5364     -8.5379         10              1             23.395           0.48241         0.80348       13.18     21-Mar-2024 11:25:55
     4      21      6     50     0.05       10        1     -8.5364     -8.5379         10              1             23.395           0.48241          1.2128      13.053     21-Mar-2024 11:25:55
     4      22      6     50     0.05       10        1     -8.5364     -8.5379         10              1             23.395           0.48241         0.70259      13.758     21-Mar-2024 11:25:55
     4      23      6     50     0.05       10        1     -8.5364     -8.5379         10              1             23.395           0.48241         0.75032      13.608     21-Mar-2024 11:25:55
     4      24      6     50     0.05       10        1     -8.5364     -8.5379         10              1             23.395           0.48241          1.4288      13.744     21-Mar-2024 11:25:55
     4      25      6     50     0.05       10        1     -8.5364     -8.5379         10              1             23.395           0.48241         0.83994      13.446     21-Mar-2024 11:25:55
     4      26      6     50     0.05       10        1     -8.5364     -8.5379         10              1             23.395           0.48241          2.4685      13.564     21-Mar-2024 11:25:55
     4      27      6     50     0.05       10        1     -8.5364     -8.5379         10              1             23.395           0.48241         0.75039      13.394     21-Mar-2024 11:25:55
     4      28      6     50     0.05       10        1     -8.5364     -8.5379         10              1             23.395           0.48241         0.71123      13.414     21-Mar-2024 11:25:55
     4      29      6     50     0.05       10        1     -8.5364     -8.5379         10              1             23.395           0.48241          1.3112      13.681     21-Mar-2024 11:25:55
     4      30      6     50     0.05       10        1     -8.5364     -8.5379         10              1             23.395           0.48241          1.0241      13.342     21-Mar-2024 11:25:55

