==========================================
SLURM_JOB_ID = 20378747
SLURM_JOB_NODELIST = a03-05
TMPDIR = /tmp/SLURM_20378747
==========================================
hello
Starting parallel pool (parpool) ...
Connected to the parallel pool (number of workers: 15).

pool = 

 ProcessPool with properties: 

            Connected: true
           NumWorkers: 15
                 Busy: false
              Cluster: Local
        AttachedFiles: {}
    AutoAddClientPath: true
            FileStore: [1x1 parallel.FileStore]
           ValueStore: [1x1 parallel.ValueStore]
          IdleTimeout: 30 minutes (30 minutes remaining)
          SpmdEnabled: true


p =

   300


Delta =

     3


s =

    10


n =

   500


ii =

    25


table_name =

    'sparse_kmeans_isee_denoise'


conn = 

  sqlite with properties:

      Database: '/home1/jongminm/sparse_kmeans/sparse_kmeans.db'
    IsReadOnly: 0
    AutoCommit: 'on'


rho =

    0.0500


M =

    0.4951

delta confirmed: 3.000000
ans =

    2.8754


rep =

    97

replication: (97)th 

thres=0.266258
1 th thresholding

  breakyes=1.0,  maxresidual < 1.00e-06
23 entries survived 

2 th thresholding

  breakyes=3.2,  dualfeasorg deteriorated too much: primfeasorg=2.93e-06,dualfeasorg=2.55e-05
12 entries survived 

3 th thresholding

  breakyes = 1.0,  maxresidual < 1.00e-04  breakyes=1.4,  maxresidual < 1.00e-06
13 entries survived 

4 th thresholding

  breakyes=1.4,  maxresidual < 1.00e-06
13 entries survived 

5 th thresholding

  breakyes=3.2,  dualfeasorg deteriorated too much: primfeasorg=1.24e-06,dualfeasorg=5.21e-05
11 entries survived 

6 th thresholding

  breakyes=1.4,  maxresidual < 1.00e-06
11 entries survived 

7 th thresholding

  breakyes=1.4,  maxresidual < 1.00e-06
11 entries survived 

8 th thresholding

  breakyes=1.4,  maxresidual < 1.00e-06
11 entries survived 

9 th thresholding

  breakyes=1.3,  maxresidual < 1.00e-06
11 entries survived 

10 th thresholding

  breakyes=4.1,  primfeasorg stagnate, 0.00e+00
11 entries survived 

11 th thresholding

  breakyes=1.0,  maxresidual < 1.00e-06
11 entries survived 

12 th thresholding

  breakyes=1.4,  maxresidual < 1.00e-06
11 entries survived 

13 th thresholding

  breakyes=3.2,  dualfeasorg deteriorated too much: primfeasorg=7.20e-07,dualfeasorg=3.68e-05
11 entries survived 

14 th thresholding

  breakyes=3.2,  dualfeasorg deteriorated too much: primfeasorg=8.84e-07,dualfeasorg=3.48e-05
11 entries survived 

15 th thresholding

  breakyes=3.2,  dualfeasorg deteriorated too much: primfeasorg=1.03e-06,dualfeasorg=2.51e-05
11 entries survived 

16 th thresholding

  breakyes=1.4,  maxresidual < 1.00e-06
11 entries survived 

17 th thresholding

  breakyes=1.4,  maxresidual < 1.00e-06
11 entries survived 

18 th thresholding

  breakyes=3.2,  dualfeasorg deteriorated too much: primfeasorg=1.03e-06,dualfeasorg=2.51e-05
11 entries survived 

19 th thresholding

  breakyes=1.4,  maxresidual < 1.00e-06
11 entries survived 

20 th thresholding

  breakyes=1.4,  maxresidual < 1.00e-06
11 entries survived 

21 th thresholding

  breakyes=3.2,  dualfeasorg deteriorated too much: primfeasorg=1.03e-06,dualfeasorg=2.51e-05
11 entries survived 

22 th thresholding

  breakyes=1.4,  maxresidual < 1.00e-06
11 entries survived 

23 th thresholding

  breakyes=1.4,  maxresidual < 1.00e-06
11 entries survived 

24 th thresholding

  breakyes=3.2,  dualfeasorg deteriorated too much: primfeasorg=1.03e-06,dualfeasorg=2.51e-05
11 entries survived 

25 th thresholding

  breakyes=1.4,  maxresidual < 1.00e-06
11 entries survived 

26 th thresholding

  breakyes=1.4,  maxresidual < 1.00e-06
11 entries survived 

27 th thresholding

  breakyes=3.2,  dualfeasorg deteriorated too much: primfeasorg=1.03e-06,dualfeasorg=2.51e-05
11 entries survived 

28 th thresholding

  breakyes=1.4,  maxresidual < 1.00e-06
11 entries survived 

29 th thresholding

  breakyes=1.4,  maxresidual < 1.00e-06
11 entries survived 

30 th thresholding

  breakyes=3.2,  dualfeasorg deteriorated too much: primfeasorg=1.03e-06,dualfeasorg=2.51e-05
11 entries survived 

acc_vec =

    0.8520
    0.9140
    0.9160
    0.9100
    0.9200
    0.9220
    0.9100
    0.9180
    0.9180
    0.9240
    0.9200
    0.9180
    0.9220
    0.9140
    0.9200
    0.9140
    0.9220
    0.9200
    0.9140
    0.9220
    0.9200
    0.9140
    0.9220
    0.9200
    0.9140
    0.9220
    0.9200
    0.9140
    0.9220
    0.9200
    0.9140

acc =0.852000  0.914000  0.916000  0.910000  0.920000  0.922000  0.910000  0.918000  0.918000  0.924000  0.920000  0.918000  0.922000  0.914000  0.920000  0.914000  0.922000  0.920000  0.914000  0.922000  0.920000  0.914000  0.922000  0.920000  0.914000  0.922000  0.920000  0.914000  0.922000  0.920000  0.914000 

discov_true_vec =

    10
    10
    10
    10
    10
    10
    10
    10
    10
    10
    10
    10
    10
    10
    10
    10
    10
    10
    10
    10
    10
    10
    10
    10
    10
    10
    10
    10
    10
    10


discov_false_vec =

    13
     2
     3
     3
     1
     1
     1
     1
     1
     1
     1
     1
     1
     1
     1
     1
     1
     1
     1
     1
     1
     1
     1
     1
     1
     1
     1
     1
     1
     1


data =

  31x16 table

    rep    iter    sep    dim    rho     sparsity     acc     obj_prim    obj_dual    discov_true    discov_false    diff_x_tilde    diff_omega_diag    time_isee    time_SDP          jobdate       
    ___    ____    ___    ___    ____    ________    _____    ________    ________    ___________    ____________    ____________    _______________    _________    ________    ____________________

    97       0      3     300    0.05       10       0.852          0           0          0               0                 0                0               0            0     21-Mar-2024 18:31:13
    97       1      3     300    0.05       10       0.914    -3.2202     -3.2202         10              13            64.418           2.2719          17.956       15.739     21-Mar-2024 18:31:13
    97       2      3     300    0.05       10       0.916    -2.2113     -2.2112         10               2            62.645           2.1459          15.341       72.257     21-Mar-2024 18:31:13
    97       3      3     300    0.05       10        0.91    -2.5513     -2.5513         10               3            63.281           2.1375          15.658       48.001     21-Mar-2024 18:31:13
    97       4      3     300    0.05       10        0.92    -2.2947     -2.2947         10               3            60.595             1.99          15.555       39.377     21-Mar-2024 18:31:13
    97       5      3     300    0.05       10       0.922    -2.1686     -2.1686         10               1            62.078           2.0794          15.917        44.48     21-Mar-2024 18:31:13
    97       6      3     300    0.05       10        0.91    -2.4035     -2.4035         10               1            62.806           2.0859          15.429       39.209     21-Mar-2024 18:31:13
    97       7      3     300    0.05       10       0.918    -2.3851     -2.3851         10               1            62.277           2.0897          15.483       47.062     21-Mar-2024 18:31:13
    97       8      3     300    0.05       10       0.918    -2.2811     -2.2811         10               1            63.174           2.1494          15.682       43.777     21-Mar-2024 18:31:13
    97       9      3     300    0.05       10       0.924    -2.3144     -2.3144         10               1            62.042           2.0578          16.207       52.396     21-Mar-2024 18:31:13
    97      10      3     300    0.05       10        0.92    -2.1938     -2.1938         10               1            61.699           2.0314          15.722       49.646     21-Mar-2024 18:31:13
    97      11      3     300    0.05       10       0.918    -2.2696     -2.2696         10               1            60.442           1.9696          15.587       42.398     21-Mar-2024 18:31:13
    97      12      3     300    0.05       10       0.922    -2.2052     -2.2052         10               1            60.195           1.9605           15.71       43.186     21-Mar-2024 18:31:13
    97      13      3     300    0.05       10       0.914     -2.302      -2.302         10               1              60.8           1.9912          15.917       44.633     21-Mar-2024 18:31:13
    97      14      3     300    0.05       10        0.92    -2.3274     -2.3273         10               1            61.013           1.9995          15.835       38.296     21-Mar-2024 18:31:13
    97      15      3     300    0.05       10       0.914    -2.2132     -2.2132         10               1            60.167           1.9899           15.56       114.94     21-Mar-2024 18:31:13
    97      16      3     300    0.05       10       0.922    -2.3698     -2.3698         10               1            62.744             2.13          15.901       46.511     21-Mar-2024 18:31:13
    97      17      3     300    0.05       10        0.92    -2.2632     -2.2632         10               1            62.625           2.0829          15.786       39.283     21-Mar-2024 18:31:13
    97      18      3     300    0.05       10       0.914    -2.2132     -2.2132         10               1            60.167           1.9899          15.784       121.32     21-Mar-2024 18:31:13
    97      19      3     300    0.05       10       0.922    -2.3698     -2.3698         10               1            62.744             2.13          15.587        46.79     21-Mar-2024 18:31:13
    97      20      3     300    0.05       10        0.92    -2.2632     -2.2632         10               1            62.625           2.0829          15.455       38.273     21-Mar-2024 18:31:13
    97      21      3     300    0.05       10       0.914    -2.2132     -2.2132         10               1            60.167           1.9899          15.808       113.95     21-Mar-2024 18:31:13
    97      22      3     300    0.05       10       0.922    -2.3698     -2.3698         10               1            62.744             2.13          15.868       49.579     21-Mar-2024 18:31:13
    97      23      3     300    0.05       10        0.92    -2.2632     -2.2632         10               1            62.625           2.0829          15.354       36.451     21-Mar-2024 18:31:13
    97      24      3     300    0.05       10       0.914    -2.2132     -2.2132         10               1            60.167           1.9899          15.745       120.21     21-Mar-2024 18:31:13
    97      25      3     300    0.05       10       0.922    -2.3698     -2.3698         10               1            62.744             2.13          15.882       48.719     21-Mar-2024 18:31:13
    97      26      3     300    0.05       10        0.92    -2.2632     -2.2632         10               1            62.625           2.0829          16.448       37.103     21-Mar-2024 18:31:13
    97      27      3     300    0.05       10       0.914    -2.2132     -2.2132         10               1            60.167           1.9899          15.537       115.85     21-Mar-2024 18:31:13
    97      28      3     300    0.05       10       0.922    -2.3698     -2.3698         10               1            62.744             2.13          15.466       47.285     21-Mar-2024 18:31:13
    97      29      3     300    0.05       10        0.92    -2.2632     -2.2632         10               1            62.625           2.0829          16.426        39.03     21-Mar-2024 18:31:13
    97      30      3     300    0.05       10       0.914    -2.2132     -2.2132         10               1            60.167           1.9899           15.51       121.66     21-Mar-2024 18:31:13


rep =

    98

replication: (98)th 

thres=0.266258
1 th thresholding

  breakyes=1.3,  maxresidual < 1.00e-06
18 entries survived 

2 th thresholding

  breakyes=3.2,  dualfeasorg deteriorated too much: primfeasorg=8.03e-07,dualfeasorg=3.12e-05
13 entries survived 

3 th thresholding

  breakyes=4.1,  primfeasorg stagnate, 0.00e+00
14 entries survived 

4 th thresholding

  breakyes=3.2,  dualfeasorg deteriorated too much: primfeasorg=6.56e-07,dualfeasorg=3.49e-05
14 entries survived 

5 th thresholding

  breakyes=4.1,  primfeasorg stagnate, 0.00e+00
14 entries survived 

6 th thresholding

  breakyes=3.2,  dualfeasorg deteriorated too much: primfeasorg=1.50e-06,dualfeasorg=3.54e-05
14 entries survived 

7 th thresholding

  breakyes=3.2,  dualfeasorg deteriorated too much: primfeasorg=8.66e-07,dualfeasorg=3.52e-05
14 entries survived 

8 th thresholding

  breakyes=3.2,  dualfeasorg deteriorated too much: primfeasorg=7.10e-07,dualfeasorg=3.69e-05
13 entries survived 

9 th thresholding

  breakyes=4.2,  dualfeasorg stagnate, 7.56e-05
14 entries survived 

10 th thresholding

  breakyes=1.3,  maxresidual < 1.00e-06
14 entries survived 

11 th thresholding

  breakyes=1.4,  maxresidual < 1.00e-06
14 entries survived 

12 th thresholding

  breakyes=3.2,  dualfeasorg deteriorated too much: primfeasorg=1.23e-06,dualfeasorg=4.59e-05
13 entries survived 

13 th thresholding

  breakyes=3.2,  dualfeasorg deteriorated too much: primfeasorg=1.73e-06,dualfeasorg=4.28e-05
13 entries survived 

14 th thresholding

  breakyes=3.2,  dualfeasorg deteriorated too much: primfeasorg=2.05e-06,dualfeasorg=4.68e-05
13 entries survived 

15 th thresholding

  breakyes=1.4,  maxresidual < 1.00e-06
13 entries survived 

16 th thresholding

  breakyes = 1.0,  maxresidual < 1.00e-04  breakyes=1.4,  maxresidual < 1.00e-06
13 entries survived 

17 th thresholding


  breakyes=1.3,  maxresidual < 1.00e-06
13 entries survived 

18 th thresholding

  breakyes=4.1,  primfeasorg stagnate, 0.00e+00
13 entries survived 

19 th thresholding

  breakyes=3.2,  dualfeasorg deteriorated too much: primfeasorg=6.66e-07,dualfeasorg=4.13e-05
13 entries survived 

20 th thresholding

  breakyes = 1.0,  maxresidual < 1.00e-04  breakyes=1.3,  maxresidual < 1.00e-06
13 entries survived 

21 th thresholding

  breakyes=3.2,  dualfeasorg deteriorated too much: primfeasorg=7.46e-07,dualfeasorg=3.07e-05
13 entries survived 

22 th thresholding

  breakyes=3.2,  dualfeasorg deteriorated too much: primfeasorg=8.33e-07,dualfeasorg=2.90e-05
12 entries survived 

23 th thresholding

  breakyes=1.4,  maxresidual < 1.00e-06
13 entries survived 

24 th thresholding

  breakyes=3.2,  dualfeasorg deteriorated too much: primfeasorg=1.16e-06,dualfeasorg=3.80e-05
14 entries survived 

25 th thresholding

  breakyes=4.2,  dualfeasorg stagnate, 9.12e-05
14 entries survived 

26 th thresholding

  breakyes=4.1,  primfeasorg stagnate, 0.00e+00
15 entries survived 

27 th thresholding

  breakyes=1.3,  maxresidual < 1.00e-06
14 entries survived 

28 th thresholding

  breakyes = 1.0,  maxresidual < 1.00e-04  breakyes=3.2,  dualfeasorg deteriorated too much: primfeasorg=3.73e-06,dualfeasorg=9.92e-05
13 entries survived 

29 th thresholding

  breakyes=1.4,  maxresidual < 1.00e-06
14 entries survived 

30 th thresholding

  breakyes=3.2,  dualfeasorg deteriorated too much: primfeasorg=1.73e-06,dualfeasorg=5.53e-05
15 entries survived 

acc_vec =

    0.8640
    0.9360
    0.9320
    0.9360
    0.9300
    0.9340
    0.9300
    0.9320
    0.9260
    0.9320
    0.9360
    0.9340
    0.9420
    0.9300
    0.9260
    0.9360
    0.9240
    0.9360
    0.9240
    0.9380
    0.9240
    0.9340
    0.9380
    0.9360
    0.9340
    0.9340
    0.9340
    0.9280
    0.9340
    0.9320
    0.9260

acc =0.864000  0.936000  0.932000  0.936000  0.930000  0.934000  0.930000  0.932000  0.926000  0.932000  0.936000  0.934000  0.942000  0.930000  0.926000  0.936000  0.924000  0.936000  0.924000  0.938000  0.924000  0.934000  0.938000  0.936000  0.934000  0.934000  0.934000  0.928000  0.934000  0.932000  0.926000 

discov_true_vec =

    10
    10
    10
    10
    10
    10
    10
    10
    10
    10
    10
    10
    10
    10
    10
    10
    10
    10
    10
    10
    10
    10
    10
    10
    10
    10
    10
    10
    10
    10


discov_false_vec =

     8
     3
     4
     4
     4
     4
     4
     3
     4
     4
     4
     3
     3
     3
     3
     3
     3
     3
     3
     3
     3
     2
     3
     4
     4
     5
     4
     3
     4
     5


data =

  31x16 table

    rep    iter    sep    dim    rho     sparsity     acc     obj_prim    obj_dual    discov_true    discov_false    diff_x_tilde    diff_omega_diag    time_isee    time_SDP          jobdate       
    ___    ____    ___    ___    ____    ________    _____    ________    ________    ___________    ____________    ____________    _______________    _________    ________    ____________________

    98       0      3     300    0.05       10       0.864          0           0          0              0                  0                0               0            0     21-Mar-2024 19:00:49
    98       1      3     300    0.05       10       0.936    -2.9684     -2.9684         10              8             58.731           1.9252          15.761        42.78     21-Mar-2024 19:00:49
    98       2      3     300    0.05       10       0.932    -2.6028     -2.6028         10              3             59.441           1.9499          15.671       34.521     21-Mar-2024 19:00:49
    98       3      3     300    0.05       10       0.936    -2.8751     -2.8751         10              4             59.638           1.9114          15.791       49.016     21-Mar-2024 19:00:49
    98       4      3     300    0.05       10        0.93    -2.6263     -2.6263         10              4             59.761           1.9708          15.216       49.865     21-Mar-2024 19:00:49
    98       5      3     300    0.05       10       0.934     -2.633      -2.633         10              4             59.041           1.9158          15.916       61.772     21-Mar-2024 19:00:49
    98       6      3     300    0.05       10        0.93    -2.7731     -2.7731         10              4             59.223           1.8967          15.725       23.654     21-Mar-2024 19:00:49
    98       7      3     300    0.05       10       0.932    -2.6382     -2.6381         10              4             57.629           1.8167          15.198       43.158     21-Mar-2024 19:00:49
    98       8      3     300    0.05       10       0.926    -2.6712     -2.6712         10              3             58.777           1.8983          15.751       36.012     21-Mar-2024 19:00:49
    98       9      3     300    0.05       10       0.932    -2.6793     -2.6793         10              4             59.326           1.8701          15.621       65.395     21-Mar-2024 19:00:49
    98      10      3     300    0.05       10       0.936    -2.5498     -2.5498         10              4             59.274           1.9063           15.28        43.54     21-Mar-2024 19:00:49
    98      11      3     300    0.05       10       0.934    -2.6035     -2.6035         10              4             60.128            1.974          15.387       44.621     21-Mar-2024 19:00:49
    98      12      3     300    0.05       10       0.942    -2.5828     -2.5828         10              3             58.714           1.8995          15.571       35.788     21-Mar-2024 19:00:49
    98      13      3     300    0.05       10        0.93    -2.6467     -2.6467         10              3             59.175           1.9283          15.664       22.801     21-Mar-2024 19:00:49
    98      14      3     300    0.05       10       0.926    -2.7025     -2.7024         10              3             57.934           1.8344          15.543       44.124     21-Mar-2024 19:00:49
    98      15      3     300    0.05       10       0.936    -2.8328     -2.8328         10              3             59.543           1.8906          15.269       56.982     21-Mar-2024 19:00:49
    98      16      3     300    0.05       10       0.924     -2.545      -2.545         10              3             58.328           1.8741          15.473       36.238     21-Mar-2024 19:00:49
    98      17      3     300    0.05       10       0.936    -2.6034     -2.6034         10              3             57.611           1.8003          15.779       51.117     21-Mar-2024 19:00:49
    98      18      3     300    0.05       10       0.924    -2.5179     -2.5179         10              3             58.053           1.8904          15.704       53.205     21-Mar-2024 19:00:49
    98      19      3     300    0.05       10       0.938    -2.6108     -2.6107         10              3             58.654           1.8301          15.559        51.27     21-Mar-2024 19:00:49
    98      20      3     300    0.05       10       0.924    -2.6118     -2.6118         10              3              60.07           1.9992          15.361       41.363     21-Mar-2024 19:00:49
    98      21      3     300    0.05       10       0.934    -2.7058     -2.7057         10              3             60.454           1.9785          15.677       46.066     21-Mar-2024 19:00:49
    98      22      3     300    0.05       10       0.938    -2.6926     -2.6926         10              2             59.764           1.9592          15.421       42.966     21-Mar-2024 19:00:49
    98      23      3     300    0.05       10       0.936    -2.7973     -2.7973         10              3             60.847           2.0317          15.867       41.904     21-Mar-2024 19:00:49
    98      24      3     300    0.05       10       0.934    -2.6428     -2.6428         10              4             59.592            1.978          15.436        45.42     21-Mar-2024 19:00:49
    98      25      3     300    0.05       10       0.934     -2.687      -2.687         10              4             58.867            1.878          15.787       61.543     21-Mar-2024 19:00:49
    98      26      3     300    0.05       10       0.934    -2.7476     -2.7476         10              5             59.938            1.959          15.628       52.244     21-Mar-2024 19:00:49
    98      27      3     300    0.05       10       0.928    -2.6122     -2.6122         10              4             58.517           1.8722          15.427       48.897     21-Mar-2024 19:00:49
    98      28      3     300    0.05       10       0.934    -2.7458     -2.7458         10              3             60.096           1.9753          15.936       14.089     21-Mar-2024 19:00:49
    98      29      3     300    0.05       10       0.932    -2.6165     -2.6165         10              4             59.479           1.9252          15.388       45.258     21-Mar-2024 19:00:49
    98      30      3     300    0.05       10       0.926    -2.7008     -2.7008         10              5             59.598           1.9294           15.52         22.1     21-Mar-2024 19:00:49


rep =

    99

replication: (99)th 

thres=0.266258
1 th thresholding

  breakyes=1.0,  maxresidual < 1.00e-06
16 entries survived 

2 th thresholding

  breakyes=1.4,  maxresidual < 1.00e-06
15 entries survived 

3 th thresholding

  breakyes=3.2,  dualfeasorg deteriorated too much: primfeasorg=8.10e-07,dualfeasorg=2.07e-05
12 entries survived 

4 th thresholding

  breakyes=1.3,  maxresidual < 1.00e-06
13 entries survived 

5 th thresholding

  breakyes=3.2,  dualfeasorg deteriorated too much: primfeasorg=1.10e-06,dualfeasorg=3.27e-05
12 entries survived 

6 th thresholding

  breakyes=1.3,  maxresidual < 1.00e-06
12 entries survived 

7 th thresholding

  breakyes=1.3,  maxresidual < 1.00e-06
12 entries survived 

8 th thresholding

  breakyes=1.4,  maxresidual < 1.00e-06
14 entries survived 

9 th thresholding

  breakyes=3.2,  dualfeasorg deteriorated too much: primfeasorg=8.72e-07,dualfeasorg=3.02e-05
13 entries survived 

10 th thresholding

  breakyes=1.0,  maxresidual < 1.00e-06
12 entries survived 

11 th thresholding

  breakyes=3.2,  dualfeasorg deteriorated too much: primfeasorg=1.67e-06,dualfeasorg=6.89e-05
12 entries survived 

12 th thresholding

  breakyes=3.2,  dualfeasorg deteriorated too much: primfeasorg=1.67e-06,dualfeasorg=6.89e-05
12 entries survived 

13 th thresholding

  breakyes=3.2,  dualfeasorg deteriorated too much: primfeasorg=1.67e-06,dualfeasorg=6.89e-05
12 entries survived 

14 th thresholding

  breakyes=3.2,  dualfeasorg deteriorated too much: primfeasorg=1.67e-06,dualfeasorg=6.89e-05
12 entries survived 

15 th thresholding

  breakyes=3.2,  dualfeasorg deteriorated too much: primfeasorg=1.67e-06,dualfeasorg=6.89e-05
12 entries survived 

16 th thresholding

  breakyes=3.2,  dualfeasorg deteriorated too much: primfeasorg=1.67e-06,dualfeasorg=6.89e-05
12 entries survived 

17 th thresholding

  breakyes=3.2,  dualfeasorg deteriorated too much: primfeasorg=1.67e-06,dualfeasorg=6.89e-05
12 entries survived 

18 th thresholding

  breakyes=3.2,  dualfeasorg deteriorated too much: primfeasorg=1.67e-06,dualfeasorg=6.89e-05
12 entries survived 

19 th thresholding

  breakyes=3.2,  dualfeasorg deteriorated too much: primfeasorg=1.67e-06,dualfeasorg=6.89e-05
12 entries survived 

20 th thresholding

  breakyes=3.2,  dualfeasorg deteriorated too much: primfeasorg=1.67e-06,dualfeasorg=6.89e-05
12 entries survived 

21 th thresholding

  breakyes=3.2,  dualfeasorg deteriorated too much: primfeasorg=1.67e-06,dualfeasorg=6.89e-05
12 entries survived 

22 th thresholding

  breakyes=3.2,  dualfeasorg deteriorated too much: primfeasorg=1.67e-06,dualfeasorg=6.89e-05
12 entries survived 

23 th thresholding

  breakyes=3.2,  dualfeasorg deteriorated too much: primfeasorg=1.67e-06,dualfeasorg=6.89e-05
12 entries survived 

24 th thresholding

  breakyes=3.2,  dualfeasorg deteriorated too much: primfeasorg=1.67e-06,dualfeasorg=6.89e-05
12 entries survived 

25 th thresholding

  breakyes=3.2,  dualfeasorg deteriorated too much: primfeasorg=1.67e-06,dualfeasorg=6.89e-05
12 entries survived 

26 th thresholding

  breakyes=3.2,  dualfeasorg deteriorated too much: primfeasorg=1.67e-06,dualfeasorg=6.89e-05
12 entries survived 

27 th thresholding

  breakyes=3.2,  dualfeasorg deteriorated too much: primfeasorg=1.67e-06,dualfeasorg=6.89e-05
12 entries survived 

28 th thresholding

  breakyes=3.2,  dualfeasorg deteriorated too much: primfeasorg=1.67e-06,dualfeasorg=6.89e-05
12 entries survived 

29 th thresholding

  breakyes=3.2,  dualfeasorg deteriorated too much: primfeasorg=1.67e-06,dualfeasorg=6.89e-05
12 entries survived 

30 th thresholding

  breakyes=3.2,  dualfeasorg deteriorated too much: primfeasorg=1.67e-06,dualfeasorg=6.89e-05
12 entries survived 

acc_vec =

    0.9000
    0.9180
    0.9280
    0.9220
    0.9200
    0.9160
    0.9140
    0.9180
    0.9180
    0.9180
    0.9200
    0.9200
    0.9200
    0.9200
    0.9200
    0.9200
    0.9200
    0.9200
    0.9200
    0.9200
    0.9200
    0.9200
    0.9200
    0.9200
    0.9200
    0.9200
    0.9200
    0.9200
    0.9200
    0.9200
    0.9200

acc =0.900000  0.918000  0.928000  0.922000  0.920000  0.916000  0.914000  0.918000  0.918000  0.918000  0.920000  0.920000  0.920000  0.920000  0.920000  0.920000  0.920000  0.920000  0.920000  0.920000  0.920000  0.920000  0.920000  0.920000  0.920000  0.920000  0.920000  0.920000  0.920000  0.920000  0.920000 

discov_true_vec =

    10
    10
    10
    10
    10
    10
    10
    10
    10
    10
    10
    10
    10
    10
    10
    10
    10
    10
    10
    10
    10
    10
    10
    10
    10
    10
    10
    10
    10
    10


discov_false_vec =

     6
     5
     2
     3
     2
     2
     2
     4
     3
     2
     2
     2
     2
     2
     2
     2
     2
     2
     2
     2
     2
     2
     2
     2
     2
     2
     2
     2
     2
     2


data =

  31x16 table

    rep    iter    sep    dim    rho     sparsity     acc     obj_prim    obj_dual    discov_true    discov_false    diff_x_tilde    diff_omega_diag    time_isee    time_SDP          jobdate       
    ___    ____    ___    ___    ____    ________    _____    ________    ________    ___________    ____________    ____________    _______________    _________    ________    ____________________

    99       0      3     300    0.05       10         0.9          0           0          0              0                  0                0               0            0     21-Mar-2024 19:31:10
    99       1      3     300    0.05       10       0.918    -3.3235     -3.3235         10              6             64.781           2.1689          15.458       14.132     21-Mar-2024 19:31:10
    99       2      3     300    0.05       10       0.928    -3.0707     -3.0707         10              5             65.573           2.2126          15.884        58.85     21-Mar-2024 19:31:10
    99       3      3     300    0.05       10       0.922    -2.9976     -2.9976         10              2             63.593           2.0785          15.659       76.302     21-Mar-2024 19:31:10
    99       4      3     300    0.05       10        0.92     -3.048      -3.048         10              3             62.935           2.0695          15.892       51.668     21-Mar-2024 19:31:10
    99       5      3     300    0.05       10       0.916    -2.9995     -2.9995         10              2             62.888           2.0473          15.578       39.423     21-Mar-2024 19:31:10
    99       6      3     300    0.05       10       0.914    -2.9632     -2.9632         10              2             64.406           2.1695          15.459       53.539     21-Mar-2024 19:31:10
    99       7      3     300    0.05       10       0.918    -3.1089     -3.1089         10              2             62.779            2.075          15.395       48.974     21-Mar-2024 19:31:10
    99       8      3     300    0.05       10       0.918    -2.9261     -2.9261         10              4             63.793           2.1292          15.814       33.593     21-Mar-2024 19:31:10
    99       9      3     300    0.05       10       0.918    -3.0385     -3.0385         10              3             64.674           2.1829          15.434       33.427     21-Mar-2024 19:31:10
    99      10      3     300    0.05       10        0.92    -3.0532     -3.0532         10              2             64.413           2.1424          15.347       55.655     21-Mar-2024 19:31:10
    99      11      3     300    0.05       10        0.92    -3.0683     -3.0683         10              2             63.871           2.1275          15.474       41.311     21-Mar-2024 19:31:10
    99      12      3     300    0.05       10        0.92    -3.0683     -3.0683         10              2             63.871           2.1275           15.46       44.093     21-Mar-2024 19:31:10
    99      13      3     300    0.05       10        0.92    -3.0683     -3.0683         10              2             63.871           2.1275          14.892       46.066     21-Mar-2024 19:31:10
    99      14      3     300    0.05       10        0.92    -3.0683     -3.0683         10              2             63.871           2.1275          15.263       43.833     21-Mar-2024 19:31:10
    99      15      3     300    0.05       10        0.92    -3.0683     -3.0683         10              2             63.871           2.1275          15.682       47.527     21-Mar-2024 19:31:10
    99      16      3     300    0.05       10        0.92    -3.0683     -3.0683         10              2             63.871           2.1275          15.631       46.018     21-Mar-2024 19:31:10
    99      17      3     300    0.05       10        0.92    -3.0683     -3.0683         10              2             63.871           2.1275          15.351       43.156     21-Mar-2024 19:31:10
    99      18      3     300    0.05       10        0.92    -3.0683     -3.0683         10              2             63.871           2.1275          15.354         43.1     21-Mar-2024 19:31:10
    99      19      3     300    0.05       10        0.92    -3.0683     -3.0683         10              2             63.871           2.1275          15.555       43.032     21-Mar-2024 19:31:10
    99      20      3     300    0.05       10        0.92    -3.0683     -3.0683         10              2             63.871           2.1275           15.44       44.195     21-Mar-2024 19:31:10
    99      21      3     300    0.05       10        0.92    -3.0683     -3.0683         10              2             63.871           2.1275          15.574       44.113     21-Mar-2024 19:31:10
    99      22      3     300    0.05       10        0.92    -3.0683     -3.0683         10              2             63.871           2.1275          15.388       46.488     21-Mar-2024 19:31:10
    99      23      3     300    0.05       10        0.92    -3.0683     -3.0683         10              2             63.871           2.1275          15.756       46.946     21-Mar-2024 19:31:10
    99      24      3     300    0.05       10        0.92    -3.0683     -3.0683         10              2             63.871           2.1275          16.195       45.881     21-Mar-2024 19:31:10
    99      25      3     300    0.05       10        0.92    -3.0683     -3.0683         10              2             63.871           2.1275           15.22       43.724     21-Mar-2024 19:31:10
    99      26      3     300    0.05       10        0.92    -3.0683     -3.0683         10              2             63.871           2.1275          15.577       44.386     21-Mar-2024 19:31:10
    99      27      3     300    0.05       10        0.92    -3.0683     -3.0683         10              2             63.871           2.1275          15.374       43.877     21-Mar-2024 19:31:10
    99      28      3     300    0.05       10        0.92    -3.0683     -3.0683         10              2             63.871           2.1275          15.693       44.102     21-Mar-2024 19:31:10
    99      29      3     300    0.05       10        0.92    -3.0683     -3.0683         10              2             63.871           2.1275          15.666       43.509     21-Mar-2024 19:31:10
    99      30      3     300    0.05       10        0.92    -3.0683     -3.0683         10              2             63.871           2.1275           15.34       44.637     21-Mar-2024 19:31:10


rep =

   100

replication: (100)th 

thres=0.266258
1 th thresholding

  breakyes=1.3,  maxresidual < 1.00e-06
24 entries survived 

2 th thresholding

  breakyes = 1.0,  maxresidual < 1.00e-04  breakyes=1.4,  maxresidual < 1.00e-06
13 entries survived 

3 th thresholding

  breakyes = 1.0,  maxresidual < 1.00e-04  breakyes=1.4,  maxresidual < 1.00e-06
13 entries survived 

4 th thresholding

  breakyes=3.2,  dualfeasorg deteriorated too much: primfeasorg=1.29e-06,dualfeasorg=5.54e-05
14 entries survived 

5 th thresholding

  breakyes=3.2,  dualfeasorg deteriorated too much: primfeasorg=9.89e-07,dualfeasorg=4.46e-05
14 entries survived 

6 th thresholding

  breakyes=4.1,  primfeasorg stagnate, 0.00e+00
13 entries survived 

7 th thresholding

  breakyes=3.2,  dualfeasorg deteriorated too much: primfeasorg=7.49e-07,dualfeasorg=4.64e-05
14 entries survived 

8 th thresholding

  breakyes=3.2,  dualfeasorg deteriorated too much: primfeasorg=6.67e-07,dualfeasorg=4.68e-05
14 entries survived 

9 th thresholding

  breakyes = 1.0,  maxresidual < 1.00e-04  breakyes=1.4,  maxresidual < 1.00e-06
14 entries survived 

10 th thresholding

  breakyes=3.2,  dualfeasorg deteriorated too much: primfeasorg=5.66e-07,dualfeasorg=2.97e-05
14 entries survived 

11 th thresholding

  breakyes=1.4,  maxresidual < 1.00e-06
14 entries survived 

12 th thresholding

  breakyes=1.4,  maxresidual < 1.00e-06
14 entries survived 

13 th thresholding

  breakyes=1.4,  maxresidual < 1.00e-06
14 entries survived 

14 th thresholding

  breakyes=1.4,  maxresidual < 1.00e-06
14 entries survived 

15 th thresholding

  breakyes=1.4,  maxresidual < 1.00e-06
14 entries survived 

16 th thresholding

  breakyes=1.4,  maxresidual < 1.00e-06
14 entries survived 

17 th thresholding

  breakyes=1.4,  maxresidual < 1.00e-06
14 entries survived 

18 th thresholding

  breakyes=1.4,  maxresidual < 1.00e-06
14 entries survived 

19 th thresholding

  breakyes=1.4,  maxresidual < 1.00e-06
14 entries survived 

20 th thresholding

  breakyes=1.4,  maxresidual < 1.00e-06
14 entries survived 

21 th thresholding

  breakyes=1.4,  maxresidual < 1.00e-06
14 entries survived 

22 th thresholding

  breakyes=1.4,  maxresidual < 1.00e-06
14 entries survived 

23 th thresholding

  breakyes=1.4,  maxresidual < 1.00e-06
14 entries survived 

24 th thresholding

  breakyes=1.4,  maxresidual < 1.00e-06
14 entries survived 

25 th thresholding

  breakyes=1.4,  maxresidual < 1.00e-06
14 entries survived 

26 th thresholding

  breakyes=1.4,  maxresidual < 1.00e-06
14 entries survived 

27 th thresholding

  breakyes=1.4,  maxresidual < 1.00e-06
14 entries survived 

28 th thresholding

  breakyes=1.4,  maxresidual < 1.00e-06
14 entries survived 

29 th thresholding

  breakyes=1.4,  maxresidual < 1.00e-06
14 entries survived 

30 th thresholding

  breakyes=1.4,  maxresidual < 1.00e-06
14 entries survived 

acc_vec =

    0.8720
    0.9400
    0.9480
    0.9420
    0.9500
    0.9460
    0.9440
    0.9460
    0.9420
    0.9420
    0.9460
    0.9400
    0.9400
    0.9400
    0.9400
    0.9400
    0.9400
    0.9400
    0.9400
    0.9400
    0.9400
    0.9400
    0.9400
    0.9400
    0.9400
    0.9400
    0.9400
    0.9400
    0.9400
    0.9400
    0.9400

acc =0.872000  0.940000  0.948000  0.942000  0.950000  0.946000  0.944000  0.946000  0.942000  0.942000  0.946000  0.940000  0.940000  0.940000  0.940000  0.940000  0.940000  0.940000  0.940000  0.940000  0.940000  0.940000  0.940000  0.940000  0.940000  0.940000  0.940000  0.940000  0.940000  0.940000  0.940000 

discov_true_vec =

    10
    10
    10
    10
    10
    10
    10
    10
    10
    10
    10
    10
    10
    10
    10
    10
    10
    10
    10
    10
    10
    10
    10
    10
    10
    10
    10
    10
    10
    10


discov_false_vec =

    14
     3
     3
     4
     4
     3
     4
     4
     4
     4
     4
     4
     4
     4
     4
     4
     4
     4
     4
     4
     4
     4
     4
     4
     4
     4
     4
     4
     4
     4


data =

  31x16 table

    rep    iter    sep    dim    rho     sparsity     acc     obj_prim    obj_dual    discov_true    discov_false    diff_x_tilde    diff_omega_diag    time_isee    time_SDP          jobdate       
    ___    ____    ___    ___    ____    ________    _____    ________    ________    ___________    ____________    ____________    _______________    _________    ________    ____________________

    100      0      3     300    0.05       10       0.872          0           0          0               0                 0                0               0            0     21-Mar-2024 20:04:19
    100      1      3     300    0.05       10        0.94    -2.9399     -2.9399         10              14            63.038           2.2173          16.114        40.31     21-Mar-2024 20:04:19
    100      2      3     300    0.05       10       0.948     -2.342      -2.342         10               3            60.362           2.0718          15.669        34.95     21-Mar-2024 20:04:19
    100      3      3     300    0.05       10       0.942    -2.2364     -2.2364         10               3            61.804           2.1461          16.073       49.853     21-Mar-2024 20:04:19
    100      4      3     300    0.05       10        0.95    -2.2548     -2.2547         10               4            63.346           2.2458           15.78       45.751     21-Mar-2024 20:04:19
    100      5      3     300    0.05       10       0.946    -2.2527     -2.2527         10               4            61.204           2.0746          15.954        53.33     21-Mar-2024 20:04:19
    100      6      3     300    0.05       10       0.944    -2.2441     -2.2441         10               3             62.29            2.202           15.79       66.749     21-Mar-2024 20:04:19
    100      7      3     300    0.05       10       0.946    -2.2933     -2.2932         10               4             63.54           2.2555          15.652       62.905     21-Mar-2024 20:04:19
    100      8      3     300    0.05       10       0.942    -2.3153     -2.3152         10               4            63.409           2.2351          15.829       50.518     21-Mar-2024 20:04:19
    100      9      3     300    0.05       10       0.942    -2.3108     -2.3108         10               4            61.173            2.117          15.682       34.243     21-Mar-2024 20:04:19
    100     10      3     300    0.05       10       0.946    -2.3174     -2.3174         10               4            64.568           2.2872          15.908        57.59     21-Mar-2024 20:04:19
    100     11      3     300    0.05       10        0.94    -2.3308     -2.3308         10               4            61.416           2.1063          16.161       42.369     21-Mar-2024 20:04:19
    100     12      3     300    0.05       10        0.94    -2.2845     -2.2845         10               4             61.58           2.1242          15.833       50.553     21-Mar-2024 20:04:19
    100     13      3     300    0.05       10        0.94    -2.2845     -2.2845         10               4             61.58           2.1242          15.771       51.633     21-Mar-2024 20:04:19
    100     14      3     300    0.05       10        0.94    -2.2845     -2.2845         10               4             61.58           2.1242          15.651        54.11     21-Mar-2024 20:04:19
    100     15      3     300    0.05       10        0.94    -2.2845     -2.2845         10               4             61.58           2.1242          15.757       52.979     21-Mar-2024 20:04:19
    100     16      3     300    0.05       10        0.94    -2.2845     -2.2845         10               4             61.58           2.1242          15.807       50.987     21-Mar-2024 20:04:19
    100     17      3     300    0.05       10        0.94    -2.2845     -2.2845         10               4             61.58           2.1242          15.816       49.408     21-Mar-2024 20:04:19
    100     18      3     300    0.05       10        0.94    -2.2845     -2.2845         10               4             61.58           2.1242          16.042       53.499     21-Mar-2024 20:04:19
    100     19      3     300    0.05       10        0.94    -2.2845     -2.2845         10               4             61.58           2.1242          15.955       51.495     21-Mar-2024 20:04:19
    100     20      3     300    0.05       10        0.94    -2.2845     -2.2845         10               4             61.58           2.1242           16.09       49.589     21-Mar-2024 20:04:19
    100     21      3     300    0.05       10        0.94    -2.2845     -2.2845         10               4             61.58           2.1242           15.39       51.022     21-Mar-2024 20:04:19
    100     22      3     300    0.05       10        0.94    -2.2845     -2.2845         10               4             61.58           2.1242           15.74       55.262     21-Mar-2024 20:04:19
    100     23      3     300    0.05       10        0.94    -2.2845     -2.2845         10               4             61.58           2.1242          15.854       54.506     21-Mar-2024 20:04:19
    100     24      3     300    0.05       10        0.94    -2.2845     -2.2845         10               4             61.58           2.1242          15.783       52.218     21-Mar-2024 20:04:19
    100     25      3     300    0.05       10        0.94    -2.2845     -2.2845         10               4             61.58           2.1242              16       49.957     21-Mar-2024 20:04:19
    100     26      3     300    0.05       10        0.94    -2.2845     -2.2845         10               4             61.58           2.1242          15.866       48.965     21-Mar-2024 20:04:19
    100     27      3     300    0.05       10        0.94    -2.2845     -2.2845         10               4             61.58           2.1242          16.171        48.69     21-Mar-2024 20:04:19
    100     28      3     300    0.05       10        0.94    -2.2845     -2.2845         10               4             61.58           2.1242          15.832       48.879     21-Mar-2024 20:04:19
    100     29      3     300    0.05       10        0.94    -2.2845     -2.2845         10               4             61.58           2.1242          15.531       48.732     21-Mar-2024 20:04:19
    100     30      3     300    0.05       10        0.94    -2.2845     -2.2845         10               4             61.58           2.1242          16.011       52.539     21-Mar-2024 20:04:19

