
	Student License -- for use by students to meet course requirements
	and perform academic research at degree granting institutions only.


pkl_path =

    '/mnt/nas/users/user213/sparse_kmeans/experiment/14_02_16_2024/glasso/rho45_Delta4_p300.pkl'


mat_path =

    '/mnt/nas/users/user213/sparse_kmeans/experiment/14_02_16_2024/glasso/rho45_Delta4_p300.mat'


ebic_path =

    '/mnt/nas/users/user213/sparse_kmeans/experiment/14_02_16_2024/glasso/rho45_Delta4_p300.py'


p =

   300


Delta =

     4


path_result =

    '/mnt/nas/users/user213/sparse_kmeans/experiment/14_02_16_2024/glasso/result/rho45_Delta4_p300.csv'


path_normfromat =

    '/mnt/nas/users/user213/sparse_kmeans/experiment/14_02_16_2024/glasso/result/rho45_Delta4_p300_normfromat.csv'


path_suppdiff =

    '/mnt/nas/users/user213/sparse_kmeans/experiment/14_02_16_2024/glasso/result/rho45_Delta4_p300_suppdiff.csv'


path_falsediscov =

    '/mnt/nas/users/user213/sparse_kmeans/experiment/14_02_16_2024/glasso/result/rho45_Delta4_p300_falsediscov.csv'


path_truediscov =

    '/mnt/nas/users/user213/sparse_kmeans/experiment/14_02_16_2024/glasso/result/rho45_Delta4_p300_truediscov.csv'


path_falsediscovtop5 =

    '/mnt/nas/users/user213/sparse_kmeans/experiment/14_02_16_2024/glasso/result/rho45_Delta4_p300_falsediscovtop5.csv'


path_omegaesttime =

    '/mnt/nas/users/user213/sparse_kmeans/experiment/14_02_16_2024/glasso/result/rho45_Delta4_p300_omegaesttime.csv'


path_xtildeesttime =

    '/mnt/nas/users/user213/sparse_kmeans/experiment/14_02_16_2024/glasso/result/rho45_Delta4_p300_xtildeesttime.csv'


path_sdpsolvetime =

    '/mnt/nas/users/user213/sparse_kmeans/experiment/14_02_16_2024/glasso/result/rho45_Delta4_p300_sdpsolvetime.csv'


rho =

    0.4500

MATLAB detected: 32 physical cores.
MATLAB detected: 32 logical cores.
MATLAB was assigned: 32 logical cores by the OS.
MATLAB is using: 32 logical cores.

ans =

    32


M =

    0.8161

delta confirmed: 4.000000
ans =

    4.0684

iteration: (1)th 


init_method =

    'hc'


sdp_method =

    'basic'


p = 300, acc_init: 0.536000 
n_{G1}_init = 164, n_{G1}_init = 336
threshold: (3.377509)

ans =

     0


1 th thresholding


ans =

     1

/mnt/nas/users/user213/.conda/envs/kmeans/lib/python3.6/site-packages/sklearn/externals/joblib/__init__.py:15: DeprecationWarning: sklearn.externals.joblib is deprecated in 0.21 and will be removed in 0.23. Please import this functionality directly from joblib, which can be installed with: pip install joblib. If this warning is raised when loading pickled models, you may need to re-serialize those models with scikit-learn 0.21+.
  warnings.warn(msg, category=DeprecationWarning)
  breakyes=1.3,  maxresidual < 1.00e-06
false_discov_top5 = 

  1x6 string array

    "79_227_96_35_209"    "0"    "0"    "0"    "0"    "0"

right : (0)
wrong : (9)

9 entries survived 
n_{G1}_now = 232, n_{G1}_now = 268
acc_now= 0.508000
2 th thresholding


ans =

     1

/mnt/nas/users/user213/.conda/envs/kmeans/lib/python3.6/site-packages/sklearn/externals/joblib/__init__.py:15: DeprecationWarning: sklearn.externals.joblib is deprecated in 0.21 and will be removed in 0.23. Please import this functionality directly from joblib, which can be installed with: pip install joblib. If this warning is raised when loading pickled models, you may need to re-serialize those models with scikit-learn 0.21+.
  warnings.warn(msg, category=DeprecationWarning)
  breakyes=4.1,  primfeasorg stagnate, 0.00e+00
false_discov_top5 = 

  1x6 string array

    "79_227_96_35_209"    "79_209_258_78_35"    "0"    "0"    "0"    "0"

right : (0)
wrong : (16)

16 entries survived 
n_{G1}_now = 260, n_{G1}_now = 240
acc_now= 0.512000
3 th thresholding


ans =

     1

/mnt/nas/users/user213/.conda/envs/kmeans/lib/python3.6/site-packages/sklearn/externals/joblib/__init__.py:15: DeprecationWarning: sklearn.externals.joblib is deprecated in 0.21 and will be removed in 0.23. Please import this functionality directly from joblib, which can be installed with: pip install joblib. If this warning is raised when loading pickled models, you may need to re-serialize those models with scikit-learn 0.21+.
  warnings.warn(msg, category=DeprecationWarning)
  breakyes=3.2,  dualfeasorg deteriorated too much: primfeasorg=1.40e-06,dualfeasorg=2.56e-05
false_discov_top5 = 

  1x6 string array

  Columns 1 through 4

    "79_227_96_35_209"    "79_209_258_78_35"    "111_115_210_97_96"    "0"

  Columns 5 through 6

    "0"    "0"

right : (0)
wrong : (15)

15 entries survived 
n_{G1}_now = 261, n_{G1}_now = 239
acc_now= 0.518000
4 th thresholding


ans =

     1

/mnt/nas/users/user213/.conda/envs/kmeans/lib/python3.6/site-packages/sklearn/externals/joblib/__init__.py:15: DeprecationWarning: sklearn.externals.joblib is deprecated in 0.21 and will be removed in 0.23. Please import this functionality directly from joblib, which can be installed with: pip install joblib. If this warning is raised when loading pickled models, you may need to re-serialize those models with scikit-learn 0.21+.
  warnings.warn(msg, category=DeprecationWarning)
  breakyes=1.4,  maxresidual < 1.00e-06
false_discov_top5 = 

  1x6 string array

  Columns 1 through 3

    "79_227_96_35_209"    "79_209_258_78_35"    "111_115_210_97_96"

  Columns 4 through 6

    "112_111_115_64_121"    "0"    "0"

right : (0)
wrong : (15)

15 entries survived 
n_{G1}_now = 239, n_{G1}_now = 261
acc_now= 0.518000
5 th thresholding


ans =

     1

/mnt/nas/users/user213/.conda/envs/kmeans/lib/python3.6/site-packages/sklearn/externals/joblib/__init__.py:15: DeprecationWarning: sklearn.externals.joblib is deprecated in 0.21 and will be removed in 0.23. Please import this functionality directly from joblib, which can be installed with: pip install joblib. If this warning is raised when loading pickled models, you may need to re-serialize those models with scikit-learn 0.21+.
  warnings.warn(msg, category=DeprecationWarning)
slurmstepd-cpu-compute: error: *** JOB 7665 ON cpu-compute CANCELLED AT 2024-02-13T12:57:04 ***
