==========================================
SLURM_JOB_ID = 25533156
SLURM_JOB_NODELIST = a03-11
TMPDIR = /tmp/SLURM_25533156
==========================================
hello
Starting parallel pool (parpool) ...
Connected to the parallel pool (number of workers: 15).

pool = 

 ProcessPool with properties: 

            Connected: true
           NumWorkers: 15
                 Busy: false
              Cluster: Local
        AttachedFiles: {}
    AutoAddClientPath: true
            FileStore: [1x1 parallel.FileStore]
           ValueStore: [1x1 parallel.ValueStore]
          IdleTimeout: 30 minutes (30 minutes remaining)
          SpmdEnabled: true


dimension =

        1500


separation =

     5


sample_size =

   200


table_name =

    'test'


db_dir =

    '/home1/jongminm/sparse_kmeans/sparse_kmeans.db'


rho =

     0


full_run =

  logical

   0


blfs = 

  block_replication_for_server with properties:

          table_name: 'test'
              db_dir: '/home1/jongminm/sparse_kmeans/sparse_kmeans.db'
      data_generator: [1x1 sparse_symmetric_data_generator]
      number_cluster: 2
          n_iter_max: 100
    window_size_half: 2
         sample_size: 200
         init_method: "spec"
        cluster_true: []
             learner: []
            run_full: 0
     matrix_sparsity: 0
            data_obj: @data_gaussian

replication: (101)th 


1 th thresholding


cutoff =

    0.5415


10 entries survived 
solving SDP...  breakyes = 1.0,  maxresidual < 1.00e-04  breakyes=1.0,  maxresidual < 1.00e-06took 0.704347s, relaxed dual: -11.691629, original: 1226.282655 

is_stop =

  logical

   0


final_iter =

     1


2 th thresholding


cutoff =

    0.5409


11 entries survived 
solving SDP...  breakyes=3.2,  dualfeasorg deteriorated too much: primfeasorg=3.68e-05,dualfeasorg=1.27e-04took 3.961947s, relaxed dual: -6.237575, original: 1243.492180 

is_stop =

  logical

   0


final_iter =

     1


3 th thresholding


cutoff =

    0.5409


11 entries survived 
solving SDP...  breakyes=3.2,  dualfeasorg deteriorated too much: primfeasorg=3.68e-05,dualfeasorg=1.27e-04took 4.039454s, relaxed dual: -6.237575, original: 1243.492180 

is_stop =

  logical

   1


final_iter =

     3


 final iteration = 3 
acc_dict = 

  Map with properties:

        Count: 4
      KeyType: double
    ValueType: double


ans =

  1x4 cell array

    {[0.9350]}    {[1]}    {[1]}    {[1]}


ans =

  1x4 cell array

  Columns 1 through 3

    {'1,1,1,1,1,1,1,...'}    {'2,2,2,2,2,2,2,...'}    {'2,2,2,2,2,2,2,...'}

  Column 4

    {'2,2,2,2,2,2,2,...'}


database_subtable =

  4x24 table

    rep    iter    sep    dim     rho    sparsity    stop_og    stop_sdp    stop_loop     acc     obj_prim    obj_dual    obj_original    true_pos    false_pos    false_neg    diff_x_tilde_fro    diff_x_tilde_op    diff_x_tilde_ellone    time_est    time_SDP          jobdate                survived_indices                                                                                                                                                                                                             cluster_est                                                                                                                                                                                                   
    ___    ____    ___    ____    ___    ________    _______    ________    _________    _____    ________    ________    ____________    ________    _________    _________    ________________    _______________    ___________________    ________    ________    ____________________    ___________________________    _________________________________________________________________________________________________________________________________________________________________________________________________________________________________________________________________________________________________________________________________________________________________________________________________________________

    101     0       5     1500     0        10        false      false        false      0.935          0           0             0           0           0            0               0                   0                    0                    0          0     11-Sep-2024 12:39:50    ""                             "1,1,1,1,1,1,1,1,1,1,1,1,1,1,1,1,1,1,1,1,2,2,1,1,1,1,1,1,1,1,1,1,1,1,1,2,1,1,1,1,1,2,1,1,2,1,1,1,1,1,1,1,1,1,2,1,1,1,1,1,1,1,1,1,1,1,1,1,1,1,2,1,1,1,1,1,1,1,1,2,1,1,1,1,1,1,1,2,1,1,1,1,1,1,1,1,1,1,1,1,2,1,2,2,2,2,2,2,2,2,2,2,2,2,2,2,2,1,2,2,2,2,2,2,2,2,2,2,2,2,2,2,1,2,2,2,2,2,2,2,2,2,2,2,2,2,2,2,2,2,2,2,2,2,2,2,2,2,2,2,2,2,2,2,2,2,2,2,2,2,2,1,2,2,2,2,2,2,2,2,2,2,2,2,2,2,2,2,2,2,2,2,2,2,2,2,2,2,2,2"
    101     1       5     1500     0        10        false      false        false          1    -11.692     -11.692        1226.3          10           0            0               0                   0                    0             0.016454    0.70435     11-Sep-2024 12:39:50    "1,2,3,4,5,6,7,8,9,10"         "2,2,2,2,2,2,2,2,2,2,2,2,2,2,2,2,2,2,2,2,2,2,2,2,2,2,2,2,2,2,2,2,2,2,2,2,2,2,2,2,2,2,2,2,2,2,2,2,2,2,2,2,2,2,2,2,2,2,2,2,2,2,2,2,2,2,2,2,2,2,2,2,2,2,2,2,2,2,2,2,2,2,2,2,2,2,2,2,2,2,2,2,2,2,2,2,2,2,2,2,1,1,1,1,1,1,1,1,1,1,1,1,1,1,1,1,1,1,1,1,1,1,1,1,1,1,1,1,1,1,1,1,1,1,1,1,1,1,1,1,1,1,1,1,1,1,1,1,1,1,1,1,1,1,1,1,1,1,1,1,1,1,1,1,1,1,1,1,1,1,1,1,1,1,1,1,1,1,1,1,1,1,1,1,1,1,1,1,1,1,1,1,1,1,1,1,1,1,1,1"
    101     2       5     1500     0        10        false      false        false          1    -6.2373     -6.2376        1243.5          10           1            0               0                   0                    0             0.005504     3.9619     11-Sep-2024 12:39:50    "1,2,3,4,5,6,7,8,9,10,1292"    "2,2,2,2,2,2,2,2,2,2,2,2,2,2,2,2,2,2,2,2,2,2,2,2,2,2,2,2,2,2,2,2,2,2,2,2,2,2,2,2,2,2,2,2,2,2,2,2,2,2,2,2,2,2,2,2,2,2,2,2,2,2,2,2,2,2,2,2,2,2,2,2,2,2,2,2,2,2,2,2,2,2,2,2,2,2,2,2,2,2,2,2,2,2,2,2,2,2,2,2,1,1,1,1,1,1,1,1,1,1,1,1,1,1,1,1,1,1,1,1,1,1,1,1,1,1,1,1,1,1,1,1,1,1,1,1,1,1,1,1,1,1,1,1,1,1,1,1,1,1,1,1,1,1,1,1,1,1,1,1,1,1,1,1,1,1,1,1,1,1,1,1,1,1,1,1,1,1,1,1,1,1,1,1,1,1,1,1,1,1,1,1,1,1,1,1,1,1,1,1"
    101     3       5     1500     0        10        true       true         false          1    -6.2373     -6.2376        1243.5          10           1            0               0                   0                    0             0.006807     4.0395     11-Sep-2024 12:39:50    "1,2,3,4,5,6,7,8,9,10,1292"    "2,2,2,2,2,2,2,2,2,2,2,2,2,2,2,2,2,2,2,2,2,2,2,2,2,2,2,2,2,2,2,2,2,2,2,2,2,2,2,2,2,2,2,2,2,2,2,2,2,2,2,2,2,2,2,2,2,2,2,2,2,2,2,2,2,2,2,2,2,2,2,2,2,2,2,2,2,2,2,2,2,2,2,2,2,2,2,2,2,2,2,2,2,2,2,2,2,2,2,2,1,1,1,1,1,1,1,1,1,1,1,1,1,1,1,1,1,1,1,1,1,1,1,1,1,1,1,1,1,1,1,1,1,1,1,1,1,1,1,1,1,1,1,1,1,1,1,1,1,1,1,1,1,1,1,1,1,1,1,1,1,1,1,1,1,1,1,1,1,1,1,1,1,1,1,1,1,1,1,1,1,1,1,1,1,1,1,1,1,1,1,1,1,1,1,1,1,1,1,1"


blfs = 

  block_replication_for_server with properties:

          table_name: 'test'
              db_dir: '/home1/jongminm/sparse_kmeans/sparse_kmeans.db'
      data_generator: [1x1 sparse_symmetric_data_generator]
      number_cluster: 2
          n_iter_max: 100
    window_size_half: 2
         sample_size: 200
         init_method: "spec"
        cluster_true: []
             learner: []
            run_full: 0
     matrix_sparsity: 0
            data_obj: @data_gaussian

replication: (102)th 


1 th thresholding


cutoff =

    0.5410


10 entries survived 
solving SDP...  breakyes=1.0,  maxresidual < 1.00e-06took 3.257304s, relaxed dual: -12.929517, original: 1340.376065 

is_stop =

  logical

   0


final_iter =

     1


2 th thresholding


cutoff =

    0.5410


11 entries survived 
solving SDP...  breakyes=3.1,  primfeasorg deteriorated too much: primfeasorg=6.21e-06,dualfeasorg=5.53e-06took 3.275032s, relaxed dual: -6.969508, original: 1353.979286 

is_stop =

  logical

   0


final_iter =

     1


3 th thresholding


cutoff =

    0.5409


10 entries survived 
solving SDP...  breakyes=1.0,  maxresidual < 1.00e-06took 5.232864s, relaxed dual: -6.958014, original: 1340.376065 

is_stop =

  logical

   0


final_iter =

     1


4 th thresholding


cutoff =

    0.5410


11 entries survived 
solving SDP...  breakyes=3.1,  primfeasorg deteriorated too much: primfeasorg=6.21e-06,dualfeasorg=5.53e-06took 3.449565s, relaxed dual: -6.969508, original: 1353.979286 

is_stop =

  logical

   0


final_iter =

     1


5 th thresholding


cutoff =

    0.5409


10 entries survived 
solving SDP...  breakyes=1.0,  maxresidual < 1.00e-06took 5.960511s, relaxed dual: -6.958014, original: 1340.376065 

is_stop =

  logical

   0


final_iter =

     1


6 th thresholding


cutoff =

    0.5410


11 entries survived 
solving SDP...  breakyes=3.1,  primfeasorg deteriorated too much: primfeasorg=6.21e-06,dualfeasorg=5.53e-06took 2.962401s, relaxed dual: -6.969508, original: 1353.979286 

change =

         0
   -0.0016
         0
   -0.0016
         0


change =

         0
    0.0100
         0
    0.0100
         0


is_stop =

  logical

   1


final_iter =

     4


 final iteration = 4 
acc_dict = 

  Map with properties:

        Count: 5
      KeyType: double
    ValueType: double


ans =

  1x5 cell array

    {[0.9300]}    {[0.9900]}    {[0.9950]}    {[0.9900]}    {[0.9950]}


ans =

  1x5 cell array

  Columns 1 through 3

    {'1,1,1,1,1,1,1,...'}    {'1,1,1,1,1,1,1,...'}    {'1,1,1,1,1,1,1,...'}

  Columns 4 through 5

    {'2,2,2,2,2,2,2,...'}    {'2,2,2,2,2,2,2,...'}


database_subtable =

  5x24 table

    rep    iter    sep    dim     rho    sparsity    stop_og    stop_sdp    stop_loop     acc     obj_prim    obj_dual    obj_original    true_pos    false_pos    false_neg    diff_x_tilde_fro    diff_x_tilde_op    diff_x_tilde_ellone    time_est    time_SDP          jobdate                survived_indices                                                                                                                                                                                                             cluster_est                                                                                                                                                                                                   
    ___    ____    ___    ____    ___    ________    _______    ________    _________    _____    ________    ________    ____________    ________    _________    _________    ________________    _______________    ___________________    ________    ________    ____________________    ___________________________    _________________________________________________________________________________________________________________________________________________________________________________________________________________________________________________________________________________________________________________________________________________________________________________________________________________

    102     0       5     1500     0        10        false      false        false       0.93          0           0             0           0           0            0               0                   0                    0                    0          0     11-Sep-2024 12:40:45    ""                             "1,1,1,1,1,1,1,1,1,1,1,1,1,1,1,2,1,1,1,1,1,1,1,1,1,1,1,2,1,1,1,1,1,1,1,1,1,1,1,1,1,1,1,2,1,1,1,1,1,1,1,2,1,1,1,1,1,1,1,1,1,1,2,1,2,1,1,1,1,1,1,1,1,1,1,1,1,1,1,1,1,1,1,1,1,1,1,1,1,1,1,1,1,2,1,1,1,2,1,1,2,2,2,2,2,2,2,2,2,2,2,2,2,2,2,2,2,2,2,2,2,2,2,1,2,2,2,2,2,2,2,2,2,2,2,2,2,2,2,2,2,2,2,1,2,2,2,1,2,2,2,2,2,2,2,2,2,2,1,2,2,2,2,2,2,2,2,2,2,2,2,2,2,2,2,2,2,2,2,2,2,2,1,2,2,2,2,2,2,2,2,1,2,2,2,2,2,2,2,2"
    102     1       5     1500     0        10        false      false        false       0.99     -12.93      -12.93        1340.4          10           0            0               0                   0                    0             0.003936     3.2573     11-Sep-2024 12:40:45    "1,2,3,4,5,6,7,8,9,10"         "1,1,1,1,1,1,1,1,1,1,1,1,1,1,1,1,1,1,1,1,1,1,1,1,1,1,1,1,1,1,1,1,1,1,1,1,1,1,1,1,1,1,1,1,1,1,1,1,1,1,1,1,1,1,1,1,1,1,1,1,1,1,1,1,1,1,1,1,1,1,1,1,1,1,1,1,1,1,1,1,1,1,1,1,1,1,1,1,1,1,1,1,1,1,1,1,1,1,1,1,2,2,2,2,2,2,2,2,2,2,2,2,2,2,2,2,2,2,2,2,2,2,2,2,1,2,2,2,2,2,2,2,2,2,2,2,2,2,2,2,2,2,2,2,2,2,2,2,2,2,2,2,2,2,2,2,2,2,2,2,2,2,2,2,2,2,2,2,2,2,2,2,2,2,2,2,2,2,2,2,2,2,2,2,2,2,2,2,2,2,2,1,2,2,2,2,2,2,2,2"
    102     2       5     1500     0        10        false      false        false      0.995    -6.9691     -6.9695          1354          10           1            0               0                   0                    0             0.011748      3.275     11-Sep-2024 12:40:45    "1,2,3,4,5,6,7,8,9,10,1093"    "1,1,1,1,1,1,1,1,1,1,1,1,1,1,1,1,1,1,1,1,1,1,1,1,1,1,1,1,1,1,1,1,1,1,1,1,1,1,1,1,1,1,1,1,1,1,1,1,1,1,1,1,1,1,1,1,1,1,1,1,1,1,1,1,1,1,1,1,1,1,1,1,1,1,1,1,1,1,1,1,1,1,1,1,1,1,1,1,1,1,1,1,1,1,1,1,1,1,1,1,2,2,2,2,2,2,2,2,2,2,2,2,2,2,2,2,2,2,2,2,2,2,2,2,1,2,2,2,2,2,2,2,2,2,2,2,2,2,2,2,2,2,2,2,2,2,2,2,2,2,2,2,2,2,2,2,2,2,2,2,2,2,2,2,2,2,2,2,2,2,2,2,2,2,2,2,2,2,2,2,2,2,2,2,2,2,2,2,2,2,2,2,2,2,2,2,2,2,2,2"
    102     3       5     1500     0        10        false      true         false       0.99     -6.958      -6.958        1340.4          10           0            0               0                   0                    0             0.001218     5.2329     11-Sep-2024 12:40:45    "1,2,3,4,5,6,7,8,9,10"         "2,2,2,2,2,2,2,2,2,2,2,2,2,2,2,2,2,2,2,2,2,2,2,2,2,2,2,2,2,2,2,2,2,2,2,2,2,2,2,2,2,2,2,2,2,2,2,2,2,2,2,2,2,2,2,2,2,2,2,2,2,2,2,2,2,2,2,2,2,2,2,2,2,2,2,2,2,2,2,2,2,2,2,2,2,2,2,2,2,2,2,2,2,2,2,2,2,2,2,2,1,1,1,1,1,1,1,1,1,1,1,1,1,1,1,1,1,1,1,1,1,1,1,1,2,1,1,1,1,1,1,1,1,1,1,1,1,1,1,1,1,1,1,1,1,1,1,1,1,1,1,1,1,1,1,1,1,1,1,1,1,1,1,1,1,1,1,1,1,1,1,1,1,1,1,1,1,1,1,1,1,1,1,1,1,1,1,1,1,1,1,2,1,1,1,1,1,1,1,1"
    102     4       5     1500     0        10        false      false        true       0.995    -6.9691     -6.9695          1354          10           1            0               0                   0                    0             0.002728     3.4496     11-Sep-2024 12:40:45    "1,2,3,4,5,6,7,8,9,10,1093"    "2,2,2,2,2,2,2,2,2,2,2,2,2,2,2,2,2,2,2,2,2,2,2,2,2,2,2,2,2,2,2,2,2,2,2,2,2,2,2,2,2,2,2,2,2,2,2,2,2,2,2,2,2,2,2,2,2,2,2,2,2,2,2,2,2,2,2,2,2,2,2,2,2,2,2,2,2,2,2,2,2,2,2,2,2,2,2,2,2,2,2,2,2,2,2,2,2,2,2,2,1,1,1,1,1,1,1,1,1,1,1,1,1,1,1,1,1,1,1,1,1,1,1,1,2,1,1,1,1,1,1,1,1,1,1,1,1,1,1,1,1,1,1,1,1,1,1,1,1,1,1,1,1,1,1,1,1,1,1,1,1,1,1,1,1,1,1,1,1,1,1,1,1,1,1,1,1,1,1,1,1,1,1,1,1,1,1,1,1,1,1,1,1,1,1,1,1,1,1,1"


blfs = 

  block_replication_for_server with properties:

          table_name: 'test'
              db_dir: '/home1/jongminm/sparse_kmeans/sparse_kmeans.db'
      data_generator: [1x1 sparse_symmetric_data_generator]
      number_cluster: 2
          n_iter_max: 100
    window_size_half: 2
         sample_size: 200
         init_method: "spec"
        cluster_true: []
             learner: []
            run_full: 0
     matrix_sparsity: 0
            data_obj: @data_gaussian

replication: (103)th 


1 th thresholding


cutoff =

    0.5422


11 entries survived 
solving SDP...  breakyes=1.0,  maxresidual < 1.00e-06took 2.844203s, relaxed dual: -11.131048, original: 1383.558223 

is_stop =

  logical

   0


final_iter =

     1


2 th thresholding


cutoff =

    0.5410


10 entries survived 
solving SDP...  breakyes=1.0,  maxresidual < 1.00e-06took 1.505069s, relaxed dual: -7.778236, original: 1370.270346 

is_stop =

  logical

   0


final_iter =

     1


3 th thresholding


cutoff =

    0.5409


10 entries survived 
solving SDP...  breakyes=1.0,  maxresidual < 1.00e-06took 1.304354s, relaxed dual: -7.700975, original: 1368.015205 

is_stop =

  logical

   1


final_iter =

     3


 final iteration = 3 
acc_dict = 

  Map with properties:

        Count: 4
      KeyType: double
    ValueType: double


ans =

  1x4 cell array

    {[0.9550]}    {[0.9900]}    {[0.9950]}    {[0.9900]}


ans =

  1x4 cell array

  Columns 1 through 3

    {'1,1,1,1,1,1,1,...'}    {'2,2,2,1,2,2,2,...'}    {'1,1,1,1,1,1,1,...'}

  Column 4

    {'2,2,2,1,2,2,2,...'}


database_subtable =

  4x24 table

    rep    iter    sep    dim     rho    sparsity    stop_og    stop_sdp    stop_loop     acc     obj_prim    obj_dual    obj_original    true_pos    false_pos    false_neg    diff_x_tilde_fro    diff_x_tilde_op    diff_x_tilde_ellone    time_est    time_SDP          jobdate                survived_indices                                                                                                                                                                                                            cluster_est                                                                                                                                                                                                   
    ___    ____    ___    ____    ___    ________    _______    ________    _________    _____    ________    ________    ____________    ________    _________    _________    ________________    _______________    ___________________    ________    ________    ____________________    __________________________    _________________________________________________________________________________________________________________________________________________________________________________________________________________________________________________________________________________________________________________________________________________________________________________________________________________

    103     0       5     1500     0        10        false      false        false      0.955          0           0             0           0           0            0               0                   0                    0                    0          0     11-Sep-2024 12:41:24    ""                            "1,1,1,1,1,1,1,1,1,1,1,1,1,1,1,1,1,1,1,1,1,1,1,1,1,1,1,1,1,1,1,1,1,1,1,1,1,1,2,1,2,1,1,1,1,1,1,1,1,1,1,2,1,1,1,1,1,1,1,1,1,1,1,1,1,1,1,1,2,1,1,1,1,1,1,1,2,1,1,1,1,1,1,1,1,1,2,1,1,1,2,1,1,1,2,1,1,1,1,1,2,2,2,2,2,2,2,2,2,2,2,2,2,2,2,2,2,2,2,2,2,2,2,2,2,2,2,2,2,2,2,2,2,2,2,2,2,2,2,2,2,2,2,2,2,2,2,2,2,2,2,2,2,2,2,2,2,2,2,2,2,2,2,2,2,2,2,2,2,2,2,2,2,2,2,2,2,2,2,2,1,2,2,2,2,2,2,2,2,2,2,2,2,2,2,2,2,2,2,2"
    103     1       5     1500     0        10        false      false        false       0.99    -11.131     -11.131        1383.6          10           1            0               0                   0                    0             0.001542     2.8442     11-Sep-2024 12:41:24    "1,2,3,4,5,6,7,8,9,10,979"    "2,2,2,1,2,2,2,2,2,2,2,2,2,2,2,2,2,2,2,2,2,2,2,2,2,2,2,2,2,2,2,2,2,2,2,2,2,2,2,2,2,2,2,2,2,2,2,2,2,2,2,2,2,2,2,2,2,2,2,2,2,2,2,2,2,2,2,2,1,2,2,2,2,2,2,2,2,2,2,2,2,2,2,2,2,2,2,2,2,2,2,2,2,2,2,2,2,2,2,2,1,1,1,1,1,1,1,1,1,1,1,1,1,1,1,1,1,1,1,1,1,1,1,1,1,1,1,1,1,1,1,1,1,1,1,1,1,1,1,1,1,1,1,1,1,1,1,1,1,1,1,1,1,1,1,1,1,1,1,1,1,1,1,1,1,1,1,1,1,1,1,1,1,1,1,1,1,1,1,1,1,1,1,1,1,1,1,1,1,1,1,1,1,1,1,1,1,1,1,1"
    103     2       5     1500     0        10        true       false        false      0.995    -7.7782     -7.7782        1370.3          10           0            0               0                   0                    0             0.001183     1.5051     11-Sep-2024 12:41:24    "1,2,3,4,5,6,7,8,9,10"        "1,1,1,1,1,1,1,1,1,1,1,1,1,1,1,1,1,1,1,1,1,1,1,1,1,1,1,1,1,1,1,1,1,1,1,1,1,1,1,1,1,1,1,1,1,1,1,1,1,1,1,1,1,1,1,1,1,1,1,1,1,1,1,1,1,1,1,1,2,1,1,1,1,1,1,1,1,1,1,1,1,1,1,1,1,1,1,1,1,1,1,1,1,1,1,1,1,1,1,1,2,2,2,2,2,2,2,2,2,2,2,2,2,2,2,2,2,2,2,2,2,2,2,2,2,2,2,2,2,2,2,2,2,2,2,2,2,2,2,2,2,2,2,2,2,2,2,2,2,2,2,2,2,2,2,2,2,2,2,2,2,2,2,2,2,2,2,2,2,2,2,2,2,2,2,2,2,2,2,2,2,2,2,2,2,2,2,2,2,2,2,2,2,2,2,2,2,2,2,2"
    103     3       5     1500     0        10        false      true         false       0.99     -7.701      -7.701          1368          10           0            0               0                   0                    0             0.001545     1.3044     11-Sep-2024 12:41:24    "1,2,3,4,5,6,7,8,9,10"        "2,2,2,1,2,2,2,2,2,2,2,2,2,2,2,2,2,2,2,2,2,2,2,2,2,2,2,2,2,2,2,2,2,2,2,2,2,2,2,2,2,2,2,2,2,2,2,2,2,2,2,2,2,2,2,2,2,2,2,2,2,2,2,2,2,2,2,2,1,2,2,2,2,2,2,2,2,2,2,2,2,2,2,2,2,2,2,2,2,2,2,2,2,2,2,2,2,2,2,2,1,1,1,1,1,1,1,1,1,1,1,1,1,1,1,1,1,1,1,1,1,1,1,1,1,1,1,1,1,1,1,1,1,1,1,1,1,1,1,1,1,1,1,1,1,1,1,1,1,1,1,1,1,1,1,1,1,1,1,1,1,1,1,1,1,1,1,1,1,1,1,1,1,1,1,1,1,1,1,1,1,1,1,1,1,1,1,1,1,1,1,1,1,1,1,1,1,1,1,1"


blfs = 

  block_replication_for_server with properties:

          table_name: 'test'
              db_dir: '/home1/jongminm/sparse_kmeans/sparse_kmeans.db'
      data_generator: [1x1 sparse_symmetric_data_generator]
      number_cluster: 2
          n_iter_max: 100
    window_size_half: 2
         sample_size: 200
         init_method: "spec"
        cluster_true: []
             learner: []
            run_full: 0
     matrix_sparsity: 0
            data_obj: @data_gaussian

replication: (104)th 


1 th thresholding


cutoff =

    0.5410


11 entries survived 
solving SDP...  breakyes=3.2,  dualfeasorg deteriorated too much: primfeasorg=1.41e-06,dualfeasorg=2.10e-05took 3.443693s, relaxed dual: -17.929050, original: 1242.678079 

is_stop =

  logical

   0


final_iter =

     1


2 th thresholding


cutoff =

    0.5409


10 entries survived 
solving SDP...  breakyes=1.0,  maxresidual < 1.00e-06took 4.216205s, relaxed dual: -5.817557, original: 1237.213301 

is_stop =

  logical

   0


final_iter =

     1


3 th thresholding


cutoff =

    0.5409


10 entries survived 
solving SDP...  breakyes=3.1,  primfeasorg deteriorated too much: primfeasorg=1.50e-05,dualfeasorg=4.59e-06took 3.769502s, relaxed dual: -5.864622, original: 1239.962090 

is_stop =

  logical

   1


final_iter =

     3


 final iteration = 3 
acc_dict = 

  Map with properties:

        Count: 4
      KeyType: double
    ValueType: double


ans =

  1x4 cell array

    {[0.8800]}    {[0.9950]}    {[0.9950]}    {[0.9900]}


ans =

  1x4 cell array

  Columns 1 through 3

    {'1,2,2,2,2,2,2,...'}    {'1,1,1,1,1,1,1,...'}    {'1,1,1,1,1,1,1,...'}

  Column 4

    {'2,2,2,2,2,2,2,...'}


database_subtable =

  4x24 table

    rep    iter    sep    dim     rho    sparsity    stop_og    stop_sdp    stop_loop     acc     obj_prim    obj_dual    obj_original    true_pos    false_pos    false_neg    diff_x_tilde_fro    diff_x_tilde_op    diff_x_tilde_ellone    time_est    time_SDP          jobdate                survived_indices                                                                                                                                                                                                            cluster_est                                                                                                                                                                                                   
    ___    ____    ___    ____    ___    ________    _______    ________    _________    _____    ________    ________    ____________    ________    _________    _________    ________________    _______________    ___________________    ________    ________    ____________________    __________________________    _________________________________________________________________________________________________________________________________________________________________________________________________________________________________________________________________________________________________________________________________________________________________________________________________________________

    104     0       5     1500     0        10        false      false        false       0.88          0           0             0           0           0            0               0                   0                    0                    0          0     11-Sep-2024 12:41:50    ""                            "1,2,2,2,2,2,2,2,2,2,1,2,2,2,2,2,2,2,2,2,2,1,2,2,2,2,2,2,2,2,2,2,2,2,2,2,2,2,1,2,2,2,2,2,2,2,2,2,2,1,2,2,2,1,2,2,2,2,1,2,2,2,2,2,2,2,1,1,2,2,2,2,2,2,2,2,2,2,2,2,2,2,2,1,2,2,2,1,2,2,2,2,2,2,2,2,2,2,2,2,1,1,1,1,2,2,1,1,1,1,1,1,1,1,1,1,1,1,1,1,1,1,1,1,1,1,1,1,1,1,1,2,2,1,1,2,2,1,1,1,1,1,1,2,1,2,1,2,1,1,1,1,1,1,1,1,1,1,1,2,1,1,1,1,1,1,1,1,1,1,1,1,1,1,1,1,1,1,1,2,1,1,1,1,1,1,2,1,1,1,1,1,1,1,2,1,1,1,1,1"
    104     1       5     1500     0        10        false      false        false      0.995    -17.929     -17.929        1242.7          10           1            0               0                   0                    0             0.001259     3.4437     11-Sep-2024 12:41:50    "1,2,3,4,5,6,7,8,9,10,353"    "1,1,1,1,1,1,1,1,1,1,1,1,1,1,1,1,1,1,1,1,1,1,1,1,1,1,1,1,1,1,1,1,1,1,1,1,1,1,1,1,1,1,1,1,1,1,1,1,1,1,1,1,1,1,1,1,1,1,1,1,1,1,1,1,1,1,1,1,1,1,1,1,1,1,1,1,1,1,1,1,1,1,1,1,1,1,1,1,1,1,1,1,1,1,1,1,1,1,1,1,2,2,2,2,2,2,2,2,2,2,2,2,2,2,2,2,2,2,2,2,2,2,2,2,2,2,2,2,2,2,2,2,2,2,2,2,2,2,2,2,2,2,2,2,2,2,2,2,2,2,2,2,2,2,2,2,2,2,2,2,2,2,2,2,2,2,2,2,2,2,2,2,2,2,2,2,2,2,2,2,2,2,2,2,2,2,2,2,2,2,1,2,2,2,2,2,2,2,2,2"
    104     2       5     1500     0        10        true       false        false      0.995    -5.8176     -5.8176        1237.2          10           0            0               0                   0                    0             0.002295     4.2162     11-Sep-2024 12:41:50    "1,2,3,4,5,6,7,8,9,10"        "1,1,1,1,1,1,1,1,1,1,1,1,1,2,1,1,1,1,1,1,1,1,1,1,1,1,1,1,1,1,1,1,1,1,1,1,1,1,1,1,1,1,1,1,1,1,1,1,1,1,1,1,1,1,1,1,1,1,1,1,1,1,1,1,1,1,1,1,1,1,1,1,1,1,1,1,1,1,1,1,1,1,1,1,1,1,1,1,1,1,1,1,1,1,1,1,1,1,1,1,2,2,2,2,2,2,2,2,2,2,2,2,2,2,2,2,2,2,2,2,2,2,2,2,2,2,2,2,2,2,2,2,2,2,2,2,2,2,2,2,2,2,2,2,2,2,2,2,2,2,2,2,2,2,2,2,2,2,2,2,2,2,2,2,2,2,2,2,2,2,2,2,2,2,2,2,2,2,2,2,2,2,2,2,2,2,2,2,2,2,2,2,2,2,2,2,2,2,2,2"
    104     3       5     1500     0        10        false      true         false       0.99    -5.8634     -5.8646          1240          10           0            0               0                   0                    0             0.002347     3.7695     11-Sep-2024 12:41:50    "1,2,3,4,5,6,7,8,9,10"        "2,2,2,2,2,2,2,2,2,2,2,2,2,1,2,2,2,2,2,2,2,2,2,2,2,2,2,2,2,2,2,2,2,2,2,2,2,2,2,2,2,2,2,2,2,2,2,2,2,2,2,2,2,2,2,2,2,2,2,2,2,2,2,2,2,2,2,2,2,2,2,2,2,2,2,2,2,2,2,2,2,2,2,2,2,2,2,2,2,2,2,2,2,2,2,2,2,2,2,2,1,1,1,1,1,1,1,1,1,1,1,1,1,1,1,1,1,1,1,1,1,1,1,1,1,1,1,1,1,1,1,1,1,1,1,1,1,1,1,1,1,1,1,1,1,1,1,1,1,1,1,1,1,1,1,1,1,1,1,1,1,1,1,1,1,1,1,1,1,1,1,1,1,1,1,1,1,1,1,1,1,1,1,1,1,1,1,1,1,1,2,1,1,1,1,1,1,1,1,1"

db insertion failed