==========================================
SLURM_JOB_ID = 25533779
SLURM_JOB_NODELIST = a03-04
TMPDIR = /tmp/SLURM_25533779
==========================================
hello
Starting parallel pool (parpool) ...
Connected to the parallel pool (number of workers: 15).

pool = 

 ProcessPool with properties: 

            Connected: true
           NumWorkers: 15
                 Busy: false
              Cluster: Local
        AttachedFiles: {}
    AutoAddClientPath: true
            FileStore: [1x1 parallel.FileStore]
           ValueStore: [1x1 parallel.ValueStore]
          IdleTimeout: 30 minutes (30 minutes remaining)
          SpmdEnabled: true


dimension =

        3500


separation =

     5


sample_size =

   200


table_name =

    'test'


db_dir =

    '/home1/jongminm/sparse_kmeans/sparse_kmeans.db'


rho =

     0


full_run =

  logical

   0


blfs = 

  block_replication_for_server with properties:

          table_name: 'test'
              db_dir: '/home1/jongminm/sparse_kmeans/sparse_kmeans.db'
      data_generator: [1x1 sparse_symmetric_data_generator]
      number_cluster: 2
          n_iter_max: 100
    window_size_half: 2
         sample_size: 200
         init_method: "spec"
        cluster_true: []
             learner: []
            run_full: 0
     matrix_sparsity: 0
            data_obj: @data_gaussian

replication: (13)th 


1 th thresholding


cutoff =

    0.5732


10 entries survived 
solving SDP...  breakyes=1.3,  maxresidual < 1.00e-06took 5.739975s, relaxed dual: -33.871382, original: 1283.147599 

is_stop =

  logical

   0


final_iter =

     1


2 th thresholding


cutoff =

    0.5714


10 entries survived 
solving SDP...  breakyes=3.1,  primfeasorg deteriorated too much: primfeasorg=3.12e-06,dualfeasorg=2.78e-06took 4.564369s, relaxed dual: -6.549242, original: 1279.151158 

is_stop =

  logical

   0


final_iter =

     1


3 th thresholding


cutoff =

    0.5713


10 entries survived 
solving SDP...  breakyes=1.0,  maxresidual < 1.00e-06took 3.805780s, relaxed dual: -6.685019, original: 1283.147599 

is_stop =

  logical

   0


final_iter =

     1


4 th thresholding


cutoff =

    0.5714


10 entries survived 
solving SDP...  breakyes=3.1,  primfeasorg deteriorated too much: primfeasorg=3.12e-06,dualfeasorg=2.78e-06took 4.397605s, relaxed dual: -6.549242, original: 1279.151158 

is_stop =

  logical

   0


final_iter =

     1


5 th thresholding


cutoff =

    0.5713


10 entries survived 
solving SDP...  breakyes=1.0,  maxresidual < 1.00e-06took 3.666889s, relaxed dual: -6.685019, original: 1283.147599 

is_stop =

  logical

   0


final_iter =

     1


6 th thresholding


cutoff =

    0.5714


10 entries survived 
solving SDP...  breakyes=3.1,  primfeasorg deteriorated too much: primfeasorg=3.12e-06,dualfeasorg=2.78e-06took 3.830607s, relaxed dual: -6.549242, original: 1279.151158 

change =

         0
   -0.0207
         0
   -0.0207
         0


change =

         0
    0.0031
         0
    0.0031
         0


is_stop =

  logical

   1


final_iter =

     4


 final iteration = 4 
acc_dict = 

  Map with properties:

        Count: 5
      KeyType: double
    ValueType: double


ans =

  1x5 cell array

    {[0.7600]}    {[0.9950]}    {[0.9800]}    {[0.9950]}    {[0.9800]}


ans =

  1x5 cell array

  Columns 1 through 3

    {'1,2,1,1,2,2,2,...'}    {'2,1,1,1,1,1,1,...'}    {'1,2,2,2,2,2,2,...'}

  Columns 4 through 5

    {'1,2,2,2,2,2,2,...'}    {'2,1,1,1,1,1,1,...'}


database_subtable =

  5x24 table

    rep    iter    sep    dim     rho    sparsity    stop_og    stop_sdp    stop_loop     acc     obj_prim    obj_dual    obj_original    true_pos    false_pos    false_neg    diff_x_tilde_fro    diff_x_tilde_op    diff_x_tilde_ellone    time_est    time_SDP          jobdate              survived_indices                                                                                                                                                                                                          cluster_est                                                                                                                                                                                                   
    ___    ____    ___    ____    ___    ________    _______    ________    _________    _____    ________    ________    ____________    ________    _________    _________    ________________    _______________    ___________________    ________    ________    ____________________    ______________________    _________________________________________________________________________________________________________________________________________________________________________________________________________________________________________________________________________________________________________________________________________________________________________________________________________________

    13      0       5     3500     0        10        false      false        false       0.76          0           0             0           0           0            0               0                   0                    0                    0          0     11-Sep-2024 13:25:05    ""                        "1,2,1,1,2,2,2,2,2,2,1,2,1,2,2,2,2,2,2,2,1,2,1,2,2,2,2,2,2,1,1,2,2,1,1,2,2,2,2,1,2,1,2,2,2,2,2,2,2,2,1,2,1,2,2,2,2,2,1,2,1,2,2,2,1,2,2,2,2,2,2,2,1,1,2,2,1,2,1,2,1,2,2,2,1,2,2,2,2,2,2,1,1,2,2,2,2,2,1,1,1,1,1,1,1,1,1,1,1,1,2,1,1,1,2,1,1,1,1,1,1,1,2,1,1,2,1,2,1,2,1,1,1,1,1,1,1,1,1,1,1,1,2,1,1,1,1,1,1,1,1,1,1,1,1,1,2,1,1,1,1,1,1,1,2,2,1,2,1,1,1,2,1,1,2,1,1,1,1,1,1,1,1,1,2,2,1,1,1,2,1,1,1,2,1,2,1,2,2,1"
    13      1       5     3500     0        10        false      false        false      0.995    -33.871     -33.871        1283.1          10           0            0               0                   0                    0             0.020078       5.74     11-Sep-2024 13:25:05    "1,2,3,4,5,6,7,8,9,10"    "2,1,1,1,1,1,1,1,1,1,1,1,1,1,1,1,1,1,1,1,1,1,1,1,1,1,1,1,1,1,1,1,1,1,1,1,1,1,1,1,1,1,1,1,1,1,1,1,1,1,1,1,1,1,1,1,1,1,1,1,1,1,1,1,1,1,1,1,1,1,1,1,1,1,1,1,1,1,1,1,1,1,1,1,1,1,1,1,1,1,1,1,1,1,1,1,1,1,1,1,2,2,2,2,2,2,2,2,2,2,2,2,2,2,2,2,2,2,2,2,2,2,2,2,2,2,2,2,2,2,2,2,2,2,2,2,2,2,2,2,2,2,2,2,2,2,2,2,2,2,2,2,2,2,2,2,2,2,2,2,2,2,2,2,2,2,2,2,2,2,2,2,2,2,2,2,2,2,2,2,2,2,2,2,2,2,2,2,2,2,2,2,2,2,2,2,2,2,2,2"
    13      2       5     3500     0        10        true       false        false       0.98    -6.5494     -6.5492        1279.2          10           0            0               0                   0                    0              0.01521     4.5644     11-Sep-2024 13:25:05    "1,2,3,4,5,6,7,8,9,10"    "1,2,2,2,2,2,2,2,2,2,2,2,2,2,2,2,2,2,2,2,2,2,2,2,2,2,2,2,2,2,2,2,2,2,2,2,2,2,2,2,2,2,2,2,2,2,2,2,2,2,2,2,2,2,2,2,2,2,2,2,2,2,2,2,2,2,2,2,2,2,2,2,2,1,2,2,2,2,2,2,2,2,2,2,2,2,2,2,2,2,2,2,2,2,2,2,2,2,2,2,1,1,1,2,2,1,1,1,1,1,1,1,1,1,1,1,1,1,1,1,1,1,1,1,1,1,1,1,1,1,1,1,1,1,1,1,1,1,1,1,1,1,1,1,1,1,1,1,1,1,1,1,1,1,1,1,1,1,1,1,1,1,1,1,1,1,1,1,1,1,1,1,1,1,1,1,1,1,1,1,1,1,1,1,1,1,1,1,1,1,1,1,1,1,1,1,1,1,1,1"
    13      3       5     3500     0        10        false      false        false      0.995     -6.685      -6.685        1283.1          10           0            0               0                   0                    0             0.008796     3.8058     11-Sep-2024 13:25:05    "1,2,3,4,5,6,7,8,9,10"    "1,2,2,2,2,2,2,2,2,2,2,2,2,2,2,2,2,2,2,2,2,2,2,2,2,2,2,2,2,2,2,2,2,2,2,2,2,2,2,2,2,2,2,2,2,2,2,2,2,2,2,2,2,2,2,2,2,2,2,2,2,2,2,2,2,2,2,2,2,2,2,2,2,2,2,2,2,2,2,2,2,2,2,2,2,2,2,2,2,2,2,2,2,2,2,2,2,2,2,2,1,1,1,1,1,1,1,1,1,1,1,1,1,1,1,1,1,1,1,1,1,1,1,1,1,1,1,1,1,1,1,1,1,1,1,1,1,1,1,1,1,1,1,1,1,1,1,1,1,1,1,1,1,1,1,1,1,1,1,1,1,1,1,1,1,1,1,1,1,1,1,1,1,1,1,1,1,1,1,1,1,1,1,1,1,1,1,1,1,1,1,1,1,1,1,1,1,1,1,1"
    13      4       5     3500     0        10        false      false        true        0.98    -6.5494     -6.5492        1279.2          10           0            0               0                   0                    0             0.003299     4.3976     11-Sep-2024 13:25:05    "1,2,3,4,5,6,7,8,9,10"    "2,1,1,1,1,1,1,1,1,1,1,1,1,1,1,1,1,1,1,1,1,1,1,1,1,1,1,1,1,1,1,1,1,1,1,1,1,1,1,1,1,1,1,1,1,1,1,1,1,1,1,1,1,1,1,1,1,1,1,1,1,1,1,1,1,1,1,1,1,1,1,1,1,2,1,1,1,1,1,1,1,1,1,1,1,1,1,1,1,1,1,1,1,1,1,1,1,1,1,1,2,2,2,1,1,2,2,2,2,2,2,2,2,2,2,2,2,2,2,2,2,2,2,2,2,2,2,2,2,2,2,2,2,2,2,2,2,2,2,2,2,2,2,2,2,2,2,2,2,2,2,2,2,2,2,2,2,2,2,2,2,2,2,2,2,2,2,2,2,2,2,2,2,2,2,2,2,2,2,2,2,2,2,2,2,2,2,2,2,2,2,2,2,2,2,2,2,2,2,2"


blfs = 

  block_replication_for_server with properties:

          table_name: 'test'
              db_dir: '/home1/jongminm/sparse_kmeans/sparse_kmeans.db'
      data_generator: [1x1 sparse_symmetric_data_generator]
      number_cluster: 2
          n_iter_max: 100
    window_size_half: 2
         sample_size: 200
         init_method: "spec"
        cluster_true: []
             learner: []
            run_full: 0
     matrix_sparsity: 0
            data_obj: @data_gaussian

replication: (14)th 


1 th thresholding


cutoff =

    0.5720


11 entries survived 
solving SDP...  breakyes = 1.0,  maxresidual < 1.00e-04  breakyes=1.0,  maxresidual < 1.00e-06took 0.293942s, relaxed dual: -29.743431, original: 1248.051320 

is_stop =

  logical

   0


final_iter =

     1


2 th thresholding


cutoff =

    0.5714


10 entries survived 
solving SDP...  breakyes=3.1,  primfeasorg deteriorated too much: primfeasorg=5.87e-06,dualfeasorg=4.62e-06took 3.394522s, relaxed dual: -4.708858, original: 1230.643564 

is_stop =

  logical

   0


final_iter =

     1


3 th thresholding


cutoff =

    0.5713


10 entries survived 
solving SDP...  breakyes=1.0,  maxresidual < 1.00e-06took 3.688912s, relaxed dual: -4.800002, original: 1233.569047 

is_stop =

  logical

   0


final_iter =

     1


4 th thresholding


cutoff =

    0.5714


10 entries survived 
solving SDP...  breakyes=3.1,  primfeasorg deteriorated too much: primfeasorg=5.87e-06,dualfeasorg=4.62e-06took 2.978953s, relaxed dual: -4.708858, original: 1230.643564 

is_stop =

  logical

   0


final_iter =

     1


5 th thresholding


cutoff =

    0.5713


10 entries survived 
solving SDP...  breakyes=1.0,  maxresidual < 1.00e-06took 3.199151s, relaxed dual: -4.800002, original: 1233.569047 

is_stop =

  logical

   0


final_iter =

     1


6 th thresholding


cutoff =

    0.5714


10 entries survived 
solving SDP...  breakyes=3.1,  primfeasorg deteriorated too much: primfeasorg=5.87e-06,dualfeasorg=4.62e-06took 2.941745s, relaxed dual: -4.708858, original: 1230.643564 

change =

         0
   -0.0192
         0
   -0.0192
         0


change =

         0
    0.0024
         0
    0.0024
         0


is_stop =

  logical

   1


final_iter =

     4


 final iteration = 4 
acc_dict = 

  Map with properties:

        Count: 5
      KeyType: double
    ValueType: double


ans =

  1x5 cell array

    {[0.7550]}    {[0.9950]}    {[0.9900]}    {[0.9950]}    {[0.9900]}


ans =

  1x5 cell array

  Columns 1 through 3

    {'1,2,2,1,1,1,1,...'}    {'2,2,2,2,2,2,2,...'}    {'1,1,1,1,1,1,1,...'}

  Columns 4 through 5

    {'1,1,1,1,1,1,1,...'}    {'1,1,1,1,1,1,1,...'}


database_subtable =

  5x24 table

    rep    iter    sep    dim     rho    sparsity    stop_og    stop_sdp    stop_loop     acc     obj_prim    obj_dual    obj_original    true_pos    false_pos    false_neg    diff_x_tilde_fro    diff_x_tilde_op    diff_x_tilde_ellone    time_est    time_SDP          jobdate                survived_indices                                                                                                                                                                                                            cluster_est                                                                                                                                                                                                   
    ___    ____    ___    ____    ___    ________    _______    ________    _________    _____    ________    ________    ____________    ________    _________    _________    ________________    _______________    ___________________    ________    ________    ____________________    __________________________    _________________________________________________________________________________________________________________________________________________________________________________________________________________________________________________________________________________________________________________________________________________________________________________________________________________

    14      0       5     3500     0        10        false      false        false      0.755          0           0             0           0           0            0               0                   0                    0                    0          0     11-Sep-2024 13:25:57    ""                            "1,2,2,1,1,1,1,1,1,1,2,1,1,1,1,1,1,1,1,2,1,1,1,1,1,1,2,1,1,1,1,1,2,1,1,1,1,1,1,1,1,1,1,2,1,1,1,1,1,1,1,1,1,1,2,1,1,1,1,1,1,2,2,2,1,1,1,1,1,1,1,1,2,1,1,1,2,1,1,1,2,2,2,1,1,1,2,1,2,2,1,1,2,1,1,1,2,2,1,1,2,1,2,1,1,1,2,2,2,2,2,1,2,2,2,2,2,2,2,1,2,2,2,2,2,2,2,2,2,1,2,2,2,2,1,2,2,2,2,2,2,1,2,1,1,2,2,2,2,2,2,2,2,2,1,2,1,1,1,2,1,2,2,2,1,2,2,2,2,1,1,2,2,1,2,2,2,1,1,2,1,2,1,2,2,2,1,1,2,2,2,1,2,2,2,2,2,2,2,2"
    14      1       5     3500     0        10        false      false        false      0.995    -29.743     -29.743        1248.1          10           1            0               0                   0                    0             0.005081    0.29394     11-Sep-2024 13:25:57    "1,2,3,4,5,6,7,8,9,10,308"    "2,2,2,2,2,2,2,2,2,2,2,2,2,2,2,2,2,2,2,2,2,2,2,2,2,2,2,2,2,2,2,2,2,2,2,2,2,2,2,2,2,2,2,2,2,2,2,2,2,2,2,2,2,2,2,2,2,2,2,2,2,2,2,2,2,2,2,2,2,2,2,2,2,2,2,2,1,2,2,2,2,2,2,2,2,2,2,2,2,2,2,2,2,2,2,2,2,2,2,2,1,1,1,1,1,1,1,1,1,1,1,1,1,1,1,1,1,1,1,1,1,1,1,1,1,1,1,1,1,1,1,1,1,1,1,1,1,1,1,1,1,1,1,1,1,1,1,1,1,1,1,1,1,1,1,1,1,1,1,1,1,1,1,1,1,1,1,1,1,1,1,1,1,1,1,1,1,1,1,1,1,1,1,1,1,1,1,1,1,1,1,1,1,1,1,1,1,1,1,1"
    14      2       5     3500     0        10        false      false        false       0.99    -4.7095     -4.7089        1230.6          10           0            0               0                   0                    0               0.0034     3.3945     11-Sep-2024 13:25:57    "1,2,3,4,5,6,7,8,9,10"        "1,1,1,1,1,1,1,1,1,1,1,1,1,1,1,1,1,1,1,1,1,1,1,1,1,1,1,1,1,1,1,1,1,1,1,1,1,1,1,1,1,1,1,1,1,1,1,1,1,1,1,1,1,1,1,1,1,1,1,1,1,1,1,1,1,1,1,1,1,1,1,1,1,1,1,1,2,1,1,1,1,1,1,1,1,1,1,1,1,1,1,1,1,1,1,1,1,1,1,1,2,2,2,2,2,2,2,2,2,2,2,2,2,2,2,2,2,2,2,2,2,2,2,2,2,2,2,2,2,2,2,2,2,2,2,2,2,2,2,2,2,2,2,2,2,2,2,2,2,2,2,2,2,2,2,2,2,2,2,2,2,2,2,2,2,2,2,2,2,2,2,2,2,2,2,2,2,2,2,2,2,2,2,2,2,2,2,2,2,2,2,2,2,1,2,2,2,2,2,2"
    14      3       5     3500     0        10        true       false        false      0.995       -4.8        -4.8        1233.6          10           0            0               0                   0                    0             0.001893     3.6889     11-Sep-2024 13:25:57    "1,2,3,4,5,6,7,8,9,10"        "1,1,1,1,1,1,1,1,1,1,1,1,1,1,1,1,1,1,1,1,1,1,1,1,1,1,1,1,1,1,1,1,1,1,1,1,1,1,1,1,1,1,1,1,1,1,1,1,1,1,1,1,1,1,1,1,1,1,1,1,1,1,1,1,1,1,1,1,1,1,1,1,1,1,1,1,2,1,1,1,1,1,1,1,1,1,1,1,1,1,1,1,1,1,1,1,1,1,1,1,2,2,2,2,2,2,2,2,2,2,2,2,2,2,2,2,2,2,2,2,2,2,2,2,2,2,2,2,2,2,2,2,2,2,2,2,2,2,2,2,2,2,2,2,2,2,2,2,2,2,2,2,2,2,2,2,2,2,2,2,2,2,2,2,2,2,2,2,2,2,2,2,2,2,2,2,2,2,2,2,2,2,2,2,2,2,2,2,2,2,2,2,2,2,2,2,2,2,2,2"
    14      4       5     3500     0        10        false      false        true        0.99    -4.7095     -4.7089        1230.6          10           0            0               0                   0                    0             0.002864      2.979     11-Sep-2024 13:25:57    "1,2,3,4,5,6,7,8,9,10"        "1,1,1,1,1,1,1,1,1,1,1,1,1,1,1,1,1,1,1,1,1,1,1,1,1,1,1,1,1,1,1,1,1,1,1,1,1,1,1,1,1,1,1,1,1,1,1,1,1,1,1,1,1,1,1,1,1,1,1,1,1,1,1,1,1,1,1,1,1,1,1,1,1,1,1,1,2,1,1,1,1,1,1,1,1,1,1,1,1,1,1,1,1,1,1,1,1,1,1,1,2,2,2,2,2,2,2,2,2,2,2,2,2,2,2,2,2,2,2,2,2,2,2,2,2,2,2,2,2,2,2,2,2,2,2,2,2,2,2,2,2,2,2,2,2,2,2,2,2,2,2,2,2,2,2,2,2,2,2,2,2,2,2,2,2,2,2,2,2,2,2,2,2,2,2,2,2,2,2,2,2,2,2,2,2,2,2,2,2,2,2,2,2,1,2,2,2,2,2,2"


blfs = 

  block_replication_for_server with properties:

          table_name: 'test'
              db_dir: '/home1/jongminm/sparse_kmeans/sparse_kmeans.db'
      data_generator: [1x1 sparse_symmetric_data_generator]
      number_cluster: 2
          n_iter_max: 100
    window_size_half: 2
         sample_size: 200
         init_method: "spec"
        cluster_true: []
             learner: []
            run_full: 0
     matrix_sparsity: 0
            data_obj: @data_gaussian

replication: (15)th 


1 th thresholding


cutoff =

    0.5732


11 entries survived 
solving SDP...  breakyes=1.4,  maxresidual < 1.00e-06took 4.486610s, relaxed dual: -19.785932, original: 1351.722782 

is_stop =

  logical

   0


final_iter =

     1


2 th thresholding


cutoff =

    0.5714


10 entries survived 
solving SDP...  breakyes = 1.0,  maxresidual < 1.00e-04  breakyes=1.0,  maxresidual < 1.00e-06took 1.355761s, relaxed dual: -8.052623, original: 1343.581969 

is_stop =

  logical

   0


final_iter =

     1


3 th thresholding


cutoff =

    0.5714


10 entries survived 
solving SDP...  breakyes = 1.0,  maxresidual < 1.00e-04  breakyes=1.0,  maxresidual < 1.00e-06took 1.215601s, relaxed dual: -8.052623, original: 1343.581969 

is_stop =

  logical

   1


final_iter =

     3


 final iteration = 3 
acc_dict = 

  Map with properties:

        Count: 4
      KeyType: double
    ValueType: double


ans =

  1x4 cell array

    {[0.8900]}    {[0.9950]}    {[0.9950]}    {[0.9950]}


ans =

  1x4 cell array

  Columns 1 through 3

    {'1,1,2,1,1,1,1,...'}    {'1,1,1,1,1,1,1,...'}    {'2,2,2,2,2,2,2,...'}

  Column 4

    {'2,2,2,2,2,2,2,...'}


database_subtable =

  4x24 table

    rep    iter    sep    dim     rho    sparsity    stop_og    stop_sdp    stop_loop     acc     obj_prim    obj_dual    obj_original    true_pos    false_pos    false_neg    diff_x_tilde_fro    diff_x_tilde_op    diff_x_tilde_ellone    time_est    time_SDP          jobdate                survived_indices                                                                                                                                                                                                             cluster_est                                                                                                                                                                                                   
    ___    ____    ___    ____    ___    ________    _______    ________    _________    _____    ________    ________    ____________    ________    _________    _________    ________________    _______________    ___________________    ________    ________    ____________________    ___________________________    _________________________________________________________________________________________________________________________________________________________________________________________________________________________________________________________________________________________________________________________________________________________________________________________________________________

    15      0       5     3500     0        10        false      false        false       0.89          0           0             0           0           0            0               0                   0                    0                    0          0     11-Sep-2024 13:26:33    ""                             "1,1,2,1,1,1,1,1,1,1,1,1,1,1,1,1,1,1,1,1,1,1,1,1,2,1,1,1,1,1,1,1,1,1,2,1,1,1,1,1,1,1,2,1,1,1,1,1,1,1,1,2,1,1,2,1,1,1,1,1,1,1,1,1,1,1,2,2,1,1,1,1,1,1,1,2,1,1,2,1,1,1,1,1,2,1,2,1,1,1,1,1,2,2,1,2,1,1,1,1,2,2,2,2,2,2,2,2,2,2,2,2,2,2,2,2,2,2,2,2,2,2,2,2,2,2,2,2,2,2,2,2,2,2,2,1,2,2,2,2,2,2,2,2,1,2,2,2,2,2,2,2,2,2,2,2,2,2,2,2,2,2,2,2,2,2,2,2,2,2,1,2,2,1,2,2,2,2,2,2,2,2,2,2,2,1,1,2,2,2,1,2,2,2,2,2,2,2,2,2"
    15      1       5     3500     0        10        false      false        false      0.995    -19.786     -19.786        1351.7          10           1            0               0                   0                    0             0.002726     4.4866     11-Sep-2024 13:26:33    "1,2,3,4,5,6,7,8,9,10,2326"    "1,1,1,1,1,1,1,1,1,1,1,1,1,1,1,1,1,1,1,1,1,1,1,1,1,1,1,1,1,1,1,1,1,1,1,1,1,1,1,1,1,1,1,1,1,1,1,1,1,1,1,1,1,1,1,1,1,1,1,1,1,1,1,1,1,1,1,1,1,1,1,1,1,1,1,1,1,1,1,1,1,1,1,2,1,1,1,1,1,1,1,1,1,1,1,1,1,1,1,1,2,2,2,2,2,2,2,2,2,2,2,2,2,2,2,2,2,2,2,2,2,2,2,2,2,2,2,2,2,2,2,2,2,2,2,2,2,2,2,2,2,2,2,2,2,2,2,2,2,2,2,2,2,2,2,2,2,2,2,2,2,2,2,2,2,2,2,2,2,2,2,2,2,2,2,2,2,2,2,2,2,2,2,2,2,2,2,2,2,2,2,2,2,2,2,2,2,2,2,2"
    15      2       5     3500     0        10        true       false        false      0.995    -8.0526     -8.0526        1343.6          10           0            0               0                   0                    0             0.002048     1.3558     11-Sep-2024 13:26:33    "1,2,3,4,5,6,7,8,9,10"         "2,2,2,2,2,2,2,2,2,2,2,2,2,2,2,2,2,2,2,2,2,2,2,2,2,2,2,2,2,2,2,2,2,2,2,2,2,2,2,2,2,2,2,2,2,2,2,2,2,2,2,2,2,2,2,2,2,2,2,2,2,2,2,2,2,2,2,2,2,2,2,2,2,2,2,2,2,2,2,2,2,2,2,1,2,2,2,2,2,2,2,2,2,2,2,2,2,2,2,2,1,1,1,1,1,1,1,1,1,1,1,1,1,1,1,1,1,1,1,1,1,1,1,1,1,1,1,1,1,1,1,1,1,1,1,1,1,1,1,1,1,1,1,1,1,1,1,1,1,1,1,1,1,1,1,1,1,1,1,1,1,1,1,1,1,1,1,1,1,1,1,1,1,1,1,1,1,1,1,1,1,1,1,1,1,1,1,1,1,1,1,1,1,1,1,1,1,1,1,1"
    15      3       5     3500     0        10        false      true         false      0.995    -8.0526     -8.0526        1343.6          10           0            0               0                   0                    0             0.002359     1.2156     11-Sep-2024 13:26:33    "1,2,3,4,5,6,7,8,9,10"         "2,2,2,2,2,2,2,2,2,2,2,2,2,2,2,2,2,2,2,2,2,2,2,2,2,2,2,2,2,2,2,2,2,2,2,2,2,2,2,2,2,2,2,2,2,2,2,2,2,2,2,2,2,2,2,2,2,2,2,2,2,2,2,2,2,2,2,2,2,2,2,2,2,2,2,2,2,2,2,2,2,2,2,1,2,2,2,2,2,2,2,2,2,2,2,2,2,2,2,2,1,1,1,1,1,1,1,1,1,1,1,1,1,1,1,1,1,1,1,1,1,1,1,1,1,1,1,1,1,1,1,1,1,1,1,1,1,1,1,1,1,1,1,1,1,1,1,1,1,1,1,1,1,1,1,1,1,1,1,1,1,1,1,1,1,1,1,1,1,1,1,1,1,1,1,1,1,1,1,1,1,1,1,1,1,1,1,1,1,1,1,1,1,1,1,1,1,1,1,1"


blfs = 

  block_replication_for_server with properties:

          table_name: 'test'
              db_dir: '/home1/jongminm/sparse_kmeans/sparse_kmeans.db'
      data_generator: [1x1 sparse_symmetric_data_generator]
      number_cluster: 2
          n_iter_max: 100
    window_size_half: 2
         sample_size: 200
         init_method: "spec"
        cluster_true: []
             learner: []
            run_full: 0
     matrix_sparsity: 0
            data_obj: @data_gaussian

replication: (16)th 


1 th thresholding


cutoff =

    0.5714


11 entries survived 
solving SDP...  breakyes=1.0,  maxresidual < 1.00e-06took 2.082428s, relaxed dual: -26.008777, original: 1277.294893 

is_stop =

  logical

   0


final_iter =

     1


2 th thresholding


cutoff =

    0.5716


10 entries survived 
solving SDP...  breakyes = 1.0,  maxresidual < 1.00e-04  breakyes=1.0,  maxresidual < 1.00e-06took 2.406151s, relaxed dual: -6.793176, original: 1268.505670 

is_stop =

  logical

   0


final_iter =

     1


3 th thresholding


cutoff =

    0.5716


10 entries survived 
solving SDP...  breakyes = 1.0,  maxresidual < 1.00e-04  breakyes=1.0,  maxresidual < 1.00e-06took 2.283824s, relaxed dual: -6.793176, original: 1268.505670 

is_stop =

  logical

   1


final_iter =

     3


 final iteration = 3 
acc_dict = 

  Map with properties:

        Count: 4
      KeyType: double
    ValueType: double


ans =

  1x4 cell array

    {[0.7900]}    {[0.9850]}    {[0.9850]}    {[0.9850]}


ans =

  1x4 cell array

  Columns 1 through 3

    {'2,2,2,2,2,2,2,...'}    {'1,1,1,1,1,1,1,...'}    {'1,1,1,1,1,1,1,...'}

  Column 4

    {'2,2,2,2,2,2,2,...'}


database_subtable =

  4x24 table

    rep    iter    sep    dim     rho    sparsity    stop_og    stop_sdp    stop_loop     acc     obj_prim    obj_dual    obj_original    true_pos    false_pos    false_neg    diff_x_tilde_fro    diff_x_tilde_op    diff_x_tilde_ellone    time_est    time_SDP          jobdate                survived_indices                                                                                                                                                                                                             cluster_est                                                                                                                                                                                                   
    ___    ____    ___    ____    ___    ________    _______    ________    _________    _____    ________    ________    ____________    ________    _________    _________    ________________    _______________    ___________________    ________    ________    ____________________    ___________________________    _________________________________________________________________________________________________________________________________________________________________________________________________________________________________________________________________________________________________________________________________________________________________________________________________________________

    16      0       5     3500     0        10        false      false        false       0.79          0           0             0           0           0            0               0                   0                    0                    0          0     11-Sep-2024 13:27:07    ""                             "2,2,2,2,2,2,2,2,1,2,1,2,2,2,2,1,2,1,2,2,2,2,2,2,2,2,2,1,1,2,2,2,2,1,2,2,2,2,2,2,1,2,2,1,2,2,2,2,2,2,2,2,2,2,2,2,2,2,1,2,2,1,1,1,2,2,2,2,2,1,2,2,2,2,2,2,2,2,2,2,2,2,1,2,2,2,2,2,2,1,2,1,2,1,2,1,2,2,2,1,1,1,2,1,1,1,1,1,1,1,1,1,1,1,1,2,1,1,1,1,1,2,1,1,2,1,1,1,1,2,1,2,1,1,1,1,1,1,1,1,1,1,1,1,1,1,1,2,1,1,1,1,1,1,2,1,1,1,1,1,1,2,1,1,1,2,1,1,1,1,1,2,1,2,1,1,1,1,1,2,2,1,2,1,2,1,1,2,1,2,2,1,1,1,1,1,2,1,2,2"
    16      1       5     3500     0        10        false      false        false      0.985    -26.009     -26.009        1277.3          10           1            0               0                   0                    0             0.002566     2.0824     11-Sep-2024 13:27:07    "1,2,3,4,5,6,7,8,9,10,3137"    "1,1,1,1,1,1,1,1,2,1,1,1,1,1,1,1,1,1,1,1,1,1,1,1,1,1,1,1,1,1,1,1,1,1,1,1,1,1,1,1,1,1,1,1,1,1,1,1,1,1,1,1,1,1,1,1,1,1,1,1,1,1,1,1,1,1,1,1,1,1,1,1,1,1,1,1,1,1,1,1,1,1,2,1,1,1,1,1,1,2,1,1,1,1,1,1,1,1,1,1,2,2,2,2,2,2,2,2,2,2,2,2,2,2,2,2,2,2,2,2,2,2,2,2,2,2,2,2,2,2,2,2,2,2,2,2,2,2,2,2,2,2,2,2,2,2,2,2,2,2,2,2,2,2,2,2,2,2,2,2,2,2,2,2,2,2,2,2,2,2,2,2,2,2,2,2,2,2,2,2,2,2,2,2,2,2,2,2,2,2,2,2,2,2,2,2,2,2,2,2"
    16      2       5     3500     0        10        true       false        false      0.985    -6.7932     -6.7932        1268.5          10           0            0               0                   0                    0             0.003333     2.4062     11-Sep-2024 13:27:07    "1,2,3,4,5,6,7,8,9,10"         "1,1,1,1,1,1,1,1,2,1,1,1,1,1,1,1,1,1,1,1,1,1,1,1,1,1,1,1,1,1,1,1,1,1,1,1,1,1,1,1,1,1,1,1,1,1,1,1,1,1,1,1,1,1,1,1,1,1,1,1,1,1,1,1,1,1,1,1,1,1,1,1,1,1,1,1,1,1,1,1,1,1,2,1,1,1,1,1,1,2,1,1,1,1,1,1,1,1,1,1,2,2,2,2,2,2,2,2,2,2,2,2,2,2,2,2,2,2,2,2,2,2,2,2,2,2,2,2,2,2,2,2,2,2,2,2,2,2,2,2,2,2,2,2,2,2,2,2,2,2,2,2,2,2,2,2,2,2,2,2,2,2,2,2,2,2,2,2,2,2,2,2,2,2,2,2,2,2,2,2,2,2,2,2,2,2,2,2,2,2,2,2,2,2,2,2,2,2,2,2"
    16      3       5     3500     0        10        false      true         false      0.985    -6.7932     -6.7932        1268.5          10           0            0               0                   0                    0             0.003295     2.2838     11-Sep-2024 13:27:07    "1,2,3,4,5,6,7,8,9,10"         "2,2,2,2,2,2,2,2,1,2,2,2,2,2,2,2,2,2,2,2,2,2,2,2,2,2,2,2,2,2,2,2,2,2,2,2,2,2,2,2,2,2,2,2,2,2,2,2,2,2,2,2,2,2,2,2,2,2,2,2,2,2,2,2,2,2,2,2,2,2,2,2,2,2,2,2,2,2,2,2,2,2,1,2,2,2,2,2,2,1,2,2,2,2,2,2,2,2,2,2,1,1,1,1,1,1,1,1,1,1,1,1,1,1,1,1,1,1,1,1,1,1,1,1,1,1,1,1,1,1,1,1,1,1,1,1,1,1,1,1,1,1,1,1,1,1,1,1,1,1,1,1,1,1,1,1,1,1,1,1,1,1,1,1,1,1,1,1,1,1,1,1,1,1,1,1,1,1,1,1,1,1,1,1,1,1,1,1,1,1,1,1,1,1,1,1,1,1,1,1"

