==========================================
SLURM_JOB_ID = 25521971
SLURM_JOB_NODELIST = a04-09
TMPDIR = /tmp/SLURM_25521971
==========================================
hello
Starting parallel pool (parpool) ...
Connected to the parallel pool (number of workers: 15).

pool = 

 ProcessPool with properties: 

            Connected: true
           NumWorkers: 15
                 Busy: false
              Cluster: Local
        AttachedFiles: {}
    AutoAddClientPath: true
            FileStore: [1x1 parallel.FileStore]
           ValueStore: [1x1 parallel.ValueStore]
          IdleTimeout: 30 minutes (30 minutes remaining)
          SpmdEnabled: true


dimension =

    50


separation =

     4


sample_size =

   200


table_name =

    'test'


db_dir =

    '/home1/jongminm/sparse_kmeans/sparse_kmeans.db'


rho =

     0


full_run =

  logical

   0


blfs = 

  block_replication_for_server with properties:

          table_name: 'test'
              db_dir: '/home1/jongminm/sparse_kmeans/sparse_kmeans.db'
      data_generator: [1x1 sparse_symmetric_data_generator]
      number_cluster: 2
          n_iter_max: 100
    window_size_half: 2
         sample_size: 200
         init_method: "spec"
        cluster_true: []
             learner: []
            run_full: 0
     matrix_sparsity: 0
            data_obj: @data_gaussian

replication: (537)th 


1 th thresholding


cutoff =

    0.3957


10 entries survived 
solving SDP...  breakyes = 1.0,  maxresidual < 1.00e-04  breakyes=1.3,  maxresidual < 1.00e-06took 5.691419s, relaxed dual: -3.194779, original: 803.506528 

is_stop =

  logical

   0


final_iter =

     1


2 th thresholding


cutoff =

    0.3956


10 entries survived 
solving SDP...  breakyes = 1.0,  maxresidual < 1.00e-04  breakyes=1.4,  maxresidual < 1.00e-06took 4.609462s, relaxed dual: -3.239586, original: 806.060016 

is_stop =

  logical

   0


final_iter =

     1


3 th thresholding


cutoff =

    0.3957


10 entries survived 
solving SDP...  breakyes = 1.0,  maxresidual < 1.00e-04  breakyes=1.3,  maxresidual < 1.00e-06took 4.836103s, relaxed dual: -3.194779, original: 803.506528 

is_stop =

  logical

   0


final_iter =

     1


4 th thresholding


cutoff =

    0.3956


10 entries survived 
solving SDP...  breakyes = 1.0,  maxresidual < 1.00e-04  breakyes=1.4,  maxresidual < 1.00e-06took 4.308523s, relaxed dual: -3.239586, original: 806.060016 

is_stop =

  logical

   0


final_iter =

     1


5 th thresholding


cutoff =

    0.3957


10 entries survived 
solving SDP...  breakyes = 1.0,  maxresidual < 1.00e-04  breakyes=1.3,  maxresidual < 1.00e-06took 4.840374s, relaxed dual: -3.194779, original: 803.506528 

is_stop =

  logical

   0


final_iter =

     1


6 th thresholding


cutoff =

    0.3956


10 entries survived 
solving SDP...  breakyes = 1.0,  maxresidual < 1.00e-04  breakyes=1.4,  maxresidual < 1.00e-06took 4.301085s, relaxed dual: -3.239586, original: 806.060016 

change =

         0
   -0.0138
         0
   -0.0138
         0


change =

         0
    0.0032
         0
    0.0032
         0


is_stop =

  logical

   1


final_iter =

     4


 final iteration = 4 
acc_dict = 

  Map with properties:

        Count: 5
      KeyType: double
    ValueType: double


ans =

  1x5 cell array

    {[0.9800]}    {[0.9800]}    {[0.9800]}    {[0.9800]}    {[0.9800]}


ans =

  1x5 cell array

  Columns 1 through 3

    {'2,2,2,2,2,2,2,...'}    {'1,1,1,1,1,1,1,...'}    {'1,1,1,1,1,1,1,...'}

  Columns 4 through 5

    {'2,2,2,2,2,2,2,...'}    {'1,1,1,1,1,1,1,...'}


database_subtable =

  5x24 table

    rep    iter    sep    dim    rho    sparsity    stop_og    stop_sdp    stop_loop    acc     obj_prim    obj_dual    obj_original    true_pos    false_pos    false_neg    diff_x_tilde_fro    diff_x_tilde_op    diff_x_tilde_ellone    time_est    time_SDP          jobdate              survived_indices                                                                                                                                                                                                          cluster_est                                                                                                                                                                                                   
    ___    ____    ___    ___    ___    ________    _______    ________    _________    ____    ________    ________    ____________    ________    _________    _________    ________________    _______________    ___________________    ________    ________    ____________________    ______________________    _________________________________________________________________________________________________________________________________________________________________________________________________________________________________________________________________________________________________________________________________________________________________________________________________________________

    537     0       4     50      0        10        false      false        false      0.98          0           0             0           0           0            0               0                   0                    0                    0          0     10-Sep-2024 23:50:33    ""                        "2,2,2,2,2,2,2,2,2,2,2,2,2,2,2,2,2,2,2,2,2,2,2,2,2,2,2,1,2,2,2,2,2,2,2,2,2,2,2,2,2,2,2,2,2,2,2,2,2,2,2,2,2,2,2,2,2,2,2,2,2,2,2,2,2,2,2,2,2,2,2,2,2,1,2,2,2,2,2,2,2,2,2,2,2,2,2,2,2,2,2,2,2,2,2,1,2,2,2,2,1,1,1,1,1,1,1,1,1,1,1,1,1,1,1,1,1,1,1,1,1,1,1,1,1,1,1,1,1,1,1,1,1,1,1,1,1,1,2,1,1,1,1,1,1,1,1,1,1,1,1,1,1,1,1,1,1,1,1,1,1,1,1,1,1,1,1,1,1,1,1,1,1,1,1,1,1,1,1,1,1,1,1,1,1,1,1,1,1,1,1,1,1,1,1,1,1,1,1,1"
    537     1       4     50      0        10        false      false        false      0.98    -3.1948     -3.1948        803.51          10           0            0               0                   0                    0             0.014038     5.6914     10-Sep-2024 23:50:33    "1,2,3,4,5,6,7,8,9,10"    "1,1,1,1,1,1,1,1,1,1,1,1,1,1,1,1,1,1,1,1,1,1,1,1,1,1,1,1,1,1,1,1,1,1,1,1,1,1,1,1,1,1,1,1,1,1,1,1,1,1,1,1,1,1,1,1,1,1,1,1,1,1,1,1,1,1,1,1,1,1,1,1,1,2,1,1,1,1,1,1,1,1,1,1,1,1,1,1,1,1,1,1,1,1,1,2,1,1,1,1,2,2,2,2,2,2,2,2,2,2,2,2,2,2,2,2,2,2,2,2,2,2,2,2,2,2,2,2,2,2,2,2,2,2,2,2,2,2,1,2,2,2,2,2,2,2,2,2,2,2,2,2,2,2,2,2,2,2,2,2,2,2,2,2,2,2,2,2,2,2,2,2,2,2,2,2,2,2,2,2,2,2,2,2,1,2,2,2,2,2,2,2,2,2,2,2,2,2,2,2"
    537     2       4     50      0        10        true       false        false      0.98    -3.2396     -3.2396        806.06          10           0            0               0                   0                    0             0.004462     4.6095     10-Sep-2024 23:50:33    "1,2,3,4,5,6,7,8,9,10"    "1,1,1,1,1,1,1,1,1,1,1,1,1,1,1,1,1,1,1,1,1,1,1,1,1,1,1,2,1,1,1,1,1,1,1,1,1,1,1,1,1,1,1,1,1,1,1,1,1,1,1,1,1,1,1,1,1,1,1,1,1,1,1,1,1,1,1,1,1,1,1,1,1,2,1,1,1,1,1,1,1,1,1,1,1,1,1,1,1,1,1,1,1,1,1,2,1,1,1,1,2,2,2,2,2,2,2,2,2,2,2,2,2,2,2,2,2,2,2,2,2,2,2,2,2,2,2,2,2,2,2,2,2,2,2,2,2,2,1,2,2,2,2,2,2,2,2,2,2,2,2,2,2,2,2,2,2,2,2,2,2,2,2,2,2,2,2,2,2,2,2,2,2,2,2,2,2,2,2,2,2,2,2,2,2,2,2,2,2,2,2,2,2,2,2,2,2,2,2,2"
    537     3       4     50      0        10        false      false        false      0.98    -3.1948     -3.1948        803.51          10           0            0               0                   0                    0             0.005447     4.8361     10-Sep-2024 23:50:33    "1,2,3,4,5,6,7,8,9,10"    "2,2,2,2,2,2,2,2,2,2,2,2,2,2,2,2,2,2,2,2,2,2,2,2,2,2,2,2,2,2,2,2,2,2,2,2,2,2,2,2,2,2,2,2,2,2,2,2,2,2,2,2,2,2,2,2,2,2,2,2,2,2,2,2,2,2,2,2,2,2,2,2,2,1,2,2,2,2,2,2,2,2,2,2,2,2,2,2,2,2,2,2,2,2,2,1,2,2,2,2,1,1,1,1,1,1,1,1,1,1,1,1,1,1,1,1,1,1,1,1,1,1,1,1,1,1,1,1,1,1,1,1,1,1,1,1,1,1,2,1,1,1,1,1,1,1,1,1,1,1,1,1,1,1,1,1,1,1,1,1,1,1,1,1,1,1,1,1,1,1,1,1,1,1,1,1,1,1,1,1,1,1,1,1,2,1,1,1,1,1,1,1,1,1,1,1,1,1,1,1"
    537     4       4     50      0        10        false      false        true       0.98    -3.2396     -3.2396        806.06          10           0            0               0                   0                    0             0.002004     4.3085     10-Sep-2024 23:50:33    "1,2,3,4,5,6,7,8,9,10"    "1,1,1,1,1,1,1,1,1,1,1,1,1,1,1,1,1,1,1,1,1,1,1,1,1,1,1,2,1,1,1,1,1,1,1,1,1,1,1,1,1,1,1,1,1,1,1,1,1,1,1,1,1,1,1,1,1,1,1,1,1,1,1,1,1,1,1,1,1,1,1,1,1,2,1,1,1,1,1,1,1,1,1,1,1,1,1,1,1,1,1,1,1,1,1,2,1,1,1,1,2,2,2,2,2,2,2,2,2,2,2,2,2,2,2,2,2,2,2,2,2,2,2,2,2,2,2,2,2,2,2,2,2,2,2,2,2,2,1,2,2,2,2,2,2,2,2,2,2,2,2,2,2,2,2,2,2,2,2,2,2,2,2,2,2,2,2,2,2,2,2,2,2,2,2,2,2,2,2,2,2,2,2,2,2,2,2,2,2,2,2,2,2,2,2,2,2,2,2,2"


blfs = 

  block_replication_for_server with properties:

          table_name: 'test'
              db_dir: '/home1/jongminm/sparse_kmeans/sparse_kmeans.db'
      data_generator: [1x1 sparse_symmetric_data_generator]
      number_cluster: 2
          n_iter_max: 100
    window_size_half: 2
         sample_size: 200
         init_method: "spec"
        cluster_true: []
             learner: []
            run_full: 0
     matrix_sparsity: 0
            data_obj: @data_gaussian

replication: (538)th 


1 th thresholding


cutoff =

    0.3956


11 entries survived 
solving SDP...  breakyes=1.0,  maxresidual < 1.00e-06took 2.640511s, relaxed dual: -4.227012, original: 843.400559 

is_stop =

  logical

   0


final_iter =

     1


2 th thresholding


cutoff =

    0.3957


10 entries survived 
solving SDP...  breakyes=1.0,  maxresidual < 1.00e-06took 2.590616s, relaxed dual: -4.220120, original: 842.139456 

is_stop =

  logical

   1


final_iter =

     2


 final iteration = 2 
acc_dict = 

  Map with properties:

        Count: 3
      KeyType: double
    ValueType: double


ans =

  1x3 cell array

    {[0.9750]}    {[0.9500]}    {[0.9750]}


ans =

  1x3 cell array

    {'2,2,2,2,2,2,2,2...'}    {'2,2,2,1,2,2,2,2...'}    {'1,1,1,2,1,1,1,1...'}


database_subtable =

  3x24 table

    rep    iter    sep    dim    rho    sparsity    stop_og    stop_sdp    stop_loop     acc     obj_prim    obj_dual    obj_original    true_pos    false_pos    false_neg    diff_x_tilde_fro    diff_x_tilde_op    diff_x_tilde_ellone    time_est    time_SDP          jobdate               survived_indices                                                                                                                                                                                                            cluster_est                                                                                                                                                                                                   
    ___    ____    ___    ___    ___    ________    _______    ________    _________    _____    ________    ________    ____________    ________    _________    _________    ________________    _______________    ___________________    ________    ________    ____________________    _________________________    _________________________________________________________________________________________________________________________________________________________________________________________________________________________________________________________________________________________________________________________________________________________________________________________________________________

    538     0       4     50      0        10        false      false        false      0.975          0           0             0           0           0            0               0                   0                    0                    0          0     10-Sep-2024 23:51:03    ""                           "2,2,2,2,2,2,2,2,2,2,2,2,2,2,2,2,2,2,2,2,2,2,2,2,2,2,2,2,2,2,2,2,2,2,2,2,2,2,2,2,2,2,2,2,2,2,1,2,2,2,2,2,2,2,2,2,2,2,2,2,2,2,2,2,2,2,2,2,2,2,2,2,2,2,2,2,2,2,2,2,2,2,2,2,2,2,1,2,2,2,2,2,2,2,2,2,2,2,2,2,1,1,1,1,1,1,1,1,2,1,1,1,1,1,1,1,1,1,1,1,1,1,1,1,1,1,1,1,1,1,1,1,2,1,1,1,1,1,1,1,1,1,1,1,1,1,1,1,1,1,1,1,1,1,1,1,1,1,1,1,1,1,1,1,1,1,1,1,2,1,1,1,1,1,1,1,1,1,1,1,1,1,1,1,1,1,1,1,1,1,1,1,1,1,1,1,1,1,1,1"
    538     1       4     50      0        10        false      false        false       0.95     -4.227      -4.227         843.4          10           1            0               0                   0                    0             0.002318     2.6405     10-Sep-2024 23:51:03    "1,2,3,4,5,6,7,8,9,10,38"    "2,2,2,1,2,2,2,2,2,2,2,2,2,2,2,2,2,2,2,2,2,2,2,2,2,2,2,2,2,2,2,2,2,2,2,2,2,2,2,2,2,2,2,2,2,2,1,2,2,2,2,2,2,2,2,2,2,2,2,2,2,2,2,2,2,2,2,2,1,2,2,2,2,2,2,2,2,2,2,2,2,2,2,2,2,1,2,2,2,2,2,2,2,2,2,2,2,2,2,2,2,1,1,1,1,1,1,1,1,1,1,1,1,1,1,1,1,1,1,1,1,1,1,1,1,1,1,1,1,1,2,1,2,1,1,1,1,1,1,1,1,1,1,1,1,1,1,1,1,1,1,1,1,1,1,1,1,1,1,1,1,1,1,1,1,1,1,1,2,1,1,1,1,1,1,2,1,1,1,1,1,2,1,1,1,1,1,1,1,1,1,1,1,1,1,1,1,1,1,1"
    538     2       4     50      0        10        true       true         false      0.975    -4.2201     -4.2201        842.14          10           0            0               0                   0                    0             0.000466     2.5906     10-Sep-2024 23:51:03    "1,2,3,4,5,6,7,8,9,10"       "1,1,1,2,1,1,1,1,1,1,1,1,1,1,1,1,1,1,1,1,1,1,1,1,1,1,1,1,1,1,1,1,1,1,1,1,1,1,1,1,1,1,1,1,1,1,1,1,1,1,1,1,1,1,1,1,1,1,1,1,1,1,1,1,1,1,1,1,1,1,1,1,1,1,1,1,1,1,1,1,1,1,1,1,1,1,1,1,1,1,1,1,1,1,1,1,1,1,1,1,2,2,2,2,2,2,2,2,2,2,2,2,2,2,2,2,2,2,2,2,2,2,2,2,2,2,2,2,2,2,1,2,1,2,2,2,2,2,2,2,2,2,2,2,2,2,2,2,2,2,2,2,2,2,2,2,2,2,2,2,2,2,2,2,2,2,2,2,1,2,2,2,2,2,2,2,2,2,2,2,2,2,2,2,2,2,2,2,2,2,2,2,1,2,2,2,2,2,2,2"


blfs = 

  block_replication_for_server with properties:

          table_name: 'test'
              db_dir: '/home1/jongminm/sparse_kmeans/sparse_kmeans.db'
      data_generator: [1x1 sparse_symmetric_data_generator]
      number_cluster: 2
          n_iter_max: 100
    window_size_half: 2
         sample_size: 200
         init_method: "spec"
        cluster_true: []
             learner: []
            run_full: 0
     matrix_sparsity: 0
            data_obj: @data_gaussian

replication: (539)th 


1 th thresholding


cutoff =

    0.3957


10 entries survived 
solving SDP...  breakyes = 1.0,  maxresidual < 1.00e-04  breakyes=1.0,  maxresidual < 1.00e-06took 0.870649s, relaxed dual: -3.056231, original: 760.135693 

is_stop =

  logical

   0


final_iter =

     1


2 th thresholding


cutoff =

    0.3956


10 entries survived 
solving SDP...  breakyes = 1.0,  maxresidual < 1.00e-04  breakyes=1.0,  maxresidual < 1.00e-06took 1.656160s, relaxed dual: -3.033476, original: 761.504527 

is_stop =

  logical

   1


final_iter =

     2


 final iteration = 2 
acc_dict = 

  Map with properties:

        Count: 3
      KeyType: double
    ValueType: double


ans =

  1x3 cell array

    {[0.9800]}    {[0.9800]}    {[0.9850]}


ans =

  1x3 cell array

    {'1,1,1,1,1,1,1,1...'}    {'2,2,2,2,2,2,2,2...'}    {'2,2,2,2,2,2,2,2...'}


database_subtable =

  3x24 table

    rep    iter    sep    dim    rho    sparsity    stop_og    stop_sdp    stop_loop     acc     obj_prim    obj_dual    obj_original    true_pos    false_pos    false_neg    diff_x_tilde_fro    diff_x_tilde_op    diff_x_tilde_ellone    time_est    time_SDP          jobdate              survived_indices                                                                                                                                                                                                          cluster_est                                                                                                                                                                                                   
    ___    ____    ___    ___    ___    ________    _______    ________    _________    _____    ________    ________    ____________    ________    _________    _________    ________________    _______________    ___________________    ________    ________    ____________________    ______________________    _________________________________________________________________________________________________________________________________________________________________________________________________________________________________________________________________________________________________________________________________________________________________________________________________________________

    539     0       4     50      0        10        false      false        false       0.98          0           0             0           0           0            0               0                   0                    0                    0          0     10-Sep-2024 23:51:32    ""                        "1,1,1,1,1,1,1,1,1,1,1,1,1,1,1,1,1,1,1,1,1,1,1,1,1,1,1,1,1,1,1,1,1,1,1,1,1,1,1,1,1,1,1,1,1,1,1,1,1,1,1,1,1,1,1,1,1,1,1,1,1,1,1,1,1,1,1,1,1,1,1,1,1,1,1,1,1,1,1,1,1,1,1,2,1,1,1,1,1,1,1,1,1,1,1,1,1,1,1,1,2,2,2,2,2,2,2,2,2,2,1,2,2,2,2,2,2,2,2,2,2,2,2,2,2,1,2,1,2,2,2,2,2,2,2,2,2,2,2,2,2,2,2,2,2,2,2,2,2,2,2,2,2,2,2,2,2,2,2,2,2,2,2,2,2,2,2,2,2,2,2,2,2,2,2,2,2,2,2,2,2,2,2,2,2,2,2,2,2,2,2,2,2,2,2,2,2,2,2,2"
    539     1       4     50      0        10        false      false        false       0.98    -3.0562     -3.0562        760.14          10           0            0               0                   0                    0             0.000515    0.87065     10-Sep-2024 23:51:32    "1,2,3,4,5,6,7,8,9,10"    "2,2,2,2,2,2,2,2,2,2,2,2,2,2,2,2,2,2,2,2,2,2,2,2,2,2,2,2,2,2,2,2,2,2,2,2,2,2,2,2,2,2,2,2,2,2,2,2,2,2,2,2,2,2,2,2,2,2,2,2,2,2,2,2,2,2,2,2,2,2,2,2,2,2,2,2,2,2,2,2,2,1,2,1,2,2,2,2,2,2,2,2,2,2,2,2,2,2,2,2,1,1,1,1,1,1,1,1,1,1,2,1,1,1,1,1,1,1,1,1,1,1,1,1,1,2,1,1,1,1,1,1,1,1,1,1,1,1,1,1,1,1,1,1,1,1,1,1,1,1,1,1,1,1,1,1,1,1,1,1,1,1,1,1,1,1,1,1,1,1,1,1,1,1,1,1,1,1,1,1,1,1,1,1,1,1,1,1,1,1,1,1,1,1,1,1,1,1,1,1"
    539     2       4     50      0        10        true       true         false      0.985    -3.0335     -3.0335         761.5          10           0            0               0                   0                    0             0.000618     1.6562     10-Sep-2024 23:51:32    "1,2,3,4,5,6,7,8,9,10"    "2,2,2,2,2,2,2,2,2,2,2,2,2,2,2,2,2,2,2,2,2,2,2,2,2,2,2,2,2,2,2,2,2,2,2,2,2,2,2,2,2,2,2,2,2,2,2,2,2,2,2,2,2,2,2,2,2,2,2,2,2,2,2,2,2,2,2,2,2,2,2,2,2,2,2,2,2,2,2,2,2,2,2,1,2,2,2,2,2,2,2,2,2,2,2,2,2,2,2,2,1,1,1,1,1,1,1,1,1,1,2,1,1,1,1,1,1,1,1,1,1,1,1,1,1,2,1,1,1,1,1,1,1,1,1,1,1,1,1,1,1,1,1,1,1,1,1,1,1,1,1,1,1,1,1,1,1,1,1,1,1,1,1,1,1,1,1,1,1,1,1,1,1,1,1,1,1,1,1,1,1,1,1,1,1,1,1,1,1,1,1,1,1,1,1,1,1,1,1,1"


blfs = 

  block_replication_for_server with properties:

          table_name: 'test'
              db_dir: '/home1/jongminm/sparse_kmeans/sparse_kmeans.db'
      data_generator: [1x1 sparse_symmetric_data_generator]
      number_cluster: 2
          n_iter_max: 100
    window_size_half: 2
         sample_size: 200
         init_method: "spec"
        cluster_true: []
             learner: []
            run_full: 0
     matrix_sparsity: 0
            data_obj: @data_gaussian

replication: (540)th 


1 th thresholding


cutoff =

    0.3957


10 entries survived 
solving SDP...  breakyes=3.2,  dualfeasorg deteriorated too much: primfeasorg=1.14e-06,dualfeasorg=3.12e-05took 4.026337s, relaxed dual: -4.471431, original: 882.228862 

is_stop =

  logical

   0


final_iter =

     1


2 th thresholding


cutoff =

    0.3959


10 entries survived 
solving SDP...  breakyes=1.4,  maxresidual < 1.00e-06took 7.455792s, relaxed dual: -4.466613, original: 886.629132 

is_stop =

  logical

   1


final_iter =

     2


 final iteration = 2 
acc_dict = 

  Map with properties:

        Count: 3
      KeyType: double
    ValueType: double


ans =

  1x3 cell array

    {[0.9800]}    {[0.9700]}    {[0.9850]}


ans =

  1x3 cell array

    {'1,1,1,1,1,1,1,1...'}    {'1,1,1,1,1,1,1,1...'}    {'1,1,1,1,1,1,1,1...'}


database_subtable =

  3x24 table

    rep    iter    sep    dim    rho    sparsity    stop_og    stop_sdp    stop_loop     acc     obj_prim    obj_dual    obj_original    true_pos    false_pos    false_neg    diff_x_tilde_fro    diff_x_tilde_op    diff_x_tilde_ellone    time_est    time_SDP          jobdate              survived_indices                                                                                                                                                                                                          cluster_est                                                                                                                                                                                                   
    ___    ____    ___    ___    ___    ________    _______    ________    _________    _____    ________    ________    ____________    ________    _________    _________    ________________    _______________    ___________________    ________    ________    ____________________    ______________________    _________________________________________________________________________________________________________________________________________________________________________________________________________________________________________________________________________________________________________________________________________________________________________________________________________________

    540     0       4     50      0        10        false      false        false       0.98          0           0             0           0           0            0               0                   0                    0                    0          0     10-Sep-2024 23:51:53    ""                        "1,1,1,1,1,1,1,1,1,1,1,1,1,1,1,1,1,1,1,1,1,1,1,1,1,1,1,1,1,1,1,1,1,1,1,1,1,1,1,2,1,1,1,1,1,1,1,1,1,1,1,2,1,1,1,1,1,1,1,1,1,1,1,1,1,1,1,1,1,1,1,1,1,1,1,1,1,1,1,1,1,1,1,1,1,1,1,1,1,1,1,1,1,1,1,1,1,1,1,2,2,2,2,2,2,2,2,2,2,2,2,2,2,2,2,2,2,2,2,1,2,2,2,2,2,2,2,2,2,2,2,2,2,2,2,2,2,2,2,2,2,2,2,2,2,2,2,2,2,2,2,2,2,2,2,2,2,2,2,2,2,2,2,2,2,2,2,2,2,2,2,2,2,2,2,2,2,2,2,2,2,2,2,2,2,2,2,2,2,2,2,2,2,2,2,2,2,2,2,2"
    540     1       4     50      0        10        false      false        false       0.97    -4.4714     -4.4714        882.23          10           0            0               0                   0                    0             0.000473     4.0263     10-Sep-2024 23:51:53    "1,2,3,4,5,6,7,8,9,10"    "1,1,1,1,1,1,1,1,1,1,1,1,1,1,1,1,1,1,1,1,2,1,1,1,1,1,1,1,1,1,1,1,1,1,1,1,1,1,1,1,1,2,1,1,1,1,2,1,1,1,1,2,1,1,1,1,1,1,1,1,1,1,1,1,1,1,1,1,1,1,1,1,1,1,1,1,1,1,1,1,1,1,1,1,1,1,1,1,1,1,1,1,1,1,1,1,1,1,1,2,2,2,2,2,2,2,2,2,2,2,2,2,2,2,2,2,2,2,2,1,2,2,2,2,2,2,2,2,2,2,2,2,2,2,2,2,2,2,2,2,2,2,2,2,2,2,2,2,2,2,2,2,2,2,2,2,2,2,2,2,2,2,2,2,2,2,2,2,2,2,2,2,2,2,2,2,2,2,2,2,2,2,2,2,2,2,2,2,2,2,2,2,2,2,2,2,2,2,2,2"
    540     2       4     50      0        10        true       true         false      0.985    -4.4666     -4.4666        886.63          10           0            0               0                   0                    0              0.00069     7.4558     10-Sep-2024 23:51:53    "1,2,3,4,5,6,7,8,9,10"    "1,1,1,1,1,1,1,1,1,1,1,1,1,1,1,1,1,1,1,1,1,1,1,1,1,1,1,1,1,1,1,1,1,1,1,1,1,1,1,1,1,1,1,1,1,1,1,1,1,1,1,2,1,1,1,1,1,1,1,1,1,1,1,1,1,1,1,1,1,1,1,1,1,1,1,1,1,1,1,1,1,1,1,1,1,1,1,1,1,1,1,1,1,1,1,1,1,1,1,2,2,2,2,2,2,2,2,2,2,2,2,2,2,2,2,2,2,2,2,1,2,2,2,2,2,2,2,2,2,2,2,2,2,2,2,2,2,2,2,2,2,2,2,2,2,2,2,2,2,2,2,2,2,2,2,2,2,2,2,2,2,2,2,2,2,2,2,2,2,2,2,2,2,2,2,2,2,2,2,2,2,2,2,2,2,2,2,2,2,2,2,2,2,2,2,2,2,2,2,2"

