==========================================
SLURM_JOB_ID = 25533192
SLURM_JOB_NODELIST = b22-03
TMPDIR = /tmp/SLURM_25533192
==========================================
hello
Starting parallel pool (parpool) ...
Connected to the parallel pool (number of workers: 15).

pool = 

 ProcessPool with properties: 

            Connected: true
           NumWorkers: 15
                 Busy: false
              Cluster: Local
        AttachedFiles: {}
    AutoAddClientPath: true
            FileStore: [1x1 parallel.FileStore]
           ValueStore: [1x1 parallel.ValueStore]
          IdleTimeout: 30 minutes (30 minutes remaining)
          SpmdEnabled: true


dimension =

        1500


separation =

     5


sample_size =

   200


table_name =

    'test'


db_dir =

    '/home1/jongminm/sparse_kmeans/sparse_kmeans.db'


rho =

     0


full_run =

  logical

   0


blfs = 

  block_replication_for_server with properties:

          table_name: 'test'
              db_dir: '/home1/jongminm/sparse_kmeans/sparse_kmeans.db'
      data_generator: [1x1 sparse_symmetric_data_generator]
      number_cluster: 2
          n_iter_max: 100
    window_size_half: 2
         sample_size: 200
         init_method: "spec"
        cluster_true: []
             learner: []
            run_full: 0
     matrix_sparsity: 0
            data_obj: @data_gaussian

replication: (141)th 


1 th thresholding


cutoff =

    0.5411


12 entries survived 
solving SDP...  breakyes=1.4,  maxresidual < 1.00e-06took 9.140982s, relaxed dual: -13.617743, original: 1401.588492 

is_stop =

  logical

   0


final_iter =

     1


2 th thresholding


cutoff =

    0.5409


11 entries survived 
solving SDP...  breakyes=1.4,  maxresidual < 1.00e-06took 7.718644s, relaxed dual: -6.584764, original: 1394.748394 

is_stop =

  logical

   0


final_iter =

     1


3 th thresholding


cutoff =

    0.5409


11 entries survived 
solving SDP...  breakyes=1.4,  maxresidual < 1.00e-06took 7.197218s, relaxed dual: -6.584764, original: 1394.748394 

is_stop =

  logical

   1


final_iter =

     3


 final iteration = 3 
acc_dict = 

  Map with properties:

        Count: 4
      KeyType: double
    ValueType: double


ans =

  1x4 cell array

    {[0.9350]}    {[0.9850]}    {[0.9850]}    {[0.9850]}


ans =

  1x4 cell array

  Columns 1 through 3

    {'1,2,1,1,1,1,1,...'}    {'1,1,1,1,1,1,1,...'}    {'2,2,2,2,2,2,2,...'}

  Column 4

    {'2,2,2,2,2,2,2,...'}


database_subtable =

  4x24 table

    rep    iter    sep    dim     rho    sparsity    stop_og    stop_sdp    stop_loop     acc     obj_prim    obj_dual    obj_original    true_pos    false_pos    false_neg    diff_x_tilde_fro    diff_x_tilde_op    diff_x_tilde_ellone    time_est    time_SDP          jobdate                  survived_indices                                                                                                                                                                                                              cluster_est                                                                                                                                                                                                   
    ___    ____    ___    ____    ___    ________    _______    ________    _________    _____    ________    ________    ____________    ________    _________    _________    ________________    _______________    ___________________    ________    ________    ____________________    ______________________________    _________________________________________________________________________________________________________________________________________________________________________________________________________________________________________________________________________________________________________________________________________________________________________________________________________________

    141     0       5     1500     0        10        false      false        false      0.935          0           0             0           0           0            0               0                   0                    0                    0          0     11-Sep-2024 12:43:51    ""                                "1,2,1,1,1,1,1,1,1,1,1,1,1,1,1,1,1,2,1,1,1,1,1,1,1,1,1,1,1,1,1,1,1,1,1,1,1,1,1,1,1,1,1,1,1,1,1,1,1,1,2,1,1,1,1,1,1,1,1,1,1,1,1,1,1,1,1,1,1,2,1,1,1,1,1,2,1,1,1,1,1,1,1,1,1,1,1,1,1,1,1,1,1,1,1,1,1,1,1,1,2,2,2,1,2,2,2,2,2,1,2,2,2,1,2,2,2,2,2,2,2,2,2,2,1,2,2,2,2,2,2,2,2,2,2,2,2,2,2,2,1,2,2,2,2,2,2,2,2,2,2,2,2,2,2,2,2,2,1,2,2,2,2,2,2,2,2,2,2,2,2,2,2,1,2,2,2,2,2,2,2,2,2,2,2,2,2,2,2,2,1,2,2,2,2,2,2,2,2,2"
    141     1       5     1500     0        10        false      false        false      0.985    -13.618     -13.618        1401.6          10           2            0               0                   0                    0             0.024027      9.141     11-Sep-2024 12:43:51    "1,2,3,4,5,6,7,8,9,10,30,1123"    "1,1,1,1,1,1,1,1,1,1,1,1,1,1,1,1,1,2,1,1,1,1,1,1,1,1,1,1,1,1,1,1,1,1,1,1,1,1,1,1,1,1,1,1,1,1,1,1,1,1,1,1,1,1,1,1,1,1,1,1,1,1,1,1,1,1,1,1,1,1,1,1,1,1,1,1,1,1,1,1,1,1,1,1,1,1,1,1,1,1,1,1,1,1,1,1,1,1,1,1,2,2,2,2,2,2,2,2,2,2,2,2,2,2,2,2,2,2,2,2,2,2,2,2,2,2,2,2,2,2,2,2,2,2,2,2,2,2,2,2,2,2,2,2,2,1,2,2,2,2,2,2,2,2,2,2,2,2,2,2,2,2,2,2,2,2,2,2,2,2,2,2,2,2,2,2,2,2,2,2,2,1,2,2,2,2,2,2,2,2,2,2,2,2,2,2,2,2,2,2"
    141     2       5     1500     0        10        true       false        false      0.985    -6.5848     -6.5848        1394.7          10           1            0               0                   0                    0             0.008663     7.7186     11-Sep-2024 12:43:51    "1,2,3,4,5,6,7,8,9,10,1455"       "2,2,2,2,2,2,2,2,2,2,2,2,2,2,2,2,2,1,2,2,2,2,2,2,2,2,2,2,2,2,2,2,2,2,2,2,2,2,2,2,2,2,2,2,2,2,2,2,2,2,2,2,2,2,2,2,2,2,2,2,2,2,2,2,2,2,2,2,2,2,2,2,2,2,2,2,2,2,2,2,2,2,2,2,2,2,2,2,2,2,2,2,2,2,2,2,2,2,2,2,1,1,1,1,1,1,1,1,1,1,1,1,1,1,1,1,1,1,1,1,1,1,1,1,1,1,1,1,1,1,1,1,1,1,1,1,1,1,1,1,1,1,1,1,1,2,1,1,1,1,1,1,1,1,1,1,1,1,1,1,1,1,1,1,1,1,1,1,1,1,1,1,1,1,1,1,1,1,1,1,1,2,1,1,1,1,1,1,1,1,1,1,1,1,1,1,1,1,1,1"
    141     3       5     1500     0        10        false      true         false      0.985    -6.5848     -6.5848        1394.7          10           1            0               0                   0                    0             0.008034     7.1972     11-Sep-2024 12:43:51    "1,2,3,4,5,6,7,8,9,10,1455"       "2,2,2,2,2,2,2,2,2,2,2,2,2,2,2,2,2,1,2,2,2,2,2,2,2,2,2,2,2,2,2,2,2,2,2,2,2,2,2,2,2,2,2,2,2,2,2,2,2,2,2,2,2,2,2,2,2,2,2,2,2,2,2,2,2,2,2,2,2,2,2,2,2,2,2,2,2,2,2,2,2,2,2,2,2,2,2,2,2,2,2,2,2,2,2,2,2,2,2,2,1,1,1,1,1,1,1,1,1,1,1,1,1,1,1,1,1,1,1,1,1,1,1,1,1,1,1,1,1,1,1,1,1,1,1,1,1,1,1,1,1,1,1,1,1,2,1,1,1,1,1,1,1,1,1,1,1,1,1,1,1,1,1,1,1,1,1,1,1,1,1,1,1,1,1,1,1,1,1,1,1,2,1,1,1,1,1,1,1,1,1,1,1,1,1,1,1,1,1,1"


blfs = 

  block_replication_for_server with properties:

          table_name: 'test'
              db_dir: '/home1/jongminm/sparse_kmeans/sparse_kmeans.db'
      data_generator: [1x1 sparse_symmetric_data_generator]
      number_cluster: 2
          n_iter_max: 100
    window_size_half: 2
         sample_size: 200
         init_method: "spec"
        cluster_true: []
             learner: []
            run_full: 0
     matrix_sparsity: 0
            data_obj: @data_gaussian

replication: (142)th 


1 th thresholding


cutoff =

    0.5411


10 entries survived 
solving SDP...  breakyes=1.0,  maxresidual < 1.00e-06took 2.517032s, relaxed dual: -11.102905, original: 1228.511638 

is_stop =

  logical

   0


final_iter =

     1


2 th thresholding


cutoff =

    0.5409


11 entries survived 
solving SDP...  breakyes=1.4,  maxresidual < 1.00e-06took 10.531858s, relaxed dual: -6.852811, original: 1244.600530 

is_stop =

  logical

   0


final_iter =

     1


3 th thresholding


cutoff =

    0.5409


11 entries survived 
solving SDP...  breakyes=1.0,  maxresidual < 1.00e-06took 6.898691s, relaxed dual: -6.874834, original: 1242.641288 

is_stop =

  logical

   1


final_iter =

     3


 final iteration = 3 
acc_dict = 

  Map with properties:

        Count: 4
      KeyType: double
    ValueType: double


ans =

  1x4 cell array

    {[0.9350]}    {[0.9850]}    {[0.9850]}    {[0.9800]}


ans =

  1x4 cell array

  Columns 1 through 3

    {'2,2,2,2,2,2,2,...'}    {'1,1,1,1,1,1,1,...'}    {'2,2,2,2,2,2,2,...'}

  Column 4

    {'2,2,2,2,2,2,2,...'}


database_subtable =

  4x24 table

    rep    iter    sep    dim     rho    sparsity    stop_og    stop_sdp    stop_loop     acc     obj_prim    obj_dual    obj_original    true_pos    false_pos    false_neg    diff_x_tilde_fro    diff_x_tilde_op    diff_x_tilde_ellone    time_est    time_SDP          jobdate                survived_indices                                                                                                                                                                                                            cluster_est                                                                                                                                                                                                   
    ___    ____    ___    ____    ___    ________    _______    ________    _________    _____    ________    ________    ____________    ________    _________    _________    ________________    _______________    ___________________    ________    ________    ____________________    __________________________    _________________________________________________________________________________________________________________________________________________________________________________________________________________________________________________________________________________________________________________________________________________________________________________________________________________

    142     0       5     1500     0        10        false      false        false      0.935          0           0             0           0           0            0               0                   0                    0                    0          0     11-Sep-2024 12:44:42    ""                            "2,2,2,2,2,2,2,2,2,2,2,1,2,2,2,2,2,2,2,2,2,2,2,2,2,2,1,1,1,2,2,2,2,2,2,2,2,2,2,2,2,2,2,2,2,2,2,2,2,2,2,2,2,2,2,2,2,2,2,2,2,2,2,1,2,2,2,2,2,2,2,2,1,2,2,2,2,2,2,2,2,2,1,2,2,2,2,2,2,2,2,2,1,2,2,2,2,2,2,2,1,1,2,1,1,1,1,1,1,1,1,1,1,1,1,1,1,1,1,1,2,1,1,1,1,1,1,1,1,1,1,1,1,1,1,1,2,1,1,1,1,1,1,1,1,1,1,1,1,1,1,1,1,1,1,2,1,1,1,1,1,1,1,1,1,1,1,1,1,1,1,1,1,1,1,1,1,1,1,2,1,1,1,1,1,1,1,1,1,1,1,1,1,1,1,1,1,1,1,1"
    142     1       5     1500     0        10        false      false        false      0.985    -11.103     -11.103        1228.5          10           0            0               0                   0                    0             0.005656      2.517     11-Sep-2024 12:44:42    "1,2,3,4,5,6,7,8,9,10"        "1,1,1,1,1,1,1,1,1,1,1,1,1,1,1,1,1,1,1,1,1,1,1,1,1,1,1,1,1,1,1,1,1,1,1,1,2,1,1,1,1,1,1,1,1,1,1,1,1,1,1,1,1,1,1,1,1,1,1,1,1,1,1,1,1,1,1,1,1,1,1,1,1,1,1,1,1,1,1,1,1,1,1,1,1,1,1,1,1,1,1,1,1,1,1,1,1,1,1,1,2,2,2,2,2,2,2,2,2,2,2,2,2,2,2,2,2,2,2,2,2,2,2,2,2,2,2,2,2,2,2,2,2,2,2,2,1,2,2,2,2,2,2,2,2,2,2,2,2,2,2,2,2,2,2,1,2,2,2,2,2,2,2,2,2,2,2,2,2,2,2,2,2,2,2,2,2,2,2,2,2,2,2,2,2,2,2,2,2,2,2,2,2,2,2,2,2,2,2,2"
    142     2       5     1500     0        10        false      false        false      0.985    -6.8528     -6.8528        1244.6          10           1            0               0                   0                    0             0.012993     10.532     11-Sep-2024 12:44:42    "1,2,3,4,5,6,7,8,9,10,374"    "2,2,2,2,2,2,2,2,2,2,2,2,2,2,2,2,2,2,2,2,2,2,2,2,2,2,1,2,2,2,2,2,2,2,2,2,1,2,2,2,2,2,2,2,2,2,2,2,2,2,2,2,2,2,2,2,2,2,2,2,2,2,2,2,2,2,2,2,2,2,2,2,2,2,2,2,2,2,2,2,2,2,2,2,2,2,2,2,2,2,2,2,2,2,2,2,2,2,2,2,1,1,1,1,1,1,1,1,1,1,1,1,1,1,1,1,1,1,1,1,1,1,1,1,1,1,1,1,1,1,1,1,1,1,1,1,2,1,1,1,1,1,1,1,1,1,1,1,1,1,1,1,1,1,1,1,1,1,1,1,1,1,1,1,1,1,1,1,1,1,1,1,1,1,1,1,1,1,1,1,1,1,1,1,1,1,1,1,1,1,1,1,1,1,1,1,1,1,1,1"
    142     3       5     1500     0        10        true       true         false       0.98    -6.8748     -6.8748        1242.6          10           1            0               0                   0                    0             0.003573     6.8987     11-Sep-2024 12:44:42    "1,2,3,4,5,6,7,8,9,10,374"    "2,2,2,2,2,2,2,2,2,2,2,2,2,2,2,2,2,2,2,2,2,2,2,2,2,2,2,2,2,2,2,2,2,2,2,2,1,2,2,2,2,2,2,2,2,2,2,2,2,2,2,2,2,2,2,2,2,2,2,2,2,2,2,2,2,2,2,2,2,2,2,2,2,2,2,2,2,2,2,2,2,2,2,2,2,2,2,2,2,2,2,2,2,2,2,2,2,2,2,2,1,1,1,1,1,1,1,1,1,1,1,1,1,1,1,1,1,1,1,1,1,1,1,1,1,1,1,1,1,1,1,1,1,1,1,1,2,1,1,1,1,1,1,1,1,1,1,1,1,1,1,1,1,1,2,2,1,1,1,1,1,1,1,1,1,1,1,1,1,1,1,1,1,1,1,1,1,1,1,1,1,1,1,1,1,1,1,1,1,1,1,1,1,1,1,1,1,1,1,1"


blfs = 

  block_replication_for_server with properties:

          table_name: 'test'
              db_dir: '/home1/jongminm/sparse_kmeans/sparse_kmeans.db'
      data_generator: [1x1 sparse_symmetric_data_generator]
      number_cluster: 2
          n_iter_max: 100
    window_size_half: 2
         sample_size: 200
         init_method: "spec"
        cluster_true: []
             learner: []
            run_full: 0
     matrix_sparsity: 0
            data_obj: @data_gaussian

replication: (143)th 


1 th thresholding


cutoff =

    0.5413


10 entries survived 
solving SDP...  breakyes=1.0,  maxresidual < 1.00e-06took 7.715720s, relaxed dual: -11.265415, original: 1219.448786 

is_stop =

  logical

   0


final_iter =

     1


2 th thresholding


cutoff =

    0.5410


10 entries survived 
solving SDP...  breakyes=3.2,  dualfeasorg deteriorated too much: primfeasorg=2.70e-06,dualfeasorg=1.55e-05took 6.084924s, relaxed dual: -5.225044, original: 1215.560621 

is_stop =

  logical

   0


final_iter =

     1


3 th thresholding


cutoff =

    0.5409


10 entries survived 
solving SDP...  breakyes=3.2,  dualfeasorg deteriorated too much: primfeasorg=2.49e-06,dualfeasorg=1.84e-05took 5.932785s, relaxed dual: -5.344542, original: 1219.448786 

is_stop =

  logical

   0


final_iter =

     1


4 th thresholding


cutoff =

    0.5410


10 entries survived 
solving SDP...  breakyes=3.2,  dualfeasorg deteriorated too much: primfeasorg=2.70e-06,dualfeasorg=1.55e-05took 5.656199s, relaxed dual: -5.225044, original: 1215.560621 

is_stop =

  logical

   0


final_iter =

     1


5 th thresholding


cutoff =

    0.5409


10 entries survived 
solving SDP...  breakyes=3.2,  dualfeasorg deteriorated too much: primfeasorg=2.49e-06,dualfeasorg=1.84e-05took 4.496745s, relaxed dual: -5.344542, original: 1219.448786 

is_stop =

  logical

   0


final_iter =

     1


6 th thresholding


cutoff =

    0.5410


10 entries survived 
solving SDP...  breakyes=3.2,  dualfeasorg deteriorated too much: primfeasorg=2.70e-06,dualfeasorg=1.55e-05took 4.446438s, relaxed dual: -5.225044, original: 1215.560621 

change =

         0
   -0.0229
         0
   -0.0229
         0


change =

         0
    0.0032
         0
    0.0032
         0


is_stop =

  logical

   1


final_iter =

     4


 final iteration = 4 
acc_dict = 

  Map with properties:

        Count: 5
      KeyType: double
    ValueType: double


ans =

  1x5 cell array

    {[0.9300]}    {[0.9900]}    {[0.9900]}    {[0.9900]}    {[0.9900]}


ans =

  1x5 cell array

  Columns 1 through 3

    {'1,1,1,1,1,1,1,...'}    {'1,1,1,1,1,1,1,...'}    {'2,2,2,2,2,2,2,...'}

  Columns 4 through 5

    {'2,2,2,2,2,2,2,...'}    {'1,1,1,1,1,1,1,...'}


database_subtable =

  5x24 table

    rep    iter    sep    dim     rho    sparsity    stop_og    stop_sdp    stop_loop    acc     obj_prim    obj_dual    obj_original    true_pos    false_pos    false_neg    diff_x_tilde_fro    diff_x_tilde_op    diff_x_tilde_ellone    time_est    time_SDP          jobdate              survived_indices                                                                                                                                                                                                          cluster_est                                                                                                                                                                                                   
    ___    ____    ___    ____    ___    ________    _______    ________    _________    ____    ________    ________    ____________    ________    _________    _________    ________________    _______________    ___________________    ________    ________    ____________________    ______________________    _________________________________________________________________________________________________________________________________________________________________________________________________________________________________________________________________________________________________________________________________________________________________________________________________________________

    143     0       5     1500     0        10        false      false        false      0.93          0           0             0           0           0            0               0                   0                    0                    0          0     11-Sep-2024 12:45:39    ""                        "1,1,1,1,1,1,1,1,1,2,1,1,1,1,1,1,1,1,1,1,1,2,1,1,1,1,1,1,1,1,1,1,1,1,1,1,1,1,1,1,1,2,1,1,1,1,1,1,1,1,1,1,1,1,1,1,1,1,1,1,1,1,1,1,1,1,1,1,1,1,1,1,1,1,1,1,1,1,2,2,1,1,1,1,1,1,1,1,1,1,1,1,1,1,1,1,1,1,1,1,2,2,2,2,2,2,2,2,1,2,2,1,2,2,1,2,2,2,2,2,2,2,2,2,2,2,2,2,2,2,2,2,2,2,2,1,2,2,1,2,2,2,2,2,2,2,2,2,2,2,2,2,2,2,1,2,1,2,2,2,2,2,2,2,1,2,2,2,2,2,2,2,2,2,2,2,2,2,2,2,2,2,2,2,2,2,2,2,1,2,2,2,2,2,2,2,2,2,2,2"
    143     1       5     1500     0        10        false      false        false      0.99    -11.265     -11.265        1219.4          10           0            0               0                   0                    0              0.00277     7.7157     11-Sep-2024 12:45:39    "1,2,3,4,5,6,7,8,9,10"    "1,1,1,1,1,1,1,1,1,1,1,1,1,1,1,1,1,1,1,1,1,1,1,1,1,1,1,1,1,1,1,1,1,1,1,1,1,1,1,1,1,1,1,1,1,1,1,1,1,1,1,1,1,1,1,1,1,1,1,1,1,1,1,1,1,1,1,1,1,1,1,1,1,1,1,1,1,1,1,1,1,1,1,1,1,1,1,1,1,1,1,1,1,1,1,1,1,1,1,1,2,2,2,2,2,2,2,2,2,2,2,2,2,2,2,2,2,2,2,2,2,2,2,2,2,2,2,2,2,2,2,2,2,2,2,2,2,2,2,2,2,2,2,2,2,2,2,2,2,2,2,2,2,2,1,2,2,2,2,2,2,2,2,2,2,2,2,2,2,2,2,1,2,2,2,2,2,2,2,2,2,2,2,2,2,2,2,2,2,2,2,2,2,2,2,2,2,2,2,2"
    143     2       5     1500     0        10        true       false        false      0.99     -5.225      -5.225        1215.6          10           0            0               0                   0                    0             0.002103     6.0849     11-Sep-2024 12:45:39    "1,2,3,4,5,6,7,8,9,10"    "2,2,2,2,2,2,2,2,2,2,2,2,2,2,2,2,2,2,2,2,2,2,2,2,2,2,2,2,2,2,2,2,2,2,2,2,2,2,2,2,2,2,2,2,2,2,2,2,2,2,2,2,2,2,2,2,2,2,2,2,2,2,2,2,2,2,2,2,2,2,2,2,2,2,2,2,2,2,2,2,2,2,2,2,2,2,2,2,2,2,2,2,2,2,2,2,2,1,2,2,1,1,1,1,1,1,1,1,1,1,1,1,1,1,1,1,1,1,1,1,1,1,1,1,1,1,1,1,1,1,1,1,1,1,1,1,1,1,1,1,1,1,1,1,1,1,1,1,1,1,1,1,1,1,2,1,1,1,1,1,1,1,1,1,1,1,1,1,1,1,1,1,1,1,1,1,1,1,1,1,1,1,1,1,1,1,1,1,1,1,1,1,1,1,1,1,1,1,1,1"
    143     3       5     1500     0        10        false      false        false      0.99    -5.3446     -5.3445        1219.4          10           0            0               0                   0                    0             0.002979     5.9328     11-Sep-2024 12:45:39    "1,2,3,4,5,6,7,8,9,10"    "2,2,2,2,2,2,2,2,2,2,2,2,2,2,2,2,2,2,2,2,2,2,2,2,2,2,2,2,2,2,2,2,2,2,2,2,2,2,2,2,2,2,2,2,2,2,2,2,2,2,2,2,2,2,2,2,2,2,2,2,2,2,2,2,2,2,2,2,2,2,2,2,2,2,2,2,2,2,2,2,2,2,2,2,2,2,2,2,2,2,2,2,2,2,2,2,2,2,2,2,1,1,1,1,1,1,1,1,1,1,1,1,1,1,1,1,1,1,1,1,1,1,1,1,1,1,1,1,1,1,1,1,1,1,1,1,1,1,1,1,1,1,1,1,1,1,1,1,1,1,1,1,1,1,2,1,1,1,1,1,1,1,1,1,1,1,1,1,1,1,1,2,1,1,1,1,1,1,1,1,1,1,1,1,1,1,1,1,1,1,1,1,1,1,1,1,1,1,1,1"
    143     4       5     1500     0        10        false      false        true       0.99     -5.225      -5.225        1215.6          10           0            0               0                   0                    0             0.003008     5.6562     11-Sep-2024 12:45:39    "1,2,3,4,5,6,7,8,9,10"    "1,1,1,1,1,1,1,1,1,1,1,1,1,1,1,1,1,1,1,1,1,1,1,1,1,1,1,1,1,1,1,1,1,1,1,1,1,1,1,1,1,1,1,1,1,1,1,1,1,1,1,1,1,1,1,1,1,1,1,1,1,1,1,1,1,1,1,1,1,1,1,1,1,1,1,1,1,1,1,1,1,1,1,1,1,1,1,1,1,1,1,1,1,1,1,1,1,2,1,1,2,2,2,2,2,2,2,2,2,2,2,2,2,2,2,2,2,2,2,2,2,2,2,2,2,2,2,2,2,2,2,2,2,2,2,2,2,2,2,2,2,2,2,2,2,2,2,2,2,2,2,2,2,2,1,2,2,2,2,2,2,2,2,2,2,2,2,2,2,2,2,2,2,2,2,2,2,2,2,2,2,2,2,2,2,2,2,2,2,2,2,2,2,2,2,2,2,2,2,2"


blfs = 

  block_replication_for_server with properties:

          table_name: 'test'
              db_dir: '/home1/jongminm/sparse_kmeans/sparse_kmeans.db'
      data_generator: [1x1 sparse_symmetric_data_generator]
      number_cluster: 2
          n_iter_max: 100
    window_size_half: 2
         sample_size: 200
         init_method: "spec"
        cluster_true: []
             learner: []
            run_full: 0
     matrix_sparsity: 0
            data_obj: @data_gaussian

replication: (144)th 


1 th thresholding


cutoff =

    0.5409


10 entries survived 
solving SDP...  breakyes=3.2,  dualfeasorg deteriorated too much: primfeasorg=2.06e-06,dualfeasorg=1.05e-05took 3.785840s, relaxed dual: -10.740677, original: 1437.683871 

is_stop =

  logical

   0


final_iter =

     1


2 th thresholding


cutoff =

    0.5409


10 entries survived 
solving SDP...  breakyes=3.2,  dualfeasorg deteriorated too much: primfeasorg=1.52e-06,dualfeasorg=2.85e-05took 4.695021s, relaxed dual: -7.198541, original: 1435.925205 

is_stop =

  logical

   0


final_iter =

     1


3 th thresholding


cutoff =

    0.5409


10 entries survived 
solving SDP...  breakyes=3.2,  dualfeasorg deteriorated too much: primfeasorg=2.39e-06,dualfeasorg=1.82e-05took 3.601510s, relaxed dual: -7.260660, original: 1437.683871 

is_stop =

  logical

   1


final_iter =

     3


 final iteration = 3 
acc_dict = 

  Map with properties:

        Count: 4
      KeyType: double
    ValueType: double


ans =

  1x4 cell array

    {[0.9650]}    {[0.9900]}    {[0.9950]}    {[0.9900]}


ans =

  1x4 cell array

  Columns 1 through 3

    {'2,2,2,2,2,2,2,...'}    {'1,1,1,1,1,1,1,...'}    {'1,1,1,1,1,1,1,...'}

  Column 4

    {'2,2,2,2,2,2,2,...'}


database_subtable =

  4x24 table

    rep    iter    sep    dim     rho    sparsity    stop_og    stop_sdp    stop_loop     acc     obj_prim    obj_dual    obj_original    true_pos    false_pos    false_neg    diff_x_tilde_fro    diff_x_tilde_op    diff_x_tilde_ellone    time_est    time_SDP          jobdate              survived_indices                                                                                                                                                                                                          cluster_est                                                                                                                                                                                                   
    ___    ____    ___    ____    ___    ________    _______    ________    _________    _____    ________    ________    ____________    ________    _________    _________    ________________    _______________    ___________________    ________    ________    ____________________    ______________________    _________________________________________________________________________________________________________________________________________________________________________________________________________________________________________________________________________________________________________________________________________________________________________________________________________________

    144     0       5     1500     0        10        false      false        false      0.965          0           0             0           0           0            0               0                   0                    0                    0          0     11-Sep-2024 12:46:20    ""                        "2,2,2,2,2,2,2,2,2,2,2,2,2,2,2,2,1,2,2,2,2,2,2,2,2,2,2,2,2,2,2,2,2,2,2,2,2,2,2,2,2,2,2,2,2,2,2,2,2,2,2,2,2,2,2,2,2,2,2,2,2,2,2,2,2,2,2,2,2,2,2,2,2,2,1,2,2,1,2,2,2,2,2,2,2,2,2,2,2,2,2,2,2,2,2,2,2,2,2,2,1,1,1,1,1,2,1,1,1,1,1,1,1,1,1,1,1,1,1,1,1,1,1,1,1,1,2,1,1,1,1,1,1,1,1,1,1,1,1,1,1,1,1,1,1,1,1,1,1,1,1,1,1,1,1,1,1,1,1,1,1,1,1,1,1,1,1,1,1,1,1,1,1,1,1,1,1,1,1,1,1,2,1,1,1,1,2,1,1,1,1,1,1,1,1,1,1,1,1,1"
    144     1       5     1500     0        10        false      false        false       0.99    -10.741     -10.741        1437.7          10           0            0               0                   0                    0             0.002313     3.7858     11-Sep-2024 12:46:20    "1,2,3,4,5,6,7,8,9,10"    "1,1,1,1,1,1,1,1,1,1,1,1,1,1,1,1,1,1,1,1,1,1,1,1,1,1,1,1,1,1,1,1,1,1,1,1,1,1,1,1,1,1,1,1,1,1,1,1,1,1,1,1,1,1,1,1,1,1,1,1,1,1,1,1,1,1,1,1,1,1,1,1,2,1,1,1,1,1,1,1,1,1,1,1,1,1,1,1,1,1,1,1,1,1,1,1,1,1,1,1,2,2,2,2,2,2,2,2,2,2,2,2,2,2,2,2,2,2,2,2,2,2,2,2,2,2,2,2,2,2,2,2,2,2,2,2,2,2,2,2,2,2,2,2,2,2,2,2,2,2,2,2,2,2,2,2,2,2,2,2,2,2,2,2,2,2,2,2,2,2,2,2,2,2,2,2,2,2,2,2,2,2,2,2,1,2,2,2,2,2,2,2,2,2,2,2,2,2,2,2"
    144     2       5     1500     0        10        true       false        false      0.995    -7.1985     -7.1985        1435.9          10           0            0               0                   0                    0             0.003422      4.695     11-Sep-2024 12:46:20    "1,2,3,4,5,6,7,8,9,10"    "1,1,1,1,1,1,1,1,1,1,1,1,1,1,1,1,1,1,1,1,1,1,1,1,1,1,1,1,1,1,1,1,1,1,1,1,1,1,1,1,1,1,1,1,1,1,1,1,1,1,1,1,1,1,1,1,1,1,1,1,1,1,1,1,1,1,1,1,1,1,1,1,1,1,1,1,1,1,1,1,1,1,1,1,1,1,1,1,1,1,1,1,1,1,1,1,1,1,1,1,2,2,2,2,2,2,2,2,2,2,2,2,2,2,2,2,2,2,2,2,2,2,2,2,2,2,2,2,2,2,2,2,2,2,2,2,2,2,2,2,2,2,2,2,2,2,2,2,2,2,2,2,2,2,2,2,2,2,2,2,2,2,2,2,2,2,2,2,2,2,2,2,2,2,2,2,2,2,2,2,2,2,2,2,1,2,2,2,2,2,2,2,2,2,2,2,2,2,2,2"
    144     3       5     1500     0        10        false      true         false       0.99    -7.2607     -7.2607        1437.7          10           0            0               0                   0                    0              0.00224     3.6015     11-Sep-2024 12:46:20    "1,2,3,4,5,6,7,8,9,10"    "2,2,2,2,2,2,2,2,2,2,2,2,2,2,2,2,2,2,2,2,2,2,2,2,2,2,2,2,2,2,2,2,2,2,2,2,2,2,2,2,2,2,2,2,2,2,2,2,2,2,2,2,2,2,2,2,2,2,2,2,2,2,2,2,2,2,2,2,2,2,2,2,1,2,2,2,2,2,2,2,2,2,2,2,2,2,2,2,2,2,2,2,2,2,2,2,2,2,2,2,1,1,1,1,1,1,1,1,1,1,1,1,1,1,1,1,1,1,1,1,1,1,1,1,1,1,1,1,1,1,1,1,1,1,1,1,1,1,1,1,1,1,1,1,1,1,1,1,1,1,1,1,1,1,1,1,1,1,1,1,1,1,1,1,1,1,1,1,1,1,1,1,1,1,1,1,1,1,1,1,1,1,1,1,2,1,1,1,1,1,1,1,1,1,1,1,1,1,1,1"

