==========================================
SLURM_JOB_ID = 25534638
SLURM_JOB_NODELIST = a02-04
TMPDIR = /tmp/SLURM_25534638
==========================================
hello
Starting parallel pool (parpool) ...
Connected to the parallel pool (number of workers: 15).

pool = 

 ProcessPool with properties: 

            Connected: true
           NumWorkers: 15
                 Busy: false
              Cluster: Local
        AttachedFiles: {}
    AutoAddClientPath: true
            FileStore: [1x1 parallel.FileStore]
           ValueStore: [1x1 parallel.ValueStore]
          IdleTimeout: 30 minutes (30 minutes remaining)
          SpmdEnabled: true


dimension =

        5000


separation =

     5


sample_size =

   200


table_name =

    'test'


db_dir =

    '/home1/jongminm/sparse_kmeans/sparse_kmeans.db'


rho =

     0


full_run =

  logical

   0


blfs = 

  block_replication_for_server with properties:

          table_name: 'test'
              db_dir: '/home1/jongminm/sparse_kmeans/sparse_kmeans.db'
      data_generator: [1x1 sparse_symmetric_data_generator]
      number_cluster: 2
          n_iter_max: 100
    window_size_half: 2
         sample_size: 200
         init_method: "spec"
        cluster_true: []
             learner: []
            run_full: 0
     matrix_sparsity: 0
            data_obj: @data_gaussian

replication: (189)th 


1 th thresholding


cutoff =

    0.5872


4 entries survived 
solving SDP...  breakyes = 1.0,  maxresidual < 1.00e-04  breakyes=3.2,  dualfeasorg deteriorated too much: primfeasorg=1.52e-06,dualfeasorg=5.02e-05took 5.122002s, relaxed dual: -6.849158, original: 469.159228 

is_stop =

  logical

   0


final_iter =

     1


2 th thresholding


cutoff =

    0.5842


11 entries survived 
solving SDP...  breakyes=1.0,  maxresidual < 1.00e-06took 4.420384s, relaxed dual: -15.620012, original: 1151.134736 

is_stop =

  logical

   0


final_iter =

     1


3 th thresholding


cutoff =

    0.5837


10 entries survived 
solving SDP...  breakyes=1.4,  maxresidual < 1.00e-06took 5.728350s, relaxed dual: -6.380043, original: 1141.788122 

is_stop =

  logical

   0


final_iter =

     1


4 th thresholding


cutoff =

    0.5837


10 entries survived 
solving SDP...  breakyes=1.0,  maxresidual < 1.00e-06took 2.813180s, relaxed dual: -6.148252, original: 1144.164780 

is_stop =

  logical

   0


final_iter =

     1


5 th thresholding


cutoff =

    0.5837


10 entries survived 
solving SDP...  breakyes=1.0,  maxresidual < 1.00e-06took 3.874890s, relaxed dual: -6.084629, original: 1138.127797 

is_stop =

  logical

   0


final_iter =

     1


6 th thresholding


cutoff =

    0.5838


10 entries survived 
solving SDP...  breakyes=1.0,  maxresidual < 1.00e-06took 1.762244s, relaxed dual: -6.256385, original: 1144.164780 

change =

   -1.5406
   -0.0377
         0
   -0.0103
   -0.0176


change =

    0.0061
    0.0021
         0
    0.0053
         0


is_stop =

  logical

   1


final_iter =

     4


 final iteration = 4 
acc_dict = 

  Map with properties:

        Count: 5
      KeyType: double
    ValueType: double


ans =

  1x5 cell array

    {[0.5950]}    {[0.8800]}    {[0.9850]}    {[0.9950]}    {[1]}


ans =

  1x5 cell array

  Columns 1 through 3

    {'2,2,1,1,2,2,2,...'}    {'1,1,1,1,2,1,2,...'}    {'2,2,2,2,2,2,2,...'}

  Columns 4 through 5

    {'1,1,1,1,1,1,1,...'}    {'1,1,1,1,1,1,1,...'}


database_subtable =

  5x24 table

    rep    iter    sep    dim     rho    sparsity    stop_og    stop_sdp    stop_loop     acc     obj_prim    obj_dual    obj_original    true_pos    false_pos    false_neg    diff_x_tilde_fro    diff_x_tilde_op    diff_x_tilde_ellone    time_est    time_SDP          jobdate                survived_indices                                                                                                                                                                                                             cluster_est                                                                                                                                                                                                   
    ___    ____    ___    ____    ___    ________    _______    ________    _________    _____    ________    ________    ____________    ________    _________    _________    ________________    _______________    ___________________    ________    ________    ____________________    ___________________________    _________________________________________________________________________________________________________________________________________________________________________________________________________________________________________________________________________________________________________________________________________________________________________________________________________________

    189     0       5     5000     0        10        false      false        false      0.595          0           0             0           0           0            0               0                   0                    0                    0          0     11-Sep-2024 14:11:10    ""                             "2,2,1,1,2,2,2,1,2,1,1,1,1,2,2,1,2,2,2,2,1,2,1,2,1,1,1,1,2,2,1,1,1,2,2,1,1,1,1,1,2,2,1,1,1,1,2,1,2,1,1,2,2,2,2,2,1,2,1,2,1,1,2,1,1,1,1,2,2,1,2,1,1,1,2,2,1,2,2,1,2,1,2,1,1,1,1,1,2,2,2,1,1,1,2,2,1,2,2,1,2,2,2,2,2,1,2,2,2,2,2,2,2,2,2,2,2,2,2,2,2,2,1,1,1,2,2,1,1,1,1,2,1,2,1,2,1,1,1,1,1,2,2,1,2,1,1,2,1,1,2,2,2,2,1,2,2,2,2,2,2,1,1,2,2,2,1,1,2,2,2,2,2,1,2,2,2,2,2,2,1,1,2,1,2,2,1,1,1,2,1,2,2,2,2,2,1,2,1,2"
    189     1       5     5000     0        10        false      false        false       0.88    -6.8492     -6.8492        469.16           3           1            7               0                   0                    0             0.018421      5.122     11-Sep-2024 14:11:10    "3,5,9,1984"                   "1,1,1,1,2,1,2,1,1,1,2,1,2,1,1,1,1,1,2,2,1,1,1,2,1,1,1,1,2,1,1,1,1,1,1,1,1,1,1,1,1,1,1,1,1,1,1,1,1,1,1,1,1,1,1,1,1,1,1,1,1,1,1,1,1,1,1,1,1,1,1,1,1,1,1,1,1,1,1,1,1,1,1,1,2,1,1,1,1,1,2,1,1,1,1,1,1,1,1,1,2,2,2,2,2,2,2,2,1,1,2,2,2,2,1,1,2,2,2,2,2,1,2,2,2,2,2,2,2,2,2,2,2,1,2,2,1,2,1,1,2,2,2,2,2,2,1,2,1,2,2,2,2,2,2,2,1,2,2,2,2,1,2,2,2,2,2,2,2,2,2,2,2,2,2,2,2,2,2,2,2,2,2,2,2,2,2,2,1,2,2,2,2,2,2,2,2,2,2,2"
    189     2       5     5000     0        10        false      false        false      0.985     -15.62      -15.62        1151.1          10           1            0               0                   0                    0             0.009186     4.4204     11-Sep-2024 14:11:10    "1,2,3,4,5,6,7,8,9,10,4375"    "2,2,2,2,2,2,2,2,2,2,2,2,2,2,2,2,2,2,2,2,2,2,2,2,2,2,2,2,2,2,2,2,2,2,2,2,1,2,2,2,2,2,2,2,2,2,2,2,2,2,2,2,2,2,2,2,2,2,2,2,2,2,2,2,2,2,2,2,2,2,2,2,2,2,2,2,2,2,2,2,2,2,2,2,2,2,2,2,2,2,2,2,2,2,2,2,2,2,2,2,1,1,1,1,1,1,1,1,1,1,1,1,1,1,1,1,1,1,1,1,1,1,1,2,1,1,1,1,1,1,1,1,1,1,1,1,1,1,1,1,1,1,1,1,1,1,1,1,1,1,1,1,1,1,1,1,1,1,1,1,1,1,1,1,1,1,2,1,1,1,1,1,1,1,1,1,1,1,1,1,1,1,1,1,1,1,1,1,1,1,1,1,1,1,1,1,1,1,1,1"
    189     3       5     5000     0        10        true       false        false      0.995      -6.38       -6.38        1141.8          10           0            0               0                   0                    0             0.009784     5.7283     11-Sep-2024 14:11:10    "1,2,3,4,5,6,7,8,9,10"         "1,1,1,1,1,1,1,1,1,1,1,1,1,1,1,1,1,1,1,2,1,1,1,1,1,1,1,1,1,1,1,1,1,1,1,1,1,1,1,1,1,1,1,1,1,1,1,1,1,1,1,1,1,1,1,1,1,1,1,1,1,1,1,1,1,1,1,1,1,1,1,1,1,1,1,1,1,1,1,1,1,1,1,1,1,1,1,1,1,1,1,1,1,1,1,1,1,1,1,1,2,2,2,2,2,2,2,2,2,2,2,2,2,2,2,2,2,2,2,2,2,2,2,2,2,2,2,2,2,2,2,2,2,2,2,2,2,2,2,2,2,2,2,2,2,2,2,2,2,2,2,2,2,2,2,2,2,2,2,2,2,2,2,2,2,2,2,2,2,2,2,2,2,2,2,2,2,2,2,2,2,2,2,2,2,2,2,2,2,2,2,2,2,2,2,2,2,2,2,2"
    189     4       5     5000     0        10        false      false        true           1    -6.1482     -6.1483        1144.2          10           0            0               0                   0                    0              0.00717     2.8132     11-Sep-2024 14:11:10    "1,2,3,4,5,6,7,8,9,10"         "1,1,1,1,1,1,1,1,1,1,1,1,1,1,1,1,1,1,1,1,1,1,1,1,1,1,1,1,1,1,1,1,1,1,1,1,1,1,1,1,1,1,1,1,1,1,1,1,1,1,1,1,1,1,1,1,1,1,1,1,1,1,1,1,1,1,1,1,1,1,1,1,1,1,1,1,1,1,1,1,1,1,1,1,1,1,1,1,1,1,1,1,1,1,1,1,1,1,1,1,2,2,2,2,2,2,2,2,2,2,2,2,2,2,2,2,2,2,2,2,2,2,2,2,2,2,2,2,2,2,2,2,2,2,2,2,2,2,2,2,2,2,2,2,2,2,2,2,2,2,2,2,2,2,2,2,2,2,2,2,2,2,2,2,2,2,2,2,2,2,2,2,2,2,2,2,2,2,2,2,2,2,2,2,2,2,2,2,2,2,2,2,2,2,2,2,2,2,2,2"


blfs = 

  block_replication_for_server with properties:

          table_name: 'test'
              db_dir: '/home1/jongminm/sparse_kmeans/sparse_kmeans.db'
      data_generator: [1x1 sparse_symmetric_data_generator]
      number_cluster: 2
          n_iter_max: 100
    window_size_half: 2
         sample_size: 200
         init_method: "spec"
        cluster_true: []
             learner: []
            run_full: 0
     matrix_sparsity: 0
            data_obj: @data_gaussian

replication: (190)th 


1 th thresholding


cutoff =

    0.5839


11 entries survived 
solving SDP...  breakyes=3.2,  dualfeasorg deteriorated too much: primfeasorg=4.68e-05,dualfeasorg=2.10e-04took 3.337352s, relaxed dual: -27.130187, original: 1160.418398 

is_stop =

  logical

   0


final_iter =

     1


2 th thresholding


cutoff =

    0.5837


10 entries survived 
solving SDP...  breakyes=1.4,  maxresidual < 1.00e-06took 5.650995s, relaxed dual: -5.862785, original: 1154.279053 

is_stop =

  logical

   0


final_iter =

     1


3 th thresholding


cutoff =

    0.5837


10 entries survived 
solving SDP...  breakyes=1.4,  maxresidual < 1.00e-06took 6.157669s, relaxed dual: -5.862785, original: 1154.279053 

is_stop =

  logical

   1


final_iter =

     3


 final iteration = 3 
acc_dict = 

  Map with properties:

        Count: 4
      KeyType: double
    ValueType: double


ans =

  1x4 cell array

    {[0.7550]}    {[1]}    {[1]}    {[1]}


ans =

  1x4 cell array

  Columns 1 through 3

    {'1,2,1,1,1,2,1,...'}    {'1,1,1,1,1,1,1,...'}    {'1,1,1,1,1,1,1,...'}

  Column 4

    {'1,1,1,1,1,1,1,...'}


database_subtable =

  4x24 table

    rep    iter    sep    dim     rho    sparsity    stop_og    stop_sdp    stop_loop     acc     obj_prim    obj_dual    obj_original    true_pos    false_pos    false_neg    diff_x_tilde_fro    diff_x_tilde_op    diff_x_tilde_ellone    time_est    time_SDP          jobdate                survived_indices                                                                                                                                                                                                             cluster_est                                                                                                                                                                                                   
    ___    ____    ___    ____    ___    ________    _______    ________    _________    _____    ________    ________    ____________    ________    _________    _________    ________________    _______________    ___________________    ________    ________    ____________________    ___________________________    _________________________________________________________________________________________________________________________________________________________________________________________________________________________________________________________________________________________________________________________________________________________________________________________________________________

    190     0       5     5000     0        10        false      false        false      0.755          0           0             0           0           0            0               0                   0                    0                    0          0     11-Sep-2024 14:11:38    ""                             "1,2,1,1,1,2,1,2,2,1,1,2,1,1,1,1,1,2,1,1,1,1,1,2,2,1,1,1,1,2,1,1,1,1,1,1,2,1,1,1,1,1,1,1,1,1,2,1,2,2,2,1,1,2,1,2,1,1,1,2,2,2,1,2,1,2,2,1,1,1,1,1,1,1,2,1,1,2,1,1,1,1,1,2,1,1,1,1,1,1,1,1,1,1,1,1,2,1,1,1,2,1,2,2,1,2,2,1,2,1,2,1,2,2,2,1,2,2,1,2,2,2,2,2,2,2,1,2,2,2,2,2,2,2,2,2,2,1,2,2,2,2,2,1,2,2,2,2,2,1,2,2,1,2,2,2,2,2,2,2,1,2,1,2,2,1,2,2,2,2,2,1,2,2,2,1,1,2,2,2,2,2,2,1,2,2,2,2,1,1,2,2,2,2,2,2,1,2,2,1"
    190     1       5     5000     0        10        false      false        false          1    -27.129      -27.13        1160.4          10           1            0               0                   0                    0             0.004902     3.3374     11-Sep-2024 14:11:38    "1,2,3,4,5,6,7,8,9,10,4879"    "1,1,1,1,1,1,1,1,1,1,1,1,1,1,1,1,1,1,1,1,1,1,1,1,1,1,1,1,1,1,1,1,1,1,1,1,1,1,1,1,1,1,1,1,1,1,1,1,1,1,1,1,1,1,1,1,1,1,1,1,1,1,1,1,1,1,1,1,1,1,1,1,1,1,1,1,1,1,1,1,1,1,1,1,1,1,1,1,1,1,1,1,1,1,1,1,1,1,1,1,2,2,2,2,2,2,2,2,2,2,2,2,2,2,2,2,2,2,2,2,2,2,2,2,2,2,2,2,2,2,2,2,2,2,2,2,2,2,2,2,2,2,2,2,2,2,2,2,2,2,2,2,2,2,2,2,2,2,2,2,2,2,2,2,2,2,2,2,2,2,2,2,2,2,2,2,2,2,2,2,2,2,2,2,2,2,2,2,2,2,2,2,2,2,2,2,2,2,2,2"
    190     2       5     5000     0        10        true       false        false          1    -5.8628     -5.8628        1154.3          10           0            0               0                   0                    0             0.003747      5.651     11-Sep-2024 14:11:38    "1,2,3,4,5,6,7,8,9,10"         "1,1,1,1,1,1,1,1,1,1,1,1,1,1,1,1,1,1,1,1,1,1,1,1,1,1,1,1,1,1,1,1,1,1,1,1,1,1,1,1,1,1,1,1,1,1,1,1,1,1,1,1,1,1,1,1,1,1,1,1,1,1,1,1,1,1,1,1,1,1,1,1,1,1,1,1,1,1,1,1,1,1,1,1,1,1,1,1,1,1,1,1,1,1,1,1,1,1,1,1,2,2,2,2,2,2,2,2,2,2,2,2,2,2,2,2,2,2,2,2,2,2,2,2,2,2,2,2,2,2,2,2,2,2,2,2,2,2,2,2,2,2,2,2,2,2,2,2,2,2,2,2,2,2,2,2,2,2,2,2,2,2,2,2,2,2,2,2,2,2,2,2,2,2,2,2,2,2,2,2,2,2,2,2,2,2,2,2,2,2,2,2,2,2,2,2,2,2,2,2"
    190     3       5     5000     0        10        false      true         false          1    -5.8628     -5.8628        1154.3          10           0            0               0                   0                    0             0.004471     6.1577     11-Sep-2024 14:11:38    "1,2,3,4,5,6,7,8,9,10"         "1,1,1,1,1,1,1,1,1,1,1,1,1,1,1,1,1,1,1,1,1,1,1,1,1,1,1,1,1,1,1,1,1,1,1,1,1,1,1,1,1,1,1,1,1,1,1,1,1,1,1,1,1,1,1,1,1,1,1,1,1,1,1,1,1,1,1,1,1,1,1,1,1,1,1,1,1,1,1,1,1,1,1,1,1,1,1,1,1,1,1,1,1,1,1,1,1,1,1,1,2,2,2,2,2,2,2,2,2,2,2,2,2,2,2,2,2,2,2,2,2,2,2,2,2,2,2,2,2,2,2,2,2,2,2,2,2,2,2,2,2,2,2,2,2,2,2,2,2,2,2,2,2,2,2,2,2,2,2,2,2,2,2,2,2,2,2,2,2,2,2,2,2,2,2,2,2,2,2,2,2,2,2,2,2,2,2,2,2,2,2,2,2,2,2,2,2,2,2,2"


blfs = 

  block_replication_for_server with properties:

          table_name: 'test'
              db_dir: '/home1/jongminm/sparse_kmeans/sparse_kmeans.db'
      data_generator: [1x1 sparse_symmetric_data_generator]
      number_cluster: 2
          n_iter_max: 100
    window_size_half: 2
         sample_size: 200
         init_method: "spec"
        cluster_true: []
             learner: []
            run_full: 0
     matrix_sparsity: 0
            data_obj: @data_gaussian

replication: (191)th 


1 th thresholding


cutoff =

    0.5837


8 entries survived 
solving SDP...  breakyes=1.3,  maxresidual < 1.00e-06took 4.824167s, relaxed dual: -25.294089, original: 1014.790316 

is_stop =

  logical

   0


final_iter =

     1


2 th thresholding


cutoff =

    0.5837


10 entries survived 
solving SDP...  breakyes=1.4,  maxresidual < 1.00e-06took 4.716804s, relaxed dual: -5.647570, original: 1230.992554 

is_stop =

  logical

   0


final_iter =

     1


3 th thresholding


cutoff =

    0.5837


10 entries survived 
solving SDP...  breakyes=1.0,  maxresidual < 1.00e-06took 1.279031s, relaxed dual: -5.737597, original: 1233.862917 

is_stop =

  logical

   0


final_iter =

     1


4 th thresholding


cutoff =

    0.5837


10 entries survived 
solving SDP...  breakyes=1.4,  maxresidual < 1.00e-06took 5.052277s, relaxed dual: -5.647570, original: 1230.992554 

is_stop =

  logical

   0


final_iter =

     1


5 th thresholding


cutoff =

    0.5837


10 entries survived 
solving SDP...  breakyes=1.0,  maxresidual < 1.00e-06took 1.249229s, relaxed dual: -5.737597, original: 1233.862917 

is_stop =

  logical

   0


final_iter =

     1


6 th thresholding


cutoff =

    0.5837


10 entries survived 
solving SDP...  breakyes=1.4,  maxresidual < 1.00e-06took 4.724333s, relaxed dual: -5.647570, original: 1230.992554 

change =

         0
   -0.0159
         0
   -0.0159
         0


change =

         0
    0.0023
         0
    0.0023
         0


is_stop =

  logical

   1


final_iter =

     4


 final iteration = 4 
acc_dict = 

  Map with properties:

        Count: 5
      KeyType: double
    ValueType: double


ans =

  1x5 cell array

    {[0.6850]}    {[0.9900]}    {[1]}    {[0.9900]}    {[1]}


ans =

  1x5 cell array

  Columns 1 through 3

    {'1,1,1,2,2,1,1,...'}    {'1,1,1,1,1,1,1,...'}    {'1,1,1,1,1,1,1,...'}

  Columns 4 through 5

    {'2,2,2,2,2,2,2,...'}    {'1,1,1,1,1,1,1,...'}


database_subtable =

  5x24 table

    rep    iter    sep    dim     rho    sparsity    stop_og    stop_sdp    stop_loop     acc     obj_prim    obj_dual    obj_original    true_pos    false_pos    false_neg    diff_x_tilde_fro    diff_x_tilde_op    diff_x_tilde_ellone    time_est    time_SDP          jobdate              survived_indices                                                                                                                                                                                                          cluster_est                                                                                                                                                                                                   
    ___    ____    ___    ____    ___    ________    _______    ________    _________    _____    ________    ________    ____________    ________    _________    _________    ________________    _______________    ___________________    ________    ________    ____________________    ______________________    _________________________________________________________________________________________________________________________________________________________________________________________________________________________________________________________________________________________________________________________________________________________________________________________________________________

    191     0       5     5000     0        10        false      false        false      0.685          0           0             0           0           0            0               0                   0                    0                    0          0     11-Sep-2024 14:12:25    ""                        "1,1,1,2,2,1,1,2,1,2,1,2,1,1,1,1,1,1,1,1,1,1,1,1,2,1,2,1,2,1,1,1,1,2,2,1,1,1,1,2,1,1,1,1,1,1,1,1,1,2,2,2,1,2,1,2,1,1,1,2,1,1,2,1,1,2,1,1,1,1,1,2,2,2,2,1,1,1,1,1,1,1,1,2,2,1,2,1,2,1,2,1,2,1,1,1,2,1,1,2,2,1,2,1,2,2,1,1,1,2,2,2,2,2,2,2,2,2,2,2,2,2,2,2,2,2,2,2,2,2,2,1,2,1,2,1,2,2,2,1,2,2,1,1,2,1,1,1,2,2,1,1,1,2,2,2,2,2,2,1,2,2,2,2,1,1,1,2,2,1,2,1,2,1,2,2,2,1,2,2,2,2,1,2,2,2,1,1,1,2,2,2,1,2,2,2,2,1,1,2"
    191     1       5     5000     0        10        false      false        false       0.99    -25.294     -25.294        1014.8           8           0            2               0                   0                    0             0.004032     4.8242     11-Sep-2024 14:12:25    "2,3,4,5,6,7,8,10"        "1,1,1,1,1,1,1,1,1,1,1,1,1,1,1,1,1,1,1,1,1,1,1,1,1,1,1,1,1,1,1,1,1,1,1,1,1,1,1,1,1,1,1,1,1,1,1,1,1,1,1,1,1,1,1,1,1,1,1,1,1,1,1,1,1,1,1,1,1,1,1,1,1,1,1,1,1,1,1,1,1,1,1,1,1,1,1,1,1,1,1,1,1,1,1,1,1,2,1,1,2,2,2,2,2,2,2,2,2,2,2,2,2,2,2,2,2,2,2,2,2,2,2,2,2,2,2,2,2,2,2,2,2,2,2,2,2,2,2,2,2,2,1,2,2,2,2,2,2,2,2,2,2,2,2,2,2,2,2,2,2,2,2,2,2,2,2,2,2,2,2,2,2,2,2,2,2,2,2,2,2,2,2,2,2,2,2,2,2,2,2,2,2,2,2,2,2,2,2,2"
    191     2       5     5000     0        10        false      false        false          1    -5.6476     -5.6476          1231          10           0            0               0                   0                    0             0.004024     4.7168     11-Sep-2024 14:12:25    "1,2,3,4,5,6,7,8,9,10"    "1,1,1,1,1,1,1,1,1,1,1,1,1,1,1,1,1,1,1,1,1,1,1,1,1,1,1,1,1,1,1,1,1,1,1,1,1,1,1,1,1,1,1,1,1,1,1,1,1,1,1,1,1,1,1,1,1,1,1,1,1,1,1,1,1,1,1,1,1,1,1,1,1,1,1,1,1,1,1,1,1,1,1,1,1,1,1,1,1,1,1,1,1,1,1,1,1,1,1,1,2,2,2,2,2,2,2,2,2,2,2,2,2,2,2,2,2,2,2,2,2,2,2,2,2,2,2,2,2,2,2,2,2,2,2,2,2,2,2,2,2,2,2,2,2,2,2,2,2,2,2,2,2,2,2,2,2,2,2,2,2,2,2,2,2,2,2,2,2,2,2,2,2,2,2,2,2,2,2,2,2,2,2,2,2,2,2,2,2,2,2,2,2,2,2,2,2,2,2,2"
    191     3       5     5000     0        10        true       false        false       0.99    -5.7376     -5.7376        1233.9          10           0            0               0                   0                    0             0.002431      1.279     11-Sep-2024 14:12:25    "1,2,3,4,5,6,7,8,9,10"    "2,2,2,2,2,2,2,2,2,2,2,2,2,2,2,2,2,2,2,2,2,2,2,2,2,2,2,2,2,2,2,2,2,2,2,2,2,2,2,2,2,2,2,2,2,2,2,2,2,2,2,2,2,2,2,2,2,2,2,2,2,2,2,2,2,2,2,2,2,2,2,2,2,2,2,2,2,2,2,2,2,2,2,2,2,2,2,2,2,2,2,2,2,2,2,2,2,1,2,2,1,1,1,1,1,1,1,1,1,1,1,1,1,1,1,1,1,1,1,1,1,1,1,1,1,1,1,1,1,1,1,1,1,1,1,1,1,1,1,1,1,1,2,1,1,1,1,1,1,1,1,1,1,1,1,1,1,1,1,1,1,1,1,1,1,1,1,1,1,1,1,1,1,1,1,1,1,1,1,1,1,1,1,1,1,1,1,1,1,1,1,1,1,1,1,1,1,1,1,1"
    191     4       5     5000     0        10        false      false        true           1    -5.6476     -5.6476          1231          10           0            0               0                   0                    0             0.005673     5.0523     11-Sep-2024 14:12:25    "1,2,3,4,5,6,7,8,9,10"    "1,1,1,1,1,1,1,1,1,1,1,1,1,1,1,1,1,1,1,1,1,1,1,1,1,1,1,1,1,1,1,1,1,1,1,1,1,1,1,1,1,1,1,1,1,1,1,1,1,1,1,1,1,1,1,1,1,1,1,1,1,1,1,1,1,1,1,1,1,1,1,1,1,1,1,1,1,1,1,1,1,1,1,1,1,1,1,1,1,1,1,1,1,1,1,1,1,1,1,1,2,2,2,2,2,2,2,2,2,2,2,2,2,2,2,2,2,2,2,2,2,2,2,2,2,2,2,2,2,2,2,2,2,2,2,2,2,2,2,2,2,2,2,2,2,2,2,2,2,2,2,2,2,2,2,2,2,2,2,2,2,2,2,2,2,2,2,2,2,2,2,2,2,2,2,2,2,2,2,2,2,2,2,2,2,2,2,2,2,2,2,2,2,2,2,2,2,2,2,2"


blfs = 

  block_replication_for_server with properties:

          table_name: 'test'
              db_dir: '/home1/jongminm/sparse_kmeans/sparse_kmeans.db'
      data_generator: [1x1 sparse_symmetric_data_generator]
      number_cluster: 2
          n_iter_max: 100
    window_size_half: 2
         sample_size: 200
         init_method: "spec"
        cluster_true: []
             learner: []
            run_full: 0
     matrix_sparsity: 0
            data_obj: @data_gaussian

replication: (192)th 


1 th thresholding


cutoff =

    0.5839


7 entries survived 
solving SDP...  breakyes=1.3,  maxresidual < 1.00e-06took 6.453351s, relaxed dual: -18.220611, original: 832.586997 

is_stop =

  logical

   0


final_iter =

     1


2 th thresholding


cutoff =

    0.5838


11 entries survived 
solving SDP...  breakyes=1.3,  maxresidual < 1.00e-06took 5.955718s, relaxed dual: -7.466355, original: 1317.565822 

is_stop =

  logical

   0


final_iter =

     1


3 th thresholding


cutoff =

    0.5837


11 entries survived 
solving SDP...  breakyes=1.3,  maxresidual < 1.00e-06took 6.447436s, relaxed dual: -7.288439, original: 1317.979146 

is_stop =

  logical

   0


final_iter =

     1


4 th thresholding


cutoff =

    0.5838


11 entries survived 
solving SDP...  breakyes=1.4,  maxresidual < 1.00e-06took 5.272194s, relaxed dual: -7.272936, original: 1317.979146 

is_stop =

  logical

   1


final_iter =

     4


 final iteration = 4 
acc_dict = 

  Map with properties:

        Count: 5
      KeyType: double
    ValueType: double


ans =

  1x5 cell array

    {[0.6550]}    {[0.9800]}    {[0.9950]}    {[0.9900]}    {[0.9900]}


ans =

  1x5 cell array

  Columns 1 through 3

    {'2,1,2,2,1,1,2,...'}    {'2,2,2,2,2,2,2,...'}    {'2,2,2,2,2,2,2,...'}

  Columns 4 through 5

    {'1,1,1,1,1,1,1,...'}    {'2,2,2,2,2,2,2,...'}


database_subtable =

  5x24 table

    rep    iter    sep    dim     rho    sparsity    stop_og    stop_sdp    stop_loop     acc     obj_prim    obj_dual    obj_original    true_pos    false_pos    false_neg    diff_x_tilde_fro    diff_x_tilde_op    diff_x_tilde_ellone    time_est    time_SDP          jobdate                survived_indices                                                                                                                                                                                                             cluster_est                                                                                                                                                                                                   
    ___    ____    ___    ____    ___    ________    _______    ________    _________    _____    ________    ________    ____________    ________    _________    _________    ________________    _______________    ___________________    ________    ________    ____________________    ___________________________    _________________________________________________________________________________________________________________________________________________________________________________________________________________________________________________________________________________________________________________________________________________________________________________________________________________

    192     0       5     5000     0        10        false      false        false      0.655          0           0             0           0           0            0               0                   0                    0                    0          0     11-Sep-2024 14:13:15    ""                             "2,1,2,2,1,1,2,2,2,2,2,1,2,2,2,1,2,1,1,2,2,2,2,2,1,2,2,2,1,2,2,1,2,2,2,2,1,2,2,2,2,2,1,1,2,1,1,2,2,2,2,1,2,2,1,2,1,1,2,1,2,1,2,1,2,2,2,2,2,2,1,1,1,1,2,2,2,2,2,2,2,1,2,1,2,2,1,2,1,2,2,2,2,2,2,1,1,2,2,1,1,2,2,1,1,1,1,1,1,2,1,1,1,2,1,1,1,1,2,1,2,1,1,2,1,2,2,1,1,2,1,1,2,1,2,2,1,1,1,2,1,1,1,2,1,2,1,1,2,1,1,1,2,2,1,2,1,1,1,2,1,1,2,1,1,1,1,2,2,2,2,1,1,1,1,1,1,2,2,1,2,2,1,2,2,1,2,1,1,2,2,1,1,1,1,1,1,1,1,2"
    192     1       5     5000     0        10        false      false        false       0.98    -18.221     -18.221        832.59           6           1            4               0                   0                    0             0.003278     6.4534     11-Sep-2024 14:13:15    "1,2,3,6,7,10,3462"            "2,2,2,2,2,2,2,2,2,2,2,2,2,2,2,2,2,2,2,2,2,2,2,2,2,2,2,2,2,2,2,2,2,2,2,2,2,2,2,2,2,2,2,2,2,2,2,2,2,2,2,2,2,2,2,2,2,2,2,2,2,2,2,2,2,2,2,2,2,2,2,2,2,2,2,2,2,2,2,2,2,2,2,2,2,2,2,2,2,2,2,2,2,2,2,2,2,2,2,1,1,1,1,1,1,1,1,1,1,2,1,1,1,1,1,1,1,1,1,1,1,1,1,1,2,1,1,1,1,1,1,1,1,1,1,1,1,1,1,1,1,1,1,1,1,1,1,1,1,1,1,1,1,1,1,1,1,1,1,1,1,1,1,1,1,1,1,1,1,1,1,1,1,1,1,1,1,1,1,1,1,1,1,1,1,1,1,1,2,1,1,1,1,1,1,1,1,1,1,1"
    192     2       5     5000     0        10        false      false        false      0.995    -7.4664     -7.4664        1317.6          10           1            0               0                   0                    0              0.00384     5.9557     11-Sep-2024 14:13:15    "1,2,3,4,5,6,7,8,9,10,3275"    "2,2,2,2,2,2,2,2,2,2,2,2,2,2,2,2,2,2,2,2,2,2,2,2,2,2,2,2,2,2,2,2,2,2,2,2,2,2,2,2,2,2,2,2,2,2,2,2,2,2,2,2,2,2,2,2,2,2,2,2,2,2,2,2,2,2,2,2,2,2,2,2,2,2,2,2,2,2,2,2,2,2,2,2,2,2,2,2,2,2,2,2,2,2,2,2,2,2,2,2,1,1,1,1,1,1,1,1,1,2,1,1,1,1,1,1,1,1,1,1,1,1,1,1,1,1,1,1,1,1,1,1,1,1,1,1,1,1,1,1,1,1,1,1,1,1,1,1,1,1,1,1,1,1,1,1,1,1,1,1,1,1,1,1,1,1,1,1,1,1,1,1,1,1,1,1,1,1,1,1,1,1,1,1,1,1,1,1,1,1,1,1,1,1,1,1,1,1,1,1"
    192     3       5     5000     0        10        true       false        false       0.99    -7.2884     -7.2884          1318          10           1            0               0                   0                    0             0.006415     6.4474     11-Sep-2024 14:13:15    "1,2,3,4,5,6,7,8,9,10,3275"    "1,1,1,1,1,1,1,1,1,1,1,1,1,1,1,1,1,1,1,1,1,1,1,1,1,1,1,1,1,1,1,1,1,1,1,1,1,1,1,1,1,1,1,1,1,1,1,1,1,1,1,1,1,1,1,1,1,1,1,1,1,1,1,1,1,1,1,1,1,1,1,1,1,1,1,1,1,1,1,1,1,1,1,1,1,1,1,1,1,1,1,1,1,1,1,1,1,1,1,1,2,2,2,2,2,2,2,2,2,1,2,2,2,2,2,2,2,2,2,2,2,2,2,2,1,2,2,2,2,2,2,2,2,2,2,2,2,2,2,2,2,2,2,2,2,2,2,2,2,2,2,2,2,2,2,2,2,2,2,2,2,2,2,2,2,2,2,2,2,2,2,2,2,2,2,2,2,2,2,2,2,2,2,2,2,2,2,2,2,2,2,2,2,2,2,2,2,2,2,2"
    192     4       5     5000     0        10        false      true         false       0.99    -7.2729     -7.2729          1318          10           1            0               0                   0                    0             0.002224     5.2722     11-Sep-2024 14:13:15    "1,2,3,4,5,6,7,8,9,10,3275"    "2,2,2,2,2,2,2,2,2,2,2,2,2,2,2,2,2,2,2,2,2,2,2,2,2,2,2,2,2,2,2,2,2,2,2,2,2,2,2,2,2,2,2,2,2,2,2,2,2,2,2,2,2,2,2,2,2,2,2,2,2,2,2,2,2,2,2,2,2,2,2,2,2,2,2,2,2,2,2,2,2,2,2,2,2,2,2,2,2,2,2,2,2,2,2,2,2,2,2,2,1,1,1,1,1,1,1,1,1,2,1,1,1,1,1,1,1,1,1,1,1,1,1,1,2,1,1,1,1,1,1,1,1,1,1,1,1,1,1,1,1,1,1,1,1,1,1,1,1,1,1,1,1,1,1,1,1,1,1,1,1,1,1,1,1,1,1,1,1,1,1,1,1,1,1,1,1,1,1,1,1,1,1,1,1,1,1,1,1,1,1,1,1,1,1,1,1,1,1,1"

