==========================================
SLURM_JOB_ID = 25534028
SLURM_JOB_NODELIST = a03-11
TMPDIR = /tmp/SLURM_25534028
==========================================
hello
Starting parallel pool (parpool) ...
Connected to the parallel pool (number of workers: 15).

pool = 

 ProcessPool with properties: 

            Connected: true
           NumWorkers: 15
                 Busy: false
              Cluster: Local
        AttachedFiles: {}
    AutoAddClientPath: true
            FileStore: [1x1 parallel.FileStore]
           ValueStore: [1x1 parallel.ValueStore]
          IdleTimeout: 30 minutes (30 minutes remaining)
          SpmdEnabled: true


dimension =

        4000


separation =

     5


sample_size =

   200


table_name =

    'test'


db_dir =

    '/home1/jongminm/sparse_kmeans/sparse_kmeans.db'


rho =

     0


full_run =

  logical

   0


blfs = 

  block_replication_for_server with properties:

          table_name: 'test'
              db_dir: '/home1/jongminm/sparse_kmeans/sparse_kmeans.db'
      data_generator: [1x1 sparse_symmetric_data_generator]
      number_cluster: 2
          n_iter_max: 100
    window_size_half: 2
         sample_size: 200
         init_method: "spec"
        cluster_true: []
             learner: []
            run_full: 0
     matrix_sparsity: 0
            data_obj: @data_gaussian

replication: (105)th 


1 th thresholding


cutoff =

    0.5856


10 entries survived 
solving SDP...  breakyes=1.3,  maxresidual < 1.00e-06took 14.724317s, relaxed dual: -27.155104, original: 1446.906823 

is_stop =

  logical

   0


final_iter =

     1


2 th thresholding


cutoff =

    0.5760


10 entries survived 
solving SDP...  breakyes=1.4,  maxresidual < 1.00e-06took 12.616683s, relaxed dual: -7.248948, original: 1443.837554 

is_stop =

  logical

   0


final_iter =

     1


3 th thresholding


cutoff =

    0.5760


10 entries survived 
solving SDP...  breakyes=3.1,  primfeasorg deteriorated too much: primfeasorg=2.85e-06,dualfeasorg=2.58e-06took 9.591397s, relaxed dual: -7.360616, original: 1446.906823 

is_stop =

  logical

   0


final_iter =

     1


4 th thresholding


cutoff =

    0.5760


10 entries survived 
solving SDP...  breakyes=1.4,  maxresidual < 1.00e-06took 12.102092s, relaxed dual: -7.248948, original: 1443.837554 

is_stop =

  logical

   0


final_iter =

     1


5 th thresholding


cutoff =

    0.5760


10 entries survived 
solving SDP...  breakyes=3.1,  primfeasorg deteriorated too much: primfeasorg=2.85e-06,dualfeasorg=2.58e-06took 8.249792s, relaxed dual: -7.360616, original: 1446.906823 

is_stop =

  logical

   0


final_iter =

     1


6 th thresholding


cutoff =

    0.5760


10 entries survived 
solving SDP...  breakyes=1.4,  maxresidual < 1.00e-06took 14.243185s, relaxed dual: -7.248948, original: 1443.837554 

change =

         0
   -0.0154
         0
   -0.0154
         0


change =

         0
    0.0021
         0
    0.0021
         0


is_stop =

  logical

   1


final_iter =

     4


 final iteration = 4 
acc_dict = 

  Map with properties:

        Count: 5
      KeyType: double
    ValueType: double


ans =

  1x5 cell array

    {[0.8400]}    {[0.9950]}    {[0.9950]}    {[0.9950]}    {[0.9950]}


ans =

  1x5 cell array

  Columns 1 through 3

    {'2,2,2,2,2,2,2,...'}    {'1,1,1,1,1,1,1,...'}    {'2,2,2,2,2,2,2,...'}

  Columns 4 through 5

    {'2,2,2,2,2,2,2,...'}    {'1,1,1,1,1,1,1,...'}


database_subtable =

  5x24 table

    rep    iter    sep    dim     rho    sparsity    stop_og    stop_sdp    stop_loop     acc     obj_prim    obj_dual    obj_original    true_pos    false_pos    false_neg    diff_x_tilde_fro    diff_x_tilde_op    diff_x_tilde_ellone    time_est    time_SDP          jobdate              survived_indices                                                                                                                                                                                                          cluster_est                                                                                                                                                                                                   
    ___    ____    ___    ____    ___    ________    _______    ________    _________    _____    ________    ________    ____________    ________    _________    _________    ________________    _______________    ___________________    ________    ________    ____________________    ______________________    _________________________________________________________________________________________________________________________________________________________________________________________________________________________________________________________________________________________________________________________________________________________________________________________________________________

    105     0       5     4000     0        10        false      false        false       0.84          0           0             0           0           0            0               0                   0                    0                    0          0     11-Sep-2024 13:45:56    ""                        "2,2,2,2,2,2,2,2,2,2,1,2,2,2,1,1,1,2,1,2,2,2,2,2,1,2,1,1,2,1,2,2,2,1,2,2,2,1,2,2,2,1,2,2,2,2,2,2,1,2,2,2,2,2,1,2,2,2,1,1,2,1,2,2,2,2,2,2,2,2,1,1,2,2,2,2,2,2,2,1,1,2,1,2,1,2,2,2,2,2,2,2,1,2,2,2,2,1,2,2,1,1,1,1,1,1,1,1,1,1,1,1,1,1,1,2,1,1,1,1,1,1,1,1,2,1,1,1,1,2,1,1,1,1,1,1,1,1,1,1,1,1,1,2,1,1,1,1,1,1,1,1,1,2,1,1,1,1,1,1,1,1,1,1,1,1,1,1,2,1,1,1,1,1,1,1,1,1,1,1,1,1,1,1,1,1,1,1,1,1,1,1,1,1,1,2,1,1,1,1"
    105     1       5     4000     0        10        false      false        false      0.995    -27.155     -27.155        1446.9          10           0            0               0                   0                    0             0.031362     14.724     11-Sep-2024 13:45:56    "1,2,3,4,5,6,7,8,9,10"    "1,1,1,1,1,1,1,1,1,1,1,1,1,1,1,1,1,1,1,1,1,1,1,1,1,1,1,1,1,1,1,1,1,1,1,1,1,1,1,1,1,1,1,1,1,1,1,1,1,1,1,1,1,1,1,1,1,1,1,1,1,1,1,1,1,1,1,1,1,1,1,1,1,1,1,1,1,1,1,1,1,1,1,1,1,1,1,1,1,1,1,1,1,1,1,1,1,1,1,1,2,2,2,2,2,2,2,2,2,2,2,2,2,2,2,2,2,2,2,2,2,2,2,2,2,2,2,2,2,2,2,2,2,2,2,2,2,2,2,2,2,2,2,1,2,2,2,2,2,2,2,2,2,2,2,2,2,2,2,2,2,2,2,2,2,2,2,2,2,2,2,2,2,2,2,2,2,2,2,2,2,2,2,2,2,2,2,2,2,2,2,2,2,2,2,2,2,2,2,2"
    105     2       5     4000     0        10        true       false        false      0.995    -7.2489     -7.2489        1443.8          10           0            0               0                   0                    0             0.012002     12.617     11-Sep-2024 13:45:56    "1,2,3,4,5,6,7,8,9,10"    "2,2,2,2,2,2,2,2,2,2,2,2,2,2,2,2,2,2,2,2,2,2,2,2,2,2,2,2,2,2,2,2,2,2,2,2,2,2,2,2,2,2,2,2,2,2,2,2,2,2,2,2,2,2,2,2,2,2,2,2,2,2,2,2,2,2,2,2,2,2,2,2,2,2,2,2,2,2,2,2,2,2,2,2,2,2,2,2,2,2,2,2,2,2,2,2,2,2,2,2,1,1,1,1,1,1,1,1,1,1,1,1,1,1,1,1,1,1,1,1,1,1,1,1,2,1,1,1,1,1,1,1,1,1,1,1,1,1,1,1,1,1,1,1,1,1,1,1,1,1,1,1,1,1,1,1,1,1,1,1,1,1,1,1,1,1,1,1,1,1,1,1,1,1,1,1,1,1,1,1,1,1,1,1,1,1,1,1,1,1,1,1,1,1,1,1,1,1,1,1"
    105     3       5     4000     0        10        false      false        false      0.995    -7.3604     -7.3606        1446.9          10           0            0               0                   0                    0             0.017397     9.5914     11-Sep-2024 13:45:56    "1,2,3,4,5,6,7,8,9,10"    "2,2,2,2,2,2,2,2,2,2,2,2,2,2,2,2,2,2,2,2,2,2,2,2,2,2,2,2,2,2,2,2,2,2,2,2,2,2,2,2,2,2,2,2,2,2,2,2,2,2,2,2,2,2,2,2,2,2,2,2,2,2,2,2,2,2,2,2,2,2,2,2,2,2,2,2,2,2,2,2,2,2,2,2,2,2,2,2,2,2,2,2,2,2,2,2,2,2,2,2,1,1,1,1,1,1,1,1,1,1,1,1,1,1,1,1,1,1,1,1,1,1,1,1,1,1,1,1,1,1,1,1,1,1,1,1,1,1,1,1,1,1,1,2,1,1,1,1,1,1,1,1,1,1,1,1,1,1,1,1,1,1,1,1,1,1,1,1,1,1,1,1,1,1,1,1,1,1,1,1,1,1,1,1,1,1,1,1,1,1,1,1,1,1,1,1,1,1,1,1"
    105     4       5     4000     0        10        false      false        true       0.995    -7.2489     -7.2489        1443.8          10           0            0               0                   0                    0             0.010486     12.102     11-Sep-2024 13:45:56    "1,2,3,4,5,6,7,8,9,10"    "1,1,1,1,1,1,1,1,1,1,1,1,1,1,1,1,1,1,1,1,1,1,1,1,1,1,1,1,1,1,1,1,1,1,1,1,1,1,1,1,1,1,1,1,1,1,1,1,1,1,1,1,1,1,1,1,1,1,1,1,1,1,1,1,1,1,1,1,1,1,1,1,1,1,1,1,1,1,1,1,1,1,1,1,1,1,1,1,1,1,1,1,1,1,1,1,1,1,1,1,2,2,2,2,2,2,2,2,2,2,2,2,2,2,2,2,2,2,2,2,2,2,2,2,1,2,2,2,2,2,2,2,2,2,2,2,2,2,2,2,2,2,2,2,2,2,2,2,2,2,2,2,2,2,2,2,2,2,2,2,2,2,2,2,2,2,2,2,2,2,2,2,2,2,2,2,2,2,2,2,2,2,2,2,2,2,2,2,2,2,2,2,2,2,2,2,2,2,2,2"


blfs = 

  block_replication_for_server with properties:

          table_name: 'test'
              db_dir: '/home1/jongminm/sparse_kmeans/sparse_kmeans.db'
      data_generator: [1x1 sparse_symmetric_data_generator]
      number_cluster: 2
          n_iter_max: 100
    window_size_half: 2
         sample_size: 200
         init_method: "spec"
        cluster_true: []
             learner: []
            run_full: 0
     matrix_sparsity: 0
            data_obj: @data_gaussian

replication: (106)th 


1 th thresholding


cutoff =

    0.5778


10 entries survived 
solving SDP...  breakyes=1.0,  maxresidual < 1.00e-06took 5.940192s, relaxed dual: -27.942887, original: 1185.199512 

is_stop =

  logical

   0


final_iter =

     1


2 th thresholding


cutoff =

    0.5760


11 entries survived 
solving SDP...  breakyes=1.0,  maxresidual < 1.00e-06took 10.095541s, relaxed dual: -6.187825, original: 1199.654942 

is_stop =

  logical

   0


final_iter =

     1


3 th thresholding


cutoff =

    0.5760


10 entries survived 
solving SDP...  breakyes=1.3,  maxresidual < 1.00e-06took 23.935204s, relaxed dual: -6.186851, original: 1185.199512 

is_stop =

  logical

   0


final_iter =

     1


4 th thresholding


cutoff =

    0.5760


11 entries survived 
solving SDP...  breakyes=1.0,  maxresidual < 1.00e-06took 9.065233s, relaxed dual: -6.187825, original: 1199.654942 

is_stop =

  logical

   0


final_iter =

     1


5 th thresholding


cutoff =

    0.5760


10 entries survived 
solving SDP...  breakyes=1.3,  maxresidual < 1.00e-06took 22.590824s, relaxed dual: -6.186851, original: 1185.199512 

is_stop =

  logical

   0


final_iter =

     1


6 th thresholding


cutoff =

    0.5760


11 entries survived 
solving SDP...  breakyes=1.0,  maxresidual < 1.00e-06took 9.639624s, relaxed dual: -6.187825, original: 1199.654942 

change =

   1.0e-03 *

         0
   -0.1577
         0
   -0.1577
         0


change =

         0
    0.0120
         0
    0.0120
         0


is_stop =

  logical

   1


final_iter =

     4


 final iteration = 4 
acc_dict = 

  Map with properties:

        Count: 5
      KeyType: double
    ValueType: double


ans =

  1x5 cell array

    {[0.7700]}    {[0.9950]}    {[0.9950]}    {[0.9950]}    {[0.9950]}


ans =

  1x5 cell array

  Columns 1 through 3

    {'2,2,2,2,2,2,2,...'}    {'2,2,2,2,2,2,2,...'}    {'1,1,1,1,1,2,1,...'}

  Columns 4 through 5

    {'2,2,2,2,2,2,2,...'}    {'2,2,2,2,2,1,2,...'}


database_subtable =

  5x24 table

    rep    iter    sep    dim     rho    sparsity    stop_og    stop_sdp    stop_loop     acc     obj_prim    obj_dual    obj_original    true_pos    false_pos    false_neg    diff_x_tilde_fro    diff_x_tilde_op    diff_x_tilde_ellone    time_est    time_SDP          jobdate                survived_indices                                                                                                                                                                                                             cluster_est                                                                                                                                                                                                   
    ___    ____    ___    ____    ___    ________    _______    ________    _________    _____    ________    ________    ____________    ________    _________    _________    ________________    _______________    ___________________    ________    ________    ____________________    ___________________________    _________________________________________________________________________________________________________________________________________________________________________________________________________________________________________________________________________________________________________________________________________________________________________________________________________________

    106     0       5     4000     0        10        false      false        false       0.77          0           0             0           0           0            0               0                   0                    0                    0          0     11-Sep-2024 13:47:46    ""                             "2,2,2,2,2,2,2,1,2,2,2,2,2,1,2,2,1,1,1,2,1,2,2,2,2,1,1,1,2,2,2,2,1,2,2,1,2,2,2,2,2,2,1,2,2,2,2,1,2,2,1,1,2,2,2,1,1,1,2,2,2,2,2,2,2,1,2,2,2,2,1,2,2,2,1,2,2,2,2,2,1,2,2,2,2,2,1,2,2,2,1,2,2,1,2,2,1,2,2,1,1,1,2,1,1,2,2,1,2,1,1,1,1,1,1,1,1,1,1,2,1,1,1,1,2,1,1,1,1,1,1,2,2,1,2,1,1,1,1,2,1,1,1,1,1,1,1,1,1,1,1,1,2,2,1,1,1,1,1,1,1,2,1,1,2,1,1,1,1,2,1,1,1,1,1,1,1,1,1,1,1,1,2,1,1,2,1,1,1,1,1,2,2,1,1,1,1,1,1,1"
    106     1       5     4000     0        10        false      false        false      0.995    -27.943     -27.943        1185.2          10           0            0               0                   0                    0             0.007068     5.9402     11-Sep-2024 13:47:46    "1,2,3,4,5,6,7,8,9,10"         "2,2,2,2,2,2,2,2,2,2,2,2,2,2,2,2,2,2,2,2,2,2,2,2,2,2,2,2,2,2,2,2,2,2,2,2,2,2,2,2,2,2,2,2,2,2,2,2,2,2,2,2,2,2,2,2,2,2,2,2,2,2,2,2,2,2,2,2,2,2,2,2,2,2,2,2,2,2,2,2,2,2,2,2,2,2,2,2,2,2,2,2,2,2,2,2,2,2,2,2,1,1,1,1,1,1,1,1,1,1,1,1,1,1,1,1,1,1,1,1,1,1,1,1,1,1,1,1,1,1,1,1,1,1,1,1,1,1,1,1,1,1,1,1,1,2,1,1,1,1,1,1,1,1,1,1,1,1,1,1,1,1,1,1,1,1,1,1,1,1,1,1,1,1,1,1,1,1,1,1,1,1,1,1,1,1,1,1,1,1,1,1,1,1,1,1,1,1,1,1"
    106     2       5     4000     0        10        false      false        false      0.995    -6.1878     -6.1878        1199.7          10           1            0               0                   0                    0             0.012335     10.096     11-Sep-2024 13:47:46    "1,2,3,4,5,6,7,8,9,10,3041"    "1,1,1,1,1,2,1,1,1,1,1,1,1,1,1,1,1,1,1,1,1,1,1,1,1,1,1,1,1,1,1,1,1,1,1,1,1,1,1,1,1,1,1,1,1,1,1,1,1,1,1,1,1,1,1,1,1,1,1,1,1,1,1,1,1,1,1,1,1,1,1,1,1,1,1,1,1,1,1,1,1,1,1,1,1,1,1,1,1,1,1,1,1,1,1,1,1,1,1,1,2,2,2,2,2,2,2,2,2,2,2,2,2,2,2,2,2,2,2,2,2,2,2,2,2,2,2,2,2,2,2,2,2,2,2,2,2,2,2,2,2,2,2,2,2,2,2,2,2,2,2,2,2,2,2,2,2,2,2,2,2,2,2,2,2,2,2,2,2,2,2,2,2,2,2,2,2,2,2,2,2,2,2,2,2,2,2,2,2,2,2,2,2,2,2,2,2,2,2,2"
    106     3       5     4000     0        10        false      true         false      0.995    -6.1869     -6.1869        1185.2          10           0            0               0                   0                    0             0.012402     23.935     11-Sep-2024 13:47:46    "1,2,3,4,5,6,7,8,9,10"         "2,2,2,2,2,2,2,2,2,2,2,2,2,2,2,2,2,2,2,2,2,2,2,2,2,2,2,2,2,2,2,2,2,2,2,2,2,2,2,2,2,2,2,2,2,2,2,2,2,2,2,2,2,2,2,2,2,2,2,2,2,2,2,2,2,2,2,2,2,2,2,2,2,2,2,2,2,2,2,2,2,2,2,2,2,2,2,2,2,2,2,2,2,2,2,2,2,2,2,2,1,1,1,1,1,1,1,1,1,1,1,1,1,1,1,1,1,1,1,1,1,1,1,1,1,1,1,1,1,1,1,1,1,1,1,1,1,1,1,1,1,1,1,1,1,2,1,1,1,1,1,1,1,1,1,1,1,1,1,1,1,1,1,1,1,1,1,1,1,1,1,1,1,1,1,1,1,1,1,1,1,1,1,1,1,1,1,1,1,1,1,1,1,1,1,1,1,1,1,1"
    106     4       5     4000     0        10        false      false        true       0.995    -6.1878     -6.1878        1199.7          10           1            0               0                   0                    0             0.006841     9.0652     11-Sep-2024 13:47:46    "1,2,3,4,5,6,7,8,9,10,3041"    "2,2,2,2,2,1,2,2,2,2,2,2,2,2,2,2,2,2,2,2,2,2,2,2,2,2,2,2,2,2,2,2,2,2,2,2,2,2,2,2,2,2,2,2,2,2,2,2,2,2,2,2,2,2,2,2,2,2,2,2,2,2,2,2,2,2,2,2,2,2,2,2,2,2,2,2,2,2,2,2,2,2,2,2,2,2,2,2,2,2,2,2,2,2,2,2,2,2,2,2,1,1,1,1,1,1,1,1,1,1,1,1,1,1,1,1,1,1,1,1,1,1,1,1,1,1,1,1,1,1,1,1,1,1,1,1,1,1,1,1,1,1,1,1,1,1,1,1,1,1,1,1,1,1,1,1,1,1,1,1,1,1,1,1,1,1,1,1,1,1,1,1,1,1,1,1,1,1,1,1,1,1,1,1,1,1,1,1,1,1,1,1,1,1,1,1,1,1,1,1"


blfs = 

  block_replication_for_server with properties:

          table_name: 'test'
              db_dir: '/home1/jongminm/sparse_kmeans/sparse_kmeans.db'
      data_generator: [1x1 sparse_symmetric_data_generator]
      number_cluster: 2
          n_iter_max: 100
    window_size_half: 2
         sample_size: 200
         init_method: "spec"
        cluster_true: []
             learner: []
            run_full: 0
     matrix_sparsity: 0
            data_obj: @data_gaussian

replication: (107)th 


1 th thresholding


cutoff =

    0.5802


10 entries survived 
solving SDP...  breakyes=1.0,  maxresidual < 1.00e-06took 6.757148s, relaxed dual: -22.681589, original: 1209.257633 

is_stop =

  logical

   0


final_iter =

     1


2 th thresholding


cutoff =

    0.5760


10 entries survived 
solving SDP...  breakyes = 1.0,  maxresidual < 1.00e-04  breakyes=1.0,  maxresidual < 1.00e-06took 10.941241s, relaxed dual: -5.157537, original: 1204.012272 

is_stop =

  logical

   0


final_iter =

     1


3 th thresholding


cutoff =

    0.5760


10 entries survived 
solving SDP...  breakyes=1.3,  maxresidual < 1.00e-06took 11.861759s, relaxed dual: -5.316401, original: 1209.257633 

is_stop =

  logical

   0


final_iter =

     1


4 th thresholding


cutoff =

    0.5760


10 entries survived 
solving SDP...  breakyes = 1.0,  maxresidual < 1.00e-04  breakyes=1.0,  maxresidual < 1.00e-06took 11.209803s, relaxed dual: -5.157537, original: 1204.012272 

is_stop =

  logical

   0


final_iter =

     1


5 th thresholding


cutoff =

    0.5760


10 entries survived 
solving SDP...  breakyes=1.3,  maxresidual < 1.00e-06took 10.602976s, relaxed dual: -5.316401, original: 1209.257633 

is_stop =

  logical

   0


final_iter =

     1


6 th thresholding


cutoff =

    0.5760


10 entries survived 
solving SDP...  breakyes = 1.0,  maxresidual < 1.00e-04  breakyes=1.0,  maxresidual < 1.00e-06took 8.748745s, relaxed dual: -5.157537, original: 1204.012272 

change =

         0
   -0.0308
         0
   -0.0308
         0


change =

         0
    0.0044
         0
    0.0044
         0


is_stop =

  logical

   1


final_iter =

     4


 final iteration = 4 
acc_dict = 

  Map with properties:

        Count: 5
      KeyType: double
    ValueType: double


ans =

  1x5 cell array

    {[0.8600]}    {[1]}    {[0.9900]}    {[1]}    {[0.9900]}


ans =

  1x5 cell array

  Columns 1 through 3

    {'1,1,1,1,1,2,2,...'}    {'2,2,2,2,2,2,2,...'}    {'2,2,2,2,2,2,2,...'}

  Columns 4 through 5

    {'1,1,1,1,1,1,1,...'}    {'2,2,2,2,2,2,2,...'}


database_subtable =

  5x24 table

    rep    iter    sep    dim     rho    sparsity    stop_og    stop_sdp    stop_loop    acc     obj_prim    obj_dual    obj_original    true_pos    false_pos    false_neg    diff_x_tilde_fro    diff_x_tilde_op    diff_x_tilde_ellone    time_est    time_SDP          jobdate              survived_indices                                                                                                                                                                                                          cluster_est                                                                                                                                                                                                   
    ___    ____    ___    ____    ___    ________    _______    ________    _________    ____    ________    ________    ____________    ________    _________    _________    ________________    _______________    ___________________    ________    ________    ____________________    ______________________    _________________________________________________________________________________________________________________________________________________________________________________________________________________________________________________________________________________________________________________________________________________________________________________________________________________

    107     0       5     4000     0        10        false      false        false      0.86          0           0             0           0           0            0               0                   0                    0                    0          0     11-Sep-2024 13:49:13    ""                        "1,1,1,1,1,2,2,2,1,1,1,1,1,2,1,1,1,1,1,1,1,1,1,1,1,2,1,2,2,1,1,2,1,2,1,1,1,1,1,1,2,2,1,1,1,1,1,2,1,1,1,1,2,1,1,2,2,1,1,1,1,1,1,1,1,1,1,1,1,1,1,1,1,1,1,2,1,1,1,1,1,1,1,1,1,1,1,1,1,1,1,2,2,1,2,1,2,1,1,1,2,2,2,2,1,2,1,2,2,2,2,2,2,2,2,2,2,2,2,1,2,2,2,2,2,2,2,2,2,2,2,2,2,2,2,2,2,2,2,2,2,2,2,2,1,2,2,2,2,2,2,1,2,2,2,2,2,2,2,2,2,2,2,2,2,2,2,2,2,2,2,2,2,2,1,2,2,2,1,2,2,2,2,2,2,2,2,2,1,2,2,2,2,2,2,2,2,2,2,2"
    107     1       5     4000     0        10        false      false        false         1    -22.682     -22.682        1209.3          10           0            0               0                   0                    0             0.004226     6.7571     11-Sep-2024 13:49:13    "1,2,3,4,5,6,7,8,9,10"    "2,2,2,2,2,2,2,2,2,2,2,2,2,2,2,2,2,2,2,2,2,2,2,2,2,2,2,2,2,2,2,2,2,2,2,2,2,2,2,2,2,2,2,2,2,2,2,2,2,2,2,2,2,2,2,2,2,2,2,2,2,2,2,2,2,2,2,2,2,2,2,2,2,2,2,2,2,2,2,2,2,2,2,2,2,2,2,2,2,2,2,2,2,2,2,2,2,2,2,2,1,1,1,1,1,1,1,1,1,1,1,1,1,1,1,1,1,1,1,1,1,1,1,1,1,1,1,1,1,1,1,1,1,1,1,1,1,1,1,1,1,1,1,1,1,1,1,1,1,1,1,1,1,1,1,1,1,1,1,1,1,1,1,1,1,1,1,1,1,1,1,1,1,1,1,1,1,1,1,1,1,1,1,1,1,1,1,1,1,1,1,1,1,1,1,1,1,1,1,1"
    107     2       5     4000     0        10        true       false        false      0.99    -5.1575     -5.1575          1204          10           0            0               0                   0                    0             0.006185     10.941     11-Sep-2024 13:49:13    "1,2,3,4,5,6,7,8,9,10"    "2,2,2,2,2,2,2,2,2,2,2,2,2,2,2,2,2,2,2,2,2,2,2,2,2,2,2,2,2,2,2,2,2,2,2,2,2,2,2,2,2,2,1,2,2,2,2,2,2,2,2,2,2,2,2,2,2,2,2,2,2,2,2,2,2,2,2,2,2,2,2,2,2,2,2,2,2,2,2,2,2,2,2,2,2,2,2,2,2,2,2,2,2,2,2,2,2,2,2,2,1,1,1,1,1,1,1,1,1,1,1,1,1,1,1,1,1,1,1,1,1,1,1,1,1,1,1,1,1,1,1,1,1,1,1,1,1,1,1,1,1,1,1,1,1,1,1,1,1,1,1,1,1,1,1,1,1,1,1,1,1,1,1,1,1,1,1,1,1,1,1,1,1,1,1,1,1,1,1,1,1,1,1,1,1,1,1,1,1,2,1,1,1,1,1,1,1,1,1,1"
    107     3       5     4000     0        10        false      false        false         1    -5.3164     -5.3164        1209.3          10           0            0               0                   0                    0             0.005835     11.862     11-Sep-2024 13:49:13    "1,2,3,4,5,6,7,8,9,10"    "1,1,1,1,1,1,1,1,1,1,1,1,1,1,1,1,1,1,1,1,1,1,1,1,1,1,1,1,1,1,1,1,1,1,1,1,1,1,1,1,1,1,1,1,1,1,1,1,1,1,1,1,1,1,1,1,1,1,1,1,1,1,1,1,1,1,1,1,1,1,1,1,1,1,1,1,1,1,1,1,1,1,1,1,1,1,1,1,1,1,1,1,1,1,1,1,1,1,1,1,2,2,2,2,2,2,2,2,2,2,2,2,2,2,2,2,2,2,2,2,2,2,2,2,2,2,2,2,2,2,2,2,2,2,2,2,2,2,2,2,2,2,2,2,2,2,2,2,2,2,2,2,2,2,2,2,2,2,2,2,2,2,2,2,2,2,2,2,2,2,2,2,2,2,2,2,2,2,2,2,2,2,2,2,2,2,2,2,2,2,2,2,2,2,2,2,2,2,2,2"
    107     4       5     4000     0        10        false      false        true       0.99    -5.1575     -5.1575          1204          10           0            0               0                   0                    0             0.007356      11.21     11-Sep-2024 13:49:13    "1,2,3,4,5,6,7,8,9,10"    "2,2,2,2,2,2,2,2,2,2,2,2,2,2,2,2,2,2,2,2,2,2,2,2,2,2,2,2,2,2,2,2,2,2,2,2,2,2,2,2,2,2,1,2,2,2,2,2,2,2,2,2,2,2,2,2,2,2,2,2,2,2,2,2,2,2,2,2,2,2,2,2,2,2,2,2,2,2,2,2,2,2,2,2,2,2,2,2,2,2,2,2,2,2,2,2,2,2,2,2,1,1,1,1,1,1,1,1,1,1,1,1,1,1,1,1,1,1,1,1,1,1,1,1,1,1,1,1,1,1,1,1,1,1,1,1,1,1,1,1,1,1,1,1,1,1,1,1,1,1,1,1,1,1,1,1,1,1,1,1,1,1,1,1,1,1,1,1,1,1,1,1,1,1,1,1,1,1,1,1,1,1,1,1,1,1,1,1,1,2,1,1,1,1,1,1,1,1,1,1"


blfs = 

  block_replication_for_server with properties:

          table_name: 'test'
              db_dir: '/home1/jongminm/sparse_kmeans/sparse_kmeans.db'
      data_generator: [1x1 sparse_symmetric_data_generator]
      number_cluster: 2
          n_iter_max: 100
    window_size_half: 2
         sample_size: 200
         init_method: "spec"
        cluster_true: []
             learner: []
            run_full: 0
     matrix_sparsity: 0
            data_obj: @data_gaussian

replication: (108)th 


1 th thresholding


cutoff =

    0.5770


9 entries survived 
solving SDP...  breakyes=1.0,  maxresidual < 1.00e-06took 6.636430s, relaxed dual: -28.711234, original: 1210.784936 

is_stop =

  logical

   0


final_iter =

     1


2 th thresholding


cutoff =

    0.5760


10 entries survived 
solving SDP...  breakyes=3.2,  dualfeasorg deteriorated too much: primfeasorg=2.52e-06,dualfeasorg=1.54e-05took 4.542185s, relaxed dual: -6.846709, original: 1309.715777 

is_stop =

  logical

   0


final_iter =

     1


3 th thresholding


cutoff =

    0.5760


10 entries survived 
solving SDP...  breakyes=3.2,  dualfeasorg deteriorated too much: primfeasorg=2.52e-06,dualfeasorg=1.54e-05took 3.811127s, relaxed dual: -6.846709, original: 1309.715777 

is_stop =

  logical

   1


final_iter =

     3


 final iteration = 3 
acc_dict = 

  Map with properties:

        Count: 4
      KeyType: double
    ValueType: double


ans =

  1x4 cell array

    {[0.7800]}    {[0.9950]}    {[0.9950]}    {[0.9950]}


ans =

  1x4 cell array

  Columns 1 through 3

    {'1,2,1,2,1,2,1,...'}    {'2,2,2,2,2,2,2,...'}    {'2,2,2,2,2,2,2,...'}

  Column 4

    {'1,1,1,1,1,1,1,...'}


database_subtable =

  4x24 table

    rep    iter    sep    dim     rho    sparsity    stop_og    stop_sdp    stop_loop     acc     obj_prim    obj_dual    obj_original    true_pos    false_pos    false_neg    diff_x_tilde_fro    diff_x_tilde_op    diff_x_tilde_ellone    time_est    time_SDP          jobdate              survived_indices                                                                                                                                                                                                          cluster_est                                                                                                                                                                                                   
    ___    ____    ___    ____    ___    ________    _______    ________    _________    _____    ________    ________    ____________    ________    _________    _________    ________________    _______________    ___________________    ________    ________    ____________________    ______________________    _________________________________________________________________________________________________________________________________________________________________________________________________________________________________________________________________________________________________________________________________________________________________________________________________________________

    108     0       5     4000     0        10        false      false        false       0.78          0           0             0           0           0            0               0                   0                    0                    0          0     11-Sep-2024 13:49:58    ""                        "1,2,1,2,1,2,1,1,1,2,1,1,1,1,1,1,1,1,1,2,2,1,1,1,2,1,1,1,2,2,2,1,2,1,1,1,1,1,1,1,1,1,1,1,1,2,1,1,1,1,1,1,1,1,1,1,1,1,2,1,1,1,1,2,1,1,1,1,2,2,1,1,2,2,1,1,2,1,2,1,1,2,2,1,2,1,1,1,1,2,2,1,1,1,1,1,1,1,1,1,2,2,1,2,2,2,2,2,2,2,2,1,1,2,1,2,1,2,2,2,2,2,2,2,1,2,2,2,2,2,1,2,2,2,1,2,2,2,2,2,1,2,2,1,2,2,2,2,2,2,2,1,2,2,2,2,2,2,2,2,2,2,2,2,2,2,2,2,2,2,2,1,2,2,2,2,2,2,2,2,2,1,1,2,2,2,1,1,2,1,2,2,1,2,1,2,2,2,2,2"
    108     1       5     4000     0        10        false      false        false      0.995    -28.711     -28.711        1210.8           9           0            1               0                   0                    0             0.005286     6.6364     11-Sep-2024 13:49:58    "1,2,3,5,6,7,8,9,10"      "2,2,2,2,2,2,2,2,2,2,2,2,2,2,2,2,2,2,2,2,2,2,2,2,2,2,2,2,2,2,2,2,2,2,2,2,2,2,2,2,2,2,2,2,2,2,2,2,2,2,2,2,2,2,2,2,2,2,2,2,2,2,2,2,2,2,2,2,2,2,2,2,2,2,2,2,2,2,2,2,2,2,2,2,2,2,2,2,2,2,2,2,2,2,2,2,2,2,2,2,1,1,1,1,1,1,1,1,1,1,1,1,2,1,1,1,1,1,1,1,1,1,1,1,1,1,1,1,1,1,1,1,1,1,1,1,1,1,1,1,1,1,1,1,1,1,1,1,1,1,1,1,1,1,1,1,1,1,1,1,1,1,1,1,1,1,1,1,1,1,1,1,1,1,1,1,1,1,1,1,1,1,1,1,1,1,1,1,1,1,1,1,1,1,1,1,1,1,1,1"
    108     2       5     4000     0        10        false      false        false      0.995    -6.8467     -6.8467        1309.7          10           0            0               0                   0                    0             0.007314     4.5422     11-Sep-2024 13:49:58    "1,2,3,4,5,6,7,8,9,10"    "2,2,2,2,2,2,2,2,2,2,2,2,2,2,2,2,2,2,2,2,2,2,2,2,2,2,2,2,2,2,2,2,2,2,2,2,2,2,2,2,2,2,2,2,2,2,2,2,2,2,2,2,2,2,2,2,2,2,2,2,2,2,2,2,2,2,2,2,2,2,2,2,2,2,2,2,2,2,2,2,2,2,2,2,2,2,2,2,2,2,2,2,2,2,2,2,2,2,2,2,1,1,1,1,1,1,1,1,1,1,1,1,2,1,1,1,1,1,1,1,1,1,1,1,1,1,1,1,1,1,1,1,1,1,1,1,1,1,1,1,1,1,1,1,1,1,1,1,1,1,1,1,1,1,1,1,1,1,1,1,1,1,1,1,1,1,1,1,1,1,1,1,1,1,1,1,1,1,1,1,1,1,1,1,1,1,1,1,1,1,1,1,1,1,1,1,1,1,1,1"
    108     3       5     4000     0        10        true       true         false      0.995    -6.8467     -6.8467        1309.7          10           0            0               0                   0                    0             0.005033     3.8111     11-Sep-2024 13:49:58    "1,2,3,4,5,6,7,8,9,10"    "1,1,1,1,1,1,1,1,1,1,1,1,1,1,1,1,1,1,1,1,1,1,1,1,1,1,1,1,1,1,1,1,1,1,1,1,1,1,1,1,1,1,1,1,1,1,1,1,1,1,1,1,1,1,1,1,1,1,1,1,1,1,1,1,1,1,1,1,1,1,1,1,1,1,1,1,1,1,1,1,1,1,1,1,1,1,1,1,1,1,1,1,1,1,1,1,1,1,1,1,2,2,2,2,2,2,2,2,2,2,2,2,1,2,2,2,2,2,2,2,2,2,2,2,2,2,2,2,2,2,2,2,2,2,2,2,2,2,2,2,2,2,2,2,2,2,2,2,2,2,2,2,2,2,2,2,2,2,2,2,2,2,2,2,2,2,2,2,2,2,2,2,2,2,2,2,2,2,2,2,2,2,2,2,2,2,2,2,2,2,2,2,2,2,2,2,2,2,2,2"

