==========================================
SLURM_JOB_ID = 25533402
SLURM_JOB_NODELIST = a03-17
TMPDIR = /tmp/SLURM_25533402
==========================================
hello
Starting parallel pool (parpool) ...
Connected to the parallel pool (number of workers: 15).

pool = 

 ProcessPool with properties: 

            Connected: true
           NumWorkers: 15
                 Busy: false
              Cluster: Local
        AttachedFiles: {}
    AutoAddClientPath: true
            FileStore: [1x1 parallel.FileStore]
           ValueStore: [1x1 parallel.ValueStore]
          IdleTimeout: 30 minutes (30 minutes remaining)
          SpmdEnabled: true


dimension =

        2000


separation =

     5


sample_size =

   200


table_name =

    'test'


db_dir =

    '/home1/jongminm/sparse_kmeans/sparse_kmeans.db'


rho =

     0


full_run =

  logical

   0


blfs = 

  block_replication_for_server with properties:

          table_name: 'test'
              db_dir: '/home1/jongminm/sparse_kmeans/sparse_kmeans.db'
      data_generator: [1x1 sparse_symmetric_data_generator]
      number_cluster: 2
          n_iter_max: 100
    window_size_half: 2
         sample_size: 200
         init_method: "spec"
        cluster_true: []
             learner: []
            run_full: 0
     matrix_sparsity: 0
            data_obj: @data_gaussian

replication: (157)th 


1 th thresholding


cutoff =

    0.5518


10 entries survived 
solving SDP...  breakyes=3.2,  dualfeasorg deteriorated too much: primfeasorg=2.56e-04,dualfeasorg=3.42e-03took 2.251236s, relaxed dual: -18.133282, original: 1220.928683 

is_stop =

  logical

   0


final_iter =

     1


2 th thresholding


cutoff =

    0.5514


10 entries survived 
solving SDP...  breakyes=3.2,  dualfeasorg deteriorated too much: primfeasorg=1.69e-06,dualfeasorg=1.99e-05took 4.904064s, relaxed dual: -5.923048, original: 1218.316976 

is_stop =

  logical

   0


final_iter =

     1


3 th thresholding


cutoff =

    0.5514


10 entries survived 
solving SDP...  breakyes=3.2,  dualfeasorg deteriorated too much: primfeasorg=3.34e-06,dualfeasorg=4.52e-05took 2.349250s, relaxed dual: -6.004976, original: 1220.928683 

is_stop =

  logical

   0


final_iter =

     1


4 th thresholding


cutoff =

    0.5514


10 entries survived 
solving SDP...  breakyes=3.2,  dualfeasorg deteriorated too much: primfeasorg=1.69e-06,dualfeasorg=1.99e-05took 5.171165s, relaxed dual: -5.923048, original: 1218.316976 

is_stop =

  logical

   0


final_iter =

     1


5 th thresholding


cutoff =

    0.5514


10 entries survived 
solving SDP...  breakyes=3.2,  dualfeasorg deteriorated too much: primfeasorg=3.34e-06,dualfeasorg=4.52e-05took 3.476653s, relaxed dual: -6.004976, original: 1220.928683 

is_stop =

  logical

   0


final_iter =

     1


6 th thresholding


cutoff =

    0.5514


10 entries survived 
solving SDP...  breakyes=3.2,  dualfeasorg deteriorated too much: primfeasorg=1.69e-06,dualfeasorg=1.99e-05took 4.627178s, relaxed dual: -5.923048, original: 1218.316976 

change =

         0
   -0.0138
         0
   -0.0138
         0


change =

         0
    0.0021
         0
    0.0021
         0


is_stop =

  logical

   1


final_iter =

     4


 final iteration = 4 
acc_dict = 

  Map with properties:

        Count: 5
      KeyType: double
    ValueType: double


ans =

  1x5 cell array

    {[0.8500]}    {[1]}    {[0.9950]}    {[1]}    {[0.9950]}


ans =

  1x5 cell array

  Columns 1 through 3

    {'2,2,2,2,2,2,2,...'}    {'2,2,2,2,2,2,2,...'}    {'1,1,1,1,1,1,1,...'}

  Columns 4 through 5

    {'1,1,1,1,1,1,1,...'}    {'1,1,1,1,1,1,1,...'}


database_subtable =

  5x24 table

    rep    iter    sep    dim     rho    sparsity    stop_og    stop_sdp    stop_loop     acc     obj_prim    obj_dual    obj_original    true_pos    false_pos    false_neg    diff_x_tilde_fro    diff_x_tilde_op    diff_x_tilde_ellone    time_est    time_SDP          jobdate              survived_indices                                                                                                                                                                                                          cluster_est                                                                                                                                                                                                   
    ___    ____    ___    ____    ___    ________    _______    ________    _________    _____    ________    ________    ____________    ________    _________    _________    ________________    _______________    ___________________    ________    ________    ____________________    ______________________    _________________________________________________________________________________________________________________________________________________________________________________________________________________________________________________________________________________________________________________________________________________________________________________________________________________

    157     0       5     2000     0        10        false      false        false       0.85          0           0             0           0           0            0               0                   0                    0                    0          0     11-Sep-2024 12:57:44    ""                        "2,2,2,2,2,2,2,2,2,2,2,2,2,2,2,2,2,2,2,2,2,2,2,2,2,1,2,2,1,2,2,2,2,2,2,2,2,2,2,2,2,2,2,2,2,2,2,2,2,2,2,2,1,2,2,2,2,2,2,2,2,2,2,2,2,2,1,2,2,2,2,2,2,1,2,1,2,1,2,2,2,1,1,2,1,1,1,2,2,2,1,2,2,2,2,2,2,2,2,2,1,1,1,2,1,1,1,1,1,2,1,1,1,1,1,1,1,1,2,2,1,1,1,1,1,1,1,1,1,1,1,2,1,1,1,1,1,1,1,1,1,2,1,1,1,1,1,1,1,1,1,1,1,1,1,2,1,1,1,1,1,2,2,2,1,1,1,1,1,1,1,2,2,1,1,1,1,1,1,1,1,1,1,1,1,1,2,2,1,2,1,2,1,1,1,1,1,2,1,1"
    157     1       5     2000     0        10        false      false        false          1    -18.127     -18.133        1220.9          10           0            0               0                   0                    0             0.016449     2.2512     11-Sep-2024 12:57:44    "1,2,3,4,5,6,7,8,9,10"    "2,2,2,2,2,2,2,2,2,2,2,2,2,2,2,2,2,2,2,2,2,2,2,2,2,2,2,2,2,2,2,2,2,2,2,2,2,2,2,2,2,2,2,2,2,2,2,2,2,2,2,2,2,2,2,2,2,2,2,2,2,2,2,2,2,2,2,2,2,2,2,2,2,2,2,2,2,2,2,2,2,2,2,2,2,2,2,2,2,2,2,2,2,2,2,2,2,2,2,2,1,1,1,1,1,1,1,1,1,1,1,1,1,1,1,1,1,1,1,1,1,1,1,1,1,1,1,1,1,1,1,1,1,1,1,1,1,1,1,1,1,1,1,1,1,1,1,1,1,1,1,1,1,1,1,1,1,1,1,1,1,1,1,1,1,1,1,1,1,1,1,1,1,1,1,1,1,1,1,1,1,1,1,1,1,1,1,1,1,1,1,1,1,1,1,1,1,1,1,1"
    157     2       5     2000     0        10        true       false        false      0.995     -5.923      -5.923        1218.3          10           0            0               0                   0                    0             0.005273     4.9041     11-Sep-2024 12:57:44    "1,2,3,4,5,6,7,8,9,10"    "1,1,1,1,1,1,1,1,1,1,1,1,1,1,1,1,1,1,1,2,1,1,1,1,1,1,1,1,1,1,1,1,1,1,1,1,1,1,1,1,1,1,1,1,1,1,1,1,1,1,1,1,1,1,1,1,1,1,1,1,1,1,1,1,1,1,1,1,1,1,1,1,1,1,1,1,1,1,1,1,1,1,1,1,1,1,1,1,1,1,1,1,1,1,1,1,1,1,1,1,2,2,2,2,2,2,2,2,2,2,2,2,2,2,2,2,2,2,2,2,2,2,2,2,2,2,2,2,2,2,2,2,2,2,2,2,2,2,2,2,2,2,2,2,2,2,2,2,2,2,2,2,2,2,2,2,2,2,2,2,2,2,2,2,2,2,2,2,2,2,2,2,2,2,2,2,2,2,2,2,2,2,2,2,2,2,2,2,2,2,2,2,2,2,2,2,2,2,2,2"
    157     3       5     2000     0        10        false      false        false          1     -6.005      -6.005        1220.9          10           0            0               0                   0                    0             0.007302     2.3493     11-Sep-2024 12:57:44    "1,2,3,4,5,6,7,8,9,10"    "1,1,1,1,1,1,1,1,1,1,1,1,1,1,1,1,1,1,1,1,1,1,1,1,1,1,1,1,1,1,1,1,1,1,1,1,1,1,1,1,1,1,1,1,1,1,1,1,1,1,1,1,1,1,1,1,1,1,1,1,1,1,1,1,1,1,1,1,1,1,1,1,1,1,1,1,1,1,1,1,1,1,1,1,1,1,1,1,1,1,1,1,1,1,1,1,1,1,1,1,2,2,2,2,2,2,2,2,2,2,2,2,2,2,2,2,2,2,2,2,2,2,2,2,2,2,2,2,2,2,2,2,2,2,2,2,2,2,2,2,2,2,2,2,2,2,2,2,2,2,2,2,2,2,2,2,2,2,2,2,2,2,2,2,2,2,2,2,2,2,2,2,2,2,2,2,2,2,2,2,2,2,2,2,2,2,2,2,2,2,2,2,2,2,2,2,2,2,2,2"
    157     4       5     2000     0        10        false      false        true       0.995     -5.923      -5.923        1218.3          10           0            0               0                   0                    0             0.002792     5.1712     11-Sep-2024 12:57:44    "1,2,3,4,5,6,7,8,9,10"    "1,1,1,1,1,1,1,1,1,1,1,1,1,1,1,1,1,1,1,2,1,1,1,1,1,1,1,1,1,1,1,1,1,1,1,1,1,1,1,1,1,1,1,1,1,1,1,1,1,1,1,1,1,1,1,1,1,1,1,1,1,1,1,1,1,1,1,1,1,1,1,1,1,1,1,1,1,1,1,1,1,1,1,1,1,1,1,1,1,1,1,1,1,1,1,1,1,1,1,1,2,2,2,2,2,2,2,2,2,2,2,2,2,2,2,2,2,2,2,2,2,2,2,2,2,2,2,2,2,2,2,2,2,2,2,2,2,2,2,2,2,2,2,2,2,2,2,2,2,2,2,2,2,2,2,2,2,2,2,2,2,2,2,2,2,2,2,2,2,2,2,2,2,2,2,2,2,2,2,2,2,2,2,2,2,2,2,2,2,2,2,2,2,2,2,2,2,2,2,2"


blfs = 

  block_replication_for_server with properties:

          table_name: 'test'
              db_dir: '/home1/jongminm/sparse_kmeans/sparse_kmeans.db'
      data_generator: [1x1 sparse_symmetric_data_generator]
      number_cluster: 2
          n_iter_max: 100
    window_size_half: 2
         sample_size: 200
         init_method: "spec"
        cluster_true: []
             learner: []
            run_full: 0
     matrix_sparsity: 0
            data_obj: @data_gaussian

replication: (158)th 


1 th thresholding


cutoff =

    0.5514


10 entries survived 
solving SDP...  breakyes=3.1,  primfeasorg deteriorated too much: primfeasorg=8.17e-06,dualfeasorg=6.16e-06took 4.446371s, relaxed dual: -12.569711, original: 1187.053114 

is_stop =

  logical

   0


final_iter =

     1


2 th thresholding


cutoff =

    0.5514


10 entries survived 
solving SDP...  breakyes=1.0,  maxresidual < 1.00e-06took 2.686360s, relaxed dual: -6.035267, original: 1178.452935 

is_stop =

  logical

   0


final_iter =

     1


3 th thresholding


cutoff =

    0.5515


10 entries survived 
solving SDP...  breakyes=1.3,  maxresidual < 1.00e-06took 5.605682s, relaxed dual: -6.291844, original: 1187.053114 

is_stop =

  logical

   0


final_iter =

     1


4 th thresholding


cutoff =

    0.5514


10 entries survived 
solving SDP...  breakyes=1.0,  maxresidual < 1.00e-06took 1.745832s, relaxed dual: -6.035267, original: 1178.452935 

is_stop =

  logical

   0


final_iter =

     1


5 th thresholding


cutoff =

    0.5515


10 entries survived 
solving SDP...  breakyes=1.3,  maxresidual < 1.00e-06took 4.917441s, relaxed dual: -6.291844, original: 1187.053114 

is_stop =

  logical

   0


final_iter =

     1


6 th thresholding


cutoff =

    0.5514


10 entries survived 
solving SDP...  breakyes=1.0,  maxresidual < 1.00e-06took 2.026558s, relaxed dual: -6.035267, original: 1178.452935 

change =

         0
   -0.0425
         0
   -0.0425
         0


change =

         0
    0.0073
         0
    0.0073
         0


is_stop =

  logical

   1


final_iter =

     4


 final iteration = 4 
acc_dict = 

  Map with properties:

        Count: 5
      KeyType: double
    ValueType: double


ans =

  1x5 cell array

    {[0.9350]}    {[0.9950]}    {[0.9900]}    {[0.9950]}    {[0.9900]}


ans =

  1x5 cell array

  Columns 1 through 3

    {'1,2,1,1,1,1,1,...'}    {'2,2,2,2,2,2,2,...'}    {'2,2,2,2,2,2,2,...'}

  Columns 4 through 5

    {'1,1,1,1,1,1,1,...'}    {'1,1,1,1,1,1,1,...'}


database_subtable =

  5x24 table

    rep    iter    sep    dim     rho    sparsity    stop_og    stop_sdp    stop_loop     acc     obj_prim    obj_dual    obj_original    true_pos    false_pos    false_neg    diff_x_tilde_fro    diff_x_tilde_op    diff_x_tilde_ellone    time_est    time_SDP          jobdate              survived_indices                                                                                                                                                                                                          cluster_est                                                                                                                                                                                                   
    ___    ____    ___    ____    ___    ________    _______    ________    _________    _____    ________    ________    ____________    ________    _________    _________    ________________    _______________    ___________________    ________    ________    ____________________    ______________________    _________________________________________________________________________________________________________________________________________________________________________________________________________________________________________________________________________________________________________________________________________________________________________________________________________________

    158     0       5     2000     0        10        false      false        false      0.935          0           0             0           0           0            0               0                   0                    0                    0          0     11-Sep-2024 12:58:33    ""                        "1,2,1,1,1,1,1,1,1,1,1,1,1,1,1,1,1,1,1,1,1,1,1,1,1,1,1,2,1,1,1,1,1,1,1,1,1,1,1,1,2,2,2,1,1,1,1,1,1,1,1,1,1,1,1,1,1,1,1,1,1,1,1,1,1,1,1,1,1,1,1,1,2,1,1,1,1,1,1,1,1,1,1,1,1,1,1,1,1,1,1,1,1,1,1,1,1,1,1,1,2,2,2,2,2,2,2,2,1,2,2,2,2,2,2,2,2,1,2,2,2,2,2,2,2,2,2,2,2,2,2,2,2,2,2,2,2,2,2,2,1,2,2,2,2,2,2,2,2,2,2,2,2,2,2,2,2,2,2,2,2,2,2,2,2,2,2,2,1,2,2,2,2,2,2,2,2,2,2,2,2,2,2,2,2,1,2,2,1,2,2,2,2,2,2,2,2,2,2,1"
    158     1       5     2000     0        10        false      false        false      0.995    -12.569      -12.57        1187.1          10           0            0               0                   0                    0              0.00368     4.4464     11-Sep-2024 12:58:33    "1,2,3,4,5,6,7,8,9,10"    "2,2,2,2,2,2,2,2,2,2,2,2,2,2,2,2,2,2,2,2,2,2,2,2,2,2,2,2,2,2,2,2,2,2,2,2,2,2,2,2,2,2,2,2,2,2,2,2,2,2,2,2,2,2,2,2,2,2,2,2,2,2,2,2,2,2,2,2,2,2,2,2,2,2,2,2,2,2,2,2,2,2,2,2,2,2,2,2,2,2,2,2,2,2,2,2,2,2,2,2,1,1,1,1,1,1,1,1,1,1,1,1,1,1,1,1,1,1,1,1,1,1,1,1,1,1,1,1,1,1,1,1,1,1,1,1,1,1,1,1,1,1,1,1,1,1,1,1,1,1,1,1,1,1,1,1,1,1,1,1,1,1,1,2,1,1,1,1,1,1,1,1,1,1,1,1,1,1,1,1,1,1,1,1,1,1,1,1,1,1,1,1,1,1,1,1,1,1,1,1"
    158     2       5     2000     0        10        true       false        false       0.99    -6.0353     -6.0353        1178.5          10           0            0               0                   0                    0              0.00214     2.6864     11-Sep-2024 12:58:33    "1,2,3,4,5,6,7,8,9,10"    "2,2,2,2,2,2,2,2,2,2,2,2,2,2,2,2,2,2,2,2,2,2,2,2,2,2,2,2,2,2,2,2,2,2,2,2,2,2,2,2,2,2,2,2,2,2,2,2,2,2,2,2,2,2,2,2,2,2,2,2,2,2,2,2,2,2,2,2,2,2,2,2,2,2,2,2,2,2,2,2,2,2,2,2,2,2,2,2,2,2,2,2,2,2,2,2,2,2,2,2,1,1,1,1,1,1,1,1,1,1,1,1,1,1,1,1,1,1,1,1,1,1,1,1,1,1,1,1,1,1,1,1,1,1,1,1,1,1,1,1,1,1,1,1,1,1,2,1,2,1,1,1,1,1,1,1,1,1,1,1,1,1,1,1,1,1,1,1,1,1,1,1,1,1,1,1,1,1,1,1,1,1,1,1,1,1,1,1,1,1,1,1,1,1,1,1,1,1,1,1"
    158     3       5     2000     0        10        false      false        false      0.995    -6.2918     -6.2918        1187.1          10           0            0               0                   0                    0             0.001983     5.6057     11-Sep-2024 12:58:33    "1,2,3,4,5,6,7,8,9,10"    "1,1,1,1,1,1,1,1,1,1,1,1,1,1,1,1,1,1,1,1,1,1,1,1,1,1,1,1,1,1,1,1,1,1,1,1,1,1,1,1,1,1,1,1,1,1,1,1,1,1,1,1,1,1,1,1,1,1,1,1,1,1,1,1,1,1,1,1,1,1,1,1,1,1,1,1,1,1,1,1,1,1,1,1,1,1,1,1,1,1,1,1,1,1,1,1,1,1,1,1,2,2,2,2,2,2,2,2,2,2,2,2,2,2,2,2,2,2,2,2,2,2,2,2,2,2,2,2,2,2,2,2,2,2,2,2,2,2,2,2,2,2,2,2,2,2,2,2,2,2,2,2,2,2,2,2,2,2,2,2,2,2,2,1,2,2,2,2,2,2,2,2,2,2,2,2,2,2,2,2,2,2,2,2,2,2,2,2,2,2,2,2,2,2,2,2,2,2,2,2"
    158     4       5     2000     0        10        false      false        true        0.99    -6.0353     -6.0353        1178.5          10           0            0               0                   0                    0             0.001733     1.7458     11-Sep-2024 12:58:33    "1,2,3,4,5,6,7,8,9,10"    "1,1,1,1,1,1,1,1,1,1,1,1,1,1,1,1,1,1,1,1,1,1,1,1,1,1,1,1,1,1,1,1,1,1,1,1,1,1,1,1,1,1,1,1,1,1,1,1,1,1,1,1,1,1,1,1,1,1,1,1,1,1,1,1,1,1,1,1,1,1,1,1,1,1,1,1,1,1,1,1,1,1,1,1,1,1,1,1,1,1,1,1,1,1,1,1,1,1,1,1,2,2,2,2,2,2,2,2,2,2,2,2,2,2,2,2,2,2,2,2,2,2,2,2,2,2,2,2,2,2,2,2,2,2,2,2,2,2,2,2,2,2,2,2,2,2,1,2,1,2,2,2,2,2,2,2,2,2,2,2,2,2,2,2,2,2,2,2,2,2,2,2,2,2,2,2,2,2,2,2,2,2,2,2,2,2,2,2,2,2,2,2,2,2,2,2,2,2,2,2"


blfs = 

  block_replication_for_server with properties:

          table_name: 'test'
              db_dir: '/home1/jongminm/sparse_kmeans/sparse_kmeans.db'
      data_generator: [1x1 sparse_symmetric_data_generator]
      number_cluster: 2
          n_iter_max: 100
    window_size_half: 2
         sample_size: 200
         init_method: "spec"
        cluster_true: []
             learner: []
            run_full: 0
     matrix_sparsity: 0
            data_obj: @data_gaussian

replication: (159)th 


1 th thresholding


cutoff =

    0.5514


12 entries survived 
solving SDP...  breakyes=1.0,  maxresidual < 1.00e-06took 1.146608s, relaxed dual: -14.447403, original: 1490.382135 

is_stop =

  logical

   0


final_iter =

     1


2 th thresholding


cutoff =

    0.5514


10 entries survived 
solving SDP...  breakyes=3.1,  primfeasorg deteriorated too much: primfeasorg=6.27e-06,dualfeasorg=5.08e-06took 4.101389s, relaxed dual: -7.198952, original: 1457.351497 

is_stop =

  logical

   0


final_iter =

     1


3 th thresholding


cutoff =

    0.5514


10 entries survived 
solving SDP...  breakyes=1.4,  maxresidual < 1.00e-06took 7.899125s, relaxed dual: -7.252613, original: 1458.790179 

is_stop =

  logical

   1


final_iter =

     3


 final iteration = 3 
acc_dict = 

  Map with properties:

        Count: 4
      KeyType: double
    ValueType: double


ans =

  1x4 cell array

    {[0.9450]}    {[0.9950]}    {[0.9900]}    {[0.9950]}


ans =

  1x4 cell array

  Columns 1 through 3

    {'2,1,2,2,2,2,2,...'}    {'2,2,2,2,2,2,2,...'}    {'1,1,1,1,1,1,1,...'}

  Column 4

    {'2,2,2,2,2,2,2,...'}


database_subtable =

  4x24 table

    rep    iter    sep    dim     rho    sparsity    stop_og    stop_sdp    stop_loop     acc     obj_prim    obj_dual    obj_original    true_pos    false_pos    false_neg    diff_x_tilde_fro    diff_x_tilde_op    diff_x_tilde_ellone    time_est    time_SDP          jobdate                  survived_indices                                                                                                                                                                                                               cluster_est                                                                                                                                                                                                   
    ___    ____    ___    ____    ___    ________    _______    ________    _________    _____    ________    ________    ____________    ________    _________    _________    ________________    _______________    ___________________    ________    ________    ____________________    _______________________________    _________________________________________________________________________________________________________________________________________________________________________________________________________________________________________________________________________________________________________________________________________________________________________________________________________________

    159     0       5     2000     0        10        false      false        false      0.945          0           0             0           0           0            0               0                   0                    0                    0          0     11-Sep-2024 12:58:57    ""                                 "2,1,2,2,2,2,2,1,2,2,2,2,2,2,2,2,2,2,2,2,2,2,2,2,2,2,2,2,2,1,2,2,2,2,2,2,2,2,2,2,2,1,2,2,1,2,2,2,2,2,2,2,2,2,2,2,2,2,2,2,2,2,2,2,2,2,2,2,2,2,2,2,2,2,2,2,2,2,2,2,2,2,2,2,2,2,2,1,2,2,2,2,2,2,2,2,2,2,2,2,1,1,1,1,2,1,1,1,1,1,1,1,1,1,1,1,1,1,1,1,1,1,1,1,1,1,1,1,1,1,1,1,1,1,1,1,1,2,1,1,1,1,1,1,1,1,1,1,2,1,1,1,1,1,1,1,1,1,1,1,1,1,1,1,1,1,1,1,1,1,1,1,1,1,1,1,1,1,1,1,1,1,1,1,1,1,1,2,2,1,1,1,1,1,1,1,1,1,1,1"
    159     1       5     2000     0        10        false      false        false      0.995    -14.447     -14.447        1490.4          10           2            0               0                   0                    0             0.001602     1.1466     11-Sep-2024 12:58:57    "1,2,3,4,5,6,7,8,9,10,851,1069"    "2,2,2,2,2,2,2,2,2,2,2,2,2,2,2,2,2,2,2,2,2,2,2,2,2,2,2,2,2,2,2,2,2,2,2,2,2,2,2,2,2,2,2,2,2,2,2,2,2,2,1,2,2,2,2,2,2,2,2,2,2,2,2,2,2,2,2,2,2,2,2,2,2,2,2,2,2,2,2,2,2,2,2,2,2,2,2,2,2,2,2,2,2,2,2,2,2,2,2,2,1,1,1,1,1,1,1,1,1,1,1,1,1,1,1,1,1,1,1,1,1,1,1,1,1,1,1,1,1,1,1,1,1,1,1,1,1,1,1,1,1,1,1,1,1,1,1,1,1,1,1,1,1,1,1,1,1,1,1,1,1,1,1,1,1,1,1,1,1,1,1,1,1,1,1,1,1,1,1,1,1,1,1,1,1,1,1,1,1,1,1,1,1,1,1,1,1,1,1,1"
    159     2       5     2000     0        10        false      false        false       0.99    -7.1985      -7.199        1457.4          10           0            0               0                   0                    0             0.002398     4.1014     11-Sep-2024 12:58:57    "1,2,3,4,5,6,7,8,9,10"             "1,1,1,1,1,1,1,1,1,1,1,1,1,1,1,1,1,1,1,1,1,1,1,1,1,1,1,1,1,1,1,1,1,1,1,1,1,1,1,1,1,1,1,1,1,1,1,1,1,1,2,1,1,1,1,1,1,1,1,1,1,1,1,1,1,1,1,1,1,1,1,1,1,1,1,1,1,1,1,1,1,1,1,1,1,1,1,1,1,1,1,1,1,1,1,1,1,1,1,1,2,2,2,2,2,2,2,2,2,2,2,2,2,2,2,2,2,2,2,2,2,2,2,2,2,2,2,2,2,2,2,2,2,2,2,2,2,2,2,2,2,2,2,2,2,2,2,2,2,2,2,2,2,2,2,2,2,2,2,2,2,2,2,2,2,2,2,2,2,2,2,2,1,2,2,2,2,2,2,2,2,2,2,2,2,2,2,2,2,2,2,2,2,2,2,2,2,2,2,2"
    159     3       5     2000     0        10        true       true         false      0.995    -7.2526     -7.2526        1458.8          10           0            0               0                   0                    0             0.002846     7.8991     11-Sep-2024 12:58:57    "1,2,3,4,5,6,7,8,9,10"             "2,2,2,2,2,2,2,2,2,2,2,2,2,2,2,2,2,2,2,2,2,2,2,2,2,2,2,2,2,2,2,2,2,2,2,2,2,2,2,2,2,2,2,2,2,2,2,2,2,2,1,2,2,2,2,2,2,2,2,2,2,2,2,2,2,2,2,2,2,2,2,2,2,2,2,2,2,2,2,2,2,2,2,2,2,2,2,2,2,2,2,2,2,2,2,2,2,2,2,2,1,1,1,1,1,1,1,1,1,1,1,1,1,1,1,1,1,1,1,1,1,1,1,1,1,1,1,1,1,1,1,1,1,1,1,1,1,1,1,1,1,1,1,1,1,1,1,1,1,1,1,1,1,1,1,1,1,1,1,1,1,1,1,1,1,1,1,1,1,1,1,1,1,1,1,1,1,1,1,1,1,1,1,1,1,1,1,1,1,1,1,1,1,1,1,1,1,1,1,1"


blfs = 

  block_replication_for_server with properties:

          table_name: 'test'
              db_dir: '/home1/jongminm/sparse_kmeans/sparse_kmeans.db'
      data_generator: [1x1 sparse_symmetric_data_generator]
      number_cluster: 2
          n_iter_max: 100
    window_size_half: 2
         sample_size: 200
         init_method: "spec"
        cluster_true: []
             learner: []
            run_full: 0
     matrix_sparsity: 0
            data_obj: @data_gaussian

replication: (160)th 


1 th thresholding


cutoff =

    0.5518


11 entries survived 
solving SDP...  breakyes=3.2,  dualfeasorg deteriorated too much: primfeasorg=5.42e-04,dualfeasorg=2.45e-03took 1.115728s, relaxed dual: -14.553090, original: 1237.737873 

is_stop =

  logical

   0


final_iter =

     1


2 th thresholding


cutoff =

    0.5514


10 entries survived 
solving SDP...  breakyes=1.0,  maxresidual < 1.00e-06took 1.762763s, relaxed dual: -5.406915, original: 1221.073376 

is_stop =

  logical

   0


final_iter =

     1


3 th thresholding


cutoff =

    0.5514


10 entries survived 
solving SDP...  breakyes=2.0,  primfeasorg*dualfeasorg < 1.00e-14took 6.647377s, relaxed dual: -5.486617, original: 1223.695492 

is_stop =

  logical

   0


final_iter =

     1


4 th thresholding


cutoff =

    0.5514


10 entries survived 
solving SDP...  breakyes=1.0,  maxresidual < 1.00e-06took 1.778636s, relaxed dual: -5.406915, original: 1221.073376 

is_stop =

  logical

   0


final_iter =

     1


5 th thresholding


cutoff =

    0.5514


10 entries survived 
solving SDP...  breakyes=2.0,  primfeasorg*dualfeasorg < 1.00e-14took 5.950017s, relaxed dual: -5.486617, original: 1223.695492 

is_stop =

  logical

   0


final_iter =

     1


6 th thresholding


cutoff =

    0.5514


10 entries survived 
solving SDP...  breakyes=1.0,  maxresidual < 1.00e-06took 1.883225s, relaxed dual: -5.406915, original: 1221.073376 

change =

         0
   -0.0147
         0
   -0.0147
         0


change =

         0
    0.0021
         0
    0.0021
         0


is_stop =

  logical

   1


final_iter =

     4


 final iteration = 4 
acc_dict = 

  Map with properties:

        Count: 5
      KeyType: double
    ValueType: double


ans =

  1x5 cell array

    {[0.8900]}    {[0.9950]}    {[0.9900]}    {[0.9950]}    {[0.9900]}


ans =

  1x5 cell array

  Columns 1 through 3

    {'1,1,2,1,2,1,2,...'}    {'1,1,1,1,1,1,1,...'}    {'1,1,1,1,1,1,1,...'}

  Columns 4 through 5

    {'1,1,1,1,1,1,1,...'}    {'1,1,1,1,1,1,1,...'}


database_subtable =

  5x24 table

    rep    iter    sep    dim     rho    sparsity    stop_og    stop_sdp    stop_loop     acc     obj_prim    obj_dual    obj_original    true_pos    false_pos    false_neg    diff_x_tilde_fro    diff_x_tilde_op    diff_x_tilde_ellone    time_est    time_SDP          jobdate                survived_indices                                                                                                                                                                                                            cluster_est                                                                                                                                                                                                   
    ___    ____    ___    ____    ___    ________    _______    ________    _________    _____    ________    ________    ____________    ________    _________    _________    ________________    _______________    ___________________    ________    ________    ____________________    __________________________    _________________________________________________________________________________________________________________________________________________________________________________________________________________________________________________________________________________________________________________________________________________________________________________________________________________

    160     0       5     2000     0        10        false      false        false       0.89          0           0             0           0           0            0               0                   0                    0                    0          0     11-Sep-2024 12:59:33    ""                            "1,1,2,1,2,1,2,1,1,1,1,2,1,2,1,2,1,1,1,1,1,1,1,1,1,2,1,1,1,1,1,1,1,1,1,1,1,1,1,1,1,1,2,1,1,2,1,1,1,2,1,1,1,1,1,1,1,1,1,1,1,1,1,1,1,1,1,1,1,1,1,1,1,1,1,1,1,2,1,1,1,1,1,1,1,1,1,1,1,2,1,1,1,1,1,1,1,1,1,2,2,2,2,2,2,2,2,1,2,2,2,2,2,2,2,2,2,2,2,2,2,2,2,2,2,2,2,2,1,1,2,2,2,2,1,2,1,2,2,1,2,2,2,2,2,2,2,2,1,2,2,2,2,2,2,2,2,1,2,2,2,2,2,2,2,2,2,2,2,2,2,2,2,2,2,2,2,2,2,2,2,2,2,2,2,2,2,2,2,2,2,1,2,2,2,2,2,2,2,2"
    160     1       5     2000     0        10        false      false        false      0.995    -14.548     -14.553        1237.7          10           1            0               0                   0                    0              0.00185     1.1157     11-Sep-2024 12:59:33    "1,2,3,4,5,6,7,8,9,10,106"    "1,1,1,1,1,1,1,1,1,1,1,1,1,1,1,1,1,1,1,1,1,1,1,1,1,1,1,1,1,1,1,1,1,1,1,1,1,1,1,1,1,1,1,1,1,1,1,1,1,1,1,1,1,1,1,1,1,1,1,1,1,1,1,1,1,1,1,1,1,1,1,1,1,1,1,1,1,1,1,1,1,1,1,1,1,1,1,1,1,1,1,1,1,1,1,1,1,1,1,1,2,2,2,2,2,2,2,2,2,2,2,2,2,2,2,2,2,2,2,2,2,2,2,2,2,2,2,2,2,2,2,2,2,2,2,2,2,2,2,2,2,2,2,2,2,2,2,2,2,2,2,2,2,2,2,2,2,1,2,2,2,2,2,2,2,2,2,2,2,2,2,2,2,2,2,2,2,2,2,2,2,2,2,2,2,2,2,2,2,2,2,2,2,2,2,2,2,2,2,2"
    160     2       5     2000     0        10        false      false        false       0.99    -5.4069     -5.4069        1221.1          10           0            0               0                   0                    0             0.001559     1.7628     11-Sep-2024 12:59:33    "1,2,3,4,5,6,7,8,9,10"        "1,1,1,1,1,1,1,1,1,1,1,1,1,1,1,1,1,1,1,1,1,1,1,1,1,1,1,1,1,1,1,1,1,1,1,1,1,1,1,1,1,1,1,1,1,1,1,1,1,1,1,1,1,1,1,1,1,1,1,1,1,1,1,1,1,1,1,1,1,1,1,1,1,1,1,1,1,1,1,1,1,1,1,1,1,1,1,1,1,1,1,1,1,1,1,1,1,1,1,2,2,2,2,2,2,2,2,2,2,2,2,2,2,2,2,2,2,2,2,2,2,2,2,2,2,2,2,2,2,2,2,2,2,2,2,2,2,2,2,2,2,2,2,2,2,2,2,2,2,2,2,2,2,2,2,2,2,1,2,2,2,2,2,2,2,2,2,2,2,2,2,2,2,2,2,2,2,2,2,2,2,2,2,2,2,2,2,2,2,2,2,2,2,2,2,2,2,2,2,2"
    160     3       5     2000     0        10        true       false        false      0.995    -5.4866     -5.4866        1223.7          10           0            0               0                   0                    0             0.001689     6.6474     11-Sep-2024 12:59:33    "1,2,3,4,5,6,7,8,9,10"        "1,1,1,1,1,1,1,1,1,1,1,1,1,1,1,1,1,1,1,1,1,1,1,1,1,1,1,1,1,1,1,1,1,1,1,1,1,1,1,1,1,1,1,1,1,1,1,1,1,1,1,1,1,1,1,1,1,1,1,1,1,1,1,1,1,1,1,1,1,1,1,1,1,1,1,1,1,1,1,1,1,1,1,1,1,1,1,1,1,1,1,1,1,1,1,1,1,1,1,1,2,2,2,2,2,2,2,2,2,2,2,2,2,2,2,2,2,2,2,2,2,2,2,2,2,2,2,2,2,2,2,2,2,2,2,2,2,2,2,2,2,2,2,2,2,2,2,2,2,2,2,2,2,2,2,2,2,1,2,2,2,2,2,2,2,2,2,2,2,2,2,2,2,2,2,2,2,2,2,2,2,2,2,2,2,2,2,2,2,2,2,2,2,2,2,2,2,2,2,2"
    160     4       5     2000     0        10        false      false        true        0.99    -5.4069     -5.4069        1221.1          10           0            0               0                   0                    0             0.001429     1.7786     11-Sep-2024 12:59:33    "1,2,3,4,5,6,7,8,9,10"        "1,1,1,1,1,1,1,1,1,1,1,1,1,1,1,1,1,1,1,1,1,1,1,1,1,1,1,1,1,1,1,1,1,1,1,1,1,1,1,1,1,1,1,1,1,1,1,1,1,1,1,1,1,1,1,1,1,1,1,1,1,1,1,1,1,1,1,1,1,1,1,1,1,1,1,1,1,1,1,1,1,1,1,1,1,1,1,1,1,1,1,1,1,1,1,1,1,1,1,2,2,2,2,2,2,2,2,2,2,2,2,2,2,2,2,2,2,2,2,2,2,2,2,2,2,2,2,2,2,2,2,2,2,2,2,2,2,2,2,2,2,2,2,2,2,2,2,2,2,2,2,2,2,2,2,2,2,1,2,2,2,2,2,2,2,2,2,2,2,2,2,2,2,2,2,2,2,2,2,2,2,2,2,2,2,2,2,2,2,2,2,2,2,2,2,2,2,2,2,2"

