==========================================
SLURM_JOB_ID = 25522761
SLURM_JOB_NODELIST = a01-16
TMPDIR = /tmp/SLURM_25522761
==========================================
hello
Starting parallel pool (parpool) ...
Connected to the parallel pool (number of workers: 15).

pool = 

 ProcessPool with properties: 

            Connected: true
           NumWorkers: 15
                 Busy: false
              Cluster: Local
        AttachedFiles: {}
    AutoAddClientPath: true
            FileStore: [1x1 parallel.FileStore]
           ValueStore: [1x1 parallel.ValueStore]
          IdleTimeout: 30 minutes (30 minutes remaining)
          SpmdEnabled: true


dimension =

        2500


separation =

     4


sample_size =

   200


table_name =

    'test'


db_dir =

    '/home1/jongminm/sparse_kmeans/sparse_kmeans.db'


rho =

     0


full_run =

  logical

   0


blfs = 

  block_replication_for_server with properties:

          table_name: 'test'
              db_dir: '/home1/jongminm/sparse_kmeans/sparse_kmeans.db'
      data_generator: [1x1 sparse_symmetric_data_generator]
      number_cluster: 2
          n_iter_max: 100
    window_size_half: 2
         sample_size: 200
         init_method: "spec"
        cluster_true: []
             learner: []
            run_full: 0
     matrix_sparsity: 0
            data_obj: @data_gaussian

replication: (73)th 


1 th thresholding


cutoff =

    0.5635


6 entries survived 
solving SDP...  breakyes = 1.0,  maxresidual < 1.00e-04  breakyes=1.0,  maxresidual < 1.00e-06took 5.826562s, relaxed dual: -6.034736, original: 461.109237 

is_stop =

  logical

   0


final_iter =

     1


2 th thresholding


cutoff =

    0.5597


10 entries survived 
solving SDP...  breakyes=1.4,  maxresidual < 1.00e-06took 7.466325s, relaxed dual: -7.576759, original: 880.697767 

is_stop =

  logical

   0


final_iter =

     1


3 th thresholding


cutoff =

    0.5595


10 entries survived 
solving SDP...  breakyes = 1.0,  maxresidual < 1.00e-04  breakyes=1.0,  maxresidual < 1.00e-06took 3.404934s, relaxed dual: -4.077547, original: 890.517909 

is_stop =

  logical

   0


final_iter =

     1


4 th thresholding


cutoff =

    0.5604


11 entries survived 
solving SDP...  breakyes=1.0,  maxresidual < 1.00e-06took 4.342280s, relaxed dual: -3.896601, original: 899.155549 

is_stop =

  logical

   0


final_iter =

     1


5 th thresholding


cutoff =

    0.5597


10 entries survived 
solving SDP...  breakyes = 1.0,  maxresidual < 1.00e-04  breakyes=1.0,  maxresidual < 1.00e-06took 2.862997s, relaxed dual: -4.020431, original: 890.517909 

is_stop =

  logical

   0


final_iter =

     1


6 th thresholding


cutoff =

    0.5604


11 entries survived 
solving SDP...  breakyes=1.0,  maxresidual < 1.00e-06took 4.590173s, relaxed dual: -3.896601, original: 899.155549 

change =

   -0.9445
   -0.0464
         0
   -0.0318
         0


change =

    0.0205
    0.0096
         0
    0.0096
         0


is_stop =

  logical

   1


final_iter =

     4


 final iteration = 4 
acc_dict = 

  Map with properties:

        Count: 5
      KeyType: double
    ValueType: double


ans =

  1x5 cell array

    {[0.6600]}    {[0.8850]}    {[0.9600]}    {[0.9700]}    {[0.9550]}


ans =

  1x5 cell array

  Columns 1 through 3

    {'1,2,2,1,1,2,1,...'}    {'2,2,1,2,2,2,2,...'}    {'1,1,1,1,1,1,1,...'}

  Columns 4 through 5

    {'1,1,1,1,1,1,1,...'}    {'1,1,1,1,1,1,1,...'}


database_subtable =

  5x24 table

    rep    iter    sep    dim     rho    sparsity    stop_og    stop_sdp    stop_loop     acc     obj_prim    obj_dual    obj_original    true_pos    false_pos    false_neg    diff_x_tilde_fro    diff_x_tilde_op    diff_x_tilde_ellone    time_est    time_SDP          jobdate                survived_indices                                                                                                                                                                                                             cluster_est                                                                                                                                                                                                   
    ___    ____    ___    ____    ___    ________    _______    ________    _________    _____    ________    ________    ____________    ________    _________    _________    ________________    _______________    ___________________    ________    ________    ____________________    ___________________________    _________________________________________________________________________________________________________________________________________________________________________________________________________________________________________________________________________________________________________________________________________________________________________________________________________________

    73      0       4     2500     0        10        false      false        false       0.66          0           0             0           0           0            0               0                   0                    0                    0          0     11-Sep-2024 00:55:02    ""                             "1,2,2,1,1,2,1,1,1,1,1,1,2,1,1,1,1,1,2,1,1,2,1,2,2,2,1,2,1,1,1,1,2,1,1,1,1,1,1,1,1,2,1,1,2,1,1,2,1,1,1,1,1,1,1,1,1,1,1,1,2,1,2,1,1,1,2,1,1,1,1,2,1,1,2,1,1,1,1,1,1,2,2,2,1,2,1,1,1,1,2,2,1,1,1,1,2,1,2,2,1,2,1,2,1,2,2,2,2,1,1,1,2,2,2,2,1,2,1,2,1,2,2,1,2,1,1,1,2,2,1,2,2,2,2,1,2,1,2,1,1,2,2,2,1,1,1,2,2,2,1,2,1,2,2,2,2,1,2,2,2,2,2,2,2,2,2,2,1,1,1,1,1,1,1,2,1,2,1,2,1,2,1,2,2,1,2,2,2,2,1,1,2,2,2,2,1,2,2,1"
    73      1       4     2500     0        10        false      false        false      0.885    -6.0347     -6.0347        461.11           4           2            6               0                   0                    0             0.017979     5.8266     11-Sep-2024 00:55:02    "3,5,9,10,370,888"             "2,2,1,2,2,2,2,2,2,2,2,2,2,2,2,2,2,2,1,2,2,2,1,2,2,2,2,2,2,2,2,2,2,2,2,2,2,2,2,2,2,2,2,1,2,2,2,1,2,2,1,2,2,2,2,2,2,2,2,2,2,2,1,2,2,2,2,2,2,2,2,2,2,2,2,2,2,1,2,2,2,1,2,1,1,2,2,2,2,2,1,2,2,1,2,2,2,2,2,2,2,1,1,1,1,1,1,1,1,1,1,1,1,1,1,1,1,1,2,1,1,1,1,1,1,1,1,1,2,2,2,1,1,1,1,1,1,1,1,1,1,1,1,1,1,1,1,1,1,1,2,1,1,1,1,1,1,1,1,1,1,1,1,2,2,1,1,1,2,1,1,1,1,1,1,1,1,1,2,1,1,1,1,1,1,1,1,1,1,1,1,1,1,1,1,1,1,1,1,1"
    73      2       4     2500     0        10        false      false        false       0.96    -7.5768     -7.5768         880.7          10           0            0               0                   0                    0              0.00625     7.4663     11-Sep-2024 00:55:02    "1,2,3,4,5,6,7,8,9,10"         "1,1,1,1,1,1,1,1,1,1,1,1,1,1,1,1,1,1,1,1,1,1,1,1,1,1,1,1,1,1,1,1,1,1,2,1,1,1,1,1,1,1,1,2,1,1,1,2,1,1,2,1,1,1,1,1,1,1,1,1,1,1,2,1,1,1,1,1,1,1,1,1,1,1,1,1,1,1,1,1,1,1,1,1,1,1,1,1,1,1,1,1,1,1,1,1,1,1,1,1,2,2,2,2,2,2,2,2,2,2,2,2,1,2,1,2,2,1,2,2,2,2,2,2,2,2,2,2,2,2,2,2,2,2,2,2,2,2,2,2,2,2,2,2,2,2,2,2,2,2,2,2,2,2,2,2,2,2,2,2,2,2,2,2,2,2,2,2,2,2,2,2,2,2,2,2,2,2,2,2,2,2,2,2,2,2,2,2,2,2,2,2,2,2,2,2,2,2,2,2"
    73      3       4     2500     0        10        false      false        false       0.97    -4.0775     -4.0775        890.52          10           0            0               0                   0                    0             0.007001     3.4049     11-Sep-2024 00:55:02    "1,2,3,4,5,6,7,8,9,10"         "1,1,1,1,1,1,1,1,1,1,1,1,1,1,1,1,1,1,1,1,1,1,1,1,1,1,1,1,1,1,1,1,1,1,2,1,1,1,1,1,1,1,1,2,1,1,1,2,1,1,2,1,1,1,1,1,1,1,1,1,1,1,2,1,1,1,1,1,1,1,1,1,1,1,1,1,1,1,1,1,1,2,1,1,1,1,1,1,1,1,1,1,1,1,1,1,1,1,1,1,2,2,2,2,2,2,2,2,2,2,2,2,2,2,2,2,2,2,2,2,2,2,2,2,2,2,2,2,2,2,2,2,2,2,2,2,2,2,2,2,2,2,2,2,2,2,2,2,2,2,2,2,2,2,2,2,2,2,2,2,2,2,2,2,2,2,2,2,2,2,2,2,2,2,2,2,2,2,2,2,2,2,2,2,2,2,2,2,2,2,2,2,2,2,2,2,2,2,2,2"
    73      4       4     2500     0        10        true       false        true       0.955    -3.8966     -3.8966        899.16          10           1            0               0                   0                    0             0.004023     4.3423     11-Sep-2024 00:55:02    "1,2,3,4,5,6,7,8,9,10,1954"    "1,1,1,1,1,1,1,1,1,1,1,1,1,1,1,1,1,1,1,1,1,1,1,1,1,1,1,1,1,1,1,1,1,1,2,1,1,1,1,1,1,1,1,2,1,1,1,2,1,1,2,1,1,1,1,1,1,1,1,1,1,1,2,1,1,1,1,1,1,1,1,1,1,1,1,1,1,1,1,1,1,2,1,1,1,1,1,1,1,1,1,1,1,1,1,1,1,1,1,1,2,2,2,2,2,2,2,2,2,2,2,2,1,2,1,2,2,1,2,2,2,2,2,2,2,2,2,2,2,2,2,2,2,2,2,2,2,2,2,2,2,2,2,2,2,2,2,2,2,2,2,2,2,2,2,2,2,2,2,2,2,2,2,2,2,2,2,2,2,2,2,2,2,2,2,2,2,2,2,2,2,2,2,2,2,2,2,2,2,2,2,2,2,2,2,2,2,2,2,2"


blfs = 

  block_replication_for_server with properties:

          table_name: 'test'
              db_dir: '/home1/jongminm/sparse_kmeans/sparse_kmeans.db'
      data_generator: [1x1 sparse_symmetric_data_generator]
      number_cluster: 2
          n_iter_max: 100
    window_size_half: 2
         sample_size: 200
         init_method: "spec"
        cluster_true: []
             learner: []
            run_full: 0
     matrix_sparsity: 0
            data_obj: @data_gaussian

replication: (74)th 


1 th thresholding


cutoff =

    0.5635


2 entries survived 
solving SDP...  breakyes=1.4,  maxresidual < 1.00e-06took 10.476784s, relaxed dual: -0.913019, original: 132.690607 

is_stop =

  logical

   0


final_iter =

     1


2 th thresholding


cutoff =

    0.5972


3 entries survived 
solving SDP...  breakyes=1.3,  maxresidual < 1.00e-06took 8.550570s, relaxed dual: -1.045080, original: 178.610496 

is_stop =

  logical

   0


final_iter =

     1


3 th thresholding


cutoff =

    0.5667


2 entries survived 
solving SDP...  breakyes=1.4,  maxresidual < 1.00e-06took 14.238350s, relaxed dual: -0.612141, original: 155.584785 

is_stop =

  logical

   0


final_iter =

     1


4 th thresholding


cutoff =

    0.5595


1 entries survived 
solving SDP...  breakyes = 1.0,  maxresidual < 1.00e-04  breakyes=1.4,  maxresidual < 1.00e-06took 6.595033s, relaxed dual: -0.283003, original: 139.843615 

is_stop =

  logical

   0


final_iter =

     1


5 th thresholding


cutoff =

    0.5601


1 entries survived 
solving SDP...  breakyes = 1.0,  maxresidual < 1.00e-04  breakyes=1.4,  maxresidual < 1.00e-06took 5.436905s, relaxed dual: -0.268723, original: 139.843615 

is_stop =

  logical

   0


final_iter =

     1


6 th thresholding


cutoff =

    0.5601


1 entries survived 
solving SDP...  breakyes = 1.0,  maxresidual < 1.00e-04  breakyes=1.4,  maxresidual < 1.00e-06took 5.161283s, relaxed dual: -0.268723, original: 139.843615 

change =

   -2.6928
   -1.1630
         0
   -0.0505
   -0.0505


change =

    0.2772
    0.1126
         0
         0
         0


is_stop =

  logical

   1


final_iter =

     6


 final iteration = 6 
acc_dict = 

  Map with properties:

        Count: 7
      KeyType: double
    ValueType: double


ans =

  1x7 cell array

  Columns 1 through 5

    {[0.5900]}    {[0.5350]}    {[0.5100]}    {[0.5200]}    {[0.5350]}

  Columns 6 through 7

    {[0.5350]}    {[0.5350]}


ans =

  1x7 cell array

  Columns 1 through 3

    {'2,2,2,2,1,2,1,...'}    {'1,2,2,1,1,1,1,...'}    {'2,2,2,2,1,1,2,...'}

  Columns 4 through 6

    {'1,2,2,2,1,1,2,...'}    {'1,2,2,2,1,1,2,...'}    {'2,1,1,1,2,2,1,...'}

  Column 7

    {'1,2,2,2,1,1,2,...'}


database_subtable =

  7x24 table

    rep    iter    sep    dim     rho    sparsity    stop_og    stop_sdp    stop_loop     acc     obj_prim    obj_dual    obj_original    true_pos    false_pos    false_neg    diff_x_tilde_fro    diff_x_tilde_op    diff_x_tilde_ellone    time_est    time_SDP          jobdate           survived_indices                                                                                                                                                                                                       cluster_est                                                                                                                                                                                                   
    ___    ____    ___    ____    ___    ________    _______    ________    _________    _____    ________    ________    ____________    ________    _________    _________    ________________    _______________    ___________________    ________    ________    ____________________    ________________    _________________________________________________________________________________________________________________________________________________________________________________________________________________________________________________________________________________________________________________________________________________________________________________________________________________

    74      0       4     2500     0        10        false      false        false       0.59           0           0            0          0            0            0               0                   0                    0                    0          0     11-Sep-2024 00:56:08    ""                  "2,2,2,2,1,2,1,2,2,2,1,1,2,1,2,2,2,2,1,1,2,1,1,2,2,1,2,1,1,1,1,1,1,1,2,2,1,1,2,2,2,2,2,1,1,1,1,1,2,2,1,1,1,1,1,1,1,1,1,2,1,1,2,1,1,1,1,1,2,2,2,1,2,2,2,1,2,1,2,1,2,2,1,2,1,2,2,1,1,2,1,2,1,2,1,1,1,2,2,2,2,1,2,1,1,1,2,2,2,2,2,1,2,1,2,2,1,2,2,2,1,2,2,1,2,1,1,2,1,2,1,2,1,1,2,2,1,2,2,2,2,2,2,1,1,2,1,1,2,2,1,1,2,2,1,2,2,2,2,2,2,2,2,2,1,2,2,2,2,2,2,1,1,2,2,2,2,1,2,2,2,2,2,1,1,2,2,1,1,2,2,2,2,2,1,2,2,1,1,1"
    74      1       4     2500     0        10        false      false        false      0.535    -0.91302    -0.91302       132.69          0            2           10               0                   0                    0             0.003159     10.477     11-Sep-2024 00:56:08    "161,2252"          "1,2,2,1,1,1,1,2,1,1,1,1,2,1,1,2,1,1,1,1,1,1,2,2,2,1,1,1,2,1,2,1,1,1,2,1,2,1,2,2,1,2,1,1,1,1,2,2,1,1,1,1,1,1,1,1,1,2,1,1,1,1,1,1,1,1,1,1,1,2,2,1,1,2,2,1,2,1,2,1,1,2,1,1,1,1,2,1,2,2,1,1,1,1,1,1,1,1,1,2,1,1,1,1,1,1,2,1,2,1,2,1,1,1,2,1,2,1,2,2,1,1,1,1,1,1,2,1,1,1,2,2,1,1,2,2,1,2,2,1,2,2,2,1,1,2,1,1,1,1,1,1,1,1,1,2,2,2,2,2,1,1,1,1,2,1,1,2,1,1,2,1,1,2,1,1,2,1,2,2,2,2,1,1,1,1,1,1,1,2,2,1,1,1,1,2,1,2,1,1"
    74      2       4     2500     0        10        false      false        false       0.51     -1.0451     -1.0451       178.61          0            3           10               0                   0                    0             0.001307     8.5506     11-Sep-2024 00:56:08    "161,1238,2252"     "2,2,2,2,1,1,2,2,1,2,1,2,1,1,1,1,2,1,2,1,2,1,2,2,2,1,2,1,2,1,1,1,1,1,1,2,2,1,2,2,1,2,1,2,2,1,2,1,2,1,1,1,1,1,1,1,1,1,2,2,1,1,1,2,2,1,1,2,1,2,2,1,1,2,1,1,2,1,1,1,1,1,1,1,1,2,2,1,1,2,1,2,2,2,1,1,1,2,1,1,1,2,1,1,1,1,2,1,2,1,1,2,2,1,2,1,2,1,2,2,2,1,2,1,1,1,1,1,1,1,1,2,1,1,2,2,1,2,1,2,2,1,2,1,1,2,1,2,2,1,1,1,1,2,1,2,1,1,2,2,2,1,2,1,2,1,1,1,1,2,2,1,1,2,2,1,2,1,1,2,2,2,2,1,1,2,1,1,1,2,1,2,1,1,2,2,2,1,1,1"
    74      3       4     2500     0        10        false      false        false       0.52    -0.61214    -0.61214       155.58          0            2           10               0                   0                    0              0.00238     14.238     11-Sep-2024 00:56:08    "1238,2252"         "1,2,2,2,1,1,2,2,2,2,1,2,1,1,2,1,2,1,2,2,1,2,2,2,2,1,1,1,2,1,2,1,1,1,1,2,2,1,2,2,1,2,1,2,2,1,2,2,2,1,1,1,2,2,1,2,1,2,2,1,1,1,1,2,2,1,1,2,1,2,2,1,1,2,2,1,2,2,1,1,1,2,2,1,1,1,2,1,2,2,1,1,1,2,1,1,2,1,1,1,1,2,1,1,1,2,1,1,2,2,2,2,2,1,2,1,2,1,2,2,2,1,1,1,1,1,1,1,1,1,1,2,1,1,2,2,2,2,1,2,2,2,1,2,1,2,1,2,1,1,2,1,2,2,1,2,2,2,2,2,2,2,2,1,2,2,1,2,2,1,1,2,1,2,2,1,2,1,1,2,2,2,1,1,2,1,2,1,1,2,2,1,2,2,1,2,2,1,1,1"
    74      4       4     2500     0        10        false      false        true       0.535      -0.283      -0.283       139.84          0            1           10               0                   0                    0             0.007852      6.595     11-Sep-2024 00:56:08    "2252"              "1,2,2,2,1,1,2,2,1,2,1,2,1,1,2,1,2,1,2,2,1,2,2,2,2,1,1,1,2,1,2,1,1,1,1,2,2,1,2,2,1,2,1,2,2,1,2,2,2,1,1,1,1,1,1,2,1,2,2,1,1,1,1,2,2,1,1,1,1,2,2,1,1,2,2,1,1,2,1,1,1,2,2,1,1,1,2,1,2,2,1,1,1,2,1,1,2,1,1,1,1,2,1,1,1,1,1,1,2,2,2,2,2,1,2,1,2,1,2,2,2,1,1,1,1,1,1,1,1,1,1,2,1,1,2,2,2,2,1,2,2,2,1,2,1,2,1,2,1,1,2,1,1,2,1,2,2,2,2,2,2,2,2,1,2,2,1,2,2,1,1,2,1,2,2,1,2,1,1,2,2,2,1,1,2,1,2,1,1,2,2,1,2,2,1,2,2,1,1,1"
    74      5       4     2500     0        10        true       false        false      0.535    -0.26872    -0.26872       139.84          0            1           10               0                   0                    0             0.001025     5.4369     11-Sep-2024 00:56:08    "2252"              "2,1,1,1,2,2,1,1,2,1,2,1,2,2,1,2,1,2,1,1,2,1,1,1,1,2,2,2,1,2,1,2,2,2,2,1,1,2,1,1,2,1,2,1,1,2,1,1,1,2,2,2,2,2,2,1,2,1,1,2,2,2,2,1,1,2,2,2,2,1,1,2,2,1,1,2,2,1,2,2,2,1,1,2,2,2,1,2,1,1,2,2,2,1,2,2,1,2,2,2,2,1,2,2,2,2,2,2,1,1,1,1,1,2,1,2,1,2,1,1,1,2,2,2,2,2,2,2,2,2,2,1,2,2,1,1,1,1,2,1,1,1,2,1,2,1,2,1,2,2,1,2,2,1,2,1,1,1,1,1,1,1,1,2,1,1,2,1,1,2,2,1,2,1,1,2,1,2,2,1,1,1,2,2,1,2,1,2,2,1,1,2,1,1,2,1,1,2,2,2"
    74      6       4     2500     0        10        false      true         false      0.535    -0.26872    -0.26872       139.84          0            1           10               0                   0                    0             0.001122     5.1613     11-Sep-2024 00:56:08    "2252"              "1,2,2,2,1,1,2,2,1,2,1,2,1,1,2,1,2,1,2,2,1,2,2,2,2,1,1,1,2,1,2,1,1,1,1,2,2,1,2,2,1,2,1,2,2,1,2,2,2,1,1,1,1,1,1,2,1,2,2,1,1,1,1,2,2,1,1,1,1,2,2,1,1,2,2,1,1,2,1,1,1,2,2,1,1,1,2,1,2,2,1,1,1,2,1,1,2,1,1,1,1,2,1,1,1,1,1,1,2,2,2,2,2,1,2,1,2,1,2,2,2,1,1,1,1,1,1,1,1,1,1,2,1,1,2,2,2,2,1,2,2,2,1,2,1,2,1,2,1,1,2,1,1,2,1,2,2,2,2,2,2,2,2,1,2,2,1,2,2,1,1,2,1,2,2,1,2,1,1,2,2,2,1,1,2,1,2,1,1,2,2,1,2,2,1,2,2,1,1,1"


blfs = 

  block_replication_for_server with properties:

          table_name: 'test'
              db_dir: '/home1/jongminm/sparse_kmeans/sparse_kmeans.db'
      data_generator: [1x1 sparse_symmetric_data_generator]
      number_cluster: 2
          n_iter_max: 100
    window_size_half: 2
         sample_size: 200
         init_method: "spec"
        cluster_true: []
             learner: []
            run_full: 0
     matrix_sparsity: 0
            data_obj: @data_gaussian

replication: (75)th 


1 th thresholding


cutoff =

    0.5604


9 entries survived 
solving SDP...  breakyes=1.4,  maxresidual < 1.00e-06took 5.919888s, relaxed dual: -11.366555, original: 693.102527 

is_stop =

  logical

   0


final_iter =

     1


2 th thresholding


cutoff =

    0.5595


10 entries survived 
solving SDP...  breakyes = 1.0,  maxresidual < 1.00e-04  breakyes=1.3,  maxresidual < 1.00e-06took 7.988277s, relaxed dual: -4.411846, original: 784.320497 

is_stop =

  logical

   0


final_iter =

     1


3 th thresholding


cutoff =

    0.5595


10 entries survived 
solving SDP...  breakyes = 1.0,  maxresidual < 1.00e-04  breakyes=1.0,  maxresidual < 1.00e-06took 3.640833s, relaxed dual: -4.328213, original: 782.944173 

is_stop =

  logical

   0


final_iter =

     1


4 th thresholding


cutoff =

    0.5595


10 entries survived 
solving SDP...  breakyes = 1.0,  maxresidual < 1.00e-04  breakyes=1.0,  maxresidual < 1.00e-06took 2.774913s, relaxed dual: -4.360180, original: 784.320497 

is_stop =

  logical

   1


final_iter =

     4


 final iteration = 4 
acc_dict = 

  Map with properties:

        Count: 5
      KeyType: double
    ValueType: double


ans =

  1x5 cell array

    {[0.7200]}    {[0.9350]}    {[0.9750]}    {[0.9500]}    {[0.9750]}


ans =

  1x5 cell array

  Columns 1 through 3

    {'2,2,2,2,2,2,1,...'}    {'1,1,1,1,2,1,1,...'}    {'1,1,1,1,1,1,1,...'}

  Columns 4 through 5

    {'1,1,1,1,2,1,1,...'}    {'1,1,1,1,1,1,1,...'}


database_subtable =

  5x24 table

    rep    iter    sep    dim     rho    sparsity    stop_og    stop_sdp    stop_loop     acc     obj_prim    obj_dual    obj_original    true_pos    false_pos    false_neg    diff_x_tilde_fro    diff_x_tilde_op    diff_x_tilde_ellone    time_est    time_SDP          jobdate              survived_indices                                                                                                                                                                                                          cluster_est                                                                                                                                                                                                   
    ___    ____    ___    ____    ___    ________    _______    ________    _________    _____    ________    ________    ____________    ________    _________    _________    ________________    _______________    ___________________    ________    ________    ____________________    ______________________    _________________________________________________________________________________________________________________________________________________________________________________________________________________________________________________________________________________________________________________________________________________________________________________________________________________

    75      0       4     2500     0        10        false      false        false       0.72          0           0             0           0           0            0               0                   0                    0                    0          0     11-Sep-2024 00:57:05    ""                        "2,2,2,2,2,2,1,1,2,1,2,1,2,2,2,2,2,2,2,1,2,2,1,2,1,2,2,2,2,2,2,2,1,2,2,2,2,2,1,2,2,2,2,2,2,1,1,2,2,1,1,1,2,2,2,2,2,1,1,2,2,2,2,2,2,2,2,2,2,2,1,1,2,2,2,1,2,2,2,2,2,1,2,2,1,2,1,2,1,2,1,2,2,2,2,1,2,2,2,2,1,2,2,1,1,1,1,1,1,1,1,2,2,1,1,1,1,1,2,1,1,1,1,1,2,1,2,1,1,1,1,2,1,1,1,1,2,1,2,2,1,2,2,1,1,1,1,1,1,2,1,2,1,2,2,1,2,2,1,1,1,2,2,2,2,1,2,1,1,1,2,2,2,1,1,1,1,1,1,1,1,2,1,1,1,2,1,1,1,1,2,1,1,1,1,1,1,1,1,2"
    75      1       4     2500     0        10        false      false        false      0.935    -11.367     -11.367         693.1           8           1            2               0                   0                    0             0.001695     5.9199     11-Sep-2024 00:57:05    "1,3,4,5,6,7,8,10,597"    "1,1,1,1,2,1,1,1,1,1,1,1,1,1,1,1,1,1,1,1,1,1,1,1,1,1,2,1,1,1,1,1,1,1,1,1,2,1,2,1,1,1,1,1,1,1,1,1,1,1,1,2,1,1,1,1,1,1,1,1,2,1,1,1,1,1,1,1,1,1,1,1,1,1,1,1,1,1,1,1,1,1,1,1,1,1,1,2,1,1,1,1,1,1,1,1,1,1,1,1,2,2,1,2,2,2,2,2,2,2,2,2,2,2,2,2,2,2,1,2,2,2,2,2,1,2,2,2,2,2,2,2,2,2,2,2,2,2,2,2,2,1,2,2,2,2,2,2,2,2,2,2,2,2,2,2,2,2,2,2,2,2,2,1,2,2,2,2,2,2,2,2,2,2,2,2,2,2,2,2,2,2,2,2,2,2,2,2,2,2,1,2,2,2,2,2,2,2,2,2"
    75      2       4     2500     0        10        false      false        false      0.975    -4.4118     -4.4118        784.32          10           0            0               0                   0                    0             0.002325     7.9883     11-Sep-2024 00:57:05    "1,2,3,4,5,6,7,8,9,10"    "1,1,1,1,1,1,1,1,1,1,1,1,1,1,1,1,1,1,1,1,1,1,1,1,1,1,2,1,1,1,1,1,1,1,1,1,1,1,2,1,1,1,1,1,1,1,1,1,1,2,1,1,1,1,1,1,1,1,1,1,1,1,1,1,1,1,1,1,1,1,1,1,1,1,1,1,1,1,1,1,1,1,1,1,1,1,1,1,1,1,1,1,1,1,1,1,1,1,1,1,2,2,1,2,2,2,2,2,2,2,2,2,2,2,2,2,2,2,2,2,2,2,2,2,2,2,2,2,2,2,2,2,2,2,2,2,2,2,2,2,2,2,2,2,2,2,2,2,2,2,2,2,2,2,2,2,2,2,2,2,2,2,2,1,2,2,2,2,2,2,2,2,2,2,2,2,2,2,2,2,2,2,2,2,2,2,2,2,2,2,2,2,2,2,2,2,2,2,2,2"
    75      3       4     2500     0        10        true       false        false       0.95    -4.3282     -4.3282        782.94          10           0            0               0                   0                    0             0.001752     3.6408     11-Sep-2024 00:57:05    "1,2,3,4,5,6,7,8,9,10"    "1,1,1,1,2,1,1,1,1,1,1,1,1,1,1,1,1,1,1,1,1,1,1,1,1,1,2,1,1,1,1,1,1,1,1,1,2,1,2,1,1,1,1,1,1,1,1,1,1,1,1,1,1,1,1,1,1,1,1,1,2,1,1,1,1,1,1,1,1,1,1,1,1,1,1,1,1,1,1,1,1,1,1,1,1,1,1,2,1,1,1,1,1,1,1,1,1,1,1,1,2,2,1,2,2,2,2,2,2,2,2,2,2,2,2,2,2,2,2,2,2,2,2,2,1,2,2,2,2,2,2,2,2,2,2,2,2,2,2,2,2,1,2,2,2,2,2,2,2,2,2,2,2,2,2,2,2,2,2,2,2,2,2,1,2,2,2,2,2,2,2,2,2,2,2,2,2,2,2,2,2,2,2,2,2,2,2,2,2,2,2,2,2,2,2,2,2,2,2,2"
    75      4       4     2500     0        10        false      true         false      0.975    -4.3602     -4.3602        784.32          10           0            0               0                   0                    0             0.001996     2.7749     11-Sep-2024 00:57:05    "1,2,3,4,5,6,7,8,9,10"    "1,1,1,1,1,1,1,1,1,1,1,1,1,1,1,1,1,1,1,1,1,1,1,1,1,1,2,1,1,1,1,1,1,1,1,1,1,1,2,1,1,1,1,1,1,1,1,1,1,2,1,1,1,1,1,1,1,1,1,1,1,1,1,1,1,1,1,1,1,1,1,1,1,1,1,1,1,1,1,1,1,1,1,1,1,1,1,1,1,1,1,1,1,1,1,1,1,1,1,1,2,2,1,2,2,2,2,2,2,2,2,2,2,2,2,2,2,2,2,2,2,2,2,2,2,2,2,2,2,2,2,2,2,2,2,2,2,2,2,2,2,2,2,2,2,2,2,2,2,2,2,2,2,2,2,2,2,2,2,2,2,2,2,1,2,2,2,2,2,2,2,2,2,2,2,2,2,2,2,2,2,2,2,2,2,2,2,2,2,2,2,2,2,2,2,2,2,2,2,2"


blfs = 

  block_replication_for_server with properties:

          table_name: 'test'
              db_dir: '/home1/jongminm/sparse_kmeans/sparse_kmeans.db'
      data_generator: [1x1 sparse_symmetric_data_generator]
      number_cluster: 2
          n_iter_max: 100
    window_size_half: 2
         sample_size: 200
         init_method: "spec"
        cluster_true: []
             learner: []
            run_full: 0
     matrix_sparsity: 0
            data_obj: @data_gaussian

replication: (76)th 


1 th thresholding


cutoff =

    0.5617


8 entries survived 
solving SDP...  breakyes=1.0,  maxresidual < 1.00e-06took 4.905948s, relaxed dual: -10.592537, original: 653.798884 

is_stop =

  logical

   0


final_iter =

     1


2 th thresholding


cutoff =

    0.5597


10 entries survived 
solving SDP...  breakyes = 1.0,  maxresidual < 1.00e-04  breakyes=1.0,  maxresidual < 1.00e-06took 1.538225s, relaxed dual: -4.904423, original: 828.800233 

is_stop =

  logical

   0


final_iter =

     1


3 th thresholding


cutoff =

    0.5595


10 entries survived 
solving SDP...  breakyes = 1.0,  maxresidual < 1.00e-04  breakyes=1.0,  maxresidual < 1.00e-06took 2.532642s, relaxed dual: -4.302021, original: 829.304510 

is_stop =

  logical

   0


final_iter =

     1


4 th thresholding


cutoff =

    0.5595


10 entries survived 
solving SDP...  breakyes = 1.0,  maxresidual < 1.00e-04  breakyes=1.4,  maxresidual < 1.00e-06took 9.406221s, relaxed dual: -4.277699, original: 829.516505 

is_stop =

  logical

   1


final_iter =

     4


 final iteration = 4 
acc_dict = 

  Map with properties:

        Count: 5
      KeyType: double
    ValueType: double


ans =

  1x5 cell array

    {[0.6950]}    {[0.9450]}    {[0.9500]}    {[0.9700]}    {[0.9600]}


ans =

  1x5 cell array

  Columns 1 through 3

    {'2,1,1,1,1,1,1,...'}    {'2,2,2,2,2,2,2,...'}    {'2,2,2,2,2,1,2,...'}

  Columns 4 through 5

    {'1,1,1,1,1,1,1,...'}    {'2,2,2,2,2,2,2,...'}


database_subtable =

  5x24 table

    rep    iter    sep    dim     rho    sparsity    stop_og    stop_sdp    stop_loop     acc     obj_prim    obj_dual    obj_original    true_pos    false_pos    false_neg    diff_x_tilde_fro    diff_x_tilde_op    diff_x_tilde_ellone    time_est    time_SDP          jobdate              survived_indices                                                                                                                                                                                                          cluster_est                                                                                                                                                                                                   
    ___    ____    ___    ____    ___    ________    _______    ________    _________    _____    ________    ________    ____________    ________    _________    _________    ________________    _______________    ___________________    ________    ________    ____________________    ______________________    _________________________________________________________________________________________________________________________________________________________________________________________________________________________________________________________________________________________________________________________________________________________________________________________________________________

    76      0       4     2500     0        10        false      false        false      0.695          0           0             0           0           0            0               0                   0                    0                    0          0     11-Sep-2024 00:57:41    ""                        "2,1,1,1,1,1,1,1,1,1,1,1,1,1,2,2,1,1,2,2,1,1,1,1,1,1,2,2,2,2,1,2,2,2,1,2,1,2,2,1,2,1,1,2,2,2,1,2,2,2,1,1,1,1,2,1,1,2,2,1,1,1,1,1,1,1,1,2,1,1,2,1,1,1,1,1,1,1,2,1,1,1,2,2,1,1,2,1,2,2,1,2,1,1,1,1,1,2,1,1,1,2,2,2,1,2,2,2,1,2,2,2,2,2,1,2,2,2,2,2,2,2,2,2,2,2,2,2,2,2,2,2,2,1,2,2,1,2,2,2,1,2,1,2,2,1,2,2,2,2,2,2,2,1,1,1,2,2,1,2,2,2,2,2,2,2,2,2,1,1,2,2,1,2,2,2,2,2,2,1,1,1,2,1,2,2,1,1,1,1,1,2,2,2,1,2,2,2,2,2"
    76      1       4     2500     0        10        false      false        false      0.945    -10.593     -10.593         653.8           7           1            3               0                   0                    0             0.001977     4.9059     11-Sep-2024 00:57:41    "3,4,5,7,8,9,10,1390"     "2,2,2,2,2,2,2,2,2,2,2,2,2,2,2,2,2,2,1,2,2,2,2,2,2,2,1,2,1,2,2,2,2,2,2,2,2,2,2,2,2,2,2,2,2,1,2,2,2,2,2,2,2,2,2,2,2,1,1,2,2,2,2,2,2,2,2,2,2,1,2,2,2,2,2,2,2,2,2,2,2,2,2,2,2,2,2,2,2,2,2,2,2,2,2,2,2,2,2,2,1,1,1,1,1,1,1,1,2,1,1,1,1,1,1,2,1,1,1,1,1,1,1,1,1,1,1,1,1,1,1,1,1,1,1,1,1,2,1,1,1,1,1,1,1,1,1,1,1,1,1,1,1,1,1,1,1,1,1,1,1,1,1,1,1,1,1,1,1,1,1,1,1,1,1,1,1,1,1,1,1,1,1,1,1,1,1,1,2,1,1,1,1,1,1,1,1,1,1,1"
    76      2       4     2500     0        10        false      false        false       0.95    -4.9044     -4.9044         828.8          10           0            0               0                   0                    0             0.002037     1.5382     11-Sep-2024 00:57:41    "1,2,3,4,5,6,7,8,9,10"    "2,2,2,2,2,1,2,2,2,2,2,2,2,2,2,2,2,2,2,2,2,1,2,2,2,2,2,2,1,2,2,2,2,2,2,2,2,2,2,2,2,2,2,2,2,2,2,2,2,2,2,2,2,2,2,2,2,1,2,2,2,2,2,1,2,2,2,2,2,1,2,2,2,2,2,2,2,2,2,2,2,2,2,2,2,2,2,2,2,2,2,2,2,2,2,2,2,2,2,2,1,1,1,1,2,1,1,1,2,1,1,1,1,1,1,2,1,1,1,1,1,1,1,1,1,1,1,1,1,1,1,1,1,1,1,1,1,1,1,1,1,1,1,1,1,1,1,1,1,1,1,1,1,1,1,1,1,1,1,1,1,1,1,1,1,1,1,1,1,1,1,1,1,1,1,1,1,1,1,1,1,1,1,1,1,1,1,1,2,1,1,1,1,1,1,1,1,1,1,1"
    76      3       4     2500     0        10        true       false        false       0.97     -4.302      -4.302         829.3          10           0            0               0                   0                    0             0.001178     2.5326     11-Sep-2024 00:57:41    "1,2,3,4,5,6,7,8,9,10"    "1,1,1,1,1,1,1,1,1,1,1,1,1,1,1,1,1,1,1,1,1,1,1,1,1,1,1,1,2,1,1,1,1,1,1,1,1,1,1,1,1,1,1,1,1,1,1,1,1,1,1,1,1,1,1,1,1,1,1,1,1,1,1,1,1,1,1,1,1,2,1,1,1,1,1,1,1,1,1,1,1,1,1,1,1,1,1,1,1,1,1,1,1,1,1,1,1,1,1,1,2,2,2,2,1,2,2,2,1,2,2,2,2,2,2,1,2,2,2,2,2,2,2,2,2,2,2,2,2,2,2,2,2,2,2,2,2,2,2,2,2,2,2,2,2,2,2,2,2,2,2,2,2,2,2,2,2,2,2,2,2,2,2,2,2,2,2,2,2,2,2,2,2,2,2,2,2,2,2,2,2,2,2,2,2,2,2,2,1,2,2,2,2,2,2,2,2,2,2,2"
    76      4       4     2500     0        10        false      true         false       0.96    -4.2777     -4.2777        829.52          10           0            0               0                   0                    0             0.001344     9.4062     11-Sep-2024 00:57:41    "1,2,3,4,5,6,7,8,9,10"    "2,2,2,2,2,2,2,2,2,2,2,2,2,2,2,2,2,2,2,2,2,2,2,2,2,2,2,2,1,2,2,2,2,2,2,2,2,2,2,2,2,2,2,2,2,2,2,2,2,2,2,2,2,2,2,2,2,1,2,2,2,2,2,1,2,2,2,2,2,1,2,2,2,2,2,2,2,2,2,2,2,2,2,2,2,2,2,2,2,2,2,2,2,2,2,2,2,2,2,2,1,1,1,1,2,1,1,1,2,1,1,1,1,1,1,2,1,1,1,1,1,1,1,1,1,1,1,1,1,1,1,1,1,1,1,1,1,1,1,1,1,1,1,1,1,1,1,1,1,1,1,1,1,1,1,1,1,1,1,1,1,1,1,1,1,1,1,1,1,1,1,1,1,1,1,1,1,1,1,1,1,1,1,1,1,1,1,1,2,1,1,1,1,1,1,1,1,1,1,1"

