==========================================
SLURM_JOB_ID = 20433612
SLURM_JOB_NODELIST = d11-27
TMPDIR = /tmp/SLURM_20433612
==========================================
hello
Starting parallel pool (parpool) ...
Connected to the parallel pool (number of workers: 15).

pool = 

 ProcessPool with properties: 

            Connected: true
           NumWorkers: 15
                 Busy: false
              Cluster: Local
        AttachedFiles: {}
    AutoAddClientPath: true
            FileStore: [1x1 parallel.FileStore]
           ValueStore: [1x1 parallel.ValueStore]
          IdleTimeout: 30 minutes (30 minutes remaining)
          SpmdEnabled: true


p =

   200


Delta =

     5


s =

    10


n =

   500


ii =

     7


table_name =

    'sparse_kmeans_glasso'


rho =

    0.2000


M =

    0.9177

delta confirmed: 5.000000
ans =

    4.3425


rep =

    25

replication: (25)th 


thres =

    3.2552

thres=3.255247
1 th thresholding

  breakyes=3.1,  primfeasorg deteriorated too much: primfeasorg=8.83e-06,dualfeasorg=6.17e-07
13 entries survived 

2 th thresholding

  breakyes=1.0,  maxresidual < 1.00e-06
11 entries survived 

3 th thresholding

  breakyes=1.4,  maxresidual < 1.00e-06
10 entries survived 

4 th thresholding

  breakyes=1.0,  maxresidual < 1.00e-06
10 entries survived 

5 th thresholding

  breakyes=1.4,  maxresidual < 1.00e-06
10 entries survived 

6 th thresholding

  breakyes=1.0,  maxresidual < 1.00e-06
10 entries survived 

7 th thresholding

  breakyes=1.4,  maxresidual < 1.00e-06
10 entries survived 

8 th thresholding

  breakyes=1.0,  maxresidual < 1.00e-06
10 entries survived 

9 th thresholding

  breakyes=1.4,  maxresidual < 1.00e-06
10 entries survived 

10 th thresholding

  breakyes=1.0,  maxresidual < 1.00e-06
10 entries survived 

11 th thresholding

  breakyes=3.2,  dualfeasorg deteriorated too much: primfeasorg=2.52e-06,dualfeasorg=6.76e-05
10 entries survived 

12 th thresholding

  breakyes=1.0,  maxresidual < 1.00e-06
10 entries survived 

13 th thresholding

  breakyes=1.0,  maxresidual < 1.00e-06
10 entries survived 

14 th thresholding

  breakyes=1.0,  maxresidual < 1.00e-06
10 entries survived 

15 th thresholding

  breakyes=3.1,  primfeasorg deteriorated too much: primfeasorg=5.23e-06,dualfeasorg=1.05e-06
10 entries survived 

16 th thresholding

  breakyes=1.0,  maxresidual < 1.00e-06
10 entries survived 

17 th thresholding

  breakyes=1.4,  maxresidual < 1.00e-06
11 entries survived 

18 th thresholding

  breakyes=1.0,  maxresidual < 1.00e-06
10 entries survived 

19 th thresholding

  breakyes=1.0,  maxresidual < 1.00e-06
10 entries survived 

20 th thresholding

  breakyes=1.0,  maxresidual < 1.00e-06
11 entries survived 

21 th thresholding

  breakyes=1.4,  maxresidual < 1.00e-06
10 entries survived 

22 th thresholding

  breakyes=1.0,  maxresidual < 1.00e-06
10 entries survived 

23 th thresholding

  breakyes=1.0,  maxresidual < 1.00e-06
10 entries survived 

24 th thresholding

  breakyes=1.0,  maxresidual < 1.00e-06
10 entries survived 

25 th thresholding

  breakyes=1.0,  maxresidual < 1.00e-06
10 entries survived 

26 th thresholding

  breakyes=1.3,  maxresidual < 1.00e-06
10 entries survived 

27 th thresholding

  breakyes=1.0,  maxresidual < 1.00e-06
10 entries survived 

28 th thresholding

  breakyes=3.2,  dualfeasorg deteriorated too much: primfeasorg=2.65e-06,dualfeasorg=1.33e-05
10 entries survived 

29 th thresholding

  breakyes=1.0,  maxresidual < 1.00e-06
10 entries survived 

30 th thresholding

  breakyes=1.0,  maxresidual < 1.00e-06
10 entries survived 
acc =0.984000  0.986000  0.992000  0.990000  0.994000  0.994000  0.994000  0.996000  0.994000  0.992000  0.994000  0.992000  0.992000  0.992000  0.994000  0.994000  0.994000  0.992000  0.994000  0.994000  0.992000  0.994000  0.992000  0.994000  0.994000  0.994000  0.994000  0.994000  0.992000  0.992000  0.992000 

data =

  31x19 table

    rep    iter    sep    dim    rho    sparsity     acc     obj_prim    obj_dual    discov_true    discov_false    diff_x_tilde    diff_omega_op    diff_omega_ellone    diff_omega_frob    diff_omega_diag    time_isee    time_SDP          jobdate       
    ___    ____    ___    ___    ___    ________    _____    ________    ________    ___________    ____________    ____________    _____________    _________________    _______________    _______________    _________    ________    ____________________

    25       0      5     200    0.2       10       0.984          0           0          0              0                  0                0                  0                  0                   0              0            0     24-Mar-2024 23:03:11
    25       1      5     200    0.2       10       0.986    -4.9339     -4.9337         10              3             68.007          0.41268             1.2463             2.7681             0.75278         17.002       61.153     24-Mar-2024 23:03:11
    25       2      5     200    0.2       10       0.992    -5.0188     -5.0188         10              1             68.431          0.41111             1.3578             2.7915             0.76356         16.197       32.741     24-Mar-2024 23:03:11
    25       3      5     200    0.2       10        0.99    -4.0208     -4.0208         10              0             64.299          0.44356            0.68475             2.8959              1.5342         16.168       69.719     24-Mar-2024 23:03:11
    25       4      5     200    0.2       10       0.994    -4.1338     -4.1337         10              0             62.625           0.4315            0.72411             2.8176              1.4761         16.017        44.29     24-Mar-2024 23:03:11
    25       5      5     200    0.2       10       0.994    -4.1323     -4.1324         10              0             63.998          0.43521            0.72119             2.8738              1.5254         16.354       49.645     24-Mar-2024 23:03:11
    25       6      5     200    0.2       10       0.994    -4.1807     -4.1807         10              0             63.745          0.43843            0.69556             2.8692              1.5147         16.207       31.932     24-Mar-2024 23:03:11
    25       7      5     200    0.2       10       0.996    -3.9458     -3.9458         10              0             63.112          0.44467            0.78153             2.8504              1.5352         16.438       62.611     24-Mar-2024 23:03:11
    25       8      5     200    0.2       10       0.994    -4.2068     -4.2068         10              0             62.532          0.42313            0.68224             2.8216              1.5283         16.452       49.176     24-Mar-2024 23:03:11
    25       9      5     200    0.2       10       0.992    -4.0846     -4.0846         10              0             63.144          0.43125            0.73253             2.8447              1.5074         16.283       55.506     24-Mar-2024 23:03:11
    25      10      5     200    0.2       10       0.994    -5.0193     -5.0193         10              0             69.539          0.43231             1.3077              2.833             0.81587         16.127       30.719     24-Mar-2024 23:03:11
    25      11      5     200    0.2       10       0.992    -3.9843     -3.9843         10              0             64.027          0.44834            0.72602             2.8736              1.5066         16.261       52.944     24-Mar-2024 23:03:11
    25      12      5     200    0.2       10       0.992    -4.1587     -4.1587         10              0             62.703          0.42691            0.69986             2.8274              1.4777         16.467       43.864     24-Mar-2024 23:03:11
    25      13      5     200    0.2       10       0.992    -4.0406     -4.0406         10              0             63.395          0.42581            0.72044             2.8635              1.5229         16.262       27.905     24-Mar-2024 23:03:11
    25      14      5     200    0.2       10       0.994    -4.0329     -4.0329         10              0             63.446          0.43646            0.66449             2.8566              1.4917         16.115       35.686     24-Mar-2024 23:03:11
    25      15      5     200    0.2       10       0.994    -4.0361      -4.036         10              0             63.035          0.42914            0.70697             2.8359              1.4974         16.001       74.533     24-Mar-2024 23:03:11
    25      16      5     200    0.2       10       0.994    -4.2604     -4.2604         10              0              63.01          0.42837            0.72543             2.8445              1.5235         16.133       29.617     24-Mar-2024 23:03:11
    25      17      5     200    0.2       10       0.992     -4.346      -4.346         10              1             63.855           0.4198            0.72726             2.8696              1.4933         16.223       69.236     24-Mar-2024 23:03:11
    25      18      5     200    0.2       10       0.994    -3.9618     -3.9618         10              0             63.387          0.42811            0.71018              2.852               1.517         16.095       32.418     24-Mar-2024 23:03:11
    25      19      5     200    0.2       10       0.994    -3.9642     -3.9642         10              0             63.844          0.42576            0.70588             2.8686               1.508         16.224       23.421     24-Mar-2024 23:03:11
    25      20      5     200    0.2       10       0.992    -5.0484     -5.0484         10              1             68.431          0.42565             1.3689             2.8072              0.7588          16.15       30.975     24-Mar-2024 23:03:11
    25      21      5     200    0.2       10       0.994    -4.2086     -4.2086         10              0             63.893          0.44599            0.75533               2.88               1.502         16.141       83.618     24-Mar-2024 23:03:11
    25      22      5     200    0.2       10       0.992    -4.1297     -4.1297         10              0             64.527          0.43512            0.75704              2.895              1.5035          16.07       42.266     24-Mar-2024 23:03:11
    25      23      5     200    0.2       10       0.994    -4.0793     -4.0793         10              0             63.664          0.42243            0.74723             2.8576              1.5055         15.963       71.329     24-Mar-2024 23:03:11
    25      24      5     200    0.2       10       0.994    -4.0418     -4.0418         10              0             63.237          0.42222            0.69883             2.8345              1.5729         16.297        23.68     24-Mar-2024 23:03:11
    25      25      5     200    0.2       10       0.994    -4.1632     -4.1632         10              0             63.777          0.44406            0.73986             2.8719              1.5379         15.902       42.857     24-Mar-2024 23:03:11
    25      26      5     200    0.2       10       0.994    -4.0865     -4.0865         10              0             63.491          0.43141            0.73643             2.8617              1.5187         16.316       80.175     24-Mar-2024 23:03:11
    25      27      5     200    0.2       10       0.994    -4.2804     -4.2804         10              0             63.269          0.43501             0.7531             2.8568              1.4696         16.242       33.064     24-Mar-2024 23:03:11
    25      28      5     200    0.2       10       0.992    -4.2161     -4.2161         10              0             62.742          0.43506            0.76498             2.8378              1.4737         16.401       43.809     24-Mar-2024 23:03:11
    25      29      5     200    0.2       10       0.992    -3.9563     -3.9563         10              0             63.836          0.44134            0.77033             2.8634              1.5416         16.363       38.395     24-Mar-2024 23:03:11
    25      30      5     200    0.2       10       0.992    -4.0694     -4.0694         10              0              63.88          0.43926            0.70966             2.8807              1.5277         16.226       42.552     24-Mar-2024 23:03:11

IdleTimeout has been reached.
Parallel pool is shutting down.

conn = 

  sqlite with properties:

      Database: '/home1/jongminm/sparse_kmeans/sparse_kmeans.db'
    IsReadOnly: 0
    AutoCommit: 'on'


rep =

    26

replication: (26)th 


thres =

    3.2552

thres=3.255247
1 th thresholding

  breakyes=1.0,  maxresidual < 1.00e-06
11 entries survived 

2 th thresholding

  breakyes=1.3,  maxresidual < 1.00e-06
10 entries survived 

3 th thresholding

  breakyes=1.4,  maxresidual < 1.00e-06
10 entries survived 

4 th thresholding

  breakyes=1.4,  maxresidual < 1.00e-06
10 entries survived 

5 th thresholding

  breakyes=1.4,  maxresidual < 1.00e-06
10 entries survived 

6 th thresholding

  breakyes=1.0,  maxresidual < 1.00e-06
10 entries survived 

7 th thresholding

  breakyes=1.4,  maxresidual < 1.00e-06
10 entries survived 

8 th thresholding

  breakyes=1.4,  maxresidual < 1.00e-06
10 entries survived 

9 th thresholding

  breakyes=1.3,  maxresidual < 1.00e-06
10 entries survived 

10 th thresholding

  breakyes=3.1,  primfeasorg deteriorated too much: primfeasorg=1.07e-04,dualfeasorg=9.48e-06
10 entries survived 

11 th thresholding

  breakyes=1.0,  maxresidual < 1.00e-06
11 entries survived 

12 th thresholding

  breakyes=1.4,  maxresidual < 1.00e-06
10 entries survived 

13 th thresholding

  breakyes=1.0,  maxresidual < 1.00e-06
10 entries survived 

14 th thresholding

  breakyes=1.4,  maxresidual < 1.00e-06
10 entries survived 

15 th thresholding

  breakyes=1.4,  maxresidual < 1.00e-06
10 entries survived 

16 th thresholding

  breakyes=1.4,  maxresidual < 1.00e-06
12 entries survived 

17 th thresholding

  breakyes=1.4,  maxresidual < 1.00e-06
11 entries survived 

18 th thresholding

  breakyes=1.3,  maxresidual < 1.00e-06
10 entries survived 

19 th thresholding

  breakyes=1.4,  maxresidual < 1.00e-06
11 entries survived 

20 th thresholding

  breakyes=1.0,  maxresidual < 1.00e-06
11 entries survived 

21 th thresholding

  breakyes=1.4,  maxresidual < 1.00e-06
10 entries survived 

22 th thresholding

  breakyes=3.1,  primfeasorg deteriorated too much: primfeasorg=1.27e-05,dualfeasorg=5.29e-07
10 entries survived 

23 th thresholding

  breakyes=1.0,  maxresidual < 1.00e-06
12 entries survived 

24 th thresholding

  breakyes=1.3,  maxresidual < 1.00e-06
11 entries survived 

25 th thresholding

  breakyes=1.4,  maxresidual < 1.00e-06
10 entries survived 

26 th thresholding

  breakyes=3.1,  primfeasorg deteriorated too much: primfeasorg=1.63e-05,dualfeasorg=4.50e-07
10 entries survived 

27 th thresholding

  breakyes=1.0,  maxresidual < 1.00e-06
10 entries survived 

28 th thresholding

  breakyes=3.1,  primfeasorg deteriorated too much: primfeasorg=5.14e-05,dualfeasorg=5.32e-07
10 entries survived 

29 th thresholding

  breakyes=1.3,  maxresidual < 1.00e-06
10 entries survived 

30 th thresholding

  breakyes=3.2,  dualfeasorg deteriorated too much: primfeasorg=2.76e-06,dualfeasorg=7.11e-06
12 entries survived 
acc =0.980000  0.996000  0.994000  0.994000  0.988000  0.992000  0.992000  0.994000  0.994000  0.992000  0.996000  0.994000  0.992000  0.994000  0.992000  0.994000  0.990000  0.994000  0.994000  0.994000  0.996000  0.992000  0.994000  0.994000  0.996000  0.994000  0.992000  0.992000  0.994000  0.992000  0.994000 

data =

  31x19 table

    rep    iter    sep    dim    rho    sparsity     acc     obj_prim    obj_dual    discov_true    discov_false    diff_x_tilde    diff_omega_op    diff_omega_ellone    diff_omega_frob    diff_omega_diag    time_isee    time_SDP          jobdate       
    ___    ____    ___    ___    ___    ________    _____    ________    ________    ___________    ____________    ____________    _____________    _________________    _______________    _______________    _________    ________    ____________________

    26       0      5     200    0.2       10        0.98          0           0          0              0                  0                0                  0                  0                   0              0            0     24-Mar-2024 23:42:21
    26       1      5     200    0.2       10       0.996    -3.7791     -3.7791         10              1             65.196          0.42667            0.70231             2.9141              1.5988         16.366       47.627     24-Mar-2024 23:42:21
    26       2      5     200    0.2       10       0.994     -3.581      -3.581         10              0             65.203          0.43549            0.74997             2.9192              1.6027          16.35       76.125     24-Mar-2024 23:42:21
    26       3      5     200    0.2       10       0.994    -3.4747     -3.4747         10              0             65.074          0.44575            0.69681             2.9019              1.5843         16.081       66.261     24-Mar-2024 23:42:21
    26       4      5     200    0.2       10       0.988    -3.7958     -3.7958         10              0             65.416          0.43741            0.75052             2.9285              1.5777          15.99       92.888     24-Mar-2024 23:42:21
    26       5      5     200    0.2       10       0.992    -3.6388     -3.6388         10              0             64.567          0.41583              0.763             2.8904              1.5357         16.462       82.191     24-Mar-2024 23:42:21
    26       6      5     200    0.2       10       0.992    -4.3975     -4.3975         10              0             70.602           0.4348             1.3327             2.8464             0.79764         16.511       34.223     24-Mar-2024 23:42:21
    26       7      5     200    0.2       10       0.994    -3.7125     -3.7125         10              0             64.769          0.43831            0.68296             2.9016              1.5478         16.582       42.012     24-Mar-2024 23:42:21
    26       8      5     200    0.2       10       0.994    -3.6256     -3.6256         10              0             64.849          0.43084            0.70508             2.8941              1.5496         16.257         55.6     24-Mar-2024 23:42:21
    26       9      5     200    0.2       10       0.992    -3.6128     -3.6128         10              0              65.16          0.43293            0.67422             2.9204              1.6187         16.435       91.508     24-Mar-2024 23:42:21
    26      10      5     200    0.2       10       0.996    -4.3495     -4.3493         10              0             69.586          0.42315             1.2697             2.8216             0.80035         16.572       46.348     24-Mar-2024 23:42:21
    26      11      5     200    0.2       10       0.994    -3.8052     -3.8053         10              1             64.996          0.42944            0.70803             2.9297              1.5802         16.595       41.854     24-Mar-2024 23:42:21
    26      12      5     200    0.2       10       0.992    -3.5554     -3.5554         10              0              65.27           0.4308            0.70003             2.9186              1.5857         16.904       63.796     24-Mar-2024 23:42:21
    26      13      5     200    0.2       10       0.994    -4.2715     -4.2715         10              0             69.474          0.41873             1.3906              2.817             0.83702         16.336       40.562     24-Mar-2024 23:42:21
    26      14      5     200    0.2       10       0.992    -3.7155     -3.7155         10              0             64.722          0.42217            0.71584             2.9064              1.5771         16.681       114.65     24-Mar-2024 23:42:21
    26      15      5     200    0.2       10       0.994    -3.6772     -3.6772         10              0             64.358          0.42232            0.67644              2.893              1.5724         16.539       78.465     24-Mar-2024 23:42:21
    26      16      5     200    0.2       10        0.99    -4.4215     -4.4215         10              2             70.408          0.43183             1.3197             2.8463              0.8147         16.366       54.235     24-Mar-2024 23:42:21
    26      17      5     200    0.2       10       0.994    -3.5599     -3.5599         10              1             65.235          0.42706            0.72021             2.9059              1.5691         16.512       58.865     24-Mar-2024 23:42:21
    26      18      5     200    0.2       10       0.994    -4.3547     -4.3547         10              0             70.166          0.43587             1.2221             2.8574             0.83055         16.661       58.355     24-Mar-2024 23:42:21
    26      19      5     200    0.2       10       0.994    -3.5761     -3.5761         10              1             65.176          0.43132            0.69986             2.9063               1.577         16.636        67.97     24-Mar-2024 23:42:21
    26      20      5     200    0.2       10       0.996    -4.3574     -4.3574         10              1             70.421          0.44104             1.2738             2.8487             0.82625         16.706       40.758     24-Mar-2024 23:42:21
    26      21      5     200    0.2       10       0.992    -3.6779     -3.6779         10              0             64.749          0.42855            0.71405             2.9057              1.5611         16.421       72.427     24-Mar-2024 23:42:21
    26      22      5     200    0.2       10       0.994    -3.6235     -3.6234         10              0             64.498          0.41891            0.71649             2.8903              1.5207         16.139       48.795     24-Mar-2024 23:42:21
    26      23      5     200    0.2       10       0.994    -4.3703     -4.3703         10              2             71.368          0.44118              1.315             2.8868             0.87165         16.552       39.845     24-Mar-2024 23:42:21
    26      24      5     200    0.2       10       0.996    -4.3056     -4.3056         10              1             71.124          0.44216             1.2052              2.874             0.86348         16.434       70.688     24-Mar-2024 23:42:21
    26      25      5     200    0.2       10       0.994    -3.5082     -3.5082         10              0             64.773          0.42673            0.66558             2.8973              1.5686         16.589       47.093     24-Mar-2024 23:42:21
    26      26      5     200    0.2       10       0.992    -3.6614     -3.6611         10              0             64.626          0.42828            0.76168             2.8838              1.5595         16.384       67.371     24-Mar-2024 23:42:21
    26      27      5     200    0.2       10       0.992    -4.3955     -4.3955         10              0             70.609          0.42535             1.2568             2.8636             0.81242         16.656       47.652     24-Mar-2024 23:42:21
    26      28      5     200    0.2       10       0.994    -3.6581      -3.658         10              0             65.748          0.41794            0.66529             2.9524              1.5713          16.45       50.059     24-Mar-2024 23:42:21
    26      29      5     200    0.2       10       0.992    -3.7896     -3.7896         10              0             64.894           0.4354            0.71681             2.9127              1.5584         16.513       81.532     24-Mar-2024 23:42:21
    26      30      5     200    0.2       10       0.994    -4.5158     -4.5158         10              2             70.521          0.42354             1.2276              2.843              0.8381         16.876       53.747     24-Mar-2024 23:42:21


conn = 

  sqlite with properties:

      Database: '/home1/jongminm/sparse_kmeans/sparse_kmeans.db'
    IsReadOnly: 0
    AutoCommit: 'on'


rep =

    27

replication: (27)th 


thres =

    3.2552

thres=3.255247
1 th thresholding

  breakyes=1.4,  maxresidual < 1.00e-06
11 entries survived 

2 th thresholding

  breakyes=1.4,  maxresidual < 1.00e-06
11 entries survived 

3 th thresholding

  breakyes=1.4,  maxresidual < 1.00e-06
11 entries survived 

4 th thresholding

  breakyes=1.4,  maxresidual < 1.00e-06
10 entries survived 

5 th thresholding

  breakyes=1.0,  maxresidual < 1.00e-06
10 entries survived 

6 th thresholding

  breakyes=1.4,  maxresidual < 1.00e-06
10 entries survived 

7 th thresholding

  breakyes=1.0,  maxresidual < 1.00e-06
10 entries survived 

8 th thresholding

  breakyes=1.0,  maxresidual < 1.00e-06
10 entries survived 

9 th thresholding

  breakyes=1.4,  maxresidual < 1.00e-06
10 entries survived 

10 th thresholding

  breakyes=1.0,  maxresidual < 1.00e-06
11 entries survived 

11 th thresholding

  breakyes=1.0,  maxresidual < 1.00e-06
10 entries survived 

12 th thresholding

  breakyes=1.4,  maxresidual < 1.00e-06
11 entries survived 

13 th thresholding

  breakyes=1.0,  maxresidual < 1.00e-06
10 entries survived 

14 th thresholding

  breakyes=1.4,  maxresidual < 1.00e-06
10 entries survived 

15 th thresholding

  breakyes=1.0,  maxresidual < 1.00e-06
10 entries survived 

16 th thresholding

  breakyes=1.0,  maxresidual < 1.00e-06
11 entries survived 

17 th thresholding

  breakyes=1.0,  maxresidual < 1.00e-06
10 entries survived 

18 th thresholding

  breakyes=3.2,  dualfeasorg deteriorated too much: primfeasorg=4.91e-06,dualfeasorg=3.36e-05
11 entries survived 

19 th thresholding

  breakyes=1.4,  maxresidual < 1.00e-06
10 entries survived 

20 th thresholding

  breakyes=1.4,  maxresidual < 1.00e-06
10 entries survived 

21 th thresholding

  breakyes=1.4,  maxresidual < 1.00e-06
10 entries survived 

22 th thresholding

  breakyes=1.0,  maxresidual < 1.00e-06
10 entries survived 

23 th thresholding

  breakyes=3.2,  dualfeasorg deteriorated too much: primfeasorg=2.42e-06,dualfeasorg=4.79e-05
10 entries survived 

24 th thresholding

  breakyes=1.0,  maxresidual < 1.00e-06
10 entries survived 

25 th thresholding

  breakyes=1.4,  maxresidual < 1.00e-06
10 entries survived 

26 th thresholding

  breakyes=1.4,  maxresidual < 1.00e-06
10 entries survived 

27 th thresholding

  breakyes=1.3,  maxresidual < 1.00e-06
10 entries survived 

28 th thresholding

  breakyes=1.4,  maxresidual < 1.00e-06
10 entries survived 

29 th thresholding

  breakyes=1.0,  maxresidual < 1.00e-06
10 entries survived 

30 th thresholding

  breakyes=1.0,  maxresidual < 1.00e-06
11 entries survived 
acc =0.988000  0.996000  0.990000  0.992000  0.996000  0.994000  0.992000  0.994000  0.994000  0.994000  0.994000  0.990000  0.992000  0.994000  0.996000  0.992000  0.994000  0.994000  0.992000  0.992000  0.996000  0.994000  0.992000  0.992000  0.992000  0.992000  0.990000  0.992000  0.992000  0.992000  0.988000 

data =

  31x19 table

    rep    iter    sep    dim    rho    sparsity     acc     obj_prim    obj_dual    discov_true    discov_false    diff_x_tilde    diff_omega_op    diff_omega_ellone    diff_omega_frob    diff_omega_diag    time_isee    time_SDP          jobdate       
    ___    ____    ___    ___    ___    ________    _____    ________    ________    ___________    ____________    ____________    _____________    _________________    _______________    _______________    _________    ________    ____________________

    27       0      5     200    0.2       10       0.988          0           0          0              0                  0                0                  0                  0                  0               0            0     25-Mar-2024 00:15:23
    27       1      5     200    0.2       10       0.996    -3.4711     -3.4711         10              1             67.342          0.43762            0.70411             3.0208              1.604           15.95       42.578     25-Mar-2024 00:15:23
    27       2      5     200    0.2       10        0.99    -3.5534     -3.5534         10              1             67.654          0.44588            0.75869             3.0383             1.5532           16.15       119.94     25-Mar-2024 00:15:23
    27       3      5     200    0.2       10       0.992     -3.558      -3.558         10              1             66.473          0.43521             0.6753             2.9847             1.5502          16.029       60.526     25-Mar-2024 00:15:23
    27       4      5     200    0.2       10       0.996    -3.5254     -3.5253         10              0             66.783          0.44204              0.687             3.0008             1.5593            15.9       57.453     25-Mar-2024 00:15:23
    27       5      5     200    0.2       10       0.994    -3.3993     -3.3993         10              0             66.335          0.43846            0.68442             2.9752             1.5391          16.765       43.599     25-Mar-2024 00:15:23
    27       6      5     200    0.2       10       0.992    -3.5648     -3.5648         10              0             66.895          0.43509            0.79866             3.0091             1.5701          16.428       53.866     25-Mar-2024 00:15:23
    27       7      5     200    0.2       10       0.994    -3.4572     -3.4572         10              0             66.819           0.4498            0.68566             3.0015             1.5605          15.654       40.804     25-Mar-2024 00:15:23
    27       8      5     200    0.2       10       0.994    -3.2945     -3.2945         10              0             66.938          0.43392            0.74811             2.9855             1.5802          15.555       60.475     25-Mar-2024 00:15:23
    27       9      5     200    0.2       10       0.994    -3.4143     -3.4143         10              0             66.823          0.43682            0.73739             2.9874             1.5502          16.083        50.98     25-Mar-2024 00:15:23
    27      10      5     200    0.2       10       0.994    -3.4735     -3.4735         10              1             66.693          0.44239            0.73454             2.9941             1.5918          15.977       28.803     25-Mar-2024 00:15:23
    27      11      5     200    0.2       10        0.99    -3.4639     -3.4639         10              0             66.497          0.42705            0.71245             2.9812             1.5652          15.932        55.97     25-Mar-2024 00:15:23
    27      12      5     200    0.2       10       0.992    -3.4078     -3.4078         10              1             67.475          0.43665            0.70507             3.0183             1.5562          15.649       56.547     25-Mar-2024 00:15:23
    27      13      5     200    0.2       10       0.994    -3.4031     -3.4031         10              0             66.767          0.43622            0.72632             3.0002              1.578          16.047       40.573     25-Mar-2024 00:15:23
    27      14      5     200    0.2       10       0.996    -3.5389     -3.5389         10              0             66.109          0.44153            0.79239             2.9799             1.5788          15.909       42.049     25-Mar-2024 00:15:23
    27      15      5     200    0.2       10       0.992    -3.3567     -3.3567         10              0              66.57          0.42695            0.72257             2.9853              1.557          16.225       59.464     25-Mar-2024 00:15:23
    27      16      5     200    0.2       10       0.994    -3.4842     -3.4842         10              1             66.762          0.43053            0.68353             2.9954             1.5746          16.037       49.023     25-Mar-2024 00:15:23
    27      17      5     200    0.2       10       0.994     -3.412      -3.412         10              0             66.715          0.43405            0.69579             2.9968             1.5795          16.292       44.432     25-Mar-2024 00:15:23
    27      18      5     200    0.2       10       0.992    -3.5724     -3.5724         10              1             67.042          0.43193            0.72101             3.0063             1.5573          16.184       16.031     25-Mar-2024 00:15:23
    27      19      5     200    0.2       10       0.992    -3.4487     -3.4487         10              0             66.747          0.44113            0.71426             2.9885              1.548          16.218       51.737     25-Mar-2024 00:15:23
    27      20      5     200    0.2       10       0.996    -3.5154     -3.5154         10              0              67.39          0.45202            0.75121             3.0307             1.6023          16.241       45.953     25-Mar-2024 00:15:23
    27      21      5     200    0.2       10       0.994    -3.4383     -3.4383         10              0             67.274          0.46785            0.67106             3.0181              1.571          16.174       48.036     25-Mar-2024 00:15:23
    27      22      5     200    0.2       10       0.992    -3.3326     -3.3326         10              0             67.062          0.43696            0.72641             3.0118             1.5812          15.963       39.185     25-Mar-2024 00:15:23
    27      23      5     200    0.2       10       0.992     -3.402      -3.402         10              0             67.854          0.44275            0.73696             3.0365             1.5448          15.664       38.076     25-Mar-2024 00:15:23
    27      24      5     200    0.2       10       0.992    -3.2762     -3.2762         10              0             68.037          0.45009            0.71967             3.0416             1.5692          16.317       30.852     25-Mar-2024 00:15:23
    27      25      5     200    0.2       10       0.992    -3.4745     -3.4745         10              0             66.441          0.44722            0.75819             2.9889             1.5767          16.429       47.464     25-Mar-2024 00:15:23
    27      26      5     200    0.2       10        0.99    -3.5776     -3.5776         10              0             67.346           0.4365            0.66634             3.0313             1.5731          15.751        51.07     25-Mar-2024 00:15:23
    27      27      5     200    0.2       10       0.992    -3.3327     -3.3327         10              0             67.155          0.43571            0.76386             3.0034             1.5743          16.101       61.999     25-Mar-2024 00:15:23
    27      28      5     200    0.2       10       0.992    -3.4061     -3.4061         10              0             66.908          0.43561            0.68302             2.9968             1.5262          15.955       48.459     25-Mar-2024 00:15:23
    27      29      5     200    0.2       10       0.992    -3.2836     -3.2836         10              0             67.188          0.43306            0.69478              2.993             1.5305          16.042       33.566     25-Mar-2024 00:15:23
    27      30      5     200    0.2       10       0.988    -3.4182     -3.4182         10              1             66.339          0.43423            0.65022             2.9688             1.5591           16.17       65.832     25-Mar-2024 00:15:23


conn = 

  sqlite with properties:

      Database: '/home1/jongminm/sparse_kmeans/sparse_kmeans.db'
    IsReadOnly: 0
    AutoCommit: 'on'


rep =

    28

replication: (28)th 


thres =

    3.2552

thres=3.255247
1 th thresholding

  breakyes=3.2,  dualfeasorg deteriorated too much: primfeasorg=1.57e-05,dualfeasorg=1.21e-04
10 entries survived 

2 th thresholding

  breakyes=3.1,  primfeasorg deteriorated too much: primfeasorg=8.31e-06,dualfeasorg=8.89e-07
10 entries survived 

3 th thresholding

  breakyes=3.1,  primfeasorg deteriorated too much: primfeasorg=1.61e-05,dualfeasorg=5.04e-07
10 entries survived 

4 th thresholding

  breakyes=1.4,  maxresidual < 1.00e-06
11 entries survived 

5 th thresholding

  breakyes=3.1,  primfeasorg deteriorated too much: primfeasorg=7.24e-06,dualfeasorg=1.18e-06
13 entries survived 

6 th thresholding

  breakyes=3.1,  primfeasorg deteriorated too much: primfeasorg=1.30e-05,dualfeasorg=9.48e-07
11 entries survived 

7 th thresholding

  breakyes=1.4,  maxresidual < 1.00e-06
11 entries survived 

8 th thresholding

  breakyes=1.4,  maxresidual < 1.00e-06
10 entries survived 

9 th thresholding

  breakyes=3.1,  primfeasorg deteriorated too much: primfeasorg=3.14e-05,dualfeasorg=1.30e-05
10 entries survived 

10 th thresholding

  breakyes=3.1,  primfeasorg deteriorated too much: primfeasorg=4.11e-06,dualfeasorg=1.11e-06
10 entries survived 

11 th thresholding

  breakyes=1.4,  maxresidual < 1.00e-06
10 entries survived 

12 th thresholding

  breakyes=3.1,  primfeasorg deteriorated too much: primfeasorg=2.01e-05,dualfeasorg=1.12e-06
11 entries survived 

13 th thresholding

  breakyes=3.1,  primfeasorg deteriorated too much: primfeasorg=2.41e-05,dualfeasorg=8.93e-07
11 entries survived 

14 th thresholding

  breakyes=3.1,  primfeasorg deteriorated too much: primfeasorg=4.39e-06,dualfeasorg=3.91e-06
10 entries survived 

15 th thresholding

  breakyes=1.3,  maxresidual < 1.00e-06
11 entries survived 

16 th thresholding

  breakyes=3.1,  primfeasorg deteriorated too much: primfeasorg=3.89e-06,dualfeasorg=3.61e-06
10 entries survived 

17 th thresholding

  breakyes=3.1,  primfeasorg deteriorated too much: primfeasorg=1.71e-05,dualfeasorg=4.61e-07
11 entries survived 

18 th thresholding

  breakyes=1.0,  maxresidual < 1.00e-06
11 entries survived 

19 th thresholding

  breakyes=3.1,  primfeasorg deteriorated too much: primfeasorg=3.52e-06,dualfeasorg=3.27e-06
10 entries survived 

20 th thresholding

  breakyes=3.1,  primfeasorg deteriorated too much: primfeasorg=2.83e-06,dualfeasorg=3.13e-06
11 entries survived 

21 th thresholding

  breakyes=3.1,  primfeasorg deteriorated too much: primfeasorg=7.54e-06,dualfeasorg=4.26e-06
11 entries survived 

22 th thresholding

  breakyes=3.1,  primfeasorg deteriorated too much: primfeasorg=1.36e-05,dualfeasorg=4.75e-07
10 entries survived 

23 th thresholding

  breakyes=3.1,  primfeasorg deteriorated too much: primfeasorg=9.99e-06,dualfeasorg=7.27e-07
12 entries survived 

24 th thresholding

  breakyes=3.1,  primfeasorg deteriorated too much: primfeasorg=8.20e-06,dualfeasorg=2.91e-06
10 entries survived 

25 th thresholding

  breakyes=1.4,  maxresidual < 1.00e-06
11 entries survived 

26 th thresholding

  breakyes=3.1,  primfeasorg deteriorated too much: primfeasorg=8.67e-06,dualfeasorg=2.17e-06
10 entries survived 

27 th thresholding

  breakyes=3.1,  primfeasorg deteriorated too much: primfeasorg=6.85e-05,dualfeasorg=2.59e-05
11 entries survived 

28 th thresholding

  breakyes=1.0,  maxresidual < 1.00e-06
11 entries survived 

29 th thresholding

  breakyes=3.1,  primfeasorg deteriorated too much: primfeasorg=1.07e-04,dualfeasorg=7.95e-06
10 entries survived 

30 th thresholding

  breakyes=1.0,  maxresidual < 1.00e-06
11 entries survived 
acc =0.992000  0.996000  0.996000  0.996000  0.994000  0.994000  0.994000  0.994000  0.994000  0.992000  0.998000  0.998000  0.990000  0.994000  0.994000  0.992000  0.992000  0.994000  0.992000  0.994000  0.994000  0.992000  0.996000  0.994000  0.994000  0.996000  0.994000  0.994000  0.994000  0.998000  0.996000 

data =

  31x19 table

    rep    iter    sep    dim    rho    sparsity     acc     obj_prim    obj_dual    discov_true    discov_false    diff_x_tilde    diff_omega_op    diff_omega_ellone    diff_omega_frob    diff_omega_diag    time_isee    time_SDP          jobdate       
    ___    ____    ___    ___    ___    ________    _____    ________    ________    ___________    ____________    ____________    _____________    _________________    _______________    _______________    _________    ________    ____________________

    28       0      5     200    0.2       10       0.992          0           0          0              0                  0                0                  0                  0                   0              0            0     25-Mar-2024 00:51:40
    28       1      5     200    0.2       10       0.996    -5.1879     -5.1887         10              0             69.607          0.41508             1.3921             2.8284             0.71812         16.438       46.417     25-Mar-2024 00:51:40
    28       2      5     200    0.2       10       0.996    -4.9247     -4.9245         10              0             70.426          0.43025             1.3791             2.8411             0.72326         16.779       54.662     25-Mar-2024 00:51:40
    28       3      5     200    0.2       10       0.996    -4.9106     -4.9103         10              0             69.515          0.41949             1.3087             2.7969             0.73846         16.487       57.636     25-Mar-2024 00:51:40
    28       4      5     200    0.2       10       0.994    -4.1415     -4.1415         10              1             64.557          0.42879            0.75605             2.8764              1.5063         16.685       82.415     25-Mar-2024 00:51:40
    28       5      5     200    0.2       10       0.994    -5.0775     -5.0774         10              3              69.82          0.42101              1.318             2.8105             0.70871         16.721       53.969     25-Mar-2024 00:51:40
    28       6      5     200    0.2       10       0.994     -5.129     -5.1287         10              1             69.886           0.4253              1.296              2.825             0.71427         16.442       39.974     25-Mar-2024 00:51:40
    28       7      5     200    0.2       10       0.994    -5.2419     -5.2419         10              1             69.398          0.42407              1.322             2.8105             0.73681         16.287        51.46     25-Mar-2024 00:51:40
    28       8      5     200    0.2       10       0.994    -4.9323      -4.932         10              0             70.196          0.42858              1.235             2.8354              0.7488         16.382       61.557     25-Mar-2024 00:51:40
    28       9      5     200    0.2       10       0.992     -4.844     -4.8451         10              0             69.416          0.43638             1.2785             2.7902             0.74448          16.27       30.527     25-Mar-2024 00:51:40
    28      10      5     200    0.2       10       0.998    -4.7864     -4.7861         10              0              70.43          0.42193             1.3273             2.8345             0.72804         16.498        58.71     25-Mar-2024 00:51:40
    28      11      5     200    0.2       10       0.998    -4.6899     -4.6899         10              0             69.889          0.41863             1.2698             2.8129             0.71525         16.478       82.864     25-Mar-2024 00:51:40
    28      12      5     200    0.2       10        0.99    -4.1742     -4.1738         10              1             65.489          0.43021            0.64572             2.9132              1.5175         16.567       56.441     25-Mar-2024 00:51:40
    28      13      5     200    0.2       10       0.994    -4.9281     -4.9277         10              1             70.087          0.42677             1.3818             2.8217             0.76395         16.829       55.451     25-Mar-2024 00:51:40
    28      14      5     200    0.2       10       0.994    -4.8939     -4.8937         10              0             70.038          0.41589              1.262             2.8129             0.74833         16.629       37.516     25-Mar-2024 00:51:40
    28      15      5     200    0.2       10       0.992    -4.8278     -4.8273         10              1             70.142          0.41486             1.3395             2.8338             0.76656         16.365       44.207     25-Mar-2024 00:51:40
    28      16      5     200    0.2       10       0.992    -4.7363     -4.7361         10              0              69.94           0.4161             1.2242              2.815             0.72282         16.423       37.857     25-Mar-2024 00:51:40
    28      17      5     200    0.2       10       0.994     -5.058     -5.0578         10              1             70.093          0.43163             1.2489             2.8208             0.76309         16.734       56.546     25-Mar-2024 00:51:40
    28      18      5     200    0.2       10       0.992    -4.9034     -4.9034         10              1             70.464          0.42405             1.2995             2.8256             0.75359         16.688       49.397     25-Mar-2024 00:51:40
    28      19      5     200    0.2       10       0.994    -4.8257     -4.8255         10              0             70.018          0.43716             1.2569             2.8128             0.74401         16.821       59.983     25-Mar-2024 00:51:40
    28      20      5     200    0.2       10       0.994    -4.8883      -4.888         10              1             69.903          0.42822             1.3227             2.8197             0.74198         16.737       62.402     25-Mar-2024 00:51:40
    28      21      5     200    0.2       10       0.992     -4.073     -4.0723         10              1               64.4          0.42615            0.77928             2.8656              1.5401           16.8       73.004     25-Mar-2024 00:51:40
    28      22      5     200    0.2       10       0.996    -4.7708     -4.7711         10              0             69.519          0.40587             1.2342             2.8073             0.72134          16.75       55.222     25-Mar-2024 00:51:40
    28      23      5     200    0.2       10       0.994    -5.0081      -5.008         10              2             69.712           0.4121             1.4055             2.8185             0.75151         16.823       55.833     25-Mar-2024 00:51:40
    28      24      5     200    0.2       10       0.994    -4.7523      -4.752         10              0             71.225          0.43329             1.2774             2.8698             0.78432         16.791        53.22     25-Mar-2024 00:51:40
    28      25      5     200    0.2       10       0.996    -5.0261     -5.0269         10              1             69.759          0.42012              1.301             2.8071             0.72981         17.206        47.11     25-Mar-2024 00:51:40
    28      26      5     200    0.2       10       0.994    -4.8798     -4.8801         10              0             69.208          0.42001             1.2048             2.7896             0.80574         17.313        71.98     25-Mar-2024 00:51:40
    28      27      5     200    0.2       10       0.994    -5.0967     -5.0959         10              1             70.731          0.42619             1.3478             2.8477             0.74538         16.679       45.986     25-Mar-2024 00:51:40
    28      28      5     200    0.2       10       0.994    -5.0165     -5.0165         10              1             70.187          0.41847             1.3523             2.8102             0.75366         16.614       49.918     25-Mar-2024 00:51:40
    28      29      5     200    0.2       10       0.998    -5.0022     -5.0019         10              0             70.385          0.43282              1.276             2.8296             0.77284         16.447       79.283     25-Mar-2024 00:51:40
    28      30      5     200    0.2       10       0.996    -5.2833     -5.2833         10              1             68.805          0.42731             1.2764             2.7801             0.73046         16.684       47.054     25-Mar-2024 00:51:40


conn = 

  sqlite with properties:

      Database: '/home1/jongminm/sparse_kmeans/sparse_kmeans.db'
    IsReadOnly: 0
    AutoCommit: 'on'

