==========================================
SLURM_JOB_ID = 20433504
SLURM_JOB_NODELIST = a04-08
TMPDIR = /tmp/SLURM_20433504
==========================================
hello
Starting parallel pool (parpool) ...
Connected to the parallel pool (number of workers: 15).

pool = 

 ProcessPool with properties: 

            Connected: true
           NumWorkers: 15
                 Busy: false
              Cluster: Local
        AttachedFiles: {}
    AutoAddClientPath: true
            FileStore: [1x1 parallel.FileStore]
           ValueStore: [1x1 parallel.ValueStore]
          IdleTimeout: 30 minutes (30 minutes remaining)
          SpmdEnabled: true


p =

   200


Delta =

     3


s =

    10


n =

   500


ii =

    19


table_name =

    'sparse_kmeans_glasso'


rho =

    0.0500


M =

    0.4951

delta confirmed: 3.000000
ans =

    2.8754


rep =

    73

replication: (73)th 


thres =

    3.2552

thres=3.255247
1 th thresholding

  breakyes=1.3,  maxresidual < 1.00e-06
11 entries survived 

2 th thresholding

  breakyes = 1.0,  maxresidual < 1.00e-04  breakyes=1.3,  maxresidual < 1.00e-06
11 entries survived 

3 th thresholding

  breakyes = 1.0,  maxresidual < 1.00e-04  breakyes=1.3,  maxresidual < 1.00e-06
11 entries survived 

4 th thresholding

  breakyes=4.1,  primfeasorg stagnate, 0.00e+00
11 entries survived 

5 th thresholding

  breakyes = 1.0,  maxresidual < 1.00e-04  breakyes=1.3,  maxresidual < 1.00e-06
11 entries survived 

6 th thresholding

  breakyes=3.2,  dualfeasorg deteriorated too much: primfeasorg=1.04e-06,dualfeasorg=6.33e-05
11 entries survived 

7 th thresholding

  breakyes = 1.0,  maxresidual < 1.00e-04  breakyes=4.1,  primfeasorg stagnate, 0.00e+00
11 entries survived 

8 th thresholding

  breakyes=1.3,  maxresidual < 1.00e-06
11 entries survived 

9 th thresholding

  breakyes=1.3,  maxresidual < 1.00e-06
10 entries survived 

10 th thresholding

  breakyes=1.3,  maxresidual < 1.00e-06
10 entries survived 

11 th thresholding

  breakyes = 1.0,  maxresidual < 1.00e-04  breakyes=1.4,  maxresidual < 1.00e-06
10 entries survived 

12 th thresholding


  breakyes=1.4,  maxresidual < 1.00e-06
10 entries survived 

13 th thresholding

  breakyes=1.4,  maxresidual < 1.00e-06
10 entries survived 

14 th thresholding

  breakyes=1.3,  maxresidual < 1.00e-06
10 entries survived 

15 th thresholding

  breakyes=1.4,  maxresidual < 1.00e-06
10 entries survived 

16 th thresholding

  breakyes=1.3,  maxresidual < 1.00e-06
10 entries survived 

17 th thresholding

  breakyes = 1.0,  maxresidual < 1.00e-04  breakyes=1.3,  maxresidual < 1.00e-06
10 entries survived 

18 th thresholding

  breakyes = 1.0,  maxresidual < 1.00e-04  breakyes=1.3,  maxresidual < 1.00e-06
10 entries survived 

19 th thresholding

  breakyes = 1.0,  maxresidual < 1.00e-04  breakyes=1.0,  maxresidual < 1.00e-06
10 entries survived 

20 th thresholding

  breakyes=3.2,  dualfeasorg deteriorated too much: primfeasorg=8.13e-07,dualfeasorg=2.94e-05
10 entries survived 

21 th thresholding

  breakyes=1.4,  maxresidual < 1.00e-06
10 entries survived 

22 th thresholding


  breakyes=3.2,  dualfeasorg deteriorated too much: primfeasorg=8.57e-07,dualfeasorg=1.80e-05
10 entries survived 

23 th thresholding

  breakyes = 1.0,  maxresidual < 1.00e-04  breakyes=1.4,  maxresidual < 1.00e-06
10 entries survived 

24 th thresholding

  breakyes=3.2,  dualfeasorg deteriorated too much: primfeasorg=3.04e-06,dualfeasorg=4.81e-05
10 entries survived 

25 th thresholding

  breakyes=3.2,  dualfeasorg deteriorated too much: primfeasorg=1.01e-06,dualfeasorg=4.71e-05
10 entries survived 

26 th thresholding

  breakyes=1.3,  maxresidual < 1.00e-06
10 entries survived 

27 th thresholding

  breakyes = 1.0,  maxresidual < 1.00e-04  breakyes=3.2,  dualfeasorg deteriorated too much: primfeasorg=1.94e-06,dualfeasorg=5.97e-05
10 entries survived 

28 th thresholding

  breakyes=4.2,  dualfeasorg stagnate, 2.10e-05
10 entries survived 

29 th thresholding

  breakyes=1.3,  maxresidual < 1.00e-06
10 entries survived 

30 th thresholding

  breakyes=1.4,  maxresidual < 1.00e-06
10 entries survived 
acc =0.910000  0.934000  0.926000  0.938000  0.932000  0.932000  0.930000  0.934000  0.918000  0.934000  0.916000  0.928000  0.916000  0.934000  0.924000  0.934000  0.934000  0.934000  0.930000  0.934000  0.930000  0.930000  0.934000  0.932000  0.932000  0.932000  0.932000  0.930000  0.938000  0.924000  0.944000 

data =

  31x19 table

    rep    iter    sep    dim    rho     sparsity     acc     obj_prim    obj_dual    discov_true    discov_false    diff_x_tilde    diff_omega_op    diff_omega_ellone    diff_omega_frob    diff_omega_diag    time_isee    time_SDP          jobdate       
    ___    ____    ___    ___    ____    ________    _____    ________    ________    ___________    ____________    ____________    _____________    _________________    _______________    _______________    _________    ________    ____________________

    73       0      3     200    0.05       10        0.91          0           0          0              0                  0                0                  0                  0                  0               0            0     24-Mar-2024 17:33:25
    73       1      3     200    0.05       10       0.934    -2.0573     -2.0573         10              1             46.327          0.28986            0.54166             1.9058             1.3982          9.7401       50.168     24-Mar-2024 17:33:25
    73       2      3     200    0.05       10       0.926    -1.9726     -1.9726         10              1             46.112          0.29778            0.56226             1.9017             1.3768           9.819       46.049     24-Mar-2024 17:33:25
    73       3      3     200    0.05       10       0.938    -2.0214     -2.0214         10              1             45.963          0.28408             0.5133             1.9037             1.3868          9.6239       22.164     24-Mar-2024 17:33:25
    73       4      3     200    0.05       10       0.932    -2.0161     -2.0161         10              1             45.555          0.30889              0.565             1.8809             1.3696           9.728       51.355     24-Mar-2024 17:33:25
    73       5      3     200    0.05       10       0.932    -2.0389     -2.0389         10              1              46.15          0.29069            0.47992             1.9121             1.4261          9.8157        20.54     24-Mar-2024 17:33:25
    73       6      3     200    0.05       10        0.93    -1.9776     -1.9776         10              1             45.098          0.28058            0.51862             1.8721             1.3787          9.8162       34.871     24-Mar-2024 17:33:25
    73       7      3     200    0.05       10       0.934    -2.0272     -2.0272         10              1                 46          0.29261            0.49782              1.897             1.3766          9.7448        86.56     24-Mar-2024 17:33:25
    73       8      3     200    0.05       10       0.918    -2.0935     -2.0935         10              1              45.37          0.28922            0.48378             1.8736              1.363          9.7046        47.33     24-Mar-2024 17:33:25
    73       9      3     200    0.05       10       0.934    -2.0745     -2.0745         10              0             45.706          0.28452            0.56227             1.8884             1.3595          9.7499       20.949     24-Mar-2024 17:33:25
    73      10      3     200    0.05       10       0.916    -1.9568     -1.9568         10              0             45.955          0.28234            0.51725             1.9002             1.4002          9.9342       44.923     24-Mar-2024 17:33:25
    73      11      3     200    0.05       10       0.928    -2.2017     -2.2017         10              0             45.191          0.28369            0.51183             1.8711             1.3532          9.6042       18.026     24-Mar-2024 17:33:25
    73      12      3     200    0.05       10       0.916    -1.9947     -1.9947         10              0              46.03          0.28263             0.5349             1.8981             1.3853          9.7567       67.858     24-Mar-2024 17:33:25
    73      13      3     200    0.05       10       0.934    -2.0527     -2.0527         10              0             45.376           0.2872             0.4996             1.8773              1.369           9.704       18.708     24-Mar-2024 17:33:25
    73      14      3     200    0.05       10       0.924    -1.9885     -1.9885         10              0             45.278          0.27737            0.51443             1.8729             1.3719           9.808         49.5     24-Mar-2024 17:33:25
    73      15      3     200    0.05       10       0.934    -1.9914     -1.9914         10              0             45.749          0.28791            0.52381              1.883             1.3739          9.7132       21.431     24-Mar-2024 17:33:25
    73      16      3     200    0.05       10       0.934    -1.9504     -1.9504         10              0             46.074          0.28577             0.5538             1.9027             1.3951          9.8638       49.154     24-Mar-2024 17:33:25
    73      17      3     200    0.05       10       0.934    -2.0011      -2.001         10              0             45.142          0.27415            0.54681             1.8679             1.3634          9.7804        46.88     24-Mar-2024 17:33:25
    73      18      3     200    0.05       10        0.93    -1.9044     -1.9044         10              0             45.465          0.27982            0.53838               1.88             1.3641           9.801       47.709     24-Mar-2024 17:33:25
    73      19      3     200    0.05       10       0.934    -1.9469     -1.9469         10              0             46.136          0.29253            0.51953             1.9023             1.3981          9.8213       49.853     24-Mar-2024 17:33:25
    73      20      3     200    0.05       10        0.93    -1.9627     -1.9627         10              0             45.407          0.28624            0.56376             1.8781             1.3603          9.8218       46.805     24-Mar-2024 17:33:25
    73      21      3     200    0.05       10        0.93    -1.9718     -1.9718         10              0             45.774          0.28842            0.46527             1.8954             1.3961          9.7897       33.063     24-Mar-2024 17:33:25
    73      22      3     200    0.05       10       0.934    -1.8661     -1.8661         10              0             45.676          0.28332            0.53858             1.8876              1.378          9.6646       83.051     24-Mar-2024 17:33:25
    73      23      3     200    0.05       10       0.932    -2.0211     -2.0211         10              0             45.181          0.28652            0.51424              1.871             1.3671          9.6871       37.597     24-Mar-2024 17:33:25
    73      24      3     200    0.05       10       0.932    -1.9984     -1.9984         10              0             44.847          0.28985            0.53056             1.8513             1.3354          9.8556       15.301     24-Mar-2024 17:33:25
    73      25      3     200    0.05       10       0.932    -1.9367     -1.9367         10              0             45.986          0.28024             0.5262             1.8951             1.3829           9.832       39.677     24-Mar-2024 17:33:25
    73      26      3     200    0.05       10       0.932    -1.9717     -1.9717         10              0             45.075          0.28894            0.52315             1.8608             1.3382          9.7974       47.507     24-Mar-2024 17:33:25
    73      27      3     200    0.05       10        0.93    -2.0197     -2.0196         10              0             44.969          0.28821            0.60674             1.8611             1.3629          9.7073       24.421     24-Mar-2024 17:33:25
    73      28      3     200    0.05       10       0.938    -2.0162     -2.0162         10              0             46.032           0.2966            0.58573             1.8994             1.3834          9.7721       58.025     24-Mar-2024 17:33:25
    73      29      3     200    0.05       10       0.924    -2.0385     -2.0385         10              0             46.231          0.29853            0.54157             1.9145             1.4096           9.856       18.539     24-Mar-2024 17:33:25
    73      30      3     200    0.05       10       0.944    -1.9942     -1.9942         10              0             44.906          0.28029            0.51259             1.8616             1.3401          9.7762        43.92     24-Mar-2024 17:33:25


conn = 

  sqlite with properties:

      Database: '/home1/jongminm/sparse_kmeans/sparse_kmeans.db'
    IsReadOnly: 0
    AutoCommit: 'on'


rep =

    74

replication: (74)th 


thres =

    3.2552

thres=3.255247
1 th thresholding

  breakyes=1.4,  maxresidual < 1.00e-06
11 entries survived 

2 th thresholding

  breakyes=3.2,  dualfeasorg deteriorated too much: primfeasorg=1.28e-06,dualfeasorg=2.73e-05
10 entries survived 

3 th thresholding

  breakyes=3.2,  dualfeasorg deteriorated too much: primfeasorg=1.55e-06,dualfeasorg=3.06e-05
11 entries survived 

4 th thresholding

  breakyes=4.1,  primfeasorg stagnate, 0.00e+00
10 entries survived 

5 th thresholding

  breakyes=4.1,  primfeasorg stagnate, 0.00e+00
10 entries survived 

6 th thresholding

  breakyes=3.2,  dualfeasorg deteriorated too much: primfeasorg=1.28e-06,dualfeasorg=4.03e-05
10 entries survived 

7 th thresholding

  breakyes=3.2,  dualfeasorg deteriorated too much: primfeasorg=1.82e-06,dualfeasorg=3.64e-05
11 entries survived 

8 th thresholding

  breakyes=3.2,  dualfeasorg deteriorated too much: primfeasorg=9.72e-07,dualfeasorg=3.82e-05
11 entries survived 

9 th thresholding

  breakyes=3.2,  dualfeasorg deteriorated too much: primfeasorg=1.34e-06,dualfeasorg=5.28e-05
11 entries survived 

10 th thresholding

  breakyes=3.2,  dualfeasorg deteriorated too much: primfeasorg=8.86e-07,dualfeasorg=4.26e-05
10 entries survived 

11 th thresholding

  breakyes=4.1,  primfeasorg stagnate, 0.00e+00
10 entries survived 

12 th thresholding

  breakyes=3.2,  dualfeasorg deteriorated too much: primfeasorg=2.36e-06,dualfeasorg=3.03e-05
10 entries survived 

13 th thresholding

  breakyes=4.1,  primfeasorg stagnate, 0.00e+00
10 entries survived 

14 th thresholding

  breakyes=3.2,  dualfeasorg deteriorated too much: primfeasorg=7.96e-07,dualfeasorg=3.66e-05
10 entries survived 

15 th thresholding

  breakyes=4.1,  primfeasorg stagnate, 0.00e+00
10 entries survived 

16 th thresholding

  breakyes=3.2,  dualfeasorg deteriorated too much: primfeasorg=1.35e-06,dualfeasorg=5.52e-05
10 entries survived 

17 th thresholding

  breakyes=4.2,  dualfeasorg stagnate, 8.93e-05
10 entries survived 

18 th thresholding

  breakyes=3.2,  dualfeasorg deteriorated too much: primfeasorg=1.01e-06,dualfeasorg=4.81e-05
10 entries survived 

19 th thresholding

  breakyes=4.1,  primfeasorg stagnate, 0.00e+00
10 entries survived 

20 th thresholding

  breakyes=4.1,  primfeasorg stagnate, 0.00e+00
10 entries survived 

21 th thresholding

  breakyes=3.2,  dualfeasorg deteriorated too much: primfeasorg=2.27e-06,dualfeasorg=3.21e-05
10 entries survived 

22 th thresholding

  breakyes=1.4,  maxresidual < 1.00e-06
10 entries survived 

23 th thresholding

  breakyes=3.2,  dualfeasorg deteriorated too much: primfeasorg=2.35e-06,dualfeasorg=2.85e-05
10 entries survived 

24 th thresholding

  breakyes=3.2,  dualfeasorg deteriorated too much: primfeasorg=1.85e-06,dualfeasorg=4.55e-05
10 entries survived 

25 th thresholding

  breakyes=4.1,  primfeasorg stagnate, 0.00e+00
10 entries survived 

26 th thresholding

  breakyes=4.1,  primfeasorg stagnate, 0.00e+00
11 entries survived 

27 th thresholding

  breakyes=3.2,  dualfeasorg deteriorated too much: primfeasorg=9.85e-07,dualfeasorg=4.55e-05
10 entries survived 

28 th thresholding

  breakyes=4.1,  primfeasorg stagnate, 0.00e+00
10 entries survived 

29 th thresholding

  breakyes=4.1,  primfeasorg stagnate, 0.00e+00
10 entries survived 

30 th thresholding

  breakyes=1.4,  maxresidual < 1.00e-06
10 entries survived 
acc =0.914000  0.936000  0.934000  0.938000  0.928000  0.934000  0.932000  0.938000  0.940000  0.932000  0.938000  0.936000  0.932000  0.936000  0.934000  0.936000  0.932000  0.932000  0.932000  0.938000  0.928000  0.932000  0.938000  0.938000  0.942000  0.936000  0.934000  0.940000  0.932000  0.934000  0.926000 

data =

  31x19 table

    rep    iter    sep    dim    rho     sparsity     acc     obj_prim    obj_dual    discov_true    discov_false    diff_x_tilde    diff_omega_op    diff_omega_ellone    diff_omega_frob    diff_omega_diag    time_isee    time_SDP          jobdate       
    ___    ____    ___    ___    ____    ________    _____    ________    ________    ___________    ____________    ____________    _____________    _________________    _______________    _______________    _________    ________    ____________________

    74       0      3     200    0.05       10       0.914          0           0          0              0                  0                0                  0                  0                  0               0            0     24-Mar-2024 18:07:37
    74       1      3     200    0.05       10       0.936    -1.9075     -1.9075         10              1             45.653          0.28961             0.5703             1.8947             1.4082          9.7132       33.595     24-Mar-2024 18:07:37
    74       2      3     200    0.05       10       0.934    -1.6221     -1.6221         10              0             45.447          0.29017             0.5844             1.8842             1.3881          9.6305       45.824     24-Mar-2024 18:07:37
    74       3      3     200    0.05       10       0.938     -1.617      -1.617         10              1             45.375          0.27687            0.48392              1.887             1.4066          9.6522       46.416     24-Mar-2024 18:07:37
    74       4      3     200    0.05       10       0.928    -1.6591     -1.6591         10              0             45.296          0.28086            0.49415             1.8888             1.4057          9.6574       59.688     24-Mar-2024 18:07:37
    74       5      3     200    0.05       10       0.934    -1.5614     -1.5614         10              0              46.53          0.28377            0.52339             1.9151             1.4031          9.6876       56.933     24-Mar-2024 18:07:37
    74       6      3     200    0.05       10       0.932    -1.6063     -1.6063         10              0             44.456          0.28009            0.51499             1.8543             1.3628           9.756       49.128     24-Mar-2024 18:07:37
    74       7      3     200    0.05       10       0.938    -1.6678     -1.6677         10              1             44.511          0.28029            0.55784             1.8526             1.3536          9.7405       39.246     24-Mar-2024 18:07:37
    74       8      3     200    0.05       10        0.94    -1.6272     -1.6272         10              1             45.683          0.28781            0.49871             1.8993             1.4108          9.7925       64.409     24-Mar-2024 18:07:37
    74       9      3     200    0.05       10       0.932    -1.5999     -1.5999         10              1             45.643          0.28266            0.49951             1.8943             1.3838          9.6384       49.232     24-Mar-2024 18:07:37
    74      10      3     200    0.05       10       0.938     -1.631     -1.6309         10              0             45.566          0.28028            0.53589             1.8914             1.4074          9.5978       49.726     24-Mar-2024 18:07:37
    74      11      3     200    0.05       10       0.936    -1.5665     -1.5665         10              0             45.189          0.28412            0.54157             1.8789             1.3864          9.6439       50.058     24-Mar-2024 18:07:37
    74      12      3     200    0.05       10       0.932    -1.6034     -1.6034         10              0             45.205          0.28367            0.50058             1.8842             1.4116          9.5651       123.46     24-Mar-2024 18:07:37
    74      13      3     200    0.05       10       0.936    -1.6629     -1.6628         10              0             45.129           0.2792            0.49042             1.8773             1.3764          9.6298       51.875     24-Mar-2024 18:07:37
    74      14      3     200    0.05       10       0.934     -1.635      -1.635         10              0             44.671          0.27946              0.544             1.8549             1.3627          9.6466       53.273     24-Mar-2024 18:07:37
    74      15      3     200    0.05       10       0.936    -1.7155     -1.7155         10              0             45.192           0.2818             0.5015             1.8841             1.3874          9.6825       53.676     24-Mar-2024 18:07:37
    74      16      3     200    0.05       10       0.932    -1.6002     -1.6002         10              0              44.52          0.28364            0.52579             1.8457             1.3497          9.7272       49.607     24-Mar-2024 18:07:37
    74      17      3     200    0.05       10       0.932    -1.6499     -1.6498         10              0             45.341          0.29441             0.5094             1.8856             1.4076          9.5736       54.053     24-Mar-2024 18:07:37
    74      18      3     200    0.05       10       0.932    -1.6094     -1.6094         10              0             45.018          0.27435            0.53598             1.8772              1.394           9.643       64.348     24-Mar-2024 18:07:37
    74      19      3     200    0.05       10       0.938    -1.5499     -1.5499         10              0             44.922          0.27083            0.55874             1.8654             1.3664          9.6263       56.384     24-Mar-2024 18:07:37
    74      20      3     200    0.05       10       0.928    -1.5864     -1.5864         10              0             46.177          0.28546            0.49691             1.9117             1.4322          9.7175       56.393     24-Mar-2024 18:07:37
    74      21      3     200    0.05       10       0.932    -1.6182     -1.6182         10              0             44.349          0.26826             0.4851             1.8511             1.3606          9.7166       79.312     24-Mar-2024 18:07:37
    74      22      3     200    0.05       10       0.938    -1.6146     -1.6146         10              0             45.022          0.27733             0.5029              1.866             1.3708          9.6684       55.762     24-Mar-2024 18:07:37
    74      23      3     200    0.05       10       0.938    -1.6197     -1.6196         10              0             46.133          0.29534            0.61171             1.9187             1.4429          9.5938       99.257     24-Mar-2024 18:07:37
    74      24      3     200    0.05       10       0.942    -1.5839     -1.5838         10              0              45.44          0.29127            0.50346             1.8832             1.3683          9.7322       39.402     24-Mar-2024 18:07:37
    74      25      3     200    0.05       10       0.936    -1.5407     -1.5407         10              0             44.948          0.28827            0.56439             1.8724             1.3948          9.5672       53.088     24-Mar-2024 18:07:37
    74      26      3     200    0.05       10       0.934    -1.6048     -1.6047         10              1             44.596          0.27054            0.46977             1.8562             1.3562          9.5951       53.432     24-Mar-2024 18:07:37
    74      27      3     200    0.05       10        0.94    -1.6252     -1.6252         10              0             45.574          0.29541            0.55855             1.8925             1.4079          9.6217       42.119     24-Mar-2024 18:07:37
    74      28      3     200    0.05       10       0.932    -1.5782     -1.5781         10              0             45.238           0.2851            0.51009             1.8801              1.391          9.6833       58.771     24-Mar-2024 18:07:37
    74      29      3     200    0.05       10       0.934    -1.6112     -1.6112         10              0             44.981          0.28569            0.56454             1.8665              1.363          9.6358       61.184     24-Mar-2024 18:07:37
    74      30      3     200    0.05       10       0.926    -1.5591     -1.5591         10              0             46.388          0.28596            0.53935             1.9141             1.4396          9.6531       90.114     24-Mar-2024 18:07:37

IdleTimeout has been reached.
Parallel pool is shutting down.

conn = 

  sqlite with properties:

      Database: '/home1/jongminm/sparse_kmeans/sparse_kmeans.db'
    IsReadOnly: 0
    AutoCommit: 'on'


rep =

    75

replication: (75)th 


thres =

    3.2552

thres=3.255247
1 th thresholding

  breakyes=1.4,  maxresidual < 1.00e-06
12 entries survived 

2 th thresholding

  breakyes=3.2,  dualfeasorg deteriorated too much: primfeasorg=1.07e-06,dualfeasorg=6.29e-05
10 entries survived 

3 th thresholding

  breakyes=4.1,  primfeasorg stagnate, 0.00e+00
10 entries survived 

4 th thresholding

  breakyes=4.1,  primfeasorg stagnate, 0.00e+00
10 entries survived 

5 th thresholding

  breakyes=3.2,  dualfeasorg deteriorated too much: primfeasorg=1.04e-06,dualfeasorg=4.80e-05
10 entries survived 

6 th thresholding

  breakyes=4.1,  primfeasorg stagnate, 0.00e+00
10 entries survived 

7 th thresholding

  breakyes=2.0,  primfeasorg*dualfeasorg < 1.00e-14
10 entries survived 

8 th thresholding

  breakyes=4.1,  primfeasorg stagnate, 0.00e+00
10 entries survived 

9 th thresholding

  breakyes=4.1,  primfeasorg stagnate, 0.00e+00
10 entries survived 

10 th thresholding

  breakyes=4.1,  primfeasorg stagnate, 0.00e+00
10 entries survived 

11 th thresholding

  breakyes=3.2,  dualfeasorg deteriorated too much: primfeasorg=1.08e-06,dualfeasorg=6.81e-05
10 entries survived 

12 th thresholding

  breakyes=4.1,  primfeasorg stagnate, 0.00e+00
10 entries survived 

13 th thresholding

  breakyes=3.2,  dualfeasorg deteriorated too much: primfeasorg=1.31e-06,dualfeasorg=5.43e-05
10 entries survived 

14 th thresholding

  breakyes=3.2,  dualfeasorg deteriorated too much: primfeasorg=9.12e-07,dualfeasorg=4.46e-05
10 entries survived 

15 th thresholding

  breakyes=4.1,  primfeasorg stagnate, 0.00e+00
11 entries survived 

16 th thresholding

  breakyes=4.1,  primfeasorg stagnate, 0.00e+00
10 entries survived 

17 th thresholding

  breakyes=4.1,  primfeasorg stagnate, 0.00e+00
10 entries survived 

18 th thresholding

  breakyes=4.1,  primfeasorg stagnate, 0.00e+00
10 entries survived 

19 th thresholding

  breakyes=4.1,  primfeasorg stagnate, 0.00e+00
10 entries survived 

20 th thresholding

  breakyes=3.2,  dualfeasorg deteriorated too much: primfeasorg=1.18e-06,dualfeasorg=6.51e-05
10 entries survived 

21 th thresholding

  breakyes=4.1,  primfeasorg stagnate, 0.00e+00
10 entries survived 

22 th thresholding

  breakyes=3.2,  dualfeasorg deteriorated too much: primfeasorg=1.15e-06,dualfeasorg=5.63e-05
11 entries survived 

23 th thresholding

  breakyes=3.2,  dualfeasorg deteriorated too much: primfeasorg=8.94e-07,dualfeasorg=6.35e-05
11 entries survived 

24 th thresholding

  breakyes=4.1,  primfeasorg stagnate, 0.00e+00
12 entries survived 

25 th thresholding

  breakyes=4.1,  primfeasorg stagnate, 0.00e+00
10 entries survived 

26 th thresholding

  breakyes=4.1,  primfeasorg stagnate, 0.00e+00
10 entries survived 

27 th thresholding

  breakyes=4.1,  primfeasorg stagnate, 0.00e+00
11 entries survived 

28 th thresholding

  breakyes=3.2,  dualfeasorg deteriorated too much: primfeasorg=1.18e-06,dualfeasorg=1.27e-04
10 entries survived 

29 th thresholding

  breakyes=3.2,  dualfeasorg deteriorated too much: primfeasorg=9.79e-07,dualfeasorg=4.83e-05
10 entries survived 

30 th thresholding

  breakyes=3.2,  dualfeasorg deteriorated too much: primfeasorg=2.83e-06,dualfeasorg=1.34e-04
10 entries survived 
acc =0.904000  0.930000  0.940000  0.936000  0.936000  0.932000  0.934000  0.936000  0.938000  0.936000  0.938000  0.934000  0.932000  0.928000  0.928000  0.932000  0.932000  0.934000  0.928000  0.938000  0.938000  0.936000  0.930000  0.928000  0.936000  0.934000  0.932000  0.940000  0.934000  0.938000  0.934000 

data =

  31x19 table

    rep    iter    sep    dim    rho     sparsity     acc     obj_prim    obj_dual    discov_true    discov_false    diff_x_tilde    diff_omega_op    diff_omega_ellone    diff_omega_frob    diff_omega_diag    time_isee    time_SDP          jobdate       
    ___    ____    ___    ___    ____    ________    _____    ________    ________    ___________    ____________    ____________    _____________    _________________    _______________    _______________    _________    ________    ____________________

    75       0      3     200    0.05       10       0.904          0           0          0              0                  0                0                  0                  0                  0               0            0     24-Mar-2024 18:42:12
    75       1      3     200    0.05       10        0.93    -1.9969     -1.9969         10              2             43.732          0.27324            0.48791             1.8114              1.261          9.7605       61.628     24-Mar-2024 18:42:12
    75       2      3     200    0.05       10        0.94    -1.6421     -1.6421         10              0             42.771          0.28392             0.5987             1.7776             1.2158          9.7816       62.798     24-Mar-2024 18:42:12
    75       3      3     200    0.05       10       0.936    -1.6172     -1.6172         10              0             44.574           0.2922            0.59202             1.8385             1.2668          9.6954       62.319     24-Mar-2024 18:42:12
    75       4      3     200    0.05       10       0.936    -1.6399     -1.6399         10              0             44.038          0.28863             0.5864             1.8284             1.2845          9.8238       57.649     24-Mar-2024 18:42:12
    75       5      3     200    0.05       10       0.932    -1.7037     -1.7037         10              0             43.628          0.28973            0.53553              1.811             1.2466          9.7422       57.563     24-Mar-2024 18:42:12
    75       6      3     200    0.05       10       0.934    -1.7328     -1.7327         10              0             44.494          0.30943             0.5916             1.8381             1.2883          9.8447       58.541     24-Mar-2024 18:42:12
    75       7      3     200    0.05       10       0.936    -1.6871      -1.687         10              0             45.093          0.28896            0.53352             1.8658             1.3083          9.7878       95.867     24-Mar-2024 18:42:12
    75       8      3     200    0.05       10       0.938    -1.6877     -1.6876         10              0             45.158          0.28783            0.58709             1.8643             1.2841          9.7922       63.064     24-Mar-2024 18:42:12
    75       9      3     200    0.05       10       0.936    -1.6381     -1.6381         10              0             44.554          0.28629             0.5478             1.8487             1.2717          9.7329       57.778     24-Mar-2024 18:42:12
    75      10      3     200    0.05       10       0.938    -1.6705     -1.6705         10              0             42.624          0.28743             0.5701             1.7751             1.2057          9.8942       57.141     24-Mar-2024 18:42:12
    75      11      3     200    0.05       10       0.934    -1.6505     -1.6505         10              0             43.161          0.27029            0.46395             1.8017             1.2808          9.7693       59.812     24-Mar-2024 18:42:12
    75      12      3     200    0.05       10       0.932    -1.6543     -1.6543         10              0             44.731          0.28165            0.55888             1.8554             1.3027          9.7669       64.838     24-Mar-2024 18:42:12
    75      13      3     200    0.05       10       0.928    -1.6695     -1.6695         10              0             43.096          0.28846            0.56293             1.7886              1.219          9.7914       49.112     24-Mar-2024 18:42:12
    75      14      3     200    0.05       10       0.928    -1.6698     -1.6697         10              0             44.663          0.29888             0.5765             1.8489             1.2668          9.7664       65.641     24-Mar-2024 18:42:12
    75      15      3     200    0.05       10       0.932    -1.7525     -1.7524         10              1             44.679          0.28488            0.55733             1.8492             1.2617          9.7538       57.064     24-Mar-2024 18:42:12
    75      16      3     200    0.05       10       0.932    -1.6442     -1.6442         10              0             44.253          0.28188             0.6211             1.8285             1.2481          9.6631       55.121     24-Mar-2024 18:42:12
    75      17      3     200    0.05       10       0.934    -1.6561     -1.6561         10              0             43.973          0.28262            0.52191             1.8277             1.3023          9.7784       56.904     24-Mar-2024 18:42:12
    75      18      3     200    0.05       10       0.928    -1.6883     -1.6883         10              0               44.7          0.27364            0.51938             1.8526             1.2997          9.7321       58.607     24-Mar-2024 18:42:12
    75      19      3     200    0.05       10       0.938    -1.6844     -1.6844         10              0             44.091          0.28689            0.52473             1.8313             1.2735           9.726       50.817     24-Mar-2024 18:42:12
    75      20      3     200    0.05       10       0.938    -1.6774     -1.6774         10              0             43.935          0.27789            0.61942             1.8252             1.2749          9.7219       47.244     24-Mar-2024 18:42:12
    75      21      3     200    0.05       10       0.936     -1.601      -1.601         10              0             45.271          0.28735            0.57901              1.873             1.3296          9.7179       54.367     24-Mar-2024 18:42:12
    75      22      3     200    0.05       10        0.93     -1.681      -1.681         10              1             45.101           0.3012             0.5753             1.8658             1.3029          9.7181       55.569     24-Mar-2024 18:42:12
    75      23      3     200    0.05       10       0.928    -1.6551      -1.655         10              1             43.261          0.26739            0.48686             1.7945             1.2438          9.8421       69.483     24-Mar-2024 18:42:12
    75      24      3     200    0.05       10       0.936    -1.7073     -1.7073         10              2             44.162          0.27968            0.56724             1.8276              1.285          9.7665       57.483     24-Mar-2024 18:42:12
    75      25      3     200    0.05       10       0.934    -1.6279     -1.6279         10              0             44.298          0.29219             0.6205             1.8348             1.2759          9.6683       56.894     24-Mar-2024 18:42:12
    75      26      3     200    0.05       10       0.932    -1.7125     -1.7125         10              0             43.782           0.2828            0.71322             1.8148             1.2714          9.6681       72.477     24-Mar-2024 18:42:12
    75      27      3     200    0.05       10        0.94    -1.6354     -1.6354         10              1             44.711          0.28248            0.51765             1.8502             1.2961          9.7442       57.472     24-Mar-2024 18:42:12
    75      28      3     200    0.05       10       0.934    -1.6324     -1.6324         10              0             45.391          0.29144            0.53465             1.8745             1.3066          9.8073       55.429     24-Mar-2024 18:42:12
    75      29      3     200    0.05       10       0.938    -1.7678     -1.7678         10              0             44.675          0.28073            0.52728             1.8543             1.2964          9.6772        59.41     24-Mar-2024 18:42:12
    75      30      3     200    0.05       10       0.934    -1.6054     -1.6054         10              0             44.817          0.28422            0.50174              1.855             1.3238          9.8341       26.779     24-Mar-2024 18:42:12


conn = 

  sqlite with properties:

      Database: '/home1/jongminm/sparse_kmeans/sparse_kmeans.db'
    IsReadOnly: 0
    AutoCommit: 'on'


rep =

    76

replication: (76)th 


thres =

    3.2552

thres=3.255247
1 th thresholding

  breakyes = 1.0,  maxresidual < 1.00e-04  breakyes=3.2,  dualfeasorg deteriorated too much: primfeasorg=6.25e-07,dualfeasorg=3.64e-05
12 entries survived 

2 th thresholding

  breakyes = 1.0,  maxresidual < 1.00e-04  breakyes=3.2,  dualfeasorg deteriorated too much: primfeasorg=2.47e-06,dualfeasorg=5.53e-05
10 entries survived 

3 th thresholding

  breakyes = 1.0,  maxresidual < 1.00e-04  breakyes=3.2,  dualfeasorg deteriorated too much: primfeasorg=1.99e-06,dualfeasorg=4.44e-05
10 entries survived 

4 th thresholding

  breakyes=1.4,  maxresidual < 1.00e-06
10 entries survived 

5 th thresholding

  breakyes=3.2,  dualfeasorg deteriorated too much: primfeasorg=8.79e-07,dualfeasorg=3.24e-05
10 entries survived 

6 th thresholding

  breakyes=1.4,  maxresidual < 1.00e-06
10 entries survived 

7 th thresholding

  breakyes=1.0,  maxresidual < 1.00e-06
10 entries survived 

8 th thresholding

  breakyes=1.4,  maxresidual < 1.00e-06
10 entries survived 

9 th thresholding

  breakyes = 1.0,  maxresidual < 1.00e-04  breakyes=3.2,  dualfeasorg deteriorated too much: primfeasorg=7.46e-07,dualfeasorg=3.23e-05
10 entries survived 

10 th thresholding

  breakyes=3.2,  dualfeasorg deteriorated too much: primfeasorg=8.54e-07,dualfeasorg=4.78e-05
10 entries survived 

11 th thresholding

  breakyes = 1.0,  maxresidual < 1.00e-04  breakyes=3.2,  dualfeasorg deteriorated too much: primfeasorg=7.63e-07,dualfeasorg=6.51e-05
10 entries survived 

12 th thresholding

  breakyes = 1.0,  maxresidual < 1.00e-04  breakyes=1.4,  maxresidual < 1.00e-06
10 entries survived 

13 th thresholding

  breakyes=3.2,  dualfeasorg deteriorated too much: primfeasorg=5.91e-07,dualfeasorg=4.27e-05
10 entries survived 

14 th thresholding

  breakyes=3.2,  dualfeasorg deteriorated too much: primfeasorg=1.47e-06,dualfeasorg=5.22e-05
10 entries survived 

15 th thresholding

  breakyes = 1.0,  maxresidual < 1.00e-04  breakyes=3.2,  dualfeasorg deteriorated too much: primfeasorg=9.60e-07,dualfeasorg=3.35e-05
10 entries survived 

16 th thresholding

  breakyes=1.4,  maxresidual < 1.00e-06
10 entries survived 

17 th thresholding

  breakyes=1.4,  maxresidual < 1.00e-06
10 entries survived 

18 th thresholding

  breakyes=3.2,  dualfeasorg deteriorated too much: primfeasorg=8.33e-07,dualfeasorg=3.05e-05
10 entries survived 

19 th thresholding

  breakyes=3.2,  dualfeasorg deteriorated too much: primfeasorg=2.59e-06,dualfeasorg=6.05e-05
10 entries survived 

20 th thresholding

  breakyes=1.4,  maxresidual < 1.00e-06
10 entries survived 

21 th thresholding

  breakyes=3.2,  dualfeasorg deteriorated too much: primfeasorg=1.09e-06,dualfeasorg=4.77e-05
10 entries survived 

22 th thresholding

  breakyes=1.4,  maxresidual < 1.00e-06
10 entries survived 

23 th thresholding

  breakyes = 1.0,  maxresidual < 1.00e-04  breakyes=1.4,  maxresidual < 1.00e-06
10 entries survived 

24 th thresholding

  breakyes = 1.0,  maxresidual < 1.00e-04  breakyes=3.2,  dualfeasorg deteriorated too much: primfeasorg=1.60e-06,dualfeasorg=6.08e-05
10 entries survived 

25 th thresholding

  breakyes = 1.0,  maxresidual < 1.00e-04  breakyes=3.2,  dualfeasorg deteriorated too much: primfeasorg=7.11e-07,dualfeasorg=3.21e-05
10 entries survived 

26 th thresholding

  breakyes=3.2,  dualfeasorg deteriorated too much: primfeasorg=1.79e-06,dualfeasorg=5.21e-05
10 entries survived 

27 th thresholding

  breakyes=3.2,  dualfeasorg deteriorated too much: primfeasorg=1.39e-06,dualfeasorg=3.92e-05
10 entries survived 

28 th thresholding

  breakyes = 1.0,  maxresidual < 1.00e-04  breakyes=1.3,  maxresidual < 1.00e-06
10 entries survived 

29 th thresholding

  breakyes = 1.0,  maxresidual < 1.00e-04  breakyes=3.2,  dualfeasorg deteriorated too much: primfeasorg=1.02e-06,dualfeasorg=3.58e-05
10 entries survived 

30 th thresholding

  breakyes = 1.0,  maxresidual < 1.00e-04  breakyes=1.3,  maxresidual < 1.00e-06
10 entries survived 
acc =0.884000  0.922000  0.920000  0.926000  0.924000  0.916000  0.920000  0.926000  0.922000  0.924000  0.928000  0.926000  0.926000  0.926000  0.918000  0.928000  0.910000  0.928000  0.916000  0.932000  0.922000  0.926000  0.926000  0.924000  0.928000  0.928000  0.924000  0.922000  0.920000  0.930000  0.926000 

data =

  31x19 table

    rep    iter    sep    dim    rho     sparsity     acc     obj_prim    obj_dual    discov_true    discov_false    diff_x_tilde    diff_omega_op    diff_omega_ellone    diff_omega_frob    diff_omega_diag    time_isee    time_SDP          jobdate       
    ___    ____    ___    ___    ____    ________    _____    ________    ________    ___________    ____________    ____________    _____________    _________________    _______________    _______________    _________    ________    ____________________

    76       0      3     200    0.05       10       0.884          0           0          0              0                  0                0                  0                  0                  0               0            0     24-Mar-2024 19:06:45
    76       1      3     200    0.05       10       0.922    -2.0299     -2.0299         10              2             45.378          0.28824            0.49351             1.8826             1.3874           9.645       54.533     24-Mar-2024 19:06:45
    76       2      3     200    0.05       10        0.92    -1.7503     -1.7503         10              0             44.199          0.28157              0.629             1.8369             1.3169          9.7074       14.742     24-Mar-2024 19:06:45
    76       3      3     200    0.05       10       0.926    -1.8158     -1.8158         10              0             45.781          0.28212            0.58038             1.8973             1.3852          9.6431       37.987     24-Mar-2024 19:06:45
    76       4      3     200    0.05       10       0.924    -1.8268     -1.8268         10              0             44.321          0.28098            0.56106             1.8464             1.3393          9.7137       49.692     24-Mar-2024 19:06:45
    76       5      3     200    0.05       10       0.916    -1.7371     -1.7371         10              0             45.371          0.29185            0.57491             1.8835             1.3679          9.7452       50.026     24-Mar-2024 19:06:45
    76       6      3     200    0.05       10        0.92    -1.7195     -1.7195         10              0             45.383          0.27901            0.51198             1.8845             1.3998          9.7643       47.618     24-Mar-2024 19:06:45
    76       7      3     200    0.05       10       0.926    -1.7732     -1.7732         10              0             44.363          0.27382             0.4957             1.8435             1.3456          9.6289       16.016     24-Mar-2024 19:06:45
    76       8      3     200    0.05       10       0.922    -1.7371     -1.7371         10              0             44.607          0.27529             0.4974             1.8526             1.3251          9.6658       44.829     24-Mar-2024 19:06:45
    76       9      3     200    0.05       10       0.924    -1.7692     -1.7692         10              0             45.485          0.28422            0.64034             1.8838             1.3519          9.7421       46.342     24-Mar-2024 19:06:45
    76      10      3     200    0.05       10       0.928    -1.7543     -1.7543         10              0             44.576          0.27913            0.52477             1.8481             1.3341          9.6961       19.607     24-Mar-2024 19:06:45
    76      11      3     200    0.05       10       0.926    -1.7335     -1.7335         10              0             45.614          0.28652            0.57985             1.8854             1.3481          9.5716       44.261     24-Mar-2024 19:06:45
    76      12      3     200    0.05       10       0.926    -1.7254     -1.7254         10              0             45.126          0.28649            0.62706             1.8686             1.3448          9.6228       19.235     24-Mar-2024 19:06:45
    76      13      3     200    0.05       10       0.926    -1.7288     -1.7288         10              0             45.599          0.28406            0.54191             1.8842             1.3607          9.7335       53.312     24-Mar-2024 19:06:45
    76      14      3     200    0.05       10       0.918    -1.7997     -1.7997         10              0             44.684          0.28041            0.51965             1.8578             1.3055          9.7345       24.483     24-Mar-2024 19:06:45
    76      15      3     200    0.05       10       0.928    -1.8029     -1.8029         10              0              45.42          0.29247            0.60022             1.8789             1.3461          9.6989        35.65     24-Mar-2024 19:06:45
    76      16      3     200    0.05       10        0.91    -1.7992     -1.7992         10              0             45.307           0.2879            0.62693             1.8734             1.3542          9.5816       34.746     24-Mar-2024 19:06:45
    76      17      3     200    0.05       10       0.928    -1.8301     -1.8301         10              0             45.436          0.28662            0.64102             1.8881             1.3577           9.724       47.493     24-Mar-2024 19:06:45
    76      18      3     200    0.05       10       0.916    -1.7444     -1.7444         10              0             45.161          0.27544            0.56172             1.8742             1.3505          9.6716       41.447     24-Mar-2024 19:06:45
    76      19      3     200    0.05       10       0.932    -1.7644     -1.7644         10              0             44.919          0.28327            0.51375             1.8662              1.337          9.7351       17.281     24-Mar-2024 19:06:45
    76      20      3     200    0.05       10       0.922    -1.8162     -1.8162         10              0             43.731          0.27951            0.50695             1.8256              1.302          9.6682       27.205     24-Mar-2024 19:06:45
    76      21      3     200    0.05       10       0.926    -1.7782     -1.7782         10              0             44.483          0.27888            0.65051              1.851             1.3494          9.7189       36.283     24-Mar-2024 19:06:45
    76      22      3     200    0.05       10       0.926     -1.706      -1.706         10              0             45.107          0.27394            0.54766             1.8681             1.3399           9.708       94.837     24-Mar-2024 19:06:45
    76      23      3     200    0.05       10       0.924    -1.7824     -1.7824         10              0             44.746          0.27556            0.53125             1.8623              1.339          9.7499       53.954     24-Mar-2024 19:06:45
    76      24      3     200    0.05       10       0.928    -1.7812     -1.7812         10              0             45.594          0.28824            0.62726              1.888             1.3584          9.6741       23.908     24-Mar-2024 19:06:45
    76      25      3     200    0.05       10       0.928    -1.7562     -1.7562         10              0             45.246          0.29078            0.55712             1.8773             1.3632          9.7048       51.372     24-Mar-2024 19:06:45
    76      26      3     200    0.05       10       0.924    -1.7862     -1.7861         10              0             45.209          0.27586            0.54379              1.877             1.3494           9.673        22.81     24-Mar-2024 19:06:45
    76      27      3     200    0.05       10       0.922    -1.7547     -1.7547         10              0              44.52          0.28279            0.57782             1.8504             1.3278          9.5833       21.432     24-Mar-2024 19:06:45
    76      28      3     200    0.05       10        0.92    -1.7842     -1.7842         10              0             44.634          0.28418            0.52228             1.8588             1.3299          9.6256       68.454     24-Mar-2024 19:06:45
    76      29      3     200    0.05       10        0.93    -1.8103     -1.8103         10              0             46.022          0.28907            0.67778             1.8978             1.3722          9.6264       27.938     24-Mar-2024 19:06:45
    76      30      3     200    0.05       10       0.926     -1.697      -1.697         10              0             45.553           0.2848            0.53267             1.8805             1.3635          9.7352       42.764     24-Mar-2024 19:06:45


conn = 

  sqlite with properties:

      Database: '/home1/jongminm/sparse_kmeans/sparse_kmeans.db'
    IsReadOnly: 0
    AutoCommit: 'on'

