==========================================
SLURM_JOB_ID = 25522953
SLURM_JOB_NODELIST = a04-08
TMPDIR = /tmp/SLURM_25522953
==========================================
hello
Starting parallel pool (parpool) ...
Connected to the parallel pool (number of workers: 15).

pool = 

 ProcessPool with properties: 

            Connected: true
           NumWorkers: 15
                 Busy: false
              Cluster: Local
        AttachedFiles: {}
    AutoAddClientPath: true
            FileStore: [1x1 parallel.FileStore]
           ValueStore: [1x1 parallel.ValueStore]
          IdleTimeout: 30 minutes (30 minutes remaining)
          SpmdEnabled: true


dimension =

        1500


separation =

     4


sample_size =

   200


table_name =

    'iso_sdp'


db_dir =

    '/home1/jongminm/sparse_kmeans/sparse_kmeans.db'


rho =

     0


full_run =

  logical

   0


blfs = 

  block_replication_for_server with properties:

          table_name: 'iso_sdp'
              db_dir: '/home1/jongminm/sparse_kmeans/sparse_kmeans.db'
      data_generator: [1x1 sparse_symmetric_data_generator]
      number_cluster: 2
          n_iter_max: 100
    window_size_half: 2
         sample_size: 200
         init_method: "sdp"
        cluster_true: []
             learner: []
            run_full: 0
     matrix_sparsity: 0
            data_obj: @data_gaussian

replication: (117)th 

  breakyes = 1.0,  maxresidual < 1.00e-04  breakyes=1.0,  maxresidual < 1.00e-06
1 th thresholding


cutoff =

    0.5415


11 entries survived 
solving SDP...  breakyes = 1.0,  maxresidual < 1.00e-04  breakyes=1.3,  maxresidual < 1.00e-06took 5.042384s, relaxed dual: -11.513358, original: 839.303716 

is_stop =

  logical

   0


final_iter =

     1


2 th thresholding


cutoff =

    0.5411


11 entries survived 
solving SDP...  breakyes = 1.0,  maxresidual < 1.00e-04  breakyes=1.4,  maxresidual < 1.00e-06took 5.080602s, relaxed dual: -4.036588, original: 842.742777 

is_stop =

  logical

   0


final_iter =

     1


3 th thresholding


cutoff =

    0.5410


10 entries survived 
solving SDP...  breakyes=1.3,  maxresidual < 1.00e-06took 5.319909s, relaxed dual: -4.226353, original: 835.130607 

is_stop =

  logical

   0


final_iter =

     1


4 th thresholding


cutoff =

    0.5411


11 entries survived 
solving SDP...  breakyes = 1.0,  maxresidual < 1.00e-04  breakyes=1.4,  maxresidual < 1.00e-06took 4.901680s, relaxed dual: -4.036588, original: 842.742777 

is_stop =

  logical

   0


final_iter =

     1


5 th thresholding


cutoff =

    0.5410


10 entries survived 
solving SDP...  breakyes=1.3,  maxresidual < 1.00e-06took 4.648626s, relaxed dual: -4.226353, original: 835.130607 

is_stop =

  logical

   0


final_iter =

     1


6 th thresholding


cutoff =

    0.5411


11 entries survived 
solving SDP...  breakyes = 1.0,  maxresidual < 1.00e-04  breakyes=1.4,  maxresidual < 1.00e-06took 4.945197s, relaxed dual: -4.036588, original: 842.742777 

change =

         0
   -0.0470
         0
   -0.0470
         0


change =

         0
    0.0090
         0
    0.0090
         0


is_stop =

  logical

   1


final_iter =

     4


 final iteration = 4 
acc_dict = 

  Map with properties:

        Count: 5
      KeyType: double
    ValueType: double


ans =

  1x5 cell array

    {[0.8250]}    {[0.9450]}    {[0.9600]}    {[0.9450]}    {[0.9600]}


ans =

  1x5 cell array

  Columns 1 through 3

    {'1,2,2,2,2,2,2,...'}    {'2,2,2,2,2,2,2,...'}    {'2,2,2,2,2,2,2,...'}

  Columns 4 through 5

    {'1,1,1,1,1,1,1,...'}    {'2,2,2,2,2,2,2,...'}


database_subtable =

  5x24 table

    rep    iter    sep    dim     rho    sparsity    stop_og    stop_sdp    stop_loop     acc     obj_prim    obj_dual    obj_original    true_pos    false_pos    false_neg    diff_x_tilde_fro    diff_x_tilde_op    diff_x_tilde_ellone    time_est    time_SDP          jobdate                survived_indices                                                                                                                                                                                                             cluster_est                                                                                                                                                                                                   
    ___    ____    ___    ____    ___    ________    _______    ________    _________    _____    ________    ________    ____________    ________    _________    _________    ________________    _______________    ___________________    ________    ________    ____________________    ___________________________    _________________________________________________________________________________________________________________________________________________________________________________________________________________________________________________________________________________________________________________________________________________________________________________________________________________

    117     0       4     1500     0        10        false      false        false      0.825          0           0             0           0           0            0               0                   0                    0                    0          0     11-Sep-2024 01:11:27    ""                             "1,2,2,2,2,2,2,2,2,1,2,2,2,1,1,1,1,2,2,2,2,2,2,2,2,2,2,1,2,2,2,1,2,2,2,2,2,2,1,2,2,1,2,2,2,2,2,1,2,2,1,2,2,1,1,2,2,2,2,2,2,2,2,2,2,2,1,1,2,2,2,2,2,2,1,2,2,2,2,2,2,2,2,2,2,2,2,2,2,1,2,2,2,2,2,2,2,1,1,2,1,1,1,2,1,1,1,1,1,1,1,1,1,2,1,1,1,2,1,1,1,1,1,1,2,1,1,2,1,1,1,1,1,1,1,1,1,1,1,1,1,1,2,1,1,1,2,1,1,1,1,2,1,1,1,1,1,1,1,1,1,1,1,1,1,1,1,1,1,1,2,1,1,1,1,2,1,1,1,1,2,1,1,1,1,1,2,1,1,1,1,1,1,1,2,1,2,2,1,1"
    117     1       4     1500     0        10        false      false        false      0.945    -11.513     -11.513         839.3          10           1            0               0                   0                    0             0.013726     5.0424     11-Sep-2024 01:11:27    "1,2,3,4,5,6,7,8,9,10,50"      "2,2,2,2,2,2,2,2,1,2,2,2,2,2,2,2,2,2,2,2,2,2,2,2,2,2,2,1,2,2,2,2,2,2,2,2,2,2,2,2,2,2,2,2,2,2,1,2,2,2,2,2,2,2,1,1,2,2,2,2,2,2,2,2,2,2,1,2,2,2,2,2,2,2,2,2,2,2,2,2,2,2,2,2,2,2,2,2,2,2,2,2,1,2,2,2,2,2,2,2,1,1,1,1,1,1,1,1,1,1,1,1,1,1,1,1,1,2,1,1,1,1,1,1,1,1,1,1,1,1,1,1,1,1,1,1,1,1,1,1,1,1,1,1,1,1,1,1,1,1,1,2,1,1,1,1,1,1,1,1,1,1,1,1,1,1,1,1,1,1,1,1,1,1,1,1,1,1,1,1,1,1,1,1,1,1,1,2,1,1,1,1,1,1,2,1,1,1,1,1"
    117     2       4     1500     0        10        true       false        false       0.96    -4.0366     -4.0366        842.74          10           1            0               0                   0                    0             0.004976     5.0806     11-Sep-2024 01:11:27    "1,2,3,4,5,6,7,8,9,10,1385"    "2,2,2,2,2,2,2,2,1,2,2,2,2,2,2,2,2,2,2,2,2,2,2,2,2,2,2,1,2,2,2,2,2,2,2,2,2,2,2,2,2,2,2,2,2,2,1,2,2,2,2,2,2,2,1,2,2,2,2,2,2,2,2,2,2,2,1,2,2,2,2,2,2,2,2,2,2,2,2,2,2,2,2,2,2,2,2,2,2,2,2,2,2,2,2,2,2,2,2,2,1,1,1,1,1,1,1,1,1,1,1,1,1,1,1,1,1,2,1,1,1,1,1,1,1,1,1,1,1,1,1,1,1,1,1,1,1,1,1,1,1,1,1,1,1,1,1,1,1,1,1,1,1,1,1,1,1,1,1,1,1,1,1,1,1,1,1,1,1,1,1,1,1,1,1,1,1,1,1,1,1,1,1,1,1,1,1,2,1,1,1,1,1,1,2,1,1,1,1,1"
    117     3       4     1500     0        10        false      false        false      0.945    -4.2264     -4.2264        835.13          10           0            0               0                   0                    0             0.006937     5.3199     11-Sep-2024 01:11:27    "1,2,3,4,5,6,7,8,9,10"         "1,1,1,1,1,1,1,1,2,1,1,1,1,1,1,1,1,1,1,1,1,1,1,1,1,1,1,2,1,1,1,1,1,1,1,1,1,1,1,1,1,1,1,1,1,1,2,1,1,1,1,1,1,1,2,2,1,1,1,1,1,1,1,1,1,1,2,1,1,1,1,1,1,1,1,1,1,1,1,1,1,1,1,1,1,1,1,1,1,1,1,1,2,1,1,1,1,1,1,1,2,2,2,2,2,2,2,2,2,2,2,2,2,2,2,2,2,1,2,2,2,2,2,2,2,2,2,2,2,2,2,2,2,2,2,2,2,2,2,2,2,2,2,2,2,2,2,2,2,2,2,1,2,2,2,2,2,2,2,2,2,2,2,2,2,2,2,2,2,2,2,2,2,2,2,2,2,2,2,2,2,2,2,2,2,2,2,1,2,2,2,2,2,2,1,2,2,2,2,2"
    117     4       4     1500     0        10        false      false        true        0.96    -4.0366     -4.0366        842.74          10           1            0               0                   0                    0             0.003296     4.9017     11-Sep-2024 01:11:27    "1,2,3,4,5,6,7,8,9,10,1385"    "2,2,2,2,2,2,2,2,1,2,2,2,2,2,2,2,2,2,2,2,2,2,2,2,2,2,2,1,2,2,2,2,2,2,2,2,2,2,2,2,2,2,2,2,2,2,1,2,2,2,2,2,2,2,1,2,2,2,2,2,2,2,2,2,2,2,1,2,2,2,2,2,2,2,2,2,2,2,2,2,2,2,2,2,2,2,2,2,2,2,2,2,2,2,2,2,2,2,2,2,1,1,1,1,1,1,1,1,1,1,1,1,1,1,1,1,1,2,1,1,1,1,1,1,1,1,1,1,1,1,1,1,1,1,1,1,1,1,1,1,1,1,1,1,1,1,1,1,1,1,1,1,1,1,1,1,1,1,1,1,1,1,1,1,1,1,1,1,1,1,1,1,1,1,1,1,1,1,1,1,1,1,1,1,1,1,1,2,1,1,1,1,1,1,2,1,1,1,1,1"


blfs = 

  block_replication_for_server with properties:

          table_name: 'iso_sdp'
              db_dir: '/home1/jongminm/sparse_kmeans/sparse_kmeans.db'
      data_generator: [1x1 sparse_symmetric_data_generator]
      number_cluster: 2
          n_iter_max: 100
    window_size_half: 2
         sample_size: 200
         init_method: "sdp"
        cluster_true: []
             learner: []
            run_full: 0
     matrix_sparsity: 0
            data_obj: @data_gaussian

replication: (118)th 

  breakyes = 1.0,  maxresidual < 1.00e-04  breakyes=1.0,  maxresidual < 1.00e-06
1 th thresholding


cutoff =

    0.5413


10 entries survived 
solving SDP...  breakyes=1.3,  maxresidual < 1.00e-06took 5.452754s, relaxed dual: -8.803550, original: 810.696195 

is_stop =

  logical

   0


final_iter =

     1


2 th thresholding


cutoff =

    0.5409


10 entries survived 
solving SDP...  breakyes = 1.0,  maxresidual < 1.00e-04  breakyes=1.4,  maxresidual < 1.00e-06took 4.543052s, relaxed dual: -3.170090, original: 809.462342 

is_stop =

  logical

   0


final_iter =

     1


3 th thresholding


cutoff =

    0.5411


10 entries survived 
solving SDP...  breakyes = 1.0,  maxresidual < 1.00e-04  breakyes=1.4,  maxresidual < 1.00e-06took 7.074489s, relaxed dual: -3.193440, original: 810.696195 

is_stop =

  logical

   1


final_iter =

     3


 final iteration = 3 
acc_dict = 

  Map with properties:

        Count: 4
      KeyType: double
    ValueType: double


ans =

  1x4 cell array

    {[0.8700]}    {[0.9750]}    {[0.9750]}    {[0.9750]}


ans =

  1x4 cell array

  Columns 1 through 3

    {'2,2,2,2,2,2,2,...'}    {'2,2,2,2,2,2,2,...'}    {'1,1,1,1,1,1,1,...'}

  Column 4

    {'1,1,1,1,1,1,1,...'}


database_subtable =

  4x24 table

    rep    iter    sep    dim     rho    sparsity    stop_og    stop_sdp    stop_loop     acc     obj_prim    obj_dual    obj_original    true_pos    false_pos    false_neg    diff_x_tilde_fro    diff_x_tilde_op    diff_x_tilde_ellone    time_est    time_SDP          jobdate              survived_indices                                                                                                                                                                                                          cluster_est                                                                                                                                                                                                   
    ___    ____    ___    ____    ___    ________    _______    ________    _________    _____    ________    ________    ____________    ________    _________    _________    ________________    _______________    ___________________    ________    ________    ____________________    ______________________    _________________________________________________________________________________________________________________________________________________________________________________________________________________________________________________________________________________________________________________________________________________________________________________________________________________

    118     0       4     1500     0        10        false      false        false       0.87          0           0             0           0           0            0               0                   0                    0                    0          0     11-Sep-2024 01:12:17    ""                        "2,2,2,2,2,2,2,2,2,1,2,1,2,2,1,2,2,2,2,2,2,2,2,2,2,1,2,2,2,2,2,2,2,2,2,2,2,1,2,2,2,2,2,2,2,2,1,2,2,2,2,2,2,1,2,2,2,2,2,2,2,2,2,1,2,2,2,2,2,2,2,2,2,2,2,2,2,2,2,2,2,2,2,2,2,2,2,2,2,2,2,1,2,2,1,2,2,2,1,2,1,1,1,1,1,1,1,2,1,1,1,2,1,1,1,1,1,1,1,1,1,1,2,2,1,1,1,1,1,1,1,1,1,1,2,1,1,1,1,1,1,1,1,1,1,1,1,1,2,1,1,1,1,1,2,2,2,1,1,1,1,1,1,1,2,1,1,1,1,2,1,1,1,1,1,1,2,1,1,1,1,1,1,1,2,1,1,1,2,1,1,1,2,1,1,1,1,1,1,1"
    118     1       4     1500     0        10        false      false        false      0.975    -8.8036     -8.8036         810.7          10           0            0               0                   0                    0             0.003486     5.4528     11-Sep-2024 01:12:17    "1,2,3,4,5,6,7,8,9,10"    "2,2,2,2,2,2,2,2,2,2,2,2,2,2,2,2,2,2,2,2,2,2,2,2,2,2,2,2,2,2,2,2,2,2,2,2,2,2,2,2,2,2,2,1,2,2,2,2,2,2,2,2,2,2,2,2,2,2,2,2,2,2,2,2,1,2,2,2,2,2,2,2,2,2,2,2,2,2,2,2,2,2,2,2,2,2,2,2,2,2,2,2,2,2,2,2,2,2,2,2,1,1,1,1,1,1,1,1,1,1,1,1,1,1,1,1,1,1,1,1,2,1,1,1,1,1,1,1,1,1,1,1,1,1,1,1,1,1,1,1,1,1,1,1,1,1,1,1,1,1,1,1,1,1,2,1,1,1,1,1,1,1,1,1,1,1,1,1,1,1,1,1,1,1,1,1,1,1,1,2,1,1,1,1,1,1,1,1,1,1,1,1,1,1,1,1,1,1,1,1"
    118     2       4     1500     0        10        true       false        false      0.975    -3.1701     -3.1701        809.46          10           0            0               0                   0                    0             0.001134     4.5431     11-Sep-2024 01:12:17    "1,2,3,4,5,6,7,8,9,10"    "1,1,1,1,1,1,1,1,1,1,1,1,1,1,1,1,1,1,1,1,1,1,1,1,1,1,1,1,1,1,1,1,1,1,1,1,1,1,1,1,1,1,1,2,1,1,1,1,1,1,1,1,1,1,1,1,1,1,1,1,1,1,1,1,1,1,1,1,1,1,1,1,1,1,1,1,1,1,1,1,1,1,1,1,1,1,1,1,1,1,1,1,1,1,1,1,1,1,1,1,2,2,2,2,2,2,2,2,2,2,2,2,2,2,2,2,2,2,2,2,1,2,2,2,2,2,2,2,2,2,2,2,2,2,2,2,2,2,2,2,2,2,2,2,2,2,2,2,2,2,2,2,2,2,1,2,2,2,2,2,2,2,2,2,2,2,2,2,2,2,2,2,2,2,2,2,2,2,2,1,2,2,2,2,2,2,2,2,1,2,2,2,2,2,2,2,2,2,2,2"
    118     3       4     1500     0        10        false      true         false      0.975    -3.1934     -3.1934         810.7          10           0            0               0                   0                    0             0.001582     7.0745     11-Sep-2024 01:12:17    "1,2,3,4,5,6,7,8,9,10"    "1,1,1,1,1,1,1,1,1,1,1,1,1,1,1,1,1,1,1,1,1,1,1,1,1,1,1,1,1,1,1,1,1,1,1,1,1,1,1,1,1,1,1,2,1,1,1,1,1,1,1,1,1,1,1,1,1,1,1,1,1,1,1,1,2,1,1,1,1,1,1,1,1,1,1,1,1,1,1,1,1,1,1,1,1,1,1,1,1,1,1,1,1,1,1,1,1,1,1,1,2,2,2,2,2,2,2,2,2,2,2,2,2,2,2,2,2,2,2,2,1,2,2,2,2,2,2,2,2,2,2,2,2,2,2,2,2,2,2,2,2,2,2,2,2,2,2,2,2,2,2,2,2,2,1,2,2,2,2,2,2,2,2,2,2,2,2,2,2,2,2,2,2,2,2,2,2,2,2,1,2,2,2,2,2,2,2,2,2,2,2,2,2,2,2,2,2,2,2,2"


blfs = 

  block_replication_for_server with properties:

          table_name: 'iso_sdp'
              db_dir: '/home1/jongminm/sparse_kmeans/sparse_kmeans.db'
      data_generator: [1x1 sparse_symmetric_data_generator]
      number_cluster: 2
          n_iter_max: 100
    window_size_half: 2
         sample_size: 200
         init_method: "sdp"
        cluster_true: []
             learner: []
            run_full: 0
     matrix_sparsity: 0
            data_obj: @data_gaussian

replication: (119)th 

  breakyes = 1.0,  maxresidual < 1.00e-04  breakyes=1.0,  maxresidual < 1.00e-06
1 th thresholding


cutoff =

    0.5411


10 entries survived 
solving SDP...  breakyes=1.4,  maxresidual < 1.00e-06took 5.404391s, relaxed dual: -8.884287, original: 821.278789 

is_stop =

  logical

   0


final_iter =

     1


2 th thresholding


cutoff =

    0.5413


10 entries survived 
solving SDP...  breakyes=1.0,  maxresidual < 1.00e-06took 3.103440s, relaxed dual: -3.955731, original: 817.093997 

is_stop =

  logical

   0


final_iter =

     1


3 th thresholding


cutoff =

    0.5411


10 entries survived 
solving SDP...  breakyes=1.0,  maxresidual < 1.00e-06took 2.196720s, relaxed dual: -4.051624, original: 821.278789 

is_stop =

  logical

   0


final_iter =

     1


4 th thresholding


cutoff =

    0.5413


10 entries survived 
solving SDP...  breakyes=1.0,  maxresidual < 1.00e-06took 3.190937s, relaxed dual: -3.955731, original: 817.093997 

is_stop =

  logical

   0


final_iter =

     1


5 th thresholding


cutoff =

    0.5411


10 entries survived 
solving SDP...  breakyes=1.0,  maxresidual < 1.00e-06took 2.048215s, relaxed dual: -4.051624, original: 821.278789 

is_stop =

  logical

   0


final_iter =

     1


6 th thresholding


cutoff =

    0.5413


10 entries survived 
solving SDP...  breakyes=1.0,  maxresidual < 1.00e-06took 2.455989s, relaxed dual: -3.955731, original: 817.093997 

change =

         0
   -0.0242
         0
   -0.0242
         0


change =

         0
    0.0051
         0
    0.0051
         0


is_stop =

  logical

   1


final_iter =

     4


 final iteration = 4 
acc_dict = 

  Map with properties:

        Count: 5
      KeyType: double
    ValueType: double


ans =

  1x5 cell array

    {[0.8750]}    {[0.9700]}    {[0.9650]}    {[0.9700]}    {[0.9650]}


ans =

  1x5 cell array

  Columns 1 through 3

    {'2,2,2,1,2,2,2,...'}    {'2,2,2,2,2,2,2,...'}    {'2,2,2,2,2,2,2,...'}

  Columns 4 through 5

    {'2,2,2,2,2,2,2,...'}    {'2,2,2,2,2,2,2,...'}


database_subtable =

  5x24 table

    rep    iter    sep    dim     rho    sparsity    stop_og    stop_sdp    stop_loop     acc     obj_prim    obj_dual    obj_original    true_pos    false_pos    false_neg    diff_x_tilde_fro    diff_x_tilde_op    diff_x_tilde_ellone    time_est    time_SDP          jobdate              survived_indices                                                                                                                                                                                                          cluster_est                                                                                                                                                                                                   
    ___    ____    ___    ____    ___    ________    _______    ________    _________    _____    ________    ________    ____________    ________    _________    _________    ________________    _______________    ___________________    ________    ________    ____________________    ______________________    _________________________________________________________________________________________________________________________________________________________________________________________________________________________________________________________________________________________________________________________________________________________________________________________________________________

    119     0       4     1500     0        10        false      false        false      0.875          0           0             0           0           0            0               0                   0                    0                    0          0     11-Sep-2024 01:12:45    ""                        "2,2,2,1,2,2,2,2,2,2,2,2,1,2,2,2,2,2,2,2,2,2,2,2,2,2,2,2,1,2,2,2,2,1,2,2,2,1,1,2,2,2,2,2,2,2,2,2,2,2,2,2,2,2,2,2,2,2,2,1,2,2,2,2,2,2,2,1,2,2,2,2,2,2,2,2,1,2,2,2,2,1,2,2,1,1,2,1,2,2,2,2,2,2,2,2,2,1,2,2,1,1,1,1,2,1,1,1,1,1,1,1,1,1,1,1,1,1,1,1,1,2,2,1,2,1,1,1,1,1,1,1,1,1,1,1,2,1,1,1,1,1,1,1,1,1,1,1,1,2,1,1,1,1,1,1,1,1,1,1,1,1,1,1,1,2,1,1,1,1,1,1,1,1,1,1,2,1,1,1,1,1,1,1,1,2,1,1,1,1,1,1,1,1,1,2,2,1,1,1"
    119     1       4     1500     0        10        false      false        false       0.97    -8.8843     -8.8843        821.28          10           0            0               0                   0                    0             0.001553     5.4044     11-Sep-2024 01:12:45    "1,2,3,4,5,6,7,8,9,10"    "2,2,2,2,2,2,2,2,2,2,2,2,2,2,2,2,2,2,2,2,2,2,2,2,2,2,2,2,2,2,2,2,2,2,2,2,2,2,2,2,2,2,2,2,2,2,2,2,2,2,2,2,2,2,2,2,2,2,2,2,2,2,2,2,2,2,2,2,2,2,2,2,2,2,2,2,2,2,2,2,2,1,2,2,2,2,2,2,2,2,2,2,2,2,2,2,2,2,2,2,1,1,1,1,1,1,2,1,1,1,1,1,1,1,1,1,1,1,1,1,2,1,2,1,1,1,1,1,1,1,1,1,1,1,1,1,1,2,1,1,1,1,1,1,1,1,1,1,1,1,1,1,2,1,1,1,1,1,1,1,1,1,1,1,1,1,1,1,1,1,1,1,1,1,1,1,1,1,1,1,1,1,1,1,1,1,1,1,1,1,1,1,1,1,1,1,1,1,1,1"
    119     2       4     1500     0        10        true       false        false      0.965    -3.9557     -3.9557        817.09          10           0            0               0                   0                    0             0.001282     3.1034     11-Sep-2024 01:12:45    "1,2,3,4,5,6,7,8,9,10"    "2,2,2,2,2,2,2,2,2,2,2,2,2,2,2,2,2,2,2,2,2,2,2,2,2,2,2,2,2,2,2,2,2,2,2,2,2,2,2,2,2,2,2,2,2,2,2,2,2,2,2,2,2,2,2,2,2,2,2,2,2,2,2,2,2,2,2,2,2,2,2,2,2,2,2,2,2,2,2,2,2,1,2,2,1,2,2,2,2,2,2,2,2,2,2,2,2,2,2,2,1,1,1,1,2,1,1,1,1,1,1,1,1,1,1,1,1,1,1,1,2,1,2,1,1,1,1,1,1,1,1,1,1,1,1,1,1,2,1,1,1,1,1,1,1,1,1,1,1,1,1,1,2,1,1,1,1,1,1,1,1,1,1,1,1,1,1,1,1,1,1,1,1,1,1,1,1,1,1,1,1,1,1,1,1,1,1,1,1,1,1,1,1,1,1,1,1,1,1,1"
    119     3       4     1500     0        10        false      false        false       0.97    -4.0516     -4.0516        821.28          10           0            0               0                   0                    0             0.001167     2.1967     11-Sep-2024 01:12:45    "1,2,3,4,5,6,7,8,9,10"    "2,2,2,2,2,2,2,2,2,2,2,2,2,2,2,2,2,2,2,2,2,2,2,2,2,2,2,2,2,2,2,2,2,2,2,2,2,2,2,2,2,2,2,2,2,2,2,2,2,2,2,2,2,2,2,2,2,2,2,2,2,2,2,2,2,2,2,2,2,2,2,2,2,2,2,2,2,2,2,2,2,1,2,2,2,2,2,2,2,2,2,2,2,2,2,2,2,2,2,2,1,1,1,1,1,1,2,1,1,1,1,1,1,1,1,1,1,1,1,1,2,1,2,1,1,1,1,1,1,1,1,1,1,1,1,1,1,2,1,1,1,1,1,1,1,1,1,1,1,1,1,1,2,1,1,1,1,1,1,1,1,1,1,1,1,1,1,1,1,1,1,1,1,1,1,1,1,1,1,1,1,1,1,1,1,1,1,1,1,1,1,1,1,1,1,1,1,1,1,1"
    119     4       4     1500     0        10        false      false        true       0.965    -3.9557     -3.9557        817.09          10           0            0               0                   0                    0             0.001316     3.1909     11-Sep-2024 01:12:45    "1,2,3,4,5,6,7,8,9,10"    "2,2,2,2,2,2,2,2,2,2,2,2,2,2,2,2,2,2,2,2,2,2,2,2,2,2,2,2,2,2,2,2,2,2,2,2,2,2,2,2,2,2,2,2,2,2,2,2,2,2,2,2,2,2,2,2,2,2,2,2,2,2,2,2,2,2,2,2,2,2,2,2,2,2,2,2,2,2,2,2,2,1,2,2,1,2,2,2,2,2,2,2,2,2,2,2,2,2,2,2,1,1,1,1,2,1,1,1,1,1,1,1,1,1,1,1,1,1,1,1,2,1,2,1,1,1,1,1,1,1,1,1,1,1,1,1,1,2,1,1,1,1,1,1,1,1,1,1,1,1,1,1,2,1,1,1,1,1,1,1,1,1,1,1,1,1,1,1,1,1,1,1,1,1,1,1,1,1,1,1,1,1,1,1,1,1,1,1,1,1,1,1,1,1,1,1,1,1,1,1"


blfs = 

  block_replication_for_server with properties:

          table_name: 'iso_sdp'
              db_dir: '/home1/jongminm/sparse_kmeans/sparse_kmeans.db'
      data_generator: [1x1 sparse_symmetric_data_generator]
      number_cluster: 2
          n_iter_max: 100
    window_size_half: 2
         sample_size: 200
         init_method: "sdp"
        cluster_true: []
             learner: []
            run_full: 0
     matrix_sparsity: 0
            data_obj: @data_gaussian

replication: (120)th 

  breakyes = 1.0,  maxresidual < 1.00e-04  breakyes=1.0,  maxresidual < 1.00e-06
1 th thresholding


cutoff =

    0.5415


11 entries survived 
solving SDP...  breakyes=1.4,  maxresidual < 1.00e-06took 4.311426s, relaxed dual: -13.087234, original: 801.509858 

is_stop =

  logical

   0


final_iter =

     1


2 th thresholding


cutoff =

    0.5409


10 entries survived 
solving SDP...  breakyes = 1.0,  maxresidual < 1.00e-04  breakyes=1.3,  maxresidual < 1.00e-06took 4.159501s, relaxed dual: -3.500040, original: 841.334961 

is_stop =

  logical

   0


final_iter =

     1


3 th thresholding


cutoff =

    0.5410


10 entries survived 
solving SDP...  breakyes = 1.0,  maxresidual < 1.00e-04  breakyes=1.4,  maxresidual < 1.00e-06took 3.946904s, relaxed dual: -3.528911, original: 846.493788 

is_stop =

  logical

   1


final_iter =

     3


 final iteration = 3 
acc_dict = 

  Map with properties:

        Count: 4
      KeyType: double
    ValueType: double


ans =

  1x4 cell array

    {[0.7650]}    {[0.9650]}    {[0.9600]}    {[0.9750]}


ans =

  1x4 cell array

  Columns 1 through 3

    {'1,2,1,1,1,2,1,...'}    {'2,2,2,2,2,2,2,...'}    {'1,1,1,1,1,1,1,...'}

  Column 4

    {'2,2,2,2,2,2,2,...'}


database_subtable =

  4x24 table

    rep    iter    sep    dim     rho    sparsity    stop_og    stop_sdp    stop_loop     acc     obj_prim    obj_dual    obj_original    true_pos    false_pos    false_neg    diff_x_tilde_fro    diff_x_tilde_op    diff_x_tilde_ellone    time_est    time_SDP          jobdate                 survived_indices                                                                                                                                                                                                              cluster_est                                                                                                                                                                                                   
    ___    ____    ___    ____    ___    ________    _______    ________    _________    _____    ________    ________    ____________    ________    _________    _________    ________________    _______________    ___________________    ________    ________    ____________________    _____________________________    _________________________________________________________________________________________________________________________________________________________________________________________________________________________________________________________________________________________________________________________________________________________________________________________________________________

    120     0       4     1500     0        10        false      false        false      0.765          0           0             0           0           0            0               0                   0                    0                    0          0     11-Sep-2024 01:13:07    ""                               "1,2,1,1,1,2,1,1,1,1,2,2,2,1,1,2,1,1,2,1,1,1,1,2,1,2,2,2,1,2,2,1,1,1,2,1,1,1,2,2,1,1,2,1,2,1,1,1,1,2,1,1,1,1,1,1,2,1,1,1,1,1,1,1,1,1,1,1,1,1,1,1,1,1,1,1,1,1,1,2,1,1,1,1,1,1,1,2,1,2,2,1,1,1,1,1,2,2,1,1,2,2,2,2,1,2,2,2,2,2,1,2,2,1,2,1,2,2,2,2,2,2,2,2,2,1,2,1,1,1,2,2,2,1,1,2,2,2,1,1,2,1,2,2,2,2,1,2,2,2,2,2,2,2,2,2,2,1,2,1,2,2,2,2,2,2,2,2,2,2,2,2,2,2,2,2,2,2,2,2,2,1,2,1,2,2,1,2,2,2,2,2,2,2,2,2,2,1,2,1"
    120     1       4     1500     0        10        false      false        false      0.965    -13.087     -13.087        801.51           9           2            1               0                   0                    0             0.001559     4.3114     11-Sep-2024 01:13:07    "1,2,4,5,6,7,8,9,10,151,1060"    "2,2,2,2,2,2,2,2,2,2,2,2,2,2,2,2,2,2,2,2,2,2,2,2,2,2,2,2,2,2,2,2,2,2,2,2,2,2,2,2,2,2,2,2,2,2,2,2,2,2,2,2,2,2,2,2,2,2,2,2,2,2,2,2,2,2,2,2,2,2,2,2,2,2,2,2,2,2,2,1,2,2,2,2,2,2,2,2,2,2,2,1,1,2,2,2,2,2,2,2,1,1,1,1,1,1,1,1,1,1,1,1,1,1,1,1,1,1,1,1,1,1,1,1,1,1,1,1,1,2,1,1,1,1,1,1,1,1,1,1,1,1,1,1,1,1,1,1,1,1,1,2,1,1,1,1,1,1,1,1,1,1,1,1,1,2,1,1,1,1,1,1,1,1,1,1,1,2,1,1,1,1,1,1,1,1,1,1,1,1,1,1,1,1,1,1,1,1,1,1"
    120     2       4     1500     0        10        false      false        false       0.96       -3.5        -3.5        841.33          10           0            0               0                   0                    0             0.001197     4.1595     11-Sep-2024 01:13:07    "1,2,3,4,5,6,7,8,9,10"           "1,1,1,1,1,1,1,1,1,1,1,1,1,1,1,1,1,1,1,1,1,1,1,1,1,1,1,1,1,1,1,1,1,1,1,1,1,1,1,1,1,1,1,1,1,1,1,1,1,1,1,1,1,1,1,1,1,1,1,1,1,1,1,1,1,1,1,1,1,1,1,1,1,1,1,1,1,1,1,2,1,1,1,1,1,1,1,1,1,1,1,2,2,1,1,1,1,1,1,1,2,2,2,2,2,2,2,2,2,2,2,2,2,2,2,2,2,2,2,2,2,2,2,2,2,2,2,2,2,2,2,2,2,2,2,2,2,2,2,2,2,2,2,2,2,1,2,2,2,2,2,1,2,2,2,2,2,2,2,2,2,2,2,2,2,1,2,2,2,2,2,2,2,2,2,2,2,1,2,2,2,2,1,2,2,2,2,2,2,2,2,2,2,2,2,2,2,2,2,2"
    120     3       4     1500     0        10        true       true         false      0.975    -3.5289     -3.5289        846.49          10           0            0               0                   0                    0             0.001475     3.9469     11-Sep-2024 01:13:07    "1,2,3,4,5,6,7,8,9,10"           "2,2,2,2,2,2,2,2,2,2,2,2,2,2,2,2,2,2,2,2,2,2,2,2,2,2,2,2,2,2,2,2,2,2,2,2,2,2,2,2,2,2,2,2,2,2,2,2,2,2,2,2,2,2,2,2,2,2,2,2,2,2,2,2,2,2,2,2,2,2,2,2,2,2,2,2,2,2,2,1,2,2,2,2,2,2,2,2,2,2,2,1,1,2,2,2,2,2,2,2,1,1,1,1,1,1,1,1,1,1,1,1,1,1,1,1,1,1,1,1,1,1,1,1,1,1,1,1,1,1,1,1,1,1,1,1,1,1,1,1,1,1,1,1,1,1,1,1,1,1,1,2,1,1,1,1,1,1,1,1,1,1,1,1,1,2,1,1,1,1,1,1,1,1,1,1,1,1,1,1,1,1,1,1,1,1,1,1,1,1,1,1,1,1,1,1,1,1,1,1"

