==========================================
SLURM_JOB_ID = 25533917
SLURM_JOB_NODELIST = b22-31
TMPDIR = /tmp/SLURM_25533917
==========================================
hello
Starting parallel pool (parpool) ...
Connected to the parallel pool (number of workers: 15).

pool = 

 ProcessPool with properties: 

            Connected: true
           NumWorkers: 15
                 Busy: false
              Cluster: Local
        AttachedFiles: {}
    AutoAddClientPath: true
            FileStore: [1x1 parallel.FileStore]
           ValueStore: [1x1 parallel.ValueStore]
          IdleTimeout: 30 minutes (30 minutes remaining)
          SpmdEnabled: true


dimension =

        3500


separation =

     5


sample_size =

   200


table_name =

    'iso_sdp'


db_dir =

    '/home1/jongminm/sparse_kmeans/sparse_kmeans.db'


rho =

     0


full_run =

  logical

   0


blfs = 

  block_replication_for_server with properties:

          table_name: 'iso_sdp'
              db_dir: '/home1/jongminm/sparse_kmeans/sparse_kmeans.db'
      data_generator: [1x1 sparse_symmetric_data_generator]
      number_cluster: 2
          n_iter_max: 100
    window_size_half: 2
         sample_size: 200
         init_method: "sdp"
        cluster_true: []
             learner: []
            run_full: 0
     matrix_sparsity: 0
            data_obj: @data_gaussian

replication: (73)th 

  breakyes = 1.0,  maxresidual < 1.00e-04  breakyes=1.0,  maxresidual < 1.00e-06
1 th thresholding


cutoff =

    0.5737


11 entries survived 
solving SDP...  breakyes=1.4,  maxresidual < 1.00e-06took 7.764389s, relaxed dual: -29.078894, original: 1340.759483 

is_stop =

  logical

   0


final_iter =

     1


2 th thresholding


cutoff =

    0.5718


10 entries survived 
solving SDP...  breakyes=1.3,  maxresidual < 1.00e-06took 6.241781s, relaxed dual: -6.252158, original: 1325.560204 

is_stop =

  logical

   0


final_iter =

     1


3 th thresholding


cutoff =

    0.5720


11 entries survived 
solving SDP...  breakyes=1.4,  maxresidual < 1.00e-06took 5.882785s, relaxed dual: -6.279052, original: 1343.012696 

is_stop =

  logical

   0


final_iter =

     1


4 th thresholding


cutoff =

    0.5720


11 entries survived 
solving SDP...  breakyes=1.4,  maxresidual < 1.00e-06took 6.077291s, relaxed dual: -6.279052, original: 1343.012696 

is_stop =

  logical

   1


final_iter =

     4


 final iteration = 4 
acc_dict = 

  Map with properties:

        Count: 5
      KeyType: double
    ValueType: double


ans =

  1x5 cell array

    {[0.8250]}    {[0.9800]}    {[0.9750]}    {[0.9750]}    {[0.9750]}


ans =

  1x5 cell array

  Columns 1 through 3

    {'2,1,1,2,2,1,2,...'}    {'1,1,1,1,1,1,1,...'}    {'2,2,2,2,2,2,2,...'}

  Columns 4 through 5

    {'2,2,2,2,2,2,2,...'}    {'2,2,2,2,2,2,2,...'}


database_subtable =

  5x24 table

    rep    iter    sep    dim     rho    sparsity    stop_og    stop_sdp    stop_loop     acc     obj_prim    obj_dual    obj_original    true_pos    false_pos    false_neg    diff_x_tilde_fro    diff_x_tilde_op    diff_x_tilde_ellone    time_est    time_SDP          jobdate                survived_indices                                                                                                                                                                                                             cluster_est                                                                                                                                                                                                   
    ___    ____    ___    ____    ___    ________    _______    ________    _________    _____    ________    ________    ____________    ________    _________    _________    ________________    _______________    ___________________    ________    ________    ____________________    ___________________________    _________________________________________________________________________________________________________________________________________________________________________________________________________________________________________________________________________________________________________________________________________________________________________________________________________________

    73      0       5     3500     0        10        false      false        false      0.825          0           0             0           0           0            0               0                   0                    0                    0          0     11-Sep-2024 13:36:16    ""                             "2,1,1,2,2,1,2,2,1,2,2,2,1,2,2,1,2,2,1,2,2,1,1,2,2,2,2,1,2,2,2,2,2,2,2,2,2,2,2,2,2,2,2,2,2,2,2,1,2,2,2,2,2,2,2,2,2,2,2,2,2,2,2,2,2,1,1,2,1,1,2,2,2,2,1,2,2,2,2,2,2,1,2,2,2,2,2,1,2,2,1,2,2,2,2,1,2,2,1,1,1,1,1,1,1,1,1,1,1,1,2,1,1,1,1,1,2,1,2,1,2,1,1,1,1,1,1,1,1,1,1,2,1,1,1,1,1,1,1,1,1,1,1,1,1,1,1,1,1,2,1,1,1,1,1,1,1,2,1,1,1,1,2,1,1,1,1,1,2,1,1,1,1,1,1,1,1,1,1,1,2,1,2,1,1,2,1,1,1,1,1,1,1,1,1,1,1,1,1,2"
    73      1       5     3500     0        10        false      false        false       0.98    -29.079     -29.079        1340.8          10           1            0               0                   0                    0             0.017731     7.7644     11-Sep-2024 13:36:16    "1,2,3,4,5,6,7,8,9,10,1673"    "1,1,1,1,1,1,1,1,1,1,1,1,1,1,1,1,1,1,1,1,1,1,1,1,1,1,1,1,1,1,1,1,1,1,1,1,1,1,1,1,1,1,1,2,1,1,1,2,1,1,2,1,1,1,1,1,1,1,1,1,1,1,2,1,1,1,1,1,1,1,1,1,1,1,1,1,1,1,1,1,1,1,1,1,1,1,1,1,1,1,1,1,1,1,1,1,1,1,1,1,2,2,2,2,2,2,2,2,2,2,2,2,2,2,2,2,2,2,2,2,2,2,2,2,2,2,2,2,2,2,2,2,2,2,2,2,2,2,2,2,2,2,2,2,2,2,2,2,2,2,2,2,2,2,2,2,2,2,2,2,2,2,2,2,2,2,2,2,2,2,2,2,2,2,2,2,2,2,2,2,2,2,2,2,2,2,2,2,2,2,2,2,2,2,2,2,2,2,2,2"
    73      2       5     3500     0        10        false      false        false      0.975    -6.2521     -6.2522        1325.6          10           0            0               0                   0                    0             0.014377     6.2418     11-Sep-2024 13:36:16    "1,2,3,4,5,6,7,8,9,10"         "2,2,2,2,2,2,2,2,2,2,2,2,2,2,2,2,2,2,2,2,2,2,2,2,2,2,2,2,2,2,2,2,2,2,2,2,2,2,2,2,2,2,2,1,2,2,2,1,2,2,1,2,2,2,2,2,2,2,2,2,2,2,1,2,2,2,2,2,2,2,2,2,2,2,2,2,2,2,2,2,2,1,2,2,2,2,2,2,2,2,2,2,2,2,2,2,2,2,2,2,1,1,1,1,1,1,1,1,1,1,1,1,1,1,1,1,1,1,1,1,1,1,1,1,1,1,1,1,1,1,1,1,1,1,1,1,1,1,1,1,1,1,1,1,1,1,1,1,1,1,1,1,1,1,1,1,1,1,1,1,1,1,1,1,1,1,1,1,1,1,1,1,1,1,1,1,1,1,1,1,1,1,1,1,1,1,1,1,1,1,1,1,1,1,1,1,1,1,1,1"
    73      3       5     3500     0        10        false      true         false      0.975    -6.2791     -6.2791          1343          10           1            0               0                   0                    0             0.017662     5.8828     11-Sep-2024 13:36:16    "1,2,3,4,5,6,7,8,9,10,1954"    "2,2,2,2,2,2,2,2,2,2,2,2,2,2,2,2,2,2,2,2,2,2,2,2,2,2,2,2,2,2,2,2,2,2,2,2,2,2,2,2,2,2,2,1,2,2,2,1,2,2,1,2,2,2,2,2,2,2,2,2,2,2,1,2,2,2,2,2,2,2,2,2,2,2,2,2,2,2,2,2,2,1,2,2,2,2,2,2,2,2,2,2,2,2,2,2,2,2,2,2,1,1,1,1,1,1,1,1,1,1,1,1,1,1,1,1,1,1,1,1,1,1,1,1,1,1,1,1,1,1,1,1,1,1,1,1,1,1,1,1,1,1,1,1,1,1,1,1,1,1,1,1,1,1,1,1,1,1,1,1,1,1,1,1,1,1,1,1,1,1,1,1,1,1,1,1,1,1,1,1,1,1,1,1,1,1,1,1,1,1,1,1,1,1,1,1,1,1,1,1"
    73      4       5     3500     0        10        true       false        false      0.975    -6.2791     -6.2791          1343          10           1            0               0                   0                    0             0.005135     6.0773     11-Sep-2024 13:36:16    "1,2,3,4,5,6,7,8,9,10,1954"    "2,2,2,2,2,2,2,2,2,2,2,2,2,2,2,2,2,2,2,2,2,2,2,2,2,2,2,2,2,2,2,2,2,2,2,2,2,2,2,2,2,2,2,1,2,2,2,1,2,2,1,2,2,2,2,2,2,2,2,2,2,2,1,2,2,2,2,2,2,2,2,2,2,2,2,2,2,2,2,2,2,1,2,2,2,2,2,2,2,2,2,2,2,2,2,2,2,2,2,2,1,1,1,1,1,1,1,1,1,1,1,1,1,1,1,1,1,1,1,1,1,1,1,1,1,1,1,1,1,1,1,1,1,1,1,1,1,1,1,1,1,1,1,1,1,1,1,1,1,1,1,1,1,1,1,1,1,1,1,1,1,1,1,1,1,1,1,1,1,1,1,1,1,1,1,1,1,1,1,1,1,1,1,1,1,1,1,1,1,1,1,1,1,1,1,1,1,1,1,1"

db insertion failed
blfs = 

  block_replication_for_server with properties:

          table_name: 'iso_sdp'
              db_dir: '/home1/jongminm/sparse_kmeans/sparse_kmeans.db'
      data_generator: [1x1 sparse_symmetric_data_generator]
      number_cluster: 2
          n_iter_max: 100
    window_size_half: 2
         sample_size: 200
         init_method: "sdp"
        cluster_true: []
             learner: []
            run_full: 0
     matrix_sparsity: 0
            data_obj: @data_gaussian

replication: (74)th 

  breakyes = 1.0,  maxresidual < 1.00e-04  breakyes=1.0,  maxresidual < 1.00e-06
1 th thresholding


cutoff =

    0.5714


1 entries survived 
solving SDP...  breakyes = 1.0,  maxresidual < 1.00e-04  breakyes=2.0,  primfeasorg*dualfeasorg < 1.00e-14took 19.547575s, relaxed dual: -1.807721, original: 223.587433 

is_stop =

  logical

   0


final_iter =

     1


2 th thresholding


cutoff =

    0.5714


9 entries survived 
solving SDP...  breakyes=1.3,  maxresidual < 1.00e-06took 5.560079s, relaxed dual: -29.990417, original: 1164.475603 

is_stop =

  logical

   0


final_iter =

     1


3 th thresholding


cutoff =

    0.5714


10 entries survived 
solving SDP...  breakyes = 1.0,  maxresidual < 1.00e-04  breakyes=1.0,  maxresidual < 1.00e-06took 1.793580s, relaxed dual: -5.853950, original: 1280.868377 

is_stop =

  logical

   0


final_iter =

     1


4 th thresholding


cutoff =

    0.5714


10 entries survived 
solving SDP...  breakyes=3.1,  primfeasorg deteriorated too much: primfeasorg=3.13e-06,dualfeasorg=2.61e-06took 4.310179s, relaxed dual: -6.031819, original: 1286.359995 

is_stop =

  logical

   0


final_iter =

     1


5 th thresholding


cutoff =

    0.5714


10 entries survived 
solving SDP...  breakyes=1.3,  maxresidual < 1.00e-06took 6.339255s, relaxed dual: -5.833087, original: 1285.254766 

is_stop =

  logical

   0


final_iter =

     1


6 th thresholding


cutoff =

    0.5713


10 entries survived 
solving SDP...  breakyes = 1.0,  maxresidual < 1.00e-04  breakyes=1.4,  maxresidual < 1.00e-06took 5.965572s, relaxed dual: -5.865287, original: 1286.359995 

change =

   -3.9722
   -0.0295
         0
   -0.0329
   -0.0276


change =

    0.0948
    0.0043
         0
    0.0009
         0


is_stop =

  logical

   1


final_iter =

     6


 final iteration = 6 
acc_dict = 

  Map with properties:

        Count: 7
      KeyType: double
    ValueType: double


ans =

  1x7 cell array

  Columns 1 through 5

    {[0.5900]}    {[0.7150]}    {[0.9900]}    {[0.9900]}    {[0.9850]}

  Columns 6 through 7

    {[0.9800]}    {[0.9850]}


ans =

  1x7 cell array

  Columns 1 through 3

    {'2,1,2,2,2,1,1,...'}    {'2,2,1,2,2,2,2,...'}    {'2,2,2,2,2,2,2,...'}

  Columns 4 through 6

    {'1,1,1,1,1,1,1,...'}    {'2,2,2,2,2,2,2,...'}    {'2,2,2,2,2,2,2,...'}

  Column 7

    {'1,1,1,1,1,1,1,...'}


database_subtable =

  7x24 table

    rep    iter    sep    dim     rho    sparsity    stop_og    stop_sdp    stop_loop     acc     obj_prim    obj_dual    obj_original    true_pos    false_pos    false_neg    diff_x_tilde_fro    diff_x_tilde_op    diff_x_tilde_ellone    time_est    time_SDP          jobdate              survived_indices                                                                                                                                                                                                          cluster_est                                                                                                                                                                                                   
    ___    ____    ___    ____    ___    ________    _______    ________    _________    _____    ________    ________    ____________    ________    _________    _________    ________________    _______________    ___________________    ________    ________    ____________________    ______________________    _________________________________________________________________________________________________________________________________________________________________________________________________________________________________________________________________________________________________________________________________________________________________________________________________________________

    74      0       5     3500     0        10        false      false        false       0.59          0           0             0           0           0            0               0                   0                    0                    0          0     11-Sep-2024 13:37:11    ""                        "2,1,2,2,2,1,1,1,2,1,2,1,1,2,1,2,2,1,2,2,1,2,2,1,1,1,2,2,2,1,2,2,2,1,1,1,2,1,1,2,2,1,1,2,2,2,1,2,1,1,2,2,1,2,1,2,2,2,2,1,2,2,1,2,2,2,2,2,2,2,1,2,2,2,1,2,1,1,1,2,2,2,2,2,1,1,1,2,2,2,2,1,2,1,2,2,1,1,1,1,1,2,1,2,2,2,1,1,1,1,2,2,1,2,1,2,2,1,1,1,2,1,1,2,1,2,2,1,1,2,2,1,2,2,1,1,2,2,1,1,1,1,1,2,2,1,2,1,2,2,1,2,1,2,2,1,1,1,2,1,1,2,1,1,2,1,2,1,1,1,1,2,2,1,1,1,1,2,1,1,1,1,1,1,2,1,1,2,2,1,1,1,2,1,1,1,1,2,2,1"
    74      1       5     3500     0        10        false      false        false      0.715    -1.8077     -1.8077        223.59           1           0            9               0                   0                    0             0.016095     19.548     11-Sep-2024 13:37:11    "4"                       "2,2,1,2,2,2,2,2,2,2,2,1,2,2,1,1,2,2,2,1,1,1,2,2,1,2,1,2,1,2,2,2,2,2,2,2,1,2,1,2,2,1,2,2,2,2,1,2,1,1,2,1,2,2,1,2,2,2,2,1,1,1,2,2,2,2,2,2,2,1,2,1,2,2,2,2,2,2,1,2,2,2,1,2,1,2,2,2,2,2,2,2,1,2,2,2,2,1,1,2,2,1,2,1,2,1,1,1,1,1,1,1,1,2,2,1,1,1,2,1,2,1,2,1,1,1,1,1,2,2,1,1,2,1,1,1,1,1,1,2,1,2,1,2,1,1,1,2,2,1,1,1,1,1,1,1,1,1,2,2,1,2,1,1,2,1,1,1,1,1,1,1,2,1,1,1,1,2,2,1,1,1,1,2,1,1,2,1,2,1,1,1,1,1,2,1,1,2,1,1"
    74      2       5     3500     0        10        false      false        false       0.99     -29.99      -29.99        1164.5           9           0            1               0                   0                    0              0.00514     5.5601     11-Sep-2024 13:37:11    "1,2,3,4,5,7,8,9,10"      "2,2,2,2,2,2,2,2,2,2,2,2,2,2,2,2,2,2,2,2,2,2,2,2,2,2,2,2,2,2,2,2,2,2,2,2,2,2,2,2,2,2,2,2,2,2,2,2,2,2,2,2,2,2,2,2,2,2,2,2,2,2,2,2,2,2,2,2,2,2,2,2,2,2,2,2,2,2,2,2,2,1,2,2,1,2,2,2,2,2,2,2,2,2,2,2,2,2,2,2,1,1,1,1,1,1,1,1,1,1,1,1,1,1,1,1,1,1,1,1,1,1,1,1,1,1,1,1,1,1,1,1,1,1,1,1,1,1,1,1,1,1,1,1,1,1,1,1,1,1,1,1,1,1,1,1,1,1,1,1,1,1,1,1,1,1,1,1,1,1,1,1,1,1,1,1,1,1,1,1,1,1,1,1,1,1,1,1,1,1,1,1,1,1,1,1,1,1,1,1"
    74      3       5     3500     0        10        false      false        false       0.99    -5.8539     -5.8539        1280.9          10           0            0               0                   0                    0             0.002763     1.7936     11-Sep-2024 13:37:11    "1,2,3,4,5,6,7,8,9,10"    "1,1,1,1,1,1,1,1,1,1,1,1,1,1,1,1,1,1,1,1,1,1,1,1,1,1,1,1,1,1,1,1,1,1,1,1,1,1,1,1,1,1,1,1,1,1,1,1,1,1,1,1,1,1,1,1,1,1,1,1,1,1,1,1,1,1,1,1,1,1,1,1,1,1,1,1,1,1,1,1,1,1,1,1,1,1,1,1,1,1,1,1,1,1,1,1,1,1,1,1,2,2,2,2,2,2,2,2,2,2,2,2,2,2,2,2,2,2,2,2,2,2,2,2,2,2,2,2,2,2,2,2,2,2,2,2,2,2,2,2,2,2,2,2,2,2,2,2,2,2,2,2,2,2,2,2,2,2,2,2,1,2,2,2,2,2,2,2,2,2,2,2,2,2,2,2,2,2,2,2,2,2,2,2,2,2,1,2,2,2,2,2,2,2,2,2,2,2,2,2"
    74      4       5     3500     0        10        true       false        true       0.985    -6.0316     -6.0318        1286.4          10           0            0               0                   0                    0             0.002748     4.3102     11-Sep-2024 13:37:11    "1,2,3,4,5,6,7,8,9,10"    "2,2,2,2,2,2,2,2,2,2,2,2,2,2,2,2,2,2,2,2,2,2,2,2,2,2,2,2,2,2,2,2,2,2,2,2,2,2,2,2,2,2,2,2,2,2,2,2,2,2,2,2,2,2,2,2,2,2,2,2,2,2,2,2,2,2,2,2,2,2,2,2,2,2,2,2,2,2,2,2,2,1,2,2,1,2,2,2,2,2,2,2,2,2,2,2,2,2,2,2,1,1,1,1,1,1,1,1,1,1,1,1,1,1,1,1,1,1,1,1,1,1,1,1,1,1,1,1,1,1,1,1,1,1,1,1,1,1,1,1,1,1,1,1,1,1,1,1,1,1,1,1,1,1,1,1,1,1,1,1,1,1,1,1,1,1,1,1,1,1,1,1,1,1,1,1,1,1,1,1,1,1,1,1,1,1,2,1,1,1,1,1,1,1,1,1,1,1,1,1"
    74      5       5     3500     0        10        false      false        false       0.98    -5.8331     -5.8331        1285.3          10           0            0               0                   0                    0               0.0023     6.3393     11-Sep-2024 13:37:11    "1,2,3,4,5,6,7,8,9,10"    "2,2,2,2,2,2,2,2,2,2,2,2,2,2,2,2,2,2,2,2,2,2,2,2,2,2,2,2,2,2,2,2,2,2,2,2,2,2,2,2,2,2,2,2,2,2,2,2,2,2,2,2,2,2,2,2,2,2,2,2,2,2,2,2,2,2,2,2,2,2,2,2,2,2,2,2,2,2,2,2,2,1,2,2,1,2,2,2,2,2,2,2,2,2,2,2,2,2,2,2,1,1,1,1,1,1,1,1,1,1,1,1,1,1,1,1,1,1,1,1,1,1,1,1,1,1,1,1,1,1,1,1,1,1,1,1,1,1,1,1,1,1,1,1,1,1,1,1,1,1,1,1,1,1,1,1,1,1,1,1,2,1,1,1,1,1,1,1,1,1,1,1,1,1,1,1,1,1,1,1,1,1,1,1,1,1,2,1,1,1,1,1,1,1,1,1,1,1,1,1"
    74      6       5     3500     0        10        false      true         false      0.985    -5.8653     -5.8653        1286.4          10           0            0               0                   0                    0             0.002568     5.9656     11-Sep-2024 13:37:11    "1,2,3,4,5,6,7,8,9,10"    "1,1,1,1,1,1,1,1,1,1,1,1,1,1,1,1,1,1,1,1,1,1,1,1,1,1,1,1,1,1,1,1,1,1,1,1,1,1,1,1,1,1,1,1,1,1,1,1,1,1,1,1,1,1,1,1,1,1,1,1,1,1,1,1,1,1,1,1,1,1,1,1,1,1,1,1,1,1,1,1,1,2,1,1,2,1,1,1,1,1,1,1,1,1,1,1,1,1,1,1,2,2,2,2,2,2,2,2,2,2,2,2,2,2,2,2,2,2,2,2,2,2,2,2,2,2,2,2,2,2,2,2,2,2,2,2,2,2,2,2,2,2,2,2,2,2,2,2,2,2,2,2,2,2,2,2,2,2,2,2,2,2,2,2,2,2,2,2,2,2,2,2,2,2,2,2,2,2,2,2,2,2,2,2,2,2,1,2,2,2,2,2,2,2,2,2,2,2,2,2"


blfs = 

  block_replication_for_server with properties:

          table_name: 'iso_sdp'
              db_dir: '/home1/jongminm/sparse_kmeans/sparse_kmeans.db'
      data_generator: [1x1 sparse_symmetric_data_generator]
      number_cluster: 2
          n_iter_max: 100
    window_size_half: 2
         sample_size: 200
         init_method: "sdp"
        cluster_true: []
             learner: []
            run_full: 0
     matrix_sparsity: 0
            data_obj: @data_gaussian

replication: (75)th 

  breakyes = 1.0,  maxresidual < 1.00e-04  breakyes=1.0,  maxresidual < 1.00e-06
1 th thresholding


cutoff =

    0.5737


13 entries survived 
solving SDP...  breakyes=1.0,  maxresidual < 1.00e-06took 3.547297s, relaxed dual: -29.408116, original: 1230.635384 

is_stop =

  logical

   0


final_iter =

     1


2 th thresholding


cutoff =

    0.5714


10 entries survived 
solving SDP...  breakyes=1.0,  maxresidual < 1.00e-06took 3.916924s, relaxed dual: -6.874367, original: 1208.606255 

is_stop =

  logical

   0


final_iter =

     1


3 th thresholding


cutoff =

    0.5714


10 entries survived 
solving SDP...  breakyes=1.0,  maxresidual < 1.00e-06took 2.539283s, relaxed dual: -6.989213, original: 1212.110461 

is_stop =

  logical

   0


final_iter =

     1


4 th thresholding


cutoff =

    0.5714


10 entries survived 
solving SDP...  breakyes=1.0,  maxresidual < 1.00e-06took 3.417902s, relaxed dual: -6.874367, original: 1208.606255 

is_stop =

  logical

   0


final_iter =

     1


5 th thresholding


cutoff =

    0.5714


10 entries survived 
solving SDP...  breakyes=1.0,  maxresidual < 1.00e-06took 2.330600s, relaxed dual: -6.989213, original: 1212.110461 

is_stop =

  logical

   0


final_iter =

     1


6 th thresholding


cutoff =

    0.5714


10 entries survived 
solving SDP...  breakyes=1.0,  maxresidual < 1.00e-06took 3.124765s, relaxed dual: -6.874367, original: 1208.606255 

change =

         0
   -0.0167
         0
   -0.0167
         0


change =

         0
    0.0029
         0
    0.0029
         0


is_stop =

  logical

   1


final_iter =

     4


 final iteration = 4 
acc_dict = 

  Map with properties:

        Count: 5
      KeyType: double
    ValueType: double


ans =

  1x5 cell array

    {[0.7650]}    {[0.9950]}    {[0.9900]}    {[0.9950]}    {[0.9900]}


ans =

  1x5 cell array

  Columns 1 through 3

    {'2,1,1,2,2,2,2,...'}    {'2,2,2,2,2,2,2,...'}    {'2,2,2,2,2,2,2,...'}

  Columns 4 through 5

    {'2,2,2,2,2,2,2,...'}    {'2,2,2,2,2,2,2,...'}


database_subtable =

  5x24 table

    rep    iter    sep    dim     rho    sparsity    stop_og    stop_sdp    stop_loop     acc     obj_prim    obj_dual    obj_original    true_pos    false_pos    false_neg    diff_x_tilde_fro    diff_x_tilde_op    diff_x_tilde_ellone    time_est    time_SDP          jobdate                     survived_indices                                                                                                                                                                                                                  cluster_est                                                                                                                                                                                                   
    ___    ____    ___    ____    ___    ________    _______    ________    _________    _____    ________    ________    ____________    ________    _________    _________    ________________    _______________    ___________________    ________    ________    ____________________    _____________________________________    _________________________________________________________________________________________________________________________________________________________________________________________________________________________________________________________________________________________________________________________________________________________________________________________________________________

    75      0       5     3500     0        10        false      false        false      0.765          0           0             0           0           0            0               0                   0                    0                    0          0     11-Sep-2024 13:37:59    ""                                       "2,1,1,2,2,2,2,2,2,1,2,1,2,2,2,2,2,2,2,1,2,2,1,2,1,2,2,2,2,2,2,2,1,2,2,2,1,2,2,2,2,2,2,2,2,2,2,1,2,2,2,2,2,2,2,2,2,2,1,2,2,2,2,2,2,2,2,2,2,2,1,2,2,2,2,1,2,2,2,2,2,1,2,2,2,2,1,1,1,2,2,2,1,2,2,2,1,2,2,2,1,2,2,1,1,1,1,1,1,1,1,2,2,1,1,1,1,1,2,1,1,1,1,1,2,1,2,1,1,1,1,2,1,1,1,1,2,1,2,1,1,1,1,1,1,1,1,1,1,2,1,2,1,2,1,1,2,2,1,1,2,2,1,2,1,1,2,1,1,1,2,2,2,1,1,1,1,1,1,1,1,1,1,2,1,2,1,1,2,1,2,1,1,1,1,1,1,1,2,2"
    75      1       5     3500     0        10        false      false        false      0.995    -29.408     -29.408        1230.6          10           3            0               0                   0                    0             0.002924     3.5473     11-Sep-2024 13:37:59    "1,2,3,4,5,6,7,8,9,10,1609,1996,3053"    "2,2,2,2,2,2,2,2,2,2,2,2,2,2,2,2,2,2,2,2,2,2,2,2,2,2,2,2,2,2,2,2,2,2,2,2,2,2,2,2,2,2,2,2,2,2,2,2,2,2,2,2,2,2,2,2,2,2,2,2,2,2,2,2,2,2,2,2,2,2,2,2,2,2,2,2,2,2,2,2,2,2,2,2,2,2,2,2,2,2,2,2,2,2,2,2,2,2,2,2,1,1,1,1,1,1,1,1,1,1,1,1,1,1,1,1,1,1,1,1,1,1,1,1,1,1,1,1,1,1,1,1,1,1,1,1,1,1,1,1,1,1,1,1,1,1,1,1,1,1,1,1,1,1,1,1,1,1,1,1,1,1,1,2,1,1,1,1,1,1,1,1,1,1,1,1,1,1,1,1,1,1,1,1,1,1,1,1,1,1,1,1,1,1,1,1,1,1,1,1"
    75      2       5     3500     0        10        false      false        false       0.99    -6.8744     -6.8744        1208.6          10           0            0               0                   0                    0             0.002203     3.9169     11-Sep-2024 13:37:59    "1,2,3,4,5,6,7,8,9,10"                   "2,2,2,2,2,2,2,2,2,2,2,2,2,2,2,2,2,2,2,2,2,2,2,2,2,2,1,2,2,2,2,2,2,2,2,2,2,2,1,2,2,2,2,2,2,2,2,2,2,2,2,2,2,2,2,2,2,2,2,2,2,2,2,2,2,2,2,2,2,2,2,2,2,2,2,2,2,2,2,2,2,2,2,2,2,2,2,2,2,2,2,2,2,2,2,2,2,2,2,2,1,1,1,1,1,1,1,1,1,1,1,1,1,1,1,1,1,1,1,1,1,1,1,1,1,1,1,1,1,1,1,1,1,1,1,1,1,1,1,1,1,1,1,1,1,1,1,1,1,1,1,1,1,1,1,1,1,1,1,1,1,1,1,1,1,1,1,1,1,1,1,1,1,1,1,1,1,1,1,1,1,1,1,1,1,1,1,1,1,1,1,1,1,1,1,1,1,1,1,1"
    75      3       5     3500     0        10        true       false        false      0.995    -6.9892     -6.9892        1212.1          10           0            0               0                   0                    0             0.002265     2.5393     11-Sep-2024 13:37:59    "1,2,3,4,5,6,7,8,9,10"                   "2,2,2,2,2,2,2,2,2,2,2,2,2,2,2,2,2,2,2,2,2,2,2,2,2,2,2,2,2,2,2,2,2,2,2,2,2,2,2,2,2,2,2,2,2,2,2,2,2,2,2,2,2,2,2,2,2,2,2,2,2,2,2,2,2,2,2,2,2,2,2,2,2,2,2,2,2,2,2,2,2,2,2,2,2,2,2,2,2,2,2,2,2,2,2,2,2,2,2,2,1,1,1,1,1,1,1,1,1,1,1,1,1,1,1,1,1,1,1,1,1,1,1,1,1,1,1,1,1,1,1,1,1,1,1,1,1,1,1,1,1,1,1,1,1,1,1,1,1,1,1,1,1,1,1,1,1,1,1,1,1,1,1,2,1,1,1,1,1,1,1,1,1,1,1,1,1,1,1,1,1,1,1,1,1,1,1,1,1,1,1,1,1,1,1,1,1,1,1,1"
    75      4       5     3500     0        10        false      false        true        0.99    -6.8744     -6.8744        1208.6          10           0            0               0                   0                    0              0.00232     3.4179     11-Sep-2024 13:37:59    "1,2,3,4,5,6,7,8,9,10"                   "2,2,2,2,2,2,2,2,2,2,2,2,2,2,2,2,2,2,2,2,2,2,2,2,2,2,1,2,2,2,2,2,2,2,2,2,2,2,1,2,2,2,2,2,2,2,2,2,2,2,2,2,2,2,2,2,2,2,2,2,2,2,2,2,2,2,2,2,2,2,2,2,2,2,2,2,2,2,2,2,2,2,2,2,2,2,2,2,2,2,2,2,2,2,2,2,2,2,2,2,1,1,1,1,1,1,1,1,1,1,1,1,1,1,1,1,1,1,1,1,1,1,1,1,1,1,1,1,1,1,1,1,1,1,1,1,1,1,1,1,1,1,1,1,1,1,1,1,1,1,1,1,1,1,1,1,1,1,1,1,1,1,1,1,1,1,1,1,1,1,1,1,1,1,1,1,1,1,1,1,1,1,1,1,1,1,1,1,1,1,1,1,1,1,1,1,1,1,1,1"


blfs = 

  block_replication_for_server with properties:

          table_name: 'iso_sdp'
              db_dir: '/home1/jongminm/sparse_kmeans/sparse_kmeans.db'
      data_generator: [1x1 sparse_symmetric_data_generator]
      number_cluster: 2
          n_iter_max: 100
    window_size_half: 2
         sample_size: 200
         init_method: "sdp"
        cluster_true: []
             learner: []
            run_full: 0
     matrix_sparsity: 0
            data_obj: @data_gaussian

replication: (76)th 

  breakyes = 1.0,  maxresidual < 1.00e-04  breakyes=1.0,  maxresidual < 1.00e-06
1 th thresholding


cutoff =

    0.5901


11 entries survived 
solving SDP...  breakyes=1.0,  maxresidual < 1.00e-06took 4.843666s, relaxed dual: -22.644851, original: 1189.285677 

is_stop =

  logical

   0


final_iter =

     1


2 th thresholding


cutoff =

    0.5716


10 entries survived 
solving SDP...  breakyes=3.1,  primfeasorg deteriorated too much: primfeasorg=1.89e-06,dualfeasorg=2.57e-06took 4.103240s, relaxed dual: -6.767855, original: 1254.694168 

is_stop =

  logical

   0


final_iter =

     1


3 th thresholding


cutoff =

    0.5714


10 entries survived 
solving SDP...  breakyes=1.4,  maxresidual < 1.00e-06took 5.158909s, relaxed dual: -6.830086, original: 1256.529522 

is_stop =

  logical

   1


final_iter =

     3


 final iteration = 3 
acc_dict = 

  Map with properties:

        Count: 4
      KeyType: double
    ValueType: double


ans =

  1x4 cell array

    {[0.7750]}    {[0.9850]}    {[0.9950]}    {[0.9850]}


ans =

  1x4 cell array

  Columns 1 through 3

    {'2,2,2,2,2,2,2,...'}    {'1,1,1,1,1,1,1,...'}    {'2,2,2,2,2,2,2,...'}

  Column 4

    {'1,1,1,1,1,1,1,...'}


database_subtable =

  4x24 table

    rep    iter    sep    dim     rho    sparsity    stop_og    stop_sdp    stop_loop     acc     obj_prim    obj_dual    obj_original    true_pos    false_pos    false_neg    diff_x_tilde_fro    diff_x_tilde_op    diff_x_tilde_ellone    time_est    time_SDP          jobdate                  survived_indices                                                                                                                                                                                                              cluster_est                                                                                                                                                                                                   
    ___    ____    ___    ____    ___    ________    _______    ________    _________    _____    ________    ________    ____________    ________    _________    _________    ________________    _______________    ___________________    ________    ________    ____________________    ______________________________    _________________________________________________________________________________________________________________________________________________________________________________________________________________________________________________________________________________________________________________________________________________________________________________________________________________

    76      0       5     3500     0        10        false      false        false      0.775          0           0             0           0           0            0               0                   0                    0                    0          0     11-Sep-2024 13:38:43    ""                                "2,2,2,2,2,2,2,1,2,1,2,2,2,2,1,1,2,2,1,1,2,2,2,2,2,2,1,1,1,1,2,1,1,2,2,1,1,1,2,2,1,2,2,2,2,1,2,2,1,2,2,2,1,2,1,2,2,1,1,1,2,2,2,2,2,2,2,1,2,2,1,2,2,2,2,2,2,2,1,1,2,2,1,1,2,1,2,2,1,1,2,1,2,2,2,2,2,1,2,1,1,1,1,1,2,1,1,1,2,1,1,1,1,1,1,1,1,1,1,1,1,1,1,1,1,1,1,1,1,1,1,1,1,1,1,1,1,1,1,1,1,1,1,1,1,1,1,1,1,1,1,1,1,1,2,1,1,1,1,1,1,1,1,2,1,1,1,1,1,1,1,1,2,1,2,1,1,1,1,1,1,1,1,1,1,1,1,2,1,2,1,2,2,1,1,1,1,1,1,1"
    76      1       5     3500     0        10        false      false        false      0.985    -22.645     -22.645        1189.3           9           2            1               0                   0                    0             0.002968     4.8437     11-Sep-2024 13:38:43    "1,2,3,4,5,7,8,9,10,2105,2594"    "1,1,1,1,1,1,1,1,1,1,1,1,1,1,1,1,1,1,1,1,1,1,1,1,1,1,1,1,1,1,1,1,1,1,1,1,1,1,1,1,1,1,1,1,1,1,1,1,1,1,1,1,1,1,1,1,1,1,1,1,1,1,1,1,1,1,1,1,1,1,1,1,1,1,1,1,1,1,1,1,1,1,1,1,1,1,1,1,1,1,1,1,1,1,1,1,1,1,1,1,2,2,2,2,1,2,2,2,1,2,2,2,2,2,2,1,2,2,2,2,2,2,2,2,2,2,2,2,2,2,2,2,2,2,2,2,2,2,2,2,2,2,2,2,2,2,2,2,2,2,2,2,2,2,2,2,2,2,2,2,2,2,2,2,2,2,2,2,2,2,2,2,2,2,2,2,2,2,2,2,2,2,2,2,2,2,2,2,2,2,2,2,2,2,2,2,2,2,2,2"
    76      2       5     3500     0        10        false      false        false      0.995     -6.768     -6.7679        1254.7          10           0            0               0                   0                    0             0.002554     4.1032     11-Sep-2024 13:38:43    "1,2,3,4,5,6,7,8,9,10"            "2,2,2,2,2,2,2,2,2,2,2,2,2,2,2,2,2,2,2,2,2,2,2,2,2,2,2,2,2,2,2,2,2,2,2,2,2,2,2,2,2,2,2,2,2,2,2,2,2,2,2,2,2,2,2,2,2,2,2,2,2,2,2,2,2,2,2,2,2,2,2,2,2,2,2,2,2,2,2,2,2,2,2,2,2,2,2,2,2,2,2,2,2,2,2,2,2,2,2,2,1,1,1,1,1,1,1,1,1,1,1,1,1,1,1,2,1,1,1,1,1,1,1,1,1,1,1,1,1,1,1,1,1,1,1,1,1,1,1,1,1,1,1,1,1,1,1,1,1,1,1,1,1,1,1,1,1,1,1,1,1,1,1,1,1,1,1,1,1,1,1,1,1,1,1,1,1,1,1,1,1,1,1,1,1,1,1,1,1,1,1,1,1,1,1,1,1,1,1,1"
    76      3       5     3500     0        10        true       true         false      0.985    -6.8301     -6.8301        1256.5          10           0            0               0                   0                    0             0.002242     5.1589     11-Sep-2024 13:38:43    "1,2,3,4,5,6,7,8,9,10"            "1,1,1,1,1,1,1,1,1,1,1,1,1,1,1,1,1,1,1,1,1,1,1,1,1,1,1,1,1,1,1,1,1,1,1,1,1,1,1,1,1,1,1,1,1,1,1,1,1,1,1,1,1,1,1,1,1,1,1,1,1,1,1,1,1,1,1,1,1,1,1,1,1,1,1,1,1,1,1,1,1,1,1,1,1,1,1,1,1,1,1,1,1,1,1,1,1,1,1,1,2,2,2,2,1,2,2,2,1,2,2,2,2,2,2,1,2,2,2,2,2,2,2,2,2,2,2,2,2,2,2,2,2,2,2,2,2,2,2,2,2,2,2,2,2,2,2,2,2,2,2,2,2,2,2,2,2,2,2,2,2,2,2,2,2,2,2,2,2,2,2,2,2,2,2,2,2,2,2,2,2,2,2,2,2,2,2,2,2,2,2,2,2,2,2,2,2,2,2,2"

