==========================================
SLURM_JOB_ID = 25535102
SLURM_JOB_NODELIST = d05-34
TMPDIR = /tmp/SLURM_25535102
==========================================
hello
Starting parallel pool (parpool) ...
Connected to the parallel pool (number of workers: 15).

pool = 

 ProcessPool with properties: 

            Connected: true
           NumWorkers: 15
                 Busy: false
              Cluster: Local
        AttachedFiles: {}
    AutoAddClientPath: true
            FileStore: [1x1 parallel.FileStore]
           ValueStore: [1x1 parallel.ValueStore]
          IdleTimeout: 30 minutes (30 minutes remaining)
          SpmdEnabled: true


dimension =

        5000


separation =

     4


sample_size =

   200


table_name =

    'iso_sdp'


db_dir =

    '/home1/jongminm/sparse_kmeans/sparse_kmeans.db'


rho =

     0


full_run =

  logical

   0


blfs = 

  block_replication_for_server with properties:

          table_name: 'iso_sdp'
              db_dir: '/home1/jongminm/sparse_kmeans/sparse_kmeans.db'
      data_generator: [1x1 sparse_symmetric_data_generator]
      number_cluster: 2
          n_iter_max: 100
    window_size_half: 2
         sample_size: 200
         init_method: "sdp"
        cluster_true: []
             learner: []
            run_full: 0
     matrix_sparsity: 0
            data_obj: @data_gaussian

replication: (93)th 

  breakyes = 1.0,  maxresidual < 1.00e-04  breakyes=1.0,  maxresidual < 1.00e-06
1 th thresholding


cutoff =

    0.5844


4 entries survived 
solving SDP...  breakyes = 1.0,  maxresidual < 1.00e-04  breakyes=3.2,  dualfeasorg deteriorated too much: primfeasorg=7.60e-07,dualfeasorg=3.01e-05took 19.682900s, relaxed dual: -3.083967, original: 322.886538 

is_stop =

  logical

   0


final_iter =

     1


2 th thresholding


cutoff =

    0.5861


10 entries survived 
solving SDP...  breakyes = 1.0,  maxresidual < 1.00e-04  breakyes=1.0,  maxresidual < 1.00e-06took 8.176580s, relaxed dual: -9.939332, original: 865.326380 

is_stop =

  logical

   0


final_iter =

     1


3 th thresholding


cutoff =

    0.5838


10 entries survived 
solving SDP...  breakyes = 1.0,  maxresidual < 1.00e-04  breakyes=1.0,  maxresidual < 1.00e-06took 13.031977s, relaxed dual: -4.437674, original: 861.312473 

is_stop =

  logical

   0


final_iter =

     1


4 th thresholding


cutoff =

    0.5838


10 entries survived 
solving SDP...  breakyes=1.0,  maxresidual < 1.00e-06took 7.982769s, relaxed dual: -4.518319, original: 865.326380 

is_stop =

  logical

   0


final_iter =

     1


5 th thresholding


cutoff =

    0.5838


10 entries survived 
solving SDP...  breakyes = 1.0,  maxresidual < 1.00e-04  breakyes=1.0,  maxresidual < 1.00e-06took 12.833368s, relaxed dual: -4.437674, original: 861.312473 

is_stop =

  logical

   0


final_iter =

     1


6 th thresholding


cutoff =

    0.5838


10 entries survived 
solving SDP...  breakyes=1.0,  maxresidual < 1.00e-06took 8.160478s, relaxed dual: -4.518319, original: 865.326380 

change =

   -1.1998
   -0.0179
         0
   -0.0179
         0


change =

         0
    0.0046
         0
    0.0046
         0


is_stop =

  logical

   1


final_iter =

     4


 final iteration = 4 
acc_dict = 

  Map with properties:

        Count: 5
      KeyType: double
    ValueType: double


ans =

  1x5 cell array

    {[0.6350]}    {[0.8650]}    {[0.9800]}    {[0.9700]}    {[0.9800]}


ans =

  1x5 cell array

  Columns 1 through 3

    {'1,2,1,1,2,2,2,...'}    {'1,1,1,2,1,1,1,...'}    {'1,2,2,2,2,2,2,...'}

  Columns 4 through 5

    {'1,2,2,2,2,2,2,...'}    {'1,2,2,2,2,2,2,...'}


database_subtable =

  5x24 table

    rep    iter    sep    dim     rho    sparsity    stop_og    stop_sdp    stop_loop     acc     obj_prim    obj_dual    obj_original    true_pos    false_pos    false_neg    diff_x_tilde_fro    diff_x_tilde_op    diff_x_tilde_ellone    time_est    time_SDP          jobdate              survived_indices                                                                                                                                                                                                          cluster_est                                                                                                                                                                                                   
    ___    ____    ___    ____    ___    ________    _______    ________    _________    _____    ________    ________    ____________    ________    _________    _________    ________________    _______________    ___________________    ________    ________    ____________________    ______________________    _________________________________________________________________________________________________________________________________________________________________________________________________________________________________________________________________________________________________________________________________________________________________________________________________________________

    93      0       4     5000     0        10        false      false        false      0.635          0           0             0           0           0            0               0                   0                    0                    0          0     11-Sep-2024 14:44:39    ""                        "1,2,1,1,2,2,2,1,1,1,1,2,1,1,1,1,2,2,1,1,1,1,1,2,1,1,2,2,1,2,2,2,2,1,2,1,1,2,1,1,2,1,1,1,1,2,1,2,2,1,1,1,1,1,2,1,2,1,1,2,1,1,1,1,1,1,1,1,1,2,1,2,2,2,1,1,1,1,1,1,2,2,2,1,1,1,2,1,1,1,1,1,2,1,2,1,1,1,2,1,1,2,1,1,2,2,2,1,2,2,1,1,2,1,2,2,2,2,2,2,2,2,1,1,1,1,2,2,2,2,1,2,1,2,1,2,1,2,1,2,2,2,2,2,1,2,2,1,1,2,2,1,2,1,2,1,2,2,2,1,2,2,1,2,2,1,1,1,2,2,2,2,1,2,2,1,2,2,2,2,1,1,2,1,1,2,2,2,2,2,2,1,1,1,2,2,1,1,1,2"
    93      1       4     5000     0        10        false      false        false      0.865     -3.084      -3.084        322.89           3           1            7               0                   0                    0             0.029835     19.683     11-Sep-2024 14:44:39    "2,6,9,2471"              "1,1,1,2,1,1,1,1,1,1,1,1,1,1,1,1,1,1,1,1,1,1,1,1,1,1,1,2,1,1,1,1,1,1,1,1,1,2,1,1,1,1,1,1,1,2,1,1,1,1,1,1,1,1,1,1,1,1,1,2,1,1,1,1,1,1,1,1,1,1,1,2,1,1,1,1,1,1,1,1,1,1,2,1,1,2,1,1,1,1,1,1,1,1,2,1,1,1,1,1,1,2,2,2,2,1,2,2,2,1,2,1,2,1,2,2,2,2,2,2,2,2,2,2,2,2,2,2,2,2,2,1,2,2,2,2,2,2,2,2,2,2,2,2,2,2,2,1,2,2,2,2,2,1,2,2,2,2,2,2,2,1,1,2,2,2,1,1,2,2,2,2,2,2,2,2,1,2,2,2,2,2,2,2,2,2,1,2,2,2,2,2,2,2,2,1,1,1,1,2"
    93      2       4     5000     0        10        false      false        false       0.98    -9.9393     -9.9393        865.33          10           0            0               0                   0                    0             0.014652     8.1766     11-Sep-2024 14:44:39    "1,2,3,4,5,6,7,8,9,10"    "1,2,2,2,2,2,2,2,2,2,2,2,2,2,2,2,2,2,2,2,2,2,2,2,2,2,1,2,2,2,2,2,2,2,2,2,2,2,2,2,2,2,2,2,2,2,2,2,2,2,2,2,2,2,2,2,2,2,2,2,2,2,2,2,2,1,2,2,2,2,2,2,2,2,2,2,2,2,2,2,2,2,2,2,2,2,2,2,2,2,2,2,2,2,2,2,2,2,2,2,1,1,1,1,1,1,1,1,1,1,1,1,1,1,1,1,1,1,1,1,1,1,1,1,1,1,1,1,1,1,1,1,1,1,1,1,1,1,1,1,1,1,1,1,1,1,1,1,1,1,1,1,1,1,1,1,1,1,1,1,1,1,1,1,1,1,1,1,1,1,2,1,1,1,1,1,1,1,1,1,1,1,1,1,1,1,1,1,1,1,1,1,1,1,1,1,1,1,1,1"
    93      3       4     5000     0        10        true       false        false       0.97    -4.4377     -4.4377        861.31          10           0            0               0                   0                    0             0.020795     13.032     11-Sep-2024 14:44:39    "1,2,3,4,5,6,7,8,9,10"    "1,2,2,2,2,2,2,2,2,2,2,2,2,2,2,2,2,2,2,2,2,2,2,2,2,2,1,2,2,2,2,2,2,2,2,2,2,2,2,2,2,2,2,2,2,2,2,2,2,2,2,2,2,2,2,2,2,2,2,2,2,2,2,2,2,1,2,2,2,2,2,2,2,2,2,2,2,2,2,2,1,2,2,2,2,2,2,2,2,2,2,2,2,2,2,2,2,2,2,2,2,1,1,1,1,1,1,1,1,1,1,1,1,1,1,1,1,1,1,1,1,1,1,1,1,1,1,1,1,1,1,1,1,1,1,1,1,1,1,1,1,1,1,1,1,1,1,1,1,1,1,1,1,2,1,1,1,1,1,1,1,1,1,1,1,1,1,1,1,1,1,1,1,1,1,1,1,1,1,1,1,1,1,1,1,1,1,1,1,1,1,1,1,1,1,1,1,1,1,1"
    93      4       4     5000     0        10        false      false        true        0.98    -4.5183     -4.5183        865.33          10           0            0               0                   0                    0             0.017189     7.9828     11-Sep-2024 14:44:39    "1,2,3,4,5,6,7,8,9,10"    "1,2,2,2,2,2,2,2,2,2,2,2,2,2,2,2,2,2,2,2,2,2,2,2,2,2,1,2,2,2,2,2,2,2,2,2,2,2,2,2,2,2,2,2,2,2,2,2,2,2,2,2,2,2,2,2,2,2,2,2,2,2,2,2,2,1,2,2,2,2,2,2,2,2,2,2,2,2,2,2,2,2,2,2,2,2,2,2,2,2,2,2,2,2,2,2,2,2,2,2,1,1,1,1,1,1,1,1,1,1,1,1,1,1,1,1,1,1,1,1,1,1,1,1,1,1,1,1,1,1,1,1,1,1,1,1,1,1,1,1,1,1,1,1,1,1,1,1,1,1,1,1,1,1,1,1,1,1,1,1,1,1,1,1,1,1,1,1,1,1,2,1,1,1,1,1,1,1,1,1,1,1,1,1,1,1,1,1,1,1,1,1,1,1,1,1,1,1,1,1"


blfs = 

  block_replication_for_server with properties:

          table_name: 'iso_sdp'
              db_dir: '/home1/jongminm/sparse_kmeans/sparse_kmeans.db'
      data_generator: [1x1 sparse_symmetric_data_generator]
      number_cluster: 2
          n_iter_max: 100
    window_size_half: 2
         sample_size: 200
         init_method: "sdp"
        cluster_true: []
             learner: []
            run_full: 0
     matrix_sparsity: 0
            data_obj: @data_gaussian

replication: (94)th 

  breakyes = 1.0,  maxresidual < 1.00e-04  breakyes=1.0,  maxresidual < 1.00e-06
1 th thresholding


cutoff =

    0.5839


2 entries survived 
solving SDP...  breakyes=3.2,  dualfeasorg deteriorated too much: primfeasorg=2.23e-06,dualfeasorg=3.43e-05took 26.926171s, relaxed dual: -0.912354, original: 142.037794 

is_stop =

  logical

   0


final_iter =

     1


2 th thresholding


cutoff =

    0.5842


2 entries survived 
solving SDP...  breakyes = 1.0,  maxresidual < 1.00e-04  breakyes=1.4,  maxresidual < 1.00e-06took 19.450623s, relaxed dual: -0.774724, original: 169.919568 

is_stop =

  logical

   0


final_iter =

     1


3 th thresholding


cutoff =

    0.5970


2 entries survived 
solving SDP...  breakyes = 1.0,  maxresidual < 1.00e-04  breakyes=1.4,  maxresidual < 1.00e-06took 25.726167s, relaxed dual: -0.741037, original: 157.813250 

is_stop =

  logical

   0


final_iter =

     1


4 th thresholding


cutoff =

    0.5895


1 entries survived 
solving SDP...  breakyes = 1.0,  maxresidual < 1.00e-04  breakyes=1.4,  maxresidual < 1.00e-06took 14.369742s, relaxed dual: -0.339010, original: 144.520327 

is_stop =

  logical

   0


final_iter =

     1


5 th thresholding


cutoff =

    0.5895


1 entries survived 
solving SDP...  breakyes = 1.0,  maxresidual < 1.00e-04  breakyes=1.4,  maxresidual < 1.00e-06took 14.873825s, relaxed dual: -0.339010, original: 144.520327 

is_stop =

  logical

   1


final_iter =

     5


 final iteration = 5 
acc_dict = 

  Map with properties:

        Count: 6
      KeyType: double
    ValueType: double


ans =

  1x6 cell array

  Columns 1 through 5

    {[0.6150]}    {[0.5600]}    {[0.5350]}    {[0.5700]}    {[0.5700]}

  Column 6

    {[0.5700]}


ans =

  1x6 cell array

  Columns 1 through 3

    {'2,1,1,2,2,1,2,...'}    {'2,1,2,2,1,2,1,...'}    {'2,1,2,2,2,2,1,...'}

  Columns 4 through 6

    {'2,2,1,1,2,1,2,...'}    {'1,1,2,2,1,2,1,...'}    {'2,2,1,1,2,1,2,...'}


database_subtable =

  6x24 table

    rep    iter    sep    dim     rho    sparsity    stop_og    stop_sdp    stop_loop     acc     obj_prim    obj_dual    obj_original    true_pos    false_pos    false_neg    diff_x_tilde_fro    diff_x_tilde_op    diff_x_tilde_ellone    time_est    time_SDP          jobdate           survived_indices                                                                                                                                                                                                       cluster_est                                                                                                                                                                                                   
    ___    ____    ___    ____    ___    ________    _______    ________    _________    _____    ________    ________    ____________    ________    _________    _________    ________________    _______________    ___________________    ________    ________    ____________________    ________________    _________________________________________________________________________________________________________________________________________________________________________________________________________________________________________________________________________________________________________________________________________________________________________________________________________________

    94      0       4     5000     0        10        false      false        false      0.615           0           0            0          0            0            0               0                   0                    0                    0          0     11-Sep-2024 14:46:37      ""                "2,1,1,2,2,1,2,2,2,2,2,2,1,2,2,1,1,1,1,2,1,2,2,2,1,2,2,1,2,1,1,1,2,1,2,2,2,2,2,1,2,2,2,1,1,2,1,1,2,1,1,2,2,2,2,2,1,1,2,2,2,2,2,1,2,2,1,2,1,2,1,1,2,2,1,2,1,1,2,1,2,2,1,2,1,2,2,2,2,2,1,1,2,2,2,1,2,1,1,2,1,1,1,1,2,1,1,2,2,1,2,1,1,1,1,2,1,1,1,2,1,1,2,1,2,2,1,1,1,1,1,1,2,2,1,2,2,1,1,2,1,1,1,1,2,1,1,2,1,1,2,2,1,1,1,2,2,2,1,2,1,1,1,1,1,1,1,1,2,2,2,1,2,2,1,2,1,1,1,2,2,1,1,1,2,1,1,2,2,1,2,2,1,1,2,2,1,1,1,1"
    94      1       4     5000     0        10        false      false        false       0.56    -0.91236    -0.91235       142.04          0            2           10               0                   0                    0             0.014044     26.926     11-Sep-2024 14:46:37      "724,4501"        "2,1,2,2,1,2,1,2,2,2,2,1,1,1,1,2,1,1,1,1,1,1,1,1,1,1,1,1,1,1,2,2,1,2,2,1,1,1,1,1,2,1,1,1,2,1,1,1,2,2,1,1,1,1,2,2,2,1,1,2,1,2,1,1,1,1,2,1,1,2,2,1,2,2,1,2,1,1,1,2,2,2,2,1,2,2,1,2,1,1,2,2,1,1,2,2,2,1,2,2,2,1,2,2,1,1,1,1,1,2,1,2,2,2,1,1,2,2,1,1,2,1,2,1,1,2,1,1,2,2,2,1,1,1,1,1,1,2,1,1,2,2,2,2,2,1,2,2,2,2,2,2,1,2,1,1,1,1,2,2,2,1,2,2,2,2,2,2,1,1,1,2,1,2,2,1,2,2,2,2,2,2,1,2,2,1,1,1,1,2,1,2,2,1,2,1,2,2,1,1"
    94      2       4     5000     0        10        false      false        false      0.535    -0.77473    -0.77472       169.92          0            2           10               0                   0                    0             0.009706     19.451     11-Sep-2024 14:46:37      "4454,4501"       "2,1,2,2,2,2,1,2,2,2,2,1,1,1,1,2,1,1,1,1,2,1,1,1,1,1,2,1,1,2,2,1,1,1,1,2,1,1,2,1,2,1,2,1,1,2,1,2,2,1,1,1,2,1,2,2,2,1,1,2,1,2,1,1,2,1,2,1,2,1,1,1,2,2,1,2,1,1,2,1,2,2,1,1,2,2,1,1,2,1,1,1,1,1,2,2,2,1,1,2,2,1,2,1,1,2,1,1,1,2,1,1,1,1,1,1,2,2,1,1,1,2,2,2,1,2,1,1,1,1,1,1,1,1,1,1,1,1,1,1,1,2,1,1,1,1,2,2,2,2,1,1,1,2,1,2,1,1,2,1,2,2,2,1,1,2,2,2,2,1,1,1,1,2,2,2,1,2,2,2,2,2,1,2,1,1,1,1,1,1,1,1,2,1,1,1,1,2,1,1"
    94      3       4     5000     0        10        false      false        false       0.57    -0.74104    -0.74104       157.81          0            2           10               0                   0                    0             0.012458     25.726     11-Sep-2024 14:46:37      "4454,4501"       "2,2,1,1,2,1,2,1,1,1,1,2,2,2,2,1,2,2,2,2,2,2,2,2,2,2,2,2,2,2,1,1,2,1,1,2,2,2,2,2,1,2,2,2,1,2,2,2,2,1,2,2,2,2,1,1,1,2,2,1,2,2,2,2,2,2,1,2,2,2,1,2,1,1,2,2,2,2,2,1,1,1,1,2,1,1,2,1,2,2,1,1,2,2,2,1,1,2,1,1,1,2,1,1,2,2,2,2,2,1,1,1,1,1,2,2,1,1,2,2,1,2,1,2,2,1,2,2,1,1,1,2,2,2,2,2,2,2,2,2,1,1,1,2,1,2,1,1,1,1,2,1,2,1,2,2,2,2,1,1,1,2,1,1,1,1,1,1,2,2,2,1,2,1,1,2,1,2,1,1,1,1,2,1,1,2,2,2,2,1,2,2,1,2,1,2,1,1,2,2"
    94      4       4     5000     0        10        false      false        false       0.57    -0.33901    -0.33901       144.52          0            1           10               0                   0                    0             0.020772      14.37     11-Sep-2024 14:46:37      "4501"            "1,1,2,2,1,2,1,2,2,2,2,1,1,1,1,2,1,1,1,1,1,1,1,1,1,1,1,1,1,1,2,2,1,2,2,1,1,1,1,1,2,1,1,1,2,1,1,1,1,2,1,1,1,1,2,2,2,1,1,2,1,1,1,1,1,1,2,1,1,1,2,1,2,2,1,1,1,1,1,2,2,2,2,1,2,2,1,2,1,1,2,2,1,1,1,2,2,1,2,2,2,1,2,2,1,1,1,1,1,2,2,2,2,2,1,1,2,2,1,1,2,1,2,1,1,2,1,1,2,2,2,1,1,1,1,1,1,1,1,1,2,2,2,1,2,1,2,2,2,2,1,2,1,2,1,1,1,1,2,2,2,1,2,2,2,2,2,2,1,1,1,2,1,2,2,1,2,1,2,2,2,2,1,2,2,1,1,1,1,2,1,1,2,1,2,1,2,2,1,1"
    94      5       4     5000     0        10        true       true         false       0.57    -0.33901    -0.33901       144.52          0            1           10               0                   0                    0             0.010235     14.874     11-Sep-2024 14:46:37      "4501"            "2,2,1,1,2,1,2,1,1,1,1,2,2,2,2,1,2,2,2,2,2,2,2,2,2,2,2,2,2,2,1,1,2,1,1,2,2,2,2,2,1,2,2,2,1,2,2,2,2,1,2,2,2,2,1,1,1,2,2,1,2,2,2,2,2,2,1,2,2,2,1,2,1,1,2,2,2,2,2,1,1,1,1,2,1,1,2,1,2,2,1,1,2,2,2,1,1,2,1,1,1,2,1,1,2,2,2,2,2,1,1,1,1,1,2,2,1,1,2,2,1,2,1,2,2,1,2,2,1,1,1,2,2,2,2,2,2,2,2,2,1,1,1,2,1,2,1,1,1,1,2,1,2,1,2,2,2,2,1,1,1,2,1,1,1,1,1,1,2,2,2,1,2,1,1,2,1,2,1,1,1,1,2,1,1,2,2,2,2,1,2,2,1,2,1,2,1,1,2,2"


blfs = 

  block_replication_for_server with properties:

          table_name: 'iso_sdp'
              db_dir: '/home1/jongminm/sparse_kmeans/sparse_kmeans.db'
      data_generator: [1x1 sparse_symmetric_data_generator]
      number_cluster: 2
          n_iter_max: 100
    window_size_half: 2
         sample_size: 200
         init_method: "sdp"
        cluster_true: []
             learner: []
            run_full: 0
     matrix_sparsity: 0
            data_obj: @data_gaussian

replication: (95)th 

  breakyes = 1.0,  maxresidual < 1.00e-04  breakyes=1.0,  maxresidual < 1.00e-06
1 th thresholding


cutoff =

    0.5842


0 entries survived 
All entries dead. Re-initializing...  breakyes = 1.0,  maxresidual < 1.00e-04  breakyes=1.0,  maxresidual < 1.00e-06
is_stop =

  logical

   0


final_iter =

     1


2 th thresholding


cutoff =

    0.5842


0 entries survived 
All entries dead. Re-initializing...  breakyes = 1.0,  maxresidual < 1.00e-04  breakyes=1.0,  maxresidual < 1.00e-06
is_stop =

  logical

   1


final_iter =

     2


 final iteration = 2 
acc_dict = 

  Map with properties:

        Count: 3
      KeyType: double
    ValueType: double


ans =

  1x3 cell array

    {[0.5600]}    {[0.5600]}    {[0.5600]}


ans =

  1x3 cell array

    {'1,1,2,2,2,2,2,2...'}    {'1,1,2,2,2,2,2,2...'}    {'2,2,1,1,1,1,1,1...'}


database_subtable =

  3x24 table

    rep    iter    sep    dim     rho    sparsity    stop_og    stop_sdp    stop_loop    acc     obj_prim    obj_dual    obj_original    true_pos    false_pos    false_neg    diff_x_tilde_fro    diff_x_tilde_op    diff_x_tilde_ellone    time_est    time_SDP          jobdate           survived_indices                                                                                                                                                                                                       cluster_est                                                                                                                                                                                                   
    ___    ____    ___    ____    ___    ________    _______    ________    _________    ____    ________    ________    ____________    ________    _________    _________    ________________    _______________    ___________________    ________    ________    ____________________    ________________    _________________________________________________________________________________________________________________________________________________________________________________________________________________________________________________________________________________________________________________________________________________________________________________________________________________

    95      0       4     5000     0        10        false      false        false      0.56       0           0             0             0            0            0               0                   0                    0                    0       0        11-Sep-2024 14:47:24           ""           "1,1,2,2,2,2,2,2,1,1,2,1,1,1,2,1,2,1,1,2,1,2,1,1,1,2,2,2,1,1,1,1,1,1,2,1,1,1,2,1,1,2,2,1,2,2,1,2,1,1,1,2,2,2,1,2,1,1,2,2,1,1,1,2,2,2,2,2,1,1,1,1,2,2,1,1,2,2,1,2,1,1,2,1,1,1,2,2,1,1,2,1,1,1,1,1,1,2,1,1,1,2,1,1,2,2,2,2,1,1,2,1,1,2,1,1,2,2,2,1,1,2,1,2,2,2,1,1,1,2,2,2,2,2,2,1,1,2,2,2,1,1,2,2,2,1,2,2,1,2,1,2,1,2,1,2,2,2,2,1,1,1,1,1,2,2,2,2,1,2,1,2,1,1,1,2,1,2,2,2,2,1,1,2,1,2,2,1,1,2,2,2,1,1,1,1,2,2,1,1"
    95      1       4     5000     0        10        false      false        false      0.56       0           0             0             0            0           10               0                   0                    0             0.022242       0        11-Sep-2024 14:47:24           ""           "1,1,2,2,2,2,2,2,1,1,2,1,1,1,2,1,2,1,1,2,1,2,1,1,1,2,2,2,1,1,1,1,1,1,2,1,1,1,2,1,1,2,2,1,2,2,1,2,1,1,1,2,2,2,1,2,1,1,2,2,1,1,1,2,2,2,2,2,1,1,1,1,2,2,1,1,2,2,1,2,1,1,2,1,1,1,2,2,1,1,2,1,1,1,1,1,1,2,1,1,1,2,1,1,2,2,2,2,1,1,2,1,1,2,1,1,2,2,2,1,1,2,1,2,2,2,1,1,1,2,2,2,2,2,2,1,1,2,2,2,1,1,2,2,2,1,2,2,1,2,1,2,1,2,1,2,2,2,2,1,1,1,1,1,2,2,2,2,1,2,1,2,1,1,1,2,1,2,2,2,2,1,1,2,1,2,2,1,1,2,2,2,1,1,1,1,2,2,1,1"
    95      2       4     5000     0        10        true       true         false      0.56       0           0             0             0            0           10               0                   0                    0             0.009293       0        11-Sep-2024 14:47:24           ""           "2,2,1,1,1,1,1,1,2,2,1,2,2,2,1,2,1,2,2,1,2,1,2,2,2,1,1,1,2,2,2,2,2,2,1,2,2,2,1,2,2,1,1,2,1,1,2,1,2,2,2,1,1,1,2,1,2,2,1,1,2,2,2,1,1,1,1,1,2,2,2,2,1,1,2,2,1,1,2,1,2,2,1,2,2,2,1,1,2,2,1,2,2,2,2,2,2,1,2,2,2,1,2,2,1,1,1,1,2,2,1,2,2,1,2,2,1,1,1,2,2,1,2,1,1,1,2,2,2,1,1,1,1,1,1,2,2,1,1,1,2,2,1,1,1,2,1,1,2,1,2,1,2,1,2,1,1,1,1,2,2,2,2,2,1,1,1,1,2,1,2,1,2,2,2,1,2,1,1,1,1,2,2,1,2,1,1,2,2,1,1,1,2,2,2,2,1,1,2,2"


blfs = 

  block_replication_for_server with properties:

          table_name: 'iso_sdp'
              db_dir: '/home1/jongminm/sparse_kmeans/sparse_kmeans.db'
      data_generator: [1x1 sparse_symmetric_data_generator]
      number_cluster: 2
          n_iter_max: 100
    window_size_half: 2
         sample_size: 200
         init_method: "sdp"
        cluster_true: []
             learner: []
            run_full: 0
     matrix_sparsity: 0
            data_obj: @data_gaussian

replication: (96)th 

  breakyes = 1.0,  maxresidual < 1.00e-04  breakyes=1.0,  maxresidual < 1.00e-06
1 th thresholding


cutoff =

    0.5837


2 entries survived 
solving SDP...  breakyes=4.1,  primfeasorg stagnate, 0.00e+00took 27.573770s, relaxed dual: -1.158843, original: 158.612850 

is_stop =

  logical

   0


final_iter =

     1


2 th thresholding


cutoff =

    0.5983


3 entries survived 
solving SDP...  breakyes=1.4,  maxresidual < 1.00e-06took 36.679530s, relaxed dual: -1.045353, original: 198.002225 

is_stop =

  logical

   0


final_iter =

     1


3 th thresholding


cutoff =

    0.5904


4 entries survived 
solving SDP...  breakyes=3.2,  dualfeasorg deteriorated too much: primfeasorg=1.55e-06,dualfeasorg=4.81e-05took 10.798848s, relaxed dual: -1.181108, original: 229.108927 

is_stop =

  logical

   0


final_iter =

     1


4 th thresholding


cutoff =

    0.5904


4 entries survived 
solving SDP...  breakyes=1.4,  maxresidual < 1.00e-06took 13.757229s, relaxed dual: -1.103015, original: 223.835399 

is_stop =

  logical

   0


final_iter =

     1


5 th thresholding


cutoff =

    0.5957


4 entries survived 
solving SDP...  breakyes=3.2,  dualfeasorg deteriorated too much: primfeasorg=1.30e-06,dualfeasorg=3.11e-05took 10.871706s, relaxed dual: -1.168293, original: 231.185503 

is_stop =

  logical

   0


final_iter =

     1


6 th thresholding


cutoff =

    0.5895


4 entries survived 
solving SDP...
  breakyes=3.2,  dualfeasorg deteriorated too much: primfeasorg=2.08e-06,dualfeasorg=3.63e-05took 65.353267s, relaxed dual: -1.196757, original: 212.746078 

change =

   -0.0523
   -0.0708
         0
   -0.0592
   -0.0850


change =

    0.1154
    0.0236
         0
    0.0328
    0.0495


is_stop =

  logical

   0


final_iter =

     1


7 th thresholding


cutoff =

    0.5923


3 entries survived 
solving SDP...  breakyes=1.4,  maxresidual < 1.00e-06took 18.535063s, relaxed dual: -1.105457, original: 209.620607 

is_stop =

  logical

   0


final_iter =

     1


8 th thresholding


cutoff =

    0.6099


2 entries survived 
solving SDP...  breakyes=3.2,  dualfeasorg deteriorated too much: primfeasorg=1.30e-06,dualfeasorg=4.11e-05took 13.383987s, relaxed dual: -0.720693, original: 137.070517 

is_stop =

  logical

   0


final_iter =

     1


9 th thresholding


cutoff =

    0.5957


1 entries survived 
solving SDP...  breakyes = 1.0,  maxresidual < 1.00e-04  breakyes=1.4,  maxresidual < 1.00e-06took 14.672509s, relaxed dual: -0.354212, original: 144.681565 

is_stop =

  logical

   0


final_iter =

     1


10 th thresholding


cutoff =

    0.5887


1 entries survived 
solving SDP...  breakyes = 1.0,  maxresidual < 1.00e-04  breakyes=1.4,  maxresidual < 1.00e-06took 17.509248s, relaxed dual: -0.323728, original: 144.681565 

is_stop =

  logical

   1


final_iter =

    10


 final iteration = 10 
acc_dict = 

  Map with properties:

        Count: 11
      KeyType: double
    ValueType: double


ans =

  1x11 cell array

  Columns 1 through 5

    {[0.5450]}    {[0.5200]}    {[0.5250]}    {[0.5450]}    {[0.5100]}

  Columns 6 through 10

    {[0.5500]}    {[0.5050]}    {[0.5350]}    {[0.5300]}    {[0.5250]}

  Column 11

    {[0.5250]}


ans =

  1x11 cell array

  Columns 1 through 3

    {'2,2,1,2,2,2,2,...'}    {'2,1,1,2,2,1,1,...'}    {'2,1,1,2,1,1,1,...'}

  Columns 4 through 6

    {'2,1,1,2,2,1,1,...'}    {'2,1,1,2,1,1,1,...'}    {'1,2,2,1,1,2,2,...'}

  Columns 7 through 9

    {'1,1,2,1,1,2,1,...'}    {'1,2,2,1,1,2,2,...'}    {'2,1,1,2,1,1,2,...'}

  Columns 10 through 11

    {'1,2,2,1,2,2,1,...'}    {'2,1,1,2,1,1,2,...'}


database_subtable =

  11x24 table

    rep    iter    sep    dim     rho    sparsity    stop_og    stop_sdp    stop_loop     acc     obj_prim    obj_dual    obj_original    true_pos    false_pos    false_neg    diff_x_tilde_fro    diff_x_tilde_op    diff_x_tilde_ellone    time_est    time_SDP          jobdate             survived_indices                                                                                                                                                                                                          cluster_est                                                                                                                                                                                                   
    ___    ____    ___    ____    ___    ________    _______    ________    _________    _____    ________    ________    ____________    ________    _________    _________    ________________    _______________    ___________________    ________    ________    ____________________    _____________________    _________________________________________________________________________________________________________________________________________________________________________________________________________________________________________________________________________________________________________________________________________________________________________________________________________________

    96       0      4     5000     0        10        false      false        false      0.545           0           0            0          0            0            0               0                   0                    0                    0          0     11-Sep-2024 14:51:26    ""                       "2,2,1,2,2,2,2,1,1,1,2,2,2,2,1,2,1,2,2,2,2,1,1,2,1,1,1,1,2,1,1,2,1,1,2,2,1,2,1,1,2,1,2,1,1,2,2,1,1,1,1,1,1,1,1,1,2,1,1,1,1,2,2,2,2,2,2,2,2,2,1,1,2,1,1,2,2,1,2,2,2,1,1,1,1,1,1,1,1,2,1,2,1,2,1,1,1,2,1,1,2,1,2,1,2,2,1,1,1,1,2,2,2,1,1,2,2,2,2,1,1,2,2,1,2,2,2,2,2,2,2,1,1,2,2,1,2,1,1,2,1,1,1,1,2,2,2,1,1,1,2,1,1,2,2,1,1,1,1,1,2,2,2,1,2,2,2,1,2,2,1,1,1,2,2,1,1,2,1,2,2,1,1,2,1,1,2,2,2,1,2,2,2,1,1,2,2,2,2,1"
    96       1      4     5000     0        10        false      false        false       0.52     -1.1589     -1.1588       158.61          0            2           10               0                   0                    0             0.010581     27.574     11-Sep-2024 14:51:26    "1710,3783"              "2,1,1,2,2,1,1,1,1,1,1,2,1,2,1,1,1,2,2,2,1,1,1,2,1,1,1,2,1,2,2,1,1,2,1,2,1,2,2,2,1,1,1,2,1,2,2,1,1,2,1,1,1,1,1,1,2,1,1,1,2,2,2,1,1,2,1,2,1,2,1,2,2,1,1,1,1,1,2,2,1,2,1,1,1,2,1,1,1,2,2,1,2,1,1,2,2,1,2,2,2,1,1,2,2,2,1,2,1,1,1,1,2,1,1,1,1,2,2,1,1,2,2,2,2,1,2,1,1,1,1,2,1,1,2,2,2,2,1,1,1,1,2,1,2,2,1,1,1,1,2,1,1,1,1,1,1,1,1,1,1,1,1,1,2,1,1,1,2,2,2,2,2,1,1,2,2,2,1,2,1,1,1,2,1,1,2,2,2,2,1,1,1,1,1,1,1,1,1,1"
    96       2      4     5000     0        10        false      false        false      0.525     -1.0454     -1.0454          198          0            3           10               0                   0                    0             0.010159      36.68     11-Sep-2024 14:51:26    "2667,3783,3809"         "2,1,1,2,1,1,1,1,1,1,2,2,2,2,2,2,1,1,1,2,1,1,2,2,1,1,2,2,1,1,1,2,1,1,1,2,1,2,1,2,1,1,2,2,2,2,1,1,2,2,1,1,1,1,2,1,2,1,1,1,2,1,1,1,1,1,1,2,1,2,1,1,2,1,2,1,2,1,2,1,2,1,2,1,1,2,2,1,2,2,2,2,2,1,1,2,2,1,2,2,1,1,1,2,2,1,1,2,1,1,1,1,2,1,1,2,1,2,2,1,2,2,2,1,2,1,2,1,1,1,1,2,1,1,2,2,2,1,1,1,2,2,1,2,2,1,1,1,1,1,2,1,1,1,1,1,1,2,1,1,1,2,1,1,1,1,1,1,2,2,2,2,2,1,1,2,2,2,1,1,2,1,2,2,1,1,2,1,2,2,2,2,1,1,1,2,1,1,1,1"
    96       3      4     5000     0        10        false      false        false      0.545     -1.1811     -1.1811       229.11          0            4           10               0                   0                    0              0.01794     10.799     11-Sep-2024 14:51:26    "2667,3783,3809,4188"    "2,1,1,2,2,1,1,1,1,1,2,2,2,2,1,2,1,2,2,2,1,1,1,2,1,1,1,2,1,2,2,2,1,1,1,2,1,2,1,2,1,1,1,2,1,2,2,1,1,2,1,1,1,1,1,1,2,1,1,1,2,2,2,1,2,2,1,2,1,2,1,2,2,1,1,1,2,1,2,2,2,2,1,1,1,2,1,1,1,2,2,2,2,1,1,2,2,1,2,2,2,1,1,2,2,2,1,2,1,2,1,1,2,1,1,1,1,2,2,1,1,2,2,2,2,1,2,1,1,1,1,2,1,1,2,2,2,2,1,1,1,1,2,1,2,1,1,1,1,1,2,1,1,1,1,1,1,1,1,1,1,2,1,1,2,1,1,1,2,2,2,2,2,1,1,1,2,2,1,2,1,1,1,2,1,1,2,2,2,2,2,1,1,1,1,1,1,1,1,1"
    96       4      4     5000     0        10        false      false        true        0.51      -1.103      -1.103       223.84          0            4           10               0                   0                    0             0.009576     13.757     11-Sep-2024 14:51:26    "2387,2667,3783,3809"    "2,1,1,2,1,1,1,1,1,1,2,2,1,2,1,2,2,2,1,2,1,1,1,2,1,1,2,2,1,1,1,2,1,1,1,2,1,2,1,2,1,1,2,2,1,1,1,1,1,2,1,1,1,1,2,1,2,1,1,1,2,1,1,1,1,1,1,2,2,2,1,2,1,1,2,1,2,1,2,1,2,1,1,1,1,2,2,1,1,2,1,2,2,2,1,2,2,2,2,2,1,1,2,2,2,1,1,2,1,1,1,1,2,1,2,1,1,2,2,1,2,2,2,1,1,1,1,1,1,1,1,1,1,1,2,2,2,1,1,1,1,2,2,1,2,1,1,1,1,1,2,1,2,1,1,2,1,2,1,1,1,2,1,1,2,1,1,1,2,1,2,1,2,1,2,1,2,2,1,2,2,1,1,2,1,1,2,2,2,2,2,1,1,1,2,2,1,1,1,1"
    96       5      4     5000     0        10        false      false        false       0.55     -1.1683     -1.1683       231.19          0            4           10               0                   0                    0             0.009852     10.872     11-Sep-2024 14:51:26    "2387,2667,3783,3809"    "1,2,2,1,1,2,2,2,2,2,1,1,1,1,2,2,2,1,1,1,2,2,2,1,2,2,2,1,2,1,1,1,2,1,2,1,2,1,2,1,2,2,1,1,2,1,1,2,2,1,2,2,2,2,2,2,1,2,2,2,1,1,1,2,1,1,2,1,2,1,2,1,1,2,2,2,1,2,1,1,1,1,2,2,2,1,2,2,2,1,1,1,1,2,2,1,1,2,1,1,2,2,2,1,1,1,2,1,2,1,2,2,1,2,2,2,2,1,1,2,2,1,1,1,1,2,1,2,2,2,2,1,2,2,1,1,1,2,2,2,2,2,1,2,1,1,2,2,2,2,1,2,1,2,2,2,2,2,2,2,2,1,2,2,1,2,2,2,1,1,1,1,1,2,2,1,1,1,2,1,2,2,2,1,2,2,1,2,1,1,1,2,2,2,2,2,2,2,2,2"
    96       6      4     5000     0        10        false      false        false      0.505     -1.1968     -1.1968       212.75          0            4           10               0                   0                    0             0.023324     65.353     11-Sep-2024 14:51:26    "2667,3695,3783,3809"    "1,1,2,1,1,2,1,2,2,2,2,1,2,1,2,1,2,1,2,1,2,2,2,2,2,2,2,2,1,2,1,1,2,2,2,2,2,1,2,1,2,2,2,2,1,2,1,1,2,1,2,2,2,2,2,1,2,2,2,2,1,2,1,2,1,2,2,1,1,1,1,2,1,2,2,2,1,2,2,1,1,2,1,2,2,1,2,2,2,1,1,2,1,1,2,1,1,1,1,1,2,2,1,1,1,1,2,1,1,1,2,2,1,2,2,2,2,1,1,2,1,1,1,1,1,1,1,2,2,2,2,1,2,1,1,1,2,2,2,2,2,2,2,2,1,1,2,2,2,2,1,1,2,2,2,1,2,2,2,2,2,2,2,1,2,2,2,2,1,1,1,1,1,2,2,2,1,1,2,2,1,2,1,1,2,1,2,2,2,2,2,2,2,1,1,2,2,2,2,1"
    96       7      4     5000     0        10        false      false        false      0.535     -1.1055     -1.1055       209.62          0            3           10               0                   0                    0             0.009597     18.535     11-Sep-2024 14:51:26    "3695,3783,3809"         "1,2,2,1,1,2,2,2,2,2,2,1,2,1,2,1,2,1,1,1,2,2,2,1,2,2,2,1,2,1,2,1,2,2,2,1,2,1,2,1,2,2,2,1,2,2,1,2,2,1,2,2,2,2,2,2,1,2,2,2,1,1,1,2,1,1,2,1,2,1,2,2,1,2,2,2,2,2,1,1,2,1,2,2,2,1,2,2,2,1,1,2,1,2,2,1,1,2,1,1,2,2,1,1,1,1,2,1,2,2,2,2,1,2,2,2,2,1,1,2,2,1,1,2,2,2,1,2,2,2,2,1,2,2,1,1,1,2,2,2,2,2,2,2,1,2,2,2,2,2,1,2,2,2,2,2,2,2,2,2,2,2,2,2,1,2,2,2,1,1,1,1,1,2,2,1,1,1,2,1,2,2,2,1,2,2,1,2,1,1,1,2,2,2,2,2,2,2,2,2"
    96       8      4     5000     0        10        false      false        false       0.53     -0.7207    -0.72069       137.07          0            2           10               0                   0                    0             0.010508     13.384     11-Sep-2024 14:51:26    "3783,3809"              "2,1,1,2,1,1,2,1,1,1,2,2,1,2,2,2,2,2,1,2,1,1,2,1,1,1,2,2,2,1,1,2,2,1,2,2,1,2,1,2,1,2,2,2,2,1,2,2,2,2,1,1,2,1,2,2,2,2,1,2,2,2,1,2,2,1,1,2,2,2,1,1,2,1,2,1,1,2,2,2,2,2,2,1,1,2,2,2,1,1,2,2,2,2,2,2,2,2,2,2,1,1,2,2,2,1,1,2,1,1,2,2,2,1,1,2,1,2,2,1,2,2,2,1,1,2,2,1,1,1,1,2,1,1,2,2,1,1,1,1,2,2,1,2,2,1,2,1,2,1,2,2,1,2,2,2,2,2,1,1,1,2,1,1,2,2,2,2,2,1,2,1,2,1,2,2,2,2,2,2,2,1,2,2,2,2,1,1,2,1,2,2,1,1,2,2,2,1,1,2"
    96       9      4     5000     0        10        false      false        false      0.525    -0.35421    -0.35421       144.68          0            1           10               0                   0                    0              0.00957     14.673     11-Sep-2024 14:51:26    "3809"                   "1,2,2,1,2,2,1,2,2,2,1,1,2,1,1,1,1,1,2,1,2,2,1,1,2,2,1,1,1,2,2,1,1,2,1,1,2,1,2,1,2,1,1,1,1,2,1,2,1,1,2,2,2,2,1,2,1,1,2,1,1,1,2,1,1,2,2,1,1,1,2,2,1,2,1,2,2,1,1,1,1,1,1,2,2,1,1,2,2,2,1,1,1,1,2,1,1,1,1,1,2,2,1,1,1,2,2,1,2,2,1,1,1,2,2,1,2,1,1,2,1,1,1,2,2,1,1,2,2,2,2,1,2,2,1,1,2,2,2,2,1,1,2,1,1,2,1,2,2,2,1,1,2,1,2,1,2,1,2,2,2,1,2,2,1,1,2,1,1,2,1,2,1,2,1,1,1,1,1,1,1,2,1,1,1,1,1,2,1,2,1,1,2,2,1,1,1,2,2,1"
    96      10      4     5000     0        10        true       false        false      0.525    -0.32373    -0.32373       144.68          0            1           10               0                   0                    0             0.008865     17.509     11-Sep-2024 14:51:26    "3809"                   "2,1,1,2,1,1,2,1,1,1,2,2,1,2,2,2,2,2,1,2,1,1,2,2,1,1,2,2,2,1,1,2,2,1,2,2,1,2,1,2,1,2,2,2,2,1,2,1,2,2,1,1,1,1,2,1,2,2,1,2,2,2,1,2,2,1,1,2,2,2,1,1,2,1,2,1,1,2,2,2,2,2,2,1,1,2,2,1,1,1,2,2,2,2,1,2,2,2,2,2,1,1,2,2,2,1,1,2,1,1,2,2,2,1,1,2,1,2,2,1,2,2,2,1,1,2,2,1,1,1,1,2,1,1,2,2,1,1,1,1,2,2,1,2,2,1,2,1,1,1,2,2,1,2,1,2,1,2,1,1,1,2,1,1,2,2,1,2,2,1,2,1,2,1,2,2,2,2,2,2,2,1,2,2,2,2,2,1,2,1,2,2,1,1,2,2,2,1,1,2"

