==========================================
SLURM_JOB_ID = 25523653
SLURM_JOB_NODELIST = a03-08
TMPDIR = /tmp/SLURM_25523653
==========================================
hello
Starting parallel pool (parpool) ...
Connected to the parallel pool (number of workers: 15).

pool = 

 ProcessPool with properties: 

            Connected: true
           NumWorkers: 15
                 Busy: false
              Cluster: Local
        AttachedFiles: {}
    AutoAddClientPath: true
            FileStore: [1x1 parallel.FileStore]
           ValueStore: [1x1 parallel.ValueStore]
          IdleTimeout: 30 minutes (30 minutes remaining)
          SpmdEnabled: true


dimension =

        3500


separation =

     4


sample_size =

   200


table_name =

    'iso_sdp'


db_dir =

    '/home1/jongminm/sparse_kmeans/sparse_kmeans.db'


rho =

     0


full_run =

  logical

   0


blfs = 

  block_replication_for_server with properties:

          table_name: 'iso_sdp'
              db_dir: '/home1/jongminm/sparse_kmeans/sparse_kmeans.db'
      data_generator: [1x1 sparse_symmetric_data_generator]
      number_cluster: 2
          n_iter_max: 100
    window_size_half: 2
         sample_size: 200
         init_method: "sdp"
        cluster_true: []
             learner: []
            run_full: 0
     matrix_sparsity: 0
            data_obj: @data_gaussian

replication: (109)th 

  breakyes = 1.0,  maxresidual < 1.00e-04  breakyes=1.0,  maxresidual < 1.00e-06
1 th thresholding


cutoff =

    0.5737


0 entries survived 
All entries dead. Re-initializing...  breakyes = 1.0,  maxresidual < 1.00e-04  breakyes=1.0,  maxresidual < 1.00e-06
is_stop =

  logical

   0


final_iter =

     1


2 th thresholding


cutoff =

    0.5737


0 entries survived 
All entries dead. Re-initializing...  breakyes = 1.0,  maxresidual < 1.00e-04  breakyes=1.0,  maxresidual < 1.00e-06
is_stop =

  logical

   1


final_iter =

     2


 final iteration = 2 
acc_dict = 

  Map with properties:

        Count: 3
      KeyType: double
    ValueType: double


ans =

  1x3 cell array

    {[0.6150]}    {[0.6150]}    {[0.6100]}


ans =

  1x3 cell array

    {'2,2,2,1,2,1,1,2...'}    {'1,1,1,2,1,2,2,1...'}    {'2,2,2,1,2,1,1,2...'}


database_subtable =

  3x24 table

    rep    iter    sep    dim     rho    sparsity    stop_og    stop_sdp    stop_loop     acc     obj_prim    obj_dual    obj_original    true_pos    false_pos    false_neg    diff_x_tilde_fro    diff_x_tilde_op    diff_x_tilde_ellone    time_est    time_SDP          jobdate           survived_indices                                                                                                                                                                                                       cluster_est                                                                                                                                                                                                   
    ___    ____    ___    ____    ___    ________    _______    ________    _________    _____    ________    ________    ____________    ________    _________    _________    ________________    _______________    ___________________    ________    ________    ____________________    ________________    _________________________________________________________________________________________________________________________________________________________________________________________________________________________________________________________________________________________________________________________________________________________________________________________________________________

    109     0       4     3500     0        10        false      false        false      0.615       0           0             0             0            0            0               0                   0                    0                    0       0        11-Sep-2024 02:07:00           ""           "2,2,2,1,2,1,1,2,1,2,2,2,2,2,1,1,1,2,2,2,2,1,1,2,1,2,1,2,1,2,2,2,1,2,2,2,2,2,1,2,1,2,1,1,2,2,2,2,1,2,2,1,2,1,2,2,2,2,2,2,2,2,2,1,2,2,1,1,1,2,2,1,2,1,1,2,2,1,2,2,1,2,2,2,2,2,1,2,2,2,1,2,1,1,1,2,2,2,2,2,1,2,2,2,1,2,2,1,1,2,1,1,2,1,2,2,1,2,1,1,1,2,1,1,2,1,1,1,1,2,1,1,1,2,2,2,1,2,2,2,2,1,2,2,1,1,1,1,2,2,1,1,1,1,2,2,2,1,1,2,1,2,2,1,2,1,2,2,2,1,1,1,1,1,1,2,1,2,1,1,2,2,1,1,1,2,2,1,1,1,1,2,1,1,2,1,1,1,1,2"
    109     1       4     3500     0        10        false      false        false      0.615       0           0             0             0            0           10               0                   0                    0             0.018728       0        11-Sep-2024 02:07:00           ""           "1,1,1,2,1,2,2,1,2,1,1,1,1,1,2,2,2,1,1,1,1,2,2,1,2,1,2,1,2,1,1,1,2,1,1,1,1,1,2,1,2,1,2,2,1,1,1,1,2,1,1,2,1,2,1,1,1,1,1,1,1,1,1,2,1,1,2,2,2,1,1,2,1,2,2,1,1,2,1,1,2,1,1,1,1,1,2,1,1,1,2,1,2,2,2,1,1,1,1,1,2,1,1,1,2,1,1,2,2,1,2,2,1,2,1,1,2,1,2,2,2,1,2,2,1,2,2,2,2,1,2,2,2,1,1,1,2,1,1,1,1,2,1,1,2,2,2,2,1,1,2,2,2,2,1,1,1,2,2,1,2,1,1,2,1,2,1,1,1,2,2,2,2,2,2,1,2,1,2,2,1,1,2,2,2,1,1,2,2,2,2,1,2,2,1,2,2,2,2,1"
    109     2       4     3500     0        10        true       true         false       0.61       0           0             0             0            0           10               0                   0                    0             0.005874       0        11-Sep-2024 02:07:00           ""           "2,2,2,1,2,1,1,2,1,2,2,2,2,2,1,1,1,2,2,2,2,1,1,2,1,2,1,2,1,2,2,1,1,2,2,2,2,2,1,2,1,2,1,1,2,2,2,2,1,2,2,1,2,1,2,2,2,2,2,2,2,2,2,1,2,2,1,1,1,2,2,1,2,1,1,1,2,1,2,2,1,2,2,2,2,2,1,2,2,2,1,2,1,1,1,2,2,2,2,2,1,2,2,2,1,2,2,1,1,2,1,1,2,1,2,2,1,2,1,1,1,2,1,1,2,1,1,1,1,2,1,1,1,1,2,2,1,2,2,2,2,1,2,2,1,1,1,1,2,2,1,1,1,1,2,2,2,1,1,2,1,2,2,1,2,1,2,2,2,1,1,1,1,1,1,2,1,2,1,1,2,2,1,1,1,2,2,1,1,1,1,2,1,1,2,1,1,1,1,2"


blfs = 

  block_replication_for_server with properties:

          table_name: 'iso_sdp'
              db_dir: '/home1/jongminm/sparse_kmeans/sparse_kmeans.db'
      data_generator: [1x1 sparse_symmetric_data_generator]
      number_cluster: 2
          n_iter_max: 100
    window_size_half: 2
         sample_size: 200
         init_method: "sdp"
        cluster_true: []
             learner: []
            run_full: 0
     matrix_sparsity: 0
            data_obj: @data_gaussian

replication: (110)th 

  breakyes = 1.0,  maxresidual < 1.00e-04  breakyes=1.0,  maxresidual < 1.00e-06
1 th thresholding


cutoff =

    0.5770


4 entries survived 
solving SDP...  breakyes=1.3,  maxresidual < 1.00e-06took 5.832366s, relaxed dual: -3.601977, original: 347.566427 

is_stop =

  logical

   0


final_iter =

     1


2 th thresholding


cutoff =

    0.5762


9 entries survived 
solving SDP...  breakyes=1.4,  maxresidual < 1.00e-06took 6.242279s, relaxed dual: -7.632964, original: 791.753297 

is_stop =

  logical

   0


final_iter =

     1


3 th thresholding


cutoff =

    0.5714


11 entries survived 
solving SDP...  breakyes = 1.0,  maxresidual < 1.00e-04  breakyes=1.3,  maxresidual < 1.00e-06took 5.427322s, relaxed dual: -4.098316, original: 841.325013 

is_stop =

  logical

   0


final_iter =

     1


4 th thresholding


cutoff =

    0.5714


10 entries survived 
solving SDP...  breakyes = 1.0,  maxresidual < 1.00e-04  breakyes=1.0,  maxresidual < 1.00e-06took 3.901571s, relaxed dual: -4.027830, original: 833.509434 

is_stop =

  logical

   0


final_iter =

     1


5 th thresholding


cutoff =

    0.5713


10 entries survived 
solving SDP...  breakyes = 1.0,  maxresidual < 1.00e-04  breakyes=1.3,  maxresidual < 1.00e-06took 5.417328s, relaxed dual: -3.949552, original: 832.675411 

is_stop =

  logical

   0


final_iter =

     1


6 th thresholding


cutoff =

    0.5714


10 entries survived 
solving SDP...  breakyes = 1.0,  maxresidual < 1.00e-04  breakyes=1.0,  maxresidual < 1.00e-06took 2.705720s, relaxed dual: -3.963177, original: 834.871892 

change =

   -0.8951
   -0.0175
         0
   -0.0194
   -0.0160


change =

    0.0501
    0.0094
         0
    0.0010
    0.0016


is_stop =

  logical

   1


final_iter =

     6


 final iteration = 6 
acc_dict = 

  Map with properties:

        Count: 7
      KeyType: double
    ValueType: double


ans =

  1x7 cell array

  Columns 1 through 5

    {[0.6400]}    {[0.8650]}    {[0.9700]}    {[0.9700]}    {[0.9800]}

  Columns 6 through 7

    {[0.9750]}    {[0.9850]}


ans =

  1x7 cell array

  Columns 1 through 3

    {'1,1,2,1,1,2,2,...'}    {'1,2,2,1,2,1,2,...'}    {'2,2,2,2,2,2,2,...'}

  Columns 4 through 6

    {'2,2,2,2,2,2,2,...'}    {'2,2,2,2,2,2,2,...'}    {'2,2,2,2,2,2,2,...'}

  Column 7

    {'1,1,1,1,1,1,1,...'}


database_subtable =

  7x24 table

    rep    iter    sep    dim     rho    sparsity    stop_og    stop_sdp    stop_loop     acc     obj_prim    obj_dual    obj_original    true_pos    false_pos    false_neg    diff_x_tilde_fro    diff_x_tilde_op    diff_x_tilde_ellone    time_est    time_SDP          jobdate                survived_indices                                                                                                                                                                                                             cluster_est                                                                                                                                                                                                   
    ___    ____    ___    ____    ___    ________    _______    ________    _________    _____    ________    ________    ____________    ________    _________    _________    ________________    _______________    ___________________    ________    ________    ____________________    ___________________________    _________________________________________________________________________________________________________________________________________________________________________________________________________________________________________________________________________________________________________________________________________________________________________________________________________________

    110     0       4     3500     0        10        false      false        false       0.64          0           0             0           0           0            0               0                   0                    0                    0          0     11-Sep-2024 02:07:57    ""                             "1,1,2,1,1,2,2,1,1,2,1,1,1,2,1,1,1,2,2,1,2,1,1,2,1,1,1,2,1,1,2,2,1,1,1,1,1,1,1,1,1,2,2,2,2,1,1,1,2,1,1,1,1,1,1,2,2,1,1,2,1,1,1,1,1,1,1,2,2,1,1,1,1,1,1,2,1,1,2,1,1,1,2,1,1,1,1,1,1,1,1,1,1,1,2,2,1,2,2,1,1,2,1,1,2,1,1,1,2,2,1,1,2,2,2,2,2,2,2,2,2,2,2,1,2,2,2,2,1,1,1,1,1,2,2,1,1,2,2,2,1,1,1,2,1,2,1,1,1,2,2,1,2,1,2,2,2,2,1,2,2,2,2,2,2,2,1,2,1,1,1,1,1,2,1,2,2,1,1,2,2,2,1,2,1,2,1,1,2,2,2,1,2,2,2,1,2,1,2,1"
    110     1       4     3500     0        10        false      false        false      0.865     -3.602      -3.602        347.57           3           1            7               0                   0                    0              0.01211     5.8324     11-Sep-2024 02:07:57    "1,2,9,1600"                   "1,2,2,1,2,1,2,1,1,1,1,1,1,1,1,1,1,1,1,1,1,1,1,2,1,1,1,2,1,1,1,1,1,1,1,1,1,1,1,1,1,1,2,2,1,1,1,1,2,2,1,1,1,1,2,1,1,1,1,1,2,1,1,2,1,1,1,1,1,1,1,1,1,1,1,1,1,2,2,1,1,2,1,1,1,1,1,1,1,1,2,1,1,1,2,1,1,1,2,2,2,2,2,2,2,2,2,2,2,2,2,2,2,2,2,2,2,2,2,2,2,2,2,2,1,2,2,2,1,1,2,2,2,2,2,2,2,2,2,1,2,2,2,2,1,2,2,2,2,2,2,2,2,2,2,2,2,2,2,2,2,2,2,2,2,2,2,2,2,1,2,2,2,2,2,2,2,2,2,2,2,2,2,2,2,2,2,1,2,2,2,2,2,2,2,2,2,2,2,2"
    110     2       4     3500     0        10        false      false        false       0.97     -7.633      -7.633        791.75           9           0            1               0                   0                    0             0.006283     6.2423     11-Sep-2024 02:07:57    "1,2,3,4,5,7,8,9,10"           "2,2,2,2,2,2,2,2,2,2,2,2,2,2,2,2,1,2,2,2,2,2,1,2,2,2,2,2,2,2,2,2,2,2,2,2,2,2,2,2,2,2,2,2,2,2,2,2,2,1,2,2,2,2,2,2,2,2,2,2,2,2,2,1,2,2,2,2,2,2,2,2,2,2,2,2,2,2,2,2,2,2,2,2,2,2,2,2,2,2,2,2,2,2,2,2,2,2,2,2,1,1,1,1,1,1,1,1,1,1,1,1,1,1,1,1,1,1,1,1,1,1,1,1,2,1,1,1,1,1,1,1,1,1,1,1,1,1,1,1,1,1,1,1,1,1,1,1,1,1,1,1,1,1,1,1,1,1,1,1,1,1,1,1,1,1,1,1,1,1,1,1,1,1,1,1,1,2,1,1,1,1,1,1,1,1,1,1,1,1,1,1,1,1,1,1,1,1,1,1"
    110     3       4     3500     0        10        false      false        false       0.97    -4.0983     -4.0983        841.33          10           1            0               0                   0                    0             0.021341     5.4273     11-Sep-2024 02:07:57    "1,2,3,4,5,6,7,8,9,10,2842"    "2,2,2,2,2,2,2,2,2,2,2,2,2,2,2,2,2,2,2,2,2,2,2,2,2,2,2,2,2,2,2,2,2,2,2,2,2,2,2,2,2,2,2,2,2,2,2,2,2,1,2,2,1,2,2,2,2,2,2,2,2,2,2,1,2,2,2,2,2,2,2,2,2,2,2,2,2,2,2,2,2,1,2,2,2,2,2,2,2,2,2,2,2,2,2,2,2,2,2,2,1,1,1,1,1,1,1,1,1,1,1,1,1,1,1,1,1,1,1,1,1,1,1,1,2,1,1,1,1,1,1,1,1,1,1,1,1,1,1,1,2,1,1,1,1,1,1,1,1,1,1,1,1,1,1,1,1,1,1,1,1,1,1,1,1,1,1,1,1,1,1,1,1,1,1,1,1,1,1,1,1,1,1,1,1,1,1,1,1,1,1,1,1,1,1,1,1,1,1,1"
    110     4       4     3500     0        10        true       false        true        0.98    -4.0278     -4.0278        833.51          10           0            0               0                   0                    0             0.003942     3.9016     11-Sep-2024 02:07:57    "1,2,3,4,5,6,7,8,9,10"         "2,2,2,2,2,2,2,2,2,2,2,2,2,2,2,2,2,2,2,2,2,2,2,2,2,2,2,2,2,2,2,2,2,2,2,2,2,2,2,2,2,2,2,2,2,2,2,2,2,1,2,2,2,2,2,2,2,2,2,2,2,2,2,1,2,2,2,2,2,2,2,2,2,2,2,2,2,2,2,2,2,2,2,2,2,2,2,2,2,2,2,2,2,2,2,2,2,2,2,2,1,1,1,1,1,1,1,1,1,1,1,1,1,1,1,1,1,1,1,1,1,1,1,1,2,1,1,1,1,1,1,1,1,1,1,1,1,1,1,1,1,1,1,1,1,1,1,1,1,1,1,1,1,1,1,1,1,1,1,1,1,1,1,1,1,1,1,1,1,1,1,1,1,1,1,1,1,2,1,1,1,1,1,1,1,1,1,1,1,1,1,1,1,1,1,1,1,1,1,1"
    110     5       4     3500     0        10        false      false        false      0.975    -3.9496     -3.9496        832.68          10           0            0               0                   0                    0             0.002375     5.4173     11-Sep-2024 02:07:57    "1,2,3,4,5,6,7,8,9,10"         "2,2,2,2,2,2,2,2,2,2,2,2,2,2,2,2,2,2,2,2,2,2,2,2,2,2,2,2,2,2,2,2,2,2,2,2,2,2,2,2,2,2,2,2,2,2,2,2,2,1,2,2,1,2,2,2,2,2,2,2,2,2,2,1,2,2,2,2,2,2,2,2,2,2,2,2,2,2,2,2,2,2,2,2,2,2,2,2,2,2,2,2,2,2,2,2,2,2,2,2,1,1,1,1,1,1,1,1,1,1,1,1,1,1,1,1,1,1,1,1,1,1,1,1,2,1,1,1,1,1,1,1,1,1,1,1,1,1,1,1,2,1,1,1,1,1,1,1,1,1,1,1,1,1,1,1,1,1,1,1,1,1,1,1,1,1,1,1,1,1,1,1,1,1,1,1,1,1,1,1,1,1,1,1,1,1,1,1,1,1,1,1,1,1,1,1,1,1,1,1"
    110     6       4     3500     0        10        false      true         false      0.985    -3.9632     -3.9632        834.87          10           0            0               0                   0                    0             0.001943     2.7057     11-Sep-2024 02:07:57    "1,2,3,4,5,6,7,8,9,10"         "1,1,1,1,1,1,1,1,1,1,1,1,1,1,1,1,1,1,1,1,1,1,1,1,1,1,1,1,1,1,1,1,1,1,1,1,1,1,1,1,1,1,1,1,1,1,1,1,1,2,1,1,1,1,1,1,1,1,1,1,1,1,1,2,1,1,1,1,1,1,1,1,1,1,1,1,1,1,1,1,1,1,1,1,1,1,1,1,1,1,1,1,1,1,1,1,1,1,1,1,2,2,2,2,2,2,2,2,2,2,2,2,2,2,2,2,2,2,2,2,2,2,2,2,1,2,2,2,2,2,2,2,2,2,2,2,2,2,2,2,2,2,2,2,2,2,2,2,2,2,2,2,2,2,2,2,2,2,2,2,2,2,2,2,2,2,2,2,2,2,2,2,2,2,2,2,2,2,2,2,2,2,2,2,2,2,2,2,2,2,2,2,2,2,2,2,2,2,2,2"


blfs = 

  block_replication_for_server with properties:

          table_name: 'iso_sdp'
              db_dir: '/home1/jongminm/sparse_kmeans/sparse_kmeans.db'
      data_generator: [1x1 sparse_symmetric_data_generator]
      number_cluster: 2
          n_iter_max: 100
    window_size_half: 2
         sample_size: 200
         init_method: "sdp"
        cluster_true: []
             learner: []
            run_full: 0
     matrix_sparsity: 0
            data_obj: @data_gaussian

replication: (111)th 

  breakyes = 1.0,  maxresidual < 1.00e-04  breakyes=1.0,  maxresidual < 1.00e-06
1 th thresholding


cutoff =

    0.5716


3 entries survived 
solving SDP...  breakyes=1.4,  maxresidual < 1.00e-06took 9.787935s, relaxed dual: -0.903568, original: 159.005485 

is_stop =

  logical

   0


final_iter =

     1


2 th thresholding


cutoff =

    0.5713


5 entries survived 
solving SDP...  breakyes=1.4,  maxresidual < 1.00e-06took 9.883831s, relaxed dual: -1.278046, original: 177.585284 

is_stop =

  logical

   0


final_iter =

     1


3 th thresholding


cutoff =

    0.5844


1 entries survived 
solving SDP...  breakyes = 1.0,  maxresidual < 1.00e-04  breakyes=3.2,  dualfeasorg deteriorated too much: primfeasorg=1.37e-06,dualfeasorg=3.24e-05took 5.064114s, relaxed dual: -0.418428, original: 169.829713 

is_stop =

  logical

   0


final_iter =

     1


4 th thresholding


cutoff =

    0.5748


1 entries survived 
solving SDP...  breakyes = 1.0,  maxresidual < 1.00e-04  breakyes=1.4,  maxresidual < 1.00e-06took 10.285829s, relaxed dual: -0.377969, original: 169.829713 

is_stop =

  logical

   0


final_iter =

     1


5 th thresholding


cutoff =

    0.5748


1 entries survived 
solving SDP...  breakyes = 1.0,  maxresidual < 1.00e-04  breakyes=1.4,  maxresidual < 1.00e-06took 9.756982s, relaxed dual: -0.377969, original: 169.829713 

is_stop =

  logical

   1


final_iter =

     5


 final iteration = 5 
acc_dict = 

  Map with properties:

        Count: 6
      KeyType: double
    ValueType: double


ans =

  1x6 cell array

  Columns 1 through 5

    {[0.5850]}    {[0.5500]}    {[0.5450]}    {[0.5550]}    {[0.5550]}

  Column 6

    {[0.5550]}


ans =

  1x6 cell array

  Columns 1 through 3

    {'1,2,2,1,1,1,1,...'}    {'2,1,1,1,1,2,2,...'}    {'1,1,2,2,1,1,2,...'}

  Columns 4 through 6

    {'2,2,1,1,2,2,1,...'}    {'2,2,1,1,2,2,1,...'}    {'2,2,1,1,2,2,1,...'}


database_subtable =

  6x24 table

    rep    iter    sep    dim     rho    sparsity    stop_og    stop_sdp    stop_loop     acc     obj_prim    obj_dual    obj_original    true_pos    false_pos    false_neg    diff_x_tilde_fro    diff_x_tilde_op    diff_x_tilde_ellone    time_est    time_SDP          jobdate               survived_indices                                                                                                                                                                                                           cluster_est                                                                                                                                                                                                   
    ___    ____    ___    ____    ___    ________    _______    ________    _________    _____    ________    ________    ____________    ________    _________    _________    ________________    _______________    ___________________    ________    ________    ____________________    ________________________    _________________________________________________________________________________________________________________________________________________________________________________________________________________________________________________________________________________________________________________________________________________________________________________________________________________

    111     0       4     3500     0        10        false      false        false      0.585           0           0            0          0            0            0               0                   0                    0                    0          0     11-Sep-2024 02:09:19    ""                          "1,2,2,1,1,1,1,1,1,2,1,2,1,1,2,1,2,2,1,2,2,2,2,1,1,1,2,1,1,1,1,1,2,2,2,1,1,2,2,2,1,1,1,2,2,2,2,1,2,1,2,1,1,2,1,1,1,2,1,1,2,1,1,2,2,2,1,2,1,1,1,1,2,2,2,1,2,1,1,2,1,1,1,1,1,2,1,2,1,1,2,2,1,1,1,2,2,2,1,1,2,1,2,1,2,2,2,2,2,1,2,1,2,1,1,2,1,1,1,1,1,2,2,1,2,2,1,1,1,1,2,1,2,2,1,2,1,2,2,2,2,1,1,1,1,1,2,2,2,2,2,2,2,2,2,2,1,2,1,2,1,1,1,2,2,2,2,1,2,2,2,2,2,1,2,2,2,2,2,1,2,2,1,1,2,2,2,2,1,1,2,2,2,2,2,1,1,1,1,2"
    111     1       4     3500     0        10        false      false        false       0.55    -0.90357    -0.90357       159.01          0            3           10               0                   0                    0             0.003654     9.7879     11-Sep-2024 02:09:19    "434,991,2425"              "2,1,1,1,1,2,2,2,2,2,2,1,2,2,1,1,2,1,2,1,2,1,1,2,2,2,2,1,2,2,1,1,1,1,2,2,2,1,1,1,2,2,2,1,2,1,1,2,1,2,1,2,2,1,1,2,2,1,2,2,1,2,2,2,2,1,1,1,2,2,2,2,1,2,2,1,2,2,2,1,1,2,1,2,2,2,1,1,1,1,1,1,2,2,1,2,2,2,1,1,1,2,2,2,2,1,1,1,2,2,1,2,1,2,2,1,1,2,2,2,2,1,2,1,1,2,1,2,1,1,2,1,1,1,2,2,2,1,1,1,2,1,1,2,1,1,1,1,1,1,1,1,2,1,2,1,2,2,1,1,2,2,1,1,1,1,2,2,2,1,1,1,1,2,1,2,1,1,1,1,2,2,1,2,2,1,1,1,2,2,2,1,1,2,1,2,2,2,2,1"
    111     2       4     3500     0        10        false      false        false      0.545     -1.2781      -1.278       177.59          0            5           10               0                   0                    0             0.004018     9.8838     11-Sep-2024 02:09:19    "434,991,1282,1597,2425"    "1,1,2,2,1,1,2,1,1,1,2,2,1,1,2,1,1,1,1,1,1,2,2,2,2,1,2,2,2,1,1,1,2,1,2,1,1,1,1,1,2,1,1,1,1,1,1,2,2,1,1,1,1,2,2,1,1,2,1,1,2,1,1,1,1,2,1,2,2,1,1,1,2,1,1,2,1,2,1,1,1,1,2,1,1,1,1,1,2,1,2,2,1,1,1,1,2,2,2,1,2,1,2,2,1,2,2,1,1,2,1,1,1,2,1,1,2,1,2,1,2,2,1,1,1,2,1,2,1,2,2,1,1,1,1,1,1,1,2,2,1,2,2,1,1,1,1,2,2,2,2,2,1,1,2,1,1,1,2,2,2,1,1,2,1,2,2,1,2,2,1,1,1,1,2,2,1,2,2,2,2,1,2,1,1,2,2,1,1,1,2,1,1,1,1,1,1,1,1,2"
    111     3       4     3500     0        10        false      false        false      0.555    -0.41843    -0.41843       169.83          0            1           10               0                   0                    0             0.008923     5.0641     11-Sep-2024 02:09:19    "1597"                      "2,2,1,1,2,2,1,2,2,2,1,1,2,2,1,2,2,2,2,2,2,1,1,1,1,2,1,1,1,2,2,1,2,2,1,2,2,2,2,2,1,2,2,2,2,2,2,1,1,2,1,2,2,1,1,2,1,1,2,2,1,2,2,2,1,1,2,1,1,2,2,2,1,1,2,1,2,2,2,2,2,2,1,2,2,2,2,1,1,2,1,1,2,2,2,2,1,1,1,2,1,2,1,1,2,1,1,2,2,1,2,2,2,1,2,2,1,2,1,2,1,1,2,2,2,1,2,1,2,1,1,2,2,1,2,2,2,2,1,1,2,1,1,2,2,1,2,1,1,1,1,1,2,1,1,2,2,2,1,1,1,2,2,1,2,1,1,2,1,1,2,2,2,2,1,1,1,1,1,1,1,2,1,2,2,1,1,2,2,1,1,1,2,2,2,2,2,2,2,1"
    111     4       4     3500     0        10        true       false        false      0.555    -0.37797    -0.37797       169.83          0            1           10               0                   0                    0             0.003036     10.286     11-Sep-2024 02:09:19    "1597"                      "2,2,1,1,2,2,1,2,2,2,1,1,2,2,1,2,2,2,2,2,2,1,1,1,1,2,1,1,1,2,2,1,2,2,1,2,2,2,2,2,1,2,2,2,2,2,2,1,1,2,1,2,2,1,1,2,1,1,2,2,1,2,2,2,1,1,2,1,1,2,2,2,1,1,2,1,2,2,2,2,2,2,1,2,2,2,2,1,1,2,1,1,2,2,2,2,1,1,1,2,1,2,1,1,2,1,1,2,2,1,2,2,2,1,2,2,1,2,1,2,1,1,2,2,2,1,2,1,2,1,1,2,2,1,2,2,2,2,1,1,2,1,1,2,2,1,2,1,1,1,1,1,2,1,1,2,2,2,1,1,1,2,2,1,2,1,1,2,1,1,2,2,2,2,1,1,1,1,1,1,1,2,1,2,2,1,1,2,2,1,1,1,2,2,2,2,2,2,2,1"
    111     5       4     3500     0        10        false      true         false      0.555    -0.37797    -0.37797       169.83          0            1           10               0                   0                    0             0.003763      9.757     11-Sep-2024 02:09:19    "1597"                      "2,2,1,1,2,2,1,2,2,2,1,1,2,2,1,2,2,2,2,2,2,1,1,1,1,2,1,1,1,2,2,1,2,2,1,2,2,2,2,2,1,2,2,2,2,2,2,1,1,2,1,2,2,1,1,2,1,1,2,2,1,2,2,2,1,1,2,1,1,2,2,2,1,1,2,1,2,2,2,2,2,2,1,2,2,2,2,1,1,2,1,1,2,2,2,2,1,1,1,2,1,2,1,1,2,1,1,2,2,1,2,2,2,1,2,2,1,2,1,2,1,1,2,2,2,1,2,1,2,1,1,2,2,1,2,2,2,2,1,1,2,1,1,2,2,1,2,1,1,1,1,1,2,1,1,2,2,2,1,1,1,2,2,1,2,1,1,2,1,1,2,2,2,2,1,1,1,1,1,1,1,2,1,2,2,1,1,2,2,1,1,1,2,2,2,2,2,2,2,1"


blfs = 

  block_replication_for_server with properties:

          table_name: 'iso_sdp'
              db_dir: '/home1/jongminm/sparse_kmeans/sparse_kmeans.db'
      data_generator: [1x1 sparse_symmetric_data_generator]
      number_cluster: 2
          n_iter_max: 100
    window_size_half: 2
         sample_size: 200
         init_method: "sdp"
        cluster_true: []
             learner: []
            run_full: 0
     matrix_sparsity: 0
            data_obj: @data_gaussian

replication: (112)th 

  breakyes = 1.0,  maxresidual < 1.00e-04  breakyes=1.0,  maxresidual < 1.00e-06
1 th thresholding


cutoff =

    0.5718


5 entries survived 
solving SDP...  breakyes=1.4,  maxresidual < 1.00e-06took 4.245596s, relaxed dual: -5.913473, original: 455.708451 

is_stop =

  logical

   0


final_iter =

     1


2 th thresholding


cutoff =

    0.5737


10 entries survived 
solving SDP...  breakyes = 1.0,  maxresidual < 1.00e-04  breakyes=1.0,  maxresidual < 1.00e-06took 4.281332s, relaxed dual: -6.894744, original: 874.806615 

is_stop =

  logical

   0


final_iter =

     1


3 th thresholding


cutoff =

    0.5718


10 entries survived 
solving SDP...  breakyes=1.0,  maxresidual < 1.00e-06took 4.077560s, relaxed dual: -4.543028, original: 877.214987 

is_stop =

  logical

   0


final_iter =

     1


4 th thresholding


cutoff =

    0.5713


11 entries survived 
solving SDP...  breakyes = 1.0,  maxresidual < 1.00e-04


  breakyes=2.0,  primfeasorg*dualfeasorg < 1.00e-14took 14.634539s, relaxed dual: -4.599567, original: 898.738578 

is_stop =

  logical

   0


final_iter =

     1


5 th thresholding


cutoff =

    0.5714


11 entries survived 
solving SDP...  breakyes = 1.0,  maxresidual < 1.00e-04  breakyes=2.0,  primfeasorg*dualfeasorg < 1.00e-14took 11.615944s, relaxed dual: -4.568490, original: 899.126599 

is_stop =

  logical

   1


final_iter =

     5


 final iteration = 5 
acc_dict = 

  Map with properties:

        Count: 6
      KeyType: double
    ValueType: double


ans =

  1x6 cell array

  Columns 1 through 5

    {[0.6700]}    {[0.9250]}    {[0.9700]}    {[0.9700]}    {[0.9650]}

  Column 6

    {[0.9700]}


ans =

  1x6 cell array

  Columns 1 through 3

    {'2,2,1,1,1,1,2,...'}    {'1,1,1,1,1,2,1,...'}    {'2,1,2,2,2,2,2,...'}

  Columns 4 through 6

    {'2,2,2,2,2,1,2,...'}    {'1,2,1,1,1,2,1,...'}    {'1,1,1,1,1,2,1,...'}


database_subtable =

  6x24 table

    rep    iter    sep    dim     rho    sparsity    stop_og    stop_sdp    stop_loop     acc     obj_prim    obj_dual    obj_original    true_pos    false_pos    false_neg    diff_x_tilde_fro    diff_x_tilde_op    diff_x_tilde_ellone    time_est    time_SDP          jobdate               survived_indices                                                                                                                                                                                                            cluster_est                                                                                                                                                                                                   
    ___    ____    ___    ____    ___    ________    _______    ________    _________    _____    ________    ________    ____________    ________    _________    _________    ________________    _______________    ___________________    ________    ________    ____________________    _________________________    _________________________________________________________________________________________________________________________________________________________________________________________________________________________________________________________________________________________________________________________________________________________________________________________________________________

    112     0       4     3500     0        10        false      false        false       0.67          0           0             0           0           0            0               0                   0                    0                    0          0     11-Sep-2024 02:10:32    ""                           "2,2,1,1,1,1,2,2,2,2,2,2,1,1,2,2,1,2,1,1,1,2,1,2,2,1,2,1,2,1,1,2,1,2,2,1,2,2,1,2,2,2,2,1,1,1,2,2,1,2,2,2,2,2,1,2,1,2,2,2,1,1,2,2,1,2,2,2,2,2,2,2,2,2,2,2,1,2,2,2,2,1,2,2,2,2,2,2,2,2,2,2,2,1,2,2,2,2,1,2,2,1,2,1,1,1,1,1,1,1,1,2,1,1,2,1,1,1,1,2,1,1,2,2,1,1,1,2,2,1,2,1,1,2,1,2,1,1,1,1,1,2,2,1,1,1,2,1,2,2,1,2,2,2,1,2,2,1,1,1,1,1,1,1,1,1,1,2,1,2,1,1,2,1,1,2,1,1,1,1,2,1,1,1,1,1,2,1,1,2,2,2,1,1,2,1,2,2,2,1"
    112     1       4     3500     0        10        false      false        false      0.925    -5.9135     -5.9135        455.71           4           1            6               0                   0                    0             0.002386     4.2456     11-Sep-2024 02:10:32    "1,2,7,8,1934"               "1,1,1,1,1,2,1,1,1,1,1,1,1,1,1,1,1,1,1,1,1,1,1,1,1,1,1,1,1,2,1,1,1,1,1,1,1,1,1,1,1,1,1,1,1,1,1,1,1,1,1,1,1,1,2,1,1,1,1,1,1,1,1,1,1,1,1,1,1,1,1,1,1,1,1,1,1,1,1,1,1,1,1,1,1,1,1,1,1,1,1,1,1,1,1,1,1,1,1,1,2,2,2,2,1,2,2,2,2,2,2,2,2,2,2,2,2,2,2,1,1,2,2,2,2,2,2,2,1,2,2,2,2,1,2,1,2,2,2,2,2,2,1,2,2,2,2,2,2,2,2,2,2,2,2,1,2,2,2,2,2,2,2,2,2,2,2,2,2,2,2,2,2,1,2,2,2,2,2,2,2,2,2,2,2,2,2,1,2,2,2,2,2,2,2,2,2,1,1,2"
    112     2       4     3500     0        10        false      false        false       0.97    -6.8947     -6.8947        874.81          10           0            0               0                   0                    0             0.002352     4.2813     11-Sep-2024 02:10:32    "1,2,3,4,5,6,7,8,9,10"       "2,1,2,2,2,2,2,2,2,2,2,2,2,2,2,2,2,2,2,2,2,2,2,2,2,2,2,2,2,2,2,2,2,2,2,2,2,2,2,2,2,2,2,2,2,2,2,2,2,2,2,2,2,2,1,2,2,1,2,2,2,2,2,2,2,2,2,2,2,2,2,2,2,2,2,2,2,2,2,2,2,2,2,1,2,1,2,2,2,2,2,2,2,2,2,2,2,2,2,2,1,1,1,1,1,1,1,1,1,1,1,1,1,1,1,1,1,1,1,1,1,1,1,1,1,1,1,1,1,1,1,1,1,1,1,1,1,1,1,1,1,1,1,1,1,1,1,1,1,1,1,1,1,1,1,1,1,1,1,1,1,1,1,1,1,1,1,1,1,1,1,1,1,1,1,1,1,1,1,1,1,1,1,1,1,1,1,1,1,1,2,1,1,1,1,1,1,1,1,1"
    112     3       4     3500     0        10        true       false        false       0.97     -4.543      -4.543        877.21          10           0            0               0                   0                    0             0.002407     4.0776     11-Sep-2024 02:10:32    "1,2,3,4,5,6,7,8,9,10"       "2,2,2,2,2,1,2,2,2,2,2,2,2,2,2,2,2,2,2,2,2,2,2,2,2,2,2,2,2,2,2,2,2,2,2,2,2,2,2,2,2,2,2,2,2,2,2,2,2,2,2,2,2,2,1,2,2,2,2,2,2,2,2,2,2,2,2,2,2,2,2,2,2,2,2,2,2,2,2,2,2,2,2,1,2,2,2,2,2,2,2,2,2,2,2,2,2,2,2,2,1,1,1,1,1,1,1,1,1,1,1,1,1,1,1,1,1,1,1,1,1,1,1,1,1,1,1,1,2,1,1,1,1,2,1,1,1,1,1,1,1,1,1,1,1,1,1,1,1,1,1,1,1,1,1,1,1,1,1,1,1,1,1,1,1,1,1,1,1,1,1,1,1,1,1,1,1,1,1,1,1,1,1,1,1,1,1,1,1,1,2,1,1,1,1,1,1,1,1,1"
    112     4       4     3500     0        10        false      false        false      0.965    -4.5996     -4.5996        898.74          10           1            0               0                   0                    0             0.001941     14.635     11-Sep-2024 02:10:32    "1,2,3,4,5,6,7,8,9,10,13"    "1,2,1,1,1,2,1,1,1,1,1,1,1,1,1,1,1,1,1,1,1,1,1,1,1,1,1,1,1,1,1,1,1,1,1,1,1,1,1,1,1,1,1,1,1,1,1,1,1,1,1,1,1,1,2,1,1,1,1,1,1,1,1,1,1,1,1,1,1,1,1,1,1,1,1,1,1,1,1,1,1,1,1,2,1,1,1,1,1,1,1,1,1,1,1,1,1,1,1,1,2,2,2,2,2,2,2,2,2,2,2,2,2,2,2,2,2,2,2,2,1,2,2,2,2,2,2,2,1,2,2,2,2,2,2,2,2,2,2,2,2,2,2,2,2,2,2,2,2,2,2,2,2,2,2,2,2,2,2,2,2,2,2,2,2,2,2,2,2,2,2,2,2,2,2,2,2,2,2,2,2,2,2,2,2,2,2,2,2,2,1,2,2,2,2,2,2,2,2,2"
    112     5       4     3500     0        10        false      true         false       0.97    -4.5685     -4.5685        899.13          10           1            0               0                   0                    0              0.00435     11.616     11-Sep-2024 02:10:32    "1,2,3,4,5,6,7,8,9,10,13"    "1,1,1,1,1,2,1,1,1,1,1,1,1,1,1,1,1,1,1,1,1,1,1,1,1,1,1,1,1,1,1,1,1,1,1,1,1,1,1,1,1,1,1,1,1,1,1,1,1,1,1,1,1,1,2,1,1,1,1,1,1,1,1,1,1,1,1,1,1,1,1,1,1,1,1,1,1,1,1,1,1,1,1,2,1,1,1,1,1,1,1,1,1,1,1,1,1,1,1,1,2,2,2,2,2,2,2,2,2,2,2,2,2,2,2,2,2,2,2,2,1,2,2,2,2,2,2,2,1,2,2,2,2,2,2,2,2,2,2,2,2,2,2,2,2,2,2,2,2,2,2,2,2,2,2,2,2,2,2,2,2,2,2,2,2,2,2,2,2,2,2,2,2,2,2,2,2,2,2,2,2,2,2,2,2,2,2,2,2,2,1,2,2,2,2,2,2,2,2,2"

