==========================================
SLURM_JOB_ID = 25534977
SLURM_JOB_NODELIST = b22-11
TMPDIR = /tmp/SLURM_25534977
==========================================
hello
Starting parallel pool (parpool) ...
Connected to the parallel pool (number of workers: 15).

pool = 

 ProcessPool with properties: 

            Connected: true
           NumWorkers: 15
                 Busy: false
              Cluster: Local
        AttachedFiles: {}
    AutoAddClientPath: true
            FileStore: [1x1 parallel.FileStore]
           ValueStore: [1x1 parallel.ValueStore]
          IdleTimeout: 30 minutes (30 minutes remaining)
          SpmdEnabled: true


dimension =

        4500


separation =

     4


sample_size =

   200


table_name =

    'iso_sdp'


db_dir =

    '/home1/jongminm/sparse_kmeans/sparse_kmeans.db'


rho =

     0


full_run =

  logical

   0


blfs = 

  block_replication_for_server with properties:

          table_name: 'iso_sdp'
              db_dir: '/home1/jongminm/sparse_kmeans/sparse_kmeans.db'
      data_generator: [1x1 sparse_symmetric_data_generator]
      number_cluster: 2
          n_iter_max: 100
    window_size_half: 2
         sample_size: 200
         init_method: "sdp"
        cluster_true: []
             learner: []
            run_full: 0
     matrix_sparsity: 0
            data_obj: @data_gaussian

replication: (73)th 

  breakyes = 1.0,  maxresidual < 1.00e-04  breakyes=1.0,  maxresidual < 1.00e-06
1 th thresholding


cutoff =

    0.5843


2 entries survived 
solving SDP...  breakyes=1.3,  maxresidual < 1.00e-06took 41.827229s, relaxed dual: -1.564053, original: 195.774932 

is_stop =

  logical

   0


final_iter =

     1


2 th thresholding


cutoff =

    0.5867


8 entries survived 
solving SDP...  breakyes=1.3,  maxresidual < 1.00e-06took 19.756689s, relaxed dual: -10.799377, original: 697.127305 

is_stop =

  logical

   0


final_iter =

     1


3 th thresholding


cutoff =

    0.5815


10 entries survived 
solving SDP...  breakyes=1.0,  maxresidual < 1.00e-06took 6.534086s, relaxed dual: -4.309906, original: 890.517909 

is_stop =

  logical

   0


final_iter =

     1


4 th thresholding


cutoff =

    0.5811


10 entries survived 
solving SDP...  breakyes=1.0,  maxresidual < 1.00e-06took 4.821661s, relaxed dual: -3.863018, original: 883.263448 

is_stop =

  logical

   0


final_iter =

     1


5 th thresholding


cutoff =

    0.5803


10 entries survived 
solving SDP...  breakyes = 1.0,  maxresidual < 1.00e-04  breakyes=1.0,  maxresidual < 1.00e-06took 7.042556s, relaxed dual: -4.020431, original: 890.517909 

is_stop =

  logical

   0


final_iter =

     1


6 th thresholding


cutoff =

    0.5811


10 entries survived 
solving SDP...  breakyes=1.0,  maxresidual < 1.00e-06took 5.853481s, relaxed dual: -3.863018, original: 883.263448 

change =

   -1.7956
   -0.1157
         0
   -0.0407
         0


change =

    0.2107
    0.0082
         0
    0.0082
         0


is_stop =

  logical

   1


final_iter =

     4


 final iteration = 4 
acc_dict = 

  Map with properties:

        Count: 5
      KeyType: double
    ValueType: double


ans =

  1x5 cell array

    {[0.6300]}    {[0.7050]}    {[0.9450]}    {[0.9700]}    {[0.9550]}


ans =

  1x5 cell array

  Columns 1 through 3

    {'2,1,1,2,2,2,2,...'}    {'2,2,2,1,2,2,2,...'}    {'1,1,1,1,2,1,1,...'}

  Columns 4 through 5

    {'2,2,2,2,2,2,2,...'}    {'1,1,1,1,1,1,1,...'}


database_subtable =

  5x24 table

    rep    iter    sep    dim     rho    sparsity    stop_og    stop_sdp    stop_loop     acc     obj_prim    obj_dual    obj_original    true_pos    false_pos    false_neg    diff_x_tilde_fro    diff_x_tilde_op    diff_x_tilde_ellone    time_est    time_SDP          jobdate              survived_indices                                                                                                                                                                                                          cluster_est                                                                                                                                                                                                   
    ___    ____    ___    ____    ___    ________    _______    ________    _________    _____    ________    ________    ____________    ________    _________    _________    ________________    _______________    ___________________    ________    ________    ____________________    ______________________    _________________________________________________________________________________________________________________________________________________________________________________________________________________________________________________________________________________________________________________________________________________________________________________________________________________

    73      0       4     4500     0        10        false      false        false       0.63          0           0             0           0           0            0               0                   0                    0                    0          0     11-Sep-2024 14:35:04    ""                        "2,1,1,2,2,2,2,2,1,2,1,2,1,2,1,2,2,2,1,2,2,1,1,2,2,1,2,1,2,1,2,2,2,2,2,2,2,2,2,1,2,2,2,1,2,1,2,1,2,2,2,2,2,2,2,1,2,2,1,2,2,1,2,2,2,1,1,2,1,1,2,1,1,2,2,2,2,2,2,2,2,1,2,2,2,1,2,1,2,2,2,2,2,2,2,1,2,2,1,1,2,1,2,1,1,1,1,2,1,1,1,2,2,2,1,1,2,1,2,1,2,1,1,2,2,2,1,1,2,1,2,2,1,1,1,2,2,1,1,2,1,1,1,1,1,2,2,2,1,2,1,1,2,1,1,1,2,2,2,1,1,1,2,1,1,2,1,1,2,2,1,2,1,2,1,1,2,1,1,1,2,2,2,1,1,2,1,2,1,1,2,1,1,2,1,1,2,2,1,2"
    73      1       4     4500     0        10        false      false        false      0.705    -1.5641     -1.5641        195.77           1           1            9               0                   0                    0             0.065659     41.827     11-Sep-2024 14:35:04    "6,4053"                  "2,2,2,1,2,2,2,2,1,2,1,2,2,2,2,2,2,1,1,1,2,1,1,2,2,1,1,2,2,2,2,2,1,2,2,2,2,2,2,1,2,2,1,1,1,1,2,1,2,2,1,2,2,1,2,2,2,2,2,2,2,2,2,1,2,1,1,1,1,1,2,1,2,1,2,1,2,1,2,2,2,1,2,1,2,1,2,1,1,2,2,2,2,2,2,1,1,2,1,2,1,1,2,1,1,1,2,2,2,1,1,1,2,1,2,1,2,2,1,1,2,1,1,1,1,2,1,1,1,1,1,2,1,1,2,1,1,1,1,1,1,1,1,1,1,1,1,1,1,2,1,1,1,1,1,2,1,2,2,1,1,1,1,2,1,1,1,2,1,1,1,1,1,1,1,1,1,1,1,1,1,1,1,1,1,1,2,2,1,1,1,1,2,1,1,1,1,2,1,1"
    73      2       4     4500     0        10        false      false        false      0.945    -10.799     -10.799        697.13           7           1            3               0                   0                    0             0.010134     19.757     11-Sep-2024 14:35:04    "3,4,5,6,7,8,9,4053"      "1,1,1,1,2,1,1,1,1,1,1,1,1,1,1,1,1,1,1,2,1,1,2,1,1,1,1,1,1,1,1,1,1,1,2,1,1,1,1,1,1,1,1,2,1,1,1,2,1,1,2,1,1,1,1,1,1,1,1,1,1,1,2,1,1,1,1,1,1,1,1,1,1,1,1,1,1,1,1,1,1,2,1,1,1,1,1,1,1,1,1,1,1,1,1,1,1,1,1,1,2,2,2,2,2,2,2,2,2,2,2,2,2,2,2,2,2,1,2,2,2,2,2,2,2,2,2,2,2,2,2,2,2,2,2,2,2,2,2,2,2,2,2,2,2,2,2,2,2,2,2,2,2,2,2,2,2,2,2,2,2,2,2,2,2,2,2,2,2,2,2,2,2,2,2,2,1,2,2,2,2,2,2,2,2,2,2,2,2,2,2,2,2,2,2,2,2,2,2,2"
    73      3       4     4500     0        10        false      false        false       0.97    -4.3099     -4.3099        890.52          10           0            0               0                   0                    0              0.01389     6.5341     11-Sep-2024 14:35:04    "1,2,3,4,5,6,7,8,9,10"    "2,2,2,2,2,2,2,2,2,2,2,2,2,2,2,2,2,2,2,2,2,2,2,2,2,2,2,2,2,2,2,2,2,2,1,2,2,2,2,2,2,2,2,1,2,2,2,1,2,2,1,2,2,2,2,2,2,2,2,2,2,2,1,2,2,2,2,2,2,2,2,2,2,2,2,2,2,2,2,2,2,1,2,2,2,2,2,2,2,2,2,2,2,2,2,2,2,2,2,2,1,1,1,1,1,1,1,1,1,1,1,1,1,1,1,1,1,1,1,1,1,1,1,1,1,1,1,1,1,1,1,1,1,1,1,1,1,1,1,1,1,1,1,1,1,1,1,1,1,1,1,1,1,1,1,1,1,1,1,1,1,1,1,1,1,1,1,1,1,1,1,1,1,1,1,1,1,1,1,1,1,1,1,1,1,1,1,1,1,1,1,1,1,1,1,1,1,1,1,1"
    73      4       4     4500     0        10        true       false        true       0.955     -3.863      -3.863        883.26          10           0            0               0                   0                    0             0.008324     4.8217     11-Sep-2024 14:35:04    "1,2,3,4,5,6,7,8,9,10"    "1,1,1,1,1,1,1,1,1,1,1,1,1,1,1,1,1,1,1,1,1,1,1,1,1,1,1,1,1,1,1,1,1,1,2,1,1,1,1,1,1,1,1,2,1,1,1,2,1,1,2,1,1,1,1,1,1,1,1,1,1,1,2,1,1,1,1,1,1,1,1,1,1,1,1,1,1,1,1,1,1,2,1,1,1,1,1,1,1,1,1,1,1,1,1,1,1,1,1,1,2,2,2,2,2,2,2,2,2,2,2,2,1,2,1,2,2,1,2,2,2,2,2,2,2,2,2,2,2,2,2,2,2,2,2,2,2,2,2,2,2,2,2,2,2,2,2,2,2,2,2,2,2,2,2,2,2,2,2,2,2,2,2,2,2,2,2,2,2,2,2,2,2,2,2,2,2,2,2,2,2,2,2,2,2,2,2,2,2,2,2,2,2,2,2,2,2,2,2,2"


blfs = 

  block_replication_for_server with properties:

          table_name: 'iso_sdp'
              db_dir: '/home1/jongminm/sparse_kmeans/sparse_kmeans.db'
      data_generator: [1x1 sparse_symmetric_data_generator]
      number_cluster: 2
          n_iter_max: 100
    window_size_half: 2
         sample_size: 200
         init_method: "sdp"
        cluster_true: []
             learner: []
            run_full: 0
     matrix_sparsity: 0
            data_obj: @data_gaussian

replication: (74)th 

  breakyes = 1.0,  maxresidual < 1.00e-04  breakyes=1.0,  maxresidual < 1.00e-06
1 th thresholding


cutoff =

    0.5830


1 entries survived 
solving SDP...  breakyes = 1.0,  maxresidual < 1.00e-04  breakyes=1.4,  maxresidual < 1.00e-06took 20.859341s, relaxed dual: -0.725171, original: 138.246392 

is_stop =

  logical

   0


final_iter =

     1


2 th thresholding


cutoff =

    0.5805


1 entries survived 
solving SDP...  breakyes = 1.0,  maxresidual < 1.00e-04  breakyes=1.4,  maxresidual < 1.00e-06took 19.586073s, relaxed dual: -0.290760, original: 138.246392 

is_stop =

  logical

   0


final_iter =

     1


3 th thresholding


cutoff =

    0.5805


1 entries survived 
solving SDP...  breakyes = 1.0,  maxresidual < 1.00e-04  breakyes=1.4,  maxresidual < 1.00e-06took 18.091809s, relaxed dual: -0.290760, original: 138.246392 

is_stop =

  logical

   1


final_iter =

     3


 final iteration = 3 
acc_dict = 

  Map with properties:

        Count: 4
      KeyType: double
    ValueType: double


ans =

  1x4 cell array

    {[0.5500]}    {[0.5600]}    {[0.5600]}    {[0.5600]}


ans =

  1x4 cell array

  Columns 1 through 3

    {'1,1,2,1,1,1,2,...'}    {'2,1,1,1,1,1,2,...'}    {'2,1,1,1,1,1,2,...'}

  Column 4

    {'1,2,2,2,2,2,1,...'}


database_subtable =

  4x24 table

    rep    iter    sep    dim     rho    sparsity    stop_og    stop_sdp    stop_loop    acc     obj_prim    obj_dual    obj_original    true_pos    false_pos    false_neg    diff_x_tilde_fro    diff_x_tilde_op    diff_x_tilde_ellone    time_est    time_SDP          jobdate           survived_indices                                                                                                                                                                                                       cluster_est                                                                                                                                                                                                   
    ___    ____    ___    ____    ___    ________    _______    ________    _________    ____    ________    ________    ____________    ________    _________    _________    ________________    _______________    ___________________    ________    ________    ____________________    ________________    _________________________________________________________________________________________________________________________________________________________________________________________________________________________________________________________________________________________________________________________________________________________________________________________________________________

    74      0       4     4500     0        10        false      false        false      0.55           0           0            0          0            0            0               0                   0                    0                    0          0     11-Sep-2024 14:36:38         ""             "1,1,2,1,1,1,2,1,1,1,1,1,2,2,1,2,2,2,2,2,1,2,2,2,2,2,2,2,2,1,2,1,2,1,2,1,1,2,1,2,2,1,1,2,2,2,2,2,1,2,2,2,1,2,2,2,2,2,2,1,1,2,2,1,2,2,1,1,2,2,2,2,2,1,2,1,1,2,2,2,2,2,1,2,1,1,1,2,2,2,2,1,2,1,2,2,1,1,1,1,2,1,2,1,2,2,2,1,2,1,2,2,1,2,1,1,1,1,1,1,1,1,2,2,2,2,2,2,2,2,2,1,2,2,1,1,2,2,2,1,1,1,2,2,2,2,2,1,1,2,1,1,2,2,2,2,1,2,2,2,1,2,1,1,2,2,1,2,1,1,1,2,2,1,2,2,1,2,1,1,1,2,1,1,1,1,2,1,2,1,1,1,1,1,1,1,1,2,2,1"
    74      1       4     4500     0        10        false      false        false      0.56    -0.72517    -0.72517       138.25          0            1           10               0                   0                    0             0.010438     20.859     11-Sep-2024 14:36:38         "454"          "2,1,1,1,1,1,2,2,1,1,2,1,1,2,1,1,2,1,2,1,1,1,2,2,2,1,2,2,1,1,1,1,1,1,1,1,1,1,1,2,2,1,1,2,2,2,2,2,1,2,1,2,2,1,2,1,1,2,2,1,2,2,1,1,2,1,1,1,2,2,2,2,2,1,1,2,1,1,1,2,2,2,1,1,2,1,1,2,1,1,2,2,1,1,2,1,1,1,1,1,2,2,2,1,2,2,2,1,2,1,2,2,2,1,1,2,2,2,2,1,1,1,2,1,2,2,2,2,2,1,2,2,1,1,1,2,2,2,1,1,1,2,2,1,1,2,1,1,1,1,1,1,2,1,2,2,1,1,2,2,1,1,2,2,2,2,1,1,1,2,2,2,2,2,2,2,1,1,2,2,2,2,2,1,1,1,2,1,2,2,1,1,2,1,2,1,1,1,1,1"
    74      2       4     4500     0        10        true       false        false      0.56    -0.29076    -0.29076       138.25          0            1           10               0                   0                    0             0.003574     19.586     11-Sep-2024 14:36:38         "454"          "2,1,1,1,1,1,2,2,1,1,2,1,1,2,1,1,2,1,2,1,1,1,2,2,2,1,2,2,1,1,1,1,1,1,1,1,1,1,1,2,2,1,1,2,2,2,2,2,1,2,1,2,2,1,2,1,1,2,2,1,2,2,1,1,2,1,1,1,2,2,2,2,2,1,1,2,1,1,1,2,2,2,1,1,2,1,1,2,1,1,2,2,1,1,2,1,1,1,1,1,2,2,2,1,2,2,2,1,2,1,2,2,2,1,1,2,2,2,2,1,1,1,2,1,2,2,2,2,2,1,2,2,1,1,1,2,2,2,1,1,1,2,2,1,1,2,1,1,1,1,1,1,2,1,2,2,1,1,2,2,1,1,2,2,2,2,1,1,1,2,2,2,2,2,2,2,1,1,2,2,2,2,2,1,1,1,2,1,2,2,1,1,2,1,2,1,1,1,1,1"
    74      3       4     4500     0        10        false      true         false      0.56    -0.29076    -0.29076       138.25          0            1           10               0                   0                    0              0.00454     18.092     11-Sep-2024 14:36:38         "454"          "1,2,2,2,2,2,1,1,2,2,1,2,2,1,2,2,1,2,1,2,2,2,1,1,1,2,1,1,2,2,2,2,2,2,2,2,2,2,2,1,1,2,2,1,1,1,1,1,2,1,2,1,1,2,1,2,2,1,1,2,1,1,2,2,1,2,2,2,1,1,1,1,1,2,2,1,2,2,2,1,1,1,2,2,1,2,2,1,2,2,1,1,2,2,1,2,2,2,2,2,1,1,1,2,1,1,1,2,1,2,1,1,1,2,2,1,1,1,1,2,2,2,1,2,1,1,1,1,1,2,1,1,2,2,2,1,1,1,2,2,2,1,1,2,2,1,2,2,2,2,2,2,1,2,1,1,2,2,1,1,2,2,1,1,1,1,2,2,2,1,1,1,1,1,1,1,2,2,1,1,1,1,1,2,2,2,1,2,1,1,2,2,1,2,1,2,2,2,2,2"


blfs = 

  block_replication_for_server with properties:

          table_name: 'iso_sdp'
              db_dir: '/home1/jongminm/sparse_kmeans/sparse_kmeans.db'
      data_generator: [1x1 sparse_symmetric_data_generator]
      number_cluster: 2
          n_iter_max: 100
    window_size_half: 2
         sample_size: 200
         init_method: "sdp"
        cluster_true: []
             learner: []
            run_full: 0
     matrix_sparsity: 0
            data_obj: @data_gaussian

replication: (75)th 

  breakyes = 1.0,  maxresidual < 1.00e-04  breakyes=1.0,  maxresidual < 1.00e-06
1 th thresholding


cutoff =

    0.5803


1 entries survived 
solving SDP...  breakyes = 1.0,  maxresidual < 1.00e-04  breakyes=1.4,  maxresidual < 1.00e-06took 17.550870s, relaxed dual: -0.875803, original: 149.886645 

is_stop =

  logical

   0


final_iter =

     1


2 th thresholding


cutoff =

    0.5815


1 entries survived 
solving SDP...  breakyes = 1.0,  maxresidual < 1.00e-04  breakyes=1.4,  maxresidual < 1.00e-06took 21.479223s, relaxed dual: -0.362630, original: 149.886645 

is_stop =

  logical

   0


final_iter =

     1


3 th thresholding


cutoff =

    0.5815


1 entries survived 
solving SDP...  breakyes = 1.0,  maxresidual < 1.00e-04  breakyes=1.4,  maxresidual < 1.00e-06took 20.930489s, relaxed dual: -0.362630, original: 149.886645 

is_stop =

  logical

   1


final_iter =

     3


 final iteration = 3 
acc_dict = 

  Map with properties:

        Count: 4
      KeyType: double
    ValueType: double


ans =

  1x4 cell array

    {[0.5850]}    {[0.5150]}    {[0.5150]}    {[0.5150]}


ans =

  1x4 cell array

  Columns 1 through 3

    {'2,1,1,2,2,1,1,...'}    {'2,1,2,2,2,2,1,...'}    {'2,1,2,2,2,2,1,...'}

  Column 4

    {'1,2,1,1,1,1,2,...'}


database_subtable =

  4x24 table

    rep    iter    sep    dim     rho    sparsity    stop_og    stop_sdp    stop_loop     acc     obj_prim    obj_dual    obj_original    true_pos    false_pos    false_neg    diff_x_tilde_fro    diff_x_tilde_op    diff_x_tilde_ellone    time_est    time_SDP          jobdate           survived_indices                                                                                                                                                                                                       cluster_est                                                                                                                                                                                                   
    ___    ____    ___    ____    ___    ________    _______    ________    _________    _____    ________    ________    ____________    ________    _________    _________    ________________    _______________    ___________________    ________    ________    ____________________    ________________    _________________________________________________________________________________________________________________________________________________________________________________________________________________________________________________________________________________________________________________________________________________________________________________________________________________

    75      0       4     4500     0        10        false      false        false      0.585           0           0            0          0            0            0               0                   0                    0                    0          0     11-Sep-2024 14:38:09         ""             "2,1,1,2,2,1,1,2,2,2,2,1,2,2,2,2,2,1,2,1,2,2,1,2,1,2,2,2,2,2,1,2,1,2,1,1,1,2,2,2,1,2,2,2,2,2,1,1,1,1,1,1,2,2,1,1,2,2,1,2,2,2,1,2,2,1,2,2,2,1,1,1,1,2,2,1,2,1,2,2,2,2,1,1,1,2,1,1,1,1,2,2,1,2,2,1,1,2,1,2,1,2,2,1,1,2,1,1,2,1,1,1,2,2,1,1,2,2,2,1,1,1,1,1,2,2,2,1,1,1,1,1,1,1,2,1,2,1,2,1,1,1,2,1,2,1,1,1,2,1,1,2,1,2,1,1,2,2,1,1,2,1,1,2,2,1,2,2,1,1,2,1,2,1,1,1,1,1,2,1,1,2,1,2,1,2,1,1,2,2,2,1,1,1,1,1,2,2,2,2"
    75      1       4     4500     0        10        false      false        false      0.515     -0.8758     -0.8758       149.89          0            1           10               0                   0                    0             0.004225     17.551     11-Sep-2024 14:38:09         "1451"         "2,1,2,2,2,2,1,1,2,1,2,1,2,2,2,1,1,2,1,2,1,2,1,2,1,1,2,2,2,1,1,2,1,2,2,1,1,2,1,1,2,1,2,2,1,2,1,2,1,2,1,1,1,2,2,1,2,2,1,2,2,1,2,2,2,1,1,2,2,2,2,1,2,2,1,2,2,1,1,1,1,1,1,1,2,2,1,2,2,2,2,1,2,1,1,2,1,1,1,1,1,2,2,2,1,2,1,2,1,1,1,2,1,1,1,2,1,2,2,1,1,2,2,2,2,2,1,1,1,2,2,2,1,1,1,1,2,1,1,2,1,1,2,1,2,1,1,1,1,2,2,2,1,2,1,1,1,2,1,1,2,2,1,2,2,1,2,2,2,2,2,1,2,2,2,1,1,2,2,2,2,2,2,2,1,2,1,2,2,2,1,1,2,1,2,2,2,2,1,2"
    75      2       4     4500     0        10        true       false        false      0.515    -0.36263    -0.36263       149.89          0            1           10               0                   0                    0             0.005236     21.479     11-Sep-2024 14:38:09         "1451"         "2,1,2,2,2,2,1,1,2,1,2,1,2,2,2,1,1,2,1,2,1,2,1,2,1,1,2,2,2,1,1,2,1,2,2,1,1,2,1,1,2,1,2,2,1,2,1,2,1,2,1,1,1,2,2,1,2,2,1,2,2,1,2,2,2,1,1,2,2,2,2,1,2,2,1,2,2,1,1,1,1,1,1,1,2,2,1,2,2,2,2,1,2,1,1,2,1,1,1,1,1,2,2,2,1,2,1,2,1,1,1,2,1,1,1,2,1,2,2,1,1,2,2,2,2,2,1,1,1,2,2,2,1,1,1,1,2,1,1,2,1,1,2,1,2,1,1,1,1,2,2,2,1,2,1,1,1,2,1,1,2,2,1,2,2,1,2,2,2,2,2,1,2,2,2,1,1,2,2,2,2,2,2,2,1,2,1,2,2,2,1,1,2,1,2,2,2,2,1,2"
    75      3       4     4500     0        10        false      true         false      0.515    -0.36263    -0.36263       149.89          0            1           10               0                   0                    0              0.00285      20.93     11-Sep-2024 14:38:09         "1451"         "1,2,1,1,1,1,2,2,1,2,1,2,1,1,1,2,2,1,2,1,2,1,2,1,2,2,1,1,1,2,2,1,2,1,1,2,2,1,2,2,1,2,1,1,2,1,2,1,2,1,2,2,2,1,1,2,1,1,2,1,1,2,1,1,1,2,2,1,1,1,1,2,1,1,2,1,1,2,2,2,2,2,2,2,1,1,2,1,1,1,1,2,1,2,2,1,2,2,2,2,2,1,1,1,2,1,2,1,2,2,2,1,2,2,2,1,2,1,1,2,2,1,1,1,1,1,2,2,2,1,1,1,2,2,2,2,1,2,2,1,2,2,1,2,1,2,2,2,2,1,1,1,2,1,2,2,2,1,2,2,1,1,2,1,1,2,1,1,1,1,1,2,1,1,1,2,2,1,1,1,1,1,1,1,2,1,2,1,1,1,2,2,1,2,1,1,1,1,2,1"


blfs = 

  block_replication_for_server with properties:

          table_name: 'iso_sdp'
              db_dir: '/home1/jongminm/sparse_kmeans/sparse_kmeans.db'
      data_generator: [1x1 sparse_symmetric_data_generator]
      number_cluster: 2
          n_iter_max: 100
    window_size_half: 2
         sample_size: 200
         init_method: "sdp"
        cluster_true: []
             learner: []
            run_full: 0
     matrix_sparsity: 0
            data_obj: @data_gaussian

replication: (76)th 

  breakyes=1.0,  maxresidual < 1.00e-06
1 th thresholding


cutoff =

    0.5815


2 entries survived 
solving SDP...  breakyes = 1.0,  maxresidual < 1.00e-04  breakyes=3.2,  dualfeasorg deteriorated too much: primfeasorg=1.28e-06,dualfeasorg=4.81e-05took 7.684121s, relaxed dual: -2.177491, original: 258.047148 

is_stop =

  logical

   0


final_iter =

     1


2 th thresholding


cutoff =

    0.5843


9 entries survived 
solving SDP...  breakyes=3.2,  dualfeasorg deteriorated too much: primfeasorg=1.06e-06,dualfeasorg=3.90e-05took 12.522254s, relaxed dual: -8.132102, original: 781.997699 

is_stop =

  logical

   0


final_iter =

     1


3 th thresholding


cutoff =

    0.5802


10 entries survived 
solving SDP...  breakyes=1.0,  maxresidual < 1.00e-06took 6.771672s, relaxed dual: -4.475606, original: 829.457422 

is_stop =

  logical

   0


final_iter =

     1


4 th thresholding


cutoff =

    0.5801


10 entries survived 
solving SDP...  breakyes = 1.0,  maxresidual < 1.00e-04  breakyes=3.2,  dualfeasorg deteriorated too much: primfeasorg=7.84e-07,dualfeasorg=2.34e-05took 36.696224s, relaxed dual: -4.271251, original: 828.550416 

is_stop =

  logical

   0


final_iter =

     1


5 th thresholding


cutoff =

    0.5801


10 entries survived 
solving SDP...  breakyes = 1.0,  maxresidual < 1.00e-04  breakyes=1.4,  maxresidual < 1.00e-06took 23.176905s, relaxed dual: -4.288026, original: 829.516505 

is_stop =

  logical

   1


final_iter =

     5


 final iteration = 5 
acc_dict = 

  Map with properties:

        Count: 6
      KeyType: double
    ValueType: double


ans =

  1x6 cell array

  Columns 1 through 5

    {[0.6550]}    {[0.8400]}    {[0.9500]}    {[0.9650]}    {[0.9650]}

  Column 6

    {[0.9600]}


ans =

  1x6 cell array

  Columns 1 through 3

    {'1,2,1,1,2,1,1,...'}    {'2,1,1,1,1,2,1,...'}    {'2,2,2,2,2,1,2,...'}

  Columns 4 through 6

    {'2,2,2,2,2,2,2,...'}    {'1,1,1,1,1,1,1,...'}    {'2,2,2,2,2,2,2,...'}


database_subtable =

  6x24 table

    rep    iter    sep    dim     rho    sparsity    stop_og    stop_sdp    stop_loop     acc     obj_prim    obj_dual    obj_original    true_pos    false_pos    false_neg    diff_x_tilde_fro    diff_x_tilde_op    diff_x_tilde_ellone    time_est    time_SDP          jobdate              survived_indices                                                                                                                                                                                                          cluster_est                                                                                                                                                                                                   
    ___    ____    ___    ____    ___    ________    _______    ________    _________    _____    ________    ________    ____________    ________    _________    _________    ________________    _______________    ___________________    ________    ________    ____________________    ______________________    _________________________________________________________________________________________________________________________________________________________________________________________________________________________________________________________________________________________________________________________________________________________________________________________________________________

    76      0       4     4500     0        10        false      false        false      0.655          0           0             0           0           0            0               0                   0                    0                    0          0     11-Sep-2024 14:39:55    ""                        "1,2,1,1,2,1,1,2,1,1,1,1,1,2,2,2,1,1,2,1,1,2,1,1,1,1,2,2,2,1,1,1,2,1,1,2,2,2,1,1,2,1,1,2,1,2,1,1,2,2,2,1,1,1,1,1,1,2,1,2,1,2,1,2,1,1,1,2,2,1,2,1,1,1,1,1,1,1,2,2,1,1,1,2,1,2,1,1,1,2,2,2,1,1,1,1,2,2,1,2,1,1,1,2,1,2,2,1,2,2,2,2,2,2,1,1,2,2,2,2,2,2,2,1,2,2,2,2,2,1,2,1,2,1,2,2,2,2,2,1,2,2,2,2,1,1,2,2,2,2,2,2,2,2,1,2,2,1,1,2,2,2,1,1,2,2,2,1,1,1,1,1,2,2,1,2,2,2,2,1,2,1,2,2,1,1,2,2,2,2,1,2,2,2,2,2,2,2,2,1"
    76      1       4     4500     0        10        false      false        false       0.84    -2.1775     -2.1775        258.05           2           0            8               0                   0                    0             0.006753     7.6841     11-Sep-2024 14:39:55    "7,9"                     "2,1,1,1,1,2,1,1,1,1,1,1,1,2,1,1,1,1,2,1,1,2,1,1,1,2,1,2,2,1,1,1,1,1,1,1,1,2,1,1,1,1,1,1,1,2,1,2,1,2,1,1,1,1,1,1,2,2,1,2,1,1,1,1,1,1,2,1,1,2,1,1,1,1,1,1,1,1,1,1,2,1,2,1,1,2,1,1,1,1,1,1,1,1,1,1,2,1,2,1,2,2,2,2,1,2,2,2,1,2,2,2,2,2,2,1,2,2,1,1,2,2,2,2,2,2,2,2,2,2,2,2,2,2,2,2,2,2,2,2,2,2,1,2,2,2,2,2,2,2,2,2,1,2,2,2,2,1,2,2,2,2,2,2,2,2,2,2,2,2,2,2,2,2,2,2,2,1,2,2,2,2,2,2,2,1,2,2,2,2,2,2,2,2,2,2,2,2,2,2"
    76      2       4     4500     0        10        false      false        false       0.95    -8.1321     -8.1321           782           9           0            1               0                   0                    0              0.00498     12.522     11-Sep-2024 14:39:55    "1,2,4,5,6,7,8,9,10"      "2,2,2,2,2,1,2,2,2,2,2,2,2,2,2,2,2,2,2,2,2,1,2,2,2,2,2,2,1,2,2,2,2,2,2,2,2,2,2,2,2,2,2,2,2,2,2,2,2,2,2,2,2,2,2,2,2,2,2,2,2,2,2,2,2,2,2,2,2,1,2,2,2,2,2,2,2,2,2,2,2,2,2,2,2,2,2,2,2,2,2,2,2,2,2,2,2,2,2,2,1,1,1,1,2,1,1,1,2,1,1,1,1,1,1,2,1,1,1,1,1,1,1,1,1,1,1,1,1,1,1,1,1,1,1,1,1,1,1,1,1,1,1,1,1,1,1,1,1,1,1,1,1,1,1,1,1,1,1,1,1,1,1,1,1,1,1,1,1,1,1,1,1,1,1,1,1,2,1,1,1,1,1,1,1,1,1,2,2,1,1,1,1,1,1,1,1,1,1,1"
    76      3       4     4500     0        10        false      false        false      0.965    -4.4756     -4.4756        829.46          10           0            0               0                   0                    0             0.008039     6.7717     11-Sep-2024 14:39:55    "1,2,3,4,5,6,7,8,9,10"    "2,2,2,2,2,2,2,2,2,2,2,2,2,2,2,2,2,2,2,2,2,2,2,2,2,2,2,2,1,2,2,2,2,2,2,2,2,2,2,2,2,2,2,2,2,2,2,2,2,2,2,2,2,2,2,2,2,1,2,2,2,2,2,1,2,2,2,2,2,2,2,2,2,2,2,2,2,2,2,2,2,2,2,2,2,2,2,2,2,2,2,2,2,2,2,2,2,2,2,2,1,1,1,1,2,1,1,1,2,1,1,1,1,1,1,2,1,1,1,1,1,1,1,1,1,1,1,1,1,1,1,1,1,1,1,1,1,1,1,1,1,1,1,1,1,1,1,1,1,1,1,1,1,1,1,1,1,1,1,1,1,1,1,1,1,1,1,1,1,1,1,1,1,1,1,1,1,1,1,1,1,1,1,1,1,1,1,1,2,1,1,1,1,1,1,1,1,1,1,1"
    76      4       4     4500     0        10        true       false        false      0.965    -4.2713     -4.2713        828.55          10           0            0               0                   0                    0             0.013575     36.696     11-Sep-2024 14:39:55    "1,2,3,4,5,6,7,8,9,10"    "1,1,1,1,1,1,1,1,1,1,1,1,1,1,1,1,1,1,1,1,1,1,1,1,1,1,1,1,2,1,1,1,1,1,1,1,1,1,1,1,1,1,1,1,1,1,1,1,1,1,1,1,1,1,1,1,1,2,1,1,1,1,1,1,1,1,1,1,1,2,1,1,1,1,1,1,1,1,1,1,1,1,1,1,1,1,1,1,1,1,1,1,1,1,1,1,1,1,1,1,2,2,2,2,1,2,2,2,1,2,2,2,2,2,2,1,2,2,2,2,2,2,2,2,2,2,2,2,2,2,2,2,2,2,2,2,2,2,2,2,2,2,2,2,2,2,2,2,2,2,2,2,2,2,2,2,2,2,2,2,2,2,2,2,2,2,2,2,2,2,2,2,2,2,2,2,2,2,2,2,2,2,2,2,2,2,2,2,1,2,2,2,2,2,2,2,2,2,2,2"
    76      5       4     4500     0        10        false      true         false       0.96     -4.288      -4.288        829.52          10           0            0               0                   0                    0             0.006269     23.177     11-Sep-2024 14:39:55    "1,2,3,4,5,6,7,8,9,10"    "2,2,2,2,2,2,2,2,2,2,2,2,2,2,2,2,2,2,2,2,2,2,2,2,2,2,2,2,1,2,2,2,2,2,2,2,2,2,2,2,2,2,2,2,2,2,2,2,2,2,2,2,2,2,2,2,2,1,2,2,2,2,2,1,2,2,2,2,2,1,2,2,2,2,2,2,2,2,2,2,2,2,2,2,2,2,2,2,2,2,2,2,2,2,2,2,2,2,2,2,1,1,1,1,2,1,1,1,2,1,1,1,1,1,1,2,1,1,1,1,1,1,1,1,1,1,1,1,1,1,1,1,1,1,1,1,1,1,1,1,1,1,1,1,1,1,1,1,1,1,1,1,1,1,1,1,1,1,1,1,1,1,1,1,1,1,1,1,1,1,1,1,1,1,1,1,1,1,1,1,1,1,1,1,1,1,1,1,2,1,1,1,1,1,1,1,1,1,1,1"

