==========================================
SLURM_JOB_ID = 25534064
SLURM_JOB_NODELIST = a02-07
TMPDIR = /tmp/SLURM_25534064
==========================================
hello
Starting parallel pool (parpool) ...
Connected to the parallel pool (number of workers: 15).

pool = 

 ProcessPool with properties: 

            Connected: true
           NumWorkers: 15
                 Busy: false
              Cluster: Local
        AttachedFiles: {}
    AutoAddClientPath: true
            FileStore: [1x1 parallel.FileStore]
           ValueStore: [1x1 parallel.ValueStore]
          IdleTimeout: 30 minutes (30 minutes remaining)
          SpmdEnabled: true


dimension =

        4000


separation =

     5


sample_size =

   200


table_name =

    'iso_sdp'


db_dir =

    '/home1/jongminm/sparse_kmeans/sparse_kmeans.db'


rho =

     0


full_run =

  logical

   0


blfs = 

  block_replication_for_server with properties:

          table_name: 'iso_sdp'
              db_dir: '/home1/jongminm/sparse_kmeans/sparse_kmeans.db'
      data_generator: [1x1 sparse_symmetric_data_generator]
      number_cluster: 2
          n_iter_max: 100
    window_size_half: 2
         sample_size: 200
         init_method: "sdp"
        cluster_true: []
             learner: []
            run_full: 0
     matrix_sparsity: 0
            data_obj: @data_gaussian

replication: (49)th 

  breakyes = 1.0,  maxresidual < 1.00e-04  breakyes=1.0,  maxresidual < 1.00e-06
1 th thresholding


cutoff =

    0.5778


10 entries survived 
solving SDP...  breakyes=1.0,  maxresidual < 1.00e-06took 2.334100s, relaxed dual: -25.895394, original: 1194.308870 

is_stop =

  logical

   0


final_iter =

     1


2 th thresholding


cutoff =

    0.5760


10 entries survived 
solving SDP...
  breakyes=3.2,  dualfeasorg deteriorated too much: primfeasorg=2.08e-06,dualfeasorg=2.25e-05took 9.507861s, relaxed dual: -4.589336, original: 1187.372381 

is_stop =

  logical

   0


final_iter =

     1


3 th thresholding


cutoff =

    0.5761


10 entries survived 
solving SDP...  breakyes=1.3,  maxresidual < 1.00e-06took 5.506259s, relaxed dual: -4.792987, original: 1194.308870 

is_stop =

  logical

   0


final_iter =

     1


4 th thresholding


cutoff =

    0.5760


10 entries survived 
solving SDP...
  breakyes=3.2,  dualfeasorg deteriorated too much: primfeasorg=2.08e-06,dualfeasorg=2.25e-05took 9.949445s, relaxed dual: -4.589336, original: 1187.372381 

is_stop =

  logical

   0


final_iter =

     1


5 th thresholding


cutoff =

    0.5761


10 entries survived 
solving SDP...  breakyes=1.3,  maxresidual < 1.00e-06took 5.320284s, relaxed dual: -4.792987, original: 1194.308870 

is_stop =

  logical

   0


final_iter =

     1


6 th thresholding


cutoff =

    0.5760


10 entries survived 
solving SDP...
  breakyes=3.2,  dualfeasorg deteriorated too much: primfeasorg=2.08e-06,dualfeasorg=2.25e-05took 9.644345s, relaxed dual: -4.589336, original: 1187.372381 

change =

         0
   -0.0444
         0
   -0.0444
         0


change =

         0
    0.0058
         0
    0.0058
         0


is_stop =

  logical

   1


final_iter =

     4


 final iteration = 4 
acc_dict = 

  Map with properties:

        Count: 5
      KeyType: double
    ValueType: double


ans =

  1x5 cell array

    {[0.8000]}    {[1]}    {[0.9900]}    {[1]}    {[0.9900]}


ans =

  1x5 cell array

  Columns 1 through 3

    {'1,2,1,1,2,2,1,...'}    {'1,1,1,1,1,1,1,...'}    {'2,2,2,2,2,2,2,...'}

  Columns 4 through 5

    {'1,1,1,1,1,1,1,...'}    {'2,2,2,2,2,2,2,...'}


database_subtable =

  5x24 table

    rep    iter    sep    dim     rho    sparsity    stop_og    stop_sdp    stop_loop    acc     obj_prim    obj_dual    obj_original    true_pos    false_pos    false_neg    diff_x_tilde_fro    diff_x_tilde_op    diff_x_tilde_ellone    time_est    time_SDP          jobdate              survived_indices                                                                                                                                                                                                          cluster_est                                                                                                                                                                                                   
    ___    ____    ___    ____    ___    ________    _______    ________    _________    ____    ________    ________    ____________    ________    _________    _________    ________________    _______________    ___________________    ________    ________    ____________________    ______________________    _________________________________________________________________________________________________________________________________________________________________________________________________________________________________________________________________________________________________________________________________________________________________________________________________________________

    49      0       5     4000     0        10        false      false        false       0.8          0           0             0           0           0            0               0                   0                    0                    0          0     11-Sep-2024 13:47:44    ""                        "1,2,1,1,2,2,1,1,1,2,2,2,1,1,1,1,2,1,1,2,1,2,1,1,2,2,1,1,1,1,2,1,1,2,1,1,1,1,2,2,1,1,1,1,1,1,1,2,1,1,1,1,1,1,1,1,1,1,1,2,2,1,1,1,1,1,1,2,1,1,1,1,1,2,1,1,1,1,1,1,1,1,1,1,1,1,2,1,1,2,1,1,2,1,1,1,1,1,2,1,2,2,2,2,2,2,2,2,2,2,1,1,1,1,2,2,2,2,2,1,2,2,2,2,2,1,1,2,2,2,2,2,2,2,2,2,2,2,2,2,2,2,2,2,2,2,2,2,2,2,2,2,1,2,2,2,2,2,2,2,2,2,1,2,2,2,2,2,2,2,2,1,1,2,1,2,2,2,2,2,2,2,2,2,2,1,2,2,2,1,1,2,2,2,2,2,2,1,2,2"
    49      1       5     4000     0        10        false      false        false         1    -25.895     -25.895        1194.3          10           0            0               0                   0                    0             0.025691     2.3341     11-Sep-2024 13:47:44    "1,2,3,4,5,6,7,8,9,10"    "1,1,1,1,1,1,1,1,1,1,1,1,1,1,1,1,1,1,1,1,1,1,1,1,1,1,1,1,1,1,1,1,1,1,1,1,1,1,1,1,1,1,1,1,1,1,1,1,1,1,1,1,1,1,1,1,1,1,1,1,1,1,1,1,1,1,1,1,1,1,1,1,1,1,1,1,1,1,1,1,1,1,1,1,1,1,1,1,1,1,1,1,1,1,1,1,1,1,1,1,2,2,2,2,2,2,2,2,2,2,2,2,2,2,2,2,2,2,2,2,2,2,2,2,2,2,2,2,2,2,2,2,2,2,2,2,2,2,2,2,2,2,2,2,2,2,2,2,2,2,2,2,2,2,2,2,2,2,2,2,2,2,2,2,2,2,2,2,2,2,2,2,2,2,2,2,2,2,2,2,2,2,2,2,2,2,2,2,2,2,2,2,2,2,2,2,2,2,2,2"
    49      2       5     4000     0        10        true       false        false      0.99    -4.5893     -4.5893        1187.4          10           0            0               0                   0                    0             0.006454     9.5079     11-Sep-2024 13:47:44    "1,2,3,4,5,6,7,8,9,10"    "2,2,2,2,2,2,2,2,2,2,2,2,2,2,2,2,2,2,2,2,2,2,2,2,2,2,2,2,2,2,2,2,2,2,2,2,2,2,2,2,2,2,2,2,2,2,2,2,2,2,2,2,2,2,2,2,2,2,2,2,2,2,2,2,2,2,2,2,2,2,2,2,2,2,2,2,2,2,2,2,2,2,2,2,2,2,2,2,2,2,2,2,2,2,2,2,2,2,2,2,1,1,1,1,1,1,1,1,1,1,1,1,1,1,1,1,1,1,1,1,1,1,1,1,1,1,1,1,1,1,1,2,1,1,1,1,1,1,1,1,1,1,1,1,1,1,1,1,2,1,1,1,1,1,1,1,1,1,1,1,1,1,1,1,1,1,1,1,1,1,1,1,1,1,1,1,1,1,1,1,1,1,1,1,1,1,1,1,1,1,1,1,1,1,1,1,1,1,1,1"
    49      3       5     4000     0        10        false      false        false         1     -4.793      -4.793        1194.3          10           0            0               0                   0                    0             0.008551     5.5063     11-Sep-2024 13:47:44    "1,2,3,4,5,6,7,8,9,10"    "1,1,1,1,1,1,1,1,1,1,1,1,1,1,1,1,1,1,1,1,1,1,1,1,1,1,1,1,1,1,1,1,1,1,1,1,1,1,1,1,1,1,1,1,1,1,1,1,1,1,1,1,1,1,1,1,1,1,1,1,1,1,1,1,1,1,1,1,1,1,1,1,1,1,1,1,1,1,1,1,1,1,1,1,1,1,1,1,1,1,1,1,1,1,1,1,1,1,1,1,2,2,2,2,2,2,2,2,2,2,2,2,2,2,2,2,2,2,2,2,2,2,2,2,2,2,2,2,2,2,2,2,2,2,2,2,2,2,2,2,2,2,2,2,2,2,2,2,2,2,2,2,2,2,2,2,2,2,2,2,2,2,2,2,2,2,2,2,2,2,2,2,2,2,2,2,2,2,2,2,2,2,2,2,2,2,2,2,2,2,2,2,2,2,2,2,2,2,2,2"
    49      4       5     4000     0        10        false      false        true       0.99    -4.5893     -4.5893        1187.4          10           0            0               0                   0                    0             0.004833     9.9494     11-Sep-2024 13:47:44    "1,2,3,4,5,6,7,8,9,10"    "2,2,2,2,2,2,2,2,2,2,2,2,2,2,2,2,2,2,2,2,2,2,2,2,2,2,2,2,2,2,2,2,2,2,2,2,2,2,2,2,2,2,2,2,2,2,2,2,2,2,2,2,2,2,2,2,2,2,2,2,2,2,2,2,2,2,2,2,2,2,2,2,2,2,2,2,2,2,2,2,2,2,2,2,2,2,2,2,2,2,2,2,2,2,2,2,2,2,2,2,1,1,1,1,1,1,1,1,1,1,1,1,1,1,1,1,1,1,1,1,1,1,1,1,1,1,1,1,1,1,1,2,1,1,1,1,1,1,1,1,1,1,1,1,1,1,1,1,2,1,1,1,1,1,1,1,1,1,1,1,1,1,1,1,1,1,1,1,1,1,1,1,1,1,1,1,1,1,1,1,1,1,1,1,1,1,1,1,1,1,1,1,1,1,1,1,1,1,1,1"


blfs = 

  block_replication_for_server with properties:

          table_name: 'iso_sdp'
              db_dir: '/home1/jongminm/sparse_kmeans/sparse_kmeans.db'
      data_generator: [1x1 sparse_symmetric_data_generator]
      number_cluster: 2
          n_iter_max: 100
    window_size_half: 2
         sample_size: 200
         init_method: "sdp"
        cluster_true: []
             learner: []
            run_full: 0
     matrix_sparsity: 0
            data_obj: @data_gaussian

replication: (50)th 

  breakyes = 1.0,  maxresidual < 1.00e-04  breakyes=1.0,  maxresidual < 1.00e-06
1 th thresholding


cutoff =

    0.5770


10 entries survived 
solving SDP...  breakyes=3.2,  dualfeasorg deteriorated too much: primfeasorg=1.33e-06,dualfeasorg=1.41e-05took 2.550469s, relaxed dual: -32.209979, original: 1274.472112 

is_stop =

  logical

   0


final_iter =

     1


2 th thresholding


cutoff =

    0.5760


10 entries survived 
solving SDP...  breakyes=3.1,  primfeasorg deteriorated too much: primfeasorg=2.16e-06,dualfeasorg=2.68e-06took 3.456450s, relaxed dual: -6.470410, original: 1274.336969 

is_stop =

  logical

   0


final_iter =

     1


3 th thresholding


cutoff =

    0.5760


10 entries survived 
solving SDP...  breakyes=1.0,  maxresidual < 1.00e-06took 3.329880s, relaxed dual: -6.475151, original: 1274.472112 

is_stop =

  logical

   1


final_iter =

     3


 final iteration = 3 
acc_dict = 

  Map with properties:

        Count: 4
      KeyType: double
    ValueType: double


ans =

  1x4 cell array

    {[0.7800]}    {[0.9950]}    {[0.9900]}    {[0.9950]}


ans =

  1x4 cell array

  Columns 1 through 3

    {'1,1,1,1,2,2,2,...'}    {'2,2,2,2,2,1,2,...'}    {'2,2,2,2,2,1,2,...'}

  Column 4

    {'1,1,1,1,1,2,1,...'}


database_subtable =

  4x24 table

    rep    iter    sep    dim     rho    sparsity    stop_og    stop_sdp    stop_loop     acc     obj_prim    obj_dual    obj_original    true_pos    false_pos    false_neg    diff_x_tilde_fro    diff_x_tilde_op    diff_x_tilde_ellone    time_est    time_SDP          jobdate              survived_indices                                                                                                                                                                                                          cluster_est                                                                                                                                                                                                   
    ___    ____    ___    ____    ___    ________    _______    ________    _________    _____    ________    ________    ____________    ________    _________    _________    ________________    _______________    ___________________    ________    ________    ____________________    ______________________    _________________________________________________________________________________________________________________________________________________________________________________________________________________________________________________________________________________________________________________________________________________________________________________________________________________

    50      0       5     4000     0        10        false      false        false       0.78          0           0             0           0           0            0               0                   0                    0                    0          0     11-Sep-2024 13:48:32    ""                        "1,1,1,1,2,2,2,1,1,1,2,1,1,2,1,1,1,1,1,1,2,1,1,1,1,1,1,1,1,1,2,2,1,1,1,1,1,1,1,1,1,1,2,1,1,1,1,1,1,2,1,1,2,2,1,1,1,2,1,1,1,1,2,1,1,1,2,1,2,1,2,2,2,1,1,1,1,1,1,1,1,1,2,1,2,1,1,1,2,2,1,2,2,1,1,1,1,1,1,1,2,2,2,2,1,2,2,2,2,2,2,1,2,2,2,2,2,2,2,2,2,2,2,2,1,2,2,1,1,2,2,2,1,2,2,2,1,2,2,2,1,2,2,1,2,2,1,2,2,1,2,2,1,2,1,2,2,2,2,2,1,1,2,2,2,2,2,2,2,1,2,2,2,2,2,2,1,2,2,2,2,2,2,2,2,2,2,2,2,2,2,2,1,2,1,2,2,2,2,2"
    50      1       5     4000     0        10        false      false        false      0.995     -32.21      -32.21        1274.5          10           0            0               0                   0                    0             0.004652     2.5505     11-Sep-2024 13:48:32    "1,2,3,4,5,6,7,8,9,10"    "2,2,2,2,2,1,2,2,2,2,2,2,2,2,2,2,2,2,2,2,2,2,2,2,2,2,2,2,2,2,2,2,2,2,2,2,2,2,2,2,2,2,2,2,2,2,2,2,2,2,2,2,2,2,2,2,2,2,2,2,2,2,2,2,2,2,2,2,2,2,2,2,2,2,2,2,2,2,2,2,2,2,2,2,2,2,2,2,2,2,2,2,2,2,2,2,2,2,2,2,1,1,1,1,1,1,1,1,1,1,1,1,1,1,1,1,1,1,1,1,1,1,1,1,1,1,1,1,1,1,1,1,1,1,1,1,1,1,1,1,1,1,1,1,1,1,1,1,1,1,1,1,1,1,1,1,1,1,1,1,1,1,1,1,1,1,1,1,1,1,1,1,1,1,1,1,1,1,1,1,1,1,1,1,1,1,1,1,1,1,1,1,1,1,1,1,1,1,1,1"
    50      2       5     4000     0        10        true       false        false       0.99    -6.4702     -6.4704        1274.3          10           0            0               0                   0                    0             0.003583     3.4564     11-Sep-2024 13:48:32    "1,2,3,4,5,6,7,8,9,10"    "2,2,2,2,2,1,2,2,2,2,2,2,2,2,2,2,2,2,2,2,2,2,2,2,2,2,2,2,2,2,2,2,2,2,2,2,2,2,2,2,2,2,2,2,2,2,2,2,2,2,2,2,2,2,2,2,2,2,2,2,2,2,2,2,2,2,2,2,2,2,2,2,2,2,2,2,2,2,2,2,2,2,2,2,2,2,2,2,2,2,2,2,2,2,2,2,2,2,2,2,1,1,1,1,1,1,1,1,1,1,1,1,1,1,1,1,1,1,1,1,1,1,1,1,1,1,1,1,1,1,1,1,1,1,1,1,1,1,1,1,1,1,1,1,1,1,1,1,1,1,1,1,2,1,1,1,1,1,1,1,1,1,1,1,1,1,1,1,1,1,1,1,1,1,1,1,1,1,1,1,1,1,1,1,1,1,1,1,1,1,1,1,1,1,1,1,1,1,1,1"
    50      3       5     4000     0        10        false      true         false      0.995    -6.4752     -6.4752        1274.5          10           0            0               0                   0                    0             0.003387     3.3299     11-Sep-2024 13:48:32    "1,2,3,4,5,6,7,8,9,10"    "1,1,1,1,1,2,1,1,1,1,1,1,1,1,1,1,1,1,1,1,1,1,1,1,1,1,1,1,1,1,1,1,1,1,1,1,1,1,1,1,1,1,1,1,1,1,1,1,1,1,1,1,1,1,1,1,1,1,1,1,1,1,1,1,1,1,1,1,1,1,1,1,1,1,1,1,1,1,1,1,1,1,1,1,1,1,1,1,1,1,1,1,1,1,1,1,1,1,1,1,2,2,2,2,2,2,2,2,2,2,2,2,2,2,2,2,2,2,2,2,2,2,2,2,2,2,2,2,2,2,2,2,2,2,2,2,2,2,2,2,2,2,2,2,2,2,2,2,2,2,2,2,2,2,2,2,2,2,2,2,2,2,2,2,2,2,2,2,2,2,2,2,2,2,2,2,2,2,2,2,2,2,2,2,2,2,2,2,2,2,2,2,2,2,2,2,2,2,2,2"


blfs = 

  block_replication_for_server with properties:

          table_name: 'iso_sdp'
              db_dir: '/home1/jongminm/sparse_kmeans/sparse_kmeans.db'
      data_generator: [1x1 sparse_symmetric_data_generator]
      number_cluster: 2
          n_iter_max: 100
    window_size_half: 2
         sample_size: 200
         init_method: "sdp"
        cluster_true: []
             learner: []
            run_full: 0
     matrix_sparsity: 0
            data_obj: @data_gaussian

replication: (51)th 

  breakyes = 1.0,  maxresidual < 1.00e-04  breakyes=1.0,  maxresidual < 1.00e-06
1 th thresholding


cutoff =

    0.5760


11 entries survived 
solving SDP...  breakyes=3.2,  dualfeasorg deteriorated too much: primfeasorg=3.18e-04,dualfeasorg=4.51e-03took 1.425319s, relaxed dual: -26.025268, original: 1285.227309 

is_stop =

  logical

   0


final_iter =

     1


2 th thresholding


cutoff =

    0.5760


10 entries survived 
solving SDP...  breakyes=1.0,  maxresidual < 1.00e-06took 3.247482s, relaxed dual: -5.947330, original: 1271.050188 

is_stop =

  logical

   0


final_iter =

     1


3 th thresholding


cutoff =

    0.5760


10 entries survived 
solving SDP...  breakyes=1.0,  maxresidual < 1.00e-06took 3.254810s, relaxed dual: -5.947330, original: 1271.050188 

is_stop =

  logical

   1


final_iter =

     3


 final iteration = 3 
acc_dict = 

  Map with properties:

        Count: 4
      KeyType: double
    ValueType: double


ans =

  1x4 cell array

    {[0.7900]}    {[1]}    {[1]}    {[1]}


ans =

  1x4 cell array

  Columns 1 through 3

    {'2,1,2,1,1,1,2,...'}    {'1,1,1,1,1,1,1,...'}    {'2,2,2,2,2,2,2,...'}

  Column 4

    {'2,2,2,2,2,2,2,...'}


database_subtable =

  4x24 table

    rep    iter    sep    dim     rho    sparsity    stop_og    stop_sdp    stop_loop    acc     obj_prim    obj_dual    obj_original    true_pos    false_pos    false_neg    diff_x_tilde_fro    diff_x_tilde_op    diff_x_tilde_ellone    time_est    time_SDP          jobdate                survived_indices                                                                                                                                                                                                            cluster_est                                                                                                                                                                                                   
    ___    ____    ___    ____    ___    ________    _______    ________    _________    ____    ________    ________    ____________    ________    _________    _________    ________________    _______________    ___________________    ________    ________    ____________________    __________________________    _________________________________________________________________________________________________________________________________________________________________________________________________________________________________________________________________________________________________________________________________________________________________________________________________________________

    51      0       5     4000     0        10        false      false        false      0.79          0           0             0           0           0            0               0                   0                    0                    0          0     11-Sep-2024 13:48:54    ""                            "2,1,2,1,1,1,2,2,2,1,2,2,2,1,1,1,2,1,2,2,2,2,2,2,1,1,2,1,2,2,1,2,1,2,2,2,2,2,2,2,1,2,1,2,2,2,1,2,2,2,2,1,2,2,2,2,2,2,2,2,1,2,2,2,2,2,2,2,2,2,2,2,2,2,2,2,2,2,2,2,2,2,2,2,2,2,2,2,2,2,2,2,2,2,2,1,2,2,1,2,1,1,1,2,1,1,2,1,1,1,1,1,1,1,2,1,1,1,2,2,2,1,1,1,2,1,1,1,1,1,1,1,2,1,1,1,1,1,1,2,1,1,1,1,2,1,1,1,2,2,1,2,1,1,1,1,1,1,1,1,2,1,2,2,1,1,1,1,1,1,1,1,1,1,1,1,1,1,2,1,1,1,1,1,2,2,1,1,1,1,2,1,1,2,1,1,1,1,1,1"
    51      1       5     4000     0        10        false      false        false         1    -26.019     -26.025        1285.2          10           1            0               0                   0                    0             0.002118     1.4253     11-Sep-2024 13:48:54    "1,2,3,4,5,6,7,8,9,10,958"    "1,1,1,1,1,1,1,1,1,1,1,1,1,1,1,1,1,1,1,1,1,1,1,1,1,1,1,1,1,1,1,1,1,1,1,1,1,1,1,1,1,1,1,1,1,1,1,1,1,1,1,1,1,1,1,1,1,1,1,1,1,1,1,1,1,1,1,1,1,1,1,1,1,1,1,1,1,1,1,1,1,1,1,1,1,1,1,1,1,1,1,1,1,1,1,1,1,1,1,1,2,2,2,2,2,2,2,2,2,2,2,2,2,2,2,2,2,2,2,2,2,2,2,2,2,2,2,2,2,2,2,2,2,2,2,2,2,2,2,2,2,2,2,2,2,2,2,2,2,2,2,2,2,2,2,2,2,2,2,2,2,2,2,2,2,2,2,2,2,2,2,2,2,2,2,2,2,2,2,2,2,2,2,2,2,2,2,2,2,2,2,2,2,2,2,2,2,2,2,2"
    51      2       5     4000     0        10        false      false        false         1    -5.9473     -5.9473        1271.1          10           0            0               0                   0                    0             0.002154     3.2475     11-Sep-2024 13:48:54    "1,2,3,4,5,6,7,8,9,10"        "2,2,2,2,2,2,2,2,2,2,2,2,2,2,2,2,2,2,2,2,2,2,2,2,2,2,2,2,2,2,2,2,2,2,2,2,2,2,2,2,2,2,2,2,2,2,2,2,2,2,2,2,2,2,2,2,2,2,2,2,2,2,2,2,2,2,2,2,2,2,2,2,2,2,2,2,2,2,2,2,2,2,2,2,2,2,2,2,2,2,2,2,2,2,2,2,2,2,2,2,1,1,1,1,1,1,1,1,1,1,1,1,1,1,1,1,1,1,1,1,1,1,1,1,1,1,1,1,1,1,1,1,1,1,1,1,1,1,1,1,1,1,1,1,1,1,1,1,1,1,1,1,1,1,1,1,1,1,1,1,1,1,1,1,1,1,1,1,1,1,1,1,1,1,1,1,1,1,1,1,1,1,1,1,1,1,1,1,1,1,1,1,1,1,1,1,1,1,1,1"
    51      3       5     4000     0        10        true       true         false         1    -5.9473     -5.9473        1271.1          10           0            0               0                   0                    0             0.003823     3.2548     11-Sep-2024 13:48:54    "1,2,3,4,5,6,7,8,9,10"        "2,2,2,2,2,2,2,2,2,2,2,2,2,2,2,2,2,2,2,2,2,2,2,2,2,2,2,2,2,2,2,2,2,2,2,2,2,2,2,2,2,2,2,2,2,2,2,2,2,2,2,2,2,2,2,2,2,2,2,2,2,2,2,2,2,2,2,2,2,2,2,2,2,2,2,2,2,2,2,2,2,2,2,2,2,2,2,2,2,2,2,2,2,2,2,2,2,2,2,2,1,1,1,1,1,1,1,1,1,1,1,1,1,1,1,1,1,1,1,1,1,1,1,1,1,1,1,1,1,1,1,1,1,1,1,1,1,1,1,1,1,1,1,1,1,1,1,1,1,1,1,1,1,1,1,1,1,1,1,1,1,1,1,1,1,1,1,1,1,1,1,1,1,1,1,1,1,1,1,1,1,1,1,1,1,1,1,1,1,1,1,1,1,1,1,1,1,1,1,1"


blfs = 

  block_replication_for_server with properties:

          table_name: 'iso_sdp'
              db_dir: '/home1/jongminm/sparse_kmeans/sparse_kmeans.db'
      data_generator: [1x1 sparse_symmetric_data_generator]
      number_cluster: 2
          n_iter_max: 100
    window_size_half: 2
         sample_size: 200
         init_method: "sdp"
        cluster_true: []
             learner: []
            run_full: 0
     matrix_sparsity: 0
            data_obj: @data_gaussian

replication: (52)th 

  breakyes = 1.0,  maxresidual < 1.00e-04  breakyes=1.0,  maxresidual < 1.00e-06
1 th thresholding


cutoff =

    0.5826


9 entries survived 
solving SDP...  breakyes=3.2,  dualfeasorg deteriorated too much: primfeasorg=3.56e-06,dualfeasorg=2.35e-05took 1.629022s, relaxed dual: -17.413611, original: 884.252748 

is_stop =

  logical

   0


final_iter =

     1


2 th thresholding


cutoff =

    0.5762


10 entries survived 
solving SDP...  breakyes=1.0,  maxresidual < 1.00e-06took 3.292490s, relaxed dual: -5.848750, original: 1162.942707 

is_stop =

  logical

   0


final_iter =

     1


3 th thresholding


cutoff =

    0.5760


10 entries survived 
solving SDP...  breakyes=3.1,  primfeasorg deteriorated too much: primfeasorg=2.79e-06,dualfeasorg=3.20e-06took 2.125409s, relaxed dual: -5.060112, original: 1161.123337 

is_stop =

  logical

   0


final_iter =

     1


4 th thresholding


cutoff =

    0.5760


10 entries survived 
solving SDP...  breakyes=1.0,  maxresidual < 1.00e-06took 3.527027s, relaxed dual: -5.121295, original: 1163.516075 

is_stop =

  logical

   0


final_iter =

     1


5 th thresholding


cutoff =

    0.5760


10 entries survived 
solving SDP...  breakyes=3.1,  primfeasorg deteriorated too much: primfeasorg=2.62e-06,dualfeasorg=2.24e-06took 2.651483s, relaxed dual: -5.049141, original: 1161.123337 

is_stop =

  logical

   0


final_iter =

     1


6 th thresholding


cutoff =

    0.5760


10 entries survived 
solving SDP...  breakyes=1.0,  maxresidual < 1.00e-06took 3.537235s, relaxed dual: -5.121295, original: 1163.516075 

change =

   -0.1420
   -0.0120
         0
   -0.0141
         0


change =

    0.0005
    0.0021
         0
    0.0021
         0


is_stop =

  logical

   1


final_iter =

     4


 final iteration = 4 
acc_dict = 

  Map with properties:

        Count: 5
      KeyType: double
    ValueType: double


ans =

  1x5 cell array

    {[0.7050]}    {[0.9750]}    {[1]}    {[0.9950]}    {[0.9950]}


ans =

  1x5 cell array

  Columns 1 through 3

    {'1,2,2,2,2,1,2,...'}    {'2,1,1,1,1,1,1,...'}    {'2,2,2,2,2,2,2,...'}

  Columns 4 through 5

    {'1,1,1,1,1,1,1,...'}    {'1,1,1,1,1,1,1,...'}


database_subtable =

  5x24 table

    rep    iter    sep    dim     rho    sparsity    stop_og    stop_sdp    stop_loop     acc     obj_prim    obj_dual    obj_original    true_pos    false_pos    false_neg    diff_x_tilde_fro    diff_x_tilde_op    diff_x_tilde_ellone    time_est    time_SDP          jobdate               survived_indices                                                                                                                                                                                                            cluster_est                                                                                                                                                                                                   
    ___    ____    ___    ____    ___    ________    _______    ________    _________    _____    ________    ________    ____________    ________    _________    _________    ________________    _______________    ___________________    ________    ________    ____________________    _________________________    _________________________________________________________________________________________________________________________________________________________________________________________________________________________________________________________________________________________________________________________________________________________________________________________________________________

    52      0       5     4000     0        10        false      false        false      0.705          0           0             0           0           0            0               0                   0                    0                    0          0     11-Sep-2024 13:49:48    ""                           "1,2,2,2,2,1,2,2,2,2,2,2,2,2,2,2,2,2,2,2,1,1,2,2,2,2,1,2,1,2,1,2,1,2,2,2,2,2,2,2,1,1,2,1,2,2,2,1,1,1,2,2,1,2,2,2,2,2,2,2,1,2,2,2,1,1,2,2,2,2,2,2,2,2,2,2,1,2,2,2,2,2,2,1,2,1,1,2,2,2,2,2,2,2,2,2,2,2,2,2,1,1,2,2,1,1,2,1,2,1,1,1,1,1,1,1,2,1,2,1,1,2,2,1,1,1,1,2,1,1,2,1,2,1,2,1,1,2,1,2,1,1,2,2,1,2,1,1,1,2,1,1,1,1,2,1,1,1,2,1,2,2,2,1,1,2,1,1,2,2,1,1,1,2,1,1,1,2,1,1,2,2,2,2,1,1,1,1,1,2,1,2,1,2,2,1,1,1,1,2"
    52      1       5     4000     0        10        false      false        false      0.975    -17.414     -17.414        884.25           7           2            3               0                   0                    0             0.002403      1.629     11-Sep-2024 13:49:48    "1,2,3,4,7,8,9,1197,1765"    "2,1,1,1,1,1,1,1,1,1,1,1,1,1,1,1,1,2,1,1,1,1,1,1,1,1,1,1,1,1,1,1,1,1,1,1,1,1,1,1,1,1,1,1,1,1,1,1,1,1,1,1,2,1,1,1,1,1,1,1,1,1,1,1,1,1,1,1,1,1,1,1,1,1,1,1,1,1,1,1,1,1,1,2,1,1,1,1,1,1,1,1,1,1,1,1,1,1,1,1,2,2,2,2,2,2,2,2,2,2,2,2,2,2,2,2,2,2,2,2,2,2,2,2,2,2,2,2,2,2,2,2,2,2,2,2,2,1,2,2,2,2,2,2,2,2,2,2,2,2,2,2,2,2,2,2,2,2,2,2,2,2,2,2,2,2,2,2,2,2,2,2,2,2,2,2,2,2,2,2,2,2,2,2,2,2,2,2,2,2,2,2,2,2,2,2,2,2,2,2"
    52      2       5     4000     0        10        false      false        false          1    -5.8488     -5.8487        1162.9          10           0            0               0                   0                    0             0.001874     3.2925     11-Sep-2024 13:49:48    "1,2,3,4,5,6,7,8,9,10"       "2,2,2,2,2,2,2,2,2,2,2,2,2,2,2,2,2,2,2,2,2,2,2,2,2,2,2,2,2,2,2,2,2,2,2,2,2,2,2,2,2,2,2,2,2,2,2,2,2,2,2,2,2,2,2,2,2,2,2,2,2,2,2,2,2,2,2,2,2,2,2,2,2,2,2,2,2,2,2,2,2,2,2,2,2,2,2,2,2,2,2,2,2,2,2,2,2,2,2,2,1,1,1,1,1,1,1,1,1,1,1,1,1,1,1,1,1,1,1,1,1,1,1,1,1,1,1,1,1,1,1,1,1,1,1,1,1,1,1,1,1,1,1,1,1,1,1,1,1,1,1,1,1,1,1,1,1,1,1,1,1,1,1,1,1,1,1,1,1,1,1,1,1,1,1,1,1,1,1,1,1,1,1,1,1,1,1,1,1,1,1,1,1,1,1,1,1,1,1,1"
    52      3       5     4000     0        10        true       false        false      0.995    -5.0599     -5.0601        1161.1          10           0            0               0                   0                    0             0.002049     2.1254     11-Sep-2024 13:49:48    "1,2,3,4,5,6,7,8,9,10"       "1,1,1,1,1,1,1,1,1,1,1,1,1,1,1,1,1,2,1,1,1,1,1,1,1,1,1,1,1,1,1,1,1,1,1,1,1,1,1,1,1,1,1,1,1,1,1,1,1,1,1,1,1,1,1,1,1,1,1,1,1,1,1,1,1,1,1,1,1,1,1,1,1,1,1,1,1,1,1,1,1,1,1,1,1,1,1,1,1,1,1,1,1,1,1,1,1,1,1,1,2,2,2,2,2,2,2,2,2,2,2,2,2,2,2,2,2,2,2,2,2,2,2,2,2,2,2,2,2,2,2,2,2,2,2,2,2,2,2,2,2,2,2,2,2,2,2,2,2,2,2,2,2,2,2,2,2,2,2,2,2,2,2,2,2,2,2,2,2,2,2,2,2,2,2,2,2,2,2,2,2,2,2,2,2,2,2,2,2,2,2,2,2,2,2,2,2,2,2,2"
    52      4       5     4000     0        10        false      false        true       0.995    -5.1213     -5.1213        1163.5          10           0            0               0                   0                    0             0.002322      3.527     11-Sep-2024 13:49:48    "1,2,3,4,5,6,7,8,9,10"       "1,1,1,1,1,1,1,1,1,1,1,1,1,1,1,1,1,1,1,1,1,1,1,1,1,1,1,1,1,1,1,1,1,1,1,1,1,1,1,1,1,1,1,1,1,1,1,1,1,1,1,1,1,1,1,1,1,1,1,1,1,1,1,1,1,1,1,1,1,1,1,1,1,1,1,1,1,1,1,1,1,1,1,2,1,1,1,1,1,1,1,1,1,1,1,1,1,1,1,1,2,2,2,2,2,2,2,2,2,2,2,2,2,2,2,2,2,2,2,2,2,2,2,2,2,2,2,2,2,2,2,2,2,2,2,2,2,2,2,2,2,2,2,2,2,2,2,2,2,2,2,2,2,2,2,2,2,2,2,2,2,2,2,2,2,2,2,2,2,2,2,2,2,2,2,2,2,2,2,2,2,2,2,2,2,2,2,2,2,2,2,2,2,2,2,2,2,2,2,2"

