==========================================
SLURM_JOB_ID = 25523110
SLURM_JOB_NODELIST = a04-08
TMPDIR = /tmp/SLURM_25523110
==========================================
hello
Opening log file:  /home1/jongminm/java.log.50487
pure virtual method called
terminate called without an active exception

--------------------------------------------------------------------------------
                 abort() detected at 2024-09-11 01:24:07 -0700
--------------------------------------------------------------------------------

Configuration:
  Crash Decoding           : Disabled - No sandbox or build area path
  Crash Mode               : continue (default)
  Default Encoding         : US-ASCII
  GNU C Library            : 2.17 stable
  MATLAB Architecture      : glnxa64
  MATLAB Root              : /spack/apps/matlab/2022a
  MATLAB Version           : 9.12.0.1956245 (R2022a) Update 2
  Operating System         : Linux 3.10.0-1160.71.1.el7.x86_64 #1 SMP Tue Jun 28 15:37:28 UTC 2022 x86_64
  Process ID               : 50487
  Processor ID             : x86 Family 25 Model 1 Stepping 1, AuthenticAMD
  Session Key              : 5d7fc9c5-e8df-440a-a015-947a99950d48
  Static TLS mitigation    : Disabled: Unnecessary
  Window System            : No active display

Fault Count: 1


Abnormal termination:
abort()

Current Thread: 'MCR 0 interpret' id 140020075026176

Register State (from fault):
  RAX = 0000000000000000  RBX = 00007f58deff1790
  RCX = ffffffffffffffff  RDX = 0000000000000006
  RSP = 00007f58f6d4fab8  RBP = 00007f58f6d50520
  RSI = 000000000000c5a7  RDI = 000000000000c537

   R8 = 00007f5939fa19f0   R9 = 0000000000000010
  R10 = 0000000000000008  R11 = 0000000000000202
  R12 = 00007f58f6d4fc70  R13 = 00007f58f6d50bb0
  R14 = 00007f58f6d50d60  R15 = 00007f58f281b000

  RIP = 00007f5939c0e387  EFL = 0000000000000202

   CS = 0033   FS = 0000   GS = 0000

Stack Trace (from fault):
[  0] 0x00007f5939c0e387                                   /lib64/libc.so.6+00222087 gsignal+00000055
[  1] 0x00007f5939c0fa78                                   /lib64/libc.so.6+00227960 abort+00000328
[  2] 0x00007f58def6a965 /spack/apps/matlab/2022a/sys/java/jre/glnxa64/jre/lib/amd64/server/libjvm.so+11549029
[  3] 0x00007f58def68b86 /spack/apps/matlab/2022a/sys/java/jre/glnxa64/jre/lib/amd64/server/libjvm.so+11541382
[  4] 0x00007f58def68bd1 /spack/apps/matlab/2022a/sys/java/jre/glnxa64/jre/lib/amd64/server/libjvm.so+11541457
[  5] 0x00007f58def5ef1f /spack/apps/matlab/2022a/sys/java/jre/glnxa64/jre/lib/amd64/server/libjvm.so+11501343
[  6] 0x00007f58ded86a40 /spack/apps/matlab/2022a/sys/java/jre/glnxa64/jre/lib/amd64/server/libjvm.so+09566784
[  7] 0x00007f58def38728 /spack/apps/matlab/2022a/sys/java/jre/glnxa64/jre/lib/amd64/server/libjvm.so+11343656
[  8] 0x00007f58def3a28f /spack/apps/matlab/2022a/sys/java/jre/glnxa64/jre/lib/amd64/server/libjvm.so+11350671
[  9] 0x00007f58ded7f995 /spack/apps/matlab/2022a/sys/java/jre/glnxa64/jre/lib/amd64/server/libjvm.so+09537941 JVM_handle_linux_signal+00000421
[ 10] 0x00007f58ded72858 /spack/apps/matlab/2022a/sys/java/jre/glnxa64/jre/lib/amd64/server/libjvm.so+09484376
[ 11] 0x00007f593a18b630                             /lib64/libpthread.so.0+00063024
[ 12] 0x00007f58f146af80                                   <unknown-module>+00000000
[ 13] 0x00007f593a0d198f /spack/apps/matlab/2022a/bin/glnxa64/../../sys/os/glnxa64/libstdc++.so.6+01227151 _ZNSo5flushEv+00000031
[ 14] 0x00007f58f6d51b00                                   <unknown-module>+00000000
[ 15] 0x00007f593a0d198f /spack/apps/matlab/2022a/bin/glnxa64/../../sys/os/glnxa64/libstdc++.so.6+01227151 _ZNSo5flushEv+00000031
[ 16] 0x0000000000000000                                   <unknown-module>+00000000

** This crash report has been saved to disk as /home1/jongminm/matlab_crash_dump.50487-1 **



MATLAB is exiting because of fatal error
/var/spool/slurm/d/job25523110/slurm_script: line 17: 50487 Killed                  matlab -batch rho0_Delta4_p2000_rep_28
