==========================================
SLURM_JOB_ID = 20419240
SLURM_JOB_NODELIST = a04-04
TMPDIR = /tmp/SLURM_20419240
==========================================
hello
Starting parallel pool (parpool) ...
Connected to the parallel pool (number of workers: 15).

pool = 

 ProcessPool with properties: 

            Connected: true
           NumWorkers: 15
                 Busy: false
              Cluster: Local
        AttachedFiles: {}
    AutoAddClientPath: true
            FileStore: [1x1 parallel.FileStore]
           ValueStore: [1x1 parallel.ValueStore]
          IdleTimeout: 30 minutes (30 minutes remaining)
          SpmdEnabled: true


p =

   300


Delta =

     4


s =

    10


n =

   500


ii =

     5


table_name =

    'sparse_kmeans_isee'


conn = 

  sqlite with properties:

      Database: '/home1/jongminm/sparse_kmeans/sparse_kmeans.db'
    IsReadOnly: 0
    AutoCommit: 'on'


rho =

    0.2000


M =

    0.7341

delta confirmed: 4.000000
ans =

    3.4740


rep =

    17

replication: (17)th 


thres =

    3.3775

thres=3.377509
1 th thresholding

  breakyes=1.0,  maxresidual < 1.00e-06
14 entries survived 

2 th thresholding

  breakyes=1.0,  maxresidual < 1.00e-06
12 entries survived 

3 th thresholding

  breakyes=1.0,  maxresidual < 1.00e-06
12 entries survived 

4 th thresholding

  breakyes=1.0,  maxresidual < 1.00e-06
11 entries survived 

5 th thresholding

  breakyes=1.0,  maxresidual < 1.00e-06
11 entries survived 

6 th thresholding

  breakyes=1.0,  maxresidual < 1.00e-06
11 entries survived 

7 th thresholding

  breakyes=1.0,  maxresidual < 1.00e-06
11 entries survived 

8 th thresholding

  breakyes=1.0,  maxresidual < 1.00e-06
11 entries survived 

9 th thresholding

  breakyes=1.0,  maxresidual < 1.00e-06
11 entries survived 

10 th thresholding

  breakyes=1.0,  maxresidual < 1.00e-06
11 entries survived 

11 th thresholding

  breakyes=1.0,  maxresidual < 1.00e-06
11 entries survived 

12 th thresholding

  breakyes=1.0,  maxresidual < 1.00e-06
11 entries survived 

13 th thresholding

  breakyes=1.0,  maxresidual < 1.00e-06
11 entries survived 

14 th thresholding

  breakyes=1.0,  maxresidual < 1.00e-06
11 entries survived 

15 th thresholding

  breakyes=1.0,  maxresidual < 1.00e-06
11 entries survived 

16 th thresholding

  breakyes=1.0,  maxresidual < 1.00e-06
11 entries survived 

17 th thresholding

  breakyes=1.0,  maxresidual < 1.00e-06
11 entries survived 

18 th thresholding

  breakyes=1.0,  maxresidual < 1.00e-06
11 entries survived 

19 th thresholding

  breakyes=1.0,  maxresidual < 1.00e-06
11 entries survived 

20 th thresholding

  breakyes=1.0,  maxresidual < 1.00e-06
11 entries survived 

21 th thresholding

  breakyes=1.0,  maxresidual < 1.00e-06
11 entries survived 

22 th thresholding

  breakyes=1.0,  maxresidual < 1.00e-06
11 entries survived 

23 th thresholding

  breakyes=1.0,  maxresidual < 1.00e-06
11 entries survived 

24 th thresholding

  breakyes=1.0,  maxresidual < 1.00e-06
11 entries survived 

25 th thresholding

  breakyes=1.0,  maxresidual < 1.00e-06
11 entries survived 

26 th thresholding

  breakyes=1.0,  maxresidual < 1.00e-06
11 entries survived 

27 th thresholding

  breakyes=1.0,  maxresidual < 1.00e-06
11 entries survived 

28 th thresholding

  breakyes=1.0,  maxresidual < 1.00e-06
11 entries survived 

29 th thresholding

  breakyes=1.0,  maxresidual < 1.00e-06
11 entries survived 

30 th thresholding

  breakyes=1.0,  maxresidual < 1.00e-06
11 entries survived 

acc_vec =

    0.9400
    0.9660
    0.9600
    0.9620
    0.9620
    0.9620
    0.9620
    0.9620
    0.9620
    0.9620
    0.9620
    0.9620
    0.9620
    0.9620
    0.9620
    0.9620
    0.9620
    0.9620
    0.9620
    0.9620
    0.9620
    0.9620
    0.9620
    0.9620
    0.9620
    0.9620
    0.9620
    0.9620
    0.9620
    0.9620
    0.9620

acc =0.940000  0.966000  0.960000  0.962000  0.962000  0.962000  0.962000  0.962000  0.962000  0.962000  0.962000  0.962000  0.962000  0.962000  0.962000  0.962000  0.962000  0.962000  0.962000  0.962000  0.962000  0.962000  0.962000  0.962000  0.962000  0.962000  0.962000  0.962000  0.962000  0.962000  0.962000 

discov_true_vec =

    10
    10
    10
    10
    10
    10
    10
    10
    10
    10
    10
    10
    10
    10
    10
    10
    10
    10
    10
    10
    10
    10
    10
    10
    10
    10
    10
    10
    10
    10


discov_false_vec =

     4
     2
     2
     1
     1
     1
     1
     1
     1
     1
     1
     1
     1
     1
     1
     1
     1
     1
     1
     1
     1
     1
     1
     1
     1
     1
     1
     1
     1
     1


data =

  31x16 table

    rep    iter    sep    dim    rho    sparsity     acc     obj_prim    obj_dual    discov_true    discov_false    diff_x_tilde    diff_omega_diag    time_isee    time_SDP          jobdate       
    ___    ____    ___    ___    ___    ________    _____    ________    ________    ___________    ____________    ____________    _______________    _________    ________    ____________________

    17       0      4     300    0.2       10        0.94          0           0          0              0                  0                0               0            0     23-Mar-2024 02:27:25
    17       1      4     300    0.2       10       0.966    -5.0689     -5.0689         10              4             93.576           2.7011          16.972       9.8664     23-Mar-2024 02:27:25
    17       2      4     300    0.2       10        0.96    -4.8184     -4.8184         10              2             93.149           2.7116          14.955       14.548     23-Mar-2024 02:27:25
    17       3      4     300    0.2       10       0.962    -4.8931     -4.8931         10              2             93.238           2.7428          15.123       9.5352     23-Mar-2024 02:27:25
    17       4      4     300    0.2       10       0.962    -5.0635     -5.0635         10              1             94.101           2.7473          14.811       8.8707     23-Mar-2024 02:27:25
    17       5      4     300    0.2       10       0.962    -4.9192     -4.9192         10              1             93.249           2.7147          14.422       13.963     23-Mar-2024 02:27:25
    17       6      4     300    0.2       10       0.962    -4.9192     -4.9192         10              1             93.249           2.7147          15.281       13.966     23-Mar-2024 02:27:25
    17       7      4     300    0.2       10       0.962    -4.9192     -4.9192         10              1             93.249           2.7147           14.94       12.543     23-Mar-2024 02:27:25
    17       8      4     300    0.2       10       0.962    -4.9192     -4.9192         10              1             93.249           2.7147          14.775       13.394     23-Mar-2024 02:27:25
    17       9      4     300    0.2       10       0.962    -4.9192     -4.9192         10              1             93.249           2.7147          14.325       14.228     23-Mar-2024 02:27:25
    17      10      4     300    0.2       10       0.962    -4.9192     -4.9192         10              1             93.249           2.7147          14.105       15.059     23-Mar-2024 02:27:25
    17      11      4     300    0.2       10       0.962    -4.9192     -4.9192         10              1             93.249           2.7147          14.442       13.071     23-Mar-2024 02:27:25
    17      12      4     300    0.2       10       0.962    -4.9192     -4.9192         10              1             93.249           2.7147          15.989       13.025     23-Mar-2024 02:27:25
    17      13      4     300    0.2       10       0.962    -4.9192     -4.9192         10              1             93.249           2.7147          16.103        12.77     23-Mar-2024 02:27:25
    17      14      4     300    0.2       10       0.962    -4.9192     -4.9192         10              1             93.249           2.7147          15.528         13.1     23-Mar-2024 02:27:25
    17      15      4     300    0.2       10       0.962    -4.9192     -4.9192         10              1             93.249           2.7147          14.808       13.238     23-Mar-2024 02:27:25
    17      16      4     300    0.2       10       0.962    -4.9192     -4.9192         10              1             93.249           2.7147          15.005       14.688     23-Mar-2024 02:27:25
    17      17      4     300    0.2       10       0.962    -4.9192     -4.9192         10              1             93.249           2.7147          14.327       12.988     23-Mar-2024 02:27:25
    17      18      4     300    0.2       10       0.962    -4.9192     -4.9192         10              1             93.249           2.7147          14.377       15.021     23-Mar-2024 02:27:25
    17      19      4     300    0.2       10       0.962    -4.9192     -4.9192         10              1             93.249           2.7147          14.424       13.281     23-Mar-2024 02:27:25
    17      20      4     300    0.2       10       0.962    -4.9192     -4.9192         10              1             93.249           2.7147          16.253       12.485     23-Mar-2024 02:27:25
    17      21      4     300    0.2       10       0.962    -4.9192     -4.9192         10              1             93.249           2.7147          16.754       14.054     23-Mar-2024 02:27:25
    17      22      4     300    0.2       10       0.962    -4.9192     -4.9192         10              1             93.249           2.7147          15.174       14.273     23-Mar-2024 02:27:25
    17      23      4     300    0.2       10       0.962    -4.9192     -4.9192         10              1             93.249           2.7147          14.195       13.722     23-Mar-2024 02:27:25
    17      24      4     300    0.2       10       0.962    -4.9192     -4.9192         10              1             93.249           2.7147          14.372       13.474     23-Mar-2024 02:27:25
    17      25      4     300    0.2       10       0.962    -4.9192     -4.9192         10              1             93.249           2.7147          16.617       12.197     23-Mar-2024 02:27:25
    17      26      4     300    0.2       10       0.962    -4.9192     -4.9192         10              1             93.249           2.7147          16.293       13.137     23-Mar-2024 02:27:25
    17      27      4     300    0.2       10       0.962    -4.9192     -4.9192         10              1             93.249           2.7147          14.054       12.243     23-Mar-2024 02:27:25
    17      28      4     300    0.2       10       0.962    -4.9192     -4.9192         10              1             93.249           2.7147          14.183       12.765     23-Mar-2024 02:27:25
    17      29      4     300    0.2       10       0.962    -4.9192     -4.9192         10              1             93.249           2.7147          14.586        11.82     23-Mar-2024 02:27:25
    17      30      4     300    0.2       10       0.962    -4.9192     -4.9192         10              1             93.249           2.7147          14.287       14.931     23-Mar-2024 02:27:25


rep =

    18

replication: (18)th 


thres =

    3.3775

thres=3.377509
1 th thresholding

  breakyes=1.0,  maxresidual < 1.00e-06
13 entries survived 

2 th thresholding

  breakyes=1.0,  maxresidual < 1.00e-06
13 entries survived 

3 th thresholding

  breakyes=1.0,  maxresidual < 1.00e-06
13 entries survived 

4 th thresholding

  breakyes=1.4,  maxresidual < 1.00e-06
13 entries survived 

5 th thresholding

  breakyes=1.0,  maxresidual < 1.00e-06
13 entries survived 

6 th thresholding

  breakyes=1.4,  maxresidual < 1.00e-06
12 entries survived 

7 th thresholding

  breakyes=1.0,  maxresidual < 1.00e-06
14 entries survived 

8 th thresholding

  breakyes=1.0,  maxresidual < 1.00e-06
13 entries survived 

9 th thresholding

  breakyes=1.4,  maxresidual < 1.00e-06
12 entries survived 

10 th thresholding

  breakyes=1.0,  maxresidual < 1.00e-06
14 entries survived 

11 th thresholding

  breakyes=1.0,  maxresidual < 1.00e-06
13 entries survived 

12 th thresholding

  breakyes=1.4,  maxresidual < 1.00e-06
12 entries survived 

13 th thresholding

  breakyes=1.0,  maxresidual < 1.00e-06
14 entries survived 

14 th thresholding

  breakyes=1.0,  maxresidual < 1.00e-06
13 entries survived 

15 th thresholding

  breakyes=1.4,  maxresidual < 1.00e-06
12 entries survived 

16 th thresholding

  breakyes=1.0,  maxresidual < 1.00e-06
14 entries survived 

17 th thresholding

  breakyes=1.0,  maxresidual < 1.00e-06
13 entries survived 

18 th thresholding

  breakyes=1.4,  maxresidual < 1.00e-06
12 entries survived 

19 th thresholding

  breakyes=1.0,  maxresidual < 1.00e-06
14 entries survived 

20 th thresholding

  breakyes=1.0,  maxresidual < 1.00e-06
13 entries survived 

21 th thresholding

  breakyes=1.4,  maxresidual < 1.00e-06
12 entries survived 

22 th thresholding

  breakyes=1.0,  maxresidual < 1.00e-06
14 entries survived 

23 th thresholding

  breakyes=1.0,  maxresidual < 1.00e-06
13 entries survived 

24 th thresholding

  breakyes=1.4,  maxresidual < 1.00e-06
12 entries survived 

25 th thresholding

  breakyes=1.0,  maxresidual < 1.00e-06
14 entries survived 

26 th thresholding

  breakyes=1.0,  maxresidual < 1.00e-06
13 entries survived 

27 th thresholding

  breakyes=1.4,  maxresidual < 1.00e-06
12 entries survived 

28 th thresholding

  breakyes=1.0,  maxresidual < 1.00e-06
14 entries survived 

29 th thresholding

  breakyes=1.0,  maxresidual < 1.00e-06
13 entries survived 

30 th thresholding

  breakyes=1.4,  maxresidual < 1.00e-06
12 entries survived 

acc_vec =

    0.9460
    0.9860
    0.9900
    0.9880
    0.9880
    0.9900
    0.9860
    0.9880
    0.9900
    0.9860
    0.9880
    0.9900
    0.9860
    0.9880
    0.9900
    0.9860
    0.9880
    0.9900
    0.9860
    0.9880
    0.9900
    0.9860
    0.9880
    0.9900
    0.9860
    0.9880
    0.9900
    0.9860
    0.9880
    0.9900
    0.9860

acc =0.946000  0.986000  0.990000  0.988000  0.988000  0.990000  0.986000  0.988000  0.990000  0.986000  0.988000  0.990000  0.986000  0.988000  0.990000  0.986000  0.988000  0.990000  0.986000  0.988000  0.990000  0.986000  0.988000  0.990000  0.986000  0.988000  0.990000  0.986000  0.988000  0.990000  0.986000 

discov_true_vec =

    10
    10
    10
    10
    10
    10
    10
    10
    10
    10
    10
    10
    10
    10
    10
    10
    10
    10
    10
    10
    10
    10
    10
    10
    10
    10
    10
    10
    10
    10


discov_false_vec =

     3
     3
     3
     3
     3
     2
     4
     3
     2
     4
     3
     2
     4
     3
     2
     4
     3
     2
     4
     3
     2
     4
     3
     2
     4
     3
     2
     4
     3
     2


data =

  31x16 table

    rep    iter    sep    dim    rho    sparsity     acc     obj_prim    obj_dual    discov_true    discov_false    diff_x_tilde    diff_omega_diag    time_isee    time_SDP          jobdate       
    ___    ____    ___    ___    ___    ________    _____    ________    ________    ___________    ____________    ____________    _______________    _________    ________    ____________________

    18       0      4     300    0.2       10       0.946          0           0          0              0                  0                0               0            0     23-Mar-2024 02:44:31
    18       1      4     300    0.2       10       0.986    -4.2881     -4.2881         10              3             89.715           2.5362          14.987       18.635     23-Mar-2024 02:44:31
    18       2      4     300    0.2       10        0.99     -3.713      -3.713         10              3             88.097           2.4108           15.19       24.795     23-Mar-2024 02:44:31
    18       3      4     300    0.2       10       0.988    -3.7563     -3.7563         10              3              88.68           2.5053          15.479       18.725     23-Mar-2024 02:44:31
    18       4      4     300    0.2       10       0.988     -3.911      -3.911         10              3             89.823           2.5566          14.668       41.564     23-Mar-2024 02:44:31
    18       5      4     300    0.2       10        0.99    -4.1003     -4.1003         10              3             89.926           2.5323          14.165       18.913     23-Mar-2024 02:44:31
    18       6      4     300    0.2       10       0.986    -3.8303     -3.8303         10              2             88.067           2.4697           14.51       18.737     23-Mar-2024 02:44:31
    18       7      4     300    0.2       10       0.988    -3.9775     -3.9775         10              4             88.204           2.4282          14.007       16.658     23-Mar-2024 02:44:31
    18       8      4     300    0.2       10        0.99    -4.1003     -4.1003         10              3             89.926           2.5323           13.49       16.738     23-Mar-2024 02:44:31
    18       9      4     300    0.2       10       0.986    -3.8303     -3.8303         10              2             88.067           2.4697          15.021       21.057     23-Mar-2024 02:44:31
    18      10      4     300    0.2       10       0.988    -3.9775     -3.9775         10              4             88.204           2.4282          15.079        15.69     23-Mar-2024 02:44:31
    18      11      4     300    0.2       10        0.99    -4.1003     -4.1003         10              3             89.926           2.5323          14.143       18.303     23-Mar-2024 02:44:31
    18      12      4     300    0.2       10       0.986    -3.8303     -3.8303         10              2             88.067           2.4697          13.907       18.092     23-Mar-2024 02:44:31
    18      13      4     300    0.2       10       0.988    -3.9775     -3.9775         10              4             88.204           2.4282          13.631       17.136     23-Mar-2024 02:44:31
    18      14      4     300    0.2       10        0.99    -4.1003     -4.1003         10              3             89.926           2.5323          14.103       17.474     23-Mar-2024 02:44:31
    18      15      4     300    0.2       10       0.986    -3.8303     -3.8303         10              2             88.067           2.4697          13.496       21.376     23-Mar-2024 02:44:31
    18      16      4     300    0.2       10       0.988    -3.9775     -3.9775         10              4             88.204           2.4282          15.355       18.451     23-Mar-2024 02:44:31
    18      17      4     300    0.2       10        0.99    -4.1003     -4.1003         10              3             89.926           2.5323          16.505       19.486     23-Mar-2024 02:44:31
    18      18      4     300    0.2       10       0.986    -3.8303     -3.8303         10              2             88.067           2.4697          13.833       18.662     23-Mar-2024 02:44:31
    18      19      4     300    0.2       10       0.988    -3.9775     -3.9775         10              4             88.204           2.4282          16.118       19.852     23-Mar-2024 02:44:31
    18      20      4     300    0.2       10        0.99    -4.1003     -4.1003         10              3             89.926           2.5323          14.963       20.415     23-Mar-2024 02:44:31
    18      21      4     300    0.2       10       0.986    -3.8303     -3.8303         10              2             88.067           2.4697          13.663        20.94     23-Mar-2024 02:44:31
    18      22      4     300    0.2       10       0.988    -3.9775     -3.9775         10              4             88.204           2.4282          13.853       20.269     23-Mar-2024 02:44:31
    18      23      4     300    0.2       10        0.99    -4.1003     -4.1003         10              3             89.926           2.5323          15.028       19.698     23-Mar-2024 02:44:31
    18      24      4     300    0.2       10       0.986    -3.8303     -3.8303         10              2             88.067           2.4697          14.086       17.753     23-Mar-2024 02:44:31
    18      25      4     300    0.2       10       0.988    -3.9775     -3.9775         10              4             88.204           2.4282          13.964       20.418     23-Mar-2024 02:44:31
    18      26      4     300    0.2       10        0.99    -4.1003     -4.1003         10              3             89.926           2.5323          14.157       19.819     23-Mar-2024 02:44:31
    18      27      4     300    0.2       10       0.986    -3.8303     -3.8303         10              2             88.067           2.4697          13.879       17.551     23-Mar-2024 02:44:31
    18      28      4     300    0.2       10       0.988    -3.9775     -3.9775         10              4             88.204           2.4282          13.533       17.469     23-Mar-2024 02:44:31
    18      29      4     300    0.2       10        0.99    -4.1003     -4.1003         10              3             89.926           2.5323          16.056       18.883     23-Mar-2024 02:44:31
    18      30      4     300    0.2       10       0.986    -3.8303     -3.8303         10              2             88.067           2.4697          13.778       17.746     23-Mar-2024 02:44:31


rep =

    19

replication: (19)th 


thres =

    3.3775

thres=3.377509
1 th thresholding

  breakyes=1.3,  maxresidual < 1.00e-06
12 entries survived 

2 th thresholding

  breakyes=1.0,  maxresidual < 1.00e-06
10 entries survived 

3 th thresholding

  breakyes=1.4,  maxresidual < 1.00e-06
10 entries survived 

4 th thresholding

  breakyes=1.4,  maxresidual < 1.00e-06
10 entries survived 

5 th thresholding

  breakyes=1.4,  maxresidual < 1.00e-06
10 entries survived 

6 th thresholding

  breakyes=1.4,  maxresidual < 1.00e-06
10 entries survived 

7 th thresholding

  breakyes=1.4,  maxresidual < 1.00e-06
10 entries survived 

8 th thresholding

  breakyes=1.4,  maxresidual < 1.00e-06
10 entries survived 

9 th thresholding

  breakyes=1.4,  maxresidual < 1.00e-06
10 entries survived 

10 th thresholding

  breakyes=1.4,  maxresidual < 1.00e-06
10 entries survived 

11 th thresholding

  breakyes=1.4,  maxresidual < 1.00e-06
10 entries survived 

12 th thresholding

  breakyes=1.4,  maxresidual < 1.00e-06
10 entries survived 

13 th thresholding

  breakyes=1.4,  maxresidual < 1.00e-06
10 entries survived 

14 th thresholding

  breakyes=1.4,  maxresidual < 1.00e-06
10 entries survived 

15 th thresholding

  breakyes=1.4,  maxresidual < 1.00e-06
10 entries survived 

16 th thresholding

  breakyes=1.4,  maxresidual < 1.00e-06
10 entries survived 

17 th thresholding

  breakyes=1.4,  maxresidual < 1.00e-06
10 entries survived 

18 th thresholding

  breakyes=1.4,  maxresidual < 1.00e-06
10 entries survived 

19 th thresholding

  breakyes=1.4,  maxresidual < 1.00e-06
10 entries survived 

20 th thresholding

  breakyes=1.4,  maxresidual < 1.00e-06
10 entries survived 

21 th thresholding

  breakyes=1.4,  maxresidual < 1.00e-06
10 entries survived 

22 th thresholding

  breakyes=1.4,  maxresidual < 1.00e-06
10 entries survived 

23 th thresholding

  breakyes=1.4,  maxresidual < 1.00e-06
10 entries survived 

24 th thresholding

  breakyes=1.4,  maxresidual < 1.00e-06
10 entries survived 

25 th thresholding

  breakyes=1.4,  maxresidual < 1.00e-06
10 entries survived 

26 th thresholding

  breakyes=1.4,  maxresidual < 1.00e-06
10 entries survived 

27 th thresholding

  breakyes=1.4,  maxresidual < 1.00e-06
10 entries survived 

28 th thresholding

  breakyes=1.4,  maxresidual < 1.00e-06
10 entries survived 

29 th thresholding

  breakyes=1.4,  maxresidual < 1.00e-06
10 entries survived 

30 th thresholding

  breakyes=1.4,  maxresidual < 1.00e-06
10 entries survived 

acc_vec =

    0.9440
    0.9780
    0.9820
    0.9820
    0.9820
    0.9820
    0.9820
    0.9820
    0.9820
    0.9820
    0.9820
    0.9820
    0.9820
    0.9820
    0.9820
    0.9820
    0.9820
    0.9820
    0.9820
    0.9820
    0.9820
    0.9820
    0.9820
    0.9820
    0.9820
    0.9820
    0.9820
    0.9820
    0.9820
    0.9820
    0.9820

acc =0.944000  0.978000  0.982000  0.982000  0.982000  0.982000  0.982000  0.982000  0.982000  0.982000  0.982000  0.982000  0.982000  0.982000  0.982000  0.982000  0.982000  0.982000  0.982000  0.982000  0.982000  0.982000  0.982000  0.982000  0.982000  0.982000  0.982000  0.982000  0.982000  0.982000  0.982000 

discov_true_vec =

    10
    10
    10
    10
    10
    10
    10
    10
    10
    10
    10
    10
    10
    10
    10
    10
    10
    10
    10
    10
    10
    10
    10
    10
    10
    10
    10
    10
    10
    10


discov_false_vec =

     2
     0
     0
     0
     0
     0
     0
     0
     0
     0
     0
     0
     0
     0
     0
     0
     0
     0
     0
     0
     0
     0
     0
     0
     0
     0
     0
     0
     0
     0


data =

  31x16 table

    rep    iter    sep    dim    rho    sparsity     acc     obj_prim    obj_dual    discov_true    discov_false    diff_x_tilde    diff_omega_diag    time_isee    time_SDP          jobdate       
    ___    ____    ___    ___    ___    ________    _____    ________    ________    ___________    ____________    ____________    _______________    _________    ________    ____________________

    19       0      4     300    0.2       10       0.944          0           0          0              0                  0                0               0            0     23-Mar-2024 03:02:03
    19       1      4     300    0.2       10       0.978    -4.8318     -4.8318         10              2             90.542           2.5945          14.151       25.462     23-Mar-2024 03:02:03
    19       2      4     300    0.2       10       0.982    -4.5702     -4.5702         10              0             92.013            2.681          16.607       14.331     23-Mar-2024 03:02:03
    19       3      4     300    0.2       10       0.982    -4.6431     -4.6431         10              0             92.474           2.8264          15.792       22.248     23-Mar-2024 03:02:03
    19       4      4     300    0.2       10       0.982    -4.6431     -4.6431         10              0             92.474           2.8264          14.312       19.608     23-Mar-2024 03:02:03
    19       5      4     300    0.2       10       0.982    -4.6431     -4.6431         10              0             92.474           2.8264          13.872       19.386     23-Mar-2024 03:02:03
    19       6      4     300    0.2       10       0.982    -4.6431     -4.6431         10              0             92.474           2.8264          14.164       21.237     23-Mar-2024 03:02:03
    19       7      4     300    0.2       10       0.982    -4.6431     -4.6431         10              0             92.474           2.8264          14.084       21.366     23-Mar-2024 03:02:03
    19       8      4     300    0.2       10       0.982    -4.6431     -4.6431         10              0             92.474           2.8264          13.955         23.7     23-Mar-2024 03:02:03
    19       9      4     300    0.2       10       0.982    -4.6431     -4.6431         10              0             92.474           2.8264          14.484       20.021     23-Mar-2024 03:02:03
    19      10      4     300    0.2       10       0.982    -4.6431     -4.6431         10              0             92.474           2.8264          14.175       21.878     23-Mar-2024 03:02:03
    19      11      4     300    0.2       10       0.982    -4.6431     -4.6431         10              0             92.474           2.8264          14.202       21.226     23-Mar-2024 03:02:03
    19      12      4     300    0.2       10       0.982    -4.6431     -4.6431         10              0             92.474           2.8264          14.053       22.035     23-Mar-2024 03:02:03
    19      13      4     300    0.2       10       0.982    -4.6431     -4.6431         10              0             92.474           2.8264          14.001        19.25     23-Mar-2024 03:02:03
    19      14      4     300    0.2       10       0.982    -4.6431     -4.6431         10              0             92.474           2.8264          13.746       23.011     23-Mar-2024 03:02:03
    19      15      4     300    0.2       10       0.982    -4.6431     -4.6431         10              0             92.474           2.8264          14.949       22.553     23-Mar-2024 03:02:03
    19      16      4     300    0.2       10       0.982    -4.6431     -4.6431         10              0             92.474           2.8264          14.053       22.207     23-Mar-2024 03:02:03
    19      17      4     300    0.2       10       0.982    -4.6431     -4.6431         10              0             92.474           2.8264          14.828       19.426     23-Mar-2024 03:02:03
    19      18      4     300    0.2       10       0.982    -4.6431     -4.6431         10              0             92.474           2.8264          14.281       18.085     23-Mar-2024 03:02:03
    19      19      4     300    0.2       10       0.982    -4.6431     -4.6431         10              0             92.474           2.8264          14.284       22.058     23-Mar-2024 03:02:03
    19      20      4     300    0.2       10       0.982    -4.6431     -4.6431         10              0             92.474           2.8264          14.308       19.081     23-Mar-2024 03:02:03
    19      21      4     300    0.2       10       0.982    -4.6431     -4.6431         10              0             92.474           2.8264          16.834       21.114     23-Mar-2024 03:02:03
    19      22      4     300    0.2       10       0.982    -4.6431     -4.6431         10              0             92.474           2.8264          14.116       22.189     23-Mar-2024 03:02:03
    19      23      4     300    0.2       10       0.982    -4.6431     -4.6431         10              0             92.474           2.8264          15.094       23.013     23-Mar-2024 03:02:03
    19      24      4     300    0.2       10       0.982    -4.6431     -4.6431         10              0             92.474           2.8264          14.862       17.642     23-Mar-2024 03:02:03
    19      25      4     300    0.2       10       0.982    -4.6431     -4.6431         10              0             92.474           2.8264          14.178       19.137     23-Mar-2024 03:02:03
    19      26      4     300    0.2       10       0.982    -4.6431     -4.6431         10              0             92.474           2.8264          14.742       19.318     23-Mar-2024 03:02:03
    19      27      4     300    0.2       10       0.982    -4.6431     -4.6431         10              0             92.474           2.8264          14.277       18.703     23-Mar-2024 03:02:03
    19      28      4     300    0.2       10       0.982    -4.6431     -4.6431         10              0             92.474           2.8264          14.323       18.695     23-Mar-2024 03:02:03
    19      29      4     300    0.2       10       0.982    -4.6431     -4.6431         10              0             92.474           2.8264          13.945       19.434     23-Mar-2024 03:02:03
    19      30      4     300    0.2       10       0.982    -4.6431     -4.6431         10              0             92.474           2.8264           14.72       18.797     23-Mar-2024 03:02:03


rep =

    20

replication: (20)th 


thres =

    3.3775

thres=3.377509
1 th thresholding

  breakyes=1.0,  maxresidual < 1.00e-06
13 entries survived 

2 th thresholding

  breakyes=1.0,  maxresidual < 1.00e-06
12 entries survived 

3 th thresholding

  breakyes=1.0,  maxresidual < 1.00e-06
12 entries survived 

4 th thresholding

  breakyes=1.0,  maxresidual < 1.00e-06
12 entries survived 

5 th thresholding

  breakyes=1.0,  maxresidual < 1.00e-06
13 entries survived 

6 th thresholding

  breakyes=1.0,  maxresidual < 1.00e-06
12 entries survived 

7 th thresholding

  breakyes=1.0,  maxresidual < 1.00e-06
13 entries survived 

8 th thresholding

  breakyes=1.0,  maxresidual < 1.00e-06
12 entries survived 

9 th thresholding

  breakyes=1.0,  maxresidual < 1.00e-06
13 entries survived 

10 th thresholding

  breakyes=1.0,  maxresidual < 1.00e-06
12 entries survived 

11 th thresholding

  breakyes=1.0,  maxresidual < 1.00e-06
13 entries survived 

12 th thresholding

  breakyes=1.0,  maxresidual < 1.00e-06
12 entries survived 

13 th thresholding

  breakyes=1.0,  maxresidual < 1.00e-06
13 entries survived 

14 th thresholding

  breakyes=1.0,  maxresidual < 1.00e-06
12 entries survived 

15 th thresholding

  breakyes=1.0,  maxresidual < 1.00e-06
13 entries survived 

16 th thresholding

  breakyes=1.0,  maxresidual < 1.00e-06
12 entries survived 

17 th thresholding

  breakyes=1.0,  maxresidual < 1.00e-06
13 entries survived 

18 th thresholding

  breakyes=1.0,  maxresidual < 1.00e-06
12 entries survived 

19 th thresholding

  breakyes=1.0,  maxresidual < 1.00e-06
13 entries survived 

20 th thresholding

  breakyes=1.0,  maxresidual < 1.00e-06
12 entries survived 

21 th thresholding

  breakyes=1.0,  maxresidual < 1.00e-06
13 entries survived 

22 th thresholding

  breakyes=1.0,  maxresidual < 1.00e-06
12 entries survived 

23 th thresholding

  breakyes=1.0,  maxresidual < 1.00e-06
13 entries survived 

24 th thresholding

  breakyes=1.0,  maxresidual < 1.00e-06
12 entries survived 

25 th thresholding

  breakyes=1.0,  maxresidual < 1.00e-06
13 entries survived 

26 th thresholding

  breakyes=1.0,  maxresidual < 1.00e-06
12 entries survived 

27 th thresholding

  breakyes=1.0,  maxresidual < 1.00e-06
13 entries survived 

28 th thresholding

  breakyes=1.0,  maxresidual < 1.00e-06
12 entries survived 

29 th thresholding

  breakyes=1.0,  maxresidual < 1.00e-06
13 entries survived 

30 th thresholding

  breakyes=1.0,  maxresidual < 1.00e-06
12 entries survived 

acc_vec =

    0.9300
    0.9720
    0.9760
    0.9780
    0.9780
    0.9760
    0.9780
    0.9760
    0.9780
    0.9760
    0.9780
    0.9760
    0.9780
    0.9760
    0.9780
    0.9760
    0.9780
    0.9760
    0.9780
    0.9760
    0.9780
    0.9760
    0.9780
    0.9760
    0.9780
    0.9760
    0.9780
    0.9760
    0.9780
    0.9760
    0.9780

acc =0.930000  0.972000  0.976000  0.978000  0.978000  0.976000  0.978000  0.976000  0.978000  0.976000  0.978000  0.976000  0.978000  0.976000  0.978000  0.976000  0.978000  0.976000  0.978000  0.976000  0.978000  0.976000  0.978000  0.976000  0.978000  0.976000  0.978000  0.976000  0.978000  0.976000  0.978000 

discov_true_vec =

    10
    10
    10
    10
    10
    10
    10
    10
    10
    10
    10
    10
    10
    10
    10
    10
    10
    10
    10
    10
    10
    10
    10
    10
    10
    10
    10
    10
    10
    10


discov_false_vec =

     3
     2
     2
     2
     3
     2
     3
     2
     3
     2
     3
     2
     3
     2
     3
     2
     3
     2
     3
     2
     3
     2
     3
     2
     3
     2
     3
     2
     3
     2


data =

  31x16 table

    rep    iter    sep    dim    rho    sparsity     acc     obj_prim    obj_dual    discov_true    discov_false    diff_x_tilde    diff_omega_diag    time_isee    time_SDP          jobdate       
    ___    ____    ___    ___    ___    ________    _____    ________    ________    ___________    ____________    ____________    _______________    _________    ________    ____________________

    20       0      4     300    0.2       10        0.93          0           0          0              0                  0                0               0            0     23-Mar-2024 03:17:22
    20       1      4     300    0.2       10       0.972     -5.965      -5.965         10              3             92.437            2.657          13.981       25.906     23-Mar-2024 03:17:22
    20       2      4     300    0.2       10       0.976    -4.9961     -4.9961         10              2             92.246           2.6764           13.78       15.517     23-Mar-2024 03:17:22
    20       3      4     300    0.2       10       0.978    -5.2886     -5.2886         10              2             91.724           2.6675          14.237       15.345     23-Mar-2024 03:17:22
    20       4      4     300    0.2       10       0.978    -5.1116     -5.1116         10              2             91.093           2.6029          15.371       22.813     23-Mar-2024 03:17:22
    20       5      4     300    0.2       10       0.976     -4.879      -4.879         10              3             91.184           2.6805          14.044       16.094     23-Mar-2024 03:17:22
    20       6      4     300    0.2       10       0.978    -5.0668     -5.0668         10              2             91.613           2.7181          13.903       15.885     23-Mar-2024 03:17:22
    20       7      4     300    0.2       10       0.976     -4.879      -4.879         10              3             91.184           2.6805          16.054       13.932     23-Mar-2024 03:17:22
    20       8      4     300    0.2       10       0.978    -5.0668     -5.0668         10              2             91.613           2.7181          15.985       16.472     23-Mar-2024 03:17:22
    20       9      4     300    0.2       10       0.976     -4.879      -4.879         10              3             91.184           2.6805          13.793       14.517     23-Mar-2024 03:17:22
    20      10      4     300    0.2       10       0.978    -5.0668     -5.0668         10              2             91.613           2.7181          14.206       17.472     23-Mar-2024 03:17:22
    20      11      4     300    0.2       10       0.976     -4.879      -4.879         10              3             91.184           2.6805          15.035       15.238     23-Mar-2024 03:17:22
    20      12      4     300    0.2       10       0.978    -5.0668     -5.0668         10              2             91.613           2.7181          13.905       15.976     23-Mar-2024 03:17:22
    20      13      4     300    0.2       10       0.976     -4.879      -4.879         10              3             91.184           2.6805          14.238       15.032     23-Mar-2024 03:17:22
    20      14      4     300    0.2       10       0.978    -5.0668     -5.0668         10              2             91.613           2.7181          14.903       19.097     23-Mar-2024 03:17:22
    20      15      4     300    0.2       10       0.976     -4.879      -4.879         10              3             91.184           2.6805          13.926       16.586     23-Mar-2024 03:17:22
    20      16      4     300    0.2       10       0.978    -5.0668     -5.0668         10              2             91.613           2.7181          13.784       15.441     23-Mar-2024 03:17:22
    20      17      4     300    0.2       10       0.976     -4.879      -4.879         10              3             91.184           2.6805          13.682       16.895     23-Mar-2024 03:17:22
    20      18      4     300    0.2       10       0.978    -5.0668     -5.0668         10              2             91.613           2.7181          14.703       15.698     23-Mar-2024 03:17:22
    20      19      4     300    0.2       10       0.976     -4.879      -4.879         10              3             91.184           2.6805          13.941       15.097     23-Mar-2024 03:17:22
    20      20      4     300    0.2       10       0.978    -5.0668     -5.0668         10              2             91.613           2.7181          13.812       15.132     23-Mar-2024 03:17:22
    20      21      4     300    0.2       10       0.976     -4.879      -4.879         10              3             91.184           2.6805          14.237       15.148     23-Mar-2024 03:17:22
    20      22      4     300    0.2       10       0.978    -5.0668     -5.0668         10              2             91.613           2.7181          13.595       15.598     23-Mar-2024 03:17:22
    20      23      4     300    0.2       10       0.976     -4.879      -4.879         10              3             91.184           2.6805          13.942       15.256     23-Mar-2024 03:17:22
    20      24      4     300    0.2       10       0.978    -5.0668     -5.0668         10              2             91.613           2.7181          14.192       16.083     23-Mar-2024 03:17:22
    20      25      4     300    0.2       10       0.976     -4.879      -4.879         10              3             91.184           2.6805          13.983       14.347     23-Mar-2024 03:17:22
    20      26      4     300    0.2       10       0.978    -5.0668     -5.0668         10              2             91.613           2.7181          14.206       14.899     23-Mar-2024 03:17:22
    20      27      4     300    0.2       10       0.976     -4.879      -4.879         10              3             91.184           2.6805          13.698       15.137     23-Mar-2024 03:17:22
    20      28      4     300    0.2       10       0.978    -5.0668     -5.0668         10              2             91.613           2.7181          13.575       16.934     23-Mar-2024 03:17:22
    20      29      4     300    0.2       10       0.976     -4.879      -4.879         10              3             91.184           2.6805           13.86       17.775     23-Mar-2024 03:17:22
    20      30      4     300    0.2       10       0.978    -5.0668     -5.0668         10              2             91.613           2.7181          13.784       17.411     23-Mar-2024 03:17:22

