==========================================
SLURM_JOB_ID = 20418816
SLURM_JOB_NODELIST = d11-13
TMPDIR = /tmp/SLURM_20418816
==========================================
hello
Starting parallel pool (parpool) ...
Connected to the parallel pool (number of workers: 15).

pool = 

 ProcessPool with properties: 

            Connected: true
           NumWorkers: 15
                 Busy: false
              Cluster: Local
        AttachedFiles: {}
    AutoAddClientPath: true
            FileStore: [1x1 parallel.FileStore]
           ValueStore: [1x1 parallel.ValueStore]
          IdleTimeout: 30 minutes (30 minutes remaining)
          SpmdEnabled: true


p =

   100


Delta =

     5


s =

    10


n =

   500


ii =

    21


table_name =

    'sparse_kmeans_isee'


conn = 

  sqlite with properties:

      Database: '/home1/jongminm/sparse_kmeans/sparse_kmeans.db'
    IsReadOnly: 0
    AutoCommit: 'on'


rho =

    0.2000


M =

    0.9177

delta confirmed: 5.000000
ans =

    4.3425


rep =

    81

replication: (81)th 


thres =

    3.0349

thres=3.034854
1 th thresholding

  breakyes=3.1,  primfeasorg deteriorated too much: primfeasorg=6.23e-06,dualfeasorg=2.69e-06
12 entries survived 

2 th thresholding

  breakyes=3.1,  primfeasorg deteriorated too much: primfeasorg=7.45e-06,dualfeasorg=4.02e-06
12 entries survived 

3 th thresholding

  breakyes=3.1,  primfeasorg deteriorated too much: primfeasorg=7.45e-06,dualfeasorg=4.02e-06
12 entries survived 

4 th thresholding

  breakyes=3.1,  primfeasorg deteriorated too much: primfeasorg=7.45e-06,dualfeasorg=4.02e-06
12 entries survived 

5 th thresholding

  breakyes=3.1,  primfeasorg deteriorated too much: primfeasorg=7.45e-06,dualfeasorg=4.02e-06
12 entries survived 

6 th thresholding

  breakyes=3.1,  primfeasorg deteriorated too much: primfeasorg=7.45e-06,dualfeasorg=4.02e-06
12 entries survived 

7 th thresholding

  breakyes=3.1,  primfeasorg deteriorated too much: primfeasorg=7.45e-06,dualfeasorg=4.02e-06
12 entries survived 

8 th thresholding

  breakyes=3.1,  primfeasorg deteriorated too much: primfeasorg=7.45e-06,dualfeasorg=4.02e-06
12 entries survived 

9 th thresholding

  breakyes=3.1,  primfeasorg deteriorated too much: primfeasorg=7.45e-06,dualfeasorg=4.02e-06
12 entries survived 

10 th thresholding

  breakyes=3.1,  primfeasorg deteriorated too much: primfeasorg=7.45e-06,dualfeasorg=4.02e-06
12 entries survived 

11 th thresholding

  breakyes=3.1,  primfeasorg deteriorated too much: primfeasorg=7.45e-06,dualfeasorg=4.02e-06
12 entries survived 

12 th thresholding

  breakyes=3.1,  primfeasorg deteriorated too much: primfeasorg=7.45e-06,dualfeasorg=4.02e-06
12 entries survived 

13 th thresholding

  breakyes=3.1,  primfeasorg deteriorated too much: primfeasorg=7.45e-06,dualfeasorg=4.02e-06
12 entries survived 

14 th thresholding

  breakyes=3.1,  primfeasorg deteriorated too much: primfeasorg=7.45e-06,dualfeasorg=4.02e-06
12 entries survived 

15 th thresholding

  breakyes=3.1,  primfeasorg deteriorated too much: primfeasorg=7.45e-06,dualfeasorg=4.02e-06
12 entries survived 

16 th thresholding

  breakyes=3.1,  primfeasorg deteriorated too much: primfeasorg=7.45e-06,dualfeasorg=4.02e-06
12 entries survived 

17 th thresholding

  breakyes=3.1,  primfeasorg deteriorated too much: primfeasorg=7.45e-06,dualfeasorg=4.02e-06
12 entries survived 

18 th thresholding

  breakyes=3.1,  primfeasorg deteriorated too much: primfeasorg=7.45e-06,dualfeasorg=4.02e-06
12 entries survived 

19 th thresholding

  breakyes=3.1,  primfeasorg deteriorated too much: primfeasorg=7.45e-06,dualfeasorg=4.02e-06
12 entries survived 

20 th thresholding

  breakyes=3.1,  primfeasorg deteriorated too much: primfeasorg=7.45e-06,dualfeasorg=4.02e-06
12 entries survived 

21 th thresholding

  breakyes=3.1,  primfeasorg deteriorated too much: primfeasorg=7.45e-06,dualfeasorg=4.02e-06
12 entries survived 

22 th thresholding

  breakyes=3.1,  primfeasorg deteriorated too much: primfeasorg=7.45e-06,dualfeasorg=4.02e-06
12 entries survived 

23 th thresholding

  breakyes=3.1,  primfeasorg deteriorated too much: primfeasorg=7.45e-06,dualfeasorg=4.02e-06
12 entries survived 

24 th thresholding

  breakyes=3.1,  primfeasorg deteriorated too much: primfeasorg=7.45e-06,dualfeasorg=4.02e-06
12 entries survived 

25 th thresholding

  breakyes=3.1,  primfeasorg deteriorated too much: primfeasorg=7.45e-06,dualfeasorg=4.02e-06
12 entries survived 

26 th thresholding

  breakyes=3.1,  primfeasorg deteriorated too much: primfeasorg=7.45e-06,dualfeasorg=4.02e-06
12 entries survived 

27 th thresholding

  breakyes=3.1,  primfeasorg deteriorated too much: primfeasorg=7.45e-06,dualfeasorg=4.02e-06
12 entries survived 

28 th thresholding

  breakyes=3.1,  primfeasorg deteriorated too much: primfeasorg=7.45e-06,dualfeasorg=4.02e-06
12 entries survived 

29 th thresholding

  breakyes=3.1,  primfeasorg deteriorated too much: primfeasorg=7.45e-06,dualfeasorg=4.02e-06
12 entries survived 

30 th thresholding

  breakyes=3.1,  primfeasorg deteriorated too much: primfeasorg=7.45e-06,dualfeasorg=4.02e-06
12 entries survived 

acc_vec =

    0.9920
    0.9980
    0.9980
    0.9980
    0.9980
    0.9980
    0.9980
    0.9980
    0.9980
    0.9980
    0.9980
    0.9980
    0.9980
    0.9980
    0.9980
    0.9980
    0.9980
    0.9980
    0.9980
    0.9980
    0.9980
    0.9980
    0.9980
    0.9980
    0.9980
    0.9980
    0.9980
    0.9980
    0.9980
    0.9980
    0.9980

acc =0.992000  0.998000  0.998000  0.998000  0.998000  0.998000  0.998000  0.998000  0.998000  0.998000  0.998000  0.998000  0.998000  0.998000  0.998000  0.998000  0.998000  0.998000  0.998000  0.998000  0.998000  0.998000  0.998000  0.998000  0.998000  0.998000  0.998000  0.998000  0.998000  0.998000  0.998000 

discov_true_vec =

    10
    10
    10
    10
    10
    10
    10
    10
    10
    10
    10
    10
    10
    10
    10
    10
    10
    10
    10
    10
    10
    10
    10
    10
    10
    10
    10
    10
    10
    10


discov_false_vec =

     2
     2
     2
     2
     2
     2
     2
     2
     2
     2
     2
     2
     2
     2
     2
     2
     2
     2
     2
     2
     2
     2
     2
     2
     2
     2
     2
     2
     2
     2


data =

  31x16 table

    rep    iter    sep    dim    rho    sparsity     acc     obj_prim    obj_dual    discov_true    discov_false    diff_x_tilde    diff_omega_diag    time_isee    time_SDP          jobdate       
    ___    ____    ___    ___    ___    ________    _____    ________    ________    ___________    ____________    ____________    _______________    _________    ________    ____________________

    81       0      5     100    0.2       10       0.992          0           0          0              0                  0                0               0            0     23-Mar-2024 00:00:53
    81       1      5     100    0.2       10       0.998    -6.4369     -6.4364         10              2             49.619           1.0662          4.5156         45.1     23-Mar-2024 00:00:53
    81       2      5     100    0.2       10       0.998    -6.7881     -6.7875         10              2             49.361           1.0698          2.9009       42.843     23-Mar-2024 00:00:53
    81       3      5     100    0.2       10       0.998    -6.7881     -6.7875         10              2             49.361           1.0698          2.7521       41.177     23-Mar-2024 00:00:53
    81       4      5     100    0.2       10       0.998    -6.7881     -6.7875         10              2             49.361           1.0698          3.1968       45.375     23-Mar-2024 00:00:53
    81       5      5     100    0.2       10       0.998    -6.7881     -6.7875         10              2             49.361           1.0698          2.6694       43.266     23-Mar-2024 00:00:53
    81       6      5     100    0.2       10       0.998    -6.7881     -6.7875         10              2             49.361           1.0698          2.4701       38.971     23-Mar-2024 00:00:53
    81       7      5     100    0.2       10       0.998    -6.7881     -6.7875         10              2             49.361           1.0698          2.2424       38.559     23-Mar-2024 00:00:53
    81       8      5     100    0.2       10       0.998    -6.7881     -6.7875         10              2             49.361           1.0698          2.1863       38.464     23-Mar-2024 00:00:53
    81       9      5     100    0.2       10       0.998    -6.7881     -6.7875         10              2             49.361           1.0698          2.2748       38.854     23-Mar-2024 00:00:53
    81      10      5     100    0.2       10       0.998    -6.7881     -6.7875         10              2             49.361           1.0698          2.3177       38.329     23-Mar-2024 00:00:53
    81      11      5     100    0.2       10       0.998    -6.7881     -6.7875         10              2             49.361           1.0698          2.5369       38.973     23-Mar-2024 00:00:53
    81      12      5     100    0.2       10       0.998    -6.7881     -6.7875         10              2             49.361           1.0698          2.4354       38.573     23-Mar-2024 00:00:53
    81      13      5     100    0.2       10       0.998    -6.7881     -6.7875         10              2             49.361           1.0698          2.5514       38.282     23-Mar-2024 00:00:53
    81      14      5     100    0.2       10       0.998    -6.7881     -6.7875         10              2             49.361           1.0698          2.1872       38.554     23-Mar-2024 00:00:53
    81      15      5     100    0.2       10       0.998    -6.7881     -6.7875         10              2             49.361           1.0698          3.1832       36.938     23-Mar-2024 00:00:53
    81      16      5     100    0.2       10       0.998    -6.7881     -6.7875         10              2             49.361           1.0698          2.1974       38.124     23-Mar-2024 00:00:53
    81      17      5     100    0.2       10       0.998    -6.7881     -6.7875         10              2             49.361           1.0698          2.2307       38.826     23-Mar-2024 00:00:53
    81      18      5     100    0.2       10       0.998    -6.7881     -6.7875         10              2             49.361           1.0698            2.13       38.557     23-Mar-2024 00:00:53
    81      19      5     100    0.2       10       0.998    -6.7881     -6.7875         10              2             49.361           1.0698          2.1539       38.202     23-Mar-2024 00:00:53
    81      20      5     100    0.2       10       0.998    -6.7881     -6.7875         10              2             49.361           1.0698           2.135       38.007     23-Mar-2024 00:00:53
    81      21      5     100    0.2       10       0.998    -6.7881     -6.7875         10              2             49.361           1.0698          2.1538       37.909     23-Mar-2024 00:00:53
    81      22      5     100    0.2       10       0.998    -6.7881     -6.7875         10              2             49.361           1.0698          2.0786       38.857     23-Mar-2024 00:00:53
    81      23      5     100    0.2       10       0.998    -6.7881     -6.7875         10              2             49.361           1.0698          2.1325       40.604     23-Mar-2024 00:00:53
    81      24      5     100    0.2       10       0.998    -6.7881     -6.7875         10              2             49.361           1.0698          2.2058       39.498     23-Mar-2024 00:00:53
    81      25      5     100    0.2       10       0.998    -6.7881     -6.7875         10              2             49.361           1.0698          2.2599       37.941     23-Mar-2024 00:00:53
    81      26      5     100    0.2       10       0.998    -6.7881     -6.7875         10              2             49.361           1.0698          2.1506       39.882     23-Mar-2024 00:00:53
    81      27      5     100    0.2       10       0.998    -6.7881     -6.7875         10              2             49.361           1.0698          2.2178        37.81     23-Mar-2024 00:00:53
    81      28      5     100    0.2       10       0.998    -6.7881     -6.7875         10              2             49.361           1.0698          2.2611       38.089     23-Mar-2024 00:00:53
    81      29      5     100    0.2       10       0.998    -6.7881     -6.7875         10              2             49.361           1.0698          2.1692       37.983     23-Mar-2024 00:00:53
    81      30      5     100    0.2       10       0.998    -6.7881     -6.7875         10              2             49.361           1.0698          2.1059       38.494     23-Mar-2024 00:00:53


rep =

    82

replication: (82)th 


thres =

    3.0349

thres=3.034854
1 th thresholding

  breakyes=1.4,  maxresidual < 1.00e-06
12 entries survived 

2 th thresholding

  breakyes=1.4,  maxresidual < 1.00e-06
13 entries survived 

3 th thresholding

  breakyes=1.4,  maxresidual < 1.00e-06
13 entries survived 

4 th thresholding

  breakyes=1.4,  maxresidual < 1.00e-06
13 entries survived 

5 th thresholding

  breakyes=1.4,  maxresidual < 1.00e-06
13 entries survived 

6 th thresholding

  breakyes=1.4,  maxresidual < 1.00e-06
13 entries survived 

7 th thresholding

  breakyes=1.4,  maxresidual < 1.00e-06
13 entries survived 

8 th thresholding

  breakyes=1.4,  maxresidual < 1.00e-06
13 entries survived 

9 th thresholding

  breakyes=1.4,  maxresidual < 1.00e-06
13 entries survived 

10 th thresholding

  breakyes=1.4,  maxresidual < 1.00e-06
13 entries survived 

11 th thresholding

  breakyes=1.4,  maxresidual < 1.00e-06
13 entries survived 

12 th thresholding

  breakyes=1.4,  maxresidual < 1.00e-06
13 entries survived 

13 th thresholding

  breakyes=1.4,  maxresidual < 1.00e-06
13 entries survived 

14 th thresholding

  breakyes=1.4,  maxresidual < 1.00e-06
13 entries survived 

15 th thresholding

  breakyes=1.4,  maxresidual < 1.00e-06
13 entries survived 

16 th thresholding

  breakyes=1.4,  maxresidual < 1.00e-06
13 entries survived 

17 th thresholding

  breakyes=1.4,  maxresidual < 1.00e-06
13 entries survived 

18 th thresholding

  breakyes=1.4,  maxresidual < 1.00e-06
13 entries survived 

19 th thresholding

  breakyes=1.4,  maxresidual < 1.00e-06
13 entries survived 

20 th thresholding

  breakyes=1.4,  maxresidual < 1.00e-06
13 entries survived 

21 th thresholding

  breakyes=1.4,  maxresidual < 1.00e-06
13 entries survived 

22 th thresholding

  breakyes=1.4,  maxresidual < 1.00e-06
13 entries survived 

23 th thresholding

  breakyes=1.4,  maxresidual < 1.00e-06
13 entries survived 

24 th thresholding

  breakyes=1.4,  maxresidual < 1.00e-06
13 entries survived 

25 th thresholding

  breakyes=1.4,  maxresidual < 1.00e-06
13 entries survived 

26 th thresholding

  breakyes=1.4,  maxresidual < 1.00e-06
13 entries survived 

27 th thresholding

  breakyes=1.4,  maxresidual < 1.00e-06
13 entries survived 

28 th thresholding

  breakyes=1.4,  maxresidual < 1.00e-06
13 entries survived 

29 th thresholding

  breakyes=1.4,  maxresidual < 1.00e-06
13 entries survived 

30 th thresholding

  breakyes=1.4,  maxresidual < 1.00e-06
13 entries survived 

acc_vec =

    0.9920
    0.9940
    0.9940
    0.9940
    0.9940
    0.9940
    0.9940
    0.9940
    0.9940
    0.9940
    0.9940
    0.9940
    0.9940
    0.9940
    0.9940
    0.9940
    0.9940
    0.9940
    0.9940
    0.9940
    0.9940
    0.9940
    0.9940
    0.9940
    0.9940
    0.9940
    0.9940
    0.9940
    0.9940
    0.9940
    0.9940

acc =0.992000  0.994000  0.994000  0.994000  0.994000  0.994000  0.994000  0.994000  0.994000  0.994000  0.994000  0.994000  0.994000  0.994000  0.994000  0.994000  0.994000  0.994000  0.994000  0.994000  0.994000  0.994000  0.994000  0.994000  0.994000  0.994000  0.994000  0.994000  0.994000  0.994000  0.994000 

discov_true_vec =

    10
    10
    10
    10
    10
    10
    10
    10
    10
    10
    10
    10
    10
    10
    10
    10
    10
    10
    10
    10
    10
    10
    10
    10
    10
    10
    10
    10
    10
    10


discov_false_vec =

     2
     3
     3
     3
     3
     3
     3
     3
     3
     3
     3
     3
     3
     3
     3
     3
     3
     3
     3
     3
     3
     3
     3
     3
     3
     3
     3
     3
     3
     3


data =

  31x16 table

    rep    iter    sep    dim    rho    sparsity     acc     obj_prim    obj_dual    discov_true    discov_false    diff_x_tilde    diff_omega_diag    time_isee    time_SDP          jobdate       
    ___    ____    ___    ___    ___    ________    _____    ________    ________    ___________    ____________    ____________    _______________    _________    ________    ____________________

    82       0      5     100    0.2       10       0.992          0           0          0              0                  0                0               0            0     23-Mar-2024 00:25:49
    82       1      5     100    0.2       10       0.994    -6.7485     -6.7485         10              2             48.819           1.2589          2.4987       46.865     23-Mar-2024 00:25:49
    82       2      5     100    0.2       10       0.994    -6.7514     -6.7514         10              3             48.278           1.2321            2.11       47.346     23-Mar-2024 00:25:49
    82       3      5     100    0.2       10       0.994    -6.7514     -6.7514         10              3             48.278           1.2321          2.1161        45.63     23-Mar-2024 00:25:49
    82       4      5     100    0.2       10       0.994    -6.7514     -6.7514         10              3             48.278           1.2321          2.2644       45.973     23-Mar-2024 00:25:49
    82       5      5     100    0.2       10       0.994    -6.7514     -6.7514         10              3             48.278           1.2321          2.1971        43.19     23-Mar-2024 00:25:49
    82       6      5     100    0.2       10       0.994    -6.7514     -6.7514         10              3             48.278           1.2321          2.1486       43.946     23-Mar-2024 00:25:49
    82       7      5     100    0.2       10       0.994    -6.7514     -6.7514         10              3             48.278           1.2321          2.1533       43.728     23-Mar-2024 00:25:49
    82       8      5     100    0.2       10       0.994    -6.7514     -6.7514         10              3             48.278           1.2321          2.1105       43.724     23-Mar-2024 00:25:49
    82       9      5     100    0.2       10       0.994    -6.7514     -6.7514         10              3             48.278           1.2321          2.1603       44.215     23-Mar-2024 00:25:49
    82      10      5     100    0.2       10       0.994    -6.7514     -6.7514         10              3             48.278           1.2321          2.1559       42.327     23-Mar-2024 00:25:49
    82      11      5     100    0.2       10       0.994    -6.7514     -6.7514         10              3             48.278           1.2321          2.1952       42.736     23-Mar-2024 00:25:49
    82      12      5     100    0.2       10       0.994    -6.7514     -6.7514         10              3             48.278           1.2321          2.2019       45.358     23-Mar-2024 00:25:49
    82      13      5     100    0.2       10       0.994    -6.7514     -6.7514         10              3             48.278           1.2321          2.1571       47.096     23-Mar-2024 00:25:49
    82      14      5     100    0.2       10       0.994    -6.7514     -6.7514         10              3             48.278           1.2321          2.1454       48.123     23-Mar-2024 00:25:49
    82      15      5     100    0.2       10       0.994    -6.7514     -6.7514         10              3             48.278           1.2321          2.3309       50.124     23-Mar-2024 00:25:49
    82      16      5     100    0.2       10       0.994    -6.7514     -6.7514         10              3             48.278           1.2321          2.1442       49.856     23-Mar-2024 00:25:49
    82      17      5     100    0.2       10       0.994    -6.7514     -6.7514         10              3             48.278           1.2321          2.3251       51.069     23-Mar-2024 00:25:49
    82      18      5     100    0.2       10       0.994    -6.7514     -6.7514         10              3             48.278           1.2321          2.1634       49.041     23-Mar-2024 00:25:49
    82      19      5     100    0.2       10       0.994    -6.7514     -6.7514         10              3             48.278           1.2321          1.9832       48.042     23-Mar-2024 00:25:49
    82      20      5     100    0.2       10       0.994    -6.7514     -6.7514         10              3             48.278           1.2321          2.1635       49.958     23-Mar-2024 00:25:49
    82      21      5     100    0.2       10       0.994    -6.7514     -6.7514         10              3             48.278           1.2321           2.122       49.111     23-Mar-2024 00:25:49
    82      22      5     100    0.2       10       0.994    -6.7514     -6.7514         10              3             48.278           1.2321          2.4395       51.471     23-Mar-2024 00:25:49
    82      23      5     100    0.2       10       0.994    -6.7514     -6.7514         10              3             48.278           1.2321          2.2275       50.276     23-Mar-2024 00:25:49
    82      24      5     100    0.2       10       0.994    -6.7514     -6.7514         10              3             48.278           1.2321          2.1902       50.757     23-Mar-2024 00:25:49
    82      25      5     100    0.2       10       0.994    -6.7514     -6.7514         10              3             48.278           1.2321            2.22        50.94     23-Mar-2024 00:25:49
    82      26      5     100    0.2       10       0.994    -6.7514     -6.7514         10              3             48.278           1.2321          2.2383        49.27     23-Mar-2024 00:25:49
    82      27      5     100    0.2       10       0.994    -6.7514     -6.7514         10              3             48.278           1.2321          2.1877       48.649     23-Mar-2024 00:25:49
    82      28      5     100    0.2       10       0.994    -6.7514     -6.7514         10              3             48.278           1.2321          2.1562       47.926     23-Mar-2024 00:25:49
    82      29      5     100    0.2       10       0.994    -6.7514     -6.7514         10              3             48.278           1.2321          2.2344       51.422     23-Mar-2024 00:25:49
    82      30      5     100    0.2       10       0.994    -6.7514     -6.7514         10              3             48.278           1.2321          2.2334       51.032     23-Mar-2024 00:25:49


rep =

    83

replication: (83)th 


thres =

    3.0349

thres=3.034854
1 th thresholding

  breakyes=1.4,  maxresidual < 1.00e-06
14 entries survived 

2 th thresholding

  breakyes=1.4,  maxresidual < 1.00e-06
14 entries survived 

3 th thresholding

  breakyes=1.4,  maxresidual < 1.00e-06
14 entries survived 

4 th thresholding

  breakyes=1.4,  maxresidual < 1.00e-06
14 entries survived 

5 th thresholding

  breakyes=1.4,  maxresidual < 1.00e-06
14 entries survived 

6 th thresholding

  breakyes=1.4,  maxresidual < 1.00e-06
14 entries survived 

7 th thresholding

  breakyes=1.4,  maxresidual < 1.00e-06
14 entries survived 

8 th thresholding

  breakyes=1.4,  maxresidual < 1.00e-06
14 entries survived 

9 th thresholding

  breakyes=1.4,  maxresidual < 1.00e-06
14 entries survived 

10 th thresholding

  breakyes=1.4,  maxresidual < 1.00e-06
14 entries survived 

11 th thresholding

  breakyes=1.4,  maxresidual < 1.00e-06
14 entries survived 

12 th thresholding

  breakyes=1.4,  maxresidual < 1.00e-06
14 entries survived 

13 th thresholding

  breakyes=1.4,  maxresidual < 1.00e-06
14 entries survived 

14 th thresholding

  breakyes=1.4,  maxresidual < 1.00e-06
14 entries survived 

15 th thresholding

  breakyes=1.4,  maxresidual < 1.00e-06
14 entries survived 

16 th thresholding

  breakyes=1.4,  maxresidual < 1.00e-06
14 entries survived 

17 th thresholding

  breakyes=1.4,  maxresidual < 1.00e-06
14 entries survived 

18 th thresholding

  breakyes=1.4,  maxresidual < 1.00e-06
14 entries survived 

19 th thresholding

  breakyes=1.4,  maxresidual < 1.00e-06
14 entries survived 

20 th thresholding

  breakyes=1.4,  maxresidual < 1.00e-06
14 entries survived 

21 th thresholding

  breakyes=1.4,  maxresidual < 1.00e-06
14 entries survived 

22 th thresholding

  breakyes=1.4,  maxresidual < 1.00e-06
14 entries survived 

23 th thresholding

  breakyes=1.4,  maxresidual < 1.00e-06
14 entries survived 

24 th thresholding

  breakyes=1.4,  maxresidual < 1.00e-06
14 entries survived 

25 th thresholding

  breakyes=1.4,  maxresidual < 1.00e-06
14 entries survived 

26 th thresholding

  breakyes=1.4,  maxresidual < 1.00e-06
14 entries survived 

27 th thresholding

  breakyes=1.4,  maxresidual < 1.00e-06
14 entries survived 

28 th thresholding

  breakyes=1.4,  maxresidual < 1.00e-06
14 entries survived 

29 th thresholding

  breakyes=1.4,  maxresidual < 1.00e-06
14 entries survived 

30 th thresholding

  breakyes=1.4,  maxresidual < 1.00e-06
14 entries survived 

acc_vec =

    0.9940
    0.9940
    0.9940
    0.9940
    0.9940
    0.9940
    0.9940
    0.9940
    0.9940
    0.9940
    0.9940
    0.9940
    0.9940
    0.9940
    0.9940
    0.9940
    0.9940
    0.9940
    0.9940
    0.9940
    0.9940
    0.9940
    0.9940
    0.9940
    0.9940
    0.9940
    0.9940
    0.9940
    0.9940
    0.9940
    0.9940

acc =0.994000  0.994000  0.994000  0.994000  0.994000  0.994000  0.994000  0.994000  0.994000  0.994000  0.994000  0.994000  0.994000  0.994000  0.994000  0.994000  0.994000  0.994000  0.994000  0.994000  0.994000  0.994000  0.994000  0.994000  0.994000  0.994000  0.994000  0.994000  0.994000  0.994000  0.994000 

discov_true_vec =

    10
    10
    10
    10
    10
    10
    10
    10
    10
    10
    10
    10
    10
    10
    10
    10
    10
    10
    10
    10
    10
    10
    10
    10
    10
    10
    10
    10
    10
    10


discov_false_vec =

     4
     4
     4
     4
     4
     4
     4
     4
     4
     4
     4
     4
     4
     4
     4
     4
     4
     4
     4
     4
     4
     4
     4
     4
     4
     4
     4
     4
     4
     4


data =

  31x16 table

    rep    iter    sep    dim    rho    sparsity     acc     obj_prim    obj_dual    discov_true    discov_false    diff_x_tilde    diff_omega_diag    time_isee    time_SDP          jobdate       
    ___    ____    ___    ___    ___    ________    _____    ________    ________    ___________    ____________    ____________    _______________    _________    ________    ____________________

    83       0      5     100    0.2       10       0.994          0           0          0              0                  0                0               0            0     23-Mar-2024 00:57:37
    83       1      5     100    0.2       10       0.994    -7.1776     -7.1776         10              4             49.969           1.1493          2.3813       61.581     23-Mar-2024 00:57:37
    83       2      5     100    0.2       10       0.994    -7.1776     -7.1776         10              4             49.969           1.1493          2.2299       64.564     23-Mar-2024 00:57:37
    83       3      5     100    0.2       10       0.994    -7.1776     -7.1776         10              4             49.969           1.1493          2.2095       65.342     23-Mar-2024 00:57:37
    83       4      5     100    0.2       10       0.994    -7.1776     -7.1776         10              4             49.969           1.1493          2.2459        65.53     23-Mar-2024 00:57:37
    83       5      5     100    0.2       10       0.994    -7.1776     -7.1776         10              4             49.969           1.1493          2.2201       64.242     23-Mar-2024 00:57:37
    83       6      5     100    0.2       10       0.994    -7.1776     -7.1776         10              4             49.969           1.1493          2.3216       64.938     23-Mar-2024 00:57:37
    83       7      5     100    0.2       10       0.994    -7.1776     -7.1776         10              4             49.969           1.1493          2.3249       65.127     23-Mar-2024 00:57:37
    83       8      5     100    0.2       10       0.994    -7.1776     -7.1776         10              4             49.969           1.1493          2.2064        65.02     23-Mar-2024 00:57:37
    83       9      5     100    0.2       10       0.994    -7.1776     -7.1776         10              4             49.969           1.1493          2.1749       63.626     23-Mar-2024 00:57:37
    83      10      5     100    0.2       10       0.994    -7.1776     -7.1776         10              4             49.969           1.1493          2.2768       63.918     23-Mar-2024 00:57:37
    83      11      5     100    0.2       10       0.994    -7.1776     -7.1776         10              4             49.969           1.1493          2.2474       61.432     23-Mar-2024 00:57:37
    83      12      5     100    0.2       10       0.994    -7.1776     -7.1776         10              4             49.969           1.1493          2.5244       59.226     23-Mar-2024 00:57:37
    83      13      5     100    0.2       10       0.994    -7.1776     -7.1776         10              4             49.969           1.1493          2.5701       59.356     23-Mar-2024 00:57:37
    83      14      5     100    0.2       10       0.994    -7.1776     -7.1776         10              4             49.969           1.1493           2.235       60.385     23-Mar-2024 00:57:37
    83      15      5     100    0.2       10       0.994    -7.1776     -7.1776         10              4             49.969           1.1493            2.23        58.87     23-Mar-2024 00:57:37
    83      16      5     100    0.2       10       0.994    -7.1776     -7.1776         10              4             49.969           1.1493          2.2186       62.301     23-Mar-2024 00:57:37
    83      17      5     100    0.2       10       0.994    -7.1776     -7.1776         10              4             49.969           1.1493          2.2293       60.594     23-Mar-2024 00:57:37
    83      18      5     100    0.2       10       0.994    -7.1776     -7.1776         10              4             49.969           1.1493          2.3722       62.077     23-Mar-2024 00:57:37
    83      19      5     100    0.2       10       0.994    -7.1776     -7.1776         10              4             49.969           1.1493          2.2574       60.923     23-Mar-2024 00:57:37
    83      20      5     100    0.2       10       0.994    -7.1776     -7.1776         10              4             49.969           1.1493          2.3382       61.617     23-Mar-2024 00:57:37
    83      21      5     100    0.2       10       0.994    -7.1776     -7.1776         10              4             49.969           1.1493          2.2083       61.985     23-Mar-2024 00:57:37
    83      22      5     100    0.2       10       0.994    -7.1776     -7.1776         10              4             49.969           1.1493          2.4984       60.477     23-Mar-2024 00:57:37
    83      23      5     100    0.2       10       0.994    -7.1776     -7.1776         10              4             49.969           1.1493          2.2629       64.317     23-Mar-2024 00:57:37
    83      24      5     100    0.2       10       0.994    -7.1776     -7.1776         10              4             49.969           1.1493          2.3069       66.043     23-Mar-2024 00:57:37
    83      25      5     100    0.2       10       0.994    -7.1776     -7.1776         10              4             49.969           1.1493          2.2224       59.787     23-Mar-2024 00:57:37
    83      26      5     100    0.2       10       0.994    -7.1776     -7.1776         10              4             49.969           1.1493          2.3411       56.829     23-Mar-2024 00:57:37
    83      27      5     100    0.2       10       0.994    -7.1776     -7.1776         10              4             49.969           1.1493          2.3685       56.582     23-Mar-2024 00:57:37
    83      28      5     100    0.2       10       0.994    -7.1776     -7.1776         10              4             49.969           1.1493          2.1663       54.044     23-Mar-2024 00:57:37
    83      29      5     100    0.2       10       0.994    -7.1776     -7.1776         10              4             49.969           1.1493          2.2005       53.578     23-Mar-2024 00:57:37
    83      30      5     100    0.2       10       0.994    -7.1776     -7.1776         10              4             49.969           1.1493          2.2047       54.347     23-Mar-2024 00:57:37


rep =

    84

replication: (84)th 


thres =

    3.0349

thres=3.034854
1 th thresholding

  breakyes=3.1,  primfeasorg deteriorated too much: primfeasorg=3.74e-05,dualfeasorg=7.90e-07
12 entries survived 

2 th thresholding

  breakyes=1.0,  maxresidual < 1.00e-06
12 entries survived 

3 th thresholding

  breakyes=1.3,  maxresidual < 1.00e-06
11 entries survived 

4 th thresholding

  breakyes=1.0,  maxresidual < 1.00e-06
12 entries survived 

5 th thresholding

  breakyes=1.3,  maxresidual < 1.00e-06
11 entries survived 

6 th thresholding

  breakyes=1.0,  maxresidual < 1.00e-06
12 entries survived 

7 th thresholding

  breakyes=1.3,  maxresidual < 1.00e-06
11 entries survived 

8 th thresholding

  breakyes=1.0,  maxresidual < 1.00e-06
12 entries survived 

9 th thresholding

  breakyes=1.3,  maxresidual < 1.00e-06
11 entries survived 

10 th thresholding

  breakyes=1.0,  maxresidual < 1.00e-06
12 entries survived 

11 th thresholding

  breakyes=1.3,  maxresidual < 1.00e-06
11 entries survived 

12 th thresholding

  breakyes=1.0,  maxresidual < 1.00e-06
12 entries survived 

13 th thresholding

  breakyes=1.3,  maxresidual < 1.00e-06
11 entries survived 

14 th thresholding

  breakyes=1.0,  maxresidual < 1.00e-06
12 entries survived 

15 th thresholding

  breakyes=1.3,  maxresidual < 1.00e-06
11 entries survived 

16 th thresholding

  breakyes=1.0,  maxresidual < 1.00e-06
12 entries survived 

17 th thresholding

  breakyes=1.3,  maxresidual < 1.00e-06
11 entries survived 

18 th thresholding

  breakyes=1.0,  maxresidual < 1.00e-06
12 entries survived 

19 th thresholding

  breakyes=1.3,  maxresidual < 1.00e-06
11 entries survived 

20 th thresholding

  breakyes=1.0,  maxresidual < 1.00e-06
12 entries survived 

21 th thresholding

  breakyes=1.3,  maxresidual < 1.00e-06
11 entries survived 

22 th thresholding

  breakyes=1.0,  maxresidual < 1.00e-06
12 entries survived 

23 th thresholding

  breakyes=1.3,  maxresidual < 1.00e-06
11 entries survived 

24 th thresholding

  breakyes=1.0,  maxresidual < 1.00e-06
12 entries survived 

25 th thresholding

  breakyes=1.3,  maxresidual < 1.00e-06
11 entries survived 

26 th thresholding

  breakyes=1.0,  maxresidual < 1.00e-06
12 entries survived 

27 th thresholding

  breakyes=1.3,  maxresidual < 1.00e-06
11 entries survived 

28 th thresholding

  breakyes=1.0,  maxresidual < 1.00e-06
12 entries survived 

29 th thresholding

  breakyes=1.3,  maxresidual < 1.00e-06
11 entries survived 

30 th thresholding

  breakyes=1.0,  maxresidual < 1.00e-06
12 entries survived 

acc_vec =

    0.9880
    0.9920
    0.9940
    0.9920
    0.9940
    0.9920
    0.9940
    0.9920
    0.9940
    0.9920
    0.9940
    0.9920
    0.9940
    0.9920
    0.9940
    0.9920
    0.9940
    0.9920
    0.9940
    0.9920
    0.9940
    0.9920
    0.9940
    0.9920
    0.9940
    0.9920
    0.9940
    0.9920
    0.9940
    0.9920
    0.9940

acc =0.988000  0.992000  0.994000  0.992000  0.994000  0.992000  0.994000  0.992000  0.994000  0.992000  0.994000  0.992000  0.994000  0.992000  0.994000  0.992000  0.994000  0.992000  0.994000  0.992000  0.994000  0.992000  0.994000  0.992000  0.994000  0.992000  0.994000  0.992000  0.994000  0.992000  0.994000 

discov_true_vec =

    10
    10
    10
    10
    10
    10
    10
    10
    10
    10
    10
    10
    10
    10
    10
    10
    10
    10
    10
    10
    10
    10
    10
    10
    10
    10
    10
    10
    10
    10


discov_false_vec =

     2
     2
     1
     2
     1
     2
     1
     2
     1
     2
     1
     2
     1
     2
     1
     2
     1
     2
     1
     2
     1
     2
     1
     2
     1
     2
     1
     2
     1
     2


data =

  31x16 table

    rep    iter    sep    dim    rho    sparsity     acc     obj_prim    obj_dual    discov_true    discov_false    diff_x_tilde    diff_omega_diag    time_isee    time_SDP          jobdate       
    ___    ____    ___    ___    ___    ________    _____    ________    ________    ___________    ____________    ____________    _______________    _________    ________    ____________________

    84       0      5     100    0.2       10       0.988          0           0          0              0                  0                 0              0            0     23-Mar-2024 01:28:52
    84       1      5     100    0.2       10       0.992    -7.6425     -7.6426         10              2             47.291           0.98663         2.4879       72.042     23-Mar-2024 01:28:52
    84       2      5     100    0.2       10       0.994    -7.7213     -7.7213         10              2             47.748            1.0011         2.1866       75.534     23-Mar-2024 01:28:52
    84       3      5     100    0.2       10       0.992    -7.8638     -7.8635         10              1             47.095           0.95441         2.3263       45.409     23-Mar-2024 01:28:52
    84       4      5     100    0.2       10       0.994    -7.7213     -7.7213         10              2             47.748            1.0011          1.941       73.081     23-Mar-2024 01:28:52
    84       5      5     100    0.2       10       0.992    -7.8638     -7.8635         10              1             47.095           0.95441          2.203       45.279     23-Mar-2024 01:28:52
    84       6      5     100    0.2       10       0.994    -7.7213     -7.7213         10              2             47.748            1.0011         2.1936       73.302     23-Mar-2024 01:28:52
    84       7      5     100    0.2       10       0.992    -7.8638     -7.8635         10              1             47.095           0.95441         2.1485       47.358     23-Mar-2024 01:28:52
    84       8      5     100    0.2       10       0.994    -7.7213     -7.7213         10              2             47.748            1.0011         2.0979       75.746     23-Mar-2024 01:28:52
    84       9      5     100    0.2       10       0.992    -7.8638     -7.8635         10              1             47.095           0.95441         2.2045       46.692     23-Mar-2024 01:28:52
    84      10      5     100    0.2       10       0.994    -7.7213     -7.7213         10              2             47.748            1.0011         1.8881       74.315     23-Mar-2024 01:28:52
    84      11      5     100    0.2       10       0.992    -7.8638     -7.8635         10              1             47.095           0.95441         2.2757       46.537     23-Mar-2024 01:28:52
    84      12      5     100    0.2       10       0.994    -7.7213     -7.7213         10              2             47.748            1.0011          2.124       75.338     23-Mar-2024 01:28:52
    84      13      5     100    0.2       10       0.992    -7.8638     -7.8635         10              1             47.095           0.95441         2.2716       47.671     23-Mar-2024 01:28:52
    84      14      5     100    0.2       10       0.994    -7.7213     -7.7213         10              2             47.748            1.0011          2.142       77.027     23-Mar-2024 01:28:52
    84      15      5     100    0.2       10       0.992    -7.8638     -7.8635         10              1             47.095           0.95441         2.3668       45.151     23-Mar-2024 01:28:52
    84      16      5     100    0.2       10       0.994    -7.7213     -7.7213         10              2             47.748            1.0011           2.16       70.168     23-Mar-2024 01:28:52
    84      17      5     100    0.2       10       0.992    -7.8638     -7.8635         10              1             47.095           0.95441         2.1836       44.172     23-Mar-2024 01:28:52
    84      18      5     100    0.2       10       0.994    -7.7213     -7.7213         10              2             47.748            1.0011         2.4693        73.59     23-Mar-2024 01:28:52
    84      19      5     100    0.2       10       0.992    -7.8638     -7.8635         10              1             47.095           0.95441          2.218       44.173     23-Mar-2024 01:28:52
    84      20      5     100    0.2       10       0.994    -7.7213     -7.7213         10              2             47.748            1.0011         2.0868       71.613     23-Mar-2024 01:28:52
    84      21      5     100    0.2       10       0.992    -7.8638     -7.8635         10              1             47.095           0.95441         2.1383       44.616     23-Mar-2024 01:28:52
    84      22      5     100    0.2       10       0.994    -7.7213     -7.7213         10              2             47.748            1.0011          2.267       73.262     23-Mar-2024 01:28:52
    84      23      5     100    0.2       10       0.992    -7.8638     -7.8635         10              1             47.095           0.95441         2.3022       44.723     23-Mar-2024 01:28:52
    84      24      5     100    0.2       10       0.994    -7.7213     -7.7213         10              2             47.748            1.0011         2.1251       72.174     23-Mar-2024 01:28:52
    84      25      5     100    0.2       10       0.992    -7.8638     -7.8635         10              1             47.095           0.95441         2.1719       44.502     23-Mar-2024 01:28:52
    84      26      5     100    0.2       10       0.994    -7.7213     -7.7213         10              2             47.748            1.0011         2.1021       72.505     23-Mar-2024 01:28:52
    84      27      5     100    0.2       10       0.992    -7.8638     -7.8635         10              1             47.095           0.95441         2.1723       46.189     23-Mar-2024 01:28:52
    84      28      5     100    0.2       10       0.994    -7.7213     -7.7213         10              2             47.748            1.0011         2.0764        70.41     23-Mar-2024 01:28:52
    84      29      5     100    0.2       10       0.992    -7.8638     -7.8635         10              1             47.095           0.95441         2.1862       44.526     23-Mar-2024 01:28:52
    84      30      5     100    0.2       10       0.994    -7.7213     -7.7213         10              2             47.748            1.0011         2.1109       72.673     23-Mar-2024 01:28:52

