==========================================
SLURM_JOB_ID = 20418911
SLURM_JOB_NODELIST = a03-04
TMPDIR = /tmp/SLURM_20418911
==========================================
hello
Starting parallel pool (parpool) ...
Connected to the parallel pool (number of workers: 15).

pool = 

 ProcessPool with properties: 

            Connected: true
           NumWorkers: 15
                 Busy: false
              Cluster: Local
        AttachedFiles: {}
    AutoAddClientPath: true
            FileStore: [1x1 parallel.FileStore]
           ValueStore: [1x1 parallel.ValueStore]
          IdleTimeout: 30 minutes (30 minutes remaining)
          SpmdEnabled: true


p =

   300


Delta =

     5


s =

    10


n =

   500


ii =

     9


table_name =

    'sparse_kmeans_isee'


conn = 

  sqlite with properties:

      Database: '/home1/jongminm/sparse_kmeans/sparse_kmeans.db'
    IsReadOnly: 0
    AutoCommit: 'on'


rho =

    0.2000


M =

    0.9177

delta confirmed: 5.000000
ans =

    4.3425


rep =

    33

replication: (33)th 


thres =

    3.3775

thres=3.377509
1 th thresholding

  breakyes=1.0,  maxresidual < 1.00e-06
11 entries survived 

2 th thresholding

  breakyes=1.0,  maxresidual < 1.00e-06
11 entries survived 

3 th thresholding

  breakyes=1.4,  maxresidual < 1.00e-06
11 entries survived 

4 th thresholding

  breakyes=1.4,  maxresidual < 1.00e-06
11 entries survived 

5 th thresholding

  breakyes=1.4,  maxresidual < 1.00e-06
11 entries survived 

6 th thresholding

  breakyes=1.4,  maxresidual < 1.00e-06
11 entries survived 

7 th thresholding

  breakyes=1.4,  maxresidual < 1.00e-06
11 entries survived 

8 th thresholding

  breakyes=1.4,  maxresidual < 1.00e-06
11 entries survived 

9 th thresholding

  breakyes=1.4,  maxresidual < 1.00e-06
11 entries survived 

10 th thresholding

  breakyes=1.4,  maxresidual < 1.00e-06
11 entries survived 

11 th thresholding

  breakyes=1.4,  maxresidual < 1.00e-06
11 entries survived 

12 th thresholding

  breakyes=1.4,  maxresidual < 1.00e-06
11 entries survived 

13 th thresholding

  breakyes=1.4,  maxresidual < 1.00e-06
11 entries survived 

14 th thresholding

  breakyes=1.4,  maxresidual < 1.00e-06
11 entries survived 

15 th thresholding

  breakyes=1.4,  maxresidual < 1.00e-06
11 entries survived 

16 th thresholding

  breakyes=1.4,  maxresidual < 1.00e-06
11 entries survived 

17 th thresholding

  breakyes=1.4,  maxresidual < 1.00e-06
11 entries survived 

18 th thresholding

  breakyes=1.4,  maxresidual < 1.00e-06
11 entries survived 

19 th thresholding

  breakyes=1.4,  maxresidual < 1.00e-06
11 entries survived 

20 th thresholding

  breakyes=1.4,  maxresidual < 1.00e-06
11 entries survived 

21 th thresholding

  breakyes=1.4,  maxresidual < 1.00e-06
11 entries survived 

22 th thresholding

  breakyes=1.4,  maxresidual < 1.00e-06
11 entries survived 

23 th thresholding

  breakyes=1.4,  maxresidual < 1.00e-06
11 entries survived 

24 th thresholding

  breakyes=1.4,  maxresidual < 1.00e-06
11 entries survived 

25 th thresholding

  breakyes=1.4,  maxresidual < 1.00e-06
11 entries survived 

26 th thresholding

  breakyes=1.4,  maxresidual < 1.00e-06
11 entries survived 

27 th thresholding

  breakyes=1.4,  maxresidual < 1.00e-06
11 entries survived 

28 th thresholding

  breakyes=1.4,  maxresidual < 1.00e-06
11 entries survived 

29 th thresholding

  breakyes=1.4,  maxresidual < 1.00e-06
11 entries survived 

30 th thresholding

  breakyes=1.4,  maxresidual < 1.00e-06
11 entries survived 

acc_vec =

    0.9780
    0.9920
    0.9940
    0.9940
    0.9940
    0.9940
    0.9940
    0.9940
    0.9940
    0.9940
    0.9940
    0.9940
    0.9940
    0.9940
    0.9940
    0.9940
    0.9940
    0.9940
    0.9940
    0.9940
    0.9940
    0.9940
    0.9940
    0.9940
    0.9940
    0.9940
    0.9940
    0.9940
    0.9940
    0.9940
    0.9940

acc =0.978000  0.992000  0.994000  0.994000  0.994000  0.994000  0.994000  0.994000  0.994000  0.994000  0.994000  0.994000  0.994000  0.994000  0.994000  0.994000  0.994000  0.994000  0.994000  0.994000  0.994000  0.994000  0.994000  0.994000  0.994000  0.994000  0.994000  0.994000  0.994000  0.994000  0.994000 

discov_true_vec =

    10
    10
    10
    10
    10
    10
    10
    10
    10
    10
    10
    10
    10
    10
    10
    10
    10
    10
    10
    10
    10
    10
    10
    10
    10
    10
    10
    10
    10
    10


discov_false_vec =

     1
     1
     1
     1
     1
     1
     1
     1
     1
     1
     1
     1
     1
     1
     1
     1
     1
     1
     1
     1
     1
     1
     1
     1
     1
     1
     1
     1
     1
     1


data =

  31x16 table

    rep    iter    sep    dim    rho    sparsity     acc     obj_prim    obj_dual    discov_true    discov_false    diff_x_tilde    diff_omega_diag    time_isee    time_SDP          jobdate       
    ___    ____    ___    ___    ___    ________    _____    ________    ________    ___________    ____________    ____________    _______________    _________    ________    ____________________

    33       0      5     300    0.2       10       0.978          0           0          0              0                  0                0               0            0     23-Mar-2024 00:55:05
    33       1      5     300    0.2       10       0.992    -6.7165     -6.7165         10              1             90.772           2.6017          15.847       31.365     23-Mar-2024 00:55:05
    33       2      5     300    0.2       10       0.994    -6.5772     -6.5772         10              1              89.68           2.5337          13.247       34.606     23-Mar-2024 00:55:05
    33       3      5     300    0.2       10       0.994    -6.5174     -6.5173         10              1             91.778           2.7418          13.331       45.209     23-Mar-2024 00:55:05
    33       4      5     300    0.2       10       0.994    -6.5174     -6.5173         10              1             91.778           2.7418          13.412        47.11     23-Mar-2024 00:55:05
    33       5      5     300    0.2       10       0.994    -6.5174     -6.5173         10              1             91.778           2.7418          12.914       46.465     23-Mar-2024 00:55:05
    33       6      5     300    0.2       10       0.994    -6.5174     -6.5173         10              1             91.778           2.7418          13.081       47.648     23-Mar-2024 00:55:05
    33       7      5     300    0.2       10       0.994    -6.5174     -6.5173         10              1             91.778           2.7418          13.117       48.943     23-Mar-2024 00:55:05
    33       8      5     300    0.2       10       0.994    -6.5174     -6.5173         10              1             91.778           2.7418          13.177       49.699     23-Mar-2024 00:55:05
    33       9      5     300    0.2       10       0.994    -6.5174     -6.5173         10              1             91.778           2.7418          13.203       58.855     23-Mar-2024 00:55:05
    33      10      5     300    0.2       10       0.994    -6.5174     -6.5173         10              1             91.778           2.7418          12.809       56.658     23-Mar-2024 00:55:05
    33      11      5     300    0.2       10       0.994    -6.5174     -6.5173         10              1             91.778           2.7418          13.077       56.557     23-Mar-2024 00:55:05
    33      12      5     300    0.2       10       0.994    -6.5174     -6.5173         10              1             91.778           2.7418              13       55.597     23-Mar-2024 00:55:05
    33      13      5     300    0.2       10       0.994    -6.5174     -6.5173         10              1             91.778           2.7418          13.217       54.526     23-Mar-2024 00:55:05
    33      14      5     300    0.2       10       0.994    -6.5174     -6.5173         10              1             91.778           2.7418          13.293       49.022     23-Mar-2024 00:55:05
    33      15      5     300    0.2       10       0.994    -6.5174     -6.5173         10              1             91.778           2.7418          14.063       57.836     23-Mar-2024 00:55:05
    33      16      5     300    0.2       10       0.994    -6.5174     -6.5173         10              1             91.778           2.7418          13.357       57.439     23-Mar-2024 00:55:05
    33      17      5     300    0.2       10       0.994    -6.5174     -6.5173         10              1             91.778           2.7418          13.789       61.588     23-Mar-2024 00:55:05
    33      18      5     300    0.2       10       0.994    -6.5174     -6.5173         10              1             91.778           2.7418          13.202       60.972     23-Mar-2024 00:55:05
    33      19      5     300    0.2       10       0.994    -6.5174     -6.5173         10              1             91.778           2.7418          13.505        52.16     23-Mar-2024 00:55:05
    33      20      5     300    0.2       10       0.994    -6.5174     -6.5173         10              1             91.778           2.7418          13.434       48.601     23-Mar-2024 00:55:05
    33      21      5     300    0.2       10       0.994    -6.5174     -6.5173         10              1             91.778           2.7418          13.601        50.91     23-Mar-2024 00:55:05
    33      22      5     300    0.2       10       0.994    -6.5174     -6.5173         10              1             91.778           2.7418          13.366       50.249     23-Mar-2024 00:55:05
    33      23      5     300    0.2       10       0.994    -6.5174     -6.5173         10              1             91.778           2.7418          13.452       49.695     23-Mar-2024 00:55:05
    33      24      5     300    0.2       10       0.994    -6.5174     -6.5173         10              1             91.778           2.7418          13.845       48.239     23-Mar-2024 00:55:05
    33      25      5     300    0.2       10       0.994    -6.5174     -6.5173         10              1             91.778           2.7418          13.631       47.495     23-Mar-2024 00:55:05
    33      26      5     300    0.2       10       0.994    -6.5174     -6.5173         10              1             91.778           2.7418          13.667        49.12     23-Mar-2024 00:55:05
    33      27      5     300    0.2       10       0.994    -6.5174     -6.5173         10              1             91.778           2.7418          14.023       51.126     23-Mar-2024 00:55:05
    33      28      5     300    0.2       10       0.994    -6.5174     -6.5173         10              1             91.778           2.7418          13.133       50.952     23-Mar-2024 00:55:05
    33      29      5     300    0.2       10       0.994    -6.5174     -6.5173         10              1             91.778           2.7418          13.846       51.744     23-Mar-2024 00:55:05
    33      30      5     300    0.2       10       0.994    -6.5174     -6.5173         10              1             91.778           2.7418          13.203       51.692     23-Mar-2024 00:55:05


rep =

    34

replication: (34)th 


thres =

    3.3775

thres=3.377509
1 th thresholding

  breakyes=3.1,  primfeasorg deteriorated too much: primfeasorg=9.61e-06,dualfeasorg=1.91e-05
13 entries survived 

2 th thresholding

  breakyes=3.1,  primfeasorg deteriorated too much: primfeasorg=2.44e-05,dualfeasorg=1.07e-06
13 entries survived 

3 th thresholding

  breakyes=1.4,  maxresidual < 1.00e-06
14 entries survived 

4 th thresholding

  breakyes=1.4,  maxresidual < 1.00e-06
14 entries survived 

5 th thresholding

  breakyes=1.4,  maxresidual < 1.00e-06
14 entries survived 

6 th thresholding

  breakyes=1.4,  maxresidual < 1.00e-06
14 entries survived 

7 th thresholding

  breakyes=1.4,  maxresidual < 1.00e-06
14 entries survived 

8 th thresholding

  breakyes=1.4,  maxresidual < 1.00e-06
14 entries survived 

9 th thresholding

  breakyes=1.4,  maxresidual < 1.00e-06
14 entries survived 

10 th thresholding

  breakyes=1.4,  maxresidual < 1.00e-06
14 entries survived 

11 th thresholding

  breakyes=1.4,  maxresidual < 1.00e-06
14 entries survived 

12 th thresholding

  breakyes=1.4,  maxresidual < 1.00e-06
14 entries survived 

13 th thresholding

  breakyes=1.4,  maxresidual < 1.00e-06
14 entries survived 

14 th thresholding

  breakyes=1.4,  maxresidual < 1.00e-06
14 entries survived 

15 th thresholding

  breakyes=1.4,  maxresidual < 1.00e-06
14 entries survived 

16 th thresholding

  breakyes=1.4,  maxresidual < 1.00e-06
14 entries survived 

17 th thresholding

  breakyes=1.4,  maxresidual < 1.00e-06
14 entries survived 

18 th thresholding

  breakyes=1.4,  maxresidual < 1.00e-06
14 entries survived 

19 th thresholding

  breakyes=1.4,  maxresidual < 1.00e-06
14 entries survived 

20 th thresholding

  breakyes=1.4,  maxresidual < 1.00e-06
14 entries survived 

21 th thresholding

  breakyes=1.4,  maxresidual < 1.00e-06
14 entries survived 

22 th thresholding

  breakyes=1.4,  maxresidual < 1.00e-06
14 entries survived 

23 th thresholding

  breakyes=1.4,  maxresidual < 1.00e-06
14 entries survived 

24 th thresholding

  breakyes=1.4,  maxresidual < 1.00e-06
14 entries survived 

25 th thresholding

  breakyes=1.4,  maxresidual < 1.00e-06
14 entries survived 

26 th thresholding

  breakyes=1.4,  maxresidual < 1.00e-06
14 entries survived 

27 th thresholding

  breakyes=1.4,  maxresidual < 1.00e-06
14 entries survived 

28 th thresholding

  breakyes=1.4,  maxresidual < 1.00e-06
14 entries survived 

29 th thresholding

  breakyes=1.4,  maxresidual < 1.00e-06
14 entries survived 

30 th thresholding

  breakyes=1.4,  maxresidual < 1.00e-06
14 entries survived 

acc_vec =

    0.9800
    0.9920
    0.9900
    0.9900
    0.9900
    0.9900
    0.9900
    0.9900
    0.9900
    0.9900
    0.9900
    0.9900
    0.9900
    0.9900
    0.9900
    0.9900
    0.9900
    0.9900
    0.9900
    0.9900
    0.9900
    0.9900
    0.9900
    0.9900
    0.9900
    0.9900
    0.9900
    0.9900
    0.9900
    0.9900
    0.9900

acc =0.980000  0.992000  0.990000  0.990000  0.990000  0.990000  0.990000  0.990000  0.990000  0.990000  0.990000  0.990000  0.990000  0.990000  0.990000  0.990000  0.990000  0.990000  0.990000  0.990000  0.990000  0.990000  0.990000  0.990000  0.990000  0.990000  0.990000  0.990000  0.990000  0.990000  0.990000 

discov_true_vec =

    10
    10
    10
    10
    10
    10
    10
    10
    10
    10
    10
    10
    10
    10
    10
    10
    10
    10
    10
    10
    10
    10
    10
    10
    10
    10
    10
    10
    10
    10


discov_false_vec =

     3
     3
     4
     4
     4
     4
     4
     4
     4
     4
     4
     4
     4
     4
     4
     4
     4
     4
     4
     4
     4
     4
     4
     4
     4
     4
     4
     4
     4
     4


data =

  31x16 table

    rep    iter    sep    dim    rho    sparsity     acc     obj_prim    obj_dual    discov_true    discov_false    diff_x_tilde    diff_omega_diag    time_isee    time_SDP          jobdate       
    ___    ____    ___    ___    ___    ________    _____    ________    ________    ___________    ____________    ____________    _______________    _________    ________    ____________________

    34       0      5     300    0.2       10        0.98          0           0          0              0                  0                0               0            0     23-Mar-2024 01:19:55
    34       1      5     300    0.2       10       0.992    -7.5061      -7.506         10              3             90.017           2.6228          13.362       31.747     23-Mar-2024 01:19:55
    34       2      5     300    0.2       10        0.99    -7.5544     -7.5543         10              3             89.765           2.6084          13.224       58.603     23-Mar-2024 01:19:55
    34       3      5     300    0.2       10        0.99    -7.5969     -7.5969         10              4             89.971           2.6169          13.214       43.605     23-Mar-2024 01:19:55
    34       4      5     300    0.2       10        0.99    -7.5969     -7.5969         10              4             89.971           2.6169           12.99       40.995     23-Mar-2024 01:19:55
    34       5      5     300    0.2       10        0.99    -7.5969     -7.5969         10              4             89.971           2.6169          13.238        38.75     23-Mar-2024 01:19:55
    34       6      5     300    0.2       10        0.99    -7.5969     -7.5969         10              4             89.971           2.6169          13.723       33.217     23-Mar-2024 01:19:55
    34       7      5     300    0.2       10        0.99    -7.5969     -7.5969         10              4             89.971           2.6169          13.389       31.971     23-Mar-2024 01:19:55
    34       8      5     300    0.2       10        0.99    -7.5969     -7.5969         10              4             89.971           2.6169          12.931       35.095     23-Mar-2024 01:19:55
    34       9      5     300    0.2       10        0.99    -7.5969     -7.5969         10              4             89.971           2.6169          13.219       32.161     23-Mar-2024 01:19:55
    34      10      5     300    0.2       10        0.99    -7.5969     -7.5969         10              4             89.971           2.6169          13.076       32.066     23-Mar-2024 01:19:55
    34      11      5     300    0.2       10        0.99    -7.5969     -7.5969         10              4             89.971           2.6169          13.367       31.355     23-Mar-2024 01:19:55
    34      12      5     300    0.2       10        0.99    -7.5969     -7.5969         10              4             89.971           2.6169          13.303       32.829     23-Mar-2024 01:19:55
    34      13      5     300    0.2       10        0.99    -7.5969     -7.5969         10              4             89.971           2.6169          13.079       34.563     23-Mar-2024 01:19:55
    34      14      5     300    0.2       10        0.99    -7.5969     -7.5969         10              4             89.971           2.6169          13.003       34.224     23-Mar-2024 01:19:55
    34      15      5     300    0.2       10        0.99    -7.5969     -7.5969         10              4             89.971           2.6169          13.026       34.684     23-Mar-2024 01:19:55
    34      16      5     300    0.2       10        0.99    -7.5969     -7.5969         10              4             89.971           2.6169          13.011       31.459     23-Mar-2024 01:19:55
    34      17      5     300    0.2       10        0.99    -7.5969     -7.5969         10              4             89.971           2.6169           13.76       30.796     23-Mar-2024 01:19:55
    34      18      5     300    0.2       10        0.99    -7.5969     -7.5969         10              4             89.971           2.6169          13.055        35.46     23-Mar-2024 01:19:55
    34      19      5     300    0.2       10        0.99    -7.5969     -7.5969         10              4             89.971           2.6169          13.021       36.216     23-Mar-2024 01:19:55
    34      20      5     300    0.2       10        0.99    -7.5969     -7.5969         10              4             89.971           2.6169          13.209       36.085     23-Mar-2024 01:19:55
    34      21      5     300    0.2       10        0.99    -7.5969     -7.5969         10              4             89.971           2.6169          12.922       34.422     23-Mar-2024 01:19:55
    34      22      5     300    0.2       10        0.99    -7.5969     -7.5969         10              4             89.971           2.6169          12.804       37.434     23-Mar-2024 01:19:55
    34      23      5     300    0.2       10        0.99    -7.5969     -7.5969         10              4             89.971           2.6169          13.025       36.525     23-Mar-2024 01:19:55
    34      24      5     300    0.2       10        0.99    -7.5969     -7.5969         10              4             89.971           2.6169          12.982       34.584     23-Mar-2024 01:19:55
    34      25      5     300    0.2       10        0.99    -7.5969     -7.5969         10              4             89.971           2.6169          12.964       35.927     23-Mar-2024 01:19:55
    34      26      5     300    0.2       10        0.99    -7.5969     -7.5969         10              4             89.971           2.6169          13.046       37.996     23-Mar-2024 01:19:55
    34      27      5     300    0.2       10        0.99    -7.5969     -7.5969         10              4             89.971           2.6169           13.41       40.605     23-Mar-2024 01:19:55
    34      28      5     300    0.2       10        0.99    -7.5969     -7.5969         10              4             89.971           2.6169          13.619       40.309     23-Mar-2024 01:19:55
    34      29      5     300    0.2       10        0.99    -7.5969     -7.5969         10              4             89.971           2.6169          13.335       37.452     23-Mar-2024 01:19:55
    34      30      5     300    0.2       10        0.99    -7.5969     -7.5969         10              4             89.971           2.6169          12.648       42.597     23-Mar-2024 01:19:55


rep =

    35

replication: (35)th 


thres =

    3.3775

thres=3.377509
1 th thresholding

  breakyes=1.0,  maxresidual < 1.00e-06
11 entries survived 

2 th thresholding

  breakyes=1.4,  maxresidual < 1.00e-06
12 entries survived 

3 th thresholding

  breakyes=1.4,  maxresidual < 1.00e-06
12 entries survived 

4 th thresholding

  breakyes=1.4,  maxresidual < 1.00e-06
12 entries survived 

5 th thresholding

  breakyes=1.0,  maxresidual < 1.00e-06
12 entries survived 

6 th thresholding

  breakyes=1.0,  maxresidual < 1.00e-06
12 entries survived 

7 th thresholding

  breakyes=1.0,  maxresidual < 1.00e-06
12 entries survived 

8 th thresholding

  breakyes=1.0,  maxresidual < 1.00e-06
12 entries survived 

9 th thresholding

  breakyes=1.0,  maxresidual < 1.00e-06
12 entries survived 

10 th thresholding

  breakyes=1.0,  maxresidual < 1.00e-06
12 entries survived 

11 th thresholding

  breakyes=1.0,  maxresidual < 1.00e-06
12 entries survived 

12 th thresholding

  breakyes=1.0,  maxresidual < 1.00e-06
12 entries survived 

13 th thresholding

  breakyes=1.0,  maxresidual < 1.00e-06
12 entries survived 

14 th thresholding

  breakyes=1.0,  maxresidual < 1.00e-06
12 entries survived 

15 th thresholding

  breakyes=1.0,  maxresidual < 1.00e-06
12 entries survived 

16 th thresholding

  breakyes=1.0,  maxresidual < 1.00e-06
12 entries survived 

17 th thresholding

  breakyes=1.0,  maxresidual < 1.00e-06
12 entries survived 

18 th thresholding

  breakyes=1.0,  maxresidual < 1.00e-06
12 entries survived 

19 th thresholding

  breakyes=1.0,  maxresidual < 1.00e-06
12 entries survived 

20 th thresholding

  breakyes=1.0,  maxresidual < 1.00e-06
12 entries survived 

21 th thresholding

  breakyes=1.0,  maxresidual < 1.00e-06
12 entries survived 

22 th thresholding

  breakyes=1.0,  maxresidual < 1.00e-06
12 entries survived 

23 th thresholding

  breakyes=1.0,  maxresidual < 1.00e-06
12 entries survived 

24 th thresholding

  breakyes=1.0,  maxresidual < 1.00e-06
12 entries survived 

25 th thresholding

  breakyes=1.0,  maxresidual < 1.00e-06
12 entries survived 

26 th thresholding

  breakyes=1.0,  maxresidual < 1.00e-06
12 entries survived 

27 th thresholding

  breakyes=1.0,  maxresidual < 1.00e-06
12 entries survived 

28 th thresholding

  breakyes=1.0,  maxresidual < 1.00e-06
12 entries survived 

29 th thresholding

  breakyes=1.0,  maxresidual < 1.00e-06
12 entries survived 

30 th thresholding

  breakyes=1.0,  maxresidual < 1.00e-06
12 entries survived 

acc_vec =

    0.9720
    0.9920
    0.9960
    0.9920
    0.9900
    0.9900
    0.9900
    0.9900
    0.9900
    0.9900
    0.9900
    0.9900
    0.9900
    0.9900
    0.9900
    0.9900
    0.9900
    0.9900
    0.9900
    0.9900
    0.9900
    0.9900
    0.9900
    0.9900
    0.9900
    0.9900
    0.9900
    0.9900
    0.9900
    0.9900
    0.9900

acc =0.972000  0.992000  0.996000  0.992000  0.990000  0.990000  0.990000  0.990000  0.990000  0.990000  0.990000  0.990000  0.990000  0.990000  0.990000  0.990000  0.990000  0.990000  0.990000  0.990000  0.990000  0.990000  0.990000  0.990000  0.990000  0.990000  0.990000  0.990000  0.990000  0.990000  0.990000 

discov_true_vec =

    10
    10
    10
    10
    10
    10
    10
    10
    10
    10
    10
    10
    10
    10
    10
    10
    10
    10
    10
    10
    10
    10
    10
    10
    10
    10
    10
    10
    10
    10


discov_false_vec =

     1
     2
     2
     2
     2
     2
     2
     2
     2
     2
     2
     2
     2
     2
     2
     2
     2
     2
     2
     2
     2
     2
     2
     2
     2
     2
     2
     2
     2
     2


data =

  31x16 table

    rep    iter    sep    dim    rho    sparsity     acc     obj_prim    obj_dual    discov_true    discov_false    diff_x_tilde    diff_omega_diag    time_isee    time_SDP          jobdate       
    ___    ____    ___    ___    ___    ________    _____    ________    ________    ___________    ____________    ____________    _______________    _________    ________    ____________________

    35       0      5     300    0.2       10       0.972          0           0          0              0                  0                0               0            0     23-Mar-2024 01:35:52
    35       1      5     300    0.2       10       0.992    -6.9858     -6.9858         10              1             90.348           2.4728          12.595       17.406     23-Mar-2024 01:35:52
    35       2      5     300    0.2       10       0.996    -6.6577     -6.6576         10              2             91.539            2.599          12.735        36.71     23-Mar-2024 01:35:52
    35       3      5     300    0.2       10       0.992    -6.6009     -6.6009         10              2             90.441           2.5051          12.844         37.1     23-Mar-2024 01:35:52
    35       4      5     300    0.2       10        0.99    -6.3512     -6.3512         10              2             90.136           2.4619          12.884       40.028     23-Mar-2024 01:35:52
    35       5      5     300    0.2       10        0.99    -6.5492     -6.5492         10              2             91.062           2.5382           12.63       14.955     23-Mar-2024 01:35:52
    35       6      5     300    0.2       10        0.99    -6.5492     -6.5492         10              2             91.062           2.5382          13.077        14.74     23-Mar-2024 01:35:52
    35       7      5     300    0.2       10        0.99    -6.5492     -6.5492         10              2             91.062           2.5382          12.736       17.372     23-Mar-2024 01:35:52
    35       8      5     300    0.2       10        0.99    -6.5492     -6.5492         10              2             91.062           2.5382          13.563       15.522     23-Mar-2024 01:35:52
    35       9      5     300    0.2       10        0.99    -6.5492     -6.5492         10              2             91.062           2.5382          12.654       14.934     23-Mar-2024 01:35:52
    35      10      5     300    0.2       10        0.99    -6.5492     -6.5492         10              2             91.062           2.5382          12.512       18.546     23-Mar-2024 01:35:52
    35      11      5     300    0.2       10        0.99    -6.5492     -6.5492         10              2             91.062           2.5382           12.62        14.28     23-Mar-2024 01:35:52
    35      12      5     300    0.2       10        0.99    -6.5492     -6.5492         10              2             91.062           2.5382          12.323       21.869     23-Mar-2024 01:35:52
    35      13      5     300    0.2       10        0.99    -6.5492     -6.5492         10              2             91.062           2.5382          12.489       18.013     23-Mar-2024 01:35:52
    35      14      5     300    0.2       10        0.99    -6.5492     -6.5492         10              2             91.062           2.5382          12.697       19.164     23-Mar-2024 01:35:52
    35      15      5     300    0.2       10        0.99    -6.5492     -6.5492         10              2             91.062           2.5382          12.775       20.826     23-Mar-2024 01:35:52
    35      16      5     300    0.2       10        0.99    -6.5492     -6.5492         10              2             91.062           2.5382          12.468       23.386     23-Mar-2024 01:35:52
    35      17      5     300    0.2       10        0.99    -6.5492     -6.5492         10              2             91.062           2.5382          12.726       18.135     23-Mar-2024 01:35:52
    35      18      5     300    0.2       10        0.99    -6.5492     -6.5492         10              2             91.062           2.5382          12.707       17.097     23-Mar-2024 01:35:52
    35      19      5     300    0.2       10        0.99    -6.5492     -6.5492         10              2             91.062           2.5382          12.367       13.747     23-Mar-2024 01:35:52
    35      20      5     300    0.2       10        0.99    -6.5492     -6.5492         10              2             91.062           2.5382          12.632       13.832     23-Mar-2024 01:35:52
    35      21      5     300    0.2       10        0.99    -6.5492     -6.5492         10              2             91.062           2.5382          12.483       16.159     23-Mar-2024 01:35:52
    35      22      5     300    0.2       10        0.99    -6.5492     -6.5492         10              2             91.062           2.5382          12.368       15.649     23-Mar-2024 01:35:52
    35      23      5     300    0.2       10        0.99    -6.5492     -6.5492         10              2             91.062           2.5382          12.753       15.789     23-Mar-2024 01:35:52
    35      24      5     300    0.2       10        0.99    -6.5492     -6.5492         10              2             91.062           2.5382           12.72       16.385     23-Mar-2024 01:35:52
    35      25      5     300    0.2       10        0.99    -6.5492     -6.5492         10              2             91.062           2.5382          12.414       17.193     23-Mar-2024 01:35:52
    35      26      5     300    0.2       10        0.99    -6.5492     -6.5492         10              2             91.062           2.5382          13.194       19.783     23-Mar-2024 01:35:52
    35      27      5     300    0.2       10        0.99    -6.5492     -6.5492         10              2             91.062           2.5382          12.506       18.003     23-Mar-2024 01:35:52
    35      28      5     300    0.2       10        0.99    -6.5492     -6.5492         10              2             91.062           2.5382          12.712        19.09     23-Mar-2024 01:35:52
    35      29      5     300    0.2       10        0.99    -6.5492     -6.5492         10              2             91.062           2.5382          12.977       15.019     23-Mar-2024 01:35:52
    35      30      5     300    0.2       10        0.99    -6.5492     -6.5492         10              2             91.062           2.5382          12.859       15.008     23-Mar-2024 01:35:52


rep =

    36

replication: (36)th 


thres =

    3.3775

thres=3.377509
1 th thresholding

  breakyes=3.1,  primfeasorg deteriorated too much: primfeasorg=2.95e-05,dualfeasorg=8.19e-07
10 entries survived 

2 th thresholding

  breakyes=1.4,  maxresidual < 1.00e-06
11 entries survived 

3 th thresholding

  breakyes=1.4,  maxresidual < 1.00e-06
11 entries survived 

4 th thresholding

  breakyes=1.4,  maxresidual < 1.00e-06
11 entries survived 

5 th thresholding

  breakyes=1.4,  maxresidual < 1.00e-06
11 entries survived 

6 th thresholding

  breakyes=1.4,  maxresidual < 1.00e-06
11 entries survived 

7 th thresholding

  breakyes=1.4,  maxresidual < 1.00e-06
11 entries survived 

8 th thresholding

  breakyes=1.4,  maxresidual < 1.00e-06
11 entries survived 

9 th thresholding

  breakyes=1.4,  maxresidual < 1.00e-06
11 entries survived 

10 th thresholding

  breakyes=1.4,  maxresidual < 1.00e-06
11 entries survived 

11 th thresholding

  breakyes=1.4,  maxresidual < 1.00e-06
11 entries survived 

12 th thresholding

  breakyes=1.4,  maxresidual < 1.00e-06
11 entries survived 

13 th thresholding

  breakyes=1.4,  maxresidual < 1.00e-06
11 entries survived 

14 th thresholding

  breakyes=1.4,  maxresidual < 1.00e-06
11 entries survived 

15 th thresholding

  breakyes=1.4,  maxresidual < 1.00e-06
11 entries survived 

16 th thresholding

  breakyes=1.4,  maxresidual < 1.00e-06
11 entries survived 

17 th thresholding

  breakyes=1.4,  maxresidual < 1.00e-06
11 entries survived 

18 th thresholding

  breakyes=1.4,  maxresidual < 1.00e-06
11 entries survived 

19 th thresholding

  breakyes=1.4,  maxresidual < 1.00e-06
11 entries survived 

20 th thresholding

  breakyes=1.4,  maxresidual < 1.00e-06
11 entries survived 

21 th thresholding

  breakyes=1.4,  maxresidual < 1.00e-06
11 entries survived 

22 th thresholding

  breakyes=1.4,  maxresidual < 1.00e-06
11 entries survived 

23 th thresholding

  breakyes=1.4,  maxresidual < 1.00e-06
11 entries survived 

24 th thresholding

  breakyes=1.4,  maxresidual < 1.00e-06
11 entries survived 

25 th thresholding

  breakyes=1.4,  maxresidual < 1.00e-06
11 entries survived 

26 th thresholding

  breakyes=1.4,  maxresidual < 1.00e-06
11 entries survived 

27 th thresholding

  breakyes=1.4,  maxresidual < 1.00e-06
11 entries survived 

28 th thresholding

  breakyes=1.4,  maxresidual < 1.00e-06
11 entries survived 

29 th thresholding

  breakyes=1.4,  maxresidual < 1.00e-06
11 entries survived 

30 th thresholding

  breakyes=1.4,  maxresidual < 1.00e-06
11 entries survived 

acc_vec =

    0.9800
    0.9920
    0.9920
    0.9920
    0.9920
    0.9920
    0.9920
    0.9920
    0.9920
    0.9920
    0.9920
    0.9920
    0.9920
    0.9920
    0.9920
    0.9920
    0.9920
    0.9920
    0.9920
    0.9920
    0.9920
    0.9920
    0.9920
    0.9920
    0.9920
    0.9920
    0.9920
    0.9920
    0.9920
    0.9920
    0.9920

acc =0.980000  0.992000  0.992000  0.992000  0.992000  0.992000  0.992000  0.992000  0.992000  0.992000  0.992000  0.992000  0.992000  0.992000  0.992000  0.992000  0.992000  0.992000  0.992000  0.992000  0.992000  0.992000  0.992000  0.992000  0.992000  0.992000  0.992000  0.992000  0.992000  0.992000  0.992000 

discov_true_vec =

    10
    10
    10
    10
    10
    10
    10
    10
    10
    10
    10
    10
    10
    10
    10
    10
    10
    10
    10
    10
    10
    10
    10
    10
    10
    10
    10
    10
    10
    10


discov_false_vec =

     0
     1
     1
     1
     1
     1
     1
     1
     1
     1
     1
     1
     1
     1
     1
     1
     1
     1
     1
     1
     1
     1
     1
     1
     1
     1
     1
     1
     1
     1


data =

  31x16 table

    rep    iter    sep    dim    rho    sparsity     acc     obj_prim    obj_dual    discov_true    discov_false    diff_x_tilde    diff_omega_diag    time_isee    time_SDP          jobdate       
    ___    ____    ___    ___    ___    ________    _____    ________    ________    ___________    ____________    ____________    _______________    _________    ________    ____________________

    36       0      5     300    0.2       10        0.98          0           0          0              0                  0                0               0            0     23-Mar-2024 02:08:16
    36       1      5     300    0.2       10       0.992      -6.83     -6.8308         10              0             89.025           2.4914          12.912       33.214     23-Mar-2024 02:08:16
    36       2      5     300    0.2       10       0.992     -6.896     -6.8961         10              1             90.809            2.617          12.376       42.896     23-Mar-2024 02:08:16
    36       3      5     300    0.2       10       0.992     -6.896     -6.8961         10              1             90.809            2.617          12.188       45.759     23-Mar-2024 02:08:16
    36       4      5     300    0.2       10       0.992     -6.896     -6.8961         10              1             90.809            2.617          12.352       59.437     23-Mar-2024 02:08:16
    36       5      5     300    0.2       10       0.992     -6.896     -6.8961         10              1             90.809            2.617          13.312       59.117     23-Mar-2024 02:08:16
    36       6      5     300    0.2       10       0.992     -6.896     -6.8961         10              1             90.809            2.617          12.213       62.139     23-Mar-2024 02:08:16
    36       7      5     300    0.2       10       0.992     -6.896     -6.8961         10              1             90.809            2.617          12.483        62.11     23-Mar-2024 02:08:16
    36       8      5     300    0.2       10       0.992     -6.896     -6.8961         10              1             90.809            2.617          12.339       46.052     23-Mar-2024 02:08:16
    36       9      5     300    0.2       10       0.992     -6.896     -6.8961         10              1             90.809            2.617          12.409       60.168     23-Mar-2024 02:08:16
    36      10      5     300    0.2       10       0.992     -6.896     -6.8961         10              1             90.809            2.617          12.703       55.234     23-Mar-2024 02:08:16
    36      11      5     300    0.2       10       0.992     -6.896     -6.8961         10              1             90.809            2.617          12.663       57.572     23-Mar-2024 02:08:16
    36      12      5     300    0.2       10       0.992     -6.896     -6.8961         10              1             90.809            2.617          12.258       53.025     23-Mar-2024 02:08:16
    36      13      5     300    0.2       10       0.992     -6.896     -6.8961         10              1             90.809            2.617          12.233       49.382     23-Mar-2024 02:08:16
    36      14      5     300    0.2       10       0.992     -6.896     -6.8961         10              1             90.809            2.617          12.236       46.838     23-Mar-2024 02:08:16
    36      15      5     300    0.2       10       0.992     -6.896     -6.8961         10              1             90.809            2.617          12.116       43.802     23-Mar-2024 02:08:16
    36      16      5     300    0.2       10       0.992     -6.896     -6.8961         10              1             90.809            2.617          12.366       46.633     23-Mar-2024 02:08:16
    36      17      5     300    0.2       10       0.992     -6.896     -6.8961         10              1             90.809            2.617          12.798       45.037     23-Mar-2024 02:08:16
    36      18      5     300    0.2       10       0.992     -6.896     -6.8961         10              1             90.809            2.617          12.601       42.906     23-Mar-2024 02:08:16
    36      19      5     300    0.2       10       0.992     -6.896     -6.8961         10              1             90.809            2.617          13.574       60.906     23-Mar-2024 02:08:16
    36      20      5     300    0.2       10       0.992     -6.896     -6.8961         10              1             90.809            2.617          13.695       45.512     23-Mar-2024 02:08:16
    36      21      5     300    0.2       10       0.992     -6.896     -6.8961         10              1             90.809            2.617          12.753       41.302     23-Mar-2024 02:08:16
    36      22      5     300    0.2       10       0.992     -6.896     -6.8961         10              1             90.809            2.617          14.613       61.666     23-Mar-2024 02:08:16
    36      23      5     300    0.2       10       0.992     -6.896     -6.8961         10              1             90.809            2.617          12.411        68.89     23-Mar-2024 02:08:16
    36      24      5     300    0.2       10       0.992     -6.896     -6.8961         10              1             90.809            2.617          12.765        54.37     23-Mar-2024 02:08:16
    36      25      5     300    0.2       10       0.992     -6.896     -6.8961         10              1             90.809            2.617          12.795       47.814     23-Mar-2024 02:08:16
    36      26      5     300    0.2       10       0.992     -6.896     -6.8961         10              1             90.809            2.617          12.947       50.232     23-Mar-2024 02:08:16
    36      27      5     300    0.2       10       0.992     -6.896     -6.8961         10              1             90.809            2.617          12.303       51.291     23-Mar-2024 02:08:16
    36      28      5     300    0.2       10       0.992     -6.896     -6.8961         10              1             90.809            2.617           13.01        54.19     23-Mar-2024 02:08:16
    36      29      5     300    0.2       10       0.992     -6.896     -6.8961         10              1             90.809            2.617          13.279       60.687     23-Mar-2024 02:08:16
    36      30      5     300    0.2       10       0.992     -6.896     -6.8961         10              1             90.809            2.617          12.192       54.792     23-Mar-2024 02:08:16

