==========================================
SLURM_JOB_ID = 20418870
SLURM_JOB_NODELIST = b22-13
TMPDIR = /tmp/SLURM_20418870
==========================================
hello
Starting parallel pool (parpool) ...
Connected to the parallel pool (number of workers: 15).

pool = 

 ProcessPool with properties: 

            Connected: true
           NumWorkers: 15
                 Busy: false
              Cluster: Local
        AttachedFiles: {}
    AutoAddClientPath: true
            FileStore: [1x1 parallel.FileStore]
           ValueStore: [1x1 parallel.ValueStore]
          IdleTimeout: 30 minutes (30 minutes remaining)
          SpmdEnabled: true


p =

   200


Delta =

     5


s =

    10


n =

   500


ii =

    15


table_name =

    'sparse_kmeans_isee'


conn = 

  sqlite with properties:

      Database: '/home1/jongminm/sparse_kmeans/sparse_kmeans.db'
    IsReadOnly: 0
    AutoCommit: 'on'


rho =

    0.2000


M =

    0.9177

delta confirmed: 5.000000
ans =

    4.3425


rep =

    57

replication: (57)th 


thres =

    3.2552

thres=3.255247
1 th thresholding

  breakyes=1.0,  maxresidual < 1.00e-06
11 entries survived 

2 th thresholding

  breakyes=1.3,  maxresidual < 1.00e-06
11 entries survived 

3 th thresholding

  breakyes=1.3,  maxresidual < 1.00e-06
11 entries survived 

4 th thresholding

  breakyes=1.3,  maxresidual < 1.00e-06
11 entries survived 

5 th thresholding

  breakyes=1.3,  maxresidual < 1.00e-06
11 entries survived 

6 th thresholding

  breakyes=1.3,  maxresidual < 1.00e-06
11 entries survived 

7 th thresholding

  breakyes=1.3,  maxresidual < 1.00e-06
11 entries survived 

8 th thresholding

  breakyes=1.3,  maxresidual < 1.00e-06
11 entries survived 

9 th thresholding

  breakyes=1.3,  maxresidual < 1.00e-06
11 entries survived 

10 th thresholding

  breakyes=1.3,  maxresidual < 1.00e-06
11 entries survived 

11 th thresholding

  breakyes=1.3,  maxresidual < 1.00e-06
11 entries survived 

12 th thresholding

  breakyes=1.3,  maxresidual < 1.00e-06
11 entries survived 

13 th thresholding

  breakyes=1.3,  maxresidual < 1.00e-06
11 entries survived 

14 th thresholding

  breakyes=1.3,  maxresidual < 1.00e-06
11 entries survived 

15 th thresholding

  breakyes=1.3,  maxresidual < 1.00e-06
11 entries survived 

16 th thresholding

  breakyes=1.3,  maxresidual < 1.00e-06
11 entries survived 

17 th thresholding

  breakyes=1.3,  maxresidual < 1.00e-06
11 entries survived 

18 th thresholding

  breakyes=1.3,  maxresidual < 1.00e-06
11 entries survived 

19 th thresholding

  breakyes=1.3,  maxresidual < 1.00e-06
11 entries survived 

20 th thresholding

  breakyes=1.3,  maxresidual < 1.00e-06
11 entries survived 

21 th thresholding

  breakyes=1.3,  maxresidual < 1.00e-06
11 entries survived 

22 th thresholding

  breakyes=1.3,  maxresidual < 1.00e-06
11 entries survived 

23 th thresholding

  breakyes=1.3,  maxresidual < 1.00e-06
11 entries survived 

24 th thresholding

  breakyes=1.3,  maxresidual < 1.00e-06
11 entries survived 

25 th thresholding

  breakyes=1.3,  maxresidual < 1.00e-06
11 entries survived 

26 th thresholding

  breakyes=1.3,  maxresidual < 1.00e-06
11 entries survived 

27 th thresholding

  breakyes=1.3,  maxresidual < 1.00e-06
11 entries survived 

28 th thresholding

  breakyes=1.3,  maxresidual < 1.00e-06
11 entries survived 

29 th thresholding

  breakyes=1.3,  maxresidual < 1.00e-06
11 entries survived 

30 th thresholding

  breakyes=1.3,  maxresidual < 1.00e-06
11 entries survived 

acc_vec =

    0.9880
    0.9960
    0.9960
    0.9960
    0.9960
    0.9960
    0.9960
    0.9960
    0.9960
    0.9960
    0.9960
    0.9960
    0.9960
    0.9960
    0.9960
    0.9960
    0.9960
    0.9960
    0.9960
    0.9960
    0.9960
    0.9960
    0.9960
    0.9960
    0.9960
    0.9960
    0.9960
    0.9960
    0.9960
    0.9960
    0.9960

acc =0.988000  0.996000  0.996000  0.996000  0.996000  0.996000  0.996000  0.996000  0.996000  0.996000  0.996000  0.996000  0.996000  0.996000  0.996000  0.996000  0.996000  0.996000  0.996000  0.996000  0.996000  0.996000  0.996000  0.996000  0.996000  0.996000  0.996000  0.996000  0.996000  0.996000  0.996000 

discov_true_vec =

    10
    10
    10
    10
    10
    10
    10
    10
    10
    10
    10
    10
    10
    10
    10
    10
    10
    10
    10
    10
    10
    10
    10
    10
    10
    10
    10
    10
    10
    10


discov_false_vec =

     1
     1
     1
     1
     1
     1
     1
     1
     1
     1
     1
     1
     1
     1
     1
     1
     1
     1
     1
     1
     1
     1
     1
     1
     1
     1
     1
     1
     1
     1


data =

  31x16 table

    rep    iter    sep    dim    rho    sparsity     acc     obj_prim    obj_dual    discov_true    discov_false    diff_x_tilde    diff_omega_diag    time_isee    time_SDP          jobdate       
    ___    ____    ___    ___    ___    ________    _____    ________    ________    ___________    ____________    ____________    _______________    _________    ________    ____________________

    57       0      5     200    0.2       10       0.988          0           0          0              0                  0                0               0            0     23-Mar-2024 00:22:56
    57       1      5     200    0.2       10       0.996    -6.7144     -6.7143         10              1             73.918           1.9934          6.3294        23.63     23-Mar-2024 00:22:56
    57       2      5     200    0.2       10       0.996    -6.4537     -6.4535         10              1             73.749            1.979          4.3933       35.868     23-Mar-2024 00:22:56
    57       3      5     200    0.2       10       0.996    -6.4537     -6.4535         10              1             73.749            1.979          4.7581       34.359     23-Mar-2024 00:22:56
    57       4      5     200    0.2       10       0.996    -6.4537     -6.4535         10              1             73.749            1.979          4.3832       35.095     23-Mar-2024 00:22:56
    57       5      5     200    0.2       10       0.996    -6.4537     -6.4535         10              1             73.749            1.979          4.1414       34.162     23-Mar-2024 00:22:56
    57       6      5     200    0.2       10       0.996    -6.4537     -6.4535         10              1             73.749            1.979          4.0038       33.259     23-Mar-2024 00:22:56
    57       7      5     200    0.2       10       0.996    -6.4537     -6.4535         10              1             73.749            1.979          4.2768       35.572     23-Mar-2024 00:22:56
    57       8      5     200    0.2       10       0.996    -6.4537     -6.4535         10              1             73.749            1.979           3.899       34.382     23-Mar-2024 00:22:56
    57       9      5     200    0.2       10       0.996    -6.4537     -6.4535         10              1             73.749            1.979          3.9016       32.786     23-Mar-2024 00:22:56
    57      10      5     200    0.2       10       0.996    -6.4537     -6.4535         10              1             73.749            1.979          3.9452       33.664     23-Mar-2024 00:22:56
    57      11      5     200    0.2       10       0.996    -6.4537     -6.4535         10              1             73.749            1.979          4.0441       30.199     23-Mar-2024 00:22:56
    57      12      5     200    0.2       10       0.996    -6.4537     -6.4535         10              1             73.749            1.979          4.0499        34.69     23-Mar-2024 00:22:56
    57      13      5     200    0.2       10       0.996    -6.4537     -6.4535         10              1             73.749            1.979          4.0536       36.922     23-Mar-2024 00:22:56
    57      14      5     200    0.2       10       0.996    -6.4537     -6.4535         10              1             73.749            1.979           4.054       34.351     23-Mar-2024 00:22:56
    57      15      5     200    0.2       10       0.996    -6.4537     -6.4535         10              1             73.749            1.979          4.0468       33.751     23-Mar-2024 00:22:56
    57      16      5     200    0.2       10       0.996    -6.4537     -6.4535         10              1             73.749            1.979          4.0001        33.63     23-Mar-2024 00:22:56
    57      17      5     200    0.2       10       0.996    -6.4537     -6.4535         10              1             73.749            1.979          3.9428       34.168     23-Mar-2024 00:22:56
    57      18      5     200    0.2       10       0.996    -6.4537     -6.4535         10              1             73.749            1.979          3.8719       34.887     23-Mar-2024 00:22:56
    57      19      5     200    0.2       10       0.996    -6.4537     -6.4535         10              1             73.749            1.979          3.9225        35.41     23-Mar-2024 00:22:56
    57      20      5     200    0.2       10       0.996    -6.4537     -6.4535         10              1             73.749            1.979          4.0077       36.633     23-Mar-2024 00:22:56
    57      21      5     200    0.2       10       0.996    -6.4537     -6.4535         10              1             73.749            1.979          3.9395       35.897     23-Mar-2024 00:22:56
    57      22      5     200    0.2       10       0.996    -6.4537     -6.4535         10              1             73.749            1.979          3.9029       32.957     23-Mar-2024 00:22:56
    57      23      5     200    0.2       10       0.996    -6.4537     -6.4535         10              1             73.749            1.979          4.1061       32.923     23-Mar-2024 00:22:56
    57      24      5     200    0.2       10       0.996    -6.4537     -6.4535         10              1             73.749            1.979            3.89       37.125     23-Mar-2024 00:22:56
    57      25      5     200    0.2       10       0.996    -6.4537     -6.4535         10              1             73.749            1.979          3.9252       36.617     23-Mar-2024 00:22:56
    57      26      5     200    0.2       10       0.996    -6.4537     -6.4535         10              1             73.749            1.979          3.9254       33.887     23-Mar-2024 00:22:56
    57      27      5     200    0.2       10       0.996    -6.4537     -6.4535         10              1             73.749            1.979           4.042       35.606     23-Mar-2024 00:22:56
    57      28      5     200    0.2       10       0.996    -6.4537     -6.4535         10              1             73.749            1.979           3.872       36.176     23-Mar-2024 00:22:56
    57      29      5     200    0.2       10       0.996    -6.4537     -6.4535         10              1             73.749            1.979          3.9058       33.787     23-Mar-2024 00:22:56
    57      30      5     200    0.2       10       0.996    -6.4537     -6.4535         10              1             73.749            1.979          3.9074        33.18     23-Mar-2024 00:22:56


rep =

    58

replication: (58)th 


thres =

    3.2552

thres=3.255247
1 th thresholding

  breakyes=1.4,  maxresidual < 1.00e-06
11 entries survived 

2 th thresholding

  breakyes=1.4,  maxresidual < 1.00e-06
11 entries survived 

3 th thresholding

  breakyes=1.4,  maxresidual < 1.00e-06
12 entries survived 

4 th thresholding

  breakyes=1.4,  maxresidual < 1.00e-06
12 entries survived 

5 th thresholding

  breakyes=1.4,  maxresidual < 1.00e-06
12 entries survived 

6 th thresholding

  breakyes=1.4,  maxresidual < 1.00e-06
12 entries survived 

7 th thresholding

  breakyes=1.4,  maxresidual < 1.00e-06
12 entries survived 

8 th thresholding

  breakyes=1.4,  maxresidual < 1.00e-06
12 entries survived 

9 th thresholding

  breakyes=1.4,  maxresidual < 1.00e-06
12 entries survived 

10 th thresholding

  breakyes=1.4,  maxresidual < 1.00e-06
12 entries survived 

11 th thresholding

  breakyes=1.4,  maxresidual < 1.00e-06
12 entries survived 

12 th thresholding

  breakyes=1.4,  maxresidual < 1.00e-06
12 entries survived 

13 th thresholding

  breakyes=1.4,  maxresidual < 1.00e-06
12 entries survived 

14 th thresholding

  breakyes=1.4,  maxresidual < 1.00e-06
12 entries survived 

15 th thresholding

  breakyes=1.4,  maxresidual < 1.00e-06
12 entries survived 

16 th thresholding

  breakyes=1.4,  maxresidual < 1.00e-06
12 entries survived 

17 th thresholding

  breakyes=1.4,  maxresidual < 1.00e-06
12 entries survived 

18 th thresholding

  breakyes=1.4,  maxresidual < 1.00e-06
12 entries survived 

19 th thresholding

  breakyes=1.4,  maxresidual < 1.00e-06
12 entries survived 

20 th thresholding

  breakyes=1.4,  maxresidual < 1.00e-06
12 entries survived 

21 th thresholding

  breakyes=1.4,  maxresidual < 1.00e-06
12 entries survived 

22 th thresholding

  breakyes=1.4,  maxresidual < 1.00e-06
12 entries survived 

23 th thresholding

  breakyes=1.4,  maxresidual < 1.00e-06
12 entries survived 

24 th thresholding

  breakyes=1.4,  maxresidual < 1.00e-06
12 entries survived 

25 th thresholding

  breakyes=1.4,  maxresidual < 1.00e-06
12 entries survived 

26 th thresholding

  breakyes=1.4,  maxresidual < 1.00e-06
12 entries survived 

27 th thresholding

  breakyes=1.4,  maxresidual < 1.00e-06
12 entries survived 

28 th thresholding

  breakyes=1.4,  maxresidual < 1.00e-06
12 entries survived 

29 th thresholding

  breakyes=1.4,  maxresidual < 1.00e-06
12 entries survived 

30 th thresholding

  breakyes=1.4,  maxresidual < 1.00e-06
12 entries survived 

acc_vec =

    0.9880
    0.9940
    0.9920
    0.9920
    0.9920
    0.9920
    0.9920
    0.9920
    0.9920
    0.9920
    0.9920
    0.9920
    0.9920
    0.9920
    0.9920
    0.9920
    0.9920
    0.9920
    0.9920
    0.9920
    0.9920
    0.9920
    0.9920
    0.9920
    0.9920
    0.9920
    0.9920
    0.9920
    0.9920
    0.9920
    0.9920

acc =0.988000  0.994000  0.992000  0.992000  0.992000  0.992000  0.992000  0.992000  0.992000  0.992000  0.992000  0.992000  0.992000  0.992000  0.992000  0.992000  0.992000  0.992000  0.992000  0.992000  0.992000  0.992000  0.992000  0.992000  0.992000  0.992000  0.992000  0.992000  0.992000  0.992000  0.992000 

discov_true_vec =

    10
    10
    10
    10
    10
    10
    10
    10
    10
    10
    10
    10
    10
    10
    10
    10
    10
    10
    10
    10
    10
    10
    10
    10
    10
    10
    10
    10
    10
    10


discov_false_vec =

     1
     1
     2
     2
     2
     2
     2
     2
     2
     2
     2
     2
     2
     2
     2
     2
     2
     2
     2
     2
     2
     2
     2
     2
     2
     2
     2
     2
     2
     2


data =

  31x16 table

    rep    iter    sep    dim    rho    sparsity     acc     obj_prim    obj_dual    discov_true    discov_false    diff_x_tilde    diff_omega_diag    time_isee    time_SDP          jobdate       
    ___    ____    ___    ___    ___    ________    _____    ________    ________    ___________    ____________    ____________    _______________    _________    ________    ____________________

    58       0      5     200    0.2       10       0.988          0           0          0              0                  0                0               0            0     23-Mar-2024 00:48:16
    58       1      5     200    0.2       10       0.994    -6.4209     -6.4209         10              1             71.332           1.8125          4.2021       34.692     23-Mar-2024 00:48:16
    58       2      5     200    0.2       10       0.992     -6.349      -6.349         10              1             70.108           1.7675          3.9754       35.594     23-Mar-2024 00:48:16
    58       3      5     200    0.2       10       0.992    -6.5701     -6.5701         10              2             70.035           1.7486          3.9144       48.425     23-Mar-2024 00:48:16
    58       4      5     200    0.2       10       0.992    -6.5701     -6.5701         10              2             70.035           1.7486          3.9403       48.993     23-Mar-2024 00:48:16
    58       5      5     200    0.2       10       0.992    -6.5701     -6.5701         10              2             70.035           1.7486          3.9933       46.734     23-Mar-2024 00:48:16
    58       6      5     200    0.2       10       0.992    -6.5701     -6.5701         10              2             70.035           1.7486          3.9353       47.689     23-Mar-2024 00:48:16
    58       7      5     200    0.2       10       0.992    -6.5701     -6.5701         10              2             70.035           1.7486          4.0679       47.206     23-Mar-2024 00:48:16
    58       8      5     200    0.2       10       0.992    -6.5701     -6.5701         10              2             70.035           1.7486          4.3729       48.844     23-Mar-2024 00:48:16
    58       9      5     200    0.2       10       0.992    -6.5701     -6.5701         10              2             70.035           1.7486           4.142       46.472     23-Mar-2024 00:48:16
    58      10      5     200    0.2       10       0.992    -6.5701     -6.5701         10              2             70.035           1.7486           4.145       46.184     23-Mar-2024 00:48:16
    58      11      5     200    0.2       10       0.992    -6.5701     -6.5701         10              2             70.035           1.7486          4.2732       46.002     23-Mar-2024 00:48:16
    58      12      5     200    0.2       10       0.992    -6.5701     -6.5701         10              2             70.035           1.7486          3.9529       48.396     23-Mar-2024 00:48:16
    58      13      5     200    0.2       10       0.992    -6.5701     -6.5701         10              2             70.035           1.7486          3.9567       46.035     23-Mar-2024 00:48:16
    58      14      5     200    0.2       10       0.992    -6.5701     -6.5701         10              2             70.035           1.7486          3.9711        47.56     23-Mar-2024 00:48:16
    58      15      5     200    0.2       10       0.992    -6.5701     -6.5701         10              2             70.035           1.7486          3.9247       48.758     23-Mar-2024 00:48:16
    58      16      5     200    0.2       10       0.992    -6.5701     -6.5701         10              2             70.035           1.7486          3.9484       46.471     23-Mar-2024 00:48:16
    58      17      5     200    0.2       10       0.992    -6.5701     -6.5701         10              2             70.035           1.7486          3.9592       45.184     23-Mar-2024 00:48:16
    58      18      5     200    0.2       10       0.992    -6.5701     -6.5701         10              2             70.035           1.7486          3.9166       46.646     23-Mar-2024 00:48:16
    58      19      5     200    0.2       10       0.992    -6.5701     -6.5701         10              2             70.035           1.7486          3.9442       49.682     23-Mar-2024 00:48:16
    58      20      5     200    0.2       10       0.992    -6.5701     -6.5701         10              2             70.035           1.7486          4.1257        48.88     23-Mar-2024 00:48:16
    58      21      5     200    0.2       10       0.992    -6.5701     -6.5701         10              2             70.035           1.7486          3.9657       48.214     23-Mar-2024 00:48:16
    58      22      5     200    0.2       10       0.992    -6.5701     -6.5701         10              2             70.035           1.7486           3.918       48.743     23-Mar-2024 00:48:16
    58      23      5     200    0.2       10       0.992    -6.5701     -6.5701         10              2             70.035           1.7486          3.9523       46.609     23-Mar-2024 00:48:16
    58      24      5     200    0.2       10       0.992    -6.5701     -6.5701         10              2             70.035           1.7486          3.9261       45.487     23-Mar-2024 00:48:16
    58      25      5     200    0.2       10       0.992    -6.5701     -6.5701         10              2             70.035           1.7486          3.9476       48.185     23-Mar-2024 00:48:16
    58      26      5     200    0.2       10       0.992    -6.5701     -6.5701         10              2             70.035           1.7486          3.9337       48.145     23-Mar-2024 00:48:16
    58      27      5     200    0.2       10       0.992    -6.5701     -6.5701         10              2             70.035           1.7486          3.9313       48.864     23-Mar-2024 00:48:16
    58      28      5     200    0.2       10       0.992    -6.5701     -6.5701         10              2             70.035           1.7486          3.9703       47.754     23-Mar-2024 00:48:16
    58      29      5     200    0.2       10       0.992    -6.5701     -6.5701         10              2             70.035           1.7486          3.9665       46.526     23-Mar-2024 00:48:16
    58      30      5     200    0.2       10       0.992    -6.5701     -6.5701         10              2             70.035           1.7486          3.9371       45.848     23-Mar-2024 00:48:16


rep =

    59

replication: (59)th 


thres =

    3.2552

thres=3.255247
1 th thresholding

  breakyes=1.4,  maxresidual < 1.00e-06
10 entries survived 

2 th thresholding

  breakyes=1.4,  maxresidual < 1.00e-06
11 entries survived 

3 th thresholding

  breakyes=1.4,  maxresidual < 1.00e-06
11 entries survived 

4 th thresholding

  breakyes=1.4,  maxresidual < 1.00e-06
11 entries survived 

5 th thresholding

  breakyes=1.4,  maxresidual < 1.00e-06
11 entries survived 

6 th thresholding

  breakyes=1.4,  maxresidual < 1.00e-06
11 entries survived 

7 th thresholding

  breakyes=1.4,  maxresidual < 1.00e-06
11 entries survived 

8 th thresholding

  breakyes=1.4,  maxresidual < 1.00e-06
11 entries survived 

9 th thresholding

  breakyes=1.4,  maxresidual < 1.00e-06
11 entries survived 

10 th thresholding

  breakyes=1.4,  maxresidual < 1.00e-06
11 entries survived 

11 th thresholding

  breakyes=1.4,  maxresidual < 1.00e-06
11 entries survived 

12 th thresholding

  breakyes=1.4,  maxresidual < 1.00e-06
11 entries survived 

13 th thresholding

  breakyes=1.4,  maxresidual < 1.00e-06
11 entries survived 

14 th thresholding

  breakyes=1.4,  maxresidual < 1.00e-06
11 entries survived 

15 th thresholding

  breakyes=1.4,  maxresidual < 1.00e-06
11 entries survived 

16 th thresholding

  breakyes=1.4,  maxresidual < 1.00e-06
11 entries survived 

17 th thresholding

  breakyes=1.4,  maxresidual < 1.00e-06
11 entries survived 

18 th thresholding

  breakyes=1.4,  maxresidual < 1.00e-06
11 entries survived 

19 th thresholding

  breakyes=1.4,  maxresidual < 1.00e-06
11 entries survived 

20 th thresholding

  breakyes=1.4,  maxresidual < 1.00e-06
11 entries survived 

21 th thresholding

  breakyes=1.4,  maxresidual < 1.00e-06
11 entries survived 

22 th thresholding

  breakyes=1.4,  maxresidual < 1.00e-06
11 entries survived 

23 th thresholding

  breakyes=1.4,  maxresidual < 1.00e-06
11 entries survived 

24 th thresholding

  breakyes=1.4,  maxresidual < 1.00e-06
11 entries survived 

25 th thresholding

  breakyes=1.4,  maxresidual < 1.00e-06
11 entries survived 

26 th thresholding

  breakyes=1.4,  maxresidual < 1.00e-06
11 entries survived 

27 th thresholding

  breakyes=1.4,  maxresidual < 1.00e-06
11 entries survived 

28 th thresholding

  breakyes=1.4,  maxresidual < 1.00e-06
11 entries survived 

29 th thresholding

  breakyes=1.4,  maxresidual < 1.00e-06
11 entries survived 

30 th thresholding

  breakyes=1.4,  maxresidual < 1.00e-06
11 entries survived 

acc_vec =

    0.9900
    0.9960
    0.9960
    0.9960
    0.9960
    0.9960
    0.9960
    0.9960
    0.9960
    0.9960
    0.9960
    0.9960
    0.9960
    0.9960
    0.9960
    0.9960
    0.9960
    0.9960
    0.9960
    0.9960
    0.9960
    0.9960
    0.9960
    0.9960
    0.9960
    0.9960
    0.9960
    0.9960
    0.9960
    0.9960
    0.9960

acc =0.990000  0.996000  0.996000  0.996000  0.996000  0.996000  0.996000  0.996000  0.996000  0.996000  0.996000  0.996000  0.996000  0.996000  0.996000  0.996000  0.996000  0.996000  0.996000  0.996000  0.996000  0.996000  0.996000  0.996000  0.996000  0.996000  0.996000  0.996000  0.996000  0.996000  0.996000 

discov_true_vec =

    10
    10
    10
    10
    10
    10
    10
    10
    10
    10
    10
    10
    10
    10
    10
    10
    10
    10
    10
    10
    10
    10
    10
    10
    10
    10
    10
    10
    10
    10


discov_false_vec =

     0
     1
     1
     1
     1
     1
     1
     1
     1
     1
     1
     1
     1
     1
     1
     1
     1
     1
     1
     1
     1
     1
     1
     1
     1
     1
     1
     1
     1
     1


data =

  31x16 table

    rep    iter    sep    dim    rho    sparsity     acc     obj_prim    obj_dual    discov_true    discov_false    diff_x_tilde    diff_omega_diag    time_isee    time_SDP          jobdate       
    ___    ____    ___    ___    ___    ________    _____    ________    ________    ___________    ____________    ____________    _______________    _________    ________    ____________________

    59       0      5     200    0.2       10        0.99          0           0          0              0                  0                0               0            0     23-Mar-2024 01:09:03
    59       1      5     200    0.2       10       0.996    -6.2506     -6.2506         10              0             70.076           1.7853          4.0306       31.512     23-Mar-2024 01:09:03
    59       2      5     200    0.2       10       0.996    -6.2575     -6.2575         10              1             70.789           1.8689          4.0179       33.781     23-Mar-2024 01:09:03
    59       3      5     200    0.2       10       0.996    -6.2575     -6.2575         10              1             70.789           1.8689          3.7754       37.314     23-Mar-2024 01:09:03
    59       4      5     200    0.2       10       0.996    -6.2575     -6.2575         10              1             70.789           1.8689           3.925       35.575     23-Mar-2024 01:09:03
    59       5      5     200    0.2       10       0.996    -6.2575     -6.2575         10              1             70.789           1.8689           3.935       37.455     23-Mar-2024 01:09:03
    59       6      5     200    0.2       10       0.996    -6.2575     -6.2575         10              1             70.789           1.8689          3.9388       36.707     23-Mar-2024 01:09:03
    59       7      5     200    0.2       10       0.996    -6.2575     -6.2575         10              1             70.789           1.8689          3.8953       36.133     23-Mar-2024 01:09:03
    59       8      5     200    0.2       10       0.996    -6.2575     -6.2575         10              1             70.789           1.8689          4.0957       41.979     23-Mar-2024 01:09:03
    59       9      5     200    0.2       10       0.996    -6.2575     -6.2575         10              1             70.789           1.8689           3.942       44.191     23-Mar-2024 01:09:03
    59      10      5     200    0.2       10       0.996    -6.2575     -6.2575         10              1             70.789           1.8689          4.0114       42.283     23-Mar-2024 01:09:03
    59      11      5     200    0.2       10       0.996    -6.2575     -6.2575         10              1             70.789           1.8689          4.1216       40.376     23-Mar-2024 01:09:03
    59      12      5     200    0.2       10       0.996    -6.2575     -6.2575         10              1             70.789           1.8689          3.9767        36.25     23-Mar-2024 01:09:03
    59      13      5     200    0.2       10       0.996    -6.2575     -6.2575         10              1             70.789           1.8689          3.9082        35.95     23-Mar-2024 01:09:03
    59      14      5     200    0.2       10       0.996    -6.2575     -6.2575         10              1             70.789           1.8689          4.0707       34.262     23-Mar-2024 01:09:03
    59      15      5     200    0.2       10       0.996    -6.2575     -6.2575         10              1             70.789           1.8689          4.0365       38.895     23-Mar-2024 01:09:03
    59      16      5     200    0.2       10       0.996    -6.2575     -6.2575         10              1             70.789           1.8689          3.9173       38.776     23-Mar-2024 01:09:03
    59      17      5     200    0.2       10       0.996    -6.2575     -6.2575         10              1             70.789           1.8689          3.9123       33.668     23-Mar-2024 01:09:03
    59      18      5     200    0.2       10       0.996    -6.2575     -6.2575         10              1             70.789           1.8689          3.9357       40.435     23-Mar-2024 01:09:03
    59      19      5     200    0.2       10       0.996    -6.2575     -6.2575         10              1             70.789           1.8689          3.8926        43.15     23-Mar-2024 01:09:03
    59      20      5     200    0.2       10       0.996    -6.2575     -6.2575         10              1             70.789           1.8689          3.8617       41.538     23-Mar-2024 01:09:03
    59      21      5     200    0.2       10       0.996    -6.2575     -6.2575         10              1             70.789           1.8689          4.0686       38.399     23-Mar-2024 01:09:03
    59      22      5     200    0.2       10       0.996    -6.2575     -6.2575         10              1             70.789           1.8689          3.8923       39.617     23-Mar-2024 01:09:03
    59      23      5     200    0.2       10       0.996    -6.2575     -6.2575         10              1             70.789           1.8689          3.9025       34.731     23-Mar-2024 01:09:03
    59      24      5     200    0.2       10       0.996    -6.2575     -6.2575         10              1             70.789           1.8689          3.8543       37.137     23-Mar-2024 01:09:03
    59      25      5     200    0.2       10       0.996    -6.2575     -6.2575         10              1             70.789           1.8689          3.9195       38.625     23-Mar-2024 01:09:03
    59      26      5     200    0.2       10       0.996    -6.2575     -6.2575         10              1             70.789           1.8689          3.7328       37.852     23-Mar-2024 01:09:03
    59      27      5     200    0.2       10       0.996    -6.2575     -6.2575         10              1             70.789           1.8689          3.8839       36.145     23-Mar-2024 01:09:03
    59      28      5     200    0.2       10       0.996    -6.2575     -6.2575         10              1             70.789           1.8689          3.9499       35.474     23-Mar-2024 01:09:03
    59      29      5     200    0.2       10       0.996    -6.2575     -6.2575         10              1             70.789           1.8689          4.0194       34.778     23-Mar-2024 01:09:03
    59      30      5     200    0.2       10       0.996    -6.2575     -6.2575         10              1             70.789           1.8689          3.8769       35.327     23-Mar-2024 01:09:03


rep =

    60

replication: (60)th 


thres =

    3.2552

thres=3.255247
1 th thresholding

  breakyes=1.4,  maxresidual < 1.00e-06
12 entries survived 

2 th thresholding

  breakyes=1.0,  maxresidual < 1.00e-06
12 entries survived 

3 th thresholding

  breakyes=1.0,  maxresidual < 1.00e-06
12 entries survived 

4 th thresholding

  breakyes=1.0,  maxresidual < 1.00e-06
12 entries survived 

5 th thresholding

  breakyes=1.4,  maxresidual < 1.00e-06
12 entries survived 

6 th thresholding

  breakyes=1.4,  maxresidual < 1.00e-06
12 entries survived 

7 th thresholding

  breakyes=1.4,  maxresidual < 1.00e-06
12 entries survived 

8 th thresholding

  breakyes=1.4,  maxresidual < 1.00e-06
12 entries survived 

9 th thresholding

  breakyes=1.4,  maxresidual < 1.00e-06
12 entries survived 

10 th thresholding

  breakyes=1.4,  maxresidual < 1.00e-06
12 entries survived 

11 th thresholding

  breakyes=1.4,  maxresidual < 1.00e-06
12 entries survived 

12 th thresholding

  breakyes=1.4,  maxresidual < 1.00e-06
12 entries survived 

13 th thresholding

  breakyes=1.4,  maxresidual < 1.00e-06
12 entries survived 

14 th thresholding

  breakyes=1.4,  maxresidual < 1.00e-06
12 entries survived 

15 th thresholding

  breakyes=1.4,  maxresidual < 1.00e-06
12 entries survived 

16 th thresholding

  breakyes=1.4,  maxresidual < 1.00e-06
12 entries survived 

17 th thresholding

  breakyes=1.4,  maxresidual < 1.00e-06
12 entries survived 

18 th thresholding

  breakyes=1.4,  maxresidual < 1.00e-06
12 entries survived 

19 th thresholding

  breakyes=1.4,  maxresidual < 1.00e-06
12 entries survived 

20 th thresholding

  breakyes=1.4,  maxresidual < 1.00e-06
12 entries survived 

21 th thresholding

  breakyes=1.4,  maxresidual < 1.00e-06
12 entries survived 

22 th thresholding

  breakyes=1.4,  maxresidual < 1.00e-06
12 entries survived 

23 th thresholding

  breakyes=1.4,  maxresidual < 1.00e-06
12 entries survived 

24 th thresholding

  breakyes=1.4,  maxresidual < 1.00e-06
12 entries survived 

25 th thresholding

  breakyes=1.4,  maxresidual < 1.00e-06
12 entries survived 

26 th thresholding

  breakyes=1.4,  maxresidual < 1.00e-06
12 entries survived 

27 th thresholding

  breakyes=1.4,  maxresidual < 1.00e-06
12 entries survived 

28 th thresholding

  breakyes=1.4,  maxresidual < 1.00e-06
12 entries survived 

29 th thresholding

  breakyes=1.4,  maxresidual < 1.00e-06
12 entries survived 

30 th thresholding

  breakyes=1.4,  maxresidual < 1.00e-06
12 entries survived 

acc_vec =

    0.9860
    0.9920
    0.9920
    0.9880
    0.9900
    0.9900
    0.9900
    0.9900
    0.9900
    0.9900
    0.9900
    0.9900
    0.9900
    0.9900
    0.9900
    0.9900
    0.9900
    0.9900
    0.9900
    0.9900
    0.9900
    0.9900
    0.9900
    0.9900
    0.9900
    0.9900
    0.9900
    0.9900
    0.9900
    0.9900
    0.9900

acc =0.986000  0.992000  0.992000  0.988000  0.990000  0.990000  0.990000  0.990000  0.990000  0.990000  0.990000  0.990000  0.990000  0.990000  0.990000  0.990000  0.990000  0.990000  0.990000  0.990000  0.990000  0.990000  0.990000  0.990000  0.990000  0.990000  0.990000  0.990000  0.990000  0.990000  0.990000 

discov_true_vec =

    10
    10
    10
    10
    10
    10
    10
    10
    10
    10
    10
    10
    10
    10
    10
    10
    10
    10
    10
    10
    10
    10
    10
    10
    10
    10
    10
    10
    10
    10


discov_false_vec =

     2
     2
     2
     2
     2
     2
     2
     2
     2
     2
     2
     2
     2
     2
     2
     2
     2
     2
     2
     2
     2
     2
     2
     2
     2
     2
     2
     2
     2
     2


data =

  31x16 table

    rep    iter    sep    dim    rho    sparsity     acc     obj_prim    obj_dual    discov_true    discov_false    diff_x_tilde    diff_omega_diag    time_isee    time_SDP          jobdate       
    ___    ____    ___    ___    ___    ________    _____    ________    ________    ___________    ____________    ____________    _______________    _________    ________    ____________________

    60       0      5     200    0.2       10       0.986          0           0          0              0                  0                0               0            0     23-Mar-2024 01:26:00
    60       1      5     200    0.2       10       0.992    -6.3997     -6.3995         10              2             69.676           1.6966          4.2125       31.991     23-Mar-2024 01:26:00
    60       2      5     200    0.2       10       0.992    -6.1707     -6.1707         10              2             70.565           1.7925          3.9692       28.509     23-Mar-2024 01:26:00
    60       3      5     200    0.2       10       0.988    -6.2421     -6.2421         10              2             69.475           1.7147          4.1052       30.901     23-Mar-2024 01:26:00
    60       4      5     200    0.2       10        0.99    -6.3025     -6.3026         10              2             69.576           1.6718          4.2549       21.348     23-Mar-2024 01:26:00
    60       5      5     200    0.2       10        0.99    -6.2893     -6.2891         10              2             70.184           1.7197          3.8939       30.599     23-Mar-2024 01:26:00
    60       6      5     200    0.2       10        0.99    -6.2893     -6.2891         10              2             70.184           1.7197          4.2681        31.76     23-Mar-2024 01:26:00
    60       7      5     200    0.2       10        0.99    -6.2893     -6.2891         10              2             70.184           1.7197          4.2568       29.937     23-Mar-2024 01:26:00
    60       8      5     200    0.2       10        0.99    -6.2893     -6.2891         10              2             70.184           1.7197          4.2363       35.822     23-Mar-2024 01:26:00
    60       9      5     200    0.2       10        0.99    -6.2893     -6.2891         10              2             70.184           1.7197          4.0592       35.147     23-Mar-2024 01:26:00
    60      10      5     200    0.2       10        0.99    -6.2893     -6.2891         10              2             70.184           1.7197          3.8651       36.027     23-Mar-2024 01:26:00
    60      11      5     200    0.2       10        0.99    -6.2893     -6.2891         10              2             70.184           1.7197          3.9985       33.326     23-Mar-2024 01:26:00
    60      12      5     200    0.2       10        0.99    -6.2893     -6.2891         10              2             70.184           1.7197          4.1847       34.307     23-Mar-2024 01:26:00
    60      13      5     200    0.2       10        0.99    -6.2893     -6.2891         10              2             70.184           1.7197          5.0731       30.422     23-Mar-2024 01:26:00
    60      14      5     200    0.2       10        0.99    -6.2893     -6.2891         10              2             70.184           1.7197          4.0529       27.137     23-Mar-2024 01:26:00
    60      15      5     200    0.2       10        0.99    -6.2893     -6.2891         10              2             70.184           1.7197          3.8439       27.986     23-Mar-2024 01:26:00
    60      16      5     200    0.2       10        0.99    -6.2893     -6.2891         10              2             70.184           1.7197          4.0701       30.611     23-Mar-2024 01:26:00
    60      17      5     200    0.2       10        0.99    -6.2893     -6.2891         10              2             70.184           1.7197          4.0235        28.22     23-Mar-2024 01:26:00
    60      18      5     200    0.2       10        0.99    -6.2893     -6.2891         10              2             70.184           1.7197          3.8767       29.239     23-Mar-2024 01:26:00
    60      19      5     200    0.2       10        0.99    -6.2893     -6.2891         10              2             70.184           1.7197          4.0638       28.389     23-Mar-2024 01:26:00
    60      20      5     200    0.2       10        0.99    -6.2893     -6.2891         10              2             70.184           1.7197          4.0401       29.549     23-Mar-2024 01:26:00
    60      21      5     200    0.2       10        0.99    -6.2893     -6.2891         10              2             70.184           1.7197          4.0617       28.075     23-Mar-2024 01:26:00
    60      22      5     200    0.2       10        0.99    -6.2893     -6.2891         10              2             70.184           1.7197          3.9985       28.332     23-Mar-2024 01:26:00
    60      23      5     200    0.2       10        0.99    -6.2893     -6.2891         10              2             70.184           1.7197          4.0414       28.197     23-Mar-2024 01:26:00
    60      24      5     200    0.2       10        0.99    -6.2893     -6.2891         10              2             70.184           1.7197          4.0292       29.528     23-Mar-2024 01:26:00
    60      25      5     200    0.2       10        0.99    -6.2893     -6.2891         10              2             70.184           1.7197          4.1942       28.261     23-Mar-2024 01:26:00
    60      26      5     200    0.2       10        0.99    -6.2893     -6.2891         10              2             70.184           1.7197          3.9232       27.892     23-Mar-2024 01:26:00
    60      27      5     200    0.2       10        0.99    -6.2893     -6.2891         10              2             70.184           1.7197          3.9937       28.224     23-Mar-2024 01:26:00
    60      28      5     200    0.2       10        0.99    -6.2893     -6.2891         10              2             70.184           1.7197          3.9757       26.863     23-Mar-2024 01:26:00
    60      29      5     200    0.2       10        0.99    -6.2893     -6.2891         10              2             70.184           1.7197          4.1779       28.653     23-Mar-2024 01:26:00
    60      30      5     200    0.2       10        0.99    -6.2893     -6.2891         10              2             70.184           1.7197          4.0288       29.035     23-Mar-2024 01:26:00

