==========================================
SLURM_JOB_ID = 20419758
SLURM_JOB_NODELIST = b01-08
TMPDIR = /tmp/SLURM_20419758
==========================================
hello
Starting parallel pool (parpool) ...
Connected to the parallel pool (number of workers: 15).

pool = 

 ProcessPool with properties: 

            Connected: true
           NumWorkers: 15
                 Busy: false
              Cluster: Local
        AttachedFiles: {}
    AutoAddClientPath: true
            FileStore: [1x1 parallel.FileStore]
           ValueStore: [1x1 parallel.ValueStore]
          IdleTimeout: 30 minutes (30 minutes remaining)
          SpmdEnabled: true


p =

   100


Delta =

     4


s =

    10


n =

   500


ii =

    24


table_name =

    'sparse_kmeans_isee'


conn = 

  sqlite with properties:

      Database: '/home1/jongminm/sparse_kmeans/sparse_kmeans.db'
    IsReadOnly: 0
    AutoCommit: 'on'


rho =

    0.4500


M =

    0.8161

delta confirmed: 4.000000
ans =

    4.0684


rep =

    93

replication: (93)th 


thres =

    3.0349

thres=3.034854
1 th thresholding

  breakyes=1.4,  maxresidual < 1.00e-06
15 entries survived 

2 th thresholding

  breakyes=1.4,  maxresidual < 1.00e-06
13 entries survived 

3 th thresholding

  breakyes=3.2,  dualfeasorg deteriorated too much: primfeasorg=1.55e-06,dualfeasorg=6.21e-05
15 entries survived 

4 th thresholding

  breakyes=4.1,  primfeasorg stagnate, 0.00e+00
5 entries survived 

5 th thresholding

  breakyes=4.1,  primfeasorg stagnate, 0.00e+00
7 entries survived 

6 th thresholding

  breakyes=3.2,  dualfeasorg deteriorated too much: primfeasorg=1.14e-06,dualfeasorg=5.88e-05
10 entries survived 

7 th thresholding

  breakyes=1.4,  maxresidual < 1.00e-06
10 entries survived 

8 th thresholding

  breakyes=3.2,  dualfeasorg deteriorated too much: primfeasorg=8.74e-07,dualfeasorg=5.20e-05
13 entries survived 

9 th thresholding


  breakyes=2.0,  primfeasorg*dualfeasorg < 1.00e-14
15 entries survived 

10 th thresholding

  breakyes=1.4,  maxresidual < 1.00e-06
12 entries survived 

11 th thresholding

  breakyes=1.4,  maxresidual < 1.00e-06
11 entries survived 

12 th thresholding

  breakyes=1.4,  maxresidual < 1.00e-06
12 entries survived 

13 th thresholding

  breakyes=3.2,  dualfeasorg deteriorated too much: primfeasorg=1.19e-06,dualfeasorg=3.74e-05
10 entries survived 

14 th thresholding

  breakyes=3.2,  dualfeasorg deteriorated too much: primfeasorg=7.34e-07,dualfeasorg=5.43e-05
7 entries survived 

15 th thresholding

  breakyes=3.2,  dualfeasorg deteriorated too much: primfeasorg=9.60e-07,dualfeasorg=4.94e-05
9 entries survived 

16 th thresholding

  breakyes=4.1,  primfeasorg stagnate, 0.00e+00
10 entries survived 

17 th thresholding

  breakyes=3.2,  dualfeasorg deteriorated too much: primfeasorg=9.75e-07,dualfeasorg=4.52e-05
10 entries survived 

18 th thresholding

  breakyes=1.4,  maxresidual < 1.00e-06
11 entries survived 

19 th thresholding

  breakyes=4.1,  primfeasorg stagnate, 0.00e+00
11 entries survived 

20 th thresholding

  breakyes=1.4,  maxresidual < 1.00e-06
12 entries survived 

21 th thresholding

  breakyes=3.2,  dualfeasorg deteriorated too much: primfeasorg=1.80e-06,dualfeasorg=6.57e-05
9 entries survived 

22 th thresholding

  breakyes=4.1,  primfeasorg stagnate, 0.00e+00
8 entries survived 

23 th thresholding

  breakyes=3.2,  dualfeasorg deteriorated too much: primfeasorg=1.41e-06,dualfeasorg=3.89e-05
8 entries survived 

24 th thresholding

  breakyes=4.1,  primfeasorg stagnate, 0.00e+00
14 entries survived 

25 th thresholding

  breakyes = 1.0,  maxresidual < 1.00e-04  breakyes=1.0,  maxresidual < 1.00e-06
16 entries survived 

26 th thresholding

  breakyes=1.0,  maxresidual < 1.00e-06
13 entries survived 

27 th thresholding

  breakyes=3.2,  dualfeasorg deteriorated too much: primfeasorg=9.97e-07,dualfeasorg=2.81e-05
13 entries survived 

28 th thresholding

  breakyes=3.2,  dualfeasorg deteriorated too much: primfeasorg=1.81e-06,dualfeasorg=2.90e-05
14 entries survived 

29 th thresholding

  breakyes=1.0,  maxresidual < 1.00e-06
13 entries survived 

30 th thresholding

  breakyes=1.4,  maxresidual < 1.00e-06
14 entries survived 

acc_vec =

    0.5440
    0.5100
    0.5200
    0.5200
    0.5060
    0.5180
    0.5140
    0.5180
    0.5040
    0.5040
    0.5120
    0.5100
    0.5160
    0.5160
    0.5080
    0.5080
    0.5040
    0.5140
    0.5160
    0.5120
    0.5520
    0.5080
    0.6660
    0.7720
    0.8620
    0.9300
    0.9360
    0.9420
    0.9400
    0.9460
    0.9400

acc =0.544000  0.510000  0.520000  0.520000  0.506000  0.518000  0.514000  0.518000  0.504000  0.504000  0.512000  0.510000  0.516000  0.516000  0.508000  0.508000  0.504000  0.514000  0.516000  0.512000  0.552000  0.508000  0.666000  0.772000  0.862000  0.930000  0.936000  0.942000  0.940000  0.946000  0.940000 

discov_true_vec =

     0
     0
     0
     0
     0
     0
     0
     0
     0
     0
     0
     0
     0
     0
     0
     0
     0
     0
     1
     1
     3
     3
     4
     7
    10
    10
    10
    10
    10
    10


discov_false_vec =

    15
    13
    15
     5
     7
    10
    10
    13
    15
    12
    11
    12
    10
     7
     9
    10
    10
    11
    10
    11
     6
     5
     4
     7
     6
     3
     3
     4
     3
     4


data =

  31x16 table

    rep    iter    sep    dim    rho     sparsity     acc     obj_prim    obj_dual    discov_true    discov_false    diff_x_tilde    diff_omega_diag    time_isee    time_SDP          jobdate       
    ___    ____    ___    ___    ____    ________    _____    ________    ________    ___________    ____________    ____________    _______________    _________    ________    ____________________

    93       0      4     100    0.45       10       0.544          0           0          0               0                 0                0                0           0     23-Mar-2024 06:07:35
    93       1      4     100    0.45       10        0.51    -3.6453     -3.6453          0              15            79.183           1.5422           2.5849      21.109     23-Mar-2024 06:07:35
    93       2      4     100    0.45       10        0.52    -2.9923     -2.9922          0              13            79.643           1.7211           1.4927      35.291     23-Mar-2024 06:07:35
    93       3      4     100    0.45       10        0.52    -4.1119     -4.1118          0              15            80.195           1.6245           1.6284      42.053     23-Mar-2024 06:07:35
    93       4      4     100    0.45       10       0.506    -2.4078     -2.4078          0               5            87.987             1.98           1.1937      57.315     23-Mar-2024 06:07:35
    93       5      4     100    0.45       10       0.518    -3.0893     -3.0893          0               7             86.05           1.9627           1.3404      45.236     23-Mar-2024 06:07:35
    93       6      4     100    0.45       10       0.514    -3.0362     -3.0362          0              10            80.987           1.7293           1.1385      36.767     23-Mar-2024 06:07:35
    93       7      4     100    0.45       10       0.518    -3.1803     -3.1802          0              10            82.117           1.7299           1.2258      52.437     23-Mar-2024 06:07:35
    93       8      4     100    0.45       10       0.504    -3.6812     -3.6811          0              13            80.125           1.6898           1.1398      39.683     23-Mar-2024 06:07:35
    93       9      4     100    0.45       10       0.504    -3.0891     -3.0891          0              15            81.427           1.7272           1.4229      40.877     23-Mar-2024 06:07:35
    93      10      4     100    0.45       10       0.512    -2.8243     -2.8243          0              12            81.958           1.6532           1.2466      20.509     23-Mar-2024 06:07:35
    93      11      4     100    0.45       10        0.51    -2.8727     -2.8727          0              11            80.812           1.6961           1.1378      31.848     23-Mar-2024 06:07:35
    93      12      4     100    0.45       10       0.516     -3.326     -3.3259          0              12            82.002           1.7275           1.5193      42.104     23-Mar-2024 06:07:35
    93      13      4     100    0.45       10       0.516    -3.0636     -3.0635          0              10            80.352           1.6813           1.2602      37.066     23-Mar-2024 06:07:35
    93      14      4     100    0.45       10       0.508    -3.0617     -3.0616          0               7            81.387           1.7515           1.0985      60.147     23-Mar-2024 06:07:35
    93      15      4     100    0.45       10       0.508    -2.6763     -2.6762          0               9            81.281           1.6041           1.2602      43.407     23-Mar-2024 06:07:35
    93      16      4     100    0.45       10       0.504    -2.8417     -2.8417          0              10            81.547           1.6415           1.0765      47.438     23-Mar-2024 06:07:35
    93      17      4     100    0.45       10       0.514    -3.1166     -3.1166          0              10            80.334           1.6702           1.1911       43.67     23-Mar-2024 06:07:35
    93      18      4     100    0.45       10       0.516    -3.5154     -3.5154          0              11            79.039           1.5227           1.0994      35.017     23-Mar-2024 06:07:35
    93      19      4     100    0.45       10       0.512    -2.9202     -2.9202          1              10            84.778           2.0377           1.2163      48.459     23-Mar-2024 06:07:35
    93      20      4     100    0.45       10       0.552    -2.8242     -2.8242          1              11            78.042           1.5783           1.1347      38.956     23-Mar-2024 06:07:35
    93      21      4     100    0.45       10       0.508    -3.1709     -3.1709          3               6            77.776           1.5323           1.2485      56.604     23-Mar-2024 06:07:35
    93      22      4     100    0.45       10       0.666    -3.3984     -3.3984          3               5            80.381            1.676           1.0843      50.077     23-Mar-2024 06:07:35
    93      23      4     100    0.45       10       0.772    -3.4028     -3.4028          4               4            80.332           1.8022           1.2207      39.763     23-Mar-2024 06:07:35
    93      24      4     100    0.45       10       0.862    -5.0143     -5.0142          7               7            73.932           1.6804           1.1678      47.321     23-Mar-2024 06:07:35
    93      25      4     100    0.45       10        0.93    -5.7572     -5.7572         10               6            68.648           1.5727           1.2772      8.0301     23-Mar-2024 06:07:35
    93      26      4     100    0.45       10       0.936    -5.7052     -5.7052         10               3            64.648           1.6246          0.97042      15.926     23-Mar-2024 06:07:35
    93      27      4     100    0.45       10       0.942    -5.4296     -5.4296         10               3             64.49           1.6206          0.96343      16.297     23-Mar-2024 06:07:35
    93      28      4     100    0.45       10        0.94    -5.5845     -5.5845         10               4            66.333           1.6968           1.1475      42.967     23-Mar-2024 06:07:35
    93      29      4     100    0.45       10       0.946    -5.6039     -5.6039         10               3            64.801           1.5723           1.4994      10.357     23-Mar-2024 06:07:35
    93      30      4     100    0.45       10        0.94    -5.2959     -5.2958         10               4            65.824           1.6451          0.95709      30.611     23-Mar-2024 06:07:35


rep =

    94

replication: (94)th 


thres =

    3.0349

thres=3.034854
1 th thresholding

  breakyes=3.2,  dualfeasorg deteriorated too much: primfeasorg=6.79e-07,dualfeasorg=4.39e-05
15 entries survived 

2 th thresholding

  breakyes=1.3,  maxresidual < 1.00e-06
19 entries survived 

3 th thresholding


  breakyes=3.2,  dualfeasorg deteriorated too much: primfeasorg=2.64e-06,dualfeasorg=4.43e-05
18 entries survived 

4 th thresholding

  breakyes=1.4,  maxresidual < 1.00e-06
12 entries survived 

5 th thresholding

  breakyes=3.2,  dualfeasorg deteriorated too much: primfeasorg=1.08e-06,dualfeasorg=3.26e-05
12 entries survived 

6 th thresholding

  breakyes=1.0,  maxresidual < 1.00e-06
12 entries survived 

7 th thresholding

  breakyes=1.0,  maxresidual < 1.00e-06
12 entries survived 

8 th thresholding

  breakyes=1.0,  maxresidual < 1.00e-06
14 entries survived 

9 th thresholding

  breakyes=1.0,  maxresidual < 1.00e-06
12 entries survived 

10 th thresholding

  breakyes=1.4,  maxresidual < 1.00e-06
13 entries survived 

11 th thresholding

  breakyes=1.0,  maxresidual < 1.00e-06
13 entries survived 

12 th thresholding

  breakyes=1.4,  maxresidual < 1.00e-06
13 entries survived 

13 th thresholding

  breakyes=1.0,  maxresidual < 1.00e-06
13 entries survived 

14 th thresholding

  breakyes=1.4,  maxresidual < 1.00e-06
13 entries survived 

15 th thresholding

  breakyes=1.0,  maxresidual < 1.00e-06
13 entries survived 

16 th thresholding

  breakyes=1.4,  maxresidual < 1.00e-06
13 entries survived 

17 th thresholding

  breakyes=1.0,  maxresidual < 1.00e-06
13 entries survived 

18 th thresholding

  breakyes=1.4,  maxresidual < 1.00e-06
13 entries survived 

19 th thresholding

  breakyes=3.2,  dualfeasorg deteriorated too much: primfeasorg=2.73e-06,dualfeasorg=5.30e-05
13 entries survived 

20 th thresholding

  breakyes=1.0,  maxresidual < 1.00e-06
13 entries survived 

21 th thresholding

  breakyes=1.0,  maxresidual < 1.00e-06
13 entries survived 

22 th thresholding

  breakyes=1.0,  maxresidual < 1.00e-06
13 entries survived 

23 th thresholding

  breakyes=1.0,  maxresidual < 1.00e-06
13 entries survived 

24 th thresholding

  breakyes=1.0,  maxresidual < 1.00e-06
13 entries survived 

25 th thresholding

  breakyes=1.0,  maxresidual < 1.00e-06
13 entries survived 

26 th thresholding

  breakyes=1.0,  maxresidual < 1.00e-06
13 entries survived 

27 th thresholding

  breakyes=1.0,  maxresidual < 1.00e-06
13 entries survived 

28 th thresholding

  breakyes=1.0,  maxresidual < 1.00e-06
13 entries survived 

29 th thresholding

  breakyes=1.0,  maxresidual < 1.00e-06
13 entries survived 

30 th thresholding

  breakyes=1.0,  maxresidual < 1.00e-06
13 entries survived 

acc_vec =

    0.6160
    0.6120
    0.7860
    0.8860
    0.9300
    0.9400
    0.9560
    0.9680
    0.9660
    0.9720
    0.9700
    0.9720
    0.9700
    0.9720
    0.9700
    0.9720
    0.9700
    0.9720
    0.9680
    0.9680
    0.9620
    0.9680
    0.9620
    0.9680
    0.9620
    0.9680
    0.9620
    0.9680
    0.9620
    0.9680
    0.9620

acc =0.616000  0.612000  0.786000  0.886000  0.930000  0.940000  0.956000  0.968000  0.966000  0.972000  0.970000  0.972000  0.970000  0.972000  0.970000  0.972000  0.970000  0.972000  0.968000  0.968000  0.962000  0.968000  0.962000  0.968000  0.962000  0.968000  0.962000  0.968000  0.962000  0.968000  0.962000 

discov_true_vec =

     2
     6
     9
    10
    10
    10
    10
    10
    10
    10
    10
    10
    10
    10
    10
    10
    10
    10
    10
    10
    10
    10
    10
    10
    10
    10
    10
    10
    10
    10


discov_false_vec =

    13
    13
     9
     2
     2
     2
     2
     4
     2
     3
     3
     3
     3
     3
     3
     3
     3
     3
     3
     3
     3
     3
     3
     3
     3
     3
     3
     3
     3
     3


data =

  31x16 table

    rep    iter    sep    dim    rho     sparsity     acc     obj_prim    obj_dual    discov_true    discov_false    diff_x_tilde    diff_omega_diag    time_isee    time_SDP          jobdate       
    ___    ____    ___    ___    ____    ________    _____    ________    ________    ___________    ____________    ____________    _______________    _________    ________    ____________________

    94       0      4     100    0.45       10       0.616          0           0          0               0                 0                0                0           0     23-Mar-2024 06:20:14
    94       1      4     100    0.45       10       0.612    -4.7669     -4.7668          2              13            81.317           1.6042           1.3801      56.477     23-Mar-2024 06:20:14
    94       2      4     100    0.45       10       0.786    -3.6223     -3.6223          6              13            80.052           1.7061           1.2462      40.719     23-Mar-2024 06:20:14
    94       3      4     100    0.45       10       0.886    -5.5357     -5.5357          9               9            78.396           1.8271           1.1238      84.491     23-Mar-2024 06:20:14
    94       4      4     100    0.45       10        0.93    -6.1729     -6.1729         10               2            72.681           1.7351            1.186      23.737     23-Mar-2024 06:20:14
    94       5      4     100    0.45       10        0.94    -6.0302     -6.0302         10               2            65.802            1.649          0.96273      14.168     23-Mar-2024 06:20:14
    94       6      4     100    0.45       10       0.956    -6.0458     -6.0458         10               2            65.475           1.6126           1.0699       13.84     23-Mar-2024 06:20:14
    94       7      4     100    0.45       10       0.968    -5.8885     -5.8885         10               2            67.436           1.6757          0.95348        13.3     23-Mar-2024 06:20:14
    94       8      4     100    0.45       10       0.966    -5.7268     -5.7268         10               4            67.624           1.7027           1.3337      19.627     23-Mar-2024 06:20:14
    94       9      4     100    0.45       10       0.972    -5.7914     -5.7914         10               2            68.016           1.7214          0.95549      13.085     23-Mar-2024 06:20:14
    94      10      4     100    0.45       10        0.97    -5.7437     -5.7437         10               3            65.501           1.6547           1.4214      16.189     23-Mar-2024 06:20:14
    94      11      4     100    0.45       10       0.972    -5.7669     -5.7669         10               3            65.926           1.6918          0.97266      17.081     23-Mar-2024 06:20:14
    94      12      4     100    0.45       10        0.97    -5.7437     -5.7437         10               3            65.501           1.6547           1.1458       14.99     23-Mar-2024 06:20:14
    94      13      4     100    0.45       10       0.972    -5.7669     -5.7669         10               3            65.926           1.6918          0.95334      16.941     23-Mar-2024 06:20:14
    94      14      4     100    0.45       10        0.97    -5.7437     -5.7437         10               3            65.501           1.6547            1.114      15.334     23-Mar-2024 06:20:14
    94      15      4     100    0.45       10       0.972    -5.7669     -5.7669         10               3            65.926           1.6918          0.95666      17.196     23-Mar-2024 06:20:14
    94      16      4     100    0.45       10        0.97    -5.7437     -5.7437         10               3            65.501           1.6547           1.4156      15.713     23-Mar-2024 06:20:14
    94      17      4     100    0.45       10       0.972    -5.7669     -5.7669         10               3            65.926           1.6918          0.95989      17.006     23-Mar-2024 06:20:14
    94      18      4     100    0.45       10       0.968    -5.7437     -5.7437         10               3            65.501           1.6547            1.104      15.425     23-Mar-2024 06:20:14
    94      19      4     100    0.45       10       0.968    -5.7295     -5.7295         10               3            66.141           1.7067          0.95995      32.222     23-Mar-2024 06:20:14
    94      20      4     100    0.45       10       0.962    -5.6937     -5.6937         10               3            66.708            1.643           1.2139      17.475     23-Mar-2024 06:20:14
    94      21      4     100    0.45       10       0.968    -5.8629     -5.8629         10               3            67.318           1.7052          0.97206      31.878     23-Mar-2024 06:20:14
    94      22      4     100    0.45       10       0.962    -5.6937     -5.6937         10               3            66.708            1.643           1.0911      17.475     23-Mar-2024 06:20:14
    94      23      4     100    0.45       10       0.968    -5.8629     -5.8629         10               3            67.318           1.7052           1.0644      33.094     23-Mar-2024 06:20:14
    94      24      4     100    0.45       10       0.962    -5.6937     -5.6937         10               3            66.708            1.643           1.0823      17.343     23-Mar-2024 06:20:14
    94      25      4     100    0.45       10       0.968    -5.8629     -5.8629         10               3            67.318           1.7052           0.9571      31.318     23-Mar-2024 06:20:14
    94      26      4     100    0.45       10       0.962    -5.6937     -5.6937         10               3            66.708            1.643            1.498      17.053     23-Mar-2024 06:20:14
    94      27      4     100    0.45       10       0.968    -5.8629     -5.8629         10               3            67.318           1.7052          0.96899      31.915     23-Mar-2024 06:20:14
    94      28      4     100    0.45       10       0.962    -5.6937     -5.6937         10               3            66.708            1.643           1.1097      17.748     23-Mar-2024 06:20:14
    94      29      4     100    0.45       10       0.968    -5.8629     -5.8629         10               3            67.318           1.7052           1.0534      32.212     23-Mar-2024 06:20:14
    94      30      4     100    0.45       10       0.962    -5.6937     -5.6937         10               3            66.708            1.643           1.1367      19.565     23-Mar-2024 06:20:14


rep =

    95

replication: (95)th 


thres =

    3.0349

thres=3.034854
1 th thresholding

  breakyes=3.2,  dualfeasorg deteriorated too much: primfeasorg=8.84e-07,dualfeasorg=5.01e-05
12 entries survived 

2 th thresholding

  breakyes=3.2,  dualfeasorg deteriorated too much: primfeasorg=1.36e-06,dualfeasorg=3.75e-05
11 entries survived 

3 th thresholding

  breakyes=1.0,  maxresidual < 1.00e-06
12 entries survived 

4 th thresholding

  breakyes=1.4,  maxresidual < 1.00e-06
17 entries survived 

5 th thresholding

  breakyes=1.0,  maxresidual < 1.00e-06
12 entries survived 

6 th thresholding

  breakyes=1.4,  maxresidual < 1.00e-06
16 entries survived 

7 th thresholding

  breakyes=1.0,  maxresidual < 1.00e-06
17 entries survived 

8 th thresholding

  breakyes=3.2,  dualfeasorg deteriorated too much: primfeasorg=1.06e-06,dualfeasorg=3.02e-05
20 entries survived 

9 th thresholding

  breakyes=1.4,  maxresidual < 1.00e-06
17 entries survived 

10 th thresholding

  breakyes=1.4,  maxresidual < 1.00e-06
19 entries survived 

11 th thresholding

  breakyes=1.0,  maxresidual < 1.00e-06
17 entries survived 

12 th thresholding

  breakyes=1.0,  maxresidual < 1.00e-06
17 entries survived 

13 th thresholding

  breakyes=1.0,  maxresidual < 1.00e-06
16 entries survived 

14 th thresholding

  breakyes=1.0,  maxresidual < 1.00e-06
17 entries survived 

15 th thresholding

  breakyes=1.0,  maxresidual < 1.00e-06
16 entries survived 

16 th thresholding

  breakyes=1.0,  maxresidual < 1.00e-06
18 entries survived 

17 th thresholding

  breakyes=1.0,  maxresidual < 1.00e-06
17 entries survived 

18 th thresholding

  breakyes=1.0,  maxresidual < 1.00e-06
17 entries survived 

19 th thresholding

  breakyes=1.0,  maxresidual < 1.00e-06
16 entries survived 

20 th thresholding

  breakyes=1.0,  maxresidual < 1.00e-06
17 entries survived 

21 th thresholding

  breakyes=1.0,  maxresidual < 1.00e-06
16 entries survived 

22 th thresholding

  breakyes=1.0,  maxresidual < 1.00e-06
18 entries survived 

23 th thresholding

  breakyes=1.0,  maxresidual < 1.00e-06
17 entries survived 

24 th thresholding

  breakyes=1.0,  maxresidual < 1.00e-06
17 entries survived 

25 th thresholding

  breakyes=1.0,  maxresidual < 1.00e-06
16 entries survived 

26 th thresholding

  breakyes=1.0,  maxresidual < 1.00e-06
17 entries survived 

27 th thresholding

  breakyes=1.0,  maxresidual < 1.00e-06
16 entries survived 

28 th thresholding

  breakyes=1.0,  maxresidual < 1.00e-06
18 entries survived 

29 th thresholding

  breakyes=1.0,  maxresidual < 1.00e-06
17 entries survived 

30 th thresholding

  breakyes=1.0,  maxresidual < 1.00e-06
17 entries survived 

acc_vec =

    0.6580
    0.7360
    0.8040
    0.8480
    0.9200
    0.9580
    0.9740
    0.9700
    0.9760
    0.9680
    0.9720
    0.9660
    0.9720
    0.9680
    0.9740
    0.9660
    0.9720
    0.9660
    0.9720
    0.9680
    0.9740
    0.9660
    0.9720
    0.9660
    0.9720
    0.9680
    0.9740
    0.9660
    0.9720
    0.9660
    0.9720

acc =0.658000  0.736000  0.804000  0.848000  0.920000  0.958000  0.974000  0.970000  0.976000  0.968000  0.972000  0.966000  0.972000  0.968000  0.974000  0.966000  0.972000  0.966000  0.972000  0.968000  0.974000  0.966000  0.972000  0.966000  0.972000  0.968000  0.974000  0.966000  0.972000  0.966000  0.972000 

discov_true_vec =

     4
     4
     6
    10
    10
    10
    10
    10
    10
    10
    10
    10
    10
    10
    10
    10
    10
    10
    10
    10
    10
    10
    10
    10
    10
    10
    10
    10
    10
    10


discov_false_vec =

     8
     7
     6
     7
     2
     6
     7
    10
     7
     9
     7
     7
     6
     7
     6
     8
     7
     7
     6
     7
     6
     8
     7
     7
     6
     7
     6
     8
     7
     7


data =

  31x16 table

    rep    iter    sep    dim    rho     sparsity     acc     obj_prim    obj_dual    discov_true    discov_false    diff_x_tilde    diff_omega_diag    time_isee    time_SDP          jobdate       
    ___    ____    ___    ___    ____    ________    _____    ________    ________    ___________    ____________    ____________    _______________    _________    ________    ____________________

    95       0      4     100    0.45       10       0.658          0           0          0               0                 0                0                0           0     23-Mar-2024 06:30:16
    95       1      4     100    0.45       10       0.736    -4.8064     -4.8063          4               8            82.212           1.7489           1.4079      54.085     23-Mar-2024 06:30:16
    95       2      4     100    0.45       10       0.804    -5.3044     -5.3043          4               7            81.774           1.8339           1.2445      61.948     23-Mar-2024 06:30:16
    95       3      4     100    0.45       10       0.848    -6.0398     -6.0398          6               6            76.705           1.8089           1.2397      11.364     23-Mar-2024 06:30:16
    95       4      4     100    0.45       10        0.92    -6.9223     -6.9223         10               7            72.385           1.6748          0.95559      16.897     23-Mar-2024 06:30:16
    95       5      4     100    0.45       10       0.958    -7.0877     -7.0877         10               2            65.799           1.6301            1.089      14.721     23-Mar-2024 06:30:16
    95       6      4     100    0.45       10       0.974    -6.8849     -6.8849         10               6            65.795           1.6483          0.95459      17.661     23-Mar-2024 06:30:16
    95       7      4     100    0.45       10        0.97     -7.074      -7.074         10               7            68.172           1.7193           1.1922      14.417     23-Mar-2024 06:30:16
    95       8      4     100    0.45       10       0.976    -7.7397     -7.7397         10              10             68.74           1.6966          0.96252      10.508     23-Mar-2024 06:30:16
    95       9      4     100    0.45       10       0.968    -7.7112     -7.7112         10               7            69.965           1.7718          0.95383      48.729     23-Mar-2024 06:30:16
    95      10      4     100    0.45       10       0.972    -7.7577     -7.7577         10               9            69.407           1.7144           1.1992      16.598     23-Mar-2024 06:30:16
    95      11      4     100    0.45       10       0.966    -7.8487     -7.8487         10               7            70.294           1.7488           1.1557      15.149     23-Mar-2024 06:30:16
    95      12      4     100    0.45       10       0.972    -7.7225     -7.7225         10               7             69.52           1.7503           1.1037      16.783     23-Mar-2024 06:30:16
    95      13      4     100    0.45       10       0.968    -7.5931     -7.5931         10               6            68.331            1.711          0.95698      16.337     23-Mar-2024 06:30:16
    95      14      4     100    0.45       10       0.974    -7.4712     -7.4712         10               7            69.192           1.7512           1.2298      13.246     23-Mar-2024 06:30:16
    95      15      4     100    0.45       10       0.966    -7.8411     -7.8411         10               6            67.193           1.6808           1.1109      13.771     23-Mar-2024 06:30:16
    95      16      4     100    0.45       10       0.972    -7.5961     -7.5961         10               8            69.388           1.7517           1.1044      14.834     23-Mar-2024 06:30:16
    95      17      4     100    0.45       10       0.966    -7.8487     -7.8487         10               7            70.294           1.7488           1.1505       13.34     23-Mar-2024 06:30:16
    95      18      4     100    0.45       10       0.972    -7.7225     -7.7225         10               7             69.52           1.7503           1.1873      18.919     23-Mar-2024 06:30:16
    95      19      4     100    0.45       10       0.968    -7.5931     -7.5931         10               6            68.331            1.711          0.97983      15.612     23-Mar-2024 06:30:16
    95      20      4     100    0.45       10       0.974    -7.4712     -7.4712         10               7            69.192           1.7512           1.0848       13.23     23-Mar-2024 06:30:16
    95      21      4     100    0.45       10       0.966    -7.8411     -7.8411         10               6            67.193           1.6808            0.963       13.95     23-Mar-2024 06:30:16
    95      22      4     100    0.45       10       0.972    -7.5961     -7.5961         10               8            69.388           1.7517           1.2083      14.949     23-Mar-2024 06:30:16
    95      23      4     100    0.45       10       0.966    -7.8487     -7.8487         10               7            70.294           1.7488          0.98203      13.516     23-Mar-2024 06:30:16
    95      24      4     100    0.45       10       0.972    -7.7225     -7.7225         10               7             69.52           1.7503           1.4536      17.336     23-Mar-2024 06:30:16
    95      25      4     100    0.45       10       0.968    -7.5931     -7.5931         10               6            68.331            1.711           1.0945      15.995     23-Mar-2024 06:30:16
    95      26      4     100    0.45       10       0.974    -7.4712     -7.4712         10               7            69.192           1.7512           1.1847      13.327     23-Mar-2024 06:30:16
    95      27      4     100    0.45       10       0.966    -7.8411     -7.8411         10               6            67.193           1.6808           1.1624      14.823     23-Mar-2024 06:30:16
    95      28      4     100    0.45       10       0.972    -7.5961     -7.5961         10               8            69.388           1.7517           1.0998      15.728     23-Mar-2024 06:30:16
    95      29      4     100    0.45       10       0.966    -7.8487     -7.8487         10               7            70.294           1.7488           1.1355      13.916     23-Mar-2024 06:30:16
    95      30      4     100    0.45       10       0.972    -7.7225     -7.7225         10               7             69.52           1.7503           1.2199      16.387     23-Mar-2024 06:30:16


rep =

    96

replication: (96)th 


thres =

    3.0349

thres=3.034854
1 th thresholding

  breakyes=3.2,  dualfeasorg deteriorated too much: primfeasorg=6.99e-07,dualfeasorg=4.76e-05
9 entries survived 

2 th thresholding

  breakyes=3.2,  dualfeasorg deteriorated too much: primfeasorg=1.26e-06,dualfeasorg=2.79e-05
13 entries survived 

3 th thresholding


  breakyes=1.4,  maxresidual < 1.00e-06
12 entries survived 

4 th thresholding

  breakyes=4.1,  primfeasorg stagnate, 0.00e+00
14 entries survived 

5 th thresholding

  breakyes=1.4,  maxresidual < 1.00e-06
12 entries survived 

6 th thresholding

  breakyes=1.3,  maxresidual < 1.00e-06
16 entries survived 

7 th thresholding

  breakyes=1.4,  maxresidual < 1.00e-06
16 entries survived 

8 th thresholding

  breakyes=1.4,  maxresidual < 1.00e-06
15 entries survived 

9 th thresholding

  breakyes=1.4,  maxresidual < 1.00e-06
14 entries survived 

10 th thresholding

  breakyes=3.2,  dualfeasorg deteriorated too much: primfeasorg=1.01e-06,dualfeasorg=2.53e-05
16 entries survived 

11 th thresholding

  breakyes=1.3,  maxresidual < 1.00e-06
14 entries survived 

12 th thresholding

  breakyes=3.2,  dualfeasorg deteriorated too much: primfeasorg=1.47e-06,dualfeasorg=4.30e-05
14 entries survived 

13 th thresholding

  breakyes=2.0,  primfeasorg*dualfeasorg < 1.00e-14
12 entries survived 

14 th thresholding

  breakyes=3.2,  dualfeasorg deteriorated too much: primfeasorg=1.05e-06,dualfeasorg=4.72e-05
15 entries survived 

15 th thresholding

  breakyes=3.2,  dualfeasorg deteriorated too much: primfeasorg=1.71e-06,dualfeasorg=4.99e-05
12 entries survived 

16 th thresholding

  breakyes=1.3,  maxresidual < 1.00e-06
14 entries survived 

17 th thresholding

  breakyes=3.2,  dualfeasorg deteriorated too much: primfeasorg=1.20e-06,dualfeasorg=2.86e-05
13 entries survived 

18 th thresholding

  breakyes=1.4,  maxresidual < 1.00e-06
13 entries survived 

19 th thresholding

  breakyes=3.2,  dualfeasorg deteriorated too much: primfeasorg=1.55e-06,dualfeasorg=1.55e-05
14 entries survived 

20 th thresholding

  breakyes=1.4,  maxresidual < 1.00e-06
15 entries survived 

21 th thresholding

  breakyes=1.4,  maxresidual < 1.00e-06
13 entries survived 

22 th thresholding

  breakyes=3.2,  dualfeasorg deteriorated too much: primfeasorg=1.85e-06,dualfeasorg=2.78e-05
16 entries survived 

23 th thresholding

  breakyes=1.0,  maxresidual < 1.00e-06
16 entries survived 

24 th thresholding

  breakyes=1.4,  maxresidual < 1.00e-06
17 entries survived 

25 th thresholding

  breakyes=3.2,  dualfeasorg deteriorated too much: primfeasorg=1.53e-06,dualfeasorg=7.35e-05
15 entries survived 

26 th thresholding

  breakyes=1.4,  maxresidual < 1.00e-06
15 entries survived 

27 th thresholding

  breakyes=3.2,  dualfeasorg deteriorated too much: primfeasorg=1.23e-06,dualfeasorg=3.52e-05
14 entries survived 

28 th thresholding

  breakyes=1.3,  maxresidual < 1.00e-06
15 entries survived 

29 th thresholding

  breakyes=3.2,  dualfeasorg deteriorated too much: primfeasorg=2.02e-06,dualfeasorg=6.68e-05
15 entries survived 

30 th thresholding

  breakyes=1.3,  maxresidual < 1.00e-06
15 entries survived 

acc_vec =

    0.6680
    0.8220
    0.9220
    0.9480
    0.9500
    0.9440
    0.9480
    0.9340
    0.9400
    0.9420
    0.9580
    0.9440
    0.9560
    0.9480
    0.9520
    0.9520
    0.9560
    0.9540
    0.9500
    0.9340
    0.9520
    0.9460
    0.9440
    0.9460
    0.9520
    0.9460
    0.9480
    0.9420
    0.9500
    0.9400
    0.9520

acc =0.668000  0.822000  0.922000  0.948000  0.950000  0.944000  0.948000  0.934000  0.940000  0.942000  0.958000  0.944000  0.956000  0.948000  0.952000  0.952000  0.956000  0.954000  0.950000  0.934000  0.952000  0.946000  0.944000  0.946000  0.952000  0.946000  0.948000  0.942000  0.950000  0.940000  0.952000 

discov_true_vec =

     6
    10
    10
    10
    10
    10
    10
    10
    10
    10
    10
    10
    10
    10
    10
    10
    10
    10
    10
    10
    10
    10
    10
    10
    10
    10
    10
    10
    10
    10


discov_false_vec =

     3
     3
     2
     4
     2
     6
     6
     5
     4
     6
     4
     4
     2
     5
     2
     4
     3
     3
     4
     5
     3
     6
     6
     7
     5
     5
     4
     5
     5
     5


data =

  31x16 table

    rep    iter    sep    dim    rho     sparsity     acc     obj_prim    obj_dual    discov_true    discov_false    diff_x_tilde    diff_omega_diag    time_isee    time_SDP          jobdate       
    ___    ____    ___    ___    ____    ________    _____    ________    ________    ___________    ____________    ____________    _______________    _________    ________    ____________________

    96       0      4     100    0.45       10       0.668          0           0          0              0                  0                0                0           0     23-Mar-2024 06:46:56
    96       1      4     100    0.45       10       0.822    -4.4921     -4.4921          6              3              74.56           1.5226           1.5217      57.219     23-Mar-2024 06:46:56
    96       2      4     100    0.45       10       0.922    -5.5324     -5.5324         10              3             72.514           1.7564           1.2923      21.773     23-Mar-2024 06:46:56
    96       3      4     100    0.45       10       0.948    -5.8541     -5.8541         10              2             66.384           1.7411          0.96573      67.864     23-Mar-2024 06:46:56
    96       4      4     100    0.45       10        0.95    -5.7686     -5.7686         10              4             65.326           1.7301           1.2267      46.521     23-Mar-2024 06:46:56
    96       5      4     100    0.45       10       0.944    -6.0296     -6.0296         10              2              64.86           1.7096            1.074      17.984     23-Mar-2024 06:46:56
    96       6      4     100    0.45       10       0.948     -5.915      -5.915         10              6             64.621           1.6459           1.0415      37.194     23-Mar-2024 06:46:56
    96       7      4     100    0.45       10       0.934    -6.1098     -6.1098         10              6              65.75           1.7671           1.0683      17.513     23-Mar-2024 06:46:56
    96       8      4     100    0.45       10        0.94    -6.3205     -6.3205         10              5             65.908           1.7176           1.1167      18.124     23-Mar-2024 06:46:56
    96       9      4     100    0.45       10       0.942    -6.3989     -6.3989         10              4             64.998           1.7005           1.1712      16.011     23-Mar-2024 06:46:56
    96      10      4     100    0.45       10       0.958    -5.6239     -5.6239         10              6             62.718           1.6101           1.1049      40.492     23-Mar-2024 06:46:56
    96      11      4     100    0.45       10       0.944    -5.9166     -5.9166         10              4              65.74           1.7981           1.1528      36.037     23-Mar-2024 06:46:56
    96      12      4     100    0.45       10       0.956    -5.8937     -5.8937         10              4             65.524           1.7272           1.0887        15.6     23-Mar-2024 06:46:56
    96      13      4     100    0.45       10       0.948    -5.7296     -5.7296         10              2             66.803           1.7764          0.95683      38.787     23-Mar-2024 06:46:56
    96      14      4     100    0.45       10       0.952    -5.7463     -5.7463         10              5              66.09           1.7635           1.3947      30.954     23-Mar-2024 06:46:56
    96      15      4     100    0.45       10       0.952    -5.5371     -5.5371         10              2             65.741           1.6753           1.1625      50.143     23-Mar-2024 06:46:56
    96      16      4     100    0.45       10       0.956    -5.3673     -5.3673         10              4             62.642           1.6169           1.0791      44.952     23-Mar-2024 06:46:56
    96      17      4     100    0.45       10       0.954     -5.688      -5.688         10              3             64.422           1.6984           1.2334      19.993     23-Mar-2024 06:46:56
    96      18      4     100    0.45       10        0.95    -6.0881     -6.0881         10              3             64.594            1.673          0.95469      31.684     23-Mar-2024 06:46:56
    96      19      4     100    0.45       10       0.934    -6.1666     -6.1666         10              4             64.105           1.6682           1.1168      37.385     23-Mar-2024 06:46:56
    96      20      4     100    0.45       10       0.952    -6.1941     -6.1941         10              5             63.993           1.6537           1.2314      46.091     23-Mar-2024 06:46:56
    96      21      4     100    0.45       10       0.946    -5.6722     -5.6722         10              3             64.733           1.7067           1.1077       29.06     23-Mar-2024 06:46:56
    96      22      4     100    0.45       10       0.944    -6.0359     -6.0359         10              6             66.178           1.7475           1.0494      52.427     23-Mar-2024 06:46:56
    96      23      4     100    0.45       10       0.946    -5.7906     -5.7906         10              6             64.913           1.6865           1.0702      14.013     23-Mar-2024 06:46:56
    96      24      4     100    0.45       10       0.952    -6.0461      -6.046         10              7             64.354           1.6427           1.0265      24.276     23-Mar-2024 06:46:56
    96      25      4     100    0.45       10       0.946    -5.9545     -5.9545         10              5             64.962           1.7309           1.0875      16.314     23-Mar-2024 06:46:56
    96      26      4     100    0.45       10       0.948    -6.0226     -6.0226         10              5             64.822           1.6658          0.95039      38.609     23-Mar-2024 06:46:56
    96      27      4     100    0.45       10       0.942    -5.9868     -5.9868         10              4             65.593           1.7397           1.2327      18.318     23-Mar-2024 06:46:56
    96      28      4     100    0.45       10        0.95    -6.0331     -6.0331         10              5             67.011           1.7031          0.98314      30.058     23-Mar-2024 06:46:56
    96      29      4     100    0.45       10        0.94    -5.9003     -5.9003         10              5             67.159           1.8038           1.0881      19.731     23-Mar-2024 06:46:56
    96      30      4     100    0.45       10       0.952    -6.0494     -6.0494         10              5             62.799           1.6223           1.0182      31.278     23-Mar-2024 06:46:56

