==========================================
SLURM_JOB_ID = 20420190
SLURM_JOB_NODELIST = b01-04
TMPDIR = /tmp/SLURM_20420190
==========================================
hello
Starting parallel pool (parpool) ...
Connected to the parallel pool (number of workers: 15).

pool = 

 ProcessPool with properties: 

            Connected: true
           NumWorkers: 15
                 Busy: false
              Cluster: Local
        AttachedFiles: {}
    AutoAddClientPath: true
            FileStore: [1x1 parallel.FileStore]
           ValueStore: [1x1 parallel.ValueStore]
          IdleTimeout: 30 minutes (30 minutes remaining)
          SpmdEnabled: true


p =

   200


Delta =

     3


s =

    10


n =

   500


ii =

    10


table_name =

    'sparse_kmeans_isee'


conn = 

  sqlite with properties:

      Database: '/home1/jongminm/sparse_kmeans/sparse_kmeans.db'
    IsReadOnly: 0
    AutoCommit: 'on'


rho =

    0.4500


M =

    0.6121

delta confirmed: 3.000000
ans =

    3.0513


rep =

    37

replication: (37)th 


thres =

    3.2552

thres=3.255247
1 th thresholding

  breakyes=3.2,  dualfeasorg deteriorated too much: primfeasorg=1.37e-06,dualfeasorg=4.43e-05
21 entries survived 

2 th thresholding

  breakyes=4.1,  primfeasorg stagnate, 0.00e+00
19 entries survived 

3 th thresholding

  breakyes=4.1,  primfeasorg stagnate, 0.00e+00
13 entries survived 

4 th thresholding

  breakyes=1.4,  maxresidual < 1.00e-06
12 entries survived 

5 th thresholding

  breakyes=3.2,  dualfeasorg deteriorated too much: primfeasorg=3.50e-06,dualfeasorg=6.07e-05
12 entries survived 

6 th thresholding

  breakyes=1.4,  maxresidual < 1.00e-06
12 entries survived 

7 th thresholding

  breakyes=3.2,  dualfeasorg deteriorated too much: primfeasorg=1.33e-06,dualfeasorg=5.44e-05
13 entries survived 

8 th thresholding

  breakyes=4.1,  primfeasorg stagnate, 0.00e+00
17 entries survived 

9 th thresholding

  breakyes=3.2,  dualfeasorg deteriorated too much: primfeasorg=9.26e-07,dualfeasorg=4.99e-05
19 entries survived 

10 th thresholding

  breakyes=3.2,  dualfeasorg deteriorated too much: primfeasorg=1.36e-06,dualfeasorg=7.31e-05
17 entries survived 

11 th thresholding

  breakyes=1.4,  maxresidual < 1.00e-06
15 entries survived 

12 th thresholding

  breakyes=3.2,  dualfeasorg deteriorated too much: primfeasorg=9.15e-06,dualfeasorg=5.02e-05
17 entries survived 

13 th thresholding

  breakyes=1.4,  maxresidual < 1.00e-06
16 entries survived 

14 th thresholding

  breakyes=4.1,  primfeasorg stagnate, 0.00e+00
14 entries survived 

15 th thresholding

  breakyes=1.4,  maxresidual < 1.00e-06
16 entries survived 

16 th thresholding

  breakyes=3.2,  dualfeasorg deteriorated too much: primfeasorg=1.14e-06,dualfeasorg=6.11e-05
14 entries survived 

17 th thresholding

  breakyes=3.2,  dualfeasorg deteriorated too much: primfeasorg=1.47e-06,dualfeasorg=3.23e-05
15 entries survived 

18 th thresholding

  breakyes=3.2,  dualfeasorg deteriorated too much: primfeasorg=1.22e-06,dualfeasorg=6.43e-05
16 entries survived 

19 th thresholding

  breakyes=3.2,  dualfeasorg deteriorated too much: primfeasorg=1.11e-06,dualfeasorg=4.40e-05
18 entries survived 

20 th thresholding

  breakyes=3.2,  dualfeasorg deteriorated too much: primfeasorg=1.06e-06,dualfeasorg=4.84e-05
19 entries survived 

21 th thresholding

  breakyes=1.4,  maxresidual < 1.00e-06
16 entries survived 

22 th thresholding

  breakyes=1.4,  maxresidual < 1.00e-06
15 entries survived 

23 th thresholding

  breakyes=2.0,  primfeasorg*dualfeasorg < 1.00e-14
14 entries survived 

24 th thresholding

  breakyes=3.2,  dualfeasorg deteriorated too much: primfeasorg=1.08e-06,dualfeasorg=5.94e-05
18 entries survived 

25 th thresholding

  breakyes=1.4,  maxresidual < 1.00e-06
12 entries survived 

26 th thresholding

  breakyes=3.2,  dualfeasorg deteriorated too much: primfeasorg=1.48e-06,dualfeasorg=1.94e-04
13 entries survived 

27 th thresholding

  breakyes=4.1,  primfeasorg stagnate, 0.00e+00
13 entries survived 

28 th thresholding

  breakyes=4.1,  primfeasorg stagnate, 0.00e+00
13 entries survived 

29 th thresholding

  breakyes=3.2,  dualfeasorg deteriorated too much: primfeasorg=1.15e-06,dualfeasorg=5.92e-05
14 entries survived 

30 th thresholding

  breakyes=3.2,  dualfeasorg deteriorated too much: primfeasorg=1.18e-06,dualfeasorg=6.24e-05
16 entries survived 

acc_vec =

    0.5840
    0.6240
    0.7980
    0.8600
    0.8660
    0.8600
    0.8620
    0.8260
    0.8480
    0.7980
    0.8460
    0.8060
    0.8660
    0.8660
    0.8320
    0.8340
    0.8400
    0.8300
    0.8640
    0.7120
    0.8040
    0.8340
    0.8780
    0.8840
    0.8740
    0.8700
    0.8720
    0.9100
    0.9120
    0.8620
    0.8380

acc =0.584000  0.624000  0.798000  0.860000  0.866000  0.860000  0.862000  0.826000  0.848000  0.798000  0.846000  0.806000  0.866000  0.866000  0.832000  0.834000  0.840000  0.830000  0.864000  0.712000  0.804000  0.834000  0.878000  0.884000  0.874000  0.870000  0.872000  0.910000  0.912000  0.862000  0.838000 

discov_true_vec =

     7
     7
    10
    10
    10
    10
    10
    10
    10
    10
    10
    10
    10
    10
    10
    10
    10
    10
    10
     8
    10
    10
    10
    10
    10
    10
    10
    10
    10
    10


discov_false_vec =

    14
    12
     3
     2
     2
     2
     3
     7
     9
     7
     5
     7
     6
     4
     6
     4
     5
     6
     8
    11
     6
     5
     4
     8
     2
     3
     3
     3
     4
     6


data =

  31x16 table

    rep    iter    sep    dim    rho     sparsity     acc     obj_prim    obj_dual    discov_true    discov_false    diff_x_tilde    diff_omega_diag    time_isee    time_SDP          jobdate       
    ___    ____    ___    ___    ____    ________    _____    ________    ________    ___________    ____________    ____________    _______________    _________    ________    ____________________

    37       0      3     200    0.45       10       0.584          0           0          0               0                 0                0               0            0     23-Mar-2024 07:43:50
    37       1      3     200    0.45       10       0.624    -4.9915     -4.9915          7              14            110.19           3.5941          5.5339       29.366     23-Mar-2024 07:43:50
    37       2      3     200    0.45       10       0.798     -4.595      -4.595          7              12            109.14           3.5009          3.7984       65.511     23-Mar-2024 07:43:50
    37       3      3     200    0.45       10        0.86     -4.442      -4.442         10               3            104.39           3.3887          3.6156       58.887     23-Mar-2024 07:43:50
    37       4      3     200    0.45       10       0.866    -4.1277     -4.1277         10               2            106.22           3.4977          3.3198       55.022     23-Mar-2024 07:43:50
    37       5      3     200    0.45       10        0.86    -4.3027     -4.3026         10               2            104.49           3.4365          3.4214       16.514     23-Mar-2024 07:43:50
    37       6      3     200    0.45       10       0.862    -4.5457     -4.5456         10               2            104.21           3.4397          3.0946       39.398     23-Mar-2024 07:43:50
    37       7      3     200    0.45       10       0.826    -4.3556     -4.3555         10               3            106.29           3.5303          3.3662       49.026     23-Mar-2024 07:43:50
    37       8      3     200    0.45       10       0.848    -4.9063     -4.9062         10               7             108.1            3.639          3.5814       61.348     23-Mar-2024 07:43:50
    37       9      3     200    0.45       10       0.798    -4.6993     -4.6992         10               9             108.1           3.6091           3.355       53.906     23-Mar-2024 07:43:50
    37      10      3     200    0.45       10       0.846    -4.1896     -4.1895         10               7            103.56           3.3073           3.225       47.934     23-Mar-2024 07:43:50
    37      11      3     200    0.45       10       0.806    -5.0567     -5.0567         10               5            103.19           3.3275          3.2447       45.513     23-Mar-2024 07:43:50
    37      12      3     200    0.45       10       0.866     -4.221      -4.221         10               7             108.7           3.5245          3.3183       38.892     23-Mar-2024 07:43:50
    37      13      3     200    0.45       10       0.866    -4.1833     -4.1832         10               6            101.22           3.1166          3.2199       55.641     23-Mar-2024 07:43:50
    37      14      3     200    0.45       10       0.832    -4.3111     -4.3111         10               4            104.74           3.3562          3.3803       55.211     23-Mar-2024 07:43:50
    37      15      3     200    0.45       10       0.834    -4.7332     -4.7332         10               6            103.45           3.2804          3.2181       70.369     23-Mar-2024 07:43:50
    37      16      3     200    0.45       10        0.84    -4.8756     -4.8755         10               4            102.69           3.2952           3.288       48.389     23-Mar-2024 07:43:50
    37      17      3     200    0.45       10        0.83    -4.6365     -4.6365         10               5            105.63           3.4043          3.3022       37.542     23-Mar-2024 07:43:50
    37      18      3     200    0.45       10       0.864    -4.2202     -4.2202         10               6            107.35           3.4732          3.3015       54.765     23-Mar-2024 07:43:50
    37      19      3     200    0.45       10       0.712    -4.9727     -4.9726         10               8            102.68           3.2552           3.229       58.623     23-Mar-2024 07:43:50
    37      20      3     200    0.45       10       0.804    -4.2823     -4.2823          8              11             109.9           3.4723          3.1992        62.26     23-Mar-2024 07:43:50
    37      21      3     200    0.45       10       0.834    -4.3912     -4.3911         10               6            110.47           3.5822           3.186        78.54     23-Mar-2024 07:43:50
    37      22      3     200    0.45       10       0.878     -3.974      -3.974         10               5            102.82           3.2671          3.2979        80.61     23-Mar-2024 07:43:50
    37      23      3     200    0.45       10       0.884    -4.5496     -4.5496         10               4            105.39           3.5252           3.257       70.351     23-Mar-2024 07:43:50
    37      24      3     200    0.45       10       0.874    -4.1164     -4.1163         10               8            104.65           3.4338          3.1908       60.221     23-Mar-2024 07:43:50
    37      25      3     200    0.45       10        0.87    -4.2531      -4.253         10               2            102.22           3.2648          3.2506       63.424     23-Mar-2024 07:43:50
    37      26      3     200    0.45       10       0.872    -4.2194     -4.2194         10               3            104.28           3.3836          3.2082       37.263     23-Mar-2024 07:43:50
    37      27      3     200    0.45       10        0.91    -3.9102     -3.9101         10               3            106.86            3.469          3.1725       58.712     23-Mar-2024 07:43:50
    37      28      3     200    0.45       10       0.912    -3.8096     -3.8096         10               3            103.96           3.3742          3.1988       53.974     23-Mar-2024 07:43:50
    37      29      3     200    0.45       10       0.862    -4.2829     -4.2829         10               4            107.71           3.5935          3.3633       55.968     23-Mar-2024 07:43:50
    37      30      3     200    0.45       10       0.838    -4.4499     -4.4499         10               6            106.17           3.4023          3.1305       47.744     23-Mar-2024 07:43:50


rep =

    38

replication: (38)th 


thres =

    3.2552

thres=3.255247
1 th thresholding

  breakyes=3.2,  dualfeasorg deteriorated too much: primfeasorg=1.30e-06,dualfeasorg=3.26e-05
14 entries survived 

2 th thresholding

  breakyes=1.3,  maxresidual < 1.00e-06
13 entries survived 

3 th thresholding

  breakyes=3.2,  dualfeasorg deteriorated too much: primfeasorg=8.50e-07,dualfeasorg=4.94e-05
11 entries survived 

4 th thresholding

  breakyes=3.2,  dualfeasorg deteriorated too much: primfeasorg=8.49e-07,dualfeasorg=4.55e-05
13 entries survived 

5 th thresholding

  breakyes=1.4,  maxresidual < 1.00e-06
10 entries survived 

6 th thresholding

  breakyes=3.2,  dualfeasorg deteriorated too much: primfeasorg=9.58e-07,dualfeasorg=5.00e-05
13 entries survived 

7 th thresholding

  breakyes=3.2,  dualfeasorg deteriorated too much: primfeasorg=5.57e-06,dualfeasorg=5.88e-05
11 entries survived 

8 th thresholding

  breakyes=4.1,  primfeasorg stagnate, 0.00e+00
12 entries survived 

9 th thresholding

  breakyes=3.2,  dualfeasorg deteriorated too much: primfeasorg=9.61e-07,dualfeasorg=3.62e-05
13 entries survived 

10 th thresholding

  breakyes=1.4,  maxresidual < 1.00e-06
10 entries survived 

11 th thresholding

  breakyes=4.1,  primfeasorg stagnate, 0.00e+00
7 entries survived 

12 th thresholding

  breakyes=3.2,  dualfeasorg deteriorated too much: primfeasorg=2.82e-06,dualfeasorg=1.61e-04
7 entries survived 

13 th thresholding

  breakyes=3.2,  dualfeasorg deteriorated too much: primfeasorg=1.16e-06,dualfeasorg=4.86e-05
8 entries survived 

14 th thresholding

  breakyes=3.2,  dualfeasorg deteriorated too much: primfeasorg=1.01e-06,dualfeasorg=5.22e-05
11 entries survived 

15 th thresholding


  breakyes=1.4,  maxresidual < 1.00e-06
8 entries survived 

16 th thresholding

  breakyes=4.1,  primfeasorg stagnate, 0.00e+00
4 entries survived 

17 th thresholding

  breakyes=4.1,  primfeasorg stagnate, 0.00e+00
6 entries survived 

18 th thresholding

  breakyes=3.2,  dualfeasorg deteriorated too much: primfeasorg=3.44e-06,dualfeasorg=7.64e-05
11 entries survived 

19 th thresholding

  breakyes=1.0,  maxresidual < 1.00e-06
13 entries survived 

20 th thresholding

  breakyes=1.4,  maxresidual < 1.00e-06
14 entries survived 

21 th thresholding

  breakyes = 1.0,  maxresidual < 1.00e-04  breakyes=1.0,  maxresidual < 1.00e-06
13 entries survived 

22 th thresholding

  breakyes=1.4,  maxresidual < 1.00e-06
12 entries survived 

23 th thresholding

  breakyes=3.2,  dualfeasorg deteriorated too much: primfeasorg=1.79e-06,dualfeasorg=4.68e-05
12 entries survived 

24 th thresholding

  breakyes=1.4,  maxresidual < 1.00e-06
12 entries survived 

25 th thresholding

  breakyes=1.0,  maxresidual < 1.00e-06
12 entries survived 

26 th thresholding

  breakyes=1.4,  maxresidual < 1.00e-06
12 entries survived 

27 th thresholding

  breakyes=1.3,  maxresidual < 1.00e-06
13 entries survived 

28 th thresholding

  breakyes=1.4,  maxresidual < 1.00e-06
15 entries survived 

29 th thresholding

  breakyes=4.1,  primfeasorg stagnate, 0.00e+00
12 entries survived 

30 th thresholding

  breakyes=1.4,  maxresidual < 1.00e-06
14 entries survived 

acc_vec =

    0.5000
    0.5060
    0.5140
    0.5040
    0.5160
    0.5120
    0.5280
    0.5140
    0.5000
    0.5040
    0.5040
    0.5100
    0.5100
    0.5400
    0.5220
    0.5960
    0.6520
    0.7040
    0.8380
    0.8620
    0.8820
    0.9100
    0.9000
    0.9120
    0.8980
    0.9000
    0.9080
    0.9040
    0.9100
    0.8980
    0.9100

acc =0.500000  0.506000  0.514000  0.504000  0.516000  0.512000  0.528000  0.514000  0.500000  0.504000  0.504000  0.510000  0.510000  0.540000  0.522000  0.596000  0.652000  0.704000  0.838000  0.862000  0.882000  0.910000  0.900000  0.912000  0.898000  0.900000  0.908000  0.904000  0.910000  0.898000  0.910000 

discov_true_vec =

     1
     0
     0
     0
     0
     1
     0
     0
     0
     0
     0
     0
     0
     1
     1
     3
     5
     7
    10
    10
    10
    10
    10
    10
    10
    10
    10
    10
    10
    10


discov_false_vec =

    13
    13
    11
    13
    10
    12
    11
    12
    13
    10
     7
     7
     8
    10
     7
     1
     1
     4
     3
     4
     3
     2
     2
     2
     2
     2
     3
     5
     2
     4


data =

  31x16 table

    rep    iter    sep    dim    rho     sparsity     acc     obj_prim    obj_dual    discov_true    discov_false    diff_x_tilde    diff_omega_diag    time_isee    time_SDP          jobdate       
    ___    ____    ___    ___    ____    ________    _____    ________    ________    ___________    ____________    ____________    _______________    _________    ________    ____________________

    38       0      3     200    0.45       10         0.5          0           0          0               0                 0                0               0            0     23-Mar-2024 08:05:34
    38       1      3     200    0.45       10       0.506     -4.313      -4.313          1              13            110.13           3.3345          3.3284       23.429     23-Mar-2024 08:05:34
    38       2      3     200    0.45       10       0.514     -2.984      -2.984          0              13            110.59           3.5388          3.0417        57.02     23-Mar-2024 08:05:34
    38       3      3     200    0.45       10       0.504     -4.144      -4.144          0              11            109.65           3.3826          3.1353       61.994     23-Mar-2024 08:05:34
    38       4      3     200    0.45       10       0.516    -3.7549     -3.7549          0              13            110.81           3.4541          3.1491       53.298     23-Mar-2024 08:05:34
    38       5      3     200    0.45       10       0.512    -3.1216     -3.1216          0              10             110.4           3.4804           3.132       89.636     23-Mar-2024 08:05:34
    38       6      3     200    0.45       10       0.528    -3.5742     -3.5742          1              12            107.79            3.342          3.3086       44.567     23-Mar-2024 08:05:34
    38       7      3     200    0.45       10       0.514     -3.254      -3.254          0              11             106.6           3.2617          3.4743       25.446     23-Mar-2024 08:05:34
    38       8      3     200    0.45       10         0.5    -2.8323     -2.8323          0              12             104.8           3.2272          3.6226       53.666     23-Mar-2024 08:05:34
    38       9      3     200    0.45       10       0.504    -3.5983     -3.5983          0              13            111.17           3.5082          3.1842       43.746     23-Mar-2024 08:05:34
    38      10      3     200    0.45       10       0.504    -3.3744     -3.3744          0              10            110.75           3.5075            3.36       48.446     23-Mar-2024 08:05:34
    38      11      3     200    0.45       10        0.51    -3.0666     -3.0666          0               7            110.83           3.3873           3.184       54.793     23-Mar-2024 08:05:34
    38      12      3     200    0.45       10        0.51    -2.7358     -2.7358          0               7            112.69            3.576          3.2673       24.829     23-Mar-2024 08:05:34
    38      13      3     200    0.45       10        0.54    -3.4856     -3.4856          0               8            107.97           3.2013          3.3152       41.334     23-Mar-2024 08:05:34
    38      14      3     200    0.45       10       0.522    -3.5994     -3.5994          1              10            108.05           3.3301          3.0812       55.652     23-Mar-2024 08:05:34
    38      15      3     200    0.45       10       0.596    -3.2301     -3.2301          1               7            113.46           3.5501          3.3022       46.317     23-Mar-2024 08:05:34
    38      16      3     200    0.45       10       0.652     -3.046      -3.046          3               1             107.8           3.3105          3.6551       60.912     23-Mar-2024 08:05:34
    38      17      3     200    0.45       10       0.704    -2.8937     -2.8937          5               1            111.66           3.4972          3.8201       61.019     23-Mar-2024 08:05:34
    38      18      3     200    0.45       10       0.838    -4.9232     -4.9231          7               4             108.3           3.4407          3.1382       18.892     23-Mar-2024 08:05:34
    38      19      3     200    0.45       10       0.862    -6.9163     -6.9163         10               3            109.36           3.5344          2.9867       16.729     23-Mar-2024 08:05:34
    38      20      3     200    0.45       10       0.882    -5.1415     -5.1415         10               4             105.8            3.335          3.0801       22.991     23-Mar-2024 08:05:34
    38      21      3     200    0.45       10        0.91    -4.7652     -4.7652         10               3            104.53           3.2504          3.2977       14.792     23-Mar-2024 08:05:34
    38      22      3     200    0.45       10         0.9    -4.9164     -4.9164         10               2            105.58           3.4502           3.089       27.586     23-Mar-2024 08:05:34
    38      23      3     200    0.45       10       0.912    -4.6092     -4.6092         10               2            104.07           3.3002          3.1201       19.952     23-Mar-2024 08:05:34
    38      24      3     200    0.45       10       0.898    -4.6498     -4.6498         10               2            102.61           3.1542          3.1108       18.874     23-Mar-2024 08:05:34
    38      25      3     200    0.45       10         0.9    -4.4875     -4.4875         10               2            102.62           3.2013          2.9384       13.849     23-Mar-2024 08:05:34
    38      26      3     200    0.45       10       0.908    -4.4586     -4.4586         10               2            105.38           3.4547          3.0637        25.92     23-Mar-2024 08:05:34
    38      27      3     200    0.45       10       0.904    -5.1303     -5.1303         10               3            107.45           3.4865          3.3834       62.711     23-Mar-2024 08:05:34
    38      28      3     200    0.45       10        0.91    -4.7855     -4.7855         10               5            105.59           3.4057          3.1509       41.151     23-Mar-2024 08:05:34
    38      29      3     200    0.45       10       0.898    -4.5435     -4.5434         10               2            106.49           3.4576           3.006       55.345     23-Mar-2024 08:05:34
    38      30      3     200    0.45       10        0.91    -4.1918     -4.1918         10               4            103.58           3.3491          3.4544       21.199     23-Mar-2024 08:05:34


rep =

    39

replication: (39)th 


thres =

    3.2552

thres=3.255247
1 th thresholding

  breakyes=1.4,  maxresidual < 1.00e-06
15 entries survived 

2 th thresholding

  breakyes=1.4,  maxresidual < 1.00e-06
15 entries survived 

3 th thresholding

  breakyes=3.2,  dualfeasorg deteriorated too much: primfeasorg=1.12e-06,dualfeasorg=5.96e-05
17 entries survived 

4 th thresholding

  breakyes=4.1,  primfeasorg stagnate, 0.00e+00
13 entries survived 

5 th thresholding

  breakyes=3.2,  dualfeasorg deteriorated too much: primfeasorg=9.47e-07,dualfeasorg=4.52e-05
10 entries survived 

6 th thresholding

  breakyes=4.1,  primfeasorg stagnate, 0.00e+00
12 entries survived 

7 th thresholding

  breakyes=3.2,  dualfeasorg deteriorated too much: primfeasorg=8.12e-07,dualfeasorg=2.79e-05
11 entries survived 

8 th thresholding

  breakyes=1.4,  maxresidual < 1.00e-06
11 entries survived 

9 th thresholding

  breakyes=3.2,  dualfeasorg deteriorated too much: primfeasorg=8.01e-07,dualfeasorg=3.65e-05
11 entries survived 

10 th thresholding

  breakyes=3.2,  dualfeasorg deteriorated too much: primfeasorg=9.01e-07,dualfeasorg=4.57e-05
11 entries survived 

11 th thresholding

  breakyes=3.2,  dualfeasorg deteriorated too much: primfeasorg=1.22e-06,dualfeasorg=4.33e-05
12 entries survived 

12 th thresholding

  breakyes=4.1,  primfeasorg stagnate, 0.00e+00
13 entries survived 

13 th thresholding

  breakyes=4.1,  primfeasorg stagnate, 0.00e+00
12 entries survived 

14 th thresholding

  breakyes=3.2,  dualfeasorg deteriorated too much: primfeasorg=1.03e-06,dualfeasorg=4.85e-05
12 entries survived 

15 th thresholding

  breakyes=4.1,  primfeasorg stagnate, 0.00e+00
13 entries survived 

16 th thresholding

  breakyes=3.2,  dualfeasorg deteriorated too much: primfeasorg=2.52e-06,dualfeasorg=7.49e-05
13 entries survived 

17 th thresholding

  breakyes=3.2,  dualfeasorg deteriorated too much: primfeasorg=5.64e-06,dualfeasorg=5.59e-05
13 entries survived 

18 th thresholding

  breakyes=4.1,  primfeasorg stagnate, 0.00e+00
12 entries survived 

19 th thresholding

  breakyes=4.1,  primfeasorg stagnate, 0.00e+00
12 entries survived 

20 th thresholding

  breakyes=4.1,  primfeasorg stagnate, 0.00e+00
13 entries survived 

21 th thresholding

  breakyes=3.2,  dualfeasorg deteriorated too much: primfeasorg=1.06e-06,dualfeasorg=3.35e-05
13 entries survived 

22 th thresholding

  breakyes=3.2,  dualfeasorg deteriorated too much: primfeasorg=1.09e-06,dualfeasorg=6.15e-05
12 entries survived 

23 th thresholding

  breakyes=1.4,  maxresidual < 1.00e-06
12 entries survived 

24 th thresholding

  breakyes=3.2,  dualfeasorg deteriorated too much: primfeasorg=2.70e-06,dualfeasorg=1.67e-04
12 entries survived 

25 th thresholding

  breakyes=4.1,  primfeasorg stagnate, 0.00e+00
13 entries survived 

26 th thresholding

  breakyes=4.1,  primfeasorg stagnate, 0.00e+00
12 entries survived 

27 th thresholding

  breakyes=4.1,  primfeasorg stagnate, 0.00e+00
13 entries survived 

28 th thresholding

  breakyes=1.4,  maxresidual < 1.00e-06
14 entries survived 

29 th thresholding

  breakyes=1.4,  maxresidual < 1.00e-06
13 entries survived 

30 th thresholding

  breakyes=4.1,  primfeasorg stagnate, 0.00e+00
14 entries survived 

acc_vec =

    0.5840
    0.6800
    0.6880
    0.7800
    0.8800
    0.8860
    0.8920
    0.8900
    0.8820
    0.8920
    0.8840
    0.8640
    0.8760
    0.8860
    0.8880
    0.8820
    0.8800
    0.8900
    0.9100
    0.9000
    0.9160
    0.9080
    0.9080
    0.9120
    0.9160
    0.9140
    0.9200
    0.9160
    0.9060
    0.9100
    0.9040

acc =0.584000  0.680000  0.688000  0.780000  0.880000  0.886000  0.892000  0.890000  0.882000  0.892000  0.884000  0.864000  0.876000  0.886000  0.888000  0.882000  0.880000  0.890000  0.910000  0.900000  0.916000  0.908000  0.908000  0.912000  0.916000  0.914000  0.920000  0.916000  0.906000  0.910000  0.904000 

discov_true_vec =

     4
     6
     9
    10
    10
    10
    10
    10
    10
    10
    10
    10
    10
    10
    10
    10
    10
    10
    10
    10
    10
    10
    10
    10
    10
    10
    10
    10
    10
    10


discov_false_vec =

    11
     9
     8
     3
     0
     2
     1
     1
     1
     1
     2
     3
     2
     2
     3
     3
     3
     2
     2
     3
     3
     2
     2
     2
     3
     2
     3
     4
     3
     4


data =

  31x16 table

    rep    iter    sep    dim    rho     sparsity     acc     obj_prim    obj_dual    discov_true    discov_false    diff_x_tilde    diff_omega_diag    time_isee    time_SDP          jobdate       
    ___    ____    ___    ___    ____    ________    _____    ________    ________    ___________    ____________    ____________    _______________    _________    ________    ____________________

    39       0      3     200    0.45       10       0.584          0           0          0               0                 0                0               0            0     23-Mar-2024 08:36:30
    39       1      3     200    0.45       10        0.68    -4.5298     -4.5298          4              11            103.41           3.0529          3.3587       41.809     23-Mar-2024 08:36:30
    39       2      3     200    0.45       10       0.688    -4.3023     -4.3023          6               9            102.91           3.1376           3.163       63.722     23-Mar-2024 08:36:30
    39       3      3     200    0.45       10        0.78    -4.5379     -4.5379          9               8             103.1           3.1232          3.2599       59.252     23-Mar-2024 08:36:30
    39       4      3     200    0.45       10        0.88    -4.1975     -4.1975         10               3            102.73            3.187          3.3878       60.943     23-Mar-2024 08:36:30
    39       5      3     200    0.45       10       0.886    -3.6037     -3.6036         10               0            101.65           3.2689          3.2005       56.275     23-Mar-2024 08:36:30
    39       6      3     200    0.45       10       0.892     -3.911      -3.911         10               2            105.11           3.4448          3.1653       62.498     23-Mar-2024 08:36:30
    39       7      3     200    0.45       10        0.89    -3.6199     -3.6199         10               1            100.26           3.2163          3.2495       45.493     23-Mar-2024 08:36:30
    39       8      3     200    0.45       10       0.882    -3.6324     -3.6324         10               1            101.89           3.2491          3.1757        68.29     23-Mar-2024 08:36:30
    39       9      3     200    0.45       10       0.892    -3.7362     -3.7362         10               1            99.535           3.1077          3.1941       52.042     23-Mar-2024 08:36:30
    39      10      3     200    0.45       10       0.884    -3.7685     -3.7685         10               1            101.66           3.1427          3.3013       53.891     23-Mar-2024 08:36:30
    39      11      3     200    0.45       10       0.864    -4.3096     -4.3096         10               2            102.59           3.2328          3.6559       41.168     23-Mar-2024 08:36:30
    39      12      3     200    0.45       10       0.876    -4.1107     -4.1107         10               3             103.8           3.2023          3.2873       69.481     23-Mar-2024 08:36:30
    39      13      3     200    0.45       10       0.886    -3.9886     -3.9886         10               2            105.98           3.4493          3.1963       59.851     23-Mar-2024 08:36:30
    39      14      3     200    0.45       10       0.888    -4.0308     -4.0307         10               2            104.04           3.3066          3.2047       55.362     23-Mar-2024 08:36:30
    39      15      3     200    0.45       10       0.882    -4.8261     -4.8261         10               3             105.3           3.4051          3.2879        55.17     23-Mar-2024 08:36:30
    39      16      3     200    0.45       10        0.88    -4.3858     -4.3857         10               3            104.43            3.313          3.1436       30.057     23-Mar-2024 08:36:30
    39      17      3     200    0.45       10        0.89    -4.1252     -4.1252         10               3            104.76           3.3582          3.4691       49.764     23-Mar-2024 08:36:30
    39      18      3     200    0.45       10        0.91    -3.8898     -3.8898         10               2            101.62           3.2763          3.2502       61.379     23-Mar-2024 08:36:30
    39      19      3     200    0.45       10         0.9     -4.167     -4.1669         10               2            103.61           3.4071          3.2487       69.823     23-Mar-2024 08:36:30
    39      20      3     200    0.45       10       0.916    -4.2984     -4.2984         10               3            108.29           3.5213          3.2137       71.434     23-Mar-2024 08:36:30
    39      21      3     200    0.45       10       0.908    -4.0907     -4.0907         10               3            105.31           3.3846          3.2008       53.133     23-Mar-2024 08:36:30
    39      22      3     200    0.45       10       0.908    -4.2479     -4.2479         10               2            107.82           3.5453          3.1801       61.666     23-Mar-2024 08:36:30
    39      23      3     200    0.45       10       0.912    -3.7647     -3.7647         10               2            104.17           3.3025          3.2065       82.057     23-Mar-2024 08:36:30
    39      24      3     200    0.45       10       0.916    -3.7367     -3.7367         10               2            106.94           3.5521          3.2389       29.771     23-Mar-2024 08:36:30
    39      25      3     200    0.45       10       0.914    -3.8672     -3.8671         10               3            103.49           3.2862          3.3855       64.583     23-Mar-2024 08:36:30
    39      26      3     200    0.45       10        0.92    -4.0767     -4.0767         10               2            103.83           3.2778          3.3816       84.932     23-Mar-2024 08:36:30
    39      27      3     200    0.45       10       0.916    -4.0819     -4.0819         10               3            107.18           3.4917          3.1632       69.594     23-Mar-2024 08:36:30
    39      28      3     200    0.45       10       0.906    -4.1052     -4.1052         10               4            103.24           3.3219          3.2048       81.663     23-Mar-2024 08:36:30
    39      29      3     200    0.45       10        0.91    -4.0075     -4.0075         10               3            107.72           3.4505          3.2204       40.312     23-Mar-2024 08:36:30
    39      30      3     200    0.45       10       0.904    -3.6719     -3.6718         10               4            101.89            3.179          3.1275       62.574     23-Mar-2024 08:36:30


rep =

    40

replication: (40)th 


thres =

    3.2552

thres=3.255247
1 th thresholding

  breakyes=3.2,  dualfeasorg deteriorated too much: primfeasorg=2.17e-06,dualfeasorg=4.67e-05
14 entries survived 

2 th thresholding

  breakyes=4.1,  primfeasorg stagnate, 0.00e+00
21 entries survived 

3 th thresholding

  breakyes=3.2,  dualfeasorg deteriorated too much: primfeasorg=2.61e-06,dualfeasorg=6.60e-05
13 entries survived 

4 th thresholding

  breakyes=3.2,  dualfeasorg deteriorated too much: primfeasorg=3.44e-06,dualfeasorg=3.83e-05
13 entries survived 

5 th thresholding

  breakyes=3.2,  dualfeasorg deteriorated too much: primfeasorg=9.14e-07,dualfeasorg=3.20e-05
15 entries survived 

6 th thresholding

  breakyes=3.2,  dualfeasorg deteriorated too much: primfeasorg=8.54e-07,dualfeasorg=4.02e-05
15 entries survived 

7 th thresholding

  breakyes=4.1,  primfeasorg stagnate, 0.00e+00
19 entries survived 

8 th thresholding

  breakyes=3.2,  dualfeasorg deteriorated too much: primfeasorg=3.52e-06,dualfeasorg=5.91e-05
16 entries survived 

9 th thresholding

  breakyes=4.1,  primfeasorg stagnate, 0.00e+00
16 entries survived 

10 th thresholding

  breakyes=3.2,  dualfeasorg deteriorated too much: primfeasorg=1.74e-06,dualfeasorg=6.63e-05
18 entries survived 

11 th thresholding

  breakyes=4.1,  primfeasorg stagnate, 0.00e+00
17 entries survived 

12 th thresholding

  breakyes=3.2,  dualfeasorg deteriorated too much: primfeasorg=1.06e-06,dualfeasorg=5.61e-05
13 entries survived 

13 th thresholding

  breakyes=3.2,  dualfeasorg deteriorated too much: primfeasorg=3.17e-06,dualfeasorg=3.84e-05
15 entries survived 

14 th thresholding

  breakyes=4.1,  primfeasorg stagnate, 0.00e+00
18 entries survived 

15 th thresholding

  breakyes=4.1,  primfeasorg stagnate, 0.00e+00
17 entries survived 

16 th thresholding

  breakyes=4.1,  primfeasorg stagnate, 0.00e+00
18 entries survived 

17 th thresholding

  breakyes=1.4,  maxresidual < 1.00e-06
15 entries survived 

18 th thresholding

  breakyes=1.4,  maxresidual < 1.00e-06
16 entries survived 

19 th thresholding

  breakyes=1.4,  maxresidual < 1.00e-06
17 entries survived 

20 th thresholding

  breakyes=3.2,  dualfeasorg deteriorated too much: primfeasorg=1.14e-06,dualfeasorg=2.81e-05
15 entries survived 

21 th thresholding

  breakyes=1.4,  maxresidual < 1.00e-06
18 entries survived 

22 th thresholding

  breakyes=1.3,  maxresidual < 1.00e-06
15 entries survived 

23 th thresholding

  breakyes=1.4,  maxresidual < 1.00e-06
20 entries survived 

24 th thresholding

  breakyes=1.4,  maxresidual < 1.00e-06
18 entries survived 

25 th thresholding

  breakyes=3.2,  dualfeasorg deteriorated too much: primfeasorg=1.06e-06,dualfeasorg=4.94e-05
16 entries survived 

26 th thresholding

  breakyes=3.2,  dualfeasorg deteriorated too much: primfeasorg=1.08e-06,dualfeasorg=6.33e-05
18 entries survived 

27 th thresholding

  breakyes = 1.0,  maxresidual < 1.00e-04  breakyes=4.1,  primfeasorg stagnate, 6.81e-05
18 entries survived 

28 th thresholding

  breakyes=4.1,  primfeasorg stagnate, 0.00e+00
18 entries survived 

29 th thresholding

  breakyes=4.1,  primfeasorg stagnate, 0.00e+00
18 entries survived 

30 th thresholding

  breakyes=4.1,  primfeasorg stagnate, 0.00e+00
19 entries survived 

acc_vec =

    0.5240
    0.6840
    0.8700
    0.8960
    0.8740
    0.8720
    0.8460
    0.8640
    0.8620
    0.8680
    0.8560
    0.8660
    0.8700
    0.8320
    0.8340
    0.8300
    0.8380
    0.8300
    0.8320
    0.8240
    0.8220
    0.8180
    0.8100
    0.8420
    0.8280
    0.8320
    0.8440
    0.8420
    0.8400
    0.8440
    0.8320

acc =0.524000  0.684000  0.870000  0.896000  0.874000  0.872000  0.846000  0.864000  0.862000  0.868000  0.856000  0.866000  0.870000  0.832000  0.834000  0.830000  0.838000  0.830000  0.832000  0.824000  0.822000  0.818000  0.810000  0.842000  0.828000  0.832000  0.844000  0.842000  0.840000  0.844000  0.832000 

discov_true_vec =

     4
     9
    10
    10
    10
    10
    10
    10
    10
    10
    10
    10
    10
    10
    10
    10
    10
    10
    10
    10
    10
    10
    10
    10
    10
    10
    10
    10
    10
    10


discov_false_vec =

    10
    12
     3
     3
     5
     5
     9
     6
     6
     8
     7
     3
     5
     8
     7
     8
     5
     6
     7
     5
     8
     5
    10
     8
     6
     8
     8
     8
     8
     9


data =

  31x16 table

    rep    iter    sep    dim    rho     sparsity     acc     obj_prim    obj_dual    discov_true    discov_false    diff_x_tilde    diff_omega_diag    time_isee    time_SDP          jobdate       
    ___    ____    ___    ___    ____    ________    _____    ________    ________    ___________    ____________    ____________    _______________    _________    ________    ____________________

    40       0      3     200    0.45       10       0.524          0           0          0               0                 0                0               0            0     23-Mar-2024 09:10:10
    40       1      3     200    0.45       10       0.684    -4.4311     -4.4311          4              10             110.3           3.4137          3.2373       68.951     23-Mar-2024 09:10:10
    40       2      3     200    0.45       10        0.87    -4.9117     -4.9116          9              12            107.36           3.5359          3.5268       65.853     23-Mar-2024 09:10:10
    40       3      3     200    0.45       10       0.896    -4.5066     -4.5066         10               3            107.33            3.643          3.1959       80.576     23-Mar-2024 09:10:10
    40       4      3     200    0.45       10       0.874    -4.5031     -4.5031         10               3            103.24           3.4008          3.2465       78.435     23-Mar-2024 09:10:10
    40       5      3     200    0.45       10       0.872    -5.3043     -5.3043         10               5            105.17           3.4616          3.4546       62.742     23-Mar-2024 09:10:10
    40       6      3     200    0.45       10       0.846    -4.7171     -4.7171         10               5            102.15           3.2671          3.2502       64.758     23-Mar-2024 09:10:10
    40       7      3     200    0.45       10       0.864    -4.9553     -4.9553         10               9            107.85           3.5542          3.1635       59.906     23-Mar-2024 09:10:10
    40       8      3     200    0.45       10       0.862    -4.6185     -4.6184         10               6            103.27            3.357          3.1745       51.652     23-Mar-2024 09:10:10
    40       9      3     200    0.45       10       0.868    -4.4775     -4.4774         10               6            105.59            3.468          3.1531       61.865     23-Mar-2024 09:10:10
    40      10      3     200    0.45       10       0.856    -4.6733     -4.6732         10               8            104.43           3.3662          3.1535       39.831     23-Mar-2024 09:10:10
    40      11      3     200    0.45       10       0.866    -4.7875     -4.7874         10               7            103.71           3.3918             3.1       64.094     23-Mar-2024 09:10:10
    40      12      3     200    0.45       10        0.87    -4.3388     -4.3388         10               3            103.45           3.3085          3.1977       63.915     23-Mar-2024 09:10:10
    40      13      3     200    0.45       10       0.832    -4.4305     -4.4304         10               5            105.19           3.5209          3.1682       81.819     23-Mar-2024 09:10:10
    40      14      3     200    0.45       10       0.834    -5.3312     -5.3311         10               8            105.54           3.4593          3.1629       57.042     23-Mar-2024 09:10:10
    40      15      3     200    0.45       10        0.83    -4.8635     -4.8634         10               7            105.16           3.4273          3.1897       64.038     23-Mar-2024 09:10:10
    40      16      3     200    0.45       10       0.838    -4.7341     -4.7341         10               8            109.46            3.689          3.1224       65.791     23-Mar-2024 09:10:10
    40      17      3     200    0.45       10        0.83    -4.8429     -4.8429         10               5            109.11           3.6191          3.2178       95.975     23-Mar-2024 09:10:10
    40      18      3     200    0.45       10       0.832    -5.3845     -5.3845         10               6            110.71           3.7151          3.2186       65.541     23-Mar-2024 09:10:10
    40      19      3     200    0.45       10       0.824    -5.2122     -5.2122         10               7             108.5           3.6058          3.1947       44.901     23-Mar-2024 09:10:10
    40      20      3     200    0.45       10       0.822    -5.6713     -5.6712         10               5            108.92           3.6061          2.9495       57.157     23-Mar-2024 09:10:10
    40      21      3     200    0.45       10       0.818    -5.3571      -5.357         10               8            107.75           3.6504          3.3061       42.161     23-Mar-2024 09:10:10
    40      22      3     200    0.45       10        0.81    -5.3181     -5.3181         10               5            105.18           3.3907          2.9828       68.264     23-Mar-2024 09:10:10
    40      23      3     200    0.45       10       0.842    -5.8672     -5.8672         10              10            110.47           3.6514          3.2251       60.049     23-Mar-2024 09:10:10
    40      24      3     200    0.45       10       0.828    -5.1179     -5.1179         10               8             106.5           3.4958          3.1722       54.407     23-Mar-2024 09:10:10
    40      25      3     200    0.45       10       0.832    -5.2724     -5.2724         10               6            105.63           3.4539          3.1178       51.086     23-Mar-2024 09:10:10
    40      26      3     200    0.45       10       0.844    -5.5558     -5.5557         10               8             104.8           3.3874          2.9508       54.901     23-Mar-2024 09:10:10
    40      27      3     200    0.45       10       0.842    -4.9441      -4.944         10               8             103.3           3.2705          3.0921       88.824     23-Mar-2024 09:10:10
    40      28      3     200    0.45       10        0.84    -5.0748     -5.0748         10               8            103.08            3.221          3.0965        69.37     23-Mar-2024 09:10:10
    40      29      3     200    0.45       10       0.844    -5.1207     -5.1206         10               8            104.71           3.4253          3.0807       80.445     23-Mar-2024 09:10:10
    40      30      3     200    0.45       10       0.832    -5.3023     -5.3023         10               9            103.99           3.3863          4.1005       59.259     23-Mar-2024 09:10:10

