==========================================
SLURM_JOB_ID = 20419580
SLURM_JOB_NODELIST = a03-09
TMPDIR = /tmp/SLURM_20419580
==========================================
hello
Starting parallel pool (parpool) ...
Connected to the parallel pool (number of workers: 15).

pool = 

 ProcessPool with properties: 

            Connected: true
           NumWorkers: 15
                 Busy: false
              Cluster: Local
        AttachedFiles: {}
    AutoAddClientPath: true
            FileStore: [1x1 parallel.FileStore]
           ValueStore: [1x1 parallel.ValueStore]
          IdleTimeout: 30 minutes (30 minutes remaining)
          SpmdEnabled: true


p =

   200


Delta =

     5


s =

    10


n =

   500


ii =

     4


table_name =

    'sparse_kmeans_isee'


conn = 

  sqlite with properties:

      Database: '/home1/jongminm/sparse_kmeans/sparse_kmeans.db'
    IsReadOnly: 0
    AutoCommit: 'on'


rho =

    0.4500


M =

    1.0202

delta confirmed: 5.000000
ans =

    5.0854


rep =

    13

replication: (13)th 


thres =

    3.2552

thres=3.255247
1 th thresholding

  breakyes=3.2,  dualfeasorg deteriorated too much: primfeasorg=6.36e-07,dualfeasorg=4.85e-05
17 entries survived 

2 th thresholding

  breakyes=1.4,  maxresidual < 1.00e-06
18 entries survived 

3 th thresholding

  breakyes=1.0,  maxresidual < 1.00e-06
13 entries survived 

4 th thresholding

  breakyes=1.0,  maxresidual < 1.00e-06
13 entries survived 

5 th thresholding

  breakyes=1.0,  maxresidual < 1.00e-06
13 entries survived 

6 th thresholding

  breakyes=1.0,  maxresidual < 1.00e-06
14 entries survived 

7 th thresholding

  breakyes=1.0,  maxresidual < 1.00e-06
13 entries survived 

8 th thresholding

  breakyes=1.0,  maxresidual < 1.00e-06
14 entries survived 

9 th thresholding

  breakyes=1.0,  maxresidual < 1.00e-06
13 entries survived 

10 th thresholding

  breakyes=1.0,  maxresidual < 1.00e-06
14 entries survived 

11 th thresholding

  breakyes=1.0,  maxresidual < 1.00e-06
13 entries survived 

12 th thresholding

  breakyes=1.0,  maxresidual < 1.00e-06
14 entries survived 

13 th thresholding

  breakyes=1.0,  maxresidual < 1.00e-06
13 entries survived 

14 th thresholding

  breakyes=1.0,  maxresidual < 1.00e-06
14 entries survived 

15 th thresholding

  breakyes=1.0,  maxresidual < 1.00e-06
13 entries survived 

16 th thresholding

  breakyes=1.0,  maxresidual < 1.00e-06
14 entries survived 

17 th thresholding

  breakyes=1.0,  maxresidual < 1.00e-06
13 entries survived 

18 th thresholding

  breakyes=1.0,  maxresidual < 1.00e-06
14 entries survived 

19 th thresholding

  breakyes=1.0,  maxresidual < 1.00e-06
13 entries survived 

20 th thresholding

  breakyes=1.0,  maxresidual < 1.00e-06
14 entries survived 

21 th thresholding

  breakyes=1.0,  maxresidual < 1.00e-06
13 entries survived 

22 th thresholding

  breakyes=1.0,  maxresidual < 1.00e-06
14 entries survived 

23 th thresholding

  breakyes=1.0,  maxresidual < 1.00e-06
13 entries survived 

24 th thresholding

  breakyes=1.0,  maxresidual < 1.00e-06
14 entries survived 

25 th thresholding

  breakyes=1.0,  maxresidual < 1.00e-06
13 entries survived 

26 th thresholding

  breakyes=1.0,  maxresidual < 1.00e-06
14 entries survived 

27 th thresholding

  breakyes=1.0,  maxresidual < 1.00e-06
13 entries survived 

28 th thresholding

  breakyes=1.0,  maxresidual < 1.00e-06
14 entries survived 

29 th thresholding

  breakyes=1.0,  maxresidual < 1.00e-06
13 entries survived 

30 th thresholding

  breakyes=1.0,  maxresidual < 1.00e-06
14 entries survived 

acc_vec =

    0.7160
    0.8660
    0.9500
    0.9760
    0.9780
    0.9800
    0.9800
    0.9800
    0.9800
    0.9800
    0.9800
    0.9800
    0.9800
    0.9800
    0.9800
    0.9800
    0.9800
    0.9800
    0.9800
    0.9800
    0.9800
    0.9800
    0.9800
    0.9800
    0.9800
    0.9800
    0.9800
    0.9800
    0.9800
    0.9800
    0.9800

acc =0.716000  0.866000  0.950000  0.976000  0.978000  0.980000  0.980000  0.980000  0.980000  0.980000  0.980000  0.980000  0.980000  0.980000  0.980000  0.980000  0.980000  0.980000  0.980000  0.980000  0.980000  0.980000  0.980000  0.980000  0.980000  0.980000  0.980000  0.980000  0.980000  0.980000  0.980000 

discov_true_vec =

     7
    10
    10
    10
    10
    10
    10
    10
    10
    10
    10
    10
    10
    10
    10
    10
    10
    10
    10
    10
    10
    10
    10
    10
    10
    10
    10
    10
    10
    10


discov_false_vec =

    10
     8
     3
     3
     3
     4
     3
     4
     3
     4
     3
     4
     3
     4
     3
     4
     3
     4
     3
     4
     3
     4
     3
     4
     3
     4
     3
     4
     3
     4


data =

  31x16 table

    rep    iter    sep    dim    rho     sparsity     acc     obj_prim    obj_dual    discov_true    discov_false    diff_x_tilde    diff_omega_diag    time_isee    time_SDP          jobdate       
    ___    ____    ___    ___    ____    ________    _____    ________    ________    ___________    ____________    ____________    _______________    _________    ________    ____________________

    13       0      5     200    0.45       10       0.716          0           0          0               0                 0                0               0            0     23-Mar-2024 04:36:34
    13       1      5     200    0.45       10       0.866    -6.8908     -6.8907          7              10            121.21             3.38          5.3178        60.99     23-Mar-2024 04:36:34
    13       2      5     200    0.45       10        0.95    -12.445     -12.445         10               8            115.79           3.6584          3.7198        17.77     23-Mar-2024 04:36:34
    13       3      5     200    0.45       10       0.976    -12.975     -12.975         10               3            110.12           3.4719           3.385       13.112     23-Mar-2024 04:36:34
    13       4      5     200    0.45       10       0.978    -12.839     -12.839         10               3            115.94           3.7378          3.0124       9.3218     23-Mar-2024 04:36:34
    13       5      5     200    0.45       10        0.98    -12.304     -12.304         10               3            114.37           3.6587          3.1731       14.805     23-Mar-2024 04:36:34
    13       6      5     200    0.45       10        0.98    -11.613     -11.613         10               4            109.28           3.4259          2.9795        18.62     23-Mar-2024 04:36:34
    13       7      5     200    0.45       10        0.98    -12.441     -12.441         10               3            112.99           3.6071          3.2191       14.057     23-Mar-2024 04:36:34
    13       8      5     200    0.45       10        0.98    -11.613     -11.613         10               4            109.28           3.4259          3.1813       17.653     23-Mar-2024 04:36:34
    13       9      5     200    0.45       10        0.98    -12.441     -12.441         10               3            112.99           3.6071          3.1396       13.826     23-Mar-2024 04:36:34
    13      10      5     200    0.45       10        0.98    -11.613     -11.613         10               4            109.28           3.4259          3.0055       17.626     23-Mar-2024 04:36:34
    13      11      5     200    0.45       10        0.98    -12.441     -12.441         10               3            112.99           3.6071          3.1414       13.346     23-Mar-2024 04:36:34
    13      12      5     200    0.45       10        0.98    -11.613     -11.613         10               4            109.28           3.4259          2.9515       18.019     23-Mar-2024 04:36:34
    13      13      5     200    0.45       10        0.98    -12.441     -12.441         10               3            112.99           3.6071          3.1418       13.734     23-Mar-2024 04:36:34
    13      14      5     200    0.45       10        0.98    -11.613     -11.613         10               4            109.28           3.4259          2.9607       16.375     23-Mar-2024 04:36:34
    13      15      5     200    0.45       10        0.98    -12.441     -12.441         10               3            112.99           3.6071           3.102       12.324     23-Mar-2024 04:36:34
    13      16      5     200    0.45       10        0.98    -11.613     -11.613         10               4            109.28           3.4259          3.0207       17.313     23-Mar-2024 04:36:34
    13      17      5     200    0.45       10        0.98    -12.441     -12.441         10               3            112.99           3.6071          3.1128       13.562     23-Mar-2024 04:36:34
    13      18      5     200    0.45       10        0.98    -11.613     -11.613         10               4            109.28           3.4259          3.1466       16.924     23-Mar-2024 04:36:34
    13      19      5     200    0.45       10        0.98    -12.441     -12.441         10               3            112.99           3.6071          2.9856       12.943     23-Mar-2024 04:36:34
    13      20      5     200    0.45       10        0.98    -11.613     -11.613         10               4            109.28           3.4259          3.1211       17.315     23-Mar-2024 04:36:34
    13      21      5     200    0.45       10        0.98    -12.441     -12.441         10               3            112.99           3.6071          2.9556       13.575     23-Mar-2024 04:36:34
    13      22      5     200    0.45       10        0.98    -11.613     -11.613         10               4            109.28           3.4259          3.1247       17.697     23-Mar-2024 04:36:34
    13      23      5     200    0.45       10        0.98    -12.441     -12.441         10               3            112.99           3.6071          2.9362       13.079     23-Mar-2024 04:36:34
    13      24      5     200    0.45       10        0.98    -11.613     -11.613         10               4            109.28           3.4259          3.1236       16.991     23-Mar-2024 04:36:34
    13      25      5     200    0.45       10        0.98    -12.441     -12.441         10               3            112.99           3.6071          2.9495       13.222     23-Mar-2024 04:36:34
    13      26      5     200    0.45       10        0.98    -11.613     -11.613         10               4            109.28           3.4259          3.0562       16.087     23-Mar-2024 04:36:34
    13      27      5     200    0.45       10        0.98    -12.441     -12.441         10               3            112.99           3.6071          2.9345       13.015     23-Mar-2024 04:36:34
    13      28      5     200    0.45       10        0.98    -11.613     -11.613         10               4            109.28           3.4259          3.0919       16.975     23-Mar-2024 04:36:34
    13      29      5     200    0.45       10        0.98    -12.441     -12.441         10               3            112.99           3.6071          2.9647       12.535     23-Mar-2024 04:36:34
    13      30      5     200    0.45       10        0.98    -11.613     -11.613         10               4            109.28           3.4259          3.0753       16.658     23-Mar-2024 04:36:34


rep =

    14

replication: (14)th 


thres =

    3.2552

thres=3.255247
1 th thresholding

  breakyes=3.2,  dualfeasorg deteriorated too much: primfeasorg=6.80e-07,dualfeasorg=4.14e-05
10 entries survived 

2 th thresholding

  breakyes=1.3,  maxresidual < 1.00e-06
10 entries survived 

3 th thresholding

  breakyes=3.2,  dualfeasorg deteriorated too much: primfeasorg=1.29e-06,dualfeasorg=4.93e-05
8 entries survived 

4 th thresholding

  breakyes=4.1,  primfeasorg stagnate, 0.00e+00
9 entries survived 

5 th thresholding

  breakyes=1.4,  maxresidual < 1.00e-06
8 entries survived 

6 th thresholding

  breakyes=1.3,  maxresidual < 1.00e-06
11 entries survived 

7 th thresholding

  breakyes=3.2,  dualfeasorg deteriorated too much: primfeasorg=9.79e-07,dualfeasorg=4.02e-05
11 entries survived 

8 th thresholding

  breakyes=2.0,  primfeasorg*dualfeasorg < 1.00e-14
8 entries survived 

9 th thresholding

  breakyes=4.1,  primfeasorg stagnate, 0.00e+00
8 entries survived 

10 th thresholding

  breakyes=4.1,  primfeasorg stagnate, 0.00e+00
6 entries survived 

11 th thresholding

  breakyes=4.1,  primfeasorg stagnate, 6.76e-05
7 entries survived 

12 th thresholding

  breakyes=1.4,  maxresidual < 1.00e-06
12 entries survived 

13 th thresholding

  breakyes=3.2,  dualfeasorg deteriorated too much: primfeasorg=2.17e-06,dualfeasorg=3.31e-05
10 entries survived 

14 th thresholding

  breakyes=3.2,  dualfeasorg deteriorated too much: primfeasorg=8.78e-07,dualfeasorg=3.53e-05
6 entries survived 

15 th thresholding

  breakyes=1.4,  maxresidual < 1.00e-06
14 entries survived 

16 th thresholding

  breakyes=1.4,  maxresidual < 1.00e-06
15 entries survived 

17 th thresholding

  breakyes=1.0,  maxresidual < 1.00e-06
13 entries survived 

18 th thresholding

  breakyes=3.1,  primfeasorg deteriorated too much: primfeasorg=1.09e-04,dualfeasorg=1.31e-05
12 entries survived 

19 th thresholding

  breakyes=3.1,  primfeasorg deteriorated too much: primfeasorg=1.44e-04,dualfeasorg=9.93e-07
13 entries survived 

20 th thresholding

  breakyes=1.3,  maxresidual < 1.00e-06
12 entries survived 

21 th thresholding

  breakyes=1.4,  maxresidual < 1.00e-06
13 entries survived 

22 th thresholding

  breakyes=1.4,  maxresidual < 1.00e-06
12 entries survived 

23 th thresholding

  breakyes=1.4,  maxresidual < 1.00e-06
13 entries survived 

24 th thresholding

  breakyes=1.0,  maxresidual < 1.00e-06
13 entries survived 

25 th thresholding

  breakyes=3.2,  dualfeasorg deteriorated too much: primfeasorg=2.81e-06,dualfeasorg=4.00e-05
13 entries survived 

26 th thresholding

  breakyes=1.4,  maxresidual < 1.00e-06
12 entries survived 

27 th thresholding

  breakyes=1.4,  maxresidual < 1.00e-06
13 entries survived 

28 th thresholding

  breakyes=1.4,  maxresidual < 1.00e-06
12 entries survived 

29 th thresholding

  breakyes=1.4,  maxresidual < 1.00e-06
13 entries survived 

30 th thresholding

  breakyes=1.4,  maxresidual < 1.00e-06
12 entries survived 

acc_vec =

    0.6300
    0.5320
    0.5020
    0.5240
    0.5260
    0.5120
    0.5080
    0.5220
    0.5160
    0.5260
    0.5180
    0.5060
    0.5480
    0.5080
    0.7840
    0.8880
    0.9800
    0.9900
    0.9860
    0.9840
    0.9800
    0.9820
    0.9800
    0.9800
    0.9800
    0.9820
    0.9800
    0.9820
    0.9800
    0.9820
    0.9800

acc =0.630000  0.532000  0.502000  0.524000  0.526000  0.512000  0.508000  0.522000  0.516000  0.526000  0.518000  0.506000  0.548000  0.508000  0.784000  0.888000  0.980000  0.990000  0.986000  0.984000  0.980000  0.982000  0.980000  0.980000  0.980000  0.982000  0.980000  0.982000  0.980000  0.982000  0.980000 

discov_true_vec =

     2
     0
     0
     0
     0
     0
     0
     0
     0
     0
     0
     0
     0
     2
     7
    10
    10
    10
    10
    10
    10
    10
    10
    10
    10
    10
    10
    10
    10
    10


discov_false_vec =

     8
    10
     8
     9
     8
    11
    11
     8
     8
     6
     7
    12
    10
     4
     7
     5
     3
     2
     3
     2
     3
     2
     3
     3
     3
     2
     3
     2
     3
     2


data =

  31x16 table

    rep    iter    sep    dim    rho     sparsity     acc     obj_prim    obj_dual    discov_true    discov_false    diff_x_tilde    diff_omega_diag    time_isee    time_SDP          jobdate       
    ___    ____    ___    ___    ____    ________    _____    ________    ________    ___________    ____________    ____________    _______________    _________    ________    ____________________

    14       0      5     200    0.45       10        0.63          0           0          0               0                 0                0               0            0     23-Mar-2024 04:56:10
    14       1      5     200    0.45       10       0.532    -3.9176     -3.9175          2               8             117.8           3.2283          3.2592       39.876     23-Mar-2024 04:56:10
    14       2      5     200    0.45       10       0.502    -3.0424     -3.0423          0              10            119.86           3.4267          2.9587       40.661     23-Mar-2024 04:56:10
    14       3      5     200    0.45       10       0.524    -2.6236     -2.6235          0               8            118.22           3.3119          3.1353        36.66     23-Mar-2024 04:56:10
    14       4      5     200    0.45       10       0.526     -3.552      -3.552          0               9             118.3           3.2858            3.13       44.531     23-Mar-2024 04:56:10
    14       5      5     200    0.45       10       0.512    -2.8262     -2.8262          0               8            120.94           3.4681           3.548       48.021     23-Mar-2024 04:56:10
    14       6      5     200    0.45       10       0.508    -3.0496     -3.0496          0              11            118.65           3.3211           3.145       43.406     23-Mar-2024 04:56:10
    14       7      5     200    0.45       10       0.522    -3.2596     -3.2596          0              11             118.7           3.3234          3.2583       47.414     23-Mar-2024 04:56:10
    14       8      5     200    0.45       10       0.516    -3.3748     -3.3748          0               8            118.35           3.2631          3.5494       73.345     23-Mar-2024 04:56:10
    14       9      5     200    0.45       10       0.526     -2.862     -2.8619          0               8            117.16           3.2337          3.2352       52.717     23-Mar-2024 04:56:10
    14      10      5     200    0.45       10       0.518    -2.6083     -2.6083          0               6            123.05           3.6391          3.2152       49.933     23-Mar-2024 04:56:10
    14      11      5     200    0.45       10       0.506    -3.0221     -3.0221          0               7            121.11           3.3141          3.1564       66.122     23-Mar-2024 04:56:10
    14      12      5     200    0.45       10       0.548    -3.4228     -3.4228          0              12            119.92           3.3054          3.1637       44.971     23-Mar-2024 04:56:10
    14      13      5     200    0.45       10       0.508     -3.488      -3.488          0              10             122.6           3.4386          3.1579       66.404     23-Mar-2024 04:56:10
    14      14      5     200    0.45       10       0.784    -3.6274     -3.6274          2               4            117.65           3.1648          3.3416        34.39     23-Mar-2024 04:56:10
    14      15      5     200    0.45       10       0.888    -7.0982     -7.0982          7               7            115.77           3.3443          3.1955       30.098     23-Mar-2024 04:56:10
    14      16      5     200    0.45       10        0.98    -10.827     -10.827         10               5            106.49           3.3772          3.1107        17.46     23-Mar-2024 04:56:10
    14      17      5     200    0.45       10        0.99    -10.196     -10.196         10               3            105.07           3.2595           3.044       15.196     23-Mar-2024 04:56:10
    14      18      5     200    0.45       10       0.986    -9.2471     -9.2462         10               2            105.04           3.2656           3.259       26.566     23-Mar-2024 04:56:10
    14      19      5     200    0.45       10       0.984    -10.113     -10.115         10               3            105.04           3.2936          3.3085       16.732     23-Mar-2024 04:56:10
    14      20      5     200    0.45       10        0.98    -9.7334     -9.7333         10               2            105.43            3.297          2.9684       37.656     23-Mar-2024 04:56:10
    14      21      5     200    0.45       10       0.982    -9.7555     -9.7555         10               3            106.76           3.4678          3.3383       33.215     23-Mar-2024 04:56:10
    14      22      5     200    0.45       10        0.98    -9.4832     -9.4832         10               2            103.61           3.2994          3.1592       37.727     23-Mar-2024 04:56:10
    14      23      5     200    0.45       10        0.98    -9.7643     -9.7643         10               3            105.98           3.3934          3.0977       16.455     23-Mar-2024 04:56:10
    14      24      5     200    0.45       10        0.98    -10.518     -10.518         10               3            102.53           3.1345          3.2913       22.436     23-Mar-2024 04:56:10
    14      25      5     200    0.45       10       0.982    -9.3946     -9.3946         10               3            102.72           3.1724          3.0104       13.335     23-Mar-2024 04:56:10
    14      26      5     200    0.45       10        0.98    -9.1725     -9.1726         10               2            104.61           3.2436          3.1511       24.064     23-Mar-2024 04:56:10
    14      27      5     200    0.45       10       0.982    -9.7462     -9.7462         10               3            103.81           3.2184          3.1153       26.849     23-Mar-2024 04:56:10
    14      28      5     200    0.45       10        0.98    -9.1725     -9.1726         10               2            104.61           3.2436          3.1337       23.094     23-Mar-2024 04:56:10
    14      29      5     200    0.45       10       0.982    -9.7462     -9.7462         10               3            103.81           3.2184          2.9682       26.486     23-Mar-2024 04:56:10
    14      30      5     200    0.45       10        0.98    -9.1725     -9.1726         10               2            104.61           3.2436           3.205       23.713     23-Mar-2024 04:56:10


rep =

    15

replication: (15)th 


thres =

    3.2552

thres=3.255247
1 th thresholding

  breakyes=3.2,  dualfeasorg deteriorated too much: primfeasorg=2.21e-06,dualfeasorg=5.35e-05
11 entries survived 

2 th thresholding


  breakyes=3.2,  dualfeasorg deteriorated too much: primfeasorg=1.43e-06,dualfeasorg=2.65e-05
9 entries survived 

3 th thresholding

  breakyes=3.2,  dualfeasorg deteriorated too much: primfeasorg=1.12e-06,dualfeasorg=1.87e-05
13 entries survived 

4 th thresholding

  breakyes=1.0,  maxresidual < 1.00e-06
13 entries survived 

5 th thresholding

  breakyes=1.0,  maxresidual < 1.00e-06
16 entries survived 

6 th thresholding

  breakyes=1.0,  maxresidual < 1.00e-06
16 entries survived 

7 th thresholding

  breakyes=3.2,  dualfeasorg deteriorated too much: primfeasorg=6.98e-06,dualfeasorg=6.45e-05
21 entries survived 

8 th thresholding

  breakyes=1.4,  maxresidual < 1.00e-06
20 entries survived 

9 th thresholding

  breakyes=3.2,  dualfeasorg deteriorated too much: primfeasorg=6.98e-06,dualfeasorg=6.45e-05
21 entries survived 

10 th thresholding

  breakyes=1.4,  maxresidual < 1.00e-06
20 entries survived 

11 th thresholding

  breakyes=3.2,  dualfeasorg deteriorated too much: primfeasorg=6.98e-06,dualfeasorg=6.45e-05
21 entries survived 

12 th thresholding

  breakyes=1.4,  maxresidual < 1.00e-06
20 entries survived 

13 th thresholding

  breakyes=3.2,  dualfeasorg deteriorated too much: primfeasorg=6.98e-06,dualfeasorg=6.45e-05
21 entries survived 

14 th thresholding

  breakyes=1.4,  maxresidual < 1.00e-06
20 entries survived 

15 th thresholding

  breakyes=3.2,  dualfeasorg deteriorated too much: primfeasorg=6.98e-06,dualfeasorg=6.45e-05
21 entries survived 

16 th thresholding

  breakyes=1.4,  maxresidual < 1.00e-06
20 entries survived 

17 th thresholding

  breakyes=3.2,  dualfeasorg deteriorated too much: primfeasorg=6.98e-06,dualfeasorg=6.45e-05
21 entries survived 

18 th thresholding

  breakyes=1.4,  maxresidual < 1.00e-06
20 entries survived 

19 th thresholding

  breakyes=3.2,  dualfeasorg deteriorated too much: primfeasorg=6.98e-06,dualfeasorg=6.45e-05
21 entries survived 

20 th thresholding

  breakyes=1.4,  maxresidual < 1.00e-06
20 entries survived 

21 th thresholding

  breakyes=3.2,  dualfeasorg deteriorated too much: primfeasorg=6.98e-06,dualfeasorg=6.45e-05
21 entries survived 

22 th thresholding

  breakyes=1.4,  maxresidual < 1.00e-06
20 entries survived 

23 th thresholding

  breakyes=3.2,  dualfeasorg deteriorated too much: primfeasorg=6.98e-06,dualfeasorg=6.45e-05
21 entries survived 

24 th thresholding

  breakyes=1.4,  maxresidual < 1.00e-06
20 entries survived 

25 th thresholding

  breakyes=3.2,  dualfeasorg deteriorated too much: primfeasorg=6.98e-06,dualfeasorg=6.45e-05
21 entries survived 

26 th thresholding

  breakyes=1.4,  maxresidual < 1.00e-06
20 entries survived 

27 th thresholding

  breakyes=3.2,  dualfeasorg deteriorated too much: primfeasorg=6.98e-06,dualfeasorg=6.45e-05
21 entries survived 

28 th thresholding

  breakyes=1.4,  maxresidual < 1.00e-06
20 entries survived 

29 th thresholding

  breakyes=3.2,  dualfeasorg deteriorated too much: primfeasorg=6.98e-06,dualfeasorg=6.45e-05
21 entries survived 

30 th thresholding

  breakyes=1.4,  maxresidual < 1.00e-06
20 entries survived 

acc_vec =

    0.6460
    0.7720
    0.8500
    0.9540
    0.9720
    0.9860
    0.9880
    0.9920
    0.9880
    0.9920
    0.9880
    0.9920
    0.9880
    0.9920
    0.9880
    0.9920
    0.9880
    0.9920
    0.9880
    0.9920
    0.9880
    0.9920
    0.9880
    0.9920
    0.9880
    0.9920
    0.9880
    0.9920
    0.9880
    0.9920
    0.9880

acc =0.646000  0.772000  0.850000  0.954000  0.972000  0.986000  0.988000  0.992000  0.988000  0.992000  0.988000  0.992000  0.988000  0.992000  0.988000  0.992000  0.988000  0.992000  0.988000  0.992000  0.988000  0.992000  0.988000  0.992000  0.988000  0.992000  0.988000  0.992000  0.988000  0.992000  0.988000 

discov_true_vec =

     3
     5
     9
    10
    10
    10
    10
    10
    10
    10
    10
    10
    10
    10
    10
    10
    10
    10
    10
    10
    10
    10
    10
    10
    10
    10
    10
    10
    10
    10


discov_false_vec =

     8
     4
     4
     3
     6
     6
    11
    10
    11
    10
    11
    10
    11
    10
    11
    10
    11
    10
    11
    10
    11
    10
    11
    10
    11
    10
    11
    10
    11
    10


data =

  31x16 table

    rep    iter    sep    dim    rho     sparsity     acc     obj_prim    obj_dual    discov_true    discov_false    diff_x_tilde    diff_omega_diag    time_isee    time_SDP          jobdate       
    ___    ____    ___    ___    ____    ________    _____    ________    ________    ___________    ____________    ____________    _______________    _________    ________    ____________________

    15       0      5     200    0.45       10       0.646          0           0          0               0                 0                0               0            0     23-Mar-2024 05:09:26
    15       1      5     200    0.45       10       0.772    -5.5013     -5.5013          3               8            120.46           3.5523            3.31       69.622     23-Mar-2024 05:09:26
    15       2      5     200    0.45       10        0.85    -5.1385     -5.1384          5               4            116.97            3.615          3.2024       47.033     23-Mar-2024 05:09:26
    15       3      5     200    0.45       10       0.954    -10.503     -10.503          9               4            114.38           3.5767          3.1545        23.79     23-Mar-2024 05:09:26
    15       4      5     200    0.45       10       0.972    -13.122     -13.122         10               3            110.09           3.7211          3.2515       11.467     23-Mar-2024 05:09:26
    15       5      5     200    0.45       10       0.986    -12.224     -12.224         10               6            112.56           3.8609          3.0144       12.257     23-Mar-2024 05:09:26
    15       6      5     200    0.45       10       0.988    -10.999     -10.999         10               6            108.72           3.5743          3.2248       12.698     23-Mar-2024 05:09:26
    15       7      5     200    0.45       10       0.992    -11.199     -11.198         10              11            110.89           3.6678           3.117       16.815     23-Mar-2024 05:09:26
    15       8      5     200    0.45       10       0.988    -11.681     -11.681         10              10            112.63           3.7964          3.1578       27.097     23-Mar-2024 05:09:26
    15       9      5     200    0.45       10       0.992    -11.199     -11.198         10              11            110.89           3.6678          3.1947         16.9     23-Mar-2024 05:09:26
    15      10      5     200    0.45       10       0.988    -11.681     -11.681         10              10            112.63           3.7964          3.1521       27.039     23-Mar-2024 05:09:26
    15      11      5     200    0.45       10       0.992    -11.199     -11.198         10              11            110.89           3.6678          3.1435       17.192     23-Mar-2024 05:09:26
    15      12      5     200    0.45       10       0.988    -11.681     -11.681         10              10            112.63           3.7964          3.4096       27.767     23-Mar-2024 05:09:26
    15      13      5     200    0.45       10       0.992    -11.199     -11.198         10              11            110.89           3.6678          3.2153        17.12     23-Mar-2024 05:09:26
    15      14      5     200    0.45       10       0.988    -11.681     -11.681         10              10            112.63           3.7964          3.1212       27.618     23-Mar-2024 05:09:26
    15      15      5     200    0.45       10       0.992    -11.199     -11.198         10              11            110.89           3.6678          3.1808       16.785     23-Mar-2024 05:09:26
    15      16      5     200    0.45       10       0.988    -11.681     -11.681         10              10            112.63           3.7964          3.1149       28.119     23-Mar-2024 05:09:26
    15      17      5     200    0.45       10       0.992    -11.199     -11.198         10              11            110.89           3.6678          3.0103       16.321     23-Mar-2024 05:09:26
    15      18      5     200    0.45       10       0.988    -11.681     -11.681         10              10            112.63           3.7964          2.9445       27.877     23-Mar-2024 05:09:26
    15      19      5     200    0.45       10       0.992    -11.199     -11.198         10              11            110.89           3.6678          3.1203       16.484     23-Mar-2024 05:09:26
    15      20      5     200    0.45       10       0.988    -11.681     -11.681         10              10            112.63           3.7964          3.2055       26.237     23-Mar-2024 05:09:26
    15      21      5     200    0.45       10       0.992    -11.199     -11.198         10              11            110.89           3.6678          3.1554       16.292     23-Mar-2024 05:09:26
    15      22      5     200    0.45       10       0.988    -11.681     -11.681         10              10            112.63           3.7964          2.9754        27.07     23-Mar-2024 05:09:26
    15      23      5     200    0.45       10       0.992    -11.199     -11.198         10              11            110.89           3.6678          3.2023       16.634     23-Mar-2024 05:09:26
    15      24      5     200    0.45       10       0.988    -11.681     -11.681         10              10            112.63           3.7964          2.9783       27.613     23-Mar-2024 05:09:26
    15      25      5     200    0.45       10       0.992    -11.199     -11.198         10              11            110.89           3.6678          3.1182       16.369     23-Mar-2024 05:09:26
    15      26      5     200    0.45       10       0.988    -11.681     -11.681         10              10            112.63           3.7964          2.9389       26.762     23-Mar-2024 05:09:26
    15      27      5     200    0.45       10       0.992    -11.199     -11.198         10              11            110.89           3.6678          3.0964       16.504     23-Mar-2024 05:09:26
    15      28      5     200    0.45       10       0.988    -11.681     -11.681         10              10            112.63           3.7964          3.0595       26.544     23-Mar-2024 05:09:26
    15      29      5     200    0.45       10       0.992    -11.199     -11.198         10              11            110.89           3.6678           3.082       16.286     23-Mar-2024 05:09:26
    15      30      5     200    0.45       10       0.988    -11.681     -11.681         10              10            112.63           3.7964           2.938       26.461     23-Mar-2024 05:09:26


rep =

    16

replication: (16)th 


thres =

    3.2552

thres=3.255247
1 th thresholding

  breakyes=3.2,  dualfeasorg deteriorated too much: primfeasorg=1.91e-06,dualfeasorg=6.24e-05
15 entries survived 

2 th thresholding

  breakyes=1.0,  maxresidual < 1.00e-06
20 entries survived 

3 th thresholding

  breakyes=1.0,  maxresidual < 1.00e-06
21 entries survived 

4 th thresholding

  breakyes=3.1,  primfeasorg deteriorated too much: primfeasorg=1.10e-05,dualfeasorg=2.26e-05
14 entries survived 

5 th thresholding

  breakyes=3.1,  primfeasorg deteriorated too much: primfeasorg=3.78e-06,dualfeasorg=2.99e-07
14 entries survived 

6 th thresholding

  breakyes=1.4,  maxresidual < 1.00e-06
16 entries survived 

7 th thresholding

  breakyes=1.4,  maxresidual < 1.00e-06
14 entries survived 

8 th thresholding

  breakyes=1.4,  maxresidual < 1.00e-06
12 entries survived 

9 th thresholding

  breakyes=1.0,  maxresidual < 1.00e-06
13 entries survived 

10 th thresholding

  breakyes=1.0,  maxresidual < 1.00e-06
14 entries survived 

11 th thresholding

  breakyes=3.1,  primfeasorg deteriorated too much: primfeasorg=1.29e-05,dualfeasorg=2.99e-06
14 entries survived 

12 th thresholding

  breakyes=1.4,  maxresidual < 1.00e-06
12 entries survived 

13 th thresholding

  breakyes=3.2,  dualfeasorg deteriorated too much: primfeasorg=3.26e-06,dualfeasorg=3.66e-05
16 entries survived 

14 th thresholding

  breakyes=1.0,  maxresidual < 1.00e-06
17 entries survived 

15 th thresholding

  breakyes=1.0,  maxresidual < 1.00e-06
17 entries survived 

16 th thresholding

  breakyes=1.0,  maxresidual < 1.00e-06
17 entries survived 

17 th thresholding

  breakyes=1.0,  maxresidual < 1.00e-06
17 entries survived 

18 th thresholding

  breakyes=1.0,  maxresidual < 1.00e-06
17 entries survived 

19 th thresholding

  breakyes=1.0,  maxresidual < 1.00e-06
17 entries survived 

20 th thresholding

  breakyes=1.0,  maxresidual < 1.00e-06
17 entries survived 

21 th thresholding

  breakyes=1.0,  maxresidual < 1.00e-06
17 entries survived 

22 th thresholding

  breakyes=1.0,  maxresidual < 1.00e-06
17 entries survived 

23 th thresholding

  breakyes=1.0,  maxresidual < 1.00e-06
17 entries survived 

24 th thresholding

  breakyes=1.0,  maxresidual < 1.00e-06
17 entries survived 

25 th thresholding

  breakyes=1.0,  maxresidual < 1.00e-06
17 entries survived 

26 th thresholding

  breakyes=1.0,  maxresidual < 1.00e-06
17 entries survived 

27 th thresholding

  breakyes=1.0,  maxresidual < 1.00e-06
17 entries survived 

28 th thresholding

  breakyes=1.0,  maxresidual < 1.00e-06
17 entries survived 

29 th thresholding

  breakyes=1.0,  maxresidual < 1.00e-06
17 entries survived 

30 th thresholding

  breakyes=1.0,  maxresidual < 1.00e-06
17 entries survived 

acc_vec =

    0.7200
    0.8440
    0.8960
    0.9200
    0.9260
    0.9340
    0.9420
    0.9620
    0.9740
    0.9740
    0.9760
    0.9720
    0.9780
    0.9800
    0.9800
    0.9800
    0.9800
    0.9800
    0.9800
    0.9800
    0.9800
    0.9800
    0.9800
    0.9800
    0.9800
    0.9800
    0.9800
    0.9800
    0.9800
    0.9800
    0.9800

acc =0.720000  0.844000  0.896000  0.920000  0.926000  0.934000  0.942000  0.962000  0.974000  0.974000  0.976000  0.972000  0.978000  0.980000  0.980000  0.980000  0.980000  0.980000  0.980000  0.980000  0.980000  0.980000  0.980000  0.980000  0.980000  0.980000  0.980000  0.980000  0.980000  0.980000  0.980000 

discov_true_vec =

     6
    10
    10
    10
    10
    10
    10
    10
    10
    10
    10
    10
    10
    10
    10
    10
    10
    10
    10
    10
    10
    10
    10
    10
    10
    10
    10
    10
    10
    10


discov_false_vec =

     9
    10
    11
     4
     4
     6
     4
     2
     3
     4
     4
     2
     6
     7
     7
     7
     7
     7
     7
     7
     7
     7
     7
     7
     7
     7
     7
     7
     7
     7


data =

  31x16 table

    rep    iter    sep    dim    rho     sparsity     acc     obj_prim    obj_dual    discov_true    discov_false    diff_x_tilde    diff_omega_diag    time_isee    time_SDP          jobdate       
    ___    ____    ___    ___    ____    ________    _____    ________    ________    ___________    ____________    ____________    _______________    _________    ________    ____________________

    16       0      5     200    0.45       10        0.72          0           0          0               0                 0                0               0            0     23-Mar-2024 05:19:20
    16       1      5     200    0.45       10       0.844      -5.82       -5.82          6               9            119.52           3.3677          3.4092       19.234     23-Mar-2024 05:19:20
    16       2      5     200    0.45       10       0.896    -12.189     -12.189         10              10            117.29            3.629          3.2413       10.852     23-Mar-2024 05:19:20
    16       3      5     200    0.45       10        0.92    -14.514     -14.514         10              11            111.64           3.5394          3.1696       16.099     23-Mar-2024 05:19:20
    16       4      5     200    0.45       10       0.926    -16.589     -16.585         10               4            114.46           3.6697          3.1005       9.5435     23-Mar-2024 05:19:20
    16       5      5     200    0.45       10       0.934    -15.514     -15.513         10               4            113.68           3.6088           3.175       20.878     23-Mar-2024 05:19:20
    16       6      5     200    0.45       10       0.942    -14.168     -14.169         10               6            111.61           3.5042          3.0307       20.371     23-Mar-2024 05:19:20
    16       7      5     200    0.45       10       0.962    -12.865     -12.865         10               4            111.62           3.6501          3.2444       29.382     23-Mar-2024 05:19:20
    16       8      5     200    0.45       10       0.974     -11.04      -11.04         10               2            111.98           3.6196          3.1295       17.392     23-Mar-2024 05:19:20
    16       9      5     200    0.45       10       0.974    -11.546     -11.546         10               3            113.08           3.6832          3.1393       18.104     23-Mar-2024 05:19:20
    16      10      5     200    0.45       10       0.976    -10.272     -10.272         10               4            110.26           3.5261           3.146       25.946     23-Mar-2024 05:19:20
    16      11      5     200    0.45       10       0.972    -10.052     -10.051         10               4            112.26           3.6522           3.101       18.866     23-Mar-2024 05:19:20
    16      12      5     200    0.45       10       0.978    -10.195     -10.195         10               2            109.94           3.5345          2.9803       17.357     23-Mar-2024 05:19:20
    16      13      5     200    0.45       10        0.98    -10.064     -10.064         10               6            111.67           3.5978          3.1054       15.355     23-Mar-2024 05:19:20
    16      14      5     200    0.45       10        0.98    -10.627     -10.627         10               7            112.59           3.5947          3.1354       15.063     23-Mar-2024 05:19:20
    16      15      5     200    0.45       10        0.98    -10.627     -10.627         10               7            112.59           3.5947          2.9639       15.212     23-Mar-2024 05:19:20
    16      16      5     200    0.45       10        0.98    -10.627     -10.627         10               7            112.59           3.5947           3.125       15.146     23-Mar-2024 05:19:20
    16      17      5     200    0.45       10        0.98    -10.627     -10.627         10               7            112.59           3.5947          2.9949       15.471     23-Mar-2024 05:19:20
    16      18      5     200    0.45       10        0.98    -10.627     -10.627         10               7            112.59           3.5947          3.1692       15.672     23-Mar-2024 05:19:20
    16      19      5     200    0.45       10        0.98    -10.627     -10.627         10               7            112.59           3.5947          2.9522        15.32     23-Mar-2024 05:19:20
    16      20      5     200    0.45       10        0.98    -10.627     -10.627         10               7            112.59           3.5947          3.1613        15.44     23-Mar-2024 05:19:20
    16      21      5     200    0.45       10        0.98    -10.627     -10.627         10               7            112.59           3.5947          2.9964       15.521     23-Mar-2024 05:19:20
    16      22      5     200    0.45       10        0.98    -10.627     -10.627         10               7            112.59           3.5947          3.1193       14.621     23-Mar-2024 05:19:20
    16      23      5     200    0.45       10        0.98    -10.627     -10.627         10               7            112.59           3.5947           3.155       15.516     23-Mar-2024 05:19:20
    16      24      5     200    0.45       10        0.98    -10.627     -10.627         10               7            112.59           3.5947          3.0134       15.477     23-Mar-2024 05:19:20
    16      25      5     200    0.45       10        0.98    -10.627     -10.627         10               7            112.59           3.5947          3.1438       15.421     23-Mar-2024 05:19:20
    16      26      5     200    0.45       10        0.98    -10.627     -10.627         10               7            112.59           3.5947          2.9773       15.229     23-Mar-2024 05:19:20
    16      27      5     200    0.45       10        0.98    -10.627     -10.627         10               7            112.59           3.5947          3.0942       15.138     23-Mar-2024 05:19:20
    16      28      5     200    0.45       10        0.98    -10.627     -10.627         10               7            112.59           3.5947          2.9746       15.113     23-Mar-2024 05:19:20
    16      29      5     200    0.45       10        0.98    -10.627     -10.627         10               7            112.59           3.5947          3.0883       15.685     23-Mar-2024 05:19:20
    16      30      5     200    0.45       10        0.98    -10.627     -10.627         10               7            112.59           3.5947          2.9713       15.691     23-Mar-2024 05:19:20

