==========================================
SLURM_JOB_ID = 20418239
SLURM_JOB_NODELIST = a03-07
TMPDIR = /tmp/SLURM_20418239
==========================================
hello
Starting parallel pool (parpool) ...
Connected to the parallel pool (number of workers: 15).

pool = 

 ProcessPool with properties: 

            Connected: true
           NumWorkers: 15
                 Busy: false
              Cluster: Local
        AttachedFiles: {}
    AutoAddClientPath: true
            FileStore: [1x1 parallel.FileStore]
           ValueStore: [1x1 parallel.ValueStore]
          IdleTimeout: 30 minutes (30 minutes remaining)
          SpmdEnabled: true


p =

   100


Delta =

     4


s =

    10


n =

   500


ii =

    21


table_name =

    'sparse_kmeans_isee'


conn = 

  sqlite with properties:

      Database: '/home1/jongminm/sparse_kmeans/sparse_kmeans.db'
    IsReadOnly: 0
    AutoCommit: 'on'


rho =

    0.0500


M =

    0.6601

delta confirmed: 4.000000
ans =

    3.8338


rep =

    81

replication: (81)th 


thres =

    3.0349

thres=3.034854
1 th thresholding

  breakyes=1.0,  maxresidual < 1.00e-06
10 entries survived 

2 th thresholding

  breakyes=1.0,  maxresidual < 1.00e-06
10 entries survived 

3 th thresholding

  breakyes=1.0,  maxresidual < 1.00e-06
10 entries survived 

4 th thresholding

  breakyes=1.0,  maxresidual < 1.00e-06
10 entries survived 

5 th thresholding

  breakyes=1.0,  maxresidual < 1.00e-06
10 entries survived 

6 th thresholding

  breakyes=1.0,  maxresidual < 1.00e-06
10 entries survived 

7 th thresholding

  breakyes=1.0,  maxresidual < 1.00e-06
11 entries survived 

8 th thresholding

  breakyes=1.0,  maxresidual < 1.00e-06
10 entries survived 

9 th thresholding

  breakyes=1.0,  maxresidual < 1.00e-06
10 entries survived 

10 th thresholding

  breakyes=1.0,  maxresidual < 1.00e-06
10 entries survived 

11 th thresholding

  breakyes=1.0,  maxresidual < 1.00e-06
10 entries survived 

12 th thresholding

  breakyes=1.0,  maxresidual < 1.00e-06
11 entries survived 

13 th thresholding

  breakyes=1.0,  maxresidual < 1.00e-06
10 entries survived 

14 th thresholding

  breakyes=1.0,  maxresidual < 1.00e-06
11 entries survived 

15 th thresholding

  breakyes=1.0,  maxresidual < 1.00e-06
10 entries survived 

16 th thresholding

  breakyes=1.0,  maxresidual < 1.00e-06
10 entries survived 

17 th thresholding

  breakyes=1.0,  maxresidual < 1.00e-06
10 entries survived 

18 th thresholding

  breakyes=1.0,  maxresidual < 1.00e-06
10 entries survived 

19 th thresholding

  breakyes=1.0,  maxresidual < 1.00e-06
10 entries survived 

20 th thresholding

  breakyes=1.0,  maxresidual < 1.00e-06
11 entries survived 

21 th thresholding

  breakyes=1.0,  maxresidual < 1.00e-06
10 entries survived 

22 th thresholding

  breakyes=1.0,  maxresidual < 1.00e-06
10 entries survived 

23 th thresholding

  breakyes=1.0,  maxresidual < 1.00e-06
10 entries survived 

24 th thresholding

  breakyes=1.0,  maxresidual < 1.00e-06
10 entries survived 

25 th thresholding

  breakyes=1.0,  maxresidual < 1.00e-06
10 entries survived 

26 th thresholding

  breakyes=1.0,  maxresidual < 1.00e-06
10 entries survived 

27 th thresholding

  breakyes=1.0,  maxresidual < 1.00e-06
11 entries survived 

28 th thresholding

  breakyes=1.0,  maxresidual < 1.00e-06
10 entries survived 

29 th thresholding

  breakyes=1.0,  maxresidual < 1.00e-06
10 entries survived 

30 th thresholding

  breakyes=1.0,  maxresidual < 1.00e-06
10 entries survived 

acc_vec =

    0.9780
    0.9820
    0.9840
    0.9840
    0.9840
    0.9840
    0.9820
    0.9840
    0.9840
    0.9840
    0.9840
    0.9820
    0.9840
    0.9820
    0.9840
    0.9840
    0.9840
    0.9840
    0.9840
    0.9820
    0.9840
    0.9840
    0.9840
    0.9840
    0.9840
    0.9840
    0.9820
    0.9840
    0.9840
    0.9840
    0.9840

acc =0.978000  0.982000  0.984000  0.984000  0.984000  0.984000  0.982000  0.984000  0.984000  0.984000  0.984000  0.982000  0.984000  0.982000  0.984000  0.984000  0.984000  0.984000  0.984000  0.982000  0.984000  0.984000  0.984000  0.984000  0.984000  0.984000  0.982000  0.984000  0.984000  0.984000  0.984000 

discov_true_vec =

    10
    10
    10
    10
    10
    10
    10
    10
    10
    10
    10
    10
    10
    10
    10
    10
    10
    10
    10
    10
    10
    10
    10
    10
    10
    10
    10
    10
    10
    10


discov_false_vec =

     0
     0
     0
     0
     0
     0
     1
     0
     0
     0
     0
     1
     0
     1
     0
     0
     0
     0
     0
     1
     0
     0
     0
     0
     0
     0
     1
     0
     0
     0


data =

  31x16 table

    rep    iter    sep    dim    rho     sparsity     acc     obj_prim    obj_dual    discov_true    discov_false    diff_x_tilde    diff_omega_diag    time_isee    time_SDP          jobdate       
    ___    ____    ___    ___    ____    ________    _____    ________    ________    ___________    ____________    ____________    _______________    _________    ________    ____________________

    81       0      4     100    0.05       10       0.978          0           0          0              0                  0                 0               0           0     22-Mar-2024 21:44:59
    81       1      4     100    0.05       10       0.982    -4.3265     -4.3265         10              0             34.067           0.98803           2.259      13.144     22-Mar-2024 21:44:59
    81       2      4     100    0.05       10       0.984    -4.1514     -4.1514         10              0             32.831           0.95378          1.0715      10.811     22-Mar-2024 21:44:59
    81       3      4     100    0.05       10       0.984    -4.1694     -4.1694         10              0             33.162           0.96653          1.0184      12.925     22-Mar-2024 21:44:59
    81       4      4     100    0.05       10       0.984    -4.1694     -4.1694         10              0             33.162           0.96653          1.1772      13.523     22-Mar-2024 21:44:59
    81       5      4     100    0.05       10       0.984    -4.1694     -4.1694         10              0             33.162           0.96653          1.0647      13.545     22-Mar-2024 21:44:59
    81       6      4     100    0.05       10       0.982    -4.1694     -4.1694         10              0             33.162           0.96653          1.1531      13.724     22-Mar-2024 21:44:59
    81       7      4     100    0.05       10       0.984     -4.168      -4.168         10              1             33.024           0.97204         0.85206      12.812     22-Mar-2024 21:44:59
    81       8      4     100    0.05       10       0.984    -4.1694     -4.1694         10              0             33.162           0.96653         0.78855      13.597     22-Mar-2024 21:44:59
    81       9      4     100    0.05       10       0.984    -4.1694     -4.1694         10              0             33.162           0.96653          0.9356       13.53     22-Mar-2024 21:44:59
    81      10      4     100    0.05       10       0.984    -4.1694     -4.1694         10              0             33.162           0.96653         0.76409      13.009     22-Mar-2024 21:44:59
    81      11      4     100    0.05       10       0.982    -4.1694     -4.1694         10              0             33.162           0.96653          1.5274      13.969     22-Mar-2024 21:44:59
    81      12      4     100    0.05       10       0.984     -4.168      -4.168         10              1             33.024           0.97204          0.9719      13.099     22-Mar-2024 21:44:59
    81      13      4     100    0.05       10       0.982    -4.1694     -4.1694         10              0             33.162           0.96653         0.80199      12.496     22-Mar-2024 21:44:59
    81      14      4     100    0.05       10       0.984     -4.168      -4.168         10              1             33.024           0.97204         0.79764      12.397     22-Mar-2024 21:44:59
    81      15      4     100    0.05       10       0.984    -4.1694     -4.1694         10              0             33.162           0.96653         0.90445      12.989     22-Mar-2024 21:44:59
    81      16      4     100    0.05       10       0.984    -4.1694     -4.1694         10              0             33.162           0.96653         0.90445      12.079     22-Mar-2024 21:44:59
    81      17      4     100    0.05       10       0.984    -4.1694     -4.1694         10              0             33.162           0.96653          0.8602      12.278     22-Mar-2024 21:44:59
    81      18      4     100    0.05       10       0.984    -4.1694     -4.1694         10              0             33.162           0.96653          0.8984       12.41     22-Mar-2024 21:44:59
    81      19      4     100    0.05       10       0.982    -4.1694     -4.1694         10              0             33.162           0.96653         0.78572      11.861     22-Mar-2024 21:44:59
    81      20      4     100    0.05       10       0.984     -4.168      -4.168         10              1             33.024           0.97204          0.7791      12.095     22-Mar-2024 21:44:59
    81      21      4     100    0.05       10       0.984    -4.1694     -4.1694         10              0             33.162           0.96653         0.90494      11.521     22-Mar-2024 21:44:59
    81      22      4     100    0.05       10       0.984    -4.1694     -4.1694         10              0             33.162           0.96653         0.82554      11.825     22-Mar-2024 21:44:59
    81      23      4     100    0.05       10       0.984    -4.1694     -4.1694         10              0             33.162           0.96653         0.76986      12.577     22-Mar-2024 21:44:59
    81      24      4     100    0.05       10       0.984    -4.1694     -4.1694         10              0             33.162           0.96653         0.99572      12.582     22-Mar-2024 21:44:59
    81      25      4     100    0.05       10       0.984    -4.1694     -4.1694         10              0             33.162           0.96653         0.76811      12.762     22-Mar-2024 21:44:59
    81      26      4     100    0.05       10       0.982    -4.1694     -4.1694         10              0             33.162           0.96653         0.79922      12.559     22-Mar-2024 21:44:59
    81      27      4     100    0.05       10       0.984     -4.168      -4.168         10              1             33.024           0.97204          1.0281      12.334     22-Mar-2024 21:44:59
    81      28      4     100    0.05       10       0.984    -4.1694     -4.1694         10              0             33.162           0.96653          0.7809      12.115     22-Mar-2024 21:44:59
    81      29      4     100    0.05       10       0.984    -4.1694     -4.1694         10              0             33.162           0.96653         0.78913      11.784     22-Mar-2024 21:44:59
    81      30      4     100    0.05       10       0.984    -4.1694     -4.1694         10              0             33.162           0.96653         0.76615      11.995     22-Mar-2024 21:44:59


rep =

    82

replication: (82)th 


thres =

    3.0349

thres=3.034854
1 th thresholding

  breakyes=1.0,  maxresidual < 1.00e-06
11 entries survived 

2 th thresholding

  breakyes=1.4,  maxresidual < 1.00e-06
11 entries survived 

3 th thresholding

  breakyes=1.4,  maxresidual < 1.00e-06
11 entries survived 

4 th thresholding

  breakyes=1.4,  maxresidual < 1.00e-06
11 entries survived 

5 th thresholding

  breakyes=1.0,  maxresidual < 1.00e-06
11 entries survived 

6 th thresholding

  breakyes=1.0,  maxresidual < 1.00e-06
11 entries survived 

7 th thresholding

  breakyes=1.0,  maxresidual < 1.00e-06
11 entries survived 

8 th thresholding

  breakyes=3.2,  dualfeasorg deteriorated too much: primfeasorg=4.32e-06,dualfeasorg=2.80e-05
11 entries survived 

9 th thresholding

  breakyes=1.3,  maxresidual < 1.00e-06
11 entries survived 

10 th thresholding

  breakyes=1.4,  maxresidual < 1.00e-06
11 entries survived 

11 th thresholding

  breakyes=1.3,  maxresidual < 1.00e-06
11 entries survived 

12 th thresholding

  breakyes=1.0,  maxresidual < 1.00e-06
11 entries survived 

13 th thresholding

  breakyes=1.3,  maxresidual < 1.00e-06
11 entries survived 

14 th thresholding

  breakyes=1.0,  maxresidual < 1.00e-06
11 entries survived 

15 th thresholding

  breakyes=1.3,  maxresidual < 1.00e-06
11 entries survived 

16 th thresholding

  breakyes=1.0,  maxresidual < 1.00e-06
11 entries survived 

17 th thresholding

  breakyes=1.3,  maxresidual < 1.00e-06
11 entries survived 

18 th thresholding

  breakyes=1.0,  maxresidual < 1.00e-06
11 entries survived 

19 th thresholding

  breakyes=1.3,  maxresidual < 1.00e-06
11 entries survived 

20 th thresholding

  breakyes=1.0,  maxresidual < 1.00e-06
11 entries survived 

21 th thresholding

  breakyes=1.3,  maxresidual < 1.00e-06
11 entries survived 

22 th thresholding

  breakyes=1.0,  maxresidual < 1.00e-06
11 entries survived 

23 th thresholding

  breakyes=1.3,  maxresidual < 1.00e-06
11 entries survived 

24 th thresholding

  breakyes=1.0,  maxresidual < 1.00e-06
11 entries survived 

25 th thresholding

  breakyes=1.3,  maxresidual < 1.00e-06
11 entries survived 

26 th thresholding

  breakyes=1.0,  maxresidual < 1.00e-06
11 entries survived 

27 th thresholding

  breakyes=1.3,  maxresidual < 1.00e-06
11 entries survived 

28 th thresholding

  breakyes=1.0,  maxresidual < 1.00e-06
11 entries survived 

29 th thresholding

  breakyes=1.3,  maxresidual < 1.00e-06
11 entries survived 

30 th thresholding

  breakyes=1.0,  maxresidual < 1.00e-06
11 entries survived 

acc_vec =

    0.9800
    0.9720
    0.9740
    0.9720
    0.9760
    0.9700
    0.9720
    0.9700
    0.9740
    0.9720
    0.9740
    0.9740
    0.9740
    0.9740
    0.9740
    0.9740
    0.9740
    0.9740
    0.9740
    0.9740
    0.9740
    0.9740
    0.9740
    0.9740
    0.9740
    0.9740
    0.9740
    0.9740
    0.9740
    0.9740
    0.9740

acc =0.980000  0.972000  0.974000  0.972000  0.976000  0.970000  0.972000  0.970000  0.974000  0.972000  0.974000  0.974000  0.974000  0.974000  0.974000  0.974000  0.974000  0.974000  0.974000  0.974000  0.974000  0.974000  0.974000  0.974000  0.974000  0.974000  0.974000  0.974000  0.974000  0.974000  0.974000 

discov_true_vec =

    10
    10
    10
    10
    10
    10
    10
    10
    10
    10
    10
    10
    10
    10
    10
    10
    10
    10
    10
    10
    10
    10
    10
    10
    10
    10
    10
    10
    10
    10


discov_false_vec =

     1
     1
     1
     1
     1
     1
     1
     1
     1
     1
     1
     1
     1
     1
     1
     1
     1
     1
     1
     1
     1
     1
     1
     1
     1
     1
     1
     1
     1
     1


data =

  31x16 table

    rep    iter    sep    dim    rho     sparsity     acc     obj_prim    obj_dual    discov_true    discov_false    diff_x_tilde    diff_omega_diag    time_isee    time_SDP          jobdate       
    ___    ____    ___    ___    ____    ________    _____    ________    ________    ___________    ____________    ____________    _______________    _________    ________    ____________________

    82       0      4     100    0.05       10        0.98          0           0          0              0                  0                 0               0           0     22-Mar-2024 21:54:07
    82       1      4     100    0.05       10       0.972    -3.8685     -3.8685         10              1             31.175           0.92035          1.2374      14.652     22-Mar-2024 21:54:07
    82       2      4     100    0.05       10       0.974    -3.7966     -3.7966         10              1             32.026           0.96606         0.95307      22.555     22-Mar-2024 21:54:07
    82       3      4     100    0.05       10       0.972    -3.7541     -3.7541         10              1                 31            0.9248         0.90128      17.261     22-Mar-2024 21:54:07
    82       4      4     100    0.05       10       0.976    -3.9399     -3.9399         10              1             32.579           0.98613          0.7651      18.928     22-Mar-2024 21:54:07
    82       5      4     100    0.05       10        0.97    -3.9144     -3.9144         10              1             31.863           0.96303         0.97538      18.769     22-Mar-2024 21:54:07
    82       6      4     100    0.05       10       0.972    -3.9672     -3.9672         10              1             32.754           0.99308         0.75656      10.585     22-Mar-2024 21:54:07
    82       7      4     100    0.05       10        0.97    -3.8584     -3.8584         10              1             31.486           0.93284           3.885      17.239     22-Mar-2024 21:54:07
    82       8      4     100    0.05       10       0.974    -3.9227     -3.9227         10              1             32.886             1.006         0.76682      10.053     22-Mar-2024 21:54:07
    82       9      4     100    0.05       10       0.972    -3.9882     -3.9882         10              1              32.36           0.96368         0.90987      20.674     22-Mar-2024 21:54:07
    82      10      4     100    0.05       10       0.974    -3.7681     -3.7681         10              1             31.933           0.97243         0.89228      19.918     22-Mar-2024 21:54:07
    82      11      4     100    0.05       10       0.974    -3.7964     -3.7964         10              1             31.682           0.94351          1.0284      21.564     22-Mar-2024 21:54:07
    82      12      4     100    0.05       10       0.974    -3.8086     -3.8086         10              1             31.178           0.94811         0.89412      14.077     22-Mar-2024 21:54:07
    82      13      4     100    0.05       10       0.974    -3.7964     -3.7964         10              1             31.682           0.94351         0.77858       20.49     22-Mar-2024 21:54:07
    82      14      4     100    0.05       10       0.974    -3.8086     -3.8086         10              1             31.178           0.94811         0.88855      12.871     22-Mar-2024 21:54:07
    82      15      4     100    0.05       10       0.974    -3.7964     -3.7964         10              1             31.682           0.94351         0.77305      20.782     22-Mar-2024 21:54:07
    82      16      4     100    0.05       10       0.974    -3.8086     -3.8086         10              1             31.178           0.94811         0.90584      12.557     22-Mar-2024 21:54:07
    82      17      4     100    0.05       10       0.974    -3.7964     -3.7964         10              1             31.682           0.94351         0.77157      21.716     22-Mar-2024 21:54:07
    82      18      4     100    0.05       10       0.974    -3.8086     -3.8086         10              1             31.178           0.94811          0.9129      15.029     22-Mar-2024 21:54:07
    82      19      4     100    0.05       10       0.974    -3.7964     -3.7964         10              1             31.682           0.94351         0.92253       21.28     22-Mar-2024 21:54:07
    82      20      4     100    0.05       10       0.974    -3.8086     -3.8086         10              1             31.178           0.94811         0.76963      14.256     22-Mar-2024 21:54:07
    82      21      4     100    0.05       10       0.974    -3.7964     -3.7964         10              1             31.682           0.94351         0.77963      20.567     22-Mar-2024 21:54:07
    82      22      4     100    0.05       10       0.974    -3.8086     -3.8086         10              1             31.178           0.94811         0.91411       13.78     22-Mar-2024 21:54:07
    82      23      4     100    0.05       10       0.974    -3.7964     -3.7964         10              1             31.682           0.94351          0.9138      20.268     22-Mar-2024 21:54:07
    82      24      4     100    0.05       10       0.974    -3.8086     -3.8086         10              1             31.178           0.94811          0.9195        14.3     22-Mar-2024 21:54:07
    82      25      4     100    0.05       10       0.974    -3.7964     -3.7964         10              1             31.682           0.94351         0.97341       20.79     22-Mar-2024 21:54:07
    82      26      4     100    0.05       10       0.974    -3.8086     -3.8086         10              1             31.178           0.94811         0.90493      12.699     22-Mar-2024 21:54:07
    82      27      4     100    0.05       10       0.974    -3.7964     -3.7964         10              1             31.682           0.94351         0.78483      21.159     22-Mar-2024 21:54:07
    82      28      4     100    0.05       10       0.974    -3.8086     -3.8086         10              1             31.178           0.94811         0.89191      13.333     22-Mar-2024 21:54:07
    82      29      4     100    0.05       10       0.974    -3.7964     -3.7964         10              1             31.682           0.94351         0.78926      20.992     22-Mar-2024 21:54:07
    82      30      4     100    0.05       10       0.974    -3.8086     -3.8086         10              1             31.178           0.94811         0.90046      14.848     22-Mar-2024 21:54:07


rep =

    83

replication: (83)th 


thres =

    3.0349

thres=3.034854
1 th thresholding

  breakyes=1.0,  maxresidual < 1.00e-06
12 entries survived 

2 th thresholding

  breakyes=1.0,  maxresidual < 1.00e-06
12 entries survived 

3 th thresholding

  breakyes=1.0,  maxresidual < 1.00e-06
13 entries survived 

4 th thresholding

  breakyes=3.2,  dualfeasorg deteriorated too much: primfeasorg=3.13e-06,dualfeasorg=3.38e-05
12 entries survived 

5 th thresholding

  breakyes=3.2,  dualfeasorg deteriorated too much: primfeasorg=3.13e-06,dualfeasorg=3.38e-05
12 entries survived 

6 th thresholding

  breakyes=3.2,  dualfeasorg deteriorated too much: primfeasorg=3.13e-06,dualfeasorg=3.38e-05
12 entries survived 

7 th thresholding

  breakyes=3.2,  dualfeasorg deteriorated too much: primfeasorg=3.13e-06,dualfeasorg=3.38e-05
12 entries survived 

8 th thresholding

  breakyes=3.2,  dualfeasorg deteriorated too much: primfeasorg=3.13e-06,dualfeasorg=3.38e-05
12 entries survived 

9 th thresholding

  breakyes=3.2,  dualfeasorg deteriorated too much: primfeasorg=3.13e-06,dualfeasorg=3.38e-05
12 entries survived 

10 th thresholding

  breakyes=3.2,  dualfeasorg deteriorated too much: primfeasorg=3.13e-06,dualfeasorg=3.38e-05
12 entries survived 

11 th thresholding

  breakyes=3.2,  dualfeasorg deteriorated too much: primfeasorg=3.13e-06,dualfeasorg=3.38e-05
12 entries survived 

12 th thresholding

  breakyes=3.2,  dualfeasorg deteriorated too much: primfeasorg=3.13e-06,dualfeasorg=3.38e-05
12 entries survived 

13 th thresholding

  breakyes=3.2,  dualfeasorg deteriorated too much: primfeasorg=3.13e-06,dualfeasorg=3.38e-05
12 entries survived 

14 th thresholding

  breakyes=3.2,  dualfeasorg deteriorated too much: primfeasorg=3.13e-06,dualfeasorg=3.38e-05
12 entries survived 

15 th thresholding

  breakyes=3.2,  dualfeasorg deteriorated too much: primfeasorg=3.13e-06,dualfeasorg=3.38e-05
12 entries survived 

16 th thresholding

  breakyes=3.2,  dualfeasorg deteriorated too much: primfeasorg=3.13e-06,dualfeasorg=3.38e-05
12 entries survived 

17 th thresholding

  breakyes=3.2,  dualfeasorg deteriorated too much: primfeasorg=3.13e-06,dualfeasorg=3.38e-05
12 entries survived 

18 th thresholding

  breakyes=3.2,  dualfeasorg deteriorated too much: primfeasorg=3.13e-06,dualfeasorg=3.38e-05
12 entries survived 

19 th thresholding

  breakyes=3.2,  dualfeasorg deteriorated too much: primfeasorg=3.13e-06,dualfeasorg=3.38e-05
12 entries survived 

20 th thresholding

  breakyes=3.2,  dualfeasorg deteriorated too much: primfeasorg=3.13e-06,dualfeasorg=3.38e-05
12 entries survived 

21 th thresholding

  breakyes=3.2,  dualfeasorg deteriorated too much: primfeasorg=3.13e-06,dualfeasorg=3.38e-05
12 entries survived 

22 th thresholding

  breakyes=3.2,  dualfeasorg deteriorated too much: primfeasorg=3.13e-06,dualfeasorg=3.38e-05
12 entries survived 

23 th thresholding

  breakyes=3.2,  dualfeasorg deteriorated too much: primfeasorg=3.13e-06,dualfeasorg=3.38e-05
12 entries survived 

24 th thresholding

  breakyes=3.2,  dualfeasorg deteriorated too much: primfeasorg=3.13e-06,dualfeasorg=3.38e-05
12 entries survived 

25 th thresholding

  breakyes=3.2,  dualfeasorg deteriorated too much: primfeasorg=3.13e-06,dualfeasorg=3.38e-05
12 entries survived 

26 th thresholding

  breakyes=3.2,  dualfeasorg deteriorated too much: primfeasorg=3.13e-06,dualfeasorg=3.38e-05
12 entries survived 

27 th thresholding

  breakyes=3.2,  dualfeasorg deteriorated too much: primfeasorg=3.13e-06,dualfeasorg=3.38e-05
12 entries survived 

28 th thresholding

  breakyes=3.2,  dualfeasorg deteriorated too much: primfeasorg=3.13e-06,dualfeasorg=3.38e-05
12 entries survived 

29 th thresholding

  breakyes=3.2,  dualfeasorg deteriorated too much: primfeasorg=3.13e-06,dualfeasorg=3.38e-05
12 entries survived 

30 th thresholding

  breakyes=3.2,  dualfeasorg deteriorated too much: primfeasorg=3.13e-06,dualfeasorg=3.38e-05
12 entries survived 

acc_vec =

    0.9800
    0.9800
    0.9780
    0.9820
    0.9820
    0.9820
    0.9820
    0.9820
    0.9820
    0.9820
    0.9820
    0.9820
    0.9820
    0.9820
    0.9820
    0.9820
    0.9820
    0.9820
    0.9820
    0.9820
    0.9820
    0.9820
    0.9820
    0.9820
    0.9820
    0.9820
    0.9820
    0.9820
    0.9820
    0.9820
    0.9820

acc =0.980000  0.980000  0.978000  0.982000  0.982000  0.982000  0.982000  0.982000  0.982000  0.982000  0.982000  0.982000  0.982000  0.982000  0.982000  0.982000  0.982000  0.982000  0.982000  0.982000  0.982000  0.982000  0.982000  0.982000  0.982000  0.982000  0.982000  0.982000  0.982000  0.982000  0.982000 

discov_true_vec =

    10
    10
    10
    10
    10
    10
    10
    10
    10
    10
    10
    10
    10
    10
    10
    10
    10
    10
    10
    10
    10
    10
    10
    10
    10
    10
    10
    10
    10
    10


discov_false_vec =

     2
     2
     3
     2
     2
     2
     2
     2
     2
     2
     2
     2
     2
     2
     2
     2
     2
     2
     2
     2
     2
     2
     2
     2
     2
     2
     2
     2
     2
     2


data =

  31x16 table

    rep    iter    sep    dim    rho     sparsity     acc     obj_prim    obj_dual    discov_true    discov_false    diff_x_tilde    diff_omega_diag    time_isee    time_SDP          jobdate       
    ___    ____    ___    ___    ____    ________    _____    ________    ________    ___________    ____________    ____________    _______________    _________    ________    ____________________

    83       0      4     100    0.05       10        0.98          0           0          0              0                  0                 0               0           0     22-Mar-2024 22:00:53
    83       1      4     100    0.05       10        0.98    -4.9509     -4.9509         10              2             35.698            1.0378          1.2312      12.894     22-Mar-2024 22:00:53
    83       2      4     100    0.05       10       0.978    -4.7332     -4.7332         10              2             34.466            1.0024           0.916      14.339     22-Mar-2024 22:00:53
    83       3      4     100    0.05       10       0.982    -4.4691     -4.4691         10              3             33.066           0.94327          1.0239      11.204     22-Mar-2024 22:00:53
    83       4      4     100    0.05       10       0.982    -4.7331     -4.7331         10              2              34.18           0.99457         0.77802      12.733     22-Mar-2024 22:00:53
    83       5      4     100    0.05       10       0.982    -4.7331     -4.7331         10              2              34.18           0.99457         0.78343      12.664     22-Mar-2024 22:00:53
    83       6      4     100    0.05       10       0.982    -4.7331     -4.7331         10              2              34.18           0.99457         0.90083      12.335     22-Mar-2024 22:00:53
    83       7      4     100    0.05       10       0.982    -4.7331     -4.7331         10              2              34.18           0.99457         0.77462      12.406     22-Mar-2024 22:00:53
    83       8      4     100    0.05       10       0.982    -4.7331     -4.7331         10              2              34.18           0.99457         0.91605      10.655     22-Mar-2024 22:00:53
    83       9      4     100    0.05       10       0.982    -4.7331     -4.7331         10              2              34.18           0.99457         0.78716      10.948     22-Mar-2024 22:00:53
    83      10      4     100    0.05       10       0.982    -4.7331     -4.7331         10              2              34.18           0.99457         0.91513      13.414     22-Mar-2024 22:00:53
    83      11      4     100    0.05       10       0.982    -4.7331     -4.7331         10              2              34.18           0.99457         0.78717       12.87     22-Mar-2024 22:00:53
    83      12      4     100    0.05       10       0.982    -4.7331     -4.7331         10              2              34.18           0.99457          0.9066      11.192     22-Mar-2024 22:00:53
    83      13      4     100    0.05       10       0.982    -4.7331     -4.7331         10              2              34.18           0.99457         0.79521      12.215     22-Mar-2024 22:00:53
    83      14      4     100    0.05       10       0.982    -4.7331     -4.7331         10              2              34.18           0.99457         0.91136      13.896     22-Mar-2024 22:00:53
    83      15      4     100    0.05       10       0.982    -4.7331     -4.7331         10              2              34.18           0.99457         0.84491      12.353     22-Mar-2024 22:00:53
    83      16      4     100    0.05       10       0.982    -4.7331     -4.7331         10              2              34.18           0.99457         0.95611      12.251     22-Mar-2024 22:00:53
    83      17      4     100    0.05       10       0.982    -4.7331     -4.7331         10              2              34.18           0.99457          1.0992      13.648     22-Mar-2024 22:00:53
    83      18      4     100    0.05       10       0.982    -4.7331     -4.7331         10              2              34.18           0.99457         0.79828      12.285     22-Mar-2024 22:00:53
    83      19      4     100    0.05       10       0.982    -4.7331     -4.7331         10              2              34.18           0.99457         0.90671      13.386     22-Mar-2024 22:00:53
    83      20      4     100    0.05       10       0.982    -4.7331     -4.7331         10              2              34.18           0.99457         0.78436      13.137     22-Mar-2024 22:00:53
    83      21      4     100    0.05       10       0.982    -4.7331     -4.7331         10              2              34.18           0.99457         0.91667      12.923     22-Mar-2024 22:00:53
    83      22      4     100    0.05       10       0.982    -4.7331     -4.7331         10              2              34.18           0.99457         0.79138      13.187     22-Mar-2024 22:00:53
    83      23      4     100    0.05       10       0.982    -4.7331     -4.7331         10              2              34.18           0.99457         0.93201      13.287     22-Mar-2024 22:00:53
    83      24      4     100    0.05       10       0.982    -4.7331     -4.7331         10              2              34.18           0.99457         0.92318      12.036     22-Mar-2024 22:00:53
    83      25      4     100    0.05       10       0.982    -4.7331     -4.7331         10              2              34.18           0.99457         0.81171      12.519     22-Mar-2024 22:00:53
    83      26      4     100    0.05       10       0.982    -4.7331     -4.7331         10              2              34.18           0.99457          1.0503      13.486     22-Mar-2024 22:00:53
    83      27      4     100    0.05       10       0.982    -4.7331     -4.7331         10              2              34.18           0.99457          0.7876      12.872     22-Mar-2024 22:00:53
    83      28      4     100    0.05       10       0.982    -4.7331     -4.7331         10              2              34.18           0.99457          1.2056      12.541     22-Mar-2024 22:00:53
    83      29      4     100    0.05       10       0.982    -4.7331     -4.7331         10              2              34.18           0.99457         0.81095      12.507     22-Mar-2024 22:00:53
    83      30      4     100    0.05       10       0.982    -4.7331     -4.7331         10              2              34.18           0.99457           0.936      12.967     22-Mar-2024 22:00:53


rep =

    84

replication: (84)th 


thres =

    3.0349

thres=3.034854
1 th thresholding

  breakyes=1.4,  maxresidual < 1.00e-06
11 entries survived 

2 th thresholding

  breakyes=1.3,  maxresidual < 1.00e-06
11 entries survived 

3 th thresholding

  breakyes=1.0,  maxresidual < 1.00e-06
11 entries survived 

4 th thresholding

  breakyes=1.0,  maxresidual < 1.00e-06
11 entries survived 

5 th thresholding

  breakyes=1.0,  maxresidual < 1.00e-06
11 entries survived 

6 th thresholding

  breakyes=1.0,  maxresidual < 1.00e-06
11 entries survived 

7 th thresholding

  breakyes=1.0,  maxresidual < 1.00e-06
11 entries survived 

8 th thresholding

  breakyes=1.0,  maxresidual < 1.00e-06
11 entries survived 

9 th thresholding

  breakyes=1.0,  maxresidual < 1.00e-06
11 entries survived 

10 th thresholding

  breakyes=1.0,  maxresidual < 1.00e-06
11 entries survived 

11 th thresholding

  breakyes=1.0,  maxresidual < 1.00e-06
11 entries survived 

12 th thresholding

  breakyes=1.0,  maxresidual < 1.00e-06
11 entries survived 

13 th thresholding

  breakyes=1.0,  maxresidual < 1.00e-06
11 entries survived 

14 th thresholding

  breakyes=1.0,  maxresidual < 1.00e-06
11 entries survived 

15 th thresholding

  breakyes=1.0,  maxresidual < 1.00e-06
11 entries survived 

16 th thresholding

  breakyes=1.0,  maxresidual < 1.00e-06
11 entries survived 

17 th thresholding

  breakyes=1.0,  maxresidual < 1.00e-06
11 entries survived 

18 th thresholding

  breakyes=1.0,  maxresidual < 1.00e-06
11 entries survived 

19 th thresholding

  breakyes=1.0,  maxresidual < 1.00e-06
11 entries survived 

20 th thresholding

  breakyes=1.0,  maxresidual < 1.00e-06
11 entries survived 

21 th thresholding

  breakyes=1.0,  maxresidual < 1.00e-06
11 entries survived 

22 th thresholding

  breakyes=1.0,  maxresidual < 1.00e-06
11 entries survived 

23 th thresholding

  breakyes=1.0,  maxresidual < 1.00e-06
11 entries survived 

24 th thresholding

  breakyes=1.0,  maxresidual < 1.00e-06
11 entries survived 

25 th thresholding

  breakyes=1.0,  maxresidual < 1.00e-06
11 entries survived 

26 th thresholding

  breakyes=1.0,  maxresidual < 1.00e-06
11 entries survived 

27 th thresholding

  breakyes=1.0,  maxresidual < 1.00e-06
11 entries survived 

28 th thresholding

  breakyes=1.0,  maxresidual < 1.00e-06
11 entries survived 

29 th thresholding

  breakyes=1.0,  maxresidual < 1.00e-06
11 entries survived 

30 th thresholding

  breakyes=1.0,  maxresidual < 1.00e-06
11 entries survived 

acc_vec =

    0.9720
    0.9740
    0.9720
    0.9740
    0.9720
    0.9740
    0.9720
    0.9740
    0.9720
    0.9740
    0.9720
    0.9740
    0.9720
    0.9740
    0.9720
    0.9740
    0.9720
    0.9740
    0.9720
    0.9740
    0.9720
    0.9740
    0.9720
    0.9740
    0.9720
    0.9740
    0.9720
    0.9740
    0.9720
    0.9740
    0.9720

acc =0.972000  0.974000  0.972000  0.974000  0.972000  0.974000  0.972000  0.974000  0.972000  0.974000  0.972000  0.974000  0.972000  0.974000  0.972000  0.974000  0.972000  0.974000  0.972000  0.974000  0.972000  0.974000  0.972000  0.974000  0.972000  0.974000  0.972000  0.974000  0.972000  0.974000  0.972000 

discov_true_vec =

    10
    10
    10
    10
    10
    10
    10
    10
    10
    10
    10
    10
    10
    10
    10
    10
    10
    10
    10
    10
    10
    10
    10
    10
    10
    10
    10
    10
    10
    10


discov_false_vec =

     1
     1
     1
     1
     1
     1
     1
     1
     1
     1
     1
     1
     1
     1
     1
     1
     1
     1
     1
     1
     1
     1
     1
     1
     1
     1
     1
     1
     1
     1


data =

  31x16 table

    rep    iter    sep    dim    rho     sparsity     acc     obj_prim    obj_dual    discov_true    discov_false    diff_x_tilde    diff_omega_diag    time_isee    time_SDP          jobdate       
    ___    ____    ___    ___    ____    ________    _____    ________    ________    ___________    ____________    ____________    _______________    _________    ________    ____________________

    84       0      4     100    0.05       10       0.972          0           0          0              0                  0                 0               0           0     22-Mar-2024 22:08:15
    84       1      4     100    0.05       10       0.974     -4.672      -4.672         10              1             31.532           0.89676          1.2549      40.925     22-Mar-2024 22:08:15
    84       2      4     100    0.05       10       0.972    -4.9313     -4.9313         10              1              34.33           0.96641         0.90056      25.736     22-Mar-2024 22:08:15
    84       3      4     100    0.05       10       0.974    -4.7567     -4.7567         10              1             33.409           0.92159         0.91223      11.211     22-Mar-2024 22:08:15
    84       4      4     100    0.05       10       0.972     -4.797      -4.797         10              1             32.757            0.9093         0.77236      13.089     22-Mar-2024 22:08:15
    84       5      4     100    0.05       10       0.974    -4.7567     -4.7567         10              1             33.409           0.92159          0.7839      12.275     22-Mar-2024 22:08:15
    84       6      4     100    0.05       10       0.972     -4.797      -4.797         10              1             32.757            0.9093         0.89453      12.934     22-Mar-2024 22:08:15
    84       7      4     100    0.05       10       0.974    -4.7567     -4.7567         10              1             33.409           0.92159         0.78003      11.517     22-Mar-2024 22:08:15
    84       8      4     100    0.05       10       0.972     -4.797      -4.797         10              1             32.757            0.9093          1.2542      12.252     22-Mar-2024 22:08:15
    84       9      4     100    0.05       10       0.974    -4.7567     -4.7567         10              1             33.409           0.92159         0.89873       12.51     22-Mar-2024 22:08:15
    84      10      4     100    0.05       10       0.972     -4.797      -4.797         10              1             32.757            0.9093         0.90537      13.432     22-Mar-2024 22:08:15
    84      11      4     100    0.05       10       0.974    -4.7567     -4.7567         10              1             33.409           0.92159          0.8986      13.128     22-Mar-2024 22:08:15
    84      12      4     100    0.05       10       0.972     -4.797      -4.797         10              1             32.757            0.9093         0.91246      13.603     22-Mar-2024 22:08:15
    84      13      4     100    0.05       10       0.974    -4.7567     -4.7567         10              1             33.409           0.92159         0.88978      12.437     22-Mar-2024 22:08:15
    84      14      4     100    0.05       10       0.972     -4.797      -4.797         10              1             32.757            0.9093         0.76373      13.169     22-Mar-2024 22:08:15
    84      15      4     100    0.05       10       0.974    -4.7567     -4.7567         10              1             33.409           0.92159         0.76497      12.904     22-Mar-2024 22:08:15
    84      16      4     100    0.05       10       0.972     -4.797      -4.797         10              1             32.757            0.9093         0.88831      14.441     22-Mar-2024 22:08:15
    84      17      4     100    0.05       10       0.974    -4.7567     -4.7567         10              1             33.409           0.92159         0.75798      12.895     22-Mar-2024 22:08:15
    84      18      4     100    0.05       10       0.972     -4.797      -4.797         10              1             32.757            0.9093         0.87924      12.454     22-Mar-2024 22:08:15
    84      19      4     100    0.05       10       0.974    -4.7567     -4.7567         10              1             33.409           0.92159         0.88374      11.618     22-Mar-2024 22:08:15
    84      20      4     100    0.05       10       0.972     -4.797      -4.797         10              1             32.757            0.9093         0.88644      13.295     22-Mar-2024 22:08:15
    84      21      4     100    0.05       10       0.974    -4.7567     -4.7567         10              1             33.409           0.92159         0.89832      11.941     22-Mar-2024 22:08:15
    84      22      4     100    0.05       10       0.972     -4.797      -4.797         10              1             32.757            0.9093         0.89997      12.056     22-Mar-2024 22:08:15
    84      23      4     100    0.05       10       0.974    -4.7567     -4.7567         10              1             33.409           0.92159         0.92035      11.058     22-Mar-2024 22:08:15
    84      24      4     100    0.05       10       0.972     -4.797      -4.797         10              1             32.757            0.9093         0.77045      12.628     22-Mar-2024 22:08:15
    84      25      4     100    0.05       10       0.974    -4.7567     -4.7567         10              1             33.409           0.92159         0.89493      12.863     22-Mar-2024 22:08:15
    84      26      4     100    0.05       10       0.972     -4.797      -4.797         10              1             32.757            0.9093         0.77101      11.585     22-Mar-2024 22:08:15
    84      27      4     100    0.05       10       0.974    -4.7567     -4.7567         10              1             33.409           0.92159         0.77358        10.5     22-Mar-2024 22:08:15
    84      28      4     100    0.05       10       0.972     -4.797      -4.797         10              1             32.757            0.9093         0.75636      11.977     22-Mar-2024 22:08:15
    84      29      4     100    0.05       10       0.974    -4.7567     -4.7567         10              1             33.409           0.92159          1.1245      11.952     22-Mar-2024 22:08:15
    84      30      4     100    0.05       10       0.972     -4.797      -4.797         10              1             32.757            0.9093         0.87652      13.499     22-Mar-2024 22:08:15

