==========================================
SLURM_JOB_ID = 20418205
SLURM_JOB_NODELIST = a01-02
TMPDIR = /tmp/SLURM_20418205
==========================================
hello
Starting parallel pool (parpool) ...
Connected to the parallel pool (number of workers: 15).

pool = 

 ProcessPool with properties: 

            Connected: true
           NumWorkers: 15
                 Busy: false
              Cluster: Local
        AttachedFiles: {}
    AutoAddClientPath: true
            FileStore: [1x1 parallel.FileStore]
           ValueStore: [1x1 parallel.ValueStore]
          IdleTimeout: 30 minutes (30 minutes remaining)
          SpmdEnabled: true


p =

   400


Delta =

     5


s =

    10


n =

   500


ii =

    17


table_name =

    'sparse_kmeans_isee'


conn = 

  sqlite with properties:

      Database: '/home1/jongminm/sparse_kmeans/sparse_kmeans.db'
    IsReadOnly: 0
    AutoCommit: 'on'


rho =

    0.0500


M =

    0.8251

delta confirmed: 5.000000
ans =

    4.7923


rep =

    65

replication: (65)th 


thres =

    3.4616

thres=3.461637
1 th thresholding

  breakyes=3.1,  primfeasorg deteriorated too much: primfeasorg=5.10e-06,dualfeasorg=6.80e-06
10 entries survived 

2 th thresholding

  breakyes=1.0,  maxresidual < 1.00e-06
10 entries survived 

3 th thresholding

  breakyes=1.0,  maxresidual < 1.00e-06
10 entries survived 

4 th thresholding

  breakyes=1.0,  maxresidual < 1.00e-06
10 entries survived 

5 th thresholding

  breakyes=1.0,  maxresidual < 1.00e-06
10 entries survived 

6 th thresholding

  breakyes=1.0,  maxresidual < 1.00e-06
10 entries survived 

7 th thresholding

  breakyes=1.0,  maxresidual < 1.00e-06
10 entries survived 

8 th thresholding

  breakyes=1.0,  maxresidual < 1.00e-06
10 entries survived 

9 th thresholding

  breakyes=1.0,  maxresidual < 1.00e-06
10 entries survived 

10 th thresholding

  breakyes=1.0,  maxresidual < 1.00e-06
10 entries survived 

11 th thresholding

  breakyes=1.0,  maxresidual < 1.00e-06
10 entries survived 

12 th thresholding

  breakyes=1.0,  maxresidual < 1.00e-06
10 entries survived 

13 th thresholding

  breakyes=1.0,  maxresidual < 1.00e-06
10 entries survived 

14 th thresholding

  breakyes=1.0,  maxresidual < 1.00e-06
10 entries survived 

15 th thresholding

  breakyes=1.0,  maxresidual < 1.00e-06
10 entries survived 

16 th thresholding

  breakyes=1.0,  maxresidual < 1.00e-06
10 entries survived 

17 th thresholding

  breakyes=1.0,  maxresidual < 1.00e-06
10 entries survived 

18 th thresholding

  breakyes=1.0,  maxresidual < 1.00e-06
10 entries survived 

19 th thresholding

  breakyes=1.0,  maxresidual < 1.00e-06
10 entries survived 

20 th thresholding

  breakyes=1.0,  maxresidual < 1.00e-06
10 entries survived 

21 th thresholding

  breakyes=1.0,  maxresidual < 1.00e-06
10 entries survived 

22 th thresholding

  breakyes=1.0,  maxresidual < 1.00e-06
10 entries survived 

23 th thresholding

  breakyes=1.0,  maxresidual < 1.00e-06
10 entries survived 

24 th thresholding

  breakyes=1.0,  maxresidual < 1.00e-06
10 entries survived 

25 th thresholding

  breakyes=1.0,  maxresidual < 1.00e-06
10 entries survived 

26 th thresholding

  breakyes=1.0,  maxresidual < 1.00e-06
10 entries survived 

27 th thresholding

  breakyes=1.0,  maxresidual < 1.00e-06
10 entries survived 

28 th thresholding

  breakyes=1.0,  maxresidual < 1.00e-06
10 entries survived 

29 th thresholding

  breakyes=1.0,  maxresidual < 1.00e-06
10 entries survived 

30 th thresholding

  breakyes=1.0,  maxresidual < 1.00e-06
10 entries survived 

acc_vec =

    0.9920
    0.9960
    0.9960
    0.9960
    0.9960
    0.9960
    0.9960
    0.9960
    0.9960
    0.9960
    0.9960
    0.9960
    0.9960
    0.9960
    0.9960
    0.9960
    0.9960
    0.9960
    0.9960
    0.9960
    0.9960
    0.9960
    0.9960
    0.9960
    0.9960
    0.9960
    0.9960
    0.9960
    0.9960
    0.9960
    0.9960

acc =0.992000  0.996000  0.996000  0.996000  0.996000  0.996000  0.996000  0.996000  0.996000  0.996000  0.996000  0.996000  0.996000  0.996000  0.996000  0.996000  0.996000  0.996000  0.996000  0.996000  0.996000  0.996000  0.996000  0.996000  0.996000  0.996000  0.996000  0.996000  0.996000  0.996000  0.996000 

discov_true_vec =

    10
    10
    10
    10
    10
    10
    10
    10
    10
    10
    10
    10
    10
    10
    10
    10
    10
    10
    10
    10
    10
    10
    10
    10
    10
    10
    10
    10
    10
    10


discov_false_vec =

     0
     0
     0
     0
     0
     0
     0
     0
     0
     0
     0
     0
     0
     0
     0
     0
     0
     0
     0
     0
     0
     0
     0
     0
     0
     0
     0
     0
     0
     0


data =

  31x16 table

    rep    iter    sep    dim    rho     sparsity     acc     obj_prim    obj_dual    discov_true    discov_false    diff_x_tilde    diff_omega_diag    time_isee    time_SDP          jobdate       
    ___    ____    ___    ___    ____    ________    _____    ________    ________    ___________    ____________    ____________    _______________    _________    ________    ____________________

    65       0      5     400    0.05       10       0.992          0           0          0              0                  0                0               0            0     22-Mar-2024 21:21:19
    65       1      5     400    0.05       10       0.996    -6.8031     -6.8035         10              0             74.375           2.7035           17.59       17.419     22-Mar-2024 21:21:19
    65       2      5     400    0.05       10       0.996    -6.8699     -6.8699         10              0             71.909           2.6157          15.257       19.293     22-Mar-2024 21:21:19
    65       3      5     400    0.05       10       0.996    -6.8699     -6.8699         10              0             71.909           2.6157          15.319       18.482     22-Mar-2024 21:21:19
    65       4      5     400    0.05       10       0.996    -6.8699     -6.8699         10              0             71.909           2.6157          15.083        19.22     22-Mar-2024 21:21:19
    65       5      5     400    0.05       10       0.996    -6.8699     -6.8699         10              0             71.909           2.6157          15.401       19.376     22-Mar-2024 21:21:19
    65       6      5     400    0.05       10       0.996    -6.8699     -6.8699         10              0             71.909           2.6157          15.402       19.092     22-Mar-2024 21:21:19
    65       7      5     400    0.05       10       0.996    -6.8699     -6.8699         10              0             71.909           2.6157           15.29        18.71     22-Mar-2024 21:21:19
    65       8      5     400    0.05       10       0.996    -6.8699     -6.8699         10              0             71.909           2.6157          15.035       17.819     22-Mar-2024 21:21:19
    65       9      5     400    0.05       10       0.996    -6.8699     -6.8699         10              0             71.909           2.6157          15.231       18.737     22-Mar-2024 21:21:19
    65      10      5     400    0.05       10       0.996    -6.8699     -6.8699         10              0             71.909           2.6157          16.082       16.723     22-Mar-2024 21:21:19
    65      11      5     400    0.05       10       0.996    -6.8699     -6.8699         10              0             71.909           2.6157          15.203       18.454     22-Mar-2024 21:21:19
    65      12      5     400    0.05       10       0.996    -6.8699     -6.8699         10              0             71.909           2.6157          15.148       17.898     22-Mar-2024 21:21:19
    65      13      5     400    0.05       10       0.996    -6.8699     -6.8699         10              0             71.909           2.6157          15.156       18.243     22-Mar-2024 21:21:19
    65      14      5     400    0.05       10       0.996    -6.8699     -6.8699         10              0             71.909           2.6157          15.132       18.734     22-Mar-2024 21:21:19
    65      15      5     400    0.05       10       0.996    -6.8699     -6.8699         10              0             71.909           2.6157          15.141       18.702     22-Mar-2024 21:21:19
    65      16      5     400    0.05       10       0.996    -6.8699     -6.8699         10              0             71.909           2.6157          15.177       18.707     22-Mar-2024 21:21:19
    65      17      5     400    0.05       10       0.996    -6.8699     -6.8699         10              0             71.909           2.6157          15.156       18.604     22-Mar-2024 21:21:19
    65      18      5     400    0.05       10       0.996    -6.8699     -6.8699         10              0             71.909           2.6157          15.133       18.788     22-Mar-2024 21:21:19
    65      19      5     400    0.05       10       0.996    -6.8699     -6.8699         10              0             71.909           2.6157          15.528       18.813     22-Mar-2024 21:21:19
    65      20      5     400    0.05       10       0.996    -6.8699     -6.8699         10              0             71.909           2.6157          15.239       18.787     22-Mar-2024 21:21:19
    65      21      5     400    0.05       10       0.996    -6.8699     -6.8699         10              0             71.909           2.6157          15.199       18.757     22-Mar-2024 21:21:19
    65      22      5     400    0.05       10       0.996    -6.8699     -6.8699         10              0             71.909           2.6157           15.16       18.628     22-Mar-2024 21:21:19
    65      23      5     400    0.05       10       0.996    -6.8699     -6.8699         10              0             71.909           2.6157          15.143       18.138     22-Mar-2024 21:21:19
    65      24      5     400    0.05       10       0.996    -6.8699     -6.8699         10              0             71.909           2.6157            15.1       18.515     22-Mar-2024 21:21:19
    65      25      5     400    0.05       10       0.996    -6.8699     -6.8699         10              0             71.909           2.6157          15.265       18.291     22-Mar-2024 21:21:19
    65      26      5     400    0.05       10       0.996    -6.8699     -6.8699         10              0             71.909           2.6157          15.157       18.318     22-Mar-2024 21:21:19
    65      27      5     400    0.05       10       0.996    -6.8699     -6.8699         10              0             71.909           2.6157          15.002       18.467     22-Mar-2024 21:21:19
    65      28      5     400    0.05       10       0.996    -6.8699     -6.8699         10              0             71.909           2.6157           15.01       17.834     22-Mar-2024 21:21:19
    65      29      5     400    0.05       10       0.996    -6.8699     -6.8699         10              0             71.909           2.6157          14.987       18.192     22-Mar-2024 21:21:19
    65      30      5     400    0.05       10       0.996    -6.8699     -6.8699         10              0             71.909           2.6157          14.932       18.111     22-Mar-2024 21:21:19


rep =

    66

replication: (66)th 


thres =

    3.4616

thres=3.461637
1 th thresholding

  breakyes=3.1,  primfeasorg deteriorated too much: primfeasorg=6.62e-06,dualfeasorg=3.44e-07
10 entries survived 

2 th thresholding

  breakyes=1.0,  maxresidual < 1.00e-06
10 entries survived 

3 th thresholding

  breakyes=1.0,  maxresidual < 1.00e-06
10 entries survived 

4 th thresholding

  breakyes=1.0,  maxresidual < 1.00e-06
10 entries survived 

5 th thresholding

  breakyes=1.0,  maxresidual < 1.00e-06
10 entries survived 

6 th thresholding

  breakyes=1.0,  maxresidual < 1.00e-06
10 entries survived 

7 th thresholding

  breakyes=1.0,  maxresidual < 1.00e-06
10 entries survived 

8 th thresholding

  breakyes=1.0,  maxresidual < 1.00e-06
10 entries survived 

9 th thresholding

  breakyes=1.0,  maxresidual < 1.00e-06
10 entries survived 

10 th thresholding

  breakyes=1.0,  maxresidual < 1.00e-06
10 entries survived 

11 th thresholding

  breakyes=1.0,  maxresidual < 1.00e-06
10 entries survived 

12 th thresholding

  breakyes=1.0,  maxresidual < 1.00e-06
10 entries survived 

13 th thresholding

  breakyes=1.0,  maxresidual < 1.00e-06
10 entries survived 

14 th thresholding

  breakyes=1.0,  maxresidual < 1.00e-06
10 entries survived 

15 th thresholding

  breakyes=1.0,  maxresidual < 1.00e-06
10 entries survived 

16 th thresholding

  breakyes=1.0,  maxresidual < 1.00e-06
10 entries survived 

17 th thresholding

  breakyes=1.0,  maxresidual < 1.00e-06
10 entries survived 

18 th thresholding

  breakyes=1.0,  maxresidual < 1.00e-06
10 entries survived 

19 th thresholding

  breakyes=1.0,  maxresidual < 1.00e-06
10 entries survived 

20 th thresholding

  breakyes=1.0,  maxresidual < 1.00e-06
10 entries survived 

21 th thresholding

  breakyes=1.0,  maxresidual < 1.00e-06
10 entries survived 

22 th thresholding

  breakyes=1.0,  maxresidual < 1.00e-06
10 entries survived 

23 th thresholding

  breakyes=1.0,  maxresidual < 1.00e-06
10 entries survived 

24 th thresholding

  breakyes=1.0,  maxresidual < 1.00e-06
10 entries survived 

25 th thresholding

  breakyes=1.0,  maxresidual < 1.00e-06
10 entries survived 

26 th thresholding

  breakyes=1.0,  maxresidual < 1.00e-06
10 entries survived 

27 th thresholding

  breakyes=1.0,  maxresidual < 1.00e-06
10 entries survived 

28 th thresholding

  breakyes=1.0,  maxresidual < 1.00e-06
10 entries survived 

29 th thresholding

  breakyes=1.0,  maxresidual < 1.00e-06
10 entries survived 

30 th thresholding

  breakyes=1.0,  maxresidual < 1.00e-06
10 entries survived 

acc_vec =

    0.9840
    0.9880
    0.9900
    0.9900
    0.9900
    0.9900
    0.9900
    0.9900
    0.9900
    0.9900
    0.9900
    0.9900
    0.9900
    0.9900
    0.9900
    0.9900
    0.9900
    0.9900
    0.9900
    0.9900
    0.9900
    0.9900
    0.9900
    0.9900
    0.9900
    0.9900
    0.9900
    0.9900
    0.9900
    0.9900
    0.9900

acc =0.984000  0.988000  0.990000  0.990000  0.990000  0.990000  0.990000  0.990000  0.990000  0.990000  0.990000  0.990000  0.990000  0.990000  0.990000  0.990000  0.990000  0.990000  0.990000  0.990000  0.990000  0.990000  0.990000  0.990000  0.990000  0.990000  0.990000  0.990000  0.990000  0.990000  0.990000 

discov_true_vec =

    10
    10
    10
    10
    10
    10
    10
    10
    10
    10
    10
    10
    10
    10
    10
    10
    10
    10
    10
    10
    10
    10
    10
    10
    10
    10
    10
    10
    10
    10


discov_false_vec =

     0
     0
     0
     0
     0
     0
     0
     0
     0
     0
     0
     0
     0
     0
     0
     0
     0
     0
     0
     0
     0
     0
     0
     0
     0
     0
     0
     0
     0
     0


data =

  31x16 table

    rep    iter    sep    dim    rho     sparsity     acc     obj_prim    obj_dual    discov_true    discov_false    diff_x_tilde    diff_omega_diag    time_isee    time_SDP          jobdate       
    ___    ____    ___    ___    ____    ________    _____    ________    ________    ___________    ____________    ____________    _______________    _________    ________    ____________________

    66       0      5     400    0.05       10       0.984          0           0          0              0                  0                0               0            0     22-Mar-2024 21:37:04
    66       1      5     400    0.05       10       0.988    -6.9176     -6.9174         10              0             69.929           2.4805          15.205       18.781     22-Mar-2024 21:37:04
    66       2      5     400    0.05       10        0.99    -7.0361     -7.0361         10              0             68.004           2.3305          15.203       16.252     22-Mar-2024 21:37:04
    66       3      5     400    0.05       10        0.99     -7.171      -7.171         10              0             69.137           2.3761          15.247       15.861     22-Mar-2024 21:37:04
    66       4      5     400    0.05       10        0.99     -7.171      -7.171         10              0             69.137           2.3761          15.225        16.23     22-Mar-2024 21:37:04
    66       5      5     400    0.05       10        0.99     -7.171      -7.171         10              0             69.137           2.3761          15.182       15.955     22-Mar-2024 21:37:04
    66       6      5     400    0.05       10        0.99     -7.171      -7.171         10              0             69.137           2.3761          15.206        16.49     22-Mar-2024 21:37:04
    66       7      5     400    0.05       10        0.99     -7.171      -7.171         10              0             69.137           2.3761          15.216       15.836     22-Mar-2024 21:37:04
    66       8      5     400    0.05       10        0.99     -7.171      -7.171         10              0             69.137           2.3761          15.106        15.75     22-Mar-2024 21:37:04
    66       9      5     400    0.05       10        0.99     -7.171      -7.171         10              0             69.137           2.3761          15.222       16.105     22-Mar-2024 21:37:04
    66      10      5     400    0.05       10        0.99     -7.171      -7.171         10              0             69.137           2.3761          15.129        15.48     22-Mar-2024 21:37:04
    66      11      5     400    0.05       10        0.99     -7.171      -7.171         10              0             69.137           2.3761          15.207       15.793     22-Mar-2024 21:37:04
    66      12      5     400    0.05       10        0.99     -7.171      -7.171         10              0             69.137           2.3761          15.069       15.729     22-Mar-2024 21:37:04
    66      13      5     400    0.05       10        0.99     -7.171      -7.171         10              0             69.137           2.3761          15.042       15.615     22-Mar-2024 21:37:04
    66      14      5     400    0.05       10        0.99     -7.171      -7.171         10              0             69.137           2.3761          15.004       16.059     22-Mar-2024 21:37:04
    66      15      5     400    0.05       10        0.99     -7.171      -7.171         10              0             69.137           2.3761          15.041       15.401     22-Mar-2024 21:37:04
    66      16      5     400    0.05       10        0.99     -7.171      -7.171         10              0             69.137           2.3761          15.205       15.697     22-Mar-2024 21:37:04
    66      17      5     400    0.05       10        0.99     -7.171      -7.171         10              0             69.137           2.3761          15.227       16.098     22-Mar-2024 21:37:04
    66      18      5     400    0.05       10        0.99     -7.171      -7.171         10              0             69.137           2.3761          15.095       16.057     22-Mar-2024 21:37:04
    66      19      5     400    0.05       10        0.99     -7.171      -7.171         10              0             69.137           2.3761          15.124       15.726     22-Mar-2024 21:37:04
    66      20      5     400    0.05       10        0.99     -7.171      -7.171         10              0             69.137           2.3761          15.246       15.879     22-Mar-2024 21:37:04
    66      21      5     400    0.05       10        0.99     -7.171      -7.171         10              0             69.137           2.3761          15.223       15.905     22-Mar-2024 21:37:04
    66      22      5     400    0.05       10        0.99     -7.171      -7.171         10              0             69.137           2.3761          15.205       16.267     22-Mar-2024 21:37:04
    66      23      5     400    0.05       10        0.99     -7.171      -7.171         10              0             69.137           2.3761           15.52       16.367     22-Mar-2024 21:37:04
    66      24      5     400    0.05       10        0.99     -7.171      -7.171         10              0             69.137           2.3761          15.821       16.596     22-Mar-2024 21:37:04
    66      25      5     400    0.05       10        0.99     -7.171      -7.171         10              0             69.137           2.3761          15.927       16.482     22-Mar-2024 21:37:04
    66      26      5     400    0.05       10        0.99     -7.171      -7.171         10              0             69.137           2.3761          15.845       16.915     22-Mar-2024 21:37:04
    66      27      5     400    0.05       10        0.99     -7.171      -7.171         10              0             69.137           2.3761          15.757       17.479     22-Mar-2024 21:37:04
    66      28      5     400    0.05       10        0.99     -7.171      -7.171         10              0             69.137           2.3761          15.971       15.487     22-Mar-2024 21:37:04
    66      29      5     400    0.05       10        0.99     -7.171      -7.171         10              0             69.137           2.3761           15.79       16.812     22-Mar-2024 21:37:04
    66      30      5     400    0.05       10        0.99     -7.171      -7.171         10              0             69.137           2.3761          15.497       15.715     22-Mar-2024 21:37:04


rep =

    67

replication: (67)th 


thres =

    3.4616

thres=3.461637
1 th thresholding

  breakyes=1.4,  maxresidual < 1.00e-06
10 entries survived 

2 th thresholding

  breakyes=1.4,  maxresidual < 1.00e-06
10 entries survived 

3 th thresholding

  breakyes=1.4,  maxresidual < 1.00e-06
10 entries survived 

4 th thresholding

  breakyes=1.4,  maxresidual < 1.00e-06
10 entries survived 

5 th thresholding

  breakyes=1.4,  maxresidual < 1.00e-06
10 entries survived 

6 th thresholding

  breakyes=1.4,  maxresidual < 1.00e-06
10 entries survived 

7 th thresholding

  breakyes=1.4,  maxresidual < 1.00e-06
10 entries survived 

8 th thresholding

  breakyes=1.4,  maxresidual < 1.00e-06
10 entries survived 

9 th thresholding

  breakyes=1.4,  maxresidual < 1.00e-06
10 entries survived 

10 th thresholding

  breakyes=1.4,  maxresidual < 1.00e-06
10 entries survived 

11 th thresholding

  breakyes=1.4,  maxresidual < 1.00e-06
10 entries survived 

12 th thresholding

  breakyes=1.4,  maxresidual < 1.00e-06
10 entries survived 

13 th thresholding

  breakyes=1.4,  maxresidual < 1.00e-06
10 entries survived 

14 th thresholding

  breakyes=1.4,  maxresidual < 1.00e-06
10 entries survived 

15 th thresholding

  breakyes=1.4,  maxresidual < 1.00e-06
10 entries survived 

16 th thresholding

  breakyes=1.4,  maxresidual < 1.00e-06
10 entries survived 

17 th thresholding

  breakyes=1.4,  maxresidual < 1.00e-06
10 entries survived 

18 th thresholding

  breakyes=1.4,  maxresidual < 1.00e-06
10 entries survived 

19 th thresholding

  breakyes=1.4,  maxresidual < 1.00e-06
10 entries survived 

20 th thresholding

  breakyes=1.4,  maxresidual < 1.00e-06
10 entries survived 

21 th thresholding

  breakyes=1.4,  maxresidual < 1.00e-06
10 entries survived 

22 th thresholding

  breakyes=1.4,  maxresidual < 1.00e-06
10 entries survived 

23 th thresholding

  breakyes=1.4,  maxresidual < 1.00e-06
10 entries survived 

24 th thresholding

  breakyes=1.4,  maxresidual < 1.00e-06
10 entries survived 

25 th thresholding

  breakyes=1.4,  maxresidual < 1.00e-06
10 entries survived 

26 th thresholding

  breakyes=1.4,  maxresidual < 1.00e-06
10 entries survived 

27 th thresholding

  breakyes=1.4,  maxresidual < 1.00e-06
10 entries survived 

28 th thresholding

  breakyes=1.4,  maxresidual < 1.00e-06
10 entries survived 

29 th thresholding

  breakyes=1.4,  maxresidual < 1.00e-06
10 entries survived 

30 th thresholding

  breakyes=1.4,  maxresidual < 1.00e-06
10 entries survived 

acc_vec =

    0.9960
    0.9960
    0.9960
    0.9960
    0.9960
    0.9960
    0.9960
    0.9960
    0.9960
    0.9960
    0.9960
    0.9960
    0.9960
    0.9960
    0.9960
    0.9960
    0.9960
    0.9960
    0.9960
    0.9960
    0.9960
    0.9960
    0.9960
    0.9960
    0.9960
    0.9960
    0.9960
    0.9960
    0.9960
    0.9960
    0.9960

acc =0.996000  0.996000  0.996000  0.996000  0.996000  0.996000  0.996000  0.996000  0.996000  0.996000  0.996000  0.996000  0.996000  0.996000  0.996000  0.996000  0.996000  0.996000  0.996000  0.996000  0.996000  0.996000  0.996000  0.996000  0.996000  0.996000  0.996000  0.996000  0.996000  0.996000  0.996000 

discov_true_vec =

    10
    10
    10
    10
    10
    10
    10
    10
    10
    10
    10
    10
    10
    10
    10
    10
    10
    10
    10
    10
    10
    10
    10
    10
    10
    10
    10
    10
    10
    10


discov_false_vec =

     0
     0
     0
     0
     0
     0
     0
     0
     0
     0
     0
     0
     0
     0
     0
     0
     0
     0
     0
     0
     0
     0
     0
     0
     0
     0
     0
     0
     0
     0


data =

  31x16 table

    rep    iter    sep    dim    rho     sparsity     acc     obj_prim    obj_dual    discov_true    discov_false    diff_x_tilde    diff_omega_diag    time_isee    time_SDP          jobdate       
    ___    ____    ___    ___    ____    ________    _____    ________    ________    ___________    ____________    ____________    _______________    _________    ________    ____________________

    67       0      5     400    0.05       10       0.996          0           0          0              0                  0                0               0            0     22-Mar-2024 21:53:01
    67       1      5     400    0.05       10       0.996     -7.634     -7.6348         10              0             73.806            2.708          15.965       16.722     22-Mar-2024 21:53:01
    67       2      5     400    0.05       10       0.996     -7.634     -7.6348         10              0             73.806            2.708          15.711       16.697     22-Mar-2024 21:53:01
    67       3      5     400    0.05       10       0.996     -7.634     -7.6348         10              0             73.806            2.708          16.284       15.217     22-Mar-2024 21:53:01
    67       4      5     400    0.05       10       0.996     -7.634     -7.6348         10              0             73.806            2.708          16.004       16.311     22-Mar-2024 21:53:01
    67       5      5     400    0.05       10       0.996     -7.634     -7.6348         10              0             73.806            2.708          15.794       15.998     22-Mar-2024 21:53:01
    67       6      5     400    0.05       10       0.996     -7.634     -7.6348         10              0             73.806            2.708          15.922       16.256     22-Mar-2024 21:53:01
    67       7      5     400    0.05       10       0.996     -7.634     -7.6348         10              0             73.806            2.708          15.675       16.055     22-Mar-2024 21:53:01
    67       8      5     400    0.05       10       0.996     -7.634     -7.6348         10              0             73.806            2.708          15.688       15.723     22-Mar-2024 21:53:01
    67       9      5     400    0.05       10       0.996     -7.634     -7.6348         10              0             73.806            2.708          15.928       15.822     22-Mar-2024 21:53:01
    67      10      5     400    0.05       10       0.996     -7.634     -7.6348         10              0             73.806            2.708          15.971       15.582     22-Mar-2024 21:53:01
    67      11      5     400    0.05       10       0.996     -7.634     -7.6348         10              0             73.806            2.708          15.774       15.212     22-Mar-2024 21:53:01
    67      12      5     400    0.05       10       0.996     -7.634     -7.6348         10              0             73.806            2.708          15.462       15.267     22-Mar-2024 21:53:01
    67      13      5     400    0.05       10       0.996     -7.634     -7.6348         10              0             73.806            2.708          15.809       16.372     22-Mar-2024 21:53:01
    67      14      5     400    0.05       10       0.996     -7.634     -7.6348         10              0             73.806            2.708          16.048       16.157     22-Mar-2024 21:53:01
    67      15      5     400    0.05       10       0.996     -7.634     -7.6348         10              0             73.806            2.708          15.571       16.208     22-Mar-2024 21:53:01
    67      16      5     400    0.05       10       0.996     -7.634     -7.6348         10              0             73.806            2.708          15.723       15.438     22-Mar-2024 21:53:01
    67      17      5     400    0.05       10       0.996     -7.634     -7.6348         10              0             73.806            2.708          15.929       15.998     22-Mar-2024 21:53:01
    67      18      5     400    0.05       10       0.996     -7.634     -7.6348         10              0             73.806            2.708          15.937       16.375     22-Mar-2024 21:53:01
    67      19      5     400    0.05       10       0.996     -7.634     -7.6348         10              0             73.806            2.708          15.857       16.078     22-Mar-2024 21:53:01
    67      20      5     400    0.05       10       0.996     -7.634     -7.6348         10              0             73.806            2.708          16.081       16.511     22-Mar-2024 21:53:01
    67      21      5     400    0.05       10       0.996     -7.634     -7.6348         10              0             73.806            2.708          16.069       16.295     22-Mar-2024 21:53:01
    67      22      5     400    0.05       10       0.996     -7.634     -7.6348         10              0             73.806            2.708          15.918       16.159     22-Mar-2024 21:53:01
    67      23      5     400    0.05       10       0.996     -7.634     -7.6348         10              0             73.806            2.708          15.825        15.85     22-Mar-2024 21:53:01
    67      24      5     400    0.05       10       0.996     -7.634     -7.6348         10              0             73.806            2.708          15.875       15.981     22-Mar-2024 21:53:01
    67      25      5     400    0.05       10       0.996     -7.634     -7.6348         10              0             73.806            2.708          15.977       15.979     22-Mar-2024 21:53:01
    67      26      5     400    0.05       10       0.996     -7.634     -7.6348         10              0             73.806            2.708          15.723       16.284     22-Mar-2024 21:53:01
    67      27      5     400    0.05       10       0.996     -7.634     -7.6348         10              0             73.806            2.708          15.614       16.415     22-Mar-2024 21:53:01
    67      28      5     400    0.05       10       0.996     -7.634     -7.6348         10              0             73.806            2.708          15.935       16.578     22-Mar-2024 21:53:01
    67      29      5     400    0.05       10       0.996     -7.634     -7.6348         10              0             73.806            2.708          15.909       16.225     22-Mar-2024 21:53:01
    67      30      5     400    0.05       10       0.996     -7.634     -7.6348         10              0             73.806            2.708          15.837       15.005     22-Mar-2024 21:53:01


rep =

    68

replication: (68)th 


thres =

    3.4616

thres=3.461637
1 th thresholding

  breakyes=3.1,  primfeasorg deteriorated too much: primfeasorg=3.14e-06,dualfeasorg=1.63e-06
10 entries survived 

2 th thresholding

  breakyes=3.2,  dualfeasorg deteriorated too much: primfeasorg=1.19e-05,dualfeasorg=9.19e-05
11 entries survived 

3 th thresholding

  breakyes=1.4,  maxresidual < 1.00e-06
11 entries survived 

4 th thresholding

  breakyes=1.4,  maxresidual < 1.00e-06
11 entries survived 

5 th thresholding

  breakyes=1.4,  maxresidual < 1.00e-06
11 entries survived 

6 th thresholding

  breakyes=1.4,  maxresidual < 1.00e-06
11 entries survived 

7 th thresholding

  breakyes=1.4,  maxresidual < 1.00e-06
11 entries survived 

8 th thresholding

  breakyes=1.4,  maxresidual < 1.00e-06
11 entries survived 

9 th thresholding

  breakyes=1.4,  maxresidual < 1.00e-06
11 entries survived 

10 th thresholding

  breakyes=1.4,  maxresidual < 1.00e-06
11 entries survived 

11 th thresholding

  breakyes=1.4,  maxresidual < 1.00e-06
11 entries survived 

12 th thresholding

  breakyes=1.4,  maxresidual < 1.00e-06
11 entries survived 

13 th thresholding

  breakyes=1.4,  maxresidual < 1.00e-06
11 entries survived 

14 th thresholding

  breakyes=1.4,  maxresidual < 1.00e-06
11 entries survived 

15 th thresholding

  breakyes=1.4,  maxresidual < 1.00e-06
11 entries survived 

16 th thresholding

  breakyes=1.4,  maxresidual < 1.00e-06
11 entries survived 

17 th thresholding

  breakyes=1.4,  maxresidual < 1.00e-06
11 entries survived 

18 th thresholding

  breakyes=1.4,  maxresidual < 1.00e-06
11 entries survived 

19 th thresholding

  breakyes=1.4,  maxresidual < 1.00e-06
11 entries survived 

20 th thresholding

  breakyes=1.4,  maxresidual < 1.00e-06
11 entries survived 

21 th thresholding

  breakyes=1.4,  maxresidual < 1.00e-06
11 entries survived 

22 th thresholding

  breakyes=1.4,  maxresidual < 1.00e-06
11 entries survived 

23 th thresholding

  breakyes=1.4,  maxresidual < 1.00e-06
11 entries survived 

24 th thresholding

  breakyes=1.4,  maxresidual < 1.00e-06
11 entries survived 

25 th thresholding

  breakyes=1.4,  maxresidual < 1.00e-06
11 entries survived 

26 th thresholding

  breakyes=1.4,  maxresidual < 1.00e-06
11 entries survived 

27 th thresholding

  breakyes=1.4,  maxresidual < 1.00e-06
11 entries survived 

28 th thresholding

  breakyes=1.4,  maxresidual < 1.00e-06
11 entries survived 

29 th thresholding

  breakyes=1.4,  maxresidual < 1.00e-06
11 entries survived 

30 th thresholding

  breakyes=1.4,  maxresidual < 1.00e-06
11 entries survived 

acc_vec =

    0.9920
    0.9940
    0.9960
    0.9960
    0.9960
    0.9960
    0.9960
    0.9960
    0.9960
    0.9960
    0.9960
    0.9960
    0.9960
    0.9960
    0.9960
    0.9960
    0.9960
    0.9960
    0.9960
    0.9960
    0.9960
    0.9960
    0.9960
    0.9960
    0.9960
    0.9960
    0.9960
    0.9960
    0.9960
    0.9960
    0.9960

acc =0.992000  0.994000  0.996000  0.996000  0.996000  0.996000  0.996000  0.996000  0.996000  0.996000  0.996000  0.996000  0.996000  0.996000  0.996000  0.996000  0.996000  0.996000  0.996000  0.996000  0.996000  0.996000  0.996000  0.996000  0.996000  0.996000  0.996000  0.996000  0.996000  0.996000  0.996000 

discov_true_vec =

    10
    10
    10
    10
    10
    10
    10
    10
    10
    10
    10
    10
    10
    10
    10
    10
    10
    10
    10
    10
    10
    10
    10
    10
    10
    10
    10
    10
    10
    10


discov_false_vec =

     0
     1
     1
     1
     1
     1
     1
     1
     1
     1
     1
     1
     1
     1
     1
     1
     1
     1
     1
     1
     1
     1
     1
     1
     1
     1
     1
     1
     1
     1


data =

  31x16 table

    rep    iter    sep    dim    rho     sparsity     acc     obj_prim    obj_dual    discov_true    discov_false    diff_x_tilde    diff_omega_diag    time_isee    time_SDP          jobdate       
    ___    ____    ___    ___    ____    ________    _____    ________    ________    ___________    ____________    ____________    _______________    _________    ________    ____________________

    68       0      5     400    0.05       10       0.992          0           0          0              0                  0                0               0            0     22-Mar-2024 22:10:23
    68       1      5     400    0.05       10       0.994    -6.7009     -6.7005         10              0             72.368            2.565          15.834        24.15     22-Mar-2024 22:10:23
    68       2      5     400    0.05       10       0.996    -6.6682     -6.6679         10              1             73.767           2.6042          15.878       15.881     22-Mar-2024 22:10:23
    68       3      5     400    0.05       10       0.996    -6.3327     -6.3326         10              1              74.84           2.7274          15.988        18.27     22-Mar-2024 22:10:23
    68       4      5     400    0.05       10       0.996    -6.3327     -6.3326         10              1              74.84           2.7274          15.759        19.14     22-Mar-2024 22:10:23
    68       5      5     400    0.05       10       0.996    -6.3327     -6.3326         10              1              74.84           2.7274          15.854       19.357     22-Mar-2024 22:10:23
    68       6      5     400    0.05       10       0.996    -6.3327     -6.3326         10              1              74.84           2.7274          15.774       19.298     22-Mar-2024 22:10:23
    68       7      5     400    0.05       10       0.996    -6.3327     -6.3326         10              1              74.84           2.7274          15.812       18.951     22-Mar-2024 22:10:23
    68       8      5     400    0.05       10       0.996    -6.3327     -6.3326         10              1              74.84           2.7274          15.916       19.037     22-Mar-2024 22:10:23
    68       9      5     400    0.05       10       0.996    -6.3327     -6.3326         10              1              74.84           2.7274           15.95       19.319     22-Mar-2024 22:10:23
    68      10      5     400    0.05       10       0.996    -6.3327     -6.3326         10              1              74.84           2.7274          15.883       19.127     22-Mar-2024 22:10:23
    68      11      5     400    0.05       10       0.996    -6.3327     -6.3326         10              1              74.84           2.7274            15.7       19.093     22-Mar-2024 22:10:23
    68      12      5     400    0.05       10       0.996    -6.3327     -6.3326         10              1              74.84           2.7274          15.866       19.249     22-Mar-2024 22:10:23
    68      13      5     400    0.05       10       0.996    -6.3327     -6.3326         10              1              74.84           2.7274          15.913       19.079     22-Mar-2024 22:10:23
    68      14      5     400    0.05       10       0.996    -6.3327     -6.3326         10              1              74.84           2.7274          15.824       18.919     22-Mar-2024 22:10:23
    68      15      5     400    0.05       10       0.996    -6.3327     -6.3326         10              1              74.84           2.7274          15.864       18.959     22-Mar-2024 22:10:23
    68      16      5     400    0.05       10       0.996    -6.3327     -6.3326         10              1              74.84           2.7274          15.835       18.299     22-Mar-2024 22:10:23
    68      17      5     400    0.05       10       0.996    -6.3327     -6.3326         10              1              74.84           2.7274          15.656       18.693     22-Mar-2024 22:10:23
    68      18      5     400    0.05       10       0.996    -6.3327     -6.3326         10              1              74.84           2.7274          15.562       18.707     22-Mar-2024 22:10:23
    68      19      5     400    0.05       10       0.996    -6.3327     -6.3326         10              1              74.84           2.7274          15.659       18.403     22-Mar-2024 22:10:23
    68      20      5     400    0.05       10       0.996    -6.3327     -6.3326         10              1              74.84           2.7274          15.543       18.728     22-Mar-2024 22:10:23
    68      21      5     400    0.05       10       0.996    -6.3327     -6.3326         10              1              74.84           2.7274          15.983       18.865     22-Mar-2024 22:10:23
    68      22      5     400    0.05       10       0.996    -6.3327     -6.3326         10              1              74.84           2.7274          15.863       18.892     22-Mar-2024 22:10:23
    68      23      5     400    0.05       10       0.996    -6.3327     -6.3326         10              1              74.84           2.7274          15.669       19.255     22-Mar-2024 22:10:23
    68      24      5     400    0.05       10       0.996    -6.3327     -6.3326         10              1              74.84           2.7274          15.588       18.903     22-Mar-2024 22:10:23
    68      25      5     400    0.05       10       0.996    -6.3327     -6.3326         10              1              74.84           2.7274          15.759       19.123     22-Mar-2024 22:10:23
    68      26      5     400    0.05       10       0.996    -6.3327     -6.3326         10              1              74.84           2.7274          15.622       19.223     22-Mar-2024 22:10:23
    68      27      5     400    0.05       10       0.996    -6.3327     -6.3326         10              1              74.84           2.7274          15.689       18.815     22-Mar-2024 22:10:23
    68      28      5     400    0.05       10       0.996    -6.3327     -6.3326         10              1              74.84           2.7274          15.914       18.768     22-Mar-2024 22:10:23
    68      29      5     400    0.05       10       0.996    -6.3327     -6.3326         10              1              74.84           2.7274          15.709       18.839     22-Mar-2024 22:10:23
    68      30      5     400    0.05       10       0.996    -6.3327     -6.3326         10              1              74.84           2.7274          15.782        17.55     22-Mar-2024 22:10:23

