==========================================
SLURM_JOB_ID = 20418620
SLURM_JOB_NODELIST = b04-07
TMPDIR = /tmp/SLURM_20418620
==========================================
hello
Starting parallel pool (parpool) ...
Connected to the parallel pool (number of workers: 15).

pool = 

 ProcessPool with properties: 

            Connected: true
           NumWorkers: 15
                 Busy: false
              Cluster: Local
        AttachedFiles: {}
    AutoAddClientPath: true
            FileStore: [1x1 parallel.FileStore]
           ValueStore: [1x1 parallel.ValueStore]
          IdleTimeout: 30 minutes (30 minutes remaining)
          SpmdEnabled: true


p =

   200


Delta =

     3


s =

    10


n =

   500


ii =

     2


table_name =

    'sparse_kmeans_isee'


conn = 

  sqlite with properties:

      Database: '/home1/jongminm/sparse_kmeans/sparse_kmeans.db'
    IsReadOnly: 0
    AutoCommit: 'on'


rho =

    0.0500


M =

    0.4951

delta confirmed: 3.000000
ans =

    2.8754


rep =

     5

replication: (5)th 


thres =

    3.2552

thres=3.255247
1 th thresholding

  breakyes=1.4,  maxresidual < 1.00e-06
12 entries survived 

2 th thresholding

  breakyes=3.2,  dualfeasorg deteriorated too much: primfeasorg=1.89e-06,dualfeasorg=6.33e-05
11 entries survived 

3 th thresholding

  breakyes=1.4,  maxresidual < 1.00e-06
11 entries survived 

4 th thresholding

  breakyes=1.3,  maxresidual < 1.00e-06
11 entries survived 

5 th thresholding

  breakyes=3.2,  dualfeasorg deteriorated too much: primfeasorg=1.03e-06,dualfeasorg=3.63e-05
10 entries survived 

6 th thresholding

  breakyes=1.3,  maxresidual < 1.00e-06
10 entries survived 

7 th thresholding

  breakyes=1.4,  maxresidual < 1.00e-06
10 entries survived 

8 th thresholding

  breakyes=1.4,  maxresidual < 1.00e-06
10 entries survived 

9 th thresholding

  breakyes=1.4,  maxresidual < 1.00e-06
10 entries survived 

10 th thresholding

  breakyes=1.3,  maxresidual < 1.00e-06
10 entries survived 

11 th thresholding

  breakyes=1.4,  maxresidual < 1.00e-06
10 entries survived 

12 th thresholding

  breakyes = 1.0,  maxresidual < 1.00e-04  breakyes=1.4,  maxresidual < 1.00e-06
10 entries survived 

13 th thresholding

  breakyes=3.2,  dualfeasorg deteriorated too much: primfeasorg=1.25e-06,dualfeasorg=2.73e-05
10 entries survived 

14 th thresholding

  breakyes = 1.0,  maxresidual < 1.00e-04  breakyes=1.4,  maxresidual < 1.00e-06
10 entries survived 

15 th thresholding

  breakyes=3.2,  dualfeasorg deteriorated too much: primfeasorg=1.25e-06,dualfeasorg=2.73e-05
10 entries survived 

16 th thresholding

  breakyes = 1.0,  maxresidual < 1.00e-04  breakyes=1.4,  maxresidual < 1.00e-06
10 entries survived 

17 th thresholding

  breakyes=3.2,  dualfeasorg deteriorated too much: primfeasorg=1.25e-06,dualfeasorg=2.73e-05
10 entries survived 

18 th thresholding

  breakyes = 1.0,  maxresidual < 1.00e-04  breakyes=1.4,  maxresidual < 1.00e-06
10 entries survived 

19 th thresholding

  breakyes=3.2,  dualfeasorg deteriorated too much: primfeasorg=1.25e-06,dualfeasorg=2.73e-05
10 entries survived 

20 th thresholding

  breakyes = 1.0,  maxresidual < 1.00e-04  breakyes=1.4,  maxresidual < 1.00e-06
10 entries survived 

21 th thresholding

  breakyes=3.2,  dualfeasorg deteriorated too much: primfeasorg=1.25e-06,dualfeasorg=2.73e-05
10 entries survived 

22 th thresholding

  breakyes = 1.0,  maxresidual < 1.00e-04  breakyes=1.4,  maxresidual < 1.00e-06
10 entries survived 

23 th thresholding

  breakyes=3.2,  dualfeasorg deteriorated too much: primfeasorg=1.25e-06,dualfeasorg=2.73e-05
10 entries survived 

24 th thresholding

  breakyes = 1.0,  maxresidual < 1.00e-04  breakyes=1.4,  maxresidual < 1.00e-06
10 entries survived 

25 th thresholding

  breakyes=3.2,  dualfeasorg deteriorated too much: primfeasorg=1.25e-06,dualfeasorg=2.73e-05
10 entries survived 

26 th thresholding

  breakyes = 1.0,  maxresidual < 1.00e-04  breakyes=1.4,  maxresidual < 1.00e-06
10 entries survived 

27 th thresholding

  breakyes=3.2,  dualfeasorg deteriorated too much: primfeasorg=1.25e-06,dualfeasorg=2.73e-05
10 entries survived 

28 th thresholding

  breakyes = 1.0,  maxresidual < 1.00e-04  breakyes=1.4,  maxresidual < 1.00e-06
10 entries survived 

29 th thresholding

  breakyes=3.2,  dualfeasorg deteriorated too much: primfeasorg=1.25e-06,dualfeasorg=2.73e-05
10 entries survived 

30 th thresholding

  breakyes = 1.0,  maxresidual < 1.00e-04  breakyes=1.4,  maxresidual < 1.00e-06
10 entries survived 

acc_vec =

    0.8860
    0.9240
    0.9280
    0.9340
    0.9300
    0.9360
    0.9340
    0.9280
    0.9340
    0.9340
    0.9380
    0.9380
    0.9400
    0.9380
    0.9400
    0.9380
    0.9400
    0.9380
    0.9400
    0.9380
    0.9400
    0.9380
    0.9400
    0.9380
    0.9400
    0.9380
    0.9400
    0.9380
    0.9400
    0.9380
    0.9400

acc =0.886000  0.924000  0.928000  0.934000  0.930000  0.936000  0.934000  0.928000  0.934000  0.934000  0.938000  0.938000  0.940000  0.938000  0.940000  0.938000  0.940000  0.938000  0.940000  0.938000  0.940000  0.938000  0.940000  0.938000  0.940000  0.938000  0.940000  0.938000  0.940000  0.938000  0.940000 

discov_true_vec =

    10
    10
    10
    10
    10
    10
    10
    10
    10
    10
    10
    10
    10
    10
    10
    10
    10
    10
    10
    10
    10
    10
    10
    10
    10
    10
    10
    10
    10
    10


discov_false_vec =

     2
     1
     1
     1
     0
     0
     0
     0
     0
     0
     0
     0
     0
     0
     0
     0
     0
     0
     0
     0
     0
     0
     0
     0
     0
     0
     0
     0
     0
     0


data =

  31x16 table

    rep    iter    sep    dim    rho     sparsity     acc     obj_prim    obj_dual    discov_true    discov_false    diff_x_tilde    diff_omega_diag    time_isee    time_SDP          jobdate       
    ___    ____    ___    ___    ____    ________    _____    ________    ________    ___________    ____________    ____________    _______________    _________    ________    ____________________

     5       0      3     200    0.05       10       0.886          0           0          0              0                  0                0               0            0     22-Mar-2024 22:46:56
     5       1      3     200    0.05       10       0.924    -2.6783     -2.6783         10              2             44.946           1.4106          5.8449       49.537     22-Mar-2024 22:46:56
     5       2      3     200    0.05       10       0.928     -2.481      -2.481         10              1             47.803            1.537          4.1916       21.027     22-Mar-2024 22:46:56
     5       3      3     200    0.05       10       0.934    -2.4393     -2.4393         10              1             47.113           1.4813          4.0559       22.172     22-Mar-2024 22:46:56
     5       4      3     200    0.05       10        0.93    -2.4702     -2.4702         10              1             46.012           1.4171          4.4067       33.744     22-Mar-2024 22:46:56
     5       5      3     200    0.05       10       0.936    -2.5168     -2.5168         10              0             46.794           1.4591          4.1022       35.463     22-Mar-2024 22:46:56
     5       6      3     200    0.05       10       0.934    -2.4471     -2.4471         10              0              46.93           1.4439          3.6772       56.849     22-Mar-2024 22:46:56
     5       7      3     200    0.05       10       0.928    -2.6777     -2.6777         10              0             47.692           1.5254          3.9664       20.018     22-Mar-2024 22:46:56
     5       8      3     200    0.05       10       0.934     -2.456      -2.456         10              0             45.656            1.396           3.594        55.69     22-Mar-2024 22:46:56
     5       9      3     200    0.05       10       0.934    -2.5078     -2.5078         10              0             45.715           1.4387          3.8526        42.75     22-Mar-2024 22:46:56
     5      10      3     200    0.05       10       0.938    -2.5459     -2.5459         10              0             45.873           1.4312          3.6657       54.936     22-Mar-2024 22:46:56
     5      11      3     200    0.05       10       0.938     -2.582      -2.582         10              0             46.567           1.4889          3.8494       46.171     22-Mar-2024 22:46:56
     5      12      3     200    0.05       10        0.94    -2.5999     -2.5999         10              0             45.978           1.4267          3.9947       35.353     22-Mar-2024 22:46:56
     5      13      3     200    0.05       10       0.938    -2.6865     -2.6865         10              0             46.981           1.4793           3.913       24.878     22-Mar-2024 22:46:56
     5      14      3     200    0.05       10        0.94    -2.5999     -2.5999         10              0             45.978           1.4267          3.6163       33.547     22-Mar-2024 22:46:56
     5      15      3     200    0.05       10       0.938    -2.6865     -2.6865         10              0             46.981           1.4793          3.8636       23.789     22-Mar-2024 22:46:56
     5      16      3     200    0.05       10        0.94    -2.5999     -2.5999         10              0             45.978           1.4267          3.6057         32.5     22-Mar-2024 22:46:56
     5      17      3     200    0.05       10       0.938    -2.6865     -2.6865         10              0             46.981           1.4793          3.7811       25.934     22-Mar-2024 22:46:56
     5      18      3     200    0.05       10        0.94    -2.5999     -2.5999         10              0             45.978           1.4267          3.6371       36.775     22-Mar-2024 22:46:56
     5      19      3     200    0.05       10       0.938    -2.6865     -2.6865         10              0             46.981           1.4793          3.9771       25.566     22-Mar-2024 22:46:56
     5      20      3     200    0.05       10        0.94    -2.5999     -2.5999         10              0             45.978           1.4267          3.6381        33.48     22-Mar-2024 22:46:56
     5      21      3     200    0.05       10       0.938    -2.6865     -2.6865         10              0             46.981           1.4793          3.6837       27.612     22-Mar-2024 22:46:56
     5      22      3     200    0.05       10        0.94    -2.5999     -2.5999         10              0             45.978           1.4267          3.6511         35.3     22-Mar-2024 22:46:56
     5      23      3     200    0.05       10       0.938    -2.6865     -2.6865         10              0             46.981           1.4793          3.6805       25.441     22-Mar-2024 22:46:56
     5      24      3     200    0.05       10        0.94    -2.5999     -2.5999         10              0             45.978           1.4267          3.7654       34.919     22-Mar-2024 22:46:56
     5      25      3     200    0.05       10       0.938    -2.6865     -2.6865         10              0             46.981           1.4793          3.6712       24.604     22-Mar-2024 22:46:56
     5      26      3     200    0.05       10        0.94    -2.5999     -2.5999         10              0             45.978           1.4267          3.5962       36.425     22-Mar-2024 22:46:56
     5      27      3     200    0.05       10       0.938    -2.6865     -2.6865         10              0             46.981           1.4793          3.6295       25.796     22-Mar-2024 22:46:56
     5      28      3     200    0.05       10        0.94    -2.5999     -2.5999         10              0             45.978           1.4267          3.5777       35.054     22-Mar-2024 22:46:56
     5      29      3     200    0.05       10       0.938    -2.6865     -2.6865         10              0             46.981           1.4793          3.7085       24.222     22-Mar-2024 22:46:56
     5      30      3     200    0.05       10        0.94    -2.5999     -2.5999         10              0             45.978           1.4267           3.946       30.741     22-Mar-2024 22:46:56


rep =

     6

replication: (6)th 


thres =

    3.2552

thres=3.255247
1 th thresholding

  breakyes = 1.0,  maxresidual < 1.00e-04  breakyes=4.1,  primfeasorg stagnate, 0.00e+00
12 entries survived 

2 th thresholding

  breakyes=1.4,  maxresidual < 1.00e-06
11 entries survived 

3 th thresholding

  breakyes=1.4,  maxresidual < 1.00e-06
11 entries survived 

4 th thresholding

  breakyes = 1.0,  maxresidual < 1.00e-04  breakyes=1.4,  maxresidual < 1.00e-06
11 entries survived 

5 th thresholding

  breakyes=1.4,  maxresidual < 1.00e-06
11 entries survived 

6 th thresholding

  breakyes=3.2,  dualfeasorg deteriorated too much: primfeasorg=1.03e-06,dualfeasorg=3.94e-05
11 entries survived 

7 th thresholding

  breakyes=3.2,  dualfeasorg deteriorated too much: primfeasorg=6.23e-07,dualfeasorg=3.78e-05
11 entries survived 

8 th thresholding

  breakyes=1.4,  maxresidual < 1.00e-06
11 entries survived 

9 th thresholding

  breakyes=1.4,  maxresidual < 1.00e-06
11 entries survived 

10 th thresholding

  breakyes=3.2,  dualfeasorg deteriorated too much: primfeasorg=8.68e-07,dualfeasorg=4.06e-05
11 entries survived 

11 th thresholding

  breakyes=1.4,  maxresidual < 1.00e-06
11 entries survived 

12 th thresholding

  breakyes=3.2,  dualfeasorg deteriorated too much: primfeasorg=1.08e-06,dualfeasorg=4.15e-05
11 entries survived 

13 th thresholding

  breakyes=1.3,  maxresidual < 1.00e-06
11 entries survived 

14 th thresholding

  breakyes=3.2,  dualfeasorg deteriorated too much: primfeasorg=8.85e-07,dualfeasorg=4.24e-05
11 entries survived 

15 th thresholding

  breakyes=3.2,  dualfeasorg deteriorated too much: primfeasorg=8.75e-07,dualfeasorg=3.44e-05
11 entries survived 

16 th thresholding

  breakyes=4.1,  primfeasorg stagnate, 6.85e-05
12 entries survived 

17 th thresholding

  breakyes=1.3,  maxresidual < 1.00e-06
11 entries survived 

18 th thresholding

  breakyes=3.2,  dualfeasorg deteriorated too much: primfeasorg=9.07e-07,dualfeasorg=3.37e-05
11 entries survived 

19 th thresholding

  breakyes=3.2,  dualfeasorg deteriorated too much: primfeasorg=7.48e-07,dualfeasorg=3.49e-05
11 entries survived 

20 th thresholding

  breakyes=3.2,  dualfeasorg deteriorated too much: primfeasorg=8.26e-07,dualfeasorg=4.02e-05
11 entries survived 

21 th thresholding

  breakyes=3.2,  dualfeasorg deteriorated too much: primfeasorg=2.86e-06,dualfeasorg=5.86e-05
11 entries survived 

22 th thresholding

  breakyes=3.2,  dualfeasorg deteriorated too much: primfeasorg=6.75e-07,dualfeasorg=3.28e-05
11 entries survived 

23 th thresholding

  breakyes=3.2,  dualfeasorg deteriorated too much: primfeasorg=3.45e-06,dualfeasorg=9.93e-05
11 entries survived 

24 th thresholding

  breakyes=4.2,  dualfeasorg stagnate, 8.07e-05
11 entries survived 

25 th thresholding

  breakyes=3.2,  dualfeasorg deteriorated too much: primfeasorg=8.57e-07,dualfeasorg=5.42e-05
11 entries survived 

26 th thresholding

  breakyes=1.3,  maxresidual < 1.00e-06
11 entries survived 

27 th thresholding

  breakyes=3.2,  dualfeasorg deteriorated too much: primfeasorg=1.04e-06,dualfeasorg=2.77e-05
11 entries survived 

28 th thresholding

  breakyes=3.2,  dualfeasorg deteriorated too much: primfeasorg=7.94e-07,dualfeasorg=3.84e-05
11 entries survived 

29 th thresholding

  breakyes=1.4,  maxresidual < 1.00e-06
11 entries survived 

30 th thresholding

  breakyes=3.2,  dualfeasorg deteriorated too much: primfeasorg=1.14e-06,dualfeasorg=4.63e-05
11 entries survived 

acc_vec =

    0.8960
    0.9240
    0.9240
    0.9200
    0.9160
    0.9160
    0.9180
    0.9180
    0.9160
    0.9180
    0.9160
    0.9240
    0.9200
    0.9220
    0.9200
    0.9040
    0.9220
    0.9220
    0.9240
    0.9220
    0.9220
    0.9180
    0.9180
    0.9100
    0.9140
    0.9200
    0.9120
    0.9180
    0.9200
    0.9280
    0.9220

acc =0.896000  0.924000  0.924000  0.920000  0.916000  0.916000  0.918000  0.918000  0.916000  0.918000  0.916000  0.924000  0.920000  0.922000  0.920000  0.904000  0.922000  0.922000  0.924000  0.922000  0.922000  0.918000  0.918000  0.910000  0.914000  0.920000  0.912000  0.918000  0.920000  0.928000  0.922000 

discov_true_vec =

    10
    10
    10
    10
    10
    10
    10
    10
    10
    10
    10
    10
    10
    10
    10
    10
    10
    10
    10
    10
    10
    10
    10
    10
    10
    10
    10
    10
    10
    10


discov_false_vec =

     2
     1
     1
     1
     1
     1
     1
     1
     1
     1
     1
     1
     1
     1
     1
     2
     1
     1
     1
     1
     1
     1
     1
     1
     1
     1
     1
     1
     1
     1


data =

  31x16 table

    rep    iter    sep    dim    rho     sparsity     acc     obj_prim    obj_dual    discov_true    discov_false    diff_x_tilde    diff_omega_diag    time_isee    time_SDP          jobdate       
    ___    ____    ___    ___    ____    ________    _____    ________    ________    ___________    ____________    ____________    _______________    _________    ________    ____________________

     6       0      3     200    0.05       10       0.896          0           0          0              0                  0                0               0            0     22-Mar-2024 23:16:09
     6       1      3     200    0.05       10       0.924    -2.4254     -2.4254         10              2             48.023            1.557          3.8436       57.353     22-Mar-2024 23:16:09
     6       2      3     200    0.05       10       0.924    -2.2226     -2.2226         10              1             51.045           1.6627          3.6321       51.177     22-Mar-2024 23:16:09
     6       3      3     200    0.05       10        0.92    -2.2604     -2.2604         10              1             51.732           1.6973          3.5096       54.362     22-Mar-2024 23:16:09
     6       4      3     200    0.05       10       0.916    -2.2678     -2.2678         10              1             49.454           1.5622          3.6138       59.093     22-Mar-2024 23:16:09
     6       5      3     200    0.05       10       0.916    -2.2787     -2.2787         10              1             50.379           1.6429          3.7212       47.962     22-Mar-2024 23:16:09
     6       6      3     200    0.05       10       0.918    -2.2707     -2.2707         10              1             49.975            1.634          3.5536       42.463     22-Mar-2024 23:16:09
     6       7      3     200    0.05       10       0.918    -2.3624     -2.3624         10              1             49.721            1.646          3.9804       56.194     22-Mar-2024 23:16:09
     6       8      3     200    0.05       10       0.916    -2.3095     -2.3095         10              1             48.957           1.5783          3.8913        100.5     22-Mar-2024 23:16:09
     6       9      3     200    0.05       10       0.918    -2.7506     -2.7505         10              1             51.675           1.6662           3.809       49.217     22-Mar-2024 23:16:09
     6      10      3     200    0.05       10       0.916    -2.3419     -2.3419         10              1             49.187           1.5594          3.6428       46.926     22-Mar-2024 23:16:09
     6      11      3     200    0.05       10       0.924    -2.6567     -2.6567         10              1             50.002           1.5903          3.6629       51.114     22-Mar-2024 23:16:09
     6      12      3     200    0.05       10        0.92    -2.3084     -2.3084         10              1             47.501           1.4957           3.596        44.43     22-Mar-2024 23:16:09
     6      13      3     200    0.05       10       0.922    -2.2957     -2.2957         10              1             48.803           1.5633          3.5696       62.665     22-Mar-2024 23:16:09
     6      14      3     200    0.05       10        0.92    -2.1556     -2.1556         10              1              50.62           1.6543          3.6674       55.935     22-Mar-2024 23:16:09
     6      15      3     200    0.05       10       0.904    -2.5123     -2.5123         10              1             48.623           1.4965          3.6284       49.794     22-Mar-2024 23:16:09
     6      16      3     200    0.05       10       0.922    -2.3191     -2.3191         10              2             46.893           1.4568          3.5926       98.286     22-Mar-2024 23:16:09
     6      17      3     200    0.05       10       0.922    -2.2576     -2.2576         10              1             49.542           1.6191          3.7315        55.88     22-Mar-2024 23:16:09
     6      18      3     200    0.05       10       0.924    -2.2811     -2.2811         10              1              48.22           1.5453           3.617       51.233     22-Mar-2024 23:16:09
     6      19      3     200    0.05       10       0.922     -2.261      -2.261         10              1             49.289            1.596          3.5734        47.18     22-Mar-2024 23:16:09
     6      20      3     200    0.05       10       0.922    -2.2073     -2.2072         10              1             48.774           1.5933          3.6125       56.349     22-Mar-2024 23:16:09
     6      21      3     200    0.05       10       0.918     -2.194     -2.1939         10              1             48.836           1.5587          3.6894       20.177     22-Mar-2024 23:16:09
     6      22      3     200    0.05       10       0.918    -2.2895     -2.2895         10              1             50.174           1.6359          3.4113       53.757     22-Mar-2024 23:16:09
     6      23      3     200    0.05       10        0.91     -2.564      -2.564         10              1             51.397           1.6525          3.6166       60.019     22-Mar-2024 23:16:09
     6      24      3     200    0.05       10       0.914    -2.4674     -2.4674         10              1             50.036           1.5905          3.5671       70.151     22-Mar-2024 23:16:09
     6      25      3     200    0.05       10        0.92     -2.285      -2.285         10              1             49.651            1.613          3.5787       56.111     22-Mar-2024 23:16:09
     6      26      3     200    0.05       10       0.912    -2.5947     -2.5947         10              1             50.247           1.6243          3.6948       49.102     22-Mar-2024 23:16:09
     6      27      3     200    0.05       10       0.918    -2.4103     -2.4103         10              1             47.834           1.5094          3.8827       74.519     22-Mar-2024 23:16:09
     6      28      3     200    0.05       10        0.92    -2.3127     -2.3127         10              1             49.841           1.6376          3.6676       44.666     22-Mar-2024 23:16:09
     6      29      3     200    0.05       10       0.928    -2.3401     -2.3401         10              1             50.475           1.6811          3.8867       37.773     22-Mar-2024 23:16:09
     6      30      3     200    0.05       10       0.922    -2.2518     -2.2518         10              1             49.113           1.5794           3.591       38.774     22-Mar-2024 23:16:09


rep =

     7

replication: (7)th 


thres =

    3.2552

thres=3.255247
1 th thresholding

  breakyes=1.4,  maxresidual < 1.00e-06
17 entries survived 

2 th thresholding

  breakyes = 1.0,  maxresidual < 1.00e-04  breakyes=1.4,  maxresidual < 1.00e-06
11 entries survived 

3 th thresholding

  breakyes=1.4,  maxresidual < 1.00e-06
10 entries survived 

4 th thresholding

  breakyes=1.4,  maxresidual < 1.00e-06
10 entries survived 

5 th thresholding

  breakyes=3.2,  dualfeasorg deteriorated too much: primfeasorg=1.60e-06,dualfeasorg=3.96e-05
10 entries survived 

6 th thresholding

  breakyes=3.2,  dualfeasorg deteriorated too much: primfeasorg=1.42e-06,dualfeasorg=2.93e-05
10 entries survived 

7 th thresholding

  breakyes=1.3,  maxresidual < 1.00e-06
10 entries survived 

8 th thresholding

  breakyes=1.4,  maxresidual < 1.00e-06
10 entries survived 

9 th thresholding

  breakyes = 1.0,  maxresidual < 1.00e-04  breakyes=1.4,  maxresidual < 1.00e-06
10 entries survived 

10 th thresholding

  breakyes = 1.0,  maxresidual < 1.00e-04  breakyes=1.4,  maxresidual < 1.00e-06
10 entries survived 

11 th thresholding

  breakyes = 1.0,  maxresidual < 1.00e-04  breakyes=1.4,  maxresidual < 1.00e-06
10 entries survived 

12 th thresholding

  breakyes=1.4,  maxresidual < 1.00e-06
10 entries survived 

13 th thresholding

  breakyes = 1.0,  maxresidual < 1.00e-04  breakyes=1.4,  maxresidual < 1.00e-06
10 entries survived 

14 th thresholding

  breakyes = 1.0,  maxresidual < 1.00e-04  breakyes=1.3,  maxresidual < 1.00e-06
10 entries survived 

15 th thresholding

  breakyes = 1.0,  maxresidual < 1.00e-04  breakyes=1.4,  maxresidual < 1.00e-06
10 entries survived 

16 th thresholding

  breakyes = 1.0,  maxresidual < 1.00e-04  breakyes=1.4,  maxresidual < 1.00e-06
10 entries survived 

17 th thresholding

  breakyes=1.0,  maxresidual < 1.00e-06
10 entries survived 

18 th thresholding

  breakyes = 1.0,  maxresidual < 1.00e-04  breakyes=1.4,  maxresidual < 1.00e-06
10 entries survived 

19 th thresholding

  breakyes = 1.0,  maxresidual < 1.00e-04  breakyes=1.0,  maxresidual < 1.00e-06
10 entries survived 

20 th thresholding

  breakyes = 1.0,  maxresidual < 1.00e-04  breakyes=1.4,  maxresidual < 1.00e-06
10 entries survived 

21 th thresholding

  breakyes=4.2,  dualfeasorg stagnate, 5.18e-05
10 entries survived 

22 th thresholding

  breakyes = 1.0,  maxresidual < 1.00e-04  breakyes=1.4,  maxresidual < 1.00e-06
10 entries survived 

23 th thresholding

  breakyes = 1.0,  maxresidual < 1.00e-04  breakyes=1.4,  maxresidual < 1.00e-06
10 entries survived 

24 th thresholding

  breakyes = 1.0,  maxresidual < 1.00e-04  breakyes=1.4,  maxresidual < 1.00e-06
10 entries survived 

25 th thresholding

  breakyes = 1.0,  maxresidual < 1.00e-04  breakyes=1.4,  maxresidual < 1.00e-06
10 entries survived 

26 th thresholding

  breakyes = 1.0,  maxresidual < 1.00e-04  breakyes=1.0,  maxresidual < 1.00e-06
10 entries survived 

27 th thresholding

  breakyes=1.4,  maxresidual < 1.00e-06
10 entries survived 

28 th thresholding

  breakyes = 1.0,  maxresidual < 1.00e-04  breakyes=1.4,  maxresidual < 1.00e-06
10 entries survived 

29 th thresholding

  breakyes=1.4,  maxresidual < 1.00e-06
10 entries survived 

30 th thresholding

  breakyes = 1.0,  maxresidual < 1.00e-04  breakyes=1.4,  maxresidual < 1.00e-06
10 entries survived 

acc_vec =

    0.9000
    0.9220
    0.9200
    0.9200
    0.9240
    0.9180
    0.9180
    0.9240
    0.9160
    0.9180
    0.9160
    0.9160
    0.9180
    0.9240
    0.9200
    0.9180
    0.9220
    0.9200
    0.9200
    0.9280
    0.9240
    0.9240
    0.9160
    0.9180
    0.9240
    0.9160
    0.9200
    0.9160
    0.9220
    0.9220
    0.9260

acc =0.900000  0.922000  0.920000  0.920000  0.924000  0.918000  0.918000  0.924000  0.916000  0.918000  0.916000  0.916000  0.918000  0.924000  0.920000  0.918000  0.922000  0.920000  0.920000  0.928000  0.924000  0.924000  0.916000  0.918000  0.924000  0.916000  0.920000  0.916000  0.922000  0.922000  0.926000 

discov_true_vec =

    10
    10
    10
    10
    10
    10
    10
    10
    10
    10
    10
    10
    10
    10
    10
    10
    10
    10
    10
    10
    10
    10
    10
    10
    10
    10
    10
    10
    10
    10


discov_false_vec =

     7
     1
     0
     0
     0
     0
     0
     0
     0
     0
     0
     0
     0
     0
     0
     0
     0
     0
     0
     0
     0
     0
     0
     0
     0
     0
     0
     0
     0
     0


data =

  31x16 table

    rep    iter    sep    dim    rho     sparsity     acc     obj_prim    obj_dual    discov_true    discov_false    diff_x_tilde    diff_omega_diag    time_isee    time_SDP          jobdate       
    ___    ____    ___    ___    ____    ________    _____    ________    ________    ___________    ____________    ____________    _______________    _________    ________    ____________________

     7       0      3     200    0.05       10         0.9          0           0          0              0                  0                0               0            0     22-Mar-2024 23:39:36
     7       1      3     200    0.05       10       0.922    -2.6091     -2.6091         10              7              44.43           1.2955          3.9646       22.634     22-Mar-2024 23:39:36
     7       2      3     200    0.05       10        0.92    -2.4483     -2.4483         10              1             47.292           1.4194          3.7273       28.706     22-Mar-2024 23:39:36
     7       3      3     200    0.05       10        0.92    -2.2714     -2.2714         10              0              46.08           1.3753          3.7139       79.381     22-Mar-2024 23:39:36
     7       4      3     200    0.05       10       0.924    -2.3935     -2.3935         10              0             48.402            1.485           3.772       71.251     22-Mar-2024 23:39:36
     7       5      3     200    0.05       10       0.918    -2.3166     -2.3166         10              0             46.564           1.3815          3.8336        26.67     22-Mar-2024 23:39:36
     7       6      3     200    0.05       10       0.918    -2.4449     -2.4449         10              0             46.793           1.4034          3.6986       20.163     22-Mar-2024 23:39:36
     7       7      3     200    0.05       10       0.924    -2.3885     -2.3885         10              0             46.512           1.4362          3.7142       46.774     22-Mar-2024 23:39:36
     7       8      3     200    0.05       10       0.916    -2.4984     -2.4984         10              0             46.993           1.4333           3.775       22.623     22-Mar-2024 23:39:36
     7       9      3     200    0.05       10       0.918    -2.3256     -2.3256         10              0             47.657           1.4598          3.5757       58.876     22-Mar-2024 23:39:36
     7      10      3     200    0.05       10       0.916    -2.4031     -2.4031         10              0             47.391           1.3894          3.8093       55.826     22-Mar-2024 23:39:36
     7      11      3     200    0.05       10       0.916    -2.3634     -2.3634         10              0             47.708           1.4445          3.7015       25.547     22-Mar-2024 23:39:36
     7      12      3     200    0.05       10       0.918    -2.3991     -2.3991         10              0             47.384           1.4791           3.724       57.039     22-Mar-2024 23:39:36
     7      13      3     200    0.05       10       0.924    -2.2728     -2.2728         10              0             47.244           1.4767          3.8469       29.646     22-Mar-2024 23:39:36
     7      14      3     200    0.05       10        0.92    -2.4066     -2.4066         10              0             48.163           1.4988           3.761       24.513     22-Mar-2024 23:39:36
     7      15      3     200    0.05       10       0.918    -2.3514     -2.3514         10              0             46.506           1.3807          3.7404       49.493     22-Mar-2024 23:39:36
     7      16      3     200    0.05       10       0.922    -2.2311     -2.2311         10              0             46.145           1.3911          3.8719       46.769     22-Mar-2024 23:39:36
     7      17      3     200    0.05       10        0.92    -2.4002     -2.4002         10              0              47.81           1.4516          3.7136       17.008     22-Mar-2024 23:39:36
     7      18      3     200    0.05       10        0.92    -2.2382     -2.2382         10              0             46.008           1.3553          3.7005        48.29     22-Mar-2024 23:39:36
     7      19      3     200    0.05       10       0.928     -2.543      -2.543         10              0             47.976           1.4336          3.7187       14.811     22-Mar-2024 23:39:36
     7      20      3     200    0.05       10       0.924     -2.311      -2.311         10              0             45.648           1.3503          3.6058       45.796     22-Mar-2024 23:39:36
     7      21      3     200    0.05       10       0.924    -2.2253     -2.2253         10              0              46.31           1.3862          3.7991       72.291     22-Mar-2024 23:39:36
     7      22      3     200    0.05       10       0.916    -2.3895     -2.3895         10              0             49.504           1.5412          3.6952       30.601     22-Mar-2024 23:39:36
     7      23      3     200    0.05       10       0.918    -2.3144     -2.3144         10              0             46.342           1.4235          3.9829       69.902     22-Mar-2024 23:39:36
     7      24      3     200    0.05       10       0.924    -2.4545     -2.4545         10              0             47.656           1.4429           3.633       60.515     22-Mar-2024 23:39:36
     7      25      3     200    0.05       10       0.916    -2.3788     -2.3788         10              0             47.582           1.4251          3.7439        63.87     22-Mar-2024 23:39:36
     7      26      3     200    0.05       10        0.92     -2.333      -2.333         10              0             46.848           1.4465          3.8167       25.375     22-Mar-2024 23:39:36
     7      27      3     200    0.05       10       0.916     -2.427      -2.427         10              0             47.056           1.4392           3.674       23.805     22-Mar-2024 23:39:36
     7      28      3     200    0.05       10       0.922    -2.3065     -2.3065         10              0             45.527           1.3573          3.5476       54.748     22-Mar-2024 23:39:36
     7      29      3     200    0.05       10       0.922    -2.3935     -2.3935         10              0             46.348           1.3976          3.7756       64.323     22-Mar-2024 23:39:36
     7      30      3     200    0.05       10       0.926    -2.2692     -2.2692         10              0             45.529            1.326          3.7853       36.327     22-Mar-2024 23:39:36


rep =

     8

replication: (8)th 


thres =

    3.2552

thres=3.255247
1 th thresholding

  breakyes = 1.0,  maxresidual < 1.00e-04  breakyes=1.4,  maxresidual < 1.00e-06
15 entries survived 

2 th thresholding

  breakyes=1.4,  maxresidual < 1.00e-06
10 entries survived 

3 th thresholding

  breakyes=4.1,  primfeasorg stagnate, 0.00e+00
10 entries survived 

4 th thresholding

  breakyes=4.1,  primfeasorg stagnate, 0.00e+00
10 entries survived 

5 th thresholding

  breakyes=3.2,  dualfeasorg deteriorated too much: primfeasorg=7.38e-07,dualfeasorg=3.88e-05
10 entries survived 

6 th thresholding

  breakyes = 1.0,  maxresidual < 1.00e-04  breakyes=3.2,  dualfeasorg deteriorated too much: primfeasorg=8.04e-07,dualfeasorg=4.03e-05
10 entries survived 

7 th thresholding

  breakyes=3.2,  dualfeasorg deteriorated too much: primfeasorg=8.12e-07,dualfeasorg=3.20e-05
10 entries survived 

8 th thresholding

  breakyes=3.2,  dualfeasorg deteriorated too much: primfeasorg=1.03e-06,dualfeasorg=4.62e-05
10 entries survived 

9 th thresholding

  breakyes=4.1,  primfeasorg stagnate, 0.00e+00
11 entries survived 

10 th thresholding

  breakyes=4.1,  primfeasorg stagnate, 0.00e+00
11 entries survived 

11 th thresholding

  breakyes=3.2,  dualfeasorg deteriorated too much: primfeasorg=3.90e-06,dualfeasorg=5.85e-05
11 entries survived 

12 th thresholding

  breakyes=4.1,  primfeasorg stagnate, 0.00e+00
11 entries survived 

13 th thresholding

  breakyes=3.2,  dualfeasorg deteriorated too much: primfeasorg=7.26e-07,dualfeasorg=4.10e-05
11 entries survived 

14 th thresholding

  breakyes=4.1,  primfeasorg stagnate, 0.00e+00
11 entries survived 

15 th thresholding

  breakyes=1.4,  maxresidual < 1.00e-06
11 entries survived 

16 th thresholding

  breakyes=4.1,  primfeasorg stagnate, 2.44e-05
11 entries survived 

17 th thresholding

  breakyes=3.2,  dualfeasorg deteriorated too much: primfeasorg=8.19e-07,dualfeasorg=3.49e-05
11 entries survived 

18 th thresholding

  breakyes=4.1,  primfeasorg stagnate, 0.00e+00
11 entries survived 

19 th thresholding

  breakyes=3.2,  dualfeasorg deteriorated too much: primfeasorg=1.92e-06,dualfeasorg=4.06e-05
11 entries survived 

20 th thresholding

  breakyes=4.1,  primfeasorg stagnate, 0.00e+00
11 entries survived 

21 th thresholding

  breakyes=3.2,  dualfeasorg deteriorated too much: primfeasorg=1.92e-06,dualfeasorg=4.06e-05
11 entries survived 

22 th thresholding

  breakyes=4.1,  primfeasorg stagnate, 0.00e+00
11 entries survived 

23 th thresholding

  breakyes=3.2,  dualfeasorg deteriorated too much: primfeasorg=1.92e-06,dualfeasorg=4.06e-05
11 entries survived 

24 th thresholding

  breakyes=4.1,  primfeasorg stagnate, 0.00e+00
11 entries survived 

25 th thresholding

  breakyes=3.2,  dualfeasorg deteriorated too much: primfeasorg=1.92e-06,dualfeasorg=4.06e-05
11 entries survived 

26 th thresholding

  breakyes=4.1,  primfeasorg stagnate, 0.00e+00
11 entries survived 

27 th thresholding

  breakyes=3.2,  dualfeasorg deteriorated too much: primfeasorg=1.92e-06,dualfeasorg=4.06e-05
11 entries survived 

28 th thresholding

  breakyes=4.1,  primfeasorg stagnate, 0.00e+00
11 entries survived 

29 th thresholding

  breakyes=3.2,  dualfeasorg deteriorated too much: primfeasorg=1.92e-06,dualfeasorg=4.06e-05
11 entries survived 

30 th thresholding

  breakyes=4.1,  primfeasorg stagnate, 0.00e+00
11 entries survived 

acc_vec =

    0.8840
    0.9380
    0.9360
    0.9340
    0.9300
    0.9300
    0.9320
    0.9300
    0.9300
    0.9320
    0.9360
    0.9360
    0.9260
    0.9300
    0.9300
    0.9320
    0.9380
    0.9300
    0.9300
    0.9320
    0.9300
    0.9320
    0.9300
    0.9320
    0.9300
    0.9320
    0.9300
    0.9320
    0.9300
    0.9320
    0.9300

acc =0.884000  0.938000  0.936000  0.934000  0.930000  0.930000  0.932000  0.930000  0.930000  0.932000  0.936000  0.936000  0.926000  0.930000  0.930000  0.932000  0.938000  0.930000  0.930000  0.932000  0.930000  0.932000  0.930000  0.932000  0.930000  0.932000  0.930000  0.932000  0.930000  0.932000  0.930000 

discov_true_vec =

    10
    10
    10
    10
    10
    10
    10
    10
    10
    10
    10
    10
    10
    10
    10
    10
    10
    10
    10
    10
    10
    10
    10
    10
    10
    10
    10
    10
    10
    10


discov_false_vec =

     5
     0
     0
     0
     0
     0
     0
     0
     1
     1
     1
     1
     1
     1
     1
     1
     1
     1
     1
     1
     1
     1
     1
     1
     1
     1
     1
     1
     1
     1


data =

  31x16 table

    rep    iter    sep    dim    rho     sparsity     acc     obj_prim    obj_dual    discov_true    discov_false    diff_x_tilde    diff_omega_diag    time_isee    time_SDP          jobdate       
    ___    ____    ___    ___    ____    ________    _____    ________    ________    ___________    ____________    ____________    _______________    _________    ________    ____________________

     8       0      3     200    0.05       10       0.884          0           0          0              0                  0                0               0            0     23-Mar-2024 00:11:44
     8       1      3     200    0.05       10       0.938    -2.7761     -2.7761         10              5              46.04           1.4155          3.8939       115.82     23-Mar-2024 00:11:44
     8       2      3     200    0.05       10       0.936    -2.4095     -2.4095         10              0             45.645           1.4048          3.6766       74.402     23-Mar-2024 00:11:44
     8       3      3     200    0.05       10       0.934    -2.4847     -2.4847         10              0             47.123           1.4506          3.8816       71.421     23-Mar-2024 00:11:44
     8       4      3     200    0.05       10        0.93    -2.4852     -2.4851         10              0             45.261           1.4185          3.6576       58.241     23-Mar-2024 00:11:44
     8       5      3     200    0.05       10        0.93    -2.4452     -2.4452         10              0             46.722           1.4674           3.738        63.39     23-Mar-2024 00:11:44
     8       6      3     200    0.05       10       0.932    -2.4563     -2.4563         10              0             45.611           1.4147          3.8185       48.943     23-Mar-2024 00:11:44
     8       7      3     200    0.05       10        0.93    -2.5072     -2.5072         10              0             46.047            1.416            3.58       61.778     23-Mar-2024 00:11:44
     8       8      3     200    0.05       10        0.93    -2.4202     -2.4201         10              0             46.462           1.4547          3.6857       58.908     23-Mar-2024 00:11:44
     8       9      3     200    0.05       10       0.932    -2.4491     -2.4491         10              1             45.833           1.4334          3.7092       71.753     23-Mar-2024 00:11:44
     8      10      3     200    0.05       10       0.936    -2.4074     -2.4074         10              1             46.624           1.4413          3.7062       68.071     23-Mar-2024 00:11:44
     8      11      3     200    0.05       10       0.936    -2.3379     -2.3379         10              1             45.985           1.4534          3.6909       43.097     23-Mar-2024 00:11:44
     8      12      3     200    0.05       10       0.926    -2.4573     -2.4573         10              1             46.961           1.4781          3.7449       66.427     23-Mar-2024 00:11:44
     8      13      3     200    0.05       10        0.93     -2.415      -2.415         10              1             46.372           1.4518          3.6854        43.74     23-Mar-2024 00:11:44
     8      14      3     200    0.05       10        0.93    -2.3964     -2.3964         10              1             45.173           1.4125          3.6793       71.544     23-Mar-2024 00:11:44
     8      15      3     200    0.05       10       0.932    -2.3974     -2.3974         10              1             45.506           1.4221          3.7842       59.078     23-Mar-2024 00:11:44
     8      16      3     200    0.05       10       0.938    -2.4742     -2.4742         10              1             45.718           1.4189          3.8044       94.228     23-Mar-2024 00:11:44
     8      17      3     200    0.05       10        0.93    -2.4341     -2.4341         10              1             46.252           1.4349          3.7219       54.475     23-Mar-2024 00:11:44
     8      18      3     200    0.05       10        0.93     -2.422      -2.422         10              1             45.111           1.3886          3.7274        66.77     23-Mar-2024 00:11:44
     8      19      3     200    0.05       10       0.932      -2.38     -2.3799         10              1             46.076           1.4589           3.757       32.899     23-Mar-2024 00:11:44
     8      20      3     200    0.05       10        0.93     -2.401      -2.401         10              1             45.418           1.3728          3.7832       69.077     23-Mar-2024 00:11:44
     8      21      3     200    0.05       10       0.932      -2.38     -2.3799         10              1             46.076           1.4589          3.7092       31.211     23-Mar-2024 00:11:44
     8      22      3     200    0.05       10        0.93     -2.401      -2.401         10              1             45.418           1.3728           3.677        71.02     23-Mar-2024 00:11:44
     8      23      3     200    0.05       10       0.932      -2.38     -2.3799         10              1             46.076           1.4589          3.7012       33.849     23-Mar-2024 00:11:44
     8      24      3     200    0.05       10        0.93     -2.401      -2.401         10              1             45.418           1.3728          3.6941       73.403     23-Mar-2024 00:11:44
     8      25      3     200    0.05       10       0.932      -2.38     -2.3799         10              1             46.076           1.4589           3.745       33.357     23-Mar-2024 00:11:44
     8      26      3     200    0.05       10        0.93     -2.401      -2.401         10              1             45.418           1.3728          3.9485       74.594     23-Mar-2024 00:11:44
     8      27      3     200    0.05       10       0.932      -2.38     -2.3799         10              1             46.076           1.4589          3.8155       29.592     23-Mar-2024 00:11:44
     8      28      3     200    0.05       10        0.93     -2.401      -2.401         10              1             45.418           1.3728          3.8791       70.105     23-Mar-2024 00:11:44
     8      29      3     200    0.05       10       0.932      -2.38     -2.3799         10              1             46.076           1.4589          3.9097       33.406     23-Mar-2024 00:11:44
     8      30      3     200    0.05       10        0.93     -2.401      -2.401         10              1             45.418           1.3728          3.8358       70.926     23-Mar-2024 00:11:44

