==========================================
SLURM_JOB_ID = 20417901
SLURM_JOB_NODELIST = b22-02
TMPDIR = /tmp/SLURM_20417901
==========================================
hello
Starting parallel pool (parpool) ...
Connected to the parallel pool (number of workers: 15).

pool = 

 ProcessPool with properties: 

            Connected: true
           NumWorkers: 15
                 Busy: false
              Cluster: Local
        AttachedFiles: {}
    AutoAddClientPath: true
            FileStore: [1x1 parallel.FileStore]
           ValueStore: [1x1 parallel.ValueStore]
          IdleTimeout: 30 minutes (30 minutes remaining)
          SpmdEnabled: true


p =

   100


Delta =

     5


s =

    10


n =

   500


ii =

    15


table_name =

    'sparse_kmeans_isee'


conn = 

  sqlite with properties:

      Database: '/home1/jongminm/sparse_kmeans/sparse_kmeans.db'
    IsReadOnly: 0
    AutoCommit: 'on'


rho =

    0.0500


M =

    0.8251

delta confirmed: 5.000000
ans =

    4.7923


rep =

    57

replication: (57)th 


thres =

    3.0349

thres=3.034854
1 th thresholding

  breakyes=1.4,  maxresidual < 1.00e-06
11 entries survived 

2 th thresholding

  breakyes=1.0,  maxresidual < 1.00e-06
10 entries survived 

3 th thresholding

  breakyes=1.0,  maxresidual < 1.00e-06
10 entries survived 

4 th thresholding

  breakyes=1.0,  maxresidual < 1.00e-06
10 entries survived 

5 th thresholding

  breakyes=1.0,  maxresidual < 1.00e-06
10 entries survived 

6 th thresholding

  breakyes=1.0,  maxresidual < 1.00e-06
10 entries survived 

7 th thresholding

  breakyes=1.0,  maxresidual < 1.00e-06
10 entries survived 

8 th thresholding

  breakyes=1.0,  maxresidual < 1.00e-06
10 entries survived 

9 th thresholding

  breakyes=1.0,  maxresidual < 1.00e-06
10 entries survived 

10 th thresholding

  breakyes=1.0,  maxresidual < 1.00e-06
10 entries survived 

11 th thresholding

  breakyes=1.0,  maxresidual < 1.00e-06
10 entries survived 

12 th thresholding

  breakyes=1.0,  maxresidual < 1.00e-06
10 entries survived 

13 th thresholding

  breakyes=1.0,  maxresidual < 1.00e-06
10 entries survived 

14 th thresholding

  breakyes=1.0,  maxresidual < 1.00e-06
10 entries survived 

15 th thresholding

  breakyes=1.0,  maxresidual < 1.00e-06
10 entries survived 

16 th thresholding

  breakyes=1.0,  maxresidual < 1.00e-06
10 entries survived 

17 th thresholding

  breakyes=1.0,  maxresidual < 1.00e-06
10 entries survived 

18 th thresholding

  breakyes=1.0,  maxresidual < 1.00e-06
10 entries survived 

19 th thresholding

  breakyes=1.0,  maxresidual < 1.00e-06
10 entries survived 

20 th thresholding

  breakyes=1.0,  maxresidual < 1.00e-06
10 entries survived 

21 th thresholding

  breakyes=1.0,  maxresidual < 1.00e-06
10 entries survived 

22 th thresholding

  breakyes=1.0,  maxresidual < 1.00e-06
10 entries survived 

23 th thresholding

  breakyes=1.0,  maxresidual < 1.00e-06
10 entries survived 

24 th thresholding

  breakyes=1.0,  maxresidual < 1.00e-06
10 entries survived 

25 th thresholding

  breakyes=1.0,  maxresidual < 1.00e-06
10 entries survived 

26 th thresholding

  breakyes=1.0,  maxresidual < 1.00e-06
10 entries survived 

27 th thresholding

  breakyes=1.0,  maxresidual < 1.00e-06
10 entries survived 

28 th thresholding

  breakyes=1.0,  maxresidual < 1.00e-06
10 entries survived 

29 th thresholding

  breakyes=1.0,  maxresidual < 1.00e-06
10 entries survived 

30 th thresholding

  breakyes=1.0,  maxresidual < 1.00e-06
10 entries survived 

acc_vec =

    0.9920
    0.9940
    0.9940
    0.9940
    0.9940
    0.9940
    0.9940
    0.9940
    0.9940
    0.9940
    0.9940
    0.9940
    0.9940
    0.9940
    0.9940
    0.9940
    0.9940
    0.9940
    0.9940
    0.9940
    0.9940
    0.9940
    0.9940
    0.9940
    0.9940
    0.9940
    0.9940
    0.9940
    0.9940
    0.9940
    0.9940

acc =0.992000  0.994000  0.994000  0.994000  0.994000  0.994000  0.994000  0.994000  0.994000  0.994000  0.994000  0.994000  0.994000  0.994000  0.994000  0.994000  0.994000  0.994000  0.994000  0.994000  0.994000  0.994000  0.994000  0.994000  0.994000  0.994000  0.994000  0.994000  0.994000  0.994000  0.994000 

discov_true_vec =

    10
    10
    10
    10
    10
    10
    10
    10
    10
    10
    10
    10
    10
    10
    10
    10
    10
    10
    10
    10
    10
    10
    10
    10
    10
    10
    10
    10
    10
    10


discov_false_vec =

     1
     0
     0
     0
     0
     0
     0
     0
     0
     0
     0
     0
     0
     0
     0
     0
     0
     0
     0
     0
     0
     0
     0
     0
     0
     0
     0
     0
     0
     0


data =

  31x16 table

    rep    iter    sep    dim    rho     sparsity     acc     obj_prim    obj_dual    discov_true    discov_false    diff_x_tilde    diff_omega_diag    time_isee    time_SDP          jobdate       
    ___    ____    ___    ___    ____    ________    _____    ________    ________    ___________    ____________    ____________    _______________    _________    ________    ____________________

    57       0      5     100    0.05       10       0.992          0           0          0              0                  0                 0               0           0     22-Mar-2024 19:43:23
    57       1      5     100    0.05       10       0.994     -5.829      -5.829         10              1             35.561           0.88217          2.7101      38.437     22-Mar-2024 19:43:23
    57       2      5     100    0.05       10       0.994    -6.1263     -6.1263         10              0             36.139           0.90529          2.3894      25.763     22-Mar-2024 19:43:23
    57       3      5     100    0.05       10       0.994    -6.1263     -6.1263         10              0             36.139           0.90529          1.3362      34.459     22-Mar-2024 19:43:23
    57       4      5     100    0.05       10       0.994    -6.1263     -6.1263         10              0             36.139           0.90529          1.4982      32.421     22-Mar-2024 19:43:23
    57       5      5     100    0.05       10       0.994    -6.1263     -6.1263         10              0             36.139           0.90529          1.4682      27.895     22-Mar-2024 19:43:23
    57       6      5     100    0.05       10       0.994    -6.1263     -6.1263         10              0             36.139           0.90529          1.4542      23.441     22-Mar-2024 19:43:23
    57       7      5     100    0.05       10       0.994    -6.1263     -6.1263         10              0             36.139           0.90529          1.1818      26.853     22-Mar-2024 19:43:23
    57       8      5     100    0.05       10       0.994    -6.1263     -6.1263         10              0             36.139           0.90529           1.643      29.906     22-Mar-2024 19:43:23
    57       9      5     100    0.05       10       0.994    -6.1263     -6.1263         10              0             36.139           0.90529          1.3418       25.52     22-Mar-2024 19:43:23
    57      10      5     100    0.05       10       0.994    -6.1263     -6.1263         10              0             36.139           0.90529          1.1131      24.923     22-Mar-2024 19:43:23
    57      11      5     100    0.05       10       0.994    -6.1263     -6.1263         10              0             36.139           0.90529          1.4928      27.975     22-Mar-2024 19:43:23
    57      12      5     100    0.05       10       0.994    -6.1263     -6.1263         10              0             36.139           0.90529          1.9573      29.251     22-Mar-2024 19:43:23
    57      13      5     100    0.05       10       0.994    -6.1263     -6.1263         10              0             36.139           0.90529          1.0627      31.339     22-Mar-2024 19:43:23
    57      14      5     100    0.05       10       0.994    -6.1263     -6.1263         10              0             36.139           0.90529          1.8053      30.039     22-Mar-2024 19:43:23
    57      15      5     100    0.05       10       0.994    -6.1263     -6.1263         10              0             36.139           0.90529          1.2958        25.1     22-Mar-2024 19:43:23
    57      16      5     100    0.05       10       0.994    -6.1263     -6.1263         10              0             36.139           0.90529           1.082      20.006     22-Mar-2024 19:43:23
    57      17      5     100    0.05       10       0.994    -6.1263     -6.1263         10              0             36.139           0.90529          1.5037      23.346     22-Mar-2024 19:43:23
    57      18      5     100    0.05       10       0.994    -6.1263     -6.1263         10              0             36.139           0.90529          1.0193      30.747     22-Mar-2024 19:43:23
    57      19      5     100    0.05       10       0.994    -6.1263     -6.1263         10              0             36.139           0.90529          1.9237      29.788     22-Mar-2024 19:43:23
    57      20      5     100    0.05       10       0.994    -6.1263     -6.1263         10              0             36.139           0.90529          1.2975      27.716     22-Mar-2024 19:43:23
    57      21      5     100    0.05       10       0.994    -6.1263     -6.1263         10              0             36.139           0.90529         0.92227      29.619     22-Mar-2024 19:43:23
    57      22      5     100    0.05       10       0.994    -6.1263     -6.1263         10              0             36.139           0.90529          1.9264      24.585     22-Mar-2024 19:43:23
    57      23      5     100    0.05       10       0.994    -6.1263     -6.1263         10              0             36.139           0.90529          1.1294      29.348     22-Mar-2024 19:43:23
    57      24      5     100    0.05       10       0.994    -6.1263     -6.1263         10              0             36.139           0.90529          1.7864      24.391     22-Mar-2024 19:43:23
    57      25      5     100    0.05       10       0.994    -6.1263     -6.1263         10              0             36.139           0.90529         0.90867      27.264     22-Mar-2024 19:43:23
    57      26      5     100    0.05       10       0.994    -6.1263     -6.1263         10              0             36.139           0.90529          1.5092      23.946     22-Mar-2024 19:43:23
    57      27      5     100    0.05       10       0.994    -6.1263     -6.1263         10              0             36.139           0.90529          1.0039      25.908     22-Mar-2024 19:43:23
    57      28      5     100    0.05       10       0.994    -6.1263     -6.1263         10              0             36.139           0.90529           1.392      29.571     22-Mar-2024 19:43:23
    57      29      5     100    0.05       10       0.994    -6.1263     -6.1263         10              0             36.139           0.90529          1.7834      27.873     22-Mar-2024 19:43:23
    57      30      5     100    0.05       10       0.994    -6.1263     -6.1263         10              0             36.139           0.90529          1.5746      30.088     22-Mar-2024 19:43:23


rep =

    58

replication: (58)th 


thres =

    3.0349

thres=3.034854
1 th thresholding

  breakyes=1.3,  maxresidual < 1.00e-06
11 entries survived 

2 th thresholding

  breakyes=3.2,  dualfeasorg deteriorated too much: primfeasorg=1.54e-06,dualfeasorg=3.85e-05
10 entries survived 

3 th thresholding

  breakyes=3.2,  dualfeasorg deteriorated too much: primfeasorg=1.54e-06,dualfeasorg=3.85e-05
10 entries survived 

4 th thresholding

  breakyes=3.2,  dualfeasorg deteriorated too much: primfeasorg=1.54e-06,dualfeasorg=3.85e-05
10 entries survived 

5 th thresholding

  breakyes=3.2,  dualfeasorg deteriorated too much: primfeasorg=1.54e-06,dualfeasorg=3.85e-05
10 entries survived 

6 th thresholding

  breakyes=3.2,  dualfeasorg deteriorated too much: primfeasorg=1.54e-06,dualfeasorg=3.85e-05
10 entries survived 

7 th thresholding

  breakyes=3.2,  dualfeasorg deteriorated too much: primfeasorg=1.54e-06,dualfeasorg=3.85e-05
10 entries survived 

8 th thresholding

  breakyes=3.2,  dualfeasorg deteriorated too much: primfeasorg=1.54e-06,dualfeasorg=3.85e-05
10 entries survived 

9 th thresholding

  breakyes=3.2,  dualfeasorg deteriorated too much: primfeasorg=1.54e-06,dualfeasorg=3.85e-05
10 entries survived 

10 th thresholding

  breakyes=3.2,  dualfeasorg deteriorated too much: primfeasorg=1.54e-06,dualfeasorg=3.85e-05
10 entries survived 

11 th thresholding

  breakyes=3.2,  dualfeasorg deteriorated too much: primfeasorg=1.54e-06,dualfeasorg=3.85e-05
10 entries survived 

12 th thresholding

  breakyes=3.2,  dualfeasorg deteriorated too much: primfeasorg=1.54e-06,dualfeasorg=3.85e-05
10 entries survived 

13 th thresholding

  breakyes=3.2,  dualfeasorg deteriorated too much: primfeasorg=1.54e-06,dualfeasorg=3.85e-05
10 entries survived 

14 th thresholding

  breakyes=3.2,  dualfeasorg deteriorated too much: primfeasorg=1.54e-06,dualfeasorg=3.85e-05
10 entries survived 

15 th thresholding

  breakyes=3.2,  dualfeasorg deteriorated too much: primfeasorg=1.54e-06,dualfeasorg=3.85e-05
10 entries survived 

16 th thresholding

  breakyes=3.2,  dualfeasorg deteriorated too much: primfeasorg=1.54e-06,dualfeasorg=3.85e-05
10 entries survived 

17 th thresholding

  breakyes=3.2,  dualfeasorg deteriorated too much: primfeasorg=1.54e-06,dualfeasorg=3.85e-05
10 entries survived 

18 th thresholding

  breakyes=3.2,  dualfeasorg deteriorated too much: primfeasorg=1.54e-06,dualfeasorg=3.85e-05
10 entries survived 

19 th thresholding

  breakyes=3.2,  dualfeasorg deteriorated too much: primfeasorg=1.54e-06,dualfeasorg=3.85e-05
10 entries survived 

20 th thresholding

  breakyes=3.2,  dualfeasorg deteriorated too much: primfeasorg=1.54e-06,dualfeasorg=3.85e-05
10 entries survived 

21 th thresholding

  breakyes=3.2,  dualfeasorg deteriorated too much: primfeasorg=1.54e-06,dualfeasorg=3.85e-05
10 entries survived 

22 th thresholding

  breakyes=3.2,  dualfeasorg deteriorated too much: primfeasorg=1.54e-06,dualfeasorg=3.85e-05
10 entries survived 

23 th thresholding

  breakyes=3.2,  dualfeasorg deteriorated too much: primfeasorg=1.54e-06,dualfeasorg=3.85e-05
10 entries survived 

24 th thresholding

  breakyes=3.2,  dualfeasorg deteriorated too much: primfeasorg=1.54e-06,dualfeasorg=3.85e-05
10 entries survived 

25 th thresholding

  breakyes=3.2,  dualfeasorg deteriorated too much: primfeasorg=1.54e-06,dualfeasorg=3.85e-05
10 entries survived 

26 th thresholding

  breakyes=3.2,  dualfeasorg deteriorated too much: primfeasorg=1.54e-06,dualfeasorg=3.85e-05
10 entries survived 

27 th thresholding

  breakyes=3.2,  dualfeasorg deteriorated too much: primfeasorg=1.54e-06,dualfeasorg=3.85e-05
10 entries survived 

28 th thresholding

  breakyes=3.2,  dualfeasorg deteriorated too much: primfeasorg=1.54e-06,dualfeasorg=3.85e-05
10 entries survived 

29 th thresholding

  breakyes=3.2,  dualfeasorg deteriorated too much: primfeasorg=1.54e-06,dualfeasorg=3.85e-05
10 entries survived 

30 th thresholding

  breakyes=3.2,  dualfeasorg deteriorated too much: primfeasorg=1.54e-06,dualfeasorg=3.85e-05
10 entries survived 

acc_vec =

    0.9940
    0.9960
    0.9960
    0.9960
    0.9960
    0.9960
    0.9960
    0.9960
    0.9960
    0.9960
    0.9960
    0.9960
    0.9960
    0.9960
    0.9960
    0.9960
    0.9960
    0.9960
    0.9960
    0.9960
    0.9960
    0.9960
    0.9960
    0.9960
    0.9960
    0.9960
    0.9960
    0.9960
    0.9960
    0.9960
    0.9960

acc =0.994000  0.996000  0.996000  0.996000  0.996000  0.996000  0.996000  0.996000  0.996000  0.996000  0.996000  0.996000  0.996000  0.996000  0.996000  0.996000  0.996000  0.996000  0.996000  0.996000  0.996000  0.996000  0.996000  0.996000  0.996000  0.996000  0.996000  0.996000  0.996000  0.996000  0.996000 

discov_true_vec =

    10
    10
    10
    10
    10
    10
    10
    10
    10
    10
    10
    10
    10
    10
    10
    10
    10
    10
    10
    10
    10
    10
    10
    10
    10
    10
    10
    10
    10
    10


discov_false_vec =

     1
     0
     0
     0
     0
     0
     0
     0
     0
     0
     0
     0
     0
     0
     0
     0
     0
     0
     0
     0
     0
     0
     0
     0
     0
     0
     0
     0
     0
     0


data =

  31x16 table

    rep    iter    sep    dim    rho     sparsity     acc     obj_prim    obj_dual    discov_true    discov_false    diff_x_tilde    diff_omega_diag    time_isee    time_SDP          jobdate       
    ___    ____    ___    ___    ____    ________    _____    ________    ________    ___________    ____________    ____________    _______________    _________    ________    ____________________

    58       0      5     100    0.05       10       0.994          0           0          0              0                  0                 0              0            0     22-Mar-2024 20:02:46
    58       1      5     100    0.05       10       0.996    -6.5728     -6.5727         10              1              34.16           0.88695         1.4713       26.554     22-Mar-2024 20:02:46
    58       2      5     100    0.05       10       0.996      -6.44       -6.44         10              0             34.206           0.90858         1.0821       40.716     22-Mar-2024 20:02:46
    58       3      5     100    0.05       10       0.996      -6.44       -6.44         10              0             34.206           0.90858         1.6142       41.505     22-Mar-2024 20:02:46
    58       4      5     100    0.05       10       0.996      -6.44       -6.44         10              0             34.206           0.90858         2.0256       43.636     22-Mar-2024 20:02:46
    58       5      5     100    0.05       10       0.996      -6.44       -6.44         10              0             34.206           0.90858         1.0526       30.736     22-Mar-2024 20:02:46
    58       6      5     100    0.05       10       0.996      -6.44       -6.44         10              0             34.206           0.90858         1.8079       35.216     22-Mar-2024 20:02:46
    58       7      5     100    0.05       10       0.996      -6.44       -6.44         10              0             34.206           0.90858         1.0607       37.039     22-Mar-2024 20:02:46
    58       8      5     100    0.05       10       0.996      -6.44       -6.44         10              0             34.206           0.90858         1.4639       39.792     22-Mar-2024 20:02:46
    58       9      5     100    0.05       10       0.996      -6.44       -6.44         10              0             34.206           0.90858         1.3221       42.037     22-Mar-2024 20:02:46
    58      10      5     100    0.05       10       0.996      -6.44       -6.44         10              0             34.206           0.90858         1.7869       37.455     22-Mar-2024 20:02:46
    58      11      5     100    0.05       10       0.996      -6.44       -6.44         10              0             34.206           0.90858          1.624       32.289     22-Mar-2024 20:02:46
    58      12      5     100    0.05       10       0.996      -6.44       -6.44         10              0             34.206           0.90858         1.7718       30.359     22-Mar-2024 20:02:46
    58      13      5     100    0.05       10       0.996      -6.44       -6.44         10              0             34.206           0.90858         1.4645       35.338     22-Mar-2024 20:02:46
    58      14      5     100    0.05       10       0.996      -6.44       -6.44         10              0             34.206           0.90858         1.0841        34.37     22-Mar-2024 20:02:46
    58      15      5     100    0.05       10       0.996      -6.44       -6.44         10              0             34.206           0.90858         1.0053       34.881     22-Mar-2024 20:02:46
    58      16      5     100    0.05       10       0.996      -6.44       -6.44         10              0             34.206           0.90858         1.5841       32.304     22-Mar-2024 20:02:46
    58      17      5     100    0.05       10       0.996      -6.44       -6.44         10              0             34.206           0.90858         1.2458       43.729     22-Mar-2024 20:02:46
    58      18      5     100    0.05       10       0.996      -6.44       -6.44         10              0             34.206           0.90858         1.5015       45.561     22-Mar-2024 20:02:46
    58      19      5     100    0.05       10       0.996      -6.44       -6.44         10              0             34.206           0.90858          1.179       38.572     22-Mar-2024 20:02:46
    58      20      5     100    0.05       10       0.996      -6.44       -6.44         10              0             34.206           0.90858         1.2157        41.12     22-Mar-2024 20:02:46
    58      21      5     100    0.05       10       0.996      -6.44       -6.44         10              0             34.206           0.90858         1.3168       43.689     22-Mar-2024 20:02:46
    58      22      5     100    0.05       10       0.996      -6.44       -6.44         10              0             34.206           0.90858         1.2736       36.432     22-Mar-2024 20:02:46
    58      23      5     100    0.05       10       0.996      -6.44       -6.44         10              0             34.206           0.90858         1.5688       39.864     22-Mar-2024 20:02:46
    58      24      5     100    0.05       10       0.996      -6.44       -6.44         10              0             34.206           0.90858         1.3929       36.212     22-Mar-2024 20:02:46
    58      25      5     100    0.05       10       0.996      -6.44       -6.44         10              0             34.206           0.90858          1.761        36.68     22-Mar-2024 20:02:46
    58      26      5     100    0.05       10       0.996      -6.44       -6.44         10              0             34.206           0.90858         1.5479       39.911     22-Mar-2024 20:02:46
    58      27      5     100    0.05       10       0.996      -6.44       -6.44         10              0             34.206           0.90858         1.0117       37.262     22-Mar-2024 20:02:46
    58      28      5     100    0.05       10       0.996      -6.44       -6.44         10              0             34.206           0.90858         1.0676       35.009     22-Mar-2024 20:02:46
    58      29      5     100    0.05       10       0.996      -6.44       -6.44         10              0             34.206           0.90858           1.39       32.527     22-Mar-2024 20:02:46
    58      30      5     100    0.05       10       0.996      -6.44       -6.44         10              0             34.206           0.90858         1.0871       40.141     22-Mar-2024 20:02:46


rep =

    59

replication: (59)th 


thres =

    3.0349

thres=3.034854
1 th thresholding

  breakyes=3.2,  dualfeasorg deteriorated too much: primfeasorg=1.96e-06,dualfeasorg=3.70e-05
10 entries survived 

2 th thresholding

  breakyes=3.2,  dualfeasorg deteriorated too much: primfeasorg=5.99e-04,dualfeasorg=4.65e-03
10 entries survived 

3 th thresholding

  breakyes=3.2,  dualfeasorg deteriorated too much: primfeasorg=5.99e-04,dualfeasorg=4.65e-03
10 entries survived 

4 th thresholding

  breakyes=3.2,  dualfeasorg deteriorated too much: primfeasorg=5.99e-04,dualfeasorg=4.65e-03
10 entries survived 

5 th thresholding

  breakyes=3.2,  dualfeasorg deteriorated too much: primfeasorg=5.99e-04,dualfeasorg=4.65e-03
10 entries survived 

6 th thresholding

  breakyes=3.2,  dualfeasorg deteriorated too much: primfeasorg=5.99e-04,dualfeasorg=4.65e-03
10 entries survived 

7 th thresholding

  breakyes=3.2,  dualfeasorg deteriorated too much: primfeasorg=5.99e-04,dualfeasorg=4.65e-03
10 entries survived 

8 th thresholding

  breakyes=3.2,  dualfeasorg deteriorated too much: primfeasorg=5.99e-04,dualfeasorg=4.65e-03
10 entries survived 

9 th thresholding

  breakyes=3.2,  dualfeasorg deteriorated too much: primfeasorg=5.99e-04,dualfeasorg=4.65e-03
10 entries survived 

10 th thresholding

  breakyes=3.2,  dualfeasorg deteriorated too much: primfeasorg=5.99e-04,dualfeasorg=4.65e-03
10 entries survived 

11 th thresholding

  breakyes=3.2,  dualfeasorg deteriorated too much: primfeasorg=5.99e-04,dualfeasorg=4.65e-03
10 entries survived 

12 th thresholding

  breakyes=3.2,  dualfeasorg deteriorated too much: primfeasorg=5.99e-04,dualfeasorg=4.65e-03
10 entries survived 

13 th thresholding

  breakyes=3.2,  dualfeasorg deteriorated too much: primfeasorg=5.99e-04,dualfeasorg=4.65e-03
10 entries survived 

14 th thresholding

  breakyes=3.2,  dualfeasorg deteriorated too much: primfeasorg=5.99e-04,dualfeasorg=4.65e-03
10 entries survived 

15 th thresholding

  breakyes=3.2,  dualfeasorg deteriorated too much: primfeasorg=5.99e-04,dualfeasorg=4.65e-03
10 entries survived 

16 th thresholding

  breakyes=3.2,  dualfeasorg deteriorated too much: primfeasorg=5.99e-04,dualfeasorg=4.65e-03
10 entries survived 

17 th thresholding

  breakyes=3.2,  dualfeasorg deteriorated too much: primfeasorg=5.99e-04,dualfeasorg=4.65e-03
10 entries survived 

18 th thresholding

  breakyes=3.2,  dualfeasorg deteriorated too much: primfeasorg=5.99e-04,dualfeasorg=4.65e-03
10 entries survived 

19 th thresholding

  breakyes=3.2,  dualfeasorg deteriorated too much: primfeasorg=5.99e-04,dualfeasorg=4.65e-03
10 entries survived 

20 th thresholding

  breakyes=3.2,  dualfeasorg deteriorated too much: primfeasorg=5.99e-04,dualfeasorg=4.65e-03
10 entries survived 

21 th thresholding

  breakyes=3.2,  dualfeasorg deteriorated too much: primfeasorg=5.99e-04,dualfeasorg=4.65e-03
10 entries survived 

22 th thresholding

  breakyes=3.2,  dualfeasorg deteriorated too much: primfeasorg=5.99e-04,dualfeasorg=4.65e-03
10 entries survived 

23 th thresholding

  breakyes=3.2,  dualfeasorg deteriorated too much: primfeasorg=5.99e-04,dualfeasorg=4.65e-03
10 entries survived 

24 th thresholding

  breakyes=3.2,  dualfeasorg deteriorated too much: primfeasorg=5.99e-04,dualfeasorg=4.65e-03
10 entries survived 

25 th thresholding

  breakyes=3.2,  dualfeasorg deteriorated too much: primfeasorg=5.99e-04,dualfeasorg=4.65e-03
10 entries survived 

26 th thresholding

  breakyes=3.2,  dualfeasorg deteriorated too much: primfeasorg=5.99e-04,dualfeasorg=4.65e-03
10 entries survived 

27 th thresholding

  breakyes=3.2,  dualfeasorg deteriorated too much: primfeasorg=5.99e-04,dualfeasorg=4.65e-03
10 entries survived 

28 th thresholding

  breakyes=3.2,  dualfeasorg deteriorated too much: primfeasorg=5.99e-04,dualfeasorg=4.65e-03
10 entries survived 

29 th thresholding

  breakyes=3.2,  dualfeasorg deteriorated too much: primfeasorg=5.99e-04,dualfeasorg=4.65e-03
10 entries survived 

30 th thresholding

  breakyes=3.2,  dualfeasorg deteriorated too much: primfeasorg=5.99e-04,dualfeasorg=4.65e-03
10 entries survived 

acc_vec =

    0.9960
    0.9940
    0.9940
    0.9940
    0.9940
    0.9940
    0.9940
    0.9940
    0.9940
    0.9940
    0.9940
    0.9940
    0.9940
    0.9940
    0.9940
    0.9940
    0.9940
    0.9940
    0.9940
    0.9940
    0.9940
    0.9940
    0.9940
    0.9940
    0.9940
    0.9940
    0.9940
    0.9940
    0.9940
    0.9940
    0.9940

acc =0.996000  0.994000  0.994000  0.994000  0.994000  0.994000  0.994000  0.994000  0.994000  0.994000  0.994000  0.994000  0.994000  0.994000  0.994000  0.994000  0.994000  0.994000  0.994000  0.994000  0.994000  0.994000  0.994000  0.994000  0.994000  0.994000  0.994000  0.994000  0.994000  0.994000  0.994000 

discov_true_vec =

    10
    10
    10
    10
    10
    10
    10
    10
    10
    10
    10
    10
    10
    10
    10
    10
    10
    10
    10
    10
    10
    10
    10
    10
    10
    10
    10
    10
    10
    10


discov_false_vec =

     0
     0
     0
     0
     0
     0
     0
     0
     0
     0
     0
     0
     0
     0
     0
     0
     0
     0
     0
     0
     0
     0
     0
     0
     0
     0
     0
     0
     0
     0


data =

  31x16 table

    rep    iter    sep    dim    rho     sparsity     acc     obj_prim    obj_dual    discov_true    discov_false    diff_x_tilde    diff_omega_diag    time_isee    time_SDP          jobdate       
    ___    ____    ___    ___    ____    ________    _____    ________    ________    ___________    ____________    ____________    _______________    _________    ________    ____________________

    59       0      5     100    0.05       10       0.996          0           0          0              0                  0                 0               0           0     22-Mar-2024 20:10:59
    59       1      5     100    0.05       10       0.994    -5.6831     -5.6831         10              0             34.279           0.99677          1.3568      46.845     22-Mar-2024 20:10:59
    59       2      5     100    0.05       10       0.994    -5.6418      -5.644         10              0             34.103            1.0159          1.5132      11.541     22-Mar-2024 20:10:59
    59       3      5     100    0.05       10       0.994    -5.6418      -5.644         10              0             34.103            1.0159          1.1418      14.259     22-Mar-2024 20:10:59
    59       4      5     100    0.05       10       0.994    -5.6418      -5.644         10              0             34.103            1.0159         0.86652      13.956     22-Mar-2024 20:10:59
    59       5      5     100    0.05       10       0.994    -5.6418      -5.644         10              0             34.103            1.0159          1.1338       13.35     22-Mar-2024 20:10:59
    59       6      5     100    0.05       10       0.994    -5.6418      -5.644         10              0             34.103            1.0159         0.83194      14.846     22-Mar-2024 20:10:59
    59       7      5     100    0.05       10       0.994    -5.6418      -5.644         10              0             34.103            1.0159          1.2602      13.077     22-Mar-2024 20:10:59
    59       8      5     100    0.05       10       0.994    -5.6418      -5.644         10              0             34.103            1.0159          0.9134      14.487     22-Mar-2024 20:10:59
    59       9      5     100    0.05       10       0.994    -5.6418      -5.644         10              0             34.103            1.0159          1.1476      14.883     22-Mar-2024 20:10:59
    59      10      5     100    0.05       10       0.994    -5.6418      -5.644         10              0             34.103            1.0159         0.97048      14.112     22-Mar-2024 20:10:59
    59      11      5     100    0.05       10       0.994    -5.6418      -5.644         10              0             34.103            1.0159          1.1041      15.491     22-Mar-2024 20:10:59
    59      12      5     100    0.05       10       0.994    -5.6418      -5.644         10              0             34.103            1.0159          1.1685      15.146     22-Mar-2024 20:10:59
    59      13      5     100    0.05       10       0.994    -5.6418      -5.644         10              0             34.103            1.0159          1.8998      11.669     22-Mar-2024 20:10:59
    59      14      5     100    0.05       10       0.994    -5.6418      -5.644         10              0             34.103            1.0159          1.1878       14.89     22-Mar-2024 20:10:59
    59      15      5     100    0.05       10       0.994    -5.6418      -5.644         10              0             34.103            1.0159          1.4552      15.148     22-Mar-2024 20:10:59
    59      16      5     100    0.05       10       0.994    -5.6418      -5.644         10              0             34.103            1.0159         0.89791      17.271     22-Mar-2024 20:10:59
    59      17      5     100    0.05       10       0.994    -5.6418      -5.644         10              0             34.103            1.0159          1.4335      11.255     22-Mar-2024 20:10:59
    59      18      5     100    0.05       10       0.994    -5.6418      -5.644         10              0             34.103            1.0159         0.93129      14.393     22-Mar-2024 20:10:59
    59      19      5     100    0.05       10       0.994    -5.6418      -5.644         10              0             34.103            1.0159          1.1381      13.559     22-Mar-2024 20:10:59
    59      20      5     100    0.05       10       0.994    -5.6418      -5.644         10              0             34.103            1.0159          1.5753      13.883     22-Mar-2024 20:10:59
    59      21      5     100    0.05       10       0.994    -5.6418      -5.644         10              0             34.103            1.0159          1.0871      15.976     22-Mar-2024 20:10:59
    59      22      5     100    0.05       10       0.994    -5.6418      -5.644         10              0             34.103            1.0159          1.3266      13.906     22-Mar-2024 20:10:59
    59      23      5     100    0.05       10       0.994    -5.6418      -5.644         10              0             34.103            1.0159         0.92166      15.396     22-Mar-2024 20:10:59
    59      24      5     100    0.05       10       0.994    -5.6418      -5.644         10              0             34.103            1.0159          1.3221      10.602     22-Mar-2024 20:10:59
    59      25      5     100    0.05       10       0.994    -5.6418      -5.644         10              0             34.103            1.0159         0.84912      15.321     22-Mar-2024 20:10:59
    59      26      5     100    0.05       10       0.994    -5.6418      -5.644         10              0             34.103            1.0159         0.86082      13.392     22-Mar-2024 20:10:59
    59      27      5     100    0.05       10       0.994    -5.6418      -5.644         10              0             34.103            1.0159          1.4504      15.831     22-Mar-2024 20:10:59
    59      28      5     100    0.05       10       0.994    -5.6418      -5.644         10              0             34.103            1.0159           0.941      12.413     22-Mar-2024 20:10:59
    59      29      5     100    0.05       10       0.994    -5.6418      -5.644         10              0             34.103            1.0159           1.809      15.353     22-Mar-2024 20:10:59
    59      30      5     100    0.05       10       0.994    -5.6418      -5.644         10              0             34.103            1.0159          0.8521      15.569     22-Mar-2024 20:10:59


rep =

    60

replication: (60)th 


thres =

    3.0349

thres=3.034854
1 th thresholding

  breakyes=1.0,  maxresidual < 1.00e-06
11 entries survived 

2 th thresholding

  breakyes=1.4,  maxresidual < 1.00e-06
11 entries survived 

3 th thresholding

  breakyes=1.0,  maxresidual < 1.00e-06
11 entries survived 

4 th thresholding

  breakyes=1.4,  maxresidual < 1.00e-06
11 entries survived 

5 th thresholding

  breakyes=1.0,  maxresidual < 1.00e-06
11 entries survived 

6 th thresholding

  breakyes=1.4,  maxresidual < 1.00e-06
11 entries survived 

7 th thresholding

  breakyes=1.0,  maxresidual < 1.00e-06
11 entries survived 

8 th thresholding

  breakyes=1.4,  maxresidual < 1.00e-06
11 entries survived 

9 th thresholding

  breakyes=1.0,  maxresidual < 1.00e-06
11 entries survived 

10 th thresholding

  breakyes=1.4,  maxresidual < 1.00e-06
11 entries survived 

11 th thresholding

  breakyes=1.0,  maxresidual < 1.00e-06
11 entries survived 

12 th thresholding

  breakyes=1.4,  maxresidual < 1.00e-06
11 entries survived 

13 th thresholding

  breakyes=1.0,  maxresidual < 1.00e-06
11 entries survived 

14 th thresholding

  breakyes=1.4,  maxresidual < 1.00e-06
11 entries survived 

15 th thresholding

  breakyes=1.0,  maxresidual < 1.00e-06
11 entries survived 

16 th thresholding

  breakyes=1.4,  maxresidual < 1.00e-06
11 entries survived 

17 th thresholding

  breakyes=1.0,  maxresidual < 1.00e-06
11 entries survived 

18 th thresholding

  breakyes=1.4,  maxresidual < 1.00e-06
11 entries survived 

19 th thresholding

  breakyes=1.0,  maxresidual < 1.00e-06
11 entries survived 

20 th thresholding

  breakyes=1.4,  maxresidual < 1.00e-06
11 entries survived 

21 th thresholding

  breakyes=1.0,  maxresidual < 1.00e-06
11 entries survived 

22 th thresholding

  breakyes=1.4,  maxresidual < 1.00e-06
11 entries survived 

23 th thresholding

  breakyes=1.0,  maxresidual < 1.00e-06
11 entries survived 

24 th thresholding

  breakyes=1.4,  maxresidual < 1.00e-06
11 entries survived 

25 th thresholding

  breakyes=1.0,  maxresidual < 1.00e-06
11 entries survived 

26 th thresholding

  breakyes=1.4,  maxresidual < 1.00e-06
11 entries survived 

27 th thresholding

  breakyes=1.0,  maxresidual < 1.00e-06
11 entries survived 

28 th thresholding

  breakyes=1.4,  maxresidual < 1.00e-06
11 entries survived 

29 th thresholding

  breakyes=1.0,  maxresidual < 1.00e-06
11 entries survived 

30 th thresholding

  breakyes=1.4,  maxresidual < 1.00e-06
11 entries survived 

acc_vec =

    0.9940
    0.9920
    0.9940
    0.9920
    0.9940
    0.9920
    0.9940
    0.9920
    0.9940
    0.9920
    0.9940
    0.9920
    0.9940
    0.9920
    0.9940
    0.9920
    0.9940
    0.9920
    0.9940
    0.9920
    0.9940
    0.9920
    0.9940
    0.9920
    0.9940
    0.9920
    0.9940
    0.9920
    0.9940
    0.9920
    0.9940

acc =0.994000  0.992000  0.994000  0.992000  0.994000  0.992000  0.994000  0.992000  0.994000  0.992000  0.994000  0.992000  0.994000  0.992000  0.994000  0.992000  0.994000  0.992000  0.994000  0.992000  0.994000  0.992000  0.994000  0.992000  0.994000  0.992000  0.994000  0.992000  0.994000  0.992000  0.994000 

discov_true_vec =

    10
    10
    10
    10
    10
    10
    10
    10
    10
    10
    10
    10
    10
    10
    10
    10
    10
    10
    10
    10
    10
    10
    10
    10
    10
    10
    10
    10
    10
    10


discov_false_vec =

     1
     1
     1
     1
     1
     1
     1
     1
     1
     1
     1
     1
     1
     1
     1
     1
     1
     1
     1
     1
     1
     1
     1
     1
     1
     1
     1
     1
     1
     1


data =

  31x16 table

    rep    iter    sep    dim    rho     sparsity     acc     obj_prim    obj_dual    discov_true    discov_false    diff_x_tilde    diff_omega_diag    time_isee    time_SDP          jobdate       
    ___    ____    ___    ___    ____    ________    _____    ________    ________    ___________    ____________    ____________    _______________    _________    ________    ____________________

    60       0      5     100    0.05       10       0.994          0           0          0              0                  0                0                0           0     22-Mar-2024 20:26:54
    60       1      5     100    0.05       10       0.992    -6.0656     -6.0656         10              1             35.395           1.0059           1.9572      21.921     22-Mar-2024 20:26:54
    60       2      5     100    0.05       10       0.994    -6.1044     -6.1044         10              1             34.873           1.0013           1.2953      37.206     22-Mar-2024 20:26:54
    60       3      5     100    0.05       10       0.992    -6.0656     -6.0656         10              1             35.395           1.0059           1.0058       23.21     22-Mar-2024 20:26:54
    60       4      5     100    0.05       10       0.994    -6.1044     -6.1044         10              1             34.873           1.0013          0.95884      33.479     22-Mar-2024 20:26:54
    60       5      5     100    0.05       10       0.992    -6.0656     -6.0656         10              1             35.395           1.0059           1.3997      19.705     22-Mar-2024 20:26:54
    60       6      5     100    0.05       10       0.994    -6.1044     -6.1044         10              1             34.873           1.0013          0.84544      41.102     22-Mar-2024 20:26:54
    60       7      5     100    0.05       10       0.992    -6.0656     -6.0656         10              1             35.395           1.0059           1.1006      23.762     22-Mar-2024 20:26:54
    60       8      5     100    0.05       10       0.994    -6.1044     -6.1044         10              1             34.873           1.0013          0.99165      35.558     22-Mar-2024 20:26:54
    60       9      5     100    0.05       10       0.992    -6.0656     -6.0656         10              1             35.395           1.0059           1.2964       24.13     22-Mar-2024 20:26:54
    60      10      5     100    0.05       10       0.994    -6.1044     -6.1044         10              1             34.873           1.0013          0.89843      38.433     22-Mar-2024 20:26:54
    60      11      5     100    0.05       10       0.992    -6.0656     -6.0656         10              1             35.395           1.0059           1.2455      30.703     22-Mar-2024 20:26:54
    60      12      5     100    0.05       10       0.994    -6.1044     -6.1044         10              1             34.873           1.0013           1.6996      38.637     22-Mar-2024 20:26:54
    60      13      5     100    0.05       10       0.992    -6.0656     -6.0656         10              1             35.395           1.0059           1.6422      25.259     22-Mar-2024 20:26:54
    60      14      5     100    0.05       10       0.994    -6.1044     -6.1044         10              1             34.873           1.0013          0.86842      39.559     22-Mar-2024 20:26:54
    60      15      5     100    0.05       10       0.992    -6.0656     -6.0656         10              1             35.395           1.0059             1.39      27.957     22-Mar-2024 20:26:54
    60      16      5     100    0.05       10       0.994    -6.1044     -6.1044         10              1             34.873           1.0013            1.117      38.585     22-Mar-2024 20:26:54
    60      17      5     100    0.05       10       0.992    -6.0656     -6.0656         10              1             35.395           1.0059           1.6254      22.514     22-Mar-2024 20:26:54
    60      18      5     100    0.05       10       0.994    -6.1044     -6.1044         10              1             34.873           1.0013          0.88647      37.511     22-Mar-2024 20:26:54
    60      19      5     100    0.05       10       0.992    -6.0656     -6.0656         10              1             35.395           1.0059           1.0771      23.744     22-Mar-2024 20:26:54
    60      20      5     100    0.05       10       0.994    -6.1044     -6.1044         10              1             34.873           1.0013          0.84974      36.797     22-Mar-2024 20:26:54
    60      21      5     100    0.05       10       0.992    -6.0656     -6.0656         10              1             35.395           1.0059            1.223      24.194     22-Mar-2024 20:26:54
    60      22      5     100    0.05       10       0.994    -6.1044     -6.1044         10              1             34.873           1.0013          0.84985      35.432     22-Mar-2024 20:26:54
    60      23      5     100    0.05       10       0.992    -6.0656     -6.0656         10              1             35.395           1.0059           1.0773      23.674     22-Mar-2024 20:26:54
    60      24      5     100    0.05       10       0.994    -6.1044     -6.1044         10              1             34.873           1.0013          0.83652      34.712     22-Mar-2024 20:26:54
    60      25      5     100    0.05       10       0.992    -6.0656     -6.0656         10              1             35.395           1.0059             1.36      22.541     22-Mar-2024 20:26:54
    60      26      5     100    0.05       10       0.994    -6.1044     -6.1044         10              1             34.873           1.0013          0.83654      37.775     22-Mar-2024 20:26:54
    60      27      5     100    0.05       10       0.992    -6.0656     -6.0656         10              1             35.395           1.0059           1.2647      23.621     22-Mar-2024 20:26:54
    60      28      5     100    0.05       10       0.994    -6.1044     -6.1044         10              1             34.873           1.0013          0.85108      34.806     22-Mar-2024 20:26:54
    60      29      5     100    0.05       10       0.992    -6.0656     -6.0656         10              1             35.395           1.0059            1.072      24.541     22-Mar-2024 20:26:54
    60      30      5     100    0.05       10       0.994    -6.1044     -6.1044         10              1             34.873           1.0013          0.83632      39.332     22-Mar-2024 20:26:54

