==========================================
SLURM_JOB_ID = 20418217
SLURM_JOB_NODELIST = b04-05
TMPDIR = /tmp/SLURM_20418217
==========================================
hello
Starting parallel pool (parpool) ...
Connected to the parallel pool (number of workers: 15).

pool = 

 ProcessPool with properties: 

            Connected: true
           NumWorkers: 15
                 Busy: false
              Cluster: Local
        AttachedFiles: {}
    AutoAddClientPath: true
            FileStore: [1x1 parallel.FileStore]
           ValueStore: [1x1 parallel.ValueStore]
          IdleTimeout: 30 minutes (30 minutes remaining)
          SpmdEnabled: true


p =

   100


Delta =

     4


s =

    10


n =

   500


ii =

     3


table_name =

    'sparse_kmeans_isee'


conn = 

  sqlite with properties:

      Database: '/home1/jongminm/sparse_kmeans/sparse_kmeans.db'
    IsReadOnly: 0
    AutoCommit: 'on'


rho =

    0.0500


M =

    0.6601

delta confirmed: 4.000000
ans =

    3.8338


rep =

     9

replication: (9)th 


thres =

    3.0349

thres=3.034854
1 th thresholding

  breakyes=1.3,  maxresidual < 1.00e-06
11 entries survived 

2 th thresholding

  breakyes=1.4,  maxresidual < 1.00e-06
11 entries survived 

3 th thresholding

  breakyes=1.4,  maxresidual < 1.00e-06
11 entries survived 

4 th thresholding

  breakyes=1.4,  maxresidual < 1.00e-06
11 entries survived 

5 th thresholding

  breakyes=1.4,  maxresidual < 1.00e-06
11 entries survived 

6 th thresholding

  breakyes=1.4,  maxresidual < 1.00e-06
11 entries survived 

7 th thresholding

  breakyes=1.4,  maxresidual < 1.00e-06
11 entries survived 

8 th thresholding

  breakyes=1.4,  maxresidual < 1.00e-06
11 entries survived 

9 th thresholding

  breakyes=1.4,  maxresidual < 1.00e-06
11 entries survived 

10 th thresholding

  breakyes=1.4,  maxresidual < 1.00e-06
11 entries survived 

11 th thresholding

  breakyes=1.4,  maxresidual < 1.00e-06
11 entries survived 

12 th thresholding

  breakyes=1.4,  maxresidual < 1.00e-06
11 entries survived 

13 th thresholding

  breakyes=1.4,  maxresidual < 1.00e-06
11 entries survived 

14 th thresholding

  breakyes=1.4,  maxresidual < 1.00e-06
11 entries survived 

15 th thresholding

  breakyes=1.4,  maxresidual < 1.00e-06
11 entries survived 

16 th thresholding

  breakyes=1.4,  maxresidual < 1.00e-06
11 entries survived 

17 th thresholding

  breakyes=1.4,  maxresidual < 1.00e-06
11 entries survived 

18 th thresholding

  breakyes=1.4,  maxresidual < 1.00e-06
11 entries survived 

19 th thresholding

  breakyes=1.4,  maxresidual < 1.00e-06
11 entries survived 

20 th thresholding

  breakyes=1.4,  maxresidual < 1.00e-06
11 entries survived 

21 th thresholding

  breakyes=1.4,  maxresidual < 1.00e-06
11 entries survived 

22 th thresholding

  breakyes=1.4,  maxresidual < 1.00e-06
11 entries survived 

23 th thresholding

  breakyes=1.4,  maxresidual < 1.00e-06
11 entries survived 

24 th thresholding

  breakyes=1.4,  maxresidual < 1.00e-06
11 entries survived 

25 th thresholding

  breakyes=1.4,  maxresidual < 1.00e-06
11 entries survived 

26 th thresholding

  breakyes=1.4,  maxresidual < 1.00e-06
11 entries survived 

27 th thresholding

  breakyes=1.4,  maxresidual < 1.00e-06
11 entries survived 

28 th thresholding

  breakyes=1.4,  maxresidual < 1.00e-06
11 entries survived 

29 th thresholding

  breakyes=1.4,  maxresidual < 1.00e-06
11 entries survived 

30 th thresholding

  breakyes=1.4,  maxresidual < 1.00e-06
11 entries survived 

acc_vec =

    0.9840
    0.9840
    0.9840
    0.9840
    0.9840
    0.9840
    0.9840
    0.9840
    0.9840
    0.9840
    0.9840
    0.9840
    0.9840
    0.9840
    0.9840
    0.9840
    0.9840
    0.9840
    0.9840
    0.9840
    0.9840
    0.9840
    0.9840
    0.9840
    0.9840
    0.9840
    0.9840
    0.9840
    0.9840
    0.9840
    0.9840

acc =0.984000  0.984000  0.984000  0.984000  0.984000  0.984000  0.984000  0.984000  0.984000  0.984000  0.984000  0.984000  0.984000  0.984000  0.984000  0.984000  0.984000  0.984000  0.984000  0.984000  0.984000  0.984000  0.984000  0.984000  0.984000  0.984000  0.984000  0.984000  0.984000  0.984000  0.984000 

discov_true_vec =

    10
    10
    10
    10
    10
    10
    10
    10
    10
    10
    10
    10
    10
    10
    10
    10
    10
    10
    10
    10
    10
    10
    10
    10
    10
    10
    10
    10
    10
    10


discov_false_vec =

     1
     1
     1
     1
     1
     1
     1
     1
     1
     1
     1
     1
     1
     1
     1
     1
     1
     1
     1
     1
     1
     1
     1
     1
     1
     1
     1
     1
     1
     1


data =

  31x16 table

    rep    iter    sep    dim    rho     sparsity     acc     obj_prim    obj_dual    discov_true    discov_false    diff_x_tilde    diff_omega_diag    time_isee    time_SDP          jobdate       
    ___    ____    ___    ___    ____    ________    _____    ________    ________    ___________    ____________    ____________    _______________    _________    ________    ____________________

     9       0      4     100    0.05       10       0.984          0           0          0              0                  0                 0               0           0     22-Mar-2024 21:34:35
     9       1      4     100    0.05       10       0.984    -4.1219     -4.1219         10              1             31.036           0.85318          2.2945      21.428     22-Mar-2024 21:34:35
     9       2      4     100    0.05       10       0.984    -4.1653     -4.1653         10              1             30.873           0.84098           1.346      25.695     22-Mar-2024 21:34:35
     9       3      4     100    0.05       10       0.984    -4.1653     -4.1653         10              1             30.873           0.84098          1.2313      24.514     22-Mar-2024 21:34:35
     9       4      4     100    0.05       10       0.984    -4.1653     -4.1653         10              1             30.873           0.84098          1.0983       24.68     22-Mar-2024 21:34:35
     9       5      4     100    0.05       10       0.984    -4.1653     -4.1653         10              1             30.873           0.84098          1.2535      24.987     22-Mar-2024 21:34:35
     9       6      4     100    0.05       10       0.984    -4.1653     -4.1653         10              1             30.873           0.84098          1.1837      24.997     22-Mar-2024 21:34:35
     9       7      4     100    0.05       10       0.984    -4.1653     -4.1653         10              1             30.873           0.84098          1.0181      25.687     22-Mar-2024 21:34:35
     9       8      4     100    0.05       10       0.984    -4.1653     -4.1653         10              1             30.873           0.84098         0.93223      24.744     22-Mar-2024 21:34:35
     9       9      4     100    0.05       10       0.984    -4.1653     -4.1653         10              1             30.873           0.84098         0.87477      24.511     22-Mar-2024 21:34:35
     9      10      4     100    0.05       10       0.984    -4.1653     -4.1653         10              1             30.873           0.84098          0.8162      23.844     22-Mar-2024 21:34:35
     9      11      4     100    0.05       10       0.984    -4.1653     -4.1653         10              1             30.873           0.84098          1.2764      24.005     22-Mar-2024 21:34:35
     9      12      4     100    0.05       10       0.984    -4.1653     -4.1653         10              1             30.873           0.84098         0.95841      25.116     22-Mar-2024 21:34:35
     9      13      4     100    0.05       10       0.984    -4.1653     -4.1653         10              1             30.873           0.84098          1.0224      23.739     22-Mar-2024 21:34:35
     9      14      4     100    0.05       10       0.984    -4.1653     -4.1653         10              1             30.873           0.84098         0.88382      23.679     22-Mar-2024 21:34:35
     9      15      4     100    0.05       10       0.984    -4.1653     -4.1653         10              1             30.873           0.84098         0.86352      24.212     22-Mar-2024 21:34:35
     9      16      4     100    0.05       10       0.984    -4.1653     -4.1653         10              1             30.873           0.84098         0.85883      24.931     22-Mar-2024 21:34:35
     9      17      4     100    0.05       10       0.984    -4.1653     -4.1653         10              1             30.873           0.84098         0.89212      24.305     22-Mar-2024 21:34:35
     9      18      4     100    0.05       10       0.984    -4.1653     -4.1653         10              1             30.873           0.84098          0.8365      24.514     22-Mar-2024 21:34:35
     9      19      4     100    0.05       10       0.984    -4.1653     -4.1653         10              1             30.873           0.84098          1.0258      24.588     22-Mar-2024 21:34:35
     9      20      4     100    0.05       10       0.984    -4.1653     -4.1653         10              1             30.873           0.84098          1.0764      24.085     22-Mar-2024 21:34:35
     9      21      4     100    0.05       10       0.984    -4.1653     -4.1653         10              1             30.873           0.84098         0.99654      24.114     22-Mar-2024 21:34:35
     9      22      4     100    0.05       10       0.984    -4.1653     -4.1653         10              1             30.873           0.84098         0.83198      25.384     22-Mar-2024 21:34:35
     9      23      4     100    0.05       10       0.984    -4.1653     -4.1653         10              1             30.873           0.84098          1.0516      24.583     22-Mar-2024 21:34:35
     9      24      4     100    0.05       10       0.984    -4.1653     -4.1653         10              1             30.873           0.84098         0.82458      24.318     22-Mar-2024 21:34:35
     9      25      4     100    0.05       10       0.984    -4.1653     -4.1653         10              1             30.873           0.84098          1.0073      24.272     22-Mar-2024 21:34:35
     9      26      4     100    0.05       10       0.984    -4.1653     -4.1653         10              1             30.873           0.84098         0.91084      24.016     22-Mar-2024 21:34:35
     9      27      4     100    0.05       10       0.984    -4.1653     -4.1653         10              1             30.873           0.84098          1.0388      23.825     22-Mar-2024 21:34:35
     9      28      4     100    0.05       10       0.984    -4.1653     -4.1653         10              1             30.873           0.84098         0.80973      24.849     22-Mar-2024 21:34:35
     9      29      4     100    0.05       10       0.984    -4.1653     -4.1653         10              1             30.873           0.84098          1.0303      24.726     22-Mar-2024 21:34:35
     9      30      4     100    0.05       10       0.984    -4.1653     -4.1653         10              1             30.873           0.84098          1.0309      24.371     22-Mar-2024 21:34:35


rep =

    10

replication: (10)th 


thres =

    3.0349

thres=3.034854
1 th thresholding

  breakyes=1.4,  maxresidual < 1.00e-06
10 entries survived 

2 th thresholding

  breakyes=1.4,  maxresidual < 1.00e-06
10 entries survived 

3 th thresholding

  breakyes=3.2,  dualfeasorg deteriorated too much: primfeasorg=1.45e-06,dualfeasorg=3.14e-05
10 entries survived 

4 th thresholding

  breakyes=3.2,  dualfeasorg deteriorated too much: primfeasorg=1.45e-06,dualfeasorg=3.14e-05
10 entries survived 

5 th thresholding

  breakyes=3.2,  dualfeasorg deteriorated too much: primfeasorg=1.45e-06,dualfeasorg=3.14e-05
10 entries survived 

6 th thresholding

  breakyes=3.2,  dualfeasorg deteriorated too much: primfeasorg=1.45e-06,dualfeasorg=3.14e-05
10 entries survived 

7 th thresholding

  breakyes=3.2,  dualfeasorg deteriorated too much: primfeasorg=1.45e-06,dualfeasorg=3.14e-05
10 entries survived 

8 th thresholding

  breakyes=3.2,  dualfeasorg deteriorated too much: primfeasorg=1.45e-06,dualfeasorg=3.14e-05
10 entries survived 

9 th thresholding

  breakyes=3.2,  dualfeasorg deteriorated too much: primfeasorg=1.45e-06,dualfeasorg=3.14e-05
10 entries survived 

10 th thresholding

  breakyes=3.2,  dualfeasorg deteriorated too much: primfeasorg=1.45e-06,dualfeasorg=3.14e-05
10 entries survived 

11 th thresholding

  breakyes=3.2,  dualfeasorg deteriorated too much: primfeasorg=1.45e-06,dualfeasorg=3.14e-05
10 entries survived 

12 th thresholding

  breakyes=3.2,  dualfeasorg deteriorated too much: primfeasorg=1.45e-06,dualfeasorg=3.14e-05
10 entries survived 

13 th thresholding

  breakyes=3.2,  dualfeasorg deteriorated too much: primfeasorg=1.45e-06,dualfeasorg=3.14e-05
10 entries survived 

14 th thresholding

  breakyes=3.2,  dualfeasorg deteriorated too much: primfeasorg=1.45e-06,dualfeasorg=3.14e-05
10 entries survived 

15 th thresholding

  breakyes=3.2,  dualfeasorg deteriorated too much: primfeasorg=1.45e-06,dualfeasorg=3.14e-05
10 entries survived 

16 th thresholding

  breakyes=3.2,  dualfeasorg deteriorated too much: primfeasorg=1.45e-06,dualfeasorg=3.14e-05
10 entries survived 

17 th thresholding

  breakyes=3.2,  dualfeasorg deteriorated too much: primfeasorg=1.45e-06,dualfeasorg=3.14e-05
10 entries survived 

18 th thresholding

  breakyes=3.2,  dualfeasorg deteriorated too much: primfeasorg=1.45e-06,dualfeasorg=3.14e-05
10 entries survived 

19 th thresholding

  breakyes=3.2,  dualfeasorg deteriorated too much: primfeasorg=1.45e-06,dualfeasorg=3.14e-05
10 entries survived 

20 th thresholding

  breakyes=3.2,  dualfeasorg deteriorated too much: primfeasorg=1.45e-06,dualfeasorg=3.14e-05
10 entries survived 

21 th thresholding

  breakyes=3.2,  dualfeasorg deteriorated too much: primfeasorg=1.45e-06,dualfeasorg=3.14e-05
10 entries survived 

22 th thresholding

  breakyes=3.2,  dualfeasorg deteriorated too much: primfeasorg=1.45e-06,dualfeasorg=3.14e-05
10 entries survived 

23 th thresholding

  breakyes=3.2,  dualfeasorg deteriorated too much: primfeasorg=1.45e-06,dualfeasorg=3.14e-05
10 entries survived 

24 th thresholding

  breakyes=3.2,  dualfeasorg deteriorated too much: primfeasorg=1.45e-06,dualfeasorg=3.14e-05
10 entries survived 

25 th thresholding

  breakyes=3.2,  dualfeasorg deteriorated too much: primfeasorg=1.45e-06,dualfeasorg=3.14e-05
10 entries survived 

26 th thresholding

  breakyes=3.2,  dualfeasorg deteriorated too much: primfeasorg=1.45e-06,dualfeasorg=3.14e-05
10 entries survived 

27 th thresholding

  breakyes=3.2,  dualfeasorg deteriorated too much: primfeasorg=1.45e-06,dualfeasorg=3.14e-05
10 entries survived 

28 th thresholding

  breakyes=3.2,  dualfeasorg deteriorated too much: primfeasorg=1.45e-06,dualfeasorg=3.14e-05
10 entries survived 

29 th thresholding

  breakyes=3.2,  dualfeasorg deteriorated too much: primfeasorg=1.45e-06,dualfeasorg=3.14e-05
10 entries survived 

30 th thresholding

  breakyes=3.2,  dualfeasorg deteriorated too much: primfeasorg=1.45e-06,dualfeasorg=3.14e-05
10 entries survived 

acc_vec =

    0.9720
    0.9720
    0.9760
    0.9760
    0.9760
    0.9760
    0.9760
    0.9760
    0.9760
    0.9760
    0.9760
    0.9760
    0.9760
    0.9760
    0.9760
    0.9760
    0.9760
    0.9760
    0.9760
    0.9760
    0.9760
    0.9760
    0.9760
    0.9760
    0.9760
    0.9760
    0.9760
    0.9760
    0.9760
    0.9760
    0.9760

acc =0.972000  0.972000  0.976000  0.976000  0.976000  0.976000  0.976000  0.976000  0.976000  0.976000  0.976000  0.976000  0.976000  0.976000  0.976000  0.976000  0.976000  0.976000  0.976000  0.976000  0.976000  0.976000  0.976000  0.976000  0.976000  0.976000  0.976000  0.976000  0.976000  0.976000  0.976000 

discov_true_vec =

    10
    10
    10
    10
    10
    10
    10
    10
    10
    10
    10
    10
    10
    10
    10
    10
    10
    10
    10
    10
    10
    10
    10
    10
    10
    10
    10
    10
    10
    10


discov_false_vec =

     0
     0
     0
     0
     0
     0
     0
     0
     0
     0
     0
     0
     0
     0
     0
     0
     0
     0
     0
     0
     0
     0
     0
     0
     0
     0
     0
     0
     0
     0


data =

  31x16 table

    rep    iter    sep    dim    rho     sparsity     acc     obj_prim    obj_dual    discov_true    discov_false    diff_x_tilde    diff_omega_diag    time_isee    time_SDP          jobdate       
    ___    ____    ___    ___    ____    ________    _____    ________    ________    ___________    ____________    ____________    _______________    _________    ________    ____________________

    10       0      4     100    0.05       10       0.972          0           0          0              0                  0                 0               0           0     22-Mar-2024 21:43:27
    10       1      4     100    0.05       10       0.972    -4.0825     -4.0825         10              0             34.967           0.96587          1.3738      25.991     22-Mar-2024 21:43:27
    10       2      4     100    0.05       10       0.976    -4.0285     -4.0285         10              0             34.934           0.98112          1.0387      19.122     22-Mar-2024 21:43:27
    10       3      4     100    0.05       10       0.976    -4.0611     -4.0611         10              0              36.18            1.0314          1.0622      16.094     22-Mar-2024 21:43:27
    10       4      4     100    0.05       10       0.976    -4.0611     -4.0611         10              0              36.18            1.0314          0.8196      16.256     22-Mar-2024 21:43:27
    10       5      4     100    0.05       10       0.976    -4.0611     -4.0611         10              0              36.18            1.0314          1.0142      16.278     22-Mar-2024 21:43:27
    10       6      4     100    0.05       10       0.976    -4.0611     -4.0611         10              0              36.18            1.0314         0.89129       16.42     22-Mar-2024 21:43:27
    10       7      4     100    0.05       10       0.976    -4.0611     -4.0611         10              0              36.18            1.0314         0.85764      16.305     22-Mar-2024 21:43:27
    10       8      4     100    0.05       10       0.976    -4.0611     -4.0611         10              0              36.18            1.0314          0.8238      15.672     22-Mar-2024 21:43:27
    10       9      4     100    0.05       10       0.976    -4.0611     -4.0611         10              0              36.18            1.0314          1.0101      15.762     22-Mar-2024 21:43:27
    10      10      4     100    0.05       10       0.976    -4.0611     -4.0611         10              0              36.18            1.0314          0.8852      16.195     22-Mar-2024 21:43:27
    10      11      4     100    0.05       10       0.976    -4.0611     -4.0611         10              0              36.18            1.0314          1.3578      16.379     22-Mar-2024 21:43:27
    10      12      4     100    0.05       10       0.976    -4.0611     -4.0611         10              0              36.18            1.0314          0.8389      17.029     22-Mar-2024 21:43:27
    10      13      4     100    0.05       10       0.976    -4.0611     -4.0611         10              0              36.18            1.0314         0.99176      16.547     22-Mar-2024 21:43:27
    10      14      4     100    0.05       10       0.976    -4.0611     -4.0611         10              0              36.18            1.0314         0.85958      16.463     22-Mar-2024 21:43:27
    10      15      4     100    0.05       10       0.976    -4.0611     -4.0611         10              0              36.18            1.0314          1.4825      16.412     22-Mar-2024 21:43:27
    10      16      4     100    0.05       10       0.976    -4.0611     -4.0611         10              0              36.18            1.0314         0.86702      16.367     22-Mar-2024 21:43:27
    10      17      4     100    0.05       10       0.976    -4.0611     -4.0611         10              0              36.18            1.0314          1.4831      15.914     22-Mar-2024 21:43:27
    10      18      4     100    0.05       10       0.976    -4.0611     -4.0611         10              0              36.18            1.0314         0.88146      15.496     22-Mar-2024 21:43:27
    10      19      4     100    0.05       10       0.976    -4.0611     -4.0611         10              0              36.18            1.0314          1.5381      15.533     22-Mar-2024 21:43:27
    10      20      4     100    0.05       10       0.976    -4.0611     -4.0611         10              0              36.18            1.0314          0.8841      16.464     22-Mar-2024 21:43:27
    10      21      4     100    0.05       10       0.976    -4.0611     -4.0611         10              0              36.18            1.0314          1.3543      16.217     22-Mar-2024 21:43:27
    10      22      4     100    0.05       10       0.976    -4.0611     -4.0611         10              0              36.18            1.0314         0.88861      16.064     22-Mar-2024 21:43:27
    10      23      4     100    0.05       10       0.976    -4.0611     -4.0611         10              0              36.18            1.0314          1.2474      16.758     22-Mar-2024 21:43:27
    10      24      4     100    0.05       10       0.976    -4.0611     -4.0611         10              0              36.18            1.0314         0.83916      16.191     22-Mar-2024 21:43:27
    10      25      4     100    0.05       10       0.976    -4.0611     -4.0611         10              0              36.18            1.0314          1.0542      16.632     22-Mar-2024 21:43:27
    10      26      4     100    0.05       10       0.976    -4.0611     -4.0611         10              0              36.18            1.0314          0.8992      16.644     22-Mar-2024 21:43:27
    10      27      4     100    0.05       10       0.976    -4.0611     -4.0611         10              0              36.18            1.0314           1.022      16.066     22-Mar-2024 21:43:27
    10      28      4     100    0.05       10       0.976    -4.0611     -4.0611         10              0              36.18            1.0314         0.84771      16.404     22-Mar-2024 21:43:27
    10      29      4     100    0.05       10       0.976    -4.0611     -4.0611         10              0              36.18            1.0314          1.0099      16.604     22-Mar-2024 21:43:27
    10      30      4     100    0.05       10       0.976    -4.0611     -4.0611         10              0              36.18            1.0314         0.85865      15.708     22-Mar-2024 21:43:27


rep =

    11

replication: (11)th 


thres =

    3.0349

thres=3.034854
1 th thresholding

  breakyes=1.3,  maxresidual < 1.00e-06
10 entries survived 

2 th thresholding

  breakyes=1.0,  maxresidual < 1.00e-06
10 entries survived 

3 th thresholding

  breakyes=1.0,  maxresidual < 1.00e-06
10 entries survived 

4 th thresholding

  breakyes=1.0,  maxresidual < 1.00e-06
10 entries survived 

5 th thresholding

  breakyes=1.0,  maxresidual < 1.00e-06
10 entries survived 

6 th thresholding

  breakyes=1.0,  maxresidual < 1.00e-06
10 entries survived 

7 th thresholding

  breakyes=1.0,  maxresidual < 1.00e-06
10 entries survived 

8 th thresholding

  breakyes=1.0,  maxresidual < 1.00e-06
10 entries survived 

9 th thresholding

  breakyes=1.0,  maxresidual < 1.00e-06
10 entries survived 

10 th thresholding

  breakyes=1.0,  maxresidual < 1.00e-06
10 entries survived 

11 th thresholding

  breakyes=1.0,  maxresidual < 1.00e-06
10 entries survived 

12 th thresholding

  breakyes=1.0,  maxresidual < 1.00e-06
10 entries survived 

13 th thresholding

  breakyes=1.0,  maxresidual < 1.00e-06
10 entries survived 

14 th thresholding

  breakyes=1.0,  maxresidual < 1.00e-06
10 entries survived 

15 th thresholding

  breakyes=1.0,  maxresidual < 1.00e-06
10 entries survived 

16 th thresholding

  breakyes=1.0,  maxresidual < 1.00e-06
10 entries survived 

17 th thresholding

  breakyes=1.0,  maxresidual < 1.00e-06
10 entries survived 

18 th thresholding

  breakyes=1.0,  maxresidual < 1.00e-06
10 entries survived 

19 th thresholding

  breakyes=1.0,  maxresidual < 1.00e-06
10 entries survived 

20 th thresholding

  breakyes=1.0,  maxresidual < 1.00e-06
10 entries survived 

21 th thresholding

  breakyes=1.0,  maxresidual < 1.00e-06
10 entries survived 

22 th thresholding

  breakyes=1.0,  maxresidual < 1.00e-06
10 entries survived 

23 th thresholding

  breakyes=1.0,  maxresidual < 1.00e-06
10 entries survived 

24 th thresholding

  breakyes=1.0,  maxresidual < 1.00e-06
10 entries survived 

25 th thresholding

  breakyes=1.0,  maxresidual < 1.00e-06
10 entries survived 

26 th thresholding

  breakyes=1.0,  maxresidual < 1.00e-06
10 entries survived 

27 th thresholding

  breakyes=1.0,  maxresidual < 1.00e-06
10 entries survived 

28 th thresholding

  breakyes=1.0,  maxresidual < 1.00e-06
10 entries survived 

29 th thresholding

  breakyes=1.0,  maxresidual < 1.00e-06
10 entries survived 

30 th thresholding

  breakyes=1.0,  maxresidual < 1.00e-06
10 entries survived 

acc_vec =

    0.9800
    0.9780
    0.9740
    0.9760
    0.9800
    0.9760
    0.9800
    0.9780
    0.9780
    0.9760
    0.9800
    0.9780
    0.9780
    0.9760
    0.9800
    0.9780
    0.9780
    0.9760
    0.9800
    0.9780
    0.9780
    0.9760
    0.9800
    0.9780
    0.9780
    0.9760
    0.9800
    0.9780
    0.9780
    0.9760
    0.9800

acc =0.980000  0.978000  0.974000  0.976000  0.980000  0.976000  0.980000  0.978000  0.978000  0.976000  0.980000  0.978000  0.978000  0.976000  0.980000  0.978000  0.978000  0.976000  0.980000  0.978000  0.978000  0.976000  0.980000  0.978000  0.978000  0.976000  0.980000  0.978000  0.978000  0.976000  0.980000 

discov_true_vec =

    10
    10
    10
    10
    10
    10
    10
    10
    10
    10
    10
    10
    10
    10
    10
    10
    10
    10
    10
    10
    10
    10
    10
    10
    10
    10
    10
    10
    10
    10


discov_false_vec =

     0
     0
     0
     0
     0
     0
     0
     0
     0
     0
     0
     0
     0
     0
     0
     0
     0
     0
     0
     0
     0
     0
     0
     0
     0
     0
     0
     0
     0
     0


data =

  31x16 table

    rep    iter    sep    dim    rho     sparsity     acc     obj_prim    obj_dual    discov_true    discov_false    diff_x_tilde    diff_omega_diag    time_isee    time_SDP          jobdate       
    ___    ____    ___    ___    ____    ________    _____    ________    ________    ___________    ____________    ____________    _______________    _________    ________    ____________________

    11       0      4     100    0.05       10        0.98          0           0          0              0                  0                 0               0           0     22-Mar-2024 21:48:14
    11       1      4     100    0.05       10       0.978    -5.2664     -5.2664         10              0             33.564           0.95428           1.501      19.505     22-Mar-2024 21:48:14
    11       2      4     100    0.05       10       0.974    -5.2711     -5.2711         10              0             33.154           0.92652         0.98533      12.469     22-Mar-2024 21:48:14
    11       3      4     100    0.05       10       0.976    -5.2773     -5.2773         10              0             32.736           0.91803          1.0054      7.5251     22-Mar-2024 21:48:14
    11       4      4     100    0.05       10        0.98    -5.2431     -5.2431         10              0             33.052           0.90654         0.80373      9.6676     22-Mar-2024 21:48:14
    11       5      4     100    0.05       10       0.976    -5.7473     -5.7473         10              0             34.496           0.94448          0.7942      7.5877     22-Mar-2024 21:48:14
    11       6      4     100    0.05       10        0.98    -5.5174     -5.5174         10              0             33.664           0.92821         0.81052      8.1681     22-Mar-2024 21:48:14
    11       7      4     100    0.05       10       0.978    -5.6059     -5.6059         10              0             34.311            0.9521         0.81957      8.9414     22-Mar-2024 21:48:14
    11       8      4     100    0.05       10       0.978    -5.3204     -5.3204         10              0             33.642           0.92426         0.82262      7.2244     22-Mar-2024 21:48:14
    11       9      4     100    0.05       10       0.976    -5.4906     -5.4906         10              0             32.349           0.90182         0.82049      8.0967     22-Mar-2024 21:48:14
    11      10      4     100    0.05       10        0.98    -5.5174     -5.5174         10              0             33.664           0.92821          0.8545      7.8014     22-Mar-2024 21:48:14
    11      11      4     100    0.05       10       0.978    -5.6059     -5.6059         10              0             34.311            0.9521          1.0253       8.745     22-Mar-2024 21:48:14
    11      12      4     100    0.05       10       0.978    -5.3204     -5.3204         10              0             33.642           0.92426         0.82318      7.2636     22-Mar-2024 21:48:14
    11      13      4     100    0.05       10       0.976    -5.4906     -5.4906         10              0             32.349           0.90182         0.85236      8.5023     22-Mar-2024 21:48:14
    11      14      4     100    0.05       10        0.98    -5.5174     -5.5174         10              0             33.664           0.92821          1.0697       7.878     22-Mar-2024 21:48:14
    11      15      4     100    0.05       10       0.978    -5.6059     -5.6059         10              0             34.311            0.9521         0.99785      9.0895     22-Mar-2024 21:48:14
    11      16      4     100    0.05       10       0.978    -5.3204     -5.3204         10              0             33.642           0.92426         0.91495      7.3371     22-Mar-2024 21:48:14
    11      17      4     100    0.05       10       0.976    -5.4906     -5.4906         10              0             32.349           0.90182         0.89545       8.257     22-Mar-2024 21:48:14
    11      18      4     100    0.05       10        0.98    -5.5174     -5.5174         10              0             33.664           0.92821         0.86713      8.0414     22-Mar-2024 21:48:14
    11      19      4     100    0.05       10       0.978    -5.6059     -5.6059         10              0             34.311            0.9521           1.007      8.9927     22-Mar-2024 21:48:14
    11      20      4     100    0.05       10       0.978    -5.3204     -5.3204         10              0             33.642           0.92426         0.82341      7.2849     22-Mar-2024 21:48:14
    11      21      4     100    0.05       10       0.976    -5.4906     -5.4906         10              0             32.349           0.90182         0.82123      8.3442     22-Mar-2024 21:48:14
    11      22      4     100    0.05       10        0.98    -5.5174     -5.5174         10              0             33.664           0.92821         0.81724      8.0049     22-Mar-2024 21:48:14
    11      23      4     100    0.05       10       0.978    -5.6059     -5.6059         10              0             34.311            0.9521         0.99027      8.8196     22-Mar-2024 21:48:14
    11      24      4     100    0.05       10       0.978    -5.3204     -5.3204         10              0             33.642           0.92426         0.83857      7.4892     22-Mar-2024 21:48:14
    11      25      4     100    0.05       10       0.976    -5.4906     -5.4906         10              0             32.349           0.90182          1.0745      7.9957     22-Mar-2024 21:48:14
    11      26      4     100    0.05       10        0.98    -5.5174     -5.5174         10              0             33.664           0.92821         0.82438      8.1528     22-Mar-2024 21:48:14
    11      27      4     100    0.05       10       0.978    -5.6059     -5.6059         10              0             34.311            0.9521          1.0099      8.7828     22-Mar-2024 21:48:14
    11      28      4     100    0.05       10       0.978    -5.3204     -5.3204         10              0             33.642           0.92426         0.83605      7.4465     22-Mar-2024 21:48:14
    11      29      4     100    0.05       10       0.976    -5.4906     -5.4906         10              0             32.349           0.90182         0.99929      7.9913     22-Mar-2024 21:48:14
    11      30      4     100    0.05       10        0.98    -5.5174     -5.5174         10              0             33.664           0.92821         0.82166      7.9229     22-Mar-2024 21:48:14


rep =

    12

replication: (12)th 


thres =

    3.0349

thres=3.034854
1 th thresholding

  breakyes=1.3,  maxresidual < 1.00e-06
10 entries survived 

2 th thresholding

  breakyes=1.0,  maxresidual < 1.00e-06
10 entries survived 

3 th thresholding

  breakyes=1.0,  maxresidual < 1.00e-06
10 entries survived 

4 th thresholding

  breakyes=1.0,  maxresidual < 1.00e-06
10 entries survived 

5 th thresholding

  breakyes=1.0,  maxresidual < 1.00e-06
10 entries survived 

6 th thresholding

  breakyes=1.0,  maxresidual < 1.00e-06
10 entries survived 

7 th thresholding

  breakyes=1.0,  maxresidual < 1.00e-06
10 entries survived 

8 th thresholding

  breakyes=1.0,  maxresidual < 1.00e-06
10 entries survived 

9 th thresholding

  breakyes=1.0,  maxresidual < 1.00e-06
10 entries survived 

10 th thresholding

  breakyes=1.0,  maxresidual < 1.00e-06
10 entries survived 

11 th thresholding

  breakyes=1.0,  maxresidual < 1.00e-06
10 entries survived 

12 th thresholding

  breakyes=1.0,  maxresidual < 1.00e-06
10 entries survived 

13 th thresholding

  breakyes=1.0,  maxresidual < 1.00e-06
10 entries survived 

14 th thresholding

  breakyes=1.0,  maxresidual < 1.00e-06
10 entries survived 

15 th thresholding

  breakyes=1.0,  maxresidual < 1.00e-06
10 entries survived 

16 th thresholding

  breakyes=1.0,  maxresidual < 1.00e-06
10 entries survived 

17 th thresholding

  breakyes=1.0,  maxresidual < 1.00e-06
10 entries survived 

18 th thresholding

  breakyes=1.0,  maxresidual < 1.00e-06
10 entries survived 

19 th thresholding

  breakyes=1.0,  maxresidual < 1.00e-06
10 entries survived 

20 th thresholding

  breakyes=1.0,  maxresidual < 1.00e-06
10 entries survived 

21 th thresholding

  breakyes=1.0,  maxresidual < 1.00e-06
10 entries survived 

22 th thresholding

  breakyes=1.0,  maxresidual < 1.00e-06
10 entries survived 

23 th thresholding

  breakyes=1.0,  maxresidual < 1.00e-06
10 entries survived 

24 th thresholding

  breakyes=1.0,  maxresidual < 1.00e-06
10 entries survived 

25 th thresholding

  breakyes=1.0,  maxresidual < 1.00e-06
10 entries survived 

26 th thresholding

  breakyes=1.0,  maxresidual < 1.00e-06
10 entries survived 

27 th thresholding

  breakyes=1.0,  maxresidual < 1.00e-06
10 entries survived 

28 th thresholding

  breakyes=1.0,  maxresidual < 1.00e-06
10 entries survived 

29 th thresholding

  breakyes=1.0,  maxresidual < 1.00e-06
10 entries survived 

30 th thresholding

  breakyes=1.0,  maxresidual < 1.00e-06
10 entries survived 

acc_vec =

    0.9740
    0.9820
    0.9800
    0.9800
    0.9800
    0.9800
    0.9800
    0.9800
    0.9800
    0.9800
    0.9800
    0.9800
    0.9800
    0.9800
    0.9800
    0.9800
    0.9800
    0.9800
    0.9800
    0.9800
    0.9800
    0.9800
    0.9800
    0.9800
    0.9800
    0.9800
    0.9800
    0.9800
    0.9800
    0.9800
    0.9800

acc =0.974000  0.982000  0.980000  0.980000  0.980000  0.980000  0.980000  0.980000  0.980000  0.980000  0.980000  0.980000  0.980000  0.980000  0.980000  0.980000  0.980000  0.980000  0.980000  0.980000  0.980000  0.980000  0.980000  0.980000  0.980000  0.980000  0.980000  0.980000  0.980000  0.980000  0.980000 

discov_true_vec =

    10
    10
    10
    10
    10
    10
    10
    10
    10
    10
    10
    10
    10
    10
    10
    10
    10
    10
    10
    10
    10
    10
    10
    10
    10
    10
    10
    10
    10
    10


discov_false_vec =

     0
     0
     0
     0
     0
     0
     0
     0
     0
     0
     0
     0
     0
     0
     0
     0
     0
     0
     0
     0
     0
     0
     0
     0
     0
     0
     0
     0
     0
     0


data =

  31x16 table

    rep    iter    sep    dim    rho     sparsity     acc     obj_prim    obj_dual    discov_true    discov_false    diff_x_tilde    diff_omega_diag    time_isee    time_SDP          jobdate       
    ___    ____    ___    ___    ____    ________    _____    ________    ________    ___________    ____________    ____________    _______________    _________    ________    ____________________

    12       0      4     100    0.05       10       0.974          0           0          0              0                  0                 0               0           0     22-Mar-2024 21:56:15
    12       1      4     100    0.05       10       0.982    -4.7051     -4.7051         10              0              33.44            1.0102           1.428      20.484     22-Mar-2024 21:56:15
    12       2      4     100    0.05       10        0.98    -4.3554     -4.3554         10              0             33.274            1.0051           1.036       16.22     22-Mar-2024 21:56:15
    12       3      4     100    0.05       10        0.98    -4.4814     -4.4814         10              0             33.917            1.0291         0.99139      15.018     22-Mar-2024 21:56:15
    12       4      4     100    0.05       10        0.98    -4.4526     -4.4526         10              0             33.443           0.99672         0.82606      14.586     22-Mar-2024 21:56:15
    12       5      4     100    0.05       10        0.98    -4.4814     -4.4814         10              0             33.917            1.0291          1.0054       15.04     22-Mar-2024 21:56:15
    12       6      4     100    0.05       10        0.98    -4.4526     -4.4526         10              0             33.443           0.99672          1.0854      13.686     22-Mar-2024 21:56:15
    12       7      4     100    0.05       10        0.98    -4.4814     -4.4814         10              0             33.917            1.0291         0.98144      15.218     22-Mar-2024 21:56:15
    12       8      4     100    0.05       10        0.98    -4.4526     -4.4526         10              0             33.443           0.99672         0.82403      14.343     22-Mar-2024 21:56:15
    12       9      4     100    0.05       10        0.98    -4.4814     -4.4814         10              0             33.917            1.0291         0.99532      15.231     22-Mar-2024 21:56:15
    12      10      4     100    0.05       10        0.98    -4.4526     -4.4526         10              0             33.443           0.99672         0.93414      14.295     22-Mar-2024 21:56:15
    12      11      4     100    0.05       10        0.98    -4.4814     -4.4814         10              0             33.917            1.0291         0.84727      15.949     22-Mar-2024 21:56:15
    12      12      4     100    0.05       10        0.98    -4.4526     -4.4526         10              0             33.443           0.99672          1.0236      14.124     22-Mar-2024 21:56:15
    12      13      4     100    0.05       10        0.98    -4.4814     -4.4814         10              0             33.917            1.0291         0.98238      15.585     22-Mar-2024 21:56:15
    12      14      4     100    0.05       10        0.98    -4.4526     -4.4526         10              0             33.443           0.99672          1.0706      14.218     22-Mar-2024 21:56:15
    12      15      4     100    0.05       10        0.98    -4.4814     -4.4814         10              0             33.917            1.0291         0.97289      15.601     22-Mar-2024 21:56:15
    12      16      4     100    0.05       10        0.98    -4.4526     -4.4526         10              0             33.443           0.99672         0.98828      13.836     22-Mar-2024 21:56:15
    12      17      4     100    0.05       10        0.98    -4.4814     -4.4814         10              0             33.917            1.0291         0.79827      15.357     22-Mar-2024 21:56:15
    12      18      4     100    0.05       10        0.98    -4.4526     -4.4526         10              0             33.443           0.99672         0.87214      14.657     22-Mar-2024 21:56:15
    12      19      4     100    0.05       10        0.98    -4.4814     -4.4814         10              0             33.917            1.0291          1.0136      15.587     22-Mar-2024 21:56:15
    12      20      4     100    0.05       10        0.98    -4.4526     -4.4526         10              0             33.443           0.99672         0.78537      14.007     22-Mar-2024 21:56:15
    12      21      4     100    0.05       10        0.98    -4.4814     -4.4814         10              0             33.917            1.0291         0.97769      15.962     22-Mar-2024 21:56:15
    12      22      4     100    0.05       10        0.98    -4.4526     -4.4526         10              0             33.443           0.99672          1.0613      14.476     22-Mar-2024 21:56:15
    12      23      4     100    0.05       10        0.98    -4.4814     -4.4814         10              0             33.917            1.0291         0.97715      15.461     22-Mar-2024 21:56:15
    12      24      4     100    0.05       10        0.98    -4.4526     -4.4526         10              0             33.443           0.99672         0.99431      14.228     22-Mar-2024 21:56:15
    12      25      4     100    0.05       10        0.98    -4.4814     -4.4814         10              0             33.917            1.0291         0.98415       15.68     22-Mar-2024 21:56:15
    12      26      4     100    0.05       10        0.98    -4.4526     -4.4526         10              0             33.443           0.99672         0.86699       14.07     22-Mar-2024 21:56:15
    12      27      4     100    0.05       10        0.98    -4.4814     -4.4814         10              0             33.917            1.0291          0.9992      15.684     22-Mar-2024 21:56:15
    12      28      4     100    0.05       10        0.98    -4.4526     -4.4526         10              0             33.443           0.99672         0.80884      14.235     22-Mar-2024 21:56:15
    12      29      4     100    0.05       10        0.98    -4.4814     -4.4814         10              0             33.917            1.0291           1.128      15.325     22-Mar-2024 21:56:15
    12      30      4     100    0.05       10        0.98    -4.4526     -4.4526         10              0             33.443           0.99672          1.0647        13.8     22-Mar-2024 21:56:15

