==========================================
SLURM_JOB_ID = 20418714
SLURM_JOB_NODELIST = b22-26
TMPDIR = /tmp/SLURM_20418714
==========================================
hello
Starting parallel pool (parpool) ...
Connected to the parallel pool (number of workers: 15).

pool = 

 ProcessPool with properties: 

            Connected: true
           NumWorkers: 15
                 Busy: false
              Cluster: Local
        AttachedFiles: {}
    AutoAddClientPath: true
            FileStore: [1x1 parallel.FileStore]
           ValueStore: [1x1 parallel.ValueStore]
          IdleTimeout: 30 minutes (30 minutes remaining)
          SpmdEnabled: true


p =

   300


Delta =

     3


s =

    10


n =

   500


ii =

    20


table_name =

    'sparse_kmeans_isee'


conn = 

  sqlite with properties:

      Database: '/home1/jongminm/sparse_kmeans/sparse_kmeans.db'
    IsReadOnly: 0
    AutoCommit: 'on'


rho =

    0.0500


M =

    0.4951

delta confirmed: 3.000000
ans =

    2.8754


rep =

    77

replication: (77)th 


thres =

    3.3775

thres=3.377509
1 th thresholding

  breakyes=1.4,  maxresidual < 1.00e-06
14 entries survived 

2 th thresholding

  breakyes=3.2,  dualfeasorg deteriorated too much: primfeasorg=1.27e-06,dualfeasorg=3.25e-05
10 entries survived 

3 th thresholding

  breakyes=3.2,  dualfeasorg deteriorated too much: primfeasorg=1.31e-06,dualfeasorg=3.47e-05
10 entries survived 

4 th thresholding

  breakyes=3.2,  dualfeasorg deteriorated too much: primfeasorg=1.04e-06,dualfeasorg=2.68e-05
10 entries survived 

5 th thresholding

  breakyes=1.4,  maxresidual < 1.00e-06
10 entries survived 

6 th thresholding

  breakyes=1.4,  maxresidual < 1.00e-06
10 entries survived 

7 th thresholding

  breakyes=1.4,  maxresidual < 1.00e-06
10 entries survived 

8 th thresholding

  breakyes=1.0,  maxresidual < 1.00e-06
10 entries survived 

9 th thresholding

  breakyes=3.2,  dualfeasorg deteriorated too much: primfeasorg=1.35e-06,dualfeasorg=7.28e-05
10 entries survived 

10 th thresholding

  breakyes=1.3,  maxresidual < 1.00e-06
10 entries survived 

11 th thresholding

  breakyes=1.3,  maxresidual < 1.00e-06
10 entries survived 

12 th thresholding

  breakyes=1.0,  maxresidual < 1.00e-06
10 entries survived 

13 th thresholding

  breakyes=1.4,  maxresidual < 1.00e-06
11 entries survived 

14 th thresholding

  breakyes=3.2,  dualfeasorg deteriorated too much: primfeasorg=1.11e-06,dualfeasorg=3.54e-05
10 entries survived 

15 th thresholding

  breakyes=1.0,  maxresidual < 1.00e-06
10 entries survived 

16 th thresholding

  breakyes=1.4,  maxresidual < 1.00e-06
10 entries survived 

17 th thresholding

  breakyes=1.4,  maxresidual < 1.00e-06
10 entries survived 

18 th thresholding

  breakyes=1.4,  maxresidual < 1.00e-06
10 entries survived 

19 th thresholding

  breakyes=1.0,  maxresidual < 1.00e-06
10 entries survived 

20 th thresholding

  breakyes=1.4,  maxresidual < 1.00e-06
11 entries survived 

21 th thresholding

  breakyes=3.2,  dualfeasorg deteriorated too much: primfeasorg=1.11e-06,dualfeasorg=3.54e-05
10 entries survived 

22 th thresholding

  breakyes=1.0,  maxresidual < 1.00e-06
10 entries survived 

23 th thresholding

  breakyes=1.4,  maxresidual < 1.00e-06
10 entries survived 

24 th thresholding

  breakyes=1.4,  maxresidual < 1.00e-06
10 entries survived 

25 th thresholding

  breakyes=1.4,  maxresidual < 1.00e-06
10 entries survived 

26 th thresholding

  breakyes=1.0,  maxresidual < 1.00e-06
10 entries survived 

27 th thresholding

  breakyes=1.4,  maxresidual < 1.00e-06
11 entries survived 

28 th thresholding

  breakyes=3.2,  dualfeasorg deteriorated too much: primfeasorg=1.11e-06,dualfeasorg=3.54e-05
10 entries survived 

29 th thresholding

  breakyes=1.0,  maxresidual < 1.00e-06
10 entries survived 

30 th thresholding

  breakyes=1.4,  maxresidual < 1.00e-06
10 entries survived 

acc_vec =

    0.8780
    0.9260
    0.9260
    0.9200
    0.9220
    0.9240
    0.9200
    0.9160
    0.9180
    0.9160
    0.9180
    0.9200
    0.9160
    0.9220
    0.9200
    0.9180
    0.9180
    0.9200
    0.9200
    0.9160
    0.9220
    0.9200
    0.9180
    0.9180
    0.9200
    0.9200
    0.9160
    0.9220
    0.9200
    0.9180
    0.9180

acc =0.878000  0.926000  0.926000  0.920000  0.922000  0.924000  0.920000  0.916000  0.918000  0.916000  0.918000  0.920000  0.916000  0.922000  0.920000  0.918000  0.918000  0.920000  0.920000  0.916000  0.922000  0.920000  0.918000  0.918000  0.920000  0.920000  0.916000  0.922000  0.920000  0.918000  0.918000 

discov_true_vec =

    10
    10
    10
    10
    10
    10
    10
    10
    10
    10
    10
    10
    10
    10
    10
    10
    10
    10
    10
    10
    10
    10
    10
    10
    10
    10
    10
    10
    10
    10


discov_false_vec =

     4
     0
     0
     0
     0
     0
     0
     0
     0
     0
     0
     0
     1
     0
     0
     0
     0
     0
     0
     1
     0
     0
     0
     0
     0
     0
     1
     0
     0
     0


data =

  31x16 table

    rep    iter    sep    dim    rho     sparsity     acc     obj_prim    obj_dual    discov_true    discov_false    diff_x_tilde    diff_omega_diag    time_isee    time_SDP          jobdate       
    ___    ____    ___    ___    ____    ________    _____    ________    ________    ___________    ____________    ____________    _______________    _________    ________    ____________________

    77       0      3     300    0.05       10       0.878          0           0          0              0                  0                0               0            0     22-Mar-2024 23:54:06
    77       1      3     300    0.05       10       0.926    -3.2914     -3.2914         10              4             62.101           2.1351          20.196       60.062     22-Mar-2024 23:54:06
    77       2      3     300    0.05       10       0.926     -3.026      -3.026         10              0             65.952           2.3388          17.328       32.575     22-Mar-2024 23:54:06
    77       3      3     300    0.05       10        0.92    -3.1987     -3.1987         10              0             65.641           2.2845          16.676       27.298     22-Mar-2024 23:54:06
    77       4      3     300    0.05       10       0.922    -3.1755     -3.1755         10              0             65.268           2.2418           17.51       29.494     22-Mar-2024 23:54:06
    77       5      3     300    0.05       10       0.924    -3.0422     -3.0422         10              0             63.957           2.2413          16.852       46.982     22-Mar-2024 23:54:06
    77       6      3     300    0.05       10        0.92    -3.1268     -3.1268         10              0             65.058           2.2451          17.428       36.159     22-Mar-2024 23:54:06
    77       7      3     300    0.05       10       0.916    -3.0997     -3.0997         10              0              62.85           2.1232          17.618        28.45     22-Mar-2024 23:54:06
    77       8      3     300    0.05       10       0.918    -3.1431     -3.1431         10              0             63.899            2.199           18.18       22.856     22-Mar-2024 23:54:06
    77       9      3     300    0.05       10       0.916    -3.2039     -3.2039         10              0             64.563           2.2511          16.761       26.786     22-Mar-2024 23:54:06
    77      10      3     300    0.05       10       0.918    -3.2216     -3.2216         10              0              64.72           2.2166          16.785       26.562     22-Mar-2024 23:54:06
    77      11      3     300    0.05       10        0.92    -3.2282     -3.2282         10              0             64.552            2.243          18.581       27.107     22-Mar-2024 23:54:06
    77      12      3     300    0.05       10       0.916    -3.2564     -3.2564         10              0             65.282           2.2992          17.142       11.338     22-Mar-2024 23:54:06
    77      13      3     300    0.05       10       0.922    -3.1008     -3.1008         10              1             64.215           2.2259          16.507       35.857     22-Mar-2024 23:54:06
    77      14      3     300    0.05       10        0.92    -3.1128     -3.1128         10              0              63.58           2.1808          18.566       35.687     22-Mar-2024 23:54:06
    77      15      3     300    0.05       10       0.918    -3.2925     -3.2925         10              0             65.395           2.3028          17.409       14.522     22-Mar-2024 23:54:06
    77      16      3     300    0.05       10       0.918    -3.0526     -3.0526         10              0             63.069           2.1655          19.178       25.126     22-Mar-2024 23:54:06
    77      17      3     300    0.05       10        0.92    -3.0476     -3.0476         10              0             64.181           2.2269          17.138       34.829     22-Mar-2024 23:54:06
    77      18      3     300    0.05       10        0.92    -3.1135     -3.1135         10              0             63.805           2.2083          18.351       26.314     22-Mar-2024 23:54:06
    77      19      3     300    0.05       10       0.916    -3.2564     -3.2564         10              0             65.282           2.2992          17.849       11.727     22-Mar-2024 23:54:06
    77      20      3     300    0.05       10       0.922    -3.1008     -3.1008         10              1             64.215           2.2259          21.085       36.255     22-Mar-2024 23:54:06
    77      21      3     300    0.05       10        0.92    -3.1128     -3.1128         10              0              63.58           2.1808          17.482       33.605     22-Mar-2024 23:54:06
    77      22      3     300    0.05       10       0.918    -3.2925     -3.2925         10              0             65.395           2.3028          18.563        15.41     22-Mar-2024 23:54:06
    77      23      3     300    0.05       10       0.918    -3.0526     -3.0526         10              0             63.069           2.1655          20.165       27.595     22-Mar-2024 23:54:06
    77      24      3     300    0.05       10        0.92    -3.0476     -3.0476         10              0             64.181           2.2269          16.789       35.787     22-Mar-2024 23:54:06
    77      25      3     300    0.05       10        0.92    -3.1135     -3.1135         10              0             63.805           2.2083          17.597       30.017     22-Mar-2024 23:54:06
    77      26      3     300    0.05       10       0.916    -3.2564     -3.2564         10              0             65.282           2.2992          17.686       12.183     22-Mar-2024 23:54:06
    77      27      3     300    0.05       10       0.922    -3.1008     -3.1008         10              1             64.215           2.2259          17.864       38.105     22-Mar-2024 23:54:06
    77      28      3     300    0.05       10        0.92    -3.1128     -3.1128         10              0              63.58           2.1808          16.635       37.267     22-Mar-2024 23:54:06
    77      29      3     300    0.05       10       0.918    -3.2925     -3.2925         10              0             65.395           2.3028          17.652        14.94     22-Mar-2024 23:54:06
    77      30      3     300    0.05       10       0.918    -3.0526     -3.0526         10              0             63.069           2.1655          17.697       26.815     22-Mar-2024 23:54:06


rep =

    78

replication: (78)th 


thres =

    3.3775

thres=3.377509
1 th thresholding

  breakyes=1.4,  maxresidual < 1.00e-06
15 entries survived 

2 th thresholding

  breakyes=3.2,  dualfeasorg deteriorated too much: primfeasorg=2.12e-06,dualfeasorg=4.47e-05
13 entries survived 

3 th thresholding

  breakyes=1.3,  maxresidual < 1.00e-06
13 entries survived 

4 th thresholding

  breakyes=1.3,  maxresidual < 1.00e-06
13 entries survived 

5 th thresholding

  breakyes=4.1,  primfeasorg stagnate, 9.32e-05
13 entries survived 

6 th thresholding

  breakyes=1.4,  maxresidual < 1.00e-06
12 entries survived 

7 th thresholding

  breakyes=1.4,  maxresidual < 1.00e-06
13 entries survived 

8 th thresholding

  breakyes=1.4,  maxresidual < 1.00e-06
13 entries survived 

9 th thresholding

  breakyes=1.3,  maxresidual < 1.00e-06
13 entries survived 

10 th thresholding

  breakyes=1.4,  maxresidual < 1.00e-06
13 entries survived 

11 th thresholding

  breakyes=1.4,  maxresidual < 1.00e-06
14 entries survived 

12 th thresholding

  breakyes=1.0,  maxresidual < 1.00e-06
13 entries survived 

13 th thresholding

  breakyes=1.3,  maxresidual < 1.00e-06
14 entries survived 

14 th thresholding

  breakyes=1.3,  maxresidual < 1.00e-06
13 entries survived 

15 th thresholding

  breakyes=1.4,  maxresidual < 1.00e-06
14 entries survived 

16 th thresholding

  breakyes=3.2,  dualfeasorg deteriorated too much: primfeasorg=1.34e-06,dualfeasorg=3.82e-05
13 entries survived 

17 th thresholding

  breakyes=3.2,  dualfeasorg deteriorated too much: primfeasorg=1.41e-06,dualfeasorg=3.16e-05
13 entries survived 

18 th thresholding

  breakyes=3.2,  dualfeasorg deteriorated too much: primfeasorg=3.24e-06,dualfeasorg=3.04e-05
14 entries survived 

19 th thresholding

  breakyes=1.3,  maxresidual < 1.00e-06
14 entries survived 

20 th thresholding

  breakyes=1.4,  maxresidual < 1.00e-06
13 entries survived 

21 th thresholding

  breakyes=1.4,  maxresidual < 1.00e-06
14 entries survived 

22 th thresholding

  breakyes=1.4,  maxresidual < 1.00e-06
13 entries survived 

23 th thresholding

  breakyes=1.4,  maxresidual < 1.00e-06
14 entries survived 

24 th thresholding

  breakyes=1.0,  maxresidual < 1.00e-06
14 entries survived 

25 th thresholding

  breakyes=3.2,  dualfeasorg deteriorated too much: primfeasorg=2.42e-06,dualfeasorg=6.83e-05
14 entries survived 

26 th thresholding

  breakyes=1.4,  maxresidual < 1.00e-06
13 entries survived 

27 th thresholding

  breakyes=1.4,  maxresidual < 1.00e-06
14 entries survived 

28 th thresholding

  breakyes=1.0,  maxresidual < 1.00e-06
14 entries survived 

29 th thresholding

  breakyes=3.2,  dualfeasorg deteriorated too much: primfeasorg=2.42e-06,dualfeasorg=6.83e-05
14 entries survived 

30 th thresholding

  breakyes=1.4,  maxresidual < 1.00e-06
13 entries survived 

acc_vec =

    0.8880
    0.9340
    0.9320
    0.9280
    0.9340
    0.9320
    0.9340
    0.9340
    0.9360
    0.9280
    0.9360
    0.9260
    0.9360
    0.9320
    0.9420
    0.9300
    0.9420
    0.9400
    0.9380
    0.9320
    0.9400
    0.9320
    0.9360
    0.9340
    0.9440
    0.9320
    0.9360
    0.9340
    0.9440
    0.9320
    0.9360

acc =0.888000  0.934000  0.932000  0.928000  0.934000  0.932000  0.934000  0.934000  0.936000  0.928000  0.936000  0.926000  0.936000  0.932000  0.942000  0.930000  0.942000  0.940000  0.938000  0.932000  0.940000  0.932000  0.936000  0.934000  0.944000  0.932000  0.936000  0.934000  0.944000  0.932000  0.936000 

discov_true_vec =

    10
    10
    10
    10
    10
    10
    10
    10
    10
    10
    10
    10
    10
    10
    10
    10
    10
    10
    10
    10
    10
    10
    10
    10
    10
    10
    10
    10
    10
    10


discov_false_vec =

     5
     3
     3
     3
     3
     2
     3
     3
     3
     3
     4
     3
     4
     3
     4
     3
     3
     4
     4
     3
     4
     3
     4
     4
     4
     3
     4
     4
     4
     3


data =

  31x16 table

    rep    iter    sep    dim    rho     sparsity     acc     obj_prim    obj_dual    discov_true    discov_false    diff_x_tilde    diff_omega_diag    time_isee    time_SDP          jobdate       
    ___    ____    ___    ___    ____    ________    _____    ________    ________    ___________    ____________    ____________    _______________    _________    ________    ____________________

    78       0      3     300    0.05       10       0.888          0           0          0              0                  0                0               0            0     23-Mar-2024 00:28:40
    78       1      3     300    0.05       10       0.934    -3.1246     -3.1246         10              5             58.279           1.9744          20.331       39.237     23-Mar-2024 00:28:40
    78       2      3     300    0.05       10       0.932     -2.833     -2.8329         10              3             61.316           2.0749          16.806       43.248     23-Mar-2024 00:28:40
    78       3      3     300    0.05       10       0.928    -2.8316     -2.8316         10              3             61.064           2.0198          17.879       52.219     23-Mar-2024 00:28:40
    78       4      3     300    0.05       10       0.934    -2.8342     -2.8342         10              3             61.523           2.0377          16.889       53.407     23-Mar-2024 00:28:40
    78       5      3     300    0.05       10       0.932    -2.7326     -2.7326         10              3               59.8           1.9387          16.591       84.005     23-Mar-2024 00:28:40
    78       6      3     300    0.05       10       0.934    -2.8685     -2.8685         10              2              59.36           1.9271          16.562       35.462     23-Mar-2024 00:28:40
    78       7      3     300    0.05       10       0.934    -2.7136     -2.7136         10              3              59.58            1.937          17.165       105.28     23-Mar-2024 00:28:40
    78       8      3     300    0.05       10       0.936    -2.7647     -2.7647         10              3             59.475           1.9368          16.724       51.045     23-Mar-2024 00:28:40
    78       9      3     300    0.05       10       0.928    -2.7678     -2.7678         10              3             59.484           1.9137          16.714       54.012     23-Mar-2024 00:28:40
    78      10      3     300    0.05       10       0.936    -2.7642     -2.7642         10              3             59.855                2          17.108       79.066     23-Mar-2024 00:28:40
    78      11      3     300    0.05       10       0.926    -2.8899     -2.8899         10              4             59.709           1.9666          18.678       67.349     23-Mar-2024 00:28:40
    78      12      3     300    0.05       10       0.936    -2.8961     -2.8961         10              3             59.432           1.9198          18.318       20.921     23-Mar-2024 00:28:40
    78      13      3     300    0.05       10       0.932    -2.9997     -2.9997         10              4              59.53           1.9172              17       41.388     23-Mar-2024 00:28:40
    78      14      3     300    0.05       10       0.942    -2.8353     -2.8353         10              3             60.277           1.9885           17.95       26.067     23-Mar-2024 00:28:40
    78      15      3     300    0.05       10        0.93    -2.7871     -2.7871         10              4             60.165           1.9832          17.601       25.234     23-Mar-2024 00:28:40
    78      16      3     300    0.05       10       0.942    -2.9048     -2.9048         10              3             60.138           1.9819          16.615       25.937     23-Mar-2024 00:28:40
    78      17      3     300    0.05       10        0.94    -2.8179     -2.8179         10              3             60.542           1.9969          18.278       29.187     23-Mar-2024 00:28:40
    78      18      3     300    0.05       10       0.938    -3.0058     -3.0058         10              4              61.33           2.0335          18.033       31.295     23-Mar-2024 00:28:40
    78      19      3     300    0.05       10       0.932     -2.755      -2.755         10              4             61.426           2.0693          18.823       43.088     23-Mar-2024 00:28:40
    78      20      3     300    0.05       10        0.94    -2.8856     -2.8856         10              3             60.442           1.9935          16.957       100.05     23-Mar-2024 00:28:40
    78      21      3     300    0.05       10       0.932    -2.7956     -2.7956         10              4             59.282           1.9024          16.994       28.427     23-Mar-2024 00:28:40
    78      22      3     300    0.05       10       0.936    -2.8264     -2.8264         10              3             59.231           1.9627          17.007       51.888     23-Mar-2024 00:28:40
    78      23      3     300    0.05       10       0.934    -2.8297     -2.8297         10              4             59.923            1.938          17.973       101.29     23-Mar-2024 00:28:40
    78      24      3     300    0.05       10       0.944    -2.9123     -2.9123         10              4              60.35           1.9825          16.532        48.85     23-Mar-2024 00:28:40
    78      25      3     300    0.05       10       0.932    -2.7967     -2.7967         10              4             59.308           1.9443          17.535       17.247     23-Mar-2024 00:28:40
    78      26      3     300    0.05       10       0.936    -2.8264     -2.8264         10              3             59.231           1.9627          16.618       55.886     23-Mar-2024 00:28:40
    78      27      3     300    0.05       10       0.934    -2.8297     -2.8297         10              4             59.923            1.938          21.448       101.66     23-Mar-2024 00:28:40
    78      28      3     300    0.05       10       0.944    -2.9123     -2.9123         10              4              60.35           1.9825          17.092       56.059     23-Mar-2024 00:28:40
    78      29      3     300    0.05       10       0.932    -2.7967     -2.7967         10              4             59.308           1.9443          16.621       18.228     23-Mar-2024 00:28:40
    78      30      3     300    0.05       10       0.936    -2.8264     -2.8264         10              3             59.231           1.9627          16.951       56.626     23-Mar-2024 00:28:40


rep =

    79

replication: (79)th 


thres =

    3.3775

thres=3.377509
1 th thresholding

  breakyes=4.1,  primfeasorg stagnate, 0.00e+00
16 entries survived 

2 th thresholding

  breakyes=4.1,  primfeasorg stagnate, 0.00e+00
15 entries survived 

3 th thresholding

  breakyes=3.2,  dualfeasorg deteriorated too much: primfeasorg=1.16e-06,dualfeasorg=4.62e-05
15 entries survived 

4 th thresholding

  breakyes=4.1,  primfeasorg stagnate, 0.00e+00
14 entries survived 

5 th thresholding

  breakyes=3.2,  dualfeasorg deteriorated too much: primfeasorg=9.21e-07,dualfeasorg=3.32e-05
14 entries survived 

6 th thresholding

  breakyes=3.2,  dualfeasorg deteriorated too much: primfeasorg=8.26e-07,dualfeasorg=4.76e-05
14 entries survived 

7 th thresholding

  breakyes=1.4,  maxresidual < 1.00e-06
14 entries survived 

8 th thresholding

  breakyes=4.1,  primfeasorg stagnate, 0.00e+00
14 entries survived 

9 th thresholding

  breakyes=3.2,  dualfeasorg deteriorated too much: primfeasorg=8.46e-07,dualfeasorg=4.64e-05
13 entries survived 

10 th thresholding

  breakyes=3.2,  dualfeasorg deteriorated too much: primfeasorg=1.22e-06,dualfeasorg=4.04e-05
12 entries survived 

11 th thresholding

  breakyes=3.2,  dualfeasorg deteriorated too much: primfeasorg=1.06e-06,dualfeasorg=4.53e-05
14 entries survived 

12 th thresholding

  breakyes=4.1,  primfeasorg stagnate, 0.00e+00
15 entries survived 

13 th thresholding

  breakyes=1.4,  maxresidual < 1.00e-06
15 entries survived 

14 th thresholding

  breakyes=3.2,  dualfeasorg deteriorated too much: primfeasorg=9.49e-07,dualfeasorg=5.73e-05
14 entries survived 

15 th thresholding

  breakyes=4.1,  primfeasorg stagnate, 0.00e+00
14 entries survived 

16 th thresholding

  breakyes=3.2,  dualfeasorg deteriorated too much: primfeasorg=9.65e-07,dualfeasorg=6.85e-05
15 entries survived 

17 th thresholding

  breakyes=4.1,  primfeasorg stagnate, 0.00e+00
15 entries survived 

18 th thresholding

  breakyes=3.2,  dualfeasorg deteriorated too much: primfeasorg=8.42e-07,dualfeasorg=4.69e-05
14 entries survived 

19 th thresholding

  breakyes=1.4,  maxresidual < 1.00e-06
14 entries survived 

20 th thresholding

  breakyes=4.1,  primfeasorg stagnate, 0.00e+00
14 entries survived 

21 th thresholding

  breakyes=3.2,  dualfeasorg deteriorated too much: primfeasorg=9.19e-07,dualfeasorg=5.96e-05
13 entries survived 

22 th thresholding

  breakyes=3.2,  dualfeasorg deteriorated too much: primfeasorg=8.83e-07,dualfeasorg=3.03e-05
12 entries survived 

23 th thresholding

  breakyes=4.1,  primfeasorg stagnate, 0.00e+00
13 entries survived 

24 th thresholding

  breakyes=3.2,  dualfeasorg deteriorated too much: primfeasorg=8.44e-07,dualfeasorg=4.34e-05
12 entries survived 

25 th thresholding

  breakyes=4.1,  primfeasorg stagnate, 0.00e+00
13 entries survived 

26 th thresholding

  breakyes=3.2,  dualfeasorg deteriorated too much: primfeasorg=1.31e-06,dualfeasorg=5.84e-05
14 entries survived 

27 th thresholding

  breakyes=3.2,  dualfeasorg deteriorated too much: primfeasorg=6.41e-07,dualfeasorg=4.61e-05
14 entries survived 

28 th thresholding

  breakyes=4.1,  primfeasorg stagnate, 0.00e+00
14 entries survived 

29 th thresholding

  breakyes=3.2,  dualfeasorg deteriorated too much: primfeasorg=1.38e-06,dualfeasorg=7.10e-05
14 entries survived 

30 th thresholding

  breakyes=4.1,  primfeasorg stagnate, 0.00e+00
15 entries survived 

acc_vec =

    0.8840
    0.9200
    0.9220
    0.9180
    0.9280
    0.9180
    0.9260
    0.9200
    0.9260
    0.9240
    0.9220
    0.9200
    0.9260
    0.9180
    0.9180
    0.9200
    0.9220
    0.9200
    0.9240
    0.9140
    0.9240
    0.9260
    0.9200
    0.9240
    0.9180
    0.9220
    0.9220
    0.9160
    0.9220
    0.9180
    0.9260

acc =0.884000  0.920000  0.922000  0.918000  0.928000  0.918000  0.926000  0.920000  0.926000  0.924000  0.922000  0.920000  0.926000  0.918000  0.918000  0.920000  0.922000  0.920000  0.924000  0.914000  0.924000  0.926000  0.920000  0.924000  0.918000  0.922000  0.922000  0.916000  0.922000  0.918000  0.926000 

discov_true_vec =

    10
    10
    10
    10
    10
    10
    10
    10
    10
    10
    10
    10
    10
    10
    10
    10
    10
    10
    10
    10
    10
    10
    10
    10
    10
    10
    10
    10
    10
    10


discov_false_vec =

     6
     5
     5
     4
     4
     4
     4
     4
     3
     2
     4
     5
     5
     4
     4
     5
     5
     4
     4
     4
     3
     2
     3
     2
     3
     4
     4
     4
     4
     5


data =

  31x16 table

    rep    iter    sep    dim    rho     sparsity     acc     obj_prim    obj_dual    discov_true    discov_false    diff_x_tilde    diff_omega_diag    time_isee    time_SDP          jobdate       
    ___    ____    ___    ___    ____    ________    _____    ________    ________    ___________    ____________    ____________    _______________    _________    ________    ____________________

    79       0      3     300    0.05       10       0.884          0           0          0              0                  0                0               0            0     23-Mar-2024 01:13:00
    79       1      3     300    0.05       10        0.92    -2.8127     -2.8127         10              6             61.479           2.1333          16.706       67.251     23-Mar-2024 01:13:00
    79       2      3     300    0.05       10       0.922    -2.6799     -2.6799         10              5             61.526           2.0951          17.565       73.313     23-Mar-2024 01:13:00
    79       3      3     300    0.05       10       0.918    -2.5948     -2.5948         10              5             59.345            1.986          17.296       67.892     23-Mar-2024 01:13:00
    79       4      3     300    0.05       10       0.928      -2.61     -2.6099         10              4             59.356           1.9924          19.518       65.523     23-Mar-2024 01:13:00
    79       5      3     300    0.05       10       0.918    -2.6198     -2.6197         10              4             60.084           2.0087          18.578       93.533     23-Mar-2024 01:13:00
    79       6      3     300    0.05       10       0.926    -2.6005     -2.6004         10              4             60.839           2.0809          16.904       66.824     23-Mar-2024 01:13:00
    79       7      3     300    0.05       10        0.92    -2.5646     -2.5646         10              4             59.866           2.0274          17.624       75.133     23-Mar-2024 01:13:00
    79       8      3     300    0.05       10       0.926    -2.5496     -2.5495         10              4             59.876           2.0014          17.564       76.961     23-Mar-2024 01:13:00
    79       9      3     300    0.05       10       0.924    -2.5881     -2.5881         10              3             59.474           1.9946          16.707       62.389     23-Mar-2024 01:13:00
    79      10      3     300    0.05       10       0.922    -2.6015     -2.6015         10              2             61.072           2.0715           17.99       50.682     23-Mar-2024 01:13:00
    79      11      3     300    0.05       10        0.92    -2.6005     -2.6005         10              4             60.424           2.0615          19.733        59.61     23-Mar-2024 01:13:00
    79      12      3     300    0.05       10       0.926    -2.6476     -2.6475         10              5             61.181           2.0981          16.758       70.921     23-Mar-2024 01:13:00
    79      13      3     300    0.05       10       0.918    -2.6124     -2.6124         10              5             59.828           1.9865          19.034       108.35     23-Mar-2024 01:13:00
    79      14      3     300    0.05       10       0.918    -2.5714     -2.5714         10              4             60.835           2.0709          16.883       67.979     23-Mar-2024 01:13:00
    79      15      3     300    0.05       10        0.92    -2.6822     -2.6822         10              4             61.255           2.1182          16.417       66.184     23-Mar-2024 01:13:00
    79      16      3     300    0.05       10       0.922    -2.5946     -2.5946         10              5             59.488           1.9448          16.311       74.204     23-Mar-2024 01:13:00
    79      17      3     300    0.05       10        0.92    -2.6382     -2.6382         10              5             61.161           2.0715          18.018        64.62     23-Mar-2024 01:13:00
    79      18      3     300    0.05       10       0.924    -2.6705     -2.6705         10              4             59.953           1.9967           16.51       71.112     23-Mar-2024 01:13:00
    79      19      3     300    0.05       10       0.914    -2.6909     -2.6909         10              4             59.744           2.0117          18.053       51.851     23-Mar-2024 01:13:00
    79      20      3     300    0.05       10       0.924    -2.6422     -2.6422         10              4             60.894           2.0299          19.889       70.865     23-Mar-2024 01:13:00
    79      21      3     300    0.05       10       0.926    -2.6413     -2.6413         10              3             58.371           1.9369          20.297       61.191     23-Mar-2024 01:13:00
    79      22      3     300    0.05       10        0.92     -2.628      -2.628         10              2             61.509           2.0611          17.132       65.617     23-Mar-2024 01:13:00
    79      23      3     300    0.05       10       0.924    -2.6531      -2.653         10              3             60.972           2.0609          18.255       70.749     23-Mar-2024 01:13:00
    79      24      3     300    0.05       10       0.918    -2.6095     -2.6095         10              2             60.641           2.0493          17.608       92.171     23-Mar-2024 01:13:00
    79      25      3     300    0.05       10       0.922    -2.6637     -2.6637         10              3             61.238             2.11          21.377       63.609     23-Mar-2024 01:13:00
    79      26      3     300    0.05       10       0.922    -2.5868     -2.5868         10              4             60.996           2.0535          17.262       57.136     23-Mar-2024 01:13:00
    79      27      3     300    0.05       10       0.916    -2.6337     -2.6336         10              4              60.69           2.0413          18.912       79.072     23-Mar-2024 01:13:00
    79      28      3     300    0.05       10       0.922    -2.5877     -2.5877         10              4             60.943           2.0672          17.598       73.784     23-Mar-2024 01:13:00
    79      29      3     300    0.05       10       0.918    -2.6142     -2.6142         10              4             59.724           1.9829          18.652       71.257     23-Mar-2024 01:13:00
    79      30      3     300    0.05       10       0.926    -2.6051     -2.6051         10              5             58.974           1.9451          16.529       82.868     23-Mar-2024 01:13:00


rep =

    80

replication: (80)th 


thres =

    3.3775

thres=3.377509
1 th thresholding

  breakyes=3.2,  dualfeasorg deteriorated too much: primfeasorg=1.07e-06,dualfeasorg=4.27e-05
18 entries survived 

2 th thresholding

  breakyes=3.2,  dualfeasorg deteriorated too much: primfeasorg=9.87e-07,dualfeasorg=5.00e-05
13 entries survived 

3 th thresholding

  breakyes=3.2,  dualfeasorg deteriorated too much: primfeasorg=1.46e-06,dualfeasorg=7.90e-05
12 entries survived 

4 th thresholding

  breakyes=4.1,  primfeasorg stagnate, 0.00e+00
11 entries survived 

5 th thresholding

  breakyes=3.2,  dualfeasorg deteriorated too much: primfeasorg=7.25e-07,dualfeasorg=5.67e-05
11 entries survived 

6 th thresholding

  breakyes=3.2,  dualfeasorg deteriorated too much: primfeasorg=1.21e-06,dualfeasorg=2.72e-05
11 entries survived 

7 th thresholding

  breakyes=1.3,  maxresidual < 1.00e-06
11 entries survived 

8 th thresholding

  breakyes=3.2,  dualfeasorg deteriorated too much: primfeasorg=1.68e-06,dualfeasorg=5.32e-05
11 entries survived 

9 th thresholding

  breakyes=1.3,  maxresidual < 1.00e-06
11 entries survived 

10 th thresholding

  breakyes=1.4,  maxresidual < 1.00e-06
11 entries survived 

11 th thresholding

  breakyes=3.2,  dualfeasorg deteriorated too much: primfeasorg=3.99e-06,dualfeasorg=4.53e-05
11 entries survived 

12 th thresholding

  breakyes=3.2,  dualfeasorg deteriorated too much: primfeasorg=3.53e-06,dualfeasorg=1.02e-04
11 entries survived 

13 th thresholding

  breakyes=3.2,  dualfeasorg deteriorated too much: primfeasorg=3.99e-06,dualfeasorg=4.53e-05
11 entries survived 

14 th thresholding

  breakyes=3.2,  dualfeasorg deteriorated too much: primfeasorg=3.53e-06,dualfeasorg=1.02e-04
11 entries survived 

15 th thresholding

  breakyes=3.2,  dualfeasorg deteriorated too much: primfeasorg=3.99e-06,dualfeasorg=4.53e-05
11 entries survived 

16 th thresholding

  breakyes=3.2,  dualfeasorg deteriorated too much: primfeasorg=3.53e-06,dualfeasorg=1.02e-04
11 entries survived 

17 th thresholding

  breakyes=3.2,  dualfeasorg deteriorated too much: primfeasorg=3.99e-06,dualfeasorg=4.53e-05
11 entries survived 

18 th thresholding

  breakyes=3.2,  dualfeasorg deteriorated too much: primfeasorg=3.53e-06,dualfeasorg=1.02e-04
11 entries survived 

19 th thresholding

  breakyes=3.2,  dualfeasorg deteriorated too much: primfeasorg=3.99e-06,dualfeasorg=4.53e-05
11 entries survived 

20 th thresholding

  breakyes=3.2,  dualfeasorg deteriorated too much: primfeasorg=3.53e-06,dualfeasorg=1.02e-04
11 entries survived 

21 th thresholding

  breakyes=3.2,  dualfeasorg deteriorated too much: primfeasorg=3.99e-06,dualfeasorg=4.53e-05
11 entries survived 

22 th thresholding

  breakyes=3.2,  dualfeasorg deteriorated too much: primfeasorg=3.53e-06,dualfeasorg=1.02e-04
11 entries survived 

23 th thresholding

  breakyes=3.2,  dualfeasorg deteriorated too much: primfeasorg=3.99e-06,dualfeasorg=4.53e-05
11 entries survived 

24 th thresholding

  breakyes=3.2,  dualfeasorg deteriorated too much: primfeasorg=3.53e-06,dualfeasorg=1.02e-04
11 entries survived 

25 th thresholding

  breakyes=3.2,  dualfeasorg deteriorated too much: primfeasorg=3.99e-06,dualfeasorg=4.53e-05
11 entries survived 

26 th thresholding

  breakyes=3.2,  dualfeasorg deteriorated too much: primfeasorg=3.53e-06,dualfeasorg=1.02e-04
11 entries survived 

27 th thresholding

  breakyes=3.2,  dualfeasorg deteriorated too much: primfeasorg=3.99e-06,dualfeasorg=4.53e-05
11 entries survived 

28 th thresholding

  breakyes=3.2,  dualfeasorg deteriorated too much: primfeasorg=3.53e-06,dualfeasorg=1.02e-04
11 entries survived 

29 th thresholding

  breakyes=3.2,  dualfeasorg deteriorated too much: primfeasorg=3.99e-06,dualfeasorg=4.53e-05
11 entries survived 

30 th thresholding

  breakyes=3.2,  dualfeasorg deteriorated too much: primfeasorg=3.53e-06,dualfeasorg=1.02e-04
11 entries survived 

acc_vec =

    0.8600
    0.9080
    0.8900
    0.9080
    0.9020
    0.9040
    0.9040
    0.9080
    0.9060
    0.9140
    0.9060
    0.9080
    0.9060
    0.9080
    0.9060
    0.9080
    0.9060
    0.9080
    0.9060
    0.9080
    0.9060
    0.9080
    0.9060
    0.9080
    0.9060
    0.9080
    0.9060
    0.9080
    0.9060
    0.9080
    0.9060

acc =0.860000  0.908000  0.890000  0.908000  0.902000  0.904000  0.904000  0.908000  0.906000  0.914000  0.906000  0.908000  0.906000  0.908000  0.906000  0.908000  0.906000  0.908000  0.906000  0.908000  0.906000  0.908000  0.906000  0.908000  0.906000  0.908000  0.906000  0.908000  0.906000  0.908000  0.906000 

discov_true_vec =

    10
    10
    10
    10
    10
    10
    10
    10
    10
    10
    10
    10
    10
    10
    10
    10
    10
    10
    10
    10
    10
    10
    10
    10
    10
    10
    10
    10
    10
    10


discov_false_vec =

     8
     3
     2
     1
     1
     1
     1
     1
     1
     1
     1
     1
     1
     1
     1
     1
     1
     1
     1
     1
     1
     1
     1
     1
     1
     1
     1
     1
     1
     1


data =

  31x16 table

    rep    iter    sep    dim    rho     sparsity     acc     obj_prim    obj_dual    discov_true    discov_false    diff_x_tilde    diff_omega_diag    time_isee    time_SDP          jobdate       
    ___    ____    ___    ___    ____    ________    _____    ________    ________    ___________    ____________    ____________    _______________    _________    ________    ____________________

    80       0      3     300    0.05       10        0.86          0           0          0              0                  0                0               0            0     23-Mar-2024 01:50:38
    80       1      3     300    0.05       10       0.908    -2.9755     -2.9755         10              8             60.007           2.0723          18.345         44.5     23-Mar-2024 01:50:38
    80       2      3     300    0.05       10        0.89    -2.4785     -2.4785         10              3             61.925           2.1677          17.757       59.013     23-Mar-2024 01:50:38
    80       3      3     300    0.05       10       0.908    -2.4346     -2.4345         10              2             58.585           1.9515          16.863        25.13     23-Mar-2024 01:50:38
    80       4      3     300    0.05       10       0.902    -2.4367     -2.4367         10              1             58.877           1.9629          20.019       62.133     23-Mar-2024 01:50:38
    80       5      3     300    0.05       10       0.904    -2.4281      -2.428         10              1             59.068           1.9735          16.756       50.568     23-Mar-2024 01:50:38
    80       6      3     300    0.05       10       0.904    -2.4061     -2.4061         10              1             58.772           1.9967          17.172       56.099     23-Mar-2024 01:50:38
    80       7      3     300    0.05       10       0.908    -2.3854     -2.3854         10              1             58.506           1.9733          16.694       53.571     23-Mar-2024 01:50:38
    80       8      3     300    0.05       10       0.906    -2.4318     -2.4318         10              1              60.21           2.0366          19.729       32.482     23-Mar-2024 01:50:38
    80       9      3     300    0.05       10       0.914    -2.4736     -2.4736         10              1             57.844            1.925          18.086       66.123     23-Mar-2024 01:50:38
    80      10      3     300    0.05       10       0.906    -2.3787     -2.3787         10              1             58.313           1.9601          17.237       58.436     23-Mar-2024 01:50:38
    80      11      3     300    0.05       10       0.908    -2.3935     -2.3935         10              1             59.095            2.011          18.689       66.988     23-Mar-2024 01:50:38
    80      12      3     300    0.05       10       0.906    -2.3846     -2.3846         10              1             60.056           2.0446          17.403       57.886     23-Mar-2024 01:50:38
    80      13      3     300    0.05       10       0.908    -2.3935     -2.3935         10              1             59.095            2.011          17.591       63.961     23-Mar-2024 01:50:38
    80      14      3     300    0.05       10       0.906    -2.3846     -2.3846         10              1             60.056           2.0446          19.656       57.059     23-Mar-2024 01:50:38
    80      15      3     300    0.05       10       0.908    -2.3935     -2.3935         10              1             59.095            2.011          18.351       68.581     23-Mar-2024 01:50:38
    80      16      3     300    0.05       10       0.906    -2.3846     -2.3846         10              1             60.056           2.0446          17.277       58.719     23-Mar-2024 01:50:38
    80      17      3     300    0.05       10       0.908    -2.3935     -2.3935         10              1             59.095            2.011          16.361       72.358     23-Mar-2024 01:50:38
    80      18      3     300    0.05       10       0.906    -2.3846     -2.3846         10              1             60.056           2.0446          18.245       54.462     23-Mar-2024 01:50:38
    80      19      3     300    0.05       10       0.908    -2.3935     -2.3935         10              1             59.095            2.011           19.81        61.76     23-Mar-2024 01:50:38
    80      20      3     300    0.05       10       0.906    -2.3846     -2.3846         10              1             60.056           2.0446          16.898       58.762     23-Mar-2024 01:50:38
    80      21      3     300    0.05       10       0.908    -2.3935     -2.3935         10              1             59.095            2.011          16.452       61.274     23-Mar-2024 01:50:38
    80      22      3     300    0.05       10       0.906    -2.3846     -2.3846         10              1             60.056           2.0446          17.592       60.343     23-Mar-2024 01:50:38
    80      23      3     300    0.05       10       0.908    -2.3935     -2.3935         10              1             59.095            2.011           18.89       61.968     23-Mar-2024 01:50:38
    80      24      3     300    0.05       10       0.906    -2.3846     -2.3846         10              1             60.056           2.0446          16.696       54.806     23-Mar-2024 01:50:38
    80      25      3     300    0.05       10       0.908    -2.3935     -2.3935         10              1             59.095            2.011          17.402        63.45     23-Mar-2024 01:50:38
    80      26      3     300    0.05       10       0.906    -2.3846     -2.3846         10              1             60.056           2.0446          16.274       56.758     23-Mar-2024 01:50:38
    80      27      3     300    0.05       10       0.908    -2.3935     -2.3935         10              1             59.095            2.011          16.601       60.931     23-Mar-2024 01:50:38
    80      28      3     300    0.05       10       0.906    -2.3846     -2.3846         10              1             60.056           2.0446          16.313       59.113     23-Mar-2024 01:50:38
    80      29      3     300    0.05       10       0.908    -2.3935     -2.3935         10              1             59.095            2.011          16.577       59.839     23-Mar-2024 01:50:38
    80      30      3     300    0.05       10       0.906    -2.3846     -2.3846         10              1             60.056           2.0446          16.545       62.098     23-Mar-2024 01:50:38

