==========================================
SLURM_JOB_ID = 20418742
SLURM_JOB_NODELIST = a04-18
TMPDIR = /tmp/SLURM_20418742
==========================================
hello
Starting parallel pool (parpool) ...
Connected to the parallel pool (number of workers: 15).

pool = 

 ProcessPool with properties: 

            Connected: true
           NumWorkers: 15
                 Busy: false
              Cluster: Local
        AttachedFiles: {}
    AutoAddClientPath: true
            FileStore: [1x1 parallel.FileStore]
           ValueStore: [1x1 parallel.ValueStore]
          IdleTimeout: 30 minutes (30 minutes remaining)
          SpmdEnabled: true


p =

   400


Delta =

     3


s =

    10


n =

   500


ii =

    13


table_name =

    'sparse_kmeans_isee'


conn = 

  sqlite with properties:

      Database: '/home1/jongminm/sparse_kmeans/sparse_kmeans.db'
    IsReadOnly: 0
    AutoCommit: 'on'


rho =

    0.0500


M =

    0.4951

delta confirmed: 3.000000
ans =

    2.8754


rep =

    49

replication: (49)th 


thres =

    3.4616

thres=3.461637
1 th thresholding

  breakyes=1.4,  maxresidual < 1.00e-06
14 entries survived 

2 th thresholding

  breakyes=3.2,  dualfeasorg deteriorated too much: primfeasorg=2.12e-06,dualfeasorg=7.30e-05
11 entries survived 

3 th thresholding

  breakyes = 1.0,  maxresidual < 1.00e-04  breakyes=3.2,  dualfeasorg deteriorated too much: primfeasorg=7.95e-07,dualfeasorg=4.20e-05
11 entries survived 

4 th thresholding

  breakyes=3.2,  dualfeasorg deteriorated too much: primfeasorg=8.23e-07,dualfeasorg=4.01e-05
11 entries survived 

5 th thresholding

  breakyes=3.2,  dualfeasorg deteriorated too much: primfeasorg=2.06e-06,dualfeasorg=2.78e-05
10 entries survived 

6 th thresholding

  breakyes=1.4,  maxresidual < 1.00e-06
10 entries survived 

7 th thresholding

  breakyes = 1.0,  maxresidual < 1.00e-04  breakyes=3.2,  dualfeasorg deteriorated too much: primfeasorg=1.11e-06,dualfeasorg=3.61e-05
10 entries survived 

8 th thresholding

  breakyes = 1.0,  maxresidual < 1.00e-04  breakyes=3.2,  dualfeasorg deteriorated too much: primfeasorg=1.14e-06,dualfeasorg=4.82e-05
10 entries survived 

9 th thresholding

  breakyes=3.2,  dualfeasorg deteriorated too much: primfeasorg=2.01e-06,dualfeasorg=8.50e-05
10 entries survived 

10 th thresholding

  breakyes=1.4,  maxresidual < 1.00e-06
10 entries survived 

11 th thresholding

  breakyes=1.4,  maxresidual < 1.00e-06
10 entries survived 

12 th thresholding

  breakyes=4.1,  primfeasorg stagnate, 0.00e+00
10 entries survived 

13 th thresholding

  breakyes=1.3,  maxresidual < 1.00e-06
10 entries survived 

14 th thresholding

  breakyes = 1.0,  maxresidual < 1.00e-04  breakyes=3.2,  dualfeasorg deteriorated too much: primfeasorg=9.08e-07,dualfeasorg=4.38e-05
10 entries survived 

15 th thresholding

  breakyes=4.1,  primfeasorg stagnate, 8.63e-05
10 entries survived 

16 th thresholding

  breakyes=1.4,  maxresidual < 1.00e-06
10 entries survived 

17 th thresholding

  breakyes=1.3,  maxresidual < 1.00e-06
10 entries survived 

18 th thresholding

  breakyes=4.1,  primfeasorg stagnate, 0.00e+00
10 entries survived 

19 th thresholding

  breakyes = 1.0,  maxresidual < 1.00e-04  breakyes=4.2,  dualfeasorg stagnate, 2.70e-05
10 entries survived 

20 th thresholding

  breakyes = 1.0,  maxresidual < 1.00e-04  breakyes=3.2,  dualfeasorg deteriorated too much: primfeasorg=9.08e-07,dualfeasorg=4.38e-05
10 entries survived 

21 th thresholding

  breakyes=4.1,  primfeasorg stagnate, 8.63e-05
10 entries survived 

22 th thresholding

  breakyes=1.4,  maxresidual < 1.00e-06
10 entries survived 

23 th thresholding

  breakyes=1.3,  maxresidual < 1.00e-06
10 entries survived 

24 th thresholding

  breakyes=4.1,  primfeasorg stagnate, 0.00e+00
10 entries survived 

25 th thresholding

  breakyes = 1.0,  maxresidual < 1.00e-04  breakyes=4.2,  dualfeasorg stagnate, 2.70e-05
10 entries survived 

26 th thresholding

  breakyes = 1.0,  maxresidual < 1.00e-04  breakyes=3.2,  dualfeasorg deteriorated too much: primfeasorg=9.08e-07,dualfeasorg=4.38e-05
10 entries survived 

27 th thresholding

  breakyes=4.1,  primfeasorg stagnate, 8.63e-05
10 entries survived 

28 th thresholding

  breakyes=1.4,  maxresidual < 1.00e-06
10 entries survived 

29 th thresholding

  breakyes=1.3,  maxresidual < 1.00e-06
10 entries survived 

30 th thresholding

  breakyes=4.1,  primfeasorg stagnate, 0.00e+00
10 entries survived 

acc_vec =

    0.8640
    0.9120
    0.9200
    0.9260
    0.9200
    0.9300
    0.9280
    0.9260
    0.9320
    0.9300
    0.9340
    0.9320
    0.9360
    0.9300
    0.9360
    0.9320
    0.9320
    0.9280
    0.9340
    0.9300
    0.9360
    0.9320
    0.9320
    0.9280
    0.9340
    0.9300
    0.9360
    0.9320
    0.9320
    0.9280
    0.9340

acc =0.864000  0.912000  0.920000  0.926000  0.920000  0.930000  0.928000  0.926000  0.932000  0.930000  0.934000  0.932000  0.936000  0.930000  0.936000  0.932000  0.932000  0.928000  0.934000  0.930000  0.936000  0.932000  0.932000  0.928000  0.934000  0.930000  0.936000  0.932000  0.932000  0.928000  0.934000 

discov_true_vec =

    10
    10
    10
    10
    10
    10
    10
    10
    10
    10
    10
    10
    10
    10
    10
    10
    10
    10
    10
    10
    10
    10
    10
    10
    10
    10
    10
    10
    10
    10


discov_false_vec =

     4
     1
     1
     1
     0
     0
     0
     0
     0
     0
     0
     0
     0
     0
     0
     0
     0
     0
     0
     0
     0
     0
     0
     0
     0
     0
     0
     0
     0
     0


data =

  31x16 table

    rep    iter    sep    dim    rho     sparsity     acc     obj_prim    obj_dual    discov_true    discov_false    diff_x_tilde    diff_omega_diag    time_isee    time_SDP          jobdate       
    ___    ____    ___    ___    ____    ________    _____    ________    ________    ___________    ____________    ____________    _______________    _________    ________    ____________________

    49       0      3     400    0.05       10       0.864          0           0          0              0                  0                0               0            0     23-Mar-2024 00:09:29
    49       1      3     400    0.05       10       0.912    -3.0064     -3.0064         10              4             70.267           2.4966           19.21       74.097     23-Mar-2024 00:09:29
    49       2      3     400    0.05       10        0.92    -2.5685     -2.5685         10              1             70.833           2.4994          16.234        25.58     23-Mar-2024 00:09:29
    49       3      3     400    0.05       10       0.926    -2.4329     -2.4328         10              1             69.936           2.4602          16.363       57.241     23-Mar-2024 00:09:29
    49       4      3     400    0.05       10        0.92    -2.5379     -2.5379         10              1              72.19           2.6495          15.946       55.929     23-Mar-2024 00:09:29
    49       5      3     400    0.05       10        0.93      -2.53       -2.53         10              0             70.846           2.5687          16.358       31.203     23-Mar-2024 00:09:29
    49       6      3     400    0.05       10       0.928    -2.4336     -2.4336         10              0             73.114           2.6644          16.321       58.035     23-Mar-2024 00:09:29
    49       7      3     400    0.05       10       0.926    -2.4342     -2.4342         10              0             70.039           2.5207          16.668       45.992     23-Mar-2024 00:09:29
    49       8      3     400    0.05       10       0.932    -2.4769     -2.4769         10              0             71.637           2.6071          15.906       44.894     23-Mar-2024 00:09:29
    49       9      3     400    0.05       10        0.93    -2.5078     -2.5078         10              0             71.743           2.5733          16.041       78.778     23-Mar-2024 00:09:29
    49      10      3     400    0.05       10       0.934    -2.4608     -2.4608         10              0              72.42           2.6634           16.21       55.798     23-Mar-2024 00:09:29
    49      11      3     400    0.05       10       0.932    -2.5105     -2.5105         10              0             70.865           2.5392          16.264       52.159     23-Mar-2024 00:09:29
    49      12      3     400    0.05       10       0.936    -2.4369     -2.4369         10              0             72.245           2.6532          15.892       61.588     23-Mar-2024 00:09:29
    49      13      3     400    0.05       10        0.93     -2.399      -2.399         10              0             69.918           2.4831          16.058       52.377     23-Mar-2024 00:09:29
    49      14      3     400    0.05       10       0.936    -2.4364     -2.4364         10              0             71.754           2.5719          16.255       41.432     23-Mar-2024 00:09:29
    49      15      3     400    0.05       10       0.932    -2.4311     -2.4311         10              0             71.353           2.5367          16.424       66.735     23-Mar-2024 00:09:29
    49      16      3     400    0.05       10       0.932    -2.4572     -2.4572         10              0             71.759           2.5838          16.349       54.513     23-Mar-2024 00:09:29
    49      17      3     400    0.05       10       0.928    -2.4533     -2.4533         10              0             71.941           2.5671          16.048       46.673     23-Mar-2024 00:09:29
    49      18      3     400    0.05       10       0.934    -2.4129     -2.4129         10              0             70.255           2.4955          15.933       63.867     23-Mar-2024 00:09:29
    49      19      3     400    0.05       10        0.93    -2.4597     -2.4597         10              0             71.085           2.5176          16.817       60.204     23-Mar-2024 00:09:29
    49      20      3     400    0.05       10       0.936    -2.4364     -2.4364         10              0             71.754           2.5719          16.325       46.909     23-Mar-2024 00:09:29
    49      21      3     400    0.05       10       0.932    -2.4311     -2.4311         10              0             71.353           2.5367          15.974       66.936     23-Mar-2024 00:09:29
    49      22      3     400    0.05       10       0.932    -2.4572     -2.4572         10              0             71.759           2.5838          15.993        56.67     23-Mar-2024 00:09:29
    49      23      3     400    0.05       10       0.928    -2.4533     -2.4533         10              0             71.941           2.5671          16.045       51.454     23-Mar-2024 00:09:29
    49      24      3     400    0.05       10       0.934    -2.4129     -2.4129         10              0             70.255           2.4955          15.718       64.028     23-Mar-2024 00:09:29
    49      25      3     400    0.05       10        0.93    -2.4597     -2.4597         10              0             71.085           2.5176          15.717       65.158     23-Mar-2024 00:09:29
    49      26      3     400    0.05       10       0.936    -2.4364     -2.4364         10              0             71.754           2.5719          15.853       46.948     23-Mar-2024 00:09:29
    49      27      3     400    0.05       10       0.932    -2.4311     -2.4311         10              0             71.353           2.5367          16.302       71.762     23-Mar-2024 00:09:29
    49      28      3     400    0.05       10       0.932    -2.4572     -2.4572         10              0             71.759           2.5838          16.058       56.948     23-Mar-2024 00:09:29
    49      29      3     400    0.05       10       0.928    -2.4533     -2.4533         10              0             71.941           2.5671          15.813       52.543     23-Mar-2024 00:09:29
    49      30      3     400    0.05       10       0.934    -2.4129     -2.4129         10              0             70.255           2.4955          15.573       67.705     23-Mar-2024 00:09:29


rep =

    50

replication: (50)th 


thres =

    3.4616

thres=3.461637
1 th thresholding

  breakyes=1.4,  maxresidual < 1.00e-06
15 entries survived 

2 th thresholding

  breakyes=1.3,  maxresidual < 1.00e-06
12 entries survived 

3 th thresholding

  breakyes=1.4,  maxresidual < 1.00e-06
12 entries survived 

4 th thresholding

  breakyes=4.2,  dualfeasorg stagnate, 5.05e-05
12 entries survived 

5 th thresholding


  breakyes=1.4,  maxresidual < 1.00e-06
12 entries survived 

6 th thresholding

  breakyes=1.0,  maxresidual < 1.00e-06
12 entries survived 

7 th thresholding

  breakyes=1.3,  maxresidual < 1.00e-06
12 entries survived 

8 th thresholding

  breakyes=3.2,  dualfeasorg deteriorated too much: primfeasorg=7.26e-07,dualfeasorg=1.56e-05
12 entries survived 

9 th thresholding

  breakyes=1.4,  maxresidual < 1.00e-06
12 entries survived 

10 th thresholding

  breakyes=1.4,  maxresidual < 1.00e-06
12 entries survived 

11 th thresholding

  breakyes=4.1,  primfeasorg stagnate, 0.00e+00
12 entries survived 

12 th thresholding

  breakyes=1.4,  maxresidual < 1.00e-06
12 entries survived 

13 th thresholding

  breakyes=1.4,  maxresidual < 1.00e-06
12 entries survived 

14 th thresholding

  breakyes=1.3,  maxresidual < 1.00e-06
12 entries survived 

15 th thresholding

  breakyes=1.4,  maxresidual < 1.00e-06
12 entries survived 

16 th thresholding

  breakyes=4.1,  primfeasorg stagnate, 0.00e+00
12 entries survived 

17 th thresholding

  breakyes=1.4,  maxresidual < 1.00e-06
12 entries survived 

18 th thresholding

  breakyes=1.0,  maxresidual < 1.00e-06
11 entries survived 

19 th thresholding

  breakyes=1.0,  maxresidual < 1.00e-06
11 entries survived 

20 th thresholding

  breakyes=1.0,  maxresidual < 1.00e-06
11 entries survived 

21 th thresholding

  breakyes=1.0,  maxresidual < 1.00e-06
11 entries survived 

22 th thresholding

  breakyes=3.2,  dualfeasorg deteriorated too much: primfeasorg=1.23e-06,dualfeasorg=4.02e-05
12 entries survived 

23 th thresholding

  breakyes=1.4,  maxresidual < 1.00e-06
12 entries survived 

24 th thresholding

  breakyes=1.0,  maxresidual < 1.00e-06
12 entries survived 

25 th thresholding

  breakyes=3.2,  dualfeasorg deteriorated too much: primfeasorg=2.62e-06,dualfeasorg=3.05e-05
12 entries survived 

26 th thresholding

  breakyes=1.0,  maxresidual < 1.00e-06
12 entries survived 

27 th thresholding

  breakyes=3.2,  dualfeasorg deteriorated too much: primfeasorg=1.62e-06,dualfeasorg=4.13e-05
12 entries survived 

28 th thresholding

  breakyes=1.4,  maxresidual < 1.00e-06
11 entries survived 

29 th thresholding

  breakyes=1.0,  maxresidual < 1.00e-06
12 entries survived 

30 th thresholding

  breakyes=1.0,  maxresidual < 1.00e-06
11 entries survived 

acc_vec =

    0.8580
    0.9200
    0.9200
    0.9120
    0.9180
    0.9220
    0.9200
    0.9200
    0.9140
    0.9160
    0.9160
    0.9180
    0.9140
    0.9140
    0.9160
    0.9220
    0.9200
    0.9200
    0.9200
    0.9220
    0.9260
    0.9200
    0.9180
    0.9220
    0.9200
    0.9200
    0.9180
    0.9140
    0.9200
    0.9200
    0.9160

acc =0.858000  0.920000  0.920000  0.912000  0.918000  0.922000  0.920000  0.920000  0.914000  0.916000  0.916000  0.918000  0.914000  0.914000  0.916000  0.922000  0.920000  0.920000  0.920000  0.922000  0.926000  0.920000  0.918000  0.922000  0.920000  0.920000  0.918000  0.914000  0.920000  0.920000  0.916000 

discov_true_vec =

    10
    10
    10
    10
    10
    10
    10
    10
    10
    10
    10
    10
    10
    10
    10
    10
    10
    10
    10
    10
    10
    10
    10
    10
    10
    10
    10
    10
    10
    10


discov_false_vec =

     5
     2
     2
     2
     2
     2
     2
     2
     2
     2
     2
     2
     2
     2
     2
     2
     2
     1
     1
     1
     1
     2
     2
     2
     2
     2
     2
     1
     2
     1


data =

  31x16 table

    rep    iter    sep    dim    rho     sparsity     acc     obj_prim    obj_dual    discov_true    discov_false    diff_x_tilde    diff_omega_diag    time_isee    time_SDP          jobdate       
    ___    ____    ___    ___    ____    ________    _____    ________    ________    ___________    ____________    ____________    _______________    _________    ________    ____________________

    50       0      3     400    0.05       10       0.858          0           0          0              0                  0                0               0            0     23-Mar-2024 00:38:01
    50       1      3     400    0.05       10        0.92    -3.5272     -3.5272         10              5             72.566           2.6358          15.907       58.338     23-Mar-2024 00:38:01
    50       2      3     400    0.05       10        0.92    -2.7071     -2.7071         10              2             71.758           2.6188          15.896       61.368     23-Mar-2024 00:38:01
    50       3      3     400    0.05       10       0.912    -2.8024     -2.8024         10              2             73.383           2.6205          15.869       49.834     23-Mar-2024 00:38:01
    50       4      3     400    0.05       10       0.918    -2.8505     -2.8505         10              2             70.906           2.5467          15.744       65.754     23-Mar-2024 00:38:01
    50       5      3     400    0.05       10       0.922    -2.8121     -2.8121         10              2              71.51           2.6464          15.895       76.409     23-Mar-2024 00:38:01
    50       6      3     400    0.05       10        0.92    -2.8286     -2.8286         10              2             68.996           2.3906          15.789       40.239     23-Mar-2024 00:38:01
    50       7      3     400    0.05       10        0.92    -2.7523     -2.7523         10              2             69.897           2.4554          15.944       22.267     23-Mar-2024 00:38:01
    50       8      3     400    0.05       10       0.914    -2.9626     -2.9626         10              2              71.63           2.5345          15.751       67.048     23-Mar-2024 00:38:01
    50       9      3     400    0.05       10       0.916     -2.929      -2.929         10              2             72.174           2.6455          15.943       49.428     23-Mar-2024 00:38:01
    50      10      3     400    0.05       10       0.916    -2.8107     -2.8107         10              2             71.301           2.5293          15.722       91.514     23-Mar-2024 00:38:01
    50      11      3     400    0.05       10       0.918    -2.7146     -2.7146         10              2             69.522           2.4732          15.826       49.539     23-Mar-2024 00:38:01
    50      12      3     400    0.05       10       0.914    -3.0119     -3.0119         10              2             71.129           2.5658          16.023        41.01     23-Mar-2024 00:38:01
    50      13      3     400    0.05       10       0.914    -2.7939     -2.7939         10              2               72.5           2.6934          15.954        35.71     23-Mar-2024 00:38:01
    50      14      3     400    0.05       10       0.916    -2.7576     -2.7576         10              2             71.488           2.5802          15.889       53.914     23-Mar-2024 00:38:01
    50      15      3     400    0.05       10       0.922    -2.7622     -2.7622         10              2             72.348            2.606          15.901       34.864     23-Mar-2024 00:38:01
    50      16      3     400    0.05       10        0.92    -2.8128     -2.8128         10              2             71.057           2.4962          15.807       51.146     23-Mar-2024 00:38:01
    50      17      3     400    0.05       10        0.92    -2.8087     -2.8087         10              2              70.66           2.5145          15.622        68.54     23-Mar-2024 00:38:01
    50      18      3     400    0.05       10        0.92    -2.8216     -2.8216         10              1             70.931           2.5072           15.64       17.189     23-Mar-2024 00:38:01
    50      19      3     400    0.05       10       0.922    -2.7703     -2.7703         10              1             71.263            2.526          15.729       17.732     23-Mar-2024 00:38:01
    50      20      3     400    0.05       10       0.926    -2.7771     -2.7771         10              1             71.282           2.5421          15.791       13.408     23-Mar-2024 00:38:01
    50      21      3     400    0.05       10        0.92    -2.8589     -2.8589         10              1             71.296           2.5452          15.847       12.915     23-Mar-2024 00:38:01
    50      22      3     400    0.05       10       0.918    -2.7611     -2.7611         10              2             67.974           2.3097          15.788       39.004     23-Mar-2024 00:38:01
    50      23      3     400    0.05       10       0.922    -2.7199     -2.7199         10              2             70.371           2.4872          15.618       17.466     23-Mar-2024 00:38:01
    50      24      3     400    0.05       10        0.92    -2.7529     -2.7529         10              2             70.528           2.4775          15.827        16.94     23-Mar-2024 00:38:01
    50      25      3     400    0.05       10        0.92    -2.7117     -2.7117         10              2             69.563           2.4632          15.989       16.545     23-Mar-2024 00:38:01
    50      26      3     400    0.05       10       0.918    -2.6474     -2.6474         10              2              71.66           2.6255          15.882       47.472     23-Mar-2024 00:38:01
    50      27      3     400    0.05       10       0.914    -2.6628     -2.6628         10              2             70.291           2.5072          15.781       77.055     23-Mar-2024 00:38:01
    50      28      3     400    0.05       10        0.92     -2.959      -2.959         10              1             72.034           2.5821          15.984       18.128     23-Mar-2024 00:38:01
    50      29      3     400    0.05       10        0.92     -2.783      -2.783         10              2             71.252           2.5554          15.599           14     23-Mar-2024 00:38:01
    50      30      3     400    0.05       10       0.916    -2.8467     -2.8467         10              1             71.442           2.5461          15.807       12.442     23-Mar-2024 00:38:01


rep =

    51

replication: (51)th 


thres =

    3.4616

thres=3.461637
1 th thresholding

  breakyes=3.2,  dualfeasorg deteriorated too much: primfeasorg=7.94e-07,dualfeasorg=6.27e-05
14 entries survived 

2 th thresholding

  breakyes=4.2,  dualfeasorg stagnate, 3.35e-05
11 entries survived 

3 th thresholding

  breakyes=3.2,  dualfeasorg deteriorated too much: primfeasorg=1.05e-06,dualfeasorg=4.79e-05
11 entries survived 

4 th thresholding

  breakyes=3.2,  dualfeasorg deteriorated too much: primfeasorg=1.08e-06,dualfeasorg=3.87e-05
11 entries survived 

5 th thresholding

  breakyes=3.2,  dualfeasorg deteriorated too much: primfeasorg=7.22e-07,dualfeasorg=5.80e-05
11 entries survived 

6 th thresholding

  breakyes=4.1,  primfeasorg stagnate, 0.00e+00
11 entries survived 

7 th thresholding

  breakyes=4.1,  primfeasorg stagnate, 0.00e+00
11 entries survived 

8 th thresholding

  breakyes=4.1,  primfeasorg stagnate, 0.00e+00
11 entries survived 

9 th thresholding

  breakyes=4.1,  primfeasorg stagnate, 0.00e+00
11 entries survived 

10 th thresholding

  breakyes=4.1,  primfeasorg stagnate, 0.00e+00
11 entries survived 

11 th thresholding

  breakyes=3.2,  dualfeasorg deteriorated too much: primfeasorg=1.42e-06,dualfeasorg=6.36e-05
10 entries survived 

12 th thresholding

  breakyes=3.2,  dualfeasorg deteriorated too much: primfeasorg=9.93e-07,dualfeasorg=6.15e-05
10 entries survived 

13 th thresholding

  breakyes=4.1,  primfeasorg stagnate, 0.00e+00
10 entries survived 

14 th thresholding

  breakyes=3.2,  dualfeasorg deteriorated too much: primfeasorg=1.38e-06,dualfeasorg=6.28e-05
10 entries survived 

15 th thresholding

  breakyes=4.1,  primfeasorg stagnate, 0.00e+00
10 entries survived 

16 th thresholding

  breakyes=4.1,  primfeasorg stagnate, 0.00e+00
10 entries survived 

17 th thresholding

  breakyes=3.2,  dualfeasorg deteriorated too much: primfeasorg=8.68e-07,dualfeasorg=4.02e-05
10 entries survived 

18 th thresholding

  breakyes=4.1,  primfeasorg stagnate, 0.00e+00
10 entries survived 

19 th thresholding

  breakyes=3.2,  dualfeasorg deteriorated too much: primfeasorg=1.18e-06,dualfeasorg=5.70e-05
10 entries survived 

20 th thresholding

  breakyes=4.1,  primfeasorg stagnate, 0.00e+00
10 entries survived 

21 th thresholding

  breakyes=4.1,  primfeasorg stagnate, 0.00e+00
10 entries survived 

22 th thresholding

  breakyes=2.0,  primfeasorg*dualfeasorg < 1.00e-14
10 entries survived 

23 th thresholding

  breakyes=3.2,  dualfeasorg deteriorated too much: primfeasorg=8.92e-07,dualfeasorg=4.63e-05
10 entries survived 

24 th thresholding

  breakyes=3.2,  dualfeasorg deteriorated too much: primfeasorg=3.29e-06,dualfeasorg=5.57e-05
10 entries survived 

25 th thresholding

  breakyes=3.2,  dualfeasorg deteriorated too much: primfeasorg=9.59e-07,dualfeasorg=4.80e-05
10 entries survived 

26 th thresholding

  breakyes=3.2,  dualfeasorg deteriorated too much: primfeasorg=1.02e-06,dualfeasorg=5.25e-05
10 entries survived 

27 th thresholding

  breakyes=3.2,  dualfeasorg deteriorated too much: primfeasorg=1.21e-06,dualfeasorg=4.86e-05
10 entries survived 

28 th thresholding

  breakyes=3.2,  dualfeasorg deteriorated too much: primfeasorg=1.02e-06,dualfeasorg=5.25e-05
10 entries survived 

29 th thresholding

  breakyes=3.2,  dualfeasorg deteriorated too much: primfeasorg=1.21e-06,dualfeasorg=4.86e-05
10 entries survived 

30 th thresholding

  breakyes=3.2,  dualfeasorg deteriorated too much: primfeasorg=1.02e-06,dualfeasorg=5.25e-05
10 entries survived 

acc_vec =

    0.8620
    0.9100
    0.9020
    0.9120
    0.9060
    0.9040
    0.9080
    0.9080
    0.9080
    0.9060
    0.9200
    0.9140
    0.9120
    0.9140
    0.9120
    0.9140
    0.9120
    0.9140
    0.9080
    0.9100
    0.9080
    0.9100
    0.9080
    0.9080
    0.9020
    0.9080
    0.9000
    0.9080
    0.9000
    0.9080
    0.9000

acc =0.862000  0.910000  0.902000  0.912000  0.906000  0.904000  0.908000  0.908000  0.908000  0.906000  0.920000  0.914000  0.912000  0.914000  0.912000  0.914000  0.912000  0.914000  0.908000  0.910000  0.908000  0.910000  0.908000  0.908000  0.902000  0.908000  0.900000  0.908000  0.900000  0.908000  0.900000 

discov_true_vec =

    10
    10
    10
    10
    10
    10
    10
    10
    10
    10
    10
    10
    10
    10
    10
    10
    10
    10
    10
    10
    10
    10
    10
    10
    10
    10
    10
    10
    10
    10


discov_false_vec =

     4
     1
     1
     1
     1
     1
     1
     1
     1
     1
     0
     0
     0
     0
     0
     0
     0
     0
     0
     0
     0
     0
     0
     0
     0
     0
     0
     0
     0
     0


data =

  31x16 table

    rep    iter    sep    dim    rho     sparsity     acc     obj_prim    obj_dual    discov_true    discov_false    diff_x_tilde    diff_omega_diag    time_isee    time_SDP          jobdate       
    ___    ____    ___    ___    ____    ________    _____    ________    ________    ___________    ____________    ____________    _______________    _________    ________    ____________________

    51       0      3     400    0.05       10       0.862          0           0          0              0                  0                0               0            0     23-Mar-2024 01:15:29
    51       1      3     400    0.05       10        0.91     -2.766      -2.766         10              4              73.71           2.6534          15.977        53.45     23-Mar-2024 01:15:29
    51       2      3     400    0.05       10       0.902    -2.2674     -2.2674         10              1             72.889            2.648          15.939       55.483     23-Mar-2024 01:15:29
    51       3      3     400    0.05       10       0.912    -2.2709     -2.2709         10              1             75.337           2.7636          16.036       58.172     23-Mar-2024 01:15:29
    51       4      3     400    0.05       10       0.906    -2.2292     -2.2291         10              1              73.23           2.6663          15.919         60.7     23-Mar-2024 01:15:29
    51       5      3     400    0.05       10       0.904    -2.2766     -2.2765         10              1             74.875           2.7778          15.945       70.526     23-Mar-2024 01:15:29
    51       6      3     400    0.05       10       0.908    -2.2492     -2.2491         10              1             72.677           2.5983          15.415       52.049     23-Mar-2024 01:15:29
    51       7      3     400    0.05       10       0.908    -2.2717     -2.2717         10              1             73.978           2.7104          15.387        52.25     23-Mar-2024 01:15:29
    51       8      3     400    0.05       10       0.908    -2.2385     -2.2385         10              1             72.576           2.5942          15.432        60.11     23-Mar-2024 01:15:29
    51       9      3     400    0.05       10       0.906    -2.2397     -2.2396         10              1              73.15           2.7178          15.338       57.484     23-Mar-2024 01:15:29
    51      10      3     400    0.05       10        0.92    -2.1417     -2.1417         10              1             73.427           2.6769          16.035       52.952     23-Mar-2024 01:15:29
    51      11      3     400    0.05       10       0.914    -2.0981      -2.098         10              0             72.555           2.6475          16.027       48.884     23-Mar-2024 01:15:29
    51      12      3     400    0.05       10       0.912    -2.1908     -2.1907         10              0             72.605           2.6291          15.697       72.244     23-Mar-2024 01:15:29
    51      13      3     400    0.05       10       0.914    -2.1954     -2.1954         10              0             73.222           2.6257          15.467       58.584     23-Mar-2024 01:15:29
    51      14      3     400    0.05       10       0.912    -2.1966     -2.1966         10              0             71.358           2.5384          15.691       54.374     23-Mar-2024 01:15:29
    51      15      3     400    0.05       10       0.914     -2.215      -2.215         10              0             73.575           2.6877          15.796       68.977     23-Mar-2024 01:15:29
    51      16      3     400    0.05       10       0.912    -2.2433     -2.2433         10              0             72.129           2.5724          15.799       70.427     23-Mar-2024 01:15:29
    51      17      3     400    0.05       10       0.914    -2.2475     -2.2475         10              0             74.147           2.6727          15.404        76.36     23-Mar-2024 01:15:29
    51      18      3     400    0.05       10       0.908    -2.2279     -2.2279         10              0             73.319           2.6592          15.525       69.527     23-Mar-2024 01:15:29
    51      19      3     400    0.05       10        0.91    -2.2371     -2.2371         10              0             72.652           2.6284          15.545       68.163     23-Mar-2024 01:15:29
    51      20      3     400    0.05       10       0.908     -2.275      -2.275         10              0              73.89           2.6742           15.56       66.579     23-Mar-2024 01:15:29
    51      21      3     400    0.05       10        0.91    -2.3264     -2.3263         10              0             73.082           2.6385          15.426        73.85     23-Mar-2024 01:15:29
    51      22      3     400    0.05       10       0.908     -2.438      -2.438         10              0             74.651           2.7291          15.625       71.752     23-Mar-2024 01:15:29
    51      23      3     400    0.05       10       0.908    -2.4113     -2.4113         10              0             73.187            2.628          15.554       64.172     23-Mar-2024 01:15:29
    51      24      3     400    0.05       10       0.902    -2.4218     -2.4218         10              0             73.413           2.6542          15.643       22.048     23-Mar-2024 01:15:29
    51      25      3     400    0.05       10       0.908    -2.4264     -2.4264         10              0             72.253           2.5597          15.683       61.919     23-Mar-2024 01:15:29
    51      26      3     400    0.05       10         0.9    -2.4996     -2.4996         10              0             72.979           2.6319          15.484       50.169     23-Mar-2024 01:15:29
    51      27      3     400    0.05       10       0.908    -2.3793     -2.3793         10              0             74.073           2.6597          15.719       56.181     23-Mar-2024 01:15:29
    51      28      3     400    0.05       10         0.9    -2.4996     -2.4996         10              0             72.979           2.6319          15.584       43.406     23-Mar-2024 01:15:29
    51      29      3     400    0.05       10       0.908    -2.3793     -2.3793         10              0             74.073           2.6597          15.645       54.313     23-Mar-2024 01:15:29
    51      30      3     400    0.05       10         0.9    -2.4996     -2.4996         10              0             72.979           2.6319          15.831       51.954     23-Mar-2024 01:15:29


rep =

    52

replication: (52)th 


thres =

    3.4616

thres=3.461637
1 th thresholding

  breakyes=1.4,  maxresidual < 1.00e-06
14 entries survived 

2 th thresholding

  breakyes=1.4,  maxresidual < 1.00e-06
13 entries survived 

3 th thresholding

  breakyes=1.3,  maxresidual < 1.00e-06
13 entries survived 

4 th thresholding

  breakyes=3.2,  dualfeasorg deteriorated too much: primfeasorg=1.55e-06,dualfeasorg=3.97e-05
13 entries survived 

5 th thresholding

  breakyes=1.4,  maxresidual < 1.00e-06
13 entries survived 

6 th thresholding

  breakyes=1.4,  maxresidual < 1.00e-06
12 entries survived 

7 th thresholding

  breakyes=1.4,  maxresidual < 1.00e-06
11 entries survived 

8 th thresholding

  breakyes=3.2,  dualfeasorg deteriorated too much: primfeasorg=1.15e-06,dualfeasorg=3.69e-05
10 entries survived 

9 th thresholding

  breakyes=3.2,  dualfeasorg deteriorated too much: primfeasorg=5.93e-07,dualfeasorg=3.76e-05
10 entries survived 

10 th thresholding

  breakyes=1.3,  maxresidual < 1.00e-06
10 entries survived 

11 th thresholding

  breakyes=3.2,  dualfeasorg deteriorated too much: primfeasorg=1.15e-06,dualfeasorg=5.43e-05
10 entries survived 

12 th thresholding

  breakyes=3.2,  dualfeasorg deteriorated too much: primfeasorg=3.13e-06,dualfeasorg=3.29e-05
10 entries survived 

13 th thresholding

  breakyes=3.2,  dualfeasorg deteriorated too much: primfeasorg=5.37e-07,dualfeasorg=3.18e-05
11 entries survived 

14 th thresholding

  breakyes=3.2,  dualfeasorg deteriorated too much: primfeasorg=1.41e-06,dualfeasorg=3.96e-05
12 entries survived 

15 th thresholding

  breakyes=1.3,  maxresidual < 1.00e-06
11 entries survived 

16 th thresholding

  breakyes=3.2,  dualfeasorg deteriorated too much: primfeasorg=9.35e-07,dualfeasorg=3.52e-05
12 entries survived 

17 th thresholding

  breakyes=3.2,  dualfeasorg deteriorated too much: primfeasorg=1.48e-06,dualfeasorg=3.84e-05
11 entries survived 

18 th thresholding

  breakyes=2.0,  primfeasorg*dualfeasorg < 1.00e-14
10 entries survived 

19 th thresholding

  breakyes=1.3,  maxresidual < 1.00e-06
11 entries survived 

20 th thresholding

  breakyes=4.1,  primfeasorg stagnate, 0.00e+00
11 entries survived 

21 th thresholding

  breakyes=1.4,  maxresidual < 1.00e-06
11 entries survived 

22 th thresholding


  breakyes=3.2,  dualfeasorg deteriorated too much: primfeasorg=2.04e-06,dualfeasorg=2.37e-05
11 entries survived 

23 th thresholding

  breakyes=3.2,  dualfeasorg deteriorated too much: primfeasorg=1.83e-06,dualfeasorg=2.25e-05
11 entries survived 

24 th thresholding

  breakyes=3.2,  dualfeasorg deteriorated too much: primfeasorg=1.74e-06,dualfeasorg=1.25e-04
11 entries survived 

25 th thresholding


  breakyes=3.2,  dualfeasorg deteriorated too much: primfeasorg=1.17e-06,dualfeasorg=3.10e-05
11 entries survived 

26 th thresholding

  breakyes=1.4,  maxresidual < 1.00e-06
11 entries survived 

27 th thresholding

  breakyes=1.3,  maxresidual < 1.00e-06
11 entries survived 

28 th thresholding

  breakyes=1.4,  maxresidual < 1.00e-06
11 entries survived 

29 th thresholding

  breakyes=4.1,  primfeasorg stagnate, 5.06e-05
11 entries survived 

30 th thresholding

  breakyes=3.2,  dualfeasorg deteriorated too much: primfeasorg=1.26e-06,dualfeasorg=3.61e-05
11 entries survived 

acc_vec =

    0.8400
    0.9020
    0.8980
    0.8960
    0.8960
    0.9020
    0.9000
    0.9100
    0.9080
    0.9080
    0.9080
    0.9060
    0.9160
    0.9080
    0.9180
    0.9100
    0.9140
    0.9060
    0.9120
    0.9060
    0.9060
    0.9100
    0.9140
    0.9060
    0.9080
    0.9120
    0.9140
    0.9100
    0.9100
    0.9160
    0.9060

acc =0.840000  0.902000  0.898000  0.896000  0.896000  0.902000  0.900000  0.910000  0.908000  0.908000  0.908000  0.906000  0.916000  0.908000  0.918000  0.910000  0.914000  0.906000  0.912000  0.906000  0.906000  0.910000  0.914000  0.906000  0.908000  0.912000  0.914000  0.910000  0.910000  0.916000  0.906000 

discov_true_vec =

    10
    10
    10
    10
    10
    10
    10
    10
    10
    10
    10
    10
    10
    10
    10
    10
    10
    10
    10
    10
    10
    10
    10
    10
    10
    10
    10
    10
    10
    10


discov_false_vec =

     4
     3
     3
     3
     3
     2
     1
     0
     0
     0
     0
     0
     1
     2
     1
     2
     1
     0
     1
     1
     1
     1
     1
     1
     1
     1
     1
     1
     1
     1


data =

  31x16 table

    rep    iter    sep    dim    rho     sparsity     acc     obj_prim    obj_dual    discov_true    discov_false    diff_x_tilde    diff_omega_diag    time_isee    time_SDP          jobdate       
    ___    ____    ___    ___    ____    ________    _____    ________    ________    ___________    ____________    ____________    _______________    _________    ________    ____________________

    52       0      3     400    0.05       10        0.84          0           0          0              0                  0                0               0            0     23-Mar-2024 01:48:29
    52       1      3     400    0.05       10       0.902    -3.6292     -3.6292         10              4             74.556           2.7323          16.235        35.69     23-Mar-2024 01:48:29
    52       2      3     400    0.05       10       0.898    -3.2026     -3.2026         10              3             75.365           2.8165          15.606        33.08     23-Mar-2024 01:48:29
    52       3      3     400    0.05       10       0.896    -3.1533     -3.1533         10              3             73.286            2.628          15.629       59.211     23-Mar-2024 01:48:29
    52       4      3     400    0.05       10       0.896     -3.156      -3.156         10              3             72.085           2.5989           15.82       28.184     23-Mar-2024 01:48:29
    52       5      3     400    0.05       10       0.902    -2.9696     -2.9696         10              3             72.846           2.6593          15.384       84.993     23-Mar-2024 01:48:29
    52       6      3     400    0.05       10         0.9    -3.0395     -3.0395         10              2             73.337           2.7124           15.62       52.729     23-Mar-2024 01:48:29
    52       7      3     400    0.05       10        0.91    -3.0201     -3.0201         10              1             73.025           2.6118          15.684       103.73     23-Mar-2024 01:48:29
    52       8      3     400    0.05       10       0.908    -3.1911     -3.1911         10              0             75.065           2.7473          15.756       30.327     23-Mar-2024 01:48:29
    52       9      3     400    0.05       10       0.908    -3.1187     -3.1187         10              0             72.938             2.59          15.548       51.955     23-Mar-2024 01:48:29
    52      10      3     400    0.05       10       0.908    -2.9384     -2.9384         10              0             72.334           2.5929          15.652        54.03     23-Mar-2024 01:48:29
    52      11      3     400    0.05       10       0.906    -3.1632     -3.1632         10              0               73.5           2.6195          15.743       25.615     23-Mar-2024 01:48:29
    52      12      3     400    0.05       10       0.916    -2.9822     -2.9822         10              0             73.601           2.6955          15.667       21.058     23-Mar-2024 01:48:29
    52      13      3     400    0.05       10       0.908    -3.1329     -3.1329         10              1             72.414           2.5807          15.452       51.287     23-Mar-2024 01:48:29
    52      14      3     400    0.05       10       0.918     -3.104      -3.104         10              2             73.114           2.6812          15.354       25.383     23-Mar-2024 01:48:29
    52      15      3     400    0.05       10        0.91    -3.0478     -3.0478         10              1             71.545            2.548          15.564       53.771     23-Mar-2024 01:48:29
    52      16      3     400    0.05       10       0.914    -3.0061     -3.0061         10              2             72.323           2.6012           15.82       44.446     23-Mar-2024 01:48:29
    52      17      3     400    0.05       10       0.906     -3.186      -3.186         10              1             73.179           2.6205          15.474       28.625     23-Mar-2024 01:48:29
    52      18      3     400    0.05       10       0.912    -3.1012     -3.1012         10              0             74.844            2.731          15.469       53.014     23-Mar-2024 01:48:29
    52      19      3     400    0.05       10       0.906     -3.001      -3.001         10              1              72.57           2.6132          15.524       44.662     23-Mar-2024 01:48:29
    52      20      3     400    0.05       10       0.906    -3.1325     -3.1325         10              1             72.854           2.6241          15.532       59.979     23-Mar-2024 01:48:29
    52      21      3     400    0.05       10        0.91    -2.9474     -2.9474         10              1             74.257           2.7386          15.565       47.369     23-Mar-2024 01:48:29
    52      22      3     400    0.05       10       0.914    -2.8796     -2.8795         10              1             72.661           2.6338          15.779       77.537     23-Mar-2024 01:48:29
    52      23      3     400    0.05       10       0.906    -3.0559     -3.0559         10              1             71.676           2.5265          16.229        67.42     23-Mar-2024 01:48:29
    52      24      3     400    0.05       10       0.908    -3.2501     -3.2501         10              1             75.173           2.7764          15.406       23.324     23-Mar-2024 01:48:29
    52      25      3     400    0.05       10       0.912    -3.2262     -3.2262         10              1              74.52           2.7728          15.454       95.435     23-Mar-2024 01:48:29
    52      26      3     400    0.05       10       0.914    -2.9342     -2.9342         10              1             71.596           2.5613          15.419       46.061     23-Mar-2024 01:48:29
    52      27      3     400    0.05       10        0.91    -3.0368     -3.0368         10              1             71.584           2.5687          15.406       48.548     23-Mar-2024 01:48:29
    52      28      3     400    0.05       10        0.91    -3.0423     -3.0423         10              1             74.272             2.75          15.424       49.321     23-Mar-2024 01:48:29
    52      29      3     400    0.05       10       0.916    -2.9416     -2.9416         10              1             71.624           2.5763          15.687        74.29     23-Mar-2024 01:48:29
    52      30      3     400    0.05       10       0.906    -3.0839     -3.0839         10              1              73.31           2.7249          15.656       40.246     23-Mar-2024 01:48:29

