==========================================
SLURM_JOB_ID = 25523281
SLURM_JOB_NODELIST = a02-02
TMPDIR = /tmp/SLURM_25523281
==========================================
hello
Starting parallel pool (parpool) ...
Connected to the parallel pool (number of workers: 15).

pool = 

 ProcessPool with properties: 

            Connected: true
           NumWorkers: 15
                 Busy: false
              Cluster: Local
        AttachedFiles: {}
    AutoAddClientPath: true
            FileStore: [1x1 parallel.FileStore]
           ValueStore: [1x1 parallel.ValueStore]
          IdleTimeout: 30 minutes (30 minutes remaining)
          SpmdEnabled: true


dimension =

        3000


separation =

     4


sample_size =

   200


table_name =

    'iso_hc'


db_dir =

    '/home1/jongminm/sparse_kmeans/sparse_kmeans.db'


rho =

     0


full_run =

  logical

   0


blfs = 

  block_replication_for_server with properties:

          table_name: 'iso_hc'
              db_dir: '/home1/jongminm/sparse_kmeans/sparse_kmeans.db'
      data_generator: [1x1 sparse_symmetric_data_generator]
      number_cluster: 2
          n_iter_max: 100
    window_size_half: 2
         sample_size: 200
         init_method: "hc"
        cluster_true: []
             learner: []
            run_full: 0
     matrix_sparsity: 0
            data_obj: @data_gaussian

replication: (149)th 


1 th thresholding


cutoff =

    0.5659


0 entries survived 
All entries dead. Re-initializing...
is_stop =

  logical

   0


final_iter =

     1


2 th thresholding


cutoff =

    0.5659


0 entries survived 
All entries dead. Re-initializing...
is_stop =

  logical

   1


final_iter =

     2


 final iteration = 2 
acc_dict = 

  Map with properties:

        Count: 3
      KeyType: double
    ValueType: double


ans =

  1x3 cell array

    {[0.5600]}    {[0.5600]}    {[0.5600]}


ans =

  1x3 cell array

    {'1,1,1,1,1,1,2,2...'}    {'1,1,1,1,1,1,2,2...'}    {'1,1,1,1,1,1,2,2...'}


database_subtable =

  3x24 table

    rep    iter    sep    dim     rho    sparsity    stop_og    stop_sdp    stop_loop    acc     obj_prim    obj_dual    obj_original    true_pos    false_pos    false_neg    diff_x_tilde_fro    diff_x_tilde_op    diff_x_tilde_ellone    time_est    time_SDP          jobdate           survived_indices                                                                                                                                                                                                       cluster_est                                                                                                                                                                                                   
    ___    ____    ___    ____    ___    ________    _______    ________    _________    ____    ________    ________    ____________    ________    _________    _________    ________________    _______________    ___________________    ________    ________    ____________________    ________________    _________________________________________________________________________________________________________________________________________________________________________________________________________________________________________________________________________________________________________________________________________________________________________________________________________________

    149     0       4     3000     0        10        false      false        false      0.56       0           0             0             0            0            0               0                   0                    0                    0       0        11-Sep-2024 01:38:48           ""           "1,1,1,1,1,1,2,2,1,1,2,2,2,1,1,1,1,1,2,2,2,1,2,2,2,1,2,1,2,1,2,1,1,1,1,1,1,1,1,1,1,2,1,1,1,1,1,1,2,2,2,2,1,2,2,1,2,1,2,1,2,1,1,1,1,1,2,1,1,2,1,1,1,2,2,2,2,1,1,1,2,2,1,2,1,2,2,2,2,2,1,2,2,1,1,2,1,2,2,2,1,2,2,2,2,2,1,2,1,2,2,1,2,2,2,2,2,2,2,1,1,2,2,1,1,1,2,2,1,2,1,2,1,1,2,1,2,2,1,2,2,1,1,1,1,2,2,2,2,1,1,1,2,2,2,2,2,1,1,1,2,2,1,1,1,2,1,2,2,1,2,2,2,1,1,1,2,1,2,1,1,1,2,2,1,2,2,1,2,1,2,1,2,1,1,2,2,2,1,2"
    149     1       4     3000     0        10        false      false        false      0.56       0           0             0             0            0           10               0                   0                    0             0.025333       0        11-Sep-2024 01:38:48           ""           "1,1,1,1,1,1,2,2,1,1,2,2,2,1,1,1,1,1,2,2,2,1,2,2,2,1,2,1,2,1,2,1,1,1,1,1,1,1,1,1,1,2,1,1,1,1,1,1,2,2,2,2,1,2,2,1,2,1,2,1,2,1,1,1,1,1,2,1,1,2,1,1,1,2,2,2,2,1,1,1,2,2,1,2,1,2,2,2,2,2,1,2,2,1,1,2,1,2,2,2,1,2,2,2,2,2,1,2,1,2,2,1,2,2,2,2,2,2,2,1,1,2,2,1,1,1,2,2,1,2,1,2,1,1,2,1,2,2,1,2,2,1,1,1,1,2,2,2,2,1,1,1,2,2,2,2,2,1,1,1,2,2,1,1,1,2,1,2,2,1,2,2,2,1,1,1,2,1,2,1,1,1,2,2,1,2,2,1,2,1,2,1,2,1,1,2,2,2,1,2"
    149     2       4     3000     0        10        true       true         false      0.56       0           0             0             0            0           10               0                   0                    0             0.010992       0        11-Sep-2024 01:38:48           ""           "1,1,1,1,1,1,2,2,1,1,2,2,2,1,1,1,1,1,2,2,2,1,2,2,2,1,2,1,2,1,2,1,1,1,1,1,1,1,1,1,1,2,1,1,1,1,1,1,2,2,2,2,1,2,2,1,2,1,2,1,2,1,1,1,1,1,2,1,1,2,1,1,1,2,2,2,2,1,1,1,2,2,1,2,1,2,2,2,2,2,1,2,2,1,1,2,1,2,2,2,1,2,2,2,2,2,1,2,1,2,2,1,2,2,2,2,2,2,2,1,1,2,2,1,1,1,2,2,1,2,1,2,1,1,2,1,2,2,1,2,2,1,1,1,1,2,2,2,2,1,1,1,2,2,2,2,2,1,1,1,2,2,1,1,1,2,1,2,2,1,2,2,2,1,1,1,2,1,2,1,1,1,2,2,1,2,2,1,2,1,2,1,2,1,1,2,2,2,1,2"


blfs = 

  block_replication_for_server with properties:

          table_name: 'iso_hc'
              db_dir: '/home1/jongminm/sparse_kmeans/sparse_kmeans.db'
      data_generator: [1x1 sparse_symmetric_data_generator]
      number_cluster: 2
          n_iter_max: 100
    window_size_half: 2
         sample_size: 200
         init_method: "hc"
        cluster_true: []
             learner: []
            run_full: 0
     matrix_sparsity: 0
            data_obj: @data_gaussian

replication: (150)th 


1 th thresholding


cutoff =

    0.5708


1 entries survived 
solving SDP...  breakyes = 1.0,  maxresidual < 1.00e-04  breakyes=1.0,  maxresidual < 1.00e-06took 5.222165s, relaxed dual: -0.791889, original: 151.009660 

is_stop =

  logical

   0


final_iter =

     1


2 th thresholding


cutoff =

    0.5664


1 entries survived 
solving SDP...  breakyes = 1.0,  maxresidual < 1.00e-04  breakyes=1.0,  maxresidual < 1.00e-06took 3.366684s, relaxed dual: -0.276616, original: 151.009660 

is_stop =

  logical

   0


final_iter =

     1


3 th thresholding


cutoff =

    0.5664


1 entries survived 
solving SDP...  breakyes = 1.0,  maxresidual < 1.00e-04  breakyes=1.0,  maxresidual < 1.00e-06took 3.269103s, relaxed dual: -0.276616, original: 151.009660 

is_stop =

  logical

   1


final_iter =

     3


 final iteration = 3 
acc_dict = 

  Map with properties:

        Count: 4
      KeyType: double
    ValueType: double


ans =

  1x4 cell array

    {[0.5350]}    {[0.5100]}    {[0.5100]}    {[0.5100]}


ans =

  1x4 cell array

  Columns 1 through 3

    {'2,2,1,1,1,2,2,...'}    {'1,1,1,2,2,2,2,...'}    {'1,1,1,2,2,2,2,...'}

  Column 4

    {'1,1,1,2,2,2,2,...'}


database_subtable =

  4x24 table

    rep    iter    sep    dim     rho    sparsity    stop_og    stop_sdp    stop_loop     acc     obj_prim    obj_dual    obj_original    true_pos    false_pos    false_neg    diff_x_tilde_fro    diff_x_tilde_op    diff_x_tilde_ellone    time_est    time_SDP          jobdate           survived_indices                                                                                                                                                                                                       cluster_est                                                                                                                                                                                                   
    ___    ____    ___    ____    ___    ________    _______    ________    _________    _____    ________    ________    ____________    ________    _________    _________    ________________    _______________    ___________________    ________    ________    ____________________    ________________    _________________________________________________________________________________________________________________________________________________________________________________________________________________________________________________________________________________________________________________________________________________________________________________________________________________

    150     0       4     3000     0        10        false      false        false      0.535           0           0            0          0            0            0               0                   0                    0                    0          0     11-Sep-2024 01:39:31         ""             "2,2,1,1,1,2,2,2,1,1,2,2,2,2,2,2,1,2,1,2,1,2,1,1,2,1,2,1,1,1,1,2,2,2,2,2,2,2,1,2,2,2,1,2,2,2,2,2,2,2,1,1,1,2,2,2,2,2,2,1,2,1,2,2,2,2,2,1,2,1,1,2,1,1,2,2,2,1,2,1,2,1,1,1,2,2,1,2,1,2,1,2,1,1,1,2,1,2,1,2,2,2,1,2,2,1,2,1,2,1,2,1,2,1,2,1,2,2,2,2,2,1,1,1,1,1,1,2,2,2,2,2,1,2,2,2,1,2,1,1,1,2,2,2,2,1,1,2,1,1,1,1,1,1,2,2,2,1,1,2,2,1,2,2,1,2,1,2,1,2,2,1,1,2,2,2,2,1,1,1,2,1,1,1,2,1,1,1,1,2,1,2,2,1,1,2,2,2,2,2"
    150     1       4     3000     0        10        false      false        false       0.51    -0.79189    -0.79189       151.01          0            1           10               0                   0                    0             0.011601     5.2222     11-Sep-2024 01:39:31         "2581"         "1,1,1,2,2,2,2,2,2,2,2,1,2,2,1,1,1,1,1,1,2,2,1,1,2,1,2,2,2,2,2,1,1,1,1,2,2,1,2,2,2,2,1,2,2,1,2,2,1,2,1,1,2,2,2,2,1,1,2,2,1,2,1,2,2,1,1,2,1,1,1,2,1,1,1,2,1,1,2,1,2,1,2,2,1,2,1,2,1,2,1,2,1,1,2,2,2,2,1,1,2,1,1,1,1,1,2,1,2,1,1,2,1,1,2,1,2,2,2,2,1,2,1,1,2,2,2,1,2,2,2,1,1,2,2,2,1,2,1,2,2,1,2,1,2,1,2,2,2,1,2,1,1,1,2,2,2,2,1,1,1,1,2,2,1,2,2,1,1,1,1,2,2,2,1,1,2,2,2,2,2,1,1,1,2,1,1,1,1,2,1,2,2,1,1,2,2,1,1,2"
    150     2       4     3000     0        10        true       false        false       0.51    -0.27662    -0.27662       151.01          0            1           10               0                   0                    0             0.007235     3.3667     11-Sep-2024 01:39:31         "2581"         "1,1,1,2,2,2,2,2,2,2,2,1,2,2,1,1,1,1,1,1,2,2,1,1,2,1,2,2,2,2,2,1,1,1,1,2,2,1,2,2,2,2,1,2,2,1,2,2,1,2,1,1,2,2,2,2,1,1,2,2,1,2,1,2,2,1,1,2,1,1,1,2,1,1,1,2,1,1,2,1,2,1,2,2,1,2,1,2,1,2,1,2,1,1,2,2,2,2,1,1,2,1,1,1,1,1,2,1,2,1,1,2,1,1,2,1,2,2,2,2,1,2,1,1,2,2,2,1,2,2,2,1,1,2,2,2,1,2,1,2,2,1,2,1,2,1,2,2,2,1,2,1,1,1,2,2,2,2,1,1,1,1,2,2,1,2,2,1,1,1,1,2,2,2,1,1,2,2,2,2,2,1,1,1,2,1,1,1,1,2,1,2,2,1,1,2,2,1,1,2"
    150     3       4     3000     0        10        false      true         false       0.51    -0.27662    -0.27662       151.01          0            1           10               0                   0                    0             0.016091     3.2691     11-Sep-2024 01:39:31         "2581"         "1,1,1,2,2,2,2,2,2,2,2,1,2,2,1,1,1,1,1,1,2,2,1,1,2,1,2,2,2,2,2,1,1,1,1,2,2,1,2,2,2,2,1,2,2,1,2,2,1,2,1,1,2,2,2,2,1,1,2,2,1,2,1,2,2,1,1,2,1,1,1,2,1,1,1,2,1,1,2,1,2,1,2,2,1,2,1,2,1,2,1,2,1,1,2,2,2,2,1,1,2,1,1,1,1,1,2,1,2,1,1,2,1,1,2,1,2,2,2,2,1,2,1,1,2,2,2,1,2,2,2,1,1,2,2,2,1,2,1,2,2,1,2,1,2,1,2,2,2,1,2,1,1,1,2,2,2,2,1,1,1,1,2,2,1,2,2,1,1,1,1,2,2,2,1,1,2,2,2,2,2,1,1,1,2,1,1,1,1,2,1,2,2,1,1,2,2,1,1,2"


blfs = 

  block_replication_for_server with properties:

          table_name: 'iso_hc'
              db_dir: '/home1/jongminm/sparse_kmeans/sparse_kmeans.db'
      data_generator: [1x1 sparse_symmetric_data_generator]
      number_cluster: 2
          n_iter_max: 100
    window_size_half: 2
         sample_size: 200
         init_method: "hc"
        cluster_true: []
             learner: []
            run_full: 0
     matrix_sparsity: 0
            data_obj: @data_gaussian

replication: (151)th 


1 th thresholding


cutoff =

    0.5688


0 entries survived 
All entries dead. Re-initializing...
is_stop =

  logical

   0


final_iter =

     1


2 th thresholding


cutoff =

    0.5688


0 entries survived 
All entries dead. Re-initializing...
is_stop =

  logical

   1


final_iter =

     2


 final iteration = 2 
acc_dict = 

  Map with properties:

        Count: 3
      KeyType: double
    ValueType: double


ans =

  1x3 cell array

    {[0.5100]}    {[0.5100]}    {[0.5100]}


ans =

  1x3 cell array

    {'1,1,2,1,2,2,2,1...'}    {'1,1,2,1,2,2,2,1...'}    {'1,1,2,1,2,2,2,1...'}


database_subtable =

  3x24 table

    rep    iter    sep    dim     rho    sparsity    stop_og    stop_sdp    stop_loop    acc     obj_prim    obj_dual    obj_original    true_pos    false_pos    false_neg    diff_x_tilde_fro    diff_x_tilde_op    diff_x_tilde_ellone    time_est    time_SDP          jobdate           survived_indices                                                                                                                                                                                                       cluster_est                                                                                                                                                                                                   
    ___    ____    ___    ____    ___    ________    _______    ________    _________    ____    ________    ________    ____________    ________    _________    _________    ________________    _______________    ___________________    ________    ________    ____________________    ________________    _________________________________________________________________________________________________________________________________________________________________________________________________________________________________________________________________________________________________________________________________________________________________________________________________________________

    151     0       4     3000     0        10        false      false        false      0.51       0           0             0             0            0            0               0                   0                    0                    0       0        11-Sep-2024 01:40:08           ""           "1,1,2,1,2,2,2,1,1,1,2,2,2,2,2,1,1,2,2,1,2,1,1,2,1,1,1,2,1,1,1,1,2,2,1,2,2,1,1,1,1,2,2,1,1,2,1,2,2,1,2,1,1,2,1,2,1,1,2,2,2,2,1,1,2,1,2,2,2,2,2,2,2,2,1,1,1,1,2,2,2,1,1,2,2,2,2,2,2,1,2,2,1,2,1,2,1,2,1,2,2,2,1,1,2,1,1,2,2,2,1,2,1,2,1,2,1,2,2,2,2,1,2,2,2,1,2,2,2,2,2,2,2,2,1,1,2,2,1,1,2,1,2,1,1,1,1,2,1,1,1,2,1,1,2,2,1,2,2,1,1,2,2,2,2,1,2,2,1,1,2,1,1,2,2,2,2,1,2,2,2,1,2,1,1,1,1,2,1,2,1,1,1,2,2,2,2,1,2,1"
    151     1       4     3000     0        10        false      false        false      0.51       0           0             0             0            0           10               0                   0                    0             0.006827       0        11-Sep-2024 01:40:08           ""           "1,1,2,1,2,2,2,1,1,1,2,2,2,2,2,1,1,2,2,1,2,1,1,2,1,1,1,2,1,1,1,1,2,2,1,2,2,1,1,1,1,2,2,1,1,2,1,2,2,1,2,1,1,2,1,2,1,1,2,2,2,2,1,1,2,1,2,2,2,2,2,2,2,2,1,1,1,1,2,2,2,1,1,2,2,2,2,2,2,1,2,2,1,2,1,2,1,2,1,2,2,2,1,1,2,1,1,2,2,2,1,2,1,2,1,2,1,2,2,2,2,1,2,2,2,1,2,2,2,2,2,2,2,2,1,1,2,2,1,1,2,1,2,1,1,1,1,2,1,1,1,2,1,1,2,2,1,2,2,1,1,2,2,2,2,1,2,2,1,1,2,1,1,2,2,2,2,1,2,2,2,1,2,1,1,1,1,2,1,2,1,1,1,2,2,2,2,1,2,1"
    151     2       4     3000     0        10        true       true         false      0.51       0           0             0             0            0           10               0                   0                    0             0.002668       0        11-Sep-2024 01:40:08           ""           "1,1,2,1,2,2,2,1,1,1,2,2,2,2,2,1,1,2,2,1,2,1,1,2,1,1,1,2,1,1,1,1,2,2,1,2,2,1,1,1,1,2,2,1,1,2,1,2,2,1,2,1,1,2,1,2,1,1,2,2,2,2,1,1,2,1,2,2,2,2,2,2,2,2,1,1,1,1,2,2,2,1,1,2,2,2,2,2,2,1,2,2,1,2,1,2,1,2,1,2,2,2,1,1,2,1,1,2,2,2,1,2,1,2,1,2,1,2,2,2,2,1,2,2,2,1,2,2,2,2,2,2,2,2,1,1,2,2,1,1,2,1,2,1,1,1,1,2,1,1,1,2,1,1,2,2,1,2,2,1,1,2,2,2,2,1,2,2,1,1,2,1,1,2,2,2,2,1,2,2,2,1,2,1,1,1,1,2,1,2,1,1,1,2,2,2,2,1,2,1"


blfs = 

  block_replication_for_server with properties:

          table_name: 'iso_hc'
              db_dir: '/home1/jongminm/sparse_kmeans/sparse_kmeans.db'
      data_generator: [1x1 sparse_symmetric_data_generator]
      number_cluster: 2
          n_iter_max: 100
    window_size_half: 2
         sample_size: 200
         init_method: "hc"
        cluster_true: []
             learner: []
            run_full: 0
     matrix_sparsity: 0
            data_obj: @data_gaussian

replication: (152)th 


1 th thresholding


cutoff =

    0.6373


1 entries survived 
solving SDP...  breakyes = 1.0,  maxresidual < 1.00e-04  breakyes=1.3,  maxresidual < 1.00e-06took 16.590292s, relaxed dual: -0.759799, original: 142.934141 

is_stop =

  logical

   0


final_iter =

     1


2 th thresholding


cutoff =

    0.5673


1 entries survived 
solving SDP...  breakyes = 1.0,  maxresidual < 1.00e-04  breakyes=1.3,  maxresidual < 1.00e-06took 9.161702s, relaxed dual: -0.299336, original: 142.860195 

is_stop =

  logical

   0


final_iter =

     1


3 th thresholding


cutoff =

    0.5669


1 entries survived 
solving SDP...  breakyes = 1.0,  maxresidual < 1.00e-04  breakyes=1.3,  maxresidual < 1.00e-06took 8.304278s, relaxed dual: -0.299613, original: 142.860195 

is_stop =

  logical

   1


final_iter =

     3


 final iteration = 3 
acc_dict = 

  Map with properties:

        Count: 4
      KeyType: double
    ValueType: double


ans =

  1x4 cell array

    {[0.6000]}    {[0.5250]}    {[0.5300]}    {[0.5300]}


ans =

  1x4 cell array

  Columns 1 through 3

    {'2,2,2,1,1,2,2,...'}    {'1,2,1,1,1,1,2,...'}    {'2,1,2,2,2,2,1,...'}

  Column 4

    {'2,1,2,2,2,2,1,...'}


database_subtable =

  4x24 table

    rep    iter    sep    dim     rho    sparsity    stop_og    stop_sdp    stop_loop     acc     obj_prim    obj_dual    obj_original    true_pos    false_pos    false_neg    diff_x_tilde_fro    diff_x_tilde_op    diff_x_tilde_ellone    time_est    time_SDP          jobdate           survived_indices                                                                                                                                                                                                       cluster_est                                                                                                                                                                                                   
    ___    ____    ___    ____    ___    ________    _______    ________    _________    _____    ________    ________    ____________    ________    _________    _________    ________________    _______________    ___________________    ________    ________    ____________________    ________________    _________________________________________________________________________________________________________________________________________________________________________________________________________________________________________________________________________________________________________________________________________________________________________________________________________________

    152     0       4     3000     0        10        false      false        false        0.6           0           0            0          0            0            0               0                   0                    0                    0          0     11-Sep-2024 01:41:02         ""             "2,2,2,1,1,2,2,2,2,2,2,2,2,2,1,1,1,2,2,2,1,2,2,1,1,1,2,2,2,2,1,2,1,2,1,1,1,1,2,2,2,1,2,1,1,2,1,2,1,2,1,1,1,2,2,1,2,2,2,1,2,2,2,2,2,1,2,2,2,1,2,2,2,2,2,2,2,1,2,1,1,2,2,2,2,1,1,1,2,2,2,2,2,2,2,2,1,1,1,1,2,2,2,2,2,2,1,2,1,2,1,2,1,2,2,1,2,2,2,1,2,2,2,2,2,2,2,2,2,2,1,2,2,2,2,2,2,2,2,2,2,2,1,1,2,2,2,2,2,2,2,1,2,2,2,2,2,2,1,2,2,2,1,2,2,1,2,2,2,1,2,2,1,2,2,2,2,2,2,2,2,2,2,2,2,2,2,2,2,2,2,2,2,2,2,2,1,1,2,2"
    152     1       4     3000     0        10        false      false        false      0.525     -0.7598     -0.7598       142.93          0            1           10               0                   0                    0             0.001837      16.59     11-Sep-2024 01:41:02         "2451"         "1,2,1,1,1,1,2,2,1,2,1,1,2,2,1,1,1,1,2,1,1,1,2,1,1,2,1,2,2,1,1,1,1,2,1,2,1,1,2,2,1,1,2,1,1,2,1,1,2,2,2,1,1,2,1,2,2,1,1,1,2,2,1,2,1,1,1,2,2,1,1,2,2,2,2,2,2,1,1,1,2,2,1,2,2,1,1,1,1,1,2,2,1,2,1,1,2,2,1,2,2,1,1,1,2,2,1,2,1,1,2,1,1,2,1,1,2,1,2,1,2,2,2,2,2,2,2,2,2,2,1,2,2,2,2,2,1,2,1,1,2,2,1,1,2,2,1,1,2,2,2,1,2,1,1,2,1,2,1,1,2,2,1,1,2,2,1,1,2,1,1,1,1,2,1,1,1,2,1,1,2,1,1,1,1,2,1,1,1,2,2,2,1,2,1,2,1,1,2,1"
    152     2       4     3000     0        10        true       false        false       0.53    -0.29934    -0.29934       142.86          0            1           10               0                   0                    0             0.004255     9.1617     11-Sep-2024 01:41:02         "2451"         "2,1,2,2,2,2,1,1,2,1,2,2,1,1,2,2,2,2,1,2,2,2,1,2,2,1,2,1,1,2,2,2,2,1,2,1,2,2,1,1,2,2,1,2,2,1,2,2,1,1,1,2,2,1,2,1,1,2,2,2,1,1,2,1,2,2,2,1,1,2,2,1,1,1,1,1,1,2,2,2,1,1,2,1,1,2,2,2,2,2,1,1,2,1,2,2,1,1,2,1,1,2,2,2,1,1,2,1,2,2,1,2,2,1,2,2,1,2,1,2,1,1,1,1,1,1,1,1,1,1,2,1,1,1,1,1,2,1,2,2,1,1,2,2,1,1,2,2,1,1,1,2,1,2,2,1,2,1,2,2,1,1,2,2,1,1,2,2,1,2,2,2,2,1,2,2,1,1,2,2,1,2,2,2,2,1,2,2,2,1,1,1,2,1,2,1,2,2,1,2"
    152     3       4     3000     0        10        false      true         false       0.53    -0.29961    -0.29961       142.86          0            1           10               0                   0                    0             0.002761     8.3043     11-Sep-2024 01:41:02         "2451"         "2,1,2,2,2,2,1,1,2,1,2,2,1,1,2,2,2,2,1,2,2,2,1,2,2,1,2,1,1,2,2,2,2,1,2,1,2,2,1,1,2,2,1,2,2,1,2,2,1,1,1,2,2,1,2,1,1,2,2,2,1,1,2,1,2,2,2,1,1,2,2,1,1,1,1,1,1,2,2,2,1,1,2,1,1,2,2,2,2,2,1,1,2,1,2,2,1,1,2,1,1,2,2,2,1,1,2,1,2,2,1,2,2,1,2,2,1,2,1,2,1,1,1,1,1,1,1,1,1,1,2,1,1,1,1,1,2,1,2,2,1,1,2,2,1,1,2,2,1,1,1,2,1,2,2,1,2,1,2,2,1,1,2,2,1,1,2,2,1,2,2,2,2,1,2,2,1,1,2,2,1,2,2,2,2,1,2,2,2,1,1,1,2,1,2,1,2,2,1,2"

