==========================================
SLURM_JOB_ID = 25534405
SLURM_JOB_NODELIST = a04-02
TMPDIR = /tmp/SLURM_25534405
==========================================
hello
Starting parallel pool (parpool) ...
Connected to the parallel pool (number of workers: 15).

pool = 

 ProcessPool with properties: 

            Connected: true
           NumWorkers: 15
                 Busy: false
              Cluster: Local
        AttachedFiles: {}
    AutoAddClientPath: true
            FileStore: [1x1 parallel.FileStore]
           ValueStore: [1x1 parallel.ValueStore]
          IdleTimeout: 30 minutes (30 minutes remaining)
          SpmdEnabled: true


dimension =

        4500


separation =

     5


sample_size =

   200


table_name =

    'iso_hc'


db_dir =

    '/home1/jongminm/sparse_kmeans/sparse_kmeans.db'


rho =

     0


full_run =

  logical

   0


blfs = 

  block_replication_for_server with properties:

          table_name: 'iso_hc'
              db_dir: '/home1/jongminm/sparse_kmeans/sparse_kmeans.db'
      data_generator: [1x1 sparse_symmetric_data_generator]
      number_cluster: 2
          n_iter_max: 100
    window_size_half: 2
         sample_size: 200
         init_method: "hc"
        cluster_true: []
             learner: []
            run_full: 0
     matrix_sparsity: 0
            data_obj: @data_gaussian

replication: (29)th 


1 th thresholding


cutoff =

    0.6299


1 entries survived 
solving SDP...  breakyes = 1.0,  maxresidual < 1.00e-04  breakyes=3.2,  dualfeasorg deteriorated too much: primfeasorg=8.15e-07,dualfeasorg=1.55e-05took 14.744431s, relaxed dual: -0.825200, original: 144.682195 

is_stop =

  logical

   0


final_iter =

     1


2 th thresholding


cutoff =

    0.5824


1 entries survived 
solving SDP...  breakyes = 1.0,  maxresidual < 1.00e-04  breakyes=1.0,  maxresidual < 1.00e-06took 13.435860s, relaxed dual: -0.337486, original: 144.682195 

is_stop =

  logical

   0


final_iter =

     1


3 th thresholding


cutoff =

    0.5824


1 entries survived 
solving SDP...  breakyes = 1.0,  maxresidual < 1.00e-04  breakyes=1.0,  maxresidual < 1.00e-06took 9.221816s, relaxed dual: -0.337486, original: 144.682195 

is_stop =

  logical

   1


final_iter =

     3


 final iteration = 3 
acc_dict = 

  Map with properties:

        Count: 4
      KeyType: double
    ValueType: double


ans =

  1x4 cell array

    {[0.5250]}    {[0.5150]}    {[0.5150]}    {[0.5150]}


ans =

  1x4 cell array

  Columns 1 through 3

    {'2,2,2,1,1,1,1,...'}    {'1,2,1,2,1,2,1,...'}    {'2,1,2,1,2,1,2,...'}

  Column 4

    {'1,2,1,2,1,2,1,...'}


database_subtable =

  4x24 table

    rep    iter    sep    dim     rho    sparsity    stop_og    stop_sdp    stop_loop     acc     obj_prim    obj_dual    obj_original    true_pos    false_pos    false_neg    diff_x_tilde_fro    diff_x_tilde_op    diff_x_tilde_ellone    time_est    time_SDP          jobdate           survived_indices                                                                                                                                                                                                       cluster_est                                                                                                                                                                                                   
    ___    ____    ___    ____    ___    ________    _______    ________    _________    _____    ________    ________    ____________    ________    _________    _________    ________________    _______________    ___________________    ________    ________    ____________________    ________________    _________________________________________________________________________________________________________________________________________________________________________________________________________________________________________________________________________________________________________________________________________________________________________________________________________________

    29      0       5     4500     0        10        false      false        false      0.525           0           0            0          0            0            0               0                   0                    0                    0          0     11-Sep-2024 13:56:37         ""             "2,2,2,1,1,1,1,2,2,1,1,1,1,2,2,2,2,2,1,1,1,1,2,2,1,2,1,2,2,2,2,1,1,1,2,2,2,2,2,1,2,1,2,1,2,2,1,1,2,2,2,1,2,2,2,2,2,2,2,2,1,2,1,1,1,2,1,2,2,2,1,2,2,2,2,2,2,2,2,2,2,1,2,1,2,2,2,2,2,2,1,2,2,2,2,2,2,2,1,2,2,2,2,2,1,1,1,1,2,2,2,2,2,2,2,2,2,1,2,2,1,2,1,2,2,2,2,2,2,1,1,2,1,2,2,2,2,2,2,2,1,2,2,2,2,2,1,2,2,2,2,2,2,2,1,2,2,1,1,2,2,1,1,2,2,2,2,2,2,2,2,1,1,2,2,2,1,1,2,1,2,2,2,2,2,2,2,1,2,2,1,2,1,2,1,2,2,1,2,1"
    29      1       5     4500     0        10        false      false        false      0.515     -0.8252     -0.8252       144.68          0            1           10               0                   0                    0              0.01838     14.744     11-Sep-2024 13:56:37         "3036"         "1,2,1,2,1,2,1,2,2,2,1,2,2,1,1,1,2,2,1,2,2,1,2,1,1,1,2,2,1,1,1,2,1,2,2,1,1,1,2,1,1,2,1,2,2,1,2,1,2,1,1,2,2,1,1,1,1,1,2,2,2,2,2,1,2,1,1,2,1,2,2,1,2,1,1,2,2,1,2,1,2,2,1,1,2,1,1,1,1,1,1,1,1,1,1,1,2,2,1,1,1,1,2,1,1,1,2,1,1,1,2,1,1,1,1,2,1,2,1,1,2,2,1,1,1,2,2,1,1,1,2,1,2,1,1,1,1,1,2,1,2,2,2,2,2,1,1,2,1,2,1,1,2,2,2,1,2,2,1,2,2,1,2,2,2,2,2,1,2,2,1,2,2,1,1,2,2,2,1,2,1,1,2,2,1,1,1,2,2,1,2,1,2,1,2,1,1,2,1,1"
    29      2       5     4500     0        10        true       false        false      0.515    -0.33749    -0.33749       144.68          0            1           10               0                   0                    0             0.010851     13.436     11-Sep-2024 13:56:37         "3036"         "2,1,2,1,2,1,2,1,1,1,2,1,1,2,2,2,1,1,2,1,1,2,1,2,2,2,1,1,2,2,2,1,2,1,1,2,2,2,1,2,2,1,2,1,1,2,1,2,1,2,2,1,1,2,2,2,2,2,1,1,1,1,1,2,1,2,2,1,2,1,1,2,1,2,2,1,1,2,1,2,1,1,2,2,1,2,2,2,2,2,2,2,2,2,2,2,1,1,2,2,2,2,1,2,2,2,1,2,2,2,1,2,2,2,2,1,2,1,2,2,1,1,2,2,2,1,1,2,2,2,1,2,1,2,2,2,2,2,1,2,1,1,1,1,1,2,2,1,2,1,2,2,1,1,1,2,1,1,2,1,1,2,1,1,1,1,1,2,1,1,2,1,1,2,2,1,1,1,2,1,2,2,1,1,2,2,2,1,1,2,1,2,1,2,1,2,2,1,2,2"
    29      3       5     4500     0        10        false      true         false      0.515    -0.33749    -0.33749       144.68          0            1           10               0                   0                    0             0.017194     9.2218     11-Sep-2024 13:56:37         "3036"         "1,2,1,2,1,2,1,2,2,2,1,2,2,1,1,1,2,2,1,2,2,1,2,1,1,1,2,2,1,1,1,2,1,2,2,1,1,1,2,1,1,2,1,2,2,1,2,1,2,1,1,2,2,1,1,1,1,1,2,2,2,2,2,1,2,1,1,2,1,2,2,1,2,1,1,2,2,1,2,1,2,2,1,1,2,1,1,1,1,1,1,1,1,1,1,1,2,2,1,1,1,1,2,1,1,1,2,1,1,1,2,1,1,1,1,2,1,2,1,1,2,2,1,1,1,2,2,1,1,1,2,1,2,1,1,1,1,1,2,1,2,2,2,2,2,1,1,2,1,2,1,1,2,2,2,1,2,2,1,2,2,1,2,2,2,2,2,1,2,2,1,2,2,1,1,2,2,2,1,2,1,1,2,2,1,1,1,2,2,1,2,1,2,1,2,1,1,2,1,1"


blfs = 

  block_replication_for_server with properties:

          table_name: 'iso_hc'
              db_dir: '/home1/jongminm/sparse_kmeans/sparse_kmeans.db'
      data_generator: [1x1 sparse_symmetric_data_generator]
      number_cluster: 2
          n_iter_max: 100
    window_size_half: 2
         sample_size: 200
         init_method: "hc"
        cluster_true: []
             learner: []
            run_full: 0
     matrix_sparsity: 0
            data_obj: @data_gaussian

replication: (30)th 


1 th thresholding


cutoff =

    0.5850


0 entries survived 
All entries dead. Re-initializing...
is_stop =

  logical

   0


final_iter =

     1


2 th thresholding


cutoff =

    0.5850


0 entries survived 
All entries dead. Re-initializing...
is_stop =

  logical

   1


final_iter =

     2


 final iteration = 2 
acc_dict = 

  Map with properties:

        Count: 3
      KeyType: double
    ValueType: double


ans =

  1x3 cell array

    {[0.5650]}    {[0.5650]}    {[0.5650]}


ans =

  1x3 cell array

    {'2,1,2,2,1,1,1,2...'}    {'2,1,2,2,1,1,1,2...'}    {'2,1,2,2,1,1,1,2...'}


database_subtable =

  3x24 table

    rep    iter    sep    dim     rho    sparsity    stop_og    stop_sdp    stop_loop     acc     obj_prim    obj_dual    obj_original    true_pos    false_pos    false_neg    diff_x_tilde_fro    diff_x_tilde_op    diff_x_tilde_ellone    time_est    time_SDP          jobdate           survived_indices                                                                                                                                                                                                       cluster_est                                                                                                                                                                                                   
    ___    ____    ___    ____    ___    ________    _______    ________    _________    _____    ________    ________    ____________    ________    _________    _________    ________________    _______________    ___________________    ________    ________    ____________________    ________________    _________________________________________________________________________________________________________________________________________________________________________________________________________________________________________________________________________________________________________________________________________________________________________________________________________________

    30      0       5     4500     0        10        false      false        false      0.565       0           0             0             0            0            0               0                   0                    0                    0       0        11-Sep-2024 13:57:05           ""           "2,1,2,2,1,1,1,2,2,1,2,2,2,1,1,2,1,2,2,1,2,1,2,2,1,2,1,2,1,2,1,1,1,2,2,2,2,1,1,1,2,2,1,2,2,2,2,1,1,1,2,2,1,2,2,1,2,2,2,1,2,2,2,1,1,1,1,2,1,1,2,2,1,2,2,2,2,2,2,2,2,2,1,1,2,2,2,2,2,1,2,2,2,2,2,2,2,2,1,2,1,2,2,2,1,2,1,2,1,1,2,2,2,1,1,2,1,2,1,2,2,1,1,1,2,1,1,1,2,2,2,2,1,2,2,1,2,2,1,2,1,2,1,1,2,2,2,1,1,2,2,2,2,1,1,2,1,1,1,1,1,2,1,2,1,2,1,2,1,1,1,2,1,1,2,2,1,2,1,1,2,2,1,1,1,2,2,2,1,1,1,1,1,2,2,2,2,2,1,2"
    30      1       5     4500     0        10        false      false        false      0.565       0           0             0             0            0           10               0                   0                    0             0.020541       0        11-Sep-2024 13:57:05           ""           "2,1,2,2,1,1,1,2,2,1,2,2,2,1,1,2,1,2,2,1,2,1,2,2,1,2,1,2,1,2,1,1,1,2,2,2,2,1,1,1,2,2,1,2,2,2,2,1,1,1,2,2,1,2,2,1,2,2,2,1,2,2,2,1,1,1,1,2,1,1,2,2,1,2,2,2,2,2,2,2,2,2,1,1,2,2,2,2,2,1,2,2,2,2,2,2,2,2,1,2,1,2,2,2,1,2,1,2,1,1,2,2,2,1,1,2,1,2,1,2,2,1,1,1,2,1,1,1,2,2,2,2,1,2,2,1,2,2,1,2,1,2,1,1,2,2,2,1,1,2,2,2,2,1,1,2,1,1,1,1,1,2,1,2,1,2,1,2,1,1,1,2,1,1,2,2,1,2,1,1,2,2,1,1,1,2,2,2,1,1,1,1,1,2,2,2,2,2,1,2"
    30      2       5     4500     0        10        true       true         false      0.565       0           0             0             0            0           10               0                   0                    0             0.015933       0        11-Sep-2024 13:57:05           ""           "2,1,2,2,1,1,1,2,2,1,2,2,2,1,1,2,1,2,2,1,2,1,2,2,1,2,1,2,1,2,1,1,1,2,2,2,2,1,1,1,2,2,1,2,2,2,2,1,1,1,2,2,1,2,2,1,2,2,2,1,2,2,2,1,1,1,1,2,1,1,2,2,1,2,2,2,2,2,2,2,2,2,1,1,2,2,2,2,2,1,2,2,2,2,2,2,2,2,1,2,1,2,2,2,1,2,1,2,1,1,2,2,2,1,1,2,1,2,1,2,2,1,1,1,2,1,1,1,2,2,2,2,1,2,2,1,2,2,1,2,1,2,1,1,2,2,2,1,1,2,2,2,2,1,1,2,1,1,1,1,1,2,1,2,1,2,1,2,1,1,1,2,1,1,2,2,1,2,1,1,2,2,1,1,1,2,2,2,1,1,1,1,1,2,2,2,2,2,1,2"


blfs = 

  block_replication_for_server with properties:

          table_name: 'iso_hc'
              db_dir: '/home1/jongminm/sparse_kmeans/sparse_kmeans.db'
      data_generator: [1x1 sparse_symmetric_data_generator]
      number_cluster: 2
          n_iter_max: 100
    window_size_half: 2
         sample_size: 200
         init_method: "hc"
        cluster_true: []
             learner: []
            run_full: 0
     matrix_sparsity: 0
            data_obj: @data_gaussian

replication: (31)th 


1 th thresholding


cutoff =

    0.5991


0 entries survived 
All entries dead. Re-initializing...
is_stop =

  logical

   0


final_iter =

     1


2 th thresholding


cutoff =

    0.5991


0 entries survived 
All entries dead. Re-initializing...
is_stop =

  logical

   1


final_iter =

     2


 final iteration = 2 
acc_dict = 

  Map with properties:

        Count: 3
      KeyType: double
    ValueType: double


ans =

  1x3 cell array

    {[0.5850]}    {[0.5850]}    {[0.5850]}


ans =

  1x3 cell array

    {'2,2,1,2,2,1,2,2...'}    {'2,2,1,2,2,1,2,2...'}    {'2,2,1,2,2,1,2,2...'}


database_subtable =

  3x24 table

    rep    iter    sep    dim     rho    sparsity    stop_og    stop_sdp    stop_loop     acc     obj_prim    obj_dual    obj_original    true_pos    false_pos    false_neg    diff_x_tilde_fro    diff_x_tilde_op    diff_x_tilde_ellone    time_est    time_SDP          jobdate           survived_indices                                                                                                                                                                                                       cluster_est                                                                                                                                                                                                   
    ___    ____    ___    ____    ___    ________    _______    ________    _________    _____    ________    ________    ____________    ________    _________    _________    ________________    _______________    ___________________    ________    ________    ____________________    ________________    _________________________________________________________________________________________________________________________________________________________________________________________________________________________________________________________________________________________________________________________________________________________________________________________________________________

    31      0       5     4500     0        10        false      false        false      0.585       0           0             0             0            0            0               0                   0                    0                    0       0        11-Sep-2024 13:57:16           ""           "2,2,1,2,2,1,2,2,2,2,2,1,2,2,2,2,2,2,1,1,2,1,2,2,2,2,2,1,1,2,1,2,2,2,2,1,2,1,1,2,1,1,1,2,2,1,2,2,2,2,2,2,2,1,2,2,2,1,2,2,2,2,2,2,2,1,2,1,2,2,2,2,2,2,1,1,2,2,2,2,1,1,1,2,2,2,2,2,2,2,2,2,2,2,1,2,1,1,1,2,2,2,2,2,1,1,2,2,1,2,2,2,2,2,1,2,1,1,1,1,2,2,2,2,2,2,1,2,2,1,1,1,2,2,2,1,1,1,1,2,1,2,2,1,2,1,2,2,1,2,2,2,2,1,2,2,2,2,1,1,1,1,1,2,2,1,1,1,2,2,1,2,2,1,2,2,1,1,2,1,2,2,1,1,1,1,1,2,1,1,2,1,2,2,1,1,1,2,2,1"
    31      1       5     4500     0        10        false      false        false      0.585       0           0             0             0            0           10               0                   0                    0             0.002544       0        11-Sep-2024 13:57:16           ""           "2,2,1,2,2,1,2,2,2,2,2,1,2,2,2,2,2,2,1,1,2,1,2,2,2,2,2,1,1,2,1,2,2,2,2,1,2,1,1,2,1,1,1,2,2,1,2,2,2,2,2,2,2,1,2,2,2,1,2,2,2,2,2,2,2,1,2,1,2,2,2,2,2,2,1,1,2,2,2,2,1,1,1,2,2,2,2,2,2,2,2,2,2,2,1,2,1,1,1,2,2,2,2,2,1,1,2,2,1,2,2,2,2,2,1,2,1,1,1,1,2,2,2,2,2,2,1,2,2,1,1,1,2,2,2,1,1,1,1,2,1,2,2,1,2,1,2,2,1,2,2,2,2,1,2,2,2,2,1,1,1,1,1,2,2,1,1,1,2,2,1,2,2,1,2,2,1,1,2,1,2,2,1,1,1,1,1,2,1,1,2,1,2,2,1,1,1,2,2,1"
    31      2       5     4500     0        10        true       true         false      0.585       0           0             0             0            0           10               0                   0                    0             0.002329       0        11-Sep-2024 13:57:16           ""           "2,2,1,2,2,1,2,2,2,2,2,1,2,2,2,2,2,2,1,1,2,1,2,2,2,2,2,1,1,2,1,2,2,2,2,1,2,1,1,2,1,1,1,2,2,1,2,2,2,2,2,2,2,1,2,2,2,1,2,2,2,2,2,2,2,1,2,1,2,2,2,2,2,2,1,1,2,2,2,2,1,1,1,2,2,2,2,2,2,2,2,2,2,2,1,2,1,1,1,2,2,2,2,2,1,1,2,2,1,2,2,2,2,2,1,2,1,1,1,1,2,2,2,2,2,2,1,2,2,1,1,1,2,2,2,1,1,1,1,2,1,2,2,1,2,1,2,2,1,2,2,2,2,1,2,2,2,2,1,1,1,1,1,2,2,1,1,1,2,2,1,2,2,1,2,2,1,1,2,1,2,2,1,1,1,1,1,2,1,1,2,1,2,2,1,1,1,2,2,1"


blfs = 

  block_replication_for_server with properties:

          table_name: 'iso_hc'
              db_dir: '/home1/jongminm/sparse_kmeans/sparse_kmeans.db'
      data_generator: [1x1 sparse_symmetric_data_generator]
      number_cluster: 2
          n_iter_max: 100
    window_size_half: 2
         sample_size: 200
         init_method: "hc"
        cluster_true: []
             learner: []
            run_full: 0
     matrix_sparsity: 0
            data_obj: @data_gaussian

replication: (32)th 


1 th thresholding


cutoff =

    0.5819


0 entries survived 
All entries dead. Re-initializing...
is_stop =

  logical

   0


final_iter =

     1


2 th thresholding


cutoff =

    0.5819


0 entries survived 
All entries dead. Re-initializing...
is_stop =

  logical

   1


final_iter =

     2


 final iteration = 2 
acc_dict = 

  Map with properties:

        Count: 3
      KeyType: double
    ValueType: double


ans =

  1x3 cell array

    {[0.5800]}    {[0.5800]}    {[0.5800]}


ans =

  1x3 cell array

    {'1,2,1,2,2,2,1,1...'}    {'1,2,1,2,2,2,1,1...'}    {'1,2,1,2,2,2,1,1...'}


database_subtable =

  3x24 table

    rep    iter    sep    dim     rho    sparsity    stop_og    stop_sdp    stop_loop    acc     obj_prim    obj_dual    obj_original    true_pos    false_pos    false_neg    diff_x_tilde_fro    diff_x_tilde_op    diff_x_tilde_ellone    time_est    time_SDP          jobdate           survived_indices                                                                                                                                                                                                       cluster_est                                                                                                                                                                                                   
    ___    ____    ___    ____    ___    ________    _______    ________    _________    ____    ________    ________    ____________    ________    _________    _________    ________________    _______________    ___________________    ________    ________    ____________________    ________________    _________________________________________________________________________________________________________________________________________________________________________________________________________________________________________________________________________________________________________________________________________________________________________________________________________________

    32      0       5     4500     0        10        false      false        false      0.58       0           0             0             0            0            0               0                   0                    0                    0       0        11-Sep-2024 13:57:32           ""           "1,2,1,2,2,2,1,1,1,2,1,2,1,1,2,2,1,2,2,1,2,2,2,1,2,1,2,2,1,1,1,2,1,2,2,2,2,2,1,1,2,2,1,2,1,2,2,1,1,1,1,1,2,1,1,1,1,1,1,2,2,2,1,1,1,1,1,1,1,1,2,1,1,1,2,2,1,2,2,2,2,1,1,1,1,2,1,1,2,2,2,1,1,2,2,1,2,2,1,1,2,1,1,1,1,1,2,1,2,2,2,1,2,2,2,2,2,2,1,2,1,2,1,1,1,2,1,2,2,2,2,2,1,1,2,2,2,2,1,2,2,2,2,1,2,1,1,1,2,2,1,2,1,2,2,2,2,2,2,2,2,2,2,2,2,1,2,2,1,2,1,2,2,2,2,1,1,2,1,2,1,2,2,1,2,2,1,1,2,1,1,1,2,2,1,2,2,1,1,2"
    32      1       5     4500     0        10        false      false        false      0.58       0           0             0             0            0           10               0                   0                    0             0.004367       0        11-Sep-2024 13:57:32           ""           "1,2,1,2,2,2,1,1,1,2,1,2,1,1,2,2,1,2,2,1,2,2,2,1,2,1,2,2,1,1,1,2,1,2,2,2,2,2,1,1,2,2,1,2,1,2,2,1,1,1,1,1,2,1,1,1,1,1,1,2,2,2,1,1,1,1,1,1,1,1,2,1,1,1,2,2,1,2,2,2,2,1,1,1,1,2,1,1,2,2,2,1,1,2,2,1,2,2,1,1,2,1,1,1,1,1,2,1,2,2,2,1,2,2,2,2,2,2,1,2,1,2,1,1,1,2,1,2,2,2,2,2,1,1,2,2,2,2,1,2,2,2,2,1,2,1,1,1,2,2,1,2,1,2,2,2,2,2,2,2,2,2,2,2,2,1,2,2,1,2,1,2,2,2,2,1,1,2,1,2,1,2,2,1,2,2,1,1,2,1,1,1,2,2,1,2,2,1,1,2"
    32      2       5     4500     0        10        true       true         false      0.58       0           0             0             0            0           10               0                   0                    0             0.004154       0        11-Sep-2024 13:57:32           ""           "1,2,1,2,2,2,1,1,1,2,1,2,1,1,2,2,1,2,2,1,2,2,2,1,2,1,2,2,1,1,1,2,1,2,2,2,2,2,1,1,2,2,1,2,1,2,2,1,1,1,1,1,2,1,1,1,1,1,1,2,2,2,1,1,1,1,1,1,1,1,2,1,1,1,2,2,1,2,2,2,2,1,1,1,1,2,1,1,2,2,2,1,1,2,2,1,2,2,1,1,2,1,1,1,1,1,2,1,2,2,2,1,2,2,2,2,2,2,1,2,1,2,1,1,1,2,1,2,2,2,2,2,1,1,2,2,2,2,1,2,2,2,2,1,2,1,1,1,2,2,1,2,1,2,2,2,2,2,2,2,2,2,2,2,2,1,2,2,1,2,1,2,2,2,2,1,1,2,1,2,1,2,2,1,2,2,1,1,2,1,1,1,2,2,1,2,2,1,1,2"

