==========================================
SLURM_JOB_ID = 25522740
SLURM_JOB_NODELIST = a04-09
TMPDIR = /tmp/SLURM_25522740
==========================================
hello
Starting parallel pool (parpool) ...
Connected to the parallel pool (number of workers: 15).

pool = 

 ProcessPool with properties: 

            Connected: true
           NumWorkers: 15
                 Busy: false
              Cluster: Local
        AttachedFiles: {}
    AutoAddClientPath: true
            FileStore: [1x1 parallel.FileStore]
           ValueStore: [1x1 parallel.ValueStore]
          IdleTimeout: 30 minutes (30 minutes remaining)
          SpmdEnabled: true


dimension =

        1500


separation =

     4


sample_size =

   200


table_name =

    'iso_hc'


db_dir =

    '/home1/jongminm/sparse_kmeans/sparse_kmeans.db'


rho =

     0


full_run =

  logical

   0


blfs = 

  block_replication_for_server with properties:

          table_name: 'iso_hc'
              db_dir: '/home1/jongminm/sparse_kmeans/sparse_kmeans.db'
      data_generator: [1x1 sparse_symmetric_data_generator]
      number_cluster: 2
          n_iter_max: 100
    window_size_half: 2
         sample_size: 200
         init_method: "hc"
        cluster_true: []
             learner: []
            run_full: 0
     matrix_sparsity: 0
            data_obj: @data_gaussian

replication: (101)th 


1 th thresholding


cutoff =

    0.5991


6 entries survived 
solving SDP...  breakyes = 1.0,  maxresidual < 1.00e-04  breakyes=1.0,  maxresidual < 1.00e-06took 13.743252s, relaxed dual: -4.023623, original: 369.194151 

is_stop =

  logical

   0


final_iter =

     1


2 th thresholding


cutoff =

    0.5415


10 entries survived 
solving SDP...  breakyes = 1.0,  maxresidual < 1.00e-04  breakyes=1.4,  maxresidual < 1.00e-06took 7.207562s, relaxed dual: -6.906966, original: 776.228105 

is_stop =

  logical

   0


final_iter =

     1


3 th thresholding


cutoff =

    0.5413


11 entries survived 
solving SDP...  breakyes = 1.0,  maxresidual < 1.00e-04  breakyes=2.0,  primfeasorg*dualfeasorg < 1.00e-14took 10.248198s, relaxed dual: -4.302620, original: 801.513400 

is_stop =

  logical

   0


final_iter =

     1


4 th thresholding


cutoff =

    0.5409


11 entries survived 
solving SDP...  breakyes = 1.0,  maxresidual < 1.00e-04  breakyes=1.4,  maxresidual < 1.00e-06took 4.493717s, relaxed dual: -4.095872, original: 798.105043 

is_stop =

  logical

   0


final_iter =

     1


5 th thresholding


cutoff =

    0.5409


11 entries survived 
solving SDP...  breakyes = 1.0,  maxresidual < 1.00e-04  breakyes=1.4,  maxresidual < 1.00e-06took 5.149329s, relaxed dual: -4.156779, original: 801.513400 

is_stop =

  logical

   0


final_iter =

     1


6 th thresholding


cutoff =

    0.5409


11 entries survived 
solving SDP...  breakyes = 1.0,  maxresidual < 1.00e-04  breakyes=1.4,  maxresidual < 1.00e-06took 4.609027s, relaxed dual: -4.095872, original: 798.105043 

change =

   -0.6863
   -0.0505
         0
   -0.0149
         0


change =

    0.0274
    0.0043
         0
    0.0043
         0


is_stop =

  logical

   1


final_iter =

     4


 final iteration = 4 
acc_dict = 

  Map with properties:

        Count: 5
      KeyType: double
    ValueType: double


ans =

  1x5 cell array

    {[0.6350]}    {[0.9150]}    {[0.9700]}    {[0.9900]}    {[0.9800]}


ans =

  1x5 cell array

  Columns 1 through 3

    {'2,2,2,2,2,2,2,...'}    {'1,1,1,2,1,1,1,...'}    {'2,2,2,2,2,1,1,...'}

  Columns 4 through 5

    {'2,2,2,2,2,2,2,...'}    {'2,2,2,2,2,1,2,...'}


database_subtable =

  5x24 table

    rep    iter    sep    dim     rho    sparsity    stop_og    stop_sdp    stop_loop     acc     obj_prim    obj_dual    obj_original    true_pos    false_pos    false_neg    diff_x_tilde_fro    diff_x_tilde_op    diff_x_tilde_ellone    time_est    time_SDP          jobdate                survived_indices                                                                                                                                                                                                             cluster_est                                                                                                                                                                                                   
    ___    ____    ___    ____    ___    ________    _______    ________    _________    _____    ________    ________    ____________    ________    _________    _________    ________________    _______________    ___________________    ________    ________    ____________________    ___________________________    _________________________________________________________________________________________________________________________________________________________________________________________________________________________________________________________________________________________________________________________________________________________________________________________________________________

    101     0       4     1500     0        10        false      false        false      0.635          0           0             0           0           0            0               0                   0                    0                    0          0     11-Sep-2024 00:53:36    ""                             "2,2,2,2,2,2,2,2,2,1,2,2,2,2,2,2,1,1,2,2,2,2,2,2,2,2,1,2,2,1,2,2,1,2,2,2,2,2,2,2,2,2,2,2,2,2,2,2,2,2,1,2,1,2,2,2,1,2,2,2,1,2,2,2,2,2,2,2,2,2,1,2,2,2,2,2,2,2,2,1,2,1,2,2,1,2,2,1,2,2,2,2,2,2,2,2,2,2,2,2,2,2,1,2,1,2,2,2,2,1,2,2,2,2,1,2,1,2,2,1,1,1,2,2,1,2,2,2,2,2,1,2,2,2,1,2,2,2,2,1,2,2,1,2,2,1,1,1,2,2,1,1,2,1,1,1,2,1,2,1,2,1,2,2,1,1,2,1,1,2,2,2,1,2,1,2,2,1,1,2,1,2,2,1,1,1,1,2,1,2,2,1,2,1,1,2,1,2,2,2"
    101     1       4     1500     0        10        false      false        false      0.915    -4.0236     -4.0236        369.19           4           2            6               0                   0                    0             0.029115     13.743     11-Sep-2024 00:53:36    "1,5,8,9,936,951"              "1,1,1,2,1,1,1,1,1,1,1,1,1,1,1,1,2,1,1,1,1,1,1,1,1,1,1,1,1,1,1,1,1,1,1,2,1,1,1,1,1,1,1,1,1,1,1,1,1,1,1,1,1,2,1,1,1,1,1,1,1,1,1,1,1,1,1,1,1,1,1,1,1,1,1,1,1,1,1,1,1,2,1,1,1,1,1,1,1,1,2,1,1,1,1,1,1,1,1,1,2,1,2,2,2,1,2,1,2,2,2,2,2,2,2,2,2,2,2,2,2,2,2,2,2,2,1,1,2,2,2,2,2,2,2,2,2,1,2,2,2,2,2,2,2,2,2,2,2,2,2,2,2,2,2,2,2,1,2,2,1,2,2,2,2,1,2,2,2,2,2,2,2,2,2,2,1,2,2,2,2,2,1,2,2,2,2,2,2,2,2,2,2,2,2,2,2,2,2,2"
    101     2       4     1500     0        10        false      false        false       0.97     -6.907      -6.907        776.23          10           0            0               0                   0                    0               0.0049     7.2076     11-Sep-2024 00:53:36    "1,2,3,4,5,6,7,8,9,10"         "2,2,2,2,2,1,1,2,2,2,2,2,2,2,2,2,2,2,2,2,2,2,2,2,2,2,2,2,2,2,2,2,2,2,2,2,2,2,2,2,2,1,2,2,2,2,2,2,2,1,2,2,2,2,2,2,2,2,2,2,2,2,2,2,2,2,2,2,2,2,2,2,2,2,2,2,2,2,2,2,1,2,2,2,2,2,2,2,2,2,2,2,2,2,2,2,2,2,2,2,1,1,1,1,1,1,1,1,1,1,1,1,1,1,1,1,1,1,1,1,1,1,1,1,1,1,1,1,1,1,1,1,1,2,1,1,1,1,1,1,1,1,1,1,1,1,1,1,1,1,1,1,1,1,1,1,1,1,1,1,1,1,1,1,1,1,1,1,1,1,1,1,1,1,1,1,1,1,1,1,1,1,1,1,1,1,1,1,1,1,1,1,1,1,1,1,1,1,1,1"
    101     3       4     1500     0        10        false      false        false       0.99    -4.3026     -4.3026        801.51          10           1            0               0                   0                    0             0.006637     10.248     11-Sep-2024 00:53:36    "1,2,3,4,5,6,7,8,9,10,1292"    "2,2,2,2,2,2,2,2,2,2,2,2,2,2,2,2,2,2,2,2,2,2,2,2,2,2,2,2,2,2,2,2,2,2,2,2,2,2,2,2,2,2,2,2,2,2,2,2,2,2,2,2,2,1,2,2,2,2,2,2,2,2,2,2,2,2,2,2,2,2,2,2,2,2,2,2,2,2,2,2,2,2,2,2,2,2,2,2,2,2,2,2,2,2,2,2,2,2,2,2,1,1,1,1,1,1,1,1,1,1,1,1,1,1,1,1,1,1,1,1,1,1,1,1,1,1,1,1,1,1,1,1,1,1,1,1,1,1,1,1,1,1,1,1,1,1,1,1,1,1,1,1,1,1,1,1,1,2,1,1,1,1,1,1,1,1,1,1,1,1,1,1,1,1,1,1,1,1,1,1,1,1,1,1,1,1,1,1,1,1,1,1,1,1,1,1,1,1,1,1"
    101     4       4     1500     0        10        true       false        true        0.98    -4.0959     -4.0959        798.11          10           1            0               0                   0                    0             0.002848     4.4937     11-Sep-2024 00:53:36    "1,2,3,4,5,6,7,8,9,10,1292"    "2,2,2,2,2,1,2,2,2,2,2,2,2,2,2,2,2,2,2,2,2,2,2,2,2,2,2,2,2,2,2,2,2,2,2,2,2,2,2,2,2,1,2,2,2,2,2,2,2,2,2,2,2,2,2,2,2,2,2,2,2,2,2,2,2,2,2,2,2,2,2,2,2,2,2,2,2,2,2,2,2,2,2,2,2,2,2,2,2,2,2,2,2,2,2,2,2,2,2,2,1,1,1,1,1,1,1,1,1,1,1,1,1,1,1,1,1,1,1,1,1,1,1,1,1,1,1,1,1,1,1,1,1,2,1,1,1,1,1,2,1,1,1,1,1,1,1,1,1,1,1,1,1,1,1,1,1,1,1,1,1,1,1,1,1,1,1,1,1,1,1,1,1,1,1,1,1,1,1,1,1,1,1,1,1,1,1,1,1,1,1,1,1,1,1,1,1,1,1,1"


blfs = 

  block_replication_for_server with properties:

          table_name: 'iso_hc'
              db_dir: '/home1/jongminm/sparse_kmeans/sparse_kmeans.db'
      data_generator: [1x1 sparse_symmetric_data_generator]
      number_cluster: 2
          n_iter_max: 100
    window_size_half: 2
         sample_size: 200
         init_method: "hc"
        cluster_true: []
             learner: []
            run_full: 0
     matrix_sparsity: 0
            data_obj: @data_gaussian

replication: (102)th 


1 th thresholding


cutoff =

    0.5751


2 entries survived 
solving SDP...  breakyes=1.4,  maxresidual < 1.00e-06took 12.553414s, relaxed dual: -1.160363, original: 169.107529 

is_stop =

  logical

   0


final_iter =

     1


2 th thresholding


cutoff =

    0.5488


2 entries survived 
solving SDP...  breakyes=3.2,  dualfeasorg deteriorated too much: primfeasorg=7.48e-07,dualfeasorg=3.58e-05took 10.098449s, relaxed dual: -0.837212, original: 144.299266 

is_stop =

  logical

   0


final_iter =

     1


3 th thresholding


cutoff =

    0.5426


2 entries survived 
solving SDP...  breakyes = 1.0,  maxresidual < 1.00e-04  breakyes=2.0,  primfeasorg*dualfeasorg < 1.00e-14took 10.632109s, relaxed dual: -1.165827, original: 170.308770 

is_stop =

  logical

   0


final_iter =

     1


4 th thresholding


cutoff =

    0.5470


2 entries survived 
solving SDP...  breakyes=3.2,  dualfeasorg deteriorated too much: primfeasorg=8.98e-07,dualfeasorg=2.13e-05took 15.411171s, relaxed dual: -0.834469, original: 144.718720 

is_stop =

  logical

   0


final_iter =

     1


5 th thresholding


cutoff =

    0.5415


2 entries survived 
solving SDP...  breakyes = 1.0,  maxresidual < 1.00e-04  breakyes=2.0,  primfeasorg*dualfeasorg < 1.00e-14took 9.450692s, relaxed dual: -1.166748, original: 170.023969 

is_stop =

  logical

   0


final_iter =

     1


6 th thresholding


cutoff =

    0.5498


2 entries survived 
solving SDP...  breakyes = 1.0,  maxresidual < 1.00e-04  breakyes=1.3,  maxresidual < 1.00e-06took 9.590397s, relaxed dual: -0.834826, original: 145.151912 

change =

   -0.0033
   -0.3971
         0
   -0.3982
   -0.0004


change =

    0.0029
    0.1768
         0
    0.1749
    0.0030


is_stop =

  logical

   0


final_iter =

     1


7 th thresholding


cutoff =

    0.5418


2 entries survived 
solving SDP...  breakyes = 1.0,  maxresidual < 1.00e-04  breakyes=2.0,  primfeasorg*dualfeasorg < 1.00e-14took 10.871661s, relaxed dual: -1.167028, original: 170.009957 

is_stop =

  logical

   0


final_iter =

     1


8 th thresholding


cutoff =

    0.5498


2 entries survived 
solving SDP...  breakyes = 1.0,  maxresidual < 1.00e-04  breakyes=1.4,  maxresidual < 1.00e-06took 5.438936s, relaxed dual: -0.835847, original: 145.463257 

is_stop =

  logical

   0


final_iter =

     1


9 th thresholding


cutoff =

    0.5410


2 entries survived 
solving SDP...  breakyes = 1.0,  maxresidual < 1.00e-04  breakyes=1.0,  maxresidual < 1.00e-06took 7.618295s, relaxed dual: -1.166739, original: 170.199828 

is_stop =

  logical

   0


final_iter =

     1


10 th thresholding


cutoff =

    0.5479


4 entries survived 
solving SDP...  breakyes=3.2,  dualfeasorg deteriorated too much: primfeasorg=1.15e-06,dualfeasorg=6.32e-05took 8.148182s, relaxed dual: -1.262838, original: 184.262468 

is_stop =

  logical

   0


final_iter =

     1


11 th thresholding


cutoff =

    0.5413


2 entries survived 
solving SDP...  breakyes=1.4,  maxresidual < 1.00e-06took 7.587713s, relaxed dual: -0.651839, original: 191.649420 

is_stop =

  logical

   0


final_iter =

     1


12 th thresholding


cutoff =

    0.5418


2 entries survived 
solving SDP...  breakyes = 1.0,  maxresidual < 1.00e-04  breakyes=1.3,  maxresidual < 1.00e-06took 7.624823s, relaxed dual: -0.605246, original: 190.754497 

is_stop =

  logical

   1


final_iter =

    12


 final iteration = 12 
acc_dict = 

  Map with properties:

        Count: 13
      KeyType: double
    ValueType: double


ans =

  1x13 cell array

  Columns 1 through 5

    {[0.5000]}    {[0.5050]}    {[0.5000]}    {[0.5050]}    {[0.5050]}

  Columns 6 through 10

    {[0.5100]}    {[0.5200]}    {[0.5100]}    {[0.5400]}    {[0.5100]}

  Columns 11 through 13

    {[0.5200]}    {[0.5100]}    {[0.5100]}


ans =

  1x13 cell array

  Columns 1 through 3

    {'1,2,1,2,2,1,1,...'}    {'1,1,2,1,1,2,1,...'}    {'1,1,1,2,1,1,1,...'}

  Columns 4 through 6

    {'1,1,2,1,1,2,1,...'}    {'1,1,1,2,1,1,1,...'}    {'1,1,2,1,1,2,1,...'}

  Columns 7 through 9

    {'1,1,1,2,2,1,1,...'}    {'2,2,1,2,2,1,2,...'}    {'2,2,2,1,1,2,2,...'}

  Columns 10 through 12

    {'1,1,2,1,1,2,1,...'}    {'1,1,2,2,2,1,1,...'}    {'2,2,1,1,1,2,2,...'}

  Column 13

    {'1,1,2,2,2,1,1,...'}


database_subtable =

  13x24 table

    rep    iter    sep    dim     rho    sparsity    stop_og    stop_sdp    stop_loop     acc     obj_prim    obj_dual    obj_original    true_pos    false_pos    false_neg    diff_x_tilde_fro    diff_x_tilde_op    diff_x_tilde_ellone    time_est    time_SDP          jobdate            survived_indices                                                                                                                                                                                                         cluster_est                                                                                                                                                                                                   
    ___    ____    ___    ____    ___    ________    _______    ________    _________    _____    ________    ________    ____________    ________    _________    _________    ________________    _______________    ___________________    ________    ________    ____________________    ___________________    _________________________________________________________________________________________________________________________________________________________________________________________________________________________________________________________________________________________________________________________________________________________________________________________________________________

    102      0      4     1500     0        10        false      false        false        0.5           0           0            0          0            0            0               0                   0                    0                    0          0     11-Sep-2024 00:55:54    ""                     "1,2,1,2,2,1,1,1,1,1,1,1,2,1,1,1,1,1,2,1,2,1,1,2,2,2,1,1,1,1,1,1,1,2,2,2,2,1,2,1,1,1,1,1,1,1,1,1,2,1,1,2,2,2,2,1,1,1,1,1,2,2,2,1,2,1,2,2,1,1,1,1,1,2,1,1,1,1,2,1,1,1,1,1,1,1,1,1,1,1,2,1,2,1,1,1,2,2,2,2,1,2,1,2,2,1,1,1,1,1,1,1,1,2,2,1,2,1,2,2,1,1,1,2,1,1,1,1,2,1,1,1,2,1,2,1,1,1,1,1,2,1,1,1,1,1,2,2,1,1,2,2,1,1,2,2,2,1,1,2,2,2,2,1,1,1,2,1,1,2,2,1,1,1,1,1,1,2,1,1,1,1,1,1,1,2,2,1,1,1,1,1,1,2,1,1,2,1,1,2"
    102      1      4     1500     0        10        false      false        false      0.505     -1.1604     -1.1604       169.11          0            2           10               0                   0                    0             0.002977     12.553     11-Sep-2024 00:55:54    "542,1122"             "1,1,2,1,1,2,1,1,2,1,2,1,1,2,2,2,2,2,1,2,1,2,1,1,1,1,1,2,1,1,2,1,2,1,1,1,1,2,2,1,1,2,1,2,2,1,1,1,1,2,2,1,1,1,1,1,2,2,1,2,1,1,2,1,2,1,1,1,1,2,2,2,2,1,1,1,2,1,1,2,1,2,1,1,1,2,1,2,2,2,1,2,2,1,1,1,1,1,2,2,2,1,2,1,1,1,2,1,1,1,2,2,1,1,1,2,1,1,2,1,1,2,2,1,2,1,2,1,1,2,1,2,1,1,2,2,2,1,2,2,1,1,1,2,1,2,1,1,2,2,1,1,1,2,1,2,2,1,1,1,1,1,1,1,2,2,2,2,1,2,1,2,1,2,1,1,1,1,1,1,2,1,1,2,2,2,1,1,2,2,1,1,2,2,2,1,1,1,2,1"
    102      2      4     1500     0        10        false      false        false        0.5    -0.83721    -0.83721        144.3          0            2           10               0                   0                    0             0.001517     10.098     11-Sep-2024 00:55:54    "542,1122"             "1,1,1,2,1,1,1,2,2,1,2,2,1,1,2,2,1,1,2,2,2,1,2,1,1,1,1,1,2,2,2,2,1,2,2,1,2,1,2,2,2,1,2,2,1,1,2,2,1,1,2,2,2,1,1,1,1,2,2,2,2,2,1,2,1,2,2,1,2,1,2,1,2,1,2,1,1,2,2,2,2,2,2,2,1,2,1,1,2,2,2,1,1,2,1,2,1,1,1,2,2,1,1,2,1,1,1,1,2,2,2,2,1,1,2,2,1,2,2,2,2,2,1,2,1,2,2,2,1,2,2,1,2,2,1,2,1,1,2,1,1,2,1,1,1,2,2,1,1,1,1,2,2,2,2,1,1,1,1,1,2,2,1,2,2,1,2,2,2,1,2,1,2,2,2,2,1,1,2,1,2,1,2,1,2,1,1,2,2,2,2,1,2,1,2,1,1,1,2,2"
    102      3      4     1500     0        10        false      false        false      0.505     -1.1658     -1.1658       170.31          0            2           10               0                   0                    0              0.00139     10.632     11-Sep-2024 00:55:54    "542,1122"             "1,1,2,1,1,2,1,1,2,1,2,1,1,2,2,2,2,2,1,2,1,2,1,1,1,1,1,2,1,1,2,1,2,1,1,1,1,2,2,1,1,2,1,2,2,1,1,1,2,2,2,1,1,1,1,1,2,2,1,2,1,1,2,1,2,1,1,1,1,2,2,2,2,1,1,1,1,1,1,2,1,2,1,1,1,2,1,2,2,2,1,2,2,1,1,2,1,1,2,2,2,1,2,1,1,1,2,1,1,1,2,2,1,1,2,2,1,1,2,1,1,2,2,1,2,2,2,1,1,2,1,2,1,1,2,2,2,1,2,1,1,1,1,2,1,2,1,1,2,2,1,1,1,2,1,2,2,1,1,1,1,1,1,1,2,2,2,2,2,2,1,2,1,2,1,1,1,1,1,1,2,1,1,1,2,2,1,1,2,2,1,1,2,2,2,1,1,1,2,1"
    102      4      4     1500     0        10        false      false        true       0.505    -0.83447    -0.83447       144.72          0            2           10               0                   0                    0             0.001072     15.411     11-Sep-2024 00:55:54    "542,1122"             "1,1,1,2,1,1,1,2,2,1,2,2,1,1,2,2,1,1,2,2,2,1,2,1,1,1,1,1,2,2,2,2,1,2,2,1,2,1,2,2,2,1,2,2,1,1,2,2,1,1,2,2,2,1,1,1,1,2,2,2,2,2,1,2,1,2,2,1,2,1,2,1,1,1,2,1,1,2,2,2,2,2,2,2,1,2,1,1,2,2,2,1,1,2,1,2,1,1,1,2,2,1,1,2,1,1,1,1,2,2,2,2,1,1,2,1,1,2,2,2,2,2,1,2,1,2,2,2,1,2,2,1,2,2,1,2,1,1,2,1,1,2,1,1,1,2,2,1,1,1,1,2,2,2,2,1,1,1,1,1,2,2,1,2,2,1,2,2,2,1,2,1,2,2,2,2,1,1,2,1,2,1,2,1,2,1,1,2,1,2,2,1,2,1,2,1,1,1,2,2"
    102      5      4     1500     0        10        false      false        false       0.51     -1.1667     -1.1667       170.02          0            2           10               0                   0                    0             0.001441     9.4507     11-Sep-2024 00:55:54    "542,1122"             "1,1,2,1,1,2,1,1,2,1,2,1,1,2,2,2,1,2,1,2,1,2,1,1,1,1,1,2,1,1,2,1,2,1,1,1,1,2,2,1,1,2,1,2,2,1,1,1,2,2,2,1,1,1,1,1,2,2,1,2,1,1,2,1,2,1,1,1,1,2,2,2,2,1,1,1,1,1,1,2,1,2,1,1,1,2,1,2,2,2,1,2,1,1,1,2,1,1,2,2,2,1,2,1,1,1,2,1,1,1,2,2,1,1,2,2,1,1,2,1,1,2,2,1,2,2,2,1,1,2,1,2,1,1,2,2,2,1,2,1,1,1,1,2,1,2,1,1,2,2,1,1,1,2,1,2,2,1,1,1,1,1,1,1,2,2,2,2,2,1,1,2,1,2,1,1,1,1,1,1,2,1,1,1,2,2,1,1,2,2,1,1,2,2,2,1,1,1,2,1"
    102      6      4     1500     0        10        false      false        false       0.52    -0.83483    -0.83483       145.15          0            2           10               0                   0                    0             0.001083     9.5904     11-Sep-2024 00:55:54    "542,1122"             "1,1,1,2,2,1,1,2,2,1,2,2,1,1,2,2,1,1,2,2,2,1,2,1,1,1,1,1,2,2,2,2,1,2,2,1,2,1,2,2,2,1,2,2,1,1,2,2,1,1,2,2,2,1,2,1,1,2,2,2,2,2,1,2,1,2,2,1,2,1,2,1,1,1,2,1,1,2,2,2,2,2,2,2,1,2,1,1,2,2,2,1,1,2,1,2,1,1,1,2,2,1,1,2,1,1,1,1,2,2,2,2,1,1,2,1,1,2,1,2,2,2,1,2,1,2,2,2,1,2,2,1,2,2,1,2,1,1,2,1,1,2,1,1,1,2,2,1,1,1,1,2,2,2,2,1,1,1,1,1,2,2,1,2,2,1,2,2,2,1,2,1,2,2,2,2,1,1,2,1,2,1,2,1,2,1,1,2,1,2,2,1,2,1,2,1,1,1,2,2"
    102      7      4     1500     0        10        false      false        false       0.51      -1.167      -1.167       170.01          0            2           10               0                   0                    0             0.001057     10.872     11-Sep-2024 00:55:54    "542,1122"             "2,2,1,2,2,1,2,2,1,2,1,2,2,1,1,1,2,1,2,1,2,1,2,2,2,2,2,1,2,2,1,1,1,2,2,2,2,1,1,2,2,1,2,1,1,2,2,2,2,1,1,2,2,2,2,2,1,1,2,1,2,2,1,2,1,2,2,2,2,1,1,1,1,2,2,2,2,2,2,1,2,1,2,2,2,1,2,1,1,1,2,1,2,2,2,1,2,2,1,1,1,2,1,2,2,2,1,2,2,2,1,1,2,2,1,1,2,2,1,2,2,1,1,2,1,1,1,2,2,1,2,1,2,2,1,1,1,2,1,2,2,2,2,1,2,1,2,2,1,1,2,2,2,1,2,1,1,2,2,2,2,2,2,2,1,1,1,1,1,2,2,1,2,1,2,2,2,2,2,2,1,2,2,2,1,1,2,2,1,1,2,2,1,1,1,2,2,2,1,2"
    102      8      4     1500     0        10        false      false        false       0.54    -0.83585    -0.83585       145.46          0            2           10               0                   0                    0             0.001416     5.4389     11-Sep-2024 00:55:54    "542,1122"             "2,2,2,1,1,2,2,1,1,2,1,1,2,2,1,1,2,2,1,1,1,2,1,2,2,2,2,2,1,1,1,1,2,1,1,2,1,2,1,1,1,2,1,1,2,2,1,1,2,2,1,1,1,2,1,2,2,1,1,1,1,1,2,1,2,1,1,2,1,2,1,2,2,2,1,2,2,1,1,1,1,1,1,1,2,1,2,2,1,1,1,2,2,1,2,1,2,2,2,1,1,2,2,1,2,2,2,2,1,1,1,1,2,2,1,2,2,1,2,1,1,1,2,1,2,1,1,1,2,1,1,2,1,1,2,1,2,2,2,2,2,1,2,2,2,1,1,2,2,2,2,1,1,1,1,2,2,2,2,2,1,1,2,1,1,2,1,1,1,2,1,2,1,2,1,1,2,2,1,2,2,2,1,2,1,2,2,1,2,2,1,2,1,2,1,2,2,2,1,1"
    102      9      4     1500     0        10        false      false        false       0.51     -1.1667     -1.1667        170.2          0            2           10               0                   0                    0             0.001028     7.6183     11-Sep-2024 00:55:54    "542,1122"             "1,1,2,1,1,2,1,1,2,1,2,1,1,2,2,2,1,2,1,2,1,2,1,1,1,1,1,2,1,1,2,2,2,1,1,1,1,2,2,1,1,2,1,2,2,1,2,1,1,2,2,1,1,1,1,1,2,2,1,2,1,1,2,1,2,1,1,1,1,2,2,2,2,1,1,1,1,1,1,2,1,2,1,1,1,2,1,2,2,2,1,2,1,1,1,2,1,1,2,2,2,1,2,1,1,1,2,1,1,1,2,2,1,1,2,2,1,1,2,1,2,2,2,1,2,2,2,1,1,2,1,2,1,1,2,2,2,1,2,1,1,1,1,2,1,2,1,1,2,2,1,1,1,2,1,2,2,1,1,1,1,1,1,1,2,2,2,2,2,1,1,2,1,2,1,1,1,1,1,1,2,1,1,1,2,2,1,1,2,2,1,1,2,2,2,1,1,1,2,1"
    102     10      4     1500     0        10        false      false        false       0.52     -1.2628     -1.2628       184.26          0            4           10               0                   0                    0             0.001117     8.1482     11-Sep-2024 00:55:54    "384,542,1101,1122"    "1,1,2,2,2,1,1,2,1,1,2,1,1,2,2,2,1,1,2,2,1,1,2,1,1,1,1,2,2,2,2,2,1,2,2,1,1,1,2,1,1,1,2,2,1,1,2,2,1,1,2,2,2,1,1,1,1,2,1,2,2,2,1,2,1,2,1,1,2,2,2,2,2,1,2,1,2,2,2,2,2,2,2,2,1,2,1,1,2,2,2,1,1,2,1,2,2,1,1,2,2,1,1,2,1,1,1,2,1,2,2,2,1,1,2,1,1,2,1,1,2,2,1,2,1,2,2,2,1,1,2,1,2,2,1,2,1,1,2,1,1,2,2,1,1,2,2,1,2,1,2,1,2,2,2,1,2,1,1,2,2,2,1,2,2,1,2,2,2,1,1,2,1,2,1,2,1,1,1,1,2,1,2,1,2,1,2,1,1,1,2,1,2,1,2,1,1,2,2,2"
    102     11      4     1500     0        10        false      false        false       0.51    -0.65184    -0.65184       191.65          0            2           10               0                   0                    0             0.001373     7.5877     11-Sep-2024 00:55:54    "1101,1122"            "2,2,1,1,1,2,2,1,1,2,1,2,2,1,1,1,2,2,2,1,2,2,1,2,2,2,2,1,2,1,1,1,2,1,1,2,2,2,1,2,2,2,1,1,2,2,1,1,2,1,1,1,1,2,2,2,2,1,2,1,1,2,2,1,2,1,2,2,1,1,1,1,1,2,1,2,1,1,2,1,2,1,1,1,2,1,2,2,1,1,1,2,2,1,2,1,1,2,1,1,1,2,2,1,1,2,2,1,2,2,1,1,2,2,1,1,2,1,1,2,1,1,2,2,1,1,1,1,2,1,1,2,1,1,1,1,2,2,1,2,2,1,1,2,2,1,1,2,1,2,1,2,1,1,1,2,1,2,2,1,1,1,2,2,1,1,1,1,1,1,2,1,2,1,2,1,2,2,2,2,1,2,2,2,1,2,1,2,1,1,2,2,1,2,1,2,2,1,1,2"
    102     12      4     1500     0        10        true       false        false       0.51    -0.60524    -0.60525       190.75          0            2           10               0                   0                    0             0.001638     7.6248     11-Sep-2024 00:55:54    "1101,1122"            "1,1,2,2,2,1,1,2,2,1,2,1,1,2,2,2,1,1,2,2,1,1,2,1,1,1,1,2,2,2,2,2,1,2,2,1,1,1,2,1,1,1,2,2,1,1,2,2,1,1,2,2,2,1,1,1,1,2,1,2,2,1,1,2,1,2,1,1,2,2,2,2,2,1,2,1,2,1,1,2,1,2,2,2,1,2,1,1,2,2,2,1,1,2,1,2,2,1,2,2,2,1,1,2,1,1,1,2,1,2,2,2,1,1,2,2,1,2,2,1,2,2,1,1,2,2,2,2,1,2,2,2,2,1,1,2,2,1,2,1,1,2,1,1,1,2,2,1,2,1,2,1,2,2,2,1,2,1,1,1,2,2,1,1,2,2,2,2,2,1,1,2,1,2,1,2,1,1,1,1,2,1,2,1,2,1,1,2,2,2,2,1,2,2,2,1,1,2,2,1"


blfs = 

  block_replication_for_server with properties:

          table_name: 'iso_hc'
              db_dir: '/home1/jongminm/sparse_kmeans/sparse_kmeans.db'
      data_generator: [1x1 sparse_symmetric_data_generator]
      number_cluster: 2
          n_iter_max: 100
    window_size_half: 2
         sample_size: 200
         init_method: "hc"
        cluster_true: []
             learner: []
            run_full: 0
     matrix_sparsity: 0
            data_obj: @data_gaussian

replication: (103)th 


1 th thresholding


cutoff =

    0.5418


0 entries survived 
All entries dead. Re-initializing...
is_stop =

  logical

   0


final_iter =

     1


2 th thresholding


cutoff =

    0.5418


0 entries survived 
All entries dead. Re-initializing...
is_stop =

  logical

   1


final_iter =

     2


 final iteration = 2 
acc_dict = 

  Map with properties:

        Count: 3
      KeyType: double
    ValueType: double


ans =

  1x3 cell array

    {[0.5200]}    {[0.5200]}    {[0.5200]}


ans =

  1x3 cell array

    {'2,2,2,1,1,1,2,2...'}    {'2,2,2,1,1,1,2,2...'}    {'2,2,2,1,1,1,2,2...'}


database_subtable =

  3x24 table

    rep    iter    sep    dim     rho    sparsity    stop_og    stop_sdp    stop_loop    acc     obj_prim    obj_dual    obj_original    true_pos    false_pos    false_neg    diff_x_tilde_fro    diff_x_tilde_op    diff_x_tilde_ellone    time_est    time_SDP          jobdate           survived_indices                                                                                                                                                                                                       cluster_est                                                                                                                                                                                                   
    ___    ____    ___    ____    ___    ________    _______    ________    _________    ____    ________    ________    ____________    ________    _________    _________    ________________    _______________    ___________________    ________    ________    ____________________    ________________    _________________________________________________________________________________________________________________________________________________________________________________________________________________________________________________________________________________________________________________________________________________________________________________________________________________

    103     0       4     1500     0        10        false      false        false      0.52       0           0             0             0            0            0               0                   0                    0                    0       0        11-Sep-2024 00:56:12           ""           "2,2,2,1,1,1,2,2,2,2,1,2,1,2,2,1,2,1,1,2,1,2,1,1,1,2,2,1,2,1,2,1,1,2,1,1,1,2,1,2,2,1,1,2,1,1,2,2,1,2,2,2,2,2,1,2,1,1,1,2,1,2,1,2,2,1,1,1,1,1,2,1,1,2,2,2,1,2,2,1,2,2,1,2,1,2,1,1,1,1,1,1,1,2,1,2,2,2,1,2,2,2,1,2,2,1,1,2,1,2,2,1,1,1,1,1,1,1,2,1,1,2,2,2,1,2,2,1,1,2,2,2,1,1,1,2,2,2,2,2,2,1,1,2,2,1,1,1,2,2,1,1,2,1,2,2,1,1,1,1,1,1,1,2,2,2,2,1,1,1,1,1,2,2,2,1,1,1,2,1,1,2,2,1,1,2,1,2,2,2,1,1,1,1,1,2,1,1,1,2"
    103     1       4     1500     0        10        false      false        false      0.52       0           0             0             0            0           10               0                   0                    0             0.008613       0        11-Sep-2024 00:56:12           ""           "2,2,2,1,1,1,2,2,2,2,1,2,1,2,2,1,2,1,1,2,1,2,1,1,1,2,2,1,2,1,2,1,1,2,1,1,1,2,1,2,2,1,1,2,1,1,2,2,1,2,2,2,2,2,1,2,1,1,1,2,1,2,1,2,2,1,1,1,1,1,2,1,1,2,2,2,1,2,2,1,2,2,1,2,1,2,1,1,1,1,1,1,1,2,1,2,2,2,1,2,2,2,1,2,2,1,1,2,1,2,2,1,1,1,1,1,1,1,2,1,1,2,2,2,1,2,2,1,1,2,2,2,1,1,1,2,2,2,2,2,2,1,1,2,2,1,1,1,2,2,1,1,2,1,2,2,1,1,1,1,1,1,1,2,2,2,2,1,1,1,1,1,2,2,2,1,1,1,2,1,1,2,2,1,1,2,1,2,2,2,1,1,1,1,1,2,1,1,1,2"
    103     2       4     1500     0        10        true       true         false      0.52       0           0             0             0            0           10               0                   0                    0             0.000665       0        11-Sep-2024 00:56:12           ""           "2,2,2,1,1,1,2,2,2,2,1,2,1,2,2,1,2,1,1,2,1,2,1,1,1,2,2,1,2,1,2,1,1,2,1,1,1,2,1,2,2,1,1,2,1,1,2,2,1,2,2,2,2,2,1,2,1,1,1,2,1,2,1,2,2,1,1,1,1,1,2,1,1,2,2,2,1,2,2,1,2,2,1,2,1,2,1,1,1,1,1,1,1,2,1,2,2,2,1,2,2,2,1,2,2,1,1,2,1,2,2,1,1,1,1,1,1,1,2,1,1,2,2,2,1,2,2,1,1,2,2,2,1,1,1,2,2,2,2,2,2,1,1,2,2,1,1,1,2,2,1,1,2,1,2,2,1,1,1,1,1,1,1,2,2,2,2,1,1,1,1,1,2,2,2,1,1,1,2,1,1,2,2,1,1,2,1,2,2,2,1,1,1,1,1,2,1,1,1,2"


blfs = 

  block_replication_for_server with properties:

          table_name: 'iso_hc'
              db_dir: '/home1/jongminm/sparse_kmeans/sparse_kmeans.db'
      data_generator: [1x1 sparse_symmetric_data_generator]
      number_cluster: 2
          n_iter_max: 100
    window_size_half: 2
         sample_size: 200
         init_method: "hc"
        cluster_true: []
             learner: []
            run_full: 0
     matrix_sparsity: 0
            data_obj: @data_gaussian

replication: (104)th 


1 th thresholding


cutoff =

    0.5709


1 entries survived 
solving SDP...  breakyes = 1.0,  maxresidual < 1.00e-04  breakyes=2.0,  primfeasorg*dualfeasorg < 1.00e-14took 7.927144s, relaxed dual: -0.784570, original: 146.978495 

is_stop =

  logical

   0


final_iter =

     1


2 th thresholding


cutoff =

    0.5410


2 entries survived 
solving SDP...  breakyes = 1.0,  maxresidual < 1.00e-04  breakyes=1.4,  maxresidual < 1.00e-06took 4.574683s, relaxed dual: -0.782871, original: 159.632672 

is_stop =

  logical

   0


final_iter =

     1


3 th thresholding


cutoff =

    0.5411


1 entries survived 
solving SDP...  breakyes = 1.0,  maxresidual < 1.00e-04  breakyes=1.4,  maxresidual < 1.00e-06took 5.740116s, relaxed dual: -0.283657, original: 144.850874 

is_stop =

  logical

   0


final_iter =

     1


4 th thresholding


cutoff =

    0.5409


1 entries survived 
solving SDP...  breakyes = 1.0,  maxresidual < 1.00e-04  breakyes=1.4,  maxresidual < 1.00e-06took 5.540926s, relaxed dual: -0.279064, original: 144.850874 

is_stop =

  logical

   1


final_iter =

     4


 final iteration = 4 
acc_dict = 

  Map with properties:

        Count: 5
      KeyType: double
    ValueType: double


ans =

  1x5 cell array

    {[0.5800]}    {[0.5100]}    {[0.5450]}    {[0.5450]}    {[0.5450]}


ans =

  1x5 cell array

  Columns 1 through 3

    {'2,2,1,2,2,2,1,...'}    {'2,2,2,2,2,2,2,...'}    {'1,1,1,2,1,2,1,...'}

  Columns 4 through 5

    {'2,2,2,1,2,1,2,...'}    {'1,1,1,2,1,2,1,...'}


database_subtable =

  5x24 table

    rep    iter    sep    dim     rho    sparsity    stop_og    stop_sdp    stop_loop     acc     obj_prim    obj_dual    obj_original    true_pos    false_pos    false_neg    diff_x_tilde_fro    diff_x_tilde_op    diff_x_tilde_ellone    time_est    time_SDP          jobdate           survived_indices                                                                                                                                                                                                       cluster_est                                                                                                                                                                                                   
    ___    ____    ___    ____    ___    ________    _______    ________    _________    _____    ________    ________    ____________    ________    _________    _________    ________________    _______________    ___________________    ________    ________    ____________________    ________________    _________________________________________________________________________________________________________________________________________________________________________________________________________________________________________________________________________________________________________________________________________________________________________________________________________________

    104     0       4     1500     0        10        false      false        false       0.58           0           0            0          0            0            0               0                   0                    0                    0          0     11-Sep-2024 00:56:51       ""               "2,2,1,2,2,2,1,2,1,1,2,2,2,1,1,1,2,2,1,2,2,1,2,2,2,1,1,2,2,1,1,2,1,1,1,1,1,1,2,1,2,1,2,2,2,1,2,2,2,1,2,2,2,2,2,1,2,2,2,2,2,1,1,2,1,2,2,2,2,2,1,2,1,2,1,1,1,1,1,2,1,1,2,1,1,2,1,2,2,2,2,1,2,2,2,1,2,2,1,2,2,2,2,2,1,2,1,2,2,2,1,2,2,1,1,2,2,1,2,1,2,2,2,2,1,1,2,2,1,2,2,1,2,2,2,1,2,1,2,2,2,2,1,2,2,2,2,2,2,2,2,2,2,2,2,2,1,2,1,2,2,2,2,2,1,2,2,2,2,2,1,2,1,2,1,1,2,2,2,2,2,2,2,2,1,2,1,1,2,2,1,2,2,2,2,2,1,2,2,2"
    104     1       4     1500     0        10        false      false        false       0.51    -0.78457    -0.78457       146.98          0            1           10               0                   0                    0             0.005077     7.9271     11-Sep-2024 00:56:51       "715"            "2,2,2,2,2,2,2,2,1,2,2,1,1,2,1,1,2,1,1,1,2,2,1,2,1,2,2,2,2,1,2,2,2,1,2,1,2,2,1,1,1,2,1,2,1,1,2,1,2,2,1,1,1,1,1,2,1,2,1,2,1,2,2,2,2,2,1,1,2,2,2,1,1,1,1,2,1,1,1,1,2,2,1,2,1,1,2,1,2,2,1,2,1,1,1,2,1,1,1,1,1,1,1,2,1,2,2,2,1,2,2,1,1,2,2,2,1,2,2,2,1,1,2,2,2,2,2,2,2,1,2,1,2,1,2,1,1,2,2,1,1,2,2,1,2,1,1,1,1,1,1,1,1,2,2,1,2,1,2,1,1,2,2,2,2,1,1,2,2,1,1,1,1,1,1,2,1,2,2,1,1,2,1,2,2,1,2,1,1,1,2,1,2,2,1,1,1,1,1,2"
    104     2       4     1500     0        10        false      true         false      0.545    -0.78287    -0.78287       159.63          0            2           10               0                   0                    0             0.001111     4.5747     11-Sep-2024 00:56:51       "715,1005"       "1,1,1,2,1,2,1,2,2,2,1,2,2,1,2,2,1,1,1,2,2,2,1,1,2,2,2,2,2,1,1,2,1,2,1,2,1,1,2,1,2,1,1,1,2,1,1,2,1,1,2,2,1,2,1,1,2,1,2,1,2,1,2,2,1,2,1,2,1,1,1,2,1,2,2,1,1,1,2,1,2,1,2,1,2,1,2,1,2,1,1,1,1,2,2,1,1,2,1,2,2,2,2,2,2,2,1,2,2,1,1,1,2,2,1,1,1,1,1,2,2,2,1,2,1,2,2,2,1,1,1,1,1,2,2,1,1,1,2,2,1,2,1,2,2,2,1,1,2,2,2,2,2,1,1,2,2,2,1,2,2,1,1,2,2,1,2,1,2,2,1,2,1,2,2,1,2,2,1,1,1,2,1,1,2,2,1,2,2,2,2,1,1,1,2,2,2,2,1,1"
    104     3       4     1500     0        10        false      false        false      0.545    -0.28366    -0.28366       144.85          0            1           10               0                   0                    0             0.000822     5.7401     11-Sep-2024 00:56:51       "1005"           "2,2,2,1,2,1,2,1,1,1,2,1,1,2,1,1,2,2,2,1,1,1,2,2,1,1,1,1,1,2,2,1,2,1,2,1,2,2,1,2,1,2,2,2,1,2,2,1,2,2,1,1,2,1,2,2,1,2,1,2,1,2,1,1,2,1,2,2,2,2,2,1,2,1,1,2,2,2,1,2,1,2,1,2,1,2,1,2,1,2,2,2,2,1,1,2,2,1,2,1,1,1,1,1,1,1,2,1,1,2,2,2,1,1,2,2,2,2,2,1,1,1,2,1,2,1,1,1,2,2,2,2,2,1,1,2,2,2,1,1,2,1,1,1,1,1,2,2,1,2,1,1,1,2,2,2,1,1,2,1,1,2,2,1,1,2,1,1,1,1,2,1,2,1,1,2,1,1,2,2,2,1,2,2,1,1,2,1,1,1,1,2,2,2,1,2,1,1,2,2"
    104     4       4     1500     0        10        true       false        false      0.545    -0.27906    -0.27906       144.85          0            1           10               0                   0                    0             0.000821     5.5409     11-Sep-2024 00:56:51       "1005"           "1,1,1,2,1,2,1,2,2,2,1,2,2,1,2,2,1,1,1,2,2,2,1,1,2,2,2,2,2,1,1,2,1,2,1,2,1,1,2,1,2,1,1,1,2,1,1,2,1,1,2,2,1,2,1,1,2,1,2,1,2,1,2,2,1,2,1,1,1,1,1,2,1,2,2,1,1,1,2,1,2,1,2,1,2,1,2,1,2,1,1,1,1,2,2,1,1,2,1,2,2,2,2,2,2,2,1,2,2,1,1,1,2,2,1,1,1,1,1,2,2,2,1,2,1,2,2,2,1,1,1,1,1,2,2,1,1,1,2,2,1,2,2,2,2,2,1,1,2,1,2,2,2,1,1,1,2,2,1,2,2,1,1,2,2,1,2,2,2,2,1,2,1,2,2,1,2,2,1,1,1,2,1,1,2,2,1,2,2,2,2,1,1,1,2,1,2,2,1,1"

