==========================================
SLURM_JOB_ID = 25523744
SLURM_JOB_NODELIST = a01-07
TMPDIR = /tmp/SLURM_25523744
==========================================
hello
Starting parallel pool (parpool) ...
Connected to the parallel pool (number of workers: 15).

pool = 

 ProcessPool with properties: 

            Connected: true
           NumWorkers: 15
                 Busy: false
              Cluster: Local
        AttachedFiles: {}
    AutoAddClientPath: true
            FileStore: [1x1 parallel.FileStore]
           ValueStore: [1x1 parallel.ValueStore]
          IdleTimeout: 30 minutes (30 minutes remaining)
          SpmdEnabled: true


dimension =

        4500


separation =

     4


sample_size =

   200


table_name =

    'iso_hc'


db_dir =

    '/home1/jongminm/sparse_kmeans/sparse_kmeans.db'


rho =

     0


full_run =

  logical

   0


blfs = 

  block_replication_for_server with properties:

          table_name: 'iso_hc'
              db_dir: '/home1/jongminm/sparse_kmeans/sparse_kmeans.db'
      data_generator: [1x1 sparse_symmetric_data_generator]
      number_cluster: 2
          n_iter_max: 100
    window_size_half: 2
         sample_size: 200
         init_method: "hc"
        cluster_true: []
             learner: []
            run_full: 0
     matrix_sparsity: 0
            data_obj: @data_gaussian

replication: (53)th 


1 th thresholding


cutoff =

    0.5975


0 entries survived 
All entries dead. Re-initializing...
is_stop =

  logical

   0


final_iter =

     1


2 th thresholding


cutoff =

    0.5975


0 entries survived 
All entries dead. Re-initializing...
is_stop =

  logical

   1


final_iter =

     2


 final iteration = 2 
acc_dict = 

  Map with properties:

        Count: 3
      KeyType: double
    ValueType: double


ans =

  1x3 cell array

    {[0.5100]}    {[0.5100]}    {[0.5100]}


ans =

  1x3 cell array

    {'1,1,2,2,2,1,2,2...'}    {'1,1,2,2,2,1,2,2...'}    {'1,1,2,2,2,1,2,2...'}


database_subtable =

  3x24 table

    rep    iter    sep    dim     rho    sparsity    stop_og    stop_sdp    stop_loop    acc     obj_prim    obj_dual    obj_original    true_pos    false_pos    false_neg    diff_x_tilde_fro    diff_x_tilde_op    diff_x_tilde_ellone    time_est    time_SDP          jobdate           survived_indices                                                                                                                                                                                                       cluster_est                                                                                                                                                                                                   
    ___    ____    ___    ____    ___    ________    _______    ________    _________    ____    ________    ________    ____________    ________    _________    _________    ________________    _______________    ___________________    ________    ________    ____________________    ________________    _________________________________________________________________________________________________________________________________________________________________________________________________________________________________________________________________________________________________________________________________________________________________________________________________________________

    53      0       4     4500     0        10        false      false        false      0.51       0           0             0             0            0            0               0                   0                    0                    0       0        11-Sep-2024 02:14:53           ""           "1,1,2,2,2,1,2,2,2,1,2,1,1,2,1,2,2,2,2,2,2,1,2,1,2,2,2,2,2,2,2,1,2,2,2,2,1,2,2,2,2,1,2,2,2,2,1,2,2,1,2,2,1,2,1,1,2,1,2,1,2,1,2,1,2,2,2,1,2,2,2,2,2,1,1,2,1,1,1,2,1,1,2,2,2,1,1,2,1,2,1,2,1,2,1,2,1,2,2,1,1,1,2,2,1,1,2,2,2,2,2,1,2,2,2,1,2,2,1,2,2,1,1,1,1,2,1,2,2,1,2,1,2,1,2,2,1,2,2,2,1,2,2,2,1,2,2,1,1,2,2,1,2,2,2,2,1,1,2,1,2,2,2,1,2,2,2,1,2,2,1,2,1,2,2,2,2,2,2,2,2,2,1,2,1,2,1,2,1,2,1,2,1,1,2,1,2,1,1,1"
    53      1       4     4500     0        10        false      false        false      0.51       0           0             0             0            0           10               0                   0                    0             0.021366       0        11-Sep-2024 02:14:53           ""           "1,1,2,2,2,1,2,2,2,1,2,1,1,2,1,2,2,2,2,2,2,1,2,1,2,2,2,2,2,2,2,1,2,2,2,2,1,2,2,2,2,1,2,2,2,2,1,2,2,1,2,2,1,2,1,1,2,1,2,1,2,1,2,1,2,2,2,1,2,2,2,2,2,1,1,2,1,1,1,2,1,1,2,2,2,1,1,2,1,2,1,2,1,2,1,2,1,2,2,1,1,1,2,2,1,1,2,2,2,2,2,1,2,2,2,1,2,2,1,2,2,1,1,1,1,2,1,2,2,1,2,1,2,1,2,2,1,2,2,2,1,2,2,2,1,2,2,1,1,2,2,1,2,2,2,2,1,1,2,1,2,2,2,1,2,2,2,1,2,2,1,2,1,2,2,2,2,2,2,2,2,2,1,2,1,2,1,2,1,2,1,2,1,1,2,1,2,1,1,1"
    53      2       4     4500     0        10        true       true         false      0.51       0           0             0             0            0           10               0                   0                    0             0.007802       0        11-Sep-2024 02:14:53           ""           "1,1,2,2,2,1,2,2,2,1,2,1,1,2,1,2,2,2,2,2,2,1,2,1,2,2,2,2,2,2,2,1,2,2,2,2,1,2,2,2,2,1,2,2,2,2,1,2,2,1,2,2,1,2,1,1,2,1,2,1,2,1,2,1,2,2,2,1,2,2,2,2,2,1,1,2,1,1,1,2,1,1,2,2,2,1,1,2,1,2,1,2,1,2,1,2,1,2,2,1,1,1,2,2,1,1,2,2,2,2,2,1,2,2,2,1,2,2,1,2,2,1,1,1,1,2,1,2,2,1,2,1,2,1,2,2,1,2,2,2,1,2,2,2,1,2,2,1,1,2,2,1,2,2,2,2,1,1,2,1,2,2,2,1,2,2,2,1,2,2,1,2,1,2,2,2,2,2,2,2,2,2,1,2,1,2,1,2,1,2,1,2,1,1,2,1,2,1,1,1"


blfs = 

  block_replication_for_server with properties:

          table_name: 'iso_hc'
              db_dir: '/home1/jongminm/sparse_kmeans/sparse_kmeans.db'
      data_generator: [1x1 sparse_symmetric_data_generator]
      number_cluster: 2
          n_iter_max: 100
    window_size_half: 2
         sample_size: 200
         init_method: "hc"
        cluster_true: []
             learner: []
            run_full: 0
     matrix_sparsity: 0
            data_obj: @data_gaussian

replication: (54)th 


1 th thresholding


cutoff =

    0.5801


0 entries survived 
All entries dead. Re-initializing...
is_stop =

  logical

   0


final_iter =

     1


2 th thresholding


cutoff =

    0.5801


0 entries survived 
All entries dead. Re-initializing...
is_stop =

  logical

   1


final_iter =

     2


 final iteration = 2 
acc_dict = 

  Map with properties:

        Count: 3
      KeyType: double
    ValueType: double


ans =

  1x3 cell array

    {[0.5150]}    {[0.5150]}    {[0.5150]}


ans =

  1x3 cell array

    {'2,1,2,1,2,2,1,2...'}    {'2,1,2,1,2,2,1,2...'}    {'2,1,2,1,2,2,1,2...'}


database_subtable =

  3x24 table

    rep    iter    sep    dim     rho    sparsity    stop_og    stop_sdp    stop_loop     acc     obj_prim    obj_dual    obj_original    true_pos    false_pos    false_neg    diff_x_tilde_fro    diff_x_tilde_op    diff_x_tilde_ellone    time_est    time_SDP          jobdate           survived_indices                                                                                                                                                                                                       cluster_est                                                                                                                                                                                                   
    ___    ____    ___    ____    ___    ________    _______    ________    _________    _____    ________    ________    ____________    ________    _________    _________    ________________    _______________    ___________________    ________    ________    ____________________    ________________    _________________________________________________________________________________________________________________________________________________________________________________________________________________________________________________________________________________________________________________________________________________________________________________________________________________

    54      0       4     4500     0        10        false      false        false      0.515       0           0             0             0            0            0               0                   0                    0                    0       0        11-Sep-2024 02:15:13           ""           "2,1,2,1,2,2,1,2,1,2,1,1,1,2,1,1,1,1,2,1,2,2,1,2,2,2,1,1,1,1,2,2,2,1,1,2,1,2,1,2,1,1,1,1,1,2,1,2,2,1,2,1,2,2,2,2,2,1,2,1,1,2,1,2,1,2,2,1,1,1,2,1,1,1,2,2,1,1,1,2,2,1,2,1,2,2,1,1,2,2,1,2,1,2,1,2,1,2,2,1,2,1,2,1,2,2,1,2,1,1,1,2,1,1,2,2,2,2,1,1,2,1,1,2,1,1,2,1,1,1,2,1,1,1,2,1,1,1,2,1,2,1,2,2,2,2,1,1,1,2,2,2,2,2,1,2,1,2,2,2,2,2,2,1,1,1,1,2,1,1,1,2,2,2,1,2,2,1,1,1,2,2,2,1,1,2,1,2,2,1,1,1,2,2,2,1,2,1,2,2"
    54      1       4     4500     0        10        false      false        false      0.515       0           0             0             0            0           10               0                   0                    0             0.010476       0        11-Sep-2024 02:15:13           ""           "2,1,2,1,2,2,1,2,1,2,1,1,1,2,1,1,1,1,2,1,2,2,1,2,2,2,1,1,1,1,2,2,2,1,1,2,1,2,1,2,1,1,1,1,1,2,1,2,2,1,2,1,2,2,2,2,2,1,2,1,1,2,1,2,1,2,2,1,1,1,2,1,1,1,2,2,1,1,1,2,2,1,2,1,2,2,1,1,2,2,1,2,1,2,1,2,1,2,2,1,2,1,2,1,2,2,1,2,1,1,1,2,1,1,2,2,2,2,1,1,2,1,1,2,1,1,2,1,1,1,2,1,1,1,2,1,1,1,2,1,2,1,2,2,2,2,1,1,1,2,2,2,2,2,1,2,1,2,2,2,2,2,2,1,1,1,1,2,1,1,1,2,2,2,1,2,2,1,1,1,2,2,2,1,1,2,1,2,2,1,1,1,2,2,2,1,2,1,2,2"
    54      2       4     4500     0        10        true       true         false      0.515       0           0             0             0            0           10               0                   0                    0             0.009339       0        11-Sep-2024 02:15:13           ""           "2,1,2,1,2,2,1,2,1,2,1,1,1,2,1,1,1,1,2,1,2,2,1,2,2,2,1,1,1,1,2,2,2,1,1,2,1,2,1,2,1,1,1,1,1,2,1,2,2,1,2,1,2,2,2,2,2,1,2,1,1,2,1,2,1,2,2,1,1,1,2,1,1,1,2,2,1,1,1,2,2,1,2,1,2,2,1,1,2,2,1,2,1,2,1,2,1,2,2,1,2,1,2,1,2,2,1,2,1,1,1,2,1,1,2,2,2,2,1,1,2,1,1,2,1,1,2,1,1,1,2,1,1,1,2,1,1,1,2,1,2,1,2,2,2,2,1,1,1,2,2,2,2,2,1,2,1,2,2,2,2,2,2,1,1,1,1,2,1,1,1,2,2,2,1,2,2,1,1,1,2,2,2,1,1,2,1,2,2,1,1,1,2,2,2,1,2,1,2,2"


blfs = 

  block_replication_for_server with properties:

          table_name: 'iso_hc'
              db_dir: '/home1/jongminm/sparse_kmeans/sparse_kmeans.db'
      data_generator: [1x1 sparse_symmetric_data_generator]
      number_cluster: 2
          n_iter_max: 100
    window_size_half: 2
         sample_size: 200
         init_method: "hc"
        cluster_true: []
             learner: []
            run_full: 0
     matrix_sparsity: 0
            data_obj: @data_gaussian

replication: (55)th 


1 th thresholding


cutoff =

    0.6460


1 entries survived 
solving SDP...  breakyes = 1.0,  maxresidual < 1.00e-04  breakyes=1.3,  maxresidual < 1.00e-06took 5.899434s, relaxed dual: -0.645783, original: 129.428540 

is_stop =

  logical

   0


final_iter =

     1


2 th thresholding


cutoff =

    0.5811


1 entries survived 
solving SDP...  breakyes = 1.0,  maxresidual < 1.00e-04  breakyes=1.0,  maxresidual < 1.00e-06took 4.156601s, relaxed dual: -0.268362, original: 129.428540 

is_stop =

  logical

   0


final_iter =

     1


3 th thresholding


cutoff =

    0.5811


1 entries survived 
solving SDP...  breakyes = 1.0,  maxresidual < 1.00e-04  breakyes=1.0,  maxresidual < 1.00e-06took 3.701305s, relaxed dual: -0.268362, original: 129.428540 

is_stop =

  logical

   1


final_iter =

     3


 final iteration = 3 
acc_dict = 

  Map with properties:

        Count: 4
      KeyType: double
    ValueType: double


ans =

  1x4 cell array

    {[0.5100]}    {[0.5400]}    {[0.5400]}    {[0.5400]}


ans =

  1x4 cell array

  Columns 1 through 3

    {'1,2,2,1,2,2,2,...'}    {'2,1,1,2,2,2,2,...'}    {'1,2,2,1,1,1,1,...'}

  Column 4

    {'1,2,2,1,1,1,1,...'}


database_subtable =

  4x24 table

    rep    iter    sep    dim     rho    sparsity    stop_og    stop_sdp    stop_loop    acc     obj_prim    obj_dual    obj_original    true_pos    false_pos    false_neg    diff_x_tilde_fro    diff_x_tilde_op    diff_x_tilde_ellone    time_est    time_SDP          jobdate           survived_indices                                                                                                                                                                                                       cluster_est                                                                                                                                                                                                   
    ___    ____    ___    ____    ___    ________    _______    ________    _________    ____    ________    ________    ____________    ________    _________    _________    ________________    _______________    ___________________    ________    ________    ____________________    ________________    _________________________________________________________________________________________________________________________________________________________________________________________________________________________________________________________________________________________________________________________________________________________________________________________________________________

    55      0       4     4500     0        10        false      false        false      0.51           0           0            0          0            0            0               0                   0                    0                    0          0     11-Sep-2024 02:16:04         ""             "1,2,2,1,2,2,2,2,2,2,2,2,2,2,2,1,2,1,2,2,1,2,2,2,2,2,1,2,2,1,2,1,2,2,1,1,1,2,2,1,1,1,1,2,2,1,2,1,2,1,1,2,2,2,1,2,2,2,2,1,1,2,2,2,2,2,2,2,2,2,2,2,1,1,2,1,2,2,2,2,2,2,2,2,2,2,2,2,2,2,2,2,2,1,2,2,2,2,2,1,1,1,2,1,1,2,2,2,2,1,2,1,2,1,2,2,1,2,2,2,1,1,1,2,2,2,2,2,2,2,2,2,2,1,1,1,2,2,2,2,1,2,1,1,2,2,1,2,2,2,1,2,2,2,2,2,2,2,2,2,2,2,1,1,1,2,2,2,1,2,2,2,2,1,2,1,2,2,2,2,1,2,2,2,1,2,1,2,2,2,2,2,1,2,2,2,2,2,2,2"
    55      1       4     4500     0        10        false      false        false      0.54    -0.64578    -0.64578       129.43          0            1           10               0                   0                    0             0.016526     5.8994     11-Sep-2024 02:16:04         "661"          "2,1,1,2,2,2,2,2,1,2,1,2,2,1,2,2,2,1,2,1,1,2,2,1,2,1,2,1,1,2,1,2,1,1,2,2,1,1,2,2,1,2,2,1,1,1,1,2,2,2,2,2,1,1,2,2,1,2,2,2,2,2,1,2,1,1,1,2,2,2,1,2,1,1,1,2,1,1,2,2,1,1,2,2,1,2,1,2,2,2,1,1,2,2,2,2,2,1,1,2,2,2,1,1,2,2,2,1,1,2,2,2,1,2,2,2,1,2,2,1,1,1,2,1,1,1,2,1,1,2,1,1,2,2,2,1,1,1,1,1,1,1,2,1,1,1,1,1,2,2,2,2,1,1,1,1,2,1,2,2,2,2,1,2,2,1,2,2,2,2,2,1,2,1,2,2,1,1,1,1,2,2,1,2,2,1,2,2,1,1,1,2,1,1,1,2,1,2,2,1"
    55      2       4     4500     0        10        true       false        false      0.54    -0.26836    -0.26836       129.43          0            1           10               0                   0                    0             0.010262     4.1566     11-Sep-2024 02:16:04         "661"          "1,2,2,1,1,1,1,1,2,1,2,1,1,2,1,1,1,2,1,2,2,1,1,2,1,2,1,2,2,1,2,1,2,2,1,1,2,2,1,1,2,1,1,2,2,2,2,1,1,1,1,1,2,2,1,1,2,1,1,1,1,1,2,1,2,2,2,1,1,1,2,1,2,2,2,1,2,2,1,1,2,2,1,1,2,1,2,1,1,1,2,2,1,1,1,1,1,2,2,1,1,1,2,2,1,1,1,2,2,1,1,1,2,1,1,1,2,1,1,2,2,2,1,2,2,2,1,2,2,1,2,2,1,1,1,2,2,2,2,2,2,2,1,2,2,2,2,2,1,1,1,1,2,2,2,2,1,2,1,1,1,1,2,1,1,2,1,1,1,1,1,2,1,2,1,1,2,2,2,2,1,1,2,1,1,2,1,1,2,2,2,1,2,2,2,1,2,1,1,2"
    55      3       4     4500     0        10        false      true         false      0.54    -0.26836    -0.26836       129.43          0            1           10               0                   0                    0             0.004032     3.7013     11-Sep-2024 02:16:04         "661"          "1,2,2,1,1,1,1,1,2,1,2,1,1,2,1,1,1,2,1,2,2,1,1,2,1,2,1,2,2,1,2,1,2,2,1,1,2,2,1,1,2,1,1,2,2,2,2,1,1,1,1,1,2,2,1,1,2,1,1,1,1,1,2,1,2,2,2,1,1,1,2,1,2,2,2,1,2,2,1,1,2,2,1,1,2,1,2,1,1,1,2,2,1,1,1,1,1,2,2,1,1,1,2,2,1,1,1,2,2,1,1,1,2,1,1,1,2,1,1,2,2,2,1,2,2,2,1,2,2,1,2,2,1,1,1,2,2,2,2,2,2,2,1,2,2,2,2,2,1,1,1,1,2,2,2,2,1,2,1,1,1,1,2,1,1,2,1,1,1,1,1,2,1,2,1,1,2,2,2,2,1,1,2,1,1,2,1,1,2,2,2,1,2,2,2,1,2,1,1,2"


blfs = 

  block_replication_for_server with properties:

          table_name: 'iso_hc'
              db_dir: '/home1/jongminm/sparse_kmeans/sparse_kmeans.db'
      data_generator: [1x1 sparse_symmetric_data_generator]
      number_cluster: 2
          n_iter_max: 100
    window_size_half: 2
         sample_size: 200
         init_method: "hc"
        cluster_true: []
             learner: []
            run_full: 0
     matrix_sparsity: 0
            data_obj: @data_gaussian

replication: (56)th 


1 th thresholding


cutoff =

    0.6392


1 entries survived 
solving SDP...  breakyes = 1.0,  maxresidual < 1.00e-04  breakyes=1.0,  maxresidual < 1.00e-06took 1.774213s, relaxed dual: -0.828049, original: 146.250772 

is_stop =

  logical

   0


final_iter =

     1


2 th thresholding


cutoff =

    0.5830


1 entries survived 
solving SDP...  breakyes = 1.0,  maxresidual < 1.00e-04  breakyes=1.0,  maxresidual < 1.00e-06took 1.611771s, relaxed dual: -0.325665, original: 146.250772 

is_stop =

  logical

   0


final_iter =

     1


3 th thresholding


cutoff =

    0.5830


1 entries survived 
solving SDP...  breakyes = 1.0,  maxresidual < 1.00e-04  breakyes=1.0,  maxresidual < 1.00e-06took 1.635506s, relaxed dual: -0.325665, original: 146.250772 

is_stop =

  logical

   1


final_iter =

     3


 final iteration = 3 
acc_dict = 

  Map with properties:

        Count: 4
      KeyType: double
    ValueType: double


ans =

  1x4 cell array

    {[0.5200]}    {[0.5100]}    {[0.5100]}    {[0.5100]}


ans =

  1x4 cell array

  Columns 1 through 3

    {'1,1,1,1,1,1,2,...'}    {'1,1,1,1,1,1,2,...'}    {'2,2,2,2,2,2,1,...'}

  Column 4

    {'1,1,1,1,1,1,2,...'}


database_subtable =

  4x24 table

    rep    iter    sep    dim     rho    sparsity    stop_og    stop_sdp    stop_loop    acc     obj_prim    obj_dual    obj_original    true_pos    false_pos    false_neg    diff_x_tilde_fro    diff_x_tilde_op    diff_x_tilde_ellone    time_est    time_SDP          jobdate           survived_indices                                                                                                                                                                                                       cluster_est                                                                                                                                                                                                   
    ___    ____    ___    ____    ___    ________    _______    ________    _________    ____    ________    ________    ____________    ________    _________    _________    ________________    _______________    ___________________    ________    ________    ____________________    ________________    _________________________________________________________________________________________________________________________________________________________________________________________________________________________________________________________________________________________________________________________________________________________________________________________________________________

    56      0       4     4500     0        10        false      false        false      0.52           0           0            0          0            0            0               0                   0                    0                    0          0     11-Sep-2024 02:16:45          ""            "1,1,1,1,1,1,2,1,1,2,1,1,2,2,1,1,2,1,1,2,2,2,1,1,2,2,1,1,1,2,1,2,1,1,2,1,1,2,1,1,1,1,1,1,1,2,2,1,1,1,1,1,1,1,1,1,1,1,1,1,1,1,1,1,1,2,1,1,1,1,1,1,2,2,1,1,2,2,1,1,1,1,1,1,2,1,1,1,2,2,1,1,2,1,1,1,1,1,2,2,2,1,2,1,1,1,1,2,1,1,1,1,1,1,2,2,1,1,2,1,2,2,1,1,1,1,1,2,2,1,1,2,1,2,1,1,2,2,1,1,2,1,2,1,1,1,1,2,1,1,1,1,2,2,1,1,1,1,1,1,1,2,1,1,1,1,2,1,1,1,1,1,2,1,2,1,2,1,1,1,1,1,1,1,1,1,2,2,2,1,1,2,1,1,1,1,2,2,1,2"
    56      1       4     4500     0        10        false      false        false      0.51    -0.82805    -0.82805       146.25          0            1           10               0                   0                    0             0.001514     1.7742     11-Sep-2024 02:16:45          "48"          "1,1,1,1,1,1,2,2,2,2,2,2,2,2,1,1,1,1,1,2,2,1,1,1,1,1,2,2,2,1,1,1,1,2,1,1,1,2,1,1,2,1,2,1,2,2,2,1,2,2,1,1,1,2,1,2,1,2,1,1,2,2,1,2,2,2,2,1,1,1,1,2,2,1,1,1,1,2,1,1,1,1,2,2,1,1,1,2,2,2,1,2,2,2,1,1,2,2,2,2,2,1,2,1,1,1,1,2,2,1,2,1,1,1,1,2,2,1,2,2,2,2,2,2,1,1,1,1,2,2,1,2,1,2,1,2,2,1,2,1,2,2,2,2,1,1,1,2,2,1,1,1,2,1,2,2,1,1,2,2,1,1,1,1,1,1,1,1,2,1,1,2,2,1,1,1,2,1,1,1,2,1,1,2,2,2,1,1,2,1,1,2,1,1,1,1,1,2,2,2"
    56      2       4     4500     0        10        true       false        false      0.51    -0.32567    -0.32567       146.25          0            1           10               0                   0                    0             0.001631     1.6118     11-Sep-2024 02:16:45          "48"          "2,2,2,2,2,2,1,1,1,1,1,1,1,1,2,2,2,2,2,1,1,2,2,2,2,2,1,1,1,2,2,2,2,1,2,2,2,1,2,2,1,2,1,2,1,1,1,2,1,1,2,2,2,1,2,1,2,1,2,2,1,1,2,1,1,1,1,2,2,2,2,1,1,2,2,2,2,1,2,2,2,2,1,1,2,2,2,1,1,1,2,1,1,1,2,2,1,1,1,1,1,2,1,2,2,2,2,1,1,2,1,2,2,2,2,1,1,2,1,1,1,1,1,1,2,2,2,2,1,1,2,1,2,1,2,1,1,2,1,2,1,1,1,1,2,2,2,1,1,2,2,2,1,2,1,1,2,2,1,1,2,2,2,2,2,2,2,2,1,2,2,1,1,2,2,2,1,2,2,2,1,2,2,1,1,1,2,2,1,2,2,1,2,2,2,2,2,1,1,1"
    56      3       4     4500     0        10        false      true         false      0.51    -0.32567    -0.32567       146.25          0            1           10               0                   0                    0             0.003247     1.6355     11-Sep-2024 02:16:45          "48"          "1,1,1,1,1,1,2,2,2,2,2,2,2,2,1,1,1,1,1,2,2,1,1,1,1,1,2,2,2,1,1,1,1,2,1,1,1,2,1,1,2,1,2,1,2,2,2,1,2,2,1,1,1,2,1,2,1,2,1,1,2,2,1,2,2,2,2,1,1,1,1,2,2,1,1,1,1,2,1,1,1,1,2,2,1,1,1,2,2,2,1,2,2,2,1,1,2,2,2,2,2,1,2,1,1,1,1,2,2,1,2,1,1,1,1,2,2,1,2,2,2,2,2,2,1,1,1,1,2,2,1,2,1,2,1,2,2,1,2,1,2,2,2,2,1,1,1,2,2,1,1,1,2,1,2,2,1,1,2,2,1,1,1,1,1,1,1,1,2,1,1,2,2,1,1,1,2,1,1,1,2,1,1,2,2,2,1,1,2,1,1,2,1,1,1,1,1,2,2,2"

