==========================================
SLURM_JOB_ID = 25523820
SLURM_JOB_NODELIST = a01-13
TMPDIR = /tmp/SLURM_25523820
==========================================
hello
Starting parallel pool (parpool) ...
Connected to the parallel pool (number of workers: 15).

pool = 

 ProcessPool with properties: 

            Connected: true
           NumWorkers: 15
                 Busy: false
              Cluster: Local
        AttachedFiles: {}
    AutoAddClientPath: true
            FileStore: [1x1 parallel.FileStore]
           ValueStore: [1x1 parallel.ValueStore]
          IdleTimeout: 30 minutes (30 minutes remaining)
          SpmdEnabled: true


dimension =

        4500


separation =

     4


sample_size =

   200


table_name =

    'iso_hc'


db_dir =

    '/home1/jongminm/sparse_kmeans/sparse_kmeans.db'


rho =

     0


full_run =

  logical

   0


blfs = 

  block_replication_for_server with properties:

          table_name: 'iso_hc'
              db_dir: '/home1/jongminm/sparse_kmeans/sparse_kmeans.db'
      data_generator: [1x1 sparse_symmetric_data_generator]
      number_cluster: 2
          n_iter_max: 100
    window_size_half: 2
         sample_size: 200
         init_method: "hc"
        cluster_true: []
             learner: []
            run_full: 0
     matrix_sparsity: 0
            data_obj: @data_gaussian

replication: (141)th 


1 th thresholding


cutoff =

    0.5801


0 entries survived 
All entries dead. Re-initializing...
is_stop =

  logical

   0


final_iter =

     1


2 th thresholding


cutoff =

    0.5801


0 entries survived 
All entries dead. Re-initializing...
is_stop =

  logical

   1


final_iter =

     2


 final iteration = 2 
acc_dict = 

  Map with properties:

        Count: 3
      KeyType: double
    ValueType: double


ans =

  1x3 cell array

    {[0.5950]}    {[0.5950]}    {[0.5950]}


ans =

  1x3 cell array

    {'2,1,2,2,1,2,2,1...'}    {'2,1,2,2,1,2,2,1...'}    {'2,1,2,2,1,2,2,1...'}


database_subtable =

  3x24 table

    rep    iter    sep    dim     rho    sparsity    stop_og    stop_sdp    stop_loop     acc     obj_prim    obj_dual    obj_original    true_pos    false_pos    false_neg    diff_x_tilde_fro    diff_x_tilde_op    diff_x_tilde_ellone    time_est    time_SDP          jobdate           survived_indices                                                                                                                                                                                                       cluster_est                                                                                                                                                                                                   
    ___    ____    ___    ____    ___    ________    _______    ________    _________    _____    ________    ________    ____________    ________    _________    _________    ________________    _______________    ___________________    ________    ________    ____________________    ________________    _________________________________________________________________________________________________________________________________________________________________________________________________________________________________________________________________________________________________________________________________________________________________________________________________________________

    141     0       4     4500     0        10        false      false        false      0.595       0           0             0             0            0            0               0                   0                    0                    0       0        11-Sep-2024 02:21:34           ""           "2,1,2,2,1,2,2,1,2,2,2,2,2,1,1,2,2,2,1,1,1,2,2,1,2,2,2,2,1,2,1,2,2,1,2,2,1,2,1,1,2,1,1,1,2,1,2,1,2,1,2,2,2,1,1,2,1,2,2,1,1,2,1,2,1,2,2,2,1,1,1,2,2,1,2,2,1,1,2,2,2,1,2,2,1,1,2,2,2,2,1,1,2,2,2,2,2,2,1,2,1,2,1,1,1,1,1,2,1,1,1,2,2,1,1,1,1,2,2,2,1,2,1,2,1,2,2,1,1,1,1,2,1,1,1,1,2,2,1,1,2,1,1,2,2,2,1,1,1,2,1,2,1,1,1,2,1,2,1,1,1,2,2,1,1,1,2,1,2,1,1,1,2,2,2,2,2,1,1,2,2,2,2,1,1,2,2,1,2,2,2,1,1,1,1,1,1,1,2,1"
    141     1       4     4500     0        10        false      false        false      0.595       0           0             0             0            0           10               0                   0                    0             0.019277       0        11-Sep-2024 02:21:34           ""           "2,1,2,2,1,2,2,1,2,2,2,2,2,1,1,2,2,2,1,1,1,2,2,1,2,2,2,2,1,2,1,2,2,1,2,2,1,2,1,1,2,1,1,1,2,1,2,1,2,1,2,2,2,1,1,2,1,2,2,1,1,2,1,2,1,2,2,2,1,1,1,2,2,1,2,2,1,1,2,2,2,1,2,2,1,1,2,2,2,2,1,1,2,2,2,2,2,2,1,2,1,2,1,1,1,1,1,2,1,1,1,2,2,1,1,1,1,2,2,2,1,2,1,2,1,2,2,1,1,1,1,2,1,1,1,1,2,2,1,1,2,1,1,2,2,2,1,1,1,2,1,2,1,1,1,2,1,2,1,1,1,2,2,1,1,1,2,1,2,1,1,1,2,2,2,2,2,1,1,2,2,2,2,1,1,2,2,1,2,2,2,1,1,1,1,1,1,1,2,1"
    141     2       4     4500     0        10        true       true         false      0.595       0           0             0             0            0           10               0                   0                    0             0.006509       0        11-Sep-2024 02:21:34           ""           "2,1,2,2,1,2,2,1,2,2,2,2,2,1,1,2,2,2,1,1,1,2,2,1,2,2,2,2,1,2,1,2,2,1,2,2,1,2,1,1,2,1,1,1,2,1,2,1,2,1,2,2,2,1,1,2,1,2,2,1,1,2,1,2,1,2,2,2,1,1,1,2,2,1,2,2,1,1,2,2,2,1,2,2,1,1,2,2,2,2,1,1,2,2,2,2,2,2,1,2,1,2,1,1,1,1,1,2,1,1,1,2,2,1,1,1,1,2,2,2,1,2,1,2,1,2,2,1,1,1,1,2,1,1,1,1,2,2,1,1,2,1,1,2,2,2,1,1,1,2,1,2,1,1,1,2,1,2,1,1,1,2,2,1,1,1,2,1,2,1,1,1,2,2,2,2,2,1,1,2,2,2,2,1,1,2,2,1,2,2,2,1,1,1,1,1,1,1,2,1"


blfs = 

  block_replication_for_server with properties:

          table_name: 'iso_hc'
              db_dir: '/home1/jongminm/sparse_kmeans/sparse_kmeans.db'
      data_generator: [1x1 sparse_symmetric_data_generator]
      number_cluster: 2
          n_iter_max: 100
    window_size_half: 2
         sample_size: 200
         init_method: "hc"
        cluster_true: []
             learner: []
            run_full: 0
     matrix_sparsity: 0
            data_obj: @data_gaussian

replication: (142)th 


1 th thresholding


cutoff =

    0.6299


3 entries survived 
solving SDP...  breakyes=3.2,  dualfeasorg deteriorated too much: primfeasorg=5.68e-07,dualfeasorg=4.51e-05took 14.045118s, relaxed dual: -1.117275, original: 181.136983 

is_stop =

  logical

   0


final_iter =

     1


2 th thresholding


cutoff =

    0.5801


4 entries survived 
solving SDP...  breakyes=3.2,  dualfeasorg deteriorated too much: primfeasorg=1.73e-06,dualfeasorg=5.19e-05took 6.627214s, relaxed dual: -0.920036, original: 168.205710 

is_stop =

  logical

   0


final_iter =

     1


3 th thresholding


cutoff =

    0.5830


2 entries survived 
solving SDP...  breakyes=1.4,  maxresidual < 1.00e-06took 9.538257s, relaxed dual: -0.660628, original: 169.974245 

is_stop =

  logical

   0


final_iter =

     1


4 th thresholding


cutoff =

    0.5819


2 entries survived 
solving SDP...  breakyes = 1.0,  maxresidual < 1.00e-04  breakyes=1.4,  maxresidual < 1.00e-06took 4.124307s, relaxed dual: -0.608724, original: 158.708988 

is_stop =

  logical

   0


final_iter =

     1


5 th thresholding


cutoff =

    0.5803


2 entries survived 
solving SDP...  breakyes = 1.0,  maxresidual < 1.00e-04  breakyes=3.2,  dualfeasorg deteriorated too much: primfeasorg=1.83e-06,dualfeasorg=2.57e-05took 11.649506s, relaxed dual: -0.963362, original: 182.786227 

is_stop =

  logical

   0


final_iter =

     1


6 th thresholding


cutoff =

    0.5803


3 entries survived 
solving SDP...  breakyes = 1.0,  maxresidual < 1.00e-04  breakyes=1.0,  maxresidual < 1.00e-06took 2.150953s, relaxed dual: -1.029548, original: 217.207001 

change =

   -0.5114
   -0.0853
         0
   -0.5826
   -0.6913


change =

    0.0598
    0.0710
         0
    0.1517
    0.3686


is_stop =

  logical

   0


final_iter =

     1


7 th thresholding


cutoff =

    0.5811


3 entries survived 
solving SDP...  breakyes = 1.0,  maxresidual < 1.00e-04  breakyes=1.4,  maxresidual < 1.00e-06took 9.947175s, relaxed dual: -0.897859, original: 203.508246 

is_stop =

  logical

   0


final_iter =

     1


8 th thresholding


cutoff =

    0.5801


2 entries survived 
solving SDP...  breakyes=2.0,  primfeasorg*dualfeasorg < 1.00e-14took 15.973062s, relaxed dual: -0.577207, original: 176.027358 

is_stop =

  logical

   0


final_iter =

     1


9 th thresholding


cutoff =

    0.5805


2 entries survived 
solving SDP...  breakyes = 1.0,  maxresidual < 1.00e-04  breakyes=1.4,  maxresidual < 1.00e-06took 5.699916s, relaxed dual: -0.826428, original: 175.851854 

is_stop =

  logical

   1


final_iter =

     9


 final iteration = 9 
acc_dict = 

  Map with properties:

        Count: 10
      KeyType: double
    ValueType: double


ans =

  1x10 cell array

  Columns 1 through 5

    {[0.5150]}    {[0.5150]}    {[0.5100]}    {[0.5300]}    {[0.5150]}

  Columns 6 through 10

    {[0.5350]}    {[0.5200]}    {[0.5700]}    {[0.5200]}    {[0.5350]}


ans =

  1x10 cell array

  Columns 1 through 3

    {'2,2,1,2,2,2,1,...'}    {'2,2,1,1,2,1,1,...'}    {'1,2,2,1,1,1,2,...'}

  Columns 4 through 6

    {'1,1,2,1,1,1,1,...'}    {'2,1,1,2,2,2,1,...'}    {'1,2,2,2,1,1,2,...'}

  Columns 7 through 9

    {'1,2,2,2,1,1,1,...'}    {'1,2,2,2,1,1,2,...'}    {'2,1,1,1,2,2,1,...'}

  Column 10

    {'2,1,1,1,2,2,1,...'}


database_subtable =

  10x24 table

    rep    iter    sep    dim     rho    sparsity    stop_og    stop_sdp    stop_loop     acc     obj_prim    obj_dual    obj_original    true_pos    false_pos    false_neg    diff_x_tilde_fro    diff_x_tilde_op    diff_x_tilde_ellone    time_est    time_SDP          jobdate            survived_indices                                                                                                                                                                                                         cluster_est                                                                                                                                                                                                   
    ___    ____    ___    ____    ___    ________    _______    ________    _________    _____    ________    ________    ____________    ________    _________    _________    ________________    _______________    ___________________    ________    ________    ____________________    ___________________    _________________________________________________________________________________________________________________________________________________________________________________________________________________________________________________________________________________________________________________________________________________________________________________________________________________

    142     0       4     4500     0        10        false      false        false      0.515           0           0            0          0            0            0               0                   0                    0                    0          0     11-Sep-2024 02:23:13    ""                     "2,2,1,2,2,2,1,1,1,1,2,1,2,2,2,2,2,2,1,1,2,2,1,2,1,1,2,1,1,2,2,2,2,1,2,2,2,2,2,2,1,2,2,2,2,1,2,2,2,2,2,2,2,2,2,2,2,1,1,2,2,2,1,2,2,1,2,2,2,2,2,1,2,2,1,2,1,2,2,2,2,2,1,2,1,2,2,1,2,2,2,2,2,2,1,1,2,2,2,1,1,1,2,2,1,2,2,2,2,1,2,1,1,1,1,1,2,2,2,1,1,2,2,2,2,2,1,1,1,2,2,1,1,2,1,2,2,1,1,2,2,1,2,2,2,2,2,2,2,1,2,1,2,2,1,2,2,1,2,2,1,2,2,2,2,2,2,2,2,2,1,2,2,2,2,2,2,2,2,2,1,1,2,2,1,1,2,2,2,2,1,2,2,2,2,2,2,2,2,1"
    142     1       4     4500     0        10        false      false        false      0.515     -1.1173     -1.1173       181.14          0            3           10               0                   0                    0             0.008641     14.045     11-Sep-2024 02:23:13    "804,1860,3530"        "2,2,1,1,2,1,1,1,1,1,2,1,1,2,1,2,1,2,1,1,1,2,1,2,1,1,2,1,2,1,1,2,1,1,2,2,2,2,1,2,1,2,2,1,2,2,2,2,2,2,2,2,1,2,1,1,1,1,1,2,1,1,1,2,1,1,1,2,2,2,1,1,1,1,1,2,1,1,2,2,1,1,1,2,1,2,2,1,2,1,2,2,2,2,2,1,2,2,2,1,1,1,2,1,2,2,2,1,2,1,2,1,1,1,1,1,1,2,1,1,1,2,2,1,2,2,2,1,1,1,2,2,1,2,1,2,1,1,1,2,2,1,2,2,2,1,1,2,2,1,2,2,2,1,1,2,2,1,1,2,1,1,2,1,2,2,2,2,1,2,1,2,2,2,1,2,2,2,1,2,2,1,1,2,2,1,2,1,1,1,2,2,2,1,1,2,1,2,1,1"
    142     2       4     4500     0        10        false      false        false       0.51    -0.92004    -0.92004       168.21          0            4           10               0                   0                    0             0.007293     6.6272     11-Sep-2024 02:23:13    "654,804,1860,3530"    "1,2,2,1,1,1,2,2,1,2,1,2,2,1,1,2,2,1,2,2,2,2,1,2,2,2,1,2,1,2,2,2,2,1,2,1,2,2,1,1,1,1,2,1,1,1,1,2,2,1,1,1,2,2,1,2,1,1,1,1,2,2,2,1,2,1,1,2,1,2,2,2,2,2,1,1,1,2,2,2,2,2,2,1,1,2,1,2,1,2,1,2,2,1,2,2,2,1,2,2,2,2,2,2,1,1,2,2,2,2,1,1,2,2,1,2,2,1,2,2,1,1,1,2,1,1,2,2,2,2,1,1,2,1,1,1,2,2,1,1,1,2,2,1,2,1,2,1,2,2,1,1,1,1,1,2,1,2,1,1,2,2,2,2,1,1,1,1,2,1,2,2,1,2,1,1,2,2,2,1,1,2,2,2,1,2,2,2,1,2,1,1,1,2,2,2,2,2,1,2"
    142     3       4     4500     0        10        false      false        false       0.53    -0.66063    -0.66063       169.97          0            2           10               0                   0                    0             0.013192     9.5383     11-Sep-2024 02:23:13    "654,3530"             "1,1,2,1,1,1,1,2,2,2,1,1,2,1,2,1,2,1,2,1,1,2,1,2,1,2,1,2,1,2,2,1,2,1,2,1,1,2,1,1,1,1,2,2,2,1,1,2,1,1,1,1,2,1,1,2,2,2,1,1,2,1,2,1,1,2,1,2,1,1,2,2,2,1,2,1,1,2,1,1,1,2,2,1,1,2,2,2,1,2,1,1,1,1,1,2,1,1,2,2,2,2,2,2,1,1,1,2,1,2,1,1,2,2,2,2,2,1,1,2,2,1,1,2,1,1,1,2,2,2,1,1,2,1,2,1,2,2,2,1,1,2,1,1,2,1,1,1,1,2,1,1,1,1,1,2,1,2,2,1,2,2,2,2,1,1,1,1,2,1,2,2,1,2,2,1,1,1,2,1,1,2,2,1,1,2,1,2,2,2,1,1,1,2,2,2,2,1,1,2"
    142     4       4     4500     0        10        false      false        true       0.515    -0.60873    -0.60872       158.71          0            2           10               0                   0                    0             0.002343     4.1243     11-Sep-2024 02:23:13    "654,3530"             "2,1,1,2,2,2,1,1,2,1,2,1,1,2,1,1,1,2,2,1,1,2,2,1,1,1,1,1,2,1,1,2,2,2,1,2,1,1,2,2,2,2,1,2,1,2,2,1,2,2,2,2,1,2,2,1,2,1,2,2,1,2,1,2,2,1,2,1,1,1,1,1,1,2,2,2,2,1,1,2,1,1,1,2,1,1,2,2,2,2,2,1,1,2,1,1,1,2,2,1,1,1,2,1,2,2,1,1,2,1,2,2,1,1,1,1,1,2,1,1,2,2,2,1,1,2,1,2,1,2,2,2,1,2,2,2,2,1,1,2,2,1,1,2,1,2,1,2,1,1,2,2,2,2,2,2,2,1,1,1,2,1,2,1,2,2,2,2,1,1,1,2,2,2,1,2,2,2,2,2,2,1,1,1,2,1,1,1,2,1,2,2,2,1,1,1,1,1,2,2"
    142     5       4     4500     0        10        false      false        false      0.535    -0.96336    -0.96336       182.79          0            2           10               0                   0                    0             0.001699      11.65     11-Sep-2024 02:23:13    "654,2805"             "1,2,2,2,1,1,2,2,1,2,2,1,2,2,1,2,2,2,2,2,2,2,1,1,2,1,2,1,1,2,2,1,2,1,1,1,2,2,1,2,1,1,1,2,1,2,1,2,1,2,2,2,1,1,2,2,1,2,1,1,2,1,2,2,2,2,1,2,1,1,2,2,2,2,2,1,1,2,2,1,2,1,1,1,2,2,2,2,1,1,1,1,1,2,2,2,1,1,1,2,2,2,1,1,2,1,1,2,1,1,2,1,2,2,2,2,2,1,1,2,2,2,1,1,1,1,1,1,2,1,1,2,1,1,1,1,1,2,2,1,2,1,2,2,2,1,1,1,2,1,2,1,1,1,1,1,1,2,2,2,1,2,1,2,1,1,2,2,2,1,1,2,2,1,2,2,1,1,2,1,1,2,2,2,1,2,2,2,1,2,1,2,1,2,1,1,2,2,2,1"
    142     6       4     4500     0        10        false      false        false       0.52     -1.0295     -1.0295       217.21          0            3           10               0                   0                    0             0.003479      2.151     11-Sep-2024 02:23:13    "654,2805,3558"        "1,2,2,2,1,1,1,2,1,1,2,2,1,1,2,2,2,1,1,2,2,1,2,2,1,1,2,1,1,2,2,1,1,1,2,1,2,2,1,2,1,1,2,1,1,2,1,2,1,2,2,2,1,1,2,2,1,2,1,1,2,1,2,1,2,2,1,2,2,2,1,2,2,2,2,1,1,2,2,1,2,2,1,1,2,2,2,2,1,1,1,1,1,1,2,2,1,1,1,2,2,2,1,2,2,1,1,2,2,2,2,2,1,2,2,2,2,1,2,2,2,2,1,1,1,1,2,1,2,1,1,1,1,1,1,1,1,1,2,1,2,1,2,1,2,1,2,2,2,1,2,2,1,2,2,1,1,2,2,2,1,2,1,2,1,1,1,2,2,2,2,1,2,2,2,1,2,1,1,1,1,2,2,2,1,1,2,2,1,2,1,1,1,2,2,2,2,2,2,1"
    142     7       4     4500     0        10        false      false        false       0.57    -0.89786    -0.89786       203.51          0            3           10               0                   0                    0              0.00301     9.9472     11-Sep-2024 02:23:13    "654,2805,3558"        "1,2,2,2,1,1,2,2,1,2,1,1,2,2,1,2,2,2,2,2,2,1,1,2,2,2,2,1,1,2,2,1,1,1,1,1,2,2,1,2,1,1,1,2,1,2,1,2,1,2,2,2,1,1,2,2,1,2,1,1,2,1,2,2,2,2,1,2,1,1,2,2,2,2,2,1,1,2,2,1,2,2,1,1,2,2,2,2,1,1,1,1,2,2,2,2,2,1,1,2,2,2,1,1,2,1,1,2,1,1,1,1,2,2,2,2,2,1,1,2,1,2,1,1,1,1,1,1,2,1,1,2,2,1,1,1,1,2,2,1,2,1,2,1,2,1,2,1,2,1,2,1,1,1,1,1,1,2,2,2,1,2,1,2,1,1,1,1,2,1,1,2,1,1,2,1,1,1,2,1,1,2,2,2,1,2,2,2,1,2,1,2,1,2,1,1,2,2,2,1"
    142     8       4     4500     0        10        false      false        false       0.52    -0.57721    -0.57721       176.03          0            2           10               0                   0                    0             0.003236     15.973     11-Sep-2024 02:23:13    "654,2805"             "2,1,1,1,2,2,1,1,2,1,2,1,2,2,1,1,1,2,2,1,1,2,2,1,1,1,1,2,2,1,1,2,2,2,1,2,1,1,2,2,2,2,1,2,2,2,2,1,2,1,2,2,1,2,2,1,2,1,2,2,1,2,1,1,2,1,2,1,1,1,1,1,1,2,2,2,2,1,1,2,1,1,1,2,1,1,2,2,2,2,2,1,1,2,1,1,1,2,2,1,1,1,2,1,2,2,1,1,2,1,2,2,1,1,1,1,1,2,1,1,2,1,2,2,2,2,1,2,1,2,2,2,1,2,2,2,2,1,1,2,2,1,1,2,1,2,1,2,1,1,1,2,2,2,2,2,2,1,1,1,2,1,2,1,2,2,2,2,1,1,1,2,2,2,1,2,2,2,2,2,2,1,1,1,2,1,1,1,2,1,2,2,2,1,2,1,1,1,2,2"
    142     9       4     4500     0        10        true       false        false      0.535    -0.82643    -0.82643       175.85          0            2           10               0                   0                    0             0.002943     5.6999     11-Sep-2024 02:23:13    "654,2805"             "2,1,1,1,2,2,1,1,2,1,1,2,1,1,2,1,1,1,1,1,1,1,2,2,1,2,1,2,2,1,2,2,1,2,2,2,1,1,2,1,2,2,2,1,2,1,1,1,2,1,1,1,2,2,1,1,2,1,2,2,1,2,1,1,1,1,2,1,2,2,1,1,1,1,1,2,2,1,1,2,1,2,2,2,1,1,1,1,2,2,2,2,2,1,1,1,2,1,2,1,1,1,2,2,1,2,2,1,2,2,1,2,1,1,1,1,1,2,2,1,1,1,2,2,2,2,2,2,1,2,2,1,2,2,2,2,2,1,1,2,1,2,1,1,1,2,2,2,1,2,1,2,2,2,1,2,2,1,1,1,2,1,2,1,2,2,1,1,1,2,2,1,1,2,1,1,2,2,1,2,2,2,1,1,2,1,1,1,2,1,2,1,2,1,2,2,1,1,1,1"


blfs = 

  block_replication_for_server with properties:

          table_name: 'iso_hc'
              db_dir: '/home1/jongminm/sparse_kmeans/sparse_kmeans.db'
      data_generator: [1x1 sparse_symmetric_data_generator]
      number_cluster: 2
          n_iter_max: 100
    window_size_half: 2
         sample_size: 200
         init_method: "hc"
        cluster_true: []
             learner: []
            run_full: 0
     matrix_sparsity: 0
            data_obj: @data_gaussian

replication: (143)th 


1 th thresholding


cutoff =

    0.5805


0 entries survived 
All entries dead. Re-initializing...
is_stop =

  logical

   0


final_iter =

     1


2 th thresholding


cutoff =

    0.5805


0 entries survived 
All entries dead. Re-initializing...
is_stop =

  logical

   1


final_iter =

     2


 final iteration = 2 
acc_dict = 

  Map with properties:

        Count: 3
      KeyType: double
    ValueType: double


ans =

  1x3 cell array

    {[0.5100]}    {[0.5100]}    {[0.5100]}


ans =

  1x3 cell array

    {'2,2,1,1,2,2,2,1...'}    {'2,2,1,1,2,2,2,1...'}    {'2,2,1,1,2,2,2,1...'}


database_subtable =

  3x24 table

    rep    iter    sep    dim     rho    sparsity    stop_og    stop_sdp    stop_loop    acc     obj_prim    obj_dual    obj_original    true_pos    false_pos    false_neg    diff_x_tilde_fro    diff_x_tilde_op    diff_x_tilde_ellone    time_est    time_SDP          jobdate           survived_indices                                                                                                                                                                                                       cluster_est                                                                                                                                                                                                   
    ___    ____    ___    ____    ___    ________    _______    ________    _________    ____    ________    ________    ____________    ________    _________    _________    ________________    _______________    ___________________    ________    ________    ____________________    ________________    _________________________________________________________________________________________________________________________________________________________________________________________________________________________________________________________________________________________________________________________________________________________________________________________________________________

    143     0       4     4500     0        10        false      false        false      0.51       0           0             0             0            0            0               0                   0                    0                    0       0        11-Sep-2024 02:23:40           ""           "2,2,1,1,2,2,2,1,1,1,1,2,2,2,1,2,1,1,1,2,2,2,2,1,1,1,2,1,2,1,2,1,1,2,1,1,1,2,2,1,2,1,2,1,2,2,1,2,1,1,2,2,1,2,2,2,1,1,2,2,1,1,2,2,1,2,1,2,2,1,1,1,1,2,1,2,2,1,2,1,2,1,2,2,1,2,1,2,1,1,2,2,2,1,2,2,1,1,1,2,1,1,1,1,2,2,2,1,2,2,1,1,2,2,2,1,2,2,2,2,2,2,2,2,1,1,1,2,2,2,1,2,1,1,1,2,2,2,2,1,1,1,1,1,2,2,2,2,1,2,1,1,2,1,2,2,2,2,2,2,1,1,1,1,2,1,1,2,2,1,1,1,1,2,1,2,2,1,1,2,2,1,1,2,2,2,1,1,2,2,1,2,1,2,2,1,2,1,1,1"
    143     1       4     4500     0        10        false      false        false      0.51       0           0             0             0            0           10               0                   0                    0             0.005964       0        11-Sep-2024 02:23:40           ""           "2,2,1,1,2,2,2,1,1,1,1,2,2,2,1,2,1,1,1,2,2,2,2,1,1,1,2,1,2,1,2,1,1,2,1,1,1,2,2,1,2,1,2,1,2,2,1,2,1,1,2,2,1,2,2,2,1,1,2,2,1,1,2,2,1,2,1,2,2,1,1,1,1,2,1,2,2,1,2,1,2,1,2,2,1,2,1,2,1,1,2,2,2,1,2,2,1,1,1,2,1,1,1,1,2,2,2,1,2,2,1,1,2,2,2,1,2,2,2,2,2,2,2,2,1,1,1,2,2,2,1,2,1,1,1,2,2,2,2,1,1,1,1,1,2,2,2,2,1,2,1,1,2,1,2,2,2,2,2,2,1,1,1,1,2,1,1,2,2,1,1,1,1,2,1,2,2,1,1,2,2,1,1,2,2,2,1,1,2,2,1,2,1,2,2,1,2,1,1,1"
    143     2       4     4500     0        10        true       true         false      0.51       0           0             0             0            0           10               0                   0                    0             0.001387       0        11-Sep-2024 02:23:40           ""           "2,2,1,1,2,2,2,1,1,1,1,2,2,2,1,2,1,1,1,2,2,2,2,1,1,1,2,1,2,1,2,1,1,2,1,1,1,2,2,1,2,1,2,1,2,2,1,2,1,1,2,2,1,2,2,2,1,1,2,2,1,1,2,2,1,2,1,2,2,1,1,1,1,2,1,2,2,1,2,1,2,1,2,2,1,2,1,2,1,1,2,2,2,1,2,2,1,1,1,2,1,1,1,1,2,2,2,1,2,2,1,1,2,2,2,1,2,2,2,2,2,2,2,2,1,1,1,2,2,2,1,2,1,1,1,2,2,2,2,1,1,1,1,1,2,2,2,2,1,2,1,1,2,1,2,2,2,2,2,2,1,1,1,1,2,1,1,2,2,1,1,1,1,2,1,2,2,1,1,2,2,1,1,2,2,2,1,1,2,2,1,2,1,2,2,1,2,1,1,1"


blfs = 

  block_replication_for_server with properties:

          table_name: 'iso_hc'
              db_dir: '/home1/jongminm/sparse_kmeans/sparse_kmeans.db'
      data_generator: [1x1 sparse_symmetric_data_generator]
      number_cluster: 2
          n_iter_max: 100
    window_size_half: 2
         sample_size: 200
         init_method: "hc"
        cluster_true: []
             learner: []
            run_full: 0
     matrix_sparsity: 0
            data_obj: @data_gaussian

replication: (144)th 


1 th thresholding


cutoff =

    0.8014


1 entries survived 
solving SDP...  breakyes = 1.0,  maxresidual < 1.00e-04  breakyes=1.4,  maxresidual < 1.00e-06took 7.580659s, relaxed dual: -1.478725, original: 207.363388 

is_stop =

  logical

   0


final_iter =

     1


2 th thresholding


cutoff =

    0.5819


10 entries survived 
solving SDP...  breakyes=1.4,  maxresidual < 1.00e-06took 23.733931s, relaxed dual: -15.896197, original: 962.357810 

is_stop =

  logical

   0


final_iter =

     1


3 th thresholding


cutoff =

    0.5801


11 entries survived 
solving SDP...  breakyes=1.4,  maxresidual < 1.00e-06took 4.818617s, relaxed dual: -4.805959, original: 979.546879 

is_stop =

  logical

   0


final_iter =

     1


4 th thresholding


cutoff =

    0.5803


11 entries survived 
solving SDP...  breakyes=1.0,  maxresidual < 1.00e-06took 4.657744s, relaxed dual: -4.855371, original: 981.015996 

is_stop =

  logical

   0


final_iter =

     1


5 th thresholding


cutoff =

    0.5801


10 entries survived 
solving SDP...  breakyes=1.4,  maxresidual < 1.00e-06took 8.692045s, relaxed dual: -4.656521, original: 962.357810 

is_stop =

  logical

   0


final_iter =

     1


6 th thresholding


cutoff =

    0.5801


11 entries survived 
solving SDP...  breakyes=1.4,  maxresidual < 1.00e-06took 5.047293s, relaxed dual: -4.805959, original: 979.546879 

change =

   -2.2740
   -0.0102
         0
   -0.0410
   -0.0102


change =

    0.0190
    0.0015
         0
    0.0190
    0.0015


is_stop =

  logical

   1


final_iter =

     4


 final iteration = 4 
acc_dict = 

  Map with properties:

        Count: 5
      KeyType: double
    ValueType: double


ans =

  1x5 cell array

    {[0.5750]}    {[0.8100]}    {[0.9850]}    {[0.9750]}    {[0.9850]}


ans =

  1x5 cell array

  Columns 1 through 3

    {'1,2,2,2,2,2,2,...'}    {'2,2,2,2,1,2,2,...'}    {'1,1,1,1,1,1,1,...'}

  Columns 4 through 5

    {'1,1,1,1,1,1,1,...'}    {'1,1,1,1,2,1,1,...'}


database_subtable =

  5x24 table

    rep    iter    sep    dim     rho    sparsity    stop_og    stop_sdp    stop_loop     acc     obj_prim    obj_dual    obj_original    true_pos    false_pos    false_neg    diff_x_tilde_fro    diff_x_tilde_op    diff_x_tilde_ellone    time_est    time_SDP          jobdate                survived_indices                                                                                                                                                                                                             cluster_est                                                                                                                                                                                                   
    ___    ____    ___    ____    ___    ________    _______    ________    _________    _____    ________    ________    ____________    ________    _________    _________    ________________    _______________    ___________________    ________    ________    ____________________    ___________________________    _________________________________________________________________________________________________________________________________________________________________________________________________________________________________________________________________________________________________________________________________________________________________________________________________________________

    144     0       4     4500     0        10        false      false        false      0.575          0           0             0           0           0            0               0                   0                    0                    0          0     11-Sep-2024 02:24:45    ""                             "1,2,2,2,2,2,2,2,2,2,2,2,1,1,2,2,1,2,2,2,2,2,2,1,1,2,2,2,2,2,2,1,2,2,2,2,2,1,2,2,2,2,2,2,1,2,1,2,2,2,2,2,2,2,2,2,2,2,2,2,2,2,2,2,1,1,2,2,2,2,2,1,2,1,2,2,2,2,1,1,2,2,1,1,2,2,1,2,2,1,1,2,2,1,2,1,2,2,2,2,2,2,2,2,2,2,2,2,2,2,2,2,2,1,2,2,2,2,2,2,2,2,2,2,2,2,1,2,2,2,2,2,2,2,1,2,1,2,2,2,2,2,1,2,2,2,2,2,2,2,2,2,2,2,2,2,2,2,2,2,2,2,2,2,2,2,2,2,2,2,2,2,2,2,2,2,2,1,2,2,2,2,2,2,2,2,2,2,2,1,2,2,2,2,2,2,2,2,1,2"
    144     1       4     4500     0        10        false      false        false       0.81    -1.4787     -1.4787        207.36           1           0            9               0                   0                    0             0.006334     7.5807     11-Sep-2024 02:24:45    "8"                            "2,2,2,2,1,2,2,2,1,2,1,1,1,2,2,2,2,2,2,2,2,2,1,2,2,2,2,2,1,2,2,2,2,2,2,2,2,1,2,2,1,1,2,2,2,2,2,2,1,1,2,2,1,2,2,2,2,2,2,2,2,2,2,2,2,2,2,2,1,1,2,2,2,2,2,1,2,2,2,2,1,2,2,1,1,1,2,2,2,2,2,2,2,2,2,1,2,2,1,1,1,1,1,1,1,1,1,1,1,1,1,1,1,1,1,2,1,2,1,2,1,1,2,1,1,2,1,1,1,1,1,2,1,1,1,1,1,1,1,1,2,1,2,1,1,1,1,1,1,1,1,1,1,1,1,2,1,1,2,1,1,1,1,1,1,1,1,1,1,1,1,1,2,1,1,1,1,1,1,1,2,1,1,1,1,1,2,1,1,2,1,1,1,1,1,1,1,1,2,1"
    144     2       4     4500     0        10        false      false        false      0.985    -15.896     -15.896        962.36          10           0            0               0                   0                    0              0.00331     23.734     11-Sep-2024 02:24:45    "1,2,3,4,5,6,7,8,9,10"         "1,1,1,1,1,1,1,1,1,1,1,1,1,1,1,1,1,1,1,1,1,1,1,1,1,1,1,1,1,1,1,1,1,1,1,1,1,1,1,1,1,1,1,1,1,1,1,1,1,1,1,1,1,1,1,1,1,1,1,1,1,1,1,1,1,1,1,1,1,1,1,1,2,1,1,1,1,1,1,1,1,1,1,1,1,1,1,1,1,1,1,1,1,1,1,1,1,1,1,1,2,2,2,2,2,2,2,2,2,2,2,2,2,2,2,2,2,2,2,2,2,2,2,2,2,2,2,2,2,2,2,2,2,2,2,2,2,2,2,2,2,2,2,2,2,2,2,2,2,2,2,2,2,2,2,2,2,2,2,2,2,2,2,2,2,2,2,2,2,2,2,2,2,1,2,2,2,2,2,2,2,2,2,2,1,2,2,2,2,2,2,2,2,2,2,2,2,2,2,2"
    144     3       4     4500     0        10        false      false        false      0.975     -4.806      -4.806        979.55          10           1            0               0                   0                    0             0.003903     4.8186     11-Sep-2024 02:24:45    "1,2,3,4,5,6,7,8,9,10,2771"    "1,1,1,1,1,1,1,1,1,1,1,1,1,1,1,1,1,1,1,1,1,1,1,1,1,1,1,1,1,1,1,1,1,1,1,1,1,1,1,1,1,1,1,1,1,1,1,1,1,1,1,1,1,1,1,1,1,1,1,1,1,1,1,1,1,1,1,1,1,1,1,1,2,1,1,1,1,1,1,1,1,1,1,1,1,1,1,1,1,1,1,1,1,1,1,1,1,1,1,1,2,2,2,2,2,2,2,2,2,2,2,2,2,2,2,2,2,2,1,2,2,2,2,2,2,2,2,2,2,2,2,2,2,2,2,2,2,2,2,2,2,2,2,2,2,2,2,2,2,2,2,2,2,2,2,2,2,2,2,2,2,2,2,2,2,2,2,2,2,2,2,2,1,1,2,2,2,2,2,2,2,2,2,2,1,2,2,2,2,2,2,2,2,2,2,2,2,2,2,2"
    144     4       4     4500     0        10        true       false        true       0.985    -4.8554     -4.8554        981.02          10           1            0               0                   0                    0             0.002245     4.6577     11-Sep-2024 02:24:45    "1,2,3,4,5,6,7,8,9,10,2771"    "1,1,1,1,2,1,1,1,1,1,1,1,1,1,1,1,1,1,1,1,1,1,1,1,1,1,1,1,1,1,1,1,1,1,1,1,1,1,1,1,1,1,1,1,1,1,1,1,1,1,1,1,1,1,1,1,1,1,1,1,1,1,1,1,1,1,1,1,1,1,1,1,2,1,1,1,1,1,1,1,1,1,1,1,1,1,1,1,1,1,1,1,1,1,1,1,1,1,1,1,2,2,2,2,2,2,2,2,2,2,2,2,2,2,2,2,2,2,2,2,2,2,2,2,2,2,2,2,2,2,2,2,2,2,2,2,2,2,2,2,2,2,2,2,2,2,2,2,2,2,2,2,2,2,2,2,2,2,2,2,2,2,2,2,2,2,2,2,2,2,2,2,2,2,2,2,2,2,2,2,2,2,2,2,1,2,2,2,2,2,2,2,2,2,2,2,2,2,2,2"

