==========================================
SLURM_JOB_ID = 25533323
SLURM_JOB_NODELIST = b22-03
TMPDIR = /tmp/SLURM_25533323
==========================================
hello
Starting parallel pool (parpool) ...
Connected to the parallel pool (number of workers: 15).

pool = 

 ProcessPool with properties: 

            Connected: true
           NumWorkers: 15
                 Busy: false
              Cluster: Local
        AttachedFiles: {}
    AutoAddClientPath: true
            FileStore: [1x1 parallel.FileStore]
           ValueStore: [1x1 parallel.ValueStore]
          IdleTimeout: 30 minutes (30 minutes remaining)
          SpmdEnabled: true


dimension =

        1500


separation =

     5


sample_size =

   200


table_name =

    'iso_hc'


db_dir =

    '/home1/jongminm/sparse_kmeans/sparse_kmeans.db'


rho =

     0


full_run =

  logical

   0


blfs = 

  block_replication_for_server with properties:

          table_name: 'iso_hc'
              db_dir: '/home1/jongminm/sparse_kmeans/sparse_kmeans.db'
      data_generator: [1x1 sparse_symmetric_data_generator]
      number_cluster: 2
          n_iter_max: 100
    window_size_half: 2
         sample_size: 200
         init_method: "hc"
        cluster_true: []
             learner: []
            run_full: 0
     matrix_sparsity: 0
            data_obj: @data_gaussian

replication: (193)th 


1 th thresholding


cutoff =

    0.6091


9 entries survived 
solving SDP...  breakyes=1.4,  maxresidual < 1.00e-06took 14.509715s, relaxed dual: -24.653759, original: 1046.194473 

is_stop =

  logical

   0


final_iter =

     1


2 th thresholding


cutoff =

    0.5410


10 entries survived 
solving SDP...  breakyes=1.3,  maxresidual < 1.00e-06took 12.573788s, relaxed dual: -5.610735, original: 1218.063331 

is_stop =

  logical

   0


final_iter =

     1


3 th thresholding


cutoff =

    0.5409


12 entries survived 
solving SDP...  breakyes=1.4,  maxresidual < 1.00e-06took 18.809785s, relaxed dual: -5.601628, original: 1253.510523 

is_stop =

  logical

   0


final_iter =

     1


4 th thresholding


cutoff =

    0.5409


10 entries survived 
solving SDP...  breakyes=1.4,  maxresidual < 1.00e-06took 9.579006s, relaxed dual: -5.425693, original: 1218.063331 

is_stop =

  logical

   0


final_iter =

     1


5 th thresholding


cutoff =

    0.5409


12 entries survived 
solving SDP...  breakyes=1.4,  maxresidual < 1.00e-06took 14.627828s, relaxed dual: -5.601628, original: 1253.510523 

is_stop =

  logical

   0


final_iter =

     1


6 th thresholding


cutoff =

    0.5409


10 entries survived 
solving SDP...  breakyes=1.4,  maxresidual < 1.00e-06took 9.154054s, relaxed dual: -5.425693, original: 1218.063331 

change =

   -0.0341
   -0.0324
         0
   -0.0324
         0


change =

         0
    0.0291
         0
    0.0291
         0


is_stop =

  logical

   1


final_iter =

     4


 final iteration = 4 
acc_dict = 

  Map with properties:

        Count: 5
      KeyType: double
    ValueType: double


ans =

  1x5 cell array

    {[0.6800]}    {[0.9900]}    {[0.9850]}    {[0.9950]}    {[0.9850]}


ans =

  1x5 cell array

  Columns 1 through 3

    {'1,1,2,1,1,2,1,...'}    {'2,2,2,2,2,2,2,...'}    {'1,1,1,1,1,1,1,...'}

  Columns 4 through 5

    {'2,2,2,2,2,2,2,...'}    {'1,1,1,1,1,1,1,...'}


database_subtable =

  5x24 table

    rep    iter    sep    dim     rho    sparsity    stop_og    stop_sdp    stop_loop     acc     obj_prim    obj_dual    obj_original    true_pos    false_pos    false_neg    diff_x_tilde_fro    diff_x_tilde_op    diff_x_tilde_ellone    time_est    time_SDP          jobdate                  survived_indices                                                                                                                                                                                                               cluster_est                                                                                                                                                                                                   
    ___    ____    ___    ____    ___    ________    _______    ________    _________    _____    ________    ________    ____________    ________    _________    _________    ________________    _______________    ___________________    ________    ________    ____________________    _______________________________    _________________________________________________________________________________________________________________________________________________________________________________________________________________________________________________________________________________________________________________________________________________________________________________________________________________

    193     0       5     1500     0        10        false      false        false       0.68          0           0             0           0           0            0               0                   0                    0                    0          0     11-Sep-2024 12:53:15    ""                                 "1,1,2,1,1,2,1,2,1,1,2,1,2,1,2,2,2,1,1,2,1,1,1,1,2,2,2,2,2,1,2,1,2,1,1,2,2,1,1,2,1,1,2,2,1,2,1,2,1,2,2,2,1,2,2,1,2,2,1,1,1,1,2,1,2,2,1,2,1,1,2,1,2,2,2,2,2,2,1,1,2,2,1,2,2,1,2,2,2,2,2,1,2,2,1,2,2,2,1,1,1,2,1,2,2,2,2,2,2,1,1,2,2,2,2,2,2,2,2,2,2,2,2,2,2,2,2,2,2,2,2,2,2,2,2,2,1,2,2,2,2,1,2,2,2,2,2,2,2,2,2,2,2,2,2,2,2,2,2,2,2,2,2,2,2,2,2,1,1,2,1,2,2,2,2,2,2,2,2,2,2,2,2,2,2,2,2,2,2,2,2,2,2,2,2,2,2,2,2,2"
    193     1       5     1500     0        10        false      false        false       0.99    -24.654     -24.654        1046.2           8           1            2               0                   0                    0             0.025516      14.51     11-Sep-2024 12:53:15    "1,2,3,5,6,8,9,10,1173"            "2,2,2,2,2,2,2,2,2,2,2,1,2,2,1,2,2,2,2,2,2,2,2,2,2,2,2,2,2,2,2,2,2,2,2,2,2,2,2,2,2,2,2,2,2,2,2,2,2,2,2,2,2,2,2,2,2,2,2,2,2,2,2,2,2,2,2,2,2,2,2,2,2,2,2,2,2,2,2,2,2,2,2,2,2,2,2,2,2,2,2,2,2,2,2,2,2,2,2,2,1,1,1,1,1,1,1,1,1,1,1,1,1,1,1,1,1,1,1,1,1,1,1,1,1,1,1,1,1,1,1,1,1,1,1,1,1,1,1,1,1,1,1,1,1,1,1,1,1,1,1,1,1,1,1,1,1,1,1,1,1,1,1,1,1,1,1,1,1,1,1,1,1,1,1,1,1,1,1,1,1,1,1,1,1,1,1,1,1,1,1,1,1,1,1,1,1,1,1,1"
    193     2       5     1500     0        10        false      false        false      0.985    -5.6107     -5.6107        1218.1          10           0            0               0                   0                    0             0.015528     12.574     11-Sep-2024 12:53:15    "1,2,3,4,5,6,7,8,9,10"             "1,1,1,1,1,1,1,1,1,1,1,1,1,1,2,1,1,1,1,1,1,1,1,1,1,1,1,1,1,1,1,1,1,1,1,1,1,1,1,1,1,1,1,1,1,1,1,1,1,1,1,1,1,1,1,1,1,1,1,1,1,1,1,1,1,1,1,1,1,1,1,1,1,1,1,1,1,1,1,1,1,1,1,1,1,1,1,1,1,1,1,1,1,2,1,1,1,1,1,1,2,2,2,2,2,2,2,2,2,2,2,2,2,2,2,2,2,2,2,2,2,2,2,2,2,2,2,2,2,2,2,2,2,2,1,2,2,2,2,2,2,2,2,2,2,2,2,2,2,2,2,2,2,2,2,2,2,2,2,2,2,2,2,2,2,2,2,2,2,2,2,2,2,2,2,2,2,2,2,2,2,2,2,2,2,2,2,2,2,2,2,2,2,2,2,2,2,2,2,2"
    193     3       5     1500     0        10        false      true         false      0.995    -5.6016     -5.6016        1253.5          10           2            0               0                   0                    0             0.024414      18.81     11-Sep-2024 12:53:15    "1,2,3,4,5,6,7,8,9,10,517,1193"    "2,2,2,2,2,2,2,2,2,2,2,2,2,2,1,2,2,2,2,2,2,2,2,2,2,2,2,2,2,2,2,2,2,2,2,2,2,2,2,2,2,2,2,2,2,2,2,2,2,2,2,2,2,2,2,2,2,2,2,2,2,2,2,2,2,2,2,2,2,2,2,2,2,2,2,2,2,2,2,2,2,2,2,2,2,2,2,2,2,2,2,2,2,2,2,2,2,2,2,2,1,1,1,1,1,1,1,1,1,1,1,1,1,1,1,1,1,1,1,1,1,1,1,1,1,1,1,1,1,1,1,1,1,1,1,1,1,1,1,1,1,1,1,1,1,1,1,1,1,1,1,1,1,1,1,1,1,1,1,1,1,1,1,1,1,1,1,1,1,1,1,1,1,1,1,1,1,1,1,1,1,1,1,1,1,1,1,1,1,1,1,1,1,1,1,1,1,1,1,1"
    193     4       5     1500     0        10        false      false        true       0.985    -5.4257     -5.4257        1218.1          10           0            0               0                   0                    0             0.004856      9.579     11-Sep-2024 12:53:15    "1,2,3,4,5,6,7,8,9,10"             "1,1,1,1,1,1,1,1,1,1,1,1,1,1,2,1,1,1,1,1,1,1,1,1,1,1,1,1,1,1,1,1,1,1,1,1,1,1,1,1,1,1,1,1,1,1,1,1,1,1,1,1,1,1,1,1,1,1,1,1,1,1,1,1,1,1,1,1,1,1,1,1,1,1,1,1,1,1,1,1,1,1,1,1,1,1,1,1,1,1,1,1,1,2,1,1,1,1,1,1,2,2,2,2,2,2,2,2,2,2,2,2,2,2,2,2,2,2,2,2,2,2,2,2,2,2,2,2,2,2,2,2,2,2,1,2,2,2,2,2,2,2,2,2,2,2,2,2,2,2,2,2,2,2,2,2,2,2,2,2,2,2,2,2,2,2,2,2,2,2,2,2,2,2,2,2,2,2,2,2,2,2,2,2,2,2,2,2,2,2,2,2,2,2,2,2,2,2,2,2"


blfs = 

  block_replication_for_server with properties:

          table_name: 'iso_hc'
              db_dir: '/home1/jongminm/sparse_kmeans/sparse_kmeans.db'
      data_generator: [1x1 sparse_symmetric_data_generator]
      number_cluster: 2
          n_iter_max: 100
    window_size_half: 2
         sample_size: 200
         init_method: "hc"
        cluster_true: []
             learner: []
            run_full: 0
     matrix_sparsity: 0
            data_obj: @data_gaussian

replication: (194)th 


1 th thresholding


cutoff =

    0.5410


13 entries survived 
solving SDP...  breakyes=1.0,  maxresidual < 1.00e-06took 3.862527s, relaxed dual: -31.834980, original: 1294.597886 

is_stop =

  logical

   0


final_iter =

     1


2 th thresholding


cutoff =

    0.5409


10 entries survived 
solving SDP...  breakyes = 1.0,  maxresidual < 1.00e-04  breakyes=1.0,  maxresidual < 1.00e-06took 3.377828s, relaxed dual: -6.637210, original: 1279.025909 

is_stop =

  logical

   0


final_iter =

     1


3 th thresholding


cutoff =

    0.5411


10 entries survived 
solving SDP...  breakyes=1.0,  maxresidual < 1.00e-06took 13.297870s, relaxed dual: -6.864323, original: 1283.957040 

is_stop =

  logical

   0


final_iter =

     1


4 th thresholding


cutoff =

    0.5410


10 entries survived 
solving SDP...  breakyes = 1.0,  maxresidual < 1.00e-04  breakyes=1.0,  maxresidual < 1.00e-06took 4.622214s, relaxed dual: -6.721658, original: 1279.025909 

is_stop =

  logical

   0


final_iter =

     1


5 th thresholding


cutoff =

    0.5411


10 entries survived 
solving SDP...  breakyes=1.0,  maxresidual < 1.00e-06took 12.236955s, relaxed dual: -6.864323, original: 1283.957040 

is_stop =

  logical

   0


final_iter =

     1


6 th thresholding


cutoff =

    0.5410


10 entries survived 
solving SDP...  breakyes = 1.0,  maxresidual < 1.00e-04  breakyes=1.0,  maxresidual < 1.00e-06took 4.325009s, relaxed dual: -6.721658, original: 1279.025909 

change =

   -0.0126
   -0.0212
         0
   -0.0212
         0


change =

         0
    0.0039
         0
    0.0039
         0


is_stop =

  logical

   1


final_iter =

     4


 final iteration = 4 
acc_dict = 

  Map with properties:

        Count: 5
      KeyType: double
    ValueType: double


ans =

  1x5 cell array

    {[0.7600]}    {[0.9950]}    {[0.9850]}    {[0.9900]}    {[0.9850]}


ans =

  1x5 cell array

  Columns 1 through 3

    {'1,2,1,1,2,2,1,...'}    {'1,1,1,1,1,1,1,...'}    {'1,1,1,1,1,1,1,...'}

  Columns 4 through 5

    {'2,2,2,2,2,2,2,...'}    {'2,2,2,2,2,2,2,...'}


database_subtable =

  5x24 table

    rep    iter    sep    dim     rho    sparsity    stop_og    stop_sdp    stop_loop     acc     obj_prim    obj_dual    obj_original    true_pos    false_pos    false_neg    diff_x_tilde_fro    diff_x_tilde_op    diff_x_tilde_ellone    time_est    time_SDP          jobdate                    survived_indices                                                                                                                                                                                                                cluster_est                                                                                                                                                                                                   
    ___    ____    ___    ____    ___    ________    _______    ________    _________    _____    ________    ________    ____________    ________    _________    _________    ________________    _______________    ___________________    ________    ________    ____________________    __________________________________    _________________________________________________________________________________________________________________________________________________________________________________________________________________________________________________________________________________________________________________________________________________________________________________________________________________

    194     0       5     1500     0        10        false      false        false       0.76          0           0             0           0           0            0               0                   0                    0                    0          0     11-Sep-2024 12:54:17    ""                                    "1,2,1,1,2,2,1,1,1,1,1,1,1,2,1,1,1,2,1,1,2,1,2,1,1,1,1,1,1,2,2,1,1,1,1,1,1,1,1,2,2,2,1,1,1,1,1,1,1,1,1,1,1,1,1,1,1,1,1,1,2,1,2,2,1,1,1,1,2,2,2,1,1,1,2,1,1,1,2,1,1,1,2,1,2,1,1,2,1,1,1,2,1,1,1,1,1,1,1,2,2,2,2,2,2,2,1,2,2,2,1,2,1,2,1,2,1,2,2,2,1,2,2,1,2,2,2,2,1,1,2,2,2,2,2,2,2,2,2,2,1,1,2,2,2,1,2,2,2,2,2,2,1,2,2,2,2,2,2,2,1,2,2,2,2,2,1,2,2,1,2,1,1,2,2,2,2,2,1,2,2,1,2,2,2,2,1,2,2,2,1,2,2,2,2,1,2,2,2,2"
    194     1       5     1500     0        10        false      false        false      0.995    -31.835     -31.835        1294.6          10           3            0               0                   0                    0             0.004451     3.8625     11-Sep-2024 12:54:17    "1,2,3,4,5,6,7,8,9,10,678,731,898"    "1,1,1,1,1,1,1,1,1,1,1,1,1,1,1,1,1,1,1,1,1,1,1,1,1,1,1,1,1,1,1,1,1,1,1,1,1,1,1,1,1,1,1,1,1,1,1,1,1,1,1,1,1,1,1,1,1,1,1,1,1,1,1,1,1,1,1,1,1,1,1,1,1,1,1,1,1,1,1,1,1,1,1,1,1,1,1,1,1,1,1,1,1,1,1,1,1,1,1,1,2,2,2,2,2,2,2,2,2,2,2,2,2,2,2,2,2,2,2,2,2,2,2,2,2,2,2,2,2,1,2,2,2,2,2,2,2,2,2,2,2,2,2,2,2,2,2,2,2,2,2,2,2,2,2,2,2,2,2,2,2,2,2,2,2,2,2,2,2,2,2,2,2,2,2,2,2,2,2,2,2,2,2,2,2,2,2,2,2,2,2,2,2,2,2,2,2,2,2,2"
    194     2       5     1500     0        10        false      false        false      0.985    -6.6372     -6.6372          1279          10           0            0               0                   0                    0             0.001982     3.3778     11-Sep-2024 12:54:17    "1,2,3,4,5,6,7,8,9,10"                "1,1,1,1,1,1,1,1,1,1,1,1,1,1,1,1,1,1,1,1,1,1,1,1,1,1,1,1,1,1,1,1,1,1,1,1,1,1,1,1,1,1,1,1,1,1,1,1,1,1,1,1,1,1,1,1,1,1,1,1,1,1,1,1,1,1,1,1,1,1,1,1,1,1,1,1,1,1,1,1,1,1,1,1,1,1,1,1,1,1,1,1,1,1,1,1,1,1,1,1,2,2,2,2,2,2,2,2,2,2,2,2,2,2,2,2,2,2,2,2,2,2,2,2,2,2,2,2,2,1,2,2,2,2,2,2,2,2,2,2,2,2,2,2,2,2,2,2,2,2,2,2,2,2,2,2,2,2,2,2,2,2,2,2,2,2,2,2,2,2,2,1,2,2,2,2,2,2,2,2,2,1,2,2,2,2,2,2,2,2,2,2,2,2,2,2,2,2,2,2"
    194     3       5     1500     0        10        true       false        false       0.99    -6.8643     -6.8643          1284          10           0            0               0                   0                    0             0.001996     13.298     11-Sep-2024 12:54:17    "1,2,3,4,5,6,7,8,9,10"                "2,2,2,2,2,2,2,2,2,2,2,2,2,2,2,2,2,2,2,2,2,2,2,2,2,2,2,2,2,2,2,2,2,2,2,2,2,2,2,2,2,2,2,2,2,2,2,2,2,2,2,2,2,2,2,2,2,2,2,2,2,2,2,2,2,2,2,2,2,2,2,2,2,2,2,2,2,2,2,2,2,2,2,2,2,2,2,2,2,2,2,2,2,2,2,2,2,2,2,2,1,1,1,1,1,1,1,1,1,1,1,1,1,1,1,1,1,1,1,1,1,1,1,1,1,1,1,1,1,2,1,1,1,1,1,1,1,1,1,1,1,1,1,1,1,1,1,1,1,1,1,1,1,1,1,1,1,1,1,1,1,1,1,1,1,1,1,1,1,1,1,1,1,1,1,1,1,2,1,1,1,1,1,1,1,1,1,1,1,1,1,1,1,1,1,1,1,1,1,1"
    194     4       5     1500     0        10        false      false        true       0.985    -6.7217     -6.7217          1279          10           0            0               0                   0                    0             0.004198     4.6222     11-Sep-2024 12:54:17    "1,2,3,4,5,6,7,8,9,10"                "2,2,2,2,2,2,2,2,2,2,2,2,2,2,2,2,2,2,2,2,2,2,2,2,2,2,2,2,2,2,2,2,2,2,2,2,2,2,2,2,2,2,2,2,2,2,2,2,2,2,2,2,2,2,2,2,2,2,2,2,2,2,2,2,2,2,2,2,2,2,2,2,2,2,2,2,2,2,2,2,2,2,2,2,2,2,2,2,2,2,2,2,2,2,2,2,2,2,2,2,1,1,1,1,1,1,1,1,1,1,1,1,1,1,1,1,1,1,1,1,1,1,1,1,1,1,1,1,1,2,1,1,1,1,1,1,1,1,1,1,1,1,1,1,1,1,1,1,1,1,1,1,1,1,1,1,1,1,1,1,1,1,1,1,1,1,1,1,1,1,1,2,1,1,1,1,1,1,1,1,1,2,1,1,1,1,1,1,1,1,1,1,1,1,1,1,1,1,1,1"


blfs = 

  block_replication_for_server with properties:

          table_name: 'iso_hc'
              db_dir: '/home1/jongminm/sparse_kmeans/sparse_kmeans.db'
      data_generator: [1x1 sparse_symmetric_data_generator]
      number_cluster: 2
          n_iter_max: 100
    window_size_half: 2
         sample_size: 200
         init_method: "hc"
        cluster_true: []
             learner: []
            run_full: 0
     matrix_sparsity: 0
            data_obj: @data_gaussian

replication: (195)th 


1 th thresholding


cutoff =

    0.5411


11 entries survived 
solving SDP...  breakyes=1.4,  maxresidual < 1.00e-06took 7.373569s, relaxed dual: -33.773688, original: 1244.892017 

is_stop =

  logical

   0


final_iter =

     1


2 th thresholding


cutoff =

    0.5410


11 entries survived 
solving SDP...  breakyes=1.4,  maxresidual < 1.00e-06took 7.944078s, relaxed dual: -6.162262, original: 1251.164406 

is_stop =

  logical

   0


final_iter =

     1


3 th thresholding


cutoff =

    0.5409


10 entries survived 
solving SDP...  breakyes=3.2,  dualfeasorg deteriorated too much: primfeasorg=2.68e-06,dualfeasorg=2.46e-05took 6.243752s, relaxed dual: -6.294182, original: 1236.381646 

is_stop =

  logical

   0


final_iter =

     1


4 th thresholding


cutoff =

    0.5411


10 entries survived 
solving SDP...  breakyes=3.2,  dualfeasorg deteriorated too much: primfeasorg=2.09e-06,dualfeasorg=4.83e-05took 6.030363s, relaxed dual: -6.305735, original: 1236.875347 

is_stop =

  logical

   1


final_iter =

     4


 final iteration = 4 
acc_dict = 

  Map with properties:

        Count: 5
      KeyType: double
    ValueType: double


ans =

  1x5 cell array

    {[0.7350]}    {[0.9800]}    {[0.9850]}    {[0.9750]}    {[0.9850]}


ans =

  1x5 cell array

  Columns 1 through 3

    {'2,2,2,2,2,2,1,...'}    {'2,2,2,2,2,2,2,...'}    {'2,2,2,2,2,2,2,...'}

  Columns 4 through 5

    {'1,1,1,1,1,1,1,...'}    {'1,1,1,1,1,1,1,...'}


database_subtable =

  5x24 table

    rep    iter    sep    dim     rho    sparsity    stop_og    stop_sdp    stop_loop     acc     obj_prim    obj_dual    obj_original    true_pos    false_pos    false_neg    diff_x_tilde_fro    diff_x_tilde_op    diff_x_tilde_ellone    time_est    time_SDP          jobdate                survived_indices                                                                                                                                                                                                             cluster_est                                                                                                                                                                                                   
    ___    ____    ___    ____    ___    ________    _______    ________    _________    _____    ________    ________    ____________    ________    _________    _________    ________________    _______________    ___________________    ________    ________    ____________________    ___________________________    _________________________________________________________________________________________________________________________________________________________________________________________________________________________________________________________________________________________________________________________________________________________________________________________________________________

    195     0       5     1500     0        10        false      false        false      0.735          0           0             0           0           0            0               0                   0                    0                    0          0     11-Sep-2024 12:55:03    ""                             "2,2,2,2,2,2,1,2,2,2,2,1,2,2,1,1,1,2,2,1,2,1,2,2,2,2,2,2,2,2,1,2,2,1,2,2,2,2,2,1,2,2,2,1,1,2,2,2,2,2,1,2,2,2,2,2,1,2,2,2,1,2,2,1,2,1,2,2,2,2,1,1,1,1,1,2,2,2,2,2,1,1,2,1,2,2,1,2,2,1,2,2,2,2,2,2,2,2,1,2,1,2,1,1,1,1,1,1,1,1,2,2,1,1,1,1,1,2,1,1,1,1,1,2,1,1,2,1,1,1,1,2,1,1,1,2,1,1,1,2,2,1,1,1,1,1,2,2,2,2,2,1,2,1,2,2,1,1,1,1,1,1,1,1,2,2,1,1,1,2,1,2,1,1,1,2,1,1,1,1,1,1,1,1,1,1,1,1,1,1,1,1,1,1,1,2,1,2,1,1"
    195     1       5     1500     0        10        false      false        false       0.98    -33.774     -33.774        1244.9          10           1            0               0                   0                    0             0.002218     7.3736     11-Sep-2024 12:55:03    "1,2,3,4,5,6,7,8,9,10,1416"    "2,2,2,2,2,2,2,2,2,2,2,2,2,2,2,2,2,2,2,2,2,2,2,2,2,2,2,2,2,2,2,2,2,2,2,2,2,2,2,2,2,2,2,2,2,2,2,1,2,2,2,2,2,2,2,2,2,2,2,2,2,2,2,2,2,2,2,2,2,2,2,2,2,2,2,2,2,2,2,2,2,2,2,2,2,2,2,2,2,2,2,2,2,2,2,2,2,2,2,2,1,1,1,1,1,1,1,1,1,1,1,1,1,1,1,1,1,1,1,1,1,1,1,1,1,1,1,1,1,1,1,1,1,1,1,1,1,1,1,1,1,1,1,1,1,1,1,1,1,1,2,1,1,1,2,1,1,1,1,1,1,1,1,1,1,1,1,1,1,1,1,1,1,1,1,1,1,1,1,1,1,2,1,1,1,1,1,1,1,1,1,1,1,1,1,1,1,1,1,1"
    195     2       5     1500     0        10        true       false        false      0.985    -6.1623     -6.1623        1251.2          10           1            0               0                   0                    0             0.002327     7.9441     11-Sep-2024 12:55:03    "1,2,3,4,5,6,7,8,9,10,965"     "2,2,2,2,2,2,2,2,2,2,2,2,2,2,2,2,2,2,2,2,2,2,2,2,2,2,2,2,2,2,2,2,2,2,2,2,2,2,2,2,2,2,2,2,2,2,2,1,2,2,2,2,2,2,2,2,2,2,2,2,2,2,2,2,2,2,2,2,2,2,2,2,2,2,2,2,2,2,2,2,2,2,2,2,2,2,2,2,2,2,2,2,2,2,2,2,2,2,2,2,1,1,1,1,1,1,1,1,1,1,1,1,1,1,1,1,1,1,1,1,1,1,1,1,1,1,1,1,1,1,1,1,1,1,1,1,1,1,1,1,1,1,1,1,1,1,1,1,1,1,2,1,1,1,2,1,1,1,1,1,1,1,1,1,1,1,1,1,1,1,1,1,1,1,1,1,1,1,1,1,1,1,1,1,1,1,1,1,1,1,1,1,1,1,1,1,1,1,1,1"
    195     3       5     1500     0        10        false      false        false      0.975    -6.2942     -6.2942        1236.4          10           0            0               0                   0                    0             0.003424     6.2438     11-Sep-2024 12:55:03    "1,2,3,4,5,6,7,8,9,10"         "1,1,1,1,1,1,1,1,1,1,1,1,1,1,1,1,1,1,1,1,1,1,1,1,1,1,1,1,1,1,1,1,1,1,1,1,1,1,1,1,1,1,1,1,1,1,1,2,1,1,1,1,1,1,1,1,1,1,1,1,1,1,1,1,1,1,1,1,1,1,1,1,1,1,1,1,1,1,1,1,1,1,1,1,1,1,1,1,1,1,1,1,1,1,1,1,1,1,1,1,2,2,2,2,2,2,2,2,2,2,2,2,2,2,2,2,2,2,2,2,2,2,2,2,2,2,2,2,2,2,2,2,2,2,2,2,2,2,2,2,2,2,2,2,2,2,2,2,2,2,1,2,2,2,1,2,2,2,2,2,2,1,2,2,2,2,2,2,2,2,2,2,2,2,2,2,2,2,2,2,2,1,2,2,2,2,2,2,2,2,2,2,2,2,2,2,2,2,2,2"
    195     4       5     1500     0        10        false      true         false      0.985    -6.3057     -6.3057        1236.9          10           0            0               0                   0                    0             0.003304     6.0304     11-Sep-2024 12:55:03    "1,2,3,4,5,6,7,8,9,10"         "1,1,1,1,1,1,1,1,1,1,1,1,1,1,1,1,1,1,1,1,1,1,1,1,1,1,1,1,1,1,1,1,1,1,1,1,1,1,1,1,1,1,1,1,1,1,1,2,1,1,1,1,1,1,1,1,1,1,1,1,1,1,1,1,1,1,1,1,1,1,1,1,1,1,1,1,1,1,1,1,1,1,1,1,1,1,1,1,1,1,1,1,1,1,1,1,1,1,1,1,2,2,2,2,2,2,2,2,2,2,2,2,2,2,2,2,2,2,2,2,2,2,2,2,2,2,2,2,2,2,2,2,2,2,2,2,2,2,2,2,2,2,2,2,2,2,2,2,2,2,1,2,2,2,1,2,2,2,2,2,2,2,2,2,2,2,2,2,2,2,2,2,2,2,2,2,2,2,2,2,2,2,2,2,2,2,2,2,2,2,2,2,2,2,2,2,2,2,2,2"


blfs = 

  block_replication_for_server with properties:

          table_name: 'iso_hc'
              db_dir: '/home1/jongminm/sparse_kmeans/sparse_kmeans.db'
      data_generator: [1x1 sparse_symmetric_data_generator]
      number_cluster: 2
          n_iter_max: 100
    window_size_half: 2
         sample_size: 200
         init_method: "hc"
        cluster_true: []
             learner: []
            run_full: 0
     matrix_sparsity: 0
            data_obj: @data_gaussian

replication: (196)th 


1 th thresholding


cutoff =

    0.5822


7 entries survived 
solving SDP...  breakyes=1.0,  maxresidual < 1.00e-06took 7.980250s, relaxed dual: -17.789996, original: 829.469972 

is_stop =

  logical

   0


final_iter =

     1


2 th thresholding


cutoff =

    0.5409


10 entries survived 
solving SDP...  breakyes=1.3,  maxresidual < 1.00e-06took 8.784419s, relaxed dual: -6.484661, original: 1270.985716 

is_stop =

  logical

   0


final_iter =

     1


3 th thresholding


cutoff =

    0.5409


10 entries survived 
solving SDP...  breakyes=1.0,  maxresidual < 1.00e-06took 4.627747s, relaxed dual: -5.484564, original: 1271.882078 

is_stop =

  logical

   0


final_iter =

     1


4 th thresholding


cutoff =

    0.5410


10 entries survived 
solving SDP...  breakyes=1.0,  maxresidual < 1.00e-06took 4.001827s, relaxed dual: -5.457478, original: 1270.985716 

is_stop =

  logical

   1


final_iter =

     4


 final iteration = 4 
acc_dict = 

  Map with properties:

        Count: 5
      KeyType: double
    ValueType: double


ans =

  1x5 cell array

    {[0.6250]}    {[0.9750]}    {[0.9850]}    {[0.9900]}    {[0.9850]}


ans =

  1x5 cell array

  Columns 1 through 3

    {'1,2,2,2,2,2,1,...'}    {'1,1,1,1,1,1,1,...'}    {'2,2,2,2,2,1,2,...'}

  Columns 4 through 5

    {'2,2,2,2,2,2,2,...'}    {'1,1,1,1,1,2,1,...'}


database_subtable =

  5x24 table

    rep    iter    sep    dim     rho    sparsity    stop_og    stop_sdp    stop_loop     acc     obj_prim    obj_dual    obj_original    true_pos    false_pos    false_neg    diff_x_tilde_fro    diff_x_tilde_op    diff_x_tilde_ellone    time_est    time_SDP          jobdate              survived_indices                                                                                                                                                                                                          cluster_est                                                                                                                                                                                                   
    ___    ____    ___    ____    ___    ________    _______    ________    _________    _____    ________    ________    ____________    ________    _________    _________    ________________    _______________    ___________________    ________    ________    ____________________    ______________________    _________________________________________________________________________________________________________________________________________________________________________________________________________________________________________________________________________________________________________________________________________________________________________________________________________________

    196     0       5     1500     0        10        false      false        false      0.625          0           0             0           0           0            0               0                   0                    0                    0          0     11-Sep-2024 12:55:44    ""                        "1,2,2,2,2,2,1,1,1,1,1,2,2,2,1,1,1,1,2,1,2,2,2,2,2,2,1,2,2,1,2,1,1,2,1,2,1,1,2,1,1,1,2,2,1,1,1,2,2,1,2,1,2,2,2,1,2,1,1,1,1,2,1,2,1,2,1,1,2,2,1,2,2,2,2,2,2,2,1,1,2,2,1,2,1,2,1,1,2,2,2,2,2,1,2,2,2,1,2,2,2,2,2,2,2,2,2,2,1,2,1,1,1,2,2,2,2,2,2,2,2,2,2,2,2,2,2,2,2,2,2,2,2,2,1,1,2,1,2,2,2,2,2,2,2,2,2,2,2,2,2,1,2,2,1,1,2,2,2,2,2,2,2,1,2,1,2,2,2,2,2,2,2,2,1,2,2,2,1,2,2,2,2,1,2,2,2,2,2,1,2,2,2,2,1,1,1,2,2,2"
    196     1       5     1500     0        10        false      false        false      0.975     -17.79      -17.79        829.47           6           1            4               0                   0                    0             0.002002     7.9802     11-Sep-2024 12:55:44    "1,2,4,5,8,9,298"         "1,1,1,1,1,1,1,1,1,1,1,1,1,1,1,1,1,1,1,1,1,1,1,1,1,2,1,1,1,1,1,1,1,1,1,1,1,1,1,1,1,1,1,1,1,1,1,1,1,1,1,1,1,1,1,1,1,1,1,1,1,1,1,1,1,1,1,1,1,1,1,2,1,1,1,1,1,1,1,1,1,1,1,1,1,1,1,1,1,1,1,1,1,1,1,1,1,1,1,1,2,2,2,2,2,2,1,2,2,2,2,2,2,2,2,2,2,2,2,2,2,2,2,2,2,2,2,2,2,2,2,2,2,2,2,2,2,2,2,2,2,2,2,2,2,2,2,1,2,2,2,2,2,2,2,2,2,2,2,2,2,2,2,2,2,2,2,2,2,2,2,2,2,2,2,2,2,2,2,2,2,2,2,2,2,2,2,2,2,1,2,2,2,2,2,2,2,2,2,2"
    196     2       5     1500     0        10        false      false        false      0.985    -6.4847     -6.4847          1271          10           0            0               0                   0                    0             0.002477     8.7844     11-Sep-2024 12:55:44    "1,2,3,4,5,6,7,8,9,10"    "2,2,2,2,2,1,2,2,2,2,2,2,2,2,2,2,2,2,2,2,2,2,2,2,2,2,2,2,2,2,2,2,2,2,2,2,2,2,2,2,2,2,2,2,2,2,2,2,2,2,2,2,2,2,2,2,2,2,2,2,2,2,2,2,2,2,2,2,2,2,2,2,2,2,2,2,2,2,2,2,2,2,2,2,2,2,2,2,2,2,2,2,2,2,2,2,2,2,2,2,1,1,1,1,1,1,2,1,1,1,1,1,1,1,1,1,1,1,1,1,1,1,1,1,1,1,1,1,1,1,1,1,1,1,1,1,1,1,1,1,1,1,1,1,1,1,1,1,1,1,1,1,1,1,1,1,1,1,1,1,1,1,1,1,1,1,1,1,1,1,1,1,1,1,1,1,1,1,1,1,1,1,1,1,1,1,1,1,1,2,1,1,1,1,1,1,1,1,1,1"
    196     3       5     1500     0        10        true       false        false       0.99    -5.4846     -5.4846        1271.9          10           0            0               0                   0                    0             0.003079     4.6277     11-Sep-2024 12:55:44    "1,2,3,4,5,6,7,8,9,10"    "2,2,2,2,2,2,2,2,2,2,2,2,2,2,2,2,2,2,2,2,2,2,2,2,2,2,2,2,2,2,2,2,2,2,2,2,2,2,2,2,2,2,2,2,2,2,2,2,2,2,2,2,2,2,2,2,2,2,2,2,2,2,2,2,2,2,2,2,2,2,2,2,2,2,2,2,2,2,2,2,2,2,2,2,2,2,2,2,2,2,2,2,2,2,2,2,2,2,2,2,1,1,1,1,1,1,2,1,1,1,1,1,1,1,1,1,1,1,1,1,1,1,1,1,1,1,1,1,1,1,1,1,1,1,1,1,1,1,1,1,1,1,1,1,1,1,1,1,1,1,1,1,1,1,1,1,1,1,1,1,1,1,1,1,1,1,1,1,1,1,1,1,1,1,1,1,1,1,1,1,1,1,1,1,1,1,1,1,1,2,1,1,1,1,1,1,1,1,1,1"
    196     4       5     1500     0        10        false      true         false      0.985    -5.4575     -5.4575          1271          10           0            0               0                   0                    0             0.003031     4.0018     11-Sep-2024 12:55:44    "1,2,3,4,5,6,7,8,9,10"    "1,1,1,1,1,2,1,1,1,1,1,1,1,1,1,1,1,1,1,1,1,1,1,1,1,1,1,1,1,1,1,1,1,1,1,1,1,1,1,1,1,1,1,1,1,1,1,1,1,1,1,1,1,1,1,1,1,1,1,1,1,1,1,1,1,1,1,1,1,1,1,1,1,1,1,1,1,1,1,1,1,1,1,1,1,1,1,1,1,1,1,1,1,1,1,1,1,1,1,1,2,2,2,2,2,2,1,2,2,2,2,2,2,2,2,2,2,2,2,2,2,2,2,2,2,2,2,2,2,2,2,2,2,2,2,2,2,2,2,2,2,2,2,2,2,2,2,2,2,2,2,2,2,2,2,2,2,2,2,2,2,2,2,2,2,2,2,2,2,2,2,2,2,2,2,2,2,2,2,2,2,2,2,2,2,2,2,2,2,1,2,2,2,2,2,2,2,2,2,2"

