==========================================
SLURM_JOB_ID = 25534465
SLURM_JOB_NODELIST = a02-07
TMPDIR = /tmp/SLURM_25534465
==========================================
hello
Starting parallel pool (parpool) ...
Connected to the parallel pool (number of workers: 15).

pool = 

 ProcessPool with properties: 

            Connected: true
           NumWorkers: 15
                 Busy: false
              Cluster: Local
        AttachedFiles: {}
    AutoAddClientPath: true
            FileStore: [1x1 parallel.FileStore]
           ValueStore: [1x1 parallel.ValueStore]
          IdleTimeout: 30 minutes (30 minutes remaining)
          SpmdEnabled: true


dimension =

        4500


separation =

     5


sample_size =

   200


table_name =

    'iso_hc'


db_dir =

    '/home1/jongminm/sparse_kmeans/sparse_kmeans.db'


rho =

     0


full_run =

  logical

   0


blfs = 

  block_replication_for_server with properties:

          table_name: 'iso_hc'
              db_dir: '/home1/jongminm/sparse_kmeans/sparse_kmeans.db'
      data_generator: [1x1 sparse_symmetric_data_generator]
      number_cluster: 2
          n_iter_max: 100
    window_size_half: 2
         sample_size: 200
         init_method: "hc"
        cluster_true: []
             learner: []
            run_full: 0
     matrix_sparsity: 0
            data_obj: @data_gaussian

replication: (101)th 


1 th thresholding


cutoff =

    0.5802


2 entries survived 
solving SDP...  breakyes = 1.0,  maxresidual < 1.00e-04  breakyes=1.3,  maxresidual < 1.00e-06took 12.875717s, relaxed dual: -1.875450, original: 234.712137 

is_stop =

  logical

   0


final_iter =

     1


2 th thresholding


cutoff =

    0.5819


11 entries survived 
solving SDP...  breakyes=3.2,  dualfeasorg deteriorated too much: primfeasorg=3.16e-05,dualfeasorg=1.17e-04took 7.305367s, relaxed dual: -20.734031, original: 1236.496143 

is_stop =

  logical

   0


final_iter =

     1


3 th thresholding


cutoff =

    0.5801


11 entries survived 
solving SDP...  breakyes=3.2,  dualfeasorg deteriorated too much: primfeasorg=1.44e-04,dualfeasorg=1.88e-03took 2.250904s, relaxed dual: -6.130492, original: 1246.531747 

is_stop =

  logical

   0


final_iter =

     1


4 th thresholding


cutoff =

    0.5801


11 entries survived 
solving SDP...  breakyes=3.2,  dualfeasorg deteriorated too much: primfeasorg=1.44e-04,dualfeasorg=1.88e-03took 2.234004s, relaxed dual: -6.130492, original: 1246.531747 

is_stop =

  logical

   1


final_iter =

     4


 final iteration = 4 
acc_dict = 

  Map with properties:

        Count: 5
      KeyType: double
    ValueType: double


ans =

  1x5 cell array

    {[0.6200]}    {[0.8400]}    {[1]}    {[1]}    {[1]}


ans =

  1x5 cell array

  Columns 1 through 3

    {'2,2,2,2,2,1,1,...'}    {'2,2,2,2,1,1,1,...'}    {'2,2,2,2,2,2,2,...'}

  Columns 4 through 5

    {'1,1,1,1,1,1,1,...'}    {'2,2,2,2,2,2,2,...'}


database_subtable =

  5x24 table

    rep    iter    sep    dim     rho    sparsity    stop_og    stop_sdp    stop_loop    acc     obj_prim    obj_dual    obj_original    true_pos    false_pos    false_neg    diff_x_tilde_fro    diff_x_tilde_op    diff_x_tilde_ellone    time_est    time_SDP          jobdate                survived_indices                                                                                                                                                                                                             cluster_est                                                                                                                                                                                                   
    ___    ____    ___    ____    ___    ________    _______    ________    _________    ____    ________    ________    ____________    ________    _________    _________    ________________    _______________    ___________________    ________    ________    ____________________    ___________________________    _________________________________________________________________________________________________________________________________________________________________________________________________________________________________________________________________________________________________________________________________________________________________________________________________________________

    101     0       5     4500     0        10        false      false        false      0.62          0           0             0           0           0            0               0                   0                    0                    0          0     11-Sep-2024 14:00:23    ""                             "2,2,2,2,2,1,1,2,1,2,2,2,2,2,2,1,1,1,2,2,1,1,2,2,1,2,1,2,2,1,2,2,2,2,1,1,2,2,2,2,1,1,1,2,2,1,2,2,1,1,1,2,2,1,1,2,1,2,1,2,2,2,1,1,2,2,2,1,2,1,2,2,2,1,2,1,2,1,1,2,1,2,2,2,2,2,1,2,2,2,2,1,2,2,2,1,2,2,2,1,2,1,1,2,1,1,2,2,2,1,1,1,1,2,1,2,1,2,2,2,1,1,2,1,2,1,2,1,1,2,1,2,2,1,1,1,2,1,1,1,1,1,1,1,1,1,1,1,1,1,2,1,2,1,1,1,1,1,2,1,1,1,2,2,2,1,1,2,1,1,2,2,1,2,1,2,1,2,2,2,1,2,1,2,1,1,2,2,1,1,1,1,2,2,1,2,1,1,2,1"
    101     1       5     4500     0        10        false      false        false      0.84    -1.8755     -1.8755        234.71           1           1            9               0                   0                    0             0.028014     12.876     11-Sep-2024 14:00:23    "7,2719"                       "2,2,2,2,1,1,1,2,2,2,2,1,2,2,2,2,2,1,2,1,2,2,2,2,2,2,1,2,2,2,2,2,2,2,2,2,2,1,2,2,2,1,2,2,1,2,2,2,2,1,1,2,2,2,1,2,1,2,2,2,2,2,2,1,2,2,1,2,2,2,2,2,2,2,2,2,2,2,2,2,1,2,2,2,2,2,2,1,2,2,2,2,1,2,2,2,2,2,1,2,1,1,1,2,1,1,1,1,1,1,1,1,1,1,1,1,1,1,1,1,1,1,1,1,1,1,2,1,1,2,1,1,1,2,1,1,1,1,1,2,2,1,1,1,1,1,2,1,1,1,1,1,1,1,1,1,2,1,1,1,1,1,1,2,1,1,1,1,1,1,2,2,1,1,1,1,1,1,2,1,1,1,1,1,1,1,1,1,1,1,1,1,1,1,1,1,1,1,1,1"
    101     2       5     4500     0        10        false      false        false         1    -20.734     -20.734        1236.5          10           1            0               0                   0                    0             0.010241     7.3054     11-Sep-2024 14:00:23    "1,2,3,4,5,6,7,8,9,10,2719"    "2,2,2,2,2,2,2,2,2,2,2,2,2,2,2,2,2,2,2,2,2,2,2,2,2,2,2,2,2,2,2,2,2,2,2,2,2,2,2,2,2,2,2,2,2,2,2,2,2,2,2,2,2,2,2,2,2,2,2,2,2,2,2,2,2,2,2,2,2,2,2,2,2,2,2,2,2,2,2,2,2,2,2,2,2,2,2,2,2,2,2,2,2,2,2,2,2,2,2,2,1,1,1,1,1,1,1,1,1,1,1,1,1,1,1,1,1,1,1,1,1,1,1,1,1,1,1,1,1,1,1,1,1,1,1,1,1,1,1,1,1,1,1,1,1,1,1,1,1,1,1,1,1,1,1,1,1,1,1,1,1,1,1,1,1,1,1,1,1,1,1,1,1,1,1,1,1,1,1,1,1,1,1,1,1,1,1,1,1,1,1,1,1,1,1,1,1,1,1,1"
    101     3       5     4500     0        10        true       false        false         1    -6.1289     -6.1305        1246.5          10           1            0               0                   0                    0             0.009979     2.2509     11-Sep-2024 14:00:23    "1,2,3,4,5,6,7,8,9,10,3458"    "1,1,1,1,1,1,1,1,1,1,1,1,1,1,1,1,1,1,1,1,1,1,1,1,1,1,1,1,1,1,1,1,1,1,1,1,1,1,1,1,1,1,1,1,1,1,1,1,1,1,1,1,1,1,1,1,1,1,1,1,1,1,1,1,1,1,1,1,1,1,1,1,1,1,1,1,1,1,1,1,1,1,1,1,1,1,1,1,1,1,1,1,1,1,1,1,1,1,1,1,2,2,2,2,2,2,2,2,2,2,2,2,2,2,2,2,2,2,2,2,2,2,2,2,2,2,2,2,2,2,2,2,2,2,2,2,2,2,2,2,2,2,2,2,2,2,2,2,2,2,2,2,2,2,2,2,2,2,2,2,2,2,2,2,2,2,2,2,2,2,2,2,2,2,2,2,2,2,2,2,2,2,2,2,2,2,2,2,2,2,2,2,2,2,2,2,2,2,2,2"
    101     4       5     4500     0        10        false      true         false         1    -6.1289     -6.1305        1246.5          10           1            0               0                   0                    0              0.00496      2.234     11-Sep-2024 14:00:23    "1,2,3,4,5,6,7,8,9,10,3458"    "2,2,2,2,2,2,2,2,2,2,2,2,2,2,2,2,2,2,2,2,2,2,2,2,2,2,2,2,2,2,2,2,2,2,2,2,2,2,2,2,2,2,2,2,2,2,2,2,2,2,2,2,2,2,2,2,2,2,2,2,2,2,2,2,2,2,2,2,2,2,2,2,2,2,2,2,2,2,2,2,2,2,2,2,2,2,2,2,2,2,2,2,2,2,2,2,2,2,2,2,1,1,1,1,1,1,1,1,1,1,1,1,1,1,1,1,1,1,1,1,1,1,1,1,1,1,1,1,1,1,1,1,1,1,1,1,1,1,1,1,1,1,1,1,1,1,1,1,1,1,1,1,1,1,1,1,1,1,1,1,1,1,1,1,1,1,1,1,1,1,1,1,1,1,1,1,1,1,1,1,1,1,1,1,1,1,1,1,1,1,1,1,1,1,1,1,1,1,1,1"


blfs = 

  block_replication_for_server with properties:

          table_name: 'iso_hc'
              db_dir: '/home1/jongminm/sparse_kmeans/sparse_kmeans.db'
      data_generator: [1x1 sparse_symmetric_data_generator]
      number_cluster: 2
          n_iter_max: 100
    window_size_half: 2
         sample_size: 200
         init_method: "hc"
        cluster_true: []
             learner: []
            run_full: 0
     matrix_sparsity: 0
            data_obj: @data_gaussian

replication: (102)th 


1 th thresholding


cutoff =

    0.5815


1 entries survived 
solving SDP...  breakyes = 1.0,  maxresidual < 1.00e-04  breakyes=1.4,  maxresidual < 1.00e-06took 15.359490s, relaxed dual: -0.709097, original: 138.895836 

is_stop =

  logical

   0


final_iter =

     1


2 th thresholding


cutoff =

    0.5801


2 entries survived 
solving SDP...  breakyes=3.2,  dualfeasorg deteriorated too much: primfeasorg=1.48e-06,dualfeasorg=3.05e-05took 8.863703s, relaxed dual: -0.685280, original: 144.107837 

is_stop =

  logical

   0


final_iter =

     1


3 th thresholding


cutoff =

    0.5801


1 entries survived 
solving SDP...  breakyes = 1.0,  maxresidual < 1.00e-04  breakyes=1.0,  maxresidual < 1.00e-06took 10.451782s, relaxed dual: -0.297351, original: 130.983601 

is_stop =

  logical

   0


final_iter =

     1


4 th thresholding


cutoff =

    0.5803


1 entries survived 
solving SDP...  breakyes = 1.0,  maxresidual < 1.00e-04  breakyes=1.0,  maxresidual < 1.00e-06took 8.971273s, relaxed dual: -0.294263, original: 130.983601 

is_stop =

  logical

   0


final_iter =

     1


5 th thresholding


cutoff =

    0.5803


1 entries survived 
solving SDP...  breakyes = 1.0,  maxresidual < 1.00e-04  breakyes=1.0,  maxresidual < 1.00e-06took 9.080258s, relaxed dual: -0.294263, original: 130.983601 

is_stop =

  logical

   1


final_iter =

     5


 final iteration = 5 
acc_dict = 

  Map with properties:

        Count: 6
      KeyType: double
    ValueType: double


ans =

  1x6 cell array

  Columns 1 through 5

    {[0.5550]}    {[0.5900]}    {[0.5850]}    {[0.5750]}    {[0.5750]}

  Column 6

    {[0.5750]}


ans =

  1x6 cell array

  Columns 1 through 3

    {'2,2,1,2,1,2,2,...'}    {'2,2,2,1,2,1,2,...'}    {'1,2,2,2,2,2,1,...'}

  Columns 4 through 6

    {'2,1,1,1,1,1,2,...'}    {'2,1,1,1,1,1,2,...'}    {'2,1,1,1,1,1,2,...'}


database_subtable =

  6x24 table

    rep    iter    sep    dim     rho    sparsity    stop_og    stop_sdp    stop_loop     acc     obj_prim    obj_dual    obj_original    true_pos    false_pos    false_neg    diff_x_tilde_fro    diff_x_tilde_op    diff_x_tilde_ellone    time_est    time_SDP          jobdate           survived_indices                                                                                                                                                                                                       cluster_est                                                                                                                                                                                                   
    ___    ____    ___    ____    ___    ________    _______    ________    _________    _____    ________    ________    ____________    ________    _________    _________    ________________    _______________    ___________________    ________    ________    ____________________    ________________    _________________________________________________________________________________________________________________________________________________________________________________________________________________________________________________________________________________________________________________________________________________________________________________________________________________

    102     0       5     4500     0        10        false      false        false      0.555           0           0            0          0            0            0               0                   0                    0                    0          0     11-Sep-2024 14:01:32      ""                "2,2,1,2,1,2,2,1,1,2,1,2,2,1,1,1,1,2,2,2,2,1,1,1,1,1,2,2,1,2,2,2,2,1,1,1,1,1,1,1,1,2,2,2,2,2,2,1,2,2,2,1,1,1,1,2,2,1,2,2,2,1,1,1,2,2,1,2,2,2,2,1,2,1,2,1,2,1,1,1,1,2,2,2,1,1,2,2,2,2,1,1,2,2,1,2,1,1,2,1,2,1,1,2,1,1,2,2,2,1,1,1,2,2,2,2,2,2,1,2,2,2,1,1,2,2,1,2,2,1,1,1,2,2,1,1,1,1,1,1,1,2,1,1,1,2,2,1,1,1,1,1,2,2,2,1,1,1,2,1,1,2,1,2,2,2,1,1,2,1,1,2,1,1,2,1,2,1,1,1,2,2,1,1,1,1,1,1,1,1,1,2,1,1,2,1,2,2,1,1"
    102     1       5     4500     0        10        false      false        false       0.59     -0.7091     -0.7091        138.9          0            1           10               0                   0                    0             0.015263     15.359     11-Sep-2024 14:01:32      "3863"            "2,2,2,1,2,1,2,1,2,1,1,2,1,1,1,1,2,1,2,2,2,1,1,1,2,2,2,2,1,2,2,1,2,1,1,1,1,1,2,1,1,1,2,1,1,2,1,1,2,1,2,2,1,1,1,2,1,1,1,1,2,2,1,1,2,1,1,2,1,1,1,2,1,2,1,1,1,2,1,1,1,2,1,2,1,1,2,2,2,2,1,2,1,1,1,2,2,1,1,1,2,1,1,2,1,1,2,2,2,2,1,1,1,1,1,1,1,2,1,2,2,2,2,1,2,2,2,2,2,2,1,1,1,1,2,1,2,2,2,2,2,2,2,1,1,2,2,2,2,2,1,2,1,2,2,1,1,1,2,1,2,2,2,2,2,2,1,2,1,2,1,2,2,1,2,2,2,2,2,1,2,2,2,1,1,2,1,1,1,2,1,2,1,2,2,1,1,2,1,2"
    102     2       5     4500     0        10        false      false        false      0.585    -0.68528    -0.68528       144.11          0            2           10               0                   0                    0              0.00913     8.8637     11-Sep-2024 14:01:32      "3863,3879"       "1,2,2,2,2,2,1,2,1,2,2,1,2,2,2,1,1,1,1,1,1,1,2,2,2,2,1,1,1,2,2,2,1,1,2,1,2,2,1,1,1,1,2,1,2,2,2,2,2,2,1,1,2,1,2,1,2,2,2,2,1,1,2,2,2,1,2,2,2,2,2,1,2,2,2,1,2,1,2,2,2,1,2,2,1,2,1,1,2,1,1,2,1,2,2,1,1,2,1,2,2,1,1,2,1,2,1,1,1,1,1,2,2,2,1,2,2,1,2,1,2,1,2,2,2,2,2,1,1,1,1,1,2,2,1,2,1,1,1,1,1,1,1,2,1,2,2,1,1,1,2,2,2,1,2,2,1,2,2,2,2,1,1,1,2,2,1,1,2,1,2,2,1,1,1,1,1,1,1,1,1,1,1,2,2,1,2,1,1,2,1,1,1,1,1,1,2,2,1,1"
    102     3       5     4500     0        10        false      false        false      0.575    -0.29735    -0.29735       130.98          0            1           10               0                   0                    0             0.011776     10.452     11-Sep-2024 14:01:32      "3879"            "2,1,1,1,1,1,2,1,2,1,1,2,1,1,1,2,2,2,2,2,2,2,1,1,1,1,2,2,2,1,1,1,2,2,1,2,1,1,2,2,2,2,1,2,1,1,1,1,1,1,2,2,1,2,1,2,1,1,1,1,2,2,1,1,1,2,1,1,1,1,1,2,1,1,1,2,1,2,1,1,1,2,1,1,2,1,2,2,1,2,2,1,2,1,1,1,2,1,2,1,1,2,2,1,2,1,2,2,1,2,2,1,1,1,2,1,1,2,1,2,1,2,1,1,1,1,1,2,1,2,2,2,1,1,2,1,2,2,2,2,2,2,2,1,2,1,1,2,2,1,1,1,1,2,1,1,2,1,1,1,1,2,2,2,1,1,2,2,1,2,1,1,2,2,2,2,2,2,2,2,2,2,2,1,1,2,1,2,2,1,2,2,2,2,2,2,1,1,2,2"
    102     4       5     4500     0        10        true       false        false      0.575    -0.29426    -0.29426       130.98          0            1           10               0                   0                    0             0.004021     8.9713     11-Sep-2024 14:01:32      "3879"            "2,1,1,1,1,1,2,1,2,1,1,2,1,1,1,2,2,2,2,2,2,2,1,1,1,1,2,2,2,1,1,1,2,2,1,2,1,1,2,2,2,2,1,2,1,1,1,1,1,1,2,2,1,2,1,2,1,1,1,1,2,2,1,1,1,2,1,1,1,1,1,2,1,1,1,2,1,2,1,1,1,2,1,1,2,1,2,2,1,2,2,1,2,1,1,1,2,1,2,1,1,2,2,1,2,1,2,2,1,2,2,1,1,1,2,1,1,2,1,2,1,2,1,1,1,1,1,2,1,2,2,2,1,1,2,1,2,2,2,2,2,2,2,1,2,1,1,2,2,1,1,1,1,2,1,1,2,1,1,1,1,2,2,2,1,1,2,2,1,2,1,1,2,2,2,2,2,2,2,2,2,2,2,1,1,2,1,2,2,1,2,2,2,2,2,2,1,1,2,2"
    102     5       5     4500     0        10        false      true         false      0.575    -0.29426    -0.29426       130.98          0            1           10               0                   0                    0              0.00407     9.0803     11-Sep-2024 14:01:32      "3879"            "2,1,1,1,1,1,2,1,2,1,1,2,1,1,1,2,2,2,2,2,2,2,1,1,1,1,2,2,2,1,1,1,2,2,1,2,1,1,2,2,2,2,1,2,1,1,1,1,1,1,2,2,1,2,1,2,1,1,1,1,2,2,1,1,1,2,1,1,1,1,1,2,1,1,1,2,1,2,1,1,1,2,1,1,2,1,2,2,1,2,2,1,2,1,1,1,2,1,2,1,1,2,2,1,2,1,2,2,1,2,2,1,1,1,2,1,1,2,1,2,1,2,1,1,1,1,1,2,1,2,2,2,1,1,2,1,2,2,2,2,2,2,2,1,2,1,1,2,2,1,1,1,1,2,1,1,2,1,1,1,1,2,2,2,1,1,2,2,1,2,1,1,2,2,2,2,2,2,2,2,2,2,2,1,1,2,1,2,2,1,2,2,2,2,2,2,1,1,2,2"


blfs = 

  block_replication_for_server with properties:

          table_name: 'iso_hc'
              db_dir: '/home1/jongminm/sparse_kmeans/sparse_kmeans.db'
      data_generator: [1x1 sparse_symmetric_data_generator]
      number_cluster: 2
          n_iter_max: 100
    window_size_half: 2
         sample_size: 200
         init_method: "hc"
        cluster_true: []
             learner: []
            run_full: 0
     matrix_sparsity: 0
            data_obj: @data_gaussian

replication: (103)th 


1 th thresholding


cutoff =

    0.7393


8 entries survived 
solving SDP...  breakyes=1.4,  maxresidual < 1.00e-06took 11.078424s, relaxed dual: -25.412594, original: 983.874650 

is_stop =

  logical

   0


final_iter =

     1


2 th thresholding


cutoff =

    0.5803


10 entries survived 
solving SDP...  breakyes=1.0,  maxresidual < 1.00e-06took 3.497731s, relaxed dual: -8.149799, original: 1368.015205 

is_stop =

  logical

   0


final_iter =

     1


3 th thresholding


cutoff =

    0.5802


10 entries survived 
solving SDP...  breakyes=1.0,  maxresidual < 1.00e-06took 1.224335s, relaxed dual: -7.778236, original: 1370.270346 

is_stop =

  logical

   0


final_iter =

     1


4 th thresholding


cutoff =

    0.5801


10 entries survived 
solving SDP...  breakyes=1.0,  maxresidual < 1.00e-06took 1.542766s, relaxed dual: -7.700975, original: 1368.015205 

is_stop =

  logical

   1


final_iter =

     4


 final iteration = 4 
acc_dict = 

  Map with properties:

        Count: 5
      KeyType: double
    ValueType: double


ans =

  1x5 cell array

    {[0.6200]}    {[0.9850]}    {[0.9900]}    {[0.9950]}    {[0.9900]}


ans =

  1x5 cell array

  Columns 1 through 3

    {'2,1,2,2,1,2,2,...'}    {'2,2,2,2,2,2,2,...'}    {'2,2,2,1,2,2,2,...'}

  Columns 4 through 5

    {'1,1,1,1,1,1,1,...'}    {'1,1,1,2,1,1,1,...'}


database_subtable =

  5x24 table

    rep    iter    sep    dim     rho    sparsity    stop_og    stop_sdp    stop_loop     acc     obj_prim    obj_dual    obj_original    true_pos    false_pos    false_neg    diff_x_tilde_fro    diff_x_tilde_op    diff_x_tilde_ellone    time_est    time_SDP          jobdate              survived_indices                                                                                                                                                                                                          cluster_est                                                                                                                                                                                                   
    ___    ____    ___    ____    ___    ________    _______    ________    _________    _____    ________    ________    ____________    ________    _________    _________    ________________    _______________    ___________________    ________    ________    ____________________    ______________________    _________________________________________________________________________________________________________________________________________________________________________________________________________________________________________________________________________________________________________________________________________________________________________________________________________________

    103     0       5     4500     0        10        false      false        false       0.62          0           0             0           0           0            0               0                   0                    0                    0          0     11-Sep-2024 14:02:03    ""                        "2,1,2,2,1,2,2,2,2,2,2,2,2,2,2,2,2,1,1,2,1,2,2,1,2,2,1,1,2,1,2,2,2,1,2,1,1,2,2,1,1,1,2,2,2,1,2,1,2,2,2,2,1,2,2,2,2,2,1,2,2,2,1,2,1,2,2,1,2,2,2,1,1,2,2,2,2,2,1,2,2,1,2,2,1,1,2,1,2,1,2,1,2,2,2,2,2,2,2,2,2,2,2,2,2,2,2,1,2,2,2,2,2,2,2,2,2,2,2,2,2,2,2,2,2,2,2,2,2,2,2,2,2,2,2,2,2,2,2,2,2,2,2,1,2,2,2,1,2,2,2,2,2,2,2,2,2,2,2,2,1,2,2,2,2,2,2,2,2,2,2,2,2,2,2,2,2,2,2,2,2,1,2,2,2,2,2,2,1,1,2,2,2,2,2,2,2,2,2,2"
    103     1       5     4500     0        10        false      false        false      0.985    -25.413     -25.413        983.87           7           1            3               0                   0                    0             0.004069     11.078     11-Sep-2024 14:02:03    "1,2,3,4,6,9,10,3987"     "2,2,2,2,2,2,2,2,2,2,2,2,2,2,2,2,2,2,2,2,2,2,2,2,2,2,2,2,2,2,2,2,2,2,2,2,2,2,2,2,2,2,2,2,2,2,2,2,2,2,2,2,2,1,2,2,2,2,2,2,2,2,2,2,2,2,2,2,1,2,2,2,2,2,2,2,2,2,2,2,2,2,2,2,2,2,2,2,2,2,2,2,2,2,2,1,2,2,2,2,1,1,1,1,1,1,1,1,1,1,1,1,1,1,1,1,1,1,1,1,1,1,1,1,1,1,1,1,1,1,1,1,1,1,1,1,1,1,1,1,1,1,1,1,1,1,1,1,1,1,1,1,1,1,1,1,1,1,1,1,1,1,1,1,1,1,1,1,1,1,1,1,1,1,1,1,1,1,1,1,1,1,1,1,1,1,1,1,1,1,1,1,1,1,1,1,1,1,1,1"
    103     2       5     4500     0        10        false      false        false       0.99    -8.1498     -8.1498          1368          10           0            0               0                   0                    0              0.00419     3.4977     11-Sep-2024 14:02:03    "1,2,3,4,5,6,7,8,9,10"    "2,2,2,1,2,2,2,2,2,2,2,2,2,2,2,2,2,2,2,2,2,2,2,2,2,2,2,2,2,2,2,2,2,2,2,2,2,2,2,2,2,2,2,2,2,2,2,2,2,2,2,2,2,2,2,2,2,2,2,2,2,2,2,2,2,2,2,2,1,2,2,2,2,2,2,2,2,2,2,2,2,2,2,2,2,2,2,2,2,2,2,2,2,2,2,2,2,2,2,2,1,1,1,1,1,1,1,1,1,1,1,1,1,1,1,1,1,1,1,1,1,1,1,1,1,1,1,1,1,1,1,1,1,1,1,1,1,1,1,1,1,1,1,1,1,1,1,1,1,1,1,1,1,1,1,1,1,1,1,1,1,1,1,1,1,1,1,1,1,1,1,1,1,1,1,1,1,1,1,1,1,1,1,1,1,1,1,1,1,1,1,1,1,1,1,1,1,1,1,1"
    103     3       5     4500     0        10        true       false        false      0.995    -7.7782     -7.7782        1370.3          10           0            0               0                   0                    0             0.004303     1.2243     11-Sep-2024 14:02:03    "1,2,3,4,5,6,7,8,9,10"    "1,1,1,1,1,1,1,1,1,1,1,1,1,1,1,1,1,1,1,1,1,1,1,1,1,1,1,1,1,1,1,1,1,1,1,1,1,1,1,1,1,1,1,1,1,1,1,1,1,1,1,1,1,1,1,1,1,1,1,1,1,1,1,1,1,1,1,1,2,1,1,1,1,1,1,1,1,1,1,1,1,1,1,1,1,1,1,1,1,1,1,1,1,1,1,1,1,1,1,1,2,2,2,2,2,2,2,2,2,2,2,2,2,2,2,2,2,2,2,2,2,2,2,2,2,2,2,2,2,2,2,2,2,2,2,2,2,2,2,2,2,2,2,2,2,2,2,2,2,2,2,2,2,2,2,2,2,2,2,2,2,2,2,2,2,2,2,2,2,2,2,2,2,2,2,2,2,2,2,2,2,2,2,2,2,2,2,2,2,2,2,2,2,2,2,2,2,2,2,2"
    103     4       5     4500     0        10        false      true         false       0.99     -7.701      -7.701          1368          10           0            0               0                   0                    0             0.002432     1.5428     11-Sep-2024 14:02:03    "1,2,3,4,5,6,7,8,9,10"    "1,1,1,2,1,1,1,1,1,1,1,1,1,1,1,1,1,1,1,1,1,1,1,1,1,1,1,1,1,1,1,1,1,1,1,1,1,1,1,1,1,1,1,1,1,1,1,1,1,1,1,1,1,1,1,1,1,1,1,1,1,1,1,1,1,1,1,1,2,1,1,1,1,1,1,1,1,1,1,1,1,1,1,1,1,1,1,1,1,1,1,1,1,1,1,1,1,1,1,1,2,2,2,2,2,2,2,2,2,2,2,2,2,2,2,2,2,2,2,2,2,2,2,2,2,2,2,2,2,2,2,2,2,2,2,2,2,2,2,2,2,2,2,2,2,2,2,2,2,2,2,2,2,2,2,2,2,2,2,2,2,2,2,2,2,2,2,2,2,2,2,2,2,2,2,2,2,2,2,2,2,2,2,2,2,2,2,2,2,2,2,2,2,2,2,2,2,2,2,2"


blfs = 

  block_replication_for_server with properties:

          table_name: 'iso_hc'
              db_dir: '/home1/jongminm/sparse_kmeans/sparse_kmeans.db'
      data_generator: [1x1 sparse_symmetric_data_generator]
      number_cluster: 2
          n_iter_max: 100
    window_size_half: 2
         sample_size: 200
         init_method: "hc"
        cluster_true: []
             learner: []
            run_full: 0
     matrix_sparsity: 0
            data_obj: @data_gaussian

replication: (104)th 


1 th thresholding


cutoff =

    0.5805


1 entries survived 
solving SDP...  breakyes = 1.0,  maxresidual < 1.00e-04  breakyes=1.4,  maxresidual < 1.00e-06took 11.162239s, relaxed dual: -0.547161, original: 117.315152 

is_stop =

  logical

   0


final_iter =

     1


2 th thresholding


cutoff =

    0.5876


2 entries survived 
solving SDP...  breakyes = 1.0,  maxresidual < 1.00e-04  breakyes=1.4,  maxresidual < 1.00e-06took 13.435936s, relaxed dual: -0.733067, original: 154.884614 

is_stop =

  logical

   0


final_iter =

     1


3 th thresholding


cutoff =

    0.5830


2 entries survived 
solving SDP...  breakyes = 1.0,  maxresidual < 1.00e-04  breakyes=3.2,  dualfeasorg deteriorated too much: primfeasorg=1.02e-06,dualfeasorg=3.11e-05took 8.794949s, relaxed dual: -0.596471, original: 159.479907 

is_stop =

  logical

   0


final_iter =

     1


4 th thresholding


cutoff =

    0.5824


2 entries survived 
solving SDP...  breakyes = 1.0,  maxresidual < 1.00e-04  breakyes=1.3,  maxresidual < 1.00e-06took 7.865192s, relaxed dual: -0.593132, original: 144.979311 

is_stop =

  logical

   0


final_iter =

     1


5 th thresholding


cutoff =

    0.5830


1 entries survived 
solving SDP...  breakyes = 1.0,  maxresidual < 1.00e-04  breakyes=1.4,  maxresidual < 1.00e-06took 6.830673s, relaxed dual: -0.308927, original: 134.416153 

is_stop =

  logical

   0


final_iter =

     1


6 th thresholding


cutoff =

    0.5824


2 entries survived 
solving SDP...  breakyes = 1.0,  maxresidual < 1.00e-04  breakyes=1.4,  maxresidual < 1.00e-06took 13.466441s, relaxed dual: -0.622245, original: 160.475365 

change =

   -0.2359
   -0.0056
         0
   -0.4792
   -0.0491


change =

    0.0683
    0.1000
         0
    0.0729
    0.1069


is_stop =

  logical

   1


final_iter =

     4


 final iteration = 4 
acc_dict = 

  Map with properties:

        Count: 5
      KeyType: double
    ValueType: double


ans =

  1x5 cell array

    {[0.5800]}    {[0.5100]}    {[0.5100]}    {[0.5050]}    {[0.5100]}


ans =

  1x5 cell array

  Columns 1 through 3

    {'1,2,2,2,2,1,2,...'}    {'1,1,1,2,1,2,1,...'}    {'2,1,1,2,1,2,2,...'}

  Columns 4 through 5

    {'2,1,1,2,1,2,1,...'}    {'1,2,2,1,1,1,1,...'}


database_subtable =

  5x24 table

    rep    iter    sep    dim     rho    sparsity    stop_og    stop_sdp    stop_loop     acc     obj_prim    obj_dual    obj_original    true_pos    false_pos    false_neg    diff_x_tilde_fro    diff_x_tilde_op    diff_x_tilde_ellone    time_est    time_SDP          jobdate           survived_indices                                                                                                                                                                                                       cluster_est                                                                                                                                                                                                   
    ___    ____    ___    ____    ___    ________    _______    ________    _________    _____    ________    ________    ____________    ________    _________    _________    ________________    _______________    ___________________    ________    ________    ____________________    ________________    _________________________________________________________________________________________________________________________________________________________________________________________________________________________________________________________________________________________________________________________________________________________________________________________________________________

    104     0       5     4500     0        10        false      false        false       0.58           0           0            0          0            0            0               0                   0                    0                    0          0     11-Sep-2024 14:03:35       ""               "1,2,2,2,2,1,2,2,1,2,2,2,2,1,2,1,2,1,2,2,1,2,1,1,2,2,2,2,2,2,2,1,1,2,1,1,1,1,1,1,2,1,1,1,1,2,2,2,1,1,2,2,2,2,2,2,2,2,2,1,1,1,2,2,2,1,2,2,2,2,2,2,1,1,1,1,1,2,1,1,2,1,1,2,2,1,2,1,2,2,1,2,2,1,2,2,2,2,2,2,2,1,1,2,2,1,2,1,1,2,1,2,1,2,2,1,2,1,2,1,1,1,2,1,2,1,2,2,1,1,2,2,2,1,1,2,2,2,1,2,1,1,2,2,2,1,1,2,1,2,1,1,1,1,2,1,1,2,1,2,2,1,2,2,2,1,1,1,1,2,2,1,1,1,1,1,1,2,1,1,1,1,1,2,2,2,2,1,1,1,2,2,1,1,1,1,2,1,2,1"
    104     1       5     4500     0        10        false      false        false       0.51    -0.54716    -0.54716       117.32          0            1           10               0                   0                    0             0.003784     11.162     11-Sep-2024 14:03:35       "845"            "1,1,1,2,1,2,1,2,2,1,1,1,2,2,2,1,1,2,1,2,2,1,2,2,1,1,1,1,1,1,1,1,1,1,2,2,1,2,2,1,1,1,2,2,2,2,2,1,2,1,2,1,1,1,2,1,1,2,1,1,1,1,1,1,1,2,1,2,1,1,2,1,1,2,2,1,2,1,2,2,1,2,1,2,1,1,2,2,2,1,2,1,1,1,2,2,2,1,2,1,2,1,1,2,1,1,2,2,1,1,1,1,2,1,2,1,1,2,2,2,1,1,1,1,1,1,1,1,2,2,1,2,1,1,1,1,1,2,1,2,2,2,1,2,2,2,1,2,1,1,1,2,1,2,1,2,2,1,2,1,1,1,2,1,2,2,2,2,2,1,1,1,1,1,2,1,1,2,1,1,2,2,1,1,1,1,1,2,1,1,1,1,2,2,2,2,1,2,1,1"
    104     2       5     4500     0        10        false      false        false       0.51    -0.73307    -0.73307       154.88          0            2           10               0                   0                    0             0.004017     13.436     11-Sep-2024 14:03:35       "845,1971"       "2,1,1,2,1,2,2,2,1,1,1,1,1,2,1,2,2,1,2,1,1,1,1,2,1,2,1,1,1,2,1,1,2,2,2,2,1,2,2,1,2,2,2,1,1,1,2,2,2,2,2,1,1,1,2,2,1,2,2,2,1,2,1,2,1,2,2,2,1,1,2,1,2,1,2,1,2,1,2,2,1,1,1,2,1,2,2,1,2,2,1,1,2,2,2,2,1,2,2,2,2,1,1,2,2,1,2,2,2,1,1,1,2,2,1,1,2,2,2,2,2,1,1,1,2,1,1,1,2,2,1,2,2,1,2,1,1,2,2,2,2,2,1,2,2,2,2,2,1,1,2,2,2,2,2,1,1,1,2,1,1,1,1,1,2,1,2,2,2,1,2,1,1,2,2,2,1,2,2,1,2,2,1,1,1,1,1,2,1,2,1,2,2,2,2,2,1,2,1,2"
    104     3       5     4500     0        10        false      false        false      0.505    -0.59647    -0.59647       159.48          0            2           10               0                   0                    0             0.004422     8.7949     11-Sep-2024 14:03:35       "845,1971"       "2,1,1,2,1,2,1,2,2,1,1,1,2,2,1,1,1,2,2,1,2,1,1,2,1,1,1,1,1,1,1,1,1,1,2,2,1,2,2,1,1,2,2,2,2,2,2,1,2,1,2,1,1,1,2,1,1,2,1,2,1,2,1,1,1,2,1,2,1,1,2,1,1,2,2,1,2,1,2,2,1,1,1,2,1,1,2,2,2,1,2,1,1,2,2,2,2,1,2,1,2,1,1,2,1,1,2,2,1,1,1,1,2,1,2,1,1,2,2,2,1,1,1,1,1,1,1,1,2,2,1,2,2,1,1,1,1,2,1,2,2,2,1,2,2,2,1,2,1,1,1,2,1,2,2,2,2,1,2,1,1,1,2,1,2,2,2,2,2,1,1,1,1,2,2,1,1,2,2,1,2,2,1,1,1,1,1,2,1,2,1,1,2,2,2,2,1,2,1,1"
    104     4       5     4500     0        10        false      true         true        0.51    -0.59313    -0.59313       144.98          0            2           10               0                   0                    0             0.004313     7.8652     11-Sep-2024 14:03:35       "845,1971"       "1,2,2,1,1,1,1,1,2,2,2,2,2,1,2,1,1,2,1,2,2,2,2,1,1,1,2,2,2,1,2,2,1,1,2,1,2,1,1,2,1,1,2,2,2,2,1,1,1,1,1,2,2,2,1,1,2,1,1,1,2,1,2,1,2,1,1,1,2,2,1,2,1,2,1,2,1,2,1,1,2,2,2,1,2,1,1,2,1,1,2,2,1,1,1,1,2,1,1,1,1,2,2,1,1,2,1,1,1,2,2,2,1,1,2,2,1,1,1,1,1,2,2,2,1,2,2,2,1,1,2,1,1,2,1,2,2,1,1,1,1,1,2,1,1,1,1,1,2,2,1,1,1,1,1,2,2,2,2,2,2,2,2,1,1,2,1,1,1,2,1,2,2,1,1,1,2,1,1,2,1,1,1,2,2,2,2,1,2,1,2,1,1,1,1,1,2,2,2,1"

