==========================================
SLURM_JOB_ID = 25531012
SLURM_JOB_NODELIST = b22-16
TMPDIR = /tmp/SLURM_25531012
==========================================
hello
Starting parallel pool (parpool) ...
Connected to the parallel pool (number of workers: 15).

pool = 

 ProcessPool with properties: 

            Connected: true
           NumWorkers: 15
                 Busy: false
              Cluster: Local
        AttachedFiles: {}
    AutoAddClientPath: true
            FileStore: [1x1 parallel.FileStore]
           ValueStore: [1x1 parallel.ValueStore]
          IdleTimeout: 30 minutes (30 minutes remaining)
          SpmdEnabled: true


dimension =

    50


separation =

     5


sample_size =

   200


table_name =

    'iso_hc'


db_dir =

    '/home1/jongminm/sparse_kmeans/sparse_kmeans.db'


rho =

     0


full_run =

  logical

   0


blfs = 

  block_replication_for_server with properties:

          table_name: 'iso_hc'
              db_dir: '/home1/jongminm/sparse_kmeans/sparse_kmeans.db'
      data_generator: [1x1 sparse_symmetric_data_generator]
      number_cluster: 2
          n_iter_max: 100
    window_size_half: 2
         sample_size: 200
         init_method: "hc"
        cluster_true: []
             learner: []
            run_full: 0
     matrix_sparsity: 0
            data_obj: @data_gaussian

replication: (93)th 


1 th thresholding


cutoff =

    0.3961


11 entries survived 
solving SDP...  breakyes=2.0,  primfeasorg*dualfeasorg < 1.00e-14took 9.396283s, relaxed dual: -8.955051, original: 1314.969352 

is_stop =

  logical

   0


final_iter =

     1


2 th thresholding


cutoff =

    0.3956


10 entries survived 
solving SDP...  breakyes=1.0,  maxresidual < 1.00e-06took 3.748274s, relaxed dual: -7.247210, original: 1317.335743 

is_stop =

  logical

   0


final_iter =

     1


3 th thresholding


cutoff =

    0.3956


10 entries survived 
solving SDP...  breakyes=1.0,  maxresidual < 1.00e-06took 2.803957s, relaxed dual: -6.998489, original: 1310.218009 

is_stop =

  logical

   0


final_iter =

     1


4 th thresholding


cutoff =

    0.3956


10 entries survived 
solving SDP...  breakyes=1.0,  maxresidual < 1.00e-06took 3.572217s, relaxed dual: -7.247210, original: 1317.335743 

is_stop =

  logical

   0


final_iter =

     1


5 th thresholding


cutoff =

    0.3956


10 entries survived 
solving SDP...  breakyes=1.0,  maxresidual < 1.00e-06took 3.194203s, relaxed dual: -6.998489, original: 1310.218009 

is_stop =

  logical

   0


final_iter =

     1


6 th thresholding


cutoff =

    0.3956


10 entries survived 
solving SDP...  breakyes=1.0,  maxresidual < 1.00e-06took 3.562413s, relaxed dual: -7.247210, original: 1317.335743 

change =

         0
   -0.0343
         0
   -0.0343
         0


change =

         0
    0.0054
         0
    0.0054
         0


is_stop =

  logical

   1


final_iter =

     4


 final iteration = 4 
acc_dict = 

  Map with properties:

        Count: 5
      KeyType: double
    ValueType: double


ans =

  1x5 cell array

    {[0.9550]}    {[0.9950]}    {[0.9950]}    {[0.9950]}    {[0.9950]}


ans =

  1x5 cell array

  Columns 1 through 3

    {'1,1,2,2,2,2,2,...'}    {'2,2,2,2,2,2,2,...'}    {'1,1,1,1,1,1,1,...'}

  Columns 4 through 5

    {'1,1,1,1,1,1,1,...'}    {'1,1,1,1,1,1,1,...'}


database_subtable =

  5x24 table

    rep    iter    sep    dim    rho    sparsity    stop_og    stop_sdp    stop_loop     acc     obj_prim    obj_dual    obj_original    true_pos    false_pos    false_neg    diff_x_tilde_fro    diff_x_tilde_op    diff_x_tilde_ellone    time_est    time_SDP          jobdate               survived_indices                                                                                                                                                                                                            cluster_est                                                                                                                                                                                                   
    ___    ____    ___    ___    ___    ________    _______    ________    _________    _____    ________    ________    ____________    ________    _________    _________    ________________    _______________    ___________________    ________    ________    ____________________    _________________________    _________________________________________________________________________________________________________________________________________________________________________________________________________________________________________________________________________________________________________________________________________________________________________________________________________________

    93      0       5     50      0        10        false      false        false      0.955          0           0             0           0           0            0               0                   0                    0                    0          0     11-Sep-2024 11:58:09    ""                           "1,1,2,2,2,2,2,2,2,2,2,2,2,2,2,2,2,2,2,2,2,2,2,1,2,2,1,2,2,2,2,2,2,2,2,2,2,2,2,2,2,2,2,2,2,2,2,2,2,2,2,2,2,2,2,2,2,2,2,2,2,2,2,1,2,1,2,2,2,2,2,2,2,2,2,2,2,2,2,2,2,2,2,2,2,2,1,2,2,2,2,2,2,2,2,2,2,2,2,2,1,1,1,1,1,1,1,2,1,1,1,1,1,1,1,1,1,1,1,1,1,1,1,1,1,1,1,1,1,1,1,1,1,1,1,1,1,1,1,1,1,1,1,1,1,1,1,1,1,1,1,1,1,1,1,1,1,1,1,1,1,1,1,1,1,1,1,1,1,1,2,1,1,1,1,1,1,1,1,1,1,1,1,1,1,1,1,1,1,1,1,1,1,1,1,1,1,1,1,1"
    93      1       5     50      0        10        false      false        false      0.995    -8.9551     -8.9551          1315          10           1            0               0                   0                    0             0.040184     9.3963     11-Sep-2024 11:58:09    "1,2,3,4,5,6,7,8,9,10,44"    "2,2,2,2,2,2,2,2,2,2,2,2,2,2,2,2,2,2,2,2,2,2,2,2,2,2,2,2,2,2,2,2,2,2,2,2,2,2,2,2,2,2,2,2,2,2,2,2,2,2,2,2,2,2,2,2,2,2,2,2,2,2,2,2,2,2,2,2,2,2,2,2,2,2,2,2,2,2,2,2,2,2,2,2,2,2,2,2,2,2,2,2,2,2,2,2,2,2,2,2,2,1,1,1,1,1,1,1,1,1,1,1,1,1,1,1,1,1,1,1,1,1,1,1,1,1,1,1,1,1,1,1,1,1,1,1,1,1,1,1,1,1,1,1,1,1,1,1,1,1,1,1,1,1,1,1,1,1,1,1,1,1,1,1,1,1,1,1,1,1,1,1,1,1,1,1,1,1,1,1,1,1,1,1,1,1,1,1,1,1,1,1,1,1,1,1,1,1,1,1"
    93      2       5     50      0        10        true       false        false      0.995    -7.2472     -7.2472        1317.3          10           0            0               0                   0                    0             0.005903     3.7483     11-Sep-2024 11:58:09    "1,2,3,4,5,6,7,8,9,10"       "1,1,1,1,1,1,1,1,1,1,1,1,1,1,1,1,1,1,1,1,1,1,1,1,1,1,2,1,1,1,1,1,1,1,1,1,1,1,1,1,1,1,1,1,1,1,1,1,1,1,1,1,1,1,1,1,1,1,1,1,1,1,1,1,1,1,1,1,1,1,1,1,1,1,1,1,1,1,1,1,1,1,1,1,1,1,1,1,1,1,1,1,1,1,1,1,1,1,1,1,2,2,2,2,2,2,2,2,2,2,2,2,2,2,2,2,2,2,2,2,2,2,2,2,2,2,2,2,2,2,2,2,2,2,2,2,2,2,2,2,2,2,2,2,2,2,2,2,2,2,2,2,2,2,2,2,2,2,2,2,2,2,2,2,2,2,2,2,2,2,2,2,2,2,2,2,2,2,2,2,2,2,2,2,2,2,2,2,2,2,2,2,2,2,2,2,2,2,2,2"
    93      3       5     50      0        10        false      false        false      0.995    -6.9985     -6.9985        1310.2          10           0            0               0                   0                    0             0.008936      2.804     11-Sep-2024 11:58:09    "1,2,3,4,5,6,7,8,9,10"       "1,1,1,1,1,1,1,1,1,1,1,1,1,1,1,1,1,1,1,1,1,1,1,1,1,1,1,1,1,1,1,1,1,1,1,1,1,1,1,1,1,1,1,1,1,1,1,1,1,1,1,1,1,1,1,1,1,1,1,1,1,1,1,1,1,1,1,1,1,1,1,1,1,1,1,1,1,1,1,1,1,1,1,1,1,1,1,1,1,1,1,1,1,1,1,1,1,1,1,1,1,2,2,2,2,2,2,2,2,2,2,2,2,2,2,2,2,2,2,2,2,2,2,2,2,2,2,2,2,2,2,2,2,2,2,2,2,2,2,2,2,2,2,2,2,2,2,2,2,2,2,2,2,2,2,2,2,2,2,2,2,2,2,2,2,2,2,2,2,2,2,2,2,2,2,2,2,2,2,2,2,2,2,2,2,2,2,2,2,2,2,2,2,2,2,2,2,2,2,2"
    93      4       5     50      0        10        false      false        true       0.995    -7.2472     -7.2472        1317.3          10           0            0               0                   0                    0             0.002823     3.5722     11-Sep-2024 11:58:09    "1,2,3,4,5,6,7,8,9,10"       "1,1,1,1,1,1,1,1,1,1,1,1,1,1,1,1,1,1,1,1,1,1,1,1,1,1,2,1,1,1,1,1,1,1,1,1,1,1,1,1,1,1,1,1,1,1,1,1,1,1,1,1,1,1,1,1,1,1,1,1,1,1,1,1,1,1,1,1,1,1,1,1,1,1,1,1,1,1,1,1,1,1,1,1,1,1,1,1,1,1,1,1,1,1,1,1,1,1,1,1,2,2,2,2,2,2,2,2,2,2,2,2,2,2,2,2,2,2,2,2,2,2,2,2,2,2,2,2,2,2,2,2,2,2,2,2,2,2,2,2,2,2,2,2,2,2,2,2,2,2,2,2,2,2,2,2,2,2,2,2,2,2,2,2,2,2,2,2,2,2,2,2,2,2,2,2,2,2,2,2,2,2,2,2,2,2,2,2,2,2,2,2,2,2,2,2,2,2,2,2"

db insertion failed
blfs = 

  block_replication_for_server with properties:

          table_name: 'iso_hc'
              db_dir: '/home1/jongminm/sparse_kmeans/sparse_kmeans.db'
      data_generator: [1x1 sparse_symmetric_data_generator]
      number_cluster: 2
          n_iter_max: 100
    window_size_half: 2
         sample_size: 200
         init_method: "hc"
        cluster_true: []
             learner: []
            run_full: 0
     matrix_sparsity: 0
            data_obj: @data_gaussian

replication: (94)th 


1 th thresholding


cutoff =

    0.3956


11 entries survived 
solving SDP...  breakyes=3.2,  dualfeasorg deteriorated too much: primfeasorg=2.51e-06,dualfeasorg=9.08e-05took 3.499424s, relaxed dual: -7.032942, original: 1289.708937 

is_stop =

  logical

   0


final_iter =

     1


2 th thresholding


cutoff =

    0.3956


10 entries survived 
solving SDP...  breakyes=3.1,  primfeasorg deteriorated too much: primfeasorg=5.54e-06,dualfeasorg=3.46e-06took 6.948679s, relaxed dual: -6.680387, original: 1283.877587 

is_stop =

  logical

   0


final_iter =

     1


3 th thresholding


cutoff =

    0.3956


11 entries survived 
solving SDP...  breakyes=1.4,  maxresidual < 1.00e-06took 10.114374s, relaxed dual: -6.648661, original: 1289.708937 

is_stop =

  logical

   1


final_iter =

     3


 final iteration = 3 
acc_dict = 

  Map with properties:

        Count: 4
      KeyType: double
    ValueType: double


ans =

  1x4 cell array

    {[0.9800]}    {[0.9950]}    {[0.9900]}    {[0.9950]}


ans =

  1x4 cell array

  Columns 1 through 3

    {'1,1,1,1,1,1,1,...'}    {'1,1,1,1,1,1,1,...'}    {'1,1,1,1,1,1,1,...'}

  Column 4

    {'2,2,2,2,2,2,2,...'}


database_subtable =

  4x24 table

    rep    iter    sep    dim    rho    sparsity    stop_og    stop_sdp    stop_loop     acc     obj_prim    obj_dual    obj_original    true_pos    false_pos    false_neg    diff_x_tilde_fro    diff_x_tilde_op    diff_x_tilde_ellone    time_est    time_SDP          jobdate               survived_indices                                                                                                                                                                                                            cluster_est                                                                                                                                                                                                   
    ___    ____    ___    ___    ___    ________    _______    ________    _________    _____    ________    ________    ____________    ________    _________    _________    ________________    _______________    ___________________    ________    ________    ____________________    _________________________    _________________________________________________________________________________________________________________________________________________________________________________________________________________________________________________________________________________________________________________________________________________________________________________________________________________

    94      0       5     50      0        10        false      false        false       0.98          0           0             0           0           0            0               0                   0                    0                    0          0     11-Sep-2024 11:59:03    ""                           "1,1,1,1,1,1,1,1,1,1,1,1,1,1,1,1,1,1,1,1,1,1,1,1,1,1,1,1,1,1,1,1,1,1,1,1,1,1,1,1,1,1,1,1,1,1,1,1,1,2,1,1,1,1,1,1,1,1,1,1,1,1,1,1,1,1,1,2,1,1,1,1,1,1,1,1,1,1,1,1,1,1,1,1,1,1,1,1,1,1,1,1,1,1,1,1,1,1,1,1,2,2,2,2,2,2,2,2,2,2,2,2,2,2,2,2,2,2,2,2,2,2,2,2,2,2,2,2,2,2,2,2,2,2,2,2,2,2,2,2,2,2,2,2,2,2,2,2,2,2,2,2,2,2,2,2,2,2,2,1,2,2,2,2,2,2,2,2,2,2,2,2,2,2,2,2,2,2,2,2,2,2,2,2,2,2,2,2,2,2,2,2,2,2,2,2,2,1,2,2"
    94      1       5     50      0        10        false      false        false      0.995    -7.0329     -7.0329        1289.7          10           1            0               0                   0                    0             0.005262     3.4994     11-Sep-2024 11:59:03    "1,2,3,4,5,6,7,8,9,10,29"    "1,1,1,1,1,1,1,1,1,1,1,1,1,1,1,1,1,1,1,1,1,1,1,1,1,1,1,1,1,1,1,1,1,1,1,1,1,1,1,1,1,1,1,1,1,1,1,1,1,2,1,1,1,1,1,1,1,1,1,1,1,1,1,1,1,1,1,1,1,1,1,1,1,1,1,1,1,1,1,1,1,1,1,1,1,1,1,1,1,1,1,1,1,1,1,1,1,1,1,1,2,2,2,2,2,2,2,2,2,2,2,2,2,2,2,2,2,2,2,2,2,2,2,2,2,2,2,2,2,2,2,2,2,2,2,2,2,2,2,2,2,2,2,2,2,2,2,2,2,2,2,2,2,2,2,2,2,2,2,2,2,2,2,2,2,2,2,2,2,2,2,2,2,2,2,2,2,2,2,2,2,2,2,2,2,2,2,2,2,2,2,2,2,2,2,2,2,2,2,2"
    94      2       5     50      0        10        true       false        false       0.99    -6.6801     -6.6804        1283.9          10           0            0               0                   0                    0             0.000893     6.9487     11-Sep-2024 11:59:03    "1,2,3,4,5,6,7,8,9,10"       "1,1,1,1,1,1,1,1,1,1,1,1,1,1,1,1,1,1,1,1,1,1,1,1,1,1,1,1,1,1,1,1,1,1,1,1,1,1,1,1,1,1,1,1,1,1,1,1,1,2,1,1,1,1,1,1,1,1,1,1,1,1,1,1,1,1,1,1,1,1,1,1,1,1,1,1,1,1,1,1,1,1,1,1,1,1,1,1,1,1,1,1,1,1,1,1,1,1,1,1,2,2,2,2,2,2,2,2,2,2,2,2,2,2,2,2,2,2,2,2,2,2,2,2,2,2,2,2,2,2,2,2,2,2,2,2,2,2,2,2,2,2,2,2,2,2,2,2,2,2,2,2,2,2,2,2,2,2,2,2,2,2,2,2,2,2,2,2,2,2,2,2,2,2,2,2,2,2,2,2,2,2,2,2,2,2,2,2,2,2,2,2,2,2,2,2,2,1,2,2"
    94      3       5     50      0        10        false      true         false      0.995    -6.6487     -6.6487        1289.7          10           1            0               0                   0                    0             0.001395     10.114     11-Sep-2024 11:59:03    "1,2,3,4,5,6,7,8,9,10,29"    "2,2,2,2,2,2,2,2,2,2,2,2,2,2,2,2,2,2,2,2,2,2,2,2,2,2,2,2,2,2,2,2,2,2,2,2,2,2,2,2,2,2,2,2,2,2,2,2,2,1,2,2,2,2,2,2,2,2,2,2,2,2,2,2,2,2,2,2,2,2,2,2,2,2,2,2,2,2,2,2,2,2,2,2,2,2,2,2,2,2,2,2,2,2,2,2,2,2,2,2,1,1,1,1,1,1,1,1,1,1,1,1,1,1,1,1,1,1,1,1,1,1,1,1,1,1,1,1,1,1,1,1,1,1,1,1,1,1,1,1,1,1,1,1,1,1,1,1,1,1,1,1,1,1,1,1,1,1,1,1,1,1,1,1,1,1,1,1,1,1,1,1,1,1,1,1,1,1,1,1,1,1,1,1,1,1,1,1,1,1,1,1,1,1,1,1,1,1,1,1"


blfs = 

  block_replication_for_server with properties:

          table_name: 'iso_hc'
              db_dir: '/home1/jongminm/sparse_kmeans/sparse_kmeans.db'
      data_generator: [1x1 sparse_symmetric_data_generator]
      number_cluster: 2
          n_iter_max: 100
    window_size_half: 2
         sample_size: 200
         init_method: "hc"
        cluster_true: []
             learner: []
            run_full: 0
     matrix_sparsity: 0
            data_obj: @data_gaussian

replication: (95)th 


1 th thresholding


cutoff =

    0.3963


11 entries survived 
solving SDP...  breakyes=1.0,  maxresidual < 1.00e-06took 7.950989s, relaxed dual: -7.926779, original: 1260.907932 

is_stop =

  logical

   0


final_iter =

     1


2 th thresholding


cutoff =

    0.3958


10 entries survived 
solving SDP...  breakyes=3.1,  primfeasorg deteriorated too much: primfeasorg=1.60e-06,dualfeasorg=1.62e-06took 6.853234s, relaxed dual: -6.368351, original: 1264.392062 

is_stop =

  logical

   0


final_iter =

     1


3 th thresholding


cutoff =

    0.3957


10 entries survived 
solving SDP...  breakyes=1.4,  maxresidual < 1.00e-06took 9.369945s, relaxed dual: -5.994928, original: 1256.506657 

is_stop =

  logical

   0


final_iter =

     1


4 th thresholding


cutoff =

    0.3957


10 entries survived 
solving SDP...  breakyes=1.0,  maxresidual < 1.00e-06took 6.864777s, relaxed dual: -6.249964, original: 1264.392062 

is_stop =

  logical

   0


final_iter =

     1


5 th thresholding


cutoff =

    0.3957


10 entries survived 
solving SDP...  breakyes=1.4,  maxresidual < 1.00e-06took 9.072089s, relaxed dual: -5.994928, original: 1256.506657 

is_stop =

  logical

   0


final_iter =

     1


6 th thresholding


cutoff =

    0.3957


10 entries survived 
solving SDP...  breakyes=1.0,  maxresidual < 1.00e-06took 6.039259s, relaxed dual: -6.249964, original: 1264.392062 

change =

   -0.0189
   -0.0408
         0
   -0.0408
         0


change =

         0
    0.0062
         0
    0.0062
         0


is_stop =

  logical

   1


final_iter =

     4


 final iteration = 4 
acc_dict = 

  Map with properties:

        Count: 5
      KeyType: double
    ValueType: double


ans =

  1x5 cell array

    {[0.9600]}    {[0.9850]}    {[0.9800]}    {[0.9900]}    {[0.9800]}


ans =

  1x5 cell array

  Columns 1 through 3

    {'1,1,1,1,2,1,1,...'}    {'1,1,1,1,1,1,1,...'}    {'1,1,1,1,1,1,1,...'}

  Columns 4 through 5

    {'2,2,2,2,2,2,2,...'}    {'1,1,1,1,1,1,1,...'}


database_subtable =

  5x24 table

    rep    iter    sep    dim    rho    sparsity    stop_og    stop_sdp    stop_loop     acc     obj_prim    obj_dual    obj_original    true_pos    false_pos    false_neg    diff_x_tilde_fro    diff_x_tilde_op    diff_x_tilde_ellone    time_est    time_SDP          jobdate               survived_indices                                                                                                                                                                                                            cluster_est                                                                                                                                                                                                   
    ___    ____    ___    ___    ___    ________    _______    ________    _________    _____    ________    ________    ____________    ________    _________    _________    ________________    _______________    ___________________    ________    ________    ____________________    _________________________    _________________________________________________________________________________________________________________________________________________________________________________________________________________________________________________________________________________________________________________________________________________________________________________________________________________

    95      0       5     50      0        10        false      false        false       0.96          0           0             0           0           0            0               0                   0                    0                    0          0     11-Sep-2024 12:00:04    ""                           "1,1,1,1,2,1,1,1,1,1,1,1,1,2,1,1,1,1,1,1,1,2,1,1,1,1,1,1,1,1,1,1,1,1,1,1,1,1,1,1,1,1,1,1,1,1,1,1,1,1,1,2,1,1,1,1,1,1,1,1,1,1,1,1,1,1,1,1,1,1,2,1,2,1,2,1,1,1,1,1,1,1,1,1,1,1,1,1,1,1,1,1,1,1,1,1,1,1,1,1,2,2,2,2,2,2,2,2,2,2,2,2,2,2,2,2,2,2,2,2,2,2,2,2,2,2,2,2,2,2,2,2,2,2,2,2,2,2,2,2,1,2,2,2,2,2,2,2,2,2,2,2,2,2,2,2,2,2,2,2,2,2,2,2,2,2,2,2,2,2,2,2,2,2,2,2,2,2,2,2,2,2,2,2,2,2,2,2,2,2,2,2,2,2,2,2,2,2,2,2"
    95      1       5     50      0        10        false      false        false      0.985    -7.9268     -7.9268        1260.9          10           1            0               0                   0                    0             0.001998      7.951     11-Sep-2024 12:00:04    "1,2,3,4,5,6,7,8,9,10,22"    "1,1,1,1,1,1,1,1,1,1,1,1,1,1,1,1,1,1,1,1,1,1,1,1,1,1,1,1,1,1,1,1,1,1,1,1,1,1,1,1,1,1,1,1,1,1,1,1,1,1,1,1,1,1,1,1,1,1,1,1,1,1,1,1,1,1,1,1,1,1,1,1,1,1,1,1,1,1,1,1,1,1,1,1,1,1,1,1,1,1,1,1,1,1,1,1,1,1,1,1,2,2,2,2,2,2,2,2,2,2,2,2,2,2,2,2,2,2,2,2,1,2,2,2,2,1,2,2,2,2,2,2,2,2,2,2,2,2,2,2,2,2,2,2,2,2,2,2,2,2,2,2,2,2,2,2,2,2,2,2,2,2,2,2,2,2,2,2,1,2,2,2,2,2,2,2,2,2,2,2,2,2,2,2,2,2,2,2,2,2,2,2,2,2,2,2,2,2,2,2"
    95      2       5     50      0        10        true       false        false       0.98    -6.3682     -6.3684        1264.4          10           0            0               0                   0                    0             0.001089     6.8532     11-Sep-2024 12:00:04    "1,2,3,4,5,6,7,8,9,10"       "1,1,1,1,1,1,1,1,1,1,1,1,1,2,1,1,1,1,1,1,1,1,1,1,1,1,1,1,1,1,1,1,1,1,1,1,1,1,1,1,1,1,1,1,1,1,1,1,1,1,1,1,1,1,1,1,1,1,1,1,1,1,1,1,1,1,1,1,1,1,1,1,2,1,2,1,1,1,1,1,1,1,1,1,1,1,1,1,1,1,1,1,1,1,1,1,1,1,1,1,2,2,2,2,2,2,2,2,2,2,2,2,2,2,2,2,2,2,2,2,2,2,2,2,2,1,2,2,2,2,2,2,2,2,2,2,2,2,2,2,2,2,2,2,2,2,2,2,2,2,2,2,2,2,2,2,2,2,2,2,2,2,2,2,2,2,2,2,2,2,2,2,2,2,2,2,2,2,2,2,2,2,2,2,2,2,2,2,2,2,2,2,2,2,2,2,2,2,2,2"
    95      3       5     50      0        10        false      false        false       0.99    -5.9949     -5.9949        1256.5          10           0            0               0                   0                    0             0.000999     9.3699     11-Sep-2024 12:00:04    "1,2,3,4,5,6,7,8,9,10"       "2,2,2,2,2,2,2,2,2,2,2,2,2,2,2,2,2,2,2,2,2,2,2,2,2,2,2,2,2,2,2,2,2,2,2,2,2,2,2,2,2,2,2,2,2,2,2,2,2,2,2,2,2,2,2,2,2,2,2,2,2,2,2,2,2,2,2,2,2,2,2,2,2,2,2,2,2,2,2,2,2,2,2,2,2,2,2,2,2,2,2,2,2,2,2,2,2,2,2,2,1,1,1,1,1,1,1,1,1,1,1,1,1,1,1,1,1,1,1,1,2,1,1,1,1,2,1,1,1,1,1,1,1,1,1,1,1,1,1,1,1,1,1,1,1,1,1,1,1,1,1,1,1,1,1,1,1,1,1,1,1,1,1,1,1,1,1,1,1,1,1,1,1,1,1,1,1,1,1,1,1,1,1,1,1,1,1,1,1,1,1,1,1,1,1,1,1,1,1,1"
    95      4       5     50      0        10        false      false        true        0.98      -6.25       -6.25        1264.4          10           0            0               0                   0                    0             0.000965     6.8648     11-Sep-2024 12:00:04    "1,2,3,4,5,6,7,8,9,10"       "1,1,1,1,1,1,1,1,1,1,1,1,1,2,1,1,1,1,1,1,1,1,1,1,1,1,1,1,1,1,1,1,1,1,1,1,1,1,1,1,1,1,1,1,1,1,1,1,1,1,1,1,1,1,1,1,1,1,1,1,1,1,1,1,1,1,1,1,1,1,1,1,2,1,2,1,1,1,1,1,1,1,1,1,1,1,1,1,1,1,1,1,1,1,1,1,1,1,1,1,2,2,2,2,2,2,2,2,2,2,2,2,2,2,2,2,2,2,2,2,2,2,2,2,2,1,2,2,2,2,2,2,2,2,2,2,2,2,2,2,2,2,2,2,2,2,2,2,2,2,2,2,2,2,2,2,2,2,2,2,2,2,2,2,2,2,2,2,2,2,2,2,2,2,2,2,2,2,2,2,2,2,2,2,2,2,2,2,2,2,2,2,2,2,2,2,2,2,2,2"


blfs = 

  block_replication_for_server with properties:

          table_name: 'iso_hc'
              db_dir: '/home1/jongminm/sparse_kmeans/sparse_kmeans.db'
      data_generator: [1x1 sparse_symmetric_data_generator]
      number_cluster: 2
          n_iter_max: 100
    window_size_half: 2
         sample_size: 200
         init_method: "hc"
        cluster_true: []
             learner: []
            run_full: 0
     matrix_sparsity: 0
            data_obj: @data_gaussian

replication: (96)th 


1 th thresholding


cutoff =

    0.3959


10 entries survived 
solving SDP...  breakyes=1.0,  maxresidual < 1.00e-06took 2.698616s, relaxed dual: -9.575208, original: 1336.489588 

is_stop =

  logical

   0


final_iter =

     1


2 th thresholding


cutoff =

    0.3958


11 entries survived 
solving SDP...  breakyes=1.3,  maxresidual < 1.00e-06took 8.971005s, relaxed dual: -6.804894, original: 1346.479837 

is_stop =

  logical

   0


final_iter =

     1


3 th thresholding


cutoff =

    0.3956


10 entries survived 
solving SDP...  breakyes=1.3,  maxresidual < 1.00e-06took 7.465617s, relaxed dual: -6.740420, original: 1336.489588 

is_stop =

  logical

   1


final_iter =

     3


 final iteration = 3 
acc_dict = 

  Map with properties:

        Count: 4
      KeyType: double
    ValueType: double


ans =

  1x4 cell array

    {[0.9500]}    {[0.9850]}    {[0.9850]}    {[0.9850]}


ans =

  1x4 cell array

  Columns 1 through 3

    {'2,2,2,2,2,2,2,...'}    {'1,1,1,2,1,1,1,...'}    {'1,1,1,1,1,1,1,...'}

  Column 4

    {'2,2,2,1,2,2,2,...'}


database_subtable =

  4x24 table

    rep    iter    sep    dim    rho    sparsity    stop_og    stop_sdp    stop_loop     acc     obj_prim    obj_dual    obj_original    true_pos    false_pos    false_neg    diff_x_tilde_fro    diff_x_tilde_op    diff_x_tilde_ellone    time_est    time_SDP          jobdate               survived_indices                                                                                                                                                                                                            cluster_est                                                                                                                                                                                                   
    ___    ____    ___    ___    ___    ________    _______    ________    _________    _____    ________    ________    ____________    ________    _________    _________    ________________    _______________    ___________________    ________    ________    ____________________    _________________________    _________________________________________________________________________________________________________________________________________________________________________________________________________________________________________________________________________________________________________________________________________________________________________________________________________________

    96      0       5     50      0        10        false      false        false       0.95          0           0             0           0           0            0               0                   0                    0                    0          0     11-Sep-2024 12:00:31    ""                           "2,2,2,2,2,2,2,2,2,2,2,2,2,2,2,2,2,2,2,2,2,2,2,2,2,2,2,2,2,2,2,2,2,2,1,2,2,2,2,2,2,2,2,2,2,2,2,2,2,2,2,2,2,2,2,2,2,2,2,2,2,2,2,2,2,2,2,2,2,2,2,2,2,2,2,2,2,2,2,2,1,2,2,2,2,2,2,2,2,2,2,2,2,2,2,2,2,1,2,2,1,1,1,1,1,1,1,1,2,1,2,1,1,1,1,1,1,1,1,1,1,1,1,1,1,1,1,1,1,2,1,2,1,1,1,1,1,1,1,1,1,1,1,1,1,1,1,1,1,1,1,1,1,1,1,1,1,1,1,1,1,1,1,1,1,1,1,1,1,1,2,1,1,1,2,1,1,1,1,1,1,1,1,1,1,1,1,2,1,1,1,1,1,1,1,1,1,1,1,1"
    96      1       5     50      0        10        false      false        false      0.985    -9.5752     -9.5752        1336.5          10           0            0               0                   0                    0             0.001267     2.6986     11-Sep-2024 12:00:31    "1,2,3,4,5,6,7,8,9,10"       "1,1,1,2,1,1,1,1,1,1,1,1,1,1,1,1,1,1,1,1,2,1,1,1,1,1,1,1,1,1,1,1,1,1,1,1,1,1,1,1,1,1,1,1,1,1,1,1,1,1,1,1,1,1,1,1,1,1,1,1,1,1,1,1,1,1,1,1,1,1,1,1,1,1,1,1,1,1,1,1,2,1,1,1,1,1,1,1,1,1,1,1,1,1,1,1,1,1,1,1,2,2,2,2,2,2,2,2,2,2,2,2,2,2,2,2,2,2,2,2,2,2,2,2,2,2,2,2,2,2,2,2,2,2,2,2,2,2,2,2,2,2,2,2,2,2,2,2,2,2,2,2,2,2,2,2,2,2,2,2,2,2,2,2,2,2,2,2,2,2,2,2,2,2,2,2,2,2,2,2,2,2,2,2,2,2,2,2,2,2,2,2,2,2,2,2,2,2,2,2"
    96      2       5     50      0        10        true       false        false      0.985    -6.8049     -6.8049        1346.5          10           1            0               0                   0                    0             0.001227      8.971     11-Sep-2024 12:00:31    "1,2,3,4,5,6,7,8,9,10,11"    "1,1,1,1,1,1,1,1,1,1,1,1,1,1,1,1,1,1,1,1,2,1,1,1,1,1,1,1,1,1,1,1,1,1,1,1,1,1,1,1,1,1,1,1,1,1,1,1,1,1,1,1,1,1,1,1,1,1,1,1,1,1,1,1,1,1,1,1,1,1,1,1,1,1,1,1,1,1,1,1,2,1,1,1,1,1,1,1,1,1,1,1,1,1,1,1,1,1,1,1,2,2,2,2,2,2,2,2,2,2,2,2,2,2,2,2,2,2,2,2,2,2,2,2,2,2,2,2,2,1,2,2,2,2,2,2,2,2,2,2,2,2,2,2,2,2,2,2,2,2,2,2,2,2,2,2,2,2,2,2,2,2,2,2,2,2,2,2,2,2,2,2,2,2,2,2,2,2,2,2,2,2,2,2,2,2,2,2,2,2,2,2,2,2,2,2,2,2,2,2"
    96      3       5     50      0        10        false      true         false      0.985    -6.7404     -6.7404        1336.5          10           0            0               0                   0                    0             0.000811     7.4656     11-Sep-2024 12:00:31    "1,2,3,4,5,6,7,8,9,10"       "2,2,2,1,2,2,2,2,2,2,2,2,2,2,2,2,2,2,2,2,1,2,2,2,2,2,2,2,2,2,2,2,2,2,2,2,2,2,2,2,2,2,2,2,2,2,2,2,2,2,2,2,2,2,2,2,2,2,2,2,2,2,2,2,2,2,2,2,2,2,2,2,2,2,2,2,2,2,2,2,1,2,2,2,2,2,2,2,2,2,2,2,2,2,2,2,2,2,2,2,1,1,1,1,1,1,1,1,1,1,1,1,1,1,1,1,1,1,1,1,1,1,1,1,1,1,1,1,1,1,1,1,1,1,1,1,1,1,1,1,1,1,1,1,1,1,1,1,1,1,1,1,1,1,1,1,1,1,1,1,1,1,1,1,1,1,1,1,1,1,1,1,1,1,1,1,1,1,1,1,1,1,1,1,1,1,1,1,1,1,1,1,1,1,1,1,1,1,1,1"

