
	Student License -- for use by students to meet course requirements
	and perform academic research at degree granting institutions only.


p =

        2000


Delta =

     3


path_result =

    '/mnt/nas/users/user213/sparse_kmeans/experiment/13_02_09_2024/samplecovoracle/result/rho5_Delta3_p2000.csv'


rho =

    0.0500

[Warning: Function plot has the same name as a MATLAB built-in. We suggest you
rename the function to avoid a potential name conflict.] 
[> In path (line 109)
In addpath>doPathAddition (line 116)
In addpath (line 80)
In rho5_Delta3_p2000 (line 10)] 
MATLAB detected: 32 physical cores.
MATLAB detected: 32 logical cores.
MATLAB was assigned: 32 logical cores by the OS.
MATLAB is using: 32 logical cores.

ans =

    32

Matrix is symmetric positive definite.

M =

    0.4951

delta confirmed: 3.000000
ans =

    2.8754

iteration: (1)th 


init_method =

    'spec'


sdp_method =

    'basic'

  breakyes=2.0,  primfeasorg*dualfeasorg < 1.00e-14  breakyes = 1.0,  maxresidual < 1.00e-04  breakyes=1.3,  maxresidual < 1.00e-06  breakyes=3.2,  dualfeasorg deteriorated too much: primfeasorg=4.36e-06,dualfeasorg=3.12e-05  breakyes=3.2,  dualfeasorg deteriorated too much: primfeasorg=4.36e-06,dualfeasorg=3.12e-05  breakyes=3.2,  dualfeasorg deteriorated too much: primfeasorg=4.36e-06,dualfeasorg=3.12e-05  breakyes=3.2,  dualfeasorg deteriorated too much: primfeasorg=4.36e-06,dualfeasorg=3.12e-05  breakyes=3.2,  dualfeasorg deteriorated too much: primfeasorg=4.36e-06,dualfeasorg=3.12e-05  breakyes=3.2,  dualfeasorg deteriorated too much: primfeasorg=4.36e-06,dualfeasorg=3.12e-05  breakyes=3.2,  dualfeasorg deteriorated too much: primfeasorg=4.36e-06,dualfeasorg=3.12e-05  breakyes=3.2,  dualfeasorg deteriorated too much: primfeasorg=4.36e-06,dualfeasorg=3.12e-05
cluster_acc =

    0.5050

mean acc so far: 0.505000
Elapsed time is 110.578899 seconds.
iteration: (2)th 


init_method =

    'spec'


sdp_method =

    'basic'


cluster_acc =

    0.5550

mean acc so far: 0.530000
Elapsed time is 1.340151 seconds.
iteration: (3)th 


init_method =

    'spec'


sdp_method =

    'basic'

  breakyes=3.2,  dualfeasorg deteriorated too much: primfeasorg=1.19e-06,dualfeasorg=5.20e-05  breakyes=3.2,  dualfeasorg deteriorated too much: primfeasorg=1.27e-06,dualfeasorg=5.33e-05  breakyes=3.2,  dualfeasorg deteriorated too much: primfeasorg=1.27e-06,dualfeasorg=5.33e-05  breakyes=3.2,  dualfeasorg deteriorated too much: primfeasorg=1.27e-06,dualfeasorg=5.33e-05  breakyes=3.2,  dualfeasorg deteriorated too much: primfeasorg=1.27e-06,dualfeasorg=5.33e-05  breakyes=3.2,  dualfeasorg deteriorated too much: primfeasorg=1.27e-06,dualfeasorg=5.33e-05  breakyes=3.2,  dualfeasorg deteriorated too much: primfeasorg=1.27e-06,dualfeasorg=5.33e-05  breakyes=3.2,  dualfeasorg deteriorated too much: primfeasorg=1.27e-06,dualfeasorg=5.33e-05  breakyes=3.2,  dualfeasorg deteriorated too much: primfeasorg=1.27e-06,dualfeasorg=5.33e-05  breakyes=3.2,  dualfeasorg deteriorated too much: primfeasorg=1.27e-06,dualfeasorg=5.33e-05
cluster_acc =

    0.5050

mean acc so far: 0.521667
Elapsed time is 121.345257 seconds.
iteration: (4)th 


init_method =

    'spec'


sdp_method =

    'basic'

  breakyes=3.2,  dualfeasorg deteriorated too much: primfeasorg=8.02e-07,dualfeasorg=4.51e-05  breakyes=3.2,  dualfeasorg deteriorated too much: primfeasorg=8.02e-07,dualfeasorg=4.51e-05  breakyes=3.2,  dualfeasorg deteriorated too much: primfeasorg=8.02e-07,dualfeasorg=4.51e-05  breakyes=3.2,  dualfeasorg deteriorated too much: primfeasorg=8.02e-07,dualfeasorg=4.51e-05  breakyes=3.2,  dualfeasorg deteriorated too much: primfeasorg=8.02e-07,dualfeasorg=4.51e-05  breakyes=3.2,  dualfeasorg deteriorated too much: primfeasorg=8.02e-07,dualfeasorg=4.51e-05  breakyes=3.2,  dualfeasorg deteriorated too much: primfeasorg=8.02e-07,dualfeasorg=4.51e-05  breakyes=3.2,  dualfeasorg deteriorated too much: primfeasorg=8.02e-07,dualfeasorg=4.51e-05  breakyes=3.2,  dualfeasorg deteriorated too much: primfeasorg=8.02e-07,dualfeasorg=4.51e-05  breakyes=3.2,  dualfeasorg deteriorated too much: primfeasorg=8.02e-07,dualfeasorg=4.51e-05
cluster_acc =

    0.5050

mean acc so far: 0.517500
Elapsed time is 121.076228 seconds.
iteration: (5)th 


init_method =

    'spec'


sdp_method =

    'basic'

  breakyes=3.2,  dualfeasorg deteriorated too much: primfeasorg=9.27e-07,dualfeasorg=4.70e-05  breakyes=3.2,  dualfeasorg deteriorated too much: primfeasorg=9.78e-07,dualfeasorg=3.27e-05  breakyes=3.2,  dualfeasorg deteriorated too much: primfeasorg=9.78e-07,dualfeasorg=3.27e-05  breakyes=3.2,  dualfeasorg deteriorated too much: primfeasorg=9.78e-07,dualfeasorg=3.27e-05  breakyes=3.2,  dualfeasorg deteriorated too much: primfeasorg=9.78e-07,dualfeasorg=3.27e-05  breakyes=3.2,  dualfeasorg deteriorated too much: primfeasorg=9.78e-07,dualfeasorg=3.27e-05  breakyes=3.2,  dualfeasorg deteriorated too much: primfeasorg=9.78e-07,dualfeasorg=3.27e-05  breakyes=3.2,  dualfeasorg deteriorated too much: primfeasorg=9.78e-07,dualfeasorg=3.27e-05  breakyes=3.2,  dualfeasorg deteriorated too much: primfeasorg=9.78e-07,dualfeasorg=3.27e-05  breakyes=3.2,  dualfeasorg deteriorated too much: primfeasorg=9.78e-07,dualfeasorg=3.27e-05
cluster_acc =

    0.6450

mean acc so far: 0.543000
Elapsed time is 145.299786 seconds.
iteration: (6)th 


init_method =

    'spec'


sdp_method =

    'basic'

  breakyes=1.4,  maxresidual < 1.00e-06  breakyes=1.4,  maxresidual < 1.00e-06  breakyes=1.4,  maxresidual < 1.00e-06  breakyes=1.4,  maxresidual < 1.00e-06  breakyes=1.4,  maxresidual < 1.00e-06  breakyes=1.4,  maxresidual < 1.00e-06  breakyes=1.4,  maxresidual < 1.00e-06  breakyes=1.4,  maxresidual < 1.00e-06  breakyes=1.4,  maxresidual < 1.00e-06  breakyes=1.4,  maxresidual < 1.00e-06
cluster_acc =

    0.6250

mean acc so far: 0.556667
Elapsed time is 142.881239 seconds.
iteration: (7)th 


init_method =

    'spec'


sdp_method =

    'basic'

  breakyes=3.2,  dualfeasorg deteriorated too much: primfeasorg=1.28e-06,dualfeasorg=6.48e-05  breakyes=3.2,  dualfeasorg deteriorated too much: primfeasorg=1.28e-06,dualfeasorg=6.48e-05  breakyes=3.2,  dualfeasorg deteriorated too much: primfeasorg=1.28e-06,dualfeasorg=6.48e-05  breakyes=3.2,  dualfeasorg deteriorated too much: primfeasorg=1.28e-06,dualfeasorg=6.48e-05  breakyes=3.2,  dualfeasorg deteriorated too much: primfeasorg=1.28e-06,dualfeasorg=6.48e-05  breakyes=3.2,  dualfeasorg deteriorated too much: primfeasorg=1.28e-06,dualfeasorg=6.48e-05  breakyes=3.2,  dualfeasorg deteriorated too much: primfeasorg=1.28e-06,dualfeasorg=6.48e-05  breakyes=3.2,  dualfeasorg deteriorated too much: primfeasorg=1.28e-06,dualfeasorg=6.48e-05  breakyes=3.2,  dualfeasorg deteriorated too much: primfeasorg=1.28e-06,dualfeasorg=6.48e-05  breakyes=3.2,  dualfeasorg deteriorated too much: primfeasorg=1.28e-06,dualfeasorg=6.48e-05
cluster_acc =

    0.5250

mean acc so far: 0.552143
Elapsed time is 122.990377 seconds.
iteration: (8)th 


init_method =

    'spec'


sdp_method =

    'basic'

  breakyes=3.2,  dualfeasorg deteriorated too much: primfeasorg=1.21e-06,dualfeasorg=5.48e-05  breakyes=3.2,  dualfeasorg deteriorated too much: primfeasorg=1.21e-06,dualfeasorg=5.48e-05  breakyes=3.2,  dualfeasorg deteriorated too much: primfeasorg=1.21e-06,dualfeasorg=5.48e-05  breakyes=3.2,  dualfeasorg deteriorated too much: primfeasorg=1.21e-06,dualfeasorg=5.48e-05  breakyes=3.2,  dualfeasorg deteriorated too much: primfeasorg=1.21e-06,dualfeasorg=5.48e-05  breakyes=3.2,  dualfeasorg deteriorated too much: primfeasorg=1.21e-06,dualfeasorg=5.48e-05  breakyes=3.2,  dualfeasorg deteriorated too much: primfeasorg=1.21e-06,dualfeasorg=5.48e-05  breakyes=3.2,  dualfeasorg deteriorated too much: primfeasorg=1.21e-06,dualfeasorg=5.48e-05  breakyes=3.2,  dualfeasorg deteriorated too much: primfeasorg=1.21e-06,dualfeasorg=5.48e-05  breakyes=3.2,  dualfeasorg deteriorated too much: primfeasorg=1.21e-06,dualfeasorg=5.48e-05
cluster_acc =

    0.5250

mean acc so far: 0.548750
Elapsed time is 124.877852 seconds.
iteration: (9)th 


init_method =

    'spec'


sdp_method =

    'basic'

  breakyes = 1.0,  maxresidual < 1.00e-04  breakyes=1.4,  maxresidual < 1.00e-06  breakyes = 1.0,  maxresidual < 1.00e-04  breakyes=1.4,  maxresidual < 1.00e-06  breakyes = 1.0,  maxresidual < 1.00e-04  breakyes=1.4,  maxresidual < 1.00e-06  breakyes = 1.0,  maxresidual < 1.00e-04  breakyes=1.4,  maxresidual < 1.00e-06  breakyes = 1.0,  maxresidual < 1.00e-04  breakyes=1.4,  maxresidual < 1.00e-06  breakyes = 1.0,  maxresidual < 1.00e-04  breakyes=1.4,  maxresidual < 1.00e-06  breakyes = 1.0,  maxresidual < 1.00e-04  breakyes=1.4,  maxresidual < 1.00e-06  breakyes = 1.0,  maxresidual < 1.00e-04  breakyes=1.4,  maxresidual < 1.00e-06  breakyes = 1.0,  maxresidual < 1.00e-04  breakyes=1.4,  maxresidual < 1.00e-06  breakyes = 1.0,  maxresidual < 1.00e-04  breakyes=1.4,  maxresidual < 1.00e-06
cluster_acc =

    0.5350

mean acc so far: 0.547222
Elapsed time is 109.253736 seconds.
iteration: (10)th 


init_method =

    'spec'


sdp_method =

    'basic'

  breakyes = 1.0,  maxresidual < 1.00e-04  breakyes=1.0,  maxresidual < 1.00e-06  breakyes = 1.0,  maxresidual < 1.00e-04  breakyes=3.2,  dualfeasorg deteriorated too much: primfeasorg=1.19e-06,dualfeasorg=3.25e-05  breakyes = 1.0,  maxresidual < 1.00e-04  breakyes=3.2,  dualfeasorg deteriorated too much: primfeasorg=1.19e-06,dualfeasorg=3.25e-05  breakyes = 1.0,  maxresidual < 1.00e-04  breakyes=3.2,  dualfeasorg deteriorated too much: primfeasorg=1.19e-06,dualfeasorg=3.25e-05  breakyes = 1.0,  maxresidual < 1.00e-04  breakyes=3.2,  dualfeasorg deteriorated too much: primfeasorg=1.19e-06,dualfeasorg=3.25e-05  breakyes = 1.0,  maxresidual < 1.00e-04  breakyes=3.2,  dualfeasorg deteriorated too much: primfeasorg=1.19e-06,dualfeasorg=3.25e-05  breakyes = 1.0,  maxresidual < 1.00e-04  breakyes=3.2,  dualfeasorg deteriorated too much: primfeasorg=1.19e-06,dualfeasorg=3.25e-05  breakyes = 1.0,  maxresidual < 1.00e-04  breakyes=3.2,  dualfeasorg deteriorated too much: primfeasorg=1.19e-06,dualfeasorg=3.25e-05  breakyes = 1.0,  maxresidual < 1.00e-04  breakyes=3.2,  dualfeasorg deteriorated too much: primfeasorg=1.19e-06,dualfeasorg=3.25e-05  breakyes = 1.0,  maxresidual < 1.00e-04  breakyes=3.2,  dualfeasorg deteriorated too much: primfeasorg=1.19e-06,dualfeasorg=3.25e-05
cluster_acc =

    0.5050

mean acc so far: 0.543000
Elapsed time is 82.501048 seconds.
iteration: (11)th 


init_method =

    'spec'


sdp_method =

    'basic'

  breakyes=1.4,  maxresidual < 1.00e-06  breakyes=3.2,  dualfeasorg deteriorated too much: primfeasorg=7.74e-07,dualfeasorg=6.33e-05  breakyes=3.2,  dualfeasorg deteriorated too much: primfeasorg=7.74e-07,dualfeasorg=6.33e-05  breakyes=3.2,  dualfeasorg deteriorated too much: primfeasorg=7.74e-07,dualfeasorg=6.33e-05  breakyes=3.2,  dualfeasorg deteriorated too much: primfeasorg=7.74e-07,dualfeasorg=6.33e-05  breakyes=3.2,  dualfeasorg deteriorated too much: primfeasorg=7.74e-07,dualfeasorg=6.33e-05  breakyes=3.2,  dualfeasorg deteriorated too much: primfeasorg=7.74e-07,dualfeasorg=6.33e-05  breakyes=3.2,  dualfeasorg deteriorated too much: primfeasorg=7.74e-07,dualfeasorg=6.33e-05  breakyes=3.2,  dualfeasorg deteriorated too much: primfeasorg=7.74e-07,dualfeasorg=6.33e-05  breakyes=3.2,  dualfeasorg deteriorated too much: primfeasorg=7.74e-07,dualfeasorg=6.33e-05
cluster_acc =

    0.6550

mean acc so far: 0.553182
Elapsed time is 144.792456 seconds.
iteration: (12)th 


init_method =

    'spec'


sdp_method =

    'basic'

  breakyes = 1.0,  maxresidual < 1.00e-04  breakyes=3.2,  dualfeasorg deteriorated too much: primfeasorg=2.03e-06,dualfeasorg=1.32e-04  breakyes = 1.0,  maxresidual < 1.00e-04  breakyes=1.4,  maxresidual < 1.00e-06  breakyes = 1.0,  maxresidual < 1.00e-04
  breakyes=1.4,  maxresidual < 1.00e-06  breakyes = 1.0,  maxresidual < 1.00e-04
  breakyes=1.4,  maxresidual < 1.00e-06  breakyes = 1.0,  maxresidual < 1.00e-04
  breakyes=1.4,  maxresidual < 1.00e-06  breakyes = 1.0,  maxresidual < 1.00e-04
  breakyes=1.4,  maxresidual < 1.00e-06  breakyes = 1.0,  maxresidual < 1.00e-04
  breakyes=1.4,  maxresidual < 1.00e-06  breakyes = 1.0,  maxresidual < 1.00e-04
  breakyes=1.4,  maxresidual < 1.00e-06  breakyes = 1.0,  maxresidual < 1.00e-04
  breakyes=1.4,  maxresidual < 1.00e-06  breakyes = 1.0,  maxresidual < 1.00e-04
  breakyes=1.4,  maxresidual < 1.00e-06
cluster_acc =

    0.5400

mean acc so far: 0.552083
Elapsed time is 160.717915 seconds.
iteration: (13)th 


init_method =

    'spec'


sdp_method =

    'basic'

  breakyes=1.3,  maxresidual < 1.00e-06  breakyes = 1.0,  maxresidual < 1.00e-04  breakyes=1.0,  maxresidual < 1.00e-06  breakyes = 1.0,  maxresidual < 1.00e-04  breakyes=1.0,  maxresidual < 1.00e-06  breakyes = 1.0,  maxresidual < 1.00e-04  breakyes=1.0,  maxresidual < 1.00e-06  breakyes = 1.0,  maxresidual < 1.00e-04  breakyes=1.0,  maxresidual < 1.00e-06  breakyes = 1.0,  maxresidual < 1.00e-04  breakyes=1.0,  maxresidual < 1.00e-06  breakyes = 1.0,  maxresidual < 1.00e-04  breakyes=1.0,  maxresidual < 1.00e-06  breakyes = 1.0,  maxresidual < 1.00e-04  breakyes=1.0,  maxresidual < 1.00e-06  breakyes = 1.0,  maxresidual < 1.00e-04  breakyes=1.0,  maxresidual < 1.00e-06  breakyes = 1.0,  maxresidual < 1.00e-04  breakyes=1.0,  maxresidual < 1.00e-06
cluster_acc =

    0.5750

mean acc so far: 0.553846
Elapsed time is 123.142625 seconds.
iteration: (14)th 


init_method =

    'spec'


sdp_method =

    'basic'

  breakyes=1.4,  maxresidual < 1.00e-06  breakyes=1.4,  maxresidual < 1.00e-06  breakyes=1.4,  maxresidual < 1.00e-06  breakyes=1.4,  maxresidual < 1.00e-06  breakyes=1.4,  maxresidual < 1.00e-06  breakyes=1.4,  maxresidual < 1.00e-06  breakyes=1.4,  maxresidual < 1.00e-06  breakyes=1.4,  maxresidual < 1.00e-06  breakyes=1.4,  maxresidual < 1.00e-06  breakyes=1.4,  maxresidual < 1.00e-06
cluster_acc =

    0.5300

mean acc so far: 0.552143
Elapsed time is 109.432685 seconds.
iteration: (15)th 


init_method =

    'spec'


sdp_method =

    'basic'

  breakyes = 1.0,  maxresidual < 1.00e-04  breakyes=1.0,  maxresidual < 1.00e-06  breakyes = 1.0,  maxresidual < 1.00e-04  breakyes=1.3,  maxresidual < 1.00e-06  breakyes=3.2,  dualfeasorg deteriorated too much: primfeasorg=1.10e-06,dualfeasorg=4.69e-05  breakyes=3.2,  dualfeasorg deteriorated too much: primfeasorg=8.60e-07,dualfeasorg=2.32e-05  breakyes=3.2,  dualfeasorg deteriorated too much: primfeasorg=8.60e-07,dualfeasorg=2.32e-05  breakyes=3.2,  dualfeasorg deteriorated too much: primfeasorg=8.60e-07,dualfeasorg=2.32e-05  breakyes=3.2,  dualfeasorg deteriorated too much: primfeasorg=8.60e-07,dualfeasorg=2.32e-05  breakyes=3.2,  dualfeasorg deteriorated too much: primfeasorg=8.60e-07,dualfeasorg=2.32e-05  breakyes=3.2,  dualfeasorg deteriorated too much: primfeasorg=8.60e-07,dualfeasorg=2.32e-05  breakyes=3.2,  dualfeasorg deteriorated too much: primfeasorg=8.60e-07,dualfeasorg=2.32e-05
cluster_acc =

    0.9100

mean acc so far: 0.576000
Elapsed time is 171.233762 seconds.
iteration: (16)th 


init_method =

    'spec'


sdp_method =

    'basic'

  breakyes = 1.0,  maxresidual < 1.00e-04  breakyes=3.2,  dualfeasorg deteriorated too much: primfeasorg=1.17e-06,dualfeasorg=3.07e-05  breakyes = 1.0,  maxresidual < 1.00e-04  breakyes=3.2,  dualfeasorg deteriorated too much: primfeasorg=1.17e-06,dualfeasorg=3.07e-05  breakyes = 1.0,  maxresidual < 1.00e-04  breakyes=3.2,  dualfeasorg deteriorated too much: primfeasorg=1.17e-06,dualfeasorg=3.07e-05  breakyes = 1.0,  maxresidual < 1.00e-04  breakyes=3.2,  dualfeasorg deteriorated too much: primfeasorg=1.17e-06,dualfeasorg=3.07e-05  breakyes = 1.0,  maxresidual < 1.00e-04  breakyes=3.2,  dualfeasorg deteriorated too much: primfeasorg=1.17e-06,dualfeasorg=3.07e-05  breakyes = 1.0,  maxresidual < 1.00e-04  breakyes=3.2,  dualfeasorg deteriorated too much: primfeasorg=1.17e-06,dualfeasorg=3.07e-05  breakyes = 1.0,  maxresidual < 1.00e-04  breakyes=3.2,  dualfeasorg deteriorated too much: primfeasorg=1.17e-06,dualfeasorg=3.07e-05  breakyes = 1.0,  maxresidual < 1.00e-04  breakyes=3.2,  dualfeasorg deteriorated too much: primfeasorg=1.17e-06,dualfeasorg=3.07e-05  breakyes = 1.0,  maxresidual < 1.00e-04  breakyes=3.2,  dualfeasorg deteriorated too much: primfeasorg=1.17e-06,dualfeasorg=3.07e-05  breakyes = 1.0,  maxresidual < 1.00e-04  breakyes=3.2,  dualfeasorg deteriorated too much: primfeasorg=1.17e-06,dualfeasorg=3.07e-05
cluster_acc =

    0.5200

mean acc so far: 0.572500
Elapsed time is 182.857553 seconds.
iteration: (17)th 


init_method =

    'spec'


sdp_method =

    'basic'

  breakyes=1.4,  maxresidual < 1.00e-06  breakyes=1.4,  maxresidual < 1.00e-06  breakyes = 1.0,  maxresidual < 1.00e-04  breakyes=1.4,  maxresidual < 1.00e-06  breakyes = 1.0,  maxresidual < 1.00e-04  breakyes=1.0,  maxresidual < 1.00e-06  breakyes = 1.0,  maxresidual < 1.00e-04  breakyes=1.0,  maxresidual < 1.00e-06  breakyes = 1.0,  maxresidual < 1.00e-04  breakyes=1.0,  maxresidual < 1.00e-06  breakyes = 1.0,  maxresidual < 1.00e-04  breakyes=1.0,  maxresidual < 1.00e-06  breakyes = 1.0,  maxresidual < 1.00e-04  breakyes=1.0,  maxresidual < 1.00e-06  breakyes = 1.0,  maxresidual < 1.00e-04  breakyes=1.0,  maxresidual < 1.00e-06  breakyes = 1.0,  maxresidual < 1.00e-04  breakyes=1.0,  maxresidual < 1.00e-06
cluster_acc =

    0.9200

mean acc so far: 0.592941
Elapsed time is 76.515219 seconds.
iteration: (18)th 


init_method =

    'spec'


sdp_method =

    'basic'

  breakyes=3.2,  dualfeasorg deteriorated too much: primfeasorg=8.16e-07,dualfeasorg=4.51e-05  breakyes=1.0,  maxresidual < 1.00e-06  breakyes=1.0,  maxresidual < 1.00e-06  breakyes=1.0,  maxresidual < 1.00e-06  breakyes=1.0,  maxresidual < 1.00e-06  breakyes=1.0,  maxresidual < 1.00e-06  breakyes=1.0,  maxresidual < 1.00e-06  breakyes=1.0,  maxresidual < 1.00e-06  breakyes=1.0,  maxresidual < 1.00e-06  breakyes=1.0,  maxresidual < 1.00e-06
cluster_acc =

    0.5300

mean acc so far: 0.589444
Elapsed time is 68.453673 seconds.
iteration: (19)th 


init_method =

    'spec'


sdp_method =

    'basic'

  breakyes=3.2,  dualfeasorg deteriorated too much: primfeasorg=1.35e-06,dualfeasorg=3.11e-05  breakyes=3.2,  dualfeasorg deteriorated too much: primfeasorg=6.84e-07,dualfeasorg=4.56e-05  breakyes=3.2,  dualfeasorg deteriorated too much: primfeasorg=6.84e-07,dualfeasorg=4.56e-05  breakyes=3.2,  dualfeasorg deteriorated too much: primfeasorg=6.84e-07,dualfeasorg=4.56e-05  breakyes=3.2,  dualfeasorg deteriorated too much: primfeasorg=6.84e-07,dualfeasorg=4.56e-05  breakyes=3.2,  dualfeasorg deteriorated too much: primfeasorg=6.84e-07,dualfeasorg=4.56e-05  breakyes=3.2,  dualfeasorg deteriorated too much: primfeasorg=6.84e-07,dualfeasorg=4.56e-05  breakyes=3.2,  dualfeasorg deteriorated too much: primfeasorg=6.84e-07,dualfeasorg=4.56e-05  breakyes=3.2,  dualfeasorg deteriorated too much: primfeasorg=6.84e-07,dualfeasorg=4.56e-05  breakyes=3.2,  dualfeasorg deteriorated too much: primfeasorg=6.84e-07,dualfeasorg=4.56e-05
cluster_acc =

    0.5050

mean acc so far: 0.585000
Elapsed time is 149.772634 seconds.
iteration: (20)th 


init_method =

    'spec'


sdp_method =

    'basic'

  breakyes=1.4,  maxresidual < 1.00e-06  breakyes=1.4,  maxresidual < 1.00e-06  breakyes=1.4,  maxresidual < 1.00e-06  breakyes=1.4,  maxresidual < 1.00e-06  breakyes=1.4,  maxresidual < 1.00e-06  breakyes=1.4,  maxresidual < 1.00e-06  breakyes=1.4,  maxresidual < 1.00e-06  breakyes=1.4,  maxresidual < 1.00e-06  breakyes=1.4,  maxresidual < 1.00e-06  breakyes=1.4,  maxresidual < 1.00e-06
cluster_acc =

    0.5150

mean acc so far: 0.581500
Elapsed time is 126.085982 seconds.
iteration: (21)th 


init_method =

    'spec'


sdp_method =

    'basic'

  breakyes=1.4,  maxresidual < 1.00e-06  breakyes=1.4,  maxresidual < 1.00e-06  breakyes=1.4,  maxresidual < 1.00e-06  breakyes=1.4,  maxresidual < 1.00e-06  breakyes=1.4,  maxresidual < 1.00e-06  breakyes=1.4,  maxresidual < 1.00e-06  breakyes=1.4,  maxresidual < 1.00e-06  breakyes=1.4,  maxresidual < 1.00e-06  breakyes=1.4,  maxresidual < 1.00e-06  breakyes=1.4,  maxresidual < 1.00e-06
cluster_acc =

    0.5350

mean acc so far: 0.579286
Elapsed time is 195.631768 seconds.
iteration: (22)th 


init_method =

    'spec'


sdp_method =

    'basic'

  breakyes=3.2,  dualfeasorg deteriorated too much: primfeasorg=1.37e-06,dualfeasorg=3.23e-05  breakyes = 1.0,  maxresidual < 1.00e-04  breakyes=1.0,  maxresidual < 1.00e-06  breakyes = 1.0,  maxresidual < 1.00e-04  breakyes=1.0,  maxresidual < 1.00e-06  breakyes = 1.0,  maxresidual < 1.00e-04  breakyes=1.0,  maxresidual < 1.00e-06  breakyes = 1.0,  maxresidual < 1.00e-04  breakyes=1.0,  maxresidual < 1.00e-06  breakyes = 1.0,  maxresidual < 1.00e-04  breakyes=1.0,  maxresidual < 1.00e-06  breakyes = 1.0,  maxresidual < 1.00e-04  breakyes=1.0,  maxresidual < 1.00e-06  breakyes = 1.0,  maxresidual < 1.00e-04  breakyes=1.0,  maxresidual < 1.00e-06  breakyes = 1.0,  maxresidual < 1.00e-04  breakyes=1.0,  maxresidual < 1.00e-06  breakyes = 1.0,  maxresidual < 1.00e-04  breakyes=1.0,  maxresidual < 1.00e-06
cluster_acc =

    0.5050

mean acc so far: 0.575909
Elapsed time is 48.355321 seconds.
iteration: (23)th 


init_method =

    'spec'


sdp_method =

    'basic'

  breakyes = 1.0,  maxresidual < 1.00e-04  breakyes=1.4,  maxresidual < 1.00e-06  breakyes = 1.0,  maxresidual < 1.00e-04  breakyes=1.4,  maxresidual < 1.00e-06  breakyes = 1.0,  maxresidual < 1.00e-04  breakyes=1.4,  maxresidual < 1.00e-06  breakyes = 1.0,  maxresidual < 1.00e-04  breakyes=1.4,  maxresidual < 1.00e-06  breakyes = 1.0,  maxresidual < 1.00e-04  breakyes=1.4,  maxresidual < 1.00e-06  breakyes = 1.0,  maxresidual < 1.00e-04  breakyes=1.4,  maxresidual < 1.00e-06  breakyes = 1.0,  maxresidual < 1.00e-04  breakyes=1.4,  maxresidual < 1.00e-06  breakyes = 1.0,  maxresidual < 1.00e-04  breakyes=1.4,  maxresidual < 1.00e-06  breakyes = 1.0,  maxresidual < 1.00e-04  breakyes=1.4,  maxresidual < 1.00e-06  breakyes = 1.0,  maxresidual < 1.00e-04  breakyes=1.4,  maxresidual < 1.00e-06
cluster_acc =

    0.5050

mean acc so far: 0.572826
Elapsed time is 224.559956 seconds.
iteration: (24)th 


init_method =

    'spec'


sdp_method =

    'basic'

  breakyes=3.2,  dualfeasorg deteriorated too much: primfeasorg=2.38e-06,dualfeasorg=5.80e-05  breakyes=3.2,  dualfeasorg deteriorated too much: primfeasorg=2.38e-06,dualfeasorg=5.80e-05  breakyes=3.2,  dualfeasorg deteriorated too much: primfeasorg=2.38e-06,dualfeasorg=5.80e-05  breakyes=3.2,  dualfeasorg deteriorated too much: primfeasorg=2.38e-06,dualfeasorg=5.80e-05  breakyes=3.2,  dualfeasorg deteriorated too much: primfeasorg=2.38e-06,dualfeasorg=5.80e-05  breakyes=3.2,  dualfeasorg deteriorated too much: primfeasorg=2.38e-06,dualfeasorg=5.80e-05  breakyes=3.2,  dualfeasorg deteriorated too much: primfeasorg=2.38e-06,dualfeasorg=5.80e-05  breakyes=3.2,  dualfeasorg deteriorated too much: primfeasorg=2.38e-06,dualfeasorg=5.80e-05  breakyes=3.2,  dualfeasorg deteriorated too much: primfeasorg=2.38e-06,dualfeasorg=5.80e-05  breakyes=3.2,  dualfeasorg deteriorated too much: primfeasorg=2.38e-06,dualfeasorg=5.80e-05
cluster_acc =

    0.5200

mean acc so far: 0.570625
Elapsed time is 167.761325 seconds.
iteration: (25)th 


init_method =

    'spec'


sdp_method =

    'basic'

  breakyes=3.2,  dualfeasorg deteriorated too much: primfeasorg=1.53e-06,dualfeasorg=4.97e-05  breakyes=3.2,  dualfeasorg deteriorated too much: primfeasorg=1.18e-06,dualfeasorg=4.97e-05  breakyes=3.2,  dualfeasorg deteriorated too much: primfeasorg=1.18e-06,dualfeasorg=4.97e-05  breakyes=3.2,  dualfeasorg deteriorated too much: primfeasorg=1.18e-06,dualfeasorg=4.97e-05  breakyes=3.2,  dualfeasorg deteriorated too much: primfeasorg=1.18e-06,dualfeasorg=4.97e-05  breakyes=3.2,  dualfeasorg deteriorated too much: primfeasorg=1.18e-06,dualfeasorg=4.97e-05  breakyes=3.2,  dualfeasorg deteriorated too much: primfeasorg=1.18e-06,dualfeasorg=4.97e-05  breakyes=3.2,  dualfeasorg deteriorated too much: primfeasorg=1.18e-06,dualfeasorg=4.97e-05  breakyes=3.2,  dualfeasorg deteriorated too much: primfeasorg=1.18e-06,dualfeasorg=4.97e-05  breakyes=3.2,  dualfeasorg deteriorated too much: primfeasorg=1.18e-06,dualfeasorg=4.97e-05
cluster_acc =

    0.5150

mean acc so far: 0.568400
Elapsed time is 130.557221 seconds.
iteration: (26)th 


init_method =

    'spec'


sdp_method =

    'basic'

  breakyes = 1.0,  maxresidual < 1.00e-04  breakyes=1.0,  maxresidual < 1.00e-06  breakyes = 1.0,  maxresidual < 1.00e-04  breakyes=1.0,  maxresidual < 1.00e-06  breakyes = 1.0,  maxresidual < 1.00e-04  breakyes=1.0,  maxresidual < 1.00e-06  breakyes = 1.0,  maxresidual < 1.00e-04  breakyes=1.0,  maxresidual < 1.00e-06  breakyes = 1.0,  maxresidual < 1.00e-04  breakyes=1.0,  maxresidual < 1.00e-06  breakyes = 1.0,  maxresidual < 1.00e-04  breakyes=1.0,  maxresidual < 1.00e-06  breakyes = 1.0,  maxresidual < 1.00e-04  breakyes=1.0,  maxresidual < 1.00e-06  breakyes = 1.0,  maxresidual < 1.00e-04  breakyes=1.0,  maxresidual < 1.00e-06  breakyes = 1.0,  maxresidual < 1.00e-04  breakyes=1.0,  maxresidual < 1.00e-06  breakyes = 1.0,  maxresidual < 1.00e-04  breakyes=1.0,  maxresidual < 1.00e-06
cluster_acc =

    0.5200

mean acc so far: 0.566538
Elapsed time is 82.808281 seconds.
iteration: (27)th 


init_method =

    'spec'


sdp_method =

    'basic'

  breakyes=3.2,  dualfeasorg deteriorated too much: primfeasorg=1.08e-06,dualfeasorg=4.38e-05  breakyes=3.2,  dualfeasorg deteriorated too much: primfeasorg=8.96e-07,dualfeasorg=4.77e-05  breakyes=1.4,  maxresidual < 1.00e-06  breakyes=1.3,  maxresidual < 1.00e-06  breakyes=1.3,  maxresidual < 1.00e-06  breakyes=1.3,  maxresidual < 1.00e-06  breakyes=1.3,  maxresidual < 1.00e-06  breakyes=1.3,  maxresidual < 1.00e-06  breakyes=1.3,  maxresidual < 1.00e-06  breakyes=1.3,  maxresidual < 1.00e-06
cluster_acc =

    0.9250

mean acc so far: 0.579815
Elapsed time is 144.257715 seconds.
iteration: (28)th 


init_method =

    'spec'


sdp_method =

    'basic'

  breakyes=3.2,  dualfeasorg deteriorated too much: primfeasorg=1.54e-06,dualfeasorg=2.98e-05
  breakyes=4.1,  primfeasorg stagnate, 0.00e+00  breakyes=3.2,  dualfeasorg deteriorated too much: primfeasorg=1.01e-06,dualfeasorg=2.42e-05  breakyes=3.2,  dualfeasorg deteriorated too much: primfeasorg=1.01e-06,dualfeasorg=2.42e-05  breakyes=3.2,  dualfeasorg deteriorated too much: primfeasorg=1.01e-06,dualfeasorg=2.42e-05  breakyes=3.2,  dualfeasorg deteriorated too much: primfeasorg=1.01e-06,dualfeasorg=2.42e-05  breakyes=3.2,  dualfeasorg deteriorated too much: primfeasorg=1.01e-06,dualfeasorg=2.42e-05  breakyes=3.2,  dualfeasorg deteriorated too much: primfeasorg=1.01e-06,dualfeasorg=2.42e-05  breakyes=3.2,  dualfeasorg deteriorated too much: primfeasorg=1.01e-06,dualfeasorg=2.42e-05  breakyes=3.2,  dualfeasorg deteriorated too much: primfeasorg=1.01e-06,dualfeasorg=2.42e-05
cluster_acc =

    0.5100

mean acc so far: 0.577321
Elapsed time is 173.655216 seconds.
iteration: (29)th 


init_method =

    'spec'


sdp_method =

    'basic'

  breakyes = 1.0,  maxresidual < 1.00e-04  breakyes=1.4,  maxresidual < 1.00e-06  breakyes = 1.0,  maxresidual < 1.00e-04  breakyes=1.4,  maxresidual < 1.00e-06  breakyes = 1.0,  maxresidual < 1.00e-04  breakyes=1.4,  maxresidual < 1.00e-06  breakyes = 1.0,  maxresidual < 1.00e-04  breakyes=1.4,  maxresidual < 1.00e-06  breakyes = 1.0,  maxresidual < 1.00e-04  breakyes=1.4,  maxresidual < 1.00e-06  breakyes = 1.0,  maxresidual < 1.00e-04  breakyes=1.4,  maxresidual < 1.00e-06  breakyes = 1.0,  maxresidual < 1.00e-04  breakyes=1.4,  maxresidual < 1.00e-06  breakyes = 1.0,  maxresidual < 1.00e-04  breakyes=1.4,  maxresidual < 1.00e-06  breakyes = 1.0,  maxresidual < 1.00e-04  breakyes=1.4,  maxresidual < 1.00e-06  breakyes = 1.0,  maxresidual < 1.00e-04  breakyes=1.4,  maxresidual < 1.00e-06
cluster_acc =

    0.5150

mean acc so far: 0.575172
Elapsed time is 111.177128 seconds.
iteration: (30)th 


init_method =

    'spec'


sdp_method =

    'basic'

  breakyes=1.4,  maxresidual < 1.00e-06  breakyes=1.4,  maxresidual < 1.00e-06  breakyes=1.4,  maxresidual < 1.00e-06  breakyes=1.4,  maxresidual < 1.00e-06  breakyes=1.4,  maxresidual < 1.00e-06  breakyes=1.4,  maxresidual < 1.00e-06  breakyes=1.4,  maxresidual < 1.00e-06  breakyes=1.4,  maxresidual < 1.00e-06  breakyes=1.4,  maxresidual < 1.00e-06  breakyes=1.4,  maxresidual < 1.00e-06
cluster_acc =

    0.5300

mean acc so far: 0.573667
Elapsed time is 173.032608 seconds.
iteration: (31)th 


init_method =

    'spec'


sdp_method =

    'basic'

  breakyes=3.2,  dualfeasorg deteriorated too much: primfeasorg=9.24e-07,dualfeasorg=4.23e-05  breakyes = 1.0,  maxresidual < 1.00e-04  breakyes=1.0,  maxresidual < 1.00e-06  breakyes = 1.0,  maxresidual < 1.00e-04  breakyes=1.0,  maxresidual < 1.00e-06  breakyes = 1.0,  maxresidual < 1.00e-04  breakyes=1.0,  maxresidual < 1.00e-06  breakyes = 1.0,  maxresidual < 1.00e-04  breakyes=1.0,  maxresidual < 1.00e-06  breakyes = 1.0,  maxresidual < 1.00e-04  breakyes=1.0,  maxresidual < 1.00e-06  breakyes = 1.0,  maxresidual < 1.00e-04  breakyes=1.0,  maxresidual < 1.00e-06  breakyes = 1.0,  maxresidual < 1.00e-04  breakyes=1.0,  maxresidual < 1.00e-06  breakyes = 1.0,  maxresidual < 1.00e-04  breakyes=1.0,  maxresidual < 1.00e-06  breakyes = 1.0,  maxresidual < 1.00e-04  breakyes=1.0,  maxresidual < 1.00e-06
cluster_acc =

    0.5400

mean acc so far: 0.572581
Elapsed time is 100.642982 seconds.
iteration: (32)th 


init_method =

    'spec'


sdp_method =

    'basic'

  breakyes = 1.0,  maxresidual < 1.00e-04  breakyes=3.2,  dualfeasorg deteriorated too much: primfeasorg=1.79e-06,dualfeasorg=3.31e-05  breakyes=3.2,  dualfeasorg deteriorated too much: primfeasorg=9.22e-07,dualfeasorg=4.08e-05  breakyes=3.2,  dualfeasorg deteriorated too much: primfeasorg=9.22e-07,dualfeasorg=4.08e-05  breakyes=3.2,  dualfeasorg deteriorated too much: primfeasorg=9.22e-07,dualfeasorg=4.08e-05  breakyes=3.2,  dualfeasorg deteriorated too much: primfeasorg=9.22e-07,dualfeasorg=4.08e-05  breakyes=3.2,  dualfeasorg deteriorated too much: primfeasorg=9.22e-07,dualfeasorg=4.08e-05  breakyes=3.2,  dualfeasorg deteriorated too much: primfeasorg=9.22e-07,dualfeasorg=4.08e-05  breakyes=3.2,  dualfeasorg deteriorated too much: primfeasorg=9.22e-07,dualfeasorg=4.08e-05  breakyes=3.2,  dualfeasorg deteriorated too much: primfeasorg=9.22e-07,dualfeasorg=4.08e-05  breakyes=3.2,  dualfeasorg deteriorated too much: primfeasorg=9.22e-07,dualfeasorg=4.08e-05
cluster_acc =

    0.5400

mean acc so far: 0.571563
Elapsed time is 116.321063 seconds.
iteration: (33)th 


init_method =

    'spec'


sdp_method =

    'basic'

  breakyes=3.2,  dualfeasorg deteriorated too much: primfeasorg=1.11e-06,dualfeasorg=2.85e-05  breakyes=1.4,  maxresidual < 1.00e-06  breakyes=1.4,  maxresidual < 1.00e-06  breakyes=1.4,  maxresidual < 1.00e-06  breakyes=1.4,  maxresidual < 1.00e-06  breakyes=1.4,  maxresidual < 1.00e-06  breakyes=1.4,  maxresidual < 1.00e-06  breakyes=1.4,  maxresidual < 1.00e-06  breakyes=1.4,  maxresidual < 1.00e-06  breakyes=1.4,  maxresidual < 1.00e-06
cluster_acc =

    0.5250

mean acc so far: 0.570152
Elapsed time is 153.682458 seconds.
iteration: (34)th 


init_method =

    'spec'


sdp_method =

    'basic'

  breakyes=3.2,  dualfeasorg deteriorated too much: primfeasorg=7.44e-07,dualfeasorg=3.85e-05  breakyes=4.1,  primfeasorg stagnate, 0.00e+00  breakyes=4.1,  primfeasorg stagnate, 0.00e+00  breakyes=4.1,  primfeasorg stagnate, 0.00e+00  breakyes=4.1,  primfeasorg stagnate, 0.00e+00  breakyes=4.1,  primfeasorg stagnate, 0.00e+00  breakyes=4.1,  primfeasorg stagnate, 0.00e+00  breakyes=4.1,  primfeasorg stagnate, 0.00e+00  breakyes=4.1,  primfeasorg stagnate, 0.00e+00  breakyes=4.1,  primfeasorg stagnate, 0.00e+00
cluster_acc =

    0.6850

mean acc so far: 0.573529
Elapsed time is 183.587648 seconds.
iteration: (35)th 


init_method =

    'spec'


sdp_method =

    'basic'

  breakyes=3.2,  dualfeasorg deteriorated too much: primfeasorg=1.49e-06,dualfeasorg=5.98e-05  breakyes=3.2,  dualfeasorg deteriorated too much: primfeasorg=2.58e-06,dualfeasorg=9.18e-05  breakyes=3.2,  dualfeasorg deteriorated too much: primfeasorg=2.58e-06,dualfeasorg=9.18e-05  breakyes=3.2,  dualfeasorg deteriorated too much: primfeasorg=2.58e-06,dualfeasorg=9.18e-05  breakyes=3.2,  dualfeasorg deteriorated too much: primfeasorg=2.58e-06,dualfeasorg=9.18e-05  breakyes=3.2,  dualfeasorg deteriorated too much: primfeasorg=2.58e-06,dualfeasorg=9.18e-05  breakyes=3.2,  dualfeasorg deteriorated too much: primfeasorg=2.58e-06,dualfeasorg=9.18e-05  breakyes=3.2,  dualfeasorg deteriorated too much: primfeasorg=2.58e-06,dualfeasorg=9.18e-05  breakyes=3.2,  dualfeasorg deteriorated too much: primfeasorg=2.58e-06,dualfeasorg=9.18e-05  breakyes=3.2,  dualfeasorg deteriorated too much: primfeasorg=2.58e-06,dualfeasorg=9.18e-05
cluster_acc =

    0.5250

mean acc so far: 0.572143
Elapsed time is 177.300013 seconds.
iteration: (36)th 


init_method =

    'spec'


sdp_method =

    'basic'

  breakyes=1.3,  maxresidual < 1.00e-06  breakyes=2.0,  primfeasorg*dualfeasorg < 1.00e-14  breakyes=2.0,  primfeasorg*dualfeasorg < 1.00e-14  breakyes=2.0,  primfeasorg*dualfeasorg < 1.00e-14  breakyes=2.0,  primfeasorg*dualfeasorg < 1.00e-14  breakyes=2.0,  primfeasorg*dualfeasorg < 1.00e-14  breakyes=2.0,  primfeasorg*dualfeasorg < 1.00e-14  breakyes=2.0,  primfeasorg*dualfeasorg < 1.00e-14  breakyes=2.0,  primfeasorg*dualfeasorg < 1.00e-14  breakyes=2.0,  primfeasorg*dualfeasorg < 1.00e-14
cluster_acc =

    0.5200

mean acc so far: 0.570694
Elapsed time is 154.999578 seconds.
iteration: (37)th 


init_method =

    'spec'


sdp_method =

    'basic'

  breakyes=3.2,  dualfeasorg deteriorated too much: primfeasorg=6.44e-07,dualfeasorg=2.99e-05  breakyes=3.2,  dualfeasorg deteriorated too much: primfeasorg=6.44e-07,dualfeasorg=2.99e-05  breakyes=3.2,  dualfeasorg deteriorated too much: primfeasorg=6.44e-07,dualfeasorg=2.99e-05  breakyes=3.2,  dualfeasorg deteriorated too much: primfeasorg=6.44e-07,dualfeasorg=2.99e-05  breakyes=3.2,  dualfeasorg deteriorated too much: primfeasorg=6.44e-07,dualfeasorg=2.99e-05  breakyes=3.2,  dualfeasorg deteriorated too much: primfeasorg=6.44e-07,dualfeasorg=2.99e-05  breakyes=3.2,  dualfeasorg deteriorated too much: primfeasorg=6.44e-07,dualfeasorg=2.99e-05  breakyes=3.2,  dualfeasorg deteriorated too much: primfeasorg=6.44e-07,dualfeasorg=2.99e-05  breakyes=3.2,  dualfeasorg deteriorated too much: primfeasorg=6.44e-07,dualfeasorg=2.99e-05  breakyes=3.2,  dualfeasorg deteriorated too much: primfeasorg=6.44e-07,dualfeasorg=2.99e-05
cluster_acc =

    0.5500

mean acc so far: 0.570135
Elapsed time is 157.718187 seconds.
iteration: (38)th 


init_method =

    'spec'


sdp_method =

    'basic'

  breakyes=3.2,  dualfeasorg deteriorated too much: primfeasorg=7.70e-07,dualfeasorg=3.97e-05  breakyes=3.2,  dualfeasorg deteriorated too much: primfeasorg=7.70e-07,dualfeasorg=3.97e-05  breakyes=3.2,  dualfeasorg deteriorated too much: primfeasorg=7.70e-07,dualfeasorg=3.97e-05  breakyes=3.2,  dualfeasorg deteriorated too much: primfeasorg=7.70e-07,dualfeasorg=3.97e-05  breakyes=3.2,  dualfeasorg deteriorated too much: primfeasorg=7.70e-07,dualfeasorg=3.97e-05  breakyes=3.2,  dualfeasorg deteriorated too much: primfeasorg=7.70e-07,dualfeasorg=3.97e-05  breakyes=3.2,  dualfeasorg deteriorated too much: primfeasorg=7.70e-07,dualfeasorg=3.97e-05  breakyes=3.2,  dualfeasorg deteriorated too much: primfeasorg=7.70e-07,dualfeasorg=3.97e-05  breakyes=3.2,  dualfeasorg deteriorated too much: primfeasorg=7.70e-07,dualfeasorg=3.97e-05  breakyes=3.2,  dualfeasorg deteriorated too much: primfeasorg=7.70e-07,dualfeasorg=3.97e-05
cluster_acc =

    0.5150

mean acc so far: 0.568684
Elapsed time is 120.838412 seconds.
iteration: (39)th 


init_method =

    'spec'


sdp_method =

    'basic'

  breakyes=3.2,  dualfeasorg deteriorated too much: primfeasorg=9.39e-07,dualfeasorg=3.55e-05  breakyes=3.2,  dualfeasorg deteriorated too much: primfeasorg=9.39e-07,dualfeasorg=3.55e-05  breakyes=3.2,  dualfeasorg deteriorated too much: primfeasorg=9.39e-07,dualfeasorg=3.55e-05  breakyes=3.2,  dualfeasorg deteriorated too much: primfeasorg=9.39e-07,dualfeasorg=3.55e-05  breakyes=3.2,  dualfeasorg deteriorated too much: primfeasorg=9.39e-07,dualfeasorg=3.55e-05  breakyes=3.2,  dualfeasorg deteriorated too much: primfeasorg=9.39e-07,dualfeasorg=3.55e-05  breakyes=3.2,  dualfeasorg deteriorated too much: primfeasorg=9.39e-07,dualfeasorg=3.55e-05  breakyes=3.2,  dualfeasorg deteriorated too much: primfeasorg=9.39e-07,dualfeasorg=3.55e-05  breakyes=3.2,  dualfeasorg deteriorated too much: primfeasorg=9.39e-07,dualfeasorg=3.55e-05  breakyes=3.2,  dualfeasorg deteriorated too much: primfeasorg=9.39e-07,dualfeasorg=3.55e-05
cluster_acc =

    0.5600

mean acc so far: 0.568462
Elapsed time is 177.738089 seconds.
iteration: (40)th 


init_method =

    'spec'


sdp_method =

    'basic'

  breakyes=3.2,  dualfeasorg deteriorated too much: primfeasorg=2.62e-06,dualfeasorg=5.11e-05  breakyes=3.2,  dualfeasorg deteriorated too much: primfeasorg=7.52e-07,dualfeasorg=5.31e-05  breakyes=3.2,  dualfeasorg deteriorated too much: primfeasorg=7.52e-07,dualfeasorg=5.31e-05  breakyes=3.2,  dualfeasorg deteriorated too much: primfeasorg=7.52e-07,dualfeasorg=5.31e-05  breakyes=3.2,  dualfeasorg deteriorated too much: primfeasorg=7.52e-07,dualfeasorg=5.31e-05  breakyes=3.2,  dualfeasorg deteriorated too much: primfeasorg=7.52e-07,dualfeasorg=5.31e-05  breakyes=3.2,  dualfeasorg deteriorated too much: primfeasorg=7.52e-07,dualfeasorg=5.31e-05  breakyes=3.2,  dualfeasorg deteriorated too much: primfeasorg=7.52e-07,dualfeasorg=5.31e-05  breakyes=3.2,  dualfeasorg deteriorated too much: primfeasorg=7.52e-07,dualfeasorg=5.31e-05  breakyes=3.2,  dualfeasorg deteriorated too much: primfeasorg=7.52e-07,dualfeasorg=5.31e-05
cluster_acc =

    0.6700

mean acc so far: 0.571000
Elapsed time is 165.455108 seconds.
iteration: (41)th 


init_method =

    'spec'


sdp_method =

    'basic'

  breakyes=3.2,  dualfeasorg deteriorated too much: primfeasorg=2.16e-06,dualfeasorg=3.76e-05  breakyes=3.2,  dualfeasorg deteriorated too much: primfeasorg=2.16e-06,dualfeasorg=3.76e-05  breakyes=3.2,  dualfeasorg deteriorated too much: primfeasorg=2.16e-06,dualfeasorg=3.76e-05  breakyes=3.2,  dualfeasorg deteriorated too much: primfeasorg=2.16e-06,dualfeasorg=3.76e-05  breakyes=3.2,  dualfeasorg deteriorated too much: primfeasorg=2.16e-06,dualfeasorg=3.76e-05  breakyes=3.2,  dualfeasorg deteriorated too much: primfeasorg=2.16e-06,dualfeasorg=3.76e-05  breakyes=3.2,  dualfeasorg deteriorated too much: primfeasorg=2.16e-06,dualfeasorg=3.76e-05  breakyes=3.2,  dualfeasorg deteriorated too much: primfeasorg=2.16e-06,dualfeasorg=3.76e-05  breakyes=3.2,  dualfeasorg deteriorated too much: primfeasorg=2.16e-06,dualfeasorg=3.76e-05  breakyes=3.2,  dualfeasorg deteriorated too much: primfeasorg=2.16e-06,dualfeasorg=3.76e-05
cluster_acc =

    0.5450

mean acc so far: 0.570366
Elapsed time is 73.019708 seconds.
iteration: (42)th 


init_method =

    'spec'


sdp_method =

    'basic'

  breakyes=3.2,  dualfeasorg deteriorated too much: primfeasorg=2.54e-06,dualfeasorg=4.14e-05  breakyes=1.4,  maxresidual < 1.00e-06  breakyes=1.4,  maxresidual < 1.00e-06  breakyes=1.4,  maxresidual < 1.00e-06  breakyes=1.4,  maxresidual < 1.00e-06  breakyes=1.4,  maxresidual < 1.00e-06  breakyes=1.4,  maxresidual < 1.00e-06  breakyes=1.4,  maxresidual < 1.00e-06  breakyes=1.4,  maxresidual < 1.00e-06  breakyes=1.4,  maxresidual < 1.00e-06
cluster_acc =

    0.5200

mean acc so far: 0.569167
Elapsed time is 127.945506 seconds.
iteration: (43)th 


init_method =

    'spec'


sdp_method =

    'basic'

  breakyes = 1.0,  maxresidual < 1.00e-04  breakyes=1.0,  maxresidual < 1.00e-06  breakyes = 1.0,  maxresidual < 1.00e-04  breakyes=1.0,  maxresidual < 1.00e-06  breakyes = 1.0,  maxresidual < 1.00e-04  breakyes=1.0,  maxresidual < 1.00e-06  breakyes = 1.0,  maxresidual < 1.00e-04  breakyes=1.0,  maxresidual < 1.00e-06  breakyes = 1.0,  maxresidual < 1.00e-04  breakyes=1.0,  maxresidual < 1.00e-06  breakyes = 1.0,  maxresidual < 1.00e-04  breakyes=1.0,  maxresidual < 1.00e-06  breakyes = 1.0,  maxresidual < 1.00e-04  breakyes=1.0,  maxresidual < 1.00e-06  breakyes = 1.0,  maxresidual < 1.00e-04  breakyes=1.0,  maxresidual < 1.00e-06  breakyes = 1.0,  maxresidual < 1.00e-04  breakyes=1.0,  maxresidual < 1.00e-06  breakyes = 1.0,  maxresidual < 1.00e-04  breakyes=1.0,  maxresidual < 1.00e-06
cluster_acc =

    0.5150

mean acc so far: 0.567907
Elapsed time is 42.992420 seconds.
iteration: (44)th 


init_method =

    'spec'


sdp_method =

    'basic'

  breakyes=3.2,  dualfeasorg deteriorated too much: primfeasorg=7.38e-07,dualfeasorg=5.09e-05  breakyes=3.2,  dualfeasorg deteriorated too much: primfeasorg=7.38e-07,dualfeasorg=5.09e-05  breakyes=3.2,  dualfeasorg deteriorated too much: primfeasorg=7.38e-07,dualfeasorg=5.09e-05  breakyes=3.2,  dualfeasorg deteriorated too much: primfeasorg=7.38e-07,dualfeasorg=5.09e-05  breakyes=3.2,  dualfeasorg deteriorated too much: primfeasorg=7.38e-07,dualfeasorg=5.09e-05  breakyes=3.2,  dualfeasorg deteriorated too much: primfeasorg=7.38e-07,dualfeasorg=5.09e-05  breakyes=3.2,  dualfeasorg deteriorated too much: primfeasorg=7.38e-07,dualfeasorg=5.09e-05  breakyes=3.2,  dualfeasorg deteriorated too much: primfeasorg=7.38e-07,dualfeasorg=5.09e-05  breakyes=3.2,  dualfeasorg deteriorated too much: primfeasorg=7.38e-07,dualfeasorg=5.09e-05  breakyes=3.2,  dualfeasorg deteriorated too much: primfeasorg=7.38e-07,dualfeasorg=5.09e-05
cluster_acc =

    0.5550

mean acc so far: 0.567614
Elapsed time is 161.771921 seconds.
iteration: (45)th 


init_method =

    'spec'


sdp_method =

    'basic'

  breakyes=3.2,  dualfeasorg deteriorated too much: primfeasorg=1.39e-06,dualfeasorg=4.19e-05  breakyes=3.2,  dualfeasorg deteriorated too much: primfeasorg=7.47e-07,dualfeasorg=3.05e-05  breakyes=1.4,  maxresidual < 1.00e-06  breakyes=1.4,  maxresidual < 1.00e-06  breakyes=1.4,  maxresidual < 1.00e-06  breakyes=1.4,  maxresidual < 1.00e-06  breakyes=1.4,  maxresidual < 1.00e-06  breakyes=1.4,  maxresidual < 1.00e-06  breakyes=1.4,  maxresidual < 1.00e-06  breakyes=1.4,  maxresidual < 1.00e-06
cluster_acc =

    0.5150

mean acc so far: 0.566444
Elapsed time is 156.796867 seconds.
iteration: (46)th 


init_method =

    'spec'


sdp_method =

    'basic'

  breakyes=3.2,  dualfeasorg deteriorated too much: primfeasorg=9.45e-07,dualfeasorg=3.98e-05  breakyes=3.2,  dualfeasorg deteriorated too much: primfeasorg=9.54e-07,dualfeasorg=3.56e-05  breakyes=3.2,  dualfeasorg deteriorated too much: primfeasorg=8.21e-07,dualfeasorg=4.78e-05  breakyes=3.2,  dualfeasorg deteriorated too much: primfeasorg=8.21e-07,dualfeasorg=4.78e-05  breakyes=3.2,  dualfeasorg deteriorated too much: primfeasorg=8.21e-07,dualfeasorg=4.78e-05  breakyes=3.2,  dualfeasorg deteriorated too much: primfeasorg=8.21e-07,dualfeasorg=4.78e-05  breakyes=3.2,  dualfeasorg deteriorated too much: primfeasorg=8.21e-07,dualfeasorg=4.78e-05  breakyes=3.2,  dualfeasorg deteriorated too much: primfeasorg=7.66e-07,dualfeasorg=3.64e-05  breakyes=3.2,  dualfeasorg deteriorated too much: primfeasorg=7.66e-07,dualfeasorg=3.64e-05  breakyes=3.2,  dualfeasorg deteriorated too much: primfeasorg=7.66e-07,dualfeasorg=3.64e-05
cluster_acc =

    0.5650

mean acc so far: 0.566413
Elapsed time is 164.611752 seconds.
iteration: (47)th 


init_method =

    'spec'


sdp_method =

    'basic'

  breakyes=3.2,  dualfeasorg deteriorated too much: primfeasorg=2.03e-06,dualfeasorg=3.17e-05  breakyes=3.2,  dualfeasorg deteriorated too much: primfeasorg=2.03e-06,dualfeasorg=3.17e-05  breakyes=3.2,  dualfeasorg deteriorated too much: primfeasorg=2.03e-06,dualfeasorg=3.17e-05  breakyes=3.2,  dualfeasorg deteriorated too much: primfeasorg=2.03e-06,dualfeasorg=3.17e-05  breakyes=3.2,  dualfeasorg deteriorated too much: primfeasorg=2.03e-06,dualfeasorg=3.17e-05  breakyes=3.2,  dualfeasorg deteriorated too much: primfeasorg=2.03e-06,dualfeasorg=3.17e-05  breakyes=3.2,  dualfeasorg deteriorated too much: primfeasorg=2.03e-06,dualfeasorg=3.17e-05  breakyes=3.2,  dualfeasorg deteriorated too much: primfeasorg=2.03e-06,dualfeasorg=3.17e-05  breakyes=3.2,  dualfeasorg deteriorated too much: primfeasorg=2.03e-06,dualfeasorg=3.17e-05  breakyes=3.2,  dualfeasorg deteriorated too much: primfeasorg=2.03e-06,dualfeasorg=3.17e-05
cluster_acc =

    0.5450

mean acc so far: 0.565957
Elapsed time is 179.174618 seconds.
iteration: (48)th 


init_method =

    'spec'


sdp_method =

    'basic'

  breakyes=1.3,  maxresidual < 1.00e-06  breakyes=1.4,  maxresidual < 1.00e-06  breakyes=3.2,  dualfeasorg deteriorated too much: primfeasorg=1.02e-06,dualfeasorg=5.24e-05  breakyes=3.2,  dualfeasorg deteriorated too much: primfeasorg=1.02e-06,dualfeasorg=5.24e-05  breakyes=3.2,  dualfeasorg deteriorated too much: primfeasorg=1.02e-06,dualfeasorg=5.24e-05  breakyes=3.2,  dualfeasorg deteriorated too much: primfeasorg=1.02e-06,dualfeasorg=5.24e-05  breakyes=3.2,  dualfeasorg deteriorated too much: primfeasorg=1.02e-06,dualfeasorg=5.24e-05  breakyes=3.2,  dualfeasorg deteriorated too much: primfeasorg=1.02e-06,dualfeasorg=5.24e-05  breakyes=3.2,  dualfeasorg deteriorated too much: primfeasorg=1.02e-06,dualfeasorg=5.24e-05  breakyes=3.2,  dualfeasorg deteriorated too much: primfeasorg=1.02e-06,dualfeasorg=5.24e-05
cluster_acc =

    0.5250

mean acc so far: 0.565104
Elapsed time is 146.140365 seconds.
iteration: (49)th 


init_method =

    'spec'


sdp_method =

    'basic'

  breakyes=3.2,  dualfeasorg deteriorated too much: primfeasorg=8.61e-07,dualfeasorg=4.60e-05  breakyes=3.2,  dualfeasorg deteriorated too much: primfeasorg=8.61e-07,dualfeasorg=4.60e-05  breakyes=3.2,  dualfeasorg deteriorated too much: primfeasorg=8.61e-07,dualfeasorg=4.60e-05  breakyes=3.2,  dualfeasorg deteriorated too much: primfeasorg=8.61e-07,dualfeasorg=4.60e-05  breakyes=3.2,  dualfeasorg deteriorated too much: primfeasorg=8.61e-07,dualfeasorg=4.60e-05  breakyes=3.2,  dualfeasorg deteriorated too much: primfeasorg=8.61e-07,dualfeasorg=4.60e-05  breakyes=3.2,  dualfeasorg deteriorated too much: primfeasorg=8.61e-07,dualfeasorg=4.60e-05  breakyes=3.2,  dualfeasorg deteriorated too much: primfeasorg=8.61e-07,dualfeasorg=4.60e-05  breakyes=3.2,  dualfeasorg deteriorated too much: primfeasorg=8.61e-07,dualfeasorg=4.60e-05  breakyes=3.2,  dualfeasorg deteriorated too much: primfeasorg=8.61e-07,dualfeasorg=4.60e-05
cluster_acc =

    0.5200

mean acc so far: 0.564184
Elapsed time is 135.216813 seconds.
iteration: (50)th 


init_method =

    'spec'


sdp_method =

    'basic'

  breakyes = 1.0,  maxresidual < 1.00e-04  breakyes=3.2,  dualfeasorg deteriorated too much: primfeasorg=1.52e-06,dualfeasorg=2.89e-05  breakyes=3.2,  dualfeasorg deteriorated too much: primfeasorg=6.64e-07,dualfeasorg=3.79e-05  breakyes=3.2,  dualfeasorg deteriorated too much: primfeasorg=6.64e-07,dualfeasorg=3.79e-05  breakyes=3.2,  dualfeasorg deteriorated too much: primfeasorg=6.64e-07,dualfeasorg=3.79e-05  breakyes=3.2,  dualfeasorg deteriorated too much: primfeasorg=6.64e-07,dualfeasorg=3.79e-05  breakyes=3.2,  dualfeasorg deteriorated too much: primfeasorg=6.64e-07,dualfeasorg=3.79e-05  breakyes=3.2,  dualfeasorg deteriorated too much: primfeasorg=6.64e-07,dualfeasorg=3.79e-05  breakyes=3.2,  dualfeasorg deteriorated too much: primfeasorg=6.64e-07,dualfeasorg=3.79e-05  breakyes=3.2,  dualfeasorg deteriorated too much: primfeasorg=6.64e-07,dualfeasorg=3.79e-05  breakyes=3.2,  dualfeasorg deteriorated too much: primfeasorg=6.64e-07,dualfeasorg=3.79e-05
cluster_acc =

    0.5350

mean acc so far: 0.563600
Elapsed time is 125.327028 seconds.
iteration: (51)th 


init_method =

    'spec'


sdp_method =

    'basic'

  breakyes=1.4,  maxresidual < 1.00e-06  breakyes=1.4,  maxresidual < 1.00e-06  breakyes=1.4,  maxresidual < 1.00e-06  breakyes=1.4,  maxresidual < 1.00e-06  breakyes=1.4,  maxresidual < 1.00e-06  breakyes=1.4,  maxresidual < 1.00e-06  breakyes=1.4,  maxresidual < 1.00e-06  breakyes=1.4,  maxresidual < 1.00e-06  breakyes=1.4,  maxresidual < 1.00e-06  breakyes=1.4,  maxresidual < 1.00e-06
cluster_acc =

    0.5500

mean acc so far: 0.563333
Elapsed time is 151.859920 seconds.
iteration: (52)th 


init_method =

    'spec'


sdp_method =

    'basic'

  breakyes=3.2,  dualfeasorg deteriorated too much: primfeasorg=1.13e-06,dualfeasorg=3.49e-05  breakyes=3.2,  dualfeasorg deteriorated too much: primfeasorg=1.13e-06,dualfeasorg=3.49e-05  breakyes=3.2,  dualfeasorg deteriorated too much: primfeasorg=1.13e-06,dualfeasorg=3.49e-05  breakyes=3.2,  dualfeasorg deteriorated too much: primfeasorg=1.13e-06,dualfeasorg=3.49e-05  breakyes=3.2,  dualfeasorg deteriorated too much: primfeasorg=1.13e-06,dualfeasorg=3.49e-05  breakyes=3.2,  dualfeasorg deteriorated too much: primfeasorg=1.13e-06,dualfeasorg=3.49e-05  breakyes=3.2,  dualfeasorg deteriorated too much: primfeasorg=1.13e-06,dualfeasorg=3.49e-05  breakyes=3.2,  dualfeasorg deteriorated too much: primfeasorg=1.13e-06,dualfeasorg=3.49e-05  breakyes=3.2,  dualfeasorg deteriorated too much: primfeasorg=1.13e-06,dualfeasorg=3.49e-05  breakyes=3.2,  dualfeasorg deteriorated too much: primfeasorg=1.13e-06,dualfeasorg=3.49e-05
cluster_acc =

    0.5750

mean acc so far: 0.563558
Elapsed time is 72.248559 seconds.
iteration: (53)th 


init_method =

    'spec'


sdp_method =

    'basic'

  breakyes=3.2,  dualfeasorg deteriorated too much: primfeasorg=2.06e-06,dualfeasorg=5.07e-05  breakyes=3.2,  dualfeasorg deteriorated too much: primfeasorg=2.06e-06,dualfeasorg=5.07e-05  breakyes=3.2,  dualfeasorg deteriorated too much: primfeasorg=2.06e-06,dualfeasorg=5.07e-05  breakyes=3.2,  dualfeasorg deteriorated too much: primfeasorg=2.06e-06,dualfeasorg=5.07e-05  breakyes=3.2,  dualfeasorg deteriorated too much: primfeasorg=2.06e-06,dualfeasorg=5.07e-05  breakyes=3.2,  dualfeasorg deteriorated too much: primfeasorg=2.06e-06,dualfeasorg=5.07e-05  breakyes=3.2,  dualfeasorg deteriorated too much: primfeasorg=2.06e-06,dualfeasorg=5.07e-05  breakyes=3.2,  dualfeasorg deteriorated too much: primfeasorg=2.06e-06,dualfeasorg=5.07e-05  breakyes=3.2,  dualfeasorg deteriorated too much: primfeasorg=2.06e-06,dualfeasorg=5.07e-05  breakyes=3.2,  dualfeasorg deteriorated too much: primfeasorg=2.06e-06,dualfeasorg=5.07e-05
cluster_acc =

    0.5850

mean acc so far: 0.563962
Elapsed time is 84.827324 seconds.
iteration: (54)th 


init_method =

    'spec'


sdp_method =

    'basic'

  breakyes=3.2,  dualfeasorg deteriorated too much: primfeasorg=7.62e-07,dualfeasorg=3.63e-05  breakyes=3.2,  dualfeasorg deteriorated too much: primfeasorg=7.62e-07,dualfeasorg=3.63e-05  breakyes=3.2,  dualfeasorg deteriorated too much: primfeasorg=7.62e-07,dualfeasorg=3.63e-05  breakyes=3.2,  dualfeasorg deteriorated too much: primfeasorg=7.62e-07,dualfeasorg=3.63e-05  breakyes=3.2,  dualfeasorg deteriorated too much: primfeasorg=7.62e-07,dualfeasorg=3.63e-05  breakyes=3.2,  dualfeasorg deteriorated too much: primfeasorg=7.62e-07,dualfeasorg=3.63e-05  breakyes=3.2,  dualfeasorg deteriorated too much: primfeasorg=7.62e-07,dualfeasorg=3.63e-05  breakyes=3.2,  dualfeasorg deteriorated too much: primfeasorg=7.62e-07,dualfeasorg=3.63e-05  breakyes=3.2,  dualfeasorg deteriorated too much: primfeasorg=7.62e-07,dualfeasorg=3.63e-05  breakyes=3.2,  dualfeasorg deteriorated too much: primfeasorg=7.62e-07,dualfeasorg=3.63e-05
cluster_acc =

    0.5350

mean acc so far: 0.563426
Elapsed time is 136.666290 seconds.
iteration: (55)th 


init_method =

    'spec'


sdp_method =

    'basic'


cluster_acc =

    0.5250

mean acc so far: 0.562727
Elapsed time is 1.330274 seconds.
iteration: (56)th 


init_method =

    'spec'


sdp_method =

    'basic'

  breakyes=3.2,  dualfeasorg deteriorated too much: primfeasorg=9.45e-07,dualfeasorg=4.08e-05  breakyes = 1.0,  maxresidual < 1.00e-04  breakyes=1.4,  maxresidual < 1.00e-06  breakyes = 1.0,  maxresidual < 1.00e-04  breakyes=3.2,  dualfeasorg deteriorated too much: primfeasorg=3.23e-06,dualfeasorg=4.69e-05  breakyes = 1.0,  maxresidual < 1.00e-04  breakyes=3.2,  dualfeasorg deteriorated too much: primfeasorg=3.23e-06,dualfeasorg=4.69e-05  breakyes = 1.0,  maxresidual < 1.00e-04  breakyes=3.2,  dualfeasorg deteriorated too much: primfeasorg=3.23e-06,dualfeasorg=4.69e-05  breakyes = 1.0,  maxresidual < 1.00e-04  breakyes=3.2,  dualfeasorg deteriorated too much: primfeasorg=3.23e-06,dualfeasorg=4.69e-05  breakyes = 1.0,  maxresidual < 1.00e-04  breakyes=3.2,  dualfeasorg deteriorated too much: primfeasorg=3.23e-06,dualfeasorg=4.69e-05  breakyes = 1.0,  maxresidual < 1.00e-04  breakyes=3.2,  dualfeasorg deteriorated too much: primfeasorg=3.23e-06,dualfeasorg=4.69e-05  breakyes = 1.0,  maxresidual < 1.00e-04  breakyes=3.2,  dualfeasorg deteriorated too much: primfeasorg=3.23e-06,dualfeasorg=4.69e-05  breakyes = 1.0,  maxresidual < 1.00e-04  breakyes=3.2,  dualfeasorg deteriorated too much: primfeasorg=3.23e-06,dualfeasorg=4.69e-05
cluster_acc =

    0.9300

mean acc so far: 0.569286
Elapsed time is 142.802352 seconds.
iteration: (57)th 


init_method =

    'spec'


sdp_method =

    'basic'

  breakyes = 1.0,  maxresidual < 1.00e-04  breakyes=1.4,  maxresidual < 1.00e-06  breakyes = 1.0,  maxresidual < 1.00e-04  breakyes=1.4,  maxresidual < 1.00e-06  breakyes = 1.0,  maxresidual < 1.00e-04  breakyes=1.4,  maxresidual < 1.00e-06  breakyes = 1.0,  maxresidual < 1.00e-04  breakyes=1.4,  maxresidual < 1.00e-06  breakyes = 1.0,  maxresidual < 1.00e-04  breakyes=1.4,  maxresidual < 1.00e-06  breakyes = 1.0,  maxresidual < 1.00e-04  breakyes=1.4,  maxresidual < 1.00e-06  breakyes = 1.0,  maxresidual < 1.00e-04  breakyes=1.4,  maxresidual < 1.00e-06  breakyes = 1.0,  maxresidual < 1.00e-04  breakyes=1.4,  maxresidual < 1.00e-06  breakyes = 1.0,  maxresidual < 1.00e-04  breakyes=1.4,  maxresidual < 1.00e-06  breakyes = 1.0,  maxresidual < 1.00e-04  breakyes=1.4,  maxresidual < 1.00e-06
cluster_acc =

    0.5950

mean acc so far: 0.569737
Elapsed time is 112.376959 seconds.
iteration: (58)th 


init_method =

    'spec'


sdp_method =

    'basic'

  breakyes=3.2,  dualfeasorg deteriorated too much: primfeasorg=1.16e-06,dualfeasorg=5.53e-05  breakyes=3.2,  dualfeasorg deteriorated too much: primfeasorg=1.72e-06,dualfeasorg=4.53e-05  breakyes=3.2,  dualfeasorg deteriorated too much: primfeasorg=1.72e-06,dualfeasorg=4.53e-05  breakyes=3.2,  dualfeasorg deteriorated too much: primfeasorg=1.72e-06,dualfeasorg=4.53e-05  breakyes=3.2,  dualfeasorg deteriorated too much: primfeasorg=1.72e-06,dualfeasorg=4.53e-05  breakyes=3.2,  dualfeasorg deteriorated too much: primfeasorg=1.72e-06,dualfeasorg=4.53e-05  breakyes=3.2,  dualfeasorg deteriorated too much: primfeasorg=1.72e-06,dualfeasorg=4.53e-05  breakyes=3.2,  dualfeasorg deteriorated too much: primfeasorg=1.72e-06,dualfeasorg=4.53e-05  breakyes=3.2,  dualfeasorg deteriorated too much: primfeasorg=1.72e-06,dualfeasorg=4.53e-05  breakyes=3.2,  dualfeasorg deteriorated too much: primfeasorg=1.72e-06,dualfeasorg=4.53e-05
cluster_acc =

    0.5200

mean acc so far: 0.568879
Elapsed time is 89.926566 seconds.
iteration: (59)th 


init_method =

    'spec'


sdp_method =

    'basic'

  breakyes=1.4,  maxresidual < 1.00e-06  breakyes=3.2,  dualfeasorg deteriorated too much: primfeasorg=8.01e-07,dualfeasorg=3.40e-05  breakyes=3.2,  dualfeasorg deteriorated too much: primfeasorg=8.01e-07,dualfeasorg=3.40e-05  breakyes=3.2,  dualfeasorg deteriorated too much: primfeasorg=8.01e-07,dualfeasorg=3.40e-05  breakyes=3.2,  dualfeasorg deteriorated too much: primfeasorg=8.01e-07,dualfeasorg=3.40e-05  breakyes=3.2,  dualfeasorg deteriorated too much: primfeasorg=8.01e-07,dualfeasorg=3.40e-05  breakyes=3.2,  dualfeasorg deteriorated too much: primfeasorg=8.01e-07,dualfeasorg=3.40e-05  breakyes=3.2,  dualfeasorg deteriorated too much: primfeasorg=8.01e-07,dualfeasorg=3.40e-05  breakyes=3.2,  dualfeasorg deteriorated too much: primfeasorg=8.01e-07,dualfeasorg=3.40e-05  breakyes=3.2,  dualfeasorg deteriorated too much: primfeasorg=8.01e-07,dualfeasorg=3.40e-05
cluster_acc =

    0.5850

mean acc so far: 0.569153
Elapsed time is 165.200666 seconds.
iteration: (60)th 


init_method =

    'spec'


sdp_method =

    'basic'

  breakyes=1.4,  maxresidual < 1.00e-06  breakyes=3.2,  dualfeasorg deteriorated too much: primfeasorg=1.08e-06,dualfeasorg=3.48e-05  breakyes=3.2,  dualfeasorg deteriorated too much: primfeasorg=9.36e-07,dualfeasorg=3.22e-05  breakyes=3.2,  dualfeasorg deteriorated too much: primfeasorg=9.36e-07,dualfeasorg=3.22e-05  breakyes=3.2,  dualfeasorg deteriorated too much: primfeasorg=9.36e-07,dualfeasorg=3.22e-05  breakyes=3.2,  dualfeasorg deteriorated too much: primfeasorg=9.36e-07,dualfeasorg=3.22e-05  breakyes=3.2,  dualfeasorg deteriorated too much: primfeasorg=9.36e-07,dualfeasorg=3.22e-05  breakyes=3.2,  dualfeasorg deteriorated too much: primfeasorg=9.36e-07,dualfeasorg=3.22e-05  breakyes=3.2,  dualfeasorg deteriorated too much: primfeasorg=9.36e-07,dualfeasorg=3.22e-05  breakyes=3.2,  dualfeasorg deteriorated too much: primfeasorg=9.36e-07,dualfeasorg=3.22e-05
cluster_acc =

    0.5800

mean acc so far: 0.569333
Elapsed time is 160.783544 seconds.
iteration: (61)th 


init_method =

    'spec'


sdp_method =

    'basic'

  breakyes=1.4,  maxresidual < 1.00e-06  breakyes=3.2,  dualfeasorg deteriorated too much: primfeasorg=6.03e-07,dualfeasorg=3.35e-05  breakyes=3.2,  dualfeasorg deteriorated too much: primfeasorg=1.10e-06,dualfeasorg=4.25e-05  breakyes=3.2,  dualfeasorg deteriorated too much: primfeasorg=1.39e-06,dualfeasorg=3.72e-05  breakyes=1.4,  maxresidual < 1.00e-06  breakyes = 1.0,  maxresidual < 1.00e-04  breakyes=1.4,  maxresidual < 1.00e-06  breakyes = 1.0,  maxresidual < 1.00e-04  breakyes=1.4,  maxresidual < 1.00e-06  breakyes = 1.0,  maxresidual < 1.00e-04  breakyes=1.4,  maxresidual < 1.00e-06  breakyes = 1.0,  maxresidual < 1.00e-04  breakyes=1.4,  maxresidual < 1.00e-06  breakyes = 1.0,  maxresidual < 1.00e-04  breakyes=1.4,  maxresidual < 1.00e-06
cluster_acc =

    0.9150

mean acc so far: 0.575000
Elapsed time is 135.097828 seconds.
iteration: (62)th 


init_method =

    'spec'


sdp_method =

    'basic'

  breakyes = 1.0,  maxresidual < 1.00e-04  breakyes=1.4,  maxresidual < 1.00e-06  breakyes = 1.0,  maxresidual < 1.00e-04  breakyes=1.4,  maxresidual < 1.00e-06  breakyes = 1.0,  maxresidual < 1.00e-04  breakyes=1.4,  maxresidual < 1.00e-06  breakyes = 1.0,  maxresidual < 1.00e-04  breakyes=1.4,  maxresidual < 1.00e-06  breakyes = 1.0,  maxresidual < 1.00e-04  breakyes=1.4,  maxresidual < 1.00e-06  breakyes = 1.0,  maxresidual < 1.00e-04  breakyes=1.4,  maxresidual < 1.00e-06  breakyes = 1.0,  maxresidual < 1.00e-04  breakyes=1.4,  maxresidual < 1.00e-06  breakyes = 1.0,  maxresidual < 1.00e-04  breakyes=1.4,  maxresidual < 1.00e-06  breakyes = 1.0,  maxresidual < 1.00e-04  breakyes=1.4,  maxresidual < 1.00e-06  breakyes = 1.0,  maxresidual < 1.00e-04  breakyes=1.4,  maxresidual < 1.00e-06
cluster_acc =

    0.5150

mean acc so far: 0.574032
Elapsed time is 147.734947 seconds.
iteration: (63)th 


init_method =

    'spec'


sdp_method =

    'basic'

  breakyes=3.2,  dualfeasorg deteriorated too much: primfeasorg=1.78e-06,dualfeasorg=4.27e-05  breakyes=1.4,  maxresidual < 1.00e-06  breakyes=3.2,  dualfeasorg deteriorated too much: primfeasorg=8.93e-07,dualfeasorg=4.75e-05  breakyes=3.2,  dualfeasorg deteriorated too much: primfeasorg=8.93e-07,dualfeasorg=4.75e-05  breakyes=3.2,  dualfeasorg deteriorated too much: primfeasorg=8.93e-07,dualfeasorg=4.75e-05  breakyes=3.2,  dualfeasorg deteriorated too much: primfeasorg=8.93e-07,dualfeasorg=4.75e-05  breakyes=3.2,  dualfeasorg deteriorated too much: primfeasorg=8.93e-07,dualfeasorg=4.75e-05  breakyes=3.2,  dualfeasorg deteriorated too much: primfeasorg=8.93e-07,dualfeasorg=4.75e-05  breakyes=3.2,  dualfeasorg deteriorated too much: primfeasorg=8.93e-07,dualfeasorg=4.75e-05  breakyes=3.2,  dualfeasorg deteriorated too much: primfeasorg=8.93e-07,dualfeasorg=4.75e-05
cluster_acc =

    0.5000

mean acc so far: 0.572857
Elapsed time is 146.252059 seconds.
iteration: (64)th 


init_method =

    'spec'


sdp_method =

    'basic'

  breakyes=3.2,  dualfeasorg deteriorated too much: primfeasorg=1.20e-06,dualfeasorg=3.91e-05  breakyes=3.2,  dualfeasorg deteriorated too much: primfeasorg=1.11e-06,dualfeasorg=2.79e-05  breakyes=3.2,  dualfeasorg deteriorated too much: primfeasorg=1.11e-06,dualfeasorg=2.79e-05  breakyes=3.2,  dualfeasorg deteriorated too much: primfeasorg=1.11e-06,dualfeasorg=2.79e-05  breakyes=3.2,  dualfeasorg deteriorated too much: primfeasorg=1.11e-06,dualfeasorg=2.79e-05  breakyes=3.2,  dualfeasorg deteriorated too much: primfeasorg=1.11e-06,dualfeasorg=2.79e-05  breakyes=3.2,  dualfeasorg deteriorated too much: primfeasorg=1.11e-06,dualfeasorg=2.79e-05  breakyes=3.2,  dualfeasorg deteriorated too much: primfeasorg=1.11e-06,dualfeasorg=2.79e-05  breakyes=3.2,  dualfeasorg deteriorated too much: primfeasorg=1.11e-06,dualfeasorg=2.79e-05  breakyes=3.2,  dualfeasorg deteriorated too much: primfeasorg=1.11e-06,dualfeasorg=2.79e-05
cluster_acc =

    0.5250

mean acc so far: 0.572109
Elapsed time is 140.351452 seconds.
iteration: (65)th 


init_method =

    'spec'


sdp_method =

    'basic'

  breakyes=3.2,  dualfeasorg deteriorated too much: primfeasorg=6.68e-07,dualfeasorg=3.12e-05  breakyes = 1.0,  maxresidual < 1.00e-04  breakyes=4.2,  dualfeasorg stagnate, 8.45e-05  breakyes=3.2,  dualfeasorg deteriorated too much: primfeasorg=1.57e-06,dualfeasorg=5.16e-05  breakyes=1.0,  maxresidual < 1.00e-06  breakyes = 1.0,  maxresidual < 1.00e-04  breakyes=1.0,  maxresidual < 1.00e-06  breakyes = 1.0,  maxresidual < 1.00e-04  breakyes=1.4,  maxresidual < 1.00e-06  breakyes = 1.0,  maxresidual < 1.00e-04  breakyes=1.0,  maxresidual < 1.00e-06  breakyes = 1.0,  maxresidual < 1.00e-04  breakyes=1.0,  maxresidual < 1.00e-06  breakyes = 1.0,  maxresidual < 1.00e-04  breakyes=1.0,  maxresidual < 1.00e-06  breakyes = 1.0,  maxresidual < 1.00e-04  breakyes=1.0,  maxresidual < 1.00e-06
cluster_acc =

    0.9350

mean acc so far: 0.577692
Elapsed time is 102.091085 seconds.
iteration: (66)th 


init_method =

    'spec'


sdp_method =

    'basic'

  breakyes = 1.0,  maxresidual < 1.00e-04  breakyes=1.4,  maxresidual < 1.00e-06  breakyes = 1.0,  maxresidual < 1.00e-04  breakyes=1.4,  maxresidual < 1.00e-06  breakyes = 1.0,  maxresidual < 1.00e-04  breakyes=1.4,  maxresidual < 1.00e-06  breakyes = 1.0,  maxresidual < 1.00e-04  breakyes=1.4,  maxresidual < 1.00e-06  breakyes = 1.0,  maxresidual < 1.00e-04  breakyes=1.4,  maxresidual < 1.00e-06  breakyes = 1.0,  maxresidual < 1.00e-04  breakyes=1.4,  maxresidual < 1.00e-06  breakyes = 1.0,  maxresidual < 1.00e-04  breakyes=1.4,  maxresidual < 1.00e-06  breakyes = 1.0,  maxresidual < 1.00e-04  breakyes=1.4,  maxresidual < 1.00e-06  breakyes = 1.0,  maxresidual < 1.00e-04  breakyes=1.4,  maxresidual < 1.00e-06  breakyes = 1.0,  maxresidual < 1.00e-04  breakyes=1.4,  maxresidual < 1.00e-06
cluster_acc =

    0.5400

mean acc so far: 0.577121
Elapsed time is 82.754152 seconds.
iteration: (67)th 


init_method =

    'spec'


sdp_method =

    'basic'


cluster_acc =

    0.5150

mean acc so far: 0.576194
Elapsed time is 1.289136 seconds.
iteration: (68)th 


init_method =

    'spec'


sdp_method =

    'basic'

  breakyes=4.1,  primfeasorg stagnate, 0.00e+00  breakyes = 1.0,  maxresidual < 1.00e-04  breakyes=1.0,  maxresidual < 1.00e-06  breakyes = 1.0,  maxresidual < 1.00e-04  breakyes=1.0,  maxresidual < 1.00e-06  breakyes = 1.0,  maxresidual < 1.00e-04  breakyes=1.0,  maxresidual < 1.00e-06  breakyes = 1.0,  maxresidual < 1.00e-04  breakyes=1.0,  maxresidual < 1.00e-06  breakyes = 1.0,  maxresidual < 1.00e-04  breakyes=1.0,  maxresidual < 1.00e-06  breakyes = 1.0,  maxresidual < 1.00e-04  breakyes=1.0,  maxresidual < 1.00e-06  breakyes = 1.0,  maxresidual < 1.00e-04  breakyes=1.0,  maxresidual < 1.00e-06  breakyes = 1.0,  maxresidual < 1.00e-04  breakyes=1.0,  maxresidual < 1.00e-06  breakyes = 1.0,  maxresidual < 1.00e-04  breakyes=1.0,  maxresidual < 1.00e-06
cluster_acc =

    0.5000

mean acc so far: 0.575074
Elapsed time is 127.058616 seconds.
iteration: (69)th 


init_method =

    'spec'


sdp_method =

    'basic'

  breakyes=3.2,  dualfeasorg deteriorated too much: primfeasorg=9.69e-07,dualfeasorg=8.22e-05  breakyes=3.2,  dualfeasorg deteriorated too much: primfeasorg=9.69e-07,dualfeasorg=8.22e-05  breakyes=3.2,  dualfeasorg deteriorated too much: primfeasorg=9.69e-07,dualfeasorg=8.22e-05  breakyes=3.2,  dualfeasorg deteriorated too much: primfeasorg=9.69e-07,dualfeasorg=8.22e-05  breakyes=3.2,  dualfeasorg deteriorated too much: primfeasorg=9.69e-07,dualfeasorg=8.22e-05  breakyes=3.2,  dualfeasorg deteriorated too much: primfeasorg=9.69e-07,dualfeasorg=8.22e-05  breakyes=3.2,  dualfeasorg deteriorated too much: primfeasorg=9.69e-07,dualfeasorg=8.22e-05  breakyes=3.2,  dualfeasorg deteriorated too much: primfeasorg=9.69e-07,dualfeasorg=8.22e-05  breakyes=3.2,  dualfeasorg deteriorated too much: primfeasorg=9.69e-07,dualfeasorg=8.22e-05  breakyes=3.2,  dualfeasorg deteriorated too much: primfeasorg=9.69e-07,dualfeasorg=8.22e-05
cluster_acc =

    0.5650

mean acc so far: 0.574928
Elapsed time is 149.145312 seconds.
iteration: (70)th 


init_method =

    'spec'


sdp_method =

    'basic'

  breakyes=1.4,  maxresidual < 1.00e-06  breakyes=1.4,  maxresidual < 1.00e-06  breakyes=1.4,  maxresidual < 1.00e-06  breakyes=1.4,  maxresidual < 1.00e-06  breakyes=1.4,  maxresidual < 1.00e-06  breakyes=1.4,  maxresidual < 1.00e-06  breakyes=1.4,  maxresidual < 1.00e-06  breakyes=1.4,  maxresidual < 1.00e-06  breakyes=1.4,  maxresidual < 1.00e-06  breakyes=1.4,  maxresidual < 1.00e-06
cluster_acc =

    0.5400

mean acc so far: 0.574429
Elapsed time is 72.654599 seconds.
iteration: (71)th 


init_method =

    'spec'


sdp_method =

    'basic'

  breakyes = 1.0,  maxresidual < 1.00e-04  breakyes=1.4,  maxresidual < 1.00e-06  breakyes = 1.0,  maxresidual < 1.00e-04  breakyes=1.4,  maxresidual < 1.00e-06  breakyes = 1.0,  maxresidual < 1.00e-04  breakyes=1.4,  maxresidual < 1.00e-06  breakyes = 1.0,  maxresidual < 1.00e-04  breakyes=1.4,  maxresidual < 1.00e-06  breakyes = 1.0,  maxresidual < 1.00e-04  breakyes=1.4,  maxresidual < 1.00e-06  breakyes = 1.0,  maxresidual < 1.00e-04  breakyes=1.4,  maxresidual < 1.00e-06  breakyes = 1.0,  maxresidual < 1.00e-04  breakyes=1.4,  maxresidual < 1.00e-06  breakyes = 1.0,  maxresidual < 1.00e-04  breakyes=1.4,  maxresidual < 1.00e-06  breakyes = 1.0,  maxresidual < 1.00e-04  breakyes=1.4,  maxresidual < 1.00e-06  breakyes = 1.0,  maxresidual < 1.00e-04  breakyes=1.4,  maxresidual < 1.00e-06
cluster_acc =

    0.5050

mean acc so far: 0.573451
Elapsed time is 137.352152 seconds.
iteration: (72)th 


init_method =

    'spec'


sdp_method =

    'basic'

  breakyes=3.2,  dualfeasorg deteriorated too much: primfeasorg=1.03e-06,dualfeasorg=3.86e-05  breakyes=1.4,  maxresidual < 1.00e-06  breakyes=1.4,  maxresidual < 1.00e-06  breakyes=1.4,  maxresidual < 1.00e-06  breakyes=1.4,  maxresidual < 1.00e-06  breakyes=1.4,  maxresidual < 1.00e-06  breakyes=1.4,  maxresidual < 1.00e-06  breakyes=1.4,  maxresidual < 1.00e-06  breakyes=1.4,  maxresidual < 1.00e-06  breakyes=1.4,  maxresidual < 1.00e-06
cluster_acc =

    0.5550

mean acc so far: 0.573194
Elapsed time is 128.711064 seconds.
iteration: (73)th 


init_method =

    'spec'


sdp_method =

    'basic'

  breakyes=3.2,  dualfeasorg deteriorated too much: primfeasorg=1.81e-06,dualfeasorg=5.77e-05  breakyes=3.2,  dualfeasorg deteriorated too much: primfeasorg=1.19e-06,dualfeasorg=3.38e-05  breakyes=3.2,  dualfeasorg deteriorated too much: primfeasorg=1.19e-06,dualfeasorg=3.38e-05  breakyes=3.2,  dualfeasorg deteriorated too much: primfeasorg=1.19e-06,dualfeasorg=3.38e-05  breakyes=3.2,  dualfeasorg deteriorated too much: primfeasorg=1.19e-06,dualfeasorg=3.38e-05  breakyes=3.2,  dualfeasorg deteriorated too much: primfeasorg=1.19e-06,dualfeasorg=3.38e-05  breakyes=3.2,  dualfeasorg deteriorated too much: primfeasorg=1.19e-06,dualfeasorg=3.38e-05  breakyes=3.2,  dualfeasorg deteriorated too much: primfeasorg=1.19e-06,dualfeasorg=3.38e-05  breakyes=3.2,  dualfeasorg deteriorated too much: primfeasorg=1.19e-06,dualfeasorg=3.38e-05  breakyes=3.2,  dualfeasorg deteriorated too much: primfeasorg=1.19e-06,dualfeasorg=3.38e-05
cluster_acc =

    0.5650

mean acc so far: 0.573082
Elapsed time is 238.834827 seconds.
iteration: (74)th 


init_method =

    'spec'


sdp_method =

    'basic'

  breakyes=3.2,  dualfeasorg deteriorated too much: primfeasorg=1.38e-06,dualfeasorg=3.50e-05  breakyes=3.2,  dualfeasorg deteriorated too much: primfeasorg=1.11e-06,dualfeasorg=4.32e-05  breakyes=3.2,  dualfeasorg deteriorated too much: primfeasorg=1.11e-06,dualfeasorg=4.32e-05  breakyes=3.2,  dualfeasorg deteriorated too much: primfeasorg=1.06e-06,dualfeasorg=3.69e-05  breakyes=3.2,  dualfeasorg deteriorated too much: primfeasorg=6.26e-07,dualfeasorg=4.62e-05  breakyes=3.2,  dualfeasorg deteriorated too much: primfeasorg=6.26e-07,dualfeasorg=4.62e-05  breakyes=3.2,  dualfeasorg deteriorated too much: primfeasorg=6.26e-07,dualfeasorg=4.62e-05  breakyes=3.2,  dualfeasorg deteriorated too much: primfeasorg=6.26e-07,dualfeasorg=4.62e-05  breakyes=3.2,  dualfeasorg deteriorated too much: primfeasorg=6.26e-07,dualfeasorg=4.62e-05  breakyes=3.2,  dualfeasorg deteriorated too much: primfeasorg=6.26e-07,dualfeasorg=4.62e-05
cluster_acc =

    0.5200

mean acc so far: 0.572365
Elapsed time is 166.219154 seconds.
iteration: (75)th 


init_method =

    'spec'


sdp_method =

    'basic'

  breakyes=1.0,  maxresidual < 1.00e-06
  breakyes=2.0,  primfeasorg*dualfeasorg < 1.00e-14  breakyes=3.2,  dualfeasorg deteriorated too much: primfeasorg=1.30e-06,dualfeasorg=5.35e-05  breakyes=3.2,  dualfeasorg deteriorated too much: primfeasorg=1.30e-06,dualfeasorg=5.35e-05  breakyes=3.2,  dualfeasorg deteriorated too much: primfeasorg=1.30e-06,dualfeasorg=5.35e-05  breakyes=3.2,  dualfeasorg deteriorated too much: primfeasorg=1.30e-06,dualfeasorg=5.35e-05  breakyes=3.2,  dualfeasorg deteriorated too much: primfeasorg=1.30e-06,dualfeasorg=5.35e-05  breakyes=1.4,  maxresidual < 1.00e-06
  breakyes=1.4,  maxresidual < 1.00e-06
  breakyes=1.4,  maxresidual < 1.00e-06
cluster_acc =

    0.5250

mean acc so far: 0.571733
Elapsed time is 118.247560 seconds.
iteration: (76)th 


init_method =

    'spec'


sdp_method =

    'basic'

  breakyes=1.3,  maxresidual < 1.00e-06  breakyes = 1.0,  maxresidual < 1.00e-04  breakyes=1.3,  maxresidual < 1.00e-06  breakyes = 1.0,  maxresidual < 1.00e-04  breakyes=1.3,  maxresidual < 1.00e-06  breakyes = 1.0,  maxresidual < 1.00e-04  breakyes=1.3,  maxresidual < 1.00e-06  breakyes = 1.0,  maxresidual < 1.00e-04  breakyes=1.3,  maxresidual < 1.00e-06  breakyes = 1.0,  maxresidual < 1.00e-04  breakyes=1.3,  maxresidual < 1.00e-06  breakyes = 1.0,  maxresidual < 1.00e-04  breakyes=1.3,  maxresidual < 1.00e-06  breakyes = 1.0,  maxresidual < 1.00e-04  breakyes=1.3,  maxresidual < 1.00e-06  breakyes = 1.0,  maxresidual < 1.00e-04  breakyes=1.3,  maxresidual < 1.00e-06  breakyes = 1.0,  maxresidual < 1.00e-04  breakyes=1.3,  maxresidual < 1.00e-06
cluster_acc =

    0.5100

mean acc so far: 0.570921
Elapsed time is 124.674235 seconds.
iteration: (77)th 


init_method =

    'spec'


sdp_method =

    'basic'

  breakyes=1.4,  maxresidual < 1.00e-06  breakyes=3.2,  dualfeasorg deteriorated too much: primfeasorg=1.99e-06,dualfeasorg=5.12e-05  breakyes=3.2,  dualfeasorg deteriorated too much: primfeasorg=1.99e-06,dualfeasorg=5.12e-05  breakyes=3.2,  dualfeasorg deteriorated too much: primfeasorg=1.99e-06,dualfeasorg=5.12e-05  breakyes=3.2,  dualfeasorg deteriorated too much: primfeasorg=1.99e-06,dualfeasorg=5.12e-05  breakyes=3.2,  dualfeasorg deteriorated too much: primfeasorg=1.99e-06,dualfeasorg=5.12e-05  breakyes=3.2,  dualfeasorg deteriorated too much: primfeasorg=1.99e-06,dualfeasorg=5.12e-05  breakyes=3.2,  dualfeasorg deteriorated too much: primfeasorg=1.99e-06,dualfeasorg=5.12e-05  breakyes=3.2,  dualfeasorg deteriorated too much: primfeasorg=1.99e-06,dualfeasorg=5.12e-05  breakyes=3.2,  dualfeasorg deteriorated too much: primfeasorg=1.99e-06,dualfeasorg=5.12e-05
cluster_acc =

    0.6300

mean acc so far: 0.571688
Elapsed time is 95.313449 seconds.
iteration: (78)th 


init_method =

    'spec'


sdp_method =

    'basic'

  breakyes=1.3,  maxresidual < 1.00e-06  breakyes=3.2,  dualfeasorg deteriorated too much: primfeasorg=3.04e-06,dualfeasorg=4.56e-05  breakyes=3.2,  dualfeasorg deteriorated too much: primfeasorg=3.04e-06,dualfeasorg=4.56e-05  breakyes=3.2,  dualfeasorg deteriorated too much: primfeasorg=3.04e-06,dualfeasorg=4.56e-05  breakyes=3.2,  dualfeasorg deteriorated too much: primfeasorg=3.04e-06,dualfeasorg=4.56e-05  breakyes=3.2,  dualfeasorg deteriorated too much: primfeasorg=3.04e-06,dualfeasorg=4.56e-05  breakyes=3.2,  dualfeasorg deteriorated too much: primfeasorg=3.04e-06,dualfeasorg=4.56e-05  breakyes=3.2,  dualfeasorg deteriorated too much: primfeasorg=3.04e-06,dualfeasorg=4.56e-05  breakyes=3.2,  dualfeasorg deteriorated too much: primfeasorg=3.04e-06,dualfeasorg=4.56e-05  breakyes=3.2,  dualfeasorg deteriorated too much: primfeasorg=3.04e-06,dualfeasorg=4.56e-05
cluster_acc =

    0.5450

mean acc so far: 0.571346
Elapsed time is 139.537267 seconds.
iteration: (79)th 


init_method =

    'spec'


sdp_method =

    'basic'

  breakyes=1.4,  maxresidual < 1.00e-06  breakyes=1.4,  maxresidual < 1.00e-06  breakyes=1.4,  maxresidual < 1.00e-06  breakyes=1.4,  maxresidual < 1.00e-06  breakyes=1.4,  maxresidual < 1.00e-06  breakyes=1.4,  maxresidual < 1.00e-06  breakyes=1.4,  maxresidual < 1.00e-06  breakyes=1.4,  maxresidual < 1.00e-06  breakyes=1.4,  maxresidual < 1.00e-06  breakyes=1.4,  maxresidual < 1.00e-06
cluster_acc =

    0.5050

mean acc so far: 0.570506
Elapsed time is 125.034090 seconds.
iteration: (80)th 


init_method =

    'spec'


sdp_method =

    'basic'

  breakyes=2.0,  primfeasorg*dualfeasorg < 1.00e-14  breakyes=3.2,  dualfeasorg deteriorated too much: primfeasorg=1.50e-06,dualfeasorg=3.94e-05  breakyes=3.2,  dualfeasorg deteriorated too much: primfeasorg=1.50e-06,dualfeasorg=3.94e-05  breakyes=3.2,  dualfeasorg deteriorated too much: primfeasorg=1.50e-06,dualfeasorg=3.94e-05  breakyes=3.2,  dualfeasorg deteriorated too much: primfeasorg=1.50e-06,dualfeasorg=3.94e-05  breakyes=3.2,  dualfeasorg deteriorated too much: primfeasorg=1.50e-06,dualfeasorg=3.94e-05  breakyes=3.2,  dualfeasorg deteriorated too much: primfeasorg=1.50e-06,dualfeasorg=3.94e-05  breakyes=3.2,  dualfeasorg deteriorated too much: primfeasorg=1.50e-06,dualfeasorg=3.94e-05  breakyes=3.2,  dualfeasorg deteriorated too much: primfeasorg=1.50e-06,dualfeasorg=3.94e-05  breakyes=3.2,  dualfeasorg deteriorated too much: primfeasorg=1.50e-06,dualfeasorg=3.94e-05
cluster_acc =

    0.5100

mean acc so far: 0.569750
Elapsed time is 100.888753 seconds.
iteration: (81)th 


init_method =

    'spec'


sdp_method =

    'basic'

  breakyes = 1.0,  maxresidual < 1.00e-04  breakyes=2.0,  primfeasorg*dualfeasorg < 1.00e-14  breakyes = 1.0,  maxresidual < 1.00e-04  breakyes=1.4,  maxresidual < 1.00e-06  breakyes = 1.0,  maxresidual < 1.00e-04  breakyes=1.0,  maxresidual < 1.00e-06  breakyes = 1.0,  maxresidual < 1.00e-04  breakyes=1.0,  maxresidual < 1.00e-06  breakyes = 1.0,  maxresidual < 1.00e-04  breakyes=1.0,  maxresidual < 1.00e-06  breakyes = 1.0,  maxresidual < 1.00e-04  breakyes=1.0,  maxresidual < 1.00e-06  breakyes = 1.0,  maxresidual < 1.00e-04  breakyes=1.0,  maxresidual < 1.00e-06  breakyes = 1.0,  maxresidual < 1.00e-04  breakyes=1.0,  maxresidual < 1.00e-06  breakyes = 1.0,  maxresidual < 1.00e-04  breakyes=1.0,  maxresidual < 1.00e-06  breakyes = 1.0,  maxresidual < 1.00e-04  breakyes=1.0,  maxresidual < 1.00e-06
cluster_acc =

    0.9300

mean acc so far: 0.574198
Elapsed time is 69.090551 seconds.
iteration: (82)th 


init_method =

    'spec'


sdp_method =

    'basic'

  breakyes=3.2,  dualfeasorg deteriorated too much: primfeasorg=1.11e-06,dualfeasorg=5.14e-05  breakyes=3.2,  dualfeasorg deteriorated too much: primfeasorg=6.91e-07,dualfeasorg=3.70e-05  breakyes=3.2,  dualfeasorg deteriorated too much: primfeasorg=6.91e-07,dualfeasorg=3.70e-05  breakyes=3.2,  dualfeasorg deteriorated too much: primfeasorg=6.91e-07,dualfeasorg=3.70e-05  breakyes=3.2,  dualfeasorg deteriorated too much: primfeasorg=6.91e-07,dualfeasorg=3.70e-05  breakyes=3.2,  dualfeasorg deteriorated too much: primfeasorg=6.91e-07,dualfeasorg=3.70e-05  breakyes=3.2,  dualfeasorg deteriorated too much: primfeasorg=6.91e-07,dualfeasorg=3.70e-05  breakyes=3.2,  dualfeasorg deteriorated too much: primfeasorg=6.91e-07,dualfeasorg=3.70e-05  breakyes=3.2,  dualfeasorg deteriorated too much: primfeasorg=6.91e-07,dualfeasorg=3.70e-05  breakyes=3.2,  dualfeasorg deteriorated too much: primfeasorg=6.91e-07,dualfeasorg=3.70e-05
cluster_acc =

    0.5100

mean acc so far: 0.573415
Elapsed time is 145.028274 seconds.
iteration: (83)th 


init_method =

    'spec'


sdp_method =

    'basic'

  breakyes=3.2,  dualfeasorg deteriorated too much: primfeasorg=1.03e-06,dualfeasorg=3.26e-05  breakyes=3.2,  dualfeasorg deteriorated too much: primfeasorg=8.66e-07,dualfeasorg=5.17e-05  breakyes=3.2,  dualfeasorg deteriorated too much: primfeasorg=1.04e-06,dualfeasorg=6.45e-05  breakyes=3.2,  dualfeasorg deteriorated too much: primfeasorg=1.04e-06,dualfeasorg=6.45e-05  breakyes=3.2,  dualfeasorg deteriorated too much: primfeasorg=1.04e-06,dualfeasorg=6.45e-05  breakyes=3.2,  dualfeasorg deteriorated too much: primfeasorg=1.04e-06,dualfeasorg=6.45e-05  breakyes=3.2,  dualfeasorg deteriorated too much: primfeasorg=1.04e-06,dualfeasorg=6.45e-05  breakyes=3.2,  dualfeasorg deteriorated too much: primfeasorg=1.04e-06,dualfeasorg=6.45e-05  breakyes=3.2,  dualfeasorg deteriorated too much: primfeasorg=1.04e-06,dualfeasorg=6.45e-05  breakyes=3.2,  dualfeasorg deteriorated too much: primfeasorg=1.04e-06,dualfeasorg=6.45e-05
cluster_acc =

    0.5100

mean acc so far: 0.572651
Elapsed time is 144.758113 seconds.
iteration: (84)th 


init_method =

    'spec'


sdp_method =

    'basic'

  breakyes=1.4,  maxresidual < 1.00e-06  breakyes=3.2,  dualfeasorg deteriorated too much: primfeasorg=3.79e-06,dualfeasorg=4.02e-05  breakyes=3.2,  dualfeasorg deteriorated too much: primfeasorg=7.03e-07,dualfeasorg=3.79e-05  breakyes=3.2,  dualfeasorg deteriorated too much: primfeasorg=7.03e-07,dualfeasorg=3.79e-05  breakyes=3.2,  dualfeasorg deteriorated too much: primfeasorg=7.03e-07,dualfeasorg=3.79e-05  breakyes=3.2,  dualfeasorg deteriorated too much: primfeasorg=7.03e-07,dualfeasorg=3.79e-05  breakyes=3.2,  dualfeasorg deteriorated too much: primfeasorg=7.03e-07,dualfeasorg=3.79e-05  breakyes=3.2,  dualfeasorg deteriorated too much: primfeasorg=7.03e-07,dualfeasorg=3.79e-05  breakyes=3.2,  dualfeasorg deteriorated too much: primfeasorg=7.03e-07,dualfeasorg=3.79e-05  breakyes=3.2,  dualfeasorg deteriorated too much: primfeasorg=7.03e-07,dualfeasorg=3.79e-05
cluster_acc =

    0.5800

mean acc so far: 0.572738
Elapsed time is 138.896225 seconds.
iteration: (85)th 


init_method =

    'spec'


sdp_method =

    'basic'

  breakyes=1.4,  maxresidual < 1.00e-06  breakyes=1.4,  maxresidual < 1.00e-06  breakyes=1.4,  maxresidual < 1.00e-06  breakyes=1.4,  maxresidual < 1.00e-06  breakyes=1.4,  maxresidual < 1.00e-06  breakyes=1.4,  maxresidual < 1.00e-06  breakyes=1.4,  maxresidual < 1.00e-06  breakyes=1.4,  maxresidual < 1.00e-06  breakyes=1.4,  maxresidual < 1.00e-06  breakyes=1.4,  maxresidual < 1.00e-06
cluster_acc =

    0.5100

mean acc so far: 0.572000
Elapsed time is 163.390404 seconds.
iteration: (86)th 


init_method =

    'spec'


sdp_method =

    'basic'

  breakyes=1.4,  maxresidual < 1.00e-06  breakyes=3.2,  dualfeasorg deteriorated too much: primfeasorg=6.57e-07,dualfeasorg=3.86e-05  breakyes=3.2,  dualfeasorg deteriorated too much: primfeasorg=6.57e-07,dualfeasorg=3.86e-05  breakyes=3.2,  dualfeasorg deteriorated too much: primfeasorg=6.57e-07,dualfeasorg=3.86e-05  breakyes=3.2,  dualfeasorg deteriorated too much: primfeasorg=6.57e-07,dualfeasorg=3.86e-05  breakyes=3.2,  dualfeasorg deteriorated too much: primfeasorg=6.57e-07,dualfeasorg=3.86e-05  breakyes=3.2,  dualfeasorg deteriorated too much: primfeasorg=6.57e-07,dualfeasorg=3.86e-05  breakyes=3.2,  dualfeasorg deteriorated too much: primfeasorg=6.57e-07,dualfeasorg=3.86e-05  breakyes=3.2,  dualfeasorg deteriorated too much: primfeasorg=6.57e-07,dualfeasorg=3.86e-05  breakyes=3.2,  dualfeasorg deteriorated too much: primfeasorg=6.57e-07,dualfeasorg=3.86e-05
cluster_acc =

    0.5050

mean acc so far: 0.571221
Elapsed time is 184.702503 seconds.
iteration: (87)th 


init_method =

    'spec'


sdp_method =

    'basic'

  breakyes=1.4,  maxresidual < 1.00e-06  breakyes=3.2,  dualfeasorg deteriorated too much: primfeasorg=1.70e-06,dualfeasorg=6.57e-05  breakyes=3.2,  dualfeasorg deteriorated too much: primfeasorg=1.70e-06,dualfeasorg=6.57e-05  breakyes=3.2,  dualfeasorg deteriorated too much: primfeasorg=1.70e-06,dualfeasorg=6.57e-05  breakyes=3.2,  dualfeasorg deteriorated too much: primfeasorg=1.70e-06,dualfeasorg=6.57e-05  breakyes=3.2,  dualfeasorg deteriorated too much: primfeasorg=1.70e-06,dualfeasorg=6.57e-05  breakyes=3.2,  dualfeasorg deteriorated too much: primfeasorg=1.70e-06,dualfeasorg=6.57e-05  breakyes=3.2,  dualfeasorg deteriorated too much: primfeasorg=1.70e-06,dualfeasorg=6.57e-05  breakyes=3.2,  dualfeasorg deteriorated too much: primfeasorg=1.70e-06,dualfeasorg=6.57e-05  breakyes=3.2,  dualfeasorg deteriorated too much: primfeasorg=1.70e-06,dualfeasorg=6.57e-05
cluster_acc =

    0.5800

mean acc so far: 0.571322
Elapsed time is 91.545339 seconds.
iteration: (88)th 


init_method =

    'spec'


sdp_method =

    'basic'

  breakyes=1.4,  maxresidual < 1.00e-06  breakyes=1.4,  maxresidual < 1.00e-06  breakyes=1.4,  maxresidual < 1.00e-06  breakyes=1.4,  maxresidual < 1.00e-06  breakyes=1.4,  maxresidual < 1.00e-06  breakyes=1.4,  maxresidual < 1.00e-06  breakyes=1.4,  maxresidual < 1.00e-06  breakyes=1.4,  maxresidual < 1.00e-06  breakyes=1.4,  maxresidual < 1.00e-06  breakyes=1.4,  maxresidual < 1.00e-06
cluster_acc =

    0.5350

mean acc so far: 0.570909
Elapsed time is 125.137481 seconds.
iteration: (89)th 


init_method =

    'spec'


sdp_method =

    'basic'

  breakyes=3.2,  dualfeasorg deteriorated too much: primfeasorg=1.17e-06,dualfeasorg=6.06e-05  breakyes=3.2,  dualfeasorg deteriorated too much: primfeasorg=6.31e-07,dualfeasorg=4.36e-05  breakyes=3.2,  dualfeasorg deteriorated too much: primfeasorg=1.38e-06,dualfeasorg=5.76e-05  breakyes=3.2,  dualfeasorg deteriorated too much: primfeasorg=1.38e-06,dualfeasorg=5.76e-05  breakyes=3.2,  dualfeasorg deteriorated too much: primfeasorg=1.38e-06,dualfeasorg=5.76e-05  breakyes=3.2,  dualfeasorg deteriorated too much: primfeasorg=1.38e-06,dualfeasorg=5.76e-05  breakyes=3.2,  dualfeasorg deteriorated too much: primfeasorg=1.38e-06,dualfeasorg=5.76e-05  breakyes=3.2,  dualfeasorg deteriorated too much: primfeasorg=1.38e-06,dualfeasorg=5.76e-05  breakyes=3.2,  dualfeasorg deteriorated too much: primfeasorg=1.38e-06,dualfeasorg=5.76e-05  breakyes=3.2,  dualfeasorg deteriorated too much: primfeasorg=1.38e-06,dualfeasorg=5.76e-05
cluster_acc =

    0.5000

mean acc so far: 0.570112
Elapsed time is 106.791312 seconds.
iteration: (90)th 


init_method =

    'spec'


sdp_method =

    'basic'


cluster_acc =

    0.5050

mean acc so far: 0.569389
Elapsed time is 1.310595 seconds.
iteration: (91)th 


init_method =

    'spec'


sdp_method =

    'basic'

  breakyes=1.4,  maxresidual < 1.00e-06  breakyes=1.4,  maxresidual < 1.00e-06  breakyes=1.4,  maxresidual < 1.00e-06  breakyes=1.4,  maxresidual < 1.00e-06  breakyes=1.4,  maxresidual < 1.00e-06  breakyes=1.4,  maxresidual < 1.00e-06  breakyes=1.4,  maxresidual < 1.00e-06  breakyes=1.4,  maxresidual < 1.00e-06slurmstepd-cpu-compute: error: *** JOB 7488 ON cpu-compute CANCELLED AT 2024-02-09T18:45:21 ***
