
	Student License -- for use by students to meet course requirements
	and perform academic research at degree granting institutions only.


p =

        1400


Delta =

     4


path_result =

    '/mnt/nas/users/user213/sparse_kmeans/experiment/13_02_09_2024/samplecovoracle/result/rho5_Delta4_p1400.csv'


rho =

    0.0500

[Warning: Function plot has the same name as a MATLAB built-in. We suggest you
rename the function to avoid a potential name conflict.] 
[> In path (line 109)
In addpath>doPathAddition (line 116)
In addpath (line 80)
In rho5_Delta4_p1400 (line 10)] 
MATLAB detected: 32 physical cores.
MATLAB detected: 32 logical cores.
MATLAB was assigned: 32 logical cores by the OS.
MATLAB is using: 32 logical cores.

ans =

    32

Matrix is symmetric positive definite.

M =

    0.6601

delta confirmed: 4.000000
ans =

    3.8338

iteration: (1)th 


init_method =

    'spec'


sdp_method =

    'basic'

  breakyes=1.0,  maxresidual < 1.00e-06  breakyes=1.4,  maxresidual < 1.00e-06  breakyes=1.4,  maxresidual < 1.00e-06  breakyes=1.4,  maxresidual < 1.00e-06  breakyes=1.4,  maxresidual < 1.00e-06  breakyes=1.4,  maxresidual < 1.00e-06  breakyes=1.4,  maxresidual < 1.00e-06  breakyes=1.4,  maxresidual < 1.00e-06  breakyes=1.4,  maxresidual < 1.00e-06  breakyes=1.4,  maxresidual < 1.00e-06
cluster_acc =

    0.9850

mean acc so far: 0.985000
Elapsed time is 74.711973 seconds.
iteration: (2)th 


init_method =

    'spec'


sdp_method =

    'basic'

  breakyes=1.4,  maxresidual < 1.00e-06  breakyes = 1.0,  maxresidual < 1.00e-04  breakyes=3.2,  dualfeasorg deteriorated too much: primfeasorg=1.10e-06,dualfeasorg=3.78e-05  breakyes = 1.0,  maxresidual < 1.00e-04  breakyes=3.2,  dualfeasorg deteriorated too much: primfeasorg=1.10e-06,dualfeasorg=3.78e-05  breakyes = 1.0,  maxresidual < 1.00e-04  breakyes=3.2,  dualfeasorg deteriorated too much: primfeasorg=1.10e-06,dualfeasorg=3.78e-05  breakyes = 1.0,  maxresidual < 1.00e-04  breakyes=3.2,  dualfeasorg deteriorated too much: primfeasorg=1.10e-06,dualfeasorg=3.78e-05  breakyes = 1.0,  maxresidual < 1.00e-04  breakyes=3.2,  dualfeasorg deteriorated too much: primfeasorg=1.10e-06,dualfeasorg=3.78e-05  breakyes = 1.0,  maxresidual < 1.00e-04  breakyes=3.2,  dualfeasorg deteriorated too much: primfeasorg=1.10e-06,dualfeasorg=3.78e-05  breakyes = 1.0,  maxresidual < 1.00e-04  breakyes=3.2,  dualfeasorg deteriorated too much: primfeasorg=1.10e-06,dualfeasorg=3.78e-05  breakyes = 1.0,  maxresidual < 1.00e-04  breakyes=3.2,  dualfeasorg deteriorated too much: primfeasorg=1.10e-06,dualfeasorg=3.78e-05  breakyes = 1.0,  maxresidual < 1.00e-04  breakyes=3.2,  dualfeasorg deteriorated too much: primfeasorg=1.10e-06,dualfeasorg=3.78e-05
cluster_acc =

    0.9650

mean acc so far: 0.975000
Elapsed time is 88.073685 seconds.
iteration: (3)th 


init_method =

    'spec'


sdp_method =

    'basic'

  breakyes = 1.0,  maxresidual < 1.00e-04  breakyes=3.2,  dualfeasorg deteriorated too much: primfeasorg=8.54e-07,dualfeasorg=2.04e-05  breakyes = 1.0,  maxresidual < 1.00e-04  breakyes=1.3,  maxresidual < 1.00e-06  breakyes = 1.0,  maxresidual < 1.00e-04  breakyes=1.3,  maxresidual < 1.00e-06  breakyes = 1.0,  maxresidual < 1.00e-04  breakyes=1.3,  maxresidual < 1.00e-06  breakyes = 1.0,  maxresidual < 1.00e-04  breakyes=1.3,  maxresidual < 1.00e-06  breakyes = 1.0,  maxresidual < 1.00e-04  breakyes=1.3,  maxresidual < 1.00e-06  breakyes = 1.0,  maxresidual < 1.00e-04  breakyes=1.3,  maxresidual < 1.00e-06  breakyes = 1.0,  maxresidual < 1.00e-04  breakyes=1.3,  maxresidual < 1.00e-06  breakyes = 1.0,  maxresidual < 1.00e-04  breakyes=1.3,  maxresidual < 1.00e-06  breakyes = 1.0,  maxresidual < 1.00e-04  breakyes=1.3,  maxresidual < 1.00e-06
cluster_acc =

    0.9800

mean acc so far: 0.976667
Elapsed time is 78.971809 seconds.
iteration: (4)th 


init_method =

    'spec'


sdp_method =

    'basic'

  breakyes=3.2,  dualfeasorg deteriorated too much: primfeasorg=1.27e-06,dualfeasorg=3.30e-05  breakyes=1.3,  maxresidual < 1.00e-06  breakyes=1.3,  maxresidual < 1.00e-06  breakyes=1.3,  maxresidual < 1.00e-06  breakyes=1.3,  maxresidual < 1.00e-06  breakyes=1.3,  maxresidual < 1.00e-06  breakyes=1.3,  maxresidual < 1.00e-06  breakyes=1.3,  maxresidual < 1.00e-06  breakyes=1.3,  maxresidual < 1.00e-06  breakyes=1.3,  maxresidual < 1.00e-06
cluster_acc =

    0.9750

mean acc so far: 0.976250
Elapsed time is 125.594374 seconds.
iteration: (5)th 


init_method =

    'spec'


sdp_method =

    'basic'

  breakyes = 1.0,  maxresidual < 1.00e-04  breakyes=1.0,  maxresidual < 1.00e-06  breakyes=1.0,  maxresidual < 1.00e-06  breakyes=1.0,  maxresidual < 1.00e-06  breakyes=1.0,  maxresidual < 1.00e-06  breakyes=1.0,  maxresidual < 1.00e-06  breakyes=1.0,  maxresidual < 1.00e-06  breakyes=1.0,  maxresidual < 1.00e-06  breakyes=1.0,  maxresidual < 1.00e-06  breakyes=1.0,  maxresidual < 1.00e-06  breakyes=1.0,  maxresidual < 1.00e-06
cluster_acc =

    0.9800

mean acc so far: 0.977000
Elapsed time is 52.285122 seconds.
iteration: (6)th 


init_method =

    'spec'


sdp_method =

    'basic'

  breakyes = 1.0,  maxresidual < 1.00e-04  breakyes=1.0,  maxresidual < 1.00e-06  breakyes = 1.0,  maxresidual < 1.00e-04  breakyes=1.3,  maxresidual < 1.00e-06  breakyes = 1.0,  maxresidual < 1.00e-04  breakyes=1.3,  maxresidual < 1.00e-06  breakyes = 1.0,  maxresidual < 1.00e-04  breakyes=1.3,  maxresidual < 1.00e-06  breakyes = 1.0,  maxresidual < 1.00e-04  breakyes=1.3,  maxresidual < 1.00e-06  breakyes = 1.0,  maxresidual < 1.00e-04  breakyes=1.3,  maxresidual < 1.00e-06  breakyes = 1.0,  maxresidual < 1.00e-04  breakyes=1.3,  maxresidual < 1.00e-06  breakyes = 1.0,  maxresidual < 1.00e-04  breakyes=1.3,  maxresidual < 1.00e-06  breakyes = 1.0,  maxresidual < 1.00e-04  breakyes=1.3,  maxresidual < 1.00e-06  breakyes = 1.0,  maxresidual < 1.00e-04  breakyes=1.3,  maxresidual < 1.00e-06
cluster_acc =

    0.9750

mean acc so far: 0.976667
Elapsed time is 84.788112 seconds.
iteration: (7)th 


init_method =

    'spec'


sdp_method =

    'basic'

  breakyes=1.4,  maxresidual < 1.00e-06  breakyes = 1.0,  maxresidual < 1.00e-04  breakyes=1.3,  maxresidual < 1.00e-06  breakyes = 1.0,  maxresidual < 1.00e-04  breakyes=1.3,  maxresidual < 1.00e-06  breakyes = 1.0,  maxresidual < 1.00e-04  breakyes=1.3,  maxresidual < 1.00e-06  breakyes = 1.0,  maxresidual < 1.00e-04  breakyes=1.3,  maxresidual < 1.00e-06  breakyes = 1.0,  maxresidual < 1.00e-04  breakyes=1.3,  maxresidual < 1.00e-06  breakyes = 1.0,  maxresidual < 1.00e-04  breakyes=1.3,  maxresidual < 1.00e-06  breakyes = 1.0,  maxresidual < 1.00e-04  breakyes=1.3,  maxresidual < 1.00e-06  breakyes = 1.0,  maxresidual < 1.00e-04  breakyes=1.3,  maxresidual < 1.00e-06  breakyes = 1.0,  maxresidual < 1.00e-04  breakyes=1.3,  maxresidual < 1.00e-06
cluster_acc =

    0.9750

mean acc so far: 0.976429
Elapsed time is 86.134149 seconds.
iteration: (8)th 


init_method =

    'spec'


sdp_method =

    'basic'

  breakyes = 1.0,  maxresidual < 1.00e-04  breakyes=1.0,  maxresidual < 1.00e-06  breakyes = 1.0,  maxresidual < 1.00e-04  breakyes=1.0,  maxresidual < 1.00e-06  breakyes = 1.0,  maxresidual < 1.00e-04  breakyes=1.0,  maxresidual < 1.00e-06  breakyes = 1.0,  maxresidual < 1.00e-04  breakyes=1.0,  maxresidual < 1.00e-06  breakyes = 1.0,  maxresidual < 1.00e-04  breakyes=1.0,  maxresidual < 1.00e-06  breakyes = 1.0,  maxresidual < 1.00e-04  breakyes=1.0,  maxresidual < 1.00e-06  breakyes = 1.0,  maxresidual < 1.00e-04  breakyes=1.0,  maxresidual < 1.00e-06  breakyes = 1.0,  maxresidual < 1.00e-04  breakyes=1.0,  maxresidual < 1.00e-06  breakyes = 1.0,  maxresidual < 1.00e-04  breakyes=1.0,  maxresidual < 1.00e-06  breakyes = 1.0,  maxresidual < 1.00e-04  breakyes=1.0,  maxresidual < 1.00e-06
cluster_acc =

    0.9900

mean acc so far: 0.978125
Elapsed time is 53.609473 seconds.
iteration: (9)th 


init_method =

    'spec'


sdp_method =

    'basic'

  breakyes = 1.0,  maxresidual < 1.00e-04  breakyes=1.0,  maxresidual < 1.00e-06  breakyes=1.4,  maxresidual < 1.00e-06  breakyes=1.4,  maxresidual < 1.00e-06  breakyes=1.4,  maxresidual < 1.00e-06  breakyes=1.4,  maxresidual < 1.00e-06  breakyes=1.4,  maxresidual < 1.00e-06  breakyes=1.4,  maxresidual < 1.00e-06  breakyes=1.4,  maxresidual < 1.00e-06  breakyes=1.4,  maxresidual < 1.00e-06  breakyes=1.4,  maxresidual < 1.00e-06
cluster_acc =

    0.9800

mean acc so far: 0.978333
Elapsed time is 85.513982 seconds.
iteration: (10)th 


init_method =

    'spec'


sdp_method =

    'basic'

  breakyes=1.0,  maxresidual < 1.00e-06  breakyes=1.0,  maxresidual < 1.00e-06  breakyes=1.0,  maxresidual < 1.00e-06  breakyes=1.0,  maxresidual < 1.00e-06  breakyes=1.0,  maxresidual < 1.00e-06  breakyes=1.0,  maxresidual < 1.00e-06  breakyes=1.0,  maxresidual < 1.00e-06  breakyes=1.0,  maxresidual < 1.00e-06  breakyes=1.0,  maxresidual < 1.00e-06  breakyes=1.0,  maxresidual < 1.00e-06
cluster_acc =

    0.9750

mean acc so far: 0.978000
Elapsed time is 140.659904 seconds.
iteration: (11)th 


init_method =

    'spec'


sdp_method =

    'basic'

  breakyes=1.3,  maxresidual < 1.00e-06  breakyes=3.1,  primfeasorg deteriorated too much: primfeasorg=3.31e-06,dualfeasorg=3.33e-06  breakyes=3.1,  primfeasorg deteriorated too much: primfeasorg=3.31e-06,dualfeasorg=3.33e-06  breakyes=3.1,  primfeasorg deteriorated too much: primfeasorg=3.31e-06,dualfeasorg=3.33e-06  breakyes=3.1,  primfeasorg deteriorated too much: primfeasorg=3.31e-06,dualfeasorg=3.33e-06  breakyes=3.1,  primfeasorg deteriorated too much: primfeasorg=3.31e-06,dualfeasorg=3.33e-06  breakyes=3.1,  primfeasorg deteriorated too much: primfeasorg=3.31e-06,dualfeasorg=3.33e-06  breakyes=3.1,  primfeasorg deteriorated too much: primfeasorg=3.31e-06,dualfeasorg=3.33e-06  breakyes=3.1,  primfeasorg deteriorated too much: primfeasorg=3.31e-06,dualfeasorg=3.33e-06  breakyes=3.1,  primfeasorg deteriorated too much: primfeasorg=3.31e-06,dualfeasorg=3.33e-06
cluster_acc =

    0.9700

mean acc so far: 0.977273
Elapsed time is 46.655934 seconds.
iteration: (12)th 


init_method =

    'spec'


sdp_method =

    'basic'

  breakyes=3.1,  primfeasorg deteriorated too much: primfeasorg=3.11e-05,dualfeasorg=8.57e-06  breakyes = 1.0,  maxresidual < 1.00e-04  breakyes=1.3,  maxresidual < 1.00e-06  breakyes = 1.0,  maxresidual < 1.00e-04  breakyes=1.3,  maxresidual < 1.00e-06  breakyes = 1.0,  maxresidual < 1.00e-04  breakyes=1.3,  maxresidual < 1.00e-06  breakyes = 1.0,  maxresidual < 1.00e-04  breakyes=1.3,  maxresidual < 1.00e-06  breakyes = 1.0,  maxresidual < 1.00e-04  breakyes=1.3,  maxresidual < 1.00e-06  breakyes = 1.0,  maxresidual < 1.00e-04  breakyes=1.3,  maxresidual < 1.00e-06  breakyes = 1.0,  maxresidual < 1.00e-04  breakyes=1.3,  maxresidual < 1.00e-06  breakyes = 1.0,  maxresidual < 1.00e-04  breakyes=1.3,  maxresidual < 1.00e-06  breakyes = 1.0,  maxresidual < 1.00e-04  breakyes=1.3,  maxresidual < 1.00e-06
cluster_acc =

    0.9750

mean acc so far: 0.977083
Elapsed time is 72.798247 seconds.
iteration: (13)th 


init_method =

    'spec'


sdp_method =

    'basic'

  breakyes=1.3,  maxresidual < 1.00e-06  breakyes = 1.0,  maxresidual < 1.00e-04  breakyes=1.0,  maxresidual < 1.00e-06  breakyes = 1.0,  maxresidual < 1.00e-04  breakyes=1.0,  maxresidual < 1.00e-06  breakyes = 1.0,  maxresidual < 1.00e-04  breakyes=1.0,  maxresidual < 1.00e-06  breakyes = 1.0,  maxresidual < 1.00e-04  breakyes=1.0,  maxresidual < 1.00e-06  breakyes = 1.0,  maxresidual < 1.00e-04  breakyes=1.0,  maxresidual < 1.00e-06  breakyes = 1.0,  maxresidual < 1.00e-04  breakyes=1.0,  maxresidual < 1.00e-06  breakyes = 1.0,  maxresidual < 1.00e-04  breakyes=1.0,  maxresidual < 1.00e-06  breakyes = 1.0,  maxresidual < 1.00e-04  breakyes=1.0,  maxresidual < 1.00e-06  breakyes = 1.0,  maxresidual < 1.00e-04  breakyes=1.0,  maxresidual < 1.00e-06
cluster_acc =

    0.9650

mean acc so far: 0.976154
Elapsed time is 25.972313 seconds.
iteration: (14)th 


init_method =

    'spec'


sdp_method =

    'basic'

  breakyes = 1.0,  maxresidual < 1.00e-04  breakyes=1.0,  maxresidual < 1.00e-06  breakyes = 1.0,  maxresidual < 1.00e-04  breakyes=1.3,  maxresidual < 1.00e-06  breakyes = 1.0,  maxresidual < 1.00e-04  breakyes=1.3,  maxresidual < 1.00e-06  breakyes = 1.0,  maxresidual < 1.00e-04  breakyes=1.3,  maxresidual < 1.00e-06  breakyes = 1.0,  maxresidual < 1.00e-04  breakyes=1.3,  maxresidual < 1.00e-06  breakyes = 1.0,  maxresidual < 1.00e-04  breakyes=1.3,  maxresidual < 1.00e-06  breakyes = 1.0,  maxresidual < 1.00e-04  breakyes=1.3,  maxresidual < 1.00e-06  breakyes = 1.0,  maxresidual < 1.00e-04  breakyes=1.3,  maxresidual < 1.00e-06  breakyes = 1.0,  maxresidual < 1.00e-04  breakyes=1.3,  maxresidual < 1.00e-06  breakyes = 1.0,  maxresidual < 1.00e-04  breakyes=1.3,  maxresidual < 1.00e-06
cluster_acc =

    0.9850

mean acc so far: 0.976786
Elapsed time is 69.293019 seconds.
iteration: (15)th 


init_method =

    'spec'


sdp_method =

    'basic'

  breakyes = 1.0,  maxresidual < 1.00e-04  breakyes=1.0,  maxresidual < 1.00e-06  breakyes = 1.0,  maxresidual < 1.00e-04  breakyes=1.0,  maxresidual < 1.00e-06  breakyes = 1.0,  maxresidual < 1.00e-04  breakyes=1.0,  maxresidual < 1.00e-06  breakyes = 1.0,  maxresidual < 1.00e-04  breakyes=1.0,  maxresidual < 1.00e-06  breakyes = 1.0,  maxresidual < 1.00e-04  breakyes=1.0,  maxresidual < 1.00e-06  breakyes = 1.0,  maxresidual < 1.00e-04  breakyes=1.0,  maxresidual < 1.00e-06  breakyes = 1.0,  maxresidual < 1.00e-04  breakyes=1.0,  maxresidual < 1.00e-06  breakyes = 1.0,  maxresidual < 1.00e-04  breakyes=1.0,  maxresidual < 1.00e-06  breakyes = 1.0,  maxresidual < 1.00e-04  breakyes=1.0,  maxresidual < 1.00e-06  breakyes = 1.0,  maxresidual < 1.00e-04  breakyes=1.0,  maxresidual < 1.00e-06
cluster_acc =

    0.9700

mean acc so far: 0.976333
Elapsed time is 51.057390 seconds.
iteration: (16)th 


init_method =

    'spec'


sdp_method =

    'basic'

  breakyes=1.3,  maxresidual < 1.00e-06  breakyes=1.0,  maxresidual < 1.00e-06  breakyes=1.0,  maxresidual < 1.00e-06  breakyes=1.0,  maxresidual < 1.00e-06  breakyes=1.0,  maxresidual < 1.00e-06  breakyes=1.0,  maxresidual < 1.00e-06  breakyes=1.0,  maxresidual < 1.00e-06  breakyes=1.0,  maxresidual < 1.00e-06  breakyes=1.0,  maxresidual < 1.00e-06  breakyes=1.0,  maxresidual < 1.00e-06
cluster_acc =

    0.9600

mean acc so far: 0.975313
Elapsed time is 76.339349 seconds.
iteration: (17)th 


init_method =

    'spec'


sdp_method =

    'basic'

  breakyes = 1.0,  maxresidual < 1.00e-04  breakyes=1.4,  maxresidual < 1.00e-06  breakyes=1.4,  maxresidual < 1.00e-06  breakyes=1.4,  maxresidual < 1.00e-06  breakyes=1.4,  maxresidual < 1.00e-06  breakyes=1.4,  maxresidual < 1.00e-06  breakyes=1.4,  maxresidual < 1.00e-06  breakyes=1.4,  maxresidual < 1.00e-06  breakyes=1.4,  maxresidual < 1.00e-06  breakyes=1.4,  maxresidual < 1.00e-06  breakyes=1.4,  maxresidual < 1.00e-06
cluster_acc =

    0.9700

mean acc so far: 0.975000
Elapsed time is 72.451194 seconds.
iteration: (18)th 


init_method =

    'spec'


sdp_method =

    'basic'

  breakyes=2.0,  primfeasorg*dualfeasorg < 1.00e-14  breakyes=1.0,  maxresidual < 1.00e-06  breakyes=1.0,  maxresidual < 1.00e-06  breakyes=1.0,  maxresidual < 1.00e-06  breakyes=1.0,  maxresidual < 1.00e-06  breakyes=1.0,  maxresidual < 1.00e-06  breakyes=1.0,  maxresidual < 1.00e-06  breakyes=1.0,  maxresidual < 1.00e-06  breakyes=1.0,  maxresidual < 1.00e-06  breakyes=1.0,  maxresidual < 1.00e-06
cluster_acc =

    0.9700

mean acc so far: 0.974722
Elapsed time is 57.349448 seconds.
iteration: (19)th 


init_method =

    'spec'


sdp_method =

    'basic'

  breakyes = 1.0,  maxresidual < 1.00e-04  breakyes=1.0,  maxresidual < 1.00e-06  breakyes=1.4,  maxresidual < 1.00e-06  breakyes=1.4,  maxresidual < 1.00e-06  breakyes=1.4,  maxresidual < 1.00e-06  breakyes=1.4,  maxresidual < 1.00e-06  breakyes=1.4,  maxresidual < 1.00e-06  breakyes=1.4,  maxresidual < 1.00e-06  breakyes=1.4,  maxresidual < 1.00e-06  breakyes=1.4,  maxresidual < 1.00e-06  breakyes=1.4,  maxresidual < 1.00e-06
cluster_acc =

    0.9950

mean acc so far: 0.975789
Elapsed time is 69.380099 seconds.
iteration: (20)th 


init_method =

    'spec'


sdp_method =

    'basic'

  breakyes=1.0,  maxresidual < 1.00e-06  breakyes=1.0,  maxresidual < 1.00e-06  breakyes=1.0,  maxresidual < 1.00e-06  breakyes=1.0,  maxresidual < 1.00e-06  breakyes=1.0,  maxresidual < 1.00e-06  breakyes=1.0,  maxresidual < 1.00e-06  breakyes=1.0,  maxresidual < 1.00e-06  breakyes=1.0,  maxresidual < 1.00e-06  breakyes=1.0,  maxresidual < 1.00e-06  breakyes=1.0,  maxresidual < 1.00e-06
cluster_acc =

    0.9750

mean acc so far: 0.975750
Elapsed time is 64.561225 seconds.
iteration: (21)th 


init_method =

    'spec'


sdp_method =

    'basic'


  breakyes=3.2,  dualfeasorg deteriorated too much: primfeasorg=2.03e-06,dualfeasorg=2.22e-05  breakyes=1.4,  maxresidual < 1.00e-06  breakyes=1.4,  maxresidual < 1.00e-06  breakyes=1.4,  maxresidual < 1.00e-06  breakyes=1.4,  maxresidual < 1.00e-06  breakyes=1.4,  maxresidual < 1.00e-06  breakyes=1.4,  maxresidual < 1.00e-06  breakyes=1.4,  maxresidual < 1.00e-06  breakyes=1.4,  maxresidual < 1.00e-06  breakyes=1.4,  maxresidual < 1.00e-06
cluster_acc =

    0.9900

mean acc so far: 0.976429
Elapsed time is 91.779530 seconds.
iteration: (22)th 


init_method =

    'spec'


sdp_method =

    'basic'

  breakyes=1.3,  maxresidual < 1.00e-06  breakyes=1.4,  maxresidual < 1.00e-06  breakyes=1.4,  maxresidual < 1.00e-06  breakyes=1.4,  maxresidual < 1.00e-06  breakyes=1.4,  maxresidual < 1.00e-06  breakyes=1.4,  maxresidual < 1.00e-06  breakyes=1.4,  maxresidual < 1.00e-06  breakyes=1.4,  maxresidual < 1.00e-06  breakyes=1.4,  maxresidual < 1.00e-06  breakyes=1.4,  maxresidual < 1.00e-06
cluster_acc =

    0.9850

mean acc so far: 0.976818
Elapsed time is 80.782062 seconds.
iteration: (23)th 


init_method =

    'spec'


sdp_method =

    'basic'

  breakyes=3.2,  dualfeasorg deteriorated too much: primfeasorg=1.13e-06,dualfeasorg=3.64e-05  breakyes = 1.0,  maxresidual < 1.00e-04  breakyes=1.0,  maxresidual < 1.00e-06  breakyes = 1.0,  maxresidual < 1.00e-04  breakyes=1.0,  maxresidual < 1.00e-06  breakyes = 1.0,  maxresidual < 1.00e-04  breakyes=1.0,  maxresidual < 1.00e-06  breakyes = 1.0,  maxresidual < 1.00e-04  breakyes=1.0,  maxresidual < 1.00e-06  breakyes = 1.0,  maxresidual < 1.00e-04  breakyes=1.0,  maxresidual < 1.00e-06  breakyes = 1.0,  maxresidual < 1.00e-04  breakyes=1.0,  maxresidual < 1.00e-06  breakyes = 1.0,  maxresidual < 1.00e-04  breakyes=1.0,  maxresidual < 1.00e-06  breakyes = 1.0,  maxresidual < 1.00e-04  breakyes=1.0,  maxresidual < 1.00e-06  breakyes = 1.0,  maxresidual < 1.00e-04  breakyes=1.0,  maxresidual < 1.00e-06
cluster_acc =

    0.9750

mean acc so far: 0.976739
Elapsed time is 65.633318 seconds.
iteration: (24)th 


init_method =

    'spec'


sdp_method =

    'basic'

  breakyes = 1.0,  maxresidual < 1.00e-04  breakyes=1.4,  maxresidual < 1.00e-06  breakyes=1.0,  maxresidual < 1.00e-06  breakyes=1.0,  maxresidual < 1.00e-06  breakyes=1.0,  maxresidual < 1.00e-06  breakyes=1.0,  maxresidual < 1.00e-06  breakyes=1.0,  maxresidual < 1.00e-06  breakyes=1.0,  maxresidual < 1.00e-06  breakyes=1.0,  maxresidual < 1.00e-06  breakyes=1.0,  maxresidual < 1.00e-06  breakyes=1.0,  maxresidual < 1.00e-06
cluster_acc =

    0.9750

mean acc so far: 0.976667
Elapsed time is 50.929696 seconds.
iteration: (25)th 


init_method =

    'spec'


sdp_method =

    'basic'

  breakyes=1.4,  maxresidual < 1.00e-06  breakyes=3.2,  dualfeasorg deteriorated too much: primfeasorg=1.32e-06,dualfeasorg=5.93e-05  breakyes=3.2,  dualfeasorg deteriorated too much: primfeasorg=1.32e-06,dualfeasorg=5.93e-05  breakyes=3.2,  dualfeasorg deteriorated too much: primfeasorg=1.32e-06,dualfeasorg=5.93e-05  breakyes=3.2,  dualfeasorg deteriorated too much: primfeasorg=1.32e-06,dualfeasorg=5.93e-05  breakyes=3.2,  dualfeasorg deteriorated too much: primfeasorg=1.32e-06,dualfeasorg=5.93e-05  breakyes=3.2,  dualfeasorg deteriorated too much: primfeasorg=1.32e-06,dualfeasorg=5.93e-05  breakyes=3.2,  dualfeasorg deteriorated too much: primfeasorg=1.32e-06,dualfeasorg=5.93e-05  breakyes=3.2,  dualfeasorg deteriorated too much: primfeasorg=1.32e-06,dualfeasorg=5.93e-05  breakyes=3.2,  dualfeasorg deteriorated too much: primfeasorg=1.32e-06,dualfeasorg=5.93e-05
cluster_acc =

    0.5350

mean acc so far: 0.959000
Elapsed time is 146.175915 seconds.
iteration: (26)th 


init_method =

    'spec'


sdp_method =

    'basic'

  breakyes = 1.0,  maxresidual < 1.00e-04  breakyes=3.2,  dualfeasorg deteriorated too much: primfeasorg=1.24e-06,dualfeasorg=3.58e-05  breakyes = 1.0,  maxresidual < 1.00e-04  breakyes=1.4,  maxresidual < 1.00e-06  breakyes = 1.0,  maxresidual < 1.00e-04  breakyes=1.0,  maxresidual < 1.00e-06  breakyes = 1.0,  maxresidual < 1.00e-04  breakyes=1.0,  maxresidual < 1.00e-06  breakyes = 1.0,  maxresidual < 1.00e-04  breakyes=1.0,  maxresidual < 1.00e-06  breakyes = 1.0,  maxresidual < 1.00e-04  breakyes=1.0,  maxresidual < 1.00e-06  breakyes = 1.0,  maxresidual < 1.00e-04  breakyes=1.0,  maxresidual < 1.00e-06  breakyes = 1.0,  maxresidual < 1.00e-04  breakyes=1.0,  maxresidual < 1.00e-06  breakyes = 1.0,  maxresidual < 1.00e-04  breakyes=1.0,  maxresidual < 1.00e-06  breakyes = 1.0,  maxresidual < 1.00e-04  breakyes=1.0,  maxresidual < 1.00e-06
cluster_acc =

    0.9500

mean acc so far: 0.958654
Elapsed time is 35.377912 seconds.
iteration: (27)th 


init_method =

    'spec'


sdp_method =

    'basic'

  breakyes = 1.0,  maxresidual < 1.00e-04  breakyes=1.0,  maxresidual < 1.00e-06  breakyes = 1.0,  maxresidual < 1.00e-04  breakyes=3.2,  dualfeasorg deteriorated too much: primfeasorg=1.36e-06,dualfeasorg=2.98e-05  breakyes = 1.0,  maxresidual < 1.00e-04  breakyes=3.2,  dualfeasorg deteriorated too much: primfeasorg=1.36e-06,dualfeasorg=2.98e-05  breakyes = 1.0,  maxresidual < 1.00e-04  breakyes=3.2,  dualfeasorg deteriorated too much: primfeasorg=1.36e-06,dualfeasorg=2.98e-05  breakyes = 1.0,  maxresidual < 1.00e-04  breakyes=3.2,  dualfeasorg deteriorated too much: primfeasorg=1.36e-06,dualfeasorg=2.98e-05  breakyes = 1.0,  maxresidual < 1.00e-04  breakyes=3.2,  dualfeasorg deteriorated too much: primfeasorg=1.36e-06,dualfeasorg=2.98e-05  breakyes = 1.0,  maxresidual < 1.00e-04  breakyes=3.2,  dualfeasorg deteriorated too much: primfeasorg=1.36e-06,dualfeasorg=2.98e-05  breakyes = 1.0,  maxresidual < 1.00e-04  breakyes=3.2,  dualfeasorg deteriorated too much: primfeasorg=1.36e-06,dualfeasorg=2.98e-05  breakyes = 1.0,  maxresidual < 1.00e-04  breakyes=3.2,  dualfeasorg deteriorated too much: primfeasorg=1.36e-06,dualfeasorg=2.98e-05  breakyes = 1.0,  maxresidual < 1.00e-04  breakyes=3.2,  dualfeasorg deteriorated too much: primfeasorg=1.36e-06,dualfeasorg=2.98e-05
cluster_acc =

    0.9850

mean acc so far: 0.959630
Elapsed time is 62.433507 seconds.
iteration: (28)th 


init_method =

    'spec'


sdp_method =

    'basic'

  breakyes=1.4,  maxresidual < 1.00e-06  breakyes=1.4,  maxresidual < 1.00e-06  breakyes=1.4,  maxresidual < 1.00e-06  breakyes=1.4,  maxresidual < 1.00e-06  breakyes=1.4,  maxresidual < 1.00e-06  breakyes=1.4,  maxresidual < 1.00e-06  breakyes=1.4,  maxresidual < 1.00e-06  breakyes=1.4,  maxresidual < 1.00e-06  breakyes=1.4,  maxresidual < 1.00e-06  breakyes=1.4,  maxresidual < 1.00e-06
cluster_acc =

    0.9850

mean acc so far: 0.960536
Elapsed time is 115.597597 seconds.
iteration: (29)th 


init_method =

    'spec'


sdp_method =

    'basic'

  breakyes = 1.0,  maxresidual < 1.00e-04  breakyes=1.0,  maxresidual < 1.00e-06  breakyes=1.4,  maxresidual < 1.00e-06  breakyes=1.4,  maxresidual < 1.00e-06  breakyes=1.4,  maxresidual < 1.00e-06  breakyes=1.4,  maxresidual < 1.00e-06  breakyes=1.4,  maxresidual < 1.00e-06  breakyes=1.4,  maxresidual < 1.00e-06  breakyes=1.4,  maxresidual < 1.00e-06  breakyes=1.4,  maxresidual < 1.00e-06  breakyes=1.4,  maxresidual < 1.00e-06
cluster_acc =

    0.9550

mean acc so far: 0.960345
Elapsed time is 77.121918 seconds.
iteration: (30)th 


init_method =

    'spec'


sdp_method =

    'basic'

  breakyes = 1.0,  maxresidual < 1.00e-04  breakyes=1.0,  maxresidual < 1.00e-06  breakyes = 1.0,  maxresidual < 1.00e-04  breakyes=1.3,  maxresidual < 1.00e-06  breakyes = 1.0,  maxresidual < 1.00e-04  breakyes=1.3,  maxresidual < 1.00e-06  breakyes = 1.0,  maxresidual < 1.00e-04  breakyes=1.3,  maxresidual < 1.00e-06  breakyes = 1.0,  maxresidual < 1.00e-04  breakyes=1.3,  maxresidual < 1.00e-06  breakyes = 1.0,  maxresidual < 1.00e-04  breakyes=1.3,  maxresidual < 1.00e-06  breakyes = 1.0,  maxresidual < 1.00e-04  breakyes=1.3,  maxresidual < 1.00e-06  breakyes = 1.0,  maxresidual < 1.00e-04  breakyes=1.3,  maxresidual < 1.00e-06  breakyes = 1.0,  maxresidual < 1.00e-04  breakyes=1.3,  maxresidual < 1.00e-06  breakyes = 1.0,  maxresidual < 1.00e-04  breakyes=1.3,  maxresidual < 1.00e-06
cluster_acc =

    0.9650

mean acc so far: 0.960500
Elapsed time is 71.671429 seconds.
iteration: (31)th 


init_method =

    'spec'


sdp_method =

    'basic'

  breakyes=1.3,  maxresidual < 1.00e-06  breakyes=1.3,  maxresidual < 1.00e-06  breakyes=1.3,  maxresidual < 1.00e-06  breakyes=1.3,  maxresidual < 1.00e-06  breakyes=1.3,  maxresidual < 1.00e-06  breakyes=1.3,  maxresidual < 1.00e-06  breakyes=1.3,  maxresidual < 1.00e-06  breakyes=1.3,  maxresidual < 1.00e-06  breakyes=1.3,  maxresidual < 1.00e-06  breakyes=1.3,  maxresidual < 1.00e-06
cluster_acc =

    0.9800

mean acc so far: 0.961129
Elapsed time is 77.670789 seconds.
iteration: (32)th 


init_method =

    'spec'


sdp_method =

    'basic'

  breakyes=1.3,  maxresidual < 1.00e-06  breakyes=1.3,  maxresidual < 1.00e-06  breakyes=1.3,  maxresidual < 1.00e-06  breakyes=1.3,  maxresidual < 1.00e-06  breakyes=1.3,  maxresidual < 1.00e-06  breakyes=1.3,  maxresidual < 1.00e-06  breakyes=1.3,  maxresidual < 1.00e-06  breakyes=1.3,  maxresidual < 1.00e-06  breakyes=1.3,  maxresidual < 1.00e-06  breakyes=1.3,  maxresidual < 1.00e-06
cluster_acc =

    0.9850

mean acc so far: 0.961875
Elapsed time is 77.325860 seconds.
iteration: (33)th 


init_method =

    'spec'


sdp_method =

    'basic'

  breakyes = 1.0,  maxresidual < 1.00e-04  breakyes=1.0,  maxresidual < 1.00e-06  breakyes = 1.0,  maxresidual < 1.00e-04  breakyes=1.0,  maxresidual < 1.00e-06  breakyes = 1.0,  maxresidual < 1.00e-04  breakyes=1.0,  maxresidual < 1.00e-06  breakyes = 1.0,  maxresidual < 1.00e-04  breakyes=1.0,  maxresidual < 1.00e-06  breakyes = 1.0,  maxresidual < 1.00e-04  breakyes=1.0,  maxresidual < 1.00e-06  breakyes = 1.0,  maxresidual < 1.00e-04  breakyes=1.0,  maxresidual < 1.00e-06  breakyes = 1.0,  maxresidual < 1.00e-04  breakyes=1.0,  maxresidual < 1.00e-06  breakyes = 1.0,  maxresidual < 1.00e-04  breakyes=1.0,  maxresidual < 1.00e-06  breakyes = 1.0,  maxresidual < 1.00e-04  breakyes=1.0,  maxresidual < 1.00e-06  breakyes = 1.0,  maxresidual < 1.00e-04  breakyes=1.0,  maxresidual < 1.00e-06
cluster_acc =

    0.9700

mean acc so far: 0.962121
Elapsed time is 38.645161 seconds.
iteration: (34)th 


init_method =

    'spec'


sdp_method =

    'basic'

  breakyes=1.4,  maxresidual < 1.00e-06
  breakyes=1.4,  maxresidual < 1.00e-06
  breakyes=1.4,  maxresidual < 1.00e-06
  breakyes=1.4,  maxresidual < 1.00e-06
  breakyes=1.4,  maxresidual < 1.00e-06
  breakyes=1.4,  maxresidual < 1.00e-06
  breakyes=1.4,  maxresidual < 1.00e-06
  breakyes=1.4,  maxresidual < 1.00e-06
  breakyes=1.4,  maxresidual < 1.00e-06
  breakyes=1.4,  maxresidual < 1.00e-06
cluster_acc =

    0.9800

mean acc so far: 0.962647
Elapsed time is 172.646335 seconds.
iteration: (35)th 


init_method =

    'spec'


sdp_method =

    'basic'

  breakyes=1.0,  maxresidual < 1.00e-06  breakyes=1.3,  maxresidual < 1.00e-06  breakyes=1.3,  maxresidual < 1.00e-06  breakyes=1.3,  maxresidual < 1.00e-06  breakyes=1.3,  maxresidual < 1.00e-06  breakyes=1.3,  maxresidual < 1.00e-06  breakyes=1.3,  maxresidual < 1.00e-06  breakyes=1.3,  maxresidual < 1.00e-06  breakyes=1.3,  maxresidual < 1.00e-06  breakyes=1.3,  maxresidual < 1.00e-06
cluster_acc =

    0.9800

mean acc so far: 0.963143
Elapsed time is 74.505045 seconds.
iteration: (36)th 


init_method =

    'spec'


sdp_method =

    'basic'

  breakyes=1.4,  maxresidual < 1.00e-06  breakyes=1.0,  maxresidual < 1.00e-06  breakyes=1.0,  maxresidual < 1.00e-06  breakyes=1.0,  maxresidual < 1.00e-06  breakyes=1.0,  maxresidual < 1.00e-06  breakyes=1.0,  maxresidual < 1.00e-06  breakyes=1.0,  maxresidual < 1.00e-06  breakyes=1.0,  maxresidual < 1.00e-06  breakyes=1.0,  maxresidual < 1.00e-06  breakyes=1.0,  maxresidual < 1.00e-06
cluster_acc =

    0.9650

mean acc so far: 0.963194
Elapsed time is 26.620475 seconds.
iteration: (37)th 


init_method =

    'spec'


sdp_method =

    'basic'

  breakyes = 1.0,  maxresidual < 1.00e-04  breakyes=1.4,  maxresidual < 1.00e-06  breakyes=1.3,  maxresidual < 1.00e-06  breakyes=1.3,  maxresidual < 1.00e-06  breakyes=1.3,  maxresidual < 1.00e-06  breakyes=1.3,  maxresidual < 1.00e-06  breakyes=1.3,  maxresidual < 1.00e-06  breakyes=1.3,  maxresidual < 1.00e-06  breakyes=1.3,  maxresidual < 1.00e-06  breakyes=1.3,  maxresidual < 1.00e-06  breakyes=1.3,  maxresidual < 1.00e-06
cluster_acc =

    0.9950

mean acc so far: 0.964054
Elapsed time is 71.479364 seconds.
iteration: (38)th 


init_method =

    'spec'


sdp_method =

    'basic'

  breakyes=1.0,  maxresidual < 1.00e-06  breakyes=1.3,  maxresidual < 1.00e-06  breakyes=1.3,  maxresidual < 1.00e-06  breakyes=1.3,  maxresidual < 1.00e-06  breakyes=1.3,  maxresidual < 1.00e-06  breakyes=1.3,  maxresidual < 1.00e-06  breakyes=1.3,  maxresidual < 1.00e-06  breakyes=1.3,  maxresidual < 1.00e-06  breakyes=1.3,  maxresidual < 1.00e-06  breakyes=1.3,  maxresidual < 1.00e-06
cluster_acc =

    0.9850

mean acc so far: 0.964605
Elapsed time is 72.734379 seconds.
iteration: (39)th 


init_method =

    'spec'


sdp_method =

    'basic'

  breakyes = 1.0,  maxresidual < 1.00e-04  breakyes=1.3,  maxresidual < 1.00e-06  breakyes = 1.0,  maxresidual < 1.00e-04  breakyes=1.0,  maxresidual < 1.00e-06  breakyes = 1.0,  maxresidual < 1.00e-04  breakyes=1.0,  maxresidual < 1.00e-06  breakyes = 1.0,  maxresidual < 1.00e-04  breakyes=1.0,  maxresidual < 1.00e-06  breakyes = 1.0,  maxresidual < 1.00e-04  breakyes=1.0,  maxresidual < 1.00e-06  breakyes = 1.0,  maxresidual < 1.00e-04  breakyes=1.0,  maxresidual < 1.00e-06  breakyes = 1.0,  maxresidual < 1.00e-04  breakyes=1.0,  maxresidual < 1.00e-06  breakyes = 1.0,  maxresidual < 1.00e-04  breakyes=1.0,  maxresidual < 1.00e-06  breakyes = 1.0,  maxresidual < 1.00e-04  breakyes=1.0,  maxresidual < 1.00e-06  breakyes = 1.0,  maxresidual < 1.00e-04  breakyes=1.0,  maxresidual < 1.00e-06
cluster_acc =

    0.9750

mean acc so far: 0.964872
Elapsed time is 61.518422 seconds.
iteration: (40)th 


init_method =

    'spec'


sdp_method =

    'basic'

  breakyes = 1.0,  maxresidual < 1.00e-04  breakyes=1.0,  maxresidual < 1.00e-06  breakyes = 1.0,  maxresidual < 1.00e-04  breakyes=1.0,  maxresidual < 1.00e-06  breakyes = 1.0,  maxresidual < 1.00e-04  breakyes=3.2,  dualfeasorg deteriorated too much: primfeasorg=8.90e-07,dualfeasorg=2.20e-05  breakyes = 1.0,  maxresidual < 1.00e-04  breakyes=3.2,  dualfeasorg deteriorated too much: primfeasorg=8.90e-07,dualfeasorg=2.20e-05  breakyes = 1.0,  maxresidual < 1.00e-04  breakyes=3.2,  dualfeasorg deteriorated too much: primfeasorg=8.90e-07,dualfeasorg=2.20e-05  breakyes = 1.0,  maxresidual < 1.00e-04  breakyes=3.2,  dualfeasorg deteriorated too much: primfeasorg=8.90e-07,dualfeasorg=2.20e-05  breakyes = 1.0,  maxresidual < 1.00e-04  breakyes=3.2,  dualfeasorg deteriorated too much: primfeasorg=8.90e-07,dualfeasorg=2.20e-05  breakyes = 1.0,  maxresidual < 1.00e-04  breakyes=3.2,  dualfeasorg deteriorated too much: primfeasorg=8.90e-07,dualfeasorg=2.20e-05  breakyes = 1.0,  maxresidual < 1.00e-04  breakyes=3.2,  dualfeasorg deteriorated too much: primfeasorg=8.90e-07,dualfeasorg=2.20e-05  breakyes = 1.0,  maxresidual < 1.00e-04  breakyes=3.2,  dualfeasorg deteriorated too much: primfeasorg=8.90e-07,dualfeasorg=2.20e-05
cluster_acc =

    0.9550

mean acc so far: 0.964625
Elapsed time is 136.063421 seconds.
iteration: (41)th 


init_method =

    'spec'


sdp_method =

    'basic'

  breakyes = 1.0,  maxresidual < 1.00e-04  breakyes=1.4,  maxresidual < 1.00e-06  breakyes=1.4,  maxresidual < 1.00e-06  breakyes=1.4,  maxresidual < 1.00e-06  breakyes=1.4,  maxresidual < 1.00e-06  breakyes=1.4,  maxresidual < 1.00e-06  breakyes=1.4,  maxresidual < 1.00e-06  breakyes=1.4,  maxresidual < 1.00e-06  breakyes=1.4,  maxresidual < 1.00e-06  breakyes=1.4,  maxresidual < 1.00e-06  breakyes=1.4,  maxresidual < 1.00e-06
cluster_acc =

    0.9800

mean acc so far: 0.965000
Elapsed time is 76.196120 seconds.
iteration: (42)th 


init_method =

    'spec'


sdp_method =

    'basic'

  breakyes = 1.0,  maxresidual < 1.00e-04  breakyes=1.0,  maxresidual < 1.00e-06  breakyes=1.0,  maxresidual < 1.00e-06  breakyes=1.0,  maxresidual < 1.00e-06  breakyes=1.0,  maxresidual < 1.00e-06  breakyes=1.0,  maxresidual < 1.00e-06  breakyes=1.0,  maxresidual < 1.00e-06  breakyes=1.0,  maxresidual < 1.00e-06  breakyes=1.0,  maxresidual < 1.00e-06  breakyes=1.0,  maxresidual < 1.00e-06  breakyes=1.0,  maxresidual < 1.00e-06
cluster_acc =

    0.9750

mean acc so far: 0.965238
Elapsed time is 43.576924 seconds.
iteration: (43)th 


init_method =

    'spec'


sdp_method =

    'basic'

  breakyes=3.2,  dualfeasorg deteriorated too much: primfeasorg=8.95e-07,dualfeasorg=3.37e-05  breakyes=1.4,  maxresidual < 1.00e-06  breakyes=1.4,  maxresidual < 1.00e-06  breakyes=1.4,  maxresidual < 1.00e-06  breakyes=1.4,  maxresidual < 1.00e-06  breakyes=1.4,  maxresidual < 1.00e-06  breakyes=1.4,  maxresidual < 1.00e-06  breakyes=1.4,  maxresidual < 1.00e-06  breakyes=1.4,  maxresidual < 1.00e-06  breakyes=1.4,  maxresidual < 1.00e-06
cluster_acc =

    0.5500

mean acc so far: 0.955581
Elapsed time is 171.876414 seconds.
iteration: (44)th 


init_method =

    'spec'


sdp_method =

    'basic'

  breakyes = 1.0,  maxresidual < 1.00e-04  breakyes=1.4,  maxresidual < 1.00e-06  breakyes = 1.0,  maxresidual < 1.00e-04  breakyes=1.4,  maxresidual < 1.00e-06  breakyes = 1.0,  maxresidual < 1.00e-04  breakyes=1.4,  maxresidual < 1.00e-06  breakyes = 1.0,  maxresidual < 1.00e-04  breakyes=1.4,  maxresidual < 1.00e-06  breakyes = 1.0,  maxresidual < 1.00e-04  breakyes=1.4,  maxresidual < 1.00e-06  breakyes = 1.0,  maxresidual < 1.00e-04  breakyes=1.4,  maxresidual < 1.00e-06  breakyes = 1.0,  maxresidual < 1.00e-04  breakyes=1.4,  maxresidual < 1.00e-06  breakyes = 1.0,  maxresidual < 1.00e-04  breakyes=1.4,  maxresidual < 1.00e-06  breakyes = 1.0,  maxresidual < 1.00e-04  breakyes=1.4,  maxresidual < 1.00e-06  breakyes = 1.0,  maxresidual < 1.00e-04  breakyes=1.4,  maxresidual < 1.00e-06
cluster_acc =

    0.9450

mean acc so far: 0.955341
Elapsed time is 91.035022 seconds.
iteration: (45)th 


init_method =

    'spec'


sdp_method =

    'basic'

  breakyes = 1.0,  maxresidual < 1.00e-04  breakyes=1.3,  maxresidual < 1.00e-06  breakyes=1.4,  maxresidual < 1.00e-06  breakyes=1.4,  maxresidual < 1.00e-06  breakyes=1.4,  maxresidual < 1.00e-06  breakyes=1.4,  maxresidual < 1.00e-06  breakyes=1.4,  maxresidual < 1.00e-06  breakyes=1.4,  maxresidual < 1.00e-06  breakyes=1.4,  maxresidual < 1.00e-06  breakyes=1.4,  maxresidual < 1.00e-06  breakyes=1.4,  maxresidual < 1.00e-06
cluster_acc =

    0.5250

mean acc so far: 0.945778
Elapsed time is 198.968953 seconds.
iteration: (46)th 


init_method =

    'spec'


sdp_method =

    'basic'

  breakyes=1.0,  maxresidual < 1.00e-06  breakyes=1.0,  maxresidual < 1.00e-06  breakyes=1.0,  maxresidual < 1.00e-06  breakyes=1.0,  maxresidual < 1.00e-06  breakyes=1.0,  maxresidual < 1.00e-06  breakyes=1.0,  maxresidual < 1.00e-06  breakyes=1.0,  maxresidual < 1.00e-06  breakyes=1.0,  maxresidual < 1.00e-06  breakyes=1.0,  maxresidual < 1.00e-06  breakyes=1.0,  maxresidual < 1.00e-06
cluster_acc =

    0.9600

mean acc so far: 0.946087
Elapsed time is 160.452773 seconds.
iteration: (47)th 


init_method =

    'spec'


sdp_method =

    'basic'

  breakyes = 1.0,  maxresidual < 1.00e-04  breakyes=1.4,  maxresidual < 1.00e-06  breakyes = 1.0,  maxresidual < 1.00e-04  breakyes=1.0,  maxresidual < 1.00e-06  breakyes = 1.0,  maxresidual < 1.00e-04  breakyes=1.0,  maxresidual < 1.00e-06  breakyes = 1.0,  maxresidual < 1.00e-04  breakyes=1.0,  maxresidual < 1.00e-06  breakyes = 1.0,  maxresidual < 1.00e-04  breakyes=1.0,  maxresidual < 1.00e-06  breakyes = 1.0,  maxresidual < 1.00e-04  breakyes=1.0,  maxresidual < 1.00e-06  breakyes = 1.0,  maxresidual < 1.00e-04  breakyes=1.0,  maxresidual < 1.00e-06  breakyes = 1.0,  maxresidual < 1.00e-04  breakyes=1.0,  maxresidual < 1.00e-06  breakyes = 1.0,  maxresidual < 1.00e-04  breakyes=1.0,  maxresidual < 1.00e-06  breakyes = 1.0,  maxresidual < 1.00e-04  breakyes=1.0,  maxresidual < 1.00e-06
cluster_acc =

    0.9550

mean acc so far: 0.946277
Elapsed time is 59.944143 seconds.
iteration: (48)th 


init_method =

    'spec'


sdp_method =

    'basic'

  breakyes = 1.0,  maxresidual < 1.00e-04  breakyes=1.0,  maxresidual < 1.00e-06  breakyes = 1.0,  maxresidual < 1.00e-04  breakyes=1.0,  maxresidual < 1.00e-06  breakyes = 1.0,  maxresidual < 1.00e-04  breakyes=1.0,  maxresidual < 1.00e-06  breakyes = 1.0,  maxresidual < 1.00e-04  breakyes=1.0,  maxresidual < 1.00e-06  breakyes = 1.0,  maxresidual < 1.00e-04  breakyes=1.0,  maxresidual < 1.00e-06  breakyes = 1.0,  maxresidual < 1.00e-04  breakyes=1.0,  maxresidual < 1.00e-06  breakyes = 1.0,  maxresidual < 1.00e-04  breakyes=1.0,  maxresidual < 1.00e-06  breakyes = 1.0,  maxresidual < 1.00e-04  breakyes=1.0,  maxresidual < 1.00e-06  breakyes = 1.0,  maxresidual < 1.00e-04  breakyes=1.0,  maxresidual < 1.00e-06  breakyes = 1.0,  maxresidual < 1.00e-04  breakyes=1.0,  maxresidual < 1.00e-06
cluster_acc =

    0.9700

mean acc so far: 0.946771
Elapsed time is 55.840902 seconds.
iteration: (49)th 


init_method =

    'spec'


sdp_method =

    'basic'

  breakyes=1.3,  maxresidual < 1.00e-06  breakyes=1.3,  maxresidual < 1.00e-06  breakyes=1.3,  maxresidual < 1.00e-06  breakyes=1.3,  maxresidual < 1.00e-06  breakyes=1.3,  maxresidual < 1.00e-06  breakyes=1.3,  maxresidual < 1.00e-06  breakyes=1.3,  maxresidual < 1.00e-06  breakyes=1.3,  maxresidual < 1.00e-06  breakyes=1.3,  maxresidual < 1.00e-06  breakyes=1.3,  maxresidual < 1.00e-06
cluster_acc =

    0.9900

mean acc so far: 0.947653
Elapsed time is 73.004251 seconds.
iteration: (50)th 


init_method =

    'spec'


sdp_method =

    'basic'

  breakyes=3.2,  dualfeasorg deteriorated too much: primfeasorg=1.43e-06,dualfeasorg=3.18e-05  breakyes=1.3,  maxresidual < 1.00e-06  breakyes=1.3,  maxresidual < 1.00e-06  breakyes=1.3,  maxresidual < 1.00e-06  breakyes=1.3,  maxresidual < 1.00e-06  breakyes=1.3,  maxresidual < 1.00e-06  breakyes=1.3,  maxresidual < 1.00e-06  breakyes=1.3,  maxresidual < 1.00e-06  breakyes=1.3,  maxresidual < 1.00e-06  breakyes=1.3,  maxresidual < 1.00e-06
cluster_acc =

    0.9750

mean acc so far: 0.948200
Elapsed time is 73.869556 seconds.
iteration: (51)th 


init_method =

    'spec'


sdp_method =

    'basic'

  breakyes = 1.0,  maxresidual < 1.00e-04  breakyes=1.0,  maxresidual < 1.00e-06  breakyes = 1.0,  maxresidual < 1.00e-04
  breakyes=3.2,  dualfeasorg deteriorated too much: primfeasorg=8.52e-07,dualfeasorg=1.94e-05  breakyes = 1.0,  maxresidual < 1.00e-04
  breakyes=3.2,  dualfeasorg deteriorated too much: primfeasorg=8.52e-07,dualfeasorg=1.94e-05  breakyes = 1.0,  maxresidual < 1.00e-04
  breakyes=3.2,  dualfeasorg deteriorated too much: primfeasorg=8.52e-07,dualfeasorg=1.94e-05  breakyes = 1.0,  maxresidual < 1.00e-04
  breakyes=3.2,  dualfeasorg deteriorated too much: primfeasorg=8.52e-07,dualfeasorg=1.94e-05  breakyes = 1.0,  maxresidual < 1.00e-04
  breakyes=3.2,  dualfeasorg deteriorated too much: primfeasorg=8.52e-07,dualfeasorg=1.94e-05  breakyes = 1.0,  maxresidual < 1.00e-04
  breakyes=3.2,  dualfeasorg deteriorated too much: primfeasorg=8.52e-07,dualfeasorg=1.94e-05  breakyes = 1.0,  maxresidual < 1.00e-04
  breakyes=3.2,  dualfeasorg deteriorated too much: primfeasorg=8.52e-07,dualfeasorg=1.94e-05  breakyes = 1.0,  maxresidual < 1.00e-04
  breakyes=3.2,  dualfeasorg deteriorated too much: primfeasorg=8.52e-07,dualfeasorg=1.94e-05  breakyes = 1.0,  maxresidual < 1.00e-04
  breakyes=3.2,  dualfeasorg deteriorated too much: primfeasorg=8.52e-07,dualfeasorg=1.94e-05
cluster_acc =

    0.9900

mean acc so far: 0.949020
Elapsed time is 333.816922 seconds.
iteration: (52)th 


init_method =

    'spec'


sdp_method =

    'basic'

  breakyes = 1.0,  maxresidual < 1.00e-04  breakyes=1.3,  maxresidual < 1.00e-06  breakyes=3.1,  primfeasorg deteriorated too much: primfeasorg=4.86e-06,dualfeasorg=3.21e-06  breakyes=3.1,  primfeasorg deteriorated too much: primfeasorg=4.86e-06,dualfeasorg=3.21e-06  breakyes=3.1,  primfeasorg deteriorated too much: primfeasorg=4.86e-06,dualfeasorg=3.21e-06  breakyes=3.1,  primfeasorg deteriorated too much: primfeasorg=4.86e-06,dualfeasorg=3.21e-06  breakyes=3.1,  primfeasorg deteriorated too much: primfeasorg=4.86e-06,dualfeasorg=3.21e-06  breakyes=3.1,  primfeasorg deteriorated too much: primfeasorg=4.86e-06,dualfeasorg=3.21e-06  breakyes=3.1,  primfeasorg deteriorated too much: primfeasorg=4.86e-06,dualfeasorg=3.21e-06  breakyes=3.1,  primfeasorg deteriorated too much: primfeasorg=4.86e-06,dualfeasorg=3.21e-06  breakyes=3.1,  primfeasorg deteriorated too much: primfeasorg=4.86e-06,dualfeasorg=3.21e-06
cluster_acc =

    0.9700

mean acc so far: 0.949423
Elapsed time is 58.613816 seconds.
iteration: (53)th 


init_method =

    'spec'


sdp_method =

    'basic'

  breakyes = 1.0,  maxresidual < 1.00e-04  breakyes=1.0,  maxresidual < 1.00e-06  breakyes=1.0,  maxresidual < 1.00e-06  breakyes=1.0,  maxresidual < 1.00e-06  breakyes=1.0,  maxresidual < 1.00e-06  breakyes=1.0,  maxresidual < 1.00e-06  breakyes=1.0,  maxresidual < 1.00e-06  breakyes=1.0,  maxresidual < 1.00e-06  breakyes=1.0,  maxresidual < 1.00e-06  breakyes=1.0,  maxresidual < 1.00e-06  breakyes=1.0,  maxresidual < 1.00e-06
cluster_acc =

    0.9750

mean acc so far: 0.949906
Elapsed time is 53.582445 seconds.
iteration: (54)th 


init_method =

    'spec'


sdp_method =

    'basic'

  breakyes=1.4,  maxresidual < 1.00e-06  breakyes = 1.0,  maxresidual < 1.00e-04  breakyes=1.3,  maxresidual < 1.00e-06  breakyes = 1.0,  maxresidual < 1.00e-04  breakyes=1.3,  maxresidual < 1.00e-06  breakyes = 1.0,  maxresidual < 1.00e-04  breakyes=1.3,  maxresidual < 1.00e-06  breakyes = 1.0,  maxresidual < 1.00e-04  breakyes=1.3,  maxresidual < 1.00e-06  breakyes = 1.0,  maxresidual < 1.00e-04  breakyes=1.3,  maxresidual < 1.00e-06  breakyes = 1.0,  maxresidual < 1.00e-04  breakyes=1.3,  maxresidual < 1.00e-06  breakyes = 1.0,  maxresidual < 1.00e-04  breakyes=1.3,  maxresidual < 1.00e-06  breakyes = 1.0,  maxresidual < 1.00e-04  breakyes=1.3,  maxresidual < 1.00e-06  breakyes = 1.0,  maxresidual < 1.00e-04  breakyes=1.3,  maxresidual < 1.00e-06
cluster_acc =

    0.9750

mean acc so far: 0.950370
Elapsed time is 81.048269 seconds.
iteration: (55)th 


init_method =

    'spec'


sdp_method =

    'basic'

  breakyes = 1.0,  maxresidual < 1.00e-04  breakyes=1.4,  maxresidual < 1.00e-06  breakyes = 1.0,  maxresidual < 1.00e-04  breakyes=1.4,  maxresidual < 1.00e-06  breakyes = 1.0,  maxresidual < 1.00e-04  breakyes=1.4,  maxresidual < 1.00e-06  breakyes = 1.0,  maxresidual < 1.00e-04  breakyes=1.4,  maxresidual < 1.00e-06  breakyes = 1.0,  maxresidual < 1.00e-04  breakyes=1.4,  maxresidual < 1.00e-06  breakyes = 1.0,  maxresidual < 1.00e-04  breakyes=1.4,  maxresidual < 1.00e-06  breakyes = 1.0,  maxresidual < 1.00e-04  breakyes=1.4,  maxresidual < 1.00e-06  breakyes = 1.0,  maxresidual < 1.00e-04  breakyes=1.4,  maxresidual < 1.00e-06  breakyes = 1.0,  maxresidual < 1.00e-04  breakyes=1.4,  maxresidual < 1.00e-06  breakyes = 1.0,  maxresidual < 1.00e-04  breakyes=1.4,  maxresidual < 1.00e-06
cluster_acc =

    0.9800

mean acc so far: 0.950909
Elapsed time is 74.634688 seconds.
iteration: (56)th 


init_method =

    'spec'


sdp_method =

    'basic'

  breakyes = 1.0,  maxresidual < 1.00e-04  breakyes=1.4,  maxresidual < 1.00e-06  breakyes=1.4,  maxresidual < 1.00e-06  breakyes=1.3,  maxresidual < 1.00e-06  breakyes=1.3,  maxresidual < 1.00e-06  breakyes=1.3,  maxresidual < 1.00e-06  breakyes=1.3,  maxresidual < 1.00e-06  breakyes=1.3,  maxresidual < 1.00e-06  breakyes=1.3,  maxresidual < 1.00e-06  breakyes=1.3,  maxresidual < 1.00e-06  breakyes=1.3,  maxresidual < 1.00e-06
cluster_acc =

    0.9800

mean acc so far: 0.951429
Elapsed time is 78.482768 seconds.
iteration: (57)th 


init_method =

    'spec'


sdp_method =

    'basic'

  breakyes=1.0,  maxresidual < 1.00e-06  breakyes=1.0,  maxresidual < 1.00e-06  breakyes=1.0,  maxresidual < 1.00e-06  breakyes=1.0,  maxresidual < 1.00e-06  breakyes=1.0,  maxresidual < 1.00e-06  breakyes=1.0,  maxresidual < 1.00e-06  breakyes=1.0,  maxresidual < 1.00e-06  breakyes=1.0,  maxresidual < 1.00e-06  breakyes=1.0,  maxresidual < 1.00e-06  breakyes=1.0,  maxresidual < 1.00e-06
cluster_acc =

    0.9700

mean acc so far: 0.951754
Elapsed time is 33.144713 seconds.
iteration: (58)th 


init_method =

    'spec'


sdp_method =

    'basic'

  breakyes=1.0,  maxresidual < 1.00e-06  breakyes=1.3,  maxresidual < 1.00e-06  breakyes=1.3,  maxresidual < 1.00e-06  breakyes=1.3,  maxresidual < 1.00e-06  breakyes=1.3,  maxresidual < 1.00e-06  breakyes=1.3,  maxresidual < 1.00e-06  breakyes=1.3,  maxresidual < 1.00e-06  breakyes=1.3,  maxresidual < 1.00e-06  breakyes=1.3,  maxresidual < 1.00e-06  breakyes=1.3,  maxresidual < 1.00e-06
cluster_acc =

    0.9800

mean acc so far: 0.952241
Elapsed time is 119.206704 seconds.
iteration: (59)th 


init_method =

    'spec'


sdp_method =

    'basic'

  breakyes=1.4,  maxresidual < 1.00e-06  breakyes = 1.0,  maxresidual < 1.00e-04  breakyes=1.4,  maxresidual < 1.00e-06  breakyes = 1.0,  maxresidual < 1.00e-04  breakyes=1.4,  maxresidual < 1.00e-06  breakyes = 1.0,  maxresidual < 1.00e-04  breakyes=1.4,  maxresidual < 1.00e-06  breakyes = 1.0,  maxresidual < 1.00e-04  breakyes=1.4,  maxresidual < 1.00e-06  breakyes = 1.0,  maxresidual < 1.00e-04  breakyes=1.4,  maxresidual < 1.00e-06  breakyes = 1.0,  maxresidual < 1.00e-04  breakyes=1.4,  maxresidual < 1.00e-06  breakyes = 1.0,  maxresidual < 1.00e-04  breakyes=1.4,  maxresidual < 1.00e-06  breakyes = 1.0,  maxresidual < 1.00e-04  breakyes=1.4,  maxresidual < 1.00e-06  breakyes = 1.0,  maxresidual < 1.00e-04  breakyes=1.4,  maxresidual < 1.00e-06
cluster_acc =

    0.9800

mean acc so far: 0.952712
Elapsed time is 112.736094 seconds.
iteration: (60)th 


init_method =

    'spec'


sdp_method =

    'basic'

  breakyes=3.1,  primfeasorg deteriorated too much: primfeasorg=1.53e-05,dualfeasorg=4.01e-06  breakyes=1.0,  maxresidual < 1.00e-06  breakyes=1.0,  maxresidual < 1.00e-06  breakyes=1.0,  maxresidual < 1.00e-06  breakyes=1.0,  maxresidual < 1.00e-06  breakyes=1.0,  maxresidual < 1.00e-06  breakyes=1.0,  maxresidual < 1.00e-06  breakyes=1.0,  maxresidual < 1.00e-06  breakyes=1.0,  maxresidual < 1.00e-06  breakyes=1.0,  maxresidual < 1.00e-06
cluster_acc =

    0.9800

mean acc so far: 0.953167
Elapsed time is 30.635427 seconds.
iteration: (61)th 


init_method =

    'spec'


sdp_method =

    'basic'

  breakyes=1.4,  maxresidual < 1.00e-06  breakyes=1.3,  maxresidual < 1.00e-06  breakyes=1.3,  maxresidual < 1.00e-06  breakyes=1.3,  maxresidual < 1.00e-06  breakyes=1.3,  maxresidual < 1.00e-06  breakyes=1.3,  maxresidual < 1.00e-06  breakyes=1.3,  maxresidual < 1.00e-06  breakyes=1.3,  maxresidual < 1.00e-06  breakyes=1.3,  maxresidual < 1.00e-06  breakyes=1.3,  maxresidual < 1.00e-06
cluster_acc =

    0.9800

mean acc so far: 0.953607
Elapsed time is 160.614668 seconds.
iteration: (62)th 


init_method =

    'spec'


sdp_method =

    'basic'

  breakyes = 1.0,  maxresidual < 1.00e-04  breakyes=3.2,  dualfeasorg deteriorated too much: primfeasorg=1.33e-06,dualfeasorg=3.43e-05  breakyes=1.4,  maxresidual < 1.00e-06  breakyes=1.4,  maxresidual < 1.00e-06  breakyes=1.4,  maxresidual < 1.00e-06  breakyes=1.4,  maxresidual < 1.00e-06  breakyes=1.4,  maxresidual < 1.00e-06  breakyes=1.4,  maxresidual < 1.00e-06  breakyes=1.4,  maxresidual < 1.00e-06  breakyes=1.4,  maxresidual < 1.00e-06  breakyes=1.4,  maxresidual < 1.00e-06
cluster_acc =

    0.9700

mean acc so far: 0.953871
Elapsed time is 124.898910 seconds.
iteration: (63)th 


init_method =

    'spec'


sdp_method =

    'basic'

  breakyes=1.0,  maxresidual < 1.00e-06  breakyes=1.4,  maxresidual < 1.00e-06  breakyes=1.4,  maxresidual < 1.00e-06  breakyes=1.4,  maxresidual < 1.00e-06  breakyes=1.4,  maxresidual < 1.00e-06  breakyes=1.4,  maxresidual < 1.00e-06  breakyes=1.4,  maxresidual < 1.00e-06  breakyes=1.4,  maxresidual < 1.00e-06  breakyes=1.4,  maxresidual < 1.00e-06  breakyes=1.4,  maxresidual < 1.00e-06
cluster_acc =

    0.9500

mean acc so far: 0.953810
Elapsed time is 82.551310 seconds.
iteration: (64)th 


init_method =

    'spec'


sdp_method =

    'basic'

  breakyes = 1.0,  maxresidual < 1.00e-04  breakyes=1.0,  maxresidual < 1.00e-06  breakyes = 1.0,  maxresidual < 1.00e-04  breakyes=1.4,  maxresidual < 1.00e-06  breakyes = 1.0,  maxresidual < 1.00e-04  breakyes=1.4,  maxresidual < 1.00e-06  breakyes = 1.0,  maxresidual < 1.00e-04  breakyes=1.4,  maxresidual < 1.00e-06  breakyes = 1.0,  maxresidual < 1.00e-04  breakyes=1.4,  maxresidual < 1.00e-06  breakyes = 1.0,  maxresidual < 1.00e-04  breakyes=1.4,  maxresidual < 1.00e-06  breakyes = 1.0,  maxresidual < 1.00e-04  breakyes=1.4,  maxresidual < 1.00e-06  breakyes = 1.0,  maxresidual < 1.00e-04  breakyes=1.4,  maxresidual < 1.00e-06  breakyes = 1.0,  maxresidual < 1.00e-04  breakyes=1.4,  maxresidual < 1.00e-06  breakyes = 1.0,  maxresidual < 1.00e-04  breakyes=1.4,  maxresidual < 1.00e-06
cluster_acc =

    0.9600

mean acc so far: 0.953906
Elapsed time is 67.493497 seconds.
iteration: (65)th 


init_method =

    'spec'


sdp_method =

    'basic'

  breakyes=1.4,  maxresidual < 1.00e-06  breakyes=3.2,  dualfeasorg deteriorated too much: primfeasorg=1.01e-06,dualfeasorg=1.94e-05  breakyes=3.2,  dualfeasorg deteriorated too much: primfeasorg=1.01e-06,dualfeasorg=1.94e-05  breakyes=3.2,  dualfeasorg deteriorated too much: primfeasorg=1.01e-06,dualfeasorg=1.94e-05  breakyes=3.2,  dualfeasorg deteriorated too much: primfeasorg=1.01e-06,dualfeasorg=1.94e-05  breakyes=3.2,  dualfeasorg deteriorated too much: primfeasorg=1.01e-06,dualfeasorg=1.94e-05  breakyes=3.2,  dualfeasorg deteriorated too much: primfeasorg=1.01e-06,dualfeasorg=1.94e-05  breakyes=3.2,  dualfeasorg deteriorated too much: primfeasorg=1.01e-06,dualfeasorg=1.94e-05  breakyes=3.2,  dualfeasorg deteriorated too much: primfeasorg=1.01e-06,dualfeasorg=1.94e-05  breakyes=3.2,  dualfeasorg deteriorated too much: primfeasorg=1.01e-06,dualfeasorg=1.94e-05
cluster_acc =

    0.9650

mean acc so far: 0.954077
Elapsed time is 55.769833 seconds.
iteration: (66)th 


init_method =

    'spec'


sdp_method =

    'basic'

  breakyes=1.4,  maxresidual < 1.00e-06  breakyes=1.4,  maxresidual < 1.00e-06  breakyes=1.4,  maxresidual < 1.00e-06  breakyes=1.4,  maxresidual < 1.00e-06  breakyes=1.4,  maxresidual < 1.00e-06  breakyes=1.4,  maxresidual < 1.00e-06  breakyes=1.4,  maxresidual < 1.00e-06  breakyes=1.4,  maxresidual < 1.00e-06  breakyes=1.4,  maxresidual < 1.00e-06  breakyes=1.4,  maxresidual < 1.00e-06
cluster_acc =

    0.5400

mean acc so far: 0.947803
Elapsed time is 123.983232 seconds.
iteration: (67)th 


init_method =

    'spec'


sdp_method =

    'basic'

  breakyes = 1.0,  maxresidual < 1.00e-04  breakyes=1.4,  maxresidual < 1.00e-06  breakyes=1.4,  maxresidual < 1.00e-06  breakyes=1.4,  maxresidual < 1.00e-06  breakyes=1.4,  maxresidual < 1.00e-06  breakyes=1.4,  maxresidual < 1.00e-06  breakyes=1.4,  maxresidual < 1.00e-06  breakyes=1.4,  maxresidual < 1.00e-06  breakyes=1.4,  maxresidual < 1.00e-06  breakyes=1.4,  maxresidual < 1.00e-06  breakyes=1.4,  maxresidual < 1.00e-06
cluster_acc =

    0.9800

mean acc so far: 0.948284
Elapsed time is 62.067360 seconds.
iteration: (68)th 


init_method =

    'spec'


sdp_method =

    'basic'

  breakyes = 1.0,  maxresidual < 1.00e-04  breakyes=1.4,  maxresidual < 1.00e-06  breakyes = 1.0,  maxresidual < 1.00e-04  breakyes=1.4,  maxresidual < 1.00e-06  breakyes = 1.0,  maxresidual < 1.00e-04  breakyes=1.4,  maxresidual < 1.00e-06  breakyes = 1.0,  maxresidual < 1.00e-04  breakyes=1.4,  maxresidual < 1.00e-06  breakyes = 1.0,  maxresidual < 1.00e-04  breakyes=1.4,  maxresidual < 1.00e-06  breakyes = 1.0,  maxresidual < 1.00e-04  breakyes=1.4,  maxresidual < 1.00e-06  breakyes = 1.0,  maxresidual < 1.00e-04  breakyes=1.4,  maxresidual < 1.00e-06  breakyes = 1.0,  maxresidual < 1.00e-04  breakyes=1.4,  maxresidual < 1.00e-06  breakyes = 1.0,  maxresidual < 1.00e-04  breakyes=1.4,  maxresidual < 1.00e-06  breakyes = 1.0,  maxresidual < 1.00e-04  breakyes=1.4,  maxresidual < 1.00e-06
cluster_acc =

    0.9850

mean acc so far: 0.948824
Elapsed time is 96.380614 seconds.
iteration: (69)th 


init_method =

    'spec'


sdp_method =

    'basic'

  breakyes = 1.0,  maxresidual < 1.00e-04  breakyes=3.2,  dualfeasorg deteriorated too much: primfeasorg=4.37e-06,dualfeasorg=2.47e-05  breakyes=1.0,  maxresidual < 1.00e-06  breakyes=1.0,  maxresidual < 1.00e-06  breakyes=1.0,  maxresidual < 1.00e-06  breakyes=1.0,  maxresidual < 1.00e-06  breakyes=1.0,  maxresidual < 1.00e-06  breakyes=1.0,  maxresidual < 1.00e-06  breakyes=1.0,  maxresidual < 1.00e-06  breakyes=1.0,  maxresidual < 1.00e-06  breakyes=1.0,  maxresidual < 1.00e-06
cluster_acc =

    0.9750

mean acc so far: 0.949203
Elapsed time is 25.945108 seconds.
iteration: (70)th 


init_method =

    'spec'


sdp_method =

    'basic'

  breakyes=1.4,  maxresidual < 1.00e-06  breakyes=1.0,  maxresidual < 1.00e-06  breakyes=1.0,  maxresidual < 1.00e-06  breakyes=1.0,  maxresidual < 1.00e-06  breakyes=1.0,  maxresidual < 1.00e-06  breakyes=1.0,  maxresidual < 1.00e-06  breakyes=1.0,  maxresidual < 1.00e-06  breakyes=1.0,  maxresidual < 1.00e-06  breakyes=1.0,  maxresidual < 1.00e-06  breakyes=1.0,  maxresidual < 1.00e-06
cluster_acc =

    0.9750

mean acc so far: 0.949571
Elapsed time is 121.787524 seconds.
iteration: (71)th 


init_method =

    'spec'


sdp_method =

    'basic'

  breakyes=3.2,  dualfeasorg deteriorated too much: primfeasorg=1.49e-06,dualfeasorg=1.40e-05  breakyes=1.4,  maxresidual < 1.00e-06  breakyes=1.4,  maxresidual < 1.00e-06  breakyes=1.4,  maxresidual < 1.00e-06  breakyes=1.4,  maxresidual < 1.00e-06  breakyes=1.4,  maxresidual < 1.00e-06  breakyes=1.4,  maxresidual < 1.00e-06  breakyes=1.4,  maxresidual < 1.00e-06  breakyes=1.4,  maxresidual < 1.00e-06  breakyes=1.4,  maxresidual < 1.00e-06
cluster_acc =

    0.9750

mean acc so far: 0.949930
Elapsed time is 71.331374 seconds.
iteration: (72)th 


init_method =

    'spec'


sdp_method =

    'basic'

  breakyes = 1.0,  maxresidual < 1.00e-04  breakyes=3.2,  dualfeasorg deteriorated too much: primfeasorg=1.83e-06,dualfeasorg=9.23e-05  breakyes=2.0,  primfeasorg*dualfeasorg < 1.00e-14  breakyes=2.0,  primfeasorg*dualfeasorg < 1.00e-14  breakyes=2.0,  primfeasorg*dualfeasorg < 1.00e-14  breakyes=2.0,  primfeasorg*dualfeasorg < 1.00e-14  breakyes=2.0,  primfeasorg*dualfeasorg < 1.00e-14  breakyes=2.0,  primfeasorg*dualfeasorg < 1.00e-14  breakyes=2.0,  primfeasorg*dualfeasorg < 1.00e-14  breakyes=2.0,  primfeasorg*dualfeasorg < 1.00e-14  breakyes=2.0,  primfeasorg*dualfeasorg < 1.00e-14
cluster_acc =

    0.9750

mean acc so far: 0.950278
Elapsed time is 83.889679 seconds.
iteration: (73)th 


init_method =

    'spec'


sdp_method =

    'basic'

  breakyes=1.0,  maxresidual < 1.00e-06  breakyes=1.0,  maxresidual < 1.00e-06  breakyes=1.0,  maxresidual < 1.00e-06  breakyes=1.0,  maxresidual < 1.00e-06  breakyes=1.0,  maxresidual < 1.00e-06  breakyes=1.0,  maxresidual < 1.00e-06  breakyes=1.0,  maxresidual < 1.00e-06  breakyes=1.0,  maxresidual < 1.00e-06  breakyes=1.0,  maxresidual < 1.00e-06  breakyes=1.0,  maxresidual < 1.00e-06
cluster_acc =

    0.9700

mean acc so far: 0.950548
Elapsed time is 52.768212 seconds.
iteration: (74)th 


init_method =

    'spec'


sdp_method =

    'basic'

  breakyes=1.4,  maxresidual < 1.00e-06  breakyes=1.0,  maxresidual < 1.00e-06  breakyes=1.0,  maxresidual < 1.00e-06  breakyes=1.0,  maxresidual < 1.00e-06  breakyes=1.0,  maxresidual < 1.00e-06  breakyes=1.0,  maxresidual < 1.00e-06  breakyes=1.0,  maxresidual < 1.00e-06  breakyes=1.0,  maxresidual < 1.00e-06  breakyes=1.0,  maxresidual < 1.00e-06  breakyes=1.0,  maxresidual < 1.00e-06
cluster_acc =

    0.9750

mean acc so far: 0.950878
Elapsed time is 40.966684 seconds.
iteration: (75)th 


init_method =

    'spec'


sdp_method =

    'basic'

  breakyes = 1.0,  maxresidual < 1.00e-04  breakyes=1.0,  maxresidual < 1.00e-06  breakyes = 1.0,  maxresidual < 1.00e-04  breakyes=1.4,  maxresidual < 1.00e-06  breakyes = 1.0,  maxresidual < 1.00e-04  breakyes=1.1,  maxresidual < 1.00e-06  breakyes = 1.0,  maxresidual < 1.00e-04  breakyes=1.1,  maxresidual < 1.00e-06  breakyes = 1.0,  maxresidual < 1.00e-04  breakyes=1.1,  maxresidual < 1.00e-06  breakyes = 1.0,  maxresidual < 1.00e-04  breakyes=1.1,  maxresidual < 1.00e-06  breakyes = 1.0,  maxresidual < 1.00e-04  breakyes=1.1,  maxresidual < 1.00e-06  breakyes = 1.0,  maxresidual < 1.00e-04  breakyes=1.1,  maxresidual < 1.00e-06  breakyes = 1.0,  maxresidual < 1.00e-04  breakyes=1.1,  maxresidual < 1.00e-06  breakyes = 1.0,  maxresidual < 1.00e-04  breakyes=1.1,  maxresidual < 1.00e-06
cluster_acc =

    0.9650

mean acc so far: 0.951067
Elapsed time is 80.406275 seconds.
iteration: (76)th 


init_method =

    'spec'


sdp_method =

    'basic'

  breakyes = 1.0,  maxresidual < 1.00e-04  breakyes=1.0,  maxresidual < 1.00e-06  breakyes=1.4,  maxresidual < 1.00e-06  breakyes=1.4,  maxresidual < 1.00e-06  breakyes=1.4,  maxresidual < 1.00e-06  breakyes=1.4,  maxresidual < 1.00e-06  breakyes=1.4,  maxresidual < 1.00e-06  breakyes=1.4,  maxresidual < 1.00e-06  breakyes=1.4,  maxresidual < 1.00e-06  breakyes=1.4,  maxresidual < 1.00e-06  breakyes=1.4,  maxresidual < 1.00e-06
cluster_acc =

    0.9650

mean acc so far: 0.951250
Elapsed time is 63.135778 seconds.
iteration: (77)th 


init_method =

    'spec'


sdp_method =

    'basic'

  breakyes=1.3,  maxresidual < 1.00e-06  breakyes = 1.0,  maxresidual < 1.00e-04  breakyes=3.2,  dualfeasorg deteriorated too much: primfeasorg=2.01e-06,dualfeasorg=2.37e-05  breakyes=1.4,  maxresidual < 1.00e-06  breakyes=1.4,  maxresidual < 1.00e-06  breakyes=1.4,  maxresidual < 1.00e-06  breakyes=1.4,  maxresidual < 1.00e-06  breakyes=1.4,  maxresidual < 1.00e-06  breakyes=1.4,  maxresidual < 1.00e-06  breakyes=1.4,  maxresidual < 1.00e-06  breakyes=1.4,  maxresidual < 1.00e-06
cluster_acc =

    0.9900

mean acc so far: 0.951753
Elapsed time is 69.884015 seconds.
iteration: (78)th 


init_method =

    'spec'


sdp_method =

    'basic'

  breakyes=3.2,  dualfeasorg deteriorated too much: primfeasorg=2.81e-06,dualfeasorg=1.64e-05  breakyes=3.2,  dualfeasorg deteriorated too much: primfeasorg=2.81e-06,dualfeasorg=1.64e-05  breakyes=3.2,  dualfeasorg deteriorated too much: primfeasorg=2.81e-06,dualfeasorg=1.64e-05  breakyes=3.2,  dualfeasorg deteriorated too much: primfeasorg=2.81e-06,dualfeasorg=1.64e-05  breakyes=3.2,  dualfeasorg deteriorated too much: primfeasorg=2.81e-06,dualfeasorg=1.64e-05  breakyes=3.2,  dualfeasorg deteriorated too much: primfeasorg=2.81e-06,dualfeasorg=1.64e-05  breakyes=3.2,  dualfeasorg deteriorated too much: primfeasorg=2.81e-06,dualfeasorg=1.64e-05  breakyes=3.2,  dualfeasorg deteriorated too much: primfeasorg=2.81e-06,dualfeasorg=1.64e-05  breakyes=3.2,  dualfeasorg deteriorated too much: primfeasorg=2.81e-06,dualfeasorg=1.64e-05  breakyes=3.2,  dualfeasorg deteriorated too much: primfeasorg=2.81e-06,dualfeasorg=1.64e-05
cluster_acc =

    0.9650

mean acc so far: 0.951923
Elapsed time is 37.827897 seconds.
iteration: (79)th 


init_method =

    'spec'


sdp_method =

    'basic'

  breakyes=1.4,  maxresidual < 1.00e-06  breakyes=1.0,  maxresidual < 1.00e-06  breakyes=1.0,  maxresidual < 1.00e-06  breakyes=1.0,  maxresidual < 1.00e-06  breakyes=1.0,  maxresidual < 1.00e-06  breakyes=1.0,  maxresidual < 1.00e-06  breakyes=1.0,  maxresidual < 1.00e-06  breakyes=1.0,  maxresidual < 1.00e-06  breakyes=1.0,  maxresidual < 1.00e-06  breakyes=1.0,  maxresidual < 1.00e-06
cluster_acc =

    0.9800

mean acc so far: 0.952278
Elapsed time is 46.343779 seconds.
iteration: (80)th 


init_method =

    'spec'


sdp_method =

    'basic'

  breakyes=1.4,  maxresidual < 1.00e-06  breakyes=1.4,  maxresidual < 1.00e-06  breakyes=1.4,  maxresidual < 1.00e-06  breakyes=1.4,  maxresidual < 1.00e-06  breakyes=1.4,  maxresidual < 1.00e-06  breakyes=1.4,  maxresidual < 1.00e-06  breakyes=1.4,  maxresidual < 1.00e-06  breakyes=1.4,  maxresidual < 1.00e-06  breakyes=1.4,  maxresidual < 1.00e-06  breakyes=1.4,  maxresidual < 1.00e-06
cluster_acc =

    0.9750

mean acc so far: 0.952563
Elapsed time is 71.561693 seconds.
iteration: (81)th 


init_method =

    'spec'


sdp_method =

    'basic'

  breakyes=1.4,  maxresidual < 1.00e-06  breakyes=1.4,  maxresidual < 1.00e-06  breakyes=1.4,  maxresidual < 1.00e-06  breakyes=1.4,  maxresidual < 1.00e-06  breakyes=1.4,  maxresidual < 1.00e-06  breakyes=1.4,  maxresidual < 1.00e-06  breakyes=1.4,  maxresidual < 1.00e-06  breakyes=1.4,  maxresidual < 1.00e-06  breakyes=1.4,  maxresidual < 1.00e-06  breakyes=1.4,  maxresidual < 1.00e-06
cluster_acc =

    0.9850

mean acc so far: 0.952963
Elapsed time is 60.557188 seconds.
iteration: (82)th 


init_method =

    'spec'


sdp_method =

    'basic'

  breakyes=1.4,  maxresidual < 1.00e-06  breakyes=3.2,  dualfeasorg deteriorated too much: primfeasorg=5.96e-07,dualfeasorg=3.13e-05  breakyes=3.2,  dualfeasorg deteriorated too much: primfeasorg=5.96e-07,dualfeasorg=3.13e-05  breakyes=3.2,  dualfeasorg deteriorated too much: primfeasorg=5.96e-07,dualfeasorg=3.13e-05  breakyes=3.2,  dualfeasorg deteriorated too much: primfeasorg=5.96e-07,dualfeasorg=3.13e-05  breakyes=3.2,  dualfeasorg deteriorated too much: primfeasorg=5.96e-07,dualfeasorg=3.13e-05  breakyes=3.2,  dualfeasorg deteriorated too much: primfeasorg=5.96e-07,dualfeasorg=3.13e-05  breakyes=3.2,  dualfeasorg deteriorated too much: primfeasorg=5.96e-07,dualfeasorg=3.13e-05  breakyes=3.2,  dualfeasorg deteriorated too much: primfeasorg=5.96e-07,dualfeasorg=3.13e-05  breakyes=3.2,  dualfeasorg deteriorated too much: primfeasorg=5.96e-07,dualfeasorg=3.13e-05
cluster_acc =

    0.5200

mean acc so far: 0.947683
Elapsed time is 127.118232 seconds.
iteration: (83)th 


init_method =

    'spec'


sdp_method =

    'basic'

  breakyes = 1.0,  maxresidual < 1.00e-04  breakyes=1.4,  maxresidual < 1.00e-06  breakyes=3.2,  dualfeasorg deteriorated too much: primfeasorg=1.29e-06,dualfeasorg=3.89e-05  breakyes=3.2,  dualfeasorg deteriorated too much: primfeasorg=1.29e-06,dualfeasorg=3.89e-05  breakyes=3.2,  dualfeasorg deteriorated too much: primfeasorg=1.29e-06,dualfeasorg=3.89e-05  breakyes=3.2,  dualfeasorg deteriorated too much: primfeasorg=1.29e-06,dualfeasorg=3.89e-05  breakyes=3.2,  dualfeasorg deteriorated too much: primfeasorg=1.29e-06,dualfeasorg=3.89e-05  breakyes=3.2,  dualfeasorg deteriorated too much: primfeasorg=1.29e-06,dualfeasorg=3.89e-05  breakyes=3.2,  dualfeasorg deteriorated too much: primfeasorg=1.29e-06,dualfeasorg=3.89e-05  breakyes=3.2,  dualfeasorg deteriorated too much: primfeasorg=1.29e-06,dualfeasorg=3.89e-05  breakyes=3.2,  dualfeasorg deteriorated too much: primfeasorg=1.29e-06,dualfeasorg=3.89e-05
cluster_acc =

    0.9850

mean acc so far: 0.948133
Elapsed time is 56.025623 seconds.
iteration: (84)th 


init_method =

    'spec'


sdp_method =

    'basic'

  breakyes=2.0,  primfeasorg*dualfeasorg < 1.00e-14  breakyes=3.2,  dualfeasorg deteriorated too much: primfeasorg=1.83e-06,dualfeasorg=6.39e-05  breakyes=3.2,  dualfeasorg deteriorated too much: primfeasorg=1.28e-06,dualfeasorg=4.10e-05  breakyes=3.2,  dualfeasorg deteriorated too much: primfeasorg=1.28e-06,dualfeasorg=4.10e-05  breakyes=3.2,  dualfeasorg deteriorated too much: primfeasorg=1.28e-06,dualfeasorg=4.10e-05  breakyes=3.2,  dualfeasorg deteriorated too much: primfeasorg=1.28e-06,dualfeasorg=4.10e-05  breakyes=3.2,  dualfeasorg deteriorated too much: primfeasorg=1.28e-06,dualfeasorg=4.10e-05  breakyes=3.2,  dualfeasorg deteriorated too much: primfeasorg=1.28e-06,dualfeasorg=4.10e-05  breakyes=3.2,  dualfeasorg deteriorated too much: primfeasorg=1.28e-06,dualfeasorg=4.10e-05  breakyes=3.2,  dualfeasorg deteriorated too much: primfeasorg=1.28e-06,dualfeasorg=4.10e-05
cluster_acc =

    0.5750

mean acc so far: 0.943690
Elapsed time is 108.021166 seconds.
iteration: (85)th 


init_method =

    'spec'


sdp_method =

    'basic'

  breakyes=3.2,  dualfeasorg deteriorated too much: primfeasorg=2.02e-06,dualfeasorg=3.92e-05  breakyes = 1.0,  maxresidual < 1.00e-04  breakyes=1.0,  maxresidual < 1.00e-06  breakyes = 1.0,  maxresidual < 1.00e-04  breakyes=1.0,  maxresidual < 1.00e-06  breakyes = 1.0,  maxresidual < 1.00e-04  breakyes=1.0,  maxresidual < 1.00e-06  breakyes = 1.0,  maxresidual < 1.00e-04  breakyes=1.0,  maxresidual < 1.00e-06  breakyes = 1.0,  maxresidual < 1.00e-04  breakyes=1.0,  maxresidual < 1.00e-06  breakyes = 1.0,  maxresidual < 1.00e-04  breakyes=1.0,  maxresidual < 1.00e-06  breakyes = 1.0,  maxresidual < 1.00e-04  breakyes=1.0,  maxresidual < 1.00e-06  breakyes = 1.0,  maxresidual < 1.00e-04  breakyes=1.0,  maxresidual < 1.00e-06  breakyes = 1.0,  maxresidual < 1.00e-04  breakyes=1.0,  maxresidual < 1.00e-06
cluster_acc =

    0.9700

mean acc so far: 0.944000
Elapsed time is 44.692805 seconds.
iteration: (86)th 


init_method =

    'spec'


sdp_method =

    'basic'

  breakyes = 1.0,  maxresidual < 1.00e-04  breakyes=1.4,  maxresidual < 1.00e-06  breakyes = 1.0,  maxresidual < 1.00e-04  breakyes=1.0,  maxresidual < 1.00e-06  breakyes = 1.0,  maxresidual < 1.00e-04  breakyes=1.0,  maxresidual < 1.00e-06  breakyes = 1.0,  maxresidual < 1.00e-04  breakyes=1.0,  maxresidual < 1.00e-06  breakyes = 1.0,  maxresidual < 1.00e-04  breakyes=1.0,  maxresidual < 1.00e-06  breakyes = 1.0,  maxresidual < 1.00e-04  breakyes=1.0,  maxresidual < 1.00e-06  breakyes = 1.0,  maxresidual < 1.00e-04  breakyes=1.0,  maxresidual < 1.00e-06  breakyes = 1.0,  maxresidual < 1.00e-04  breakyes=1.0,  maxresidual < 1.00e-06  breakyes = 1.0,  maxresidual < 1.00e-04  breakyes=1.0,  maxresidual < 1.00e-06  breakyes = 1.0,  maxresidual < 1.00e-04  breakyes=1.0,  maxresidual < 1.00e-06
cluster_acc =

    0.9550

mean acc so far: 0.944128
Elapsed time is 82.463702 seconds.
iteration: (87)th 


init_method =

    'spec'


sdp_method =

    'basic'

  breakyes=1.4,  maxresidual < 1.00e-06  breakyes=1.4,  maxresidual < 1.00e-06  breakyes=1.4,  maxresidual < 1.00e-06  breakyes=1.4,  maxresidual < 1.00e-06  breakyes=1.4,  maxresidual < 1.00e-06  breakyes=1.4,  maxresidual < 1.00e-06  breakyes=1.4,  maxresidual < 1.00e-06  breakyes=1.4,  maxresidual < 1.00e-06  breakyes=1.4,  maxresidual < 1.00e-06  breakyes=1.4,  maxresidual < 1.00e-06
cluster_acc =

    0.9800

mean acc so far: 0.944540
Elapsed time is 59.666352 seconds.
iteration: (88)th 


init_method =

    'spec'


sdp_method =

    'basic'

  breakyes = 1.0,  maxresidual < 1.00e-04  breakyes=1.0,  maxresidual < 1.00e-06  breakyes=1.0,  maxresidual < 1.00e-06  breakyes=1.0,  maxresidual < 1.00e-06  breakyes=1.0,  maxresidual < 1.00e-06  breakyes=1.0,  maxresidual < 1.00e-06  breakyes=1.0,  maxresidual < 1.00e-06  breakyes=1.0,  maxresidual < 1.00e-06  breakyes=1.0,  maxresidual < 1.00e-06  breakyes=1.0,  maxresidual < 1.00e-06  breakyes=1.0,  maxresidual < 1.00e-06
cluster_acc =

    0.9700

mean acc so far: 0.944830
Elapsed time is 17.857636 seconds.
iteration: (89)th 


init_method =

    'spec'


sdp_method =

    'basic'

  breakyes=1.4,  maxresidual < 1.00e-06  breakyes = 1.0,  maxresidual < 1.00e-04  breakyes=1.4,  maxresidual < 1.00e-06  breakyes = 1.0,  maxresidual < 1.00e-04  breakyes=1.4,  maxresidual < 1.00e-06  breakyes = 1.0,  maxresidual < 1.00e-04  breakyes=1.4,  maxresidual < 1.00e-06  breakyes = 1.0,  maxresidual < 1.00e-04  breakyes=1.4,  maxresidual < 1.00e-06  breakyes = 1.0,  maxresidual < 1.00e-04  breakyes=1.4,  maxresidual < 1.00e-06  breakyes = 1.0,  maxresidual < 1.00e-04  breakyes=1.4,  maxresidual < 1.00e-06  breakyes = 1.0,  maxresidual < 1.00e-04  breakyes=1.4,  maxresidual < 1.00e-06  breakyes = 1.0,  maxresidual < 1.00e-04  breakyes=1.4,  maxresidual < 1.00e-06  breakyes = 1.0,  maxresidual < 1.00e-04  breakyes=1.4,  maxresidual < 1.00e-06
cluster_acc =

    0.9800

mean acc so far: 0.945225
Elapsed time is 144.247118 seconds.
iteration: (90)th 


init_method =

    'spec'


sdp_method =

    'basic'

  breakyes=3.1,  primfeasorg deteriorated too much: primfeasorg=2.35e-05,dualfeasorg=6.03e-06  breakyes=1.3,  maxresidual < 1.00e-06  breakyes=1.3,  maxresidual < 1.00e-06  breakyes=1.3,  maxresidual < 1.00e-06  breakyes=1.3,  maxresidual < 1.00e-06  breakyes=1.3,  maxresidual < 1.00e-06  breakyes=1.3,  maxresidual < 1.00e-06  breakyes=1.3,  maxresidual < 1.00e-06  breakyes=1.3,  maxresidual < 1.00e-06  breakyes=1.3,  maxresidual < 1.00e-06
cluster_acc =

    0.9800

mean acc so far: 0.945611
Elapsed time is 59.030857 seconds.
iteration: (91)th 


init_method =

    'spec'


sdp_method =

    'basic'

  breakyes = 1.0,  maxresidual < 1.00e-04  breakyes=1.3,  maxresidual < 1.00e-06  breakyes = 1.0,  maxresidual < 1.00e-04  breakyes=1.4,  maxresidual < 1.00e-06  breakyes = 1.0,  maxresidual < 1.00e-04  breakyes=1.4,  maxresidual < 1.00e-06  breakyes = 1.0,  maxresidual < 1.00e-04  breakyes=1.4,  maxresidual < 1.00e-06  breakyes = 1.0,  maxresidual < 1.00e-04  breakyes=1.4,  maxresidual < 1.00e-06  breakyes = 1.0,  maxresidual < 1.00e-04  breakyes=1.4,  maxresidual < 1.00e-06  breakyes = 1.0,  maxresidual < 1.00e-04  breakyes=1.4,  maxresidual < 1.00e-06  breakyes = 1.0,  maxresidual < 1.00e-04  breakyes=1.4,  maxresidual < 1.00e-06  breakyes = 1.0,  maxresidual < 1.00e-04  breakyes=1.4,  maxresidual < 1.00e-06  breakyes = 1.0,  maxresidual < 1.00e-04  breakyes=1.4,  maxresidual < 1.00e-06
cluster_acc =

    0.9700

mean acc so far: 0.945879
Elapsed time is 87.541237 seconds.
iteration: (92)th 


init_method =

    'spec'


sdp_method =

    'basic'

  breakyes=1.0,  maxresidual < 1.00e-06  breakyes = 1.0,  maxresidual < 1.00e-04  breakyes=1.0,  maxresidual < 1.00e-06  breakyes = 1.0,  maxresidual < 1.00e-04  breakyes=1.0,  maxresidual < 1.00e-06  breakyes = 1.0,  maxresidual < 1.00e-04  breakyes=1.0,  maxresidual < 1.00e-06  breakyes = 1.0,  maxresidual < 1.00e-04  breakyes=1.0,  maxresidual < 1.00e-06  breakyes = 1.0,  maxresidual < 1.00e-04  breakyes=1.0,  maxresidual < 1.00e-06  breakyes = 1.0,  maxresidual < 1.00e-04  breakyes=1.0,  maxresidual < 1.00e-06  breakyes = 1.0,  maxresidual < 1.00e-04  breakyes=1.0,  maxresidual < 1.00e-06  breakyes = 1.0,  maxresidual < 1.00e-04  breakyes=1.0,  maxresidual < 1.00e-06  breakyes = 1.0,  maxresidual < 1.00e-04  breakyes=1.0,  maxresidual < 1.00e-06
cluster_acc =

    0.9850

mean acc so far: 0.946304
Elapsed time is 37.000983 seconds.
iteration: (93)th 


init_method =

    'spec'


sdp_method =

    'basic'

  breakyes = 1.0,  maxresidual < 1.00e-04  breakyes=3.2,  dualfeasorg deteriorated too much: primfeasorg=7.66e-07,dualfeasorg=1.91e-05  breakyes = 1.0,  maxresidual < 1.00e-04  breakyes=1.3,  maxresidual < 1.00e-06  breakyes = 1.0,  maxresidual < 1.00e-04  breakyes=1.3,  maxresidual < 1.00e-06  breakyes = 1.0,  maxresidual < 1.00e-04  breakyes=1.3,  maxresidual < 1.00e-06  breakyes = 1.0,  maxresidual < 1.00e-04  breakyes=1.3,  maxresidual < 1.00e-06  breakyes = 1.0,  maxresidual < 1.00e-04  breakyes=1.3,  maxresidual < 1.00e-06  breakyes = 1.0,  maxresidual < 1.00e-04  breakyes=1.3,  maxresidual < 1.00e-06  breakyes = 1.0,  maxresidual < 1.00e-04  breakyes=1.3,  maxresidual < 1.00e-06  breakyes = 1.0,  maxresidual < 1.00e-04  breakyes=1.3,  maxresidual < 1.00e-06  breakyes = 1.0,  maxresidual < 1.00e-04  breakyes=1.3,  maxresidual < 1.00e-06
cluster_acc =

    0.9850

mean acc so far: 0.946720
Elapsed time is 60.332135 seconds.
iteration: (94)th 


init_method =

    'spec'


sdp_method =

    'basic'

  breakyes = 1.0,  maxresidual < 1.00e-04  breakyes=1.3,  maxresidual < 1.00e-06  breakyes = 1.0,  maxresidual < 1.00e-04  breakyes=1.3,  maxresidual < 1.00e-06  breakyes = 1.0,  maxresidual < 1.00e-04  breakyes=1.3,  maxresidual < 1.00e-06  breakyes = 1.0,  maxresidual < 1.00e-04  breakyes=1.3,  maxresidual < 1.00e-06  breakyes = 1.0,  maxresidual < 1.00e-04  breakyes=1.3,  maxresidual < 1.00e-06  breakyes = 1.0,  maxresidual < 1.00e-04  breakyes=1.3,  maxresidual < 1.00e-06  breakyes = 1.0,  maxresidual < 1.00e-04  breakyes=1.3,  maxresidual < 1.00e-06  breakyes = 1.0,  maxresidual < 1.00e-04  breakyes=1.3,  maxresidual < 1.00e-06  breakyes = 1.0,  maxresidual < 1.00e-04  breakyes=1.3,  maxresidual < 1.00e-06  breakyes = 1.0,  maxresidual < 1.00e-04  breakyes=1.3,  maxresidual < 1.00e-06
cluster_acc =

    0.9700

mean acc so far: 0.946968
Elapsed time is 51.574076 seconds.
iteration: (95)th 


init_method =

    'spec'


sdp_method =

    'basic'

  breakyes=3.2,  dualfeasorg deteriorated too much: primfeasorg=9.39e-07,dualfeasorg=3.61e-05  breakyes = 1.0,  maxresidual < 1.00e-04  breakyes=1.3,  maxresidual < 1.00e-06  breakyes = 1.0,  maxresidual < 1.00e-04  breakyes=1.3,  maxresidual < 1.00e-06  breakyes = 1.0,  maxresidual < 1.00e-04  breakyes=1.3,  maxresidual < 1.00e-06  breakyes = 1.0,  maxresidual < 1.00e-04  breakyes=1.3,  maxresidual < 1.00e-06  breakyes = 1.0,  maxresidual < 1.00e-04  breakyes=1.3,  maxresidual < 1.00e-06  breakyes = 1.0,  maxresidual < 1.00e-04  breakyes=1.3,  maxresidual < 1.00e-06  breakyes = 1.0,  maxresidual < 1.00e-04  breakyes=1.3,  maxresidual < 1.00e-06  breakyes = 1.0,  maxresidual < 1.00e-04  breakyes=1.3,  maxresidual < 1.00e-06  breakyes = 1.0,  maxresidual < 1.00e-04  breakyes=1.3,  maxresidual < 1.00e-06
cluster_acc =

    0.5300

mean acc so far: 0.942579
Elapsed time is 76.990185 seconds.
iteration: (96)th 


init_method =

    'spec'


sdp_method =

    'basic'

  breakyes = 1.0,  maxresidual < 1.00e-04  breakyes=1.4,  maxresidual < 1.00e-06  breakyes=1.0,  maxresidual < 1.00e-06  breakyes=1.0,  maxresidual < 1.00e-06  breakyes=1.0,  maxresidual < 1.00e-06  breakyes=1.0,  maxresidual < 1.00e-06  breakyes=1.0,  maxresidual < 1.00e-06  breakyes=1.0,  maxresidual < 1.00e-06  breakyes=1.0,  maxresidual < 1.00e-06  breakyes=1.0,  maxresidual < 1.00e-06  breakyes=1.0,  maxresidual < 1.00e-06
cluster_acc =

    0.9750

mean acc so far: 0.942917
Elapsed time is 35.031676 seconds.
iteration: (97)th 


init_method =

    'spec'


sdp_method =

    'basic'

  breakyes=1.3,  maxresidual < 1.00e-06  breakyes=1.0,  maxresidual < 1.00e-06  breakyes=1.0,  maxresidual < 1.00e-06  breakyes=1.0,  maxresidual < 1.00e-06  breakyes=1.0,  maxresidual < 1.00e-06  breakyes=1.0,  maxresidual < 1.00e-06  breakyes=1.0,  maxresidual < 1.00e-06  breakyes=1.0,  maxresidual < 1.00e-06  breakyes=1.0,  maxresidual < 1.00e-06  breakyes=1.0,  maxresidual < 1.00e-06
cluster_acc =

    0.9600

mean acc so far: 0.943093
Elapsed time is 39.970999 seconds.
iteration: (98)th 


init_method =

    'spec'


sdp_method =

    'basic'

  breakyes=1.0,  maxresidual < 1.00e-06  breakyes = 1.0,  maxresidual < 1.00e-04  breakyes=1.0,  maxresidual < 1.00e-06  breakyes = 1.0,  maxresidual < 1.00e-04  breakyes=1.0,  maxresidual < 1.00e-06  breakyes = 1.0,  maxresidual < 1.00e-04  breakyes=1.0,  maxresidual < 1.00e-06  breakyes = 1.0,  maxresidual < 1.00e-04  breakyes=1.0,  maxresidual < 1.00e-06  breakyes = 1.0,  maxresidual < 1.00e-04  breakyes=1.0,  maxresidual < 1.00e-06  breakyes = 1.0,  maxresidual < 1.00e-04  breakyes=1.0,  maxresidual < 1.00e-06  breakyes = 1.0,  maxresidual < 1.00e-04  breakyes=1.0,  maxresidual < 1.00e-06  breakyes = 1.0,  maxresidual < 1.00e-04  breakyes=1.0,  maxresidual < 1.00e-06  breakyes = 1.0,  maxresidual < 1.00e-04  breakyes=1.0,  maxresidual < 1.00e-06
cluster_acc =

    0.9950

mean acc so far: 0.943622
Elapsed time is 43.769115 seconds.
iteration: (99)th 


init_method =

    'spec'


sdp_method =

    'basic'

  breakyes=1.3,  maxresidual < 1.00e-06  breakyes=1.0,  maxresidual < 1.00e-06  breakyes=3.2,  dualfeasorg deteriorated too much: primfeasorg=1.59e-06,dualfeasorg=2.05e-05  breakyes=3.2,  dualfeasorg deteriorated too much: primfeasorg=1.59e-06,dualfeasorg=2.05e-05  breakyes=3.2,  dualfeasorg deteriorated too much: primfeasorg=1.59e-06,dualfeasorg=2.05e-05  breakyes=3.2,  dualfeasorg deteriorated too much: primfeasorg=1.59e-06,dualfeasorg=2.05e-05  breakyes=3.2,  dualfeasorg deteriorated too much: primfeasorg=1.59e-06,dualfeasorg=2.05e-05  breakyes=3.2,  dualfeasorg deteriorated too much: primfeasorg=1.59e-06,dualfeasorg=2.05e-05  breakyes=3.2,  dualfeasorg deteriorated too much: primfeasorg=1.59e-06,dualfeasorg=2.05e-05  breakyes=3.2,  dualfeasorg deteriorated too much: primfeasorg=1.59e-06,dualfeasorg=2.05e-05
cluster_acc =

    0.9800

mean acc so far: 0.943990
Elapsed time is 96.758941 seconds.
iteration: (100)th 


init_method =

    'spec'


sdp_method =

    'basic'

  breakyes=1.4,  maxresidual < 1.00e-06  breakyes=1.0,  maxresidual < 1.00e-06  breakyes=1.0,  maxresidual < 1.00e-06  breakyes=1.0,  maxresidual < 1.00e-06  breakyes=1.0,  maxresidual < 1.00e-06  breakyes=1.0,  maxresidual < 1.00e-06  breakyes=1.0,  maxresidual < 1.00e-06  breakyes=1.0,  maxresidual < 1.00e-06  breakyes=1.0,  maxresidual < 1.00e-06  breakyes=1.0,  maxresidual < 1.00e-06
cluster_acc =

    0.9750

mean acc so far: 0.944300
Elapsed time is 37.042204 seconds.
