==========================================
SLURM_JOB_ID = 20608530
SLURM_JOB_NODELIST = a03-14
TMPDIR = /tmp/SLURM_20608530
==========================================
hello
Starting parallel pool (parpool) ...
Connected to the parallel pool (number of workers: 15).

pool = 

 ProcessPool with properties: 

            Connected: true
           NumWorkers: 15
                 Busy: false
              Cluster: Local
        AttachedFiles: {}
    AutoAddClientPath: true
            FileStore: [1x1 parallel.FileStore]
           ValueStore: [1x1 parallel.ValueStore]
          IdleTimeout: 30 minutes (30 minutes remaining)
          SpmdEnabled: true


p =

   100


Delta =

     3


s =

    10


n =

   500


table_name =

    'sparse_kmeans_isee_clean'


rho =

    0.2000


M =

    0.5506

delta confirmed: 3.000000
ans =

    2.6055


init_method =

    'spec'


rep =

    29

replication: (29)th 


1 th thresholding

  breakyes=1.0,  maxresidual < 1.00e-06
17 entries survived 
relaxed dual: -3.217775, original: 1033.578556 

2 th thresholding

  breakyes=4.1,  primfeasorg stagnate, 0.00e+00
15 entries survived 
relaxed dual: -2.858591, original: 1033.690375 

3 th thresholding

  breakyes=3.2,  dualfeasorg deteriorated too much: primfeasorg=1.15e-06,dualfeasorg=4.39e-05
15 entries survived 
relaxed dual: -2.969518, original: 1032.940742 

4 th thresholding

  breakyes=3.2,  dualfeasorg deteriorated too much: primfeasorg=7.79e-07,dualfeasorg=4.37e-05
15 entries survived 
relaxed dual: -2.876431, original: 1036.208699 

5 th thresholding

  breakyes = 1.0,  maxresidual < 1.00e-04  breakyes=1.4,  maxresidual < 1.00e-06
15 entries survived 
relaxed dual: -2.938763, original: 1030.808408 

6 th thresholding

  breakyes=4.1,  primfeasorg stagnate, 0.00e+00
15 entries survived 
relaxed dual: -2.865288, original: 1036.231388 

7 th thresholding

  breakyes=3.2,  dualfeasorg deteriorated too much: primfeasorg=7.25e-07,dualfeasorg=3.95e-05
15 entries survived 
relaxed dual: -2.908326, original: 1030.886319 

8 th thresholding

  breakyes=3.2,  dualfeasorg deteriorated too much: primfeasorg=1.13e-06,dualfeasorg=3.62e-05
15 entries survived 
relaxed dual: -2.934470, original: 1036.231388 

ans =

  9x12 table

    rep    iter    sep    dim    rho    sparsity     acc     obj_prim    obj_dual    obj_original    discov_true    discov_false
    ___    ____    ___    ___    ___    ________    _____    ________    ________    ____________    ___________    ____________

    29      0       3     100    0.2       10       0.884          0           0             0            0              0      
    29      1       3     100    0.2       10       0.944    -3.2178     -3.2178        1033.6           10              7      
    29      2       3     100    0.2       10       0.938    -2.8586     -2.8586        1033.7           10              5      
    29      3       3     100    0.2       10        0.94    -2.9695     -2.9695        1032.9           10              5      
    29      4       3     100    0.2       10       0.942    -2.8764     -2.8764        1036.2           10              5      
    29      5       3     100    0.2       10        0.94    -2.9388     -2.9388        1030.8           10              5      
    29      6       3     100    0.2       10        0.94    -2.8653     -2.8653        1036.2           10              5      
    29      7       3     100    0.2       10       0.938    -2.9083     -2.9083        1030.9           10              5      
    29      8       3     100    0.2       10        0.94    -2.9345     -2.9345        1036.2           10              5      


rep =

    30

replication: (30)th 


1 th thresholding

  breakyes=3.2,  dualfeasorg deteriorated too much: primfeasorg=7.12e-07,dualfeasorg=4.59e-05
22 entries survived 
relaxed dual: -3.280415, original: 1006.514676 

2 th thresholding

  breakyes=1.3,  maxresidual < 1.00e-06
10 entries survived 
relaxed dual: -2.629142, original: 960.006295 

3 th thresholding

  breakyes=4.1,  primfeasorg stagnate, 0.00e+00
11 entries survived 
relaxed dual: -2.634899, original: 955.477295 

ans =

  4x12 table

    rep    iter    sep    dim    rho    sparsity     acc     obj_prim    obj_dual    obj_original    discov_true    discov_false
    ___    ____    ___    ___    ___    ________    _____    ________    ________    ____________    ___________    ____________

    30      0       3     100    0.2       10       0.836          0           0             0            0               0     
    30      1       3     100    0.2       10       0.912    -3.2804     -3.2804        1006.5           10              12     
    30      2       3     100    0.2       10       0.922    -2.6292     -2.6291        960.01           10               0     
    30      3       3     100    0.2       10       0.922    -2.6349     -2.6349        955.48           10               1     


rep =

    31

replication: (31)th 


1 th thresholding

  breakyes=3.2,  dualfeasorg deteriorated too much: primfeasorg=1.11e-06,dualfeasorg=5.67e-05
22 entries survived 
relaxed dual: -2.621668, original: 913.087549 

2 th thresholding

  breakyes=3.2,  dualfeasorg deteriorated too much: primfeasorg=1.16e-06,dualfeasorg=3.42e-05
14 entries survived 
relaxed dual: -2.733012, original: 904.783638 

3 th thresholding

  breakyes=4.1,  primfeasorg stagnate, 0.00e+00
12 entries survived 
relaxed dual: -2.385674, original: 892.076769 

4 th thresholding

  breakyes=1.4,  maxresidual < 1.00e-06
13 entries survived 
relaxed dual: -2.287828, original: 906.063887 

5 th thresholding

  breakyes=3.2,  dualfeasorg deteriorated too much: primfeasorg=1.42e-06,dualfeasorg=4.69e-05
12 entries survived 
relaxed dual: -2.319679, original: 903.376766 

6 th thresholding

  breakyes=1.4,  maxresidual < 1.00e-06
12 entries survived 
relaxed dual: -2.373165, original: 907.477781 

7 th thresholding

  breakyes=4.1,  primfeasorg stagnate, 6.68e-05
12 entries survived 
relaxed dual: -2.357704, original: 901.528994 

ans =

  8x12 table

    rep    iter    sep    dim    rho    sparsity     acc     obj_prim    obj_dual    obj_original    discov_true    discov_false
    ___    ____    ___    ___    ___    ________    _____    ________    ________    ____________    ___________    ____________

    31      0       3     100    0.2       10       0.846          0           0             0            0               0     
    31      1       3     100    0.2       10       0.886    -2.6217     -2.6217        913.09           10              12     
    31      2       3     100    0.2       10       0.912     -2.733      -2.733        904.78           10               4     
    31      3       3     100    0.2       10       0.902    -2.3857     -2.3857        892.08           10               2     
    31      4       3     100    0.2       10       0.916    -2.2878     -2.2878        906.06           10               3     
    31      5       3     100    0.2       10       0.918    -2.3197     -2.3197        903.38           10               2     
    31      6       3     100    0.2       10        0.92    -2.3732     -2.3732        907.48           10               2     
    31      7       3     100    0.2       10        0.92    -2.3577     -2.3577        901.53           10               2     


rep =

    32

replication: (32)th 


1 th thresholding

  breakyes=3.2,  dualfeasorg deteriorated too much: primfeasorg=1.14e-06,dualfeasorg=6.26e-05
25 entries survived 
relaxed dual: -2.596411, original: 864.987830 

2 th thresholding

  breakyes=4.1,  primfeasorg stagnate, 0.00e+00
14 entries survived 
relaxed dual: -2.431425, original: 861.417704 

3 th thresholding

  breakyes=4.1,  primfeasorg stagnate, 0.00e+00
14 entries survived 
relaxed dual: -2.319999, original: 844.577986 

4 th thresholding

  breakyes=3.2,  dualfeasorg deteriorated too much: primfeasorg=7.64e-07,dualfeasorg=7.61e-05
15 entries survived 
relaxed dual: -2.358047, original: 855.050562 

5 th thresholding

  breakyes=3.2,  dualfeasorg deteriorated too much: primfeasorg=2.72e-06,dualfeasorg=3.48e-04
15 entries survived 
relaxed dual: -2.277376, original: 859.969707 

6 th thresholding

  breakyes=3.2,  dualfeasorg deteriorated too much: primfeasorg=8.45e-07,dualfeasorg=5.60e-05
16 entries survived 
relaxed dual: -2.164388, original: 852.552539 

7 th thresholding

  breakyes=4.1,  primfeasorg stagnate, 0.00e+00
14 entries survived 
relaxed dual: -2.207917, original: 857.256492 

8 th thresholding

  breakyes=1.4,  maxresidual < 1.00e-06
15 entries survived 
relaxed dual: -2.136543, original: 852.514429 

9 th thresholding

  breakyes=4.1,  primfeasorg stagnate, 0.00e+00
14 entries survived 
relaxed dual: -2.182097, original: 858.388155 

10 th thresholding

  breakyes=3.2,  dualfeasorg deteriorated too much: primfeasorg=1.18e-06,dualfeasorg=9.08e-05
13 entries survived 
relaxed dual: -2.094388, original: 832.222470 

11 th thresholding

  breakyes=3.2,  dualfeasorg deteriorated too much: primfeasorg=2.33e-06,dualfeasorg=2.48e-05
13 entries survived 
relaxed dual: -2.150891, original: 864.353752 

12 th thresholding

  breakyes=4.1,  primfeasorg stagnate, 0.00e+00
13 entries survived 
relaxed dual: -2.042570, original: 833.292673 

13 th thresholding

  breakyes=4.1,  primfeasorg stagnate, 0.00e+00
13 entries survived 
relaxed dual: -2.203535, original: 859.200673 

14 th thresholding

  breakyes=3.2,  dualfeasorg deteriorated too much: primfeasorg=1.21e-06,dualfeasorg=6.47e-05
14 entries survived 
relaxed dual: -2.106881, original: 810.292291 

15 th thresholding

  breakyes=4.1,  primfeasorg stagnate, 7.70e-05
13 entries survived 
relaxed dual: -2.257731, original: 854.787113 

16 th thresholding

  breakyes=3.2,  dualfeasorg deteriorated too much: primfeasorg=6.87e-07,dualfeasorg=5.24e-05
15 entries survived 
relaxed dual: -2.098786, original: 839.843398 

17 th thresholding

  breakyes=4.1,  primfeasorg stagnate, 0.00e+00
14 entries survived 
relaxed dual: -2.241801, original: 869.243846 

18 th thresholding

  breakyes=4.1,  primfeasorg stagnate, 0.00e+00
12 entries survived 
relaxed dual: -1.975947, original: 854.136819 

19 th thresholding

  breakyes=2.0,  primfeasorg*dualfeasorg < 1.00e-14
12 entries survived 
relaxed dual: -2.073341, original: 862.054008 

20 th thresholding

  breakyes=4.1,  primfeasorg stagnate, 0.00e+00
12 entries survived 
relaxed dual: -1.971092, original: 847.080320 

21 th thresholding

  breakyes=3.2,  dualfeasorg deteriorated too much: primfeasorg=1.02e-06,dualfeasorg=3.43e-05
13 entries survived 
relaxed dual: -2.039204, original: 863.849053 

22 th thresholding

  breakyes=3.2,  dualfeasorg deteriorated too much: primfeasorg=1.24e-06,dualfeasorg=5.81e-05
12 entries survived 
relaxed dual: -2.107609, original: 844.084535 

23 th thresholding

  breakyes=3.2,  dualfeasorg deteriorated too much: primfeasorg=2.31e-06,dualfeasorg=3.34e-05
13 entries survived 
relaxed dual: -2.296268, original: 847.696071 

24 th thresholding

  breakyes=4.1,  primfeasorg stagnate, 0.00e+00
16 entries survived 
relaxed dual: -2.206612, original: 872.604616 

25 th thresholding

  breakyes=4.1,  primfeasorg stagnate, 0.00e+00
15 entries survived 
relaxed dual: -2.252279, original: 866.682161 

26 th thresholding

  breakyes=3.2,  dualfeasorg deteriorated too much: primfeasorg=1.11e-06,dualfeasorg=4.43e-05
16 entries survived 
relaxed dual: -2.126117, original: 879.164692 

27 th thresholding

  breakyes=3.2,  dualfeasorg deteriorated too much: primfeasorg=9.89e-07,dualfeasorg=4.92e-05
15 entries survived 
relaxed dual: -2.114387, original: 866.684044 

28 th thresholding

  breakyes=3.2,  dualfeasorg deteriorated too much: primfeasorg=1.08e-06,dualfeasorg=6.60e-05
15 entries survived 
relaxed dual: -2.207784, original: 865.506211 

29 th thresholding

  breakyes=3.2,  dualfeasorg deteriorated too much: primfeasorg=1.01e-06,dualfeasorg=5.36e-05
14 entries survived 
relaxed dual: -2.176002, original: 860.676051 

30 th thresholding

  breakyes=3.2,  dualfeasorg deteriorated too much: primfeasorg=1.01e-06,dualfeasorg=5.76e-05
15 entries survived 
relaxed dual: -2.142875, original: 868.020942 

31 th thresholding

  breakyes=4.1,  primfeasorg stagnate, 0.00e+00
13 entries survived 
relaxed dual: -2.173372, original: 848.919360 

32 th thresholding

  breakyes=3.2,  dualfeasorg deteriorated too much: primfeasorg=1.17e-06,dualfeasorg=4.70e-05
14 entries survived 
relaxed dual: -2.228500, original: 844.884296 

33 th thresholding

  breakyes=3.2,  dualfeasorg deteriorated too much: primfeasorg=9.06e-07,dualfeasorg=5.78e-05
14 entries survived 
relaxed dual: -2.095092, original: 874.491459 

34 th thresholding

  breakyes=3.2,  dualfeasorg deteriorated too much: primfeasorg=1.26e-06,dualfeasorg=6.40e-05
14 entries survived 
relaxed dual: -2.204726, original: 872.960423 

35 th thresholding

  breakyes=3.2,  dualfeasorg deteriorated too much: primfeasorg=7.54e-07,dualfeasorg=6.23e-05
15 entries survived 
relaxed dual: -2.125646, original: 845.881401 

36 th thresholding

  breakyes=3.2,  dualfeasorg deteriorated too much: primfeasorg=3.16e-06,dualfeasorg=3.54e-05
15 entries survived 
relaxed dual: -2.300169, original: 876.415084 

37 th thresholding

  breakyes=3.2,  dualfeasorg deteriorated too much: primfeasorg=1.03e-06,dualfeasorg=7.07e-05
15 entries survived 
relaxed dual: -2.174807, original: 855.173281 

38 th thresholding

  breakyes=4.1,  primfeasorg stagnate, 0.00e+00
14 entries survived 
relaxed dual: -2.253934, original: 852.421120 

39 th thresholding

  breakyes=3.2,  dualfeasorg deteriorated too much: primfeasorg=1.04e-06,dualfeasorg=5.20e-05
15 entries survived 
relaxed dual: -2.247530, original: 846.668167 

ans =

  40x12 table

    rep    iter    sep    dim    rho    sparsity     acc     obj_prim    obj_dual    obj_original    discov_true    discov_false
    ___    ____    ___    ___    ___    ________    _____    ________    ________    ____________    ___________    ____________

    32       0      3     100    0.2       10       0.826          0           0             0            0               0     
    32       1      3     100    0.2       10       0.892    -2.5964     -2.5964        864.99           10              15     
    32       2      3     100    0.2       10       0.896    -2.4315     -2.4314        861.42           10               4     
    32       3      3     100    0.2       10       0.886      -2.32       -2.32        844.58           10               4     
    32       4      3     100    0.2       10       0.884    -2.3581      -2.358        855.05           10               5     
    32       5      3     100    0.2       10       0.882    -2.2774     -2.2774        859.97           10               5     
    32       6      3     100    0.2       10       0.894    -2.1644     -2.1644        852.55           10               6     
    32       7      3     100    0.2       10         0.9    -2.2079     -2.2079        857.26           10               4     
    32       8      3     100    0.2       10       0.898    -2.1366     -2.1365        852.51           10               5     
    32       9      3     100    0.2       10       0.902    -2.1821     -2.1821        858.39           10               4     
    32      10      3     100    0.2       10       0.886    -2.0944     -2.0944        832.22           10               3     
    32      11      3     100    0.2       10       0.902    -2.1509     -2.1509        864.35           10               3     
    32      12      3     100    0.2       10        0.88    -2.0426     -2.0426        833.29           10               3     
    32      13      3     100    0.2       10       0.892    -2.2036     -2.2035         859.2           10               3     
    32      14      3     100    0.2       10       0.868    -2.1069     -2.1069        810.29           10               4     
    32      15      3     100    0.2       10        0.89    -2.2578     -2.2577        854.79           10               3     
    32      16      3     100    0.2       10       0.876    -2.0988     -2.0988        839.84           10               5     
    32      17      3     100    0.2       10       0.896    -2.2418     -2.2418        869.24           10               4     
    32      18      3     100    0.2       10       0.894     -1.976     -1.9759        854.14           10               2     
    32      19      3     100    0.2       10       0.898    -2.0733     -2.0733        862.05           10               2     
    32      20      3     100    0.2       10       0.898    -1.9711     -1.9711        847.08           10               2     
    32      21      3     100    0.2       10        0.89    -2.0392     -2.0392        863.85           10               3     
    32      22      3     100    0.2       10       0.888    -2.1076     -2.1076        844.08           10               2     
    32      23      3     100    0.2       10       0.898    -2.2963     -2.2963         847.7           10               3     
    32      24      3     100    0.2       10       0.884    -2.2066     -2.2066         872.6           10               6     
    32      25      3     100    0.2       10       0.896    -2.2523     -2.2523        866.68           10               5     
    32      26      3     100    0.2       10       0.894    -2.1261     -2.1261        879.16           10               6     
    32      27      3     100    0.2       10       0.898    -2.1144     -2.1144        866.68           10               5     
    32      28      3     100    0.2       10        0.88    -2.2078     -2.2078        865.51           10               5     
    32      29      3     100    0.2       10        0.89     -2.176      -2.176        860.68           10               4     
    32      30      3     100    0.2       10       0.892    -2.1429     -2.1429        868.02           10               5     
    32      31      3     100    0.2       10       0.886    -2.1734     -2.1734        848.92           10               3     
    32      32      3     100    0.2       10       0.892    -2.2285     -2.2285        844.88           10               4     
    32      33      3     100    0.2       10       0.904    -2.0951     -2.0951        874.49           10               4     
    32      34      3     100    0.2       10       0.898    -2.2048     -2.2047        872.96           10               4     
    32      35      3     100    0.2       10       0.886    -2.1257     -2.1256        845.88           10               5     
    32      36      3     100    0.2       10       0.886    -2.3002     -2.3002        876.42           10               5     
    32      37      3     100    0.2       10       0.884    -2.1748     -2.1748        855.17           10               5     
    32      38      3     100    0.2       10       0.886     -2.254     -2.2539        852.42           10               4     
    32      39      3     100    0.2       10        0.88    -2.2476     -2.2475        846.67           10               5     

