==========================================
SLURM_JOB_ID = 20629222
SLURM_JOB_NODELIST = a02-07
TMPDIR = /tmp/SLURM_20629222
==========================================
hello
Starting parallel pool (parpool) ...
Connected to the parallel pool (number of workers: 15).

pool = 

 ProcessPool with properties: 

            Connected: true
           NumWorkers: 15
                 Busy: false
              Cluster: Local
        AttachedFiles: {}
    AutoAddClientPath: true
            FileStore: [1x1 parallel.FileStore]
           ValueStore: [1x1 parallel.ValueStore]
          IdleTimeout: 30 minutes (30 minutes remaining)
          SpmdEnabled: true


p =

   300


Delta =

     4


s =

    10


n =

   500


table_name =

    'sparse_kmeans_isee_clean'


rho =

    0.3500


M =

    0.7942

delta confirmed: 4.000000
ans =

    3.3562


init_method =

    'spec'


rep =

    25

replication: (25)th 


1 th thresholding

  breakyes=4.1,  primfeasorg stagnate, 0.00e+00
37 entries survived 
relaxed dual: -5.527357, original: 1408.050074 

2 th thresholding

  breakyes=1.0,  maxresidual < 1.00e-06
20 entries survived 
relaxed dual: -7.586960, original: 1462.007682 

3 th thresholding

  breakyes=1.4,  maxresidual < 1.00e-06
23 entries survived 
relaxed dual: -7.373003, original: 1542.554484 

4 th thresholding

  breakyes=1.0,  maxresidual < 1.00e-06
23 entries survived 
relaxed dual: -7.465430, original: 1535.139062 

5 th thresholding

  breakyes=1.0,  maxresidual < 1.00e-06
22 entries survived 
relaxed dual: -7.257964, original: 1524.583076 

6 th thresholding

  breakyes=1.0,  maxresidual < 1.00e-06
22 entries survived 
relaxed dual: -7.257964, original: 1524.583076 

 final iteration = 6 
ans =

  7x12 table

    rep    iter    sep    dim    rho     sparsity     acc     obj_prim    obj_dual    obj_original    discov_true    discov_false
    ___    ____    ___    ___    ____    ________    _____    ________    ________    ____________    ___________    ____________

    25      0       4     300    0.35       10       0.714          0           0             0            0               0     
    25      1       4     300    0.35       10       0.898    -5.5274     -5.5274        1408.1            8              29     
    25      2       4     300    0.35       10       0.968     -7.587      -7.587          1462           10              10     
    25      3       4     300    0.35       10       0.974     -7.373      -7.373        1542.6           10              13     
    25      4       4     300    0.35       10       0.976    -7.4654     -7.4654        1535.1           10              13     
    25      5       4     300    0.35       10       0.976     -7.258      -7.258        1524.6           10              12     
    25      6       4     300    0.35       10       0.976     -7.258      -7.258        1524.6           10              12     


rep =

    26

replication: (26)th 


1 th thresholding

  breakyes=4.1,  primfeasorg stagnate, 0.00e+00
48 entries survived 
relaxed dual: -5.616611, original: 1507.251412 

2 th thresholding

  breakyes=1.0,  maxresidual < 1.00e-06
19 entries survived 
relaxed dual: -6.123053, original: 1442.944728 

3 th thresholding

  breakyes=1.3,  maxresidual < 1.00e-06
21 entries survived 
relaxed dual: -6.364499, original: 1420.427075 

4 th thresholding

  breakyes=3.2,  dualfeasorg deteriorated too much: primfeasorg=3.88e-06,dualfeasorg=1.50e-05
19 entries survived 
relaxed dual: -6.907280, original: 1424.531391 

5 th thresholding

  breakyes=1.0,  maxresidual < 1.00e-06
24 entries survived 
relaxed dual: -6.492151, original: 1453.734455 

6 th thresholding

  breakyes=1.0,  maxresidual < 1.00e-06
19 entries survived 
relaxed dual: -6.561365, original: 1426.401569 

7 th thresholding

  breakyes=1.0,  maxresidual < 1.00e-06
21 entries survived 
relaxed dual: -6.497803, original: 1453.318907 

8 th thresholding

  breakyes=1.0,  maxresidual < 1.00e-06
21 entries survived 
relaxed dual: -6.163505, original: 1444.067356 

9 th thresholding

  breakyes=1.0,  maxresidual < 1.00e-06
22 entries survived 
relaxed dual: -6.720997, original: 1455.155438 

10 th thresholding

  breakyes=1.0,  maxresidual < 1.00e-06
21 entries survived 
relaxed dual: -6.163505, original: 1444.067356 

11 th thresholding

  breakyes=1.0,  maxresidual < 1.00e-06
22 entries survived 
relaxed dual: -6.720997, original: 1455.155438 

12 th thresholding

  breakyes=1.0,  maxresidual < 1.00e-06
21 entries survived 
relaxed dual: -6.163505, original: 1444.067356 

13 th thresholding

  breakyes=1.0,  maxresidual < 1.00e-06
22 entries survived 
relaxed dual: -6.720997, original: 1455.155438 

14 th thresholding

  breakyes=1.0,  maxresidual < 1.00e-06
21 entries survived 
relaxed dual: -6.163505, original: 1444.067356 

15 th thresholding

  breakyes=1.0,  maxresidual < 1.00e-06
22 entries survived 
relaxed dual: -6.720997, original: 1455.155438 

16 th thresholding

  breakyes=1.0,  maxresidual < 1.00e-06
21 entries survived 
relaxed dual: -6.163505, original: 1444.067356 

17 th thresholding

  breakyes=1.0,  maxresidual < 1.00e-06
22 entries survived 
relaxed dual: -6.720997, original: 1455.155438 

18 th thresholding

  breakyes=1.0,  maxresidual < 1.00e-06
21 entries survived 
relaxed dual: -6.163505, original: 1444.067356 

19 th thresholding

  breakyes=1.0,  maxresidual < 1.00e-06
22 entries survived 
relaxed dual: -6.720997, original: 1455.155438 

20 th thresholding

  breakyes=1.0,  maxresidual < 1.00e-06
21 entries survived 
relaxed dual: -6.163505, original: 1444.067356 

21 th thresholding

  breakyes=1.0,  maxresidual < 1.00e-06
22 entries survived 
relaxed dual: -6.720997, original: 1455.155438 

22 th thresholding

  breakyes=1.0,  maxresidual < 1.00e-06
21 entries survived 
relaxed dual: -6.163505, original: 1444.067356 

23 th thresholding

  breakyes=1.0,  maxresidual < 1.00e-06
22 entries survived 
relaxed dual: -6.720997, original: 1455.155438 

24 th thresholding

  breakyes=1.0,  maxresidual < 1.00e-06
21 entries survived 
relaxed dual: -6.163505, original: 1444.067356 

25 th thresholding

  breakyes=1.0,  maxresidual < 1.00e-06
22 entries survived 
relaxed dual: -6.720997, original: 1455.155438 

26 th thresholding

  breakyes=1.0,  maxresidual < 1.00e-06
21 entries survived 
relaxed dual: -6.163505, original: 1444.067356 

27 th thresholding

  breakyes=1.0,  maxresidual < 1.00e-06
22 entries survived 
relaxed dual: -6.720997, original: 1455.155438 

28 th thresholding

  breakyes=1.0,  maxresidual < 1.00e-06
21 entries survived 
relaxed dual: -6.163505, original: 1444.067356 

29 th thresholding

  breakyes=1.0,  maxresidual < 1.00e-06
22 entries survived 
relaxed dual: -6.720997, original: 1455.155438 

30 th thresholding

  breakyes=1.0,  maxresidual < 1.00e-06
21 entries survived 
relaxed dual: -6.163505, original: 1444.067356 

31 th thresholding

  breakyes=1.0,  maxresidual < 1.00e-06
22 entries survived 
relaxed dual: -6.720997, original: 1455.155438 

32 th thresholding

  breakyes=1.0,  maxresidual < 1.00e-06
21 entries survived 
relaxed dual: -6.163505, original: 1444.067356 

33 th thresholding

  breakyes=1.0,  maxresidual < 1.00e-06
22 entries survived 
relaxed dual: -6.720997, original: 1455.155438 

34 th thresholding

  breakyes=1.0,  maxresidual < 1.00e-06
21 entries survived 
relaxed dual: -6.163505, original: 1444.067356 

35 th thresholding

  breakyes=1.0,  maxresidual < 1.00e-06
22 entries survived 
relaxed dual: -6.720997, original: 1455.155438 

36 th thresholding

  breakyes=1.0,  maxresidual < 1.00e-06
21 entries survived 
relaxed dual: -6.163505, original: 1444.067356 

37 th thresholding

  breakyes=1.0,  maxresidual < 1.00e-06
22 entries survived 
relaxed dual: -6.720997, original: 1455.155438 

38 th thresholding

  breakyes=1.0,  maxresidual < 1.00e-06
21 entries survived 
relaxed dual: -6.163505, original: 1444.067356 

39 th thresholding

  breakyes=1.0,  maxresidual < 1.00e-06
22 entries survived 
relaxed dual: -6.720997, original: 1455.155438 

40 th thresholding

  breakyes=1.0,  maxresidual < 1.00e-06
21 entries survived 
relaxed dual: -6.163505, original: 1444.067356 

41 th thresholding

  breakyes=1.0,  maxresidual < 1.00e-06
22 entries survived 
relaxed dual: -6.720997, original: 1455.155438 

42 th thresholding

  breakyes=1.0,  maxresidual < 1.00e-06
21 entries survived 
relaxed dual: -6.163505, original: 1444.067356 

43 th thresholding

  breakyes=1.0,  maxresidual < 1.00e-06
22 entries survived 
relaxed dual: -6.720997, original: 1455.155438 

44 th thresholding

  breakyes=1.0,  maxresidual < 1.00e-06
21 entries survived 
relaxed dual: -6.163505, original: 1444.067356 

45 th thresholding

  breakyes=1.0,  maxresidual < 1.00e-06
22 entries survived 
relaxed dual: -6.720997, original: 1455.155438 

46 th thresholding

  breakyes=1.0,  maxresidual < 1.00e-06
21 entries survived 
relaxed dual: -6.163505, original: 1444.067356 

47 th thresholding

  breakyes=1.0,  maxresidual < 1.00e-06
22 entries survived 
relaxed dual: -6.720997, original: 1455.155438 

48 th thresholding

  breakyes=1.0,  maxresidual < 1.00e-06
21 entries survived 
relaxed dual: -6.163505, original: 1444.067356 

49 th thresholding

  breakyes=1.0,  maxresidual < 1.00e-06
22 entries survived 
relaxed dual: -6.720997, original: 1455.155438 

50 th thresholding

  breakyes=1.0,  maxresidual < 1.00e-06
21 entries survived 
relaxed dual: -6.163505, original: 1444.067356 

51 th thresholding

  breakyes=1.0,  maxresidual < 1.00e-06
22 entries survived 
relaxed dual: -6.720997, original: 1455.155438 

52 th thresholding

  breakyes=1.0,  maxresidual < 1.00e-06
21 entries survived 
relaxed dual: -6.163505, original: 1444.067356 

53 th thresholding

  breakyes=1.0,  maxresidual < 1.00e-06
22 entries survived 
relaxed dual: -6.720997, original: 1455.155438 

54 th thresholding

  breakyes=1.0,  maxresidual < 1.00e-06
21 entries survived 
relaxed dual: -6.163505, original: 1444.067356 

55 th thresholding

  breakyes=1.0,  maxresidual < 1.00e-06
22 entries survived 
relaxed dual: -6.720997, original: 1455.155438 

56 th thresholding

  breakyes=1.0,  maxresidual < 1.00e-06
21 entries survived 
relaxed dual: -6.163505, original: 1444.067356 

57 th thresholding

  breakyes=1.0,  maxresidual < 1.00e-06
22 entries survived 
relaxed dual: -6.720997, original: 1455.155438 

58 th thresholding

  breakyes=1.0,  maxresidual < 1.00e-06
21 entries survived 
relaxed dual: -6.163505, original: 1444.067356 

59 th thresholding

  breakyes=1.0,  maxresidual < 1.00e-06
22 entries survived 
relaxed dual: -6.720997, original: 1455.155438 

60 th thresholding

  breakyes=1.0,  maxresidual < 1.00e-06
21 entries survived 
relaxed dual: -6.163505, original: 1444.067356 

61 th thresholding

  breakyes=1.0,  maxresidual < 1.00e-06
22 entries survived 
relaxed dual: -6.720997, original: 1455.155438 

62 th thresholding

  breakyes=1.0,  maxresidual < 1.00e-06
21 entries survived 
relaxed dual: -6.163505, original: 1444.067356 

63 th thresholding

  breakyes=1.0,  maxresidual < 1.00e-06
22 entries survived 
relaxed dual: -6.720997, original: 1455.155438 

64 th thresholding

  breakyes=1.0,  maxresidual < 1.00e-06
21 entries survived 
relaxed dual: -6.163505, original: 1444.067356 

65 th thresholding

  breakyes=1.0,  maxresidual < 1.00e-06
22 entries survived 
relaxed dual: -6.720997, original: 1455.155438 

66 th thresholding

  breakyes=1.0,  maxresidual < 1.00e-06
21 entries survived 
relaxed dual: -6.163505, original: 1444.067356 

67 th thresholding

  breakyes=1.0,  maxresidual < 1.00e-06
22 entries survived 
relaxed dual: -6.720997, original: 1455.155438 

68 th thresholding

  breakyes=1.0,  maxresidual < 1.00e-06
21 entries survived 
relaxed dual: -6.163505, original: 1444.067356 

69 th thresholding

  breakyes=1.0,  maxresidual < 1.00e-06
22 entries survived 
relaxed dual: -6.720997, original: 1455.155438 

70 th thresholding

  breakyes=1.0,  maxresidual < 1.00e-06
21 entries survived 
relaxed dual: -6.163505, original: 1444.067356 

71 th thresholding

  breakyes=1.0,  maxresidual < 1.00e-06
22 entries survived 
relaxed dual: -6.720997, original: 1455.155438 

72 th thresholding

  breakyes=1.0,  maxresidual < 1.00e-06
21 entries survived 
relaxed dual: -6.163505, original: 1444.067356 

73 th thresholding

  breakyes=1.0,  maxresidual < 1.00e-06
22 entries survived 
relaxed dual: -6.720997, original: 1455.155438 

74 th thresholding

  breakyes=1.0,  maxresidual < 1.00e-06
21 entries survived 
relaxed dual: -6.163505, original: 1444.067356 

75 th thresholding

  breakyes=1.0,  maxresidual < 1.00e-06
22 entries survived 
relaxed dual: -6.720997, original: 1455.155438 

76 th thresholding

  breakyes=1.0,  maxresidual < 1.00e-06
21 entries survived 
relaxed dual: -6.163505, original: 1444.067356 

77 th thresholding

  breakyes=1.0,  maxresidual < 1.00e-06
22 entries survived 
relaxed dual: -6.720997, original: 1455.155438 

78 th thresholding

  breakyes=1.0,  maxresidual < 1.00e-06
21 entries survived 
relaxed dual: -6.163505, original: 1444.067356 

79 th thresholding

  breakyes=1.0,  maxresidual < 1.00e-06
22 entries survived 
relaxed dual: -6.720997, original: 1455.155438 

80 th thresholding

  breakyes=1.0,  maxresidual < 1.00e-06
21 entries survived 
relaxed dual: -6.163505, original: 1444.067356 

81 th thresholding

  breakyes=1.0,  maxresidual < 1.00e-06
22 entries survived 
relaxed dual: -6.720997, original: 1455.155438 

82 th thresholding

  breakyes=1.0,  maxresidual < 1.00e-06
21 entries survived 
relaxed dual: -6.163505, original: 1444.067356 

83 th thresholding

  breakyes=1.0,  maxresidual < 1.00e-06
22 entries survived 
relaxed dual: -6.720997, original: 1455.155438 

84 th thresholding

  breakyes=1.0,  maxresidual < 1.00e-06
21 entries survived 
relaxed dual: -6.163505, original: 1444.067356 

85 th thresholding

  breakyes=1.0,  maxresidual < 1.00e-06
22 entries survived 
relaxed dual: -6.720997, original: 1455.155438 

86 th thresholding

  breakyes=1.0,  maxresidual < 1.00e-06
21 entries survived 
relaxed dual: -6.163505, original: 1444.067356 

87 th thresholding

  breakyes=1.0,  maxresidual < 1.00e-06
22 entries survived 
relaxed dual: -6.720997, original: 1455.155438 

88 th thresholding

  breakyes=1.0,  maxresidual < 1.00e-06
21 entries survived 
relaxed dual: -6.163505, original: 1444.067356 

89 th thresholding

  breakyes=1.0,  maxresidual < 1.00e-06
22 entries survived 
relaxed dual: -6.720997, original: 1455.155438 

90 th thresholding

  breakyes=1.0,  maxresidual < 1.00e-06
21 entries survived 
relaxed dual: -6.163505, original: 1444.067356 

91 th thresholding

  breakyes=1.0,  maxresidual < 1.00e-06
22 entries survived 
relaxed dual: -6.720997, original: 1455.155438 

92 th thresholding

  breakyes=1.0,  maxresidual < 1.00e-06
21 entries survived 
relaxed dual: -6.163505, original: 1444.067356 

93 th thresholding

  breakyes=1.0,  maxresidual < 1.00e-06
22 entries survived 
relaxed dual: -6.720997, original: 1455.155438 

94 th thresholding

  breakyes=1.0,  maxresidual < 1.00e-06
21 entries survived 
relaxed dual: -6.163505, original: 1444.067356 

95 th thresholding

  breakyes=1.0,  maxresidual < 1.00e-06
22 entries survived 
relaxed dual: -6.720997, original: 1455.155438 

96 th thresholding

  breakyes=1.0,  maxresidual < 1.00e-06
21 entries survived 
relaxed dual: -6.163505, original: 1444.067356 

97 th thresholding

  breakyes=1.0,  maxresidual < 1.00e-06
22 entries survived 
relaxed dual: -6.720997, original: 1455.155438 

98 th thresholding

  breakyes=1.0,  maxresidual < 1.00e-06
21 entries survived 
relaxed dual: -6.163505, original: 1444.067356 

99 th thresholding

  breakyes=1.0,  maxresidual < 1.00e-06
22 entries survived 
relaxed dual: -6.720997, original: 1455.155438 

100 th thresholding

  breakyes=1.0,  maxresidual < 1.00e-06
21 entries survived 
relaxed dual: -6.163505, original: 1444.067356 

ik = 

  iterative_kmeans with properties:

         data_object: [1x1 data_gaussian_ISEE_clean]
      number_cluster: 2
      omega_sparsity: 2
         init_method: 'spec'
         x_tilde_est: [300x500x100 double]
      omega_est_time: [100x1 double]
      sdp_solve_time: [100x1 double]
    entries_survived: [100x300 double]
        obj_val_prim: [100x1 double]
        obj_val_dual: [100x1 double]
    obj_val_original: [100x1 double]
         cluster_est: [101x500 double]
           iter_stop: 100


 final iteration = 100 
ans =

  101x12 table

    rep    iter    sep    dim    rho     sparsity     acc     obj_prim    obj_dual    obj_original    discov_true    discov_false
    ___    ____    ___    ___    ____    ________    _____    ________    ________    ____________    ___________    ____________

    26       0      4     300    0.35       10       0.698          0           0             0            0               0     
    26       1      4     300    0.35       10       0.912    -5.6167     -5.6166        1507.3            9              39     
    26       2      4     300    0.35       10       0.956    -6.1231     -6.1231        1442.9           10               9     
    26       3      4     300    0.35       10       0.958    -6.3645     -6.3645        1420.4           10              11     
    26       4      4     300    0.35       10       0.958    -6.9073     -6.9073        1424.5           10               9     
    26       5      4     300    0.35       10       0.954    -6.4922     -6.4922        1453.7           10              14     
    26       6      4     300    0.35       10       0.956    -6.5614     -6.5614        1426.4           10               9     
    26       7      4     300    0.35       10       0.958    -6.4978     -6.4978        1453.3           10              11     
    26       8      4     300    0.35       10       0.958    -6.1635     -6.1635        1444.1           10              11     
    26       9      4     300    0.35       10       0.958     -6.721      -6.721        1455.2           10              12     
    26      10      4     300    0.35       10       0.958    -6.1635     -6.1635        1444.1           10              11     
    26      11      4     300    0.35       10       0.958     -6.721      -6.721        1455.2           10              12     
    26      12      4     300    0.35       10       0.958    -6.1635     -6.1635        1444.1           10              11     
    26      13      4     300    0.35       10       0.958     -6.721      -6.721        1455.2           10              12     
    26      14      4     300    0.35       10       0.958    -6.1635     -6.1635        1444.1           10              11     
    26      15      4     300    0.35       10       0.958     -6.721      -6.721        1455.2           10              12     
    26      16      4     300    0.35       10       0.958    -6.1635     -6.1635        1444.1           10              11     
    26      17      4     300    0.35       10       0.958     -6.721      -6.721        1455.2           10              12     
    26      18      4     300    0.35       10       0.958    -6.1635     -6.1635        1444.1           10              11     
    26      19      4     300    0.35       10       0.958     -6.721      -6.721        1455.2           10              12     
    26      20      4     300    0.35       10       0.958    -6.1635     -6.1635        1444.1           10              11     
    26      21      4     300    0.35       10       0.958     -6.721      -6.721        1455.2           10              12     
    26      22      4     300    0.35       10       0.958    -6.1635     -6.1635        1444.1           10              11     
    26      23      4     300    0.35       10       0.958     -6.721      -6.721        1455.2           10              12     
    26      24      4     300    0.35       10       0.958    -6.1635     -6.1635        1444.1           10              11     
    26      25      4     300    0.35       10       0.958     -6.721      -6.721        1455.2           10              12     
    26      26      4     300    0.35       10       0.958    -6.1635     -6.1635        1444.1           10              11     
    26      27      4     300    0.35       10       0.958     -6.721      -6.721        1455.2           10              12     
    26      28      4     300    0.35       10       0.958    -6.1635     -6.1635        1444.1           10              11     
    26      29      4     300    0.35       10       0.958     -6.721      -6.721        1455.2           10              12     
    26      30      4     300    0.35       10       0.958    -6.1635     -6.1635        1444.1           10              11     
    26      31      4     300    0.35       10       0.958     -6.721      -6.721        1455.2           10              12     
    26      32      4     300    0.35       10       0.958    -6.1635     -6.1635        1444.1           10              11     
    26      33      4     300    0.35       10       0.958     -6.721      -6.721        1455.2           10              12     
    26      34      4     300    0.35       10       0.958    -6.1635     -6.1635        1444.1           10              11     
    26      35      4     300    0.35       10       0.958     -6.721      -6.721        1455.2           10              12     
    26      36      4     300    0.35       10       0.958    -6.1635     -6.1635        1444.1           10              11     
    26      37      4     300    0.35       10       0.958     -6.721      -6.721        1455.2           10              12     
    26      38      4     300    0.35       10       0.958    -6.1635     -6.1635        1444.1           10              11     
    26      39      4     300    0.35       10       0.958     -6.721      -6.721        1455.2           10              12     
    26      40      4     300    0.35       10       0.958    -6.1635     -6.1635        1444.1           10              11     
    26      41      4     300    0.35       10       0.958     -6.721      -6.721        1455.2           10              12     
    26      42      4     300    0.35       10       0.958    -6.1635     -6.1635        1444.1           10              11     
    26      43      4     300    0.35       10       0.958     -6.721      -6.721        1455.2           10              12     
    26      44      4     300    0.35       10       0.958    -6.1635     -6.1635        1444.1           10              11     
    26      45      4     300    0.35       10       0.958     -6.721      -6.721        1455.2           10              12     
    26      46      4     300    0.35       10       0.958    -6.1635     -6.1635        1444.1           10              11     
    26      47      4     300    0.35       10       0.958     -6.721      -6.721        1455.2           10              12     
    26      48      4     300    0.35       10       0.958    -6.1635     -6.1635        1444.1           10              11     
    26      49      4     300    0.35       10       0.958     -6.721      -6.721        1455.2           10              12     
    26      50      4     300    0.35       10       0.958    -6.1635     -6.1635        1444.1           10              11     
    26      51      4     300    0.35       10       0.958     -6.721      -6.721        1455.2           10              12     
    26      52      4     300    0.35       10       0.958    -6.1635     -6.1635        1444.1           10              11     
    26      53      4     300    0.35       10       0.958     -6.721      -6.721        1455.2           10              12     
    26      54      4     300    0.35       10       0.958    -6.1635     -6.1635        1444.1           10              11     
    26      55      4     300    0.35       10       0.958     -6.721      -6.721        1455.2           10              12     
    26      56      4     300    0.35       10       0.958    -6.1635     -6.1635        1444.1           10              11     
    26      57      4     300    0.35       10       0.958     -6.721      -6.721        1455.2           10              12     
    26      58      4     300    0.35       10       0.958    -6.1635     -6.1635        1444.1           10              11     
    26      59      4     300    0.35       10       0.958     -6.721      -6.721        1455.2           10              12     
    26      60      4     300    0.35       10       0.958    -6.1635     -6.1635        1444.1           10              11     
    26      61      4     300    0.35       10       0.958     -6.721      -6.721        1455.2           10              12     
    26      62      4     300    0.35       10       0.958    -6.1635     -6.1635        1444.1           10              11     
    26      63      4     300    0.35       10       0.958     -6.721      -6.721        1455.2           10              12     
    26      64      4     300    0.35       10       0.958    -6.1635     -6.1635        1444.1           10              11     
    26      65      4     300    0.35       10       0.958     -6.721      -6.721        1455.2           10              12     
    26      66      4     300    0.35       10       0.958    -6.1635     -6.1635        1444.1           10              11     
    26      67      4     300    0.35       10       0.958     -6.721      -6.721        1455.2           10              12     
    26      68      4     300    0.35       10       0.958    -6.1635     -6.1635        1444.1           10              11     
    26      69      4     300    0.35       10       0.958     -6.721      -6.721        1455.2           10              12     
    26      70      4     300    0.35       10       0.958    -6.1635     -6.1635        1444.1           10              11     
    26      71      4     300    0.35       10       0.958     -6.721      -6.721        1455.2           10              12     
    26      72      4     300    0.35       10       0.958    -6.1635     -6.1635        1444.1           10              11     
    26      73      4     300    0.35       10       0.958     -6.721      -6.721        1455.2           10              12     
    26      74      4     300    0.35       10       0.958    -6.1635     -6.1635        1444.1           10              11     
    26      75      4     300    0.35       10       0.958     -6.721      -6.721        1455.2           10              12     
    26      76      4     300    0.35       10       0.958    -6.1635     -6.1635        1444.1           10              11     
    26      77      4     300    0.35       10       0.958     -6.721      -6.721        1455.2           10              12     
    26      78      4     300    0.35       10       0.958    -6.1635     -6.1635        1444.1           10              11     
    26      79      4     300    0.35       10       0.958     -6.721      -6.721        1455.2           10              12     
    26      80      4     300    0.35       10       0.958    -6.1635     -6.1635        1444.1           10              11     
    26      81      4     300    0.35       10       0.958     -6.721      -6.721        1455.2           10              12     
    26      82      4     300    0.35       10       0.958    -6.1635     -6.1635        1444.1           10              11     
    26      83      4     300    0.35       10       0.958     -6.721      -6.721        1455.2           10              12     
    26      84      4     300    0.35       10       0.958    -6.1635     -6.1635        1444.1           10              11     
    26      85      4     300    0.35       10       0.958     -6.721      -6.721        1455.2           10              12     
    26      86      4     300    0.35       10       0.958    -6.1635     -6.1635        1444.1           10              11     
    26      87      4     300    0.35       10       0.958     -6.721      -6.721        1455.2           10              12     
    26      88      4     300    0.35       10       0.958    -6.1635     -6.1635        1444.1           10              11     
    26      89      4     300    0.35       10       0.958     -6.721      -6.721        1455.2           10              12     
    26      90      4     300    0.35       10       0.958    -6.1635     -6.1635        1444.1           10              11     
    26      91      4     300    0.35       10       0.958     -6.721      -6.721        1455.2           10              12     
    26      92      4     300    0.35       10       0.958    -6.1635     -6.1635        1444.1           10              11     
    26      93      4     300    0.35       10       0.958     -6.721      -6.721        1455.2           10              12     
    26      94      4     300    0.35       10       0.958    -6.1635     -6.1635        1444.1           10              11     
    26      95      4     300    0.35       10       0.958     -6.721      -6.721        1455.2           10              12     
    26      96      4     300    0.35       10       0.958    -6.1635     -6.1635        1444.1           10              11     
    26      97      4     300    0.35       10       0.958     -6.721      -6.721        1455.2           10              12     
    26      98      4     300    0.35       10       0.958    -6.1635     -6.1635        1444.1           10              11     
    26      99      4     300    0.35       10       0.958     -6.721      -6.721        1455.2           10              12     
    26     100      4     300    0.35       10       0.958    -6.1635     -6.1635        1444.1           10              11     


rep =

    27

replication: (27)th 


1 th thresholding

  breakyes=1.4,  maxresidual < 1.00e-06
48 entries survived 
relaxed dual: -4.085395, original: 819.699108 

2 th thresholding

  breakyes=3.2,  dualfeasorg deteriorated too much: primfeasorg=5.73e-07,dualfeasorg=4.30e-05
27 entries survived 
relaxed dual: -3.452841, original: 828.012832 

3 th thresholding

  breakyes=3.2,  dualfeasorg deteriorated too much: primfeasorg=7.31e-07,dualfeasorg=5.54e-05
22 entries survived 
relaxed dual: -3.882582, original: 1080.231682 

4 th thresholding

  breakyes=1.4,  maxresidual < 1.00e-06
15 entries survived 
relaxed dual: -6.731577, original: 1453.710306 

5 th thresholding

  breakyes=1.4,  maxresidual < 1.00e-06
18 entries survived 
relaxed dual: -6.221363, original: 1448.486257 

6 th thresholding

  breakyes=1.4,  maxresidual < 1.00e-06
21 entries survived 
relaxed dual: -6.033578, original: 1507.937189 

7 th thresholding

  breakyes=1.0,  maxresidual < 1.00e-06
17 entries survived 
relaxed dual: -5.914185, original: 1486.523765 

8 th thresholding

  breakyes=1.0,  maxresidual < 1.00e-06
18 entries survived 
relaxed dual: -6.310456, original: 1494.595553 

9 th thresholding

  breakyes=1.3,  maxresidual < 1.00e-06
17 entries survived 
relaxed dual: -5.891938, original: 1494.063091 

10 th thresholding

  breakyes=1.0,  maxresidual < 1.00e-06
18 entries survived 
relaxed dual: -6.310456, original: 1494.595553 

11 th thresholding

  breakyes=1.3,  maxresidual < 1.00e-06
17 entries survived 
relaxed dual: -5.891938, original: 1494.063091 

12 th thresholding

  breakyes=1.0,  maxresidual < 1.00e-06
18 entries survived 
relaxed dual: -6.310456, original: 1494.595553 

13 th thresholding

  breakyes=1.3,  maxresidual < 1.00e-06
17 entries survived 
relaxed dual: -5.891938, original: 1494.063091 

14 th thresholding

  breakyes=1.0,  maxresidual < 1.00e-06
18 entries survived 
relaxed dual: -6.310456, original: 1494.595553 

15 th thresholding

  breakyes=1.3,  maxresidual < 1.00e-06
17 entries survived 
relaxed dual: -5.891938, original: 1494.063091 

16 th thresholding

  breakyes=1.0,  maxresidual < 1.00e-06
18 entries survived 
relaxed dual: -6.310456, original: 1494.595553 

17 th thresholding

  breakyes=1.3,  maxresidual < 1.00e-06
17 entries survived 
relaxed dual: -5.891938, original: 1494.063091 

18 th thresholding

  breakyes=1.0,  maxresidual < 1.00e-06
18 entries survived 
relaxed dual: -6.310456, original: 1494.595553 

19 th thresholding

  breakyes=1.3,  maxresidual < 1.00e-06
17 entries survived 
relaxed dual: -5.891938, original: 1494.063091 

20 th thresholding

  breakyes=1.0,  maxresidual < 1.00e-06
18 entries survived 
relaxed dual: -6.310456, original: 1494.595553 

21 th thresholding

  breakyes=1.3,  maxresidual < 1.00e-06
17 entries survived 
relaxed dual: -5.891938, original: 1494.063091 

22 th thresholding

  breakyes=1.0,  maxresidual < 1.00e-06
18 entries survived 
relaxed dual: -6.310456, original: 1494.595553 

23 th thresholding

  breakyes=1.3,  maxresidual < 1.00e-06
17 entries survived 
relaxed dual: -5.891938, original: 1494.063091 

24 th thresholding

  breakyes=1.0,  maxresidual < 1.00e-06
18 entries survived 
relaxed dual: -6.310456, original: 1494.595553 

25 th thresholding

  breakyes=1.3,  maxresidual < 1.00e-06
17 entries survived 
relaxed dual: -5.891938, original: 1494.063091 

26 th thresholding

  breakyes=1.0,  maxresidual < 1.00e-06
18 entries survived 
relaxed dual: -6.310456, original: 1494.595553 

27 th thresholding

  breakyes=1.3,  maxresidual < 1.00e-06
17 entries survived 
relaxed dual: -5.891938, original: 1494.063091 

28 th thresholding

  breakyes=1.0,  maxresidual < 1.00e-06
18 entries survived 
relaxed dual: -6.310456, original: 1494.595553 

29 th thresholding

  breakyes=1.3,  maxresidual < 1.00e-06
17 entries survived 
relaxed dual: -5.891938, original: 1494.063091 

30 th thresholding

  breakyes=1.0,  maxresidual < 1.00e-06
18 entries survived 
relaxed dual: -6.310456, original: 1494.595553 

31 th thresholding

  breakyes=1.3,  maxresidual < 1.00e-06
17 entries survived 
relaxed dual: -5.891938, original: 1494.063091 

32 th thresholding

  breakyes=1.0,  maxresidual < 1.00e-06
18 entries survived 
relaxed dual: -6.310456, original: 1494.595553 

33 th thresholding

  breakyes=1.3,  maxresidual < 1.00e-06
17 entries survived 
relaxed dual: -5.891938, original: 1494.063091 

34 th thresholding

  breakyes=1.0,  maxresidual < 1.00e-06
18 entries survived 
relaxed dual: -6.310456, original: 1494.595553 

35 th thresholding

  breakyes=1.3,  maxresidual < 1.00e-06
17 entries survived 
relaxed dual: -5.891938, original: 1494.063091 

36 th thresholding

  breakyes=1.0,  maxresidual < 1.00e-06
18 entries survived 
relaxed dual: -6.310456, original: 1494.595553 

37 th thresholding

  breakyes=1.3,  maxresidual < 1.00e-06
17 entries survived 
relaxed dual: -5.891938, original: 1494.063091 

38 th thresholding

  breakyes=1.0,  maxresidual < 1.00e-06
18 entries survived 
relaxed dual: -6.310456, original: 1494.595553 

39 th thresholding

  breakyes=1.3,  maxresidual < 1.00e-06
17 entries survived 
relaxed dual: -5.891938, original: 1494.063091 

40 th thresholding

  breakyes=1.0,  maxresidual < 1.00e-06
18 entries survived 
relaxed dual: -6.310456, original: 1494.595553 

41 th thresholding

  breakyes=1.3,  maxresidual < 1.00e-06
17 entries survived 
relaxed dual: -5.891938, original: 1494.063091 

42 th thresholding

  breakyes=1.0,  maxresidual < 1.00e-06
18 entries survived 
relaxed dual: -6.310456, original: 1494.595553 

43 th thresholding

  breakyes=1.3,  maxresidual < 1.00e-06
17 entries survived 
relaxed dual: -5.891938, original: 1494.063091 

44 th thresholding

  breakyes=1.0,  maxresidual < 1.00e-06
18 entries survived 
relaxed dual: -6.310456, original: 1494.595553 

45 th thresholding

  breakyes=1.3,  maxresidual < 1.00e-06
17 entries survived 
relaxed dual: -5.891938, original: 1494.063091 

46 th thresholding

  breakyes=1.0,  maxresidual < 1.00e-06
18 entries survived 
relaxed dual: -6.310456, original: 1494.595553 

47 th thresholding

  breakyes=1.3,  maxresidual < 1.00e-06
17 entries survived 
relaxed dual: -5.891938, original: 1494.063091 

48 th thresholding

  breakyes=1.0,  maxresidual < 1.00e-06
18 entries survived 
relaxed dual: -6.310456, original: 1494.595553 

49 th thresholding

  breakyes=1.3,  maxresidual < 1.00e-06
17 entries survived 
relaxed dual: -5.891938, original: 1494.063091 

50 th thresholding

  breakyes=1.0,  maxresidual < 1.00e-06
18 entries survived 
relaxed dual: -6.310456, original: 1494.595553 

51 th thresholding

  breakyes=1.3,  maxresidual < 1.00e-06
17 entries survived 
relaxed dual: -5.891938, original: 1494.063091 

52 th thresholding

  breakyes=1.0,  maxresidual < 1.00e-06
18 entries survived 
relaxed dual: -6.310456, original: 1494.595553 

53 th thresholding

  breakyes=1.3,  maxresidual < 1.00e-06
17 entries survived 
relaxed dual: -5.891938, original: 1494.063091 

54 th thresholding

  breakyes=1.0,  maxresidual < 1.00e-06
18 entries survived 
relaxed dual: -6.310456, original: 1494.595553 

55 th thresholding

  breakyes=1.3,  maxresidual < 1.00e-06
17 entries survived 
relaxed dual: -5.891938, original: 1494.063091 

56 th thresholding

  breakyes=1.0,  maxresidual < 1.00e-06
18 entries survived 
relaxed dual: -6.310456, original: 1494.595553 

57 th thresholding

  breakyes=1.3,  maxresidual < 1.00e-06
17 entries survived 
relaxed dual: -5.891938, original: 1494.063091 

58 th thresholding

  breakyes=1.0,  maxresidual < 1.00e-06
18 entries survived 
relaxed dual: -6.310456, original: 1494.595553 

59 th thresholding

  breakyes=1.3,  maxresidual < 1.00e-06
17 entries survived 
relaxed dual: -5.891938, original: 1494.063091 

60 th thresholding

  breakyes=1.0,  maxresidual < 1.00e-06
18 entries survived 
relaxed dual: -6.310456, original: 1494.595553 

61 th thresholding

  breakyes=1.3,  maxresidual < 1.00e-06
17 entries survived 
relaxed dual: -5.891938, original: 1494.063091 

62 th thresholding

  breakyes=1.0,  maxresidual < 1.00e-06
18 entries survived 
relaxed dual: -6.310456, original: 1494.595553 

63 th thresholding

  breakyes=1.3,  maxresidual < 1.00e-06
17 entries survived 
relaxed dual: -5.891938, original: 1494.063091 

64 th thresholding

  breakyes=1.0,  maxresidual < 1.00e-06
18 entries survived 
relaxed dual: -6.310456, original: 1494.595553 

65 th thresholding

  breakyes=1.3,  maxresidual < 1.00e-06
17 entries survived 
relaxed dual: -5.891938, original: 1494.063091 

66 th thresholding

  breakyes=1.0,  maxresidual < 1.00e-06
18 entries survived 
relaxed dual: -6.310456, original: 1494.595553 

67 th thresholding

  breakyes=1.3,  maxresidual < 1.00e-06
17 entries survived 
relaxed dual: -5.891938, original: 1494.063091 

68 th thresholding

  breakyes=1.0,  maxresidual < 1.00e-06
18 entries survived 
relaxed dual: -6.310456, original: 1494.595553 

69 th thresholding

  breakyes=1.3,  maxresidual < 1.00e-06
17 entries survived 
relaxed dual: -5.891938, original: 1494.063091 

70 th thresholding

  breakyes=1.0,  maxresidual < 1.00e-06
18 entries survived 
relaxed dual: -6.310456, original: 1494.595553 

71 th thresholding

  breakyes=1.3,  maxresidual < 1.00e-06
17 entries survived 
relaxed dual: -5.891938, original: 1494.063091 

72 th thresholding

  breakyes=1.0,  maxresidual < 1.00e-06
18 entries survived 
relaxed dual: -6.310456, original: 1494.595553 

73 th thresholding

  breakyes=1.3,  maxresidual < 1.00e-06
17 entries survived 
relaxed dual: -5.891938, original: 1494.063091 

74 th thresholding

  breakyes=1.0,  maxresidual < 1.00e-06
18 entries survived 
relaxed dual: -6.310456, original: 1494.595553 

75 th thresholding

  breakyes=1.3,  maxresidual < 1.00e-06
17 entries survived 
relaxed dual: -5.891938, original: 1494.063091 

76 th thresholding

  breakyes=1.0,  maxresidual < 1.00e-06
18 entries survived 
relaxed dual: -6.310456, original: 1494.595553 

77 th thresholding

  breakyes=1.3,  maxresidual < 1.00e-06
17 entries survived 
relaxed dual: -5.891938, original: 1494.063091 

78 th thresholding

  breakyes=1.0,  maxresidual < 1.00e-06
18 entries survived 
relaxed dual: -6.310456, original: 1494.595553 

79 th thresholding

  breakyes=1.3,  maxresidual < 1.00e-06
17 entries survived 
relaxed dual: -5.891938, original: 1494.063091 

80 th thresholding

  breakyes=1.0,  maxresidual < 1.00e-06
18 entries survived 
relaxed dual: -6.310456, original: 1494.595553 

81 th thresholding

  breakyes=1.3,  maxresidual < 1.00e-06
17 entries survived 
relaxed dual: -5.891938, original: 1494.063091 

82 th thresholding

  breakyes=1.0,  maxresidual < 1.00e-06
18 entries survived 
relaxed dual: -6.310456, original: 1494.595553 

83 th thresholding

  breakyes=1.3,  maxresidual < 1.00e-06
17 entries survived 
relaxed dual: -5.891938, original: 1494.063091 

84 th thresholding

  breakyes=1.0,  maxresidual < 1.00e-06
18 entries survived 
relaxed dual: -6.310456, original: 1494.595553 

85 th thresholding

  breakyes=1.3,  maxresidual < 1.00e-06
17 entries survived 
relaxed dual: -5.891938, original: 1494.063091 

86 th thresholding

  breakyes=1.0,  maxresidual < 1.00e-06
18 entries survived 
relaxed dual: -6.310456, original: 1494.595553 

87 th thresholding

  breakyes=1.3,  maxresidual < 1.00e-06
17 entries survived 
relaxed dual: -5.891938, original: 1494.063091 

88 th thresholding

  breakyes=1.0,  maxresidual < 1.00e-06
18 entries survived 
relaxed dual: -6.310456, original: 1494.595553 

89 th thresholding

  breakyes=1.3,  maxresidual < 1.00e-06
17 entries survived 
relaxed dual: -5.891938, original: 1494.063091 

90 th thresholding

  breakyes=1.0,  maxresidual < 1.00e-06
18 entries survived 
relaxed dual: -6.310456, original: 1494.595553 

91 th thresholding

  breakyes=1.3,  maxresidual < 1.00e-06
17 entries survived 
relaxed dual: -5.891938, original: 1494.063091 

92 th thresholding

  breakyes=1.0,  maxresidual < 1.00e-06
18 entries survived 
relaxed dual: -6.310456, original: 1494.595553 

93 th thresholding

  breakyes=1.3,  maxresidual < 1.00e-06
17 entries survived 
relaxed dual: -5.891938, original: 1494.063091 

94 th thresholding

  breakyes=1.0,  maxresidual < 1.00e-06
18 entries survived 
relaxed dual: -6.310456, original: 1494.595553 

95 th thresholding

  breakyes=1.3,  maxresidual < 1.00e-06
17 entries survived 
relaxed dual: -5.891938, original: 1494.063091 

96 th thresholding

  breakyes=1.0,  maxresidual < 1.00e-06
18 entries survived 
relaxed dual: -6.310456, original: 1494.595553 

97 th thresholding

  breakyes=1.3,  maxresidual < 1.00e-06
17 entries survived 
relaxed dual: -5.891938, original: 1494.063091 

98 th thresholding

  breakyes=1.0,  maxresidual < 1.00e-06
18 entries survived 
relaxed dual: -6.310456, original: 1494.595553 

99 th thresholding

  breakyes=1.3,  maxresidual < 1.00e-06
17 entries survived 
relaxed dual: -5.891938, original: 1494.063091 

100 th thresholding

  breakyes=1.0,  maxresidual < 1.00e-06
18 entries survived 
relaxed dual: -6.310456, original: 1494.595553 

ik = 

  iterative_kmeans with properties:

         data_object: [1x1 data_gaussian_ISEE_clean]
      number_cluster: 2
      omega_sparsity: 2
         init_method: 'spec'
         x_tilde_est: [300x500x100 double]
      omega_est_time: [100x1 double]
      sdp_solve_time: [100x1 double]
    entries_survived: [100x300 double]
        obj_val_prim: [100x1 double]
        obj_val_dual: [100x1 double]
    obj_val_original: [100x1 double]
         cluster_est: [101x500 double]
           iter_stop: 100


 final iteration = 100 
ans =

  101x12 table

    rep    iter    sep    dim    rho     sparsity     acc     obj_prim    obj_dual    obj_original    discov_true    discov_false
    ___    ____    ___    ___    ____    ________    _____    ________    ________    ____________    ___________    ____________

    27       0      4     300    0.35       10       0.576          0           0             0            0               0     
    27       1      4     300    0.35       10       0.664    -4.0854     -4.0854         819.7            3              45     
    27       2      4     300    0.35       10       0.766    -3.4529     -3.4528        828.01            4              23     
    27       3      4     300    0.35       10       0.896    -3.8826     -3.8826        1080.2            7              15     
    27       4      4     300    0.35       10       0.978    -6.7316     -6.7316        1453.7           10               5     
    27       5      4     300    0.35       10        0.98    -6.2214     -6.2214        1448.5           10               8     
    27       6      4     300    0.35       10       0.982    -6.0336     -6.0336        1507.9           10              11     
    27       7      4     300    0.35       10        0.98    -5.9142     -5.9142        1486.5           10               7     
    27       8      4     300    0.35       10       0.982    -6.3104     -6.3105        1494.6           10               8     
    27       9      4     300    0.35       10        0.98     -5.892     -5.8919        1494.1           10               7     
    27      10      4     300    0.35       10       0.982    -6.3104     -6.3105        1494.6           10               8     
    27      11      4     300    0.35       10        0.98     -5.892     -5.8919        1494.1           10               7     
    27      12      4     300    0.35       10       0.982    -6.3104     -6.3105        1494.6           10               8     
    27      13      4     300    0.35       10        0.98     -5.892     -5.8919        1494.1           10               7     
    27      14      4     300    0.35       10       0.982    -6.3104     -6.3105        1494.6           10               8     
    27      15      4     300    0.35       10        0.98     -5.892     -5.8919        1494.1           10               7     
    27      16      4     300    0.35       10       0.982    -6.3104     -6.3105        1494.6           10               8     
    27      17      4     300    0.35       10        0.98     -5.892     -5.8919        1494.1           10               7     
    27      18      4     300    0.35       10       0.982    -6.3104     -6.3105        1494.6           10               8     
    27      19      4     300    0.35       10        0.98     -5.892     -5.8919        1494.1           10               7     
    27      20      4     300    0.35       10       0.982    -6.3104     -6.3105        1494.6           10               8     
    27      21      4     300    0.35       10        0.98     -5.892     -5.8919        1494.1           10               7     
    27      22      4     300    0.35       10       0.982    -6.3104     -6.3105        1494.6           10               8     
    27      23      4     300    0.35       10        0.98     -5.892     -5.8919        1494.1           10               7     
    27      24      4     300    0.35       10       0.982    -6.3104     -6.3105        1494.6           10               8     
    27      25      4     300    0.35       10        0.98     -5.892     -5.8919        1494.1           10               7     
    27      26      4     300    0.35       10       0.982    -6.3104     -6.3105        1494.6           10               8     
    27      27      4     300    0.35       10        0.98     -5.892     -5.8919        1494.1           10               7     
    27      28      4     300    0.35       10       0.982    -6.3104     -6.3105        1494.6           10               8     
    27      29      4     300    0.35       10        0.98     -5.892     -5.8919        1494.1           10               7     
    27      30      4     300    0.35       10       0.982    -6.3104     -6.3105        1494.6           10               8     
    27      31      4     300    0.35       10        0.98     -5.892     -5.8919        1494.1           10               7     
    27      32      4     300    0.35       10       0.982    -6.3104     -6.3105        1494.6           10               8     
    27      33      4     300    0.35       10        0.98     -5.892     -5.8919        1494.1           10               7     
    27      34      4     300    0.35       10       0.982    -6.3104     -6.3105        1494.6           10               8     
    27      35      4     300    0.35       10        0.98     -5.892     -5.8919        1494.1           10               7     
    27      36      4     300    0.35       10       0.982    -6.3104     -6.3105        1494.6           10               8     
    27      37      4     300    0.35       10        0.98     -5.892     -5.8919        1494.1           10               7     
    27      38      4     300    0.35       10       0.982    -6.3104     -6.3105        1494.6           10               8     
    27      39      4     300    0.35       10        0.98     -5.892     -5.8919        1494.1           10               7     
    27      40      4     300    0.35       10       0.982    -6.3104     -6.3105        1494.6           10               8     
    27      41      4     300    0.35       10        0.98     -5.892     -5.8919        1494.1           10               7     
    27      42      4     300    0.35       10       0.982    -6.3104     -6.3105        1494.6           10               8     
    27      43      4     300    0.35       10        0.98     -5.892     -5.8919        1494.1           10               7     
    27      44      4     300    0.35       10       0.982    -6.3104     -6.3105        1494.6           10               8     
    27      45      4     300    0.35       10        0.98     -5.892     -5.8919        1494.1           10               7     
    27      46      4     300    0.35       10       0.982    -6.3104     -6.3105        1494.6           10               8     
    27      47      4     300    0.35       10        0.98     -5.892     -5.8919        1494.1           10               7     
    27      48      4     300    0.35       10       0.982    -6.3104     -6.3105        1494.6           10               8     
    27      49      4     300    0.35       10        0.98     -5.892     -5.8919        1494.1           10               7     
    27      50      4     300    0.35       10       0.982    -6.3104     -6.3105        1494.6           10               8     
    27      51      4     300    0.35       10        0.98     -5.892     -5.8919        1494.1           10               7     
    27      52      4     300    0.35       10       0.982    -6.3104     -6.3105        1494.6           10               8     
    27      53      4     300    0.35       10        0.98     -5.892     -5.8919        1494.1           10               7     
    27      54      4     300    0.35       10       0.982    -6.3104     -6.3105        1494.6           10               8     
    27      55      4     300    0.35       10        0.98     -5.892     -5.8919        1494.1           10               7     
    27      56      4     300    0.35       10       0.982    -6.3104     -6.3105        1494.6           10               8     
    27      57      4     300    0.35       10        0.98     -5.892     -5.8919        1494.1           10               7     
    27      58      4     300    0.35       10       0.982    -6.3104     -6.3105        1494.6           10               8     
    27      59      4     300    0.35       10        0.98     -5.892     -5.8919        1494.1           10               7     
    27      60      4     300    0.35       10       0.982    -6.3104     -6.3105        1494.6           10               8     
    27      61      4     300    0.35       10        0.98     -5.892     -5.8919        1494.1           10               7     
    27      62      4     300    0.35       10       0.982    -6.3104     -6.3105        1494.6           10               8     
    27      63      4     300    0.35       10        0.98     -5.892     -5.8919        1494.1           10               7     
    27      64      4     300    0.35       10       0.982    -6.3104     -6.3105        1494.6           10               8     
    27      65      4     300    0.35       10        0.98     -5.892     -5.8919        1494.1           10               7     
    27      66      4     300    0.35       10       0.982    -6.3104     -6.3105        1494.6           10               8     
    27      67      4     300    0.35       10        0.98     -5.892     -5.8919        1494.1           10               7     
    27      68      4     300    0.35       10       0.982    -6.3104     -6.3105        1494.6           10               8     
    27      69      4     300    0.35       10        0.98     -5.892     -5.8919        1494.1           10               7     
    27      70      4     300    0.35       10       0.982    -6.3104     -6.3105        1494.6           10               8     
    27      71      4     300    0.35       10        0.98     -5.892     -5.8919        1494.1           10               7     
    27      72      4     300    0.35       10       0.982    -6.3104     -6.3105        1494.6           10               8     
    27      73      4     300    0.35       10        0.98     -5.892     -5.8919        1494.1           10               7     
    27      74      4     300    0.35       10       0.982    -6.3104     -6.3105        1494.6           10               8     
    27      75      4     300    0.35       10        0.98     -5.892     -5.8919        1494.1           10               7     
    27      76      4     300    0.35       10       0.982    -6.3104     -6.3105        1494.6           10               8     
    27      77      4     300    0.35       10        0.98     -5.892     -5.8919        1494.1           10               7     
    27      78      4     300    0.35       10       0.982    -6.3104     -6.3105        1494.6           10               8     
    27      79      4     300    0.35       10        0.98     -5.892     -5.8919        1494.1           10               7     
    27      80      4     300    0.35       10       0.982    -6.3104     -6.3105        1494.6           10               8     
    27      81      4     300    0.35       10        0.98     -5.892     -5.8919        1494.1           10               7     
    27      82      4     300    0.35       10       0.982    -6.3104     -6.3105        1494.6           10               8     
    27      83      4     300    0.35       10        0.98     -5.892     -5.8919        1494.1           10               7     
    27      84      4     300    0.35       10       0.982    -6.3104     -6.3105        1494.6           10               8     
    27      85      4     300    0.35       10        0.98     -5.892     -5.8919        1494.1           10               7     
    27      86      4     300    0.35       10       0.982    -6.3104     -6.3105        1494.6           10               8     
    27      87      4     300    0.35       10        0.98     -5.892     -5.8919        1494.1           10               7     
    27      88      4     300    0.35       10       0.982    -6.3104     -6.3105        1494.6           10               8     
    27      89      4     300    0.35       10        0.98     -5.892     -5.8919        1494.1           10               7     
    27      90      4     300    0.35       10       0.982    -6.3104     -6.3105        1494.6           10               8     
    27      91      4     300    0.35       10        0.98     -5.892     -5.8919        1494.1           10               7     
    27      92      4     300    0.35       10       0.982    -6.3104     -6.3105        1494.6           10               8     
    27      93      4     300    0.35       10        0.98     -5.892     -5.8919        1494.1           10               7     
    27      94      4     300    0.35       10       0.982    -6.3104     -6.3105        1494.6           10               8     
    27      95      4     300    0.35       10        0.98     -5.892     -5.8919        1494.1           10               7     
    27      96      4     300    0.35       10       0.982    -6.3104     -6.3105        1494.6           10               8     
    27      97      4     300    0.35       10        0.98     -5.892     -5.8919        1494.1           10               7     
    27      98      4     300    0.35       10       0.982    -6.3104     -6.3105        1494.6           10               8     
    27      99      4     300    0.35       10        0.98     -5.892     -5.8919        1494.1           10               7     
    27     100      4     300    0.35       10       0.982    -6.3104     -6.3105        1494.6           10               8     


rep =

    28

replication: (28)th 


1 th thresholding

  breakyes=3.2,  dualfeasorg deteriorated too much: primfeasorg=1.07e-06,dualfeasorg=5.48e-05
45 entries survived 
relaxed dual: -5.003816, original: 1300.836768 

2 th thresholding

  breakyes=1.3,  maxresidual < 1.00e-06
20 entries survived 
relaxed dual: -7.714969, original: 1528.447637 

3 th thresholding

  breakyes=3.2,  dualfeasorg deteriorated too much: primfeasorg=1.36e-06,dualfeasorg=2.49e-05
20 entries survived 
relaxed dual: -8.104722, original: 1638.456563 

4 th thresholding

  breakyes=1.0,  maxresidual < 1.00e-06
19 entries survived 
relaxed dual: -7.044868, original: 1640.957547 

5 th thresholding

  breakyes=3.2,  dualfeasorg deteriorated too much: primfeasorg=9.44e-06,dualfeasorg=5.36e-05
18 entries survived 
relaxed dual: -7.067486, original: 1631.899016 

 final iteration = 5 
ans =

  6x12 table

    rep    iter    sep    dim    rho     sparsity     acc     obj_prim    obj_dual    obj_original    discov_true    discov_false
    ___    ____    ___    ___    ____    ________    _____    ________    ________    ____________    ___________    ____________

    28      0       4     300    0.35       10       0.642          0           0             0            0               0     
    28      1       4     300    0.35       10       0.858    -5.0039     -5.0038        1300.8            7              38     
    28      2       4     300    0.35       10        0.96     -7.715      -7.715        1528.4           10              10     
    28      3       4     300    0.35       10       0.966    -8.1047     -8.1047        1638.5           10              10     
    28      4       4     300    0.35       10        0.97    -7.0449     -7.0449          1641           10               9     
    28      5       4     300    0.35       10       0.978    -7.0674     -7.0675        1631.9           10               8     

